2026-05-16 16:46:43.311671: I tensorflow/core/util/port.cc:111] oneDNN custom operations are on. You may see slightly different numerical results due to floating-point round-off errors from different computation orders. To turn them off, set the environment variable `TF_ENABLE_ONEDNN_OPTS=0`.
2026-05-16 16:46:43.352237: E tensorflow/compiler/xla/stream_executor/cuda/cuda_dnn.cc:9342] Unable to register cuDNN factory: Attempting to register factory for plugin cuDNN when one has already been registered
2026-05-16 16:46:43.352390: E tensorflow/compiler/xla/stream_executor/cuda/cuda_fft.cc:609] Unable to register cuFFT factory: Attempting to register factory for plugin cuFFT when one has already been registered
2026-05-16 16:46:43.352547: E tensorflow/compiler/xla/stream_executor/cuda/cuda_blas.cc:1518] Unable to register cuBLAS factory: Attempting to register factory for plugin cuBLAS when one has already been registered
2026-05-16 16:46:43.362641: I tensorflow/core/platform/cpu_feature_guard.cc:182] This TensorFlow binary is optimized to use available CPU instructions in performance-critical operations.
To enable the following instructions: AVX2 AVX512F AVX512_VNNI FMA, in other operations, rebuild TensorFlow with the appropriate compiler flags.
AttributeError: 'MessageFactory' object has no attribute 'GetPrototype'
2026-05-16 16:46:44.572047: W tensorflow/compiler/tf2tensorrt/utils/py_utils.cc:38] TF-TRT Warning: Could not find TensorRT
AttributeError: 'MessageFactory' object has no attribute 'GetPrototype'
[info] total indices 441
[info] total variants 441
2.001 was filtered out as 41497273 C>T needs T but not covered
2.002 was filtered out as 41497273 C>T needs T but not covered
3.001 was filtered out as 41515254 C>A needs A but not covered
4.001 was filtered out as 41515262 A>G needs G but not covered
4.002 was filtered out as 41515262 A>G needs G but not covered
5.001 was filtered out as 41522714 C>T needs T but not covered
5.002 was filtered out as 41522714 C>T needs T but not covered
5.003 was filtered out as 41522714 C>T needs T but not covered
6.001 was filtered out as 41515262 A>G needs G but not covered
6.002 was filtered out as 41515262 A>G needs G but not covered
6.003 was filtered out as 41515262 A>G needs G but not covered
6.004 was filtered out as 41515262 A>G needs G but not covered
7.001 was filtered out as 41515262 A>G needs G but not covered
8.001 was filtered out as 41510281 A>G needs G but not covered
9.001 was filtered out as 41512840 G>T needs T but not covered
10.001 was filtered out as 41497273 C>T needs T but not covered
11.001 was filtered out as 41497345 A>G needs G but not covered
12.001 was filtered out as 41510029 G>A needs A but not covered
13.001 was filtered out as 41515262 A>G needs G but not covered
14.001 was filtered out as 41510285 G>A needs A but not covered
15.001 was filtered out as 41518597 T>A needs A but not covered
17.001 was filtered out as 41497285 A>T needs T but not covered
17.002 was filtered out as 41497285 A>T needs T but not covered
18.001 was filtered out as 41518220 T>C needs C but not covered
18.002 was filtered out as 41515262 A>G needs G but not covered
19.001 was filtered out as 41515262 A>G needs G but not covered
20.001 was filtered out as 41515262 A>G needs G but not covered
21.001 was filtered out as 41518707 C>A needs A but not covered
22.001 was filtered out as 41497128 T>C needs C but not covered
23.001 was filtered out as 41522630 A>G needs G but not covered
24.001 was filtered out as 41522682 G>A needs A but not covered
25.001 was filtered out as 41522709 A>T needs T but not covered
26.001 was filtered out as 41515262 A>G needs G but not covered
27.001 was filtered out as 41512917 T>C needs C but not covered
28.001 was filtered out as 41515992 C>G needs G but not covered
31.001 was filtered out as 41516012 C>A needs A but not covered
32.001 was filtered out as 41518644 G>A needs A but not covered
33.001 was filtered out as 41522714 C>A needs A but not covered
34.001 was filtered out as 41515262 A>G needs G but not covered
35.001 was filtered out as 41497128 T>C needs C but not covered
36.001 was filtered out as 41515262 A>G needs G but not covered
37.001 was filtered out as 41515262 A>G needs G but not covered
38.001 was filtered out as 41515262 A>G needs G but not covered
[filter] CYP2B6 1 => 1.001; 1.002; 1.003; 1.004; 1.005; 1.006; 1.007; 1.008; 1.009; 1.010; 1.011; 1.012; 1.013; 1.014; 1.015
[filter] valid_alleles=15
Step 0: Loss=0.1180, CN=[2.0999167]
Step 100: Loss=0.0410, CN=[2.4156842]
Step 200: Loss=0.0410, CN=[2.4169729]
Step 300: Loss=0.0410, CN=[2.4169743]
Step 400: Loss=0.0410, CN=[2.4169745]

=== Fit ===
Region 0: obs=2.549, exp=2.417, diff=+0.132 
Region 1: obs=1.812, exp=2.417, diff=-0.605 *
Region 2: obs=2.072, exp=2.417, diff=-0.345 
Region 3: obs=2.723, exp=2.417, diff=+0.306 
Region 4: obs=2.599, exp=2.417, diff=+0.182 
Region 5: obs=1.978, exp=2.417, diff=-0.439 
Region 6: obs=2.286, exp=2.417, diff=-0.131 
Region 7: obs=2.523, exp=2.417, diff=+0.106 
Region 8: obs=2.122, exp=2.417, diff=-0.295 
Region 9: obs=2.763, exp=2.417, diff=+0.346 
Region 10: obs=2.005, exp=2.417, diff=-0.412 
Region 11: obs=2.270, exp=2.417, diff=-0.147 
Region 12: obs=2.417, exp=2.417, diff=+0.000 
Region 13: obs=2.789, exp=2.417, diff=+0.372 
Region 14: obs=2.159, exp=2.417, diff=-0.258 
Region 15: obs=2.611, exp=2.417, diff=+0.194 
Region 16: obs=2.510, exp=2.417, diff=+0.093 
Region 17: obs=2.698, exp=2.417, diff=+0.281 
Region 18: obs=2.377, exp=2.417, diff=-0.040 
Region 19: obs=2.679, exp=2.417, diff=+0.262 
Region 20: obs=2.710, exp=2.417, diff=+0.293 

[Gene CN Results]
  CYP2B6: 2.42 → 2.4169745445251465
Using device: cuda

=== Running VAE with seed 42 ===
Global Pooled JS: 0.000000
Seed 42, Step    0: Loss = 204.37 (Recon: 160.95, Allele KL: 14.79, Base KL: 1243.25, Functional KL: 0.00
Global Pooled JS: 0.000000
Seed 42, Step  500: Loss = 144.60 (Recon: 99.60, Allele KL: 15.88, Base KL: 3420.68, Functional KL: 0.00
Global Pooled JS: 0.000000
Seed 42, Step 1000: Loss = 140.25 (Recon: 89.39, Allele KL: 22.38, Base KL: 3358.75, Functional KL: 0.00
Global Pooled JS: 0.000000
Seed 42, Step 1500: Loss = 144.39 (Recon: 98.39, Allele KL: 17.17, Base KL: 3497.72, Functional KL: 0.00
Global Pooled JS: 0.000000
Seed 42, Step 2000: Loss = 143.60 (Recon: 98.73, Allele KL: 16.35, Base KL: 3407.15, Functional KL: 0.00
Global Pooled JS: 0.000000
Seed 42, Step 2500: Loss = 141.07 (Recon: 88.59, Allele KL: 24.21, Base KL: 3433.59, Functional KL: 0.00

Top Variants with Coverage Mismatches:
Rank   Variant                        Expected     Observed     Diff       |Div|       
------------------------------------------------------------------------------------------
New best model with final loss: 140.30

=== Running VAE with seed 123 ===
Global Pooled JS: 0.000000
Seed 123, Step    0: Loss = 258.28 (Recon: 218.77, Allele KL: 9.87, Base KL: 1582.73, Functional KL: 0.00
Global Pooled JS: 0.000000
Seed 123, Step  500: Loss = 147.36 (Recon: 97.76, Allele KL: 21.19, Base KL: 3235.94, Functional KL: 0.00
Global Pooled JS: 0.000000
Seed 123, Step 1000: Loss = 146.95 (Recon: 99.68, Allele KL: 18.48, Base KL: 3418.45, Functional KL: 0.00
Global Pooled JS: 0.000000
Seed 123, Step 1500: Loss = 141.73 (Recon: 98.12, Allele KL: 14.47, Base KL: 3490.86, Functional KL: 0.00
Global Pooled JS: 0.000000
Seed 123, Step 2000: Loss = 139.99 (Recon: 92.74, Allele KL: 18.43, Base KL: 3396.32, Functional KL: 0.00
Global Pooled JS: 0.000000
Seed 123, Step 2500: Loss = 142.37 (Recon: 94.34, Allele KL: 19.30, Base KL: 3282.85, Functional KL: 0.00

Top Variants with Coverage Mismatches:
Rank   Variant                        Expected     Observed     Diff       |Div|       
------------------------------------------------------------------------------------------

=== Running VAE with seed 456 ===
Global Pooled JS: 0.000000
Seed 456, Step    0: Loss = 341.30 (Recon: 300.27, Allele KL: 11.52, Base KL: 1468.03, Functional KL: 0.00
Global Pooled JS: 0.000000
Seed 456, Step  500: Loss = 139.92 (Recon: 93.04, Allele KL: 18.11, Base KL: 3418.61, Functional KL: 0.00
Global Pooled JS: 0.000000
Seed 456, Step 1000: Loss = 139.86 (Recon: 95.53, Allele KL: 15.84, Base KL: 3235.02, Functional KL: 0.00
Global Pooled JS: 0.000000
Seed 456, Step 1500: Loss = 146.80 (Recon: 100.49, Allele KL: 17.35, Base KL: 3454.76, Functional KL: 0.00
Global Pooled JS: 0.000000
Seed 456, Step 2000: Loss = 144.79 (Recon: 101.63, Allele KL: 14.64, Base KL: 3395.68, Functional KL: 0.00
Global Pooled JS: 0.000000
Seed 456, Step 2500: Loss = 142.22 (Recon: 91.92, Allele KL: 21.73, Base KL: 3357.29, Functional KL: 0.00

Top Variants with Coverage Mismatches:
Rank   Variant                        Expected     Observed     Diff       |Div|       
------------------------------------------------------------------------------------------

=== Multi-Seed VAE Results ===
Best model had seed 42 with final loss: 140.30
All seeds final losses:
  Seed 42: Total=140.30 (Recon=93.28, A_KL=18.06, B_KL=3477.29) <- Best
  Seed 123: Total=150.54 (Recon=103.27, A_KL=18.28, B_KL=3529.49)
  Seed 456: Total=144.70 (Recon=97.97, A_KL=17.84, B_KL=3423.59)
[time] run_vae took 176.93s (2,572.94921875 MB; 2,572.94921875 MB)

[Raw]:
CYP2B6*1: Normalized=1.0000, Unnormalized=1.00

[Alleles]
CYP2B6*1
CYP2B6*1
	Command being timed: "python cyp.py CYP2B6 /project/shared/aldy-data/wgs/NA07000.wgs.cram"
	User time (seconds): 154.10
	System time (seconds): 33.33
	Percent of CPU this job got: 99%
	Elapsed (wall clock) time (h:mm:ss or m:ss): 3:07.91
	Average shared text size (kbytes): 0
	Average unshared data size (kbytes): 0
	Average stack size (kbytes): 0
	Average total size (kbytes): 0
	Maximum resident set size (kbytes): 2634724
	Average resident set size (kbytes): 0
	Major (requiring I/O) page faults: 1
	Minor (reclaiming a frame) page faults: 718217
	Voluntary context switches: 26569
	Involuntary context switches: 962
	Swaps: 0
	File system inputs: 0
	File system outputs: 40
	Socket messages sent: 0
	Socket messages received: 0
	Signals delivered: 0
	Page size (bytes): 4096
	Exit status: 0
