2026-05-16 16:55:58.606071: I tensorflow/core/util/port.cc:111] oneDNN custom operations are on. You may see slightly different numerical results due to floating-point round-off errors from different computation orders. To turn them off, set the environment variable `TF_ENABLE_ONEDNN_OPTS=0`.
2026-05-16 16:55:58.646922: E tensorflow/compiler/xla/stream_executor/cuda/cuda_dnn.cc:9342] Unable to register cuDNN factory: Attempting to register factory for plugin cuDNN when one has already been registered
2026-05-16 16:55:58.647014: E tensorflow/compiler/xla/stream_executor/cuda/cuda_fft.cc:609] Unable to register cuFFT factory: Attempting to register factory for plugin cuFFT when one has already been registered
2026-05-16 16:55:58.647079: E tensorflow/compiler/xla/stream_executor/cuda/cuda_blas.cc:1518] Unable to register cuBLAS factory: Attempting to register factory for plugin cuBLAS when one has already been registered
2026-05-16 16:55:58.656591: I tensorflow/core/platform/cpu_feature_guard.cc:182] This TensorFlow binary is optimized to use available CPU instructions in performance-critical operations.
To enable the following instructions: AVX2 AVX512F AVX512_VNNI FMA, in other operations, rebuild TensorFlow with the appropriate compiler flags.
AttributeError: 'MessageFactory' object has no attribute 'GetPrototype'
2026-05-16 16:55:59.817754: W tensorflow/compiler/tf2tensorrt/utils/py_utils.cc:38] TF-TRT Warning: Could not find TensorRT
AttributeError: 'MessageFactory' object has no attribute 'GetPrototype'
[info] total indices 441
[info] total variants 441
2.001 was filtered out as 41497273 C>T needs T but not covered
2.002 was filtered out as 41497273 C>T needs T but not covered
3.001 was filtered out as 41515254 C>A needs A but not covered
4.001 was filtered out as 41515262 A>G needs G but not covered
4.002 was filtered out as 41515262 A>G needs G but not covered
5.001 was filtered out as 41522714 C>T needs T but not covered
5.002 was filtered out as 41522714 C>T needs T but not covered
5.003 was filtered out as 41522714 C>T needs T but not covered
6.001 was filtered out as 41515262 A>G needs G but not covered
6.002 was filtered out as 41515262 A>G needs G but not covered
6.003 was filtered out as 41515262 A>G needs G but not covered
6.004 was filtered out as 41515262 A>G needs G but not covered
7.001 was filtered out as 41515262 A>G needs G but not covered
8.001 was filtered out as 41510281 A>G needs G but not covered
9.001 was filtered out as 41512840 G>T needs T but not covered
10.001 was filtered out as 41497273 C>T needs T but not covered
11.001 was filtered out as 41497345 A>G needs G but not covered
12.001 was filtered out as 41510029 G>A needs A but not covered
13.001 was filtered out as 41515262 A>G needs G but not covered
14.001 was filtered out as 41510285 G>A needs A but not covered
15.001 was filtered out as 41518597 T>A needs A but not covered
17.001 was filtered out as 41497285 A>T needs T but not covered
17.002 was filtered out as 41497285 A>T needs T but not covered
18.001 was filtered out as 41518220 T>C needs C but not covered
18.002 was filtered out as 41515262 A>G needs G but not covered
19.001 was filtered out as 41515262 A>G needs G but not covered
20.001 was filtered out as 41515262 A>G needs G but not covered
21.001 was filtered out as 41518707 C>A needs A but not covered
22.001 was filtered out as 41497128 T>C needs C but not covered
23.001 was filtered out as 41522630 A>G needs G but not covered
24.001 was filtered out as 41522682 G>A needs A but not covered
25.001 was filtered out as 41522709 A>T needs T but not covered
26.001 was filtered out as 41515262 A>G needs G but not covered
27.001 was filtered out as 41512917 T>C needs C but not covered
28.001 was filtered out as 41515992 C>G needs G but not covered
31.001 was filtered out as 41516012 C>A needs A but not covered
32.001 was filtered out as 41518644 G>A needs A but not covered
33.001 was filtered out as 41522714 C>A needs A but not covered
34.001 was filtered out as 41515262 A>G needs G but not covered
35.001 was filtered out as 41497128 T>C needs C but not covered
36.001 was filtered out as 41515262 A>G needs G but not covered
37.001 was filtered out as 41515262 A>G needs G but not covered
38.001 was filtered out as 41515262 A>G needs G but not covered
[filter] CYP2B6 1 => 1.001; 1.002; 1.003; 1.004; 1.005; 1.006; 1.007; 1.008; 1.009; 1.010; 1.011; 1.012; 1.013; 1.014; 1.015
[filter] valid_alleles=15
Step 0: Loss=0.0624, CN=[2.0999167]
Step 100: Loss=0.0208, CN=[2.2897904]
Step 200: Loss=0.0208, CN=[2.290297]
Step 300: Loss=0.0208, CN=[2.2903008]
Step 400: Loss=0.0208, CN=[2.290301]

=== Fit ===
Region 0: obs=2.185, exp=2.290, diff=-0.105 
Region 1: obs=1.869, exp=2.290, diff=-0.421 
Region 2: obs=1.919, exp=2.290, diff=-0.371 
Region 3: obs=2.221, exp=2.290, diff=-0.070 
Region 4: obs=2.402, exp=2.290, diff=+0.112 
Region 5: obs=2.271, exp=2.290, diff=-0.019 
Region 6: obs=2.163, exp=2.290, diff=-0.128 
Region 7: obs=2.148, exp=2.290, diff=-0.142 
Region 8: obs=2.395, exp=2.290, diff=+0.105 
Region 9: obs=2.149, exp=2.290, diff=-0.141 
Region 10: obs=2.535, exp=2.290, diff=+0.245 
Region 11: obs=2.353, exp=2.290, diff=+0.063 
Region 12: obs=2.443, exp=2.290, diff=+0.153 
Region 13: obs=2.317, exp=2.290, diff=+0.027 
Region 14: obs=2.430, exp=2.290, diff=+0.139 
Region 15: obs=2.612, exp=2.290, diff=+0.322 
Region 16: obs=2.568, exp=2.290, diff=+0.278 
Region 17: obs=2.414, exp=2.290, diff=+0.124 
Region 18: obs=1.990, exp=2.290, diff=-0.300 
Region 19: obs=2.183, exp=2.290, diff=-0.107 
Region 20: obs=2.527, exp=2.290, diff=+0.236 

[Gene CN Results]
  CYP2B6: 2.29 → 2.2903010845184326
Using device: cuda

=== Running VAE with seed 42 ===
Global Pooled JS: 0.000000
Seed 42, Step    0: Loss = 632.42 (Recon: 586.28, Allele KL: 17.46, Base KL: 1546.63, Functional KL: 0.00
Global Pooled JS: 0.000000
Seed 42, Step  500: Loss = 253.42 (Recon: 193.69, Allele KL: 31.46, Base KL: 2672.36, Functional KL: 0.00
Global Pooled JS: 0.000000
Seed 42, Step 1000: Loss = 253.96 (Recon: 193.79, Allele KL: 32.09, Base KL: 2645.81, Functional KL: 0.00
Global Pooled JS: 0.000000
Seed 42, Step 1500: Loss = 258.12 (Recon: 208.65, Allele KL: 20.77, Base KL: 2670.59, Functional KL: 0.00
Global Pooled JS: 0.000000
Seed 42, Step 2000: Loss = 255.59 (Recon: 195.96, Allele KL: 31.52, Base KL: 2648.98, Functional KL: 0.00
Global Pooled JS: 0.000000
Seed 42, Step 2500: Loss = 245.96 (Recon: 191.49, Allele KL: 26.25, Base KL: 2664.39, Functional KL: 0.00

Top Variants with Coverage Mismatches:
Rank   Variant                        Expected     Observed     Diff       |Div|       
------------------------------------------------------------------------------------------
New best model with final loss: 261.23

=== Running VAE with seed 123 ===
Global Pooled JS: 0.000000
Seed 123, Step    0: Loss = 532.61 (Recon: 488.69, Allele KL: 13.93, Base KL: 1911.36, Functional KL: 0.00
Global Pooled JS: 0.000000
Seed 123, Step  500: Loss = 262.35 (Recon: 209.75, Allele KL: 23.85, Base KL: 2693.50, Functional KL: 0.00
Global Pooled JS: 0.000000
Seed 123, Step 1000: Loss = 255.63 (Recon: 201.37, Allele KL: 25.63, Base KL: 2693.81, Functional KL: 0.00
Global Pooled JS: 0.000000
Seed 123, Step 1500: Loss = 249.27 (Recon: 198.83, Allele KL: 21.97, Base KL: 2695.19, Functional KL: 0.00
Global Pooled JS: 0.000000
Seed 123, Step 2000: Loss = 258.89 (Recon: 210.66, Allele KL: 19.52, Base KL: 2705.41, Functional KL: 0.00
Global Pooled JS: 0.000000
Seed 123, Step 2500: Loss = 256.95 (Recon: 205.68, Allele KL: 22.70, Base KL: 2694.84, Functional KL: 0.00

Top Variants with Coverage Mismatches:
Rank   Variant                        Expected     Observed     Diff       |Div|       
------------------------------------------------------------------------------------------

=== Running VAE with seed 456 ===
Global Pooled JS: 0.000000
Seed 456, Step    0: Loss = 547.91 (Recon: 501.74, Allele KL: 15.88, Base KL: 1915.11, Functional KL: 0.00
Global Pooled JS: 0.000000
Seed 456, Step  500: Loss = 255.46 (Recon: 192.36, Allele KL: 35.03, Base KL: 2644.68, Functional KL: 0.00
Global Pooled JS: 0.000000
Seed 456, Step 1000: Loss = 248.82 (Recon: 191.96, Allele KL: 28.72, Base KL: 2638.89, Functional KL: 0.00
Global Pooled JS: 0.000000
Seed 456, Step 1500: Loss = 249.55 (Recon: 195.83, Allele KL: 25.33, Base KL: 2672.12, Functional KL: 0.00
Global Pooled JS: 0.000000
Seed 456, Step 2000: Loss = 255.56 (Recon: 202.22, Allele KL: 25.26, Base KL: 2687.19, Functional KL: 0.00
Global Pooled JS: 0.000000
Seed 456, Step 2500: Loss = 253.67 (Recon: 198.24, Allele KL: 27.09, Base KL: 2637.68, Functional KL: 0.00

Top Variants with Coverage Mismatches:
Rank   Variant                        Expected     Observed     Diff       |Div|       
------------------------------------------------------------------------------------------
New best model with final loss: 250.45

=== Multi-Seed VAE Results ===
Best model had seed 456 with final loss: 250.45
All seeds final losses:
  Seed 42: Total=261.23 (Recon=207.80, A_KL=25.17, B_KL=2523.94)
  Seed 123: Total=267.25 (Recon=218.05, A_KL=20.55, B_KL=2702.26)
  Seed 456: Total=250.45 (Recon=196.15, A_KL=25.90, B_KL=2689.87) <- Best
[time] run_vae took 173.42s (2,578.59375 MB; 2,578.59375 MB)

[Raw]:
CYP2B6*1: Normalized=1.0000, Unnormalized=1.00

[Alleles]
CYP2B6*1
CYP2B6*1
	Command being timed: "python cyp.py CYP2B6 /project/shared/aldy-data/wgs/NA11993.wgs.cram"
	User time (seconds): 150.89
	System time (seconds): 31.23
	Percent of CPU this job got: 99%
	Elapsed (wall clock) time (h:mm:ss or m:ss): 3:02.70
	Average shared text size (kbytes): 0
	Average unshared data size (kbytes): 0
	Average stack size (kbytes): 0
	Average total size (kbytes): 0
	Maximum resident set size (kbytes): 2640504
	Average resident set size (kbytes): 0
	Major (requiring I/O) page faults: 0
	Minor (reclaiming a frame) page faults: 703121
	Voluntary context switches: 25037
	Involuntary context switches: 4085
	Swaps: 0
	File system inputs: 0
	File system outputs: 40
	Socket messages sent: 0
	Socket messages received: 0
	Signals delivered: 0
	Page size (bytes): 4096
	Exit status: 0
