2026-05-16 16:53:01.175599: I tensorflow/core/util/port.cc:111] oneDNN custom operations are on. You may see slightly different numerical results due to floating-point round-off errors from different computation orders. To turn them off, set the environment variable `TF_ENABLE_ONEDNN_OPTS=0`.
2026-05-16 16:53:01.219302: E tensorflow/compiler/xla/stream_executor/cuda/cuda_dnn.cc:9342] Unable to register cuDNN factory: Attempting to register factory for plugin cuDNN when one has already been registered
2026-05-16 16:53:01.219993: E tensorflow/compiler/xla/stream_executor/cuda/cuda_fft.cc:609] Unable to register cuFFT factory: Attempting to register factory for plugin cuFFT when one has already been registered
2026-05-16 16:53:01.220067: E tensorflow/compiler/xla/stream_executor/cuda/cuda_blas.cc:1518] Unable to register cuBLAS factory: Attempting to register factory for plugin cuBLAS when one has already been registered
2026-05-16 16:53:01.230806: I tensorflow/core/platform/cpu_feature_guard.cc:182] This TensorFlow binary is optimized to use available CPU instructions in performance-critical operations.
To enable the following instructions: AVX2 AVX512F AVX512_VNNI FMA, in other operations, rebuild TensorFlow with the appropriate compiler flags.
AttributeError: 'MessageFactory' object has no attribute 'GetPrototype'
2026-05-16 16:53:02.543132: W tensorflow/compiler/tf2tensorrt/utils/py_utils.cc:38] TF-TRT Warning: Could not find TensorRT
AttributeError: 'MessageFactory' object has no attribute 'GetPrototype'
[info] total indices 441
[info] total variants 441
2.001 was filtered out as 41497273 C>T needs T but not covered
2.002 was filtered out as 41497273 C>T needs T but not covered
3.001 was filtered out as 41515254 C>A needs A but not covered
4.001 was filtered out as 41515262 A>G needs G but not covered
4.002 was filtered out as 41515262 A>G needs G but not covered
5.001 was filtered out as 41522714 C>T needs T but not covered
5.002 was filtered out as 41522714 C>T needs T but not covered
5.003 was filtered out as 41522714 C>T needs T but not covered
6.001 was filtered out as 41515262 A>G needs G but not covered
6.002 was filtered out as 41515262 A>G needs G but not covered
6.003 was filtered out as 41515262 A>G needs G but not covered
6.004 was filtered out as 41515262 A>G needs G but not covered
7.001 was filtered out as 41515262 A>G needs G but not covered
8.001 was filtered out as 41510281 A>G needs G but not covered
9.001 was filtered out as 41512840 G>T needs T but not covered
10.001 was filtered out as 41497273 C>T needs T but not covered
11.001 was filtered out as 41497345 A>G needs G but not covered
12.001 was filtered out as 41510029 G>A needs A but not covered
13.001 was filtered out as 41515262 A>G needs G but not covered
14.001 was filtered out as 41510285 G>A needs A but not covered
17.001 was filtered out as 41497285 A>T needs T but not covered
17.002 was filtered out as 41497285 A>T needs T but not covered
18.001 was filtered out as 41518220 T>C needs C but not covered
18.002 was filtered out as 41515262 A>G needs G but not covered
19.001 was filtered out as 41515262 A>G needs G but not covered
20.001 was filtered out as 41515262 A>G needs G but not covered
21.001 was filtered out as 41518707 C>A needs A but not covered
22.001 was filtered out as 41497128 T>C needs C but not covered
23.001 was filtered out as 41522630 A>G needs G but not covered
24.001 was filtered out as 41522682 G>A needs A but not covered
25.001 was filtered out as 41522709 A>T needs T but not covered
26.001 was filtered out as 41515262 A>G needs G but not covered
27.001 was filtered out as 41512917 T>C needs C but not covered
28.001 was filtered out as 41515992 C>G needs G but not covered
31.001 was filtered out as 41516012 C>A needs A but not covered
32.001 was filtered out as 41518644 G>A needs A but not covered
33.001 was filtered out as 41522714 C>A needs A but not covered
34.001 was filtered out as 41515262 A>G needs G but not covered
35.001 was filtered out as 41497128 T>C needs C but not covered
36.001 was filtered out as 41515262 A>G needs G but not covered
37.001 was filtered out as 41515262 A>G needs G but not covered
38.001 was filtered out as 41515262 A>G needs G but not covered
[filter] CYP2B6 1 => 1.001; 1.002; 1.003; 1.004; 1.005; 1.006; 1.007; 1.008; 1.009; 1.010; 1.011; 1.012; 1.013; 1.014; 1.015
[filter] CYP2B6 15 => 15.001
[filter] valid_alleles=16
Step 0: Loss=0.0979, CN=[2.0999167]
Step 100: Loss=0.0288, CN=[2.3856046]
Step 200: Loss=0.0288, CN=[2.3855526]
Step 300: Loss=0.0288, CN=[2.3855608]
Step 400: Loss=0.0288, CN=[2.3855608]

=== Fit ===
Region 0: obs=2.648, exp=2.386, diff=+0.262 
Region 1: obs=2.552, exp=2.386, diff=+0.166 
Region 2: obs=2.222, exp=2.386, diff=-0.164 
Region 3: obs=2.270, exp=2.386, diff=-0.115 
Region 4: obs=2.560, exp=2.386, diff=+0.174 
Region 5: obs=2.433, exp=2.386, diff=+0.047 
Region 6: obs=2.409, exp=2.386, diff=+0.023 
Region 7: obs=2.352, exp=2.386, diff=-0.033 
Region 8: obs=2.490, exp=2.386, diff=+0.105 
Region 9: obs=2.300, exp=2.386, diff=-0.086 
Region 10: obs=1.961, exp=2.386, diff=-0.425 
Region 11: obs=2.088, exp=2.386, diff=-0.298 
Region 12: obs=2.263, exp=2.386, diff=-0.122 
Region 13: obs=2.331, exp=2.386, diff=-0.055 
Region 14: obs=1.949, exp=2.386, diff=-0.436 
Region 15: obs=3.000, exp=2.386, diff=+0.615 *
Region 16: obs=2.651, exp=2.386, diff=+0.266 
Region 17: obs=2.540, exp=2.386, diff=+0.155 
Region 18: obs=2.633, exp=2.386, diff=+0.248 
Region 19: obs=2.306, exp=2.386, diff=-0.079 
Region 20: obs=2.252, exp=2.386, diff=-0.133 

[Gene CN Results]
  CYP2B6: 2.39 → 2.3855607509613037
Using device: cuda

=== Running VAE with seed 42 ===
Global Pooled JS: 0.183369
Seed 42, Step    0: Loss = 2051.32 (Recon: 904.19, Allele KL: 18.32, Base KL: 2432.43, Functional KL: 0.18
Global Pooled JS: 0.002979
Seed 42, Step  500: Loss = 271.20 (Recon: 179.76, Allele KL: 41.53, Base KL: 8146.22, Functional KL: 0.00
Global Pooled JS: 0.000953
Seed 42, Step 1000: Loss = 255.02 (Recon: 185.69, Allele KL: 31.51, Base KL: 8156.14, Functional KL: 0.00
Global Pooled JS: 0.004495
Seed 42, Step 1500: Loss = 296.84 (Recon: 212.04, Allele KL: 25.17, Base KL: 8243.03, Functional KL: 0.00
Global Pooled JS: 0.000892
Seed 42, Step 2000: Loss = 256.70 (Recon: 190.41, Allele KL: 28.60, Base KL: 8190.83, Functional KL: 0.00
Global Pooled JS: 0.000951
Seed 42, Step 2500: Loss = 247.42 (Recon: 183.80, Allele KL: 25.49, Base KL: 8229.73, Functional KL: 0.00

Top Variants with Coverage Mismatches:
Rank   Variant                        Expected     Observed     Diff       |Div|       
------------------------------------------------------------------------------------------
1      CYP2B6:41518597→C              0.03         0.00         0.03       0.000182    
2      CYP2B6:41518597→M              0.02         0.00         0.02       0.000179    
3      CYP2B6:41518597→G              0.02         0.00         0.02       0.000179    
4      CYP2B6:41518597→P              0.02         0.00         0.02       0.000178    
5      CYP2B6:41518597→N              0.02         0.00         0.02       0.000176    
6      CYP2B6:41518597→T              22.28        28.00        -5.72      0.000151    
7      CYP2B6:41518597→A              25.29        29.00        -3.71      0.000111    
New best model with final loss: 266.70

=== Running VAE with seed 123 ===
Global Pooled JS: 0.216544
Seed 123, Step    0: Loss = 2309.39 (Recon: 967.55, Allele KL: 13.86, Base KL: 2859.95, Functional KL: 0.22
Global Pooled JS: 0.001446
Seed 123, Step  500: Loss = 263.89 (Recon: 190.53, Allele KL: 32.11, Base KL: 8423.27, Functional KL: 0.00
Global Pooled JS: 0.002248
Seed 123, Step 1000: Loss = 265.07 (Recon: 183.80, Allele KL: 35.57, Base KL: 8188.21, Functional KL: 0.00
Global Pooled JS: 0.000881
Seed 123, Step 1500: Loss = 257.30 (Recon: 183.47, Allele KL: 36.34, Base KL: 8237.66, Functional KL: 0.00
Global Pooled JS: 0.000875
Seed 123, Step 2000: Loss = 258.61 (Recon: 187.70, Allele KL: 33.28, Base KL: 8261.62, Functional KL: 0.00
Global Pooled JS: 0.001656
Seed 123, Step 2500: Loss = 271.18 (Recon: 203.17, Allele KL: 25.43, Base KL: 8253.05, Functional KL: 0.00

Top Variants with Coverage Mismatches:
Rank   Variant                        Expected     Observed     Diff       |Div|       
------------------------------------------------------------------------------------------
1      CYP2B6:41518597→C              0.02         0.00         0.02       0.000174    
2      CYP2B6:41518597→M              0.02         0.00         0.02       0.000172    
3      CYP2B6:41518597→P              0.02         0.00         0.02       0.000172    
4      CYP2B6:41518597→N              0.02         0.00         0.02       0.000170    
5      CYP2B6:41518597→G              0.02         0.00         0.02       0.000167    
6      CYP2B6:41518597→A              23.77        29.00        -5.23      0.000026    
7      CYP2B6:41518597→T              23.79        28.00        -4.21      0.000015    
New best model with final loss: 260.67

=== Running VAE with seed 456 ===
Global Pooled JS: 0.193236
Seed 456, Step    0: Loss = 2436.34 (Recon: 1232.39, Allele KL: 16.07, Base KL: 2548.10, Functional KL: 0.19
Global Pooled JS: 0.000872
Seed 456, Step  500: Loss = 254.98 (Recon: 187.91, Allele KL: 29.59, Base KL: 8240.93, Functional KL: 0.00
Global Pooled JS: 0.000968
Seed 456, Step 1000: Loss = 251.94 (Recon: 185.60, Allele KL: 28.21, Base KL: 8231.05, Functional KL: 0.00
Global Pooled JS: 0.004084
Seed 456, Step 1500: Loss = 272.46 (Recon: 189.97, Allele KL: 25.34, Base KL: 8273.31, Functional KL: 0.00
Global Pooled JS: 0.000908
Seed 456, Step 2000: Loss = 252.99 (Recon: 182.10, Allele KL: 33.28, Base KL: 8159.07, Functional KL: 0.00
Global Pooled JS: 0.000888
Seed 456, Step 2500: Loss = 250.35 (Recon: 186.40, Allele KL: 26.13, Base KL: 8236.43, Functional KL: 0.00

Top Variants with Coverage Mismatches:
Rank   Variant                        Expected     Observed     Diff       |Div|       
------------------------------------------------------------------------------------------
1      CYP2B6:41518597→T              22.06        28.00        -5.94      0.000214    
2      CYP2B6:41518597→P              0.03         0.00         0.03       0.000185    
3      CYP2B6:41518597→M              0.03         0.00         0.03       0.000183    
4      CYP2B6:41518597→G              0.02         0.00         0.02       0.000180    
5      CYP2B6:41518597→C              0.02         0.00         0.02       0.000179    
6      CYP2B6:41518597→N              0.02         0.00         0.02       0.000178    
7      CYP2B6:41518597→A              25.50        29.00        -3.50      0.000161    
New best model with final loss: 259.07

=== Multi-Seed VAE Results ===
Best model had seed 456 with final loss: 259.07
All seeds final losses:
  Seed 42: Total=266.70 (Recon=194.65, A_KL=29.56, B_KL=8211.77)
  Seed 123: Total=260.67 (Recon=190.79, A_KL=29.37, B_KL=8255.41)
  Seed 456: Total=259.07 (Recon=187.77, A_KL=29.07, B_KL=8290.59) <- Best
[time] run_vae took 170.13s (2,604.40234375 MB; 2,604.40234375 MB)

[Raw]:
CYP2B6*15: Normalized=0.5381, Unnormalized=0.54
CYP2B6*1: Normalized=0.4619, Unnormalized=0.46

[Alleles]
CYP2B6*15
CYP2B6*1
	Command being timed: "python cyp.py CYP2B6 /project/shared/aldy-data/wgs/NA11839.wgs.cram"
	User time (seconds): 152.36
	System time (seconds): 29.00
	Percent of CPU this job got: 99%
	Elapsed (wall clock) time (h:mm:ss or m:ss): 3:02.03
	Average shared text size (kbytes): 0
	Average unshared data size (kbytes): 0
	Average stack size (kbytes): 0
	Average total size (kbytes): 0
	Maximum resident set size (kbytes): 2666944
	Average resident set size (kbytes): 0
	Major (requiring I/O) page faults: 0
	Minor (reclaiming a frame) page faults: 782286
	Voluntary context switches: 22927
	Involuntary context switches: 216
	Swaps: 0
	File system inputs: 0
	File system outputs: 40
	Socket messages sent: 0
	Socket messages received: 0
	Signals delivered: 0
	Page size (bytes): 4096
	Exit status: 0
