2026-05-16 17:08:17.089593: I tensorflow/core/util/port.cc:111] oneDNN custom operations are on. You may see slightly different numerical results due to floating-point round-off errors from different computation orders. To turn them off, set the environment variable `TF_ENABLE_ONEDNN_OPTS=0`.
2026-05-16 17:08:17.128287: E tensorflow/compiler/xla/stream_executor/cuda/cuda_dnn.cc:9342] Unable to register cuDNN factory: Attempting to register factory for plugin cuDNN when one has already been registered
2026-05-16 17:08:17.128458: E tensorflow/compiler/xla/stream_executor/cuda/cuda_fft.cc:609] Unable to register cuFFT factory: Attempting to register factory for plugin cuFFT when one has already been registered
2026-05-16 17:08:17.128591: E tensorflow/compiler/xla/stream_executor/cuda/cuda_blas.cc:1518] Unable to register cuBLAS factory: Attempting to register factory for plugin cuBLAS when one has already been registered
2026-05-16 17:08:17.137537: I tensorflow/core/platform/cpu_feature_guard.cc:182] This TensorFlow binary is optimized to use available CPU instructions in performance-critical operations.
To enable the following instructions: AVX2 AVX512F AVX512_VNNI FMA, in other operations, rebuild TensorFlow with the appropriate compiler flags.
AttributeError: 'MessageFactory' object has no attribute 'GetPrototype'
2026-05-16 17:08:18.404688: W tensorflow/compiler/tf2tensorrt/utils/py_utils.cc:38] TF-TRT Warning: Could not find TensorRT
AttributeError: 'MessageFactory' object has no attribute 'GetPrototype'
[info] total indices 441
[info] total variants 441
2.001 was filtered out as 41497273 C>T needs T but not covered
2.002 was filtered out as 41497273 C>T needs T but not covered
3.001 was filtered out as 41515254 C>A needs A but not covered
5.001 was filtered out as 41522714 C>T needs T but not covered
5.002 was filtered out as 41522714 C>T needs T but not covered
5.003 was filtered out as 41522714 C>T needs T but not covered
7.001 was filtered out as 41522714 C>T needs T but not covered
8.001 was filtered out as 41510281 A>G needs G but not covered
10.001 was filtered out as 41497273 C>T needs T but not covered
11.001 was filtered out as 41497345 A>G needs G but not covered
12.001 was filtered out as 41510029 G>A needs A but not covered
13.001 was filtered out as 41510281 A>G needs G but not covered
14.001 was filtered out as 41510285 G>A needs A but not covered
15.001 was filtered out as 41518597 T>A needs A but not covered
17.001 was filtered out as 41497285 A>T needs T but not covered
17.002 was filtered out as 41497285 A>T needs T but not covered
18.001 was filtered out as 41518220 T>C needs C but not covered
18.002 was filtered out as 41518220 T>C needs C but not covered
19.001 was filtered out as 41518243 C>T needs T but not covered
20.001 was filtered out as 41512827 C>T needs T but not covered
21.001 was filtered out as 41518707 C>A needs A but not covered
22.001 was filtered out as 41497128 T>C needs C but not covered
23.001 was filtered out as 41522630 A>G needs G but not covered
24.001 was filtered out as 41522682 G>A needs A but not covered
25.001 was filtered out as 41522709 A>T needs T but not covered
26.001 was filtered out as 41512823 C>G needs G but not covered
27.001 was filtered out as 41512917 T>C needs C but not covered
28.001 was filtered out as 41515992 C>G needs G but not covered
31.001 was filtered out as 41516012 C>A needs A but not covered
32.001 was filtered out as 41518644 G>A needs A but not covered
33.001 was filtered out as 41522714 C>A needs A but not covered
34.001 was filtered out as 41497128 T>C needs C but not covered
35.001 was filtered out as 41497128 T>C needs C but not covered
36.001 was filtered out as 41497128 T>C needs C but not covered
37.001 was filtered out as 41512872 T>G needs G but not covered
38.001 was filtered out as 41509919 T>A needs A but not covered
[filter] CYP2B6 1 => 1.001; 1.002; 1.003; 1.004; 1.005; 1.006; 1.007; 1.008; 1.009; 1.010; 1.011; 1.012; 1.013; 1.014; 1.015
[filter] CYP2B6 4 => 4.001; 4.002
[filter] CYP2B6 6 => 6.001; 6.002; 6.003; 6.004
[filter] CYP2B6 9 => 9.001
[filter] valid_alleles=22
Step 0: Loss=0.0277, CN=[1.9000832]
Step 100: Loss=0.0264, CN=[1.9476126]
Step 200: Loss=0.0264, CN=[1.9477503]
Step 300: Loss=0.0264, CN=[1.9477521]
Step 400: Loss=0.0264, CN=[1.9477526]

=== Fit ===
Region 0: obs=2.064, exp=1.948, diff=+0.117 
Region 1: obs=1.598, exp=1.948, diff=-0.350 
Region 2: obs=1.695, exp=1.948, diff=-0.253 
Region 3: obs=2.060, exp=1.948, diff=+0.113 
Region 4: obs=1.822, exp=1.948, diff=-0.126 
Region 5: obs=2.047, exp=1.948, diff=+0.099 
Region 6: obs=2.263, exp=1.948, diff=+0.316 
Region 7: obs=2.035, exp=1.948, diff=+0.087 
Region 8: obs=2.577, exp=1.948, diff=+0.629 *
Region 9: obs=1.911, exp=1.948, diff=-0.037 
Region 10: obs=1.572, exp=1.948, diff=-0.376 
Region 11: obs=1.645, exp=1.948, diff=-0.303 
Region 12: obs=2.123, exp=1.948, diff=+0.175 
Region 13: obs=2.036, exp=1.948, diff=+0.089 
Region 14: obs=1.971, exp=1.948, diff=+0.023 
Region 15: obs=1.876, exp=1.948, diff=-0.072 
Region 16: obs=2.037, exp=1.948, diff=+0.089 
Region 17: obs=2.098, exp=1.948, diff=+0.150 
Region 18: obs=1.697, exp=1.948, diff=-0.251 
Region 19: obs=2.034, exp=1.948, diff=+0.086 
Region 20: obs=1.870, exp=1.948, diff=-0.078 

[Gene CN Results]
  CYP2B6: 1.95 → 1.9477521181106567
Using device: cuda

=== Running VAE with seed 42 ===
Global Pooled JS: 0.038663
Seed 42, Step    0: Loss = 595.63 (Recon: 320.03, Allele KL: 13.54, Base KL: 3437.27, Functional KL: 0.04
Global Pooled JS: 0.007270
Seed 42, Step  500: Loss = 259.42 (Recon: 152.48, Allele KL: 29.57, Base KL: 9411.72, Functional KL: 0.01
Global Pooled JS: 0.006919
Seed 42, Step 1000: Loss = 251.50 (Recon: 148.24, Allele KL: 28.25, Base KL: 9466.46, Functional KL: 0.01
Global Pooled JS: 0.007256
Seed 42, Step 1500: Loss = 251.76 (Recon: 145.83, Allele KL: 28.58, Base KL: 9642.12, Functional KL: 0.01
Global Pooled JS: 0.006830
Seed 42, Step 2000: Loss = 253.21 (Recon: 147.53, Allele KL: 30.86, Base KL: 9683.54, Functional KL: 0.01
Global Pooled JS: 0.007078
Seed 42, Step 2500: Loss = 249.22 (Recon: 141.33, Allele KL: 32.22, Base KL: 9495.63, Functional KL: 0.01

Top Variants with Coverage Mismatches:
Rank   Variant                        Expected     Observed     Diff       |Div|       
------------------------------------------------------------------------------------------
1      CYP2B6:41512840→T              17.75        21.00        -3.25      0.002084    
2      CYP2B6:41515262→A              28.08        21.00        7.08       0.001330    
3      CYP2B6:41515262→G              15.37        11.00        4.37       0.001080    
4      CYP2B6:41512840→G              25.69        26.00        -0.31      0.000487    
5      CYP2B6:41512840→P              0.04         0.00         0.04       0.000166    
6      CYP2B6:41512840→C              0.04         0.00         0.04       0.000163    
7      CYP2B6:41512840→A              0.04         0.00         0.04       0.000163    
8      CYP2B6:41512840→M              0.04         0.00         0.04       0.000162    
9      CYP2B6:41512840→N              0.04         0.00         0.04       0.000161    
10     CYP2B6:41515262→M              0.04         0.00         0.04       0.000156    
11     CYP2B6:41515262→P              0.04         0.00         0.04       0.000156    
12     CYP2B6:41515262→C              0.04         0.00         0.04       0.000153    
13     CYP2B6:41515262→T              0.04         0.00         0.04       0.000153    
14     CYP2B6:41515262→N              0.04         0.00         0.04       0.000149    
New best model with final loss: 265.30

=== Running VAE with seed 123 ===
Global Pooled JS: 0.029760
Seed 123, Step    0: Loss = 418.76 (Recon: 189.09, Allele KL: 21.89, Base KL: 2714.07, Functional KL: 0.03
Global Pooled JS: 0.007955
Seed 123, Step  500: Loss = 257.11 (Recon: 137.28, Allele KL: 39.29, Base KL: 9289.24, Functional KL: 0.01
Global Pooled JS: 0.007057
Seed 123, Step 1000: Loss = 248.24 (Recon: 142.46, Allele KL: 30.27, Base KL: 9382.47, Functional KL: 0.01
Global Pooled JS: 0.008458
Seed 123, Step 1500: Loss = 260.47 (Recon: 147.67, Allele KL: 28.25, Base KL: 9562.11, Functional KL: 0.01
Global Pooled JS: 0.006853
Seed 123, Step 2000: Loss = 247.90 (Recon: 145.77, Allele KL: 27.68, Base KL: 9372.30, Functional KL: 0.01
Global Pooled JS: 0.007592
Seed 123, Step 2500: Loss = 253.29 (Recon: 146.63, Allele KL: 27.31, Base KL: 9734.39, Functional KL: 0.01

Top Variants with Coverage Mismatches:
Rank   Variant                        Expected     Observed     Diff       |Div|       
------------------------------------------------------------------------------------------
1      CYP2B6:41512840→T              17.17        21.00        -3.83      0.002597    
2      CYP2B6:41515262→A              28.26        21.00        7.26       0.001421    
3      CYP2B6:41515262→G              15.20        11.00        4.20       0.000973    
4      CYP2B6:41512840→G              26.29        26.00        0.29       0.000311    
5      CYP2B6:41512840→M              0.04         0.00         0.04       0.000158    
6      CYP2B6:41512840→C              0.04         0.00         0.04       0.000157    
7      CYP2B6:41512840→A              0.04         0.00         0.04       0.000156    
8      CYP2B6:41515262→T              0.04         0.00         0.04       0.000155    
9      CYP2B6:41512840→N              0.04         0.00         0.04       0.000155    
10     CYP2B6:41515262→M              0.04         0.00         0.04       0.000155    
11     CYP2B6:41512840→P              0.04         0.00         0.04       0.000153    
12     CYP2B6:41515262→P              0.04         0.00         0.04       0.000152    
13     CYP2B6:41515262→C              0.04         0.00         0.04       0.000152    
14     CYP2B6:41515262→N              0.04         0.00         0.04       0.000150    
New best model with final loss: 249.13

=== Running VAE with seed 456 ===
Global Pooled JS: 0.148434
Seed 456, Step    0: Loss = 1885.38 (Recon: 930.06, Allele KL: 36.88, Base KL: 4562.45, Functional KL: 0.15
Global Pooled JS: 0.009963
Seed 456, Step  500: Loss = 266.68 (Recon: 145.09, Allele KL: 28.19, Base KL: 9489.45, Functional KL: 0.01
Global Pooled JS: 0.006810
Seed 456, Step 1000: Loss = 252.55 (Recon: 148.39, Allele KL: 29.69, Base KL: 9476.58, Functional KL: 0.01
Global Pooled JS: 0.006856
Seed 456, Step 1500: Loss = 250.35 (Recon: 147.02, Allele KL: 28.79, Base KL: 9266.64, Functional KL: 0.01
Global Pooled JS: 0.008116
Seed 456, Step 2000: Loss = 253.60 (Recon: 141.91, Allele KL: 29.74, Base KL: 9363.48, Functional KL: 0.01
Global Pooled JS: 0.008884
Seed 456, Step 2500: Loss = 257.26 (Recon: 142.47, Allele KL: 28.49, Base KL: 9164.89, Functional KL: 0.01

Top Variants with Coverage Mismatches:
Rank   Variant                        Expected     Observed     Diff       |Div|       
------------------------------------------------------------------------------------------
1      CYP2B6:41512840→T              18.21        21.00        -2.79      0.001728    
2      CYP2B6:41515262→G              15.82        11.00        4.82       0.001380    
3      CYP2B6:41515262→A              27.63        21.00        6.63       0.001101    
4      CYP2B6:41512840→G              25.22        26.00        -0.78      0.000654    
5      CYP2B6:41512840→A              0.04         0.00         0.04       0.000171    
6      CYP2B6:41512840→C              0.04         0.00         0.04       0.000171    
7      CYP2B6:41512840→N              0.04         0.00         0.04       0.000170    
8      CYP2B6:41512840→M              0.04         0.00         0.04       0.000169    
9      CYP2B6:41512840→P              0.04         0.00         0.04       0.000167    
10     CYP2B6:41515262→T              0.04         0.00         0.04       0.000167    
11     CYP2B6:41515262→N              0.04         0.00         0.04       0.000162    
12     CYP2B6:41515262→C              0.04         0.00         0.04       0.000159    
13     CYP2B6:41515262→P              0.04         0.00         0.04       0.000159    
14     CYP2B6:41515262→M              0.04         0.00         0.04       0.000157    

=== Multi-Seed VAE Results ===
Best model had seed 123 with final loss: 249.13
All seeds final losses:
  Seed 42: Total=265.30 (Recon=142.66, A_KL=31.55, B_KL=9824.18)
  Seed 123: Total=249.13 (Recon=143.62, A_KL=29.96, B_KL=9621.17) <- Best
  Seed 456: Total=252.23 (Recon=147.92, A_KL=31.09, B_KL=9253.17)
[time] run_vae took 171.03s (2,578.56640625 MB; 2,578.56640625 MB)

[Raw]:
CYP2B6*1: Normalized=0.5950, Unnormalized=0.60
CYP2B6*6: Normalized=0.3476, Unnormalized=0.35

[Alleles]
CYP2B6*1
CYP2B6*6
	Command being timed: "python cyp.py CYP2B6 /project/shared/aldy-data/wgs/NA18992.wgs.cram"
	User time (seconds): 152.10
	System time (seconds): 28.34
	Percent of CPU this job got: 99%
	Elapsed (wall clock) time (h:mm:ss or m:ss): 3:01.24
	Average shared text size (kbytes): 0
	Average unshared data size (kbytes): 0
	Average stack size (kbytes): 0
	Average total size (kbytes): 0
	Maximum resident set size (kbytes): 2640492
	Average resident set size (kbytes): 0
	Major (requiring I/O) page faults: 0
	Minor (reclaiming a frame) page faults: 782951
	Voluntary context switches: 22932
	Involuntary context switches: 211
	Swaps: 0
	File system inputs: 0
	File system outputs: 48
	Socket messages sent: 0
	Socket messages received: 0
	Signals delivered: 0
	Page size (bytes): 4096
	Exit status: 0
