2026-05-16 17:05:10.001689: I tensorflow/core/util/port.cc:111] oneDNN custom operations are on. You may see slightly different numerical results due to floating-point round-off errors from different computation orders. To turn them off, set the environment variable `TF_ENABLE_ONEDNN_OPTS=0`.
2026-05-16 17:05:10.042648: E tensorflow/compiler/xla/stream_executor/cuda/cuda_dnn.cc:9342] Unable to register cuDNN factory: Attempting to register factory for plugin cuDNN when one has already been registered
2026-05-16 17:05:10.042818: E tensorflow/compiler/xla/stream_executor/cuda/cuda_fft.cc:609] Unable to register cuFFT factory: Attempting to register factory for plugin cuFFT when one has already been registered
2026-05-16 17:05:10.042949: E tensorflow/compiler/xla/stream_executor/cuda/cuda_blas.cc:1518] Unable to register cuBLAS factory: Attempting to register factory for plugin cuBLAS when one has already been registered
2026-05-16 17:05:10.051978: I tensorflow/core/platform/cpu_feature_guard.cc:182] This TensorFlow binary is optimized to use available CPU instructions in performance-critical operations.
To enable the following instructions: AVX2 AVX512F AVX512_VNNI FMA, in other operations, rebuild TensorFlow with the appropriate compiler flags.
AttributeError: 'MessageFactory' object has no attribute 'GetPrototype'
2026-05-16 17:05:11.459975: W tensorflow/compiler/tf2tensorrt/utils/py_utils.cc:38] TF-TRT Warning: Could not find TensorRT
AttributeError: 'MessageFactory' object has no attribute 'GetPrototype'
[info] total indices 441
[info] total variants 441
1.001 was filtered out as 41515262 A>G needs A but not covered
1.002 was filtered out as 41515262 A>G needs A but not covered
1.003 was filtered out as 41515262 A>G needs A but not covered
1.004 was filtered out as 41515262 A>G needs A but not covered
1.005 was filtered out as 41515262 A>G needs A but not covered
1.006 was filtered out as 41515262 A>G needs A but not covered
1.007 was filtered out as 41515262 A>G needs A but not covered
1.008 was filtered out as 41515262 A>G needs A but not covered
1.009 was filtered out as 41515262 A>G needs A but not covered
1.010 was filtered out as 41515262 A>G needs A but not covered
1.011 was filtered out as 41515262 A>G needs A but not covered
1.012 was filtered out as 41515262 A>G needs A but not covered
1.013 was filtered out as 41515262 A>G needs A but not covered
1.014 was filtered out as 41515262 A>G needs A but not covered
1.015 was filtered out as 41515262 A>G needs A but not covered
2.001 was filtered out as 41497273 C>T needs T but not covered
2.002 was filtered out as 41497273 C>T needs T but not covered
3.001 was filtered out as 41515254 C>A needs A but not covered
4.001 was filtered out as 41512840 G>T needs G but not covered
4.002 was filtered out as 41512840 G>T needs G but not covered
5.001 was filtered out as 41515262 A>G needs A but not covered
5.002 was filtered out as 41515262 A>G needs A but not covered
5.003 was filtered out as 41515262 A>G needs A but not covered
7.001 was filtered out as 41522714 C>T needs T but not covered
8.001 was filtered out as 41515262 A>G needs A but not covered
9.001 was filtered out as 41515262 A>G needs A but not covered
10.001 was filtered out as 41497273 C>T needs T but not covered
11.001 was filtered out as 41515262 A>G needs A but not covered
12.001 was filtered out as 41515262 A>G needs A but not covered
13.001 was filtered out as 41510281 A>G needs G but not covered
14.001 was filtered out as 41515262 A>G needs A but not covered
15.001 was filtered out as 41515262 A>G needs A but not covered
17.001 was filtered out as 41515262 A>G needs A but not covered
17.002 was filtered out as 41515262 A>G needs A but not covered
18.001 was filtered out as 41515262 A>G needs A but not covered
18.002 was filtered out as 41512840 G>T needs G but not covered
19.001 was filtered out as 41518243 C>T needs T but not covered
20.001 was filtered out as 41512827 C>T needs T but not covered
21.001 was filtered out as 41515262 A>G needs A but not covered
22.001 was filtered out as 41515262 A>G needs A but not covered
23.001 was filtered out as 41515262 A>G needs A but not covered
24.001 was filtered out as 41515262 A>G needs A but not covered
25.001 was filtered out as 41515262 A>G needs A but not covered
26.001 was filtered out as 41512823 C>G needs G but not covered
27.001 was filtered out as 41515262 A>G needs A but not covered
28.001 was filtered out as 41515262 A>G needs A but not covered
31.001 was filtered out as 41515262 A>G needs A but not covered
32.001 was filtered out as 41515262 A>G needs A but not covered
33.001 was filtered out as 41515262 A>G needs A but not covered
34.001 was filtered out as 41497128 T>C needs C but not covered
35.001 was filtered out as 41515262 A>G needs A but not covered
36.001 was filtered out as 41497128 T>C needs C but not covered
37.001 was filtered out as 41512872 T>G needs G but not covered
38.001 was filtered out as 41509919 T>A needs A but not covered
[filter] CYP2B6 6 => 6.001; 6.002; 6.003; 6.004
[filter] valid_alleles=4
Step 0: Loss=0.0368, CN=[1.9000832]
Step 100: Loss=0.0285, CN=[1.864881]
Step 200: Loss=0.0285, CN=[1.8648471]
Step 300: Loss=0.0285, CN=[1.8648446]
Step 400: Loss=0.0285, CN=[1.8648446]

=== Fit ===
Region 0: obs=1.939, exp=1.865, diff=+0.074 
Region 1: obs=1.375, exp=1.865, diff=-0.490 
Region 2: obs=1.635, exp=1.865, diff=-0.230 
Region 3: obs=1.854, exp=1.865, diff=-0.011 
Region 4: obs=2.103, exp=1.865, diff=+0.238 
Region 5: obs=1.913, exp=1.865, diff=+0.048 
Region 6: obs=1.841, exp=1.865, diff=-0.024 
Region 7: obs=1.507, exp=1.865, diff=-0.358 
Region 8: obs=1.967, exp=1.865, diff=+0.103 
Region 9: obs=1.593, exp=1.865, diff=-0.272 
Region 10: obs=1.977, exp=1.865, diff=+0.113 
Region 11: obs=1.969, exp=1.865, diff=+0.105 
Region 12: obs=1.711, exp=1.865, diff=-0.154 
Region 13: obs=1.842, exp=1.865, diff=-0.023 
Region 14: obs=1.989, exp=1.865, diff=+0.124 
Region 15: obs=2.224, exp=1.865, diff=+0.359 
Region 16: obs=2.542, exp=1.865, diff=+0.677 *
Region 17: obs=1.783, exp=1.865, diff=-0.082 
Region 18: obs=1.871, exp=1.865, diff=+0.006 
Region 19: obs=1.847, exp=1.865, diff=-0.018 
Region 20: obs=1.858, exp=1.865, diff=-0.007 

[Gene CN Results]
  CYP2B6: 1.86 → 1.8648442029953003
Using device: cuda

=== Running VAE with seed 42 ===
Global Pooled JS: 0.017391
Seed 42, Step    0: Loss = 406.75 (Recon: 280.19, Allele KL: 3.08, Base KL: 97.01, Functional KL: 0.02
Global Pooled JS: 0.002669
Seed 42, Step  500: Loss = 110.47 (Recon: 49.43, Allele KL: 14.00, Base KL: 18334.58, Functional KL: 0.00
Global Pooled JS: 0.003530
Seed 42, Step 1000: Loss = 101.72 (Recon: 41.46, Allele KL: 7.29, Base KL: 18215.89, Functional KL: 0.00
Global Pooled JS: 0.003546
Seed 42, Step 1500: Loss = 110.04 (Recon: 45.66, Allele KL: 11.33, Base KL: 18376.81, Functional KL: 0.00
Global Pooled JS: 0.003359
Seed 42, Step 2000: Loss = 98.90 (Recon: 36.58, Allele KL: 10.32, Base KL: 18242.16, Functional KL: 0.00
Global Pooled JS: 0.002831
Seed 42, Step 2500: Loss = 93.11 (Recon: 34.05, Allele KL: 10.54, Base KL: 18364.55, Functional KL: 0.00

Top Variants with Coverage Mismatches:
Rank   Variant                        Expected     Observed     Diff       |Div|       
------------------------------------------------------------------------------------------
1      CYP2B6:41512840→C              0.07         0.00         0.07       0.000258    
2      CYP2B6:41512840→M              0.07         0.00         0.07       0.000258    
3      CYP2B6:41515262→P              0.07         0.00         0.07       0.000257    
4      CYP2B6:41512840→N              0.07         0.00         0.07       0.000256    
5      CYP2B6:41515262→T              0.07         0.00         0.07       0.000256    
6      CYP2B6:41512840→P              0.07         0.00         0.07       0.000256    
7      CYP2B6:41515262→C              0.07         0.00         0.07       0.000254    
8      CYP2B6:41512840→G              0.07         0.00         0.07       0.000254    
9      CYP2B6:41515262→N              0.07         0.00         0.07       0.000252    
10     CYP2B6:41515262→A              0.07         0.00         0.07       0.000251    
11     CYP2B6:41515262→M              0.07         0.00         0.07       0.000251    
12     CYP2B6:41512840→A              0.07         0.00         0.07       0.000250    
13     CYP2B6:41512840→T              49.56        49.00        0.56       0.000055    
14     CYP2B6:41515262→G              49.56        47.00        2.56       0.000009    
New best model with final loss: 94.04

=== Running VAE with seed 123 ===
Global Pooled JS: 0.017458
Seed 123, Step    0: Loss = 472.83 (Recon: 344.16, Allele KL: 4.23, Base KL: 175.80, Functional KL: 0.02
Global Pooled JS: 0.003149
Seed 123, Step  500: Loss = 92.71 (Recon: 29.66, Allele KL: 12.47, Base KL: 18195.82, Functional KL: 0.00
Global Pooled JS: 0.003050
Seed 123, Step 1000: Loss = 93.07 (Recon: 31.86, Allele KL: 11.26, Base KL: 18199.49, Functional KL: 0.00
Global Pooled JS: 0.002935
Seed 123, Step 1500: Loss = 92.24 (Recon: 30.41, Allele KL: 12.60, Base KL: 18283.27, Functional KL: 0.00
Global Pooled JS: 0.003066
Seed 123, Step 2000: Loss = 93.79 (Recon: 34.30, Allele KL: 9.30, Base KL: 18388.87, Functional KL: 0.00
Global Pooled JS: 0.003240
Seed 123, Step 2500: Loss = 92.76 (Recon: 31.29, Allele KL: 10.53, Base KL: 18038.98, Functional KL: 0.00

Top Variants with Coverage Mismatches:
Rank   Variant                        Expected     Observed     Diff       |Div|       
------------------------------------------------------------------------------------------
1      CYP2B6:41515262→P              0.08         0.00         0.08       0.000264    
2      CYP2B6:41515262→N              0.08         0.00         0.08       0.000260    
3      CYP2B6:41515262→T              0.08         0.00         0.08       0.000260    
4      CYP2B6:41515262→C              0.07         0.00         0.07       0.000260    
5      CYP2B6:41515262→A              0.07         0.00         0.07       0.000259    
6      CYP2B6:41515262→M              0.07         0.00         0.07       0.000257    
7      CYP2B6:41512840→A              0.07         0.00         0.07       0.000254    
8      CYP2B6:41512840→P              0.07         0.00         0.07       0.000252    
9      CYP2B6:41512840→C              0.07         0.00         0.07       0.000250    
10     CYP2B6:41512840→M              0.07         0.00         0.07       0.000249    
11     CYP2B6:41512840→N              0.07         0.00         0.07       0.000246    
12     CYP2B6:41512840→G              0.07         0.00         0.07       0.000246    
13     CYP2B6:41512840→T              49.57        49.00        0.57       0.000054    
14     CYP2B6:41515262→G              49.55        47.00        2.55       0.000009    

=== Running VAE with seed 456 ===
Global Pooled JS: 0.017104
Seed 456, Step    0: Loss = 630.29 (Recon: 503.83, Allele KL: 4.93, Base KL: 208.26, Functional KL: 0.02
Global Pooled JS: 0.002998
Seed 456, Step  500: Loss = 91.70 (Recon: 29.80, Allele KL: 12.36, Base KL: 18235.52, Functional KL: 0.00
Global Pooled JS: 0.003032
Seed 456, Step 1000: Loss = 90.15 (Recon: 31.51, Allele KL: 8.82, Base KL: 18302.14, Functional KL: 0.00
Global Pooled JS: 0.003091
Seed 456, Step 1500: Loss = 92.22 (Recon: 29.63, Allele KL: 12.52, Base KL: 18106.82, Functional KL: 0.00
Global Pooled JS: 0.003014
Seed 456, Step 2000: Loss = 90.85 (Recon: 30.16, Allele KL: 10.96, Base KL: 18335.60, Functional KL: 0.00
Global Pooled JS: 0.003068
Seed 456, Step 2500: Loss = 91.84 (Recon: 30.10, Allele KL: 11.83, Base KL: 18090.59, Functional KL: 0.00

Top Variants with Coverage Mismatches:
Rank   Variant                        Expected     Observed     Diff       |Div|       
------------------------------------------------------------------------------------------
1      CYP2B6:41515262→P              0.07         0.00         0.07       0.000252    
2      CYP2B6:41515262→A              0.07         0.00         0.07       0.000251    
3      CYP2B6:41515262→N              0.07         0.00         0.07       0.000250    
4      CYP2B6:41515262→T              0.07         0.00         0.07       0.000248    
5      CYP2B6:41515262→M              0.07         0.00         0.07       0.000247    
6      CYP2B6:41515262→C              0.07         0.00         0.07       0.000247    
7      CYP2B6:41512840→N              0.07         0.00         0.07       0.000238    
8      CYP2B6:41512840→G              0.07         0.00         0.07       0.000237    
9      CYP2B6:41512840→M              0.07         0.00         0.07       0.000237    
10     CYP2B6:41512840→C              0.07         0.00         0.07       0.000236    
11     CYP2B6:41512840→P              0.07         0.00         0.07       0.000235    
12     CYP2B6:41512840→A              0.07         0.00         0.07       0.000232    
13     CYP2B6:41512840→T              49.59        49.00        0.59       0.000052    
14     CYP2B6:41515262→G              49.57        47.00        2.57       0.000009    
New best model with final loss: 91.38

=== Multi-Seed VAE Results ===
Best model had seed 456 with final loss: 91.38
All seeds final losses:
  Seed 42: Total=94.04 (Recon=33.37, A_KL=9.33, B_KL=18039.29)
  Seed 123: Total=95.04 (Recon=32.68, A_KL=11.14, B_KL=18092.63)
  Seed 456: Total=91.38 (Recon=29.46, A_KL=11.63, B_KL=18386.09) <- Best
[time] run_vae took 169.95s (2,591.6015625 MB; 2,591.6015625 MB)

[Raw]:
CYP2B6*6: Normalized=1.0000, Unnormalized=1.00

[Alleles]
CYP2B6*6
CYP2B6*6
	Command being timed: "python cyp.py CYP2B6 /project/shared/aldy-data/wgs/NA18855.wgs.cram"
	User time (seconds): 148.28
	System time (seconds): 31.12
	Percent of CPU this job got: 99%
	Elapsed (wall clock) time (h:mm:ss or m:ss): 2:59.77
	Average shared text size (kbytes): 0
	Average unshared data size (kbytes): 0
	Average stack size (kbytes): 0
	Average total size (kbytes): 0
	Maximum resident set size (kbytes): 2653820
	Average resident set size (kbytes): 0
	Major (requiring I/O) page faults: 0
	Minor (reclaiming a frame) page faults: 760558
	Voluntary context switches: 22900
	Involuntary context switches: 145
	Swaps: 0
	File system inputs: 0
	File system outputs: 56
	Socket messages sent: 0
	Socket messages received: 0
	Signals delivered: 0
	Page size (bytes): 4096
	Exit status: 0
