2026-05-16 17:11:08.926229: I tensorflow/core/util/port.cc:111] oneDNN custom operations are on. You may see slightly different numerical results due to floating-point round-off errors from different computation orders. To turn them off, set the environment variable `TF_ENABLE_ONEDNN_OPTS=0`.
2026-05-16 17:11:08.966932: E tensorflow/compiler/xla/stream_executor/cuda/cuda_dnn.cc:9342] Unable to register cuDNN factory: Attempting to register factory for plugin cuDNN when one has already been registered
2026-05-16 17:11:08.967093: E tensorflow/compiler/xla/stream_executor/cuda/cuda_fft.cc:609] Unable to register cuFFT factory: Attempting to register factory for plugin cuFFT when one has already been registered
2026-05-16 17:11:08.967233: E tensorflow/compiler/xla/stream_executor/cuda/cuda_blas.cc:1518] Unable to register cuBLAS factory: Attempting to register factory for plugin cuBLAS when one has already been registered
2026-05-16 17:11:08.976426: I tensorflow/core/platform/cpu_feature_guard.cc:182] This TensorFlow binary is optimized to use available CPU instructions in performance-critical operations.
To enable the following instructions: AVX2 AVX512F AVX512_VNNI FMA, in other operations, rebuild TensorFlow with the appropriate compiler flags.
AttributeError: 'MessageFactory' object has no attribute 'GetPrototype'
2026-05-16 17:11:10.199635: W tensorflow/compiler/tf2tensorrt/utils/py_utils.cc:38] TF-TRT Warning: Could not find TensorRT
AttributeError: 'MessageFactory' object has no attribute 'GetPrototype'
[info] total indices 441
[info] total variants 441
2.001 was filtered out as 41497273 C>T needs T but not covered
2.002 was filtered out as 41497273 C>T needs T but not covered
3.001 was filtered out as 41515254 C>A needs A but not covered
4.001 was filtered out as 41515262 A>G needs G but not covered
4.002 was filtered out as 41515262 A>G needs G but not covered
5.001 was filtered out as 41522714 C>T needs T but not covered
5.002 was filtered out as 41522714 C>T needs T but not covered
5.003 was filtered out as 41522714 C>T needs T but not covered
6.001 was filtered out as 41515262 A>G needs G but not covered
6.002 was filtered out as 41515262 A>G needs G but not covered
6.003 was filtered out as 41515262 A>G needs G but not covered
6.004 was filtered out as 41515262 A>G needs G but not covered
7.001 was filtered out as 41515262 A>G needs G but not covered
8.001 was filtered out as 41510281 A>G needs G but not covered
9.001 was filtered out as 41512840 G>T needs T but not covered
10.001 was filtered out as 41497273 C>T needs T but not covered
11.001 was filtered out as 41497345 A>G needs G but not covered
12.001 was filtered out as 41510029 G>A needs A but not covered
13.001 was filtered out as 41515262 A>G needs G but not covered
14.001 was filtered out as 41510285 G>A needs A but not covered
15.001 was filtered out as 41518597 T>A needs A but not covered
17.001 was filtered out as 41497285 A>T needs T but not covered
17.002 was filtered out as 41497285 A>T needs T but not covered
18.001 was filtered out as 41518220 T>C needs C but not covered
18.002 was filtered out as 41515262 A>G needs G but not covered
19.001 was filtered out as 41515262 A>G needs G but not covered
20.001 was filtered out as 41515262 A>G needs G but not covered
21.001 was filtered out as 41518707 C>A needs A but not covered
22.001 was filtered out as 41497128 T>C needs C but not covered
24.001 was filtered out as 41522682 G>A needs A but not covered
25.001 was filtered out as 41522709 A>T needs T but not covered
26.001 was filtered out as 41515262 A>G needs G but not covered
27.001 was filtered out as 41512917 T>C needs C but not covered
28.001 was filtered out as 41515992 C>G needs G but not covered
31.001 was filtered out as 41516012 C>A needs A but not covered
32.001 was filtered out as 41518644 G>A needs A but not covered
33.001 was filtered out as 41522714 C>A needs A but not covered
34.001 was filtered out as 41515262 A>G needs G but not covered
35.001 was filtered out as 41497128 T>C needs C but not covered
36.001 was filtered out as 41515262 A>G needs G but not covered
37.001 was filtered out as 41515262 A>G needs G but not covered
38.001 was filtered out as 41515262 A>G needs G but not covered
[filter] CYP2B6 1 => 1.001; 1.002; 1.003; 1.004; 1.005; 1.006; 1.007; 1.008; 1.009; 1.010; 1.011; 1.012; 1.013; 1.014; 1.015
[filter] CYP2B6 23 => 23.001
[filter] valid_alleles=16
Step 0: Loss=0.0393, CN=[2.0999167]
Step 100: Loss=0.0279, CN=[2.1527064]
Step 200: Loss=0.0279, CN=[2.1520355]
Step 300: Loss=0.0279, CN=[2.1520324]
Step 400: Loss=0.0279, CN=[2.1520324]

=== Fit ===
Region 0: obs=2.237, exp=2.152, diff=+0.085 
Region 1: obs=1.958, exp=2.152, diff=-0.194 
Region 2: obs=2.101, exp=2.152, diff=-0.051 
Region 3: obs=2.411, exp=2.152, diff=+0.259 
Region 4: obs=2.293, exp=2.152, diff=+0.141 
Region 5: obs=1.984, exp=2.152, diff=-0.168 
Region 6: obs=2.149, exp=2.152, diff=-0.003 
Region 7: obs=2.267, exp=2.152, diff=+0.115 
Region 8: obs=1.766, exp=2.152, diff=-0.386 
Region 9: obs=2.502, exp=2.152, diff=+0.350 
Region 10: obs=2.025, exp=2.152, diff=-0.127 
Region 11: obs=2.384, exp=2.152, diff=+0.232 
Region 12: obs=2.060, exp=2.152, diff=-0.092 
Region 13: obs=2.419, exp=2.152, diff=+0.267 
Region 14: obs=1.620, exp=2.152, diff=-0.532 *
Region 15: obs=1.769, exp=2.152, diff=-0.383 
Region 16: obs=2.039, exp=2.152, diff=-0.113 
Region 17: obs=2.431, exp=2.152, diff=+0.279 
Region 18: obs=2.128, exp=2.152, diff=-0.024 
Region 19: obs=2.372, exp=2.152, diff=+0.220 
Region 20: obs=2.242, exp=2.152, diff=+0.090 

[Gene CN Results]
  CYP2B6: 2.15 → 2.1520326137542725
Using device: cuda

=== Running VAE with seed 42 ===
Global Pooled JS: 0.121529
Seed 42, Step    0: Loss = 2185.62 (Recon: 1413.76, Allele KL: 14.64, Base KL: 2211.74, Functional KL: 0.12
Global Pooled JS: 0.004689
Seed 42, Step  500: Loss = 283.66 (Recon: 182.47, Allele KL: 42.27, Base KL: 7037.30, Functional KL: 0.00
Global Pooled JS: 0.001017
Seed 42, Step 1000: Loss = 314.45 (Recon: 238.90, Allele KL: 38.54, Base KL: 6946.09, Functional KL: 0.00
Global Pooled JS: 0.004954
Seed 42, Step 1500: Loss = 287.50 (Recon: 190.11, Allele KL: 36.81, Base KL: 6980.59, Functional KL: 0.00
Global Pooled JS: 0.000864
Seed 42, Step 2000: Loss = 293.68 (Recon: 223.06, Allele KL: 34.49, Base KL: 7004.88, Functional KL: 0.00
Global Pooled JS: 0.004217
Seed 42, Step 2500: Loss = 281.08 (Recon: 183.13, Allele KL: 41.91, Base KL: 7053.76, Functional KL: 0.00

Top Variants with Coverage Mismatches:
Rank   Variant                        Expected     Observed     Diff       |Div|       
------------------------------------------------------------------------------------------
1      CYP2B6:41522630→G              11.46        13.00        -1.54      0.001725    
2      CYP2B6:41522630→A              31.07        26.00        5.07       0.000700    
3      CYP2B6:41522630→T              0.02         0.00         0.02       0.000132    
4      CYP2B6:41522630→M              0.02         0.00         0.02       0.000131    
5      CYP2B6:41522630→C              0.02         0.00         0.02       0.000131    
6      CYP2B6:41522630→P              0.02         0.00         0.02       0.000130    
7      CYP2B6:41522630→N              0.02         0.00         0.02       0.000127    
New best model with final loss: 290.26

=== Running VAE with seed 123 ===
Global Pooled JS: 0.124735
Seed 123, Step    0: Loss = 2074.95 (Recon: 1279.89, Allele KL: 17.48, Base KL: 2445.24, Functional KL: 0.12
Global Pooled JS: 0.004866
Seed 123, Step  500: Loss = 287.54 (Recon: 187.51, Allele KL: 39.97, Base KL: 7041.02, Functional KL: 0.00
Global Pooled JS: 0.006339
Seed 123, Step 1000: Loss = 287.19 (Recon: 180.10, Allele KL: 38.27, Base KL: 7006.95, Functional KL: 0.01
Global Pooled JS: 0.002532
Seed 123, Step 1500: Loss = 282.97 (Recon: 196.58, Allele KL: 40.37, Base KL: 7062.12, Functional KL: 0.00
Global Pooled JS: 0.009624
Seed 123, Step 2000: Loss = 296.64 (Recon: 169.49, Allele KL: 38.77, Base KL: 6890.40, Functional KL: 0.01
Global Pooled JS: 0.004910
Seed 123, Step 2500: Loss = 288.26 (Recon: 186.86, Allele KL: 41.14, Base KL: 6984.07, Functional KL: 0.00

Top Variants with Coverage Mismatches:
Rank   Variant                        Expected     Observed     Diff       |Div|       
------------------------------------------------------------------------------------------
1      CYP2B6:41522630→G              12.10        13.00        -0.90      0.000991    
2      CYP2B6:41522630→A              30.43        26.00        4.43       0.000410    
3      CYP2B6:41522630→N              0.02         0.00         0.02       0.000132    
4      CYP2B6:41522630→P              0.02         0.00         0.02       0.000131    
5      CYP2B6:41522630→M              0.02         0.00         0.02       0.000128    
6      CYP2B6:41522630→C              0.02         0.00         0.02       0.000128    
7      CYP2B6:41522630→T              0.02         0.00         0.02       0.000127    

=== Running VAE with seed 456 ===
Global Pooled JS: 0.117571
Seed 456, Step    0: Loss = 2203.66 (Recon: 1447.22, Allele KL: 23.20, Base KL: 2636.88, Functional KL: 0.12
Global Pooled JS: 0.001300
Seed 456, Step  500: Loss = 286.15 (Recon: 210.17, Allele KL: 37.16, Base KL: 7161.39, Functional KL: 0.00
Global Pooled JS: 0.001455
Seed 456, Step 1000: Loss = 287.76 (Recon: 203.03, Allele KL: 45.21, Base KL: 7026.20, Functional KL: 0.00
Global Pooled JS: 0.007118
Seed 456, Step 1500: Loss = 286.89 (Recon: 179.23, Allele KL: 34.16, Base KL: 7026.54, Functional KL: 0.01
Global Pooled JS: 0.006624
Seed 456, Step 2000: Loss = 283.22 (Recon: 178.74, Allele KL: 33.86, Base KL: 7096.96, Functional KL: 0.01
Global Pooled JS: 0.003349
Seed 456, Step 2500: Loss = 278.44 (Recon: 190.58, Allele KL: 36.84, Base KL: 7158.56, Functional KL: 0.00

Top Variants with Coverage Mismatches:
Rank   Variant                        Expected     Observed     Diff       |Div|       
------------------------------------------------------------------------------------------
1      CYP2B6:41522630→G              11.24        13.00        -1.76      0.002026    
2      CYP2B6:41522630→A              31.29        26.00        5.29       0.000818    
3      CYP2B6:41522630→P              0.02         0.00         0.02       0.000127    
4      CYP2B6:41522630→N              0.02         0.00         0.02       0.000124    
5      CYP2B6:41522630→C              0.02         0.00         0.02       0.000124    
6      CYP2B6:41522630→M              0.02         0.00         0.02       0.000123    
7      CYP2B6:41522630→T              0.01         0.00         0.01       0.000122    
New best model with final loss: 283.62

=== Multi-Seed VAE Results ===
Best model had seed 456 with final loss: 283.62
All seeds final losses:
  Seed 42: Total=290.26 (Recon=183.06, A_KL=34.28, B_KL=7009.98)
  Seed 123: Total=303.20 (Recon=234.10, A_KL=33.51, B_KL=7091.91)
  Seed 456: Total=283.62 (Recon=202.18, A_KL=37.78, B_KL=7094.63) <- Best
[time] run_vae took 170.14s (2,583.7109375 MB; 2,583.7109375 MB)

[Raw]:
CYP2B6*1: Normalized=0.7339, Unnormalized=0.73
CYP2B6*23: Normalized=0.2661, Unnormalized=0.27

[Alleles]
CYP2B6*1
CYP2B6*23
	Command being timed: "python cyp.py CYP2B6 /project/shared/aldy-data/wgs/NA19007.wgs.cram"
	User time (seconds): 151.50
	System time (seconds): 28.22
	Percent of CPU this job got: 99%
	Elapsed (wall clock) time (h:mm:ss or m:ss): 3:00.79
	Average shared text size (kbytes): 0
	Average unshared data size (kbytes): 0
	Average stack size (kbytes): 0
	Average total size (kbytes): 0
	Maximum resident set size (kbytes): 2645764
	Average resident set size (kbytes): 0
	Major (requiring I/O) page faults: 0
	Minor (reclaiming a frame) page faults: 864990
	Voluntary context switches: 22928
	Involuntary context switches: 253
	Swaps: 0
	File system inputs: 0
	File system outputs: 40
	Socket messages sent: 0
	Socket messages received: 0
	Signals delivered: 0
	Page size (bytes): 4096
	Exit status: 0
