2026-05-16 17:14:15.399415: I tensorflow/core/util/port.cc:111] oneDNN custom operations are on. You may see slightly different numerical results due to floating-point round-off errors from different computation orders. To turn them off, set the environment variable `TF_ENABLE_ONEDNN_OPTS=0`.
2026-05-16 17:14:15.436998: E tensorflow/compiler/xla/stream_executor/cuda/cuda_dnn.cc:9342] Unable to register cuDNN factory: Attempting to register factory for plugin cuDNN when one has already been registered
2026-05-16 17:14:15.437171: E tensorflow/compiler/xla/stream_executor/cuda/cuda_fft.cc:609] Unable to register cuFFT factory: Attempting to register factory for plugin cuFFT when one has already been registered
2026-05-16 17:14:15.437321: E tensorflow/compiler/xla/stream_executor/cuda/cuda_blas.cc:1518] Unable to register cuBLAS factory: Attempting to register factory for plugin cuBLAS when one has already been registered
2026-05-16 17:14:15.445635: I tensorflow/core/platform/cpu_feature_guard.cc:182] This TensorFlow binary is optimized to use available CPU instructions in performance-critical operations.
To enable the following instructions: AVX2 AVX512F AVX512_VNNI FMA, in other operations, rebuild TensorFlow with the appropriate compiler flags.
AttributeError: 'MessageFactory' object has no attribute 'GetPrototype'
2026-05-16 17:14:16.513527: W tensorflow/compiler/tf2tensorrt/utils/py_utils.cc:38] TF-TRT Warning: Could not find TensorRT
AttributeError: 'MessageFactory' object has no attribute 'GetPrototype'
[info] total indices 441
[info] total variants 441
1.001 was filtered out as 41512840 G>T needs G but not covered
1.002 was filtered out as 41512840 G>T needs G but not covered
1.003 was filtered out as 41512840 G>T needs G but not covered
1.004 was filtered out as 41512840 G>T needs G but not covered
1.005 was filtered out as 41512840 G>T needs G but not covered
1.006 was filtered out as 41512840 G>T needs G but not covered
1.007 was filtered out as 41512840 G>T needs G but not covered
1.008 was filtered out as 41512840 G>T needs G but not covered
1.009 was filtered out as 41512840 G>T needs G but not covered
1.010 was filtered out as 41512840 G>T needs G but not covered
1.011 was filtered out as 41512840 G>T needs G but not covered
1.012 was filtered out as 41512840 G>T needs G but not covered
1.013 was filtered out as 41512840 G>T needs G but not covered
1.014 was filtered out as 41512840 G>T needs G but not covered
1.015 was filtered out as 41512840 G>T needs G but not covered
2.001 was filtered out as 41497273 C>T needs T but not covered
2.002 was filtered out as 41497273 C>T needs T but not covered
3.001 was filtered out as 41515254 C>A needs A but not covered
4.001 was filtered out as 41512840 G>T needs G but not covered
4.002 was filtered out as 41512840 G>T needs G but not covered
5.001 was filtered out as 41522714 C>T needs T but not covered
5.002 was filtered out as 41522714 C>T needs T but not covered
5.003 was filtered out as 41522714 C>T needs T but not covered
7.001 was filtered out as 41522714 C>T needs T but not covered
8.001 was filtered out as 41512840 G>T needs G but not covered
10.001 was filtered out as 41497273 C>T needs T but not covered
11.001 was filtered out as 41512840 G>T needs G but not covered
12.001 was filtered out as 41512840 G>T needs G but not covered
13.001 was filtered out as 41510281 A>G needs G but not covered
14.001 was filtered out as 41512840 G>T needs G but not covered
15.001 was filtered out as 41512840 G>T needs G but not covered
17.001 was filtered out as 41512840 G>T needs G but not covered
17.002 was filtered out as 41512840 G>T needs G but not covered
18.001 was filtered out as 41512840 G>T needs G but not covered
18.002 was filtered out as 41512840 G>T needs G but not covered
19.001 was filtered out as 41518243 C>T needs T but not covered
20.001 was filtered out as 41512827 C>T needs T but not covered
21.001 was filtered out as 41512840 G>T needs G but not covered
22.001 was filtered out as 41512840 G>T needs G but not covered
23.001 was filtered out as 41512840 G>T needs G but not covered
24.001 was filtered out as 41512840 G>T needs G but not covered
25.001 was filtered out as 41512840 G>T needs G but not covered
26.001 was filtered out as 41512823 C>G needs G but not covered
27.001 was filtered out as 41512840 G>T needs G but not covered
28.001 was filtered out as 41512840 G>T needs G but not covered
31.001 was filtered out as 41512840 G>T needs G but not covered
32.001 was filtered out as 41512840 G>T needs G but not covered
33.001 was filtered out as 41512840 G>T needs G but not covered
34.001 was filtered out as 41497128 T>C needs C but not covered
35.001 was filtered out as 41512840 G>T needs G but not covered
36.001 was filtered out as 41497128 T>C needs C but not covered
37.001 was filtered out as 41512872 T>G needs G but not covered
38.001 was filtered out as 41509919 T>A needs A but not covered
[filter] CYP2B6 6 => 6.001; 6.002; 6.003; 6.004
[filter] CYP2B6 9 => 9.001
[filter] valid_alleles=5
Step 0: Loss=0.1954, CN=[1.9000832]
Step 100: Loss=0.1833, CN=[1.7616786]
Step 200: Loss=0.1833, CN=[1.7608632]
Step 300: Loss=0.1833, CN=[1.7608681]
Step 400: Loss=0.1833, CN=[1.7608681]

=== Fit ===
Region 0: obs=1.090, exp=1.761, diff=-0.671 *
Region 1: obs=0.648, exp=1.761, diff=-1.113 *
Region 2: obs=0.789, exp=1.761, diff=-0.972 *
Region 3: obs=1.047, exp=1.761, diff=-0.714 *
Region 4: obs=1.051, exp=1.761, diff=-0.710 *
Region 5: obs=1.061, exp=1.761, diff=-0.700 *
Region 6: obs=1.429, exp=1.761, diff=-0.332 
Region 7: obs=1.032, exp=1.761, diff=-0.729 *
Region 8: obs=0.871, exp=1.761, diff=-0.890 *
Region 9: obs=1.102, exp=1.761, diff=-0.659 *
Region 10: obs=2.154, exp=1.761, diff=+0.393 
Region 11: obs=2.296, exp=1.761, diff=+0.535 *
Region 12: obs=2.304, exp=1.761, diff=+0.543 *
Region 13: obs=2.469, exp=1.761, diff=+0.708 *
Region 14: obs=2.301, exp=1.761, diff=+0.540 *
Region 15: obs=2.079, exp=1.761, diff=+0.318 
Region 16: obs=2.370, exp=1.761, diff=+0.609 *
Region 17: obs=2.213, exp=1.761, diff=+0.452 
Region 18: obs=2.119, exp=1.761, diff=+0.358 
Region 19: obs=2.071, exp=1.761, diff=+0.311 
Region 20: obs=2.325, exp=1.761, diff=+0.564 *

[Gene CN Results]
  CYP2B6: 1.76 → 1.7608680725097656
Using device: cuda

=== Running VAE with seed 42 ===
Global Pooled JS: 0.068449
Seed 42, Step    0: Loss = 632.28 (Recon: 199.79, Allele KL: 1.19, Base KL: 73.03, Functional KL: 0.07
Global Pooled JS: 0.042064
Seed 42, Step  500: Loss = 409.42 (Recon: 111.44, Allele KL: 18.77, Base KL: 11393.13, Functional KL: 0.04
Global Pooled JS: 0.044792
Seed 42, Step 1000: Loss = 408.31 (Recon: 100.18, Allele KL: 12.58, Base KL: 11351.90, Functional KL: 0.04
Global Pooled JS: 0.044988
Seed 42, Step 1500: Loss = 411.66 (Recon: 98.71, Allele KL: 16.34, Base KL: 11465.78, Functional KL: 0.04
Global Pooled JS: 0.045676
Seed 42, Step 2000: Loss = 423.20 (Recon: 112.31, Allele KL: 9.63, Base KL: 11212.95, Functional KL: 0.05
Global Pooled JS: 0.042122
Seed 42, Step 2500: Loss = 408.36 (Recon: 115.26, Allele KL: 13.46, Base KL: 11400.17, Functional KL: 0.04

Top Variants with Coverage Mismatches:
Rank   Variant                        Expected     Observed     Diff       |Div|       
------------------------------------------------------------------------------------------
1      CYP2B6:41512840→T              31.83        15.00        16.83      0.024383    
2      CYP2B6:41515262→A              15.63        25.00        -9.37      0.008142    
3      CYP2B6:41515262→G              16.48        25.00        -8.52      0.006549    
4      CYP2B6:41512840→C              0.07         0.00         0.07       0.000381    
5      CYP2B6:41512840→P              0.07         0.00         0.07       0.000377    
6      CYP2B6:41512840→G              0.07         0.00         0.07       0.000375    
7      CYP2B6:41512840→M              0.07         0.00         0.07       0.000373    
8      CYP2B6:41512840→N              0.07         0.00         0.07       0.000371    
9      CYP2B6:41512840→A              0.07         0.00         0.07       0.000368    
10     CYP2B6:41515262→P              0.03         0.00         0.03       0.000148    
11     CYP2B6:41515262→T              0.03         0.00         0.03       0.000146    
12     CYP2B6:41515262→N              0.03         0.00         0.03       0.000145    
13     CYP2B6:41515262→C              0.03         0.00         0.03       0.000145    
14     CYP2B6:41515262→M              0.03         0.00         0.03       0.000142    
New best model with final loss: 400.53

=== Running VAE with seed 123 ===
Global Pooled JS: 0.103842
Seed 123, Step    0: Loss = 851.25 (Recon: 205.47, Allele KL: 1.84, Base KL: 122.85, Functional KL: 0.10
Global Pooled JS: 0.044923
Seed 123, Step  500: Loss = 408.93 (Recon: 97.54, Allele KL: 15.05, Base KL: 11314.80, Functional KL: 0.04
Global Pooled JS: 0.043130
Seed 123, Step 1000: Loss = 403.80 (Recon: 103.47, Allele KL: 14.65, Base KL: 11339.77, Functional KL: 0.04
Global Pooled JS: 0.042421
Seed 123, Step 1500: Loss = 416.02 (Recon: 119.13, Allele KL: 15.46, Base KL: 11402.50, Functional KL: 0.04
Global Pooled JS: 0.042141
Seed 123, Step 2000: Loss = 406.04 (Recon: 114.53, Allele KL: 11.77, Base KL: 11307.80, Functional KL: 0.04
Global Pooled JS: 0.044672
Seed 123, Step 2500: Loss = 408.46 (Recon: 98.84, Allele KL: 14.85, Base KL: 11317.99, Functional KL: 0.04

Top Variants with Coverage Mismatches:
Rank   Variant                        Expected     Observed     Diff       |Div|       
------------------------------------------------------------------------------------------
1      CYP2B6:41512840→T              31.83        15.00        16.83      0.024373    
2      CYP2B6:41515262→A              15.63        25.00        -9.37      0.008134    
3      CYP2B6:41515262→G              16.48        25.00        -8.52      0.006560    
4      CYP2B6:41512840→P              0.07         0.00         0.07       0.000384    
5      CYP2B6:41512840→A              0.07         0.00         0.07       0.000381    
6      CYP2B6:41512840→N              0.07         0.00         0.07       0.000378    
7      CYP2B6:41512840→G              0.07         0.00         0.07       0.000375    
8      CYP2B6:41512840→M              0.07         0.00         0.07       0.000374    
9      CYP2B6:41512840→C              0.07         0.00         0.07       0.000373    
10     CYP2B6:41515262→N              0.03         0.00         0.03       0.000149    
11     CYP2B6:41515262→P              0.03         0.00         0.03       0.000149    
12     CYP2B6:41515262→T              0.03         0.00         0.03       0.000148    
13     CYP2B6:41515262→M              0.03         0.00         0.03       0.000147    
14     CYP2B6:41515262→C              0.03         0.00         0.03       0.000147    

=== Running VAE with seed 456 ===
Global Pooled JS: 0.051072
Seed 456, Step    0: Loss = 602.09 (Recon: 273.70, Allele KL: 1.55, Base KL: 144.25, Functional KL: 0.05
Global Pooled JS: 0.042003
Seed 456, Step  500: Loss = 410.13 (Recon: 114.40, Allele KL: 16.99, Base KL: 11383.64, Functional KL: 0.04
Global Pooled JS: 0.043717
Seed 456, Step 1000: Loss = 403.34 (Recon: 100.18, Allele KL: 14.11, Base KL: 11277.77, Functional KL: 0.04
Global Pooled JS: 0.042249
Seed 456, Step 1500: Loss = 402.70 (Recon: 108.91, Allele KL: 13.43, Base KL: 11293.88, Functional KL: 0.04
Global Pooled JS: 0.044112
Seed 456, Step 2000: Loss = 405.16 (Recon: 100.07, Allele KL: 13.51, Base KL: 11405.97, Functional KL: 0.04
Global Pooled JS: 0.041882
Seed 456, Step 2500: Loss = 403.31 (Recon: 111.76, Allele KL: 13.63, Base KL: 11206.10, Functional KL: 0.04

Top Variants with Coverage Mismatches:
Rank   Variant                        Expected     Observed     Diff       |Div|       
------------------------------------------------------------------------------------------
1      CYP2B6:41512840→T              31.82        15.00        16.82      0.024362    
2      CYP2B6:41515262→A              15.71        25.00        -9.29      0.007982    
3      CYP2B6:41515262→G              16.40        25.00        -8.60      0.006699    
4      CYP2B6:41512840→G              0.07         0.00         0.07       0.000388    
5      CYP2B6:41512840→M              0.07         0.00         0.07       0.000383    
6      CYP2B6:41512840→N              0.07         0.00         0.07       0.000383    
7      CYP2B6:41512840→A              0.07         0.00         0.07       0.000382    
8      CYP2B6:41512840→C              0.07         0.00         0.07       0.000381    
9      CYP2B6:41512840→P              0.07         0.00         0.07       0.000374    
10     CYP2B6:41515262→T              0.03         0.00         0.03       0.000153    
11     CYP2B6:41515262→C              0.03         0.00         0.03       0.000151    
12     CYP2B6:41515262→N              0.03         0.00         0.03       0.000150    
13     CYP2B6:41515262→P              0.03         0.00         0.03       0.000150    
14     CYP2B6:41515262→M              0.03         0.00         0.03       0.000150    

=== Multi-Seed VAE Results ===
Best model had seed 42 with final loss: 400.53
All seeds final losses:
  Seed 42: Total=400.53 (Recon=103.93, A_KL=12.79, B_KL=11247.39) <- Best
  Seed 123: Total=403.72 (Recon=106.06, A_KL=13.26, B_KL=11540.15)
  Seed 456: Total=401.29 (Recon=102.86, A_KL=13.23, B_KL=11257.28)
[time] run_vae took 172.78s (2,537.4140625 MB; 2,537.4140625 MB)

[Raw]:
CYP2B6*6: Normalized=0.5164, Unnormalized=0.52
CYP2B6*9: Normalized=0.4836, Unnormalized=0.48

[Alleles]
CYP2B6*6
CYP2B6*9
	Command being timed: "python cyp.py CYP2B6 /project/shared/aldy-data/wgs/NA19178.wgs.cram"
	User time (seconds): 152.91
	System time (seconds): 28.54
	Percent of CPU this job got: 99%
	Elapsed (wall clock) time (h:mm:ss or m:ss): 3:02.48
	Average shared text size (kbytes): 0
	Average unshared data size (kbytes): 0
	Average stack size (kbytes): 0
	Average total size (kbytes): 0
	Maximum resident set size (kbytes): 2598352
	Average resident set size (kbytes): 0
	Major (requiring I/O) page faults: 0
	Minor (reclaiming a frame) page faults: 781807
	Voluntary context switches: 22966
	Involuntary context switches: 238
	Swaps: 0
	File system inputs: 0
	File system outputs: 56
	Socket messages sent: 0
	Socket messages received: 0
	Signals delivered: 0
	Page size (bytes): 4096
	Exit status: 0
