2026-05-16 17:17:16.090137: I tensorflow/core/util/port.cc:111] oneDNN custom operations are on. You may see slightly different numerical results due to floating-point round-off errors from different computation orders. To turn them off, set the environment variable `TF_ENABLE_ONEDNN_OPTS=0`.
2026-05-16 17:17:16.130348: E tensorflow/compiler/xla/stream_executor/cuda/cuda_dnn.cc:9342] Unable to register cuDNN factory: Attempting to register factory for plugin cuDNN when one has already been registered
2026-05-16 17:17:16.130510: E tensorflow/compiler/xla/stream_executor/cuda/cuda_fft.cc:609] Unable to register cuFFT factory: Attempting to register factory for plugin cuFFT when one has already been registered
2026-05-16 17:17:16.130643: E tensorflow/compiler/xla/stream_executor/cuda/cuda_blas.cc:1518] Unable to register cuBLAS factory: Attempting to register factory for plugin cuBLAS when one has already been registered
2026-05-16 17:17:16.139700: I tensorflow/core/platform/cpu_feature_guard.cc:182] This TensorFlow binary is optimized to use available CPU instructions in performance-critical operations.
To enable the following instructions: AVX2 AVX512F AVX512_VNNI FMA, in other operations, rebuild TensorFlow with the appropriate compiler flags.
AttributeError: 'MessageFactory' object has no attribute 'GetPrototype'
2026-05-16 17:17:17.239716: W tensorflow/compiler/tf2tensorrt/utils/py_utils.cc:38] TF-TRT Warning: Could not find TensorRT
AttributeError: 'MessageFactory' object has no attribute 'GetPrototype'
[info] total indices 441
[info] total variants 441
2.001 was filtered out as 41497273 C>T needs T but not covered
2.002 was filtered out as 41497273 C>T needs T but not covered
3.001 was filtered out as 41515254 C>A needs A but not covered
5.001 was filtered out as 41522714 C>T needs T but not covered
5.002 was filtered out as 41522714 C>T needs T but not covered
5.003 was filtered out as 41522714 C>T needs T but not covered
7.001 was filtered out as 41522714 C>T needs T but not covered
8.001 was filtered out as 41510281 A>G needs G but not covered
10.001 was filtered out as 41497273 C>T needs T but not covered
11.001 was filtered out as 41497345 A>G needs G but not covered
13.001 was filtered out as 41510281 A>G needs G but not covered
14.001 was filtered out as 41510285 G>A needs A but not covered
15.001 was filtered out as 41518597 T>A needs A but not covered
17.001 was filtered out as 41497285 A>T needs T but not covered
17.002 was filtered out as 41497285 A>T needs T but not covered
18.001 was filtered out as 41518220 T>C needs C but not covered
18.002 was filtered out as 41518220 T>C needs C but not covered
19.001 was filtered out as 41518243 C>T needs T but not covered
20.001 was filtered out as 41512827 C>T needs T but not covered
21.001 was filtered out as 41518707 C>A needs A but not covered
22.001 was filtered out as 41497128 T>C needs C but not covered
23.001 was filtered out as 41522630 A>G needs G but not covered
24.001 was filtered out as 41522682 G>A needs A but not covered
25.001 was filtered out as 41522709 A>T needs T but not covered
26.001 was filtered out as 41512823 C>G needs G but not covered
27.001 was filtered out as 41512917 T>C needs C but not covered
28.001 was filtered out as 41515992 C>G needs G but not covered
31.001 was filtered out as 41516012 C>A needs A but not covered
32.001 was filtered out as 41518644 G>A needs A but not covered
33.001 was filtered out as 41522714 C>A needs A but not covered
34.001 was filtered out as 41497128 T>C needs C but not covered
35.001 was filtered out as 41497128 T>C needs C but not covered
36.001 was filtered out as 41497128 T>C needs C but not covered
37.001 was filtered out as 41512872 T>G needs G but not covered
38.001 was filtered out as 41509919 T>A needs A but not covered
[filter] CYP2B6 1 => 1.001; 1.002; 1.003; 1.004; 1.005; 1.006; 1.007; 1.008; 1.009; 1.010; 1.011; 1.012; 1.013; 1.014; 1.015
[filter] CYP2B6 4 => 4.001; 4.002
[filter] CYP2B6 6 => 6.001; 6.002; 6.003; 6.004
[filter] CYP2B6 9 => 9.001
[filter] CYP2B6 12 => 12.001
[filter] valid_alleles=23
Step 0: Loss=0.0470, CN=[2.0999167]
Step 100: Loss=0.0363, CN=[2.1546938]
Step 200: Loss=0.0363, CN=[2.1540751]
Step 300: Loss=0.0363, CN=[2.1540716]
Step 400: Loss=0.0363, CN=[2.1540718]

=== Fit ===
Region 0: obs=2.082, exp=2.154, diff=-0.072 
Region 1: obs=1.681, exp=2.154, diff=-0.473 
Region 2: obs=2.186, exp=2.154, diff=+0.032 
Region 3: obs=2.269, exp=2.154, diff=+0.115 
Region 4: obs=2.375, exp=2.154, diff=+0.221 
Region 5: obs=2.306, exp=2.154, diff=+0.152 
Region 6: obs=2.017, exp=2.154, diff=-0.137 
Region 7: obs=2.179, exp=2.154, diff=+0.025 
Region 8: obs=1.792, exp=2.154, diff=-0.362 
Region 9: obs=1.953, exp=2.154, diff=-0.201 
Region 10: obs=1.496, exp=2.154, diff=-0.658 *
Region 11: obs=2.455, exp=2.154, diff=+0.301 
Region 12: obs=2.354, exp=2.154, diff=+0.200 
Region 13: obs=2.366, exp=2.154, diff=+0.212 
Region 14: obs=2.244, exp=2.154, diff=+0.090 
Region 15: obs=1.983, exp=2.154, diff=-0.171 
Region 16: obs=2.069, exp=2.154, diff=-0.086 
Region 17: obs=2.330, exp=2.154, diff=+0.176 
Region 18: obs=2.745, exp=2.154, diff=+0.591 *
Region 19: obs=2.048, exp=2.154, diff=-0.106 
Region 20: obs=2.237, exp=2.154, diff=+0.083 

[Gene CN Results]
  CYP2B6: 2.15 → 2.154071569442749
Using device: cuda

=== Running VAE with seed 42 ===
Global Pooled JS: 0.089202
Seed 42, Step    0: Loss = 998.02 (Recon: 421.28, Allele KL: 14.10, Base KL: 2405.89, Functional KL: 0.09
Global Pooled JS: 0.009499
Seed 42, Step  500: Loss = 236.44 (Recon: 119.50, Allele KL: 29.40, Base KL: 7373.44, Functional KL: 0.01
Global Pooled JS: 0.008215
Seed 42, Step 1000: Loss = 224.59 (Recon: 113.62, Allele KL: 31.53, Base KL: 7257.32, Functional KL: 0.01
Global Pooled JS: 0.008103
Seed 42, Step 1500: Loss = 228.66 (Recon: 114.97, Allele KL: 34.69, Base KL: 7358.43, Functional KL: 0.01
Global Pooled JS: 0.009316
Seed 42, Step 2000: Loss = 237.17 (Recon: 115.60, Allele KL: 35.56, Base KL: 7254.71, Functional KL: 0.01
Global Pooled JS: 0.008120
Seed 42, Step 2500: Loss = 228.43 (Recon: 109.81, Allele KL: 40.07, Base KL: 7200.57, Functional KL: 0.01

Top Variants with Coverage Mismatches:
Rank   Variant                        Expected     Observed     Diff       |Div|       
------------------------------------------------------------------------------------------
1      CYP2B6:41510029→G              39.81        50.00        -10.19     0.002936    
2      CYP2B6:41515262→A              19.01        13.00        6.01       0.002132    
3      CYP2B6:41515262→G              20.61        16.00        4.61       0.001030    
4      CYP2B6:41512840→T              20.53        18.00        2.53       0.000245    
5      CYP2B6:41512840→P              0.05         0.00         0.05       0.000139    
6      CYP2B6:41515262→C              0.05         0.00         0.05       0.000138    
7      CYP2B6:41515262→P              0.05         0.00         0.05       0.000136    
8      CYP2B6:41515262→M              0.05         0.00         0.05       0.000136    
9      CYP2B6:41512840→C              0.05         0.00         0.05       0.000136    
10     CYP2B6:41515262→N              0.05         0.00         0.05       0.000135    
11     CYP2B6:41515262→T              0.05         0.00         0.05       0.000134    
12     CYP2B6:41512840→A              0.05         0.00         0.05       0.000133    
13     CYP2B6:41512840→M              0.05         0.00         0.05       0.000133    
14     CYP2B6:41512840→N              0.05         0.00         0.05       0.000132    
15     CYP2B6:41510029→A              0.04         0.00         0.04       0.000120    
16     CYP2B6:41512840→G              19.09        20.00        -0.91      0.000096    
17     CYP2B6:41510029→P              0.00         0.00         0.00       0.000001    
18     CYP2B6:41510029→C              0.00         0.00         0.00       0.000001    
19     CYP2B6:41510029→T              0.00         0.00         0.00       0.000001    
20     CYP2B6:41510029→N              0.00         0.00         0.00       0.000001    
21     CYP2B6:41510029→M              0.00         0.00         0.00       0.000001    
New best model with final loss: 226.81

=== Running VAE with seed 123 ===
Global Pooled JS: 0.064337
Seed 123, Step    0: Loss = 1040.53 (Recon: 600.54, Allele KL: 25.87, Base KL: 2355.53, Functional KL: 0.06
Global Pooled JS: 0.007869
Seed 123, Step  500: Loss = 258.23 (Recon: 145.46, Allele KL: 35.28, Base KL: 7328.91, Functional KL: 0.01
Global Pooled JS: 0.008360
Seed 123, Step 1000: Loss = 253.91 (Recon: 141.04, Allele KL: 32.55, Base KL: 7329.17, Functional KL: 0.01
Global Pooled JS: 0.008829
Seed 123, Step 1500: Loss = 261.93 (Recon: 147.89, Allele KL: 30.36, Base KL: 7352.73, Functional KL: 0.01
Global Pooled JS: 0.009885
Seed 123, Step 2000: Loss = 262.02 (Recon: 136.98, Allele KL: 35.66, Base KL: 7252.55, Functional KL: 0.01
Global Pooled JS: 0.010952
Seed 123, Step 2500: Loss = 271.65 (Recon: 144.25, Allele KL: 31.38, Base KL: 7249.01, Functional KL: 0.01

Top Variants with Coverage Mismatches:
Rank   Variant                        Expected     Observed     Diff       |Div|       
------------------------------------------------------------------------------------------
1      CYP2B6:41510029→G              39.83        50.00        -10.17     0.002926    
2      CYP2B6:41515262→G              22.52        16.00        6.52       0.002053    
3      CYP2B6:41515262→A              17.07        13.00        4.07       0.000991    
4      CYP2B6:41512840→T              22.45        18.00        4.45       0.000843    
5      CYP2B6:41512840→G              17.15        20.00        -2.85      0.000602    
6      CYP2B6:41515262→T              0.05         0.00         0.05       0.000157    
7      CYP2B6:41515262→C              0.05         0.00         0.05       0.000156    
8      CYP2B6:41515262→M              0.05         0.00         0.05       0.000154    
9      CYP2B6:41515262→P              0.05         0.00         0.05       0.000154    
10     CYP2B6:41515262→N              0.05         0.00         0.05       0.000153    
11     CYP2B6:41512840→A              0.05         0.00         0.05       0.000149    
12     CYP2B6:41512840→M              0.05         0.00         0.05       0.000148    
13     CYP2B6:41512840→C              0.05         0.00         0.05       0.000147    
14     CYP2B6:41512840→N              0.05         0.00         0.05       0.000146    
15     CYP2B6:41512840→P              0.05         0.00         0.05       0.000146    
16     CYP2B6:41510029→A              0.02         0.00         0.02       0.000066    
17     CYP2B6:41510029→P              0.00         0.00         0.00       0.000001    
18     CYP2B6:41510029→N              0.00         0.00         0.00       0.000001    
19     CYP2B6:41510029→M              0.00         0.00         0.00       0.000001    
20     CYP2B6:41510029→T              0.00         0.00         0.00       0.000001    
21     CYP2B6:41510029→C              0.00         0.00         0.00       0.000001    

=== Running VAE with seed 456 ===
Global Pooled JS: 0.032909
Seed 456, Step    0: Loss = 781.01 (Recon: 533.19, Allele KL: 23.53, Base KL: 2578.90, Functional KL: 0.03
Global Pooled JS: 0.009163
Seed 456, Step  500: Loss = 261.04 (Recon: 150.03, Allele KL: 25.40, Base KL: 7306.27, Functional KL: 0.01
Global Pooled JS: 0.008078
Seed 456, Step 1000: Loss = 253.39 (Recon: 142.85, Allele KL: 31.71, Base KL: 7410.64, Functional KL: 0.01
Global Pooled JS: 0.008168
Seed 456, Step 1500: Loss = 252.85 (Recon: 140.02, Allele KL: 33.66, Base KL: 7248.92, Functional KL: 0.01
Global Pooled JS: 0.007957
Seed 456, Step 2000: Loss = 258.60 (Recon: 148.21, Allele KL: 32.38, Base KL: 7211.05, Functional KL: 0.01
Global Pooled JS: 0.008479
Seed 456, Step 2500: Loss = 255.59 (Recon: 139.38, Allele KL: 35.31, Base KL: 7241.17, Functional KL: 0.01

Top Variants with Coverage Mismatches:
Rank   Variant                        Expected     Observed     Diff       |Div|       
------------------------------------------------------------------------------------------
1      CYP2B6:41510029→G              39.82        50.00        -10.18     0.002935    
2      CYP2B6:41515262→A              19.93        13.00        6.93       0.002798    
3      CYP2B6:41515262→G              19.69        16.00        3.69       0.000648    
4      CYP2B6:41515262→T              0.05         0.00         0.05       0.000137    
5      CYP2B6:41515262→C              0.05         0.00         0.05       0.000136    
6      CYP2B6:41515262→M              0.05         0.00         0.05       0.000136    
7      CYP2B6:41515262→N              0.05         0.00         0.05       0.000136    
8      CYP2B6:41515262→P              0.05         0.00         0.05       0.000134    
9      CYP2B6:41512840→M              0.05         0.00         0.05       0.000133    
10     CYP2B6:41512840→A              0.05         0.00         0.05       0.000132    
11     CYP2B6:41512840→C              0.05         0.00         0.05       0.000131    
12     CYP2B6:41512840→P              0.05         0.00         0.05       0.000131    
13     CYP2B6:41512840→N              0.04         0.00         0.04       0.000127    
14     CYP2B6:41510029→A              0.04         0.00         0.04       0.000113    
15     CYP2B6:41512840→T              19.61        18.00        1.61       0.000082    
16     CYP2B6:41512840→G              20.02        20.00        0.02       0.000009    
17     CYP2B6:41510029→N              0.00         0.00         0.00       0.000001    
18     CYP2B6:41510029→T              0.00         0.00         0.00       0.000001    
19     CYP2B6:41510029→M              0.00         0.00         0.00       0.000001    
20     CYP2B6:41510029→P              0.00         0.00         0.00       0.000001    
21     CYP2B6:41510029→C              0.00         0.00         0.00       0.000001    

=== Multi-Seed VAE Results ===
Best model had seed 42 with final loss: 226.81
All seeds final losses:
  Seed 42: Total=226.81 (Recon=114.12, A_KL=32.65, B_KL=7265.81) <- Best
  Seed 123: Total=271.69 (Recon=148.48, A_KL=37.08, B_KL=7129.83)
  Seed 456: Total=257.42 (Recon=141.59, A_KL=34.48, B_KL=7249.05)
[time] run_vae took 169.32s (2,599.81640625 MB; 2,599.81640625 MB)

[Raw]:
CYP2B6*6: Normalized=0.5203, Unnormalized=0.52
CYP2B6*1: Normalized=0.4723, Unnormalized=0.47

[Alleles]
CYP2B6*6
CYP2B6*1
	Command being timed: "python cyp.py CYP2B6 /project/shared/aldy-data/wgs/NA19908.wgs.cram"
	User time (seconds): 149.98
	System time (seconds): 28.79
	Percent of CPU this job got: 99%
	Elapsed (wall clock) time (h:mm:ss or m:ss): 2:59.21
	Average shared text size (kbytes): 0
	Average unshared data size (kbytes): 0
	Average stack size (kbytes): 0
	Average total size (kbytes): 0
	Maximum resident set size (kbytes): 2662256
	Average resident set size (kbytes): 0
	Major (requiring I/O) page faults: 0
	Minor (reclaiming a frame) page faults: 748493
	Voluntary context switches: 22904
	Involuntary context switches: 192
	Swaps: 0
	File system inputs: 0
	File system outputs: 48
	Socket messages sent: 0
	Socket messages received: 0
	Signals delivered: 0
	Page size (bytes): 4096
	Exit status: 0
