2026-05-16 17:17:18.164173: I tensorflow/core/util/port.cc:111] oneDNN custom operations are on. You may see slightly different numerical results due to floating-point round-off errors from different computation orders. To turn them off, set the environment variable `TF_ENABLE_ONEDNN_OPTS=0`.
2026-05-16 17:17:18.240087: E tensorflow/compiler/xla/stream_executor/cuda/cuda_dnn.cc:9342] Unable to register cuDNN factory: Attempting to register factory for plugin cuDNN when one has already been registered
2026-05-16 17:17:18.240387: E tensorflow/compiler/xla/stream_executor/cuda/cuda_fft.cc:609] Unable to register cuFFT factory: Attempting to register factory for plugin cuFFT when one has already been registered
2026-05-16 17:17:18.240617: E tensorflow/compiler/xla/stream_executor/cuda/cuda_blas.cc:1518] Unable to register cuBLAS factory: Attempting to register factory for plugin cuBLAS when one has already been registered
2026-05-16 17:17:18.267089: I tensorflow/core/platform/cpu_feature_guard.cc:182] This TensorFlow binary is optimized to use available CPU instructions in performance-critical operations.
To enable the following instructions: AVX2 AVX512F AVX512_VNNI FMA, in other operations, rebuild TensorFlow with the appropriate compiler flags.
AttributeError: 'MessageFactory' object has no attribute 'GetPrototype'
2026-05-16 17:17:19.437907: W tensorflow/compiler/tf2tensorrt/utils/py_utils.cc:38] TF-TRT Warning: Could not find TensorRT
AttributeError: 'MessageFactory' object has no attribute 'GetPrototype'
[info] total indices 441
[info] total variants 441
1.001 was filtered out as 41515262 A>G needs A but not covered
1.002 was filtered out as 41515262 A>G needs A but not covered
1.003 was filtered out as 41515262 A>G needs A but not covered
1.004 was filtered out as 41515262 A>G needs A but not covered
1.005 was filtered out as 41515262 A>G needs A but not covered
1.006 was filtered out as 41515262 A>G needs A but not covered
1.007 was filtered out as 41515262 A>G needs A but not covered
1.008 was filtered out as 41515262 A>G needs A but not covered
1.009 was filtered out as 41515262 A>G needs A but not covered
1.010 was filtered out as 41515262 A>G needs A but not covered
1.011 was filtered out as 41515262 A>G needs A but not covered
1.012 was filtered out as 41515262 A>G needs A but not covered
1.013 was filtered out as 41515262 A>G needs A but not covered
1.014 was filtered out as 41515262 A>G needs A but not covered
1.015 was filtered out as 41515262 A>G needs A but not covered
2.001 was filtered out as 41497273 C>T needs T but not covered
2.002 was filtered out as 41497273 C>T needs T but not covered
3.001 was filtered out as 41515254 C>A needs A but not covered
4.001 was filtered out as 41512840 G>T needs G but not covered
4.002 was filtered out as 41512840 G>T needs G but not covered
5.001 was filtered out as 41515262 A>G needs A but not covered
5.002 was filtered out as 41515262 A>G needs A but not covered
5.003 was filtered out as 41515262 A>G needs A but not covered
7.001 was filtered out as 41522714 C>T needs T but not covered
8.001 was filtered out as 41515262 A>G needs A but not covered
9.001 was filtered out as 41515262 A>G needs A but not covered
10.001 was filtered out as 41497273 C>T needs T but not covered
11.001 was filtered out as 41515262 A>G needs A but not covered
12.001 was filtered out as 41515262 A>G needs A but not covered
13.001 was filtered out as 41510281 A>G needs G but not covered
14.001 was filtered out as 41515262 A>G needs A but not covered
15.001 was filtered out as 41515262 A>G needs A but not covered
17.001 was filtered out as 41515262 A>G needs A but not covered
17.002 was filtered out as 41515262 A>G needs A but not covered
18.001 was filtered out as 41515262 A>G needs A but not covered
18.002 was filtered out as 41512840 G>T needs G but not covered
19.001 was filtered out as 41518243 C>T needs T but not covered
20.001 was filtered out as 41512827 C>T needs T but not covered
21.001 was filtered out as 41515262 A>G needs A but not covered
22.001 was filtered out as 41515262 A>G needs A but not covered
23.001 was filtered out as 41515262 A>G needs A but not covered
24.001 was filtered out as 41515262 A>G needs A but not covered
25.001 was filtered out as 41515262 A>G needs A but not covered
26.001 was filtered out as 41512823 C>G needs G but not covered
27.001 was filtered out as 41515262 A>G needs A but not covered
28.001 was filtered out as 41515262 A>G needs A but not covered
31.001 was filtered out as 41515262 A>G needs A but not covered
32.001 was filtered out as 41515262 A>G needs A but not covered
33.001 was filtered out as 41515262 A>G needs A but not covered
34.001 was filtered out as 41497128 T>C needs C but not covered
35.001 was filtered out as 41515262 A>G needs A but not covered
36.001 was filtered out as 41497128 T>C needs C but not covered
37.001 was filtered out as 41512872 T>G needs G but not covered
38.001 was filtered out as 41509919 T>A needs A but not covered
[filter] CYP2B6 6 => 6.001; 6.002; 6.003; 6.004
[filter] valid_alleles=4
Step 0: Loss=0.0766, CN=[1.9000832]
Step 100: Loss=0.0366, CN=[1.6990118]
Step 200: Loss=0.0366, CN=[1.6978883]
Step 300: Loss=0.0366, CN=[1.6978823]
Step 400: Loss=0.0366, CN=[1.6978824]

=== Fit ===
Region 0: obs=1.824, exp=1.698, diff=+0.126 
Region 1: obs=1.703, exp=1.698, diff=+0.005 
Region 2: obs=1.873, exp=1.698, diff=+0.175 
Region 3: obs=1.836, exp=1.698, diff=+0.138 
Region 4: obs=1.273, exp=1.698, diff=-0.425 
Region 5: obs=1.497, exp=1.698, diff=-0.201 
Region 6: obs=0.978, exp=1.698, diff=-0.720 *
Region 7: obs=1.648, exp=1.698, diff=-0.050 
Region 8: obs=1.871, exp=1.698, diff=+0.173 
Region 9: obs=1.720, exp=1.698, diff=+0.022 
Region 10: obs=1.105, exp=1.698, diff=-0.593 *
Region 11: obs=1.469, exp=1.698, diff=-0.229 
Region 12: obs=1.853, exp=1.698, diff=+0.156 
Region 13: obs=1.881, exp=1.698, diff=+0.183 
Region 14: obs=1.746, exp=1.698, diff=+0.048 
Region 15: obs=1.822, exp=1.698, diff=+0.124 
Region 16: obs=1.659, exp=1.698, diff=-0.039 
Region 17: obs=2.148, exp=1.698, diff=+0.450 
Region 18: obs=1.736, exp=1.698, diff=+0.038 
Region 19: obs=1.737, exp=1.698, diff=+0.039 
Region 20: obs=1.965, exp=1.698, diff=+0.267 

[Gene CN Results]
  CYP2B6: 1.70 → 1.6978826522827148
Using device: cuda

=== Running VAE with seed 42 ===
Global Pooled JS: 0.026721
Seed 42, Step    0: Loss = 364.25 (Recon: 183.02, Allele KL: 1.67, Base KL: 66.70, Functional KL: 0.03
Global Pooled JS: 0.011362
Seed 42, Step  500: Loss = 139.02 (Recon: 23.45, Allele KL: 19.61, Base KL: 14736.89, Functional KL: 0.01
Global Pooled JS: 0.011823
Seed 42, Step 1000: Loss = 137.80 (Recon: 27.65, Allele KL: 11.17, Base KL: 14617.03, Functional KL: 0.01
Global Pooled JS: 0.015174
Seed 42, Step 1500: Loss = 206.49 (Recon: 75.60, Allele KL: 10.40, Base KL: 14793.85, Functional KL: 0.02
Global Pooled JS: 0.011799
Seed 42, Step 2000: Loss = 137.39 (Recon: 29.27, Allele KL: 9.15, Base KL: 14740.91, Functional KL: 0.01
Global Pooled JS: 0.011350
Seed 42, Step 2500: Loss = 132.47 (Recon: 23.99, Allele KL: 12.47, Base KL: 14773.33, Functional KL: 0.01

Top Variants with Coverage Mismatches:
Rank   Variant                        Expected     Observed     Diff       |Div|       
------------------------------------------------------------------------------------------
1      CYP2B6:41515262→G              32.28        20.00        12.28      0.005157    
2      CYP2B6:41512840→T              32.32        35.00        -2.68      0.004280    
3      CYP2B6:41515262→T              0.04         0.00         0.04       0.000200    
4      CYP2B6:41515262→P              0.04         0.00         0.04       0.000199    
5      CYP2B6:41515262→M              0.04         0.00         0.04       0.000198    
6      CYP2B6:41515262→C              0.04         0.00         0.04       0.000197    
7      CYP2B6:41515262→N              0.04         0.00         0.04       0.000196    
8      CYP2B6:41515262→A              0.04         0.00         0.04       0.000196    
9      CYP2B6:41512840→N              0.03         0.00         0.03       0.000162    
10     CYP2B6:41512840→C              0.03         0.00         0.03       0.000161    
11     CYP2B6:41512840→P              0.03         0.00         0.03       0.000161    
12     CYP2B6:41512840→M              0.03         0.00         0.03       0.000160    
13     CYP2B6:41512840→G              0.03         0.00         0.03       0.000160    
14     CYP2B6:41512840→A              0.03         0.00         0.03       0.000158    
New best model with final loss: 135.89

=== Running VAE with seed 123 ===
Global Pooled JS: 0.026742
Seed 123, Step    0: Loss = 408.12 (Recon: 226.02, Allele KL: 1.91, Base KL: 106.83, Functional KL: 0.03
Global Pooled JS: 0.011498
Seed 123, Step  500: Loss = 135.01 (Recon: 24.10, Allele KL: 13.93, Base KL: 14674.12, Functional KL: 0.01
Global Pooled JS: 0.011604
Seed 123, Step 1000: Loss = 134.68 (Recon: 25.89, Allele KL: 11.16, Base KL: 14676.12, Functional KL: 0.01
Global Pooled JS: 0.011422
Seed 123, Step 1500: Loss = 135.43 (Recon: 23.84, Allele KL: 15.10, Base KL: 14763.27, Functional KL: 0.01
Global Pooled JS: 0.011521
Seed 123, Step 2000: Loss = 133.64 (Recon: 25.52, Allele KL: 10.94, Base KL: 14830.88, Functional KL: 0.01
Global Pooled JS: 0.012309
Seed 123, Step 2500: Loss = 139.82 (Recon: 30.92, Allele KL: 6.92, Base KL: 14417.18, Functional KL: 0.01

Top Variants with Coverage Mismatches:
Rank   Variant                        Expected     Observed     Diff       |Div|       
------------------------------------------------------------------------------------------
1      CYP2B6:41515262→G              32.28        20.00        12.28      0.005158    
2      CYP2B6:41512840→T              32.34        35.00        -2.66      0.004264    
3      CYP2B6:41515262→P              0.04         0.00         0.04       0.000201    
4      CYP2B6:41515262→C              0.04         0.00         0.04       0.000198    
5      CYP2B6:41515262→T              0.04         0.00         0.04       0.000197    
6      CYP2B6:41515262→A              0.04         0.00         0.04       0.000196    
7      CYP2B6:41515262→N              0.04         0.00         0.04       0.000196    
8      CYP2B6:41515262→M              0.04         0.00         0.04       0.000192    
9      CYP2B6:41512840→C              0.03         0.00         0.03       0.000149    
10     CYP2B6:41512840→P              0.03         0.00         0.03       0.000148    
11     CYP2B6:41512840→M              0.03         0.00         0.03       0.000148    
12     CYP2B6:41512840→A              0.03         0.00         0.03       0.000147    
13     CYP2B6:41512840→N              0.03         0.00         0.03       0.000144    
14     CYP2B6:41512840→G              0.03         0.00         0.03       0.000142    

=== Running VAE with seed 456 ===
Global Pooled JS: 0.026481
Seed 456, Step    0: Loss = 432.60 (Recon: 253.08, Allele KL: 1.31, Base KL: 116.79, Functional KL: 0.03
Global Pooled JS: 0.011493
Seed 456, Step  500: Loss = 134.29 (Recon: 24.64, Allele KL: 12.72, Base KL: 14745.68, Functional KL: 0.01
Global Pooled JS: 0.011647
Seed 456, Step 1000: Loss = 131.78 (Recon: 25.88, Allele KL: 8.07, Base KL: 14646.29, Functional KL: 0.01
Global Pooled JS: 0.011486
Seed 456, Step 1500: Loss = 133.35 (Recon: 24.69, Allele KL: 11.81, Base KL: 14647.92, Functional KL: 0.01
Global Pooled JS: 0.011484
Seed 456, Step 2000: Loss = 132.13 (Recon: 24.50, Allele KL: 10.81, Base KL: 14753.38, Functional KL: 0.01
Global Pooled JS: 0.011613
Seed 456, Step 2500: Loss = 134.88 (Recon: 26.09, Allele KL: 11.12, Base KL: 14683.98, Functional KL: 0.01

Top Variants with Coverage Mismatches:
Rank   Variant                        Expected     Observed     Diff       |Div|       
------------------------------------------------------------------------------------------
1      CYP2B6:41515262→G              32.27        20.00        12.27      0.005152    
2      CYP2B6:41512840→T              32.33        35.00        -2.67      0.004267    
3      CYP2B6:41515262→P              0.04         0.00         0.04       0.000206    
4      CYP2B6:41515262→A              0.04         0.00         0.04       0.000204    
5      CYP2B6:41515262→N              0.04         0.00         0.04       0.000203    
6      CYP2B6:41515262→M              0.04         0.00         0.04       0.000200    
7      CYP2B6:41515262→T              0.04         0.00         0.04       0.000199    
8      CYP2B6:41515262→C              0.04         0.00         0.04       0.000198    
9      CYP2B6:41512840→N              0.03         0.00         0.03       0.000151    
10     CYP2B6:41512840→C              0.03         0.00         0.03       0.000150    
11     CYP2B6:41512840→G              0.03         0.00         0.03       0.000150    
12     CYP2B6:41512840→P              0.03         0.00         0.03       0.000149    
13     CYP2B6:41512840→M              0.03         0.00         0.03       0.000148    
14     CYP2B6:41512840→A              0.03         0.00         0.03       0.000145    

=== Multi-Seed VAE Results ===
Best model had seed 42 with final loss: 135.89
All seeds final losses:
  Seed 42: Total=135.89 (Recon=27.00, A_KL=9.37, B_KL=14641.86) <- Best
  Seed 123: Total=136.10 (Recon=26.62, A_KL=11.60, B_KL=14703.55)
  Seed 456: Total=136.99 (Recon=26.31, A_KL=10.91, B_KL=14708.04)
[time] run_vae took 169.54s (2,573.484375 MB; 2,573.484375 MB)

[Raw]:
CYP2B6*6: Normalized=1.0000, Unnormalized=1.00

[Alleles]
CYP2B6*6
CYP2B6*6
	Command being timed: "python cyp.py CYP2B6 /project/shared/aldy-data/wgs/NA19917.wgs.cram"
	User time (seconds): 150.71
	System time (seconds): 28.81
	Percent of CPU this job got: 99%
	Elapsed (wall clock) time (h:mm:ss or m:ss): 3:00.23
	Average shared text size (kbytes): 0
	Average unshared data size (kbytes): 0
	Average stack size (kbytes): 0
	Average total size (kbytes): 0
	Maximum resident set size (kbytes): 2635268
	Average resident set size (kbytes): 0
	Major (requiring I/O) page faults: 0
	Minor (reclaiming a frame) page faults: 762355
	Voluntary context switches: 22923
	Involuntary context switches: 240
	Swaps: 0
	File system inputs: 0
	File system outputs: 56
	Socket messages sent: 0
	Socket messages received: 0
	Signals delivered: 0
	Page size (bytes): 4096
	Exit status: 0
