2026-05-16 17:17:06.643160: I tensorflow/core/util/port.cc:111] oneDNN custom operations are on. You may see slightly different numerical results due to floating-point round-off errors from different computation orders. To turn them off, set the environment variable `TF_ENABLE_ONEDNN_OPTS=0`.
2026-05-16 17:17:06.694517: E tensorflow/compiler/xla/stream_executor/cuda/cuda_dnn.cc:9342] Unable to register cuDNN factory: Attempting to register factory for plugin cuDNN when one has already been registered
2026-05-16 17:17:06.694711: E tensorflow/compiler/xla/stream_executor/cuda/cuda_fft.cc:609] Unable to register cuFFT factory: Attempting to register factory for plugin cuFFT when one has already been registered
2026-05-16 17:17:06.694859: E tensorflow/compiler/xla/stream_executor/cuda/cuda_blas.cc:1518] Unable to register cuBLAS factory: Attempting to register factory for plugin cuBLAS when one has already been registered
2026-05-16 17:17:06.707879: I tensorflow/core/platform/cpu_feature_guard.cc:182] This TensorFlow binary is optimized to use available CPU instructions in performance-critical operations.
To enable the following instructions: AVX2 AVX512F AVX512_VNNI FMA, in other operations, rebuild TensorFlow with the appropriate compiler flags.
AttributeError: 'MessageFactory' object has no attribute 'GetPrototype'
2026-05-16 17:17:08.169179: W tensorflow/compiler/tf2tensorrt/utils/py_utils.cc:38] TF-TRT Warning: Could not find TensorRT
AttributeError: 'MessageFactory' object has no attribute 'GetPrototype'
[info] total indices 441
[info] total variants 441
2.001 was filtered out as 41497273 C>T needs T but not covered
2.002 was filtered out as 41497273 C>T needs T but not covered
3.001 was filtered out as 41515254 C>A needs A but not covered
5.001 was filtered out as 41522714 C>T needs T but not covered
5.002 was filtered out as 41522714 C>T needs T but not covered
5.003 was filtered out as 41522714 C>T needs T but not covered
7.001 was filtered out as 41522714 C>T needs T but not covered
8.001 was filtered out as 41510281 A>G needs G but not covered
10.001 was filtered out as 41497273 C>T needs T but not covered
11.001 was filtered out as 41497345 A>G needs G but not covered
13.001 was filtered out as 41510281 A>G needs G but not covered
14.001 was filtered out as 41510285 G>A needs A but not covered
15.001 was filtered out as 41518597 T>A needs A but not covered
17.001 was filtered out as 41497285 A>T needs T but not covered
17.002 was filtered out as 41497285 A>T needs T but not covered
18.001 was filtered out as 41518220 T>C needs C but not covered
18.002 was filtered out as 41518220 T>C needs C but not covered
19.001 was filtered out as 41518243 C>T needs T but not covered
20.001 was filtered out as 41512827 C>T needs T but not covered
21.001 was filtered out as 41518707 C>A needs A but not covered
22.001 was filtered out as 41497128 T>C needs C but not covered
23.001 was filtered out as 41522630 A>G needs G but not covered
24.001 was filtered out as 41522682 G>A needs A but not covered
25.001 was filtered out as 41522709 A>T needs T but not covered
26.001 was filtered out as 41512823 C>G needs G but not covered
27.001 was filtered out as 41512917 T>C needs C but not covered
28.001 was filtered out as 41515992 C>G needs G but not covered
31.001 was filtered out as 41516012 C>A needs A but not covered
32.001 was filtered out as 41518644 G>A needs A but not covered
33.001 was filtered out as 41522714 C>A needs A but not covered
34.001 was filtered out as 41497128 T>C needs C but not covered
35.001 was filtered out as 41497128 T>C needs C but not covered
36.001 was filtered out as 41497128 T>C needs C but not covered
37.001 was filtered out as 41512872 T>G needs G but not covered
38.001 was filtered out as 41509919 T>A needs A but not covered
[filter] CYP2B6 1 => 1.001; 1.002; 1.003; 1.004; 1.005; 1.006; 1.007; 1.008; 1.009; 1.010; 1.011; 1.012; 1.013; 1.014; 1.015
[filter] CYP2B6 4 => 4.001; 4.002
[filter] CYP2B6 6 => 6.001; 6.002; 6.003; 6.004
[filter] CYP2B6 9 => 9.001
[filter] CYP2B6 12 => 12.001
[filter] valid_alleles=23
Step 0: Loss=0.0419, CN=[2.0999167]
Step 100: Loss=0.0171, CN=[2.2226949]
Step 200: Loss=0.0171, CN=[2.2234468]
Step 300: Loss=0.0171, CN=[2.2234478]
Step 400: Loss=0.0171, CN=[2.2234473]

=== Fit ===
Region 0: obs=2.360, exp=2.223, diff=+0.137 
Region 1: obs=1.829, exp=2.223, diff=-0.395 
Region 2: obs=2.077, exp=2.223, diff=-0.146 
Region 3: obs=2.380, exp=2.223, diff=+0.157 
Region 4: obs=2.063, exp=2.223, diff=-0.161 
Region 5: obs=2.273, exp=2.223, diff=+0.050 
Region 6: obs=2.334, exp=2.223, diff=+0.111 
Region 7: obs=2.443, exp=2.223, diff=+0.220 
Region 8: obs=2.093, exp=2.223, diff=-0.130 
Region 9: obs=2.085, exp=2.223, diff=-0.139 
Region 10: obs=2.225, exp=2.223, diff=+0.002 
Region 11: obs=2.493, exp=2.223, diff=+0.270 
Region 12: obs=2.324, exp=2.223, diff=+0.100 
Region 13: obs=2.573, exp=2.223, diff=+0.349 
Region 14: obs=2.057, exp=2.223, diff=-0.167 
Region 15: obs=1.892, exp=2.223, diff=-0.332 
Region 16: obs=2.210, exp=2.223, diff=-0.014 
Region 17: obs=2.235, exp=2.223, diff=+0.012 
Region 18: obs=2.380, exp=2.223, diff=+0.156 
Region 19: obs=2.178, exp=2.223, diff=-0.046 
Region 20: obs=2.188, exp=2.223, diff=-0.036 

[Gene CN Results]
  CYP2B6: 2.22 → 2.223447799682617
Using device: cuda

=== Running VAE with seed 42 ===
Global Pooled JS: 0.067702
Seed 42, Step    0: Loss = 954.00 (Recon: 504.70, Allele KL: 15.85, Base KL: 2635.90, Functional KL: 0.07
Global Pooled JS: 0.005058
Seed 42, Step  500: Loss = 332.90 (Recon: 234.65, Allele KL: 37.43, Base KL: 6442.24, Functional KL: 0.01
Global Pooled JS: 0.003884
Seed 42, Step 1000: Loss = 322.13 (Recon: 228.12, Allele KL: 40.47, Base KL: 6409.22, Functional KL: 0.00
Global Pooled JS: 0.004801
Seed 42, Step 1500: Loss = 337.22 (Recon: 247.78, Allele KL: 29.66, Base KL: 6532.02, Functional KL: 0.00
Global Pooled JS: 0.005325
Seed 42, Step 2000: Loss = 326.43 (Recon: 225.77, Allele KL: 38.36, Base KL: 6410.60, Functional KL: 0.01
Global Pooled JS: 0.003617
Seed 42, Step 2500: Loss = 324.60 (Recon: 224.77, Allele KL: 48.18, Base KL: 6256.29, Functional KL: 0.00

Top Variants with Coverage Mismatches:
Rank   Variant                        Expected     Observed     Diff       |Div|       
------------------------------------------------------------------------------------------
1      CYP2B6:41515262→A              31.21        32.00        -0.79      0.000488    
2      CYP2B6:41510029→G              41.80        34.00        7.80       0.000476    
3      CYP2B6:41512840→T              20.28        21.00        -0.72      0.000373    
4      CYP2B6:41512840→G              21.27        17.00        4.27       0.000324    
5      CYP2B6:41512840→P              0.06         0.00         0.06       0.000171    
6      CYP2B6:41512840→C              0.06         0.00         0.06       0.000170    
7      CYP2B6:41512840→M              0.06         0.00         0.06       0.000166    
8      CYP2B6:41512840→N              0.06         0.00         0.06       0.000166    
9      CYP2B6:41512840→A              0.06         0.00         0.06       0.000165    
10     CYP2B6:41510029→A              0.05         0.00         0.05       0.000145    
11     CYP2B6:41515262→C              0.04         0.00         0.04       0.000097    
12     CYP2B6:41515262→P              0.03         0.00         0.03       0.000096    
13     CYP2B6:41515262→M              0.03         0.00         0.03       0.000095    
14     CYP2B6:41515262→N              0.03         0.00         0.03       0.000095    
15     CYP2B6:41515262→T              0.03         0.00         0.03       0.000094    
16     CYP2B6:41515262→G              10.47        10.00        0.47       0.000028    
17     CYP2B6:41510029→P              0.00         0.00         0.00       0.000001    
18     CYP2B6:41510029→C              0.00         0.00         0.00       0.000001    
19     CYP2B6:41510029→T              0.00         0.00         0.00       0.000001    
20     CYP2B6:41510029→N              0.00         0.00         0.00       0.000001    
21     CYP2B6:41510029→M              0.00         0.00         0.00       0.000001    
New best model with final loss: 326.12

=== Running VAE with seed 123 ===
Global Pooled JS: 0.048080
Seed 123, Step    0: Loss = 795.37 (Recon: 454.37, Allele KL: 24.55, Base KL: 2348.12, Functional KL: 0.05
Global Pooled JS: 0.003700
Seed 123, Step  500: Loss = 323.84 (Recon: 232.77, Allele KL: 38.49, Base KL: 6411.69, Functional KL: 0.00
Global Pooled JS: 0.006037
Seed 123, Step 1000: Loss = 325.52 (Recon: 218.54, Allele KL: 40.62, Base KL: 6361.94, Functional KL: 0.01
Global Pooled JS: 0.005651
Seed 123, Step 1500: Loss = 329.24 (Recon: 232.26, Allele KL: 32.30, Base KL: 6420.25, Functional KL: 0.01
Global Pooled JS: 0.005178
Seed 123, Step 2000: Loss = 320.23 (Recon: 223.77, Allele KL: 35.00, Base KL: 6423.35, Functional KL: 0.01
Global Pooled JS: 0.005754
Seed 123, Step 2500: Loss = 328.37 (Recon: 224.09, Allele KL: 39.45, Base KL: 6306.36, Functional KL: 0.01

Top Variants with Coverage Mismatches:
Rank   Variant                        Expected     Observed     Diff       |Div|       
------------------------------------------------------------------------------------------
1      CYP2B6:41512840→T              19.58        21.00        -1.42      0.000589    
2      CYP2B6:41515262→A              30.91        32.00        -1.09      0.000567    
3      CYP2B6:41512840→G              21.98        17.00        4.98       0.000518    
4      CYP2B6:41510029→G              41.77        34.00        7.77       0.000470    
5      CYP2B6:41510029→A              0.08         0.00         0.08       0.000224    
6      CYP2B6:41512840→A              0.06         0.00         0.06       0.000168    
7      CYP2B6:41512840→C              0.06         0.00         0.06       0.000165    
8      CYP2B6:41512840→N              0.06         0.00         0.06       0.000164    
9      CYP2B6:41512840→M              0.06         0.00         0.06       0.000164    
10     CYP2B6:41512840→P              0.06         0.00         0.06       0.000161    
11     CYP2B6:41515262→M              0.04         0.00         0.04       0.000104    
12     CYP2B6:41515262→T              0.04         0.00         0.04       0.000104    
13     CYP2B6:41515262→P              0.04         0.00         0.04       0.000103    
14     CYP2B6:41515262→C              0.04         0.00         0.04       0.000103    
15     CYP2B6:41515262→N              0.04         0.00         0.04       0.000103    
16     CYP2B6:41515262→G              10.76        10.00        0.76       0.000006    
17     CYP2B6:41510029→P              0.00         0.00         0.00       0.000002    
18     CYP2B6:41510029→N              0.00         0.00         0.00       0.000002    
19     CYP2B6:41510029→M              0.00         0.00         0.00       0.000002    
20     CYP2B6:41510029→T              0.00         0.00         0.00       0.000002    
21     CYP2B6:41510029→C              0.00         0.00         0.00       0.000002    

=== Running VAE with seed 456 ===
Global Pooled JS: 0.032216
Seed 456, Step    0: Loss = 874.23 (Recon: 629.49, Allele KL: 24.78, Base KL: 2626.63, Functional KL: 0.03
Global Pooled JS: 0.004967
Seed 456, Step  500: Loss = 331.01 (Recon: 233.15, Allele KL: 37.62, Base KL: 6349.65, Functional KL: 0.00
Global Pooled JS: 0.003752
Seed 456, Step 1000: Loss = 318.90 (Recon: 224.15, Allele KL: 42.18, Base KL: 6333.31, Functional KL: 0.00
Global Pooled JS: 0.004687
Seed 456, Step 1500: Loss = 327.36 (Recon: 228.82, Allele KL: 40.08, Base KL: 6341.91, Functional KL: 0.00
Global Pooled JS: 0.003480
Seed 456, Step 2000: Loss = 320.82 (Recon: 233.85, Allele KL: 35.82, Base KL: 6243.81, Functional KL: 0.00
Global Pooled JS: 0.008068
Seed 456, Step 2500: Loss = 332.74 (Recon: 217.94, Allele KL: 36.17, Base KL: 6300.40, Functional KL: 0.01

Top Variants with Coverage Mismatches:
Rank   Variant                        Expected     Observed     Diff       |Div|       
------------------------------------------------------------------------------------------
1      CYP2B6:41515262→A              30.82        32.00        -1.18      0.000592    
2      CYP2B6:41510029→G              41.79        34.00        7.79       0.000474    
3      CYP2B6:41512840→T              20.40        21.00        -0.60      0.000342    
4      CYP2B6:41512840→G              21.15        17.00        4.15       0.000294    
5      CYP2B6:41510029→A              0.06         0.00         0.06       0.000171    
6      CYP2B6:41512840→P              0.06         0.00         0.06       0.000170    
7      CYP2B6:41512840→A              0.06         0.00         0.06       0.000169    
8      CYP2B6:41512840→C              0.06         0.00         0.06       0.000168    
9      CYP2B6:41512840→N              0.06         0.00         0.06       0.000168    
10     CYP2B6:41512840→M              0.06         0.00         0.06       0.000166    
11     CYP2B6:41515262→C              0.04         0.00         0.04       0.000108    
12     CYP2B6:41515262→M              0.04         0.00         0.04       0.000107    
13     CYP2B6:41515262→N              0.04         0.00         0.04       0.000104    
14     CYP2B6:41515262→T              0.04         0.00         0.04       0.000102    
15     CYP2B6:41515262→P              0.04         0.00         0.04       0.000102    
16     CYP2B6:41515262→G              10.85        10.00        0.85       0.000002    
17     CYP2B6:41510029→N              0.00         0.00         0.00       0.000001    
18     CYP2B6:41510029→T              0.00         0.00         0.00       0.000001    
19     CYP2B6:41510029→M              0.00         0.00         0.00       0.000001    
20     CYP2B6:41510029→P              0.00         0.00         0.00       0.000001    
21     CYP2B6:41510029→C              0.00         0.00         0.00       0.000001    
New best model with final loss: 324.53

=== Multi-Seed VAE Results ===
Best model had seed 456 with final loss: 324.53
All seeds final losses:
  Seed 42: Total=326.12 (Recon=227.11, A_KL=43.51, B_KL=6260.15)
  Seed 123: Total=330.63 (Recon=236.56, A_KL=34.36, B_KL=6356.96)
  Seed 456: Total=324.53 (Recon=231.08, A_KL=40.24, B_KL=6372.62) <- Best
[time] run_vae took 170.19s (2,595.109375 MB; 2,595.109375 MB)

[Raw]:
CYP2B6*1: Normalized=0.4973, Unnormalized=0.50
CYP2B6*6: Normalized=0.2600, Unnormalized=0.26
CYP2B6*9: Normalized=0.2362, Unnormalized=0.24

[Alleles]
CYP2B6*1
CYP2B6*6
	Command being timed: "python cyp.py CYP2B6 /project/shared/aldy-data/wgs/NA19239.wgs.cram"
	User time (seconds): 151.89
	System time (seconds): 28.66
	Percent of CPU this job got: 99%
	Elapsed (wall clock) time (h:mm:ss or m:ss): 3:01.46
	Average shared text size (kbytes): 0
	Average unshared data size (kbytes): 0
	Average stack size (kbytes): 0
	Average total size (kbytes): 0
	Maximum resident set size (kbytes): 2657444
	Average resident set size (kbytes): 0
	Major (requiring I/O) page faults: 0
	Minor (reclaiming a frame) page faults: 764361
	Voluntary context switches: 22926
	Involuntary context switches: 243
	Swaps: 0
	File system inputs: 0
	File system outputs: 56
	Socket messages sent: 0
	Socket messages received: 0
	Signals delivered: 0
	Page size (bytes): 4096
	Exit status: 0
