2026-05-16 17:11:12.712696: I tensorflow/core/util/port.cc:111] oneDNN custom operations are on. You may see slightly different numerical results due to floating-point round-off errors from different computation orders. To turn them off, set the environment variable `TF_ENABLE_ONEDNN_OPTS=0`.
2026-05-16 17:11:12.750958: E tensorflow/compiler/xla/stream_executor/cuda/cuda_dnn.cc:9342] Unable to register cuDNN factory: Attempting to register factory for plugin cuDNN when one has already been registered
2026-05-16 17:11:12.751112: E tensorflow/compiler/xla/stream_executor/cuda/cuda_fft.cc:609] Unable to register cuFFT factory: Attempting to register factory for plugin cuFFT when one has already been registered
2026-05-16 17:11:12.751252: E tensorflow/compiler/xla/stream_executor/cuda/cuda_blas.cc:1518] Unable to register cuBLAS factory: Attempting to register factory for plugin cuBLAS when one has already been registered
2026-05-16 17:11:12.760129: I tensorflow/core/platform/cpu_feature_guard.cc:182] This TensorFlow binary is optimized to use available CPU instructions in performance-critical operations.
To enable the following instructions: AVX2 AVX512F AVX512_VNNI FMA, in other operations, rebuild TensorFlow with the appropriate compiler flags.
AttributeError: 'MessageFactory' object has no attribute 'GetPrototype'
2026-05-16 17:11:13.799211: W tensorflow/compiler/tf2tensorrt/utils/py_utils.cc:38] TF-TRT Warning: Could not find TensorRT
AttributeError: 'MessageFactory' object has no attribute 'GetPrototype'
[info] total indices 441
[info] total variants 441
1.001 was filtered out as 41518220 T>C needs T but not covered
1.002 was filtered out as 41518220 T>C needs T but not covered
1.003 was filtered out as 41518220 T>C needs T but not covered
1.004 was filtered out as 41518220 T>C needs T but not covered
1.005 was filtered out as 41518220 T>C needs T but not covered
1.006 was filtered out as 41518220 T>C needs T but not covered
1.007 was filtered out as 41518220 T>C needs T but not covered
1.008 was filtered out as 41518220 T>C needs T but not covered
1.009 was filtered out as 41518220 T>C needs T but not covered
1.010 was filtered out as 41518220 T>C needs T but not covered
1.011 was filtered out as 41518220 T>C needs T but not covered
1.012 was filtered out as 41518220 T>C needs T but not covered
1.013 was filtered out as 41518220 T>C needs T but not covered
1.014 was filtered out as 41518220 T>C needs T but not covered
1.015 was filtered out as 41518220 T>C needs T but not covered
2.001 was filtered out as 41497273 C>T needs T but not covered
2.002 was filtered out as 41497273 C>T needs T but not covered
3.001 was filtered out as 41515254 C>A needs A but not covered
4.001 was filtered out as 41515262 A>G needs G but not covered
4.002 was filtered out as 41515262 A>G needs G but not covered
5.001 was filtered out as 41522714 C>T needs T but not covered
5.002 was filtered out as 41522714 C>T needs T but not covered
5.003 was filtered out as 41522714 C>T needs T but not covered
6.001 was filtered out as 41515262 A>G needs G but not covered
6.002 was filtered out as 41515262 A>G needs G but not covered
6.003 was filtered out as 41515262 A>G needs G but not covered
6.004 was filtered out as 41515262 A>G needs G but not covered
7.001 was filtered out as 41515262 A>G needs G but not covered
8.001 was filtered out as 41510281 A>G needs G but not covered
9.001 was filtered out as 41512840 G>T needs T but not covered
10.001 was filtered out as 41497273 C>T needs T but not covered
11.001 was filtered out as 41497345 A>G needs G but not covered
12.001 was filtered out as 41510029 G>A needs A but not covered
13.001 was filtered out as 41515262 A>G needs G but not covered
14.001 was filtered out as 41510285 G>A needs A but not covered
15.001 was filtered out as 41518597 T>A needs A but not covered
17.001 was filtered out as 41497285 A>T needs T but not covered
17.002 was filtered out as 41497285 A>T needs T but not covered
18.002 was filtered out as 41515262 A>G needs G but not covered
19.001 was filtered out as 41515262 A>G needs G but not covered
20.001 was filtered out as 41515262 A>G needs G but not covered
21.001 was filtered out as 41518220 T>C needs T but not covered
22.001 was filtered out as 41518220 T>C needs T but not covered
23.001 was filtered out as 41518220 T>C needs T but not covered
24.001 was filtered out as 41518220 T>C needs T but not covered
25.001 was filtered out as 41518220 T>C needs T but not covered
26.001 was filtered out as 41515262 A>G needs G but not covered
27.001 was filtered out as 41518220 T>C needs T but not covered
28.001 was filtered out as 41518220 T>C needs T but not covered
31.001 was filtered out as 41518220 T>C needs T but not covered
32.001 was filtered out as 41518220 T>C needs T but not covered
33.001 was filtered out as 41518220 T>C needs T but not covered
34.001 was filtered out as 41515262 A>G needs G but not covered
35.001 was filtered out as 41518220 T>C needs T but not covered
36.001 was filtered out as 41515262 A>G needs G but not covered
37.001 was filtered out as 41515262 A>G needs G but not covered
38.001 was filtered out as 41515262 A>G needs G but not covered
[filter] CYP2B6 18 => 18.001
[filter] valid_alleles=1
Step 0: Loss=0.0638, CN=[2.0999167]
Step 100: Loss=0.0520, CN=[2.171591]
Step 200: Loss=0.0520, CN=[2.172158]
Step 300: Loss=0.0520, CN=[2.1721537]
Step 400: Loss=0.0520, CN=[2.1721537]

=== Fit ===
Region 0: obs=2.336, exp=2.172, diff=+0.164 
Region 1: obs=2.008, exp=2.172, diff=-0.165 
Region 2: obs=2.271, exp=2.172, diff=+0.099 
Region 3: obs=2.270, exp=2.172, diff=+0.098 
Region 4: obs=1.544, exp=2.172, diff=-0.628 *
Region 5: obs=1.509, exp=2.172, diff=-0.663 *
Region 6: obs=1.874, exp=2.172, diff=-0.298 
Region 7: obs=2.149, exp=2.172, diff=-0.023 
Region 8: obs=2.191, exp=2.172, diff=+0.019 
Region 9: obs=2.271, exp=2.172, diff=+0.099 
Region 10: obs=2.631, exp=2.172, diff=+0.459 
Region 11: obs=2.201, exp=2.172, diff=+0.029 
Region 12: obs=1.583, exp=2.172, diff=-0.589 *
Region 13: obs=2.125, exp=2.172, diff=-0.048 
Region 14: obs=2.208, exp=2.172, diff=+0.036 
Region 15: obs=2.887, exp=2.172, diff=+0.715 *
Region 16: obs=2.440, exp=2.172, diff=+0.268 
Region 17: obs=2.357, exp=2.172, diff=+0.185 
Region 18: obs=1.952, exp=2.172, diff=-0.221 
Region 19: obs=2.282, exp=2.172, diff=+0.110 
Region 20: obs=2.361, exp=2.172, diff=+0.189 

[Gene CN Results]
  CYP2B6: 2.17 → 2.172153949737549
Using device: cuda

=== Running VAE with seed 42 ===
Global Pooled JS: 0.016821
Seed 42, Step    0: Loss = 122.61 (Recon: 16.51, Allele KL: 0.54, Base KL: 17.60, Functional KL: 0.02
Global Pooled JS: 0.001077
Seed 42, Step  500: Loss = 31.39 (Recon: 14.49, Allele KL: -0.00, Base KL: 9990.14, Functional KL: 0.00
Global Pooled JS: 0.001116
Seed 42, Step 1000: Loss = 31.53 (Recon: 14.50, Allele KL: -0.00, Base KL: 9878.54, Functional KL: 0.00
Global Pooled JS: 0.001118
Seed 42, Step 1500: Loss = 31.56 (Recon: 14.50, Allele KL: -0.00, Base KL: 9891.10, Functional KL: 0.00
Global Pooled JS: 0.001069
Seed 42, Step 2000: Loss = 31.37 (Recon: 14.49, Allele KL: -0.00, Base KL: 10027.76, Functional KL: 0.00
Global Pooled JS: 0.001006
Seed 42, Step 2500: Loss = 30.96 (Recon: 14.48, Allele KL: -0.00, Base KL: 10022.66, Functional KL: 0.00

Top Variants with Coverage Mismatches:
Rank   Variant                        Expected     Observed     Diff       |Div|       
------------------------------------------------------------------------------------------
1      CYP2B6:41518220→M              0.02         0.00         0.02       0.000191    
2      CYP2B6:41518220→T              0.02         0.00         0.02       0.000190    
3      CYP2B6:41518220→G              0.02         0.00         0.02       0.000187    
4      CYP2B6:41518220→A              0.02         0.00         0.02       0.000187    
5      CYP2B6:41518220→N              0.02         0.00         0.02       0.000186    
6      CYP2B6:41518220→P              0.02         0.00         0.02       0.000184    
7      CYP2B6:41518220→C              42.36        44.00        -1.64      0.000001    
New best model with final loss: 31.82

=== Running VAE with seed 123 ===
Global Pooled JS: 0.016590
Seed 123, Step    0: Loss = 120.74 (Recon: 16.48, Allele KL: 0.13, Base KL: 36.05, Functional KL: 0.02
Global Pooled JS: 0.001100
Seed 123, Step  500: Loss = 31.51 (Recon: 14.49, Allele KL: -0.00, Base KL: 9959.72, Functional KL: 0.00
Global Pooled JS: 0.001133
Seed 123, Step 1000: Loss = 31.68 (Recon: 14.50, Allele KL: -0.00, Base KL: 9915.93, Functional KL: 0.00
Global Pooled JS: 0.001056
Seed 123, Step 1500: Loss = 31.20 (Recon: 14.49, Allele KL: -0.00, Base KL: 9933.99, Functional KL: 0.00
Global Pooled JS: 0.001144
Seed 123, Step 2000: Loss = 31.77 (Recon: 14.50, Allele KL: -0.00, Base KL: 9939.10, Functional KL: 0.00
Global Pooled JS: 0.001084
Seed 123, Step 2500: Loss = 31.44 (Recon: 14.49, Allele KL: -0.00, Base KL: 9997.28, Functional KL: 0.00

Top Variants with Coverage Mismatches:
Rank   Variant                        Expected     Observed     Diff       |Div|       
------------------------------------------------------------------------------------------
1      CYP2B6:41518220→A              0.02         0.00         0.02       0.000181    
2      CYP2B6:41518220→M              0.02         0.00         0.02       0.000180    
3      CYP2B6:41518220→G              0.02         0.00         0.02       0.000179    
4      CYP2B6:41518220→N              0.02         0.00         0.02       0.000176    
5      CYP2B6:41518220→T              0.02         0.00         0.02       0.000174    
6      CYP2B6:41518220→P              0.02         0.00         0.02       0.000173    
7      CYP2B6:41518220→C              42.37        44.00        -1.63      0.000001    
New best model with final loss: 31.70

=== Running VAE with seed 456 ===
Global Pooled JS: 0.017232
Seed 456, Step    0: Loss = 124.69 (Recon: 16.56, Allele KL: 0.01, Base KL: 16.35, Functional KL: 0.02
Global Pooled JS: 0.001102
Seed 456, Step  500: Loss = 31.60 (Recon: 14.50, Allele KL: 0.00, Base KL: 10042.55, Functional KL: 0.00
Global Pooled JS: 0.001093
Seed 456, Step 1000: Loss = 31.52 (Recon: 14.49, Allele KL: 0.00, Base KL: 10020.69, Functional KL: 0.00
Global Pooled JS: 0.001087
Seed 456, Step 1500: Loss = 31.57 (Recon: 14.49, Allele KL: 0.00, Base KL: 10106.40, Functional KL: 0.00
Global Pooled JS: 0.001144
Seed 456, Step 2000: Loss = 31.79 (Recon: 14.50, Allele KL: 0.00, Base KL: 9957.10, Functional KL: 0.00
Global Pooled JS: 0.001098
Seed 456, Step 2500: Loss = 31.58 (Recon: 14.49, Allele KL: -0.00, Base KL: 10048.91, Functional KL: 0.00

Top Variants with Coverage Mismatches:
Rank   Variant                        Expected     Observed     Diff       |Div|       
------------------------------------------------------------------------------------------
1      CYP2B6:41518220→N              0.02         0.00         0.02       0.000184    
2      CYP2B6:41518220→A              0.02         0.00         0.02       0.000183    
3      CYP2B6:41518220→T              0.02         0.00         0.02       0.000181    
4      CYP2B6:41518220→P              0.02         0.00         0.02       0.000181    
5      CYP2B6:41518220→M              0.02         0.00         0.02       0.000180    
6      CYP2B6:41518220→G              0.02         0.00         0.02       0.000179    
7      CYP2B6:41518220→C              42.37        44.00        -1.63      0.000001    
New best model with final loss: 31.29

=== Multi-Seed VAE Results ===
Best model had seed 456 with final loss: 31.29
All seeds final losses:
  Seed 42: Total=31.82 (Recon=14.50, A_KL=-0.00, B_KL=10066.84)
  Seed 123: Total=31.70 (Recon=14.50, A_KL=-0.00, B_KL=10126.31)
  Seed 456: Total=31.29 (Recon=14.49, A_KL=-0.00, B_KL=10031.97) <- Best
[time] run_vae took 167.42s (2,594.71875 MB; 2,594.71875 MB)

[Raw]:
CYP2B6*18: Normalized=1.0000, Unnormalized=1.00

[Alleles]
CYP2B6*18
CYP2B6*18
	Command being timed: "python cyp.py CYP2B6 /project/shared/aldy-data/wgs/NA19095.wgs.cram"
	User time (seconds): 146.95
	System time (seconds): 29.40
	Percent of CPU this job got: 99%
	Elapsed (wall clock) time (h:mm:ss or m:ss): 2:56.71
	Average shared text size (kbytes): 0
	Average unshared data size (kbytes): 0
	Average stack size (kbytes): 0
	Average total size (kbytes): 0
	Maximum resident set size (kbytes): 2657016
	Average resident set size (kbytes): 0
	Major (requiring I/O) page faults: 0
	Minor (reclaiming a frame) page faults: 716853
	Voluntary context switches: 22890
	Involuntary context switches: 157
	Swaps: 0
	File system inputs: 0
	File system outputs: 40
	Socket messages sent: 0
	Socket messages received: 0
	Signals delivered: 0
	Page size (bytes): 4096
	Exit status: 0
