2026-05-16 17:20:06.515024: I tensorflow/core/util/port.cc:111] oneDNN custom operations are on. You may see slightly different numerical results due to floating-point round-off errors from different computation orders. To turn them off, set the environment variable `TF_ENABLE_ONEDNN_OPTS=0`.
2026-05-16 17:20:06.570795: E tensorflow/compiler/xla/stream_executor/cuda/cuda_dnn.cc:9342] Unable to register cuDNN factory: Attempting to register factory for plugin cuDNN when one has already been registered
2026-05-16 17:20:06.570877: E tensorflow/compiler/xla/stream_executor/cuda/cuda_fft.cc:609] Unable to register cuFFT factory: Attempting to register factory for plugin cuFFT when one has already been registered
2026-05-16 17:20:06.570941: E tensorflow/compiler/xla/stream_executor/cuda/cuda_blas.cc:1518] Unable to register cuBLAS factory: Attempting to register factory for plugin cuBLAS when one has already been registered
2026-05-16 17:20:06.581925: I tensorflow/core/platform/cpu_feature_guard.cc:182] This TensorFlow binary is optimized to use available CPU instructions in performance-critical operations.
To enable the following instructions: AVX2 AVX512F AVX512_VNNI FMA, in other operations, rebuild TensorFlow with the appropriate compiler flags.
AttributeError: 'MessageFactory' object has no attribute 'GetPrototype'
2026-05-16 17:20:07.655546: W tensorflow/compiler/tf2tensorrt/utils/py_utils.cc:38] TF-TRT Warning: Could not find TensorRT
AttributeError: 'MessageFactory' object has no attribute 'GetPrototype'
[info] total indices 441
[info] total variants 441
3.001 was filtered out as 41515254 C>A needs A but not covered
4.001 was filtered out as 41515262 A>G needs G but not covered
4.002 was filtered out as 41515262 A>G needs G but not covered
5.001 was filtered out as 41522714 C>T needs T but not covered
5.002 was filtered out as 41522714 C>T needs T but not covered
5.003 was filtered out as 41522714 C>T needs T but not covered
6.001 was filtered out as 41515262 A>G needs G but not covered
6.002 was filtered out as 41515262 A>G needs G but not covered
6.003 was filtered out as 41515262 A>G needs G but not covered
6.004 was filtered out as 41515262 A>G needs G but not covered
7.001 was filtered out as 41515262 A>G needs G but not covered
8.001 was filtered out as 41510281 A>G needs G but not covered
9.001 was filtered out as 41512840 G>T needs T but not covered
10.001 was filtered out as 41497271 A>T needs T but not covered
11.001 was filtered out as 41497345 A>G needs G but not covered
12.001 was filtered out as 41510029 G>A needs A but not covered
13.001 was filtered out as 41515262 A>G needs G but not covered
14.001 was filtered out as 41510285 G>A needs A but not covered
15.001 was filtered out as 41518597 T>A needs A but not covered
17.001 was filtered out as 41497285 A>T needs T but not covered
17.002 was filtered out as 41497285 A>T needs T but not covered
18.001 was filtered out as 41518220 T>C needs C but not covered
18.002 was filtered out as 41515262 A>G needs G but not covered
19.001 was filtered out as 41515262 A>G needs G but not covered
20.001 was filtered out as 41515262 A>G needs G but not covered
21.001 was filtered out as 41518707 C>A needs A but not covered
22.001 was filtered out as 41497128 T>C needs C but not covered
23.001 was filtered out as 41522630 A>G needs G but not covered
24.001 was filtered out as 41522682 G>A needs A but not covered
25.001 was filtered out as 41522709 A>T needs T but not covered
26.001 was filtered out as 41515262 A>G needs G but not covered
27.001 was filtered out as 41512917 T>C needs C but not covered
28.001 was filtered out as 41515992 C>G needs G but not covered
31.001 was filtered out as 41516012 C>A needs A but not covered
32.001 was filtered out as 41518644 G>A needs A but not covered
33.001 was filtered out as 41522714 C>A needs A but not covered
34.001 was filtered out as 41515262 A>G needs G but not covered
35.001 was filtered out as 41497128 T>C needs C but not covered
36.001 was filtered out as 41515262 A>G needs G but not covered
37.001 was filtered out as 41515262 A>G needs G but not covered
38.001 was filtered out as 41515262 A>G needs G but not covered
[filter] CYP2B6 1 => 1.001; 1.002; 1.003; 1.004; 1.005; 1.006; 1.007; 1.008; 1.009; 1.010; 1.011; 1.012; 1.013; 1.014; 1.015
[filter] CYP2B6 2 => 2.001; 2.002
[filter] valid_alleles=17
Step 0: Loss=0.0709, CN=[2.0999167]
Step 100: Loss=0.0212, CN=[2.3231993]
Step 200: Loss=0.0212, CN=[2.323305]
Step 300: Loss=0.0212, CN=[2.3233073]
Step 400: Loss=0.0212, CN=[2.3233073]

=== Fit ===
Region 0: obs=2.119, exp=2.323, diff=-0.204 
Region 1: obs=2.037, exp=2.323, diff=-0.286 
Region 2: obs=1.986, exp=2.323, diff=-0.337 
Region 3: obs=2.239, exp=2.323, diff=-0.085 
Region 4: obs=2.351, exp=2.323, diff=+0.028 
Region 5: obs=2.439, exp=2.323, diff=+0.116 
Region 6: obs=2.919, exp=2.323, diff=+0.596 *
Region 7: obs=2.431, exp=2.323, diff=+0.108 
Region 8: obs=2.554, exp=2.323, diff=+0.230 
Region 9: obs=2.423, exp=2.323, diff=+0.099 
Region 10: obs=2.410, exp=2.323, diff=+0.086 
Region 11: obs=2.481, exp=2.323, diff=+0.157 
Region 12: obs=2.416, exp=2.323, diff=+0.093 
Region 13: obs=2.268, exp=2.323, diff=-0.055 
Region 14: obs=2.256, exp=2.323, diff=-0.067 
Region 15: obs=2.319, exp=2.323, diff=-0.005 
Region 16: obs=2.530, exp=2.323, diff=+0.207 
Region 17: obs=2.285, exp=2.323, diff=-0.038 
Region 18: obs=2.035, exp=2.323, diff=-0.288 
Region 19: obs=2.238, exp=2.323, diff=-0.086 
Region 20: obs=2.149, exp=2.323, diff=-0.174 

[Gene CN Results]
  CYP2B6: 2.32 → 2.3233072757720947
Using device: cuda

=== Running VAE with seed 42 ===
Global Pooled JS: 0.158084
Seed 42, Step    0: Loss = 1678.73 (Recon: 687.31, Allele KL: 15.60, Base KL: 2041.64, Functional KL: 0.16
Global Pooled JS: 0.001005
Seed 42, Step  500: Loss = 198.16 (Recon: 130.57, Allele KL: 27.79, Base KL: 9234.68, Functional KL: 0.00
Global Pooled JS: 0.001030
Seed 42, Step 1000: Loss = 192.86 (Recon: 135.88, Allele KL: 16.09, Base KL: 9543.41, Functional KL: 0.00
Global Pooled JS: 0.007315
Seed 42, Step 1500: Loss = 244.91 (Recon: 150.97, Allele KL: 15.54, Base KL: 9301.95, Functional KL: 0.01
Global Pooled JS: 0.002132
Seed 42, Step 2000: Loss = 200.72 (Recon: 134.93, Allele KL: 18.91, Base KL: 9228.46, Functional KL: 0.00
Global Pooled JS: 0.002523
Seed 42, Step 2500: Loss = 208.67 (Recon: 130.43, Allele KL: 29.54, Base KL: 9261.98, Functional KL: 0.00

Top Variants with Coverage Mismatches:
Rank   Variant                        Expected     Observed     Diff       |Div|       
------------------------------------------------------------------------------------------
1      CYP2B6:41497273→P              0.02         0.00         0.02       0.000182    
2      CYP2B6:41497273→N              0.02         0.00         0.02       0.000182    
3      CYP2B6:41497273→A              0.02         0.00         0.02       0.000177    
4      CYP2B6:41497273→G              0.02         0.00         0.02       0.000175    
5      CYP2B6:41497273→M              0.02         0.00         0.02       0.000175    
6      CYP2B6:41497273→C              25.56        21.00        4.56       0.000002    
7      CYP2B6:41497273→T              20.84        17.00        3.84       0.000000    
New best model with final loss: 199.00

=== Running VAE with seed 123 ===
Global Pooled JS: 0.097687
Seed 123, Step    0: Loss = 1031.12 (Recon: 398.86, Allele KL: 16.01, Base KL: 3693.47, Functional KL: 0.10
Global Pooled JS: 0.001333
Seed 123, Step  500: Loss = 201.46 (Recon: 133.54, Allele KL: 26.25, Base KL: 9231.18, Functional KL: 0.00
Global Pooled JS: 0.000904
Seed 123, Step 1000: Loss = 196.02 (Recon: 131.29, Allele KL: 25.26, Base KL: 9486.11, Functional KL: 0.00
Global Pooled JS: 0.001407
Seed 123, Step 1500: Loss = 199.80 (Recon: 134.73, Allele KL: 22.62, Base KL: 9222.38, Functional KL: 0.00
Global Pooled JS: 0.002176
Seed 123, Step 2000: Loss = 202.76 (Recon: 130.15, Allele KL: 25.54, Base KL: 9448.60, Functional KL: 0.00
Global Pooled JS: 0.006957
Seed 123, Step 2500: Loss = 240.53 (Recon: 140.78, Allele KL: 24.01, Base KL: 9115.72, Functional KL: 0.01

Top Variants with Coverage Mismatches:
Rank   Variant                        Expected     Observed     Diff       |Div|       
------------------------------------------------------------------------------------------
1      CYP2B6:41497273→C              23.92        21.00        2.92       0.000348    
2      CYP2B6:41497273→T              22.48        17.00        5.48       0.000345    
3      CYP2B6:41497273→G              0.03         0.00         0.03       0.000190    
4      CYP2B6:41497273→N              0.03         0.00         0.03       0.000188    
5      CYP2B6:41497273→A              0.03         0.00         0.03       0.000187    
6      CYP2B6:41497273→P              0.03         0.00         0.03       0.000187    
7      CYP2B6:41497273→M              0.02         0.00         0.02       0.000181    

=== Running VAE with seed 456 ===
Global Pooled JS: 0.145356
Seed 456, Step    0: Loss = 1804.65 (Recon: 886.38, Allele KL: 17.85, Base KL: 2122.26, Functional KL: 0.15
Global Pooled JS: 0.001425
Seed 456, Step  500: Loss = 197.59 (Recon: 131.29, Allele KL: 23.91, Base KL: 9203.46, Functional KL: 0.00
Global Pooled JS: 0.000901
Seed 456, Step 1000: Loss = 195.88 (Recon: 131.23, Allele KL: 25.42, Base KL: 9253.97, Functional KL: 0.00
Global Pooled JS: 0.001737
Seed 456, Step 1500: Loss = 210.32 (Recon: 148.43, Allele KL: 16.59, Base KL: 9412.71, Functional KL: 0.00
Global Pooled JS: 0.001631
Seed 456, Step 2000: Loss = 199.25 (Recon: 136.39, Allele KL: 18.72, Base KL: 9476.32, Functional KL: 0.00
Global Pooled JS: 0.001089
Seed 456, Step 2500: Loss = 195.99 (Recon: 131.34, Allele KL: 24.54, Base KL: 9028.85, Functional KL: 0.00

Top Variants with Coverage Mismatches:
Rank   Variant                        Expected     Observed     Diff       |Div|       
------------------------------------------------------------------------------------------
1      CYP2B6:41497273→A              0.02         0.00         0.02       0.000177    
2      CYP2B6:41497273→P              0.02         0.00         0.02       0.000176    
3      CYP2B6:41497273→M              0.02         0.00         0.02       0.000176    
4      CYP2B6:41497273→N              0.02         0.00         0.02       0.000173    
5      CYP2B6:41497273→G              0.02         0.00         0.02       0.000172    
6      CYP2B6:41497273→T              20.49        17.00        3.49       0.000014    
7      CYP2B6:41497273→C              25.92        21.00        4.92       0.000005    
New best model with final loss: 197.95

=== Multi-Seed VAE Results ===
Best model had seed 456 with final loss: 197.95
All seeds final losses:
  Seed 42: Total=199.00 (Recon=133.88, A_KL=22.84, B_KL=9399.46)
  Seed 123: Total=204.58 (Recon=133.87, A_KL=22.95, B_KL=9361.48)
  Seed 456: Total=197.95 (Recon=135.13, A_KL=22.15, B_KL=9741.54) <- Best
[time] run_vae took 116.88s (2,585.51171875 MB; 2,585.51171875 MB)

[Raw]:
CYP2B6*1: Normalized=0.5564, Unnormalized=0.56
CYP2B6*2: Normalized=0.4436, Unnormalized=0.44

[Alleles]
CYP2B6*1
CYP2B6*2
	Command being timed: "python cyp.py CYP2B6 /project/shared/aldy-data/wgs/NA20296.wgs.cram"
	User time (seconds): 112.78
	System time (seconds): 14.60
	Percent of CPU this job got: 99%
	Elapsed (wall clock) time (h:mm:ss or m:ss): 2:07.74
	Average shared text size (kbytes): 0
	Average unshared data size (kbytes): 0
	Average stack size (kbytes): 0
	Average total size (kbytes): 0
	Maximum resident set size (kbytes): 2647604
	Average resident set size (kbytes): 0
	Major (requiring I/O) page faults: 0
	Minor (reclaiming a frame) page faults: 764858
	Voluntary context switches: 22371
	Involuntary context switches: 174
	Swaps: 0
	File system inputs: 0
	File system outputs: 48
	Socket messages sent: 0
	Socket messages received: 0
	Signals delivered: 0
	Page size (bytes): 4096
	Exit status: 0
