2026-05-16 17:42:03.844296: I tensorflow/core/util/port.cc:111] oneDNN custom operations are on. You may see slightly different numerical results due to floating-point round-off errors from different computation orders. To turn them off, set the environment variable `TF_ENABLE_ONEDNN_OPTS=0`.
2026-05-16 17:42:03.884889: E tensorflow/compiler/xla/stream_executor/cuda/cuda_dnn.cc:9342] Unable to register cuDNN factory: Attempting to register factory for plugin cuDNN when one has already been registered
2026-05-16 17:42:03.885057: E tensorflow/compiler/xla/stream_executor/cuda/cuda_fft.cc:609] Unable to register cuFFT factory: Attempting to register factory for plugin cuFFT when one has already been registered
2026-05-16 17:42:03.885197: E tensorflow/compiler/xla/stream_executor/cuda/cuda_blas.cc:1518] Unable to register cuBLAS factory: Attempting to register factory for plugin cuBLAS when one has already been registered
2026-05-16 17:42:03.894416: I tensorflow/core/platform/cpu_feature_guard.cc:182] This TensorFlow binary is optimized to use available CPU instructions in performance-critical operations.
To enable the following instructions: AVX2 AVX512F AVX512_VNNI FMA, in other operations, rebuild TensorFlow with the appropriate compiler flags.
AttributeError: 'MessageFactory' object has no attribute 'GetPrototype'
2026-05-16 17:42:05.168901: W tensorflow/compiler/tf2tensorrt/utils/py_utils.cc:38] TF-TRT Warning: Could not find TensorRT
AttributeError: 'MessageFactory' object has no attribute 'GetPrototype'
[info] total indices 175
[info] total variants 175
1.001 was filtered out as 99270538 T>C needs T but not covered
1.002 was filtered out as 99270538 T>C needs T but not covered
1.003 was filtered out as 99270538 T>C needs T but not covered
1.004 was filtered out as 99270538 T>C needs T but not covered
1.005 was filtered out as 99270538 T>C needs T but not covered
3.002 was filtered out as 99273814 G>A needs A but not covered
3.003 was filtered out as 99270275 A>C needs C but not covered
3.004 was filtered out as 99245973 A>G needs G but not covered
3.005 was filtered out as 99264572 A>G needs G but not covered
3.006 was filtered out as 99247742 T>C needs C but not covered
3.007 was filtered out as 99247771 A>G needs G but not covered
3.008 was filtered out as 99273744 T>C needs C but not covered
3.009 was filtered out as 99262859 T>C needs C but not covered
3.010 was filtered out as 99250235 G>T needs T but not covered
3.017 was filtered out as 99262850 A>C needs C but not covered
6.001 was filtered out as 99270538 T>C needs T but not covered
7.001 was filtered out as 99270538 T>C needs T but not covered
8.001 was filtered out as 99270538 T>C needs T but not covered
9.001 was filtered out as 99270538 T>C needs T but not covered
[filter] CYP3A5 3 => 3.001; 3.012; 3.013; 3.014; 3.015; 3.016
[filter] valid_alleles=6
Step 0: Loss=0.0469, CN=[1.9000832]
Step 100: Loss=0.0300, CN=[1.8053772]
Step 200: Loss=0.0300, CN=[1.8059621]
Step 300: Loss=0.0300, CN=[1.8059658]
Step 400: Loss=0.0300, CN=[1.8059661]

=== Fit ===
Region 0: obs=1.782, exp=1.806, diff=-0.024 
Region 1: obs=1.170, exp=1.806, diff=-0.636 *
Region 2: obs=1.181, exp=1.806, diff=-0.625 *
Region 3: obs=1.779, exp=1.806, diff=-0.027 
Region 4: obs=1.765, exp=1.806, diff=-0.041 
Region 5: obs=1.658, exp=1.806, diff=-0.148 
Region 6: obs=2.034, exp=1.806, diff=+0.228 
Region 7: obs=1.867, exp=1.806, diff=+0.061 
Region 8: obs=1.425, exp=1.806, diff=-0.381 
Region 9: obs=1.829, exp=1.806, diff=+0.023 
Region 10: obs=1.743, exp=1.806, diff=-0.063 
Region 11: obs=2.104, exp=1.806, diff=+0.298 
Region 12: obs=1.800, exp=1.806, diff=-0.006 
Region 13: obs=1.817, exp=1.806, diff=+0.012 
Region 14: obs=1.994, exp=1.806, diff=+0.189 
Region 15: obs=1.888, exp=1.806, diff=+0.082 
Region 16: obs=2.180, exp=1.806, diff=+0.374 
Region 17: obs=1.899, exp=1.806, diff=+0.093 
Region 18: obs=1.764, exp=1.806, diff=-0.042 
Region 19: obs=1.910, exp=1.806, diff=+0.104 
Region 20: obs=1.697, exp=1.806, diff=-0.109 
Region 21: obs=1.872, exp=1.806, diff=+0.066 
Region 22: obs=1.654, exp=1.806, diff=-0.152 
Region 23: obs=1.939, exp=1.806, diff=+0.133 
Region 24: obs=1.747, exp=1.806, diff=-0.059 
Region 25: obs=1.734, exp=1.806, diff=-0.072 
Region 26: obs=1.717, exp=1.806, diff=-0.089 
Region 27: obs=2.438, exp=1.806, diff=+0.632 *
Region 28: obs=1.856, exp=1.806, diff=+0.050 

[Gene CN Results]
  CYP3A5: 1.81 → 1.8059661388397217
Using device: cuda

=== Running VAE with seed 42 ===
Global Pooled JS: 0.017080
Seed 42, Step    0: Loss = 183.39 (Recon: 52.98, Allele KL: 1.23, Base KL: 59.60, Functional KL: 0.02
Global Pooled JS: 0.004177
Seed 42, Step  500: Loss = 93.12 (Recon: 28.53, Allele KL: 5.89, Base KL: 13319.06, Functional KL: 0.00
Global Pooled JS: 0.002376
Seed 42, Step 1000: Loss = 77.01 (Recon: 22.91, Allele KL: 6.74, Base KL: 13423.59, Functional KL: 0.00
Global Pooled JS: 0.001319
Seed 42, Step 1500: Loss = 68.12 (Recon: 19.42, Allele KL: 8.33, Base KL: 13391.41, Functional KL: 0.00
Global Pooled JS: 0.001252
Seed 42, Step 2000: Loss = 70.06 (Recon: 19.19, Allele KL: 10.95, Base KL: 13394.94, Functional KL: 0.00
Global Pooled JS: 0.001307
Seed 42, Step 2500: Loss = 75.42 (Recon: 19.25, Allele KL: 16.07, Base KL: 13364.27, Functional KL: 0.00

Top Variants with Coverage Mismatches:
Rank   Variant                        Expected     Observed     Diff       |Div|       
------------------------------------------------------------------------------------------
1      CYP3A5:99270538→P              0.03         0.00         0.03       0.000305    
2      CYP3A5:99270538→T              0.03         0.00         0.03       0.000302    
3      CYP3A5:99270538→N              0.03         0.00         0.03       0.000301    
4      CYP3A5:99270538→G              0.03         0.00         0.03       0.000300    
5      CYP3A5:99270538→A              0.03         0.00         0.03       0.000298    
6      CYP3A5:99270538→M              0.03         0.00         0.03       0.000298    
7      CYP3A5:99270538→C              31.17        34.00        -2.83      0.000003    
New best model with final loss: 77.69

=== Running VAE with seed 123 ===
Global Pooled JS: 0.017378
Seed 123, Step    0: Loss = 225.72 (Recon: 94.73, Allele KL: 1.04, Base KL: 85.10, Functional KL: 0.02
Global Pooled JS: 0.001386
Seed 123, Step  500: Loss = 71.94 (Recon: 19.64, Allele KL: 11.49, Base KL: 13430.08, Functional KL: 0.00
Global Pooled JS: 0.001740
Seed 123, Step 1000: Loss = 73.95 (Recon: 20.66, Allele KL: 10.10, Base KL: 13425.37, Functional KL: 0.00
Global Pooled JS: 0.001747
Seed 123, Step 1500: Loss = 73.58 (Recon: 20.74, Allele KL: 9.66, Base KL: 13319.57, Functional KL: 0.00
Global Pooled JS: 0.001402
Seed 123, Step 2000: Loss = 73.48 (Recon: 19.73, Allele KL: 12.78, Base KL: 13400.96, Functional KL: 0.00
Global Pooled JS: 0.001369
Seed 123, Step 2500: Loss = 72.81 (Recon: 19.49, Allele KL: 12.72, Base KL: 13384.57, Functional KL: 0.00

Top Variants with Coverage Mismatches:
Rank   Variant                        Expected     Observed     Diff       |Div|       
------------------------------------------------------------------------------------------
1      CYP3A5:99270538→A              0.03         0.00         0.03       0.000290    
2      CYP3A5:99270538→G              0.03         0.00         0.03       0.000288    
3      CYP3A5:99270538→T              0.03         0.00         0.03       0.000287    
4      CYP3A5:99270538→P              0.03         0.00         0.03       0.000287    
5      CYP3A5:99270538→N              0.03         0.00         0.03       0.000286    
6      CYP3A5:99270538→M              0.03         0.00         0.03       0.000281    
7      CYP3A5:99270538→C              31.18        34.00        -2.82      0.000003    
New best model with final loss: 73.67

=== Running VAE with seed 456 ===
Global Pooled JS: 0.017516
Seed 456, Step    0: Loss = 183.97 (Recon: 49.68, Allele KL: 2.20, Base KL: 96.61, Functional KL: 0.02
Global Pooled JS: 0.001609
Seed 456, Step  500: Loss = 72.06 (Recon: 20.34, Allele KL: 9.38, Base KL: 13468.10, Functional KL: 0.00
Global Pooled JS: 0.001390
Seed 456, Step 1000: Loss = 72.41 (Recon: 19.59, Allele KL: 12.01, Base KL: 13447.69, Functional KL: 0.00
Global Pooled JS: 0.002690
Seed 456, Step 1500: Loss = 82.10 (Recon: 23.64, Allele KL: 9.05, Base KL: 13433.20, Functional KL: 0.00
Global Pooled JS: 0.001685
Seed 456, Step 2000: Loss = 72.70 (Recon: 20.40, Allele KL: 9.45, Base KL: 13431.69, Functional KL: 0.00
Global Pooled JS: 0.002292
Seed 456, Step 2500: Loss = 78.07 (Recon: 22.67, Allele KL: 8.61, Base KL: 13411.68, Functional KL: 0.00

Top Variants with Coverage Mismatches:
Rank   Variant                        Expected     Observed     Diff       |Div|       
------------------------------------------------------------------------------------------
1      CYP3A5:99270538→P              0.02         0.00         0.02       0.000243    
2      CYP3A5:99270538→T              0.02         0.00         0.02       0.000242    
3      CYP3A5:99270538→A              0.02         0.00         0.02       0.000242    
4      CYP3A5:99270538→G              0.02         0.00         0.02       0.000242    
5      CYP3A5:99270538→M              0.02         0.00         0.02       0.000236    
6      CYP3A5:99270538→N              0.02         0.00         0.02       0.000236    
7      CYP3A5:99270538→C              31.20        34.00        -2.80      0.000002    

=== Multi-Seed VAE Results ===
Best model had seed 123 with final loss: 73.67
All seeds final losses:
  Seed 42: Total=77.69 (Recon=22.64, A_KL=8.24, B_KL=13286.56)
  Seed 123: Total=73.67 (Recon=21.01, A_KL=9.17, B_KL=13417.00) <- Best
  Seed 456: Total=83.50 (Recon=23.69, A_KL=11.26, B_KL=13327.03)
[time] run_vae took 168.58s (2,592.45703125 MB; 2,592.45703125 MB)

[Raw]:
CYP3A5*3: Normalized=1.0000, Unnormalized=1.00

[Alleles]
CYP3A5*3
CYP3A5*3
	Command being timed: "python cyp.py CYP3A5 /project/shared/aldy-data/wgs/NA07056.wgs.cram"
	User time (seconds): 149.50
	System time (seconds): 29.33
	Percent of CPU this job got: 99%
	Elapsed (wall clock) time (h:mm:ss or m:ss): 2:59.23
	Average shared text size (kbytes): 0
	Average unshared data size (kbytes): 0
	Average stack size (kbytes): 0
	Average total size (kbytes): 0
	Maximum resident set size (kbytes): 2654700
	Average resident set size (kbytes): 0
	Major (requiring I/O) page faults: 0
	Minor (reclaiming a frame) page faults: 809816
	Voluntary context switches: 22966
	Involuntary context switches: 146
	Swaps: 0
	File system inputs: 0
	File system outputs: 40
	Socket messages sent: 0
	Socket messages received: 0
	Signals delivered: 0
	Page size (bytes): 4096
	Exit status: 0
