2026-05-16 17:51:01.757955: I tensorflow/core/util/port.cc:111] oneDNN custom operations are on. You may see slightly different numerical results due to floating-point round-off errors from different computation orders. To turn them off, set the environment variable `TF_ENABLE_ONEDNN_OPTS=0`.
2026-05-16 17:51:01.796856: E tensorflow/compiler/xla/stream_executor/cuda/cuda_dnn.cc:9342] Unable to register cuDNN factory: Attempting to register factory for plugin cuDNN when one has already been registered
2026-05-16 17:51:01.797013: E tensorflow/compiler/xla/stream_executor/cuda/cuda_fft.cc:609] Unable to register cuFFT factory: Attempting to register factory for plugin cuFFT when one has already been registered
2026-05-16 17:51:01.797139: E tensorflow/compiler/xla/stream_executor/cuda/cuda_blas.cc:1518] Unable to register cuBLAS factory: Attempting to register factory for plugin cuBLAS when one has already been registered
2026-05-16 17:51:01.805895: I tensorflow/core/platform/cpu_feature_guard.cc:182] This TensorFlow binary is optimized to use available CPU instructions in performance-critical operations.
To enable the following instructions: AVX2 AVX512F AVX512_VNNI FMA, in other operations, rebuild TensorFlow with the appropriate compiler flags.
AttributeError: 'MessageFactory' object has no attribute 'GetPrototype'
2026-05-16 17:51:03.085197: W tensorflow/compiler/tf2tensorrt/utils/py_utils.cc:38] TF-TRT Warning: Could not find TensorRT
AttributeError: 'MessageFactory' object has no attribute 'GetPrototype'
[info] total indices 175
[info] total variants 175
3.001 was filtered out as 99270538 T>C needs C but not covered
3.012 was filtered out as 99270538 T>C needs C but not covered
3.013 was filtered out as 99270538 T>C needs C but not covered
3.014 was filtered out as 99270538 T>C needs C but not covered
3.015 was filtered out as 99270538 T>C needs C but not covered
3.016 was filtered out as 99270538 T>C needs C but not covered
3.002 was filtered out as 99270538 T>C needs C but not covered
3.003 was filtered out as 99270538 T>C needs C but not covered
3.004 was filtered out as 99270538 T>C needs C but not covered
3.005 was filtered out as 99270538 T>C needs C but not covered
3.006 was filtered out as 99270538 T>C needs C but not covered
3.007 was filtered out as 99270538 T>C needs C but not covered
3.008 was filtered out as 99270538 T>C needs C but not covered
3.009 was filtered out as 99270538 T>C needs C but not covered
3.010 was filtered out as 99270538 T>C needs C but not covered
3.017 was filtered out as 99270538 T>C needs C but not covered
6.001 was filtered out as 99262834 C>T needs T but not covered
8.001 was filtered out as 99273820 G>A needs A but not covered
9.001 was filtered out as 99258138 C>T needs T but not covered
[filter] CYP3A5 1 => 1.001; 1.002; 1.003; 1.004; 1.005
[filter] CYP3A5 7 => 7.001
[filter] valid_alleles=6
Step 0: Loss=0.1012, CN=[2.0999167]
Step 100: Loss=0.0375, CN=[2.3861446]
Step 200: Loss=0.0375, CN=[2.3853683]
Step 300: Loss=0.0375, CN=[2.3853667]
Step 400: Loss=0.0375, CN=[2.3853667]

=== Fit ===
Region 0: obs=2.436, exp=2.385, diff=+0.050 
Region 1: obs=2.125, exp=2.385, diff=-0.261 
Region 2: obs=2.168, exp=2.385, diff=-0.217 
Region 3: obs=2.309, exp=2.385, diff=-0.077 
Region 4: obs=2.590, exp=2.385, diff=+0.205 
Region 5: obs=2.059, exp=2.385, diff=-0.326 
Region 6: obs=2.189, exp=2.385, diff=-0.196 
Region 7: obs=2.692, exp=2.385, diff=+0.307 
Region 8: obs=2.045, exp=2.385, diff=-0.341 
Region 9: obs=2.443, exp=2.385, diff=+0.057 
Region 10: obs=2.611, exp=2.385, diff=+0.225 
Region 11: obs=2.445, exp=2.385, diff=+0.060 
Region 12: obs=2.163, exp=2.385, diff=-0.222 
Region 13: obs=2.369, exp=2.385, diff=-0.016 
Region 14: obs=2.258, exp=2.385, diff=-0.128 
Region 15: obs=2.942, exp=2.385, diff=+0.556 *
Region 16: obs=2.848, exp=2.385, diff=+0.463 
Region 17: obs=2.245, exp=2.385, diff=-0.141 
Region 18: obs=1.895, exp=2.385, diff=-0.490 
Region 19: obs=2.368, exp=2.385, diff=-0.018 
Region 20: obs=2.243, exp=2.385, diff=-0.142 
Region 21: obs=2.331, exp=2.385, diff=-0.054 
Region 22: obs=2.528, exp=2.385, diff=+0.143 
Region 23: obs=2.400, exp=2.385, diff=+0.015 
Region 24: obs=1.978, exp=2.385, diff=-0.407 
Region 25: obs=2.415, exp=2.385, diff=+0.029 
Region 26: obs=2.943, exp=2.385, diff=+0.558 *
Region 27: obs=2.866, exp=2.385, diff=+0.481 
Region 28: obs=2.387, exp=2.385, diff=+0.001 

[Gene CN Results]
  CYP3A5: 2.39 → 2.385366678237915
Using device: cuda

=== Running VAE with seed 42 ===
Global Pooled JS: 0.075065
Seed 42, Step    0: Loss = 562.86 (Recon: 90.24, Allele KL: 4.06, Base KL: 85.84, Functional KL: 0.08
Global Pooled JS: 0.000720
Seed 42, Step  500: Loss = 61.79 (Recon: 23.39, Allele KL: 14.60, Base KL: 6558.31, Functional KL: 0.00
Global Pooled JS: 0.001071
Seed 42, Step 1000: Loss = 67.34 (Recon: 28.11, Allele KL: 12.84, Base KL: 6644.89, Functional KL: 0.00
Global Pooled JS: 0.001830
Seed 42, Step 1500: Loss = 73.19 (Recon: 28.60, Allele KL: 13.57, Base KL: 6612.19, Functional KL: 0.00
Global Pooled JS: 0.000786
Seed 42, Step 2000: Loss = 66.54 (Recon: 29.40, Allele KL: 12.49, Base KL: 6604.80, Functional KL: 0.00
Global Pooled JS: 0.000860
Seed 42, Step 2500: Loss = 61.13 (Recon: 23.95, Allele KL: 12.47, Base KL: 6602.46, Functional KL: 0.00

Top Variants with Coverage Mismatches:
Rank   Variant                        Expected     Observed     Diff       |Div|       
------------------------------------------------------------------------------------------
1      CYP3A5:99250392→P              13.97        18.00        -4.03      0.000143    
2      CYP3A5:99250392→C              0.02         0.00         0.02       0.000133    
3      CYP3A5:99250392→M              0.02         0.00         0.02       0.000133    
4      CYP3A5:99250392→N              0.02         0.00         0.02       0.000131    
5      CYP3A5:99250392→G              0.02         0.00         0.02       0.000129    
6      CYP3A5:99250392→A              0.02         0.00         0.02       0.000127    
7      CYP3A5:99250392→T              38.93        46.00        -7.07      0.000043    
New best model with final loss: 69.68

=== Running VAE with seed 123 ===
Global Pooled JS: 0.242238
Seed 123, Step    0: Loss = 1583.15 (Recon: 110.64, Allele KL: 2.11, Base KL: 128.88, Functional KL: 0.24
Global Pooled JS: 0.000802
Seed 123, Step  500: Loss = 63.52 (Recon: 26.93, Allele KL: 11.87, Base KL: 6577.01, Functional KL: 0.00
Global Pooled JS: 0.000750
Seed 123, Step 1000: Loss = 67.45 (Recon: 28.56, Allele KL: 14.44, Base KL: 6570.74, Functional KL: 0.00
Global Pooled JS: 0.000714
Seed 123, Step 1500: Loss = 62.64 (Recon: 26.65, Allele KL: 11.95, Base KL: 6595.28, Functional KL: 0.00
Global Pooled JS: 0.001282
Seed 123, Step 2000: Loss = 66.75 (Recon: 28.29, Allele KL: 10.82, Base KL: 6601.69, Functional KL: 0.00
Global Pooled JS: 0.000686
Seed 123, Step 2500: Loss = 63.79 (Recon: 25.83, Allele KL: 14.03, Base KL: 6622.29, Functional KL: 0.00

Top Variants with Coverage Mismatches:
Rank   Variant                        Expected     Observed     Diff       |Div|       
------------------------------------------------------------------------------------------
1      CYP3A5:99250392→P              13.92        18.00        -4.08      0.000160    
2      CYP3A5:99250392→A              0.02         0.00         0.02       0.000132    
3      CYP3A5:99250392→G              0.02         0.00         0.02       0.000128    
4      CYP3A5:99250392→C              0.02         0.00         0.02       0.000126    
5      CYP3A5:99250392→M              0.02         0.00         0.02       0.000126    
6      CYP3A5:99250392→N              0.02         0.00         0.02       0.000126    
7      CYP3A5:99250392→T              38.99        46.00        -7.01      0.000049    
New best model with final loss: 66.56

=== Running VAE with seed 456 ===
Global Pooled JS: 0.006554
Seed 456, Step    0: Loss = 146.82 (Recon: 86.42, Allele KL: 2.38, Base KL: 158.71, Functional KL: 0.01
Global Pooled JS: 0.000920
Seed 456, Step  500: Loss = 66.36 (Recon: 26.90, Allele KL: 14.10, Base KL: 6642.48, Functional KL: 0.00
Global Pooled JS: 0.001438
Seed 456, Step 1000: Loss = 65.86 (Recon: 24.64, Allele KL: 13.04, Base KL: 6600.66, Functional KL: 0.00
Global Pooled JS: 0.000901
Seed 456, Step 1500: Loss = 67.31 (Recon: 30.99, Allele KL: 10.82, Base KL: 6614.39, Functional KL: 0.00
Global Pooled JS: 0.001204
Seed 456, Step 2000: Loss = 65.72 (Recon: 24.40, Allele KL: 14.49, Base KL: 6545.44, Functional KL: 0.00
Global Pooled JS: 0.000726
Seed 456, Step 2500: Loss = 64.25 (Recon: 25.32, Allele KL: 14.81, Base KL: 6647.46, Functional KL: 0.00

Top Variants with Coverage Mismatches:
Rank   Variant                        Expected     Observed     Diff       |Div|       
------------------------------------------------------------------------------------------
1      CYP3A5:99250392→M              0.02         0.00         0.02       0.000147    
2      CYP3A5:99250392→G              0.02         0.00         0.02       0.000144    
3      CYP3A5:99250392→A              0.02         0.00         0.02       0.000142    
4      CYP3A5:99250392→N              0.02         0.00         0.02       0.000141    
5      CYP3A5:99250392→C              0.02         0.00         0.02       0.000141    
6      CYP3A5:99250392→T              37.94        46.00        -8.06      0.000002    
7      CYP3A5:99250392→P              14.95        18.00        -3.05      0.000000    
New best model with final loss: 64.57

=== Multi-Seed VAE Results ===
Best model had seed 456 with final loss: 64.57
All seeds final losses:
  Seed 42: Total=69.68 (Recon=28.42, A_KL=12.49, B_KL=6699.01)
  Seed 123: Total=66.56 (Recon=27.58, A_KL=11.87, B_KL=6688.80)
  Seed 456: Total=64.57 (Recon=27.14, A_KL=13.35, B_KL=6651.38) <- Best
[time] run_vae took 164.36s (2,608.89453125 MB; 2,608.89453125 MB)

[Raw]:
CYP3A5*1: Normalized=0.7153, Unnormalized=0.72
CYP3A5*7: Normalized=0.2847, Unnormalized=0.28

[Alleles]
CYP3A5*1
CYP3A5*7
	Command being timed: "python cyp.py CYP3A5 /project/shared/aldy-data/wgs/NA18509.wgs.cram"
	User time (seconds): 146.29
	System time (seconds): 27.90
	Percent of CPU this job got: 99%
	Elapsed (wall clock) time (h:mm:ss or m:ss): 2:54.65
	Average shared text size (kbytes): 0
	Average unshared data size (kbytes): 0
	Average stack size (kbytes): 0
	Average total size (kbytes): 0
	Maximum resident set size (kbytes): 2671544
	Average resident set size (kbytes): 0
	Major (requiring I/O) page faults: 0
	Minor (reclaiming a frame) page faults: 746900
	Voluntary context switches: 22857
	Involuntary context switches: 157
	Swaps: 0
	File system inputs: 0
	File system outputs: 40
	Socket messages sent: 0
	Socket messages received: 0
	Signals delivered: 0
	Page size (bytes): 4096
	Exit status: 0
