2026-05-16 17:53:50.505984: I tensorflow/core/util/port.cc:111] oneDNN custom operations are on. You may see slightly different numerical results due to floating-point round-off errors from different computation orders. To turn them off, set the environment variable `TF_ENABLE_ONEDNN_OPTS=0`.
2026-05-16 17:53:50.545479: E tensorflow/compiler/xla/stream_executor/cuda/cuda_dnn.cc:9342] Unable to register cuDNN factory: Attempting to register factory for plugin cuDNN when one has already been registered
2026-05-16 17:53:50.545578: E tensorflow/compiler/xla/stream_executor/cuda/cuda_fft.cc:609] Unable to register cuFFT factory: Attempting to register factory for plugin cuFFT when one has already been registered
2026-05-16 17:53:50.545717: E tensorflow/compiler/xla/stream_executor/cuda/cuda_blas.cc:1518] Unable to register cuBLAS factory: Attempting to register factory for plugin cuBLAS when one has already been registered
2026-05-16 17:53:50.555015: I tensorflow/core/platform/cpu_feature_guard.cc:182] This TensorFlow binary is optimized to use available CPU instructions in performance-critical operations.
To enable the following instructions: AVX2 AVX512F AVX512_VNNI FMA, in other operations, rebuild TensorFlow with the appropriate compiler flags.
AttributeError: 'MessageFactory' object has no attribute 'GetPrototype'
2026-05-16 17:53:52.032991: W tensorflow/compiler/tf2tensorrt/utils/py_utils.cc:38] TF-TRT Warning: Could not find TensorRT
AttributeError: 'MessageFactory' object has no attribute 'GetPrototype'
[info] total indices 175
[info] total variants 175
3.002 was filtered out as 99273814 G>A needs A but not covered
3.003 was filtered out as 99270275 A>C needs C but not covered
3.004 was filtered out as 99245973 A>G needs G but not covered
3.005 was filtered out as 99264572 A>G needs G but not covered
3.006 was filtered out as 99247742 T>C needs C but not covered
3.007 was filtered out as 99247771 A>G needs G but not covered
3.008 was filtered out as 99273744 T>C needs C but not covered
3.009 was filtered out as 99262859 T>C needs C but not covered
3.010 was filtered out as 99250235 G>T needs T but not covered
3.017 was filtered out as 99262850 A>C needs C but not covered
6.001 was filtered out as 99262834 C>T needs T but not covered
7.001 was filtered out as 99250392 insA needs P but not covered
8.001 was filtered out as 99273820 G>A needs A but not covered
9.001 was filtered out as 99258138 C>T needs T but not covered
[filter] CYP3A5 1 => 1.001; 1.002; 1.003; 1.004; 1.005
[filter] CYP3A5 3 => 3.001; 3.012; 3.013; 3.014; 3.015; 3.016
[filter] valid_alleles=11
Step 0: Loss=0.3345, CN=[2.0999167]
Step 100: Loss=0.0368, CN=[2.9134123]
Step 200: Loss=0.0368, CN=[2.9160726]
Step 300: Loss=0.0368, CN=[2.9160774]
Step 400: Loss=0.0368, CN=[2.9160774]

=== Fit ===
Region 0: obs=2.936, exp=2.916, diff=+0.020 
Region 1: obs=3.390, exp=2.916, diff=+0.474 
Region 2: obs=2.743, exp=2.916, diff=-0.173 
Region 3: obs=2.742, exp=2.916, diff=-0.174 
Region 4: obs=2.495, exp=2.916, diff=-0.421 
Region 5: obs=2.373, exp=2.916, diff=-0.543 *
Region 6: obs=2.479, exp=2.916, diff=-0.437 
Region 7: obs=3.096, exp=2.916, diff=+0.180 
Region 8: obs=2.505, exp=2.916, diff=-0.411 
Region 9: obs=2.938, exp=2.916, diff=+0.022 
Region 10: obs=3.363, exp=2.916, diff=+0.447 
Region 11: obs=2.868, exp=2.916, diff=-0.048 
Region 12: obs=2.980, exp=2.916, diff=+0.064 
Region 13: obs=3.060, exp=2.916, diff=+0.144 
Region 14: obs=3.003, exp=2.916, diff=+0.087 
Region 15: obs=2.806, exp=2.916, diff=-0.110 
Region 16: obs=3.035, exp=2.916, diff=+0.119 
Region 17: obs=2.972, exp=2.916, diff=+0.056 
Region 18: obs=3.062, exp=2.916, diff=+0.146 
Region 19: obs=2.865, exp=2.916, diff=-0.051 
Region 20: obs=2.465, exp=2.916, diff=-0.451 
Region 21: obs=2.805, exp=2.916, diff=-0.111 
Region 22: obs=3.014, exp=2.916, diff=+0.098 
Region 23: obs=2.924, exp=2.916, diff=+0.008 
Region 24: obs=2.904, exp=2.916, diff=-0.012 
Region 25: obs=3.087, exp=2.916, diff=+0.171 
Region 26: obs=3.525, exp=2.916, diff=+0.609 *
Region 27: obs=3.197, exp=2.916, diff=+0.280 
Region 28: obs=3.000, exp=2.916, diff=+0.084 

[Gene CN Results]
  CYP3A5: 2.92 → 2.9160773754119873
Using device: cuda

=== Running VAE with seed 42 ===
Global Pooled JS: 0.009331
Seed 42, Step    0: Loss = 185.72 (Recon: 98.08, Allele KL: 3.87, Base KL: 543.59, Functional KL: 0.01
Global Pooled JS: 0.002042
Seed 42, Step  500: Loss = 118.37 (Recon: 49.26, Allele KL: 24.90, Base KL: 9310.60, Functional KL: 0.00
Global Pooled JS: 0.001323
Seed 42, Step 1000: Loss = 112.23 (Recon: 50.52, Allele KL: 21.54, Base KL: 9481.60, Functional KL: 0.00
Global Pooled JS: 0.002987
Seed 42, Step 1500: Loss = 124.10 (Recon: 58.25, Allele KL: 14.76, Base KL: 9580.95, Functional KL: 0.00
Global Pooled JS: 0.003555
Seed 42, Step 2000: Loss = 127.43 (Recon: 53.12, Allele KL: 20.44, Base KL: 9485.62, Functional KL: 0.00
Global Pooled JS: 0.001335
Seed 42, Step 2500: Loss = 110.95 (Recon: 50.22, Allele KL: 20.58, Base KL: 9416.84, Functional KL: 0.00

Top Variants with Coverage Mismatches:
Rank   Variant                        Expected     Observed     Diff       |Div|       
------------------------------------------------------------------------------------------
1      CYP3A5:99270538→A              0.04         0.00         0.04       0.000246    
2      CYP3A5:99270538→P              0.04         0.00         0.04       0.000242    
3      CYP3A5:99270538→N              0.04         0.00         0.04       0.000240    
4      CYP3A5:99270538→G              0.04         0.00         0.04       0.000236    
5      CYP3A5:99270538→M              0.04         0.00         0.04       0.000236    
6      CYP3A5:99270538→T              27.48        27.00        0.48       0.000009    
7      CYP3A5:99270538→C              24.84        24.00        0.84       0.000002    
New best model with final loss: 114.24

=== Running VAE with seed 123 ===
Global Pooled JS: 0.077358
Seed 123, Step    0: Loss = 614.63 (Recon: 113.35, Allele KL: 9.76, Base KL: 681.39, Functional KL: 0.08
Global Pooled JS: 0.001969
Seed 123, Step  500: Loss = 115.95 (Recon: 53.73, Allele KL: 17.96, Base KL: 9473.32, Functional KL: 0.00
Global Pooled JS: 0.002196
Seed 123, Step 1000: Loss = 120.97 (Recon: 56.12, Allele KL: 18.96, Base KL: 9596.58, Functional KL: 0.00
Global Pooled JS: 0.002151
Seed 123, Step 1500: Loss = 117.81 (Recon: 54.10, Allele KL: 18.30, Base KL: 9472.32, Functional KL: 0.00
Global Pooled JS: 0.001430
Seed 123, Step 2000: Loss = 111.63 (Recon: 52.71, Allele KL: 17.90, Base KL: 9455.73, Functional KL: 0.00
Global Pooled JS: 0.001361
Seed 123, Step 2500: Loss = 111.60 (Recon: 53.09, Allele KL: 17.79, Base KL: 9469.74, Functional KL: 0.00

Top Variants with Coverage Mismatches:
Rank   Variant                        Expected     Observed     Diff       |Div|       
------------------------------------------------------------------------------------------
1      CYP3A5:99270538→N              0.04         0.00         0.04       0.000241    
2      CYP3A5:99270538→G              0.04         0.00         0.04       0.000240    
3      CYP3A5:99270538→A              0.04         0.00         0.04       0.000240    
4      CYP3A5:99270538→M              0.04         0.00         0.04       0.000238    
5      CYP3A5:99270538→P              0.04         0.00         0.04       0.000236    
6      CYP3A5:99270538→T              27.39        27.00        0.39       0.000014    
7      CYP3A5:99270538→C              24.93        24.00        0.93       0.000005    

=== Running VAE with seed 456 ===
Global Pooled JS: 0.012627
Seed 456, Step    0: Loss = 233.51 (Recon: 112.38, Allele KL: 18.35, Base KL: 914.46, Functional KL: 0.01
Global Pooled JS: 0.001374
Seed 456, Step  500: Loss = 112.70 (Recon: 54.12, Allele KL: 17.81, Base KL: 9411.13, Functional KL: 0.00
Global Pooled JS: 0.001383
Seed 456, Step 1000: Loss = 111.86 (Recon: 52.34, Allele KL: 18.77, Base KL: 9481.29, Functional KL: 0.00
Global Pooled JS: 0.001577
Seed 456, Step 1500: Loss = 115.67 (Recon: 55.47, Allele KL: 18.08, Base KL: 9507.00, Functional KL: 0.00
Global Pooled JS: 0.001809
Seed 456, Step 2000: Loss = 113.85 (Recon: 51.98, Allele KL: 18.64, Base KL: 9531.43, Functional KL: 0.00
Global Pooled JS: 0.001412
Seed 456, Step 2500: Loss = 113.33 (Recon: 52.47, Allele KL: 20.05, Base KL: 9427.85, Functional KL: 0.00

Top Variants with Coverage Mismatches:
Rank   Variant                        Expected     Observed     Diff       |Div|       
------------------------------------------------------------------------------------------
1      CYP3A5:99270538→N              0.04         0.00         0.04       0.000241    
2      CYP3A5:99270538→G              0.04         0.00         0.04       0.000238    
3      CYP3A5:99270538→A              0.04         0.00         0.04       0.000236    
4      CYP3A5:99270538→M              0.04         0.00         0.04       0.000236    
5      CYP3A5:99270538→P              0.04         0.00         0.04       0.000234    
6      CYP3A5:99270538→T              27.68        27.00        0.68       0.000001    
7      CYP3A5:99270538→C              24.64        24.00        0.64       0.000000    
New best model with final loss: 113.08

=== Multi-Seed VAE Results ===
Best model had seed 456 with final loss: 113.08
All seeds final losses:
  Seed 42: Total=114.24 (Recon=54.29, A_KL=18.69, B_KL=9761.08)
  Seed 123: Total=124.08 (Recon=52.57, A_KL=19.17, B_KL=9428.55)
  Seed 456: Total=113.08 (Recon=54.08, A_KL=18.64, B_KL=9534.06) <- Best
[time] run_vae took 160.23s (2,634.25 MB; 2,634.25 MB)

[Raw]:
CYP3A5*1: Normalized=0.5263, Unnormalized=0.53
CYP3A5*3: Normalized=0.4737, Unnormalized=0.47

[Alleles]
CYP3A5*1
CYP3A5*3
	Command being timed: "python cyp.py CYP3A5 /project/shared/aldy-data/wgs/NA18524.wgs.cram"
	User time (seconds): 142.50
	System time (seconds): 27.86
	Percent of CPU this job got: 99%
	Elapsed (wall clock) time (h:mm:ss or m:ss): 2:51.00
	Average shared text size (kbytes): 0
	Average unshared data size (kbytes): 0
	Average stack size (kbytes): 0
	Average total size (kbytes): 0
	Maximum resident set size (kbytes): 2703776
	Average resident set size (kbytes): 0
	Major (requiring I/O) page faults: 0
	Minor (reclaiming a frame) page faults: 712483
	Voluntary context switches: 25065
	Involuntary context switches: 4278
	Swaps: 0
	File system inputs: 0
	File system outputs: 40
	Socket messages sent: 0
	Socket messages received: 0
	Signals delivered: 0
	Page size (bytes): 4096
	Exit status: 0
