2026-05-16 18:08:10.870167: I tensorflow/core/util/port.cc:111] oneDNN custom operations are on. You may see slightly different numerical results due to floating-point round-off errors from different computation orders. To turn them off, set the environment variable `TF_ENABLE_ONEDNN_OPTS=0`.
2026-05-16 18:08:10.909333: E tensorflow/compiler/xla/stream_executor/cuda/cuda_dnn.cc:9342] Unable to register cuDNN factory: Attempting to register factory for plugin cuDNN when one has already been registered
2026-05-16 18:08:10.909504: E tensorflow/compiler/xla/stream_executor/cuda/cuda_fft.cc:609] Unable to register cuFFT factory: Attempting to register factory for plugin cuFFT when one has already been registered
2026-05-16 18:08:10.909639: E tensorflow/compiler/xla/stream_executor/cuda/cuda_blas.cc:1518] Unable to register cuBLAS factory: Attempting to register factory for plugin cuBLAS when one has already been registered
2026-05-16 18:08:10.918420: I tensorflow/core/platform/cpu_feature_guard.cc:182] This TensorFlow binary is optimized to use available CPU instructions in performance-critical operations.
To enable the following instructions: AVX2 AVX512F AVX512_VNNI FMA, in other operations, rebuild TensorFlow with the appropriate compiler flags.
AttributeError: 'MessageFactory' object has no attribute 'GetPrototype'
2026-05-16 18:08:12.083735: W tensorflow/compiler/tf2tensorrt/utils/py_utils.cc:38] TF-TRT Warning: Could not find TensorRT
AttributeError: 'MessageFactory' object has no attribute 'GetPrototype'
[info] total indices 175
[info] total variants 175
3.001 was filtered out as 99270538 T>C needs C but not covered
3.012 was filtered out as 99270538 T>C needs C but not covered
3.013 was filtered out as 99270538 T>C needs C but not covered
3.014 was filtered out as 99270538 T>C needs C but not covered
3.015 was filtered out as 99270538 T>C needs C but not covered
3.016 was filtered out as 99270538 T>C needs C but not covered
3.002 was filtered out as 99270538 T>C needs C but not covered
3.003 was filtered out as 99270538 T>C needs C but not covered
3.004 was filtered out as 99270538 T>C needs C but not covered
3.005 was filtered out as 99270538 T>C needs C but not covered
3.006 was filtered out as 99270538 T>C needs C but not covered
3.007 was filtered out as 99270538 T>C needs C but not covered
3.008 was filtered out as 99270538 T>C needs C but not covered
3.009 was filtered out as 99270538 T>C needs C but not covered
3.010 was filtered out as 99270538 T>C needs C but not covered
3.017 was filtered out as 99270538 T>C needs C but not covered
6.001 was filtered out as 99262834 C>T needs T but not covered
7.001 was filtered out as 99250392 insA needs P but not covered
8.001 was filtered out as 99273820 G>A needs A but not covered
9.001 was filtered out as 99258138 C>T needs T but not covered
[filter] CYP3A5 1 => 1.001; 1.002; 1.003; 1.004; 1.005
[filter] valid_alleles=5
Step 0: Loss=0.1845, CN=[2.0999167]
Step 100: Loss=0.0495, CN=[2.57088]
Step 200: Loss=0.0495, CN=[2.5732725]
Step 300: Loss=0.0495, CN=[2.573264]
Step 400: Loss=0.0495, CN=[2.573264]

=== Fit ===
Region 0: obs=2.662, exp=2.573, diff=+0.089 
Region 1: obs=2.135, exp=2.573, diff=-0.438 
Region 2: obs=2.513, exp=2.573, diff=-0.060 
Region 3: obs=2.359, exp=2.573, diff=-0.214 
Region 4: obs=2.587, exp=2.573, diff=+0.013 
Region 5: obs=2.374, exp=2.573, diff=-0.199 
Region 6: obs=2.008, exp=2.573, diff=-0.566 *
Region 7: obs=2.586, exp=2.573, diff=+0.012 
Region 8: obs=2.566, exp=2.573, diff=-0.007 
Region 9: obs=2.629, exp=2.573, diff=+0.056 
Region 10: obs=2.732, exp=2.573, diff=+0.158 
Region 11: obs=2.837, exp=2.573, diff=+0.264 
Region 12: obs=2.672, exp=2.573, diff=+0.099 
Region 13: obs=2.581, exp=2.573, diff=+0.008 
Region 14: obs=3.400, exp=2.573, diff=+0.827 *
Region 15: obs=2.781, exp=2.573, diff=+0.208 
Region 16: obs=3.305, exp=2.573, diff=+0.732 *
Region 17: obs=2.687, exp=2.573, diff=+0.113 
Region 18: obs=2.125, exp=2.573, diff=-0.448 
Region 19: obs=2.585, exp=2.573, diff=+0.012 
Region 20: obs=2.820, exp=2.573, diff=+0.246 
Region 21: obs=2.503, exp=2.573, diff=-0.070 
Region 22: obs=2.481, exp=2.573, diff=-0.093 
Region 23: obs=2.487, exp=2.573, diff=-0.086 
Region 24: obs=1.673, exp=2.573, diff=-0.900 *
Region 25: obs=2.600, exp=2.573, diff=+0.027 
Region 26: obs=2.900, exp=2.573, diff=+0.327 
Region 27: obs=2.516, exp=2.573, diff=-0.057 
Region 28: obs=2.614, exp=2.573, diff=+0.040 

[Gene CN Results]
  CYP3A5: 2.57 → 2.5732638835906982
Using device: cuda

=== Running VAE with seed 42 ===
Global Pooled JS: 0.000000
Seed 42, Step    0: Loss = 151.71 (Recon: 126.78, Allele KL: 4.54, Base KL: 56.66, Functional KL: 0.00
Global Pooled JS: 0.000000
Seed 42, Step  500: Loss = 46.72 (Recon: 12.65, Allele KL: 17.15, Base KL: 3705.35, Functional KL: 0.00
Global Pooled JS: 0.000000
Seed 42, Step 1000: Loss = 47.02 (Recon: 19.65, Allele KL: 9.90, Base KL: 3707.87, Functional KL: 0.00
Global Pooled JS: 0.000000
Seed 42, Step 1500: Loss = 81.88 (Recon: 52.35, Allele KL: 10.92, Base KL: 3707.00, Functional KL: 0.00
Global Pooled JS: 0.000000
Seed 42, Step 2000: Loss = 44.46 (Recon: 19.98, Allele KL: 7.09, Base KL: 3622.02, Functional KL: 0.00
Global Pooled JS: 0.000000
Seed 42, Step 2500: Loss = 40.90 (Recon: 13.50, Allele KL: 10.44, Base KL: 3679.47, Functional KL: 0.00

Top Variants with Coverage Mismatches:
Rank   Variant                        Expected     Observed     Diff       |Div|       
------------------------------------------------------------------------------------------
New best model with final loss: 45.85

=== Running VAE with seed 123 ===
Global Pooled JS: 0.000000
Seed 123, Step    0: Loss = 112.87 (Recon: 90.92, Allele KL: 1.13, Base KL: 85.76, Functional KL: 0.00
Global Pooled JS: 0.000000
Seed 123, Step  500: Loss = 44.09 (Recon: 13.44, Allele KL: 13.66, Base KL: 3711.82, Functional KL: 0.00
Global Pooled JS: 0.000000
Seed 123, Step 1000: Loss = 44.83 (Recon: 17.44, Allele KL: 10.13, Base KL: 3719.09, Functional KL: 0.00
Global Pooled JS: 0.000000
Seed 123, Step 1500: Loss = 43.46 (Recon: 14.00, Allele KL: 12.29, Base KL: 3740.15, Functional KL: 0.00
Global Pooled JS: 0.000000
Seed 123, Step 2000: Loss = 42.84 (Recon: 14.77, Allele KL: 10.97, Base KL: 3736.90, Functional KL: 0.00
Global Pooled JS: 0.000000
Seed 123, Step 2500: Loss = 45.62 (Recon: 21.99, Allele KL: 5.85, Base KL: 3751.37, Functional KL: 0.00

Top Variants with Coverage Mismatches:
Rank   Variant                        Expected     Observed     Diff       |Div|       
------------------------------------------------------------------------------------------
New best model with final loss: 45.20

=== Running VAE with seed 456 ===
Global Pooled JS: 0.000000
Seed 456, Step    0: Loss = 131.16 (Recon: 109.08, Allele KL: 1.50, Base KL: 117.57, Functional KL: 0.00
Global Pooled JS: 0.000000
Seed 456, Step  500: Loss = 44.82 (Recon: 18.72, Allele KL: 8.63, Base KL: 3741.39, Functional KL: 0.00
Global Pooled JS: 0.000000
Seed 456, Step 1000: Loss = 39.53 (Recon: 15.81, Allele KL: 6.58, Base KL: 3690.65, Functional KL: 0.00
Global Pooled JS: 0.000000
Seed 456, Step 1500: Loss = 42.74 (Recon: 14.76, Allele KL: 11.03, Base KL: 3695.08, Functional KL: 0.00
Global Pooled JS: 0.000000
Seed 456, Step 2000: Loss = 40.44 (Recon: 13.90, Allele KL: 9.60, Base KL: 3683.40, Functional KL: 0.00
Global Pooled JS: 0.000000
Seed 456, Step 2500: Loss = 49.77 (Recon: 22.96, Allele KL: 9.27, Base KL: 3735.86, Functional KL: 0.00

Top Variants with Coverage Mismatches:
Rank   Variant                        Expected     Observed     Diff       |Div|       
------------------------------------------------------------------------------------------
New best model with final loss: 45.01

=== Multi-Seed VAE Results ===
Best model had seed 456 with final loss: 45.01
All seeds final losses:
  Seed 42: Total=45.85 (Recon=20.76, A_KL=7.49, B_KL=3709.60)
  Seed 123: Total=45.20 (Recon=19.70, A_KL=8.10, B_KL=3700.15)
  Seed 456: Total=45.01 (Recon=17.73, A_KL=9.93, B_KL=3704.45) <- Best
[time] run_vae took 157.61s (2,603.5703125 MB; 2,603.5703125 MB)

[Raw]:
CYP3A5*1: Normalized=1.0000, Unnormalized=1.00

[Alleles]
CYP3A5*1
CYP3A5*1
	Command being timed: "python cyp.py CYP3A5 /project/shared/aldy-data/wgs/NA19239.wgs.cram"
	User time (seconds): 141.56
	System time (seconds): 26.28
	Percent of CPU this job got: 99%
	Elapsed (wall clock) time (h:mm:ss or m:ss): 2:49.11
	Average shared text size (kbytes): 0
	Average unshared data size (kbytes): 0
	Average stack size (kbytes): 0
	Average total size (kbytes): 0
	Maximum resident set size (kbytes): 2666084
	Average resident set size (kbytes): 0
	Major (requiring I/O) page faults: 0
	Minor (reclaiming a frame) page faults: 811756
	Voluntary context switches: 22799
	Involuntary context switches: 161
	Swaps: 0
	File system inputs: 0
	File system outputs: 40
	Socket messages sent: 0
	Socket messages received: 0
	Signals delivered: 0
	Page size (bytes): 4096
	Exit status: 0
