2026-05-16 17:56:50.474879: I tensorflow/core/util/port.cc:111] oneDNN custom operations are on. You may see slightly different numerical results due to floating-point round-off errors from different computation orders. To turn them off, set the environment variable `TF_ENABLE_ONEDNN_OPTS=0`.
2026-05-16 17:56:50.514200: E tensorflow/compiler/xla/stream_executor/cuda/cuda_dnn.cc:9342] Unable to register cuDNN factory: Attempting to register factory for plugin cuDNN when one has already been registered
2026-05-16 17:56:50.514370: E tensorflow/compiler/xla/stream_executor/cuda/cuda_fft.cc:609] Unable to register cuFFT factory: Attempting to register factory for plugin cuFFT when one has already been registered
2026-05-16 17:56:50.514502: E tensorflow/compiler/xla/stream_executor/cuda/cuda_blas.cc:1518] Unable to register cuBLAS factory: Attempting to register factory for plugin cuBLAS when one has already been registered
2026-05-16 17:56:50.523206: I tensorflow/core/platform/cpu_feature_guard.cc:182] This TensorFlow binary is optimized to use available CPU instructions in performance-critical operations.
To enable the following instructions: AVX2 AVX512F AVX512_VNNI FMA, in other operations, rebuild TensorFlow with the appropriate compiler flags.
AttributeError: 'MessageFactory' object has no attribute 'GetPrototype'
2026-05-16 17:56:51.811208: W tensorflow/compiler/tf2tensorrt/utils/py_utils.cc:38] TF-TRT Warning: Could not find TensorRT
AttributeError: 'MessageFactory' object has no attribute 'GetPrototype'
[info] total indices 175
[info] total variants 175
3.001 was filtered out as 99270538 T>C needs C but not covered
3.012 was filtered out as 99270538 T>C needs C but not covered
3.013 was filtered out as 99270538 T>C needs C but not covered
3.014 was filtered out as 99270538 T>C needs C but not covered
3.015 was filtered out as 99270538 T>C needs C but not covered
3.016 was filtered out as 99270538 T>C needs C but not covered
3.002 was filtered out as 99270538 T>C needs C but not covered
3.003 was filtered out as 99270538 T>C needs C but not covered
3.004 was filtered out as 99270538 T>C needs C but not covered
3.005 was filtered out as 99270538 T>C needs C but not covered
3.006 was filtered out as 99270538 T>C needs C but not covered
3.007 was filtered out as 99270538 T>C needs C but not covered
3.008 was filtered out as 99270538 T>C needs C but not covered
3.009 was filtered out as 99270538 T>C needs C but not covered
3.010 was filtered out as 99270538 T>C needs C but not covered
3.017 was filtered out as 99270538 T>C needs C but not covered
6.001 was filtered out as 99262834 C>T needs T but not covered
7.001 was filtered out as 99250392 insA needs P but not covered
8.001 was filtered out as 99273820 G>A needs A but not covered
9.001 was filtered out as 99258138 C>T needs T but not covered
[filter] CYP3A5 1 => 1.001; 1.002; 1.003; 1.004; 1.005
[filter] valid_alleles=5
Step 0: Loss=0.1323, CN=[2.0999167]
Step 100: Loss=0.0502, CN=[2.4456556]
Step 200: Loss=0.0502, CN=[2.4452481]
Step 300: Loss=0.0502, CN=[2.4452543]
Step 400: Loss=0.0502, CN=[2.445254]

=== Fit ===
Region 0: obs=2.466, exp=2.445, diff=+0.021 
Region 1: obs=1.804, exp=2.445, diff=-0.641 *
Region 2: obs=1.638, exp=2.445, diff=-0.808 *
Region 3: obs=2.433, exp=2.445, diff=-0.012 
Region 4: obs=2.422, exp=2.445, diff=-0.023 
Region 5: obs=2.410, exp=2.445, diff=-0.035 
Region 6: obs=2.137, exp=2.445, diff=-0.308 
Region 7: obs=2.528, exp=2.445, diff=+0.083 
Region 8: obs=2.491, exp=2.445, diff=+0.046 
Region 9: obs=2.575, exp=2.445, diff=+0.130 
Region 10: obs=2.381, exp=2.445, diff=-0.064 
Region 11: obs=2.515, exp=2.445, diff=+0.070 
Region 12: obs=2.249, exp=2.445, diff=-0.196 
Region 13: obs=2.471, exp=2.445, diff=+0.026 
Region 14: obs=2.162, exp=2.445, diff=-0.283 
Region 15: obs=2.638, exp=2.445, diff=+0.193 
Region 16: obs=3.262, exp=2.445, diff=+0.817 *
Region 17: obs=2.350, exp=2.445, diff=-0.095 
Region 18: obs=3.080, exp=2.445, diff=+0.635 *
Region 19: obs=2.618, exp=2.445, diff=+0.173 
Region 20: obs=2.520, exp=2.445, diff=+0.075 
Region 21: obs=2.393, exp=2.445, diff=-0.052 
Region 22: obs=1.994, exp=2.445, diff=-0.451 
Region 23: obs=2.641, exp=2.445, diff=+0.196 
Region 24: obs=2.439, exp=2.445, diff=-0.006 
Region 25: obs=2.367, exp=2.445, diff=-0.078 
Region 26: obs=3.010, exp=2.445, diff=+0.564 *
Region 27: obs=2.256, exp=2.445, diff=-0.189 
Region 28: obs=2.727, exp=2.445, diff=+0.281 

[Gene CN Results]
  CYP3A5: 2.45 → 2.445254325866699
Using device: cuda

=== Running VAE with seed 42 ===
Global Pooled JS: 0.000000
Seed 42, Step    0: Loss = 119.21 (Recon: 95.88, Allele KL: 2.85, Base KL: 43.74, Functional KL: 0.00
Global Pooled JS: 0.000000
Seed 42, Step  500: Loss = 42.89 (Recon: 11.61, Allele KL: 14.58, Base KL: 3328.73, Functional KL: 0.00
Global Pooled JS: 0.000000
Seed 42, Step 1000: Loss = 44.21 (Recon: 16.86, Allele KL: 10.14, Base KL: 3352.38, Functional KL: 0.00
Global Pooled JS: 0.000000
Seed 42, Step 1500: Loss = 78.33 (Recon: 49.44, Allele KL: 10.44, Base KL: 3302.56, Functional KL: 0.00
Global Pooled JS: 0.000000
Seed 42, Step 2000: Loss = 42.87 (Recon: 19.50, Allele KL: 6.08, Base KL: 3240.77, Functional KL: 0.00
Global Pooled JS: 0.000000
Seed 42, Step 2500: Loss = 39.10 (Recon: 12.31, Allele KL: 10.05, Base KL: 3320.58, Functional KL: 0.00

Top Variants with Coverage Mismatches:
Rank   Variant                        Expected     Observed     Diff       |Div|       
------------------------------------------------------------------------------------------
New best model with final loss: 43.51

=== Running VAE with seed 123 ===
Global Pooled JS: 0.000000
Seed 123, Step    0: Loss = 97.43 (Recon: 75.97, Allele KL: 0.68, Base KL: 64.41, Functional KL: 0.00
Global Pooled JS: 0.000000
Seed 123, Step  500: Loss = 40.73 (Recon: 12.62, Allele KL: 11.28, Base KL: 3334.40, Functional KL: 0.00
Global Pooled JS: 0.000000
Seed 123, Step 1000: Loss = 43.04 (Recon: 14.54, Allele KL: 11.56, Base KL: 3338.94, Functional KL: 0.00
Global Pooled JS: 0.000000
Seed 123, Step 1500: Loss = 41.77 (Recon: 12.59, Allele KL: 12.27, Base KL: 3347.40, Functional KL: 0.00
Global Pooled JS: 0.000000
Seed 123, Step 2000: Loss = 40.35 (Recon: 14.43, Allele KL: 8.94, Base KL: 3376.84, Functional KL: 0.00
Global Pooled JS: 0.000000
Seed 123, Step 2500: Loss = 42.68 (Recon: 19.48, Allele KL: 5.63, Base KL: 3355.28, Functional KL: 0.00

Top Variants with Coverage Mismatches:
Rank   Variant                        Expected     Observed     Diff       |Div|       
------------------------------------------------------------------------------------------
New best model with final loss: 43.27

=== Running VAE with seed 456 ===
Global Pooled JS: 0.000000
Seed 456, Step    0: Loss = 109.73 (Recon: 88.19, Allele KL: 0.89, Base KL: 84.93, Functional KL: 0.00
Global Pooled JS: 0.000000
Seed 456, Step  500: Loss = 42.52 (Recon: 16.41, Allele KL: 8.85, Base KL: 3371.25, Functional KL: 0.00
Global Pooled JS: 0.000000
Seed 456, Step 1000: Loss = 37.47 (Recon: 13.77, Allele KL: 6.85, Base KL: 3316.99, Functional KL: 0.00
Global Pooled JS: 0.000000
Seed 456, Step 1500: Loss = 40.30 (Recon: 13.95, Allele KL: 9.57, Base KL: 3327.64, Functional KL: 0.00
Global Pooled JS: 0.000000
Seed 456, Step 2000: Loss = 38.11 (Recon: 12.78, Allele KL: 8.61, Base KL: 3306.22, Functional KL: 0.00
Global Pooled JS: 0.000000
Seed 456, Step 2500: Loss = 47.57 (Recon: 21.91, Allele KL: 8.23, Base KL: 3352.89, Functional KL: 0.00

Top Variants with Coverage Mismatches:
Rank   Variant                        Expected     Observed     Diff       |Div|       
------------------------------------------------------------------------------------------

=== Multi-Seed VAE Results ===
Best model had seed 123 with final loss: 43.27
All seeds final losses:
  Seed 42: Total=43.51 (Recon=19.12, A_KL=6.91, B_KL=3333.79)
  Seed 123: Total=43.27 (Recon=18.78, A_KL=7.22, B_KL=3297.95) <- Best
  Seed 456: Total=43.62 (Recon=17.10, A_KL=9.27, B_KL=3362.16)
[time] run_vae took 164.33s (2,611.796875 MB; 2,611.796875 MB)

[Raw]:
CYP3A5*1: Normalized=1.0000, Unnormalized=1.00

[Alleles]
CYP3A5*1
CYP3A5*1
	Command being timed: "python cyp.py CYP3A5 /project/shared/aldy-data/wgs/NA18861.wgs.cram"
	User time (seconds): 143.99
	System time (seconds): 30.28
	Percent of CPU this job got: 99%
	Elapsed (wall clock) time (h:mm:ss or m:ss): 2:54.75
	Average shared text size (kbytes): 0
	Average unshared data size (kbytes): 0
	Average stack size (kbytes): 0
	Average total size (kbytes): 0
	Maximum resident set size (kbytes): 2674504
	Average resident set size (kbytes): 0
	Major (requiring I/O) page faults: 0
	Minor (reclaiming a frame) page faults: 796887
	Voluntary context switches: 22922
	Involuntary context switches: 178
	Swaps: 0
	File system inputs: 0
	File system outputs: 32
	Socket messages sent: 0
	Socket messages received: 0
	Signals delivered: 0
	Page size (bytes): 4096
	Exit status: 0
