2026-05-16 17:53:58.599464: I tensorflow/core/util/port.cc:111] oneDNN custom operations are on. You may see slightly different numerical results due to floating-point round-off errors from different computation orders. To turn them off, set the environment variable `TF_ENABLE_ONEDNN_OPTS=0`.
2026-05-16 17:53:58.680814: E tensorflow/compiler/xla/stream_executor/cuda/cuda_dnn.cc:9342] Unable to register cuDNN factory: Attempting to register factory for plugin cuDNN when one has already been registered
2026-05-16 17:53:58.681025: E tensorflow/compiler/xla/stream_executor/cuda/cuda_fft.cc:609] Unable to register cuFFT factory: Attempting to register factory for plugin cuFFT when one has already been registered
2026-05-16 17:53:58.681192: E tensorflow/compiler/xla/stream_executor/cuda/cuda_blas.cc:1518] Unable to register cuBLAS factory: Attempting to register factory for plugin cuBLAS when one has already been registered
2026-05-16 17:53:58.697942: I tensorflow/core/platform/cpu_feature_guard.cc:182] This TensorFlow binary is optimized to use available CPU instructions in performance-critical operations.
To enable the following instructions: AVX2 AVX512F AVX512_VNNI FMA, in other operations, rebuild TensorFlow with the appropriate compiler flags.
AttributeError: 'MessageFactory' object has no attribute 'GetPrototype'
2026-05-16 17:53:59.942232: W tensorflow/compiler/tf2tensorrt/utils/py_utils.cc:38] TF-TRT Warning: Could not find TensorRT
AttributeError: 'MessageFactory' object has no attribute 'GetPrototype'
[info] total indices 175
[info] total variants 175
3.001 was filtered out as 99270538 T>C needs C but not covered
3.012 was filtered out as 99270538 T>C needs C but not covered
3.013 was filtered out as 99270538 T>C needs C but not covered
3.014 was filtered out as 99270538 T>C needs C but not covered
3.015 was filtered out as 99270538 T>C needs C but not covered
3.016 was filtered out as 99270538 T>C needs C but not covered
3.002 was filtered out as 99270538 T>C needs C but not covered
3.003 was filtered out as 99270538 T>C needs C but not covered
3.004 was filtered out as 99270538 T>C needs C but not covered
3.005 was filtered out as 99270538 T>C needs C but not covered
3.006 was filtered out as 99270538 T>C needs C but not covered
3.007 was filtered out as 99270538 T>C needs C but not covered
3.008 was filtered out as 99270538 T>C needs C but not covered
3.009 was filtered out as 99270538 T>C needs C but not covered
3.010 was filtered out as 99270538 T>C needs C but not covered
3.017 was filtered out as 99270538 T>C needs C but not covered
6.001 was filtered out as 99262834 C>T needs T but not covered
7.001 was filtered out as 99250392 insA needs P but not covered
8.001 was filtered out as 99273820 G>A needs A but not covered
9.001 was filtered out as 99258138 C>T needs T but not covered
[filter] CYP3A5 1 => 1.001; 1.002; 1.003; 1.004; 1.005
[filter] valid_alleles=5
Step 0: Loss=0.0855, CN=[2.0999167]
Step 100: Loss=0.0477, CN=[2.299264]
Step 200: Loss=0.0477, CN=[2.3003721]
Step 300: Loss=0.0477, CN=[2.3003783]
Step 400: Loss=0.0477, CN=[2.3003786]

=== Fit ===
Region 0: obs=2.445, exp=2.300, diff=+0.145 
Region 1: obs=1.724, exp=2.300, diff=-0.576 *
Region 2: obs=1.813, exp=2.300, diff=-0.487 
Region 3: obs=2.239, exp=2.300, diff=-0.062 
Region 4: obs=2.571, exp=2.300, diff=+0.270 
Region 5: obs=2.096, exp=2.300, diff=-0.204 
Region 6: obs=2.292, exp=2.300, diff=-0.008 
Region 7: obs=2.262, exp=2.300, diff=-0.038 
Region 8: obs=2.309, exp=2.300, diff=+0.008 
Region 9: obs=2.230, exp=2.300, diff=-0.071 
Region 10: obs=2.761, exp=2.300, diff=+0.461 
Region 11: obs=2.748, exp=2.300, diff=+0.447 
Region 12: obs=2.001, exp=2.300, diff=-0.299 
Region 13: obs=2.384, exp=2.300, diff=+0.084 
Region 14: obs=2.631, exp=2.300, diff=+0.330 
Region 15: obs=2.423, exp=2.300, diff=+0.123 
Region 16: obs=2.619, exp=2.300, diff=+0.319 
Region 17: obs=2.806, exp=2.300, diff=+0.505 *
Region 18: obs=2.797, exp=2.300, diff=+0.497 
Region 19: obs=2.041, exp=2.300, diff=-0.260 
Region 20: obs=1.769, exp=2.300, diff=-0.531 *
Region 21: obs=2.265, exp=2.300, diff=-0.035 
Region 22: obs=1.757, exp=2.300, diff=-0.543 *
Region 23: obs=2.463, exp=2.300, diff=+0.162 
Region 24: obs=2.407, exp=2.300, diff=+0.107 
Region 25: obs=2.248, exp=2.300, diff=-0.052 
Region 26: obs=2.165, exp=2.300, diff=-0.135 
Region 27: obs=1.960, exp=2.300, diff=-0.341 
Region 28: obs=2.339, exp=2.300, diff=+0.038 

[Gene CN Results]
  CYP3A5: 2.30 → 2.3003785610198975
Using device: cuda

=== Running VAE with seed 42 ===
Global Pooled JS: 0.000000
Seed 42, Step    0: Loss = 108.17 (Recon: 85.27, Allele KL: 2.36, Base KL: 38.25, Functional KL: 0.00
Global Pooled JS: 0.000000
Seed 42, Step  500: Loss = 43.98 (Recon: 12.22, Allele KL: 15.11, Base KL: 3251.07, Functional KL: 0.00
Global Pooled JS: 0.000000
Seed 42, Step 1000: Loss = 44.65 (Recon: 17.74, Allele KL: 9.70, Base KL: 3252.25, Functional KL: 0.00
Global Pooled JS: 0.000000
Seed 42, Step 1500: Loss = 79.59 (Recon: 51.30, Allele KL: 9.84, Base KL: 3240.60, Functional KL: 0.00
Global Pooled JS: 0.000000
Seed 42, Step 2000: Loss = 43.18 (Recon: 19.94, Allele KL: 5.93, Base KL: 3164.95, Functional KL: 0.00
Global Pooled JS: 0.000000
Seed 42, Step 2500: Loss = 37.96 (Recon: 13.55, Allele KL: 7.64, Base KL: 3214.81, Functional KL: 0.00

Top Variants with Coverage Mismatches:
Rank   Variant                        Expected     Observed     Diff       |Div|       
------------------------------------------------------------------------------------------
New best model with final loss: 43.68

=== Running VAE with seed 123 ===
Global Pooled JS: 0.000000
Seed 123, Step    0: Loss = 90.59 (Recon: 69.23, Allele KL: 0.64, Base KL: 60.65, Functional KL: 0.00
Global Pooled JS: 0.000000
Seed 123, Step  500: Loss = 41.32 (Recon: 13.18, Allele KL: 11.38, Base KL: 3250.28, Functional KL: 0.00
Global Pooled JS: 0.000000
Seed 123, Step 1000: Loss = 44.96 (Recon: 19.82, Allele KL: 7.81, Base KL: 3250.57, Functional KL: 0.00
Global Pooled JS: 0.000000
Seed 123, Step 1500: Loss = 42.51 (Recon: 13.28, Allele KL: 12.35, Base KL: 3257.87, Functional KL: 0.00
Global Pooled JS: 0.000000
Seed 123, Step 2000: Loss = 40.82 (Recon: 14.64, Allele KL: 9.27, Base KL: 3289.83, Functional KL: 0.00
Global Pooled JS: 0.000000
Seed 123, Step 2500: Loss = 41.86 (Recon: 18.24, Allele KL: 6.21, Base KL: 3268.34, Functional KL: 0.00

Top Variants with Coverage Mismatches:
Rank   Variant                        Expected     Observed     Diff       |Div|       
------------------------------------------------------------------------------------------
New best model with final loss: 43.35

=== Running VAE with seed 456 ===
Global Pooled JS: 0.000000
Seed 456, Step    0: Loss = 100.71 (Recon: 79.42, Allele KL: 0.67, Base KL: 75.80, Functional KL: 0.00
Global Pooled JS: 0.000000
Seed 456, Step  500: Loss = 42.50 (Recon: 15.70, Allele KL: 9.72, Base KL: 3269.30, Functional KL: 0.00
Global Pooled JS: 0.000000
Seed 456, Step 1000: Loss = 37.66 (Recon: 14.98, Allele KL: 5.76, Base KL: 3248.67, Functional KL: 0.00
Global Pooled JS: 0.000000
Seed 456, Step 1500: Loss = 40.58 (Recon: 14.77, Allele KL: 9.04, Base KL: 3243.74, Functional KL: 0.00
Global Pooled JS: 0.000000
Seed 456, Step 2000: Loss = 38.22 (Recon: 13.52, Allele KL: 7.99, Base KL: 3239.38, Functional KL: 0.00
Global Pooled JS: 0.000000
Seed 456, Step 2500: Loss = 47.31 (Recon: 21.85, Allele KL: 8.09, Base KL: 3291.53, Functional KL: 0.00

Top Variants with Coverage Mismatches:
Rank   Variant                        Expected     Observed     Diff       |Div|       
------------------------------------------------------------------------------------------
New best model with final loss: 43.27

=== Multi-Seed VAE Results ===
Best model had seed 456 with final loss: 43.27
All seeds final losses:
  Seed 42: Total=43.68 (Recon=19.46, A_KL=6.79, B_KL=3232.98)
  Seed 123: Total=43.35 (Recon=19.11, A_KL=6.96, B_KL=3228.10)
  Seed 456: Total=43.27 (Recon=17.24, A_KL=8.84, B_KL=3268.71) <- Best
[time] run_vae took 162.35s (2,603.671875 MB; 2,603.671875 MB)

[Raw]:
CYP3A5*1: Normalized=1.0000, Unnormalized=1.00

[Alleles]
CYP3A5*1
CYP3A5*1
	Command being timed: "python cyp.py CYP3A5 /project/shared/aldy-data/wgs/NA18564.wgs.cram"
	User time (seconds): 142.84
	System time (seconds): 29.46
	Percent of CPU this job got: 99%
	Elapsed (wall clock) time (h:mm:ss or m:ss): 2:52.74
	Average shared text size (kbytes): 0
	Average unshared data size (kbytes): 0
	Average stack size (kbytes): 0
	Average total size (kbytes): 0
	Maximum resident set size (kbytes): 2666184
	Average resident set size (kbytes): 0
	Major (requiring I/O) page faults: 0
	Minor (reclaiming a frame) page faults: 742533
	Voluntary context switches: 22835
	Involuntary context switches: 196
	Swaps: 0
	File system inputs: 0
	File system outputs: 40
	Socket messages sent: 0
	Socket messages received: 0
	Signals delivered: 0
	Page size (bytes): 4096
	Exit status: 0
