2026-05-16 18:05:21.179304: I tensorflow/core/util/port.cc:111] oneDNN custom operations are on. You may see slightly different numerical results due to floating-point round-off errors from different computation orders. To turn them off, set the environment variable `TF_ENABLE_ONEDNN_OPTS=0`.
2026-05-16 18:05:21.215678: E tensorflow/compiler/xla/stream_executor/cuda/cuda_dnn.cc:9342] Unable to register cuDNN factory: Attempting to register factory for plugin cuDNN when one has already been registered
2026-05-16 18:05:21.215834: E tensorflow/compiler/xla/stream_executor/cuda/cuda_fft.cc:609] Unable to register cuFFT factory: Attempting to register factory for plugin cuFFT when one has already been registered
2026-05-16 18:05:21.215969: E tensorflow/compiler/xla/stream_executor/cuda/cuda_blas.cc:1518] Unable to register cuBLAS factory: Attempting to register factory for plugin cuBLAS when one has already been registered
2026-05-16 18:05:21.224387: I tensorflow/core/platform/cpu_feature_guard.cc:182] This TensorFlow binary is optimized to use available CPU instructions in performance-critical operations.
To enable the following instructions: AVX2 AVX512F AVX512_VNNI FMA, in other operations, rebuild TensorFlow with the appropriate compiler flags.
AttributeError: 'MessageFactory' object has no attribute 'GetPrototype'
2026-05-16 18:05:22.557102: W tensorflow/compiler/tf2tensorrt/utils/py_utils.cc:38] TF-TRT Warning: Could not find TensorRT
AttributeError: 'MessageFactory' object has no attribute 'GetPrototype'
[info] total indices 175
[info] total variants 175
3.001 was filtered out as 99270538 T>C needs C but not covered
3.012 was filtered out as 99270538 T>C needs C but not covered
3.013 was filtered out as 99270538 T>C needs C but not covered
3.014 was filtered out as 99270538 T>C needs C but not covered
3.015 was filtered out as 99270538 T>C needs C but not covered
3.016 was filtered out as 99270538 T>C needs C but not covered
3.002 was filtered out as 99270538 T>C needs C but not covered
3.003 was filtered out as 99270538 T>C needs C but not covered
3.004 was filtered out as 99270538 T>C needs C but not covered
3.005 was filtered out as 99270538 T>C needs C but not covered
3.006 was filtered out as 99270538 T>C needs C but not covered
3.007 was filtered out as 99270538 T>C needs C but not covered
3.008 was filtered out as 99270538 T>C needs C but not covered
3.009 was filtered out as 99270538 T>C needs C but not covered
3.010 was filtered out as 99270538 T>C needs C but not covered
3.017 was filtered out as 99270538 T>C needs C but not covered
7.001 was filtered out as 99250392 insA needs P but not covered
8.001 was filtered out as 99273820 G>A needs A but not covered
9.001 was filtered out as 99258138 C>T needs T but not covered
[filter] CYP3A5 1 => 1.001; 1.002; 1.003; 1.004; 1.005
[filter] CYP3A5 6 => 6.001
[filter] valid_alleles=6
Step 0: Loss=0.0525, CN=[1.9000832]
Step 100: Loss=0.0398, CN=[1.8326195]
Step 200: Loss=0.0398, CN=[1.8323749]
Step 300: Loss=0.0398, CN=[1.8323767]
Step 400: Loss=0.0398, CN=[1.832377]

=== Fit ===
Region 0: obs=1.865, exp=1.832, diff=+0.033 
Region 1: obs=1.324, exp=1.832, diff=-0.509 *
Region 2: obs=1.206, exp=1.832, diff=-0.626 *
Region 3: obs=1.717, exp=1.832, diff=-0.115 
Region 4: obs=1.421, exp=1.832, diff=-0.412 
Region 5: obs=1.779, exp=1.832, diff=-0.054 
Region 6: obs=1.622, exp=1.832, diff=-0.210 
Region 7: obs=2.022, exp=1.832, diff=+0.189 
Region 8: obs=1.465, exp=1.832, diff=-0.368 
Region 9: obs=1.857, exp=1.832, diff=+0.024 
Region 10: obs=1.801, exp=1.832, diff=-0.031 
Region 11: obs=1.852, exp=1.832, diff=+0.020 
Region 12: obs=2.259, exp=1.832, diff=+0.426 
Region 13: obs=1.767, exp=1.832, diff=-0.065 
Region 14: obs=2.233, exp=1.832, diff=+0.400 
Region 15: obs=2.388, exp=1.832, diff=+0.556 *
Region 16: obs=2.153, exp=1.832, diff=+0.320 
Region 17: obs=1.694, exp=1.832, diff=-0.139 
Region 18: obs=1.588, exp=1.832, diff=-0.245 
Region 19: obs=2.064, exp=1.832, diff=+0.231 
Region 20: obs=1.825, exp=1.832, diff=-0.007 
Region 21: obs=1.885, exp=1.832, diff=+0.053 
Region 22: obs=1.860, exp=1.832, diff=+0.027 
Region 23: obs=1.741, exp=1.832, diff=-0.091 
Region 24: obs=1.536, exp=1.832, diff=-0.296 
Region 25: obs=1.739, exp=1.832, diff=-0.093 
Region 26: obs=2.108, exp=1.832, diff=+0.276 
Region 27: obs=2.110, exp=1.832, diff=+0.277 
Region 28: obs=2.181, exp=1.832, diff=+0.349 

[Gene CN Results]
  CYP3A5: 1.83 → 1.8323771953582764
Using device: cuda

=== Running VAE with seed 42 ===
Global Pooled JS: 0.147855
Seed 42, Step    0: Loss = 1029.24 (Recon: 120.67, Allele KL: 3.25, Base KL: 92.32, Functional KL: 0.15
Global Pooled JS: 0.000860
Seed 42, Step  500: Loss = 65.11 (Recon: 23.90, Allele KL: 14.54, Base KL: 8436.40, Functional KL: 0.00
Global Pooled JS: 0.000862
Seed 42, Step 1000: Loss = 65.92 (Recon: 28.73, Allele KL: 10.20, Base KL: 8492.72, Functional KL: 0.00
Global Pooled JS: 0.000858
Seed 42, Step 1500: Loss = 63.82 (Recon: 25.40, Allele KL: 11.87, Base KL: 8414.18, Functional KL: 0.00
Global Pooled JS: 0.001929
Seed 42, Step 2000: Loss = 71.38 (Recon: 27.13, Allele KL: 10.81, Base KL: 8574.41, Functional KL: 0.00
Global Pooled JS: 0.000879
Seed 42, Step 2500: Loss = 61.91 (Recon: 24.65, Allele KL: 10.44, Base KL: 8453.67, Functional KL: 0.00

Top Variants with Coverage Mismatches:
Rank   Variant                        Expected     Observed     Diff       |Div|       
------------------------------------------------------------------------------------------
1      CYP3A5:99262834→P              0.03         0.00         0.03       0.000172    
2      CYP3A5:99262834→G              0.03         0.00         0.03       0.000167    
3      CYP3A5:99262834→N              0.03         0.00         0.03       0.000166    
4      CYP3A5:99262834→A              0.03         0.00         0.03       0.000164    
5      CYP3A5:99262834→M              0.02         0.00         0.02       0.000163    
6      CYP3A5:99262834→C              27.98        30.00        -2.02      0.000014    
7      CYP3A5:99262834→T              24.89        26.00        -1.11      0.000008    
New best model with final loss: 68.53

=== Running VAE with seed 123 ===
Global Pooled JS: 0.113880
Seed 123, Step    0: Loss = 789.84 (Recon: 87.89, Allele KL: 1.50, Base KL: 109.82, Functional KL: 0.11
Global Pooled JS: 0.001165
Seed 123, Step  500: Loss = 66.64 (Recon: 24.78, Allele KL: 13.45, Base KL: 8449.91, Functional KL: 0.00
Global Pooled JS: 0.001456
Seed 123, Step 1000: Loss = 71.63 (Recon: 26.93, Allele KL: 14.26, Base KL: 8427.84, Functional KL: 0.00
Global Pooled JS: 0.001083
Seed 123, Step 1500: Loss = 65.82 (Recon: 24.99, Allele KL: 12.92, Base KL: 8340.31, Functional KL: 0.00
Global Pooled JS: 0.001323
Seed 123, Step 2000: Loss = 67.49 (Recon: 27.16, Allele KL: 10.72, Base KL: 8364.08, Functional KL: 0.00
Global Pooled JS: 0.000948
Seed 123, Step 2500: Loss = 65.28 (Recon: 26.40, Allele KL: 11.46, Base KL: 8468.93, Functional KL: 0.00

Top Variants with Coverage Mismatches:
Rank   Variant                        Expected     Observed     Diff       |Div|       
------------------------------------------------------------------------------------------
1      CYP3A5:99262834→C              26.03        30.00        -3.97      0.000486    
2      CYP3A5:99262834→T              26.83        26.00        0.83       0.000454    
3      CYP3A5:99262834→P              0.03         0.00         0.03       0.000188    
4      CYP3A5:99262834→N              0.03         0.00         0.03       0.000187    
5      CYP3A5:99262834→G              0.03         0.00         0.03       0.000185    
6      CYP3A5:99262834→M              0.03         0.00         0.03       0.000184    
7      CYP3A5:99262834→A              0.03         0.00         0.03       0.000184    

=== Running VAE with seed 456 ===
Global Pooled JS: 0.063757
Seed 456, Step    0: Loss = 488.20 (Recon: 82.63, Allele KL: 4.38, Base KL: 142.13, Functional KL: 0.06
Global Pooled JS: 0.000941
Seed 456, Step  500: Loss = 67.86 (Recon: 29.48, Allele KL: 10.88, Base KL: 8527.40, Functional KL: 0.00
Global Pooled JS: 0.000962
Seed 456, Step 1000: Loss = 63.88 (Recon: 24.35, Allele KL: 12.25, Base KL: 8462.35, Functional KL: 0.00
Global Pooled JS: 0.000859
Seed 456, Step 1500: Loss = 66.47 (Recon: 27.15, Allele KL: 12.35, Base KL: 8435.20, Functional KL: 0.00
Global Pooled JS: 0.001141
Seed 456, Step 2000: Loss = 66.11 (Recon: 24.73, Allele KL: 13.08, Base KL: 8302.89, Functional KL: 0.00
Global Pooled JS: 0.000896
Seed 456, Step 2500: Loss = 66.01 (Recon: 25.85, Allele KL: 13.20, Base KL: 8493.50, Functional KL: 0.00

Top Variants with Coverage Mismatches:
Rank   Variant                        Expected     Observed     Diff       |Div|       
------------------------------------------------------------------------------------------
1      CYP3A5:99262834→C              26.81        30.00        -3.19      0.000214    
2      CYP3A5:99262834→T              26.06        26.00        0.06       0.000195    
3      CYP3A5:99262834→G              0.03         0.00         0.03       0.000179    
4      CYP3A5:99262834→A              0.03         0.00         0.03       0.000177    
5      CYP3A5:99262834→M              0.03         0.00         0.03       0.000177    
6      CYP3A5:99262834→P              0.03         0.00         0.03       0.000177    
7      CYP3A5:99262834→N              0.03         0.00         0.03       0.000176    

=== Multi-Seed VAE Results ===
Best model had seed 42 with final loss: 68.53
All seeds final losses:
  Seed 42: Total=68.53 (Recon=27.08, A_KL=12.36, B_KL=8557.24) <- Best
  Seed 123: Total=80.18 (Recon=26.53, A_KL=11.44, B_KL=8353.94)
  Seed 456: Total=71.83 (Recon=29.06, A_KL=11.36, B_KL=8326.04)
[time] run_vae took 158.91s (2,600.234375 MB; 2,600.234375 MB)

[Raw]:
CYP3A5*1: Normalized=0.5273, Unnormalized=0.53
CYP3A5*6: Normalized=0.4727, Unnormalized=0.47

[Alleles]
CYP3A5*1
CYP3A5*6
	Command being timed: "python cyp.py CYP3A5 /project/shared/aldy-data/wgs/NA19174.wgs.cram"
	User time (seconds): 143.67
	System time (seconds): 24.81
	Percent of CPU this job got: 99%
	Elapsed (wall clock) time (h:mm:ss or m:ss): 2:49.56
	Average shared text size (kbytes): 0
	Average unshared data size (kbytes): 0
	Average stack size (kbytes): 0
	Average total size (kbytes): 0
	Maximum resident set size (kbytes): 2662676
	Average resident set size (kbytes): 0
	Major (requiring I/O) page faults: 0
	Minor (reclaiming a frame) page faults: 909913
	Voluntary context switches: 22811
	Involuntary context switches: 184
	Swaps: 0
	File system inputs: 0
	File system outputs: 40
	Socket messages sent: 0
	Socket messages received: 0
	Signals delivered: 0
	Page size (bytes): 4096
	Exit status: 0
