2026-05-16 18:05:34.741834: I tensorflow/core/util/port.cc:111] oneDNN custom operations are on. You may see slightly different numerical results due to floating-point round-off errors from different computation orders. To turn them off, set the environment variable `TF_ENABLE_ONEDNN_OPTS=0`.
2026-05-16 18:05:34.782434: E tensorflow/compiler/xla/stream_executor/cuda/cuda_dnn.cc:9342] Unable to register cuDNN factory: Attempting to register factory for plugin cuDNN when one has already been registered
2026-05-16 18:05:34.782587: E tensorflow/compiler/xla/stream_executor/cuda/cuda_fft.cc:609] Unable to register cuFFT factory: Attempting to register factory for plugin cuFFT when one has already been registered
2026-05-16 18:05:34.782715: E tensorflow/compiler/xla/stream_executor/cuda/cuda_blas.cc:1518] Unable to register cuBLAS factory: Attempting to register factory for plugin cuBLAS when one has already been registered
2026-05-16 18:05:34.792461: I tensorflow/core/platform/cpu_feature_guard.cc:182] This TensorFlow binary is optimized to use available CPU instructions in performance-critical operations.
To enable the following instructions: AVX2 AVX512F AVX512_VNNI FMA, in other operations, rebuild TensorFlow with the appropriate compiler flags.
AttributeError: 'MessageFactory' object has no attribute 'GetPrototype'
2026-05-16 18:05:35.925024: W tensorflow/compiler/tf2tensorrt/utils/py_utils.cc:38] TF-TRT Warning: Could not find TensorRT
AttributeError: 'MessageFactory' object has no attribute 'GetPrototype'
[info] total indices 175
[info] total variants 175
3.002 was filtered out as 99273814 G>A needs A but not covered
3.003 was filtered out as 99270275 A>C needs C but not covered
3.004 was filtered out as 99245973 A>G needs G but not covered
3.005 was filtered out as 99264572 A>G needs G but not covered
3.006 was filtered out as 99247742 T>C needs C but not covered
3.007 was filtered out as 99247771 A>G needs G but not covered
3.008 was filtered out as 99273744 T>C needs C but not covered
3.009 was filtered out as 99262859 T>C needs C but not covered
3.010 was filtered out as 99250235 G>T needs T but not covered
3.017 was filtered out as 99262850 A>C needs C but not covered
6.001 was filtered out as 99262834 C>T needs T but not covered
7.001 was filtered out as 99250392 insA needs P but not covered
8.001 was filtered out as 99273820 G>A needs A but not covered
9.001 was filtered out as 99258138 C>T needs T but not covered
[filter] CYP3A5 1 => 1.001; 1.002; 1.003; 1.004; 1.005
[filter] CYP3A5 3 => 3.001; 3.012; 3.013; 3.014; 3.015; 3.016
[filter] valid_alleles=11
Step 0: Loss=0.0364, CN=[2.0999167]
Step 100: Loss=0.0344, CN=[2.063672]
Step 200: Loss=0.0344, CN=[2.0635803]
Step 300: Loss=0.0344, CN=[2.0635817]
Step 400: Loss=0.0344, CN=[2.063582]

=== Fit ===
Region 0: obs=2.062, exp=2.064, diff=-0.002 
Region 1: obs=1.571, exp=2.064, diff=-0.493 
Region 2: obs=1.646, exp=2.064, diff=-0.417 
Region 3: obs=1.979, exp=2.064, diff=-0.084 
Region 4: obs=2.544, exp=2.064, diff=+0.480 
Region 5: obs=2.078, exp=2.064, diff=+0.014 
Region 6: obs=2.341, exp=2.064, diff=+0.277 
Region 7: obs=2.091, exp=2.064, diff=+0.028 
Region 8: obs=2.140, exp=2.064, diff=+0.076 
Region 9: obs=2.089, exp=2.064, diff=+0.025 
Region 10: obs=1.815, exp=2.064, diff=-0.249 
Region 11: obs=2.354, exp=2.064, diff=+0.291 
Region 12: obs=2.289, exp=2.064, diff=+0.226 
Region 13: obs=2.233, exp=2.064, diff=+0.169 
Region 14: obs=2.218, exp=2.064, diff=+0.154 
Region 15: obs=2.028, exp=2.064, diff=-0.036 
Region 16: obs=1.586, exp=2.064, diff=-0.478 
Region 17: obs=2.161, exp=2.064, diff=+0.098 
Region 18: obs=2.716, exp=2.064, diff=+0.653 *
Region 19: obs=2.268, exp=2.064, diff=+0.204 
Region 20: obs=1.771, exp=2.064, diff=-0.293 
Region 21: obs=2.087, exp=2.064, diff=+0.023 
Region 22: obs=2.249, exp=2.064, diff=+0.186 
Region 23: obs=2.128, exp=2.064, diff=+0.065 
Region 24: obs=1.869, exp=2.064, diff=-0.194 
Region 25: obs=1.836, exp=2.064, diff=-0.227 
Region 26: obs=1.741, exp=2.064, diff=-0.323 
Region 27: obs=1.996, exp=2.064, diff=-0.068 
Region 28: obs=2.111, exp=2.064, diff=+0.048 

[Gene CN Results]
  CYP3A5: 2.06 → 2.063582181930542
Using device: cuda

=== Running VAE with seed 42 ===
Global Pooled JS: 0.019488
Seed 42, Step    0: Loss = 276.28 (Recon: 128.41, Allele KL: 3.11, Base KL: 379.19, Functional KL: 0.02
Global Pooled JS: 0.003665
Seed 42, Step  500: Loss = 132.35 (Recon: 53.33, Allele KL: 24.85, Base KL: 9438.55, Functional KL: 0.00
Global Pooled JS: 0.002136
Seed 42, Step 1000: Loss = 118.20 (Recon: 49.25, Allele KL: 23.98, Base KL: 9427.71, Functional KL: 0.00
Global Pooled JS: 0.001817
Seed 42, Step 1500: Loss = 115.73 (Recon: 55.63, Allele KL: 16.48, Base KL: 9361.65, Functional KL: 0.00
Global Pooled JS: 0.005167
Seed 42, Step 2000: Loss = 135.89 (Recon: 50.01, Allele KL: 22.60, Base KL: 9250.08, Functional KL: 0.01
Global Pooled JS: 0.001762
Seed 42, Step 2500: Loss = 114.90 (Recon: 50.86, Allele KL: 21.20, Base KL: 9378.68, Functional KL: 0.00

Top Variants with Coverage Mismatches:
Rank   Variant                        Expected     Observed     Diff       |Div|       
------------------------------------------------------------------------------------------
1      CYP3A5:99270538→A              0.04         0.00         0.04       0.000307    
2      CYP3A5:99270538→P              0.04         0.00         0.04       0.000303    
3      CYP3A5:99270538→N              0.04         0.00         0.04       0.000299    
4      CYP3A5:99270538→M              0.04         0.00         0.04       0.000296    
5      CYP3A5:99270538→G              0.04         0.00         0.04       0.000296    
6      CYP3A5:99270538→T              18.93        18.00        0.93       0.000027    
7      CYP3A5:99270538→C              23.89        22.00        1.89       0.000007    
New best model with final loss: 120.53

=== Running VAE with seed 123 ===
Global Pooled JS: 0.074452
Seed 123, Step    0: Loss = 615.31 (Recon: 135.48, Allele KL: 6.65, Base KL: 487.41, Functional KL: 0.07
Global Pooled JS: 0.003112
Seed 123, Step  500: Loss = 127.18 (Recon: 54.66, Allele KL: 21.49, Base KL: 9455.90, Functional KL: 0.00
Global Pooled JS: 0.002293
Seed 123, Step 1000: Loss = 120.21 (Recon: 54.01, Allele KL: 19.78, Base KL: 9489.81, Functional KL: 0.00
Global Pooled JS: 0.003392
Seed 123, Step 1500: Loss = 128.61 (Recon: 59.56, Allele KL: 15.92, Base KL: 9363.74, Functional KL: 0.00
Global Pooled JS: 0.001247
Seed 123, Step 2000: Loss = 110.77 (Recon: 51.81, Allele KL: 19.15, Base KL: 9387.62, Functional KL: 0.00
Global Pooled JS: 0.001374
Seed 123, Step 2500: Loss = 112.17 (Recon: 52.70, Allele KL: 18.76, Base KL: 9365.40, Functional KL: 0.00

Top Variants with Coverage Mismatches:
Rank   Variant                        Expected     Observed     Diff       |Div|       
------------------------------------------------------------------------------------------
1      CYP3A5:99270538→N              0.03         0.00         0.03       0.000239    
2      CYP3A5:99270538→A              0.03         0.00         0.03       0.000237    
3      CYP3A5:99270538→G              0.03         0.00         0.03       0.000237    
4      CYP3A5:99270538→M              0.03         0.00         0.03       0.000235    
5      CYP3A5:99270538→P              0.03         0.00         0.03       0.000235    
6      CYP3A5:99270538→C              23.11        22.00        1.11       0.000037    
7      CYP3A5:99270538→T              19.75        18.00        1.75       0.000023    
New best model with final loss: 114.28

=== Running VAE with seed 456 ===
Global Pooled JS: 0.009937
Seed 456, Step    0: Loss = 202.74 (Recon: 105.62, Allele KL: 10.41, Base KL: 611.20, Functional KL: 0.01
Global Pooled JS: 0.001625
Seed 456, Step  500: Loss = 116.37 (Recon: 55.72, Allele KL: 18.36, Base KL: 9359.98, Functional KL: 0.00
Global Pooled JS: 0.001440
Seed 456, Step 1000: Loss = 112.63 (Recon: 51.73, Allele KL: 19.78, Base KL: 9366.95, Functional KL: 0.00
Global Pooled JS: 0.001904
Seed 456, Step 1500: Loss = 116.14 (Recon: 53.52, Allele KL: 18.60, Base KL: 9386.67, Functional KL: 0.00
Global Pooled JS: 0.002124
Seed 456, Step 2000: Loss = 115.57 (Recon: 50.37, Allele KL: 20.17, Base KL: 9339.61, Functional KL: 0.00
Global Pooled JS: 0.001253
Seed 456, Step 2500: Loss = 112.43 (Recon: 51.58, Allele KL: 21.02, Base KL: 9365.88, Functional KL: 0.00

Top Variants with Coverage Mismatches:
Rank   Variant                        Expected     Observed     Diff       |Div|       
------------------------------------------------------------------------------------------
1      CYP3A5:99270538→N              0.03         0.00         0.03       0.000245    
2      CYP3A5:99270538→G              0.03         0.00         0.03       0.000240    
3      CYP3A5:99270538→A              0.03         0.00         0.03       0.000239    
4      CYP3A5:99270538→M              0.03         0.00         0.03       0.000239    
5      CYP3A5:99270538→P              0.03         0.00         0.03       0.000237    
6      CYP3A5:99270538→C              23.34        22.00        1.34       0.000012    
7      CYP3A5:99270538→T              19.52        18.00        1.52       0.000004    

=== Multi-Seed VAE Results ===
Best model had seed 123 with final loss: 114.28
All seeds final losses:
  Seed 42: Total=120.53 (Recon=60.25, A_KL=15.39, B_KL=9419.84)
  Seed 123: Total=114.28 (Recon=51.05, A_KL=21.42, B_KL=9434.41) <- Best
  Seed 456: Total=114.78 (Recon=53.22, A_KL=19.67, B_KL=9480.70)
[time] run_vae took 163.76s (2,592.76953125 MB; 2,592.76953125 MB)

[Raw]:
CYP3A5*3: Normalized=0.5417, Unnormalized=0.54
CYP3A5*1: Normalized=0.4583, Unnormalized=0.46

[Alleles]
CYP3A5*3
CYP3A5*1
	Command being timed: "python cyp.py CYP3A5 /project/shared/aldy-data/wgs/NA19176.wgs.cram"
	User time (seconds): 145.00
	System time (seconds): 29.02
	Percent of CPU this job got: 99%
	Elapsed (wall clock) time (h:mm:ss or m:ss): 2:54.52
	Average shared text size (kbytes): 0
	Average unshared data size (kbytes): 0
	Average stack size (kbytes): 0
	Average total size (kbytes): 0
	Maximum resident set size (kbytes): 2655040
	Average resident set size (kbytes): 0
	Major (requiring I/O) page faults: 0
	Minor (reclaiming a frame) page faults: 741964
	Voluntary context switches: 22873
	Involuntary context switches: 206
	Swaps: 0
	File system inputs: 0
	File system outputs: 40
	Socket messages sent: 0
	Socket messages received: 0
	Signals delivered: 0
	Page size (bytes): 4096
	Exit status: 0
