2026-05-16 18:07:51.268314: I tensorflow/core/util/port.cc:111] oneDNN custom operations are on. You may see slightly different numerical results due to floating-point round-off errors from different computation orders. To turn them off, set the environment variable `TF_ENABLE_ONEDNN_OPTS=0`.
2026-05-16 18:07:51.305440: E tensorflow/compiler/xla/stream_executor/cuda/cuda_dnn.cc:9342] Unable to register cuDNN factory: Attempting to register factory for plugin cuDNN when one has already been registered
2026-05-16 18:07:51.305613: E tensorflow/compiler/xla/stream_executor/cuda/cuda_fft.cc:609] Unable to register cuFFT factory: Attempting to register factory for plugin cuFFT when one has already been registered
2026-05-16 18:07:51.305748: E tensorflow/compiler/xla/stream_executor/cuda/cuda_blas.cc:1518] Unable to register cuBLAS factory: Attempting to register factory for plugin cuBLAS when one has already been registered
2026-05-16 18:07:51.314040: I tensorflow/core/platform/cpu_feature_guard.cc:182] This TensorFlow binary is optimized to use available CPU instructions in performance-critical operations.
To enable the following instructions: AVX2 AVX512F AVX512_VNNI FMA, in other operations, rebuild TensorFlow with the appropriate compiler flags.
AttributeError: 'MessageFactory' object has no attribute 'GetPrototype'
2026-05-16 18:07:52.463001: W tensorflow/compiler/tf2tensorrt/utils/py_utils.cc:38] TF-TRT Warning: Could not find TensorRT
AttributeError: 'MessageFactory' object has no attribute 'GetPrototype'
[info] total indices 175
[info] total variants 175
3.001 was filtered out as 99270538 T>C needs C but not covered
3.012 was filtered out as 99270538 T>C needs C but not covered
3.013 was filtered out as 99270538 T>C needs C but not covered
3.014 was filtered out as 99270538 T>C needs C but not covered
3.015 was filtered out as 99270538 T>C needs C but not covered
3.016 was filtered out as 99270538 T>C needs C but not covered
3.002 was filtered out as 99270538 T>C needs C but not covered
3.003 was filtered out as 99270538 T>C needs C but not covered
3.004 was filtered out as 99270538 T>C needs C but not covered
3.005 was filtered out as 99270538 T>C needs C but not covered
3.006 was filtered out as 99270538 T>C needs C but not covered
3.007 was filtered out as 99270538 T>C needs C but not covered
3.008 was filtered out as 99270538 T>C needs C but not covered
3.009 was filtered out as 99270538 T>C needs C but not covered
3.010 was filtered out as 99270538 T>C needs C but not covered
3.017 was filtered out as 99270538 T>C needs C but not covered
7.001 was filtered out as 99250392 insA needs P but not covered
8.001 was filtered out as 99273820 G>A needs A but not covered
9.001 was filtered out as 99258138 C>T needs T but not covered
[filter] CYP3A5 1 => 1.001; 1.002; 1.003; 1.004; 1.005
[filter] CYP3A5 6 => 6.001
[filter] valid_alleles=6
Step 0: Loss=0.1198, CN=[2.0999167]
Step 100: Loss=0.0664, CN=[2.3581014]
Step 200: Loss=0.0664, CN=[2.356614]
Step 300: Loss=0.0664, CN=[2.3566096]
Step 400: Loss=0.0664, CN=[2.3566098]

=== Fit ===
Region 0: obs=2.481, exp=2.357, diff=+0.124 
Region 1: obs=1.296, exp=2.357, diff=-1.061 *
Region 2: obs=1.102, exp=2.357, diff=-1.254 *
Region 3: obs=2.457, exp=2.357, diff=+0.100 
Region 4: obs=1.807, exp=2.357, diff=-0.550 *
Region 5: obs=2.306, exp=2.357, diff=-0.051 
Region 6: obs=3.018, exp=2.357, diff=+0.662 *
Region 7: obs=2.693, exp=2.357, diff=+0.336 
Region 8: obs=2.651, exp=2.357, diff=+0.294 
Region 9: obs=2.519, exp=2.357, diff=+0.162 
Region 10: obs=2.051, exp=2.357, diff=-0.305 
Region 11: obs=2.484, exp=2.357, diff=+0.128 
Region 12: obs=2.202, exp=2.357, diff=-0.154 
Region 13: obs=2.399, exp=2.357, diff=+0.042 
Region 14: obs=2.080, exp=2.357, diff=-0.277 
Region 15: obs=2.322, exp=2.357, diff=-0.035 
Region 16: obs=2.208, exp=2.357, diff=-0.148 
Region 17: obs=2.405, exp=2.357, diff=+0.048 
Region 18: obs=2.298, exp=2.357, diff=-0.059 
Region 19: obs=2.598, exp=2.357, diff=+0.241 
Region 20: obs=1.860, exp=2.357, diff=-0.496 
Region 21: obs=2.178, exp=2.357, diff=-0.179 
Region 22: obs=2.700, exp=2.357, diff=+0.343 
Region 23: obs=2.552, exp=2.357, diff=+0.196 
Region 24: obs=2.715, exp=2.357, diff=+0.359 
Region 25: obs=2.607, exp=2.357, diff=+0.250 
Region 26: obs=2.513, exp=2.357, diff=+0.156 
Region 27: obs=2.076, exp=2.357, diff=-0.281 
Region 28: obs=2.561, exp=2.357, diff=+0.205 

[Gene CN Results]
  CYP3A5: 2.36 → 2.356609582901001
Using device: cuda

=== Running VAE with seed 42 ===
Global Pooled JS: 0.170241
Seed 42, Step    0: Loss = 1134.47 (Recon: 91.97, Allele KL: 2.83, Base KL: 79.43, Functional KL: 0.17
Global Pooled JS: 0.001081
Seed 42, Step  500: Loss = 66.38 (Recon: 20.90, Allele KL: 17.58, Base KL: 8446.21, Functional KL: 0.00
Global Pooled JS: 0.001272
Seed 42, Step 1000: Loss = 67.65 (Recon: 23.77, Allele KL: 14.65, Base KL: 8394.13, Functional KL: 0.00
Global Pooled JS: 0.002204
Seed 42, Step 1500: Loss = 73.67 (Recon: 25.67, Allele KL: 12.96, Base KL: 8485.61, Functional KL: 0.00
Global Pooled JS: 0.003307
Seed 42, Step 2000: Loss = 86.56 (Recon: 35.79, Allele KL: 8.68, Base KL: 8342.81, Functional KL: 0.00
Global Pooled JS: 0.000930
Seed 42, Step 2500: Loss = 61.30 (Recon: 22.36, Allele KL: 11.58, Base KL: 8648.56, Functional KL: 0.00

Top Variants with Coverage Mismatches:
Rank   Variant                        Expected     Observed     Diff       |Div|       
------------------------------------------------------------------------------------------
1      CYP3A5:99262834→P              0.02         0.00         0.02       0.000176    
2      CYP3A5:99262834→G              0.02         0.00         0.02       0.000172    
3      CYP3A5:99262834→N              0.02         0.00         0.02       0.000172    
4      CYP3A5:99262834→A              0.02         0.00         0.02       0.000168    
5      CYP3A5:99262834→M              0.02         0.00         0.02       0.000165    
6      CYP3A5:99262834→T              21.77        18.00        3.77       0.000074    
7      CYP3A5:99262834→C              21.92        17.00        4.92       0.000056    
New best model with final loss: 78.86

=== Running VAE with seed 123 ===
Global Pooled JS: 0.064537
Seed 123, Step    0: Loss = 448.88 (Recon: 42.82, Allele KL: 1.47, Base KL: 92.89, Functional KL: 0.06
Global Pooled JS: 0.001704
Seed 123, Step  500: Loss = 68.29 (Recon: 23.42, Allele KL: 12.91, Base KL: 8567.92, Functional KL: 0.00
Global Pooled JS: 0.002211
Seed 123, Step 1000: Loss = 77.10 (Recon: 28.50, Allele KL: 13.37, Base KL: 8434.40, Functional KL: 0.00
Global Pooled JS: 0.000846
Seed 123, Step 1500: Loss = 63.87 (Recon: 22.42, Allele KL: 14.81, Base KL: 8455.95, Functional KL: 0.00
Global Pooled JS: 0.000869
Seed 123, Step 2000: Loss = 64.15 (Recon: 25.47, Allele KL: 11.55, Base KL: 8483.43, Functional KL: 0.00
Global Pooled JS: 0.000865
Seed 123, Step 2500: Loss = 64.50 (Recon: 24.18, Allele KL: 13.32, Base KL: 8481.17, Functional KL: 0.00

Top Variants with Coverage Mismatches:
Rank   Variant                        Expected     Observed     Diff       |Div|       
------------------------------------------------------------------------------------------
1      CYP3A5:99262834→N              0.02         0.00         0.02       0.000178    
2      CYP3A5:99262834→P              0.02         0.00         0.02       0.000175    
3      CYP3A5:99262834→M              0.02         0.00         0.02       0.000175    
4      CYP3A5:99262834→G              0.02         0.00         0.02       0.000173    
5      CYP3A5:99262834→A              0.02         0.00         0.02       0.000173    
6      CYP3A5:99262834→C              20.82        17.00        3.82       0.000029    
7      CYP3A5:99262834→T              22.87        18.00        4.87       0.000015    
New best model with final loss: 73.00

=== Running VAE with seed 456 ===
Global Pooled JS: 0.076124
Seed 456, Step    0: Loss = 574.50 (Recon: 95.34, Allele KL: 3.74, Base KL: 124.25, Functional KL: 0.08
Global Pooled JS: 0.000938
Seed 456, Step  500: Loss = 66.22 (Recon: 26.41, Allele KL: 12.30, Base KL: 8471.79, Functional KL: 0.00
Global Pooled JS: 0.001320
Seed 456, Step 1000: Loss = 68.90 (Recon: 21.09, Allele KL: 18.57, Base KL: 8376.43, Functional KL: 0.00
Global Pooled JS: 0.001086
Seed 456, Step 1500: Loss = 66.80 (Recon: 25.37, Allele KL: 13.07, Base KL: 8509.34, Functional KL: 0.00
Global Pooled JS: 0.001197
Seed 456, Step 2000: Loss = 65.36 (Recon: 22.65, Allele KL: 13.93, Base KL: 8432.38, Functional KL: 0.00
Global Pooled JS: 0.001613
Seed 456, Step 2500: Loss = 69.29 (Recon: 25.14, Allele KL: 12.64, Base KL: 8554.86, Functional KL: 0.00

Top Variants with Coverage Mismatches:
Rank   Variant                        Expected     Observed     Diff       |Div|       
------------------------------------------------------------------------------------------
1      CYP3A5:99262834→G              0.02         0.00         0.02       0.000166    
2      CYP3A5:99262834→A              0.02         0.00         0.02       0.000165    
3      CYP3A5:99262834→M              0.02         0.00         0.02       0.000165    
4      CYP3A5:99262834→N              0.02         0.00         0.02       0.000164    
5      CYP3A5:99262834→P              0.02         0.00         0.02       0.000163    
6      CYP3A5:99262834→T              21.55        18.00        3.55       0.000122    
7      CYP3A5:99262834→C              22.14        17.00        5.14       0.000099    
New best model with final loss: 69.81

=== Multi-Seed VAE Results ===
Best model had seed 456 with final loss: 69.81
All seeds final losses:
  Seed 42: Total=78.86 (Recon=27.48, A_KL=10.93, B_KL=8295.10)
  Seed 123: Total=73.00 (Recon=25.14, A_KL=11.52, B_KL=8507.05)
  Seed 456: Total=69.81 (Recon=25.92, A_KL=12.66, B_KL=8423.98) <- Best
[time] run_vae took 156.23s (2,611.90234375 MB; 2,611.90234375 MB)

[Raw]:
CYP3A5*1: Normalized=0.5049, Unnormalized=0.50
CYP3A5*6: Normalized=0.4951, Unnormalized=0.50

[Alleles]
CYP3A5*1
CYP3A5*6
	Command being timed: "python cyp.py CYP3A5 /project/shared/aldy-data/wgs/NA19226.wgs.cram"
	User time (seconds): 138.95
	System time (seconds): 27.22
	Percent of CPU this job got: 99%
	Elapsed (wall clock) time (h:mm:ss or m:ss): 2:46.77
	Average shared text size (kbytes): 0
	Average unshared data size (kbytes): 0
	Average stack size (kbytes): 0
	Average total size (kbytes): 0
	Maximum resident set size (kbytes): 2674624
	Average resident set size (kbytes): 0
	Major (requiring I/O) page faults: 0
	Minor (reclaiming a frame) page faults: 696575
	Voluntary context switches: 24881
	Involuntary context switches: 4880
	Swaps: 0
	File system inputs: 0
	File system outputs: 40
	Socket messages sent: 0
	Socket messages received: 0
	Signals delivered: 0
	Page size (bytes): 4096
	Exit status: 0
