2026-05-16 18:11:23.177677: I tensorflow/core/util/port.cc:111] oneDNN custom operations are on. You may see slightly different numerical results due to floating-point round-off errors from different computation orders. To turn them off, set the environment variable `TF_ENABLE_ONEDNN_OPTS=0`.
2026-05-16 18:11:23.216516: E tensorflow/compiler/xla/stream_executor/cuda/cuda_dnn.cc:9342] Unable to register cuDNN factory: Attempting to register factory for plugin cuDNN when one has already been registered
2026-05-16 18:11:23.216710: E tensorflow/compiler/xla/stream_executor/cuda/cuda_fft.cc:609] Unable to register cuFFT factory: Attempting to register factory for plugin cuFFT when one has already been registered
2026-05-16 18:11:23.216842: E tensorflow/compiler/xla/stream_executor/cuda/cuda_blas.cc:1518] Unable to register cuBLAS factory: Attempting to register factory for plugin cuBLAS when one has already been registered
2026-05-16 18:11:23.225608: I tensorflow/core/platform/cpu_feature_guard.cc:182] This TensorFlow binary is optimized to use available CPU instructions in performance-critical operations.
To enable the following instructions: AVX2 AVX512F AVX512_VNNI FMA, in other operations, rebuild TensorFlow with the appropriate compiler flags.
AttributeError: 'MessageFactory' object has no attribute 'GetPrototype'
2026-05-16 18:11:24.267167: W tensorflow/compiler/tf2tensorrt/utils/py_utils.cc:38] TF-TRT Warning: Could not find TensorRT
AttributeError: 'MessageFactory' object has no attribute 'GetPrototype'
[info] total indices 175
[info] total variants 175
1.001 was filtered out as 99270538 T>C needs T but not covered
1.002 was filtered out as 99270538 T>C needs T but not covered
1.003 was filtered out as 99270538 T>C needs T but not covered
1.004 was filtered out as 99270538 T>C needs T but not covered
1.005 was filtered out as 99270538 T>C needs T but not covered
3.002 was filtered out as 99273814 G>A needs A but not covered
3.003 was filtered out as 99270275 A>C needs C but not covered
3.004 was filtered out as 99245973 A>G needs G but not covered
3.005 was filtered out as 99264572 A>G needs G but not covered
3.006 was filtered out as 99247742 T>C needs C but not covered
3.007 was filtered out as 99247771 A>G needs G but not covered
3.008 was filtered out as 99273744 T>C needs C but not covered
3.009 was filtered out as 99262859 T>C needs C but not covered
3.010 was filtered out as 99250235 G>T needs T but not covered
3.017 was filtered out as 99262850 A>C needs C but not covered
6.001 was filtered out as 99270538 T>C needs T but not covered
7.001 was filtered out as 99270538 T>C needs T but not covered
8.001 was filtered out as 99270538 T>C needs T but not covered
9.001 was filtered out as 99270538 T>C needs T but not covered
[filter] CYP3A5 3 => 3.001; 3.012; 3.013; 3.014; 3.015; 3.016
[filter] valid_alleles=6
Step 0: Loss=0.2451, CN=[2.0999167]
Step 100: Loss=0.0561, CN=[2.7111588]
Step 200: Loss=0.0561, CN=[2.7082217]
Step 300: Loss=0.0561, CN=[2.7082276]
Step 400: Loss=0.0561, CN=[2.7082272]

=== Fit ===
Region 0: obs=2.661, exp=2.708, diff=-0.047 
Region 1: obs=2.424, exp=2.708, diff=-0.284 
Region 2: obs=1.899, exp=2.708, diff=-0.809 *
Region 3: obs=2.714, exp=2.708, diff=+0.006 
Region 4: obs=3.010, exp=2.708, diff=+0.302 
Region 5: obs=2.618, exp=2.708, diff=-0.090 
Region 6: obs=2.912, exp=2.708, diff=+0.203 
Region 7: obs=2.769, exp=2.708, diff=+0.061 
Region 8: obs=1.860, exp=2.708, diff=-0.848 *
Region 9: obs=2.798, exp=2.708, diff=+0.090 
Region 10: obs=3.254, exp=2.708, diff=+0.546 *
Region 11: obs=2.993, exp=2.708, diff=+0.285 
Region 12: obs=2.502, exp=2.708, diff=-0.207 
Region 13: obs=2.413, exp=2.708, diff=-0.295 
Region 14: obs=2.430, exp=2.708, diff=-0.278 
Region 15: obs=2.594, exp=2.708, diff=-0.114 
Region 16: obs=3.959, exp=2.708, diff=+1.251 *
Region 17: obs=3.006, exp=2.708, diff=+0.298 
Region 18: obs=2.579, exp=2.708, diff=-0.130 
Region 19: obs=2.809, exp=2.708, diff=+0.100 
Region 20: obs=2.910, exp=2.708, diff=+0.202 
Region 21: obs=2.706, exp=2.708, diff=-0.002 
Region 22: obs=2.598, exp=2.708, diff=-0.110 
Region 23: obs=2.557, exp=2.708, diff=-0.151 
Region 24: obs=2.709, exp=2.708, diff=+0.001 
Region 25: obs=2.528, exp=2.708, diff=-0.180 
Region 26: obs=2.837, exp=2.708, diff=+0.129 
Region 27: obs=2.841, exp=2.708, diff=+0.133 
Region 28: obs=2.787, exp=2.708, diff=+0.079 

[Gene CN Results]
  CYP3A5: 2.71 → 2.7082273960113525
Using device: cuda

=== Running VAE with seed 42 ===
Global Pooled JS: 0.017073
Seed 42, Step    0: Loss = 175.36 (Recon: 44.15, Allele KL: 2.06, Base KL: 91.56, Functional KL: 0.02
Global Pooled JS: 0.002954
Seed 42, Step  500: Loss = 92.04 (Recon: 28.04, Allele KL: 9.63, Base KL: 17027.49, Functional KL: 0.00
Global Pooled JS: 0.002481
Seed 42, Step 1000: Loss = 86.30 (Recon: 25.56, Allele KL: 9.24, Base KL: 17160.90, Functional KL: 0.00
Global Pooled JS: 0.002151
Seed 42, Step 1500: Loss = 87.61 (Recon: 28.86, Allele KL: 9.66, Base KL: 17065.15, Functional KL: 0.00
Global Pooled JS: 0.002183
Seed 42, Step 2000: Loss = 91.53 (Recon: 30.82, Allele KL: 11.42, Base KL: 17040.84, Functional KL: 0.00
Global Pooled JS: 0.002075
Seed 42, Step 2500: Loss = 87.30 (Recon: 24.19, Allele KL: 14.58, Base KL: 16980.85, Functional KL: 0.00

Top Variants with Coverage Mismatches:
Rank   Variant                        Expected     Observed     Diff       |Div|       
------------------------------------------------------------------------------------------
1      CYP3A5:99270538→P              0.05         0.00         0.05       0.000390    
2      CYP3A5:99270538→T              0.05         0.00         0.05       0.000385    
3      CYP3A5:99270538→G              0.05         0.00         0.05       0.000385    
4      CYP3A5:99270538→N              0.05         0.00         0.05       0.000384    
5      CYP3A5:99270538→A              0.05         0.00         0.05       0.000383    
6      CYP3A5:99270538→M              0.05         0.00         0.05       0.000383    
7      CYP3A5:99270538→C              43.71        46.00        -2.29      0.000006    
New best model with final loss: 87.44

=== Running VAE with seed 123 ===
Global Pooled JS: 0.017410
Seed 123, Step    0: Loss = 289.46 (Recon: 157.69, Allele KL: 1.67, Base KL: 130.94, Functional KL: 0.02
Global Pooled JS: 0.002380
Seed 123, Step  500: Loss = 87.77 (Recon: 26.64, Allele KL: 10.39, Base KL: 17156.57, Functional KL: 0.00
Global Pooled JS: 0.002627
Seed 123, Step 1000: Loss = 86.31 (Recon: 26.92, Allele KL: 6.99, Base KL: 17120.57, Functional KL: 0.00
Global Pooled JS: 0.002122
Seed 123, Step 1500: Loss = 88.57 (Recon: 25.21, Allele KL: 14.32, Base KL: 17071.29, Functional KL: 0.00
Global Pooled JS: 0.002261
Seed 123, Step 2000: Loss = 85.72 (Recon: 23.91, Allele KL: 11.83, Base KL: 16986.97, Functional KL: 0.00
Global Pooled JS: 0.002444
Seed 123, Step 2500: Loss = 88.55 (Recon: 26.60, Allele KL: 10.87, Base KL: 17057.78, Functional KL: 0.00

Top Variants with Coverage Mismatches:
Rank   Variant                        Expected     Observed     Diff       |Div|       
------------------------------------------------------------------------------------------
1      CYP3A5:99270538→T              0.05         0.00         0.05       0.000391    
2      CYP3A5:99270538→P              0.05         0.00         0.05       0.000391    
3      CYP3A5:99270538→N              0.05         0.00         0.05       0.000390    
4      CYP3A5:99270538→A              0.05         0.00         0.05       0.000390    
5      CYP3A5:99270538→M              0.05         0.00         0.05       0.000387    
6      CYP3A5:99270538→G              0.05         0.00         0.05       0.000383    
7      CYP3A5:99270538→C              43.70        46.00        -2.30      0.000006    

=== Running VAE with seed 456 ===
Global Pooled JS: 0.017584
Seed 456, Step    0: Loss = 212.31 (Recon: 75.36, Allele KL: 4.66, Base KL: 138.95, Functional KL: 0.02
Global Pooled JS: 0.002186
Seed 456, Step  500: Loss = 83.47 (Recon: 24.07, Allele KL: 9.87, Base KL: 17183.79, Functional KL: 0.00
Global Pooled JS: 0.002134
Seed 456, Step 1000: Loss = 88.65 (Recon: 26.53, Allele KL: 13.08, Base KL: 17159.64, Functional KL: 0.00
Global Pooled JS: 0.002771
Seed 456, Step 1500: Loss = 90.87 (Recon: 29.59, Allele KL: 7.98, Base KL: 17208.19, Functional KL: 0.00
Global Pooled JS: 0.002724
Seed 456, Step 2000: Loss = 89.36 (Recon: 27.86, Allele KL: 8.46, Base KL: 17115.26, Functional KL: 0.00
Global Pooled JS: 0.002262
Seed 456, Step 2500: Loss = 86.86 (Recon: 27.50, Allele KL: 9.49, Base KL: 17089.07, Functional KL: 0.00

Top Variants with Coverage Mismatches:
Rank   Variant                        Expected     Observed     Diff       |Div|       
------------------------------------------------------------------------------------------
1      CYP3A5:99270538→P              0.05         0.00         0.05       0.000371    
2      CYP3A5:99270538→A              0.05         0.00         0.05       0.000368    
3      CYP3A5:99270538→T              0.05         0.00         0.05       0.000366    
4      CYP3A5:99270538→G              0.05         0.00         0.05       0.000365    
5      CYP3A5:99270538→N              0.05         0.00         0.05       0.000358    
6      CYP3A5:99270538→M              0.05         0.00         0.05       0.000357    
7      CYP3A5:99270538→C              43.72        46.00        -2.28      0.000005    

=== Multi-Seed VAE Results ===
Best model had seed 42 with final loss: 87.44
All seeds final losses:
  Seed 42: Total=87.44 (Recon=25.33, A_KL=10.36, B_KL=17007.49) <- Best
  Seed 123: Total=93.39 (Recon=29.92, A_KL=10.51, B_KL=16998.73)
  Seed 456: Total=91.21 (Recon=26.63, A_KL=11.95, B_KL=17067.19)
[time] run_vae took 107.08s (2,600.8203125 MB; 2,600.8203125 MB)

[Raw]:
CYP3A5*3: Normalized=1.0000, Unnormalized=1.00

[Alleles]
CYP3A5*3
CYP3A5*3
	Command being timed: "python cyp.py CYP3A5 /project/shared/aldy-data/wgs/NA20509.wgs.cram"
	User time (seconds): 103.06
	System time (seconds): 14.40
	Percent of CPU this job got: 99%
	Elapsed (wall clock) time (h:mm:ss or m:ss): 1:57.92
	Average shared text size (kbytes): 0
	Average unshared data size (kbytes): 0
	Average stack size (kbytes): 0
	Average total size (kbytes): 0
	Maximum resident set size (kbytes): 2663260
	Average resident set size (kbytes): 0
	Major (requiring I/O) page faults: 0
	Minor (reclaiming a frame) page faults: 767929
	Voluntary context switches: 22287
	Involuntary context switches: 134
	Swaps: 0
	File system inputs: 0
	File system outputs: 40
	Socket messages sent: 0
	Socket messages received: 0
	Signals delivered: 0
	Page size (bytes): 4096
	Exit status: 0
