2026-05-16 01:22:57.481355: I tensorflow/core/util/port.cc:111] oneDNN custom operations are on. You may see slightly different numerical results due to floating-point round-off errors from different computation orders. To turn them off, set the environment variable `TF_ENABLE_ONEDNN_OPTS=0`.
2026-05-16 01:22:57.520560: E tensorflow/compiler/xla/stream_executor/cuda/cuda_dnn.cc:9342] Unable to register cuDNN factory: Attempting to register factory for plugin cuDNN when one has already been registered
2026-05-16 01:22:57.520724: E tensorflow/compiler/xla/stream_executor/cuda/cuda_fft.cc:609] Unable to register cuFFT factory: Attempting to register factory for plugin cuFFT when one has already been registered
2026-05-16 01:22:57.520866: E tensorflow/compiler/xla/stream_executor/cuda/cuda_blas.cc:1518] Unable to register cuBLAS factory: Attempting to register factory for plugin cuBLAS when one has already been registered
2026-05-16 01:22:57.529657: I tensorflow/core/platform/cpu_feature_guard.cc:182] This TensorFlow binary is optimized to use available CPU instructions in performance-critical operations.
To enable the following instructions: AVX2 AVX512F AVX512_VNNI FMA, in other operations, rebuild TensorFlow with the appropriate compiler flags.
AttributeError: 'MessageFactory' object has no attribute 'GetPrototype'
2026-05-16 01:22:58.573572: W tensorflow/compiler/tf2tensorrt/utils/py_utils.cc:38] TF-TRT Warning: Could not find TensorRT
AttributeError: 'MessageFactory' object has no attribute 'GetPrototype'
[info] total indices 2506
[info] total variants 2506
3.001 was filtered out as 42524243 delT needs N but not covered
3.002 was filtered out as 42524243 delT needs N but not covered
4.001 was filtered out as 42526693 G>A needs A but not covered
4.002 was filtered out as 42526693 G>A needs A but not covered
4.006 was filtered out as 42526693 G>A needs A but not covered
4.008 was filtered out as 42526693 G>A needs A but not covered
4.014 was filtered out as 42526693 G>A needs A but not covered
4.015 was filtered out as 42526693 G>A needs A but not covered
4.016 was filtered out as 42526693 G>A needs A but not covered
4.017 was filtered out as 42526693 G>A needs A but not covered
4.018 was filtered out as 42526693 G>A needs A but not covered
4.020 was filtered out as 42526693 G>A needs A but not covered
4.022 was filtered out as 42526693 G>A needs A but not covered
4.023 was filtered out as 42526693 G>A needs A but not covered
4.024 was filtered out as 42526693 G>A needs A but not covered
4.025 was filtered out as 42526693 G>A needs A but not covered
4.026 was filtered out as 42526693 G>A needs A but not covered
4.029 was filtered out as 42526693 G>A needs A but not covered
4.030 was filtered out as 42526693 G>A needs A but not covered
4.003 was filtered out as 42526693 G>A needs A but not covered
4.004 was filtered out as 42526693 G>A needs A but not covered
4.005 was filtered out as 42526693 G>A needs A but not covered
4.011 was filtered out as 42526693 G>A needs A but not covered
4.019 was filtered out as 42526693 G>A needs A but not covered
4.007 was filtered out as 42526693 G>A needs A but not covered
4.009 was filtered out as 42526693 G>A needs A but not covered
4.010 was filtered out as 42526693 G>A needs A but not covered
4.012 was filtered out as 42525820 G>T needs T but not covered
4.013 was filtered out as 42526693 G>A needs A but not covered
4.021 was filtered out as 42526693 G>A needs A but not covered
4.027 was filtered out as 42526693 G>A needs A but not covered
4.028 was filtered out as 42526693 G>A needs A but not covered
4.1013 was filtered out as 42526693 G>A needs A but not covered
4.1021 was filtered out as 42526693 G>A needs A but not covered
4.2021 was filtered out as 42526693 G>A needs A but not covered
6.001 was filtered out as 42525085 delA needs N but not covered
6.002 was filtered out as 42525085 delA needs N but not covered
6.005 was filtered out as 42525085 delA needs N but not covered
6.006 was filtered out as 42525085 delA needs N but not covered
6.003 was filtered out as 42525085 delA needs N but not covered
6.004 was filtered out as 42525085 delA needs N but not covered
7.001 was filtered out as 42523857 T>G needs G but not covered
8.001 was filtered out as 42525034 C>A needs A but not covered
9.001 was filtered out as 42524175 delCTT needs N but not covered
9.002 was filtered out as 42524175 delCTT needs N but not covered
10.001 was filtered out as 42526693 G>A needs A but not covered
10.002 was filtered out as 42526693 G>A needs A but not covered
10.003 was filtered out as 42526693 G>A needs A but not covered
10.004 was filtered out as 42526693 G>A needs A but not covered
10.005 was filtered out as 42526693 G>A needs A but not covered
10.006 was filtered out as 42526693 G>A needs A but not covered
10.007 was filtered out as 42526693 G>A needs A but not covered
10.1004 was filtered out as 42526693 G>A needs A but not covered
11.001 was filtered out as 42525911 C>G needs G but not covered
12.001 was filtered out as 42526669 C>T needs T but not covered
12.002 was filtered out as 42526669 C>T needs T but not covered
14.001 was filtered out as 42525034 C>T needs T but not covered
15.001 was filtered out as 42526655 insA needs P but not covered
15.002 was filtered out as 42526655 insA needs P but not covered
15.003 was filtered out as 42526655 insA needs P but not covered
17.001 was filtered out as 42525771 G>A needs A but not covered
17.002 was filtered out as 42525771 G>A needs A but not covered
17.003 was filtered out as 42525771 G>A needs A but not covered
17.004 was filtered out as 42525771 G>A needs A but not covered
17.005 was filtered out as 42525771 G>A needs A but not covered
17.006 was filtered out as 42525771 G>A needs A but not covered
18.001 was filtered out as 42522657 insCAGTGGGCA needs P but not covered
19.001 was filtered out as 42524250 delAGTT needs N but not covered
20.001 was filtered out as 42524815 insC needs P but not covered
21.001 was filtered out as 42524212 insG needs P but not covered
21.002 was filtered out as 42524212 insG needs P but not covered
22.001 was filtered out as 42526711 G>A needs A but not covered
23.001 was filtered out as 42525837 G>A needs A but not covered
24.001 was filtered out as 42523939 T>G needs G but not covered
25.001 was filtered out as 42523594 G>C needs C but not covered
26.001 was filtered out as 42523515 A>G needs G but not covered
27.001 was filtered out as 42522939 C>T needs T but not covered
28.001 was filtered out as 42526774 C>T needs T but not covered
28.002 was filtered out as 42526774 C>T needs T but not covered
29.001 was filtered out as 42525131 C.C>G.T needs M but not covered
30.001 was filtered out as 42524928 insGGGGCGAAA not covered (cov=0)
31.001 was filtered out as 42522750 C>T needs T but not covered
32.001 was filtered out as 42522939 C>T needs T but not covered
33.001 was filtered out as 42524309 C>A needs A but not covered
33.002 was filtered out as 42524309 C>A needs A but not covered
35.001 was filtered out as 42526762 C>T needs T but not covered
35.002 was filtered out as 42526762 C>T needs T but not covered
35.003 was filtered out as 42526762 C>T needs T but not covered
35.004 was filtered out as 42526762 C>T needs T but not covered
35.005 was filtered out as 42526762 C>T needs T but not covered
35.006 was filtered out as 42526762 C>T needs T but not covered
35.007 was filtered out as 42526762 C>T needs T but not covered
36.001 was filtered out as 42526693 G>A needs A but not covered
36.002 was filtered out as 42526693 G>A needs A but not covered
36.003 was filtered out as 42526693 G>A needs A but not covered
36.004 was filtered out as 42526693 G>A needs A but not covered
36.1001 was filtered out as 42526693 G>A needs A but not covered
37.001 was filtered out as 42526693 G>A needs A but not covered
38.001 was filtered out as 42524200 delTCAG needs N but not covered
40.001 was filtered out as 42525771 G>A needs A but not covered
41.001 was filtered out as 42523804 C>T needs T but not covered
41.002 was filtered out as 42523804 C>T needs T but not covered
41.003 was filtered out as 42523804 C>T needs T but not covered
41.004 was filtered out as 42523804 C>T needs T but not covered
41.005 was filtered out as 42523804 C>T needs T but not covered
42.001 was filtered out as 42523531 insAC needs P but not covered
43.001 was filtered out as 42526716 C>T needs T but not covered
43.002 was filtered out as 42526716 C>T needs T but not covered
44.001 was filtered out as 42526711 G>A needs A but not covered
45.001 was filtered out as 42525076 C>T needs T but not covered
45.002 was filtered out as 42525076 C>T needs T but not covered
45.003 was filtered out as 42525076 C>T needs T but not covered
45.004 was filtered out as 42525076 C>T needs T but not covered
46.001 was filtered out as 42525076 C>T needs T but not covered
46.002 was filtered out as 42525076 C>T needs T but not covered
46.003 was filtered out as 42525076 C>T needs T but not covered
47.001 was filtered out as 42526693 G>A needs A but not covered
48.001 was filtered out as 42525822 G>A needs A but not covered
49.001 was filtered out as 42526693 G>A needs A but not covered
50.001 was filtered out as 42525072 T>G needs G but not covered
51.001 was filtered out as 42523620 T>G needs G but not covered
52.001 was filtered out as 42526693 G>A needs A but not covered
52.002 was filtered out as 42526693 G>A needs A but not covered
53.001 was filtered out as 42525181 A>T needs T but not covered
54.001 was filtered out as 42526693 G>A needs A but not covered
55.001 was filtered out as 42522957 T>G needs G but not covered
56.001 was filtered out as 42523591 G>A needs A but not covered
56.002 was filtered out as 42526693 G>A needs A but not covered
56.003 was filtered out as 42526693 G>A needs A but not covered
57.001 was filtered out as 42526693 G>A needs A but not covered
57.1001 was filtered out as 42526693 G>A needs A but not covered
58.001 was filtered out as 42525771 G>A needs A but not covered
59.001 was filtered out as 42523853 C>T needs T but not covered
60.001 was filtered out as 42524904 insTA needs P but not covered
62.001 was filtered out as 42522748 G>A needs A but not covered
64.001 was filtered out as 42526693 G>A needs A but not covered
65.001 was filtered out as 42526693 G>A needs A but not covered
68.001 was filtered out as 42526693 G>A needs A but not covered
69.001 was filtered out as 42526693 G>A needs A but not covered
70.001 was filtered out as 42525131 C.C>G.T needs M but not covered
72.001 was filtered out as 42526693 G>A needs A but not covered
73.001 was filtered out as 42525781 C>T needs T but not covered
74.001 was filtered out as 42525820 G>T needs T but not covered
75.001 was filtered out as 42522747 C>T needs T but not covered
75.002 was filtered out as 42522747 C>T needs T but not covered
81.001 was filtered out as 42524213 G>A needs A but not covered
82.001 was filtered out as 42525820 G>T needs T but not covered
83.001 was filtered out as 42522664 G>C needs C but not covered
83.002 was filtered out as 42522664 G>C needs C but not covered
83.003 was filtered out as 42522664 G>C needs C but not covered
84.001 was filtered out as 42524218 G>T needs T but not covered
84.002 was filtered out as 42524218 G>T needs T but not covered
85.001 was filtered out as 42522635 A>C needs C but not covered
86.001 was filtered out as 42524186 C>T needs T but not covered
87.001 was filtered out as 42526693 G>A needs A but not covered
88.001 was filtered out as 42525780 A>G needs G but not covered
89.001 was filtered out as 42525114 A>G needs G but not covered
90.001 was filtered out as 42525099 T>C needs C but not covered
91.001 was filtered out as 42523804 C>T needs T but not covered
92.001 was filtered out as 42524797 delG needs N but not covered
93.001 was filtered out as 42524273 T>G needs G but not covered
94.001 was filtered out as 42526693 G>A needs A but not covered
94.002 was filtered out as 42526693 G>A needs A but not covered
95.001 was filtered out as 42526693 G>A needs A but not covered
96.001 was filtered out as 42522897 G>A needs A but not covered
97.001 was filtered out as 42522698 G>T needs T but not covered
98.001 was filtered out as 42522682 G>C needs C but not covered
99.001 was filtered out as 42526693 G>A needs A but not covered
100.001 was filtered out as 42526693 G>A needs A but not covered
101.001 was filtered out as 42526693 G>A needs A but not covered
102.001 was filtered out as 42525822 G>A needs A but not covered
103.001 was filtered out as 42525043 T>C needs C but not covered
104.001 was filtered out as 42525072 T>A needs A but not covered
105.001 was filtered out as 42523524 A>G needs G but not covered
106.001 was filtered out as 42522915 C>T needs T but not covered
106.002 was filtered out as 42522915 C>T needs T but not covered
106.003 was filtered out as 42522915 C>T needs T but not covered
107.001 was filtered out as 42525133 C>T needs T but not covered
108.001 was filtered out as 42523557 T>C needs C but not covered
109.001 was filtered out as 42524175 delCTT needs N but not covered
110.001 was filtered out as 42522736 C>T needs T but not covered
111.001 was filtered out as 42525760 C>T needs T but not covered
111.002 was filtered out as 42525760 C>T needs T but not covered
112.001 was filtered out as 42522606 G>A needs A but not covered
113.001 was filtered out as 42522753 C>T needs T but not covered
114.001 was filtered out as 42526693 G>A needs A but not covered
115.001 was filtered out as 42524175 delCTT needs N but not covered
116.001 was filtered out as 42523632 C>G needs G but not covered
117.001 was filtered out as 42523612 C>T needs T but not covered
118.001 was filtered out as 42523900 T>C needs C but not covered
119.001 was filtered out as 42523804 C>T needs T but not covered
120.001 was filtered out as 42526729 delG needs N but not covered
121.001 was filtered out as 42525043 T>C needs C but not covered
123.001 was filtered out as 42523804 C>T needs T but not covered
124.001 was filtered out as 42522982 delGA needs N but not covered
124.002 was filtered out as 42522982 delGA needs N but not covered
125.001 was filtered out as 42522720 C>T needs T but not covered
126.001 was filtered out as 42525135 G>A needs A but not covered
127.001 was filtered out as 42523527 C>T needs T but not covered
128.001 was filtered out as 42525888 A>C needs C but not covered
129.001 was filtered out as 42525156 C>T needs T but not covered
130.001 was filtered out as 42524879 CA>AG needs A but not covered
131.001 was filtered out as 42524326 A>G needs G but not covered
132.001 was filtered out as 42526693 G>A needs A but not covered
133.001 was filtered out as 42523603 C>T needs T but not covered
134.001 was filtered out as 42523590 C>T needs T but not covered
135.001 was filtered out as 42522927 G>A needs A but not covered
136.001 was filtered out as 42522878 G>A needs A but not covered
137.001 was filtered out as 42522579 C>T needs T but not covered
138.001 was filtered out as 42523804 C>T needs T but not covered
139.001 was filtered out as 42523527 C>T needs T but not covered
140.001 was filtered out as 42524330 G>A needs A but not covered
141.001 was filtered out as 42522664 G>C needs C but not covered
141.1001 was filtered out as 42525771 G>A needs A but not covered
142.001 was filtered out as 42526693 G>A needs A but not covered
143.001 was filtered out as 42526762 C>T needs T but not covered
144.001 was filtered out as 42524352 C>T needs T but not covered
145.001 was filtered out as 42524928 insGGGGCGAAA not covered (cov=0)
146.001 was filtered out as 42526716 C>T needs T but not covered
147.001 was filtered out as 42526693 G>A needs A but not covered
148.001 was filtered out as 42526716 C>T needs T but not covered
149.001 was filtered out as 42525131 C.C>G.T needs M but not covered
152.001 was filtered out as 42524341 G>A needs A but not covered
153.001 was filtered out as 42524808 C>T needs T but not covered
154.001 was filtered out as 42525771 G>A needs A but not covered
155.001 was filtered out as 42525131 C.C>G.T needs M but not covered
156.001 was filtered out as 42525131 C.C>G.T needs M but not covered
157.001 was filtered out as 42525131 C.C>G.T needs M but not covered
158.001 was filtered out as 42523804 C>T needs T but not covered
159.001 was filtered out as 42526671 G>A needs A but not covered
160.001 was filtered out as 42525820 G>T needs T but not covered
161.001 was filtered out as 42525184 C>A needs A but not covered
162.001 was filtered out as 42522939 C>T needs T but not covered
163.001 was filtered out as 42525157 A>G needs G but not covered
[filter] CYP2D6 1.001 => 1.001; 1.002; 1.003; 1.004; 1.005; 1.006; 1.007; 1.008; 1.009; 1.010; 1.011; 1.012; 1.013; 1.014; 1.015; 1.016; 1.017; 1.018; 1.019; 1.020; 1.021; 1.022; 1.023; 1.024; 1.025; 1.026; 1.027; 1.028; 1.029; 1.030; 1.031; 1.032; 1.033; 1.034; 1.035; 1.036; 1.037; 1.038; 1.039; 1.040; 1.041; 1.042; 1.043; 1.044; 1.045; 1.046; 1.047; 1.048; 1.049
[filter] CYP2D6 2.001 => 2.001; 2.002; 2.003; 2.004; 2.005; 2.006; 2.007; 2.008; 2.009; 2.010; 2.011; 2.012; 2.013; 2.014; 2.015; 2.016; 2.017; 2.018; 2.019; 2.020; 2.021; 2.022; 2.023; 2.024; 2.025; 2.026; 2.027; 2.028; 2.030
[filter] CYP2D6 5.001 => 5.001
[filter] CYP2D6 34.001 => 34.001
[filter] CYP2D6 39.001 => 39.001; 39.002
[filter] CYP2D6 61.001 => 61.001
[filter] CYP2D6 63.001 => 63.001
[filter] CYP2D6 68.002 => 68.002
[filter] CYP2D6 71.001 => 71.001; 71.002; 71.003
[filter] CYP2D6 83.1003 => 83.1003
[filter] CYP2D6 122.001 => 122.001
[filter] valid_alleles=90
Step 0: Loss=0.3385, CN=[2.0999167]
Step 100: Loss=0.1097, CN=[2.8211439]
Step 200: Loss=0.1097, CN=[2.823892]
Step 300: Loss=0.1097, CN=[2.8238835]
Step 400: Loss=0.1097, CN=[2.8238835]

=== Fit ===
Region 0: obs=3.541, exp=2.824, diff=+0.717 *
Region 1: obs=2.574, exp=2.824, diff=-0.249 
Region 2: obs=2.778, exp=2.824, diff=-0.046 
Region 3: obs=2.764, exp=2.824, diff=-0.060 
Region 4: obs=3.050, exp=2.824, diff=+0.227 
Region 5: obs=2.978, exp=2.824, diff=+0.155 
Region 6: obs=2.833, exp=2.824, diff=+0.009 
Region 7: obs=2.801, exp=2.824, diff=-0.023 
Region 8: obs=2.558, exp=2.824, diff=-0.266 
Region 9: obs=2.694, exp=2.824, diff=-0.129 
Region 10: obs=2.517, exp=2.824, diff=-0.306 
Region 11: obs=2.451, exp=2.824, diff=-0.373 
Region 12: obs=2.940, exp=2.824, diff=+0.117 
Region 13: obs=2.537, exp=2.824, diff=-0.287 
Region 14: obs=3.025, exp=2.824, diff=+0.201 
Region 15: obs=2.698, exp=2.824, diff=-0.126 
Region 16: obs=3.436, exp=2.824, diff=+0.613 *
Region 17: obs=3.109, exp=2.824, diff=+0.285 
Region 18: obs=3.153, exp=2.824, diff=+0.329 
Region 19: obs=3.659, exp=2.824, diff=+0.835 *
Region 20: obs=2.869, exp=2.824, diff=+0.045 
Region 21: obs=0.000, exp=2.824, diff=-2.824 *
Region 22: obs=2.325, exp=2.824, diff=-0.499 

[Gene CN Results]
  CYP2D6: 2.82 → 2.823883533477783

=== CYP2D6 Fusion Template CN Estimation ===

Using CN configs: ['1', '68.001', '141.1001']

Region coverage:
  up: 3.5
  utr5: 2.6
  e1: 2.8
  i1: 2.8
  e2: 3.1
  i2: 3.0
  e3: 2.8
  i3: 2.8
  e4: 2.6
  i4: 2.7
  e5: 2.5
  i5: 2.5
  e6: 2.9
  i6: 2.5
  e7: 3.0
  i7: 2.7
  e8: 3.4
  i8: 3.1
  e9: 3.2
  utr3: 3.7
  ins: 2.9
  pce: 0.0
  rep: 2.3
  e1_2d7: 0.0
  e2_2d7: 0.0
  e3_2d7: 0.0
  e5_2d7: 0.0
  e6_2d7: 0.3
  e9_2d7: 0.1
  pce_2d7: 0.0

CN configs: ['1', '68.001', '141.1001']
PCE contributions: {'1': tensor(0.), '68.001': tensor(1.), '141.1001': tensor(1.)}
Gene CN: 2.82 → required total: 3
Respect gene CN constraint: True
Enumerating configurations that sum to 3...
Evaluated 10 configurations

Top 5 configurations:
  1. loss=1.84: 1:3
  2. loss=7.21: 1:2, 141.1001:1
  3. loss=16.57: 1:2, 68.001:1
  4. loss=23.09: 1:1, 141.1001:2
  5. loss=32.44: 1:1, 68.001:1, 141.1001:1

Best CN assignment (loss=1.84):
  1: 3
  Total: 3

Fit comparison:
  up: obs=3.5, exp=3.0, diff=+0.5
  utr5: obs=2.6, exp=3.0, diff=-0.4
  e1: obs=2.8, exp=3.0, diff=-0.2
  i1: obs=2.8, exp=3.0, diff=-0.2
  e2: obs=3.1, exp=3.0, diff=+0.1
  i2: obs=3.0, exp=3.0, diff=-0.0
  e3: obs=2.8, exp=3.0, diff=-0.2
  i3: obs=2.8, exp=3.0, diff=-0.2
  e4: obs=2.6, exp=3.0, diff=-0.4
  i4: obs=2.7, exp=3.0, diff=-0.3
  e5: obs=2.5, exp=3.0, diff=-0.5
  i5: obs=2.5, exp=3.0, diff=-0.5
  e6: obs=2.9, exp=3.0, diff=-0.1
  i6: obs=2.5, exp=3.0, diff=-0.5
  e7: obs=3.0, exp=3.0, diff=+0.0
  i7: obs=2.7, exp=3.0, diff=-0.3
  e8: obs=3.4, exp=3.0, diff=+0.4
  i8: obs=3.1, exp=3.0, diff=+0.1
  e9: obs=3.2, exp=3.0, diff=+0.2
  utr3: obs=3.7, exp=3.0, diff=+0.7
  ins: obs=2.9, exp=3.0, diff=-0.1
  pce: obs=0.0, exp=0.0, diff=+0.0
  rep: obs=2.3, exp=3.0, diff=-0.7
  e1_2d7: obs=0.0, exp=0.0, diff=+0.0
  e2_2d7: obs=0.0, exp=0.0, diff=+0.0
  e3_2d7: obs=0.0, exp=0.0, diff=+0.0
  e5_2d7: obs=0.0, exp=0.0, diff=+0.0
  e6_2d7: obs=0.3, exp=0.0, diff=+0.3
  e9_2d7: obs=0.1, exp=0.0, diff=+0.1
  pce_2d7: obs=0.0, exp=0.0, diff=+0.0

[Selected CN Configs] 1:3
  Total CYP2D6 CN: 3

[Filtering alleles by cn_config]

Kept alleles by cn_config:
  1: 6 major alleles
    *1.001, *122.001, *2.001, *34.001, *39.001, *71.001

  Filtered: 5 alleles
  Kept: 85 alleles

[Updating N variant counts for deleted regions]
  Total updated: 0 positions

[Rebuilding allele vectors for fusion cn_configs]
Using device: cuda

=== Running VAE with seed 42 ===
Global Pooled JS: 0.065594
Seed 42, Step    0: Loss = 2213.22 (Recon: 1433.98, Allele KL: 369.07, Base KL: 357376.81, Functional KL: 0.07
Global Pooled JS: 0.017027
Seed 42, Step  500: Loss = 865.43 (Recon: 720.43, Allele KL: 56.62, Base KL: 35011.55, Functional KL: 0.02
Global Pooled JS: 0.009597
Seed 42, Step 1000: Loss = 852.05 (Recon: 707.76, Allele KL: 48.34, Base KL: 34665.82, Functional KL: 0.01
Global Pooled JS: 0.022580
Seed 42, Step 1500: Loss = 1121.73 (Recon: 968.50, Allele KL: 35.27, Base KL: 34970.29, Functional KL: 0.02
Global Pooled JS: 0.024213
Seed 42, Step 2000: Loss = 892.78 (Recon: 750.85, Allele KL: 58.17, Base KL: 34230.29, Functional KL: 0.02
Global Pooled JS: 0.014855
Seed 42, Step 2500: Loss = 849.46 (Recon: 712.05, Allele KL: 42.89, Base KL: 34523.32, Functional KL: 0.01

Top Variants with Coverage Mismatches:
Rank   Variant                        Expected     Observed     Diff       |Div|       
------------------------------------------------------------------------------------------
1      CYP2D6:42522612→C              19.19        36.00        -16.81     0.003460    
2      CYP2D6:42526668→T              16.20        26.00        -9.80      0.001427    
3      CYP2D6:42526668→C              43.26        37.00        6.26       0.000749    
4      CYP2D6:42523513→C              59.92        55.00        4.92       0.000486    
5      CYP2D6:42522612→A              0.25         0.00         0.25       0.000285    
6      CYP2D6:42522612→N              0.24         0.00         0.24       0.000280    
7      CYP2D6:42522612→P              0.24         0.00         0.24       0.000274    
8      CYP2D6:42523942→P              0.24         0.00         0.24       0.000274    
9      CYP2D6:42523942→M              0.23         0.00         0.23       0.000272    
10     CYP2D6:42522612→M              0.23         0.00         0.23       0.000270    
11     CYP2D6:42522612→T              0.23         0.00         0.23       0.000270    
12     CYP2D6:42523942→N              0.23         0.00         0.23       0.000265    
13     CYP2D6:42523942→T              0.23         0.00         0.23       0.000263    
14     CYP2D6:42523942→C              0.22         0.00         0.22       0.000257    
15     CYP2D6:42526668→N              0.11         0.00         0.11       0.000121    
16     CYP2D6:42526668→G              0.10         0.00         0.10       0.000119    
17     CYP2D6:42526668→M              0.10         0.00         0.10       0.000119    
18     CYP2D6:42526668→P              0.10         0.00         0.10       0.000116    
19     CYP2D6:42526668→A              0.10         0.00         0.10       0.000115    
20     CYP2D6:42522612→G              39.58        39.00        0.58       0.000086    
21     CYP2D6:42523942→G              19.19        22.00        -2.81      0.000050    
22     CYP2D6:42523513→T              0.04         0.00         0.04       0.000048    
23     CYP2D6:42525131→C              18.94        19.00        -0.06      0.000024    
24     CYP2D6:42525131→G              41.02        42.00        -0.98      0.000021    
25     CYP2D6:42523513→M              0.00         0.00         0.00       0.000000    
26     CYP2D6:42523513→N              0.00         0.00         0.00       0.000000    
27     CYP2D6:42523513→P              0.00         0.00         0.00       0.000000    
28     CYP2D6:42523513→G              0.00         0.00         0.00       0.000000    
29     CYP2D6:42523513→A              0.00         0.00         0.00       0.000000    
30     CYP2D6:42523942→A              39.63        42.00        -2.37      0.000000    
31     CYP2D6:42525131→A              0.00         0.00         0.00       0.000000    
32     CYP2D6:42525131→M              0.00         0.00         0.00       0.000000    
33     CYP2D6:42525131→N              0.00         0.00         0.00       0.000000    
34     CYP2D6:42525131→P              0.00         0.00         0.00       0.000000    
35     CYP2D6:42525131→T              0.00         0.00         0.00       0.000000    
New best model with final loss: 853.83

=== Running VAE with seed 123 ===
Global Pooled JS: 0.040284
Seed 123, Step    0: Loss = 2176.27 (Recon: 1193.06, Allele KL: 522.42, Base KL: 364214.25, Functional KL: 0.04
Global Pooled JS: 0.016713
Seed 123, Step  500: Loss = 837.59 (Recon: 689.15, Allele KL: 56.17, Base KL: 36473.46, Functional KL: 0.02
Global Pooled JS: 0.007740
Seed 123, Step 1000: Loss = 822.00 (Recon: 671.57, Allele KL: 60.98, Base KL: 36059.62, Functional KL: 0.01
Global Pooled JS: 0.012730
Seed 123, Step 1500: Loss = 826.81 (Recon: 673.37, Allele KL: 68.09, Base KL: 36585.40, Functional KL: 0.01
Global Pooled JS: 0.008120
Seed 123, Step 2000: Loss = 824.95 (Recon: 678.65, Allele KL: 50.13, Base KL: 36820.98, Functional KL: 0.01
Global Pooled JS: 0.007229
Seed 123, Step 2500: Loss = 823.39 (Recon: 676.01, Allele KL: 56.48, Base KL: 36343.52, Functional KL: 0.01

Top Variants with Coverage Mismatches:
Rank   Variant                        Expected     Observed     Diff       |Div|       
------------------------------------------------------------------------------------------
1      CYP2D6:42522612→C              19.40        36.00        -16.60     0.003348    
2      CYP2D6:42526668→T              17.04        26.00        -8.96      0.001128    
3      CYP2D6:42526668→C              42.40        37.00        5.40       0.000611    
4      CYP2D6:42523513→C              59.94        55.00        4.94       0.000487    
5      CYP2D6:42522612→N              0.24         0.00         0.24       0.000278    
6      CYP2D6:42522612→A              0.23         0.00         0.23       0.000269    
7      CYP2D6:42522612→M              0.23         0.00         0.23       0.000268    
8      CYP2D6:42522612→P              0.23         0.00         0.23       0.000265    
9      CYP2D6:42522612→T              0.23         0.00         0.23       0.000263    
10     CYP2D6:42523942→N              0.22         0.00         0.22       0.000256    
11     CYP2D6:42523942→M              0.22         0.00         0.22       0.000251    
12     CYP2D6:42523942→C              0.22         0.00         0.22       0.000250    
13     CYP2D6:42523942→P              0.22         0.00         0.22       0.000250    
14     CYP2D6:42523942→T              0.21         0.00         0.21       0.000247    
15     CYP2D6:42526668→N              0.11         0.00         0.11       0.000123    
16     CYP2D6:42526668→A              0.11         0.00         0.11       0.000123    
17     CYP2D6:42526668→M              0.11         0.00         0.11       0.000122    
18     CYP2D6:42526668→P              0.10         0.00         0.10       0.000119    
19     CYP2D6:42526668→G              0.10         0.00         0.10       0.000116    
20     CYP2D6:42522612→G              39.40        39.00        0.40       0.000076    
21     CYP2D6:42523942→G              19.39        22.00        -2.61      0.000038    
22     CYP2D6:42525131→C              19.16        19.00        0.16       0.000035    
23     CYP2D6:42523513→T              0.03         0.00         0.03       0.000031    
24     CYP2D6:42525131→G              40.81        42.00        -1.19      0.000015    
25     CYP2D6:42523513→G              0.00         0.00         0.00       0.000000    
26     CYP2D6:42523513→P              0.00         0.00         0.00       0.000000    
27     CYP2D6:42523513→A              0.00         0.00         0.00       0.000000    
28     CYP2D6:42523513→M              0.00         0.00         0.00       0.000000    
29     CYP2D6:42523513→N              0.00         0.00         0.00       0.000000    
30     CYP2D6:42523942→A              39.49        42.00        -2.51      0.000000    
31     CYP2D6:42525131→A              0.00         0.00         0.00       0.000000    
32     CYP2D6:42525131→M              0.00         0.00         0.00       0.000000    
33     CYP2D6:42525131→N              0.00         0.00         0.00       0.000000    
34     CYP2D6:42525131→P              0.00         0.00         0.00       0.000000    
35     CYP2D6:42525131→T              0.00         0.00         0.00       0.000000    
New best model with final loss: 818.86

=== Running VAE with seed 456 ===
Global Pooled JS: 0.039398
Seed 456, Step    0: Loss = 2138.90 (Recon: 1417.20, Allele KL: 354.85, Base KL: 274046.28, Functional KL: 0.04
Global Pooled JS: 0.010017
Seed 456, Step  500: Loss = 825.31 (Recon: 673.41, Allele KL: 59.29, Base KL: 36855.16, Functional KL: 0.01
Global Pooled JS: 0.006575
Seed 456, Step 1000: Loss = 840.76 (Recon: 681.23, Allele KL: 71.21, Base KL: 35992.72, Functional KL: 0.01
Global Pooled JS: 0.011092
Seed 456, Step 1500: Loss = 821.50 (Recon: 669.91, Allele KL: 65.29, Base KL: 36422.48, Functional KL: 0.01
Global Pooled JS: 0.009035
Seed 456, Step 2000: Loss = 823.00 (Recon: 665.84, Allele KL: 71.89, Base KL: 36417.15, Functional KL: 0.01
Global Pooled JS: 0.007705
Seed 456, Step 2500: Loss = 824.83 (Recon: 673.96, Allele KL: 59.33, Base KL: 36508.53, Functional KL: 0.01

Top Variants with Coverage Mismatches:
Rank   Variant                        Expected     Observed     Diff       |Div|       
------------------------------------------------------------------------------------------
1      CYP2D6:42522612→C              17.21        36.00        -18.79     0.004648    
2      CYP2D6:42526668→T              15.62        26.00        -10.38     0.001658    
3      CYP2D6:42526668→C              43.86        37.00        6.86       0.000854    
4      CYP2D6:42523513→C              59.95        55.00        4.95       0.000489    
5      CYP2D6:42522612→T              0.25         0.00         0.25       0.000289    
6      CYP2D6:42522612→N              0.25         0.00         0.25       0.000284    
7      CYP2D6:42522612→A              0.24         0.00         0.24       0.000283    
8      CYP2D6:42522612→M              0.24         0.00         0.24       0.000283    
9      CYP2D6:42523942→G              17.18        22.00        -4.82      0.000280    
10     CYP2D6:42522612→P              0.24         0.00         0.24       0.000277    
11     CYP2D6:42523942→P              0.24         0.00         0.24       0.000272    
12     CYP2D6:42523942→C              0.23         0.00         0.23       0.000267    
13     CYP2D6:42523942→T              0.23         0.00         0.23       0.000266    
14     CYP2D6:42523942→M              0.23         0.00         0.23       0.000263    
15     CYP2D6:42523942→N              0.22         0.00         0.22       0.000259    
16     CYP2D6:42522612→G              41.53        39.00        2.53       0.000241    
17     CYP2D6:42525131→G              43.04        42.00        1.04       0.000120    
18     CYP2D6:42526668→P              0.10         0.00         0.10       0.000116    
19     CYP2D6:42526668→N              0.10         0.00         0.10       0.000115    
20     CYP2D6:42526668→M              0.10         0.00         0.10       0.000114    
21     CYP2D6:42526668→G              0.10         0.00         0.10       0.000112    
22     CYP2D6:42526668→A              0.10         0.00         0.10       0.000111    
23     CYP2D6:42523942→A              41.64        42.00        -0.36      0.000043    
24     CYP2D6:42525131→C              16.92        19.00        -2.08      0.000023    
25     CYP2D6:42523513→T              0.01         0.00         0.01       0.000013    
26     CYP2D6:42523513→N              0.00         0.00         0.00       0.000000    
27     CYP2D6:42523513→G              0.00         0.00         0.00       0.000000    
28     CYP2D6:42523513→M              0.00         0.00         0.00       0.000000    
29     CYP2D6:42523513→A              0.00         0.00         0.00       0.000000    
30     CYP2D6:42523513→P              0.00         0.00         0.00       0.000000    
31     CYP2D6:42525131→A              0.00         0.00         0.00       0.000000    
32     CYP2D6:42525131→M              0.00         0.00         0.00       0.000000    
33     CYP2D6:42525131→N              0.00         0.00         0.00       0.000000    
34     CYP2D6:42525131→P              0.00         0.00         0.00       0.000000    
35     CYP2D6:42525131→T              0.00         0.00         0.00       0.000000    

=== Multi-Seed VAE Results ===
Best model had seed 123 with final loss: 818.86
All seeds final losses:
  Seed 42: Total=853.83 (Recon=710.53, A_KL=50.31, B_KL=34160.55)
  Seed 123: Total=818.86 (Recon=673.27, A_KL=55.06, B_KL=36331.99) <- Best
  Seed 456: Total=827.38 (Recon=676.63, A_KL=65.01, B_KL=36275.23)
[time] run_vae took 308.03s (2,687.01953125 MB; 2,819.3671875 MB)

[Raw]:
CYP2D6*2: Normalized=0.6801, Unnormalized=0.68
CYP2D6*71: Normalized=0.2946, Unnormalized=0.29

Allocating by cn_config:

[Alleles]
CYP2D6*2
CYP2D6*2
CYP2D6*71
	Command being timed: "python cyp.py CYP2D6 /project/shared/aldy-data/wgs/HG00436.wgs.cram"
	User time (seconds): 277.23
	System time (seconds): 49.81
	Percent of CPU this job got: 101%
	Elapsed (wall clock) time (h:mm:ss or m:ss): 5:21.17
	Average shared text size (kbytes): 0
	Average unshared data size (kbytes): 0
	Average stack size (kbytes): 0
	Average total size (kbytes): 0
	Maximum resident set size (kbytes): 2887032
	Average resident set size (kbytes): 0
	Major (requiring I/O) page faults: 0
	Minor (reclaiming a frame) page faults: 813971
	Voluntary context switches: 24668
	Involuntary context switches: 280
	Swaps: 0
	File system inputs: 0
	File system outputs: 88
	Socket messages sent: 0
	Socket messages received: 0
	Signals delivered: 0
	Page size (bytes): 4096
	Exit status: 0
