2026-03-11 05:41:50.057377: I tensorflow/core/util/port.cc:111] oneDNN custom operations are on. You may see slightly different numerical results due to floating-point round-off errors from different computation orders. To turn them off, set the environment variable `TF_ENABLE_ONEDNN_OPTS=0`.
2026-03-11 05:41:50.094919: E tensorflow/compiler/xla/stream_executor/cuda/cuda_dnn.cc:9342] Unable to register cuDNN factory: Attempting to register factory for plugin cuDNN when one has already been registered
2026-03-11 05:41:50.095070: E tensorflow/compiler/xla/stream_executor/cuda/cuda_fft.cc:609] Unable to register cuFFT factory: Attempting to register factory for plugin cuFFT when one has already been registered
2026-03-11 05:41:50.095203: E tensorflow/compiler/xla/stream_executor/cuda/cuda_blas.cc:1518] Unable to register cuBLAS factory: Attempting to register factory for plugin cuBLAS when one has already been registered
2026-03-11 05:41:50.103545: I tensorflow/core/platform/cpu_feature_guard.cc:182] This TensorFlow binary is optimized to use available CPU instructions in performance-critical operations.
To enable the following instructions: AVX2 AVX512F AVX512_VNNI FMA, in other operations, rebuild TensorFlow with the appropriate compiler flags.
AttributeError: 'MessageFactory' object has no attribute 'GetPrototype'
2026-03-11 05:41:51.356068: W tensorflow/compiler/tf2tensorrt/utils/py_utils.cc:38] TF-TRT Warning: Could not find TensorRT
AttributeError: 'MessageFactory' object has no attribute 'GetPrototype'
[info] total indices 2506
[info] total variants 2506
2.001 was filtered out as 42523942 G>A needs A but not covered
2.002 was filtered out as 42523942 G>A needs A but not covered
2.003 was filtered out as 42523942 G>A needs A but not covered
2.004 was filtered out as 42523942 G>A needs A but not covered
2.005 was filtered out as 42523942 G>A needs A but not covered
2.006 was filtered out as 42523942 G>A needs A but not covered
2.007 was filtered out as 42523942 G>A needs A but not covered
2.008 was filtered out as 42523942 G>A needs A but not covered
2.009 was filtered out as 42523942 G>A needs A but not covered
2.010 was filtered out as 42523942 G>A needs A but not covered
2.011 was filtered out as 42523942 G>A needs A but not covered
2.012 was filtered out as 42523942 G>A needs A but not covered
2.013 was filtered out as 42523942 G>A needs A but not covered
2.014 was filtered out as 42523942 G>A needs A but not covered
2.015 was filtered out as 42523942 G>A needs A but not covered
2.016 was filtered out as 42523942 G>A needs A but not covered
2.017 was filtered out as 42523942 G>A needs A but not covered
2.018 was filtered out as 42523942 G>A needs A but not covered
2.019 was filtered out as 42523942 G>A needs A but not covered
2.020 was filtered out as 42523942 G>A needs A but not covered
2.021 was filtered out as 42523942 G>A needs A but not covered
2.022 was filtered out as 42523942 G>A needs A but not covered
2.023 was filtered out as 42523942 G>A needs A but not covered
2.024 was filtered out as 42523942 G>A needs A but not covered
2.025 was filtered out as 42523942 G>A needs A but not covered
2.026 was filtered out as 42523942 G>A needs A but not covered
2.027 was filtered out as 42523942 G>A needs A but not covered
2.028 was filtered out as 42523942 G>A needs A but not covered
2.030 was filtered out as 42523942 G>A needs A but not covered
3.001 was filtered out as 42524243 delT needs N but not covered
3.002 was filtered out as 42524243 delT needs N but not covered
4.001 was filtered out as 42522612 C>G needs G but not covered
4.002 was filtered out as 42522612 C>G needs G but not covered
4.006 was filtered out as 42522612 C>G needs G but not covered
4.008 was filtered out as 42522612 C>G needs G but not covered
4.014 was filtered out as 42522612 C>G needs G but not covered
4.015 was filtered out as 42522612 C>G needs G but not covered
4.016 was filtered out as 42522612 C>G needs G but not covered
4.017 was filtered out as 42522612 C>G needs G but not covered
4.018 was filtered out as 42522612 C>G needs G but not covered
4.020 was filtered out as 42522612 C>G needs G but not covered
4.022 was filtered out as 42522612 C>G needs G but not covered
4.023 was filtered out as 42522612 C>G needs G but not covered
4.024 was filtered out as 42522612 C>G needs G but not covered
4.025 was filtered out as 42522612 C>G needs G but not covered
4.026 was filtered out as 42522612 C>G needs G but not covered
4.029 was filtered out as 42522612 C>G needs G but not covered
4.030 was filtered out as 42522612 C>G needs G but not covered
4.003 was filtered out as 42522612 C>G needs G but not covered
4.004 was filtered out as 42522612 C>G needs G but not covered
4.005 was filtered out as 42522612 C>G needs G but not covered
4.011 was filtered out as 42522612 C>G needs G but not covered
4.019 was filtered out as 42522612 C>G needs G but not covered
4.007 was filtered out as 42522612 C>G needs G but not covered
4.009 was filtered out as 42526693 G>A needs A but not covered
4.010 was filtered out as 42523942 G>A needs A but not covered
4.012 was filtered out as 42525820 G>T needs T but not covered
4.013 was filtered out as 42522612 C>G needs G but not covered
4.021 was filtered out as 42522612 C>G needs G but not covered
4.027 was filtered out as 42526693 G>A needs A but not covered
4.028 was filtered out as 42522612 C>G needs G but not covered
4.1013 was filtered out as 42526693 G>A needs A but not covered
4.1021 was filtered out as 42526693 G>A needs A but not covered
4.2021 was filtered out as 42522612 C>G needs G but not covered
6.003 was filtered out as 42522612 C>G needs G but not covered
6.004 was filtered out as 42523504 C>T needs T but not covered
7.001 was filtered out as 42523857 T>G needs G but not covered
8.001 was filtered out as 42523942 G>A needs A but not covered
9.001 was filtered out as 42524175 delCTT needs N but not covered
9.002 was filtered out as 42524175 delCTT needs N but not covered
10.001 was filtered out as 42522612 C>G needs G but not covered
10.002 was filtered out as 42522612 C>G needs G but not covered
10.003 was filtered out as 42522612 C>G needs G but not covered
10.004 was filtered out as 42522612 C>G needs G but not covered
10.005 was filtered out as 42522612 C>G needs G but not covered
10.006 was filtered out as 42522612 C>G needs G but not covered
10.007 was filtered out as 42522612 C>G needs G but not covered
10.1004 was filtered out as 42522612 C>G needs G but not covered
11.001 was filtered out as 42523942 G>A needs A but not covered
12.001 was filtered out as 42523942 G>A needs A but not covered
12.002 was filtered out as 42523942 G>A needs A but not covered
14.001 was filtered out as 42523942 G>A needs A but not covered
15.001 was filtered out as 42526655 insA needs P but not covered
15.002 was filtered out as 42526655 insA needs P but not covered
15.003 was filtered out as 42526655 insA needs P but not covered
17.001 was filtered out as 42523942 G>A needs A but not covered
17.002 was filtered out as 42523942 G>A needs A but not covered
17.003 was filtered out as 42523942 G>A needs A but not covered
17.004 was filtered out as 42523942 G>A needs A but not covered
17.005 was filtered out as 42523942 G>A needs A but not covered
17.006 was filtered out as 42523942 G>A needs A but not covered
18.001 was filtered out as 42522657 insCAGTGGGCA needs P but not covered
19.001 was filtered out as 42523942 G>A needs A but not covered
20.001 was filtered out as 42523942 G>A needs A but not covered
21.001 was filtered out as 42523942 G>A needs A but not covered
21.002 was filtered out as 42523942 G>A needs A but not covered
22.001 was filtered out as 42526711 G>A needs A but not covered
23.001 was filtered out as 42525837 G>A needs A but not covered
24.001 was filtered out as 42523939 T>G needs G but not covered
25.001 was filtered out as 42523594 G>C needs C but not covered
26.001 was filtered out as 42523515 A>G needs G but not covered
27.001 was filtered out as 42522939 C>T needs T but not covered
28.001 was filtered out as 42523942 G>A needs A but not covered
28.002 was filtered out as 42523942 G>A needs A but not covered
29.001 was filtered out as 42523942 G>A needs A but not covered
30.001 was filtered out as 42523942 G>A needs A but not covered
31.001 was filtered out as 42523942 G>A needs A but not covered
32.001 was filtered out as 42523942 G>A needs A but not covered
33.001 was filtered out as 42524309 C>A needs A but not covered
33.002 was filtered out as 42524309 C>A needs A but not covered
34.001 was filtered out as 42523942 G>A needs A but not covered
35.001 was filtered out as 42523942 G>A needs A but not covered
35.002 was filtered out as 42523942 G>A needs A but not covered
35.003 was filtered out as 42523942 G>A needs A but not covered
35.004 was filtered out as 42523942 G>A needs A but not covered
35.005 was filtered out as 42523942 G>A needs A but not covered
35.006 was filtered out as 42523942 G>A needs A but not covered
35.007 was filtered out as 42523942 G>A needs A but not covered
36.001 was filtered out as 42522612 C>G needs G but not covered
36.002 was filtered out as 42522612 C>G needs G but not covered
36.003 was filtered out as 42522612 C>G needs G but not covered
36.004 was filtered out as 42522612 C>G needs G but not covered
36.1001 was filtered out as 42526693 G>A needs A but not covered
37.001 was filtered out as 42522612 C>G needs G but not covered
38.001 was filtered out as 42524200 delTCAG needs N but not covered
39.001 was filtered out as 42522612 C>G needs G but not covered
39.002 was filtered out as 42522612 C>G needs G but not covered
40.001 was filtered out as 42523942 G>A needs A but not covered
41.001 was filtered out as 42523942 G>A needs A but not covered
41.002 was filtered out as 42523942 G>A needs A but not covered
41.003 was filtered out as 42523942 G>A needs A but not covered
41.004 was filtered out as 42523942 G>A needs A but not covered
41.005 was filtered out as 42523942 G>A needs A but not covered
42.001 was filtered out as 42523942 G>A needs A but not covered
43.001 was filtered out as 42526716 C>T needs T but not covered
43.002 was filtered out as 42526716 C>T needs T but not covered
44.001 was filtered out as 42526711 G>A needs A but not covered
45.001 was filtered out as 42523942 G>A needs A but not covered
45.002 was filtered out as 42523942 G>A needs A but not covered
45.003 was filtered out as 42523942 G>A needs A but not covered
45.004 was filtered out as 42523942 G>A needs A but not covered
46.001 was filtered out as 42523942 G>A needs A but not covered
46.002 was filtered out as 42523942 G>A needs A but not covered
46.003 was filtered out as 42523942 G>A needs A but not covered
47.001 was filtered out as 42522612 C>G needs G but not covered
48.001 was filtered out as 42525822 G>A needs A but not covered
49.001 was filtered out as 42522612 C>G needs G but not covered
50.001 was filtered out as 42525072 T>G needs G but not covered
51.001 was filtered out as 42523942 G>A needs A but not covered
52.001 was filtered out as 42522612 C>G needs G but not covered
52.002 was filtered out as 42522612 C>G needs G but not covered
53.001 was filtered out as 42525181 A>T needs T but not covered
54.001 was filtered out as 42522612 C>G needs G but not covered
55.001 was filtered out as 42523942 G>A needs A but not covered
56.001 was filtered out as 42523942 G>A needs A but not covered
56.002 was filtered out as 42522612 C>G needs G but not covered
56.003 was filtered out as 42522612 C>G needs G but not covered
57.001 was filtered out as 42522612 C>G needs G but not covered
57.1001 was filtered out as 42526693 G>A needs A but not covered
58.001 was filtered out as 42523942 G>A needs A but not covered
59.001 was filtered out as 42523942 G>A needs A but not covered
60.001 was filtered out as 42524904 insTA needs P but not covered
62.001 was filtered out as 42522748 G>A needs A but not covered
63.001 was filtered out as 42523942 G>A needs A but not covered
64.001 was filtered out as 42522612 C>G needs G but not covered
65.001 was filtered out as 42523942 G>A needs A but not covered
68.001 was filtered out as 42526693 G>A needs A but not covered
69.001 was filtered out as 42523942 G>A needs A but not covered
70.001 was filtered out as 42522612 C>G needs G but not covered
71.001 was filtered out as 42526668 C>T needs T but not covered
71.002 was filtered out as 42526668 C>T needs T but not covered
71.003 was filtered out as 42526668 C>T needs T but not covered
72.001 was filtered out as 42522612 C>G needs G but not covered
73.001 was filtered out as 42523942 G>A needs A but not covered
74.001 was filtered out as 42525820 G>T needs T but not covered
75.001 was filtered out as 42522747 C>T needs T but not covered
75.002 was filtered out as 42522747 C>T needs T but not covered
81.001 was filtered out as 42524213 G>A needs A but not covered
82.001 was filtered out as 42525820 G>T needs T but not covered
83.001 was filtered out as 42522612 C>G needs G but not covered
83.002 was filtered out as 42522612 C>G needs G but not covered
83.003 was filtered out as 42522612 C>G needs G but not covered
84.001 was filtered out as 42523942 G>A needs A but not covered
84.002 was filtered out as 42523942 G>A needs A but not covered
85.001 was filtered out as 42523942 G>A needs A but not covered
86.001 was filtered out as 42524186 C>T needs T but not covered
87.001 was filtered out as 42522612 C>G needs G but not covered
88.001 was filtered out as 42522612 C>G needs G but not covered
89.001 was filtered out as 42525114 A>G needs G but not covered
90.001 was filtered out as 42525099 T>C needs C but not covered
91.001 was filtered out as 42523942 G>A needs A but not covered
92.001 was filtered out as 42524797 delG needs N but not covered
93.001 was filtered out as 42524273 T>G needs G but not covered
94.001 was filtered out as 42522612 C>G needs G but not covered
94.002 was filtered out as 42522612 C>G needs G but not covered
95.001 was filtered out as 42522612 C>G needs G but not covered
96.001 was filtered out as 42522897 G>A needs A but not covered
97.001 was filtered out as 42522698 G>T needs T but not covered
98.001 was filtered out as 42523942 G>A needs A but not covered
99.001 was filtered out as 42522612 C>G needs G but not covered
100.001 was filtered out as 42522612 C>G needs G but not covered
101.001 was filtered out as 42522612 C>G needs G but not covered
102.001 was filtered out as 42523942 G>A needs A but not covered
103.001 was filtered out as 42523942 G>A needs A but not covered
104.001 was filtered out as 42523942 G>A needs A but not covered
105.001 was filtered out as 42523942 G>A needs A but not covered
106.001 was filtered out as 42522915 C>T needs T but not covered
106.002 was filtered out as 42522915 C>T needs T but not covered
106.003 was filtered out as 42522915 C>T needs T but not covered
107.001 was filtered out as 42525133 C>T needs T but not covered
108.001 was filtered out as 42523566 T>C needs C but not covered
109.001 was filtered out as 42524175 delCTT needs N but not covered
110.001 was filtered out as 42522736 C>T needs T but not covered
111.001 was filtered out as 42523942 G>A needs A but not covered
111.002 was filtered out as 42523942 G>A needs A but not covered
112.001 was filtered out as 42522606 G>A needs A but not covered
113.001 was filtered out as 42522753 C>T needs T but not covered
114.001 was filtered out as 42523942 G>A needs A but not covered
115.001 was filtered out as 42524175 delCTT needs N but not covered
116.001 was filtered out as 42523632 C>G needs G but not covered
117.001 was filtered out as 42523942 G>A needs A but not covered
118.001 was filtered out as 42523900 T>C needs C but not covered
119.001 was filtered out as 42523804 C>T needs T but not covered
120.001 was filtered out as 42526729 delG needs N but not covered
121.001 was filtered out as 42523942 G>A needs A but not covered
122.001 was filtered out as 42523513 C>T needs T but not covered
123.001 was filtered out as 42523942 G>A needs A but not covered
124.001 was filtered out as 42522982 delGA needs N but not covered
124.002 was filtered out as 42522982 delGA needs N but not covered
125.001 was filtered out as 42523942 G>A needs A but not covered
126.001 was filtered out as 42523942 G>A needs A but not covered
127.001 was filtered out as 42523527 C>T needs T but not covered
128.001 was filtered out as 42523942 G>A needs A but not covered
129.001 was filtered out as 42523942 G>A needs A but not covered
130.001 was filtered out as 42524879 CA>AG needs A but not covered
131.001 was filtered out as 42524326 A>G needs G but not covered
132.001 was filtered out as 42522612 C>G needs G but not covered
133.001 was filtered out as 42523942 G>A needs A but not covered
134.001 was filtered out as 42523590 C>T needs T but not covered
135.001 was filtered out as 42523942 G>A needs A but not covered
136.001 was filtered out as 42523942 G>A needs A but not covered
137.001 was filtered out as 42522579 C>T needs T but not covered
138.001 was filtered out as 42523942 G>A needs A but not covered
139.001 was filtered out as 42523527 C>T needs T but not covered
140.001 was filtered out as 42524330 G>A needs A but not covered
141.001 was filtered out as 42523942 G>A needs A but not covered
141.1001 was filtered out as 42523942 G>A needs A but not covered
142.001 was filtered out as 42522612 C>G needs G but not covered
143.001 was filtered out as 42526762 C>T needs T but not covered
144.001 was filtered out as 42524352 C>T needs T but not covered
145.001 was filtered out as 42524928 insGGGGCGAAA not covered (cov=0)
146.001 was filtered out as 42523942 G>A needs A but not covered
147.001 was filtered out as 42522612 C>G needs G but not covered
148.001 was filtered out as 42523942 G>A needs A but not covered
149.001 was filtered out as 42523942 G>A needs A but not covered
152.001 was filtered out as 42524341 G>A needs A but not covered
153.001 was filtered out as 42524808 C>T needs T but not covered
154.001 was filtered out as 42523942 G>A needs A but not covered
155.001 was filtered out as 42523942 G>A needs A but not covered
156.001 was filtered out as 42523942 G>A needs A but not covered
157.001 was filtered out as 42523942 G>A needs A but not covered
158.001 was filtered out as 42523942 G>A needs A but not covered
159.001 was filtered out as 42523942 G>A needs A but not covered
160.001 was filtered out as 42523942 G>A needs A but not covered
161.001 was filtered out as 42523942 G>A needs A but not covered
162.001 was filtered out as 42523942 G>A needs A but not covered
163.001 was filtered out as 42523942 G>A needs A but not covered
[filter] CYP2D6 1.001 => 1.001; 1.002; 1.003; 1.004; 1.005; 1.006; 1.007; 1.008; 1.009; 1.010; 1.011; 1.012; 1.013; 1.014; 1.015; 1.016; 1.017; 1.018; 1.019; 1.020; 1.021; 1.022; 1.023; 1.024; 1.025; 1.026; 1.027; 1.028; 1.029; 1.030; 1.031; 1.032; 1.033; 1.034; 1.035; 1.036; 1.037; 1.038; 1.039; 1.040; 1.041; 1.042; 1.043; 1.044; 1.045; 1.046; 1.047; 1.048; 1.049
[filter] CYP2D6 5.001 => 5.001
[filter] CYP2D6 6.001 => 6.001
[filter] CYP2D6 6.002 => 6.002; 6.005; 6.006
[filter] CYP2D6 61.001 => 61.001
[filter] CYP2D6 68.002 => 68.002
[filter] CYP2D6 83.1003 => 83.1003
[filter] valid_alleles=57
CYP2D6:42522397 → A:0, C*:45, G:0, M:0, N:0, P:0, T:0
CYP2D6:42522608 → A:0, C:0, G:0, M:0, N:0, P:0, T*:48
CYP2D6:42522964 → A:0, C*:18, G:0, M:0, N:0, P:0, T:20
CYP2D6:42523070 → A*:42, C:0, G:0, M:0, N:0, P:0, T:0
CYP2D6:42523085 → A:0, C*:41, G:0, M:0, N:0, P:0, T:0
CYP2D6:42523144 → A:0, C:0, G*:55, M:0, N:0, P:0, T:0
CYP2D6:42523157 → A:0, C:0, G*:60, M:0, N:0, P:0, T:0
CYP2D6:42523240 → A:0, C:0, G*:52, M:0, N:0, P:0, T:0
CYP2D6:42523246 → A:0, C*:48, G:0, M:0, N:0, P:0, T:0
CYP2D6:42523408 → A:0, C:0, G:21, M:0, N:0, P:0, T*:41
CYP2D6:42523661 → A:0, C:0, G*:46, M:0, N:0, P:0, T:0
CYP2D6:42523681 → A:0, C*:45, G:0, M:0, N:0, P:0, T:0
CYP2D6:42523759 → A:0, C*:30, G:0, M:0, N:0, P:0, T:0
CYP2D6:42523787 → A:0, C*:31, G:0, M:0, N:0, P:0, T:0
CYP2D6:42523812 → A:0, C:0, G*:38, M:0, N:0, P:0, T:0
CYP2D6:42524032 → A*:40, C:0, G:0, M:0, N:0, P:0, T:0
CYP2D6:42524072 → A:0, C*:41, G:0, M:0, N:0, P:0, T:0
CYP2D6:42524129 → A:0, C*:38, G:0, M:0, N:0, P:0, T:0
CYP2D6:42524148 → A:0, C:0, G*:43, M:0, N:0, P:0, T:0
CYP2D6:42524161 → A:0, C:0, G*:47, M:0, N:0, P:0, T:0
CYP2D6:42524217 → A:0, C:0, G*:47, M:0, N:0, P:0, T:0
CYP2D6:42524368 → A:0, C:0, G*:38, M:0, N:0, P:0, T:0
CYP2D6:42524489 → A:0, C:0, G*:45, M:0, N:0, P:0, T:0
CYP2D6:42524581 → A:0, C:0, G*:38, M:0, N:0, P:0, T:0
CYP2D6:42524737 → A:0, C*:64, G:0, M:0, N:0, P:0, T:0
CYP2D6:42524742 → A:9, C:0, G*:55, M:0, N:0, P:0, T:0
CYP2D6:42524814 → A:0, C:0, G*:55, M:0, N:0, P:0, T:0
CYP2D6:42524816^ → A:0, C*:35, G:0, M:0, N:0, P:0, T^:18
CYP2D6:42524923 → A*:32, C:0, G:0, M:0, N:0, P:0, T:0
CYP2D6:42524969 → A:0, C:0, G*:34, M:0, N:0, P:0, T:0
CYP2D6:42525085^ → A*:22, C:0, G:0, M:0, N^:23, P:0, T:0
CYP2D6:42525131^ → A:0, C*:48, G:0, M^:0, N:0, P:0, T:0
CYP2D6:42525134 → A:0, C:0, G*:49, M:0, N:0, P:0, T:0
CYP2D6:42525238 → A*:36, C:0, G:0, M:0, N:0, P:0, T:0
CYP2D6:42525443 → A:0, C*:49, G:0, M:0, N:0, P:0, T:0
CYP2D6:42525499 → A:0, C*:54, G:0, M:0, N:0, P:0, T:0
CYP2D6:42525541 → A:0, C:0, G*:61, M:0, N:0, P:0, T:0
CYP2D6:42525546 → A:30, C:0, G*:27, M:0, N:0, P:0, T:0
CYP2D6:42525624 → A:0, C*:52, G:0, M:0, N:0, P:0, T:0
CYP2D6:42525707 → A:0, C:0, G*:47, M:0, N:0, P:0, T:0
CYP2D6:42525727 → A*:48, C:0, G:0, M:0, N:0, P:0, T:0
CYP2D6:42525951 → A*:52, C:0, G:0, M:0, N:0, P:0, T:0
CYP2D6:42526048 → A:0, C:0, G*:33, M:0, N:0, P:0, T:0
CYP2D6:42526344 → A:0, C:0, G:0, M:0, N:0, P:0, T*:41
CYP2D6:42526483 → A:0, C*:31, G:0, M:0, N:0, P:0, T:0
CYP2D6:42526523 → A:0, C:0, G*:38, M:0, N:0, P:0, T:0
CYP2D6:42526548 → A:0, C:0, G:0, M:0, N:0, P:0, T*:37
CYP2D6:42526560 → A:0, C:0, G:0, M:0, N:0, P:0, T*:34
CYP2D6:42526561 → A:0, C*:33, G:0, M:0, N:0, P:0, T:0
CYP2D6:42526566 → A*:34, C:0, G:0, M:0, N:0, P:0, T:0
CYP2D6:42526570 → A:0, C:0, G*:34, M:0, N:0, P:0, T:0
CYP2D6:42526572 → A:0, C:0, G*:34, M:0, N:0, P:0, T:0
CYP2D6:42526579 → A:0, C*:36, G:0, M:0, N:0, P:0, T:0
CYP2D6:42526811 → A:0, C:0, G:0, M:0, N:0, P:0, T*:48
CYP2D6:42526815 → A:0, C*:48, G:0, M:0, N:0, P:0, T:0
CYP2D6:42526835 → A*:44, C:0, G:0, M:0, N:0, P:0, T:0
CYP2D6:42526878 → A*:40, C:0, G:0, M:0, N:0, P:0, T:0
CYP2D6:42526922 → A*:33, C:0, G:0, M:0, N:0, P:0, T:0
CYP2D6:42527075 → A:0, C:0, G*:42, M:0, N:0, P:0, T:0
CYP2D6:42527157 → A:0, C*:32, G:0, M:0, N:0, P:0, T:0
CYP2D6:42527223 → A:0, C:0, G*:35, M:0, N:0, P:0, T:0
CYP2D6:42527290 → A:0, C:0, G*:41, M:0, N:0, P:0, T:0
CYP2D6:42527380 → A:0, C*:46, G:0, M:0, N:0, P:0, T:0
CYP2D6:42527470 → A:0, C*:51, G:0, M:0, N:0, P:0, T:0
CYP2D6:42527526 → A*:44, C:0, G:0, M:0, N:0, P:0, T:0
CYP2D6:42527532 → A:0, C:0, G*:43, M:0, N:0, P:0, T:0
CYP2D6:42527544 → A:0, C*:46, G:0, M:0, N:0, P:0, T:0
CYP2D6:42527632 → A*:39, C:0, G:0, M:0, N:0, P:0, T:0
CYP2D6:42527885 → A*:48, C:0, G:0, M:0, N:0, P:0, T:0
CYP2D6:42528027 → A:0, C:0, G:0, M:0, N:0, P:0, T*:14
CYP2D6:42528381 → A:0, C:0, G*:37, M:0, N:0, P:0, T:0
Step 0: Loss=0.1085, CN=[2.0999167]
Step 100: Loss=0.0733, CN=[2.281192]
Step 200: Loss=0.0733, CN=[2.2805643]
Step 300: Loss=0.0733, CN=[2.280558]
Step 400: Loss=0.0733, CN=[2.2805579]

=== Fit ===
Region 0: obs=2.604, exp=2.281, diff=+0.323 
Region 1: obs=2.176, exp=2.281, diff=-0.105 
Region 2: obs=2.348, exp=2.281, diff=+0.068 
Region 3: obs=1.943, exp=2.281, diff=-0.338 
Region 4: obs=2.561, exp=2.281, diff=+0.280 
Region 5: obs=2.394, exp=2.281, diff=+0.113 
Region 6: obs=2.387, exp=2.281, diff=+0.106 
Region 7: obs=1.846, exp=2.281, diff=-0.434 
Region 8: obs=2.356, exp=2.281, diff=+0.075 
Region 9: obs=2.400, exp=2.281, diff=+0.119 
Region 10: obs=2.291, exp=2.281, diff=+0.010 
Region 11: obs=2.113, exp=2.281, diff=-0.168 
Region 12: obs=2.603, exp=2.281, diff=+0.323 
Region 13: obs=1.893, exp=2.281, diff=-0.388 
Region 14: obs=2.393, exp=2.281, diff=+0.112 
Region 15: obs=2.580, exp=2.281, diff=+0.300 
Region 16: obs=2.333, exp=2.281, diff=+0.053 
Region 17: obs=2.784, exp=2.281, diff=+0.504 *
Region 18: obs=2.373, exp=2.281, diff=+0.093 
Region 19: obs=2.261, exp=2.281, diff=-0.020 
Region 20: obs=1.954, exp=2.281, diff=-0.327 
Region 21: obs=0.000, exp=2.281, diff=-2.281 *
Region 22: obs=2.084, exp=2.281, diff=-0.197 

[Gene CN Results]
  CYP2D6: 2.28 → 2.2805581092834473

=== CYP2D6 Fusion Template CN Estimation ===

Using CN configs: ['1', '68.001', '141.1001']

Region coverage:
  up: 2.6
  utr5: 2.2
  e1: 2.3
  i1: 1.9
  e2: 2.6
  i2: 2.4
  e3: 2.4
  i3: 1.8
  e4: 2.4
  i4: 2.4
  e5: 2.3
  i5: 2.1
  e6: 2.6
  i6: 1.9
  e7: 2.4
  i7: 2.6
  e8: 2.3
  i8: 2.8
  e9: 2.4
  utr3: 2.3
  ins: 2.0
  pce: 0.0
  rep: 2.1
  e1_2d7: 0.0
  e2_2d7: 0.9
  e3_2d7: 0.6
  e5_2d7: 0.0
  e6_2d7: 0.2
  e9_2d7: 0.8
  pce_2d7: 0.2

CN configs: ['1', '68.001', '141.1001']
PCE contributions: {'1': tensor(0.), '68.001': tensor(1.), '141.1001': tensor(1.)}
Gene CN: 2.28 → required total: 2
Respect gene CN constraint: True
Enumerating configurations that sum to 2...
Evaluated 6 configurations

Top 5 configurations:
  1. loss=3.64: 1:2
  2. loss=8.63: 1:1, 141.1001:1
  3. loss=24.11: 141.1001:2
  4. loss=25.58: 1:1, 68.001:1
  5. loss=41.06: 68.001:1, 141.1001:1

Best CN assignment (loss=3.64):
  1: 2
  Total: 2

Fit comparison:
  up: obs=2.6, exp=2.0, diff=+0.6
  utr5: obs=2.2, exp=2.0, diff=+0.2
  e1: obs=2.3, exp=2.0, diff=+0.3
  i1: obs=1.9, exp=2.0, diff=-0.1
  e2: obs=2.6, exp=2.0, diff=+0.6
  i2: obs=2.4, exp=2.0, diff=+0.4
  e3: obs=2.4, exp=2.0, diff=+0.4
  i3: obs=1.8, exp=2.0, diff=-0.2
  e4: obs=2.4, exp=2.0, diff=+0.4
  i4: obs=2.4, exp=2.0, diff=+0.4
  e5: obs=2.3, exp=2.0, diff=+0.3
  i5: obs=2.1, exp=2.0, diff=+0.1
  e6: obs=2.6, exp=2.0, diff=+0.6
  i6: obs=1.9, exp=2.0, diff=-0.1
  e7: obs=2.4, exp=2.0, diff=+0.4
  i7: obs=2.6, exp=2.0, diff=+0.6
  e8: obs=2.3, exp=2.0, diff=+0.3
  i8: obs=2.8, exp=2.0, diff=+0.8
  e9: obs=2.4, exp=2.0, diff=+0.4
  utr3: obs=2.3, exp=2.0, diff=+0.3
  ins: obs=2.0, exp=2.0, diff=-0.0
  pce: obs=0.0, exp=0.0, diff=+0.0
  rep: obs=2.1, exp=2.0, diff=+0.1
  e1_2d7: obs=0.0, exp=0.0, diff=+0.0
  e2_2d7: obs=0.9, exp=0.0, diff=+0.9
  e3_2d7: obs=0.6, exp=0.0, diff=+0.6
  e5_2d7: obs=0.0, exp=0.0, diff=+0.0
  e6_2d7: obs=0.2, exp=0.0, diff=+0.2
  e9_2d7: obs=0.8, exp=0.0, diff=+0.8
  pce_2d7: obs=0.2, exp=0.0, diff=+0.2

[Selected CN Configs] 1:2
  Total CYP2D6 CN: 2

[Filtering alleles by cn_config]

Kept alleles by cn_config:
  1: 3 major alleles
    *1.001, *6.001, *6.002

  Filtered: 4 alleles
  Kept: 53 alleles

[Updating N variant counts for deleted regions]
  Total updated: 0 positions

[Rebuilding allele vectors for fusion cn_configs]
Using device: cuda
num_sparse_entries: 3763
max sparse_flat_index: 26340
expected max: 26340

=== Running VAE with seed 42 ===
Global Pooled JS: 0.103644
Seed 42, Step    0: Loss = 1126.13 (Recon: 832.09, Allele KL: 168.82, Base KL: 44132.95, Functional KL: 0.10
Global Pooled JS: 0.006862
Seed 42, Step  500: Loss = 556.71 (Recon: 416.87, Allele KL: 53.46, Base KL: 17434.27, Functional KL: 0.01
Global Pooled JS: 0.006569
Seed 42, Step 1000: Loss = 554.66 (Recon: 412.38, Allele KL: 56.80, Base KL: 17653.34, Functional KL: 0.01
Global Pooled JS: 0.006359
Seed 42, Step 1500: Loss = 553.44 (Recon: 410.13, Allele KL: 59.96, Base KL: 18570.75, Functional KL: 0.01
Global Pooled JS: 0.006738
Seed 42, Step 2000: Loss = 555.12 (Recon: 411.56, Allele KL: 62.07, Base KL: 17461.39, Functional KL: 0.01
Global Pooled JS: 0.006525
Seed 42, Step 2500: Loss = 554.15 (Recon: 412.69, Allele KL: 54.37, Base KL: 17959.22, Functional KL: 0.01

Top Variants with Coverage Mismatches:
Rank   Variant                        Expected     Observed     Diff       |Div|       
------------------------------------------------------------------------------------------
1      CYP2D6:42524816→C              24.52        35.00        -10.48     0.001519    
2      CYP2D6:42525085→A              24.45        22.00        2.45       0.001043    
3      CYP2D6:42524816→M              0.13         0.00         0.13       0.000345    
4      CYP2D6:42524816→N              0.13         0.00         0.13       0.000344    
5      CYP2D6:42524816→P              0.13         0.00         0.13       0.000340    
6      CYP2D6:42524816→A              0.13         0.00         0.13       0.000336    
7      CYP2D6:42524816→G              0.12         0.00         0.12       0.000333    
8      CYP2D6:42525085→T              0.12         0.00         0.12       0.000323    
9      CYP2D6:42525085→M              0.12         0.00         0.12       0.000320    
10     CYP2D6:42525085→G              0.12         0.00         0.12       0.000319    
11     CYP2D6:42525085→P              0.12         0.00         0.12       0.000312    
12     CYP2D6:42525085→C              0.12         0.00         0.12       0.000310    
13     CYP2D6:42524816→T              18.14        18.00        0.14       0.000255    
14     CYP2D6:42525085→N              18.25        23.00        -4.75      0.000243    
15     CYP2D6:42525131→G              0.05         0.00         0.05       0.000138    
16     CYP2D6:42525131→C              43.24        48.00        -4.76      0.000007    
17     CYP2D6:42525131→A              0.00         0.00         0.00       0.000000    
18     CYP2D6:42525131→M              0.00         0.00         0.00       0.000000    
19     CYP2D6:42525131→N              0.00         0.00         0.00       0.000000    
20     CYP2D6:42525131→P              0.00         0.00         0.00       0.000000    
21     CYP2D6:42525131→T              0.00         0.00         0.00       0.000000    
New best model with final loss: 567.41

=== Running VAE with seed 123 ===
Global Pooled JS: 0.071553
Seed 123, Step    0: Loss = 1155.50 (Recon: 902.61, Allele KL: 121.32, Base KL: 61739.49, Functional KL: 0.07
Global Pooled JS: 0.008966
Seed 123, Step  500: Loss = 551.87 (Recon: 412.10, Allele KL: 60.34, Base KL: 17634.49, Functional KL: 0.01
Global Pooled JS: 0.021796
Seed 123, Step 1000: Loss = 581.44 (Recon: 431.98, Allele KL: 69.00, Base KL: 17682.60, Functional KL: 0.02
Global Pooled JS: 0.007556
Seed 123, Step 1500: Loss = 567.01 (Recon: 425.29, Allele KL: 41.01, Base KL: 18198.05, Functional KL: 0.01
Global Pooled JS: 0.008408
Seed 123, Step 2000: Loss = 559.39 (Recon: 419.60, Allele KL: 49.44, Base KL: 18306.64, Functional KL: 0.01
Global Pooled JS: 0.008089
Seed 123, Step 2500: Loss = 552.89 (Recon: 411.77, Allele KL: 60.86, Base KL: 17430.45, Functional KL: 0.01

Top Variants with Coverage Mismatches:
Rank   Variant                        Expected     Observed     Diff       |Div|       
------------------------------------------------------------------------------------------
1      CYP2D6:42524816→C              19.89        35.00        -15.11     0.004816    
2      CYP2D6:42524816→T              22.63        18.00        4.63       0.002190    
3      CYP2D6:42524816→N              0.16         0.00         0.16       0.000429    
4      CYP2D6:42524816→M              0.16         0.00         0.16       0.000423    
5      CYP2D6:42524816→P              0.16         0.00         0.16       0.000420    
6      CYP2D6:42524816→A              0.15         0.00         0.15       0.000411    
7      CYP2D6:42524816→G              0.15         0.00         0.15       0.000407    
8      CYP2D6:42525085→P              0.15         0.00         0.15       0.000394    
9      CYP2D6:42525085→C              0.15         0.00         0.15       0.000390    
10     CYP2D6:42525085→M              0.14         0.00         0.14       0.000384    
11     CYP2D6:42525085→G              0.14         0.00         0.14       0.000383    
12     CYP2D6:42525085→T              0.14         0.00         0.14       0.000377    
13     CYP2D6:42525085→N              22.73        23.00        -0.27      0.000230    
14     CYP2D6:42525131→G              0.02         0.00         0.02       0.000063    
15     CYP2D6:42525131→C              43.27        48.00        -4.73      0.000007    
16     CYP2D6:42525085→A              19.84        22.00        -2.16      0.000004    
17     CYP2D6:42525131→A              0.00         0.00         0.00       0.000000    
18     CYP2D6:42525131→M              0.00         0.00         0.00       0.000000    
19     CYP2D6:42525131→N              0.00         0.00         0.00       0.000000    
20     CYP2D6:42525131→P              0.00         0.00         0.00       0.000000    
21     CYP2D6:42525131→T              0.00         0.00         0.00       0.000000    
New best model with final loss: 553.70

=== Running VAE with seed 456 ===
Global Pooled JS: 0.092074
Seed 456, Step    0: Loss = 1084.47 (Recon: 815.22, Allele KL: 95.73, Base KL: 64450.31, Functional KL: 0.09
Global Pooled JS: 0.007658
Seed 456, Step  500: Loss = 538.79 (Recon: 405.51, Allele KL: 43.88, Base KL: 34554.45, Functional KL: 0.01
Global Pooled JS: 0.006331
Seed 456, Step 1000: Loss = 539.16 (Recon: 403.47, Allele KL: 42.91, Base KL: 35471.66, Functional KL: 0.01
Global Pooled JS: 0.007999
Seed 456, Step 1500: Loss = 543.83 (Recon: 403.29, Allele KL: 51.15, Base KL: 35078.25, Functional KL: 0.01
Global Pooled JS: 0.006336
Seed 456, Step 2000: Loss = 541.85 (Recon: 402.67, Allele KL: 48.03, Base KL: 34969.66, Functional KL: 0.01
Global Pooled JS: 0.009268
Seed 456, Step 2500: Loss = 544.57 (Recon: 409.06, Allele KL: 45.22, Base KL: 34722.27, Functional KL: 0.01

Top Variants with Coverage Mismatches:
Rank   Variant                        Expected     Observed     Diff       |Div|       
------------------------------------------------------------------------------------------
1      CYP2D6:42525085→A              26.54        22.00        4.54       0.002036    
2      CYP2D6:42525085→N              16.25        23.00        -6.75      0.000934    
3      CYP2D6:42524816→C              26.58        35.00        -8.42      0.000693    
4      CYP2D6:42524816→P              0.12         0.00         0.12       0.000310    
5      CYP2D6:42524816→A              0.12         0.00         0.12       0.000309    
6      CYP2D6:42524816→M              0.11         0.00         0.11       0.000299    
7      CYP2D6:42524816→N              0.11         0.00         0.11       0.000298    
8      CYP2D6:42524816→G              0.11         0.00         0.11       0.000298    
9      CYP2D6:42525085→P              0.10         0.00         0.10       0.000277    
10     CYP2D6:42525085→C              0.10         0.00         0.10       0.000274    
11     CYP2D6:42525085→G              0.10         0.00         0.10       0.000269    
12     CYP2D6:42525085→T              0.10         0.00         0.10       0.000268    
13     CYP2D6:42525085→M              0.10         0.00         0.10       0.000265    
14     CYP2D6:42525131→G              0.02         0.00         0.02       0.000047    
15     CYP2D6:42525131→C              43.28        48.00        -4.72      0.000007    
16     CYP2D6:42524816→T              16.15        18.00        -1.85      0.000001    
17     CYP2D6:42525131→A              0.00         0.00         0.00       0.000000    
18     CYP2D6:42525131→M              0.00         0.00         0.00       0.000000    
19     CYP2D6:42525131→N              0.00         0.00         0.00       0.000000    
20     CYP2D6:42525131→P              0.00         0.00         0.00       0.000000    
21     CYP2D6:42525131→T              0.00         0.00         0.00       0.000000    
New best model with final loss: 544.37

=== Multi-Seed VAE Results ===
Best model had seed 456 with final loss: 544.37
All seeds final losses:
  Seed 42: Total=567.41 (Recon=425.08, A_KL=43.94, B_KL=17876.61)
  Seed 123: Total=553.70 (Recon=414.19, A_KL=61.30, B_KL=17550.23)
  Seed 456: Total=544.37 (Recon=403.80, A_KL=49.32, B_KL=34874.19) <- Best

[Raw]:
CYP2D6*1: Normalized=0.6107, Unnormalized=0.61
CYP2D6*6: Normalized=0.3893, Unnormalized=0.39

Allocating by cn_config:

[Alleles]
CYP2D6*1
CYP2D6*6
	Command being timed: "python /home/qinghuiz/aidy/push/Neretva/neretva/cyp.py CYP2D6 /project/shared/aldy-data/wgs/NA07348.wgs.cram"
	User time (seconds): 309.29
	System time (seconds): 64.18
	Percent of CPU this job got: 99%
	Elapsed (wall clock) time (h:mm:ss or m:ss): 6:14.19
	Average shared text size (kbytes): 0
	Average unshared data size (kbytes): 0
	Average stack size (kbytes): 0
	Average total size (kbytes): 0
	Maximum resident set size (kbytes): 2751272
	Average resident set size (kbytes): 0
	Major (requiring I/O) page faults: 0
	Minor (reclaiming a frame) page faults: 899112
	Voluntary context switches: 24615
	Involuntary context switches: 201
	Swaps: 0
	File system inputs: 0
	File system outputs: 96
	Socket messages sent: 0
	Socket messages received: 0
	Signals delivered: 0
	Page size (bytes): 4096
	Exit status: 0
