2026-05-16 01:50:32.415801: I tensorflow/core/util/port.cc:111] oneDNN custom operations are on. You may see slightly different numerical results due to floating-point round-off errors from different computation orders. To turn them off, set the environment variable `TF_ENABLE_ONEDNN_OPTS=0`.
2026-05-16 01:50:32.454701: E tensorflow/compiler/xla/stream_executor/cuda/cuda_dnn.cc:9342] Unable to register cuDNN factory: Attempting to register factory for plugin cuDNN when one has already been registered
2026-05-16 01:50:32.454872: E tensorflow/compiler/xla/stream_executor/cuda/cuda_fft.cc:609] Unable to register cuFFT factory: Attempting to register factory for plugin cuFFT when one has already been registered
2026-05-16 01:50:32.455018: E tensorflow/compiler/xla/stream_executor/cuda/cuda_blas.cc:1518] Unable to register cuBLAS factory: Attempting to register factory for plugin cuBLAS when one has already been registered
2026-05-16 01:50:32.463985: I tensorflow/core/platform/cpu_feature_guard.cc:182] This TensorFlow binary is optimized to use available CPU instructions in performance-critical operations.
To enable the following instructions: AVX2 AVX512F AVX512_VNNI FMA, in other operations, rebuild TensorFlow with the appropriate compiler flags.
AttributeError: 'MessageFactory' object has no attribute 'GetPrototype'
2026-05-16 01:50:33.891584: W tensorflow/compiler/tf2tensorrt/utils/py_utils.cc:38] TF-TRT Warning: Could not find TensorRT
AttributeError: 'MessageFactory' object has no attribute 'GetPrototype'
[info] total indices 2506
[info] total variants 2506
3.001 was filtered out as 42524243 delT needs N but not covered
3.002 was filtered out as 42524243 delT needs N but not covered
4.001 was filtered out as 42526693 G>A needs A but not covered
4.002 was filtered out as 42526693 G>A needs A but not covered
4.006 was filtered out as 42526693 G>A needs A but not covered
4.008 was filtered out as 42526693 G>A needs A but not covered
4.014 was filtered out as 42526693 G>A needs A but not covered
4.015 was filtered out as 42526693 G>A needs A but not covered
4.016 was filtered out as 42526693 G>A needs A but not covered
4.017 was filtered out as 42526693 G>A needs A but not covered
4.018 was filtered out as 42526693 G>A needs A but not covered
4.020 was filtered out as 42526693 G>A needs A but not covered
4.022 was filtered out as 42526693 G>A needs A but not covered
4.023 was filtered out as 42526693 G>A needs A but not covered
4.024 was filtered out as 42526693 G>A needs A but not covered
4.025 was filtered out as 42526693 G>A needs A but not covered
4.026 was filtered out as 42526693 G>A needs A but not covered
4.029 was filtered out as 42526693 G>A needs A but not covered
4.030 was filtered out as 42526693 G>A needs A but not covered
4.003 was filtered out as 42526693 G>A needs A but not covered
4.004 was filtered out as 42526693 G>A needs A but not covered
4.005 was filtered out as 42526693 G>A needs A but not covered
4.011 was filtered out as 42526693 G>A needs A but not covered
4.019 was filtered out as 42526693 G>A needs A but not covered
4.007 was filtered out as 42526693 G>A needs A but not covered
4.009 was filtered out as 42526693 G>A needs A but not covered
4.010 was filtered out as 42526693 G>A needs A but not covered
4.012 was filtered out as 42525820 G>T needs T but not covered
4.013 was filtered out as 42526693 G>A needs A but not covered
4.021 was filtered out as 42526693 G>A needs A but not covered
4.027 was filtered out as 42526693 G>A needs A but not covered
4.028 was filtered out as 42526693 G>A needs A but not covered
4.1013 was filtered out as 42526693 G>A needs A but not covered
4.1021 was filtered out as 42526693 G>A needs A but not covered
4.2021 was filtered out as 42526693 G>A needs A but not covered
6.001 was filtered out as 42525085 delA needs N but not covered
6.002 was filtered out as 42525085 delA needs N but not covered
6.005 was filtered out as 42525085 delA needs N but not covered
6.006 was filtered out as 42525085 delA needs N but not covered
6.003 was filtered out as 42525085 delA needs N but not covered
6.004 was filtered out as 42525085 delA needs N but not covered
7.001 was filtered out as 42523857 T>G needs G but not covered
8.001 was filtered out as 42525034 C>A needs A but not covered
9.001 was filtered out as 42524175 delCTT needs N but not covered
9.002 was filtered out as 42524175 delCTT needs N but not covered
10.001 was filtered out as 42526693 G>A needs A but not covered
10.002 was filtered out as 42526693 G>A needs A but not covered
10.003 was filtered out as 42526693 G>A needs A but not covered
10.004 was filtered out as 42526693 G>A needs A but not covered
10.005 was filtered out as 42526693 G>A needs A but not covered
10.006 was filtered out as 42526693 G>A needs A but not covered
10.007 was filtered out as 42526693 G>A needs A but not covered
10.1004 was filtered out as 42526693 G>A needs A but not covered
11.001 was filtered out as 42525911 C>G needs G but not covered
12.001 was filtered out as 42526669 C>T needs T but not covered
12.002 was filtered out as 42526669 C>T needs T but not covered
14.001 was filtered out as 42525034 C>T needs T but not covered
15.001 was filtered out as 42526655 insA needs P but not covered
15.002 was filtered out as 42526655 insA needs P but not covered
15.003 was filtered out as 42526655 insA needs P but not covered
17.001 was filtered out as 42525771 G>A needs A but not covered
17.002 was filtered out as 42525771 G>A needs A but not covered
17.003 was filtered out as 42525771 G>A needs A but not covered
17.004 was filtered out as 42525771 G>A needs A but not covered
17.005 was filtered out as 42525771 G>A needs A but not covered
17.006 was filtered out as 42525771 G>A needs A but not covered
18.001 was filtered out as 42522657 insCAGTGGGCA needs P but not covered
19.001 was filtered out as 42524250 delAGTT needs N but not covered
20.001 was filtered out as 42524815 insC needs P but not covered
21.001 was filtered out as 42524212 insG needs P but not covered
21.002 was filtered out as 42524212 insG needs P but not covered
22.001 was filtered out as 42526711 G>A needs A but not covered
23.001 was filtered out as 42525837 G>A needs A but not covered
24.001 was filtered out as 42523939 T>G needs G but not covered
25.001 was filtered out as 42523594 G>C needs C but not covered
26.001 was filtered out as 42523515 A>G needs G but not covered
27.001 was filtered out as 42522939 C>T needs T but not covered
28.001 was filtered out as 42526774 C>T needs T but not covered
28.002 was filtered out as 42526774 C>T needs T but not covered
29.001 was filtered out as 42525131 C.C>G.T needs M but not covered
30.001 was filtered out as 42524928 insGGGGCGAAA not covered (cov=0)
31.001 was filtered out as 42522750 C>T needs T but not covered
32.001 was filtered out as 42522939 C>T needs T but not covered
33.001 was filtered out as 42524309 C>A needs A but not covered
33.002 was filtered out as 42524309 C>A needs A but not covered
35.001 was filtered out as 42526762 C>T needs T but not covered
35.002 was filtered out as 42526762 C>T needs T but not covered
35.003 was filtered out as 42526762 C>T needs T but not covered
35.004 was filtered out as 42526762 C>T needs T but not covered
35.005 was filtered out as 42526762 C>T needs T but not covered
35.006 was filtered out as 42526762 C>T needs T but not covered
35.007 was filtered out as 42526762 C>T needs T but not covered
36.001 was filtered out as 42526693 G>A needs A but not covered
36.002 was filtered out as 42526693 G>A needs A but not covered
36.003 was filtered out as 42526693 G>A needs A but not covered
36.004 was filtered out as 42526693 G>A needs A but not covered
36.1001 was filtered out as 42526693 G>A needs A but not covered
37.001 was filtered out as 42526693 G>A needs A but not covered
38.001 was filtered out as 42524200 delTCAG needs N but not covered
40.001 was filtered out as 42525771 G>A needs A but not covered
41.001 was filtered out as 42523804 C>T needs T but not covered
41.002 was filtered out as 42523804 C>T needs T but not covered
41.003 was filtered out as 42523804 C>T needs T but not covered
41.004 was filtered out as 42523804 C>T needs T but not covered
41.005 was filtered out as 42523804 C>T needs T but not covered
42.001 was filtered out as 42523531 insAC needs P but not covered
43.001 was filtered out as 42526716 C>T needs T but not covered
43.002 was filtered out as 42526716 C>T needs T but not covered
44.001 was filtered out as 42526711 G>A needs A but not covered
45.001 was filtered out as 42525076 C>T needs T but not covered
45.002 was filtered out as 42525076 C>T needs T but not covered
45.003 was filtered out as 42525076 C>T needs T but not covered
45.004 was filtered out as 42525076 C>T needs T but not covered
46.001 was filtered out as 42525076 C>T needs T but not covered
46.002 was filtered out as 42525076 C>T needs T but not covered
46.003 was filtered out as 42525076 C>T needs T but not covered
47.001 was filtered out as 42526693 G>A needs A but not covered
48.001 was filtered out as 42525822 G>A needs A but not covered
49.001 was filtered out as 42526693 G>A needs A but not covered
50.001 was filtered out as 42525072 T>G needs G but not covered
52.001 was filtered out as 42526693 G>A needs A but not covered
52.002 was filtered out as 42526693 G>A needs A but not covered
53.001 was filtered out as 42525181 A>T needs T but not covered
54.001 was filtered out as 42526693 G>A needs A but not covered
55.001 was filtered out as 42522957 T>G needs G but not covered
56.001 was filtered out as 42523591 G>A needs A but not covered
56.002 was filtered out as 42526693 G>A needs A but not covered
56.003 was filtered out as 42526693 G>A needs A but not covered
57.001 was filtered out as 42526693 G>A needs A but not covered
57.1001 was filtered out as 42526693 G>A needs A but not covered
58.001 was filtered out as 42525771 G>A needs A but not covered
59.001 was filtered out as 42523853 C>T needs T but not covered
60.001 was filtered out as 42524904 insTA needs P but not covered
62.001 was filtered out as 42522748 G>A needs A but not covered
64.001 was filtered out as 42526693 G>A needs A but not covered
65.001 was filtered out as 42526693 G>A needs A but not covered
68.001 was filtered out as 42526693 G>A needs A but not covered
69.001 was filtered out as 42526693 G>A needs A but not covered
70.001 was filtered out as 42525131 C.C>G.T needs M but not covered
71.001 was filtered out as 42526668 C>T needs T but not covered
71.002 was filtered out as 42526668 C>T needs T but not covered
71.003 was filtered out as 42526668 C>T needs T but not covered
72.001 was filtered out as 42526693 G>A needs A but not covered
73.001 was filtered out as 42525781 C>T needs T but not covered
74.001 was filtered out as 42525820 G>T needs T but not covered
75.001 was filtered out as 42522747 C>T needs T but not covered
75.002 was filtered out as 42522747 C>T needs T but not covered
81.001 was filtered out as 42524213 G>A needs A but not covered
82.001 was filtered out as 42525820 G>T needs T but not covered
83.001 was filtered out as 42522664 G>C needs C but not covered
83.002 was filtered out as 42522664 G>C needs C but not covered
83.003 was filtered out as 42522664 G>C needs C but not covered
84.001 was filtered out as 42524218 G>T needs T but not covered
84.002 was filtered out as 42524218 G>T needs T but not covered
85.001 was filtered out as 42522635 A>C needs C but not covered
86.001 was filtered out as 42524186 C>T needs T but not covered
87.001 was filtered out as 42526693 G>A needs A but not covered
88.001 was filtered out as 42525780 A>G needs G but not covered
89.001 was filtered out as 42525114 A>G needs G but not covered
90.001 was filtered out as 42525099 T>C needs C but not covered
91.001 was filtered out as 42523804 C>T needs T but not covered
92.001 was filtered out as 42524797 delG needs N but not covered
93.001 was filtered out as 42524273 T>G needs G but not covered
94.001 was filtered out as 42526693 G>A needs A but not covered
94.002 was filtered out as 42526693 G>A needs A but not covered
95.001 was filtered out as 42526693 G>A needs A but not covered
96.001 was filtered out as 42522897 G>A needs A but not covered
97.001 was filtered out as 42522698 G>T needs T but not covered
98.001 was filtered out as 42522682 G>C needs C but not covered
99.001 was filtered out as 42526693 G>A needs A but not covered
100.001 was filtered out as 42526693 G>A needs A but not covered
101.001 was filtered out as 42526693 G>A needs A but not covered
102.001 was filtered out as 42525822 G>A needs A but not covered
103.001 was filtered out as 42525043 T>C needs C but not covered
104.001 was filtered out as 42525072 T>A needs A but not covered
105.001 was filtered out as 42523524 A>G needs G but not covered
106.001 was filtered out as 42522915 C>T needs T but not covered
106.002 was filtered out as 42522915 C>T needs T but not covered
106.003 was filtered out as 42522915 C>T needs T but not covered
107.001 was filtered out as 42525133 C>T needs T but not covered
108.001 was filtered out as 42523566 T>C needs C but not covered
109.001 was filtered out as 42524175 delCTT needs N but not covered
110.001 was filtered out as 42522736 C>T needs T but not covered
111.001 was filtered out as 42525760 C>T needs T but not covered
111.002 was filtered out as 42525760 C>T needs T but not covered
112.001 was filtered out as 42522606 G>A needs A but not covered
113.001 was filtered out as 42522753 C>T needs T but not covered
114.001 was filtered out as 42526693 G>A needs A but not covered
115.001 was filtered out as 42524175 delCTT needs N but not covered
116.001 was filtered out as 42523632 C>G needs G but not covered
117.001 was filtered out as 42523612 C>T needs T but not covered
118.001 was filtered out as 42523900 T>C needs C but not covered
119.001 was filtered out as 42523804 C>T needs T but not covered
120.001 was filtered out as 42526729 delG needs N but not covered
121.001 was filtered out as 42525043 T>C needs C but not covered
122.001 was filtered out as 42523513 C>T needs T but not covered
123.001 was filtered out as 42523804 C>T needs T but not covered
124.001 was filtered out as 42522982 delGA needs N but not covered
124.002 was filtered out as 42522982 delGA needs N but not covered
125.001 was filtered out as 42522720 C>T needs T but not covered
126.001 was filtered out as 42525135 G>A needs A but not covered
127.001 was filtered out as 42523527 C>T needs T but not covered
128.001 was filtered out as 42525888 A>C needs C but not covered
129.001 was filtered out as 42525156 C>T needs T but not covered
130.001 was filtered out as 42524879 CA>AG needs A but not covered
131.001 was filtered out as 42524326 A>G needs G but not covered
132.001 was filtered out as 42526693 G>A needs A but not covered
133.001 was filtered out as 42523603 C>T needs T but not covered
134.001 was filtered out as 42523590 C>T needs T but not covered
135.001 was filtered out as 42522927 G>A needs A but not covered
136.001 was filtered out as 42522878 G>A needs A but not covered
137.001 was filtered out as 42522579 C>T needs T but not covered
138.001 was filtered out as 42523804 C>T needs T but not covered
139.001 was filtered out as 42523527 C>T needs T but not covered
140.001 was filtered out as 42524330 G>A needs A but not covered
141.001 was filtered out as 42522664 G>C needs C but not covered
141.1001 was filtered out as 42525771 G>A needs A but not covered
142.001 was filtered out as 42526693 G>A needs A but not covered
143.001 was filtered out as 42526762 C>T needs T but not covered
144.001 was filtered out as 42524352 C>T needs T but not covered
145.001 was filtered out as 42524928 insGGGGCGAAA not covered (cov=0)
146.001 was filtered out as 42526716 C>T needs T but not covered
147.001 was filtered out as 42526693 G>A needs A but not covered
148.001 was filtered out as 42526716 C>T needs T but not covered
149.001 was filtered out as 42525131 C.C>G.T needs M but not covered
152.001 was filtered out as 42524341 G>A needs A but not covered
153.001 was filtered out as 42524808 C>T needs T but not covered
154.001 was filtered out as 42525771 G>A needs A but not covered
155.001 was filtered out as 42525131 C.C>G.T needs M but not covered
156.001 was filtered out as 42525131 C.C>G.T needs M but not covered
157.001 was filtered out as 42525131 C.C>G.T needs M but not covered
158.001 was filtered out as 42523804 C>T needs T but not covered
159.001 was filtered out as 42526671 G>A needs A but not covered
160.001 was filtered out as 42525820 G>T needs T but not covered
161.001 was filtered out as 42525184 C>A needs A but not covered
162.001 was filtered out as 42522939 C>T needs T but not covered
163.001 was filtered out as 42525157 A>G needs G but not covered
[filter] CYP2D6 1.001 => 1.001; 1.002; 1.003; 1.004; 1.005; 1.006; 1.007; 1.008; 1.009; 1.010; 1.011; 1.012; 1.013; 1.014; 1.015; 1.016; 1.017; 1.018; 1.019; 1.020; 1.021; 1.022; 1.023; 1.024; 1.025; 1.026; 1.027; 1.028; 1.029; 1.030; 1.031; 1.032; 1.033; 1.034; 1.035; 1.036; 1.037; 1.038; 1.039; 1.040; 1.041; 1.042; 1.043; 1.044; 1.045; 1.046; 1.047; 1.048; 1.049
[filter] CYP2D6 2.001 => 2.001; 2.002; 2.003; 2.004; 2.005; 2.006; 2.007; 2.008; 2.009; 2.010; 2.011; 2.012; 2.013; 2.014; 2.015; 2.016; 2.017; 2.018; 2.019; 2.020; 2.021; 2.022; 2.023; 2.024; 2.025; 2.026; 2.027; 2.028; 2.030
[filter] CYP2D6 5.001 => 5.001
[filter] CYP2D6 34.001 => 34.001
[filter] CYP2D6 39.001 => 39.001; 39.002
[filter] CYP2D6 51.001 => 51.001
[filter] CYP2D6 61.001 => 61.001
[filter] CYP2D6 63.001 => 63.001
[filter] CYP2D6 68.002 => 68.002
[filter] CYP2D6 83.1003 => 83.1003
[filter] valid_alleles=87
Step 0: Loss=0.1760, CN=[2.0999167]
Step 100: Loss=0.1030, CN=[2.4446576]
Step 200: Loss=0.1030, CN=[2.4452934]
Step 300: Loss=0.1030, CN=[2.445301]
Step 400: Loss=0.1030, CN=[2.4453008]

=== Fit ===
Region 0: obs=3.127, exp=2.445, diff=+0.682 *
Region 1: obs=2.306, exp=2.445, diff=-0.139 
Region 2: obs=2.486, exp=2.445, diff=+0.040 
Region 3: obs=2.518, exp=2.445, diff=+0.072 
Region 4: obs=2.368, exp=2.445, diff=-0.077 
Region 5: obs=2.370, exp=2.445, diff=-0.075 
Region 6: obs=2.504, exp=2.445, diff=+0.058 
Region 7: obs=2.298, exp=2.445, diff=-0.147 
Region 8: obs=2.939, exp=2.445, diff=+0.494 
Region 9: obs=3.002, exp=2.445, diff=+0.556 *
Region 10: obs=2.687, exp=2.445, diff=+0.242 
Region 11: obs=2.875, exp=2.445, diff=+0.429 
Region 12: obs=2.675, exp=2.445, diff=+0.230 
Region 13: obs=2.673, exp=2.445, diff=+0.228 
Region 14: obs=2.411, exp=2.445, diff=-0.035 
Region 15: obs=2.457, exp=2.445, diff=+0.012 
Region 16: obs=2.564, exp=2.445, diff=+0.119 
Region 17: obs=1.823, exp=2.445, diff=-0.623 *
Region 18: obs=1.848, exp=2.445, diff=-0.597 *
Region 19: obs=1.966, exp=2.445, diff=-0.479 
Region 20: obs=2.019, exp=2.445, diff=-0.427 
Region 21: obs=0.000, exp=2.445, diff=-2.445 *
Region 22: obs=2.401, exp=2.445, diff=-0.044 

[Gene CN Results]
  CYP2D6: 2.45 → 2.445301055908203

=== CYP2D6 Fusion Template CN Estimation ===

Using CN configs: ['1', '68.001', '141.1001']

Region coverage:
  up: 3.1
  utr5: 2.3
  e1: 2.5
  i1: 2.5
  e2: 2.4
  i2: 2.4
  e3: 2.5
  i3: 2.3
  e4: 2.9
  i4: 3.0
  e5: 2.7
  i5: 2.9
  e6: 2.7
  i6: 2.7
  e7: 2.4
  i7: 2.5
  e8: 2.6
  i8: 1.8
  e9: 1.8
  utr3: 2.0
  ins: 2.0
  pce: 0.0
  rep: 2.4
  e1_2d7: 0.6
  e2_2d7: 0.6
  e3_2d7: 0.9
  e5_2d7: 0.6
  e6_2d7: 0.1
  e9_2d7: 0.0
  pce_2d7: 0.4

CN configs: ['1', '68.001', '141.1001']
PCE contributions: {'1': tensor(0.), '68.001': tensor(1.), '141.1001': tensor(1.)}
Gene CN: 2.45 → required total: 2
Respect gene CN constraint: True
Enumerating configurations that sum to 2...
Evaluated 6 configurations

Top 5 configurations:
  1. loss=6.55: 1:2
  2. loss=10.60: 1:1, 141.1001:1
  3. loss=25.14: 141.1001:2
  4. loss=31.85: 1:1, 68.001:1
  5. loss=46.40: 68.001:1, 141.1001:1

Best CN assignment (loss=6.55):
  1: 2
  Total: 2

Fit comparison:
  up: obs=3.1, exp=2.0, diff=+1.1
  utr5: obs=2.3, exp=2.0, diff=+0.3
  e1: obs=2.5, exp=2.0, diff=+0.5
  i1: obs=2.5, exp=2.0, diff=+0.5
  e2: obs=2.4, exp=2.0, diff=+0.4
  i2: obs=2.4, exp=2.0, diff=+0.4
  e3: obs=2.5, exp=2.0, diff=+0.5
  i3: obs=2.3, exp=2.0, diff=+0.3
  e4: obs=2.9, exp=2.0, diff=+0.9
  i4: obs=3.0, exp=2.0, diff=+1.0
  e5: obs=2.7, exp=2.0, diff=+0.7
  i5: obs=2.9, exp=2.0, diff=+0.9
  e6: obs=2.7, exp=2.0, diff=+0.7
  i6: obs=2.7, exp=2.0, diff=+0.7
  e7: obs=2.4, exp=2.0, diff=+0.4
  i7: obs=2.5, exp=2.0, diff=+0.5
  e8: obs=2.6, exp=2.0, diff=+0.6
  i8: obs=1.8, exp=2.0, diff=-0.2
  e9: obs=1.8, exp=2.0, diff=-0.2
  utr3: obs=2.0, exp=2.0, diff=-0.0
  ins: obs=2.0, exp=2.0, diff=+0.0
  pce: obs=0.0, exp=0.0, diff=+0.0
  rep: obs=2.4, exp=2.0, diff=+0.4
  e1_2d7: obs=0.6, exp=0.0, diff=+0.6
  e2_2d7: obs=0.6, exp=0.0, diff=+0.6
  e3_2d7: obs=0.9, exp=0.0, diff=+0.9
  e5_2d7: obs=0.6, exp=0.0, diff=+0.6
  e6_2d7: obs=0.1, exp=0.0, diff=+0.1
  e9_2d7: obs=0.0, exp=0.0, diff=+0.0
  pce_2d7: obs=0.4, exp=0.0, diff=+0.4

[Selected CN Configs] 1:2
  Total CYP2D6 CN: 2

[Filtering alleles by cn_config]

Kept alleles by cn_config:
  1: 5 major alleles
    *1.001, *2.001, *34.001, *39.001, *51.001

  Filtered: 5 alleles
  Kept: 82 alleles

[Updating N variant counts for deleted regions]
  Total updated: 0 positions

[Rebuilding allele vectors for fusion cn_configs]
Using device: cuda

=== Running VAE with seed 42 ===
Global Pooled JS: 0.118129
Seed 42, Step    0: Loss = 2402.72 (Recon: 1792.77, Allele KL: 295.50, Base KL: 243421.44, Functional KL: 0.12
Global Pooled JS: 0.007643
Seed 42, Step  500: Loss = 851.28 (Recon: 713.83, Allele KL: 44.73, Base KL: 28017.98, Functional KL: 0.01
Global Pooled JS: 0.007639
Seed 42, Step 1000: Loss = 849.47 (Recon: 714.62, Allele KL: 45.07, Base KL: 27060.16, Functional KL: 0.01
Global Pooled JS: 0.007292
Seed 42, Step 1500: Loss = 852.54 (Recon: 717.39, Allele KL: 43.66, Base KL: 27024.82, Functional KL: 0.01
Global Pooled JS: 0.007681
Seed 42, Step 2000: Loss = 853.33 (Recon: 715.04, Allele KL: 46.50, Base KL: 27652.64, Functional KL: 0.01
Global Pooled JS: 0.010692
Seed 42, Step 2500: Loss = 852.45 (Recon: 719.07, Allele KL: 46.86, Base KL: 28462.05, Functional KL: 0.01

Top Variants with Coverage Mismatches:
Rank   Variant                        Expected     Observed     Diff       |Div|       
------------------------------------------------------------------------------------------
1      CYP2D6:42522612→G              30.23        21.00        9.23       0.001196    
2      CYP2D6:42523942→G              18.30        21.00        -2.70      0.000712    
3      CYP2D6:42525131→C              18.10        20.00        -1.90      0.000485    
4      CYP2D6:42523620→T              49.53        40.00        9.53       0.000403    
5      CYP2D6:42522612→P              0.22         0.00         0.22       0.000384    
6      CYP2D6:42522612→A              0.21         0.00         0.21       0.000370    
7      CYP2D6:42522612→M              0.21         0.00         0.21       0.000366    
8      CYP2D6:42522612→T              0.21         0.00         0.21       0.000360    
9      CYP2D6:42522612→N              0.20         0.00         0.20       0.000354    
10     CYP2D6:42523942→M              0.19         0.00         0.19       0.000340    
11     CYP2D6:42523942→P              0.19         0.00         0.19       0.000340    
12     CYP2D6:42523942→N              0.19         0.00         0.19       0.000334    
13     CYP2D6:42523942→T              0.19         0.00         0.19       0.000333    
14     CYP2D6:42523942→C              0.19         0.00         0.19       0.000328    
15     CYP2D6:42523942→A              30.31        31.00        -0.69      0.000288    
16     CYP2D6:42522612→C              18.28        19.00        -0.72      0.000225    
17     CYP2D6:42523620→G              0.04         0.00         0.04       0.000063    
18     CYP2D6:42525131→G              31.46        28.00        3.46       0.000008    
19     CYP2D6:42523620→N              0.00         0.00         0.00       0.000001    
20     CYP2D6:42523620→A              0.00         0.00         0.00       0.000001    
21     CYP2D6:42523620→P              0.00         0.00         0.00       0.000001    
22     CYP2D6:42523620→C              0.00         0.00         0.00       0.000001    
23     CYP2D6:42523620→M              0.00         0.00         0.00       0.000001    
24     CYP2D6:42525131→A              0.00         0.00         0.00       0.000000    
25     CYP2D6:42525131→M              0.00         0.00         0.00       0.000000    
26     CYP2D6:42525131→N              0.00         0.00         0.00       0.000000    
27     CYP2D6:42525131→P              0.00         0.00         0.00       0.000000    
28     CYP2D6:42525131→T              0.00         0.00         0.00       0.000000    
New best model with final loss: 851.86

=== Running VAE with seed 123 ===
Global Pooled JS: 0.007714
Seed 123, Step    0: Loss = 1847.95 (Recon: 1161.70, Allele KL: 342.11, Base KL: 248199.80, Functional KL: 0.01
Global Pooled JS: 0.005589
Seed 123, Step  500: Loss = 903.85 (Recon: 763.17, Allele KL: 35.32, Base KL: 25713.49, Functional KL: 0.01
Global Pooled JS: 0.006340
Seed 123, Step 1000: Loss = 902.31 (Recon: 763.28, Allele KL: 42.30, Base KL: 26147.66, Functional KL: 0.01
Global Pooled JS: 0.005418
Seed 123, Step 1500: Loss = 905.32 (Recon: 765.99, Allele KL: 40.15, Base KL: 26141.79, Functional KL: 0.01
Global Pooled JS: 0.010143
Seed 123, Step 2000: Loss = 915.34 (Recon: 783.07, Allele KL: 47.75, Base KL: 24890.32, Functional KL: 0.01
Global Pooled JS: 0.005214
Seed 123, Step 2500: Loss = 900.49 (Recon: 765.93, Allele KL: 43.56, Base KL: 24826.62, Functional KL: 0.01

Top Variants with Coverage Mismatches:
Rank   Variant                        Expected     Observed     Diff       |Div|       
------------------------------------------------------------------------------------------
1      CYP2D6:42522612→G              30.86        21.00        9.86       0.001400    
2      CYP2D6:42523942→G              17.63        21.00        -3.37      0.000940    
3      CYP2D6:42525131→C              17.47        20.00        -2.53      0.000665    
4      CYP2D6:42523620→T              49.49        40.00        9.49       0.000398    
5      CYP2D6:42522612→P              0.23         0.00         0.23       0.000397    
6      CYP2D6:42522612→M              0.22         0.00         0.22       0.000388    
7      CYP2D6:42522612→A              0.22         0.00         0.22       0.000384    
8      CYP2D6:42522612→T              0.22         0.00         0.22       0.000377    
9      CYP2D6:42522612→N              0.21         0.00         0.21       0.000368    
10     CYP2D6:42522612→C              17.61        19.00        -1.39      0.000360    
11     CYP2D6:42523942→N              0.20         0.00         0.20       0.000344    
12     CYP2D6:42523942→M              0.19         0.00         0.19       0.000340    
13     CYP2D6:42523942→C              0.19         0.00         0.19       0.000335    
14     CYP2D6:42523942→T              0.19         0.00         0.19       0.000331    
15     CYP2D6:42523942→P              0.19         0.00         0.19       0.000330    
16     CYP2D6:42523942→A              30.98        31.00        -0.02      0.000194    
17     CYP2D6:42523620→G              0.07         0.00         0.07       0.000120    
18     CYP2D6:42525131→G              32.09        28.00        4.09       0.000032    
19     CYP2D6:42523620→A              0.00         0.00         0.00       0.000001    
20     CYP2D6:42523620→P              0.00         0.00         0.00       0.000001    
21     CYP2D6:42523620→M              0.00         0.00         0.00       0.000001    
22     CYP2D6:42523620→N              0.00         0.00         0.00       0.000001    
23     CYP2D6:42523620→C              0.00         0.00         0.00       0.000001    
24     CYP2D6:42525131→A              0.00         0.00         0.00       0.000000    
25     CYP2D6:42525131→M              0.00         0.00         0.00       0.000000    
26     CYP2D6:42525131→N              0.00         0.00         0.00       0.000000    
27     CYP2D6:42525131→P              0.00         0.00         0.00       0.000000    
28     CYP2D6:42525131→T              0.00         0.00         0.00       0.000000    

=== Running VAE with seed 456 ===
Global Pooled JS: 0.059462
Seed 456, Step    0: Loss = 1552.92 (Recon: 981.60, Allele KL: 304.04, Base KL: 185906.30, Functional KL: 0.06
Global Pooled JS: 0.011592
Seed 456, Step  500: Loss = 942.21 (Recon: 730.86, Allele KL: 143.91, Base KL: 22667.38, Functional KL: 0.01
Global Pooled JS: 0.005603
Seed 456, Step 1000: Loss = 860.58 (Recon: 713.53, Allele KL: 41.47, Base KL: 26689.64, Functional KL: 0.01
Global Pooled JS: 0.006165
Seed 456, Step 1500: Loss = 848.72 (Recon: 710.96, Allele KL: 47.94, Base KL: 26508.97, Functional KL: 0.01
Global Pooled JS: 0.005296
Seed 456, Step 2000: Loss = 854.89 (Recon: 719.08, Allele KL: 42.12, Base KL: 25364.26, Functional KL: 0.01
Global Pooled JS: 0.008390
Seed 456, Step 2500: Loss = 850.41 (Recon: 715.48, Allele KL: 49.01, Base KL: 27007.12, Functional KL: 0.01

Top Variants with Coverage Mismatches:
Rank   Variant                        Expected     Observed     Diff       |Div|       
------------------------------------------------------------------------------------------
1      CYP2D6:42522612→G              32.09        21.00        11.09      0.001842    
2      CYP2D6:42523942→G              16.37        21.00        -4.63      0.001464    
3      CYP2D6:42525131→C              16.18        20.00        -3.82      0.001135    
4      CYP2D6:42522612→C              16.36        19.00        -2.64      0.000708    
5      CYP2D6:42523620→T              49.52        40.00        9.52       0.000402    
6      CYP2D6:42522612→P              0.22         0.00         0.22       0.000393    
7      CYP2D6:42522612→N              0.22         0.00         0.22       0.000392    
8      CYP2D6:42522612→T              0.22         0.00         0.22       0.000392    
9      CYP2D6:42522612→A              0.22         0.00         0.22       0.000387    
10     CYP2D6:42522612→M              0.22         0.00         0.22       0.000386    
11     CYP2D6:42523942→N              0.21         0.00         0.21       0.000368    
12     CYP2D6:42523942→P              0.20         0.00         0.20       0.000354    
13     CYP2D6:42523942→T              0.20         0.00         0.20       0.000352    
14     CYP2D6:42523942→C              0.20         0.00         0.20       0.000350    
15     CYP2D6:42523942→M              0.19         0.00         0.19       0.000340    
16     CYP2D6:42525131→G              33.39        28.00        5.39       0.000127    
17     CYP2D6:42523620→G              0.04         0.00         0.04       0.000074    
18     CYP2D6:42523942→A              32.18        31.00        1.18       0.000073    
19     CYP2D6:42523620→N              0.00         0.00         0.00       0.000001    
20     CYP2D6:42523620→P              0.00         0.00         0.00       0.000001    
21     CYP2D6:42523620→M              0.00         0.00         0.00       0.000001    
22     CYP2D6:42523620→C              0.00         0.00         0.00       0.000001    
23     CYP2D6:42523620→A              0.00         0.00         0.00       0.000001    
24     CYP2D6:42525131→A              0.00         0.00         0.00       0.000000    
25     CYP2D6:42525131→M              0.00         0.00         0.00       0.000000    
26     CYP2D6:42525131→N              0.00         0.00         0.00       0.000000    
27     CYP2D6:42525131→P              0.00         0.00         0.00       0.000000    
28     CYP2D6:42525131→T              0.00         0.00         0.00       0.000000    
New best model with final loss: 847.91

=== Multi-Seed VAE Results ===
Best model had seed 456 with final loss: 847.91
All seeds final losses:
  Seed 42: Total=851.86 (Recon=718.15, A_KL=43.63, B_KL=26131.64)
  Seed 123: Total=904.70 (Recon=761.81, A_KL=38.73, B_KL=26876.91)
  Seed 456: Total=847.91 (Recon=714.84, A_KL=45.11, B_KL=26322.62) <- Best
[time] run_vae took 148.60s (2,661.4921875 MB; 2,786.69140625 MB)

[Raw]:
CYP2D6*2: Normalized=0.6719, Unnormalized=0.67
CYP2D6*1: Normalized=0.3243, Unnormalized=0.32

Allocating by cn_config:

[Alleles]
CYP2D6*2
CYP2D6*1
	Command being timed: "python cyp.py CYP2D6 /project/shared/aldy-data/wgs/NA11839.wgs.cram"
	User time (seconds): 147.23
	System time (seconds): 21.97
	Percent of CPU this job got: 103%
	Elapsed (wall clock) time (h:mm:ss or m:ss): 2:43.87
	Average shared text size (kbytes): 0
	Average unshared data size (kbytes): 0
	Average stack size (kbytes): 0
	Average total size (kbytes): 0
	Maximum resident set size (kbytes): 2853572
	Average resident set size (kbytes): 0
	Major (requiring I/O) page faults: 0
	Minor (reclaiming a frame) page faults: 1002468
	Voluntary context switches: 25179
	Involuntary context switches: 4300
	Swaps: 0
	File system inputs: 0
	File system outputs: 96
	Socket messages sent: 0
	Socket messages received: 0
	Signals delivered: 0
	Page size (bytes): 4096
	Exit status: 0
