2026-03-11 06:01:18.075703: I tensorflow/core/util/port.cc:111] oneDNN custom operations are on. You may see slightly different numerical results due to floating-point round-off errors from different computation orders. To turn them off, set the environment variable `TF_ENABLE_ONEDNN_OPTS=0`.
2026-03-11 06:01:18.112998: E tensorflow/compiler/xla/stream_executor/cuda/cuda_dnn.cc:9342] Unable to register cuDNN factory: Attempting to register factory for plugin cuDNN when one has already been registered
2026-03-11 06:01:18.113156: E tensorflow/compiler/xla/stream_executor/cuda/cuda_fft.cc:609] Unable to register cuFFT factory: Attempting to register factory for plugin cuFFT when one has already been registered
2026-03-11 06:01:18.113303: E tensorflow/compiler/xla/stream_executor/cuda/cuda_blas.cc:1518] Unable to register cuBLAS factory: Attempting to register factory for plugin cuBLAS when one has already been registered
2026-03-11 06:01:18.121286: I tensorflow/core/platform/cpu_feature_guard.cc:182] This TensorFlow binary is optimized to use available CPU instructions in performance-critical operations.
To enable the following instructions: AVX2 AVX512F AVX512_VNNI FMA, in other operations, rebuild TensorFlow with the appropriate compiler flags.
AttributeError: 'MessageFactory' object has no attribute 'GetPrototype'
2026-03-11 06:01:19.256841: W tensorflow/compiler/tf2tensorrt/utils/py_utils.cc:38] TF-TRT Warning: Could not find TensorRT
AttributeError: 'MessageFactory' object has no attribute 'GetPrototype'
[info] total indices 2506
[info] total variants 2506
2.001 was filtered out as 42523942 G>A needs A but not covered
2.002 was filtered out as 42523942 G>A needs A but not covered
2.003 was filtered out as 42523942 G>A needs A but not covered
2.004 was filtered out as 42523942 G>A needs A but not covered
2.005 was filtered out as 42523942 G>A needs A but not covered
2.006 was filtered out as 42523942 G>A needs A but not covered
2.007 was filtered out as 42523942 G>A needs A but not covered
2.008 was filtered out as 42523942 G>A needs A but not covered
2.009 was filtered out as 42523942 G>A needs A but not covered
2.010 was filtered out as 42523942 G>A needs A but not covered
2.011 was filtered out as 42523942 G>A needs A but not covered
2.012 was filtered out as 42523942 G>A needs A but not covered
2.013 was filtered out as 42523942 G>A needs A but not covered
2.014 was filtered out as 42523942 G>A needs A but not covered
2.015 was filtered out as 42523942 G>A needs A but not covered
2.016 was filtered out as 42523942 G>A needs A but not covered
2.017 was filtered out as 42523942 G>A needs A but not covered
2.018 was filtered out as 42523942 G>A needs A but not covered
2.019 was filtered out as 42523942 G>A needs A but not covered
2.020 was filtered out as 42523942 G>A needs A but not covered
2.021 was filtered out as 42523942 G>A needs A but not covered
2.022 was filtered out as 42523942 G>A needs A but not covered
2.023 was filtered out as 42523942 G>A needs A but not covered
2.024 was filtered out as 42523942 G>A needs A but not covered
2.025 was filtered out as 42523942 G>A needs A but not covered
2.026 was filtered out as 42523942 G>A needs A but not covered
2.027 was filtered out as 42523942 G>A needs A but not covered
2.028 was filtered out as 42523942 G>A needs A but not covered
2.030 was filtered out as 42523942 G>A needs A but not covered
3.001 was filtered out as 42524243 delT needs N but not covered
3.002 was filtered out as 42524243 delT needs N but not covered
4.001 was filtered out as 42522612 C>G needs G but not covered
4.002 was filtered out as 42522612 C>G needs G but not covered
4.006 was filtered out as 42522612 C>G needs G but not covered
4.008 was filtered out as 42522612 C>G needs G but not covered
4.014 was filtered out as 42522612 C>G needs G but not covered
4.015 was filtered out as 42522612 C>G needs G but not covered
4.016 was filtered out as 42522612 C>G needs G but not covered
4.017 was filtered out as 42522612 C>G needs G but not covered
4.018 was filtered out as 42522612 C>G needs G but not covered
4.020 was filtered out as 42522612 C>G needs G but not covered
4.022 was filtered out as 42522612 C>G needs G but not covered
4.023 was filtered out as 42522612 C>G needs G but not covered
4.024 was filtered out as 42522612 C>G needs G but not covered
4.025 was filtered out as 42522612 C>G needs G but not covered
4.026 was filtered out as 42522612 C>G needs G but not covered
4.029 was filtered out as 42522612 C>G needs G but not covered
4.030 was filtered out as 42522612 C>G needs G but not covered
4.003 was filtered out as 42522612 C>G needs G but not covered
4.004 was filtered out as 42522612 C>G needs G but not covered
4.005 was filtered out as 42522612 C>G needs G but not covered
4.011 was filtered out as 42522612 C>G needs G but not covered
4.019 was filtered out as 42522612 C>G needs G but not covered
4.007 was filtered out as 42522612 C>G needs G but not covered
4.009 was filtered out as 42526693 G>A needs A but not covered
4.010 was filtered out as 42523942 G>A needs A but not covered
4.012 was filtered out as 42525820 G>T needs T but not covered
4.013 was filtered out as 42522612 C>G needs G but not covered
4.021 was filtered out as 42522612 C>G needs G but not covered
4.027 was filtered out as 42526693 G>A needs A but not covered
4.028 was filtered out as 42522612 C>G needs G but not covered
4.1013 was filtered out as 42526693 G>A needs A but not covered
4.1021 was filtered out as 42526693 G>A needs A but not covered
4.2021 was filtered out as 42522612 C>G needs G but not covered
6.001 was filtered out as 42525085 delA needs N but not covered
6.002 was filtered out as 42525085 delA needs N but not covered
6.005 was filtered out as 42525085 delA needs N but not covered
6.006 was filtered out as 42525085 delA needs N but not covered
6.003 was filtered out as 42522612 C>G needs G but not covered
6.004 was filtered out as 42525085 delA needs N but not covered
7.001 was filtered out as 42523857 T>G needs G but not covered
8.001 was filtered out as 42523942 G>A needs A but not covered
9.001 was filtered out as 42524175 delCTT needs N but not covered
9.002 was filtered out as 42524175 delCTT needs N but not covered
10.001 was filtered out as 42522612 C>G needs G but not covered
10.002 was filtered out as 42522612 C>G needs G but not covered
10.003 was filtered out as 42522612 C>G needs G but not covered
10.004 was filtered out as 42522612 C>G needs G but not covered
10.005 was filtered out as 42522612 C>G needs G but not covered
10.006 was filtered out as 42522612 C>G needs G but not covered
10.007 was filtered out as 42522612 C>G needs G but not covered
10.1004 was filtered out as 42522612 C>G needs G but not covered
11.001 was filtered out as 42523942 G>A needs A but not covered
12.001 was filtered out as 42523942 G>A needs A but not covered
12.002 was filtered out as 42523942 G>A needs A but not covered
14.001 was filtered out as 42523942 G>A needs A but not covered
15.001 was filtered out as 42526655 insA needs P but not covered
15.002 was filtered out as 42526655 insA needs P but not covered
15.003 was filtered out as 42526655 insA needs P but not covered
17.001 was filtered out as 42523942 G>A needs A but not covered
17.002 was filtered out as 42523942 G>A needs A but not covered
17.003 was filtered out as 42523942 G>A needs A but not covered
17.004 was filtered out as 42523942 G>A needs A but not covered
17.005 was filtered out as 42523942 G>A needs A but not covered
17.006 was filtered out as 42523942 G>A needs A but not covered
18.001 was filtered out as 42522657 insCAGTGGGCA needs P but not covered
19.001 was filtered out as 42523942 G>A needs A but not covered
20.001 was filtered out as 42523942 G>A needs A but not covered
21.001 was filtered out as 42523942 G>A needs A but not covered
21.002 was filtered out as 42523942 G>A needs A but not covered
22.001 was filtered out as 42526711 G>A needs A but not covered
23.001 was filtered out as 42525837 G>A needs A but not covered
24.001 was filtered out as 42523939 T>G needs G but not covered
25.001 was filtered out as 42523594 G>C needs C but not covered
26.001 was filtered out as 42523515 A>G needs G but not covered
27.001 was filtered out as 42522939 C>T needs T but not covered
28.001 was filtered out as 42523942 G>A needs A but not covered
28.002 was filtered out as 42523942 G>A needs A but not covered
29.001 was filtered out as 42523942 G>A needs A but not covered
30.001 was filtered out as 42523942 G>A needs A but not covered
31.001 was filtered out as 42523942 G>A needs A but not covered
32.001 was filtered out as 42523942 G>A needs A but not covered
33.001 was filtered out as 42524309 C>A needs A but not covered
33.002 was filtered out as 42524309 C>A needs A but not covered
34.001 was filtered out as 42523942 G>A needs A but not covered
35.001 was filtered out as 42523942 G>A needs A but not covered
35.002 was filtered out as 42523942 G>A needs A but not covered
35.003 was filtered out as 42523942 G>A needs A but not covered
35.004 was filtered out as 42523942 G>A needs A but not covered
35.005 was filtered out as 42523942 G>A needs A but not covered
35.006 was filtered out as 42523942 G>A needs A but not covered
35.007 was filtered out as 42523942 G>A needs A but not covered
36.001 was filtered out as 42522612 C>G needs G but not covered
36.002 was filtered out as 42522612 C>G needs G but not covered
36.003 was filtered out as 42522612 C>G needs G but not covered
36.004 was filtered out as 42522612 C>G needs G but not covered
36.1001 was filtered out as 42526693 G>A needs A but not covered
37.001 was filtered out as 42522612 C>G needs G but not covered
38.001 was filtered out as 42524200 delTCAG needs N but not covered
39.001 was filtered out as 42522612 C>G needs G but not covered
39.002 was filtered out as 42522612 C>G needs G but not covered
40.001 was filtered out as 42523942 G>A needs A but not covered
41.001 was filtered out as 42523942 G>A needs A but not covered
41.002 was filtered out as 42523942 G>A needs A but not covered
41.003 was filtered out as 42523942 G>A needs A but not covered
41.004 was filtered out as 42523942 G>A needs A but not covered
41.005 was filtered out as 42523942 G>A needs A but not covered
42.001 was filtered out as 42523942 G>A needs A but not covered
43.001 was filtered out as 42526716 C>T needs T but not covered
43.002 was filtered out as 42526716 C>T needs T but not covered
44.001 was filtered out as 42526711 G>A needs A but not covered
45.001 was filtered out as 42523942 G>A needs A but not covered
45.002 was filtered out as 42523942 G>A needs A but not covered
45.003 was filtered out as 42523942 G>A needs A but not covered
45.004 was filtered out as 42523942 G>A needs A but not covered
46.001 was filtered out as 42523942 G>A needs A but not covered
46.002 was filtered out as 42523942 G>A needs A but not covered
46.003 was filtered out as 42523942 G>A needs A but not covered
47.001 was filtered out as 42522612 C>G needs G but not covered
48.001 was filtered out as 42525822 G>A needs A but not covered
49.001 was filtered out as 42522612 C>G needs G but not covered
50.001 was filtered out as 42525072 T>G needs G but not covered
51.001 was filtered out as 42523942 G>A needs A but not covered
52.001 was filtered out as 42522612 C>G needs G but not covered
52.002 was filtered out as 42522612 C>G needs G but not covered
53.001 was filtered out as 42525181 A>T needs T but not covered
54.001 was filtered out as 42522612 C>G needs G but not covered
55.001 was filtered out as 42523942 G>A needs A but not covered
56.001 was filtered out as 42523942 G>A needs A but not covered
56.002 was filtered out as 42522612 C>G needs G but not covered
56.003 was filtered out as 42522612 C>G needs G but not covered
57.001 was filtered out as 42522612 C>G needs G but not covered
57.1001 was filtered out as 42526693 G>A needs A but not covered
58.001 was filtered out as 42523942 G>A needs A but not covered
59.001 was filtered out as 42523942 G>A needs A but not covered
60.001 was filtered out as 42524904 insTA needs P but not covered
62.001 was filtered out as 42522748 G>A needs A but not covered
63.001 was filtered out as 42523942 G>A needs A but not covered
64.001 was filtered out as 42522612 C>G needs G but not covered
65.001 was filtered out as 42523942 G>A needs A but not covered
68.001 was filtered out as 42526693 G>A needs A but not covered
69.001 was filtered out as 42523942 G>A needs A but not covered
70.001 was filtered out as 42522612 C>G needs G but not covered
71.001 was filtered out as 42526668 C>T needs T but not covered
71.002 was filtered out as 42526668 C>T needs T but not covered
71.003 was filtered out as 42526668 C>T needs T but not covered
72.001 was filtered out as 42522612 C>G needs G but not covered
73.001 was filtered out as 42523942 G>A needs A but not covered
74.001 was filtered out as 42525820 G>T needs T but not covered
75.001 was filtered out as 42522747 C>T needs T but not covered
75.002 was filtered out as 42522747 C>T needs T but not covered
81.001 was filtered out as 42524213 G>A needs A but not covered
82.001 was filtered out as 42525820 G>T needs T but not covered
83.001 was filtered out as 42522612 C>G needs G but not covered
83.002 was filtered out as 42522612 C>G needs G but not covered
83.003 was filtered out as 42522612 C>G needs G but not covered
84.001 was filtered out as 42523942 G>A needs A but not covered
84.002 was filtered out as 42523942 G>A needs A but not covered
85.001 was filtered out as 42523942 G>A needs A but not covered
86.001 was filtered out as 42524186 C>T needs T but not covered
87.001 was filtered out as 42522612 C>G needs G but not covered
88.001 was filtered out as 42522612 C>G needs G but not covered
89.001 was filtered out as 42525114 A>G needs G but not covered
90.001 was filtered out as 42525099 T>C needs C but not covered
91.001 was filtered out as 42523942 G>A needs A but not covered
92.001 was filtered out as 42524797 delG needs N but not covered
93.001 was filtered out as 42524273 T>G needs G but not covered
94.001 was filtered out as 42522612 C>G needs G but not covered
94.002 was filtered out as 42522612 C>G needs G but not covered
95.001 was filtered out as 42522612 C>G needs G but not covered
96.001 was filtered out as 42522897 G>A needs A but not covered
97.001 was filtered out as 42522698 G>T needs T but not covered
98.001 was filtered out as 42523942 G>A needs A but not covered
99.001 was filtered out as 42522612 C>G needs G but not covered
100.001 was filtered out as 42522612 C>G needs G but not covered
101.001 was filtered out as 42522612 C>G needs G but not covered
102.001 was filtered out as 42523942 G>A needs A but not covered
103.001 was filtered out as 42523942 G>A needs A but not covered
104.001 was filtered out as 42523942 G>A needs A but not covered
105.001 was filtered out as 42523942 G>A needs A but not covered
106.001 was filtered out as 42522915 C>T needs T but not covered
106.002 was filtered out as 42522915 C>T needs T but not covered
106.003 was filtered out as 42522915 C>T needs T but not covered
107.001 was filtered out as 42525133 C>T needs T but not covered
108.001 was filtered out as 42523566 T>C needs C but not covered
109.001 was filtered out as 42524175 delCTT needs N but not covered
110.001 was filtered out as 42522736 C>T needs T but not covered
111.001 was filtered out as 42523942 G>A needs A but not covered
111.002 was filtered out as 42523942 G>A needs A but not covered
112.001 was filtered out as 42522606 G>A needs A but not covered
113.001 was filtered out as 42522753 C>T needs T but not covered
114.001 was filtered out as 42523942 G>A needs A but not covered
115.001 was filtered out as 42524175 delCTT needs N but not covered
116.001 was filtered out as 42523632 C>G needs G but not covered
117.001 was filtered out as 42523942 G>A needs A but not covered
118.001 was filtered out as 42523900 T>C needs C but not covered
119.001 was filtered out as 42523804 C>T needs T but not covered
120.001 was filtered out as 42526729 delG needs N but not covered
121.001 was filtered out as 42523942 G>A needs A but not covered
123.001 was filtered out as 42523942 G>A needs A but not covered
124.001 was filtered out as 42522982 delGA needs N but not covered
124.002 was filtered out as 42522982 delGA needs N but not covered
125.001 was filtered out as 42523942 G>A needs A but not covered
126.001 was filtered out as 42523942 G>A needs A but not covered
127.001 was filtered out as 42523527 C>T needs T but not covered
128.001 was filtered out as 42523942 G>A needs A but not covered
129.001 was filtered out as 42523942 G>A needs A but not covered
130.001 was filtered out as 42524879 CA>AG needs A but not covered
131.001 was filtered out as 42524326 A>G needs G but not covered
132.001 was filtered out as 42522612 C>G needs G but not covered
133.001 was filtered out as 42523942 G>A needs A but not covered
134.001 was filtered out as 42523590 C>T needs T but not covered
135.001 was filtered out as 42523942 G>A needs A but not covered
136.001 was filtered out as 42523942 G>A needs A but not covered
137.001 was filtered out as 42522579 C>T needs T but not covered
138.001 was filtered out as 42523942 G>A needs A but not covered
139.001 was filtered out as 42523527 C>T needs T but not covered
140.001 was filtered out as 42524330 G>A needs A but not covered
141.001 was filtered out as 42523942 G>A needs A but not covered
141.1001 was filtered out as 42523942 G>A needs A but not covered
142.001 was filtered out as 42522612 C>G needs G but not covered
143.001 was filtered out as 42526762 C>T needs T but not covered
144.001 was filtered out as 42524352 C>T needs T but not covered
145.001 was filtered out as 42524928 insGGGGCGAAA not covered (cov=0)
146.001 was filtered out as 42523942 G>A needs A but not covered
147.001 was filtered out as 42522612 C>G needs G but not covered
148.001 was filtered out as 42523942 G>A needs A but not covered
149.001 was filtered out as 42523942 G>A needs A but not covered
152.001 was filtered out as 42524341 G>A needs A but not covered
153.001 was filtered out as 42524808 C>T needs T but not covered
154.001 was filtered out as 42523942 G>A needs A but not covered
155.001 was filtered out as 42523942 G>A needs A but not covered
156.001 was filtered out as 42523942 G>A needs A but not covered
157.001 was filtered out as 42523942 G>A needs A but not covered
158.001 was filtered out as 42523942 G>A needs A but not covered
159.001 was filtered out as 42523942 G>A needs A but not covered
160.001 was filtered out as 42523942 G>A needs A but not covered
161.001 was filtered out as 42523942 G>A needs A but not covered
162.001 was filtered out as 42523942 G>A needs A but not covered
163.001 was filtered out as 42523942 G>A needs A but not covered
[filter] CYP2D6 1.001 => 1.001; 1.002; 1.003; 1.004; 1.005; 1.006; 1.007; 1.008; 1.009; 1.010; 1.011; 1.012; 1.013; 1.014; 1.015; 1.016; 1.017; 1.018; 1.019; 1.020; 1.021; 1.022; 1.023; 1.024; 1.025; 1.026; 1.027; 1.028; 1.029; 1.030; 1.031; 1.032; 1.033; 1.034; 1.035; 1.036; 1.037; 1.038; 1.039; 1.040; 1.041; 1.042; 1.043; 1.044; 1.045; 1.046; 1.047; 1.048; 1.049
[filter] CYP2D6 5.001 => 5.001
[filter] CYP2D6 61.001 => 61.001
[filter] CYP2D6 68.002 => 68.002
[filter] CYP2D6 83.1003 => 83.1003
[filter] CYP2D6 122.001 => 122.001
[filter] valid_alleles=54
CYP2D6:42522397 → A:0, C*:14, G:0, M:0, N:0, P:0, T:0
CYP2D6:42522608 → A:0, C:0, G:0, M:0, N:0, P:0, T*:18
CYP2D6:42522964 → A:0, C*:24, G:0, M:0, N:0, P:0, T:0
CYP2D6:42523070 → A*:23, C:0, G:0, M:0, N:0, P:0, T:0
CYP2D6:42523085 → A:0, C*:27, G:0, M:0, N:0, P:0, T:0
CYP2D6:42523144 → A:0, C:0, G*:34, M:0, N:0, P:0, T:0
CYP2D6:42523157 → A:0, C:0, G*:31, M:0, N:0, P:0, T:0
CYP2D6:42523240 → A:0, C:0, G*:29, M:0, N:0, P:0, T:0
CYP2D6:42523246 → A:0, C*:30, G:0, M:0, N:0, P:0, T:0
CYP2D6:42523408 → A:0, C:0, G:18, M:0, N:0, P:0, T*:25
CYP2D6:42523513^ → A:0, C*:30, G:0, M:0, N:0, P:0, T^:0
CYP2D6:42523661 → A:0, C:0, G*:22, M:0, N:0, P:0, T:0
CYP2D6:42523681 → A:0, C*:25, G:0, M:0, N:0, P:0, T:0
CYP2D6:42523759 → A:0, C*:21, G:0, M:0, N:0, P:0, T:0
CYP2D6:42523787 → A:0, C*:24, G:0, M:0, N:0, P:0, T:0
CYP2D6:42523812 → A:0, C:0, G*:23, M:0, N:0, P:0, T:0
CYP2D6:42524032 → A*:27, C:0, G:0, M:0, N:0, P:0, T:0
CYP2D6:42524072 → A:0, C*:31, G:0, M:0, N:0, P:0, T:0
CYP2D6:42524129 → A:0, C*:27, G:0, M:0, N:0, P:0, T:0
CYP2D6:42524148 → A:0, C:0, G*:23, M:0, N:0, P:0, T:0
CYP2D6:42524161 → A:0, C:0, G*:22, M:0, N:0, P:0, T:0
CYP2D6:42524217 → A:0, C:0, G*:20, M:0, N:0, P:0, T:0
CYP2D6:42524368 → A:0, C:0, G*:21, M:0, N:0, P:0, T:0
CYP2D6:42524489 → A:0, C:0, G*:18, M:0, N:0, P:0, T:0
CYP2D6:42524581 → A:0, C:0, G*:23, M:0, N:0, P:0, T:0
CYP2D6:42524737 → A:0, C*:35, G:0, M:0, N:0, P:0, T:0
CYP2D6:42524742 → A:0, C:0, G*:26, M:0, N:0, P:0, T:0
CYP2D6:42524814 → A:0, C:0, G*:33, M:0, N:0, P:0, T:0
CYP2D6:42524923 → A*:29, C:0, G:0, M:0, N:0, P:0, T:0
CYP2D6:42524969 → A:0, C:0, G*:37, M:0, N:0, P:0, T:0
CYP2D6:42525131^ → A:0, C*:34, G:0, M^:0, N:0, P:0, T:0
CYP2D6:42525134 → A:0, C:0, G*:35, M:0, N:0, P:0, T:0
CYP2D6:42525238 → A*:35, C:0, G:0, M:0, N:0, P:0, T:0
CYP2D6:42525443 → A:0, C*:28, G:0, M:0, N:0, P:0, T:0
CYP2D6:42525499 → A:0, C*:29, G:0, M:0, N:0, P:0, T:0
CYP2D6:42525541 → A:0, C:0, G*:24, M:0, N:0, P:0, T:0
CYP2D6:42525624 → A:0, C*:19, G:0, M:0, N:0, P:0, T:0
CYP2D6:42525707 → A:0, C:0, G*:37, M:0, N:0, P:0, T:0
CYP2D6:42525727 → A*:38, C:0, G:0, M:0, N:0, P:0, T:0
CYP2D6:42525951 → A*:26, C:0, G:0, M:0, N:0, P:0, T:0
CYP2D6:42526048 → A:0, C:0, G*:19, M:0, N:0, P:0, T:0
CYP2D6:42526483 → A:0, C*:23, G:0, M:0, N:0, P:0, T:0
CYP2D6:42526523 → A:0, C:0, G*:21, M:0, N:0, P:0, T:0
CYP2D6:42526548 → A:0, C:0, G:0, M:0, N:0, P:0, T*:26
CYP2D6:42526560 → A:0, C:0, G:0, M:0, N:0, P:0, T*:21
CYP2D6:42526561 → A:0, C*:22, G:0, M:0, N:0, P:0, T:0
CYP2D6:42526566 → A*:22, C:0, G:0, M:0, N:0, P:0, T:0
CYP2D6:42526570 → A:0, C:0, G*:22, M:0, N:0, P:0, T:0
CYP2D6:42526572 → A:0, C:0, G*:22, M:0, N:0, P:0, T:0
CYP2D6:42526579 → A:0, C*:24, G:0, M:0, N:0, P:0, T:0
CYP2D6:42526811 → A:0, C:0, G:0, M:0, N:0, P:0, T*:19
CYP2D6:42526815 → A:0, C*:18, G:0, M:0, N:0, P:0, T:0
CYP2D6:42526835 → A*:16, C:0, G:0, M:0, N:0, P:0, T:0
CYP2D6:42526878 → A*:20, C:0, G:0, M:0, N:0, P:0, T:0
CYP2D6:42526922 → A*:17, C:0, G:0, M:0, N:0, P:0, T:0
CYP2D6:42527075 → A:0, C:0, G*:16, M:0, N:0, P:0, T:0
CYP2D6:42527157 → A:0, C*:13, G:0, M:0, N:0, P:0, T:0
CYP2D6:42527223 → A:0, C:0, G*:13, M:0, N:0, P:0, T:0
CYP2D6:42527290 → A:0, C:0, G*:17, M:0, N:0, P:0, T:0
CYP2D6:42527380 → A:0, C*:17, G:0, M:0, N:0, P:0, T:0
CYP2D6:42527470 → A:0, C*:24, G:0, M:0, N:0, P:0, T:0
CYP2D6:42527532 → A:0, C:0, G*:23, M:0, N:0, P:0, T:0
CYP2D6:42527544 → A:0, C*:23, G:0, M:0, N:0, P:0, T:0
CYP2D6:42527632 → A*:18, C:0, G:0, M:0, N:0, P:0, T:0
CYP2D6:42527885 → A*:21, C:0, G:0, M:0, N:0, P:0, T:0
CYP2D6:42528027 → A:0, C:0, G:0, M:0, N:0, P:0, T*:0
CYP2D6:42528381 → A:0, C:0, G*:22, M:0, N:0, P:0, T:0
Step 0: Loss=0.1904, CN=[1.9000832]
Step 100: Loss=0.1116, CN=[1.4968052]
Step 200: Loss=0.1116, CN=[1.4988372]
Step 300: Loss=0.1116, CN=[1.4988478]
Step 400: Loss=0.1116, CN=[1.4988478]

=== Fit ===
Region 0: obs=1.637, exp=1.499, diff=+0.138 
Region 1: obs=1.115, exp=1.499, diff=-0.384 
Region 2: obs=1.437, exp=1.499, diff=-0.062 
Region 3: obs=1.554, exp=1.499, diff=+0.055 
Region 4: obs=1.884, exp=1.499, diff=+0.385 
Region 5: obs=1.808, exp=1.499, diff=+0.309 
Region 6: obs=2.201, exp=1.499, diff=+0.702 *
Region 7: obs=2.397, exp=1.499, diff=+0.899 *
Region 8: obs=1.923, exp=1.499, diff=+0.424 
Region 9: obs=1.538, exp=1.499, diff=+0.039 
Region 10: obs=1.222, exp=1.499, diff=-0.277 
Region 11: obs=1.739, exp=1.499, diff=+0.240 
Region 12: obs=1.242, exp=1.499, diff=-0.257 
Region 13: obs=1.448, exp=1.499, diff=-0.051 
Region 14: obs=2.289, exp=1.499, diff=+0.790 *
Region 15: obs=1.883, exp=1.499, diff=+0.385 
Region 16: obs=1.391, exp=1.499, diff=-0.107 
Region 17: obs=0.797, exp=1.499, diff=-0.702 *
Region 18: obs=0.966, exp=1.499, diff=-0.533 *
Region 19: obs=1.027, exp=1.499, diff=-0.472 
Region 20: obs=0.944, exp=1.499, diff=-0.555 *
Region 21: obs=0.000, exp=1.499, diff=-1.499 *
Region 22: obs=1.633, exp=1.499, diff=+0.134 

[Gene CN Results]
  CYP2D6: 1.50 → 1.4988478422164917

=== CYP2D6 Fusion Template CN Estimation ===

Using CN configs: ['1', '68.001', '141.1001']

Region coverage:
  up: 1.6
  utr5: 1.1
  e1: 1.4
  i1: 1.6
  e2: 1.9
  i2: 1.8
  e3: 2.2
  i3: 2.4
  e4: 1.9
  i4: 1.5
  e5: 1.2
  i5: 1.7
  e6: 1.2
  i6: 1.4
  e7: 2.3
  i7: 1.9
  e8: 1.4
  i8: 0.8
  e9: 1.0
  utr3: 1.0
  ins: 0.9
  pce: 0.0
  rep: 1.6
  e1_2d7: 0.9
  e2_2d7: 1.4
  e3_2d7: 0.1
  e5_2d7: 0.4
  e6_2d7: 1.0
  e9_2d7: 0.6
  pce_2d7: 0.8

CN configs: ['1', '68.001', '141.1001']
PCE contributions: {'1': tensor(0.), '68.001': tensor(1.), '141.1001': tensor(1.)}
Gene CN: 1.50 → required total: 1
Respect gene CN constraint: True
Enumerating configurations that sum to 1...
Evaluated 3 configurations

Top 5 configurations:
  1. loss=11.35: 1:1
  2. loss=13.76: 141.1001:1
  3. loss=36.57: 68.001:1

Best CN assignment (loss=11.35):
  1: 1
  Total: 1

Fit comparison:
  up: obs=1.6, exp=1.0, diff=+0.6
  utr5: obs=1.1, exp=1.0, diff=+0.1
  e1: obs=1.4, exp=1.0, diff=+0.4
  i1: obs=1.6, exp=1.0, diff=+0.6
  e2: obs=1.9, exp=1.0, diff=+0.9
  i2: obs=1.8, exp=1.0, diff=+0.8
  e3: obs=2.2, exp=1.0, diff=+1.2
  i3: obs=2.4, exp=1.0, diff=+1.4
  e4: obs=1.9, exp=1.0, diff=+0.9
  i4: obs=1.5, exp=1.0, diff=+0.5
  e5: obs=1.2, exp=1.0, diff=+0.2
  i5: obs=1.7, exp=1.0, diff=+0.7
  e6: obs=1.2, exp=1.0, diff=+0.2
  i6: obs=1.4, exp=1.0, diff=+0.4
  e7: obs=2.3, exp=1.0, diff=+1.3
  i7: obs=1.9, exp=1.0, diff=+0.9
  e8: obs=1.4, exp=1.0, diff=+0.4
  i8: obs=0.8, exp=1.0, diff=-0.2
  e9: obs=1.0, exp=1.0, diff=-0.0
  utr3: obs=1.0, exp=1.0, diff=+0.0
  ins: obs=0.9, exp=1.0, diff=-0.1
  pce: obs=0.0, exp=0.0, diff=+0.0
  rep: obs=1.6, exp=1.0, diff=+0.6
  e1_2d7: obs=0.9, exp=0.0, diff=+0.9
  e2_2d7: obs=1.4, exp=0.0, diff=+1.4
  e3_2d7: obs=0.1, exp=0.0, diff=+0.1
  e5_2d7: obs=0.4, exp=0.0, diff=+0.4
  e6_2d7: obs=1.0, exp=0.0, diff=+1.0
  e9_2d7: obs=0.6, exp=0.0, diff=+0.6
  pce_2d7: obs=0.8, exp=0.0, diff=+0.8

[Selected CN Configs] 1:1
  Total CYP2D6 CN: 1

[Filtering alleles by cn_config]

Kept alleles by cn_config:
  1: 2 major alleles
    *1.001, *122.001

  Filtered: 4 alleles
  Kept: 50 alleles

[Updating N variant counts for deleted regions]
  Total updated: 0 positions

[Rebuilding allele vectors for fusion cn_configs]
Using device: cuda
num_sparse_entries: 3350
max sparse_flat_index: 23449
expected max: 23449

=== Running VAE with seed 42 ===
Global Pooled JS: 0.004337
Seed 42, Step    0: Loss = 543.41 (Recon: 386.68, Allele KL: 26.86, Base KL: 14302.28, Functional KL: 0.00
Global Pooled JS: 0.007238
Seed 42, Step  500: Loss = 424.16 (Recon: 326.36, Allele KL: 24.74, Base KL: 7267.25, Functional KL: 0.01
Global Pooled JS: 0.000594
Seed 42, Step 1000: Loss = 415.03 (Recon: 339.02, Allele KL: 24.07, Base KL: 7327.39, Functional KL: 0.00
Global Pooled JS: 0.001305
Seed 42, Step 1500: Loss = 411.82 (Recon: 336.00, Allele KL: 21.47, Base KL: 7560.65, Functional KL: 0.00
Global Pooled JS: 0.002039
Seed 42, Step 2000: Loss = 412.16 (Recon: 337.77, Allele KL: 21.98, Base KL: 7517.64, Functional KL: 0.00
Global Pooled JS: 0.001322
Seed 42, Step 2500: Loss = 411.87 (Recon: 338.21, Allele KL: 19.85, Base KL: 7425.33, Functional KL: 0.00

Top Variants with Coverage Mismatches:
Rank   Variant                        Expected     Observed     Diff       |Div|       
------------------------------------------------------------------------------------------
1      CYP2D6:42525131→C              24.06        34.00        -9.94      0.000246    
2      CYP2D6:42523513→C              24.06        30.00        -5.94      0.000243    
3      CYP2D6:42525131→G              0.03         0.00         0.03       0.000207    
4      CYP2D6:42523513→T              0.03         0.00         0.03       0.000191    
5      CYP2D6:42523513→N              0.00         0.00         0.00       0.000002    
6      CYP2D6:42523513→M              0.00         0.00         0.00       0.000002    
7      CYP2D6:42523513→P              0.00         0.00         0.00       0.000002    
8      CYP2D6:42523513→G              0.00         0.00         0.00       0.000002    
9      CYP2D6:42523513→A              0.00         0.00         0.00       0.000002    
10     CYP2D6:42525131→A              0.00         0.00         0.00       0.000000    
11     CYP2D6:42525131→M              0.00         0.00         0.00       0.000000    
12     CYP2D6:42525131→N              0.00         0.00         0.00       0.000000    
13     CYP2D6:42525131→P              0.00         0.00         0.00       0.000000    
14     CYP2D6:42525131→T              0.00         0.00         0.00       0.000000    
New best model with final loss: 415.57

=== Running VAE with seed 123 ===
Global Pooled JS: 0.010685
Seed 123, Step    0: Loss = 608.90 (Recon: 416.84, Allele KL: 67.90, Base KL: 23716.64, Functional KL: 0.01
Global Pooled JS: 0.001111
Seed 123, Step  500: Loss = 414.68 (Recon: 342.50, Allele KL: 23.66, Base KL: 7479.51, Functional KL: 0.00
Global Pooled JS: 0.001873
Seed 123, Step 1000: Loss = 417.07 (Recon: 325.17, Allele KL: 15.50, Base KL: 7468.11, Functional KL: 0.00
Global Pooled JS: 0.004290
Seed 123, Step 1500: Loss = 424.58 (Recon: 325.60, Allele KL: 14.02, Base KL: 7238.58, Functional KL: 0.00
Global Pooled JS: 0.004406
Seed 123, Step 2000: Loss = 418.37 (Recon: 331.59, Allele KL: 28.03, Base KL: 7119.11, Functional KL: 0.00
Global Pooled JS: 0.001539
Seed 123, Step 2500: Loss = 410.31 (Recon: 324.70, Allele KL: 19.76, Base KL: 7516.57, Functional KL: 0.00

Top Variants with Coverage Mismatches:
Rank   Variant                        Expected     Observed     Diff       |Div|       
------------------------------------------------------------------------------------------
1      CYP2D6:42525131→G              0.05         0.00         0.05       0.000364    
2      CYP2D6:42523513→T              0.05         0.00         0.05       0.000358    
3      CYP2D6:42525131→C              24.04        34.00        -9.96      0.000253    
4      CYP2D6:42523513→C              24.04        30.00        -5.96      0.000235    
5      CYP2D6:42523513→A              0.00         0.00         0.00       0.000003    
6      CYP2D6:42523513→M              0.00         0.00         0.00       0.000003    
7      CYP2D6:42523513→P              0.00         0.00         0.00       0.000003    
8      CYP2D6:42523513→N              0.00         0.00         0.00       0.000003    
9      CYP2D6:42523513→G              0.00         0.00         0.00       0.000003    
10     CYP2D6:42525131→A              0.00         0.00         0.00       0.000000    
11     CYP2D6:42525131→M              0.00         0.00         0.00       0.000000    
12     CYP2D6:42525131→N              0.00         0.00         0.00       0.000000    
13     CYP2D6:42525131→P              0.00         0.00         0.00       0.000000    
14     CYP2D6:42525131→T              0.00         0.00         0.00       0.000000    
New best model with final loss: 411.28

=== Running VAE with seed 456 ===
Global Pooled JS: 0.010757
Seed 456, Step    0: Loss = 587.41 (Recon: 414.34, Allele KL: 37.22, Base KL: 14889.34, Functional KL: 0.01
Global Pooled JS: 0.004090
Seed 456, Step  500: Loss = 417.43 (Recon: 341.58, Allele KL: 26.12, Base KL: 7355.66, Functional KL: 0.00
Global Pooled JS: 0.000708
Seed 456, Step 1000: Loss = 414.34 (Recon: 337.33, Allele KL: 27.26, Base KL: 7466.59, Functional KL: 0.00
Global Pooled JS: 0.000802
Seed 456, Step 1500: Loss = 416.77 (Recon: 340.03, Allele KL: 25.17, Base KL: 7126.79, Functional KL: 0.00
Global Pooled JS: 0.000584
Seed 456, Step 2000: Loss = 419.09 (Recon: 357.82, Allele KL: 19.03, Base KL: 7756.79, Functional KL: 0.00
Global Pooled JS: 0.004583
Seed 456, Step 2500: Loss = 439.43 (Recon: 327.23, Allele KL: 19.43, Base KL: 7224.02, Functional KL: 0.00

Top Variants with Coverage Mismatches:
Rank   Variant                        Expected     Observed     Diff       |Div|       
------------------------------------------------------------------------------------------
1      CYP2D6:42523513→T              0.09         0.00         0.09       0.000672    
2      CYP2D6:42525131→G              0.09         0.00         0.09       0.000664    
3      CYP2D6:42525131→C              24.00        34.00        -10.00     0.000267    
4      CYP2D6:42523513→C              23.99        30.00        -6.01      0.000221    
5      CYP2D6:42523513→M              0.00         0.00         0.00       0.000006    
6      CYP2D6:42523513→N              0.00         0.00         0.00       0.000006    
7      CYP2D6:42523513→G              0.00         0.00         0.00       0.000006    
8      CYP2D6:42523513→P              0.00         0.00         0.00       0.000006    
9      CYP2D6:42523513→A              0.00         0.00         0.00       0.000006    
10     CYP2D6:42525131→A              0.00         0.00         0.00       0.000000    
11     CYP2D6:42525131→M              0.00         0.00         0.00       0.000000    
12     CYP2D6:42525131→N              0.00         0.00         0.00       0.000000    
13     CYP2D6:42525131→P              0.00         0.00         0.00       0.000000    
14     CYP2D6:42525131→T              0.00         0.00         0.00       0.000000    
New best model with final loss: 406.19

=== Multi-Seed VAE Results ===
Best model had seed 456 with final loss: 406.19
All seeds final losses:
  Seed 42: Total=415.57 (Recon=331.87, A_KL=25.72, B_KL=7649.57)
  Seed 123: Total=411.28 (Recon=338.34, A_KL=20.35, B_KL=7637.62)
  Seed 456: Total=406.19 (Recon=339.59, A_KL=15.73, B_KL=7557.87) <- Best

[Raw]:
CYP2D6*1: Normalized=0.9959, Unnormalized=1.00

Allocating by cn_config:

[Alleles]
CYP2D6*1
	Command being timed: "python /home/qinghuiz/aidy/push/Neretva/neretva/cyp.py CYP2D6 /project/shared/aldy-data/wgs/NA12873.wgs.cram"
	User time (seconds): 292.54
	System time (seconds): 58.73
	Percent of CPU this job got: 99%
	Elapsed (wall clock) time (h:mm:ss or m:ss): 5:52.64
	Average shared text size (kbytes): 0
	Average unshared data size (kbytes): 0
	Average stack size (kbytes): 0
	Average total size (kbytes): 0
	Maximum resident set size (kbytes): 2730476
	Average resident set size (kbytes): 0
	Major (requiring I/O) page faults: 0
	Minor (reclaiming a frame) page faults: 966476
	Voluntary context switches: 26310
	Involuntary context switches: 4299
	Swaps: 0
	File system inputs: 0
	File system outputs: 96
	Socket messages sent: 0
	Socket messages received: 0
	Signals delivered: 0
	Page size (bytes): 4096
	Exit status: 0
