2026-03-11 05:55:05.367639: I tensorflow/core/util/port.cc:111] oneDNN custom operations are on. You may see slightly different numerical results due to floating-point round-off errors from different computation orders. To turn them off, set the environment variable `TF_ENABLE_ONEDNN_OPTS=0`.
2026-03-11 05:55:05.404778: E tensorflow/compiler/xla/stream_executor/cuda/cuda_dnn.cc:9342] Unable to register cuDNN factory: Attempting to register factory for plugin cuDNN when one has already been registered
2026-03-11 05:55:05.404944: E tensorflow/compiler/xla/stream_executor/cuda/cuda_fft.cc:609] Unable to register cuFFT factory: Attempting to register factory for plugin cuFFT when one has already been registered
2026-03-11 05:55:05.405077: E tensorflow/compiler/xla/stream_executor/cuda/cuda_blas.cc:1518] Unable to register cuBLAS factory: Attempting to register factory for plugin cuBLAS when one has already been registered
2026-03-11 05:55:05.413552: I tensorflow/core/platform/cpu_feature_guard.cc:182] This TensorFlow binary is optimized to use available CPU instructions in performance-critical operations.
To enable the following instructions: AVX2 AVX512F AVX512_VNNI FMA, in other operations, rebuild TensorFlow with the appropriate compiler flags.
AttributeError: 'MessageFactory' object has no attribute 'GetPrototype'
2026-03-11 05:55:06.478680: W tensorflow/compiler/tf2tensorrt/utils/py_utils.cc:38] TF-TRT Warning: Could not find TensorRT
AttributeError: 'MessageFactory' object has no attribute 'GetPrototype'
[info] total indices 2506
[info] total variants 2506
1.001 was filtered out as 42522612 C>G needs C but not covered
1.002 was filtered out as 42522612 C>G needs C but not covered
1.003 was filtered out as 42522612 C>G needs C but not covered
1.004 was filtered out as 42522612 C>G needs C but not covered
1.005 was filtered out as 42522612 C>G needs C but not covered
1.006 was filtered out as 42522612 C>G needs C but not covered
1.007 was filtered out as 42522612 C>G needs C but not covered
1.008 was filtered out as 42522612 C>G needs C but not covered
1.009 was filtered out as 42522612 C>G needs C but not covered
1.010 was filtered out as 42522612 C>G needs C but not covered
1.011 was filtered out as 42522612 C>G needs C but not covered
1.012 was filtered out as 42522612 C>G needs C but not covered
1.013 was filtered out as 42522612 C>G needs C but not covered
1.014 was filtered out as 42522612 C>G needs C but not covered
1.015 was filtered out as 42522612 C>G needs C but not covered
1.016 was filtered out as 42522612 C>G needs C but not covered
1.017 was filtered out as 42522612 C>G needs C but not covered
1.018 was filtered out as 42522612 C>G needs C but not covered
1.019 was filtered out as 42522612 C>G needs C but not covered
1.020 was filtered out as 42522612 C>G needs C but not covered
1.021 was filtered out as 42522612 C>G needs C but not covered
1.022 was filtered out as 42522612 C>G needs C but not covered
1.023 was filtered out as 42522612 C>G needs C but not covered
1.024 was filtered out as 42522612 C>G needs C but not covered
1.025 was filtered out as 42522612 C>G needs C but not covered
1.026 was filtered out as 42522612 C>G needs C but not covered
1.027 was filtered out as 42522612 C>G needs C but not covered
1.028 was filtered out as 42522612 C>G needs C but not covered
1.029 was filtered out as 42522612 C>G needs C but not covered
1.030 was filtered out as 42522612 C>G needs C but not covered
1.031 was filtered out as 42522612 C>G needs C but not covered
1.032 was filtered out as 42522612 C>G needs C but not covered
1.033 was filtered out as 42522612 C>G needs C but not covered
1.034 was filtered out as 42522612 C>G needs C but not covered
1.035 was filtered out as 42522612 C>G needs C but not covered
1.036 was filtered out as 42522612 C>G needs C but not covered
1.037 was filtered out as 42522612 C>G needs C but not covered
1.038 was filtered out as 42522612 C>G needs C but not covered
1.039 was filtered out as 42522612 C>G needs C but not covered
1.040 was filtered out as 42522612 C>G needs C but not covered
1.041 was filtered out as 42522612 C>G needs C but not covered
1.042 was filtered out as 42522612 C>G needs C but not covered
1.043 was filtered out as 42522612 C>G needs C but not covered
1.044 was filtered out as 42522612 C>G needs C but not covered
1.045 was filtered out as 42522612 C>G needs C but not covered
1.046 was filtered out as 42522612 C>G needs C but not covered
1.047 was filtered out as 42522612 C>G needs C but not covered
1.048 was filtered out as 42522612 C>G needs C but not covered
1.049 was filtered out as 42522612 C>G needs C but not covered
2.004 was filtered out as 42525131 C.C>G.T needs C but not covered
3.001 was filtered out as 42522612 C>G needs C but not covered
3.002 was filtered out as 42522612 C>G needs C but not covered
4.002 was filtered out as 42525131 C.C>G.T needs C but not covered
4.007 was filtered out as 42523854 G>A needs A but not covered
4.009 was filtered out as 42522612 C>G needs C but not covered
4.012 was filtered out as 42522612 C>G needs C but not covered
4.013 was filtered out as 42522664 G>C needs C but not covered
4.027 was filtered out as 42522612 C>G needs C but not covered
4.028 was filtered out as 42522723 G>T needs T but not covered
4.1013 was filtered out as 42522612 C>G needs C but not covered
4.1021 was filtered out as 42522612 C>G needs C but not covered
5.001 was filtered out as 42522612 C>G needs C but not covered
6.001 was filtered out as 42522612 C>G needs C but not covered
6.002 was filtered out as 42522612 C>G needs C but not covered
6.005 was filtered out as 42522612 C>G needs C but not covered
6.006 was filtered out as 42522612 C>G needs C but not covered
6.003 was filtered out as 42525085 delA needs N but not covered
6.004 was filtered out as 42522612 C>G needs C but not covered
7.001 was filtered out as 42522612 C>G needs C but not covered
8.001 was filtered out as 42525034 C>A needs A but not covered
9.001 was filtered out as 42522612 C>G needs C but not covered
9.002 was filtered out as 42522612 C>G needs C but not covered
11.001 was filtered out as 42525911 C>G needs G but not covered
12.001 was filtered out as 42526669 C>T needs T but not covered
12.002 was filtered out as 42526669 C>T needs T but not covered
14.001 was filtered out as 42525034 C>T needs T but not covered
15.001 was filtered out as 42522612 C>G needs C but not covered
15.002 was filtered out as 42522612 C>G needs C but not covered
15.003 was filtered out as 42522612 C>G needs C but not covered
17.001 was filtered out as 42525771 G>A needs A but not covered
17.002 was filtered out as 42525771 G>A needs A but not covered
17.003 was filtered out as 42525771 G>A needs A but not covered
17.004 was filtered out as 42525771 G>A needs A but not covered
17.005 was filtered out as 42525771 G>A needs A but not covered
17.006 was filtered out as 42525771 G>A needs A but not covered
18.001 was filtered out as 42522612 C>G needs C but not covered
19.001 was filtered out as 42524250 delAGTT needs N but not covered
20.001 was filtered out as 42524815 insC needs P but not covered
21.001 was filtered out as 42524212 insG needs P but not covered
21.002 was filtered out as 42524212 insG needs P but not covered
22.001 was filtered out as 42522612 C>G needs C but not covered
23.001 was filtered out as 42522612 C>G needs C but not covered
24.001 was filtered out as 42522612 C>G needs C but not covered
25.001 was filtered out as 42522612 C>G needs C but not covered
26.001 was filtered out as 42522612 C>G needs C but not covered
27.001 was filtered out as 42522612 C>G needs C but not covered
28.001 was filtered out as 42526774 C>T needs T but not covered
28.002 was filtered out as 42526774 C>T needs T but not covered
29.001 was filtered out as 42525131 C.C>G.T needs M but not covered
30.001 was filtered out as 42524928 insGGGGCGAAA not covered (cov=0)
31.001 was filtered out as 42522750 C>T needs T but not covered
32.001 was filtered out as 42522939 C>T needs T but not covered
33.001 was filtered out as 42522612 C>G needs C but not covered
33.002 was filtered out as 42522612 C>G needs C but not covered
34.001 was filtered out as 42522612 C>G needs C but not covered
36.001 was filtered out as 42522664 G>C needs C but not covered
36.002 was filtered out as 42522664 G>C needs C but not covered
36.003 was filtered out as 42522664 G>C needs C but not covered
36.004 was filtered out as 42522664 G>C needs C but not covered
36.1001 was filtered out as 42522612 C>G needs C but not covered
37.001 was filtered out as 42524849 C>T needs T but not covered
38.001 was filtered out as 42522612 C>G needs C but not covered
39.002 was filtered out as 42525131 C.C>G.T needs C but not covered
40.001 was filtered out as 42525771 G>A needs A but not covered
41.001 was filtered out as 42523804 C>T needs T but not covered
41.002 was filtered out as 42523804 C>T needs T but not covered
41.003 was filtered out as 42523804 C>T needs T but not covered
41.004 was filtered out as 42523804 C>T needs T but not covered
41.005 was filtered out as 42523804 C>T needs T but not covered
42.001 was filtered out as 42523531 insAC needs P but not covered
43.001 was filtered out as 42522612 C>G needs C but not covered
43.002 was filtered out as 42522612 C>G needs C but not covered
44.001 was filtered out as 42522612 C>G needs C but not covered
45.001 was filtered out as 42525076 C>T needs T but not covered
45.002 was filtered out as 42525076 C>T needs T but not covered
45.003 was filtered out as 42525076 C>T needs T but not covered
45.004 was filtered out as 42525076 C>T needs T but not covered
46.001 was filtered out as 42525076 C>T needs T but not covered
46.002 was filtered out as 42525076 C>T needs T but not covered
46.003 was filtered out as 42525076 C>T needs T but not covered
47.001 was filtered out as 42526720 G>A needs A but not covered
48.001 was filtered out as 42522612 C>G needs C but not covered
49.001 was filtered out as 42525181 A>T needs T but not covered
50.001 was filtered out as 42522612 C>G needs C but not covered
51.001 was filtered out as 42523620 T>G needs G but not covered
52.001 was filtered out as 42522915 C>T needs T but not covered
52.002 was filtered out as 42522915 C>T needs T but not covered
53.001 was filtered out as 42522612 C>G needs C but not covered
54.001 was filtered out as 42524236 G>A needs A but not covered
55.001 was filtered out as 42522957 T>G needs G but not covered
56.001 was filtered out as 42523591 G>A needs A but not covered
56.002 was filtered out as 42523591 G>A needs A but not covered
56.003 was filtered out as 42523591 G>A needs A but not covered
57.001 was filtered out as 42522664 G>C needs C but not covered
57.1001 was filtered out as 42522612 C>G needs C but not covered
58.001 was filtered out as 42525771 G>A needs A but not covered
59.001 was filtered out as 42523853 C>T needs T but not covered
60.001 was filtered out as 42522612 C>G needs C but not covered
61.001 was filtered out as 42522612 C>G needs C but not covered
62.001 was filtered out as 42522612 C>G needs C but not covered
63.001 was filtered out as 42522612 C>G needs C but not covered
64.001 was filtered out as 42525771 G>A needs A but not covered
68.001 was filtered out as 42522612 C>G needs C but not covered
68.002 was filtered out as 42522612 C>G needs C but not covered
69.001 was filtered out as 42523804 C>T needs T but not covered
70.001 was filtered out as 42525131 C.C>G.T needs M but not covered
71.001 was filtered out as 42522612 C>G needs C but not covered
71.002 was filtered out as 42522612 C>G needs C but not covered
71.003 was filtered out as 42522612 C>G needs C but not covered
72.001 was filtered out as 42523474 C>T needs T but not covered
73.001 was filtered out as 42525781 C>T needs T but not covered
74.001 was filtered out as 42522612 C>G needs C but not covered
75.001 was filtered out as 42522612 C>G needs C but not covered
75.002 was filtered out as 42522612 C>G needs C but not covered
81.001 was filtered out as 42522612 C>G needs C but not covered
82.001 was filtered out as 42522612 C>G needs C but not covered
83.001 was filtered out as 42522664 G>C needs C but not covered
83.002 was filtered out as 42522664 G>C needs C but not covered
83.003 was filtered out as 42522664 G>C needs C but not covered
83.1003 was filtered out as 42522612 C>G needs C but not covered
84.001 was filtered out as 42524218 G>T needs T but not covered
84.002 was filtered out as 42524218 G>T needs T but not covered
85.001 was filtered out as 42522635 A>C needs C but not covered
86.001 was filtered out as 42522612 C>G needs C but not covered
87.001 was filtered out as 42526779 G>A needs A but not covered
88.001 was filtered out as 42525780 A>G needs G but not covered
89.001 was filtered out as 42522612 C>G needs C but not covered
90.001 was filtered out as 42522612 C>G needs C but not covered
91.001 was filtered out as 42522612 C>G needs C but not covered
92.001 was filtered out as 42522612 C>G needs C but not covered
93.001 was filtered out as 42522612 C>G needs C but not covered
94.001 was filtered out as 42523611 T>C needs C but not covered
94.002 was filtered out as 42523611 T>C needs C but not covered
95.001 was filtered out as 42523458 C>T needs T but not covered
96.001 was filtered out as 42522612 C>G needs C but not covered
97.001 was filtered out as 42522612 C>G needs C but not covered
98.001 was filtered out as 42522682 G>C needs C but not covered
99.001 was filtered out as 42525828 C>G needs G but not covered
100.001 was filtered out as 42523964 delG needs N but not covered
101.001 was filtered out as 42523847 delCACATCCGGATGTAGGATC needs N but not covered
102.001 was filtered out as 42525822 G>A needs A but not covered
103.001 was filtered out as 42525043 T>C needs C but not covered
104.001 was filtered out as 42525072 T>A needs A but not covered
105.001 was filtered out as 42523524 A>G needs G but not covered
106.001 was filtered out as 42522612 C>G needs C but not covered
106.002 was filtered out as 42522612 C>G needs C but not covered
106.003 was filtered out as 42522612 C>G needs C but not covered
107.001 was filtered out as 42522612 C>G needs C but not covered
108.001 was filtered out as 42522612 C>G needs C but not covered
109.001 was filtered out as 42522612 C>G needs C but not covered
110.001 was filtered out as 42522612 C>G needs C but not covered
111.001 was filtered out as 42525760 C>T needs T but not covered
111.002 was filtered out as 42525760 C>T needs T but not covered
112.001 was filtered out as 42522612 C>G needs C but not covered
113.001 was filtered out as 42522612 C>G needs C but not covered
114.001 was filtered out as 42525034 C>T needs T but not covered
115.001 was filtered out as 42522612 C>G needs C but not covered
116.001 was filtered out as 42522612 C>G needs C but not covered
117.001 was filtered out as 42523612 C>T needs T but not covered
118.001 was filtered out as 42522612 C>G needs C but not covered
119.001 was filtered out as 42522612 C>G needs C but not covered
120.001 was filtered out as 42522612 C>G needs C but not covered
121.001 was filtered out as 42525043 T>C needs C but not covered
122.001 was filtered out as 42522612 C>G needs C but not covered
123.001 was filtered out as 42523804 C>T needs T but not covered
124.001 was filtered out as 42522612 C>G needs C but not covered
124.002 was filtered out as 42522612 C>G needs C but not covered
125.001 was filtered out as 42522720 C>T needs T but not covered
126.001 was filtered out as 42525135 G>A needs A but not covered
127.001 was filtered out as 42522612 C>G needs C but not covered
128.001 was filtered out as 42525888 A>C needs C but not covered
129.001 was filtered out as 42525156 C>T needs T but not covered
130.001 was filtered out as 42522612 C>G needs C but not covered
131.001 was filtered out as 42522612 C>G needs C but not covered
132.001 was filtered out as 42523974 T>C needs C but not covered
133.001 was filtered out as 42523603 C>T needs T but not covered
134.001 was filtered out as 42522612 C>G needs C but not covered
135.001 was filtered out as 42522927 G>A needs A but not covered
136.001 was filtered out as 42522878 G>A needs A but not covered
137.001 was filtered out as 42522612 C>G needs C but not covered
138.001 was filtered out as 42523804 C>T needs T but not covered
139.001 was filtered out as 42522612 C>G needs C but not covered
140.001 was filtered out as 42522612 C>G needs C but not covered
141.001 was filtered out as 42522664 G>C needs C but not covered
141.1001 was filtered out as 42522612 C>G needs C but not covered
142.001 was filtered out as 42526711 G>A needs A but not covered
143.001 was filtered out as 42522612 C>G needs C but not covered
144.001 was filtered out as 42522612 C>G needs C but not covered
145.001 was filtered out as 42522612 C>G needs C but not covered
146.001 was filtered out as 42526716 C>T needs T but not covered
147.001 was filtered out as 42524928 insGGGGCGAAA not covered (cov=0)
148.001 was filtered out as 42526716 C>T needs T but not covered
149.001 was filtered out as 42525131 C.C>G.T needs M but not covered
152.001 was filtered out as 42522612 C>G needs C but not covered
153.001 was filtered out as 42522612 C>G needs C but not covered
154.001 was filtered out as 42525771 G>A needs A but not covered
155.001 was filtered out as 42525131 C.C>G.T needs M but not covered
156.001 was filtered out as 42525131 C.C>G.T needs M but not covered
157.001 was filtered out as 42525131 C.C>G.T needs M but not covered
158.001 was filtered out as 42523804 C>T needs T but not covered
159.001 was filtered out as 42526671 G>A needs A but not covered
161.001 was filtered out as 42525184 C>A needs A but not covered
162.001 was filtered out as 42522939 C>T needs T but not covered
163.001 was filtered out as 42525157 A>G needs G but not covered
[filter] CYP2D6 2.001 => 2.001; 2.002; 2.003; 2.005; 2.006; 2.007; 2.008; 2.009; 2.010; 2.011; 2.012; 2.013; 2.014; 2.015; 2.016; 2.017; 2.018; 2.019; 2.020; 2.021; 2.022; 2.023; 2.024; 2.025; 2.026; 2.027; 2.028; 2.030
[filter] CYP2D6 4.001 => 4.001; 4.006; 4.008; 4.014; 4.015; 4.016; 4.017; 4.018; 4.020; 4.022; 4.023; 4.024; 4.025; 4.026; 4.029; 4.030
[filter] CYP2D6 4.003 => 4.003; 4.004; 4.005; 4.011; 4.019
[filter] CYP2D6 4.010 => 4.010
[filter] CYP2D6 4.021 => 4.021
[filter] CYP2D6 4.2021 => 4.2021
[filter] CYP2D6 10.001 => 10.001; 10.002; 10.003; 10.004; 10.005; 10.006; 10.007; 10.1004
[filter] CYP2D6 35.001 => 35.001; 35.002; 35.003; 35.004; 35.005; 35.006; 35.007
[filter] CYP2D6 39.001 => 39.001
[filter] CYP2D6 65.001 => 65.001
[filter] CYP2D6 160.001 => 160.001
[filter] valid_alleles=70
CYP2D6:42522311 → A:0, C*:20, G:0, M:0, N:0, P:0, T:25
CYP2D6:42522391 → A:14, C:0, G*:29, M:0, N:0, P:0, T:0
CYP2D6:42522463 → A:0, C:0, G*:52, M:0, N:0, P:0, T:0
CYP2D6:42522549 → A:9, C:0, G*:60, M:0, N:0, P:0, T:0
CYP2D6:42522612^ → A:0, C*:0, G^:61, M:0, N:0, P:0, T:0
CYP2D6:42522677 → A:0, C:0, G*:46, M:0, N:0, P:0, T:0
CYP2D6:42522691 → A:0, C:0, G*:46, M:0, N:0, P:0, T:0
CYP2D6:42522759 → A:0, C:0, G*:46, M:0, N:0, P:0, T:0
CYP2D6:42522764 → A:0, C:0, G*:47, M:0, N:0, P:0, T:0
CYP2D6:42522844 → A*:59, C:0, G:0, M:0, N:0, P:0, T:0
CYP2D6:42522905 → A*:64, C:0, G:0, M:0, N:0, P:0, T:0
CYP2D6:42522915^ → A:0, C*:68, G:0, M:0, N:0, P:0, T^:0
CYP2D6:42523002 → A:29, C:0, G*:28, M:0, N:0, P:0, T:0
CYP2D6:42523208 → A:0, C*:36, G:0, M:0, N:0, P:0, T:17
CYP2D6:42523210 → A:0, C:35, G:0, M:0, N:0, P:0, T*:18
CYP2D6:42523240 → A:0, C:0, G*:63, M:0, N:0, P:0, T:0
CYP2D6:42523357 → A:0, C:0, G*:80, M:0, N:0, P:0, T:0
CYP2D6:42523399 → A*:91, C:0, G:0, M:0, N:0, P:0, T:0
CYP2D6:42523408 → A:0, C:0, G:89, M:0, N:0, P:0, T*:0
CYP2D6:42523413 → A:0, C:0, G*:91, M:0, N:0, P:0, T:0
CYP2D6:42523527^ → A:0, C*:80, G:0, M:0, N:0, P:0, T^:24
CYP2D6:42523538 → A*:102, C:0, G:0, M:0, N:0, P:0, T:0
CYP2D6:42523649 → A:0, C*:58, G:0, M:0, N:0, P:0, T:0
CYP2D6:42523672 → A:0, C*:46, G:0, M:0, N:0, P:0, T:0
CYP2D6:42523702 → A:0, C*:50, G:0, M:0, N:0, P:0, T:0
CYP2D6:42523720 → A:0, C:0, G*:51, M:0, N:0, P:0, T:0
CYP2D6:42523942^ → A^:24, C:0, G*:38, M:0, N:0, P:0, T:0
CYP2D6:42524131 → A:0, C*:60, G:0, M:0, N:0, P:0, T:0
CYP2D6:42524216 → A:0, C:0, G*:58, M:0, N:0, P:0, T:0
CYP2D6:42524217 → A:0, C:0, G*:58, M:0, N:0, P:0, T:0
CYP2D6:42524301 → A:0, C*:75, G:0, M:0, N:0, P:0, T:0
CYP2D6:42524312 → A:0, C:0, G*:80, M:0, N:0, P:0, T:0
CYP2D6:42524322 → A*:76, C:0, G:0, M:0, N:0, P:0, T:0
CYP2D6:42524501 → A:0, C*:46, G:0, M:0, N:0, P:0, T:0
CYP2D6:42524514 → A:0, C*:49, G:0, M:0, N:0, P:0, T:0
CYP2D6:42524577 → A:0, C:0, G:0, M:0, N:0, P:0, T*:52
CYP2D6:42524669 → A:0, C:0, G*:61, M:0, N:0, P:0, T:0
CYP2D6:42524695 → A:0, C:30, G:0, M:0, N:0, P:0, T*:32
CYP2D6:42524762 → A:0, C*:66, G:0, M:0, N:0, P:0, T:0
CYP2D6:42524772 → A:0, C:0, G:0, M:0, N:0, P:0, T*:64
CYP2D6:42524775 → A:0, C*:65, G:0, M:0, N:0, P:0, T:0
CYP2D6:42524794 → A*:62, C:0, G:0, M:0, N:0, P:0, T:0
CYP2D6:42524934 → A:0, C:0, G*:35, M:0, N:0, P:0, T:0
CYP2D6:42524946^ → A:0, C*:14, G:0, M:0, N:0, P:0, T^:21
CYP2D6:42525009 → A:0, C:0, G:0, M:0, N:0, P:0, T*:53
CYP2D6:42525035 → A:0, C:0, G*:54, M:0, N:0, P:0, T:0
CYP2D6:42525044 → A:0, C:0, G*:54, M:0, N:0, P:0, T:0
CYP2D6:42525068 → A:0, C:0, G*:56, M:0, N:0, P:0, T:0
CYP2D6:42525131^ → A:0, C*:0, G:51, M^:0, N:0, P:0, T:0
CYP2D6:42525153 → A:0, C*:52, G:0, M:0, N:0, P:0, T:0
CYP2D6:42525215 → A:0, C:0, G*:50, M:0, N:0, P:0, T:0
CYP2D6:42525279 → A:0, C:0, G*:53, M:0, N:0, P:0, T:0
CYP2D6:42525389 → A:0, C:0, G*:48, M:0, N:0, P:0, T:0
CYP2D6:42525423 → A:0, C*:51, G:0, M:0, N:0, P:0, T:0
CYP2D6:42525451 → A:0, C:0, G*:54, M:0, N:0, P:0, T:0
CYP2D6:42525463 → A:0, C*:52, G:0, M:0, N:0, P:0, T:0
CYP2D6:42525514 → A:0, C:0, G:0, M:0, N:0, P:0, T*:48
CYP2D6:42525525 → A:0, C*:50, G:0, M:0, N:0, P:0, T:0
CYP2D6:42525564 → A:0, C*:46, G:0, M:0, N:0, P:0, T:0
CYP2D6:42525615 → A:0, C*:47, G:0, M:0, N:0, P:0, T:0
CYP2D6:42525644 → A:0, C:0, G*:39, M:0, N:0, P:0, T:0
CYP2D6:42525732 → A:0, C:0, G:0, M:0, N:0, P:0, T*:47
CYP2D6:42525755 → A:0, C:0, G*:49, M:0, N:0, P:0, T:0
CYP2D6:42525797 → A:0, C:23, G*:26, M:0, N:0, P:0, T:0
CYP2D6:42525810^ → A:0, C^:19, G:0, M:0, N:0, P:0, T*:23
CYP2D6:42525820^ → A:0, C:0, G*:21, M:0, N:0, P:0, T^:18
CYP2D6:42525951 → A*:0, C:36, G:0, M:0, N:0, P:0, T:0
CYP2D6:42526048 → A:0, C:38, G*:0, M:0, N:0, P:0, T:0
CYP2D6:42526050 → A:0, C:0, G*:38, M:0, N:0, P:0, T:0
CYP2D6:42526369 → A:0, C:0, G*:46, M:0, N:0, P:0, T:0
CYP2D6:42526441 → A*:31, C:0, G:0, M:0, N:0, P:0, T:0
CYP2D6:42526483 → A:35, C*:0, G:0, M:0, N:0, P:0, T:0
CYP2D6:42526523 → A:0, C:0, G*:32, M:0, N:0, P:0, T:0
CYP2D6:42526548 → A:0, C:19, G:0, M:0, N:0, P:0, T*:16
CYP2D6:42526560 → A:0, C:0, G:16, M:0, N:0, P:0, T*:16
CYP2D6:42526561 → A:0, C*:16, G:18, M:0, N:0, P:0, T:0
CYP2D6:42526566 → A*:16, C:0, G:18, M:0, N:0, P:0, T:0
CYP2D6:42526570 → A:0, C:17, G*:16, M:0, N:0, P:0, T:0
CYP2D6:42526572 → A:0, C:0, G*:16, M:0, N:0, P:0, T:21
CYP2D6:42526579 → A:0, C*:19, G:23, M:0, N:0, P:0, T:0
CYP2D6:42526693^ → A^:21, C:0, G*:22, M:0, N:0, P:0, T:0
CYP2D6:42526762^ → A:0, C*:20, G:0, M:0, N:0, P:0, T^:27
CYP2D6:42526930 → A:0, C:0, G:0, M:0, N:0, P:0, T*:51
CYP2D6:42526968 → A:0, C*:52, G:0, M:0, N:0, P:0, T:0
CYP2D6:42526995 → A:0, C:0, G*:58, M:0, N:0, P:0, T:0
CYP2D6:42527017 → A:0, C:0, G:0, M:0, N:0, P:0, T*:66
CYP2D6:42527024 → A:0, C*:62, G:0, M:0, N:0, P:0, T:0
CYP2D6:42527059 → A:0, C*:57, G:0, M:0, N:0, P:0, T:0
CYP2D6:42527060 → A:0, C*:57, G:0, M:0, N:0, P:0, T:0
CYP2D6:42527064 → A:0, C:0, G*:59, M:0, N:0, P:0, T:0
CYP2D6:42527067 → A:0, C:0, G*:63, M:0, N:0, P:0, T:0
CYP2D6:42527068 → A:0, C:0, G*:63, M:0, N:0, P:0, T:0
CYP2D6:42527112 → A:0, C:0, G:0, M:0, N:0, P:0, T*:66
CYP2D6:42527113 → A:0, C:0, G*:67, M:0, N:0, P:0, T:0
CYP2D6:42527115 → A*:66, C:0, G:0, M:0, N:0, P:0, T:0
CYP2D6:42527119 → A:0, C:0, G:0, M:0, N:0, P:0, T*:68
CYP2D6:42527120 → A:0, C:0, G*:65, M:0, N:0, P:0, T:0
CYP2D6:42527123 → A*:66, C:0, G:0, M:0, N:0, P:0, T:0
CYP2D6:42527126 → A:0, C*:67, G:0, M:0, N:0, P:0, T:0
CYP2D6:42527146 → A:0, C:0, G:0, M:0, N:0, P:0, T*:62
CYP2D6:42527186 → A:0, C*:58, G:0, M:0, N:0, P:0, T:0
CYP2D6:42527223 → A:0, C:0, G*:53, M:0, N:0, P:0, T:0
CYP2D6:42527280 → A:0, C:0, G:0, M:0, N:0, P:0, T*:45
CYP2D6:42527470 → A:0, C*:35, G:0, M:0, N:0, P:0, T:35
CYP2D6:42527484 → A:0, C*:69, G:0, M:0, N:0, P:0, T:0
CYP2D6:42527532 → A:26, C:0, G*:22, M:0, N:0, P:0, T:0
CYP2D6:42527541 → A:0, C:0, G:0, M:0, N:0, P:0, T*:45
CYP2D6:42527738 → A:0, C*:42, G:0, M:0, N:0, P:0, T:0
CYP2D6:42527776 → A:0, C*:53, G:0, M:0, N:0, P:0, T:0
CYP2D6:42527792 → A:0, C*:26, G:0, M:0, N:0, P:0, T:31
CYP2D6:42527890 → A:0, C:0, G:0, M:0, N:0, P:0, T*:66
CYP2D6:42528027 → A:0, C:43, G:0, M:0, N:0, P:0, T*:0
CYP2D6:42528095 → A:0, C*:27, G:0, M:0, N:0, P:0, T:0
CYP2D6:42528123 → A:0, C:0, G*:28, M:0, N:0, P:0, T:0
CYP2D6:42528223 → A:20, C:0, G*:18, M:0, N:0, P:0, T:0
CYP2D6:42528381 → A:0, C:22, G*:31, M:0, N:0, P:0, T:0
Step 0: Loss=0.2350, CN=[2.0999167]
Step 100: Loss=0.1571, CN=[2.505889]
Step 200: Loss=0.1571, CN=[2.5039344]
Step 300: Loss=0.1571, CN=[2.5039356]
Step 400: Loss=0.1571, CN=[2.5039356]

=== Fit ===
Region 0: obs=2.589, exp=2.504, diff=+0.085 
Region 1: obs=3.158, exp=2.504, diff=+0.654 *
Region 2: obs=2.143, exp=2.504, diff=-0.361 
Region 3: obs=1.824, exp=2.504, diff=-0.680 *
Region 4: obs=1.959, exp=2.504, diff=-0.545 *
Region 5: obs=2.230, exp=2.504, diff=-0.274 
Region 6: obs=2.403, exp=2.504, diff=-0.101 
Region 7: obs=2.112, exp=2.504, diff=-0.392 
Region 8: obs=2.057, exp=2.504, diff=-0.447 
Region 9: obs=2.472, exp=2.504, diff=-0.032 
Region 10: obs=3.154, exp=2.504, diff=+0.650 *
Region 11: obs=2.716, exp=2.504, diff=+0.212 
Region 12: obs=3.161, exp=2.504, diff=+0.657 *
Region 13: obs=2.856, exp=2.504, diff=+0.352 
Region 14: obs=4.201, exp=2.504, diff=+1.697 *
Region 15: obs=3.015, exp=2.504, diff=+0.511 *
Region 16: obs=2.840, exp=2.504, diff=+0.336 
Region 17: obs=2.414, exp=2.504, diff=-0.090 
Region 18: obs=2.353, exp=2.504, diff=-0.150 
Region 19: obs=2.994, exp=2.504, diff=+0.490 
Region 20: obs=2.161, exp=2.504, diff=-0.343 
Region 21: obs=0.000, exp=2.504, diff=-2.504 *
Region 22: obs=2.220, exp=2.504, diff=-0.284 

[Gene CN Results]
  CYP2D6: 2.50 → 2.5039355754852295

=== CYP2D6 Fusion Template CN Estimation ===

Using CN configs: ['1', '68.001', '141.1001']

Region coverage:
  up: 2.6
  utr5: 3.2
  e1: 2.1
  i1: 1.8
  e2: 2.0
  i2: 2.2
  e3: 2.4
  i3: 2.1
  e4: 2.1
  i4: 2.5
  e5: 3.2
  i5: 2.7
  e6: 3.2
  i6: 2.9
  e7: 4.2
  i7: 3.0
  e8: 2.8
  i8: 2.4
  e9: 2.4
  utr3: 3.0
  ins: 2.2
  pce: 0.0
  rep: 2.2
  e1_2d7: 0.0
  e2_2d7: 0.1
  e3_2d7: 0.9
  e5_2d7: 0.8
  e6_2d7: 0.4
  e9_2d7: 0.6
  pce_2d7: 0.0

CN configs: ['1', '68.001', '141.1001']
PCE contributions: {'1': tensor(0.), '68.001': tensor(1.), '141.1001': tensor(1.)}
Gene CN: 2.50 → required total: 2
Respect gene CN constraint: True
Enumerating configurations that sum to 2...
Evaluated 6 configurations

Top 5 configurations:
  1. loss=10.78: 1:2
  2. loss=17.64: 1:1, 141.1001:1
  3. loss=34.99: 141.1001:2
  4. loss=39.46: 1:1, 68.001:1
  5. loss=56.81: 68.001:1, 141.1001:1

Best CN assignment (loss=10.78):
  1: 2
  Total: 2

Fit comparison:
  up: obs=2.6, exp=2.0, diff=+0.6
  utr5: obs=3.2, exp=2.0, diff=+1.2
  e1: obs=2.1, exp=2.0, diff=+0.1
  i1: obs=1.8, exp=2.0, diff=-0.2
  e2: obs=2.0, exp=2.0, diff=-0.0
  i2: obs=2.2, exp=2.0, diff=+0.2
  e3: obs=2.4, exp=2.0, diff=+0.4
  i3: obs=2.1, exp=2.0, diff=+0.1
  e4: obs=2.1, exp=2.0, diff=+0.1
  i4: obs=2.5, exp=2.0, diff=+0.5
  e5: obs=3.2, exp=2.0, diff=+1.2
  i5: obs=2.7, exp=2.0, diff=+0.7
  e6: obs=3.2, exp=2.0, diff=+1.2
  i6: obs=2.9, exp=2.0, diff=+0.9
  e7: obs=4.2, exp=2.0, diff=+2.2
  i7: obs=3.0, exp=2.0, diff=+1.0
  e8: obs=2.8, exp=2.0, diff=+0.8
  i8: obs=2.4, exp=2.0, diff=+0.4
  e9: obs=2.4, exp=2.0, diff=+0.4
  utr3: obs=3.0, exp=2.0, diff=+1.0
  ins: obs=2.2, exp=2.0, diff=+0.2
  pce: obs=0.0, exp=0.0, diff=+0.0
  rep: obs=2.2, exp=2.0, diff=+0.2
  e1_2d7: obs=0.0, exp=0.0, diff=+0.0
  e2_2d7: obs=0.1, exp=0.0, diff=+0.1
  e3_2d7: obs=0.9, exp=0.0, diff=+0.9
  e5_2d7: obs=0.8, exp=0.0, diff=+0.8
  e6_2d7: obs=0.4, exp=0.0, diff=+0.4
  e9_2d7: obs=0.6, exp=0.0, diff=+0.6
  pce_2d7: obs=0.0, exp=0.0, diff=+0.0

[Selected CN Configs] 1:2
  Total CYP2D6 CN: 2

[Filtering alleles by cn_config]

Kept alleles by cn_config:
  1: 11 major alleles
    *10.001, *160.001, *2.001, *35.001, *39.001, *4.001, *4.003, *4.010, *4.021, *4.2021 ... +1 more

  Filtered: 0 alleles
  Kept: 70 alleles

[Updating N variant counts for deleted regions]
  Total updated: 0 positions

[Rebuilding allele vectors for fusion cn_configs]
Using device: cuda
num_sparse_entries: 8120
max sparse_flat_index: 56839
expected max: 56839

=== Running VAE with seed 42 ===
Global Pooled JS: 0.052314
Seed 42, Step    0: Loss = 1709.85 (Recon: 1241.34, Allele KL: 187.17, Base KL: 206235.12, Functional KL: 0.05
Global Pooled JS: 0.023214
Seed 42, Step  500: Loss = 978.40 (Recon: 829.29, Allele KL: 60.39, Base KL: 36367.76, Functional KL: 0.02
Global Pooled JS: 0.023276
Seed 42, Step 1000: Loss = 976.76 (Recon: 828.20, Allele KL: 62.23, Base KL: 36032.07, Functional KL: 0.02
Global Pooled JS: 0.025852
Seed 42, Step 1500: Loss = 982.19 (Recon: 831.60, Allele KL: 64.65, Base KL: 36566.89, Functional KL: 0.03
Global Pooled JS: 0.024356
Seed 42, Step 2000: Loss = 987.34 (Recon: 846.44, Allele KL: 49.68, Base KL: 36866.14, Functional KL: 0.02
Global Pooled JS: 0.024867
Seed 42, Step 2500: Loss = 979.07 (Recon: 837.14, Allele KL: 48.12, Base KL: 35962.99, Functional KL: 0.02

Top Variants with Coverage Mismatches:
Rank   Variant                        Expected     Observed     Diff       |Div|       
------------------------------------------------------------------------------------------
1      CYP2D6:42523527→C              29.40        80.00        -50.60     0.010714    
2      CYP2D6:42524946→C              28.82        14.00        14.82      0.002516    
3      CYP2D6:42523942→G              25.95        38.00        -12.05     0.000946    
4      CYP2D6:42525820→G              28.97        21.00        7.97       0.000651    
5      CYP2D6:42522915→C              54.18        68.00        -13.82     0.000606    
6      CYP2D6:42525820→T              24.40        18.00        6.40       0.000498    
7      CYP2D6:42526762→C              26.67        20.00        6.67       0.000494    
8      CYP2D6:42526693→G              28.59        22.00        6.59       0.000450    
9      CYP2D6:42525810→T              28.94        23.00        5.94       0.000363    
10     CYP2D6:42525810→C              24.43        19.00        5.43       0.000359    
11     CYP2D6:42522612→G              52.35        61.00        -8.65      0.000234    
12     CYP2D6:42522612→A              0.31         0.00         0.31       0.000198    
13     CYP2D6:42522612→C              0.31         0.00         0.31       0.000198    
14     CYP2D6:42522612→T              0.31         0.00         0.31       0.000198    
15     CYP2D6:42522612→N              0.31         0.00         0.31       0.000198    
16     CYP2D6:42522612→M              0.31         0.00         0.31       0.000196    
17     CYP2D6:42522612→P              0.30         0.00         0.30       0.000194    
18     CYP2D6:42526693→A              24.78        21.00        3.78       0.000176    
19     CYP2D6:42524946→T              24.56        21.00        3.56       0.000159    
20     CYP2D6:42523942→A              27.33        24.00        3.33       0.000129    
21     CYP2D6:42523942→C              0.19         0.00         0.19       0.000121    
22     CYP2D6:42523942→N              0.18         0.00         0.18       0.000118    
23     CYP2D6:42523942→T              0.18         0.00         0.18       0.000117    
24     CYP2D6:42523942→P              0.18         0.00         0.18       0.000116    
25     CYP2D6:42523942→M              0.18         0.00         0.18       0.000115    
26     CYP2D6:42525820→C              0.17         0.00         0.17       0.000110    
27     CYP2D6:42526762→M              0.17         0.00         0.17       0.000110    
28     CYP2D6:42526762→N              0.17         0.00         0.17       0.000108    
29     CYP2D6:42526693→M              0.17         0.00         0.17       0.000108    
30     CYP2D6:42526693→C              0.17         0.00         0.17       0.000108    
31     CYP2D6:42526762→G              0.17         0.00         0.17       0.000107    
32     CYP2D6:42525820→A              0.17         0.00         0.17       0.000107    
33     CYP2D6:42525810→A              0.17         0.00         0.17       0.000107    
34     CYP2D6:42525820→N              0.17         0.00         0.17       0.000107    
35     CYP2D6:42524946→M              0.17         0.00         0.17       0.000107    
36     CYP2D6:42526762→A              0.17         0.00         0.17       0.000106    
37     CYP2D6:42525810→G              0.17         0.00         0.17       0.000106    
38     CYP2D6:42526762→P              0.17         0.00         0.17       0.000106    
39     CYP2D6:42526693→T              0.17         0.00         0.17       0.000106    
40     CYP2D6:42526693→P              0.16         0.00         0.16       0.000105    
41     CYP2D6:42525810→N              0.16         0.00         0.16       0.000105    
42     CYP2D6:42524946→P              0.16         0.00         0.16       0.000105    
43     CYP2D6:42524946→N              0.16         0.00         0.16       0.000105    
44     CYP2D6:42525820→P              0.16         0.00         0.16       0.000105    
45     CYP2D6:42523527→A              0.16         0.00         0.16       0.000105    
46     CYP2D6:42523527→N              0.16         0.00         0.16       0.000104    
47     CYP2D6:42524946→G              0.16         0.00         0.16       0.000104    
48     CYP2D6:42525820→M              0.16         0.00         0.16       0.000104    
49     CYP2D6:42525810→M              0.16         0.00         0.16       0.000104    
50     CYP2D6:42523527→P              0.16         0.00         0.16       0.000103    
51     CYP2D6:42523527→M              0.16         0.00         0.16       0.000103    
52     CYP2D6:42526693→N              0.16         0.00         0.16       0.000103    
53     CYP2D6:42523527→G              0.16         0.00         0.16       0.000103    
54     CYP2D6:42525810→P              0.16         0.00         0.16       0.000102    
55     CYP2D6:42524946→A              0.16         0.00         0.16       0.000102    
56     CYP2D6:42525131→G              54.20        51.00        3.20       0.000075    
57     CYP2D6:42522915→G              0.02         0.00         0.02       0.000014    
58     CYP2D6:42523527→T              23.99        24.00        -0.01      0.000002    
59     CYP2D6:42526762→T              26.69        27.00        -0.31      0.000000    
60     CYP2D6:42522915→A              0.00         0.00         0.00       0.000000    
61     CYP2D6:42522915→M              0.00         0.00         0.00       0.000000    
62     CYP2D6:42522915→N              0.00         0.00         0.00       0.000000    
63     CYP2D6:42522915→P              0.00         0.00         0.00       0.000000    
64     CYP2D6:42522915→T              0.00         0.00         0.00       0.000000    
65     CYP2D6:42525131→A              0.00         0.00         0.00       0.000000    
66     CYP2D6:42525131→C              0.00         0.00         0.00       0.000000    
67     CYP2D6:42525131→M              0.00         0.00         0.00       0.000000    
68     CYP2D6:42525131→N              0.00         0.00         0.00       0.000000    
69     CYP2D6:42525131→P              0.00         0.00         0.00       0.000000    
70     CYP2D6:42525131→T              0.00         0.00         0.00       0.000000    
New best model with final loss: 969.71

=== Running VAE with seed 123 ===
Global Pooled JS: 0.118176
Seed 123, Step    0: Loss = 3262.82 (Recon: 2447.64, Allele KL: 441.29, Base KL: 316790.44, Functional KL: 0.12
Global Pooled JS: 0.023546
Seed 123, Step  500: Loss = 1039.72 (Recon: 873.69, Allele KL: 78.96, Base KL: 25462.57, Functional KL: 0.02
Global Pooled JS: 0.023761
Seed 123, Step 1000: Loss = 1033.99 (Recon: 878.85, Allele KL: 62.04, Base KL: 25420.62, Functional KL: 0.02
Global Pooled JS: 0.023655
Seed 123, Step 1500: Loss = 1040.93 (Recon: 886.15, Allele KL: 68.20, Base KL: 25618.57, Functional KL: 0.02
Global Pooled JS: 0.021222
Seed 123, Step 2000: Loss = 1021.78 (Recon: 865.34, Allele KL: 63.84, Base KL: 25484.40, Functional KL: 0.02
Global Pooled JS: 0.021365
Seed 123, Step 2500: Loss = 1031.95 (Recon: 879.23, Allele KL: 56.94, Base KL: 25246.81, Functional KL: 0.02

Top Variants with Coverage Mismatches:
Rank   Variant                        Expected     Observed     Diff       |Div|       
------------------------------------------------------------------------------------------
1      CYP2D6:42523527→C              42.31        80.00        -37.69     0.005090    
2      CYP2D6:42525820→G              39.05        21.00        18.05      0.002670    
3      CYP2D6:42524946→C              27.01        14.00        13.01      0.002028    
4      CYP2D6:42523527→T              11.51        24.00        -12.49     0.001951    
5      CYP2D6:42526762→C              29.02        20.00        9.02       0.000840    
6      CYP2D6:42523942→G              27.89        38.00        -10.11     0.000631    
7      CYP2D6:42522915→C              54.16        68.00        -13.84     0.000607    
8      CYP2D6:42525810→C              25.99        19.00        6.99       0.000558    
9      CYP2D6:42526693→A              26.53        21.00        5.53       0.000342    
10     CYP2D6:42524946→T              26.21        21.00        5.21       0.000309    
11     CYP2D6:42526693→G              26.67        22.00        4.67       0.000246    
12     CYP2D6:42522612→G              52.17        61.00        -8.83      0.000246    
13     CYP2D6:42522612→N              0.34         0.00         0.34       0.000220    
14     CYP2D6:42522612→P              0.34         0.00         0.34       0.000220    
15     CYP2D6:42522612→T              0.34         0.00         0.34       0.000216    
16     CYP2D6:42522612→M              0.34         0.00         0.34       0.000215    
17     CYP2D6:42522612→C              0.34         0.00         0.34       0.000215    
18     CYP2D6:42522612→A              0.33         0.00         0.33       0.000212    
19     CYP2D6:42525810→T              27.23        23.00        4.23       0.000201    
20     CYP2D6:42525820→T              14.65        18.00        -3.35      0.000131    
21     CYP2D6:42526693→T              0.20         0.00         0.20       0.000129    
22     CYP2D6:42526693→M              0.20         0.00         0.20       0.000128    
23     CYP2D6:42526693→P              0.20         0.00         0.20       0.000128    
24     CYP2D6:42526693→N              0.20         0.00         0.20       0.000128    
25     CYP2D6:42525810→M              0.20         0.00         0.20       0.000126    
26     CYP2D6:42524946→G              0.20         0.00         0.20       0.000126    
27     CYP2D6:42525810→N              0.20         0.00         0.20       0.000126    
28     CYP2D6:42525810→P              0.20         0.00         0.20       0.000125    
29     CYP2D6:42526693→C              0.20         0.00         0.20       0.000125    
30     CYP2D6:42524946→A              0.20         0.00         0.20       0.000125    
31     CYP2D6:42524946→N              0.20         0.00         0.20       0.000125    
32     CYP2D6:42524946→P              0.20         0.00         0.20       0.000125    
33     CYP2D6:42524946→M              0.19         0.00         0.19       0.000124    
34     CYP2D6:42525810→A              0.19         0.00         0.19       0.000124    
35     CYP2D6:42525810→G              0.19         0.00         0.19       0.000123    
36     CYP2D6:42523942→M              0.18         0.00         0.18       0.000116    
37     CYP2D6:42523942→T              0.18         0.00         0.18       0.000115    
38     CYP2D6:42523942→N              0.18         0.00         0.18       0.000115    
39     CYP2D6:42523942→P              0.17         0.00         0.17       0.000111    
40     CYP2D6:42523942→C              0.17         0.00         0.17       0.000111    
41     CYP2D6:42526762→M              0.15         0.00         0.15       0.000094    
42     CYP2D6:42526762→G              0.15         0.00         0.15       0.000094    
43     CYP2D6:42526762→P              0.15         0.00         0.15       0.000093    
44     CYP2D6:42526762→A              0.14         0.00         0.14       0.000092    
45     CYP2D6:42526762→N              0.14         0.00         0.14       0.000090    
46     CYP2D6:42525131→G              54.20        51.00        3.20       0.000075    
47     CYP2D6:42525820→N              0.10         0.00         0.10       0.000065    
48     CYP2D6:42525820→M              0.10         0.00         0.10       0.000065    
49     CYP2D6:42525820→P              0.10         0.00         0.10       0.000062    
50     CYP2D6:42525820→C              0.10         0.00         0.10       0.000062    
51     CYP2D6:42525820→A              0.10         0.00         0.10       0.000062    
52     CYP2D6:42523527→G              0.08         0.00         0.08       0.000050    
53     CYP2D6:42523527→N              0.08         0.00         0.08       0.000049    
54     CYP2D6:42523527→M              0.08         0.00         0.08       0.000049    
55     CYP2D6:42523527→P              0.07         0.00         0.07       0.000048    
56     CYP2D6:42523527→A              0.07         0.00         0.07       0.000047    
57     CYP2D6:42526762→T              24.45        27.00        -2.55      0.000038    
58     CYP2D6:42523942→A              25.42        24.00        1.42       0.000033    
59     CYP2D6:42522915→G              0.04         0.00         0.04       0.000026    
60     CYP2D6:42522915→A              0.00         0.00         0.00       0.000000    
61     CYP2D6:42522915→M              0.00         0.00         0.00       0.000000    
62     CYP2D6:42522915→N              0.00         0.00         0.00       0.000000    
63     CYP2D6:42522915→P              0.00         0.00         0.00       0.000000    
64     CYP2D6:42522915→T              0.00         0.00         0.00       0.000000    
65     CYP2D6:42525131→A              0.00         0.00         0.00       0.000000    
66     CYP2D6:42525131→C              0.00         0.00         0.00       0.000000    
67     CYP2D6:42525131→M              0.00         0.00         0.00       0.000000    
68     CYP2D6:42525131→N              0.00         0.00         0.00       0.000000    
69     CYP2D6:42525131→P              0.00         0.00         0.00       0.000000    
70     CYP2D6:42525131→T              0.00         0.00         0.00       0.000000    

=== Running VAE with seed 456 ===
Global Pooled JS: 0.064278
Seed 456, Step    0: Loss = 2171.62 (Recon: 1519.71, Allele KL: 326.71, Base KL: 246552.27, Functional KL: 0.06
Global Pooled JS: 0.025043
Seed 456, Step  500: Loss = 1046.85 (Recon: 889.25, Allele KL: 71.38, Base KL: 33050.80, Functional KL: 0.03
Global Pooled JS: 0.022694
Seed 456, Step 1000: Loss = 1037.49 (Recon: 896.92, Allele KL: 43.12, Base KL: 35749.07, Functional KL: 0.02
Global Pooled JS: 0.023756
Seed 456, Step 1500: Loss = 1034.78 (Recon: 886.44, Allele KL: 62.61, Base KL: 35563.62, Functional KL: 0.02
Global Pooled JS: 0.024824
Seed 456, Step 2000: Loss = 1030.40 (Recon: 882.59, Allele KL: 58.72, Base KL: 37396.74, Functional KL: 0.02
Global Pooled JS: 0.025575
Seed 456, Step 2500: Loss = 1029.45 (Recon: 890.29, Allele KL: 45.90, Base KL: 36295.89, Functional KL: 0.03

Top Variants with Coverage Mismatches:
Rank   Variant                        Expected     Observed     Diff       |Div|       
------------------------------------------------------------------------------------------
1      CYP2D6:42523527→C              27.33        80.00        -52.67     0.011925    
2      CYP2D6:42524946→C              26.55        14.00        12.55      0.001909    
3      CYP2D6:42526762→C              29.32        20.00        9.32       0.000890    
4      CYP2D6:42525820→T              26.50        18.00        8.50       0.000819    
5      CYP2D6:42525810→C              26.56        19.00        7.56       0.000641    
6      CYP2D6:42522915→C              54.17        68.00        -13.83     0.000606    
7      CYP2D6:42523942→G              28.30        38.00        -9.70      0.000573    
8      CYP2D6:42526693→A              27.06        21.00        6.06       0.000403    
9      CYP2D6:42524946→T              26.79        21.00        5.79       0.000371    
10     CYP2D6:42525820→G              26.76        21.00        5.76       0.000368    
11     CYP2D6:42522612→G              52.23        61.00        -8.77      0.000242    
12     CYP2D6:42522612→P              0.33         0.00         0.33       0.000212    
13     CYP2D6:42522612→N              0.33         0.00         0.33       0.000211    
14     CYP2D6:42522612→C              0.33         0.00         0.33       0.000210    
15     CYP2D6:42522612→T              0.33         0.00         0.33       0.000210    
16     CYP2D6:42526693→G              26.25        22.00        4.25       0.000208    
17     CYP2D6:42522612→A              0.32         0.00         0.32       0.000207    
18     CYP2D6:42522612→M              0.32         0.00         0.32       0.000206    
19     CYP2D6:42525810→T              26.72        23.00        3.72       0.000160    
20     CYP2D6:42523527→M              0.19         0.00         0.19       0.000122    
21     CYP2D6:42525820→C              0.19         0.00         0.19       0.000122    
22     CYP2D6:42525820→M              0.19         0.00         0.19       0.000122    
23     CYP2D6:42525820→P              0.19         0.00         0.19       0.000121    
24     CYP2D6:42523527→P              0.19         0.00         0.19       0.000120    
25     CYP2D6:42523527→G              0.19         0.00         0.19       0.000119    
26     CYP2D6:42525810→N              0.19         0.00         0.19       0.000119    
27     CYP2D6:42525810→G              0.19         0.00         0.19       0.000119    
28     CYP2D6:42525820→A              0.18         0.00         0.18       0.000118    
29     CYP2D6:42523527→N              0.18         0.00         0.18       0.000117    
30     CYP2D6:42525810→M              0.18         0.00         0.18       0.000117    
31     CYP2D6:42523527→A              0.18         0.00         0.18       0.000116    
32     CYP2D6:42526693→P              0.18         0.00         0.18       0.000116    
33     CYP2D6:42525820→N              0.18         0.00         0.18       0.000116    
34     CYP2D6:42525810→P              0.18         0.00         0.18       0.000116    
35     CYP2D6:42526693→C              0.18         0.00         0.18       0.000115    
36     CYP2D6:42525810→A              0.18         0.00         0.18       0.000115    
37     CYP2D6:42526693→N              0.18         0.00         0.18       0.000114    
38     CYP2D6:42526693→T              0.18         0.00         0.18       0.000113    
39     CYP2D6:42524946→G              0.18         0.00         0.18       0.000112    
40     CYP2D6:42523942→T              0.17         0.00         0.17       0.000111    
41     CYP2D6:42524946→N              0.17         0.00         0.17       0.000111    
42     CYP2D6:42524946→M              0.17         0.00         0.17       0.000111    
43     CYP2D6:42523942→P              0.17         0.00         0.17       0.000111    
44     CYP2D6:42526693→M              0.17         0.00         0.17       0.000110    
45     CYP2D6:42524946→P              0.17         0.00         0.17       0.000109    
46     CYP2D6:42524946→A              0.17         0.00         0.17       0.000109    
47     CYP2D6:42523942→M              0.17         0.00         0.17       0.000108    
48     CYP2D6:42523942→N              0.17         0.00         0.17       0.000108    
49     CYP2D6:42523942→C              0.17         0.00         0.17       0.000107    
50     CYP2D6:42526762→M              0.15         0.00         0.15       0.000095    
51     CYP2D6:42526762→N              0.15         0.00         0.15       0.000095    
52     CYP2D6:42526762→G              0.15         0.00         0.15       0.000095    
53     CYP2D6:42526762→P              0.15         0.00         0.15       0.000095    
54     CYP2D6:42526762→A              0.15         0.00         0.15       0.000093    
55     CYP2D6:42525131→G              54.20        51.00        3.20       0.000075    
56     CYP2D6:42523527→T              25.94        24.00        1.94       0.000053    
57     CYP2D6:42526762→T              24.13        27.00        -2.87      0.000051    
58     CYP2D6:42523942→A              25.05        24.00        1.05       0.000021    
59     CYP2D6:42522915→G              0.02         0.00         0.02       0.000016    
60     CYP2D6:42522915→A              0.00         0.00         0.00       0.000000    
61     CYP2D6:42522915→M              0.00         0.00         0.00       0.000000    
62     CYP2D6:42522915→N              0.00         0.00         0.00       0.000000    
63     CYP2D6:42522915→P              0.00         0.00         0.00       0.000000    
64     CYP2D6:42522915→T              0.00         0.00         0.00       0.000000    
65     CYP2D6:42525131→A              0.00         0.00         0.00       0.000000    
66     CYP2D6:42525131→C              0.00         0.00         0.00       0.000000    
67     CYP2D6:42525131→M              0.00         0.00         0.00       0.000000    
68     CYP2D6:42525131→N              0.00         0.00         0.00       0.000000    
69     CYP2D6:42525131→P              0.00         0.00         0.00       0.000000    
70     CYP2D6:42525131→T              0.00         0.00         0.00       0.000000    

=== Multi-Seed VAE Results ===
Best model had seed 42 with final loss: 969.71
All seeds final losses:
  Seed 42: Total=969.71 (Recon=826.79, A_KL=52.94, B_KL=36356.90) <- Best
  Seed 123: Total=1024.93 (Recon=872.16, A_KL=59.04, B_KL=26507.75)
  Seed 456: Total=1038.61 (Recon=898.09, A_KL=48.93, B_KL=35845.78)

[Raw]:
CYP2D6*35: Normalized=0.5112, Unnormalized=0.51
CYP2D6*4: Normalized=0.4714, Unnormalized=0.47

Allocating by cn_config:

[Alleles]
CYP2D6*35
CYP2D6*4
	Command being timed: "python /home/qinghuiz/aidy/push/Neretva/neretva/cyp.py CYP2D6 /project/shared/aldy-data/wgs/NA12003.wgs.cram"
	User time (seconds): 315.73
	System time (seconds): 61.67
	Percent of CPU this job got: 101%
	Elapsed (wall clock) time (h:mm:ss or m:ss): 6:12.73
	Average shared text size (kbytes): 0
	Average unshared data size (kbytes): 0
	Average stack size (kbytes): 0
	Average total size (kbytes): 0
	Maximum resident set size (kbytes): 2855844
	Average resident set size (kbytes): 0
	Major (requiring I/O) page faults: 0
	Minor (reclaiming a frame) page faults: 930364
	Voluntary context switches: 26900
	Involuntary context switches: 4654
	Swaps: 0
	File system inputs: 0
	File system outputs: 120
	Socket messages sent: 0
	Socket messages received: 0
	Signals delivered: 0
	Page size (bytes): 4096
	Exit status: 0
