2026-03-11 05:55:32.289512: I tensorflow/core/util/port.cc:111] oneDNN custom operations are on. You may see slightly different numerical results due to floating-point round-off errors from different computation orders. To turn them off, set the environment variable `TF_ENABLE_ONEDNN_OPTS=0`.
2026-03-11 05:55:32.328401: E tensorflow/compiler/xla/stream_executor/cuda/cuda_dnn.cc:9342] Unable to register cuDNN factory: Attempting to register factory for plugin cuDNN when one has already been registered
2026-03-11 05:55:32.328489: E tensorflow/compiler/xla/stream_executor/cuda/cuda_fft.cc:609] Unable to register cuFFT factory: Attempting to register factory for plugin cuFFT when one has already been registered
2026-03-11 05:55:32.328543: E tensorflow/compiler/xla/stream_executor/cuda/cuda_blas.cc:1518] Unable to register cuBLAS factory: Attempting to register factory for plugin cuBLAS when one has already been registered
2026-03-11 05:55:32.337244: I tensorflow/core/platform/cpu_feature_guard.cc:182] This TensorFlow binary is optimized to use available CPU instructions in performance-critical operations.
To enable the following instructions: AVX2 AVX512F AVX512_VNNI FMA, in other operations, rebuild TensorFlow with the appropriate compiler flags.
AttributeError: 'MessageFactory' object has no attribute 'GetPrototype'
2026-03-11 05:55:33.416191: W tensorflow/compiler/tf2tensorrt/utils/py_utils.cc:38] TF-TRT Warning: Could not find TensorRT
AttributeError: 'MessageFactory' object has no attribute 'GetPrototype'
[info] total indices 2506
[info] total variants 2506
2.001 was filtered out as 42523942 G>A needs A but not covered
2.002 was filtered out as 42523942 G>A needs A but not covered
2.003 was filtered out as 42523942 G>A needs A but not covered
2.004 was filtered out as 42523942 G>A needs A but not covered
2.005 was filtered out as 42523942 G>A needs A but not covered
2.006 was filtered out as 42523942 G>A needs A but not covered
2.007 was filtered out as 42523942 G>A needs A but not covered
2.008 was filtered out as 42523942 G>A needs A but not covered
2.009 was filtered out as 42523942 G>A needs A but not covered
2.010 was filtered out as 42523942 G>A needs A but not covered
2.011 was filtered out as 42523942 G>A needs A but not covered
2.012 was filtered out as 42523942 G>A needs A but not covered
2.013 was filtered out as 42523942 G>A needs A but not covered
2.014 was filtered out as 42523942 G>A needs A but not covered
2.015 was filtered out as 42523942 G>A needs A but not covered
2.016 was filtered out as 42523942 G>A needs A but not covered
2.017 was filtered out as 42523942 G>A needs A but not covered
2.018 was filtered out as 42523942 G>A needs A but not covered
2.019 was filtered out as 42523942 G>A needs A but not covered
2.020 was filtered out as 42523942 G>A needs A but not covered
2.021 was filtered out as 42523942 G>A needs A but not covered
2.022 was filtered out as 42523942 G>A needs A but not covered
2.023 was filtered out as 42523942 G>A needs A but not covered
2.024 was filtered out as 42523942 G>A needs A but not covered
2.025 was filtered out as 42523942 G>A needs A but not covered
2.026 was filtered out as 42523942 G>A needs A but not covered
2.027 was filtered out as 42523942 G>A needs A but not covered
2.028 was filtered out as 42523942 G>A needs A but not covered
2.030 was filtered out as 42523942 G>A needs A but not covered
3.001 was filtered out as 42524243 delT needs N but not covered
3.002 was filtered out as 42524243 delT needs N but not covered
4.007 was filtered out as 42523854 G>A needs A but not covered
4.010 was filtered out as 42523942 G>A needs A but not covered
4.013 was filtered out as 42522664 G>C needs C but not covered
4.027 was filtered out as 42524212 C>T needs T but not covered
4.028 was filtered out as 42522723 G>T needs T but not covered
6.001 was filtered out as 42525085 delA needs N but not covered
6.002 was filtered out as 42525085 delA needs N but not covered
6.005 was filtered out as 42525085 delA needs N but not covered
6.006 was filtered out as 42525085 delA needs N but not covered
6.003 was filtered out as 42525085 delA needs N but not covered
6.004 was filtered out as 42525085 delA needs N but not covered
7.001 was filtered out as 42523857 T>G needs G but not covered
8.001 was filtered out as 42523942 G>A needs A but not covered
9.001 was filtered out as 42524175 delCTT needs N but not covered
9.002 was filtered out as 42524175 delCTT needs N but not covered
11.001 was filtered out as 42523942 G>A needs A but not covered
12.001 was filtered out as 42523942 G>A needs A but not covered
12.002 was filtered out as 42523942 G>A needs A but not covered
14.001 was filtered out as 42523942 G>A needs A but not covered
15.001 was filtered out as 42526655 insA needs P but not covered
15.002 was filtered out as 42526655 insA needs P but not covered
15.003 was filtered out as 42526655 insA needs P but not covered
17.001 was filtered out as 42523942 G>A needs A but not covered
17.002 was filtered out as 42523942 G>A needs A but not covered
17.003 was filtered out as 42523942 G>A needs A but not covered
17.004 was filtered out as 42523942 G>A needs A but not covered
17.005 was filtered out as 42523942 G>A needs A but not covered
17.006 was filtered out as 42523942 G>A needs A but not covered
18.001 was filtered out as 42522657 insCAGTGGGCA needs P but not covered
19.001 was filtered out as 42523942 G>A needs A but not covered
20.001 was filtered out as 42523942 G>A needs A but not covered
21.001 was filtered out as 42523942 G>A needs A but not covered
21.002 was filtered out as 42523942 G>A needs A but not covered
22.001 was filtered out as 42526711 G>A needs A but not covered
23.001 was filtered out as 42525837 G>A needs A but not covered
24.001 was filtered out as 42523939 T>G needs G but not covered
25.001 was filtered out as 42523594 G>C needs C but not covered
26.001 was filtered out as 42523515 A>G needs G but not covered
27.001 was filtered out as 42522939 C>T needs T but not covered
28.001 was filtered out as 42523942 G>A needs A but not covered
28.002 was filtered out as 42523942 G>A needs A but not covered
29.001 was filtered out as 42523942 G>A needs A but not covered
30.001 was filtered out as 42523942 G>A needs A but not covered
31.001 was filtered out as 42523942 G>A needs A but not covered
32.001 was filtered out as 42523942 G>A needs A but not covered
33.001 was filtered out as 42524309 C>A needs A but not covered
33.002 was filtered out as 42524309 C>A needs A but not covered
34.001 was filtered out as 42523942 G>A needs A but not covered
35.001 was filtered out as 42523942 G>A needs A but not covered
35.002 was filtered out as 42523942 G>A needs A but not covered
35.003 was filtered out as 42523942 G>A needs A but not covered
35.004 was filtered out as 42523942 G>A needs A but not covered
35.005 was filtered out as 42523942 G>A needs A but not covered
35.006 was filtered out as 42523942 G>A needs A but not covered
35.007 was filtered out as 42523942 G>A needs A but not covered
36.001 was filtered out as 42522664 G>C needs C but not covered
36.002 was filtered out as 42522664 G>C needs C but not covered
36.003 was filtered out as 42522664 G>C needs C but not covered
36.004 was filtered out as 42522664 G>C needs C but not covered
37.001 was filtered out as 42524849 C>T needs T but not covered
38.001 was filtered out as 42524200 delTCAG needs N but not covered
40.001 was filtered out as 42523942 G>A needs A but not covered
41.001 was filtered out as 42523942 G>A needs A but not covered
41.002 was filtered out as 42523942 G>A needs A but not covered
41.003 was filtered out as 42523942 G>A needs A but not covered
41.004 was filtered out as 42523942 G>A needs A but not covered
41.005 was filtered out as 42523942 G>A needs A but not covered
42.001 was filtered out as 42523942 G>A needs A but not covered
43.001 was filtered out as 42526716 C>T needs T but not covered
43.002 was filtered out as 42526716 C>T needs T but not covered
44.001 was filtered out as 42526711 G>A needs A but not covered
45.001 was filtered out as 42523942 G>A needs A but not covered
45.002 was filtered out as 42523942 G>A needs A but not covered
45.003 was filtered out as 42523942 G>A needs A but not covered
45.004 was filtered out as 42523942 G>A needs A but not covered
46.001 was filtered out as 42523942 G>A needs A but not covered
46.002 was filtered out as 42523942 G>A needs A but not covered
46.003 was filtered out as 42523942 G>A needs A but not covered
47.001 was filtered out as 42526720 G>A needs A but not covered
48.001 was filtered out as 42525822 G>A needs A but not covered
49.001 was filtered out as 42525181 A>T needs T but not covered
50.001 was filtered out as 42525072 T>G needs G but not covered
51.001 was filtered out as 42523942 G>A needs A but not covered
52.001 was filtered out as 42522915 C>T needs T but not covered
52.002 was filtered out as 42522915 C>T needs T but not covered
53.001 was filtered out as 42525181 A>T needs T but not covered
54.001 was filtered out as 42524236 G>A needs A but not covered
55.001 was filtered out as 42523942 G>A needs A but not covered
56.001 was filtered out as 42523942 G>A needs A but not covered
56.002 was filtered out as 42523591 G>A needs A but not covered
56.003 was filtered out as 42523591 G>A needs A but not covered
57.001 was filtered out as 42522664 G>C needs C but not covered
57.1001 was filtered out as 42525907 G>A needs A but not covered
58.001 was filtered out as 42523942 G>A needs A but not covered
59.001 was filtered out as 42523942 G>A needs A but not covered
60.001 was filtered out as 42524904 insTA needs P but not covered
62.001 was filtered out as 42522748 G>A needs A but not covered
63.001 was filtered out as 42523942 G>A needs A but not covered
64.001 was filtered out as 42525771 G>A needs A but not covered
65.001 was filtered out as 42523942 G>A needs A but not covered
69.001 was filtered out as 42523942 G>A needs A but not covered
70.001 was filtered out as 42525131 C.C>G.T needs M but not covered
71.001 was filtered out as 42526668 C>T needs T but not covered
71.002 was filtered out as 42526668 C>T needs T but not covered
71.003 was filtered out as 42526668 C>T needs T but not covered
72.001 was filtered out as 42523474 C>T needs T but not covered
73.001 was filtered out as 42523942 G>A needs A but not covered
75.001 was filtered out as 42522747 C>T needs T but not covered
75.002 was filtered out as 42522747 C>T needs T but not covered
81.001 was filtered out as 42524213 G>A needs A but not covered
82.001 was filtered out as 42525780 A>G needs G but not covered
83.001 was filtered out as 42522664 G>C needs C but not covered
83.002 was filtered out as 42522664 G>C needs C but not covered
83.003 was filtered out as 42522664 G>C needs C but not covered
84.001 was filtered out as 42523942 G>A needs A but not covered
84.002 was filtered out as 42523942 G>A needs A but not covered
85.001 was filtered out as 42523942 G>A needs A but not covered
86.001 was filtered out as 42524186 C>T needs T but not covered
87.001 was filtered out as 42526779 G>A needs A but not covered
88.001 was filtered out as 42525780 A>G needs G but not covered
89.001 was filtered out as 42525114 A>G needs G but not covered
90.001 was filtered out as 42525099 T>C needs C but not covered
91.001 was filtered out as 42523942 G>A needs A but not covered
92.001 was filtered out as 42524797 delG needs N but not covered
93.001 was filtered out as 42524273 T>G needs G but not covered
94.001 was filtered out as 42523611 T>C needs C but not covered
94.002 was filtered out as 42523611 T>C needs C but not covered
95.001 was filtered out as 42523458 C>T needs T but not covered
96.001 was filtered out as 42522897 G>A needs A but not covered
97.001 was filtered out as 42522698 G>T needs T but not covered
98.001 was filtered out as 42523942 G>A needs A but not covered
99.001 was filtered out as 42525828 C>G needs G but not covered
100.001 was filtered out as 42523964 delG needs N but not covered
101.001 was filtered out as 42523847 delCACATCCGGATGTAGGATC needs N but not covered
102.001 was filtered out as 42523942 G>A needs A but not covered
103.001 was filtered out as 42523942 G>A needs A but not covered
104.001 was filtered out as 42523942 G>A needs A but not covered
105.001 was filtered out as 42523942 G>A needs A but not covered
106.001 was filtered out as 42522915 C>T needs T but not covered
106.002 was filtered out as 42522915 C>T needs T but not covered
106.003 was filtered out as 42522915 C>T needs T but not covered
107.001 was filtered out as 42525133 C>T needs T but not covered
108.001 was filtered out as 42523566 T>C needs C but not covered
109.001 was filtered out as 42524175 delCTT needs N but not covered
110.001 was filtered out as 42522736 C>T needs T but not covered
111.001 was filtered out as 42523942 G>A needs A but not covered
111.002 was filtered out as 42523942 G>A needs A but not covered
112.001 was filtered out as 42522606 G>A needs A but not covered
113.001 was filtered out as 42522753 C>T needs T but not covered
114.001 was filtered out as 42523942 G>A needs A but not covered
115.001 was filtered out as 42524175 delCTT needs N but not covered
116.001 was filtered out as 42523632 C>G needs G but not covered
117.001 was filtered out as 42523942 G>A needs A but not covered
118.001 was filtered out as 42523900 T>C needs C but not covered
119.001 was filtered out as 42523804 C>T needs T but not covered
120.001 was filtered out as 42526729 delG needs N but not covered
121.001 was filtered out as 42523942 G>A needs A but not covered
122.001 was filtered out as 42523513 C>T needs T but not covered
123.001 was filtered out as 42523942 G>A needs A but not covered
124.001 was filtered out as 42522982 delGA needs N but not covered
124.002 was filtered out as 42522982 delGA needs N but not covered
125.001 was filtered out as 42523942 G>A needs A but not covered
126.001 was filtered out as 42523942 G>A needs A but not covered
127.001 was filtered out as 42523557 T>C needs C but not covered
128.001 was filtered out as 42523942 G>A needs A but not covered
129.001 was filtered out as 42523942 G>A needs A but not covered
130.001 was filtered out as 42524879 CA>AG needs A but not covered
131.001 was filtered out as 42524326 A>G needs G but not covered
132.001 was filtered out as 42523974 T>C needs C but not covered
133.001 was filtered out as 42523942 G>A needs A but not covered
134.001 was filtered out as 42523590 C>T needs T but not covered
135.001 was filtered out as 42523942 G>A needs A but not covered
136.001 was filtered out as 42523942 G>A needs A but not covered
137.001 was filtered out as 42522579 C>T needs T but not covered
138.001 was filtered out as 42523942 G>A needs A but not covered
140.001 was filtered out as 42524330 G>A needs A but not covered
141.001 was filtered out as 42523942 G>A needs A but not covered
141.1001 was filtered out as 42523942 G>A needs A but not covered
142.001 was filtered out as 42526711 G>A needs A but not covered
143.001 was filtered out as 42526762 C>T needs T but not covered
144.001 was filtered out as 42524352 C>T needs T but not covered
145.001 was filtered out as 42524928 insGGGGCGAAA not covered (cov=0)
146.001 was filtered out as 42523942 G>A needs A but not covered
147.001 was filtered out as 42524928 insGGGGCGAAA not covered (cov=0)
148.001 was filtered out as 42523942 G>A needs A but not covered
149.001 was filtered out as 42523942 G>A needs A but not covered
152.001 was filtered out as 42524341 G>A needs A but not covered
153.001 was filtered out as 42524808 C>T needs T but not covered
154.001 was filtered out as 42523942 G>A needs A but not covered
155.001 was filtered out as 42523942 G>A needs A but not covered
156.001 was filtered out as 42523942 G>A needs A but not covered
157.001 was filtered out as 42523942 G>A needs A but not covered
158.001 was filtered out as 42523942 G>A needs A but not covered
159.001 was filtered out as 42523942 G>A needs A but not covered
160.001 was filtered out as 42523942 G>A needs A but not covered
161.001 was filtered out as 42523942 G>A needs A but not covered
162.001 was filtered out as 42523942 G>A needs A but not covered
163.001 was filtered out as 42523942 G>A needs A but not covered
[filter] CYP2D6 1.001 => 1.001; 1.002; 1.003; 1.004; 1.005; 1.006; 1.007; 1.008; 1.009; 1.010; 1.011; 1.012; 1.013; 1.014; 1.015; 1.016; 1.017; 1.018; 1.019; 1.020; 1.021; 1.022; 1.023; 1.024; 1.025; 1.026; 1.027; 1.028; 1.029; 1.030; 1.031; 1.032; 1.033; 1.034; 1.035; 1.036; 1.037; 1.038; 1.039; 1.040; 1.041; 1.042; 1.043; 1.044; 1.045; 1.046; 1.047; 1.048; 1.049
[filter] CYP2D6 4.001 => 4.001; 4.002; 4.006; 4.008; 4.014; 4.015; 4.016; 4.017; 4.018; 4.020; 4.022; 4.023; 4.024; 4.025; 4.026; 4.029; 4.030
[filter] CYP2D6 4.003 => 4.003; 4.004; 4.005; 4.011; 4.019
[filter] CYP2D6 4.009 => 4.009
[filter] CYP2D6 4.012 => 4.012
[filter] CYP2D6 4.021 => 4.021
[filter] CYP2D6 4.1013 => 4.1013
[filter] CYP2D6 4.1021 => 4.1021
[filter] CYP2D6 4.2021 => 4.2021
[filter] CYP2D6 5.001 => 5.001
[filter] CYP2D6 10.001 => 10.001; 10.002; 10.003; 10.004; 10.005; 10.006; 10.007; 10.1004
[filter] CYP2D6 36.1001 => 36.1001
[filter] CYP2D6 39.001 => 39.001; 39.002
[filter] CYP2D6 61.001 => 61.001
[filter] CYP2D6 68.001 => 68.001
[filter] CYP2D6 68.002 => 68.002
[filter] CYP2D6 74.001 => 74.001
[filter] CYP2D6 83.1003 => 83.1003
[filter] CYP2D6 139.001 => 139.001
[filter] valid_alleles=95
CYP2D6:42522391 → A:29, C:0, G*:17, M:0, N:0, P:0, T:0
CYP2D6:42522397 → A:0, C*:46, G:0, M:0, N:0, P:0, T:0
CYP2D6:42522463 → A:0, C:0, G*:38, M:0, N:0, P:0, T:0
CYP2D6:42522549 → A:0, C:0, G*:53, M:0, N:0, P:0, T:0
CYP2D6:42522608 → A:0, C:0, G:0, M:0, N:0, P:0, T*:60
CYP2D6:42522612^ → A:0, C*:25, G^:33, M:0, N:0, P:0, T:0
CYP2D6:42522691 → A:0, C:0, G*:44, M:0, N:0, P:0, T:0
CYP2D6:42522905 → A*:58, C:0, G:0, M:0, N:0, P:0, T:0
CYP2D6:42522915^ → A:0, C*:58, G:0, M:0, N:0, P:0, T^:0
CYP2D6:42522964 → A:0, C*:53, G:0, M:0, N:0, P:0, T:0
CYP2D6:42523002 → A:0, C:0, G*:51, M:0, N:0, P:0, T:0
CYP2D6:42523070 → A*:53, C:0, G:0, M:0, N:0, P:0, T:0
CYP2D6:42523085 → A:0, C*:52, G:0, M:0, N:0, P:0, T:0
CYP2D6:42523144 → A:0, C:0, G*:56, M:0, N:0, P:0, T:0
CYP2D6:42523157 → A:0, C:0, G*:56, M:0, N:0, P:0, T:0
CYP2D6:42523183 → A:0, C*:52, G:0, M:0, N:0, P:0, T:0
CYP2D6:42523210 → A:0, C:23, G:0, M:0, N:0, P:0, T*:21
CYP2D6:42523240 → A:0, C:0, G*:59, M:0, N:0, P:0, T:0
CYP2D6:42523246 → A:0, C*:61, G:0, M:0, N:0, P:0, T:0
CYP2D6:42523357 → A:0, C:0, G*:81, M:0, N:0, P:0, T:0
CYP2D6:42523399 → A*:88, C:0, G:0, M:0, N:0, P:0, T:0
CYP2D6:42523408 → A:0, C:0, G:63, M:0, N:0, P:0, T*:21
CYP2D6:42523527^ → A:0, C*:42, G:0, M:0, N:0, P:0, T^:18
CYP2D6:42523538 → A*:62, C:0, G:0, M:0, N:0, P:0, T:0
CYP2D6:42523661 → A:0, C:0, G*:46, M:0, N:0, P:0, T:0
CYP2D6:42523681 → A:0, C*:46, G:0, M:0, N:0, P:0, T:0
CYP2D6:42523720 → A:0, C:0, G*:55, M:0, N:0, P:0, T:0
CYP2D6:42523759 → A:0, C*:55, G:0, M:0, N:0, P:0, T:0
CYP2D6:42523787 → A:0, C*:45, G:0, M:0, N:0, P:0, T:0
CYP2D6:42523812 → A:0, C:0, G*:50, M:0, N:0, P:0, T:0
CYP2D6:42524032 → A*:48, C:0, G:0, M:0, N:0, P:0, T:0
CYP2D6:42524072 → A:0, C*:47, G:0, M:0, N:0, P:0, T:0
CYP2D6:42524129 → A:0, C*:45, G:0, M:0, N:0, P:0, T:0
CYP2D6:42524148 → A:0, C:0, G*:43, M:0, N:0, P:0, T:0
CYP2D6:42524161 → A:0, C:0, G*:49, M:0, N:0, P:0, T:0
CYP2D6:42524216 → A:0, C:0, G*:45, M:0, N:0, P:0, T:0
CYP2D6:42524217 → A:0, C:0, G*:46, M:0, N:0, P:0, T:0
CYP2D6:42524301 → A:0, C*:59, G:0, M:0, N:0, P:0, T:0
CYP2D6:42524368 → A:0, C:0, G*:54, M:0, N:0, P:0, T:0
CYP2D6:42524489 → A:0, C:0, G*:58, M:0, N:0, P:0, T:0
CYP2D6:42524581 → A:0, C:0, G*:45, M:0, N:0, P:0, T:0
CYP2D6:42524695 → A:0, C:24, G:0, M:0, N:0, P:0, T*:35
CYP2D6:42524707 → A:0, C:0, G:0, M:0, N:0, P:0, T*:52
CYP2D6:42524712 → A:0, C*:52, G:0, M:0, N:0, P:0, T:0
CYP2D6:42524737 → A:0, C*:50, G:0, M:0, N:0, P:0, T:0
CYP2D6:42524742 → A:0, C:0, G*:43, M:0, N:0, P:0, T:0
CYP2D6:42524762 → A:0, C*:49, G:0, M:0, N:0, P:0, T:0
CYP2D6:42524772 → A:0, C:0, G:0, M:0, N:0, P:0, T*:48
CYP2D6:42524775 → A:0, C*:50, G:0, M:0, N:0, P:0, T:0
CYP2D6:42524794 → A*:36, C:0, G:0, M:0, N:0, P:0, T:0
CYP2D6:42524814 → A:0, C:0, G*:47, M:0, N:0, P:0, T:0
CYP2D6:42524923 → A*:59, C:0, G:0, M:0, N:0, P:0, T:0
CYP2D6:42524934 → A:0, C:0, G*:57, M:0, N:0, P:0, T:0
CYP2D6:42524946^ → A:0, C*:25, G:0, M:0, N:0, P:0, T^:26
CYP2D6:42524969 → A:0, C:0, G*:49, M:0, N:0, P:0, T:0
CYP2D6:42525044 → A:0, C:0, G*:52, M:0, N:0, P:0, T:0
CYP2D6:42525131^ → A:0, C*:19, G:24, M^:0, N:0, P:0, T:0
CYP2D6:42525134 → A:0, C:0, G*:47, M:0, N:0, P:0, T:0
CYP2D6:42525153 → A:0, C*:49, G:0, M:0, N:0, P:0, T:0
CYP2D6:42525238 → A*:44, C:0, G:0, M:0, N:0, P:0, T:0
CYP2D6:42525389 → A:0, C:0, G*:48, M:0, N:0, P:0, T:0
CYP2D6:42525443 → A:0, C*:50, G:0, M:0, N:0, P:0, T:0
CYP2D6:42525451 → A:0, C:0, G*:51, M:0, N:0, P:0, T:0
CYP2D6:42525499 → A:0, C*:46, G:0, M:0, N:0, P:0, T:0
CYP2D6:42525514 → A:0, C:0, G:0, M:0, N:0, P:0, T*:49
CYP2D6:42525541 → A:0, C:0, G*:53, M:0, N:0, P:0, T:0
CYP2D6:42525624 → A:0, C*:57, G:0, M:0, N:0, P:0, T:0
CYP2D6:42525707 → A:0, C:0, G*:53, M:0, N:0, P:0, T:0
CYP2D6:42525727 → A*:50, C:0, G:0, M:0, N:0, P:0, T:0
CYP2D6:42525732 → A:0, C:0, G:0, M:0, N:0, P:0, T*:47
CYP2D6:42525755 → A:0, C:0, G*:45, M:0, N:0, P:0, T:0
CYP2D6:42525797 → A:0, C:15, G*:23, M:0, N:0, P:0, T:0
CYP2D6:42525810^ → A:0, C^:10, G:0, M:0, N:0, P:0, T*:20
CYP2D6:42525820^ → A:0, C:0, G*:21, M:0, N:0, P:0, T^:10
CYP2D6:42525951 → A*:16, C:15, G:0, M:0, N:0, P:0, T:0
CYP2D6:42526048 → A:0, C:22, G*:17, M:0, N:0, P:0, T:0
CYP2D6:42526369 → A:0, C:0, G*:47, M:0, N:0, P:0, T:0
CYP2D6:42526441 → A*:52, C:0, G:0, M:0, N:0, P:0, T:0
CYP2D6:42526483 → A:24, C*:18, G:0, M:0, N:0, P:0, T:0
CYP2D6:42526523 → A:0, C:0, G*:46, M:0, N:0, P:0, T:0
CYP2D6:42526548 → A:0, C:0, G:0, M:0, N:0, P:0, T*:44
CYP2D6:42526560 → A:0, C:0, G:0, M:0, N:0, P:0, T*:44
CYP2D6:42526561 → A:0, C*:44, G:0, M:0, N:0, P:0, T:0
CYP2D6:42526566 → A*:44, C:0, G:0, M:0, N:0, P:0, T:0
CYP2D6:42526570 → A:0, C:0, G*:44, M:0, N:0, P:0, T:0
CYP2D6:42526572 → A:0, C:0, G*:44, M:0, N:0, P:0, T:0
CYP2D6:42526579 → A:0, C*:48, G:0, M:0, N:0, P:0, T:0
CYP2D6:42526693^ → A^:21, C:0, G*:24, M:0, N:0, P:0, T:0
CYP2D6:42526811 → A:0, C:0, G:0, M:0, N:0, P:0, T*:48
CYP2D6:42526815 → A:0, C*:51, G:0, M:0, N:0, P:0, T:0
CYP2D6:42526835 → A*:49, C:0, G:0, M:0, N:0, P:0, T:0
CYP2D6:42526878 → A*:53, C:0, G:0, M:0, N:0, P:0, T:0
CYP2D6:42526922 → A*:53, C:0, G:0, M:0, N:0, P:0, T:0
CYP2D6:42527075 → A:0, C:0, G*:43, M:0, N:0, P:0, T:0
CYP2D6:42527157 → A:0, C*:50, G:0, M:0, N:0, P:0, T:0
CYP2D6:42527190 → A:0, C*:49, G:0, M:0, N:0, P:0, T:0
CYP2D6:42527223 → A:0, C:0, G*:68, M:0, N:0, P:0, T:0
CYP2D6:42527290 → A:0, C:0, G*:64, M:0, N:0, P:0, T:0
CYP2D6:42527380 → A:0, C*:49, G:0, M:0, N:0, P:0, T:0
CYP2D6:42527470 → A:0, C*:50, G:0, M:0, N:0, P:0, T:0
CYP2D6:42527532 → A:0, C:0, G*:54, M:0, N:0, P:0, T:0
CYP2D6:42527544 → A:0, C*:56, G:0, M:0, N:0, P:0, T:0
CYP2D6:42527632 → A*:49, C:0, G:0, M:0, N:0, P:0, T:0
CYP2D6:42527792 → A:0, C*:21, G:0, M:0, N:0, P:0, T:26
CYP2D6:42527885 → A*:33, C:0, G:0, M:0, N:0, P:0, T:0
CYP2D6:42528027 → A:0, C:31, G:0, M:0, N:0, P:0, T*:0
CYP2D6:42528223 → A:27, C:0, G*:15, M:0, N:0, P:0, T:0
CYP2D6:42528381 → A:0, C:0, G*:42, M:0, N:0, P:0, T:0
Step 0: Loss=0.0936, CN=[2.0999167]
Step 100: Loss=0.0774, CN=[2.200679]
Step 200: Loss=0.0774, CN=[2.1998856]
Step 300: Loss=0.0774, CN=[2.199886]
Step 400: Loss=0.0774, CN=[2.199886]

=== Fit ===
Region 0: obs=2.639, exp=2.200, diff=+0.440 
Region 1: obs=2.157, exp=2.200, diff=-0.043 
Region 2: obs=1.906, exp=2.200, diff=-0.294 
Region 3: obs=1.836, exp=2.200, diff=-0.364 
Region 4: obs=1.549, exp=2.200, diff=-0.651 *
Region 5: obs=2.218, exp=2.200, diff=+0.018 
Region 6: obs=2.224, exp=2.200, diff=+0.024 
Region 7: obs=2.227, exp=2.200, diff=+0.027 
Region 8: obs=2.327, exp=2.200, diff=+0.127 
Region 9: obs=2.308, exp=2.200, diff=+0.108 
Region 10: obs=2.201, exp=2.200, diff=+0.001 
Region 11: obs=2.052, exp=2.200, diff=-0.148 
Region 12: obs=2.342, exp=2.200, diff=+0.142 
Region 13: obs=2.200, exp=2.200, diff=+0.000 
Region 14: obs=2.739, exp=2.200, diff=+0.539 *
Region 15: obs=2.812, exp=2.200, diff=+0.612 *
Region 16: obs=2.393, exp=2.200, diff=+0.193 
Region 17: obs=2.247, exp=2.200, diff=+0.047 
Region 18: obs=2.132, exp=2.200, diff=-0.068 
Region 19: obs=2.052, exp=2.200, diff=-0.147 
Region 20: obs=2.226, exp=2.200, diff=+0.026 
Region 21: obs=0.000, exp=2.200, diff=-2.200 *
Region 22: obs=2.111, exp=2.200, diff=-0.089 

[Gene CN Results]
  CYP2D6: 2.20 → 2.1998860836029053

=== CYP2D6 Fusion Template CN Estimation ===

Using CN configs: ['1', '68.001', '141.1001']

Region coverage:
  up: 2.6
  utr5: 2.2
  e1: 1.9
  i1: 1.8
  e2: 1.5
  i2: 2.2
  e3: 2.2
  i3: 2.2
  e4: 2.3
  i4: 2.3
  e5: 2.2
  i5: 2.1
  e6: 2.3
  i6: 2.2
  e7: 2.7
  i7: 2.8
  e8: 2.4
  i8: 2.2
  e9: 2.1
  utr3: 2.1
  ins: 2.2
  pce: 0.0
  rep: 2.1
  e1_2d7: 0.2
  e2_2d7: 0.4
  e3_2d7: 0.0
  e5_2d7: 0.5
  e6_2d7: 0.6
  e9_2d7: 0.1
  pce_2d7: 0.2

CN configs: ['1', '68.001', '141.1001']
PCE contributions: {'1': tensor(0.), '68.001': tensor(1.), '141.1001': tensor(1.)}
Gene CN: 2.20 → required total: 2
Respect gene CN constraint: True
Enumerating configurations that sum to 2...
Evaluated 6 configurations

Top 5 configurations:
  1. loss=2.38: 1:2
  2. loss=7.80: 1:1, 141.1001:1
  3. loss=23.02: 1:1, 68.001:1
  4. loss=23.73: 141.1001:2
  5. loss=38.94: 68.001:1, 141.1001:1

Best CN assignment (loss=2.38):
  1: 2
  Total: 2

Fit comparison:
  up: obs=2.6, exp=2.0, diff=+0.6
  utr5: obs=2.2, exp=2.0, diff=+0.2
  e1: obs=1.9, exp=2.0, diff=-0.1
  i1: obs=1.8, exp=2.0, diff=-0.2
  e2: obs=1.5, exp=2.0, diff=-0.5
  i2: obs=2.2, exp=2.0, diff=+0.2
  e3: obs=2.2, exp=2.0, diff=+0.2
  i3: obs=2.2, exp=2.0, diff=+0.2
  e4: obs=2.3, exp=2.0, diff=+0.3
  i4: obs=2.3, exp=2.0, diff=+0.3
  e5: obs=2.2, exp=2.0, diff=+0.2
  i5: obs=2.1, exp=2.0, diff=+0.1
  e6: obs=2.3, exp=2.0, diff=+0.3
  i6: obs=2.2, exp=2.0, diff=+0.2
  e7: obs=2.7, exp=2.0, diff=+0.7
  i7: obs=2.8, exp=2.0, diff=+0.8
  e8: obs=2.4, exp=2.0, diff=+0.4
  i8: obs=2.2, exp=2.0, diff=+0.2
  e9: obs=2.1, exp=2.0, diff=+0.1
  utr3: obs=2.1, exp=2.0, diff=+0.1
  ins: obs=2.2, exp=2.0, diff=+0.2
  pce: obs=0.0, exp=0.0, diff=+0.0
  rep: obs=2.1, exp=2.0, diff=+0.1
  e1_2d7: obs=0.2, exp=0.0, diff=+0.2
  e2_2d7: obs=0.4, exp=0.0, diff=+0.4
  e3_2d7: obs=0.0, exp=0.0, diff=+0.0
  e5_2d7: obs=0.5, exp=0.0, diff=+0.5
  e6_2d7: obs=0.6, exp=0.0, diff=+0.6
  e9_2d7: obs=0.1, exp=0.0, diff=+0.1
  pce_2d7: obs=0.2, exp=0.0, diff=+0.2

[Selected CN Configs] 1:2
  Total CYP2D6 CN: 2

[Filtering alleles by cn_config]

Kept alleles by cn_config:
  1: 11 major alleles
    *1.001, *10.001, *139.001, *39.001, *4.001, *4.003, *4.009, *4.012, *4.021, *4.2021 ... +1 more

  Filtered: 8 alleles
  Kept: 87 alleles

[Updating N variant counts for deleted regions]
  Total updated: 0 positions

[Rebuilding allele vectors for fusion cn_configs]
Using device: cuda
num_sparse_entries: 9396
max sparse_flat_index: 65771
expected max: 65771

=== Running VAE with seed 42 ===
Global Pooled JS: 0.072649
Seed 42, Step    0: Loss = 1925.86 (Recon: 1374.68, Allele KL: 264.76, Base KL: 206518.94, Functional KL: 0.07
Global Pooled JS: 0.015590
Seed 42, Step  500: Loss = 811.05 (Recon: 669.54, Allele KL: 51.70, Base KL: 24481.40, Functional KL: 0.02
Global Pooled JS: 0.016283
Seed 42, Step 1000: Loss = 801.30 (Recon: 664.51, Allele KL: 48.54, Base KL: 24680.25, Functional KL: 0.02
Global Pooled JS: 0.025690
Seed 42, Step 1500: Loss = 814.30 (Recon: 679.49, Allele KL: 48.75, Base KL: 24461.99, Functional KL: 0.03
Global Pooled JS: 0.025093
Seed 42, Step 2000: Loss = 813.04 (Recon: 673.95, Allele KL: 43.27, Base KL: 24753.21, Functional KL: 0.03
Global Pooled JS: 0.016431
Seed 42, Step 2500: Loss = 801.09 (Recon: 665.43, Allele KL: 48.48, Base KL: 25070.76, Functional KL: 0.02

Top Variants with Coverage Mismatches:
Rank   Variant                        Expected     Observed     Diff       |Div|       
------------------------------------------------------------------------------------------
1      CYP2D6:42523527→C              21.89        42.00        -20.11     0.004952    
2      CYP2D6:42525820→T              27.51        10.00        17.51      0.004854    
3      CYP2D6:42525810→C              27.47        10.00        17.47      0.004838    
4      CYP2D6:42523527→T              27.03        18.00        9.03       0.000855    
5      CYP2D6:42522915→C              49.86        58.00        -8.14      0.000772    
6      CYP2D6:42522612→G              28.09        33.00        -4.91      0.000479    
7      CYP2D6:42522612→C              20.97        25.00        -4.03      0.000410    
8      CYP2D6:42526693→A              27.93        21.00        6.93       0.000397    
9      CYP2D6:42524946→C              21.17        25.00        -3.83      0.000379    
10     CYP2D6:42526693→G              21.01        24.00        -2.99      0.000270    
11     CYP2D6:42525810→M              0.22         0.00         0.22       0.000187    
12     CYP2D6:42525810→N              0.21         0.00         0.21       0.000184    
13     CYP2D6:42525810→A              0.21         0.00         0.21       0.000183    
14     CYP2D6:42525810→G              0.21         0.00         0.21       0.000183    
15     CYP2D6:42525820→M              0.21         0.00         0.21       0.000182    
16     CYP2D6:42525810→P              0.21         0.00         0.21       0.000180    
17     CYP2D6:42525820→A              0.20         0.00         0.20       0.000177    
18     CYP2D6:42525820→N              0.20         0.00         0.20       0.000177    
19     CYP2D6:42525820→C              0.20         0.00         0.20       0.000176    
20     CYP2D6:42525820→P              0.20         0.00         0.20       0.000175    
21     CYP2D6:42523527→G              0.20         0.00         0.20       0.000171    
22     CYP2D6:42523527→N              0.20         0.00         0.20       0.000171    
23     CYP2D6:42526693→T              0.20         0.00         0.20       0.000170    
24     CYP2D6:42523527→A              0.20         0.00         0.20       0.000170    
25     CYP2D6:42523527→M              0.20         0.00         0.20       0.000169    
26     CYP2D6:42523527→P              0.19         0.00         0.19       0.000169    
27     CYP2D6:42526693→M              0.19         0.00         0.19       0.000167    
28     CYP2D6:42526693→C              0.19         0.00         0.19       0.000167    
29     CYP2D6:42526693→N              0.19         0.00         0.19       0.000166    
30     CYP2D6:42526693→P              0.18         0.00         0.18       0.000159    
31     CYP2D6:42524946→M              0.18         0.00         0.18       0.000158    
32     CYP2D6:42524946→G              0.18         0.00         0.18       0.000158    
33     CYP2D6:42524946→P              0.18         0.00         0.18       0.000157    
34     CYP2D6:42524946→A              0.18         0.00         0.18       0.000157    
35     CYP2D6:42524946→N              0.18         0.00         0.18       0.000153    
36     CYP2D6:42525131→G              29.13        24.00        5.13       0.000153    
37     CYP2D6:42522612→P              0.17         0.00         0.17       0.000147    
38     CYP2D6:42522612→A              0.17         0.00         0.17       0.000146    
39     CYP2D6:42522612→N              0.17         0.00         0.17       0.000145    
40     CYP2D6:42522612→M              0.16         0.00         0.16       0.000143    
41     CYP2D6:42522612→T              0.16         0.00         0.16       0.000143    
42     CYP2D6:42522915→G              0.03         0.00         0.03       0.000030    
43     CYP2D6:42525820→G              21.37        21.00        0.37       0.000012    
44     CYP2D6:42525131→C              20.77        19.00        1.77       0.000005    
45     CYP2D6:42524946→T              27.82        26.00        1.82       0.000001    
46     CYP2D6:42525810→T              21.37        20.00        1.37       0.000000    
47     CYP2D6:42522915→A              0.00         0.00         0.00       0.000000    
48     CYP2D6:42522915→M              0.00         0.00         0.00       0.000000    
49     CYP2D6:42522915→N              0.00         0.00         0.00       0.000000    
50     CYP2D6:42522915→P              0.00         0.00         0.00       0.000000    
51     CYP2D6:42522915→T              0.00         0.00         0.00       0.000000    
52     CYP2D6:42525131→A              0.00         0.00         0.00       0.000000    
53     CYP2D6:42525131→M              0.00         0.00         0.00       0.000000    
54     CYP2D6:42525131→N              0.00         0.00         0.00       0.000000    
55     CYP2D6:42525131→P              0.00         0.00         0.00       0.000000    
56     CYP2D6:42525131→T              0.00         0.00         0.00       0.000000    
New best model with final loss: 819.04

=== Running VAE with seed 123 ===
Global Pooled JS: 0.098038
Seed 123, Step    0: Loss = 2036.23 (Recon: 1397.81, Allele KL: 350.22, Base KL: 199057.97, Functional KL: 0.10
Global Pooled JS: 0.020629
Seed 123, Step  500: Loss = 826.50 (Recon: 676.12, Allele KL: 41.83, Base KL: 25360.86, Functional KL: 0.02
Global Pooled JS: 0.023174
Seed 123, Step 1000: Loss = 809.84 (Recon: 668.88, Allele KL: 47.73, Base KL: 25820.39, Functional KL: 0.02
Global Pooled JS: 0.027514
Seed 123, Step 1500: Loss = 813.46 (Recon: 674.74, Allele KL: 52.77, Base KL: 25970.08, Functional KL: 0.03
Global Pooled JS: 0.029188
Seed 123, Step 2000: Loss = 808.89 (Recon: 670.65, Allele KL: 48.82, Base KL: 26537.48, Functional KL: 0.03
Global Pooled JS: 0.026484
Seed 123, Step 2500: Loss = 813.77 (Recon: 676.23, Allele KL: 46.76, Base KL: 25914.52, Functional KL: 0.03

Top Variants with Coverage Mismatches:
Rank   Variant                        Expected     Observed     Diff       |Div|       
------------------------------------------------------------------------------------------
1      CYP2D6:42525820→T              0.72         10.00        -9.28      0.006478    
2      CYP2D6:42525820→G              49.15        21.00        28.15      0.006478    
3      CYP2D6:42525810→C              26.82        10.00        16.82      0.004540    
4      CYP2D6:42523527→C              22.71        42.00        -19.29     0.004535    
5      CYP2D6:42522915→C              49.87        58.00        -8.13      0.000772    
6      CYP2D6:42523527→T              26.24        18.00        8.24       0.000705    
7      CYP2D6:42522612→G              27.36        33.00        -5.64      0.000593    
8      CYP2D6:42522612→C              21.70        25.00        -3.30      0.000305    
9      CYP2D6:42526693→A              27.19        21.00        6.19       0.000303    
10     CYP2D6:42524946→C              21.90        25.00        -3.10      0.000280    
11     CYP2D6:42526693→G              21.75        24.00        -2.25      0.000184    
12     CYP2D6:42525810→N              0.21         0.00         0.21       0.000182    
13     CYP2D6:42525810→M              0.21         0.00         0.21       0.000179    
14     CYP2D6:42525810→P              0.21         0.00         0.21       0.000179    
15     CYP2D6:42525810→G              0.20         0.00         0.20       0.000178    
16     CYP2D6:42525810→A              0.20         0.00         0.20       0.000176    
17     CYP2D6:42526693→M              0.19         0.00         0.19       0.000169    
18     CYP2D6:42526693→N              0.19         0.00         0.19       0.000168    
19     CYP2D6:42523527→M              0.19         0.00         0.19       0.000168    
20     CYP2D6:42526693→T              0.19         0.00         0.19       0.000167    
21     CYP2D6:42526693→P              0.19         0.00         0.19       0.000165    
22     CYP2D6:42523527→N              0.19         0.00         0.19       0.000164    
23     CYP2D6:42526693→C              0.19         0.00         0.19       0.000164    
24     CYP2D6:42523527→P              0.19         0.00         0.19       0.000163    
25     CYP2D6:42523527→A              0.19         0.00         0.19       0.000163    
26     CYP2D6:42523527→G              0.19         0.00         0.19       0.000161    
27     CYP2D6:42524946→P              0.18         0.00         0.18       0.000154    
28     CYP2D6:42524946→M              0.18         0.00         0.18       0.000152    
29     CYP2D6:42524946→N              0.18         0.00         0.18       0.000152    
30     CYP2D6:42524946→G              0.17         0.00         0.17       0.000152    
31     CYP2D6:42524946→A              0.17         0.00         0.17       0.000149    
32     CYP2D6:42522612→N              0.17         0.00         0.17       0.000149    
33     CYP2D6:42522612→T              0.17         0.00         0.17       0.000146    
34     CYP2D6:42522612→A              0.17         0.00         0.17       0.000145    
35     CYP2D6:42522612→M              0.17         0.00         0.17       0.000145    
36     CYP2D6:42522612→P              0.17         0.00         0.17       0.000144    
37     CYP2D6:42525131→G              28.41        24.00        4.41       0.000100    
38     CYP2D6:42522915→G              0.03         0.00         0.03       0.000027    
39     CYP2D6:42525131→C              21.49        19.00        2.49       0.000026    
40     CYP2D6:42525810→T              22.05        20.00        2.05       0.000010    
41     CYP2D6:42525820→C              0.01         0.00         0.01       0.000005    
42     CYP2D6:42525820→N              0.01         0.00         0.01       0.000005    
43     CYP2D6:42525820→A              0.01         0.00         0.01       0.000005    
44     CYP2D6:42525820→M              0.01         0.00         0.01       0.000005    
45     CYP2D6:42525820→P              0.01         0.00         0.01       0.000005    
46     CYP2D6:42524946→T              27.13        26.00        1.13       0.000003    
47     CYP2D6:42522915→A              0.00         0.00         0.00       0.000000    
48     CYP2D6:42522915→M              0.00         0.00         0.00       0.000000    
49     CYP2D6:42522915→N              0.00         0.00         0.00       0.000000    
50     CYP2D6:42522915→P              0.00         0.00         0.00       0.000000    
51     CYP2D6:42522915→T              0.00         0.00         0.00       0.000000    
52     CYP2D6:42525131→A              0.00         0.00         0.00       0.000000    
53     CYP2D6:42525131→M              0.00         0.00         0.00       0.000000    
54     CYP2D6:42525131→N              0.00         0.00         0.00       0.000000    
55     CYP2D6:42525131→P              0.00         0.00         0.00       0.000000    
56     CYP2D6:42525131→T              0.00         0.00         0.00       0.000000    

=== Running VAE with seed 456 ===
Global Pooled JS: 0.145252
Seed 456, Step    0: Loss = 2914.42 (Recon: 2233.21, Allele KL: 380.94, Base KL: 255997.80, Functional KL: 0.15
Global Pooled JS: 0.016423
Seed 456, Step  500: Loss = 801.42 (Recon: 664.99, Allele KL: 47.36, Base KL: 24893.83, Functional KL: 0.02
Global Pooled JS: 0.019256
Seed 456, Step 1000: Loss = 803.03 (Recon: 663.79, Allele KL: 48.19, Base KL: 24394.02, Functional KL: 0.02
Global Pooled JS: 0.015853
Seed 456, Step 1500: Loss = 814.32 (Recon: 677.02, Allele KL: 48.73, Base KL: 24511.10, Functional KL: 0.02
Global Pooled JS: 0.019760
Seed 456, Step 2000: Loss = 800.48 (Recon: 664.44, Allele KL: 44.30, Base KL: 25052.80, Functional KL: 0.02
Global Pooled JS: 0.019586
Seed 456, Step 2500: Loss = 798.91 (Recon: 665.45, Allele KL: 47.65, Base KL: 24541.20, Functional KL: 0.02

Top Variants with Coverage Mismatches:
Rank   Variant                        Expected     Observed     Diff       |Div|       
------------------------------------------------------------------------------------------
1      CYP2D6:42525810→C              25.54        10.00        15.54      0.003974    
2      CYP2D6:42523527→C              23.95        42.00        -18.05     0.003953    
3      CYP2D6:42525820→T              25.49        10.00        15.49      0.003952    
4      CYP2D6:42522612→G              26.12        33.00        -6.88      0.000817    
5      CYP2D6:42522915→C              49.86        58.00        -8.14      0.000773    
6      CYP2D6:42523527→T              25.05        18.00        7.05       0.000503    
7      CYP2D6:42525820→C              0.21         0.00         0.21       0.000178    
8      CYP2D6:42526693→A              26.00        21.00        5.00       0.000178    
9      CYP2D6:42525820→N              0.20         0.00         0.20       0.000178    
10     CYP2D6:42525820→A              0.20         0.00         0.20       0.000178    
11     CYP2D6:42525820→M              0.20         0.00         0.20       0.000175    
12     CYP2D6:42525820→P              0.20         0.00         0.20       0.000174    
13     CYP2D6:42525810→M              0.20         0.00         0.20       0.000172    
14     CYP2D6:42525810→A              0.20         0.00         0.20       0.000171    
15     CYP2D6:42525810→N              0.20         0.00         0.20       0.000170    
16     CYP2D6:42525810→G              0.19         0.00         0.19       0.000168    
17     CYP2D6:42525810→P              0.19         0.00         0.19       0.000166    
18     CYP2D6:42523527→G              0.19         0.00         0.19       0.000163    
19     CYP2D6:42522612→C              22.96        25.00        -2.04      0.000162    
20     CYP2D6:42526693→P              0.18         0.00         0.18       0.000157    
21     CYP2D6:42526693→C              0.18         0.00         0.18       0.000157    
22     CYP2D6:42523527→M              0.18         0.00         0.18       0.000157    
23     CYP2D6:42526693→N              0.18         0.00         0.18       0.000156    
24     CYP2D6:42526693→T              0.18         0.00         0.18       0.000155    
25     CYP2D6:42523527→P              0.18         0.00         0.18       0.000152    
26     CYP2D6:42523527→N              0.18         0.00         0.18       0.000152    
27     CYP2D6:42526693→M              0.17         0.00         0.17       0.000151    
28     CYP2D6:42523527→A              0.17         0.00         0.17       0.000151    
29     CYP2D6:42524946→M              0.17         0.00         0.17       0.000147    
30     CYP2D6:42524946→P              0.17         0.00         0.17       0.000147    
31     CYP2D6:42524946→N              0.17         0.00         0.17       0.000145    
32     CYP2D6:42524946→G              0.17         0.00         0.17       0.000144    
33     CYP2D6:42522612→P              0.17         0.00         0.17       0.000144    
34     CYP2D6:42522612→M              0.17         0.00         0.17       0.000144    
35     CYP2D6:42524946→A              0.17         0.00         0.17       0.000143    
36     CYP2D6:42522612→A              0.16         0.00         0.16       0.000143    
37     CYP2D6:42522612→T              0.16         0.00         0.16       0.000143    
38     CYP2D6:42524946→C              23.21        25.00        -1.79      0.000140    
39     CYP2D6:42522612→N              0.16         0.00         0.16       0.000138    
40     CYP2D6:42525131→C              22.76        19.00        3.76       0.000098    
41     CYP2D6:42526693→G              23.01        24.00        -0.99      0.000079    
42     CYP2D6:42525810→T              23.39        20.00        3.39       0.000065    
43     CYP2D6:42524946→T              25.85        26.00        -0.15      0.000036    
44     CYP2D6:42525131→G              27.14        24.00        3.14       0.000033    
45     CYP2D6:42522915→G              0.04         0.00         0.04       0.000031    
46     CYP2D6:42525820→G              23.40        21.00        2.40       0.000017    
47     CYP2D6:42522915→A              0.00         0.00         0.00       0.000000    
48     CYP2D6:42522915→M              0.00         0.00         0.00       0.000000    
49     CYP2D6:42522915→N              0.00         0.00         0.00       0.000000    
50     CYP2D6:42522915→P              0.00         0.00         0.00       0.000000    
51     CYP2D6:42522915→T              0.00         0.00         0.00       0.000000    
52     CYP2D6:42525131→A              0.00         0.00         0.00       0.000000    
53     CYP2D6:42525131→M              0.00         0.00         0.00       0.000000    
54     CYP2D6:42525131→N              0.00         0.00         0.00       0.000000    
55     CYP2D6:42525131→P              0.00         0.00         0.00       0.000000    
56     CYP2D6:42525131→T              0.00         0.00         0.00       0.000000    
New best model with final loss: 803.26

=== Multi-Seed VAE Results ===
Best model had seed 456 with final loss: 803.26
All seeds final losses:
  Seed 42: Total=819.04 (Recon=680.27, A_KL=52.22, B_KL=24589.63)
  Seed 123: Total=819.56 (Recon=681.47, A_KL=53.20, B_KL=25627.03)
  Seed 456: Total=803.26 (Recon=669.62, A_KL=48.76, B_KL=24899.18) <- Best

[Raw]:
CYP2D6*4: Normalized=0.5384, Unnormalized=0.54
CYP2D6*1: Normalized=0.4543, Unnormalized=0.45

Allocating by cn_config:

[Alleles]
CYP2D6*4
CYP2D6*1
	Command being timed: "python /home/qinghuiz/aidy/push/Neretva/neretva/cyp.py CYP2D6 /project/shared/aldy-data/wgs/NA12145.wgs.cram"
	User time (seconds): 330.91
	System time (seconds): 65.18
	Percent of CPU this job got: 101%
	Elapsed (wall clock) time (h:mm:ss or m:ss): 6:30.59
	Average shared text size (kbytes): 0
	Average unshared data size (kbytes): 0
	Average stack size (kbytes): 0
	Average total size (kbytes): 0
	Maximum resident set size (kbytes): 2859880
	Average resident set size (kbytes): 0
	Major (requiring I/O) page faults: 0
	Minor (reclaiming a frame) page faults: 934320
	Voluntary context switches: 25174
	Involuntary context switches: 730
	Swaps: 0
	File system inputs: 0
	File system outputs: 112
	Socket messages sent: 0
	Socket messages received: 0
	Signals delivered: 0
	Page size (bytes): 4096
	Exit status: 0
