2026-03-11 06:02:05.759344: I tensorflow/core/util/port.cc:111] oneDNN custom operations are on. You may see slightly different numerical results due to floating-point round-off errors from different computation orders. To turn them off, set the environment variable `TF_ENABLE_ONEDNN_OPTS=0`.
2026-03-11 06:02:05.802265: E tensorflow/compiler/xla/stream_executor/cuda/cuda_dnn.cc:9342] Unable to register cuDNN factory: Attempting to register factory for plugin cuDNN when one has already been registered
2026-03-11 06:02:05.802437: E tensorflow/compiler/xla/stream_executor/cuda/cuda_fft.cc:609] Unable to register cuFFT factory: Attempting to register factory for plugin cuFFT when one has already been registered
2026-03-11 06:02:05.802570: E tensorflow/compiler/xla/stream_executor/cuda/cuda_blas.cc:1518] Unable to register cuBLAS factory: Attempting to register factory for plugin cuBLAS when one has already been registered
2026-03-11 06:02:05.813081: I tensorflow/core/platform/cpu_feature_guard.cc:182] This TensorFlow binary is optimized to use available CPU instructions in performance-critical operations.
To enable the following instructions: AVX2 AVX512F AVX512_VNNI FMA, in other operations, rebuild TensorFlow with the appropriate compiler flags.
AttributeError: 'MessageFactory' object has no attribute 'GetPrototype'
2026-03-11 06:02:07.087446: W tensorflow/compiler/tf2tensorrt/utils/py_utils.cc:38] TF-TRT Warning: Could not find TensorRT
AttributeError: 'MessageFactory' object has no attribute 'GetPrototype'
[info] total indices 2506
[info] total variants 2506
3.001 was filtered out as 42524243 delT needs N but not covered
3.002 was filtered out as 42524243 delT needs N but not covered
4.001 was filtered out as 42526693 G>A needs A but not covered
4.002 was filtered out as 42526693 G>A needs A but not covered
4.006 was filtered out as 42526693 G>A needs A but not covered
4.008 was filtered out as 42526693 G>A needs A but not covered
4.014 was filtered out as 42526693 G>A needs A but not covered
4.015 was filtered out as 42526693 G>A needs A but not covered
4.016 was filtered out as 42526693 G>A needs A but not covered
4.017 was filtered out as 42526693 G>A needs A but not covered
4.018 was filtered out as 42526693 G>A needs A but not covered
4.020 was filtered out as 42526693 G>A needs A but not covered
4.022 was filtered out as 42526693 G>A needs A but not covered
4.023 was filtered out as 42526693 G>A needs A but not covered
4.024 was filtered out as 42526693 G>A needs A but not covered
4.025 was filtered out as 42526693 G>A needs A but not covered
4.026 was filtered out as 42526693 G>A needs A but not covered
4.029 was filtered out as 42526693 G>A needs A but not covered
4.030 was filtered out as 42526693 G>A needs A but not covered
4.003 was filtered out as 42526693 G>A needs A but not covered
4.004 was filtered out as 42526693 G>A needs A but not covered
4.005 was filtered out as 42526693 G>A needs A but not covered
4.011 was filtered out as 42526693 G>A needs A but not covered
4.019 was filtered out as 42526693 G>A needs A but not covered
4.007 was filtered out as 42526693 G>A needs A but not covered
4.009 was filtered out as 42526693 G>A needs A but not covered
4.010 was filtered out as 42526693 G>A needs A but not covered
4.012 was filtered out as 42525820 G>T needs T but not covered
4.013 was filtered out as 42526693 G>A needs A but not covered
4.021 was filtered out as 42526693 G>A needs A but not covered
4.027 was filtered out as 42526693 G>A needs A but not covered
4.028 was filtered out as 42526693 G>A needs A but not covered
4.1013 was filtered out as 42526693 G>A needs A but not covered
4.1021 was filtered out as 42526693 G>A needs A but not covered
4.2021 was filtered out as 42526693 G>A needs A but not covered
6.001 was filtered out as 42525085 delA needs N but not covered
6.002 was filtered out as 42525085 delA needs N but not covered
6.005 was filtered out as 42525085 delA needs N but not covered
6.006 was filtered out as 42525085 delA needs N but not covered
6.003 was filtered out as 42525085 delA needs N but not covered
6.004 was filtered out as 42525085 delA needs N but not covered
7.001 was filtered out as 42523857 T>G needs G but not covered
8.001 was filtered out as 42525034 C>A needs A but not covered
9.001 was filtered out as 42524175 delCTT needs N but not covered
9.002 was filtered out as 42524175 delCTT needs N but not covered
10.001 was filtered out as 42526693 G>A needs A but not covered
10.002 was filtered out as 42526693 G>A needs A but not covered
10.003 was filtered out as 42526693 G>A needs A but not covered
10.004 was filtered out as 42526693 G>A needs A but not covered
10.005 was filtered out as 42526693 G>A needs A but not covered
10.006 was filtered out as 42526693 G>A needs A but not covered
10.007 was filtered out as 42526693 G>A needs A but not covered
10.1004 was filtered out as 42526693 G>A needs A but not covered
11.001 was filtered out as 42525911 C>G needs G but not covered
12.001 was filtered out as 42526669 C>T needs T but not covered
12.002 was filtered out as 42526669 C>T needs T but not covered
14.001 was filtered out as 42525034 C>T needs T but not covered
15.001 was filtered out as 42526655 insA needs P but not covered
15.002 was filtered out as 42526655 insA needs P but not covered
15.003 was filtered out as 42526655 insA needs P but not covered
17.001 was filtered out as 42525771 G>A needs A but not covered
17.002 was filtered out as 42525771 G>A needs A but not covered
17.003 was filtered out as 42525771 G>A needs A but not covered
17.004 was filtered out as 42525771 G>A needs A but not covered
17.005 was filtered out as 42525771 G>A needs A but not covered
17.006 was filtered out as 42525771 G>A needs A but not covered
18.001 was filtered out as 42522657 insCAGTGGGCA needs P but not covered
19.001 was filtered out as 42524250 delAGTT needs N but not covered
20.001 was filtered out as 42524815 insC needs P but not covered
21.001 was filtered out as 42524212 insG needs P but not covered
21.002 was filtered out as 42524212 insG needs P but not covered
22.001 was filtered out as 42526711 G>A needs A but not covered
23.001 was filtered out as 42525837 G>A needs A but not covered
24.001 was filtered out as 42523939 T>G needs G but not covered
25.001 was filtered out as 42523594 G>C needs C but not covered
26.001 was filtered out as 42523515 A>G needs G but not covered
27.001 was filtered out as 42522939 C>T needs T but not covered
28.001 was filtered out as 42526774 C>T needs T but not covered
28.002 was filtered out as 42526774 C>T needs T but not covered
30.001 was filtered out as 42524928 insGGGGCGAAA not covered (cov=0)
31.001 was filtered out as 42522750 C>T needs T but not covered
32.001 was filtered out as 42522939 C>T needs T but not covered
33.001 was filtered out as 42524309 C>A needs A but not covered
33.002 was filtered out as 42524309 C>A needs A but not covered
35.001 was filtered out as 42526762 C>T needs T but not covered
35.002 was filtered out as 42526762 C>T needs T but not covered
35.003 was filtered out as 42526762 C>T needs T but not covered
35.004 was filtered out as 42526762 C>T needs T but not covered
35.005 was filtered out as 42526762 C>T needs T but not covered
35.006 was filtered out as 42526762 C>T needs T but not covered
35.007 was filtered out as 42526762 C>T needs T but not covered
36.001 was filtered out as 42526693 G>A needs A but not covered
36.002 was filtered out as 42526693 G>A needs A but not covered
36.003 was filtered out as 42526693 G>A needs A but not covered
36.004 was filtered out as 42526693 G>A needs A but not covered
36.1001 was filtered out as 42526693 G>A needs A but not covered
37.001 was filtered out as 42526693 G>A needs A but not covered
38.001 was filtered out as 42524200 delTCAG needs N but not covered
40.001 was filtered out as 42525771 G>A needs A but not covered
41.001 was filtered out as 42523804 C>T needs T but not covered
41.002 was filtered out as 42523804 C>T needs T but not covered
41.003 was filtered out as 42523804 C>T needs T but not covered
41.004 was filtered out as 42523804 C>T needs T but not covered
41.005 was filtered out as 42523804 C>T needs T but not covered
42.001 was filtered out as 42523531 insAC needs P but not covered
43.001 was filtered out as 42526716 C>T needs T but not covered
43.002 was filtered out as 42526716 C>T needs T but not covered
44.001 was filtered out as 42526711 G>A needs A but not covered
45.001 was filtered out as 42525076 C>T needs T but not covered
45.002 was filtered out as 42525076 C>T needs T but not covered
45.003 was filtered out as 42525076 C>T needs T but not covered
45.004 was filtered out as 42525076 C>T needs T but not covered
46.001 was filtered out as 42525076 C>T needs T but not covered
46.002 was filtered out as 42525076 C>T needs T but not covered
46.003 was filtered out as 42525076 C>T needs T but not covered
47.001 was filtered out as 42526693 G>A needs A but not covered
48.001 was filtered out as 42525822 G>A needs A but not covered
49.001 was filtered out as 42526693 G>A needs A but not covered
50.001 was filtered out as 42525072 T>G needs G but not covered
51.001 was filtered out as 42523620 T>G needs G but not covered
52.001 was filtered out as 42526693 G>A needs A but not covered
52.002 was filtered out as 42526693 G>A needs A but not covered
53.001 was filtered out as 42525181 A>T needs T but not covered
54.001 was filtered out as 42526693 G>A needs A but not covered
55.001 was filtered out as 42522957 T>G needs G but not covered
56.001 was filtered out as 42523591 G>A needs A but not covered
56.002 was filtered out as 42526693 G>A needs A but not covered
56.003 was filtered out as 42526693 G>A needs A but not covered
57.001 was filtered out as 42526693 G>A needs A but not covered
57.1001 was filtered out as 42526693 G>A needs A but not covered
58.001 was filtered out as 42525771 G>A needs A but not covered
59.001 was filtered out as 42523853 C>T needs T but not covered
60.001 was filtered out as 42524904 insTA needs P but not covered
62.001 was filtered out as 42522748 G>A needs A but not covered
64.001 was filtered out as 42526693 G>A needs A but not covered
65.001 was filtered out as 42526693 G>A needs A but not covered
68.001 was filtered out as 42526693 G>A needs A but not covered
69.001 was filtered out as 42526693 G>A needs A but not covered
70.001 was filtered out as 42525184 C>T needs T but not covered
71.001 was filtered out as 42526668 C>T needs T but not covered
71.002 was filtered out as 42526668 C>T needs T but not covered
71.003 was filtered out as 42526668 C>T needs T but not covered
72.001 was filtered out as 42526693 G>A needs A but not covered
73.001 was filtered out as 42525781 C>T needs T but not covered
74.001 was filtered out as 42525820 G>T needs T but not covered
75.001 was filtered out as 42522747 C>T needs T but not covered
75.002 was filtered out as 42522747 C>T needs T but not covered
81.001 was filtered out as 42524213 G>A needs A but not covered
82.001 was filtered out as 42525820 G>T needs T but not covered
83.001 was filtered out as 42522664 G>C needs C but not covered
83.002 was filtered out as 42522664 G>C needs C but not covered
83.003 was filtered out as 42522664 G>C needs C but not covered
84.001 was filtered out as 42524218 G>T needs T but not covered
84.002 was filtered out as 42524218 G>T needs T but not covered
85.001 was filtered out as 42522635 A>C needs C but not covered
86.001 was filtered out as 42524186 C>T needs T but not covered
87.001 was filtered out as 42526693 G>A needs A but not covered
88.001 was filtered out as 42525780 A>G needs G but not covered
89.001 was filtered out as 42525114 A>G needs G but not covered
90.001 was filtered out as 42525099 T>C needs C but not covered
91.001 was filtered out as 42523804 C>T needs T but not covered
92.001 was filtered out as 42524797 delG needs N but not covered
93.001 was filtered out as 42524273 T>G needs G but not covered
94.001 was filtered out as 42526693 G>A needs A but not covered
94.002 was filtered out as 42526693 G>A needs A but not covered
95.001 was filtered out as 42526693 G>A needs A but not covered
96.001 was filtered out as 42522897 G>A needs A but not covered
97.001 was filtered out as 42522698 G>T needs T but not covered
98.001 was filtered out as 42522682 G>C needs C but not covered
99.001 was filtered out as 42526693 G>A needs A but not covered
100.001 was filtered out as 42526693 G>A needs A but not covered
101.001 was filtered out as 42526693 G>A needs A but not covered
102.001 was filtered out as 42525822 G>A needs A but not covered
103.001 was filtered out as 42525043 T>C needs C but not covered
104.001 was filtered out as 42525072 T>A needs A but not covered
105.001 was filtered out as 42523524 A>G needs G but not covered
107.001 was filtered out as 42525133 C>T needs T but not covered
108.001 was filtered out as 42523566 T>C needs C but not covered
109.001 was filtered out as 42524175 delCTT needs N but not covered
110.001 was filtered out as 42522736 C>T needs T but not covered
111.001 was filtered out as 42525760 C>T needs T but not covered
111.002 was filtered out as 42525760 C>T needs T but not covered
112.001 was filtered out as 42522606 G>A needs A but not covered
113.001 was filtered out as 42522753 C>T needs T but not covered
114.001 was filtered out as 42526693 G>A needs A but not covered
115.001 was filtered out as 42524175 delCTT needs N but not covered
116.001 was filtered out as 42523632 C>G needs G but not covered
117.001 was filtered out as 42523612 C>T needs T but not covered
118.001 was filtered out as 42523900 T>C needs C but not covered
119.001 was filtered out as 42523804 C>T needs T but not covered
120.001 was filtered out as 42526729 delG needs N but not covered
121.001 was filtered out as 42525043 T>C needs C but not covered
122.001 was filtered out as 42523513 C>T needs T but not covered
123.001 was filtered out as 42523804 C>T needs T but not covered
124.001 was filtered out as 42522982 delGA needs N but not covered
124.002 was filtered out as 42522982 delGA needs N but not covered
125.001 was filtered out as 42522720 C>T needs T but not covered
126.001 was filtered out as 42525135 G>A needs A but not covered
127.001 was filtered out as 42523527 C>T needs T but not covered
128.001 was filtered out as 42525888 A>C needs C but not covered
129.001 was filtered out as 42525156 C>T needs T but not covered
130.001 was filtered out as 42524879 CA>AG needs A but not covered
131.001 was filtered out as 42524326 A>G needs G but not covered
132.001 was filtered out as 42526693 G>A needs A but not covered
133.001 was filtered out as 42523603 C>T needs T but not covered
134.001 was filtered out as 42523590 C>T needs T but not covered
135.001 was filtered out as 42522927 G>A needs A but not covered
136.001 was filtered out as 42522878 G>A needs A but not covered
137.001 was filtered out as 42522579 C>T needs T but not covered
138.001 was filtered out as 42523804 C>T needs T but not covered
139.001 was filtered out as 42523527 C>T needs T but not covered
140.001 was filtered out as 42524330 G>A needs A but not covered
141.001 was filtered out as 42522664 G>C needs C but not covered
141.1001 was filtered out as 42525771 G>A needs A but not covered
142.001 was filtered out as 42526693 G>A needs A but not covered
143.001 was filtered out as 42526762 C>T needs T but not covered
144.001 was filtered out as 42524352 C>T needs T but not covered
145.001 was filtered out as 42524928 insGGGGCGAAA not covered (cov=0)
146.001 was filtered out as 42526716 C>T needs T but not covered
147.001 was filtered out as 42526693 G>A needs A but not covered
148.001 was filtered out as 42526716 C>T needs T but not covered
149.001 was filtered out as 42525800 G>C needs C but not covered
152.001 was filtered out as 42524341 G>A needs A but not covered
153.001 was filtered out as 42524808 C>T needs T but not covered
154.001 was filtered out as 42525771 G>A needs A but not covered
155.001 was filtered out as 42522716 C>T needs T but not covered
156.001 was filtered out as 42526639 G>A needs A but not covered
157.001 was filtered out as 42525045 G>A needs A but not covered
158.001 was filtered out as 42523804 C>T needs T but not covered
159.001 was filtered out as 42526671 G>A needs A but not covered
160.001 was filtered out as 42525820 G>T needs T but not covered
161.001 was filtered out as 42525184 C>A needs A but not covered
162.001 was filtered out as 42522939 C>T needs T but not covered
163.001 was filtered out as 42525157 A>G needs G but not covered
[filter] CYP2D6 1.001 => 1.001; 1.002; 1.003; 1.004; 1.005; 1.006; 1.007; 1.008; 1.009; 1.010; 1.011; 1.012; 1.013; 1.014; 1.015; 1.016; 1.017; 1.018; 1.019; 1.020; 1.021; 1.022; 1.023; 1.024; 1.025; 1.026; 1.027; 1.028; 1.029; 1.030; 1.031; 1.032; 1.033; 1.034; 1.035; 1.036; 1.037; 1.038; 1.039; 1.040; 1.041; 1.042; 1.043; 1.044; 1.045; 1.046; 1.047; 1.048; 1.049
[filter] CYP2D6 2.001 => 2.001; 2.002; 2.003; 2.004; 2.005; 2.006; 2.007; 2.008; 2.009; 2.010; 2.011; 2.012; 2.013; 2.014; 2.015; 2.016; 2.017; 2.018; 2.019; 2.020; 2.021; 2.022; 2.023; 2.024; 2.025; 2.026; 2.027; 2.028; 2.030
[filter] CYP2D6 5.001 => 5.001
[filter] CYP2D6 29.001 => 29.001
[filter] CYP2D6 34.001 => 34.001
[filter] CYP2D6 39.001 => 39.001; 39.002
[filter] CYP2D6 61.001 => 61.001
[filter] CYP2D6 63.001 => 63.001
[filter] CYP2D6 68.002 => 68.002
[filter] CYP2D6 83.1003 => 83.1003
[filter] CYP2D6 106.001 => 106.001; 106.002; 106.003
[filter] valid_alleles=90
CYP2D6:42522311 → A:0, C*:25, G:0, M:0, N:0, P:0, T:0
CYP2D6:42522391 → A:0, C:0, G*:29, M:0, N:0, P:0, T:0
CYP2D6:42522397 → A:0, C*:29, G:0, M:0, N:0, P:0, T:0
CYP2D6:42522608 → A:0, C:0, G:0, M:0, N:0, P:0, T*:36
CYP2D6:42522612^ → A:0, C*:22, G^:14, M:0, N:0, P:0, T:0
CYP2D6:42522677 → A:0, C:0, G*:42, M:0, N:0, P:0, T:0
CYP2D6:42522764 → A:0, C:0, G*:42, M:0, N:0, P:0, T:0
CYP2D6:42522844 → A*:37, C:0, G:0, M:0, N:0, P:0, T:0
CYP2D6:42522915^ → A:0, C*:14, G:0, M:0, N:0, P:0, T^:18
CYP2D6:42522964 → A:0, C*:30, G:0, M:0, N:0, P:0, T:0
CYP2D6:42523002 → A:0, C:0, G*:20, M:0, N:0, P:0, T:0
CYP2D6:42523070 → A*:33, C:0, G:0, M:0, N:0, P:0, T:0
CYP2D6:42523085 → A:0, C*:35, G:0, M:0, N:0, P:0, T:0
CYP2D6:42523144 → A:0, C:0, G*:51, M:0, N:0, P:0, T:0
CYP2D6:42523157 → A:0, C:0, G*:49, M:0, N:0, P:0, T:0
CYP2D6:42523208 → A:0, C*:44, G:0, M:0, N:0, P:0, T:0
CYP2D6:42523210 → A:0, C:0, G:0, M:0, N:0, P:0, T*:44
CYP2D6:42523240 → A:0, C:0, G*:43, M:0, N:0, P:0, T:0
CYP2D6:42523246 → A:0, C*:40, G:0, M:0, N:0, P:0, T:0
CYP2D6:42523408 → A:0, C:0, G:27, M:0, N:0, P:0, T*:20
CYP2D6:42523538 → A*:42, C:0, G:0, M:0, N:0, P:0, T:0
CYP2D6:42523609^ → A:0, C*:18, G:0, M:0, N:0, P:0, T^:20
CYP2D6:42523649 → A:0, C*:43, G:0, M:0, N:0, P:0, T:0
CYP2D6:42523661 → A:0, C:0, G*:43, M:0, N:0, P:0, T:0
CYP2D6:42523672 → A:0, C*:46, G:0, M:0, N:0, P:0, T:0
CYP2D6:42523681 → A:0, C*:40, G:0, M:0, N:0, P:0, T:0
CYP2D6:42523702 → A:0, C*:37, G:0, M:0, N:0, P:0, T:0
CYP2D6:42523759 → A:0, C*:40, G:0, M:0, N:0, P:0, T:0
CYP2D6:42523787 → A:0, C*:32, G:0, M:0, N:0, P:0, T:0
CYP2D6:42523808 → A:0, C*:32, G:0, M:0, N:0, P:0, T:0
CYP2D6:42523812 → A:0, C:0, G*:28, M:0, N:0, P:0, T:0
CYP2D6:42523942^ → A^:21, C:0, G*:20, M:0, N:0, P:0, T:0
CYP2D6:42524032 → A*:38, C:0, G:0, M:0, N:0, P:0, T:0
CYP2D6:42524072 → A:0, C*:37, G:0, M:0, N:0, P:0, T:0
CYP2D6:42524129 → A:0, C*:31, G:0, M:0, N:0, P:0, T:0
CYP2D6:42524131 → A:0, C*:33, G:0, M:0, N:0, P:0, T:0
CYP2D6:42524148 → A:0, C:0, G*:44, M:0, N:0, P:0, T:0
CYP2D6:42524161 → A:0, C:0, G*:41, M:0, N:0, P:0, T:0
CYP2D6:42524217 → A:0, C:0, G*:37, M:0, N:0, P:0, T:0
CYP2D6:42524312 → A:0, C:0, G*:37, M:0, N:0, P:0, T:0
CYP2D6:42524322 → A*:35, C:0, G:0, M:0, N:0, P:0, T:0
CYP2D6:42524368 → A:0, C:0, G*:37, M:0, N:0, P:0, T:0
CYP2D6:42524489 → A:0, C:0, G*:29, M:0, N:0, P:0, T:0
CYP2D6:42524500 → A:0, C*:15, G:0, M:0, N:0, P:0, T:14
CYP2D6:42524501 → A:0, C*:30, G:0, M:0, N:0, P:0, T:0
CYP2D6:42524577 → A:0, C:14, G:0, M:0, N:0, P:0, T*:16
CYP2D6:42524581 → A:0, C:0, G*:30, M:0, N:0, P:0, T:0
CYP2D6:42524669 → A:17, C:0, G*:19, M:0, N:0, P:0, T:0
CYP2D6:42524695 → A:0, C:0, G:0, M:0, N:0, P:0, T*:37
CYP2D6:42524737 → A:0, C*:49, G:0, M:0, N:0, P:0, T:0
CYP2D6:42524742 → A:9, C:0, G*:39, M:0, N:0, P:0, T:0
CYP2D6:42524794 → A*:33, C:0, G:14, M:0, N:0, P:0, T:0
CYP2D6:42524814 → A:0, C:0, G*:48, M:0, N:0, P:0, T:0
CYP2D6:42524923 → A*:41, C:0, G:0, M:0, N:0, P:0, T:0
CYP2D6:42524969 → A:0, C:0, G*:41, M:0, N:0, P:0, T:0
CYP2D6:42525035 → A:0, C:0, G*:50, M:0, N:0, P:0, T:0
CYP2D6:42525068 → A:0, C:0, G*:52, M:0, N:0, P:0, T:0
CYP2D6:42525131^ → A:0, C*:22, G:0, M^:25, N:0, P:0, T:0
CYP2D6:42525134 → A:0, C:0, G*:49, M:0, N:0, P:0, T:0
CYP2D6:42525215 → A:0, C:0, G*:38, M:0, N:0, P:0, T:0
CYP2D6:42525238 → A*:42, C:0, G:0, M:0, N:0, P:0, T:0
CYP2D6:42525279 → A:0, C:0, G*:39, M:0, N:0, P:0, T:0
CYP2D6:42525423 → A:0, C*:39, G:0, M:0, N:0, P:0, T:0
CYP2D6:42525443 → A:0, C*:35, G:0, M:0, N:0, P:0, T:0
CYP2D6:42525499 → A:0, C*:28, G:0, M:0, N:0, P:0, T:0
CYP2D6:42525525 → A:0, C*:31, G:0, M:0, N:0, P:0, T:0
CYP2D6:42525541 → A:0, C:0, G*:34, M:0, N:0, P:0, T:0
CYP2D6:42525564 → A:0, C*:32, G:0, M:0, N:0, P:0, T:0
CYP2D6:42525615 → A:0, C*:37, G:0, M:0, N:0, P:0, T:0
CYP2D6:42525624 → A:0, C*:39, G:0, M:0, N:0, P:0, T:0
CYP2D6:42525644 → A:0, C:0, G*:43, M:0, N:0, P:0, T:0
CYP2D6:42525707 → A:0, C:0, G*:31, M:0, N:0, P:0, T:0
CYP2D6:42525727 → A*:30, C:0, G:0, M:0, N:0, P:0, T:0
CYP2D6:42525755 → A:0, C:0, G*:28, M:0, N:0, P:0, T:0
CYP2D6:42525797 → A:0, C:0, G*:27, M:0, N:0, P:0, T:0
CYP2D6:42525951 → A*:9, C:22, G:0, M:0, N:0, P:0, T:0
CYP2D6:42526048 → A:0, C:15, G*:10, M:0, N:0, P:0, T:0
CYP2D6:42526050 → A:0, C:0, G*:13, M:0, N:12, P:0, T:0
CYP2D6:42526483 → A:22, C*:19, G:0, M:0, N:0, P:0, T:0
CYP2D6:42526523 → A:0, C:0, G*:32, M:0, N:0, P:0, T:0
CYP2D6:42526548 → A:0, C:0, G:0, M:0, N:0, P:0, T*:32
CYP2D6:42526560 → A:0, C:0, G:0, M:0, N:0, P:0, T*:32
CYP2D6:42526561 → A:0, C*:32, G:0, M:0, N:0, P:0, T:0
CYP2D6:42526566 → A*:32, C:0, G:0, M:0, N:0, P:0, T:0
CYP2D6:42526570 → A:0, C:0, G*:31, M:0, N:0, P:0, T:0
CYP2D6:42526572 → A:0, C:0, G*:32, M:0, N:0, P:0, T:0
CYP2D6:42526579 → A:0, C*:38, G:0, M:0, N:0, P:0, T:0
CYP2D6:42526811 → A:0, C:0, G:0, M:0, N:0, P:0, T*:50
CYP2D6:42526815 → A:0, C*:49, G:0, M:0, N:0, P:0, T:0
CYP2D6:42526835 → A*:43, C:0, G:0, M:0, N:0, P:0, T:0
CYP2D6:42526878 → A*:37, C:0, G:0, M:0, N:0, P:0, T:0
CYP2D6:42526896 → A:0, C*:37, G:0, M:0, N:0, P:0, T:0
CYP2D6:42526922 → A*:34, C:0, G:0, M:0, N:0, P:0, T:0
CYP2D6:42526968 → A:0, C*:28, G:0, M:0, N:0, P:0, T:9
CYP2D6:42527075 → A:0, C:0, G*:47, M:0, N:0, P:0, T:0
CYP2D6:42527115 → A*:53, C:0, G:0, M:0, N:0, P:0, T:0
CYP2D6:42527157 → A:0, C*:60, G:0, M:0, N:0, P:0, T:0
CYP2D6:42527186 → A:0, C*:46, G:0, M:0, N:0, P:0, T:0
CYP2D6:42527223 → A:0, C:0, G*:47, M:0, N:0, P:0, T:0
CYP2D6:42527290 → A:0, C:0, G*:50, M:0, N:0, P:0, T:0
CYP2D6:42527380 → A:0, C*:47, G:0, M:0, N:0, P:0, T:0
CYP2D6:42527470 → A:0, C*:40, G:0, M:0, N:0, P:0, T:0
CYP2D6:42527484 → A:0, C*:40, G:0, M:0, N:0, P:0, T:0
CYP2D6:42527532 → A:17, C:0, G*:24, M:0, N:0, P:0, T:0
CYP2D6:42527541 → A:0, C:0, G:0, M:0, N:0, P:0, T*:42
CYP2D6:42527544 → A:0, C*:44, G:0, M:0, N:0, P:0, T:0
CYP2D6:42527632 → A*:35, C:0, G:0, M:0, N:0, P:0, T:0
CYP2D6:42527738 → A:0, C*:43, G:0, M:0, N:0, P:0, T:0
CYP2D6:42527776 → A:0, C*:44, G:0, M:0, N:0, P:0, T:0
CYP2D6:42527885 → A*:43, C:0, G:0, M:0, N:0, P:0, T:0
CYP2D6:42527890 → A:0, C:0, G:0, M:0, N:0, P:0, T*:43
CYP2D6:42528027 → A:0, C:28, G:0, M:0, N:0, P:0, T*:0
CYP2D6:42528095 → A:0, C*:32, G:0, M:0, N:0, P:0, T:0
CYP2D6:42528123 → A:0, C:0, G*:23, M:0, N:0, P:0, T:0
CYP2D6:42528205 → A:0, C*:18, G:0, M:0, N:0, P:0, T:14
CYP2D6:42528215 → A*:19, C:0, G:0, M:0, N:0, P:0, T:14
CYP2D6:42528223 → A:0, C:0, G*:36, M:0, N:0, P:0, T:0
CYP2D6:42528381 → A:0, C:0, G*:34, M:0, N:0, P:0, T:0
CYP2D6:42528391 → A*:22, C:0, G:14, M:0, N:0, P:0, T:0
Step 0: Loss=0.0944, CN=[2.0999167]
Step 100: Loss=0.0854, CN=[2.145168]
Step 200: Loss=0.0854, CN=[2.144591]
Step 300: Loss=0.0854, CN=[2.1445885]
Step 400: Loss=0.0854, CN=[2.1445887]

=== Fit ===
Region 0: obs=2.646, exp=2.145, diff=+0.501 *
Region 1: obs=2.436, exp=2.145, diff=+0.292 
Region 2: obs=2.496, exp=2.145, diff=+0.352 
Region 3: obs=1.993, exp=2.145, diff=-0.152 
Region 4: obs=1.641, exp=2.145, diff=-0.504 *
Region 5: obs=2.041, exp=2.145, diff=-0.104 
Region 6: obs=2.613, exp=2.145, diff=+0.469 
Region 7: obs=2.514, exp=2.145, diff=+0.369 
Region 8: obs=2.479, exp=2.145, diff=+0.335 
Region 9: obs=1.958, exp=2.145, diff=-0.187 
Region 10: obs=2.143, exp=2.145, diff=-0.001 
Region 11: obs=2.064, exp=2.145, diff=-0.080 
Region 12: obs=2.268, exp=2.145, diff=+0.124 
Region 13: obs=2.105, exp=2.145, diff=-0.040 
Region 14: obs=2.262, exp=2.145, diff=+0.117 
Region 15: obs=2.396, exp=2.145, diff=+0.252 
Region 16: obs=1.824, exp=2.145, diff=-0.320 
Region 17: obs=2.024, exp=2.145, diff=-0.120 
Region 18: obs=2.173, exp=2.145, diff=+0.028 
Region 19: obs=1.623, exp=2.145, diff=-0.521 *
Region 20: obs=1.629, exp=2.145, diff=-0.516 *
Region 21: obs=0.000, exp=2.145, diff=-2.145 *
Region 22: obs=2.313, exp=2.145, diff=+0.168 

[Gene CN Results]
  CYP2D6: 2.14 → 2.1445887088775635

=== CYP2D6 Fusion Template CN Estimation ===

Using CN configs: ['1', '68.001', '141.1001']

Region coverage:
  up: 2.6
  utr5: 2.4
  e1: 2.5
  i1: 2.0
  e2: 1.6
  i2: 2.0
  e3: 2.6
  i3: 2.5
  e4: 2.5
  i4: 2.0
  e5: 2.1
  i5: 2.1
  e6: 2.3
  i6: 2.1
  e7: 2.3
  i7: 2.4
  e8: 1.8
  i8: 2.0
  e9: 2.2
  utr3: 1.6
  ins: 1.6
  pce: 0.0
  rep: 2.3
  e1_2d7: 0.0
  e2_2d7: 0.0
  e3_2d7: 0.1
  e5_2d7: 0.0
  e6_2d7: 0.3
  e9_2d7: 0.3
  pce_2d7: 0.4

CN configs: ['1', '68.001', '141.1001']
PCE contributions: {'1': tensor(0.), '68.001': tensor(1.), '141.1001': tensor(1.)}
Gene CN: 2.14 → required total: 2
Respect gene CN constraint: True
Enumerating configurations that sum to 2...
Evaluated 6 configurations

Top 5 configurations:
  1. loss=2.18: 1:2
  2. loss=5.93: 1:1, 141.1001:1
  3. loss=20.19: 141.1001:2
  4. loss=21.56: 1:1, 68.001:1
  5. loss=35.81: 68.001:1, 141.1001:1

Best CN assignment (loss=2.18):
  1: 2
  Total: 2

Fit comparison:
  up: obs=2.6, exp=2.0, diff=+0.6
  utr5: obs=2.4, exp=2.0, diff=+0.4
  e1: obs=2.5, exp=2.0, diff=+0.5
  i1: obs=2.0, exp=2.0, diff=-0.0
  e2: obs=1.6, exp=2.0, diff=-0.4
  i2: obs=2.0, exp=2.0, diff=+0.0
  e3: obs=2.6, exp=2.0, diff=+0.6
  i3: obs=2.5, exp=2.0, diff=+0.5
  e4: obs=2.5, exp=2.0, diff=+0.5
  i4: obs=2.0, exp=2.0, diff=-0.0
  e5: obs=2.1, exp=2.0, diff=+0.1
  i5: obs=2.1, exp=2.0, diff=+0.1
  e6: obs=2.3, exp=2.0, diff=+0.3
  i6: obs=2.1, exp=2.0, diff=+0.1
  e7: obs=2.3, exp=2.0, diff=+0.3
  i7: obs=2.4, exp=2.0, diff=+0.4
  e8: obs=1.8, exp=2.0, diff=-0.2
  i8: obs=2.0, exp=2.0, diff=+0.0
  e9: obs=2.2, exp=2.0, diff=+0.2
  utr3: obs=1.6, exp=2.0, diff=-0.4
  ins: obs=1.6, exp=2.0, diff=-0.4
  pce: obs=0.0, exp=0.0, diff=+0.0
  rep: obs=2.3, exp=2.0, diff=+0.3
  e1_2d7: obs=0.0, exp=0.0, diff=+0.0
  e2_2d7: obs=0.0, exp=0.0, diff=+0.0
  e3_2d7: obs=0.1, exp=0.0, diff=+0.1
  e5_2d7: obs=0.0, exp=0.0, diff=+0.0
  e6_2d7: obs=0.3, exp=0.0, diff=+0.3
  e9_2d7: obs=0.3, exp=0.0, diff=+0.3
  pce_2d7: obs=0.4, exp=0.0, diff=+0.4

[Selected CN Configs] 1:2
  Total CYP2D6 CN: 2

[Filtering alleles by cn_config]

Kept alleles by cn_config:
  1: 6 major alleles
    *1.001, *106.001, *2.001, *29.001, *34.001, *39.001

  Filtered: 5 alleles
  Kept: 85 alleles

[Updating N variant counts for deleted regions]
  Total updated: 0 positions

[Rebuilding allele vectors for fusion cn_configs]
Using device: cuda
num_sparse_entries: 10115
max sparse_flat_index: 70804
expected max: 70804

=== Running VAE with seed 42 ===
Global Pooled JS: 0.075807
Seed 42, Step    0: Loss = 1474.30 (Recon: 966.12, Allele KL: 243.96, Base KL: 148504.59, Functional KL: 0.08
Global Pooled JS: 0.011615
Seed 42, Step  500: Loss = 869.63 (Recon: 691.16, Allele KL: 58.24, Base KL: 62874.71, Functional KL: 0.01
Global Pooled JS: 0.016451
Seed 42, Step 1000: Loss = 878.21 (Recon: 688.63, Allele KL: 67.82, Base KL: 64561.85, Functional KL: 0.02
Global Pooled JS: 0.011700
Seed 42, Step 1500: Loss = 866.77 (Recon: 687.30, Allele KL: 62.00, Base KL: 62620.45, Functional KL: 0.01
Global Pooled JS: 0.014018
Seed 42, Step 2000: Loss = 867.84 (Recon: 689.35, Allele KL: 60.18, Base KL: 61756.92, Functional KL: 0.01
Global Pooled JS: 0.013066
Seed 42, Step 2500: Loss = 882.98 (Recon: 709.15, Allele KL: 53.63, Base KL: 63014.74, Functional KL: 0.01

Top Variants with Coverage Mismatches:
Rank   Variant                        Expected     Observed     Diff       |Div|       
------------------------------------------------------------------------------------------
1      CYP2D6:42522915→C              20.92        14.00        6.92       0.002012    
2      CYP2D6:42522612→G              19.41        14.00        5.41       0.001318    
3      CYP2D6:42525131→M              19.23        25.00        -5.77      0.000817    
4      CYP2D6:42525131→G              0.41         0.00         0.41       0.000757    
5      CYP2D6:42525131→C              17.79        22.00        -4.21      0.000463    
6      CYP2D6:42522612→C              17.80        22.00        -4.20      0.000458    
7      CYP2D6:42522612→P              0.14         0.00         0.14       0.000258    
8      CYP2D6:42522612→T              0.14         0.00         0.14       0.000256    
9      CYP2D6:42522612→N              0.14         0.00         0.14       0.000255    
10     CYP2D6:42522612→M              0.14         0.00         0.14       0.000252    
11     CYP2D6:42522612→A              0.13         0.00         0.13       0.000244    
12     CYP2D6:42523942→C              0.13         0.00         0.13       0.000241    
13     CYP2D6:42523942→N              0.13         0.00         0.13       0.000238    
14     CYP2D6:42523609→G              0.13         0.00         0.13       0.000236    
15     CYP2D6:42523942→T              0.13         0.00         0.13       0.000235    
16     CYP2D6:42523942→M              0.13         0.00         0.13       0.000234    
17     CYP2D6:42523942→P              0.13         0.00         0.13       0.000232    
18     CYP2D6:42523609→A              0.12         0.00         0.12       0.000228    
19     CYP2D6:42523609→P              0.12         0.00         0.12       0.000227    
20     CYP2D6:42523609→N              0.12         0.00         0.12       0.000224    
21     CYP2D6:42525131→A              0.12         0.00         0.12       0.000223    
22     CYP2D6:42523609→M              0.12         0.00         0.12       0.000222    
23     CYP2D6:42525131→T              0.12         0.00         0.12       0.000221    
24     CYP2D6:42525131→N              0.12         0.00         0.12       0.000216    
25     CYP2D6:42525131→P              0.12         0.00         0.12       0.000212    
26     CYP2D6:42522915→G              0.11         0.00         0.11       0.000205    
27     CYP2D6:42522915→P              0.11         0.00         0.11       0.000205    
28     CYP2D6:42522915→N              0.11         0.00         0.11       0.000203    
29     CYP2D6:42522915→M              0.11         0.00         0.11       0.000199    
30     CYP2D6:42522915→A              0.11         0.00         0.11       0.000194    
31     CYP2D6:42523942→G              17.80        20.00        -2.20      0.000107    
32     CYP2D6:42522915→T              16.44        18.00        -1.56      0.000051    
33     CYP2D6:42523942→A              19.46        21.00        -1.54      0.000037    
34     CYP2D6:42523609→C              18.10        18.00        0.10       0.000010    
35     CYP2D6:42523609→T              19.19        20.00        -0.81      0.000004    
New best model with final loss: 865.46

=== Running VAE with seed 123 ===
Global Pooled JS: 0.129872
Seed 123, Step    0: Loss = 1991.51 (Recon: 1456.43, Allele KL: 274.40, Base KL: 151515.69, Functional KL: 0.13
Global Pooled JS: 0.017052
Seed 123, Step  500: Loss = 874.83 (Recon: 697.01, Allele KL: 44.69, Base KL: 63564.33, Functional KL: 0.02
Global Pooled JS: 0.016600
Seed 123, Step 1000: Loss = 862.59 (Recon: 689.20, Allele KL: 54.32, Base KL: 62152.95, Functional KL: 0.02
Global Pooled JS: 0.011357
Seed 123, Step 1500: Loss = 866.93 (Recon: 693.71, Allele KL: 53.66, Base KL: 62022.04, Functional KL: 0.01
Global Pooled JS: 0.016853
Seed 123, Step 2000: Loss = 868.02 (Recon: 690.00, Allele KL: 62.58, Base KL: 61948.75, Functional KL: 0.02
Global Pooled JS: 0.016330
Seed 123, Step 2500: Loss = 864.43 (Recon: 692.05, Allele KL: 47.28, Base KL: 62002.62, Functional KL: 0.02

Top Variants with Coverage Mismatches:
Rank   Variant                        Expected     Observed     Diff       |Div|       
------------------------------------------------------------------------------------------
1      CYP2D6:42522915→C              20.07        14.00        6.07       0.001608    
2      CYP2D6:42525131→M              18.49        25.00        -6.51      0.001086    
3      CYP2D6:42522612→G              18.63        14.00        4.63       0.001005    
4      CYP2D6:42525131→G              0.37         0.00         0.37       0.000680    
5      CYP2D6:42525131→C              18.57        22.00        -3.43      0.000282    
6      CYP2D6:42522612→C              18.58        22.00        -3.42      0.000280    
7      CYP2D6:42522612→A              0.14         0.00         0.14       0.000258    
8      CYP2D6:42522612→N              0.14         0.00         0.14       0.000258    
9      CYP2D6:42522612→T              0.14         0.00         0.14       0.000257    
10     CYP2D6:42522612→M              0.14         0.00         0.14       0.000254    
11     CYP2D6:42522612→P              0.14         0.00         0.14       0.000251    
12     CYP2D6:42523609→N              0.13         0.00         0.13       0.000229    
13     CYP2D6:42523609→G              0.12         0.00         0.12       0.000228    
14     CYP2D6:42523609→A              0.12         0.00         0.12       0.000228    
15     CYP2D6:42523942→P              0.12         0.00         0.12       0.000226    
16     CYP2D6:42523609→M              0.12         0.00         0.12       0.000225    
17     CYP2D6:42523942→M              0.12         0.00         0.12       0.000225    
18     CYP2D6:42523942→C              0.12         0.00         0.12       0.000224    
19     CYP2D6:42523942→N              0.12         0.00         0.12       0.000224    
20     CYP2D6:42525131→T              0.12         0.00         0.12       0.000220    
21     CYP2D6:42525131→P              0.12         0.00         0.12       0.000219    
22     CYP2D6:42523942→T              0.12         0.00         0.12       0.000219    
23     CYP2D6:42523609→P              0.12         0.00         0.12       0.000218    
24     CYP2D6:42522915→N              0.12         0.00         0.12       0.000216    
25     CYP2D6:42525131→N              0.12         0.00         0.12       0.000216    
26     CYP2D6:42525131→A              0.12         0.00         0.12       0.000216    
27     CYP2D6:42522915→M              0.12         0.00         0.12       0.000215    
28     CYP2D6:42522915→A              0.12         0.00         0.12       0.000213    
29     CYP2D6:42522915→P              0.12         0.00         0.12       0.000212    
30     CYP2D6:42522915→G              0.12         0.00         0.12       0.000212    
31     CYP2D6:42523942→A              18.73        21.00        -2.27      0.000108    
32     CYP2D6:42523609→C              18.82        18.00        0.82       0.000055    
33     CYP2D6:42523609→T              18.47        20.00        -1.53      0.000040    
34     CYP2D6:42523942→G              18.57        20.00        -1.43      0.000033    
35     CYP2D6:42522915→T              17.25        18.00        -0.75      0.000004    

=== Running VAE with seed 456 ===
Global Pooled JS: 0.167010
Seed 456, Step    0: Loss = 2128.41 (Recon: 1646.96, Allele KL: 211.82, Base KL: 164342.47, Functional KL: 0.17
Global Pooled JS: 0.024624
Seed 456, Step  500: Loss = 882.04 (Recon: 700.90, Allele KL: 49.06, Base KL: 63735.90, Functional KL: 0.02
Global Pooled JS: 0.011390
Seed 456, Step 1000: Loss = 864.68 (Recon: 688.82, Allele KL: 55.91, Base KL: 62635.80, Functional KL: 0.01
Global Pooled JS: 0.012789
Seed 456, Step 1500: Loss = 861.56 (Recon: 684.27, Allele KL: 62.19, Base KL: 62103.24, Functional KL: 0.01
Global Pooled JS: 0.012946
Seed 456, Step 2000: Loss = 863.32 (Recon: 686.09, Allele KL: 54.45, Base KL: 64352.33, Functional KL: 0.01
Global Pooled JS: 0.013653
Seed 456, Step 2500: Loss = 863.02 (Recon: 686.48, Allele KL: 54.81, Base KL: 62852.28, Functional KL: 0.01

Top Variants with Coverage Mismatches:
Rank   Variant                        Expected     Observed     Diff       |Div|       
------------------------------------------------------------------------------------------
1      CYP2D6:42522915→C              19.82        14.00        5.82       0.001494    
2      CYP2D6:42525131→M              17.95        25.00        -7.05      0.001310    
3      CYP2D6:42525131→G              0.48         0.00         0.48       0.000884    
4      CYP2D6:42522612→G              18.19        14.00        4.19       0.000845    
5      CYP2D6:42522612→A              0.14         0.00         0.14       0.000257    
6      CYP2D6:42522612→P              0.14         0.00         0.14       0.000254    
7      CYP2D6:42522612→M              0.14         0.00         0.14       0.000252    
8      CYP2D6:42522612→T              0.13         0.00         0.13       0.000244    
9      CYP2D6:42522612→N              0.13         0.00         0.13       0.000239    
10     CYP2D6:42523942→T              0.12         0.00         0.12       0.000227    
11     CYP2D6:42523942→P              0.12         0.00         0.12       0.000227    
12     CYP2D6:42523942→M              0.12         0.00         0.12       0.000225    
13     CYP2D6:42523609→P              0.12         0.00         0.12       0.000224    
14     CYP2D6:42523609→N              0.12         0.00         0.12       0.000223    
15     CYP2D6:42523942→N              0.12         0.00         0.12       0.000222    
16     CYP2D6:42523942→C              0.12         0.00         0.12       0.000219    
17     CYP2D6:42523609→M              0.12         0.00         0.12       0.000218    
18     CYP2D6:42522915→M              0.12         0.00         0.12       0.000218    
19     CYP2D6:42523609→G              0.12         0.00         0.12       0.000215    
20     CYP2D6:42523609→A              0.12         0.00         0.12       0.000214    
21     CYP2D6:42522915→P              0.12         0.00         0.12       0.000212    
22     CYP2D6:42525131→A              0.12         0.00         0.12       0.000211    
23     CYP2D6:42522915→A              0.11         0.00         0.11       0.000208    
24     CYP2D6:42525131→N              0.11         0.00         0.11       0.000208    
25     CYP2D6:42525131→P              0.11         0.00         0.11       0.000206    
26     CYP2D6:42522915→G              0.11         0.00         0.11       0.000206    
27     CYP2D6:42525131→T              0.11         0.00         0.11       0.000203    
28     CYP2D6:42522915→N              0.11         0.00         0.11       0.000202    
29     CYP2D6:42525131→C              19.02        22.00        -2.98      0.000199    
30     CYP2D6:42522612→C              19.04        22.00        -2.96      0.000197    
31     CYP2D6:42523942→A              18.27        21.00        -2.73      0.000172    
32     CYP2D6:42523609→C              19.40        18.00        1.40       0.000117    
33     CYP2D6:42523609→T              17.91        20.00        -2.09      0.000093    
34     CYP2D6:42523942→G              19.03        20.00        -0.97      0.000009    
35     CYP2D6:42522915→T              17.51        18.00        -0.49      0.000000    

=== Multi-Seed VAE Results ===
Best model had seed 42 with final loss: 865.46
All seeds final losses:
  Seed 42: Total=865.46 (Recon=686.84, A_KL=61.84, B_KL=63042.04) <- Best
  Seed 123: Total=866.54 (Recon=685.63, A_KL=66.25, B_KL=62186.29)
  Seed 456: Total=869.63 (Recon=692.95, A_KL=59.02, B_KL=61860.34)

[Raw]:
CYP2D6*29: Normalized=0.5262, Unnormalized=0.53
CYP2D6*106: Normalized=0.4512, Unnormalized=0.45

Allocating by cn_config:

[Alleles]
CYP2D6*29
CYP2D6*106
	Command being timed: "python /home/qinghuiz/aidy/push/Neretva/neretva/cyp.py CYP2D6 /project/shared/aldy-data/wgs/NA18519.wgs.cram"
	User time (seconds): 307.90
	System time (seconds): 60.04
	Percent of CPU this job got: 101%
	Elapsed (wall clock) time (h:mm:ss or m:ss): 6:03.01
	Average shared text size (kbytes): 0
	Average unshared data size (kbytes): 0
	Average stack size (kbytes): 0
	Average total size (kbytes): 0
	Maximum resident set size (kbytes): 2859444
	Average resident set size (kbytes): 0
	Major (requiring I/O) page faults: 0
	Minor (reclaiming a frame) page faults: 1059844
	Voluntary context switches: 24870
	Involuntary context switches: 405
	Swaps: 0
	File system inputs: 0
	File system outputs: 104
	Socket messages sent: 0
	Socket messages received: 0
	Signals delivered: 0
	Page size (bytes): 4096
	Exit status: 0
