2026-03-11 06:16:28.982795: I tensorflow/core/util/port.cc:111] oneDNN custom operations are on. You may see slightly different numerical results due to floating-point round-off errors from different computation orders. To turn them off, set the environment variable `TF_ENABLE_ONEDNN_OPTS=0`.
2026-03-11 06:16:29.020080: E tensorflow/compiler/xla/stream_executor/cuda/cuda_dnn.cc:9342] Unable to register cuDNN factory: Attempting to register factory for plugin cuDNN when one has already been registered
2026-03-11 06:16:29.020274: E tensorflow/compiler/xla/stream_executor/cuda/cuda_fft.cc:609] Unable to register cuFFT factory: Attempting to register factory for plugin cuFFT when one has already been registered
2026-03-11 06:16:29.020433: E tensorflow/compiler/xla/stream_executor/cuda/cuda_blas.cc:1518] Unable to register cuBLAS factory: Attempting to register factory for plugin cuBLAS when one has already been registered
2026-03-11 06:16:29.039878: I tensorflow/core/platform/cpu_feature_guard.cc:182] This TensorFlow binary is optimized to use available CPU instructions in performance-critical operations.
To enable the following instructions: AVX2 AVX512F AVX512_VNNI FMA, in other operations, rebuild TensorFlow with the appropriate compiler flags.
AttributeError: 'MessageFactory' object has no attribute 'GetPrototype'
2026-03-11 06:16:30.198104: W tensorflow/compiler/tf2tensorrt/utils/py_utils.cc:38] TF-TRT Warning: Could not find TensorRT
AttributeError: 'MessageFactory' object has no attribute 'GetPrototype'
[info] total indices 2506
[info] total variants 2506
3.001 was filtered out as 42524243 delT needs N but not covered
3.002 was filtered out as 42524243 delT needs N but not covered
4.001 was filtered out as 42526693 G>A needs A but not covered
4.002 was filtered out as 42526693 G>A needs A but not covered
4.006 was filtered out as 42526693 G>A needs A but not covered
4.008 was filtered out as 42526693 G>A needs A but not covered
4.014 was filtered out as 42526693 G>A needs A but not covered
4.015 was filtered out as 42526693 G>A needs A but not covered
4.016 was filtered out as 42526693 G>A needs A but not covered
4.017 was filtered out as 42526693 G>A needs A but not covered
4.018 was filtered out as 42526693 G>A needs A but not covered
4.020 was filtered out as 42526693 G>A needs A but not covered
4.022 was filtered out as 42526693 G>A needs A but not covered
4.023 was filtered out as 42526693 G>A needs A but not covered
4.024 was filtered out as 42526693 G>A needs A but not covered
4.025 was filtered out as 42526693 G>A needs A but not covered
4.026 was filtered out as 42526693 G>A needs A but not covered
4.029 was filtered out as 42526693 G>A needs A but not covered
4.030 was filtered out as 42526693 G>A needs A but not covered
4.003 was filtered out as 42526693 G>A needs A but not covered
4.004 was filtered out as 42526693 G>A needs A but not covered
4.005 was filtered out as 42526693 G>A needs A but not covered
4.011 was filtered out as 42526693 G>A needs A but not covered
4.019 was filtered out as 42526693 G>A needs A but not covered
4.007 was filtered out as 42526693 G>A needs A but not covered
4.009 was filtered out as 42526693 G>A needs A but not covered
4.010 was filtered out as 42526693 G>A needs A but not covered
4.012 was filtered out as 42525820 G>T needs T but not covered
4.013 was filtered out as 42526693 G>A needs A but not covered
4.021 was filtered out as 42526693 G>A needs A but not covered
4.027 was filtered out as 42526693 G>A needs A but not covered
4.028 was filtered out as 42526693 G>A needs A but not covered
4.1013 was filtered out as 42526693 G>A needs A but not covered
4.1021 was filtered out as 42526693 G>A needs A but not covered
4.2021 was filtered out as 42526693 G>A needs A but not covered
6.001 was filtered out as 42525085 delA needs N but not covered
6.002 was filtered out as 42525085 delA needs N but not covered
6.005 was filtered out as 42525085 delA needs N but not covered
6.006 was filtered out as 42525085 delA needs N but not covered
6.003 was filtered out as 42525085 delA needs N but not covered
6.004 was filtered out as 42525085 delA needs N but not covered
7.001 was filtered out as 42523857 T>G needs G but not covered
8.001 was filtered out as 42525034 C>A needs A but not covered
9.001 was filtered out as 42524175 delCTT needs N but not covered
9.002 was filtered out as 42524175 delCTT needs N but not covered
10.001 was filtered out as 42526693 G>A needs A but not covered
10.002 was filtered out as 42526693 G>A needs A but not covered
10.003 was filtered out as 42526693 G>A needs A but not covered
10.004 was filtered out as 42526693 G>A needs A but not covered
10.005 was filtered out as 42526693 G>A needs A but not covered
10.006 was filtered out as 42526693 G>A needs A but not covered
10.007 was filtered out as 42526693 G>A needs A but not covered
10.1004 was filtered out as 42526693 G>A needs A but not covered
11.001 was filtered out as 42525911 C>G needs G but not covered
12.001 was filtered out as 42526669 C>T needs T but not covered
12.002 was filtered out as 42526669 C>T needs T but not covered
14.001 was filtered out as 42525034 C>T needs T but not covered
15.001 was filtered out as 42526655 insA needs P but not covered
15.002 was filtered out as 42526655 insA needs P but not covered
15.003 was filtered out as 42526655 insA needs P but not covered
17.001 was filtered out as 42525771 G>A needs A but not covered
17.002 was filtered out as 42525771 G>A needs A but not covered
17.003 was filtered out as 42525771 G>A needs A but not covered
17.004 was filtered out as 42525771 G>A needs A but not covered
17.005 was filtered out as 42525771 G>A needs A but not covered
17.006 was filtered out as 42525771 G>A needs A but not covered
18.001 was filtered out as 42522657 insCAGTGGGCA needs P but not covered
19.001 was filtered out as 42524250 delAGTT needs N but not covered
20.001 was filtered out as 42524815 insC needs P but not covered
22.001 was filtered out as 42526711 G>A needs A but not covered
23.001 was filtered out as 42525837 G>A needs A but not covered
24.001 was filtered out as 42523939 T>G needs G but not covered
25.001 was filtered out as 42523594 G>C needs C but not covered
26.001 was filtered out as 42523515 A>G needs G but not covered
27.001 was filtered out as 42522939 C>T needs T but not covered
28.001 was filtered out as 42526774 C>T needs T but not covered
28.002 was filtered out as 42526774 C>T needs T but not covered
29.001 was filtered out as 42525131 C.C>G.T needs M but not covered
30.001 was filtered out as 42524928 insGGGGCGAAA not covered (cov=0)
31.001 was filtered out as 42522750 C>T needs T but not covered
32.001 was filtered out as 42522939 C>T needs T but not covered
33.001 was filtered out as 42524309 C>A needs A but not covered
33.002 was filtered out as 42524309 C>A needs A but not covered
35.001 was filtered out as 42526762 C>T needs T but not covered
35.002 was filtered out as 42526762 C>T needs T but not covered
35.003 was filtered out as 42526762 C>T needs T but not covered
35.004 was filtered out as 42526762 C>T needs T but not covered
35.005 was filtered out as 42526762 C>T needs T but not covered
35.006 was filtered out as 42526762 C>T needs T but not covered
35.007 was filtered out as 42526762 C>T needs T but not covered
36.001 was filtered out as 42526693 G>A needs A but not covered
36.002 was filtered out as 42526693 G>A needs A but not covered
36.003 was filtered out as 42526693 G>A needs A but not covered
36.004 was filtered out as 42526693 G>A needs A but not covered
36.1001 was filtered out as 42526693 G>A needs A but not covered
37.001 was filtered out as 42526693 G>A needs A but not covered
38.001 was filtered out as 42524200 delTCAG needs N but not covered
40.001 was filtered out as 42525771 G>A needs A but not covered
41.001 was filtered out as 42523804 C>T needs T but not covered
41.002 was filtered out as 42523804 C>T needs T but not covered
41.003 was filtered out as 42523804 C>T needs T but not covered
41.004 was filtered out as 42523804 C>T needs T but not covered
41.005 was filtered out as 42523804 C>T needs T but not covered
42.001 was filtered out as 42523531 insAC needs P but not covered
43.001 was filtered out as 42526716 C>T needs T but not covered
43.002 was filtered out as 42526716 C>T needs T but not covered
44.001 was filtered out as 42526711 G>A needs A but not covered
45.001 was filtered out as 42525076 C>T needs T but not covered
45.002 was filtered out as 42525076 C>T needs T but not covered
45.003 was filtered out as 42525076 C>T needs T but not covered
45.004 was filtered out as 42525076 C>T needs T but not covered
46.001 was filtered out as 42525076 C>T needs T but not covered
46.002 was filtered out as 42525076 C>T needs T but not covered
46.003 was filtered out as 42525076 C>T needs T but not covered
47.001 was filtered out as 42526693 G>A needs A but not covered
48.001 was filtered out as 42525822 G>A needs A but not covered
49.001 was filtered out as 42526693 G>A needs A but not covered
50.001 was filtered out as 42525072 T>G needs G but not covered
51.001 was filtered out as 42523620 T>G needs G but not covered
52.001 was filtered out as 42526693 G>A needs A but not covered
52.002 was filtered out as 42526693 G>A needs A but not covered
53.001 was filtered out as 42525181 A>T needs T but not covered
54.001 was filtered out as 42526693 G>A needs A but not covered
55.001 was filtered out as 42522957 T>G needs G but not covered
56.001 was filtered out as 42523591 G>A needs A but not covered
56.002 was filtered out as 42526693 G>A needs A but not covered
56.003 was filtered out as 42526693 G>A needs A but not covered
57.001 was filtered out as 42526693 G>A needs A but not covered
57.1001 was filtered out as 42526693 G>A needs A but not covered
58.001 was filtered out as 42525771 G>A needs A but not covered
59.001 was filtered out as 42523853 C>T needs T but not covered
60.001 was filtered out as 42524904 insTA needs P but not covered
62.001 was filtered out as 42522748 G>A needs A but not covered
64.001 was filtered out as 42526693 G>A needs A but not covered
65.001 was filtered out as 42526693 G>A needs A but not covered
68.001 was filtered out as 42526693 G>A needs A but not covered
69.001 was filtered out as 42526693 G>A needs A but not covered
70.001 was filtered out as 42525131 C.C>G.T needs M but not covered
71.001 was filtered out as 42526668 C>T needs T but not covered
71.002 was filtered out as 42526668 C>T needs T but not covered
71.003 was filtered out as 42526668 C>T needs T but not covered
72.001 was filtered out as 42526693 G>A needs A but not covered
73.001 was filtered out as 42525781 C>T needs T but not covered
74.001 was filtered out as 42525820 G>T needs T but not covered
75.001 was filtered out as 42522747 C>T needs T but not covered
75.002 was filtered out as 42522747 C>T needs T but not covered
81.001 was filtered out as 42524213 G>A needs A but not covered
82.001 was filtered out as 42525820 G>T needs T but not covered
83.001 was filtered out as 42522664 G>C needs C but not covered
83.002 was filtered out as 42522664 G>C needs C but not covered
83.003 was filtered out as 42522664 G>C needs C but not covered
84.001 was filtered out as 42524218 G>T needs T but not covered
84.002 was filtered out as 42524218 G>T needs T but not covered
85.001 was filtered out as 42522635 A>C needs C but not covered
86.001 was filtered out as 42524186 C>T needs T but not covered
87.001 was filtered out as 42526693 G>A needs A but not covered
88.001 was filtered out as 42525780 A>G needs G but not covered
89.001 was filtered out as 42525114 A>G needs G but not covered
90.001 was filtered out as 42525099 T>C needs C but not covered
91.001 was filtered out as 42523804 C>T needs T but not covered
92.001 was filtered out as 42524797 delG needs N but not covered
93.001 was filtered out as 42524273 T>G needs G but not covered
94.001 was filtered out as 42526693 G>A needs A but not covered
94.002 was filtered out as 42526693 G>A needs A but not covered
95.001 was filtered out as 42526693 G>A needs A but not covered
96.001 was filtered out as 42522897 G>A needs A but not covered
97.001 was filtered out as 42522698 G>T needs T but not covered
98.001 was filtered out as 42522682 G>C needs C but not covered
99.001 was filtered out as 42526693 G>A needs A but not covered
100.001 was filtered out as 42526693 G>A needs A but not covered
101.001 was filtered out as 42526693 G>A needs A but not covered
102.001 was filtered out as 42525822 G>A needs A but not covered
103.001 was filtered out as 42525043 T>C needs C but not covered
104.001 was filtered out as 42525072 T>A needs A but not covered
105.001 was filtered out as 42523524 A>G needs G but not covered
106.001 was filtered out as 42522915 C>T needs T but not covered
106.002 was filtered out as 42522915 C>T needs T but not covered
106.003 was filtered out as 42522915 C>T needs T but not covered
107.001 was filtered out as 42525133 C>T needs T but not covered
108.001 was filtered out as 42523566 T>C needs C but not covered
109.001 was filtered out as 42524175 delCTT needs N but not covered
110.001 was filtered out as 42522736 C>T needs T but not covered
111.001 was filtered out as 42525760 C>T needs T but not covered
111.002 was filtered out as 42525760 C>T needs T but not covered
112.001 was filtered out as 42522606 G>A needs A but not covered
113.001 was filtered out as 42522753 C>T needs T but not covered
114.001 was filtered out as 42526693 G>A needs A but not covered
115.001 was filtered out as 42524175 delCTT needs N but not covered
116.001 was filtered out as 42523632 C>G needs G but not covered
117.001 was filtered out as 42523612 C>T needs T but not covered
118.001 was filtered out as 42523900 T>C needs C but not covered
119.001 was filtered out as 42523804 C>T needs T but not covered
120.001 was filtered out as 42526729 delG needs N but not covered
121.001 was filtered out as 42525043 T>C needs C but not covered
123.001 was filtered out as 42523804 C>T needs T but not covered
124.001 was filtered out as 42522982 delGA needs N but not covered
124.002 was filtered out as 42522982 delGA needs N but not covered
125.001 was filtered out as 42522720 C>T needs T but not covered
126.001 was filtered out as 42525135 G>A needs A but not covered
127.001 was filtered out as 42523527 C>T needs T but not covered
128.001 was filtered out as 42525888 A>C needs C but not covered
129.001 was filtered out as 42525156 C>T needs T but not covered
130.001 was filtered out as 42524879 CA>AG needs A but not covered
131.001 was filtered out as 42524326 A>G needs G but not covered
132.001 was filtered out as 42526693 G>A needs A but not covered
133.001 was filtered out as 42523603 C>T needs T but not covered
134.001 was filtered out as 42523590 C>T needs T but not covered
135.001 was filtered out as 42522927 G>A needs A but not covered
136.001 was filtered out as 42522878 G>A needs A but not covered
137.001 was filtered out as 42522579 C>T needs T but not covered
138.001 was filtered out as 42523804 C>T needs T but not covered
139.001 was filtered out as 42523527 C>T needs T but not covered
140.001 was filtered out as 42524330 G>A needs A but not covered
141.001 was filtered out as 42522664 G>C needs C but not covered
141.1001 was filtered out as 42525771 G>A needs A but not covered
142.001 was filtered out as 42526693 G>A needs A but not covered
143.001 was filtered out as 42526762 C>T needs T but not covered
144.001 was filtered out as 42524352 C>T needs T but not covered
145.001 was filtered out as 42524928 insGGGGCGAAA not covered (cov=0)
146.001 was filtered out as 42526716 C>T needs T but not covered
147.001 was filtered out as 42526693 G>A needs A but not covered
148.001 was filtered out as 42526716 C>T needs T but not covered
149.001 was filtered out as 42525131 C.C>G.T needs M but not covered
152.001 was filtered out as 42524341 G>A needs A but not covered
153.001 was filtered out as 42524808 C>T needs T but not covered
154.001 was filtered out as 42525771 G>A needs A but not covered
155.001 was filtered out as 42525131 C.C>G.T needs M but not covered
156.001 was filtered out as 42525131 C.C>G.T needs M but not covered
157.001 was filtered out as 42525131 C.C>G.T needs M but not covered
158.001 was filtered out as 42523804 C>T needs T but not covered
159.001 was filtered out as 42526671 G>A needs A but not covered
160.001 was filtered out as 42525820 G>T needs T but not covered
161.001 was filtered out as 42525184 C>A needs A but not covered
162.001 was filtered out as 42522939 C>T needs T but not covered
163.001 was filtered out as 42525157 A>G needs G but not covered
[filter] CYP2D6 1.001 => 1.001; 1.002; 1.003; 1.004; 1.005; 1.006; 1.007; 1.008; 1.009; 1.010; 1.011; 1.012; 1.013; 1.014; 1.015; 1.016; 1.017; 1.018; 1.019; 1.020; 1.021; 1.022; 1.023; 1.024; 1.025; 1.026; 1.027; 1.028; 1.029; 1.030; 1.031; 1.032; 1.033; 1.034; 1.035; 1.036; 1.037; 1.038; 1.039; 1.040; 1.041; 1.042; 1.043; 1.044; 1.045; 1.046; 1.047; 1.048; 1.049
[filter] CYP2D6 2.001 => 2.001; 2.002; 2.003; 2.004; 2.005; 2.006; 2.007; 2.008; 2.009; 2.010; 2.011; 2.012; 2.013; 2.014; 2.015; 2.016; 2.017; 2.018; 2.019; 2.020; 2.021; 2.022; 2.023; 2.024; 2.025; 2.026; 2.027; 2.028; 2.030
[filter] CYP2D6 5.001 => 5.001
[filter] CYP2D6 21.001 => 21.001; 21.002
[filter] CYP2D6 34.001 => 34.001
[filter] CYP2D6 39.001 => 39.001; 39.002
[filter] CYP2D6 61.001 => 61.001
[filter] CYP2D6 63.001 => 63.001
[filter] CYP2D6 68.002 => 68.002
[filter] CYP2D6 83.1003 => 83.1003
[filter] CYP2D6 122.001 => 122.001
[filter] valid_alleles=89
CYP2D6:42522311 → A:0, C*:22, G:0, M:0, N:0, P:0, T:20
CYP2D6:42522391 → A:0, C:0, G*:47, M:0, N:0, P:0, T:0
CYP2D6:42522397 → A:0, C*:49, G:0, M:0, N:0, P:0, T:0
CYP2D6:42522608 → A:0, C:0, G:0, M:0, N:0, P:0, T*:41
CYP2D6:42522612^ → A:0, C*:15, G^:26, M:0, N:0, P:0, T:0
CYP2D6:42522677 → A:0, C:0, G*:51, M:0, N:0, P:0, T:0
CYP2D6:42522764 → A:0, C:0, G*:36, M:0, N:0, P:0, T:0
CYP2D6:42522844 → A*:44, C:0, G:0, M:0, N:0, P:0, T:0
CYP2D6:42522964 → A:0, C*:54, G:0, M:0, N:0, P:0, T:0
CYP2D6:42523002 → A:25, C:0, G*:19, M:0, N:0, P:0, T:0
CYP2D6:42523070 → A*:44, C:0, G:0, M:0, N:0, P:0, T:0
CYP2D6:42523085 → A:0, C*:46, G:0, M:0, N:0, P:0, T:0
CYP2D6:42523144 → A:0, C:0, G*:53, M:0, N:0, P:0, T:0
CYP2D6:42523157 → A:0, C:0, G*:52, M:0, N:0, P:0, T:0
CYP2D6:42523208 → A:0, C*:22, G:0, M:0, N:0, P:0, T:19
CYP2D6:42523210 → A:0, C:0, G:0, M:0, N:0, P:0, T*:41
CYP2D6:42523240 → A:0, C:0, G*:44, M:0, N:0, P:0, T:0
CYP2D6:42523246 → A:0, C*:42, G:0, M:0, N:0, P:0, T:0
CYP2D6:42523408 → A:0, C:0, G:35, M:0, N:0, P:0, T*:30
CYP2D6:42523513^ → A:0, C*:46, G:0, M:0, N:0, P:0, T^:0
CYP2D6:42523538 → A*:44, C:0, G:0, M:0, N:0, P:0, T:0
CYP2D6:42523649 → A:0, C*:47, G:0, M:0, N:0, P:0, T:0
CYP2D6:42523661 → A:0, C:0, G*:44, M:0, N:0, P:0, T:0
CYP2D6:42523672 → A:0, C*:52, G:0, M:0, N:0, P:0, T:0
CYP2D6:42523681 → A:0, C*:50, G:0, M:0, N:0, P:0, T:0
CYP2D6:42523702 → A:0, C*:58, G:0, M:0, N:0, P:0, T:0
CYP2D6:42523759 → A:0, C*:59, G:0, M:0, N:0, P:0, T:0
CYP2D6:42523787 → A:0, C*:62, G:0, M:0, N:0, P:0, T:0
CYP2D6:42523812 → A:0, C:0, G*:60, M:0, N:0, P:0, T:0
CYP2D6:42523942^ → A^:27, C:0, G*:17, M:0, N:0, P:0, T:0
CYP2D6:42524032 → A*:44, C:0, G:0, M:0, N:0, P:0, T:0
CYP2D6:42524072 → A:0, C*:45, G:0, M:0, N:0, P:0, T:0
CYP2D6:42524129 → A:0, C*:48, G:0, M:0, N:0, P:0, T:0
CYP2D6:42524131 → A:0, C*:46, G:0, M:0, N:0, P:0, T:0
CYP2D6:42524148 → A:0, C:0, G*:47, M:0, N:0, P:0, T:0
CYP2D6:42524161 → A:0, C:0, G*:46, M:0, N:0, P:0, T:0
CYP2D6:42524212^ → A:0, C*:47, G:0, M:0, N:0, P^:22, T^:0
CYP2D6:42524217 → A:0, C:0, G*:49, M:0, N:0, P:0, T:0
CYP2D6:42524312 → A:0, C:0, G*:47, M:0, N:0, P:0, T:0
CYP2D6:42524322 → A*:47, C:0, G:0, M:0, N:0, P:0, T:0
CYP2D6:42524368 → A:0, C:0, G*:39, M:0, N:0, P:0, T:0
CYP2D6:42524489 → A:13, C:0, G*:21, M:0, N:0, P:0, T:0
CYP2D6:42524501 → A:0, C*:38, G:0, M:0, N:0, P:0, T:0
CYP2D6:42524577 → A:0, C:0, G:0, M:0, N:0, P:0, T*:41
CYP2D6:42524581 → A:0, C:0, G*:41, M:0, N:0, P:0, T:0
CYP2D6:42524669 → A:0, C:0, G*:36, M:0, N:0, P:0, T:0
CYP2D6:42524695 → A:0, C:0, G:0, M:0, N:0, P:0, T*:39
CYP2D6:42524737 → A:0, C*:46, G:0, M:0, N:0, P:0, T:0
CYP2D6:42524742 → A:0, C:0, G*:42, M:0, N:0, P:0, T:0
CYP2D6:42524794 → A*:43, C:0, G:9, M:0, N:0, P:0, T:0
CYP2D6:42524814 → A:0, C:0, G*:55, M:0, N:0, P:0, T:0
CYP2D6:42524923 → A*:48, C:0, G:0, M:0, N:0, P:0, T:0
CYP2D6:42524969 → A:0, C:0, G*:50, M:0, N:0, P:0, T:0
CYP2D6:42525035 → A:0, C:0, G*:46, M:0, N:0, P:0, T:0
CYP2D6:42525068 → A:0, C:0, G*:49, M:0, N:0, P:0, T:0
CYP2D6:42525131^ → A:0, C*:33, G:28, M^:0, N:0, P:0, T:0
CYP2D6:42525134 → A:0, C:0, G*:60, M:0, N:0, P:0, T:0
CYP2D6:42525215 → A:0, C:0, G*:56, M:0, N:0, P:0, T:0
CYP2D6:42525238 → A*:46, C:0, G:0, M:0, N:0, P:0, T:0
CYP2D6:42525279 → A:0, C:0, G*:50, M:0, N:0, P:0, T:0
CYP2D6:42525423 → A:0, C*:63, G:0, M:0, N:0, P:0, T:0
CYP2D6:42525443 → A:0, C*:58, G:0, M:0, N:0, P:0, T:0
CYP2D6:42525499 → A:0, C*:50, G:0, M:0, N:0, P:0, T:0
CYP2D6:42525525 → A:0, C*:45, G:0, M:0, N:0, P:0, T:0
CYP2D6:42525541 → A:0, C:0, G*:40, M:0, N:0, P:0, T:0
CYP2D6:42525564 → A:0, C*:46, G:0, M:0, N:0, P:0, T:0
CYP2D6:42525615 → A:0, C*:52, G:0, M:0, N:0, P:0, T:0
CYP2D6:42525624 → A:0, C*:49, G:0, M:0, N:0, P:0, T:0
CYP2D6:42525644 → A:0, C:0, G*:45, M:0, N:0, P:0, T:0
CYP2D6:42525707 → A:0, C:0, G*:52, M:0, N:0, P:0, T:0
CYP2D6:42525727 → A*:53, C:0, G:0, M:0, N:0, P:0, T:0
CYP2D6:42525755 → A:0, C:0, G*:61, M:0, N:0, P:0, T:0
CYP2D6:42525797 → A:0, C:0, G*:68, M:0, N:0, P:0, T:0
CYP2D6:42525951 → A*:27, C:18, G:0, M:0, N:0, P:0, T:0
CYP2D6:42526048 → A:0, C:20, G*:17, M:0, N:0, P:0, T:0
CYP2D6:42526050 → A:0, C:0, G*:38, M:0, N:0, P:0, T:0
CYP2D6:42526483 → A:18, C*:17, G:0, M:0, N:0, P:0, T:0
CYP2D6:42526523 → A:0, C:0, G*:38, M:0, N:0, P:0, T:0
CYP2D6:42526548 → A:0, C:19, G:0, M:0, N:0, P:0, T*:12
CYP2D6:42526560 → A:0, C:0, G:23, M:0, N:0, P:0, T*:14
CYP2D6:42526561 → A:0, C*:14, G:23, M:0, N:0, P:0, T:0
CYP2D6:42526566 → A*:14, C:0, G:23, M:0, N:0, P:0, T:0
CYP2D6:42526570 → A:0, C:24, G*:14, M:0, N:0, P:0, T:0
CYP2D6:42526572 → A:0, C:0, G*:14, M:0, N:0, P:0, T:24
CYP2D6:42526579 → A:0, C*:18, G:24, M:0, N:0, P:0, T:0
CYP2D6:42526811 → A:0, C:0, G:0, M:0, N:0, P:0, T*:31
CYP2D6:42526815 → A:0, C*:33, G:0, M:0, N:0, P:0, T:0
CYP2D6:42526835 → A*:35, C:0, G:0, M:0, N:0, P:0, T:0
CYP2D6:42526878 → A*:35, C:0, G:0, M:0, N:0, P:0, T:0
CYP2D6:42526922 → A*:35, C:0, G:0, M:0, N:0, P:0, T:0
CYP2D6:42526968 → A:0, C*:41, G:0, M:0, N:0, P:0, T:0
CYP2D6:42527075 → A:0, C:0, G*:39, M:0, N:0, P:0, T:0
CYP2D6:42527115 → A*:33, C:0, G:0, M:0, N:0, P:0, T:0
CYP2D6:42527157 → A:0, C*:25, G:0, M:0, N:0, P:0, T:0
CYP2D6:42527186 → A:0, C*:27, G:0, M:0, N:0, P:0, T:0
CYP2D6:42527223 → A:0, C:0, G*:28, M:0, N:0, P:0, T:0
CYP2D6:42527290 → A:0, C:0, G*:28, M:0, N:0, P:0, T:0
CYP2D6:42527380 → A:0, C*:51, G:0, M:0, N:0, P:0, T:0
CYP2D6:42527421 → A:0, C:0, G:0, M:0, N:0, P:0, T*:54
CYP2D6:42527470 → A:0, C*:26, G:0, M:0, N:0, P:0, T:20
CYP2D6:42527484 → A:0, C*:48, G:0, M:0, N:0, P:0, T:0
CYP2D6:42527532 → A:23, C:0, G*:20, M:0, N:0, P:0, T:0
CYP2D6:42527541 → A:0, C:0, G:0, M:0, N:0, P:0, T*:42
CYP2D6:42527544 → A:0, C*:46, G:0, M:0, N:0, P:0, T:0
CYP2D6:42527632 → A*:48, C:0, G:0, M:0, N:0, P:0, T:0
CYP2D6:42527738 → A:0, C*:44, G:0, M:0, N:0, P:0, T:0
CYP2D6:42527776 → A:0, C*:52, G:0, M:0, N:0, P:0, T:0
CYP2D6:42527885 → A*:55, C:0, G:0, M:0, N:0, P:0, T:0
CYP2D6:42527890 → A:0, C:0, G:0, M:0, N:0, P:0, T*:56
CYP2D6:42528027 → A:0, C:22, G:0, M:0, N:0, P:0, T*:10
CYP2D6:42528095 → A:0, C*:48, G:0, M:0, N:0, P:0, T:0
CYP2D6:42528123 → A:0, C:0, G*:49, M:0, N:0, P:0, T:0
CYP2D6:42528223 → A:0, C:0, G*:35, M:0, N:0, P:0, T:0
CYP2D6:42528381 → A:0, C:27, G*:19, M:0, N:0, P:0, T:0
Step 0: Loss=0.2528, CN=[2.0999167]
Step 100: Loss=0.1082, CN=[2.6532652]
Step 200: Loss=0.1082, CN=[2.6540437]
Step 300: Loss=0.1082, CN=[2.6540482]
Step 400: Loss=0.1082, CN=[2.6540482]

=== Fit ===
Region 0: obs=3.059, exp=2.654, diff=+0.405 
Region 1: obs=1.962, exp=2.654, diff=-0.692 *
Region 2: obs=2.134, exp=2.654, diff=-0.520 *
Region 3: obs=2.801, exp=2.654, diff=+0.147 
Region 4: obs=3.252, exp=2.654, diff=+0.598 *
Region 5: obs=3.019, exp=2.654, diff=+0.365 
Region 6: obs=3.139, exp=2.654, diff=+0.485 
Region 7: obs=2.726, exp=2.654, diff=+0.072 
Region 8: obs=2.819, exp=2.654, diff=+0.165 
Region 9: obs=2.262, exp=2.654, diff=-0.392 
Region 10: obs=2.584, exp=2.654, diff=-0.070 
Region 11: obs=2.615, exp=2.654, diff=-0.039 
Region 12: obs=2.661, exp=2.654, diff=+0.007 
Region 13: obs=3.171, exp=2.654, diff=+0.517 *
Region 14: obs=2.874, exp=2.654, diff=+0.220 
Region 15: obs=2.907, exp=2.654, diff=+0.253 
Region 16: obs=2.788, exp=2.654, diff=+0.134 
Region 17: obs=2.403, exp=2.654, diff=-0.251 
Region 18: obs=2.502, exp=2.654, diff=-0.152 
Region 19: obs=2.198, exp=2.654, diff=-0.456 
Region 20: obs=2.479, exp=2.654, diff=-0.175 
Region 21: obs=0.000, exp=2.654, diff=-2.654 *
Region 22: obs=2.438, exp=2.654, diff=-0.216 

[Gene CN Results]
  CYP2D6: 2.65 → 2.654048204421997

=== CYP2D6 Fusion Template CN Estimation ===

Using CN configs: ['1', '68.001', '141.1001']

Region coverage:
  up: 3.1
  utr5: 2.0
  e1: 2.1
  i1: 2.8
  e2: 3.3
  i2: 3.0
  e3: 3.1
  i3: 2.7
  e4: 2.8
  i4: 2.3
  e5: 2.6
  i5: 2.6
  e6: 2.7
  i6: 3.2
  e7: 2.9
  i7: 2.9
  e8: 2.8
  i8: 2.4
  e9: 2.5
  utr3: 2.2
  ins: 2.5
  pce: 0.0
  rep: 2.4
  e1_2d7: 0.9
  e2_2d7: 0.5
  e3_2d7: 1.1
  e5_2d7: 0.6
  e6_2d7: 0.6
  e9_2d7: 0.7
  pce_2d7: 0.5

CN configs: ['1', '68.001', '141.1001']
PCE contributions: {'1': tensor(0.), '68.001': tensor(1.), '141.1001': tensor(1.)}
Gene CN: 2.65 → required total: 2
Respect gene CN constraint: True
Enumerating configurations that sum to 2...
Evaluated 6 configurations

Top 5 configurations:
  1. loss=11.59: 1:2
  2. loss=16.75: 1:1, 141.1001:1
  3. loss=32.41: 141.1001:2
  4. loss=42.55: 1:1, 68.001:1
  5. loss=58.21: 68.001:1, 141.1001:1

Best CN assignment (loss=11.59):
  1: 2
  Total: 2

Fit comparison:
  up: obs=3.1, exp=2.0, diff=+1.1
  utr5: obs=2.0, exp=2.0, diff=-0.0
  e1: obs=2.1, exp=2.0, diff=+0.1
  i1: obs=2.8, exp=2.0, diff=+0.8
  e2: obs=3.3, exp=2.0, diff=+1.3
  i2: obs=3.0, exp=2.0, diff=+1.0
  e3: obs=3.1, exp=2.0, diff=+1.1
  i3: obs=2.7, exp=2.0, diff=+0.7
  e4: obs=2.8, exp=2.0, diff=+0.8
  i4: obs=2.3, exp=2.0, diff=+0.3
  e5: obs=2.6, exp=2.0, diff=+0.6
  i5: obs=2.6, exp=2.0, diff=+0.6
  e6: obs=2.7, exp=2.0, diff=+0.7
  i6: obs=3.2, exp=2.0, diff=+1.2
  e7: obs=2.9, exp=2.0, diff=+0.9
  i7: obs=2.9, exp=2.0, diff=+0.9
  e8: obs=2.8, exp=2.0, diff=+0.8
  i8: obs=2.4, exp=2.0, diff=+0.4
  e9: obs=2.5, exp=2.0, diff=+0.5
  utr3: obs=2.2, exp=2.0, diff=+0.2
  ins: obs=2.5, exp=2.0, diff=+0.5
  pce: obs=0.0, exp=0.0, diff=+0.0
  rep: obs=2.4, exp=2.0, diff=+0.4
  e1_2d7: obs=0.9, exp=0.0, diff=+0.9
  e2_2d7: obs=0.5, exp=0.0, diff=+0.5
  e3_2d7: obs=1.1, exp=0.0, diff=+1.1
  e5_2d7: obs=0.6, exp=0.0, diff=+0.6
  e6_2d7: obs=0.6, exp=0.0, diff=+0.6
  e9_2d7: obs=0.7, exp=0.0, diff=+0.7
  pce_2d7: obs=0.5, exp=0.0, diff=+0.5

[Selected CN Configs] 1:2
  Total CYP2D6 CN: 2

[Filtering alleles by cn_config]

Kept alleles by cn_config:
  1: 6 major alleles
    *1.001, *122.001, *2.001, *21.001, *34.001, *39.001

  Filtered: 5 alleles
  Kept: 84 alleles

[Updating N variant counts for deleted regions]
  Total updated: 0 positions

[Rebuilding allele vectors for fusion cn_configs]
Using device: cuda
num_sparse_entries: 9576
max sparse_flat_index: 67031
expected max: 67031

=== Running VAE with seed 42 ===
Global Pooled JS: 0.078142
Seed 42, Step    0: Loss = 1782.15 (Recon: 1252.24, Allele KL: 239.58, Base KL: 218082.62, Functional KL: 0.08
Global Pooled JS: 0.014892
Seed 42, Step  500: Loss = 819.69 (Recon: 668.81, Allele KL: 62.52, Base KL: 30442.53, Functional KL: 0.01
Global Pooled JS: 0.015167
Seed 42, Step 1000: Loss = 797.02 (Recon: 655.70, Allele KL: 57.07, Base KL: 30314.55, Functional KL: 0.02
Global Pooled JS: 0.014443
Seed 42, Step 1500: Loss = 802.58 (Recon: 660.54, Allele KL: 53.23, Base KL: 29819.86, Functional KL: 0.01
Global Pooled JS: 0.017531
Seed 42, Step 2000: Loss = 802.26 (Recon: 665.24, Allele KL: 42.44, Base KL: 30597.67, Functional KL: 0.02
Global Pooled JS: 0.017977
Seed 42, Step 2500: Loss = 800.67 (Recon: 660.58, Allele KL: 54.20, Base KL: 30507.98, Functional KL: 0.02

Top Variants with Coverage Mismatches:
Rank   Variant                        Expected     Observed     Diff       |Div|       
------------------------------------------------------------------------------------------
1      CYP2D6:42524212→C              20.69        47.00        -26.31     0.007443    
2      CYP2D6:42522612→C              20.22        15.00        5.22       0.001711    
3      CYP2D6:42525131→C              20.08        33.00        -12.92     0.001693    
4      CYP2D6:42523942→G              20.24        17.00        3.24       0.000935    
5      CYP2D6:42524212→P              23.91        22.00        1.91       0.000580    
6      CYP2D6:42523513→C              45.42        46.00        -0.58      0.000373    
7      CYP2D6:42524212→M              0.17         0.00         0.17       0.000265    
8      CYP2D6:42524212→N              0.17         0.00         0.17       0.000257    
9      CYP2D6:42524212→A              0.17         0.00         0.17       0.000255    
10     CYP2D6:42524212→T              0.17         0.00         0.17       0.000253    
11     CYP2D6:42524212→G              0.17         0.00         0.17       0.000252    
12     CYP2D6:42522612→P              0.16         0.00         0.16       0.000243    
13     CYP2D6:42522612→A              0.16         0.00         0.16       0.000240    
14     CYP2D6:42523942→C              0.16         0.00         0.16       0.000239    
15     CYP2D6:42522612→T              0.16         0.00         0.16       0.000238    
16     CYP2D6:42523942→M              0.15         0.00         0.15       0.000235    
17     CYP2D6:42523942→N              0.15         0.00         0.15       0.000234    
18     CYP2D6:42523942→T              0.15         0.00         0.15       0.000232    
19     CYP2D6:42522612→N              0.15         0.00         0.15       0.000231    
20     CYP2D6:42523942→P              0.15         0.00         0.15       0.000229    
21     CYP2D6:42522612→M              0.15         0.00         0.15       0.000227    
22     CYP2D6:42522612→G              24.44        26.00        -1.56      0.000077    
23     CYP2D6:42523513→T              0.01         0.00         0.01       0.000022    
24     CYP2D6:42525131→G              25.36        28.00        -2.64      0.000021    
25     CYP2D6:42523942→A              24.43        27.00        -2.57      0.000020    
26     CYP2D6:42523513→N              0.00         0.00         0.00       0.000000    
27     CYP2D6:42523513→G              0.00         0.00         0.00       0.000000    
28     CYP2D6:42523513→M              0.00         0.00         0.00       0.000000    
29     CYP2D6:42523513→A              0.00         0.00         0.00       0.000000    
30     CYP2D6:42523513→P              0.00         0.00         0.00       0.000000    
31     CYP2D6:42525131→A              0.00         0.00         0.00       0.000000    
32     CYP2D6:42525131→M              0.00         0.00         0.00       0.000000    
33     CYP2D6:42525131→N              0.00         0.00         0.00       0.000000    
34     CYP2D6:42525131→P              0.00         0.00         0.00       0.000000    
35     CYP2D6:42525131→T              0.00         0.00         0.00       0.000000    
New best model with final loss: 806.60

=== Running VAE with seed 123 ===
Global Pooled JS: 0.061120
Seed 123, Step    0: Loss = 1525.56 (Recon: 986.46, Allele KL: 251.79, Base KL: 202525.78, Functional KL: 0.06
Global Pooled JS: 0.015248
Seed 123, Step  500: Loss = 826.87 (Recon: 679.48, Allele KL: 59.65, Base KL: 29555.86, Functional KL: 0.02
Global Pooled JS: 0.015592
Seed 123, Step 1000: Loss = 822.86 (Recon: 677.33, Allele KL: 57.68, Base KL: 30193.47, Functional KL: 0.02
Global Pooled JS: 0.020373
Seed 123, Step 1500: Loss = 824.79 (Recon: 686.56, Allele KL: 47.38, Base KL: 29564.70, Functional KL: 0.02
Global Pooled JS: 0.017219
Seed 123, Step 2000: Loss = 820.42 (Recon: 678.49, Allele KL: 55.48, Base KL: 29920.18, Functional KL: 0.02
Global Pooled JS: 0.019220
Seed 123, Step 2500: Loss = 820.13 (Recon: 681.00, Allele KL: 51.65, Base KL: 30212.11, Functional KL: 0.02

Top Variants with Coverage Mismatches:
Rank   Variant                        Expected     Observed     Diff       |Div|       
------------------------------------------------------------------------------------------
1      CYP2D6:42524212→C              19.98        47.00        -27.02     0.008084    
2      CYP2D6:42525131→C              19.28        33.00        -13.72     0.002060    
3      CYP2D6:42522612→C              19.42        15.00        4.42       0.001381    
4      CYP2D6:42524212→P              24.61        22.00        2.61       0.000751    
5      CYP2D6:42523942→G              19.45        17.00        2.45       0.000698    
6      CYP2D6:42523513→C              45.42        46.00        -0.58      0.000373    
7      CYP2D6:42524212→T              0.17         0.00         0.17       0.000267    
8      CYP2D6:42524212→N              0.17         0.00         0.17       0.000262    
9      CYP2D6:42524212→A              0.17         0.00         0.17       0.000260    
10     CYP2D6:42524212→G              0.17         0.00         0.17       0.000257    
11     CYP2D6:42524212→M              0.17         0.00         0.17       0.000257    
12     CYP2D6:42523942→C              0.17         0.00         0.17       0.000254    
13     CYP2D6:42523942→N              0.17         0.00         0.17       0.000252    
14     CYP2D6:42522612→M              0.16         0.00         0.16       0.000248    
15     CYP2D6:42523942→M              0.16         0.00         0.16       0.000247    
16     CYP2D6:42522612→P              0.16         0.00         0.16       0.000245    
17     CYP2D6:42523942→T              0.16         0.00         0.16       0.000243    
18     CYP2D6:42522612→N              0.16         0.00         0.16       0.000243    
19     CYP2D6:42523942→P              0.16         0.00         0.16       0.000243    
20     CYP2D6:42522612→A              0.16         0.00         0.16       0.000240    
21     CYP2D6:42522612→T              0.16         0.00         0.16       0.000240    
22     CYP2D6:42522612→G              25.22        26.00        -0.78      0.000154    
23     CYP2D6:42525131→G              26.16        28.00        -1.84      0.000070    
24     CYP2D6:42523942→A              25.17        27.00        -1.83      0.000063    
25     CYP2D6:42523513→T              0.02         0.00         0.02       0.000025    
26     CYP2D6:42523513→M              0.00         0.00         0.00       0.000000    
27     CYP2D6:42523513→P              0.00         0.00         0.00       0.000000    
28     CYP2D6:42523513→N              0.00         0.00         0.00       0.000000    
29     CYP2D6:42523513→G              0.00         0.00         0.00       0.000000    
30     CYP2D6:42523513→A              0.00         0.00         0.00       0.000000    
31     CYP2D6:42525131→A              0.00         0.00         0.00       0.000000    
32     CYP2D6:42525131→M              0.00         0.00         0.00       0.000000    
33     CYP2D6:42525131→N              0.00         0.00         0.00       0.000000    
34     CYP2D6:42525131→P              0.00         0.00         0.00       0.000000    
35     CYP2D6:42525131→T              0.00         0.00         0.00       0.000000    

=== Running VAE with seed 456 ===
Global Pooled JS: 0.042784
Seed 456, Step    0: Loss = 1879.37 (Recon: 1323.55, Allele KL: 286.96, Base KL: 171982.61, Functional KL: 0.04
Global Pooled JS: 0.014749
Seed 456, Step  500: Loss = 806.59 (Recon: 660.71, Allele KL: 59.84, Base KL: 29653.68, Functional KL: 0.01
Global Pooled JS: 0.017308
Seed 456, Step 1000: Loss = 802.77 (Recon: 660.01, Allele KL: 55.25, Base KL: 30311.56, Functional KL: 0.02
Global Pooled JS: 0.016045
Seed 456, Step 1500: Loss = 798.37 (Recon: 657.31, Allele KL: 55.04, Base KL: 29836.03, Functional KL: 0.02
Global Pooled JS: 0.015848
Seed 456, Step 2000: Loss = 800.31 (Recon: 658.44, Allele KL: 52.01, Base KL: 30626.14, Functional KL: 0.02
Global Pooled JS: 0.018046
Seed 456, Step 2500: Loss = 804.36 (Recon: 665.17, Allele KL: 46.70, Base KL: 30337.08, Functional KL: 0.02

Top Variants with Coverage Mismatches:
Rank   Variant                        Expected     Observed     Diff       |Div|       
------------------------------------------------------------------------------------------
1      CYP2D6:42524212→C              21.91        47.00        -25.09     0.006428    
2      CYP2D6:42522612→C              21.39        15.00        6.39       0.002240    
3      CYP2D6:42523942→G              21.41        17.00        4.41       0.001334    
4      CYP2D6:42525131→C              21.25        33.00        -11.75     0.001235    
5      CYP2D6:42523513→C              45.42        46.00        -0.58      0.000373    
6      CYP2D6:42524212→P              22.76        22.00        0.76       0.000342    
7      CYP2D6:42524212→A              0.16         0.00         0.16       0.000245    
8      CYP2D6:42524212→G              0.16         0.00         0.16       0.000237    
9      CYP2D6:42524212→T              0.16         0.00         0.16       0.000237    
10     CYP2D6:42523942→C              0.15         0.00         0.15       0.000234    
11     CYP2D6:42522612→M              0.15         0.00         0.15       0.000232    
12     CYP2D6:42524212→N              0.15         0.00         0.15       0.000231    
13     CYP2D6:42522612→A              0.15         0.00         0.15       0.000230    
14     CYP2D6:42524212→M              0.15         0.00         0.15       0.000230    
15     CYP2D6:42523942→P              0.15         0.00         0.15       0.000229    
16     CYP2D6:42523942→T              0.15         0.00         0.15       0.000225    
17     CYP2D6:42523942→N              0.15         0.00         0.15       0.000225    
18     CYP2D6:42522612→P              0.15         0.00         0.15       0.000223    
19     CYP2D6:42523942→M              0.15         0.00         0.15       0.000223    
20     CYP2D6:42522612→T              0.15         0.00         0.15       0.000223    
21     CYP2D6:42522612→N              0.14         0.00         0.14       0.000219    
22     CYP2D6:42523513→T              0.02         0.00         0.02       0.000024    
23     CYP2D6:42522612→G              23.31        26.00        -2.69      0.000011    
24     CYP2D6:42523942→A              23.29        27.00        -3.71      0.000001    
25     CYP2D6:42525131→G              24.19        28.00        -3.81      0.000001    
26     CYP2D6:42523513→M              0.00         0.00         0.00       0.000000    
27     CYP2D6:42523513→N              0.00         0.00         0.00       0.000000    
28     CYP2D6:42523513→P              0.00         0.00         0.00       0.000000    
29     CYP2D6:42523513→G              0.00         0.00         0.00       0.000000    
30     CYP2D6:42523513→A              0.00         0.00         0.00       0.000000    
31     CYP2D6:42525131→A              0.00         0.00         0.00       0.000000    
32     CYP2D6:42525131→M              0.00         0.00         0.00       0.000000    
33     CYP2D6:42525131→N              0.00         0.00         0.00       0.000000    
34     CYP2D6:42525131→P              0.00         0.00         0.00       0.000000    
35     CYP2D6:42525131→T              0.00         0.00         0.00       0.000000    
New best model with final loss: 802.12

=== Multi-Seed VAE Results ===
Best model had seed 456 with final loss: 802.12
All seeds final losses:
  Seed 42: Total=806.60 (Recon=660.62, A_KL=56.59, B_KL=30629.23)
  Seed 123: Total=817.52 (Recon=677.73, A_KL=49.01, B_KL=30287.29)
  Seed 456: Total=802.12 (Recon=657.45, A_KL=57.50, B_KL=29994.94) <- Best

[Raw]:
CYP2D6*21: Normalized=0.5217, Unnormalized=0.52
CYP2D6*1: Normalized=0.4666, Unnormalized=0.47

Allocating by cn_config:

[Alleles]
CYP2D6*21
CYP2D6*1
	Command being timed: "python /home/qinghuiz/aidy/push/Neretva/neretva/cyp.py CYP2D6 /project/shared/aldy-data/wgs/NA18973.wgs.cram"
	User time (seconds): 295.67
	System time (seconds): 56.00
	Percent of CPU this job got: 101%
	Elapsed (wall clock) time (h:mm:ss or m:ss): 5:46.44
	Average shared text size (kbytes): 0
	Average unshared data size (kbytes): 0
	Average stack size (kbytes): 0
	Average total size (kbytes): 0
	Maximum resident set size (kbytes): 2863320
	Average resident set size (kbytes): 0
	Major (requiring I/O) page faults: 0
	Minor (reclaiming a frame) page faults: 878087
	Voluntary context switches: 24729
	Involuntary context switches: 415
	Swaps: 0
	File system inputs: 0
	File system outputs: 104
	Socket messages sent: 0
	Socket messages received: 0
	Signals delivered: 0
	Page size (bytes): 4096
	Exit status: 0
