2026-03-11 06:11:27.384911: I tensorflow/core/util/port.cc:111] oneDNN custom operations are on. You may see slightly different numerical results due to floating-point round-off errors from different computation orders. To turn them off, set the environment variable `TF_ENABLE_ONEDNN_OPTS=0`.
2026-03-11 06:11:27.424309: E tensorflow/compiler/xla/stream_executor/cuda/cuda_dnn.cc:9342] Unable to register cuDNN factory: Attempting to register factory for plugin cuDNN when one has already been registered
2026-03-11 06:11:27.424469: E tensorflow/compiler/xla/stream_executor/cuda/cuda_fft.cc:609] Unable to register cuFFT factory: Attempting to register factory for plugin cuFFT when one has already been registered
2026-03-11 06:11:27.424607: E tensorflow/compiler/xla/stream_executor/cuda/cuda_blas.cc:1518] Unable to register cuBLAS factory: Attempting to register factory for plugin cuBLAS when one has already been registered
2026-03-11 06:11:27.433243: I tensorflow/core/platform/cpu_feature_guard.cc:182] This TensorFlow binary is optimized to use available CPU instructions in performance-critical operations.
To enable the following instructions: AVX2 AVX512F AVX512_VNNI FMA, in other operations, rebuild TensorFlow with the appropriate compiler flags.
AttributeError: 'MessageFactory' object has no attribute 'GetPrototype'
2026-03-11 06:11:28.675299: W tensorflow/compiler/tf2tensorrt/utils/py_utils.cc:38] TF-TRT Warning: Could not find TensorRT
AttributeError: 'MessageFactory' object has no attribute 'GetPrototype'
[info] total indices 2506
[info] total variants 2506
1.001 was filtered out as 42522612 C>G needs C but not covered
1.002 was filtered out as 42522612 C>G needs C but not covered
1.003 was filtered out as 42522612 C>G needs C but not covered
1.004 was filtered out as 42522612 C>G needs C but not covered
1.005 was filtered out as 42522612 C>G needs C but not covered
1.006 was filtered out as 42522612 C>G needs C but not covered
1.007 was filtered out as 42522612 C>G needs C but not covered
1.008 was filtered out as 42522612 C>G needs C but not covered
1.009 was filtered out as 42522612 C>G needs C but not covered
1.010 was filtered out as 42522612 C>G needs C but not covered
1.011 was filtered out as 42522612 C>G needs C but not covered
1.012 was filtered out as 42522612 C>G needs C but not covered
1.013 was filtered out as 42522612 C>G needs C but not covered
1.014 was filtered out as 42522612 C>G needs C but not covered
1.015 was filtered out as 42522612 C>G needs C but not covered
1.016 was filtered out as 42522612 C>G needs C but not covered
1.017 was filtered out as 42522612 C>G needs C but not covered
1.018 was filtered out as 42522612 C>G needs C but not covered
1.019 was filtered out as 42522612 C>G needs C but not covered
1.020 was filtered out as 42522612 C>G needs C but not covered
1.021 was filtered out as 42522612 C>G needs C but not covered
1.022 was filtered out as 42522612 C>G needs C but not covered
1.023 was filtered out as 42522612 C>G needs C but not covered
1.024 was filtered out as 42522612 C>G needs C but not covered
1.025 was filtered out as 42522612 C>G needs C but not covered
1.026 was filtered out as 42522612 C>G needs C but not covered
1.027 was filtered out as 42522612 C>G needs C but not covered
1.028 was filtered out as 42522612 C>G needs C but not covered
1.029 was filtered out as 42522612 C>G needs C but not covered
1.030 was filtered out as 42522612 C>G needs C but not covered
1.031 was filtered out as 42522612 C>G needs C but not covered
1.032 was filtered out as 42522612 C>G needs C but not covered
1.033 was filtered out as 42522612 C>G needs C but not covered
1.034 was filtered out as 42522612 C>G needs C but not covered
1.035 was filtered out as 42522612 C>G needs C but not covered
1.036 was filtered out as 42522612 C>G needs C but not covered
1.037 was filtered out as 42522612 C>G needs C but not covered
1.038 was filtered out as 42522612 C>G needs C but not covered
1.039 was filtered out as 42522612 C>G needs C but not covered
1.040 was filtered out as 42522612 C>G needs C but not covered
1.041 was filtered out as 42522612 C>G needs C but not covered
1.042 was filtered out as 42522612 C>G needs C but not covered
1.043 was filtered out as 42522612 C>G needs C but not covered
1.044 was filtered out as 42522612 C>G needs C but not covered
1.045 was filtered out as 42522612 C>G needs C but not covered
1.046 was filtered out as 42522612 C>G needs C but not covered
1.047 was filtered out as 42522612 C>G needs C but not covered
1.048 was filtered out as 42522612 C>G needs C but not covered
1.049 was filtered out as 42522612 C>G needs C but not covered
2.001 was filtered out as 42523942 G>A needs A but not covered
2.002 was filtered out as 42523942 G>A needs A but not covered
2.003 was filtered out as 42523942 G>A needs A but not covered
2.004 was filtered out as 42523942 G>A needs A but not covered
2.005 was filtered out as 42523942 G>A needs A but not covered
2.006 was filtered out as 42523942 G>A needs A but not covered
2.007 was filtered out as 42523942 G>A needs A but not covered
2.008 was filtered out as 42523942 G>A needs A but not covered
2.009 was filtered out as 42523942 G>A needs A but not covered
2.010 was filtered out as 42523942 G>A needs A but not covered
2.011 was filtered out as 42523942 G>A needs A but not covered
2.012 was filtered out as 42523942 G>A needs A but not covered
2.013 was filtered out as 42523942 G>A needs A but not covered
2.014 was filtered out as 42523942 G>A needs A but not covered
2.015 was filtered out as 42523942 G>A needs A but not covered
2.016 was filtered out as 42523942 G>A needs A but not covered
2.017 was filtered out as 42523942 G>A needs A but not covered
2.018 was filtered out as 42523942 G>A needs A but not covered
2.019 was filtered out as 42523942 G>A needs A but not covered
2.020 was filtered out as 42523942 G>A needs A but not covered
2.021 was filtered out as 42523942 G>A needs A but not covered
2.022 was filtered out as 42523942 G>A needs A but not covered
2.023 was filtered out as 42523942 G>A needs A but not covered
2.024 was filtered out as 42523942 G>A needs A but not covered
2.025 was filtered out as 42523942 G>A needs A but not covered
2.026 was filtered out as 42523942 G>A needs A but not covered
2.027 was filtered out as 42523942 G>A needs A but not covered
2.028 was filtered out as 42523942 G>A needs A but not covered
2.030 was filtered out as 42523942 G>A needs A but not covered
3.001 was filtered out as 42522612 C>G needs C but not covered
3.002 was filtered out as 42522612 C>G needs C but not covered
4.001 was filtered out as 42525820 G>T needs T but not covered
4.002 was filtered out as 42525820 G>T needs T but not covered
4.006 was filtered out as 42525820 G>T needs T but not covered
4.008 was filtered out as 42525820 G>T needs T but not covered
4.014 was filtered out as 42525820 G>T needs T but not covered
4.015 was filtered out as 42525820 G>T needs T but not covered
4.016 was filtered out as 42525820 G>T needs T but not covered
4.017 was filtered out as 42525820 G>T needs T but not covered
4.018 was filtered out as 42525820 G>T needs T but not covered
4.020 was filtered out as 42525820 G>T needs T but not covered
4.022 was filtered out as 42525820 G>T needs T but not covered
4.023 was filtered out as 42525820 G>T needs T but not covered
4.024 was filtered out as 42525820 G>T needs T but not covered
4.025 was filtered out as 42525820 G>T needs T but not covered
4.026 was filtered out as 42525820 G>T needs T but not covered
4.029 was filtered out as 42525820 G>T needs T but not covered
4.030 was filtered out as 42525820 G>T needs T but not covered
4.003 was filtered out as 42524946 C>T needs T but not covered
4.004 was filtered out as 42524946 C>T needs T but not covered
4.005 was filtered out as 42524946 C>T needs T but not covered
4.011 was filtered out as 42524946 C>T needs T but not covered
4.019 was filtered out as 42524946 C>T needs T but not covered
4.007 was filtered out as 42525820 G>T needs T but not covered
4.009 was filtered out as 42522612 C>G needs C but not covered
4.010 was filtered out as 42523942 G>A needs A but not covered
4.012 was filtered out as 42522612 C>G needs C but not covered
4.013 was filtered out as 42525820 G>T needs T but not covered
4.021 was filtered out as 42525820 G>T needs T but not covered
4.027 was filtered out as 42522612 C>G needs C but not covered
4.028 was filtered out as 42524946 C>T needs T but not covered
4.1013 was filtered out as 42522612 C>G needs C but not covered
4.1021 was filtered out as 42522612 C>G needs C but not covered
4.2021 was filtered out as 42525810 T>C needs C but not covered
5.001 was filtered out as 42522612 C>G needs C but not covered
6.001 was filtered out as 42522612 C>G needs C but not covered
6.002 was filtered out as 42522612 C>G needs C but not covered
6.005 was filtered out as 42522612 C>G needs C but not covered
6.006 was filtered out as 42522612 C>G needs C but not covered
6.003 was filtered out as 42526693 G>A needs G but not covered
6.004 was filtered out as 42522612 C>G needs C but not covered
7.001 was filtered out as 42522612 C>G needs C but not covered
8.001 was filtered out as 42523942 G>A needs A but not covered
9.001 was filtered out as 42522612 C>G needs C but not covered
9.002 was filtered out as 42522612 C>G needs C but not covered
11.001 was filtered out as 42523942 G>A needs A but not covered
12.001 was filtered out as 42523942 G>A needs A but not covered
12.002 was filtered out as 42523942 G>A needs A but not covered
14.001 was filtered out as 42523942 G>A needs A but not covered
15.001 was filtered out as 42522612 C>G needs C but not covered
15.002 was filtered out as 42522612 C>G needs C but not covered
15.003 was filtered out as 42522612 C>G needs C but not covered
17.001 was filtered out as 42523942 G>A needs A but not covered
17.002 was filtered out as 42523942 G>A needs A but not covered
17.003 was filtered out as 42523942 G>A needs A but not covered
17.004 was filtered out as 42523942 G>A needs A but not covered
17.005 was filtered out as 42523942 G>A needs A but not covered
17.006 was filtered out as 42523942 G>A needs A but not covered
18.001 was filtered out as 42522612 C>G needs C but not covered
19.001 was filtered out as 42523942 G>A needs A but not covered
20.001 was filtered out as 42523942 G>A needs A but not covered
21.001 was filtered out as 42523942 G>A needs A but not covered
21.002 was filtered out as 42523942 G>A needs A but not covered
22.001 was filtered out as 42522612 C>G needs C but not covered
23.001 was filtered out as 42522612 C>G needs C but not covered
24.001 was filtered out as 42522612 C>G needs C but not covered
25.001 was filtered out as 42522612 C>G needs C but not covered
26.001 was filtered out as 42522612 C>G needs C but not covered
27.001 was filtered out as 42522612 C>G needs C but not covered
28.001 was filtered out as 42523942 G>A needs A but not covered
28.002 was filtered out as 42523942 G>A needs A but not covered
29.001 was filtered out as 42523942 G>A needs A but not covered
30.001 was filtered out as 42523942 G>A needs A but not covered
31.001 was filtered out as 42523942 G>A needs A but not covered
32.001 was filtered out as 42523942 G>A needs A but not covered
33.001 was filtered out as 42522612 C>G needs C but not covered
33.002 was filtered out as 42522612 C>G needs C but not covered
34.001 was filtered out as 42523942 G>A needs A but not covered
35.001 was filtered out as 42523942 G>A needs A but not covered
35.002 was filtered out as 42523942 G>A needs A but not covered
35.003 was filtered out as 42523942 G>A needs A but not covered
35.004 was filtered out as 42523942 G>A needs A but not covered
35.005 was filtered out as 42523942 G>A needs A but not covered
35.006 was filtered out as 42523942 G>A needs A but not covered
35.007 was filtered out as 42523942 G>A needs A but not covered
36.001 was filtered out as 42522664 G>C needs C but not covered
36.002 was filtered out as 42522664 G>C needs C but not covered
36.003 was filtered out as 42522664 G>C needs C but not covered
36.004 was filtered out as 42522664 G>C needs C but not covered
36.1001 was filtered out as 42522612 C>G needs C but not covered
37.001 was filtered out as 42524849 C>T needs T but not covered
38.001 was filtered out as 42522612 C>G needs C but not covered
39.001 was filtered out as 42526693 G>A needs G but not covered
39.002 was filtered out as 42526693 G>A needs G but not covered
40.001 was filtered out as 42523942 G>A needs A but not covered
41.001 was filtered out as 42523942 G>A needs A but not covered
41.002 was filtered out as 42523942 G>A needs A but not covered
41.003 was filtered out as 42523942 G>A needs A but not covered
41.004 was filtered out as 42523942 G>A needs A but not covered
41.005 was filtered out as 42523942 G>A needs A but not covered
42.001 was filtered out as 42523942 G>A needs A but not covered
43.001 was filtered out as 42522612 C>G needs C but not covered
43.002 was filtered out as 42522612 C>G needs C but not covered
44.001 was filtered out as 42522612 C>G needs C but not covered
45.001 was filtered out as 42523942 G>A needs A but not covered
45.002 was filtered out as 42523942 G>A needs A but not covered
45.003 was filtered out as 42523942 G>A needs A but not covered
45.004 was filtered out as 42523942 G>A needs A but not covered
46.001 was filtered out as 42523942 G>A needs A but not covered
46.002 was filtered out as 42523942 G>A needs A but not covered
46.003 was filtered out as 42523942 G>A needs A but not covered
47.001 was filtered out as 42526720 G>A needs A but not covered
48.001 was filtered out as 42522612 C>G needs C but not covered
49.001 was filtered out as 42525181 A>T needs T but not covered
50.001 was filtered out as 42522612 C>G needs C but not covered
51.001 was filtered out as 42523942 G>A needs A but not covered
52.001 was filtered out as 42522915 C>T needs T but not covered
52.002 was filtered out as 42522915 C>T needs T but not covered
53.001 was filtered out as 42522612 C>G needs C but not covered
54.001 was filtered out as 42524236 G>A needs A but not covered
55.001 was filtered out as 42523942 G>A needs A but not covered
56.001 was filtered out as 42523942 G>A needs A but not covered
56.002 was filtered out as 42523591 G>A needs A but not covered
56.003 was filtered out as 42523591 G>A needs A but not covered
57.001 was filtered out as 42522664 G>C needs C but not covered
57.1001 was filtered out as 42522612 C>G needs C but not covered
58.001 was filtered out as 42523942 G>A needs A but not covered
59.001 was filtered out as 42523942 G>A needs A but not covered
60.001 was filtered out as 42522612 C>G needs C but not covered
61.001 was filtered out as 42522612 C>G needs C but not covered
62.001 was filtered out as 42522612 C>G needs C but not covered
63.001 was filtered out as 42523942 G>A needs A but not covered
64.001 was filtered out as 42525771 G>A needs A but not covered
65.001 was filtered out as 42523942 G>A needs A but not covered
68.001 was filtered out as 42522612 C>G needs C but not covered
68.002 was filtered out as 42522612 C>G needs C but not covered
69.001 was filtered out as 42523942 G>A needs A but not covered
70.001 was filtered out as 42526693 G>A needs G but not covered
71.001 was filtered out as 42522612 C>G needs C but not covered
71.002 was filtered out as 42522612 C>G needs C but not covered
71.003 was filtered out as 42522612 C>G needs C but not covered
72.001 was filtered out as 42523474 C>T needs T but not covered
73.001 was filtered out as 42523942 G>A needs A but not covered
74.001 was filtered out as 42522612 C>G needs C but not covered
75.001 was filtered out as 42522612 C>G needs C but not covered
75.002 was filtered out as 42522612 C>G needs C but not covered
81.001 was filtered out as 42522612 C>G needs C but not covered
82.001 was filtered out as 42522612 C>G needs C but not covered
83.001 was filtered out as 42526693 G>A needs G but not covered
83.002 was filtered out as 42526693 G>A needs G but not covered
83.003 was filtered out as 42526693 G>A needs G but not covered
83.1003 was filtered out as 42522612 C>G needs C but not covered
84.001 was filtered out as 42523942 G>A needs A but not covered
84.002 was filtered out as 42523942 G>A needs A but not covered
85.001 was filtered out as 42523942 G>A needs A but not covered
86.001 was filtered out as 42522612 C>G needs C but not covered
87.001 was filtered out as 42526779 G>A needs A but not covered
88.001 was filtered out as 42526693 G>A needs G but not covered
89.001 was filtered out as 42522612 C>G needs C but not covered
90.001 was filtered out as 42522612 C>G needs C but not covered
91.001 was filtered out as 42523942 G>A needs A but not covered
92.001 was filtered out as 42522612 C>G needs C but not covered
93.001 was filtered out as 42522612 C>G needs C but not covered
94.001 was filtered out as 42523611 T>C needs C but not covered
94.002 was filtered out as 42523611 T>C needs C but not covered
95.001 was filtered out as 42523458 C>T needs T but not covered
96.001 was filtered out as 42522612 C>G needs C but not covered
97.001 was filtered out as 42522612 C>G needs C but not covered
98.001 was filtered out as 42523942 G>A needs A but not covered
99.001 was filtered out as 42525828 C>G needs G but not covered
100.001 was filtered out as 42523964 delG needs N but not covered
101.001 was filtered out as 42523847 delCACATCCGGATGTAGGATC needs N but not covered
102.001 was filtered out as 42523942 G>A needs A but not covered
103.001 was filtered out as 42523942 G>A needs A but not covered
104.001 was filtered out as 42523942 G>A needs A but not covered
105.001 was filtered out as 42523942 G>A needs A but not covered
106.001 was filtered out as 42522612 C>G needs C but not covered
106.002 was filtered out as 42522612 C>G needs C but not covered
106.003 was filtered out as 42522612 C>G needs C but not covered
107.001 was filtered out as 42522612 C>G needs C but not covered
108.001 was filtered out as 42522612 C>G needs C but not covered
109.001 was filtered out as 42522612 C>G needs C but not covered
110.001 was filtered out as 42522612 C>G needs C but not covered
111.001 was filtered out as 42523942 G>A needs A but not covered
111.002 was filtered out as 42523942 G>A needs A but not covered
112.001 was filtered out as 42522612 C>G needs C but not covered
113.001 was filtered out as 42522612 C>G needs C but not covered
114.001 was filtered out as 42523942 G>A needs A but not covered
115.001 was filtered out as 42522612 C>G needs C but not covered
116.001 was filtered out as 42522612 C>G needs C but not covered
117.001 was filtered out as 42523942 G>A needs A but not covered
118.001 was filtered out as 42522612 C>G needs C but not covered
119.001 was filtered out as 42522612 C>G needs C but not covered
120.001 was filtered out as 42522612 C>G needs C but not covered
121.001 was filtered out as 42523942 G>A needs A but not covered
122.001 was filtered out as 42522612 C>G needs C but not covered
123.001 was filtered out as 42523942 G>A needs A but not covered
124.001 was filtered out as 42522612 C>G needs C but not covered
124.002 was filtered out as 42522612 C>G needs C but not covered
125.001 was filtered out as 42523942 G>A needs A but not covered
126.001 was filtered out as 42523942 G>A needs A but not covered
127.001 was filtered out as 42522612 C>G needs C but not covered
128.001 was filtered out as 42523942 G>A needs A but not covered
129.001 was filtered out as 42523942 G>A needs A but not covered
130.001 was filtered out as 42522612 C>G needs C but not covered
131.001 was filtered out as 42522612 C>G needs C but not covered
133.001 was filtered out as 42523942 G>A needs A but not covered
134.001 was filtered out as 42522612 C>G needs C but not covered
135.001 was filtered out as 42523942 G>A needs A but not covered
136.001 was filtered out as 42523942 G>A needs A but not covered
137.001 was filtered out as 42522612 C>G needs C but not covered
138.001 was filtered out as 42523942 G>A needs A but not covered
139.001 was filtered out as 42522612 C>G needs C but not covered
140.001 was filtered out as 42522612 C>G needs C but not covered
141.001 was filtered out as 42523942 G>A needs A but not covered
141.1001 was filtered out as 42523942 G>A needs A but not covered
142.001 was filtered out as 42526711 G>A needs A but not covered
143.001 was filtered out as 42522612 C>G needs C but not covered
144.001 was filtered out as 42522612 C>G needs C but not covered
145.001 was filtered out as 42522612 C>G needs C but not covered
146.001 was filtered out as 42523942 G>A needs A but not covered
147.001 was filtered out as 42524928 insGGGGCGAAA not covered (cov=0)
148.001 was filtered out as 42523942 G>A needs A but not covered
149.001 was filtered out as 42523942 G>A needs A but not covered
152.001 was filtered out as 42522612 C>G needs C but not covered
153.001 was filtered out as 42522612 C>G needs C but not covered
154.001 was filtered out as 42523942 G>A needs A but not covered
155.001 was filtered out as 42523942 G>A needs A but not covered
156.001 was filtered out as 42523942 G>A needs A but not covered
157.001 was filtered out as 42523942 G>A needs A but not covered
158.001 was filtered out as 42523942 G>A needs A but not covered
159.001 was filtered out as 42523942 G>A needs A but not covered
160.001 was filtered out as 42523942 G>A needs A but not covered
161.001 was filtered out as 42523942 G>A needs A but not covered
162.001 was filtered out as 42523942 G>A needs A but not covered
163.001 was filtered out as 42523942 G>A needs A but not covered
[filter] CYP2D6 10.001 => 10.001; 10.002; 10.003; 10.004; 10.005; 10.006; 10.007; 10.1004
[filter] CYP2D6 132.001 => 132.001
[filter] valid_alleles=9
CYP2D6:42522391 → A:18, C:0, G*:20, M:0, N:0, P:0, T:0
CYP2D6:42522612^ → A:0, C*:0, G^:21, M:0, N:0, P:0, T:0
CYP2D6:42523210 → A:0, C:53, G:0, M:0, N:0, P:0, T*:0
CYP2D6:42523408 → A:0, C:0, G:91, M:0, N:0, P:0, T*:0
CYP2D6:42523974^ → A:0, C^:0, G:0, M:0, N:0, P:0, T*:45
CYP2D6:42524301 → A:0, C*:66, G:0, M:0, N:0, P:0, T:0
CYP2D6:42524695 → A:0, C:38, G:0, M:0, N:0, P:0, T*:0
CYP2D6:42525131^ → A:0, C*:0, G:61, M^:0, N:0, P:0, T:0
CYP2D6:42525514 → A:0, C:0, G:0, M:0, N:0, P:0, T*:57
CYP2D6:42525755 → A:49, C:0, G*:0, M:0, N:0, P:0, T:0
CYP2D6:42525951 → A*:0, C:57, G:0, M:0, N:0, P:0, T:0
CYP2D6:42526048 → A:0, C:9, G*:36, M:0, N:0, P:0, T:0
CYP2D6:42526441 → A*:45, C:0, G:0, M:0, N:0, P:0, T:0
CYP2D6:42526483 → A:52, C*:0, G:0, M:0, N:0, P:0, T:0
CYP2D6:42526548 → A:0, C:0, G:0, M:0, N:0, P:0, T*:56
CYP2D6:42526560 → A:0, C:0, G:0, M:0, N:0, P:0, T*:55
CYP2D6:42526561 → A:0, C*:55, G:0, M:0, N:0, P:0, T:0
CYP2D6:42526566 → A*:55, C:0, G:0, M:0, N:0, P:0, T:0
CYP2D6:42526570 → A:0, C:0, G*:55, M:0, N:0, P:0, T:0
CYP2D6:42526572 → A:0, C:0, G*:55, M:0, N:0, P:0, T:0
CYP2D6:42526579 → A:0, C*:59, G:0, M:0, N:0, P:0, T:0
CYP2D6:42526693^ → A^:46, C:0, G*:0, M:0, N:0, P:0, T:0
CYP2D6:42527792 → A:0, C*:0, G:0, M:0, N:0, P:0, T:61
CYP2D6:42528027 → A:0, C:54, G:0, M:0, N:0, P:0, T*:0
CYP2D6:42528223 → A:54, C:0, G*:0, M:0, N:0, P:0, T:0
Step 0: Loss=0.3120, CN=[2.0999167]
Step 100: Loss=0.1997, CN=[2.6667705]
Step 200: Loss=0.1997, CN=[2.6676795]
Step 300: Loss=0.1997, CN=[2.667687]
Step 400: Loss=0.1997, CN=[2.667687]

=== Fit ===
Region 0: obs=3.816, exp=2.668, diff=+1.148 *
Region 1: obs=2.884, exp=2.668, diff=+0.216 
Region 2: obs=2.741, exp=2.668, diff=+0.074 
Region 3: obs=2.741, exp=2.668, diff=+0.073 
Region 4: obs=3.135, exp=2.668, diff=+0.468 
Region 5: obs=2.867, exp=2.668, diff=+0.199 
Region 6: obs=3.010, exp=2.668, diff=+0.342 
Region 7: obs=2.343, exp=2.668, diff=-0.325 
Region 8: obs=3.048, exp=2.668, diff=+0.380 
Region 9: obs=2.783, exp=2.668, diff=+0.115 
Region 10: obs=2.852, exp=2.668, diff=+0.184 
Region 11: obs=2.449, exp=2.668, diff=-0.219 
Region 12: obs=2.613, exp=2.668, diff=-0.055 
Region 13: obs=2.327, exp=2.668, diff=-0.340 
Region 14: obs=3.947, exp=2.668, diff=+1.279 *
Region 15: obs=3.312, exp=2.668, diff=+0.645 *
Region 16: obs=3.056, exp=2.668, diff=+0.389 
Region 17: obs=2.148, exp=2.668, diff=-0.520 *
Region 18: obs=1.249, exp=2.668, diff=-1.419 *
Region 19: obs=1.411, exp=2.668, diff=-1.257 *
Region 20: obs=1.983, exp=2.668, diff=-0.684 *
Region 21: obs=0.000, exp=2.668, diff=-2.668 *
Region 22: obs=1.898, exp=2.668, diff=-0.769 *

[Gene CN Results]
  CYP2D6: 2.67 → 2.667686939239502

=== CYP2D6 Fusion Template CN Estimation ===

Using CN configs: ['1', '68.001', '141.1001']

Region coverage:
  up: 3.8
  utr5: 2.9
  e1: 2.7
  i1: 2.7
  e2: 3.1
  i2: 2.9
  e3: 3.0
  i3: 2.3
  e4: 3.0
  i4: 2.8
  e5: 2.9
  i5: 2.4
  e6: 2.6
  i6: 2.3
  e7: 3.9
  i7: 3.3
  e8: 3.1
  i8: 2.1
  e9: 1.2
  utr3: 1.4
  ins: 2.0
  pce: 0.0
  rep: 1.9
  e1_2d7: 0.0
  e2_2d7: 0.2
  e3_2d7: 0.0
  e5_2d7: 0.0
  e6_2d7: 0.0
  e9_2d7: 1.9
  pce_2d7: 1.4

CN configs: ['1', '68.001', '141.1001']
PCE contributions: {'1': tensor(0.), '68.001': tensor(1.), '141.1001': tensor(1.)}
Gene CN: 2.67 → required total: 3
Respect gene CN constraint: True
Enumerating configurations that sum to 3...
Evaluated 10 configurations

Top 5 configurations:
  1. loss=4.12: 1:1, 141.1001:2
  2. loss=4.28: 1:2, 141.1001:1
  3. loss=14.46: 141.1001:3
  4. loss=14.55: 1:1, 68.001:1, 141.1001:1
  5. loss=14.71: 1:2, 68.001:1

Best CN assignment (loss=4.12):
  1: 1
  141.1001: 2
  Total: 3

Fit comparison:
  up: obs=3.8, exp=3.0, diff=+0.8
  utr5: obs=2.9, exp=3.0, diff=-0.1
  e1: obs=2.7, exp=3.0, diff=-0.3
  i1: obs=2.7, exp=3.0, diff=-0.3
  e2: obs=3.1, exp=3.0, diff=+0.1
  i2: obs=2.9, exp=3.0, diff=-0.1
  e3: obs=3.0, exp=3.0, diff=+0.0
  i3: obs=2.3, exp=3.0, diff=-0.7
  e4: obs=3.0, exp=3.0, diff=+0.0
  i4: obs=2.8, exp=3.0, diff=-0.2
  e5: obs=2.9, exp=3.0, diff=-0.1
  i5: obs=2.4, exp=3.0, diff=-0.6
  e6: obs=2.6, exp=3.0, diff=-0.4
  i6: obs=2.3, exp=3.0, diff=-0.7
  e7: obs=3.9, exp=3.0, diff=+0.9
  i7: obs=3.3, exp=3.0, diff=+0.3
  e8: obs=3.1, exp=3.0, diff=+0.1
  i8: obs=2.1, exp=3.0, diff=-0.9
  e9: obs=1.2, exp=1.0, diff=+0.2
  utr3: obs=1.4, exp=1.0, diff=+0.4
  ins: obs=2.0, exp=1.0, diff=+1.0
  pce: obs=0.0, exp=0.0, diff=+0.0
  rep: obs=1.9, exp=1.0, diff=+0.9
  e1_2d7: obs=0.0, exp=0.0, diff=+0.0
  e2_2d7: obs=0.2, exp=0.0, diff=+0.2
  e3_2d7: obs=0.0, exp=0.0, diff=+0.0
  e5_2d7: obs=0.0, exp=0.0, diff=+0.0
  e6_2d7: obs=0.0, exp=0.0, diff=+0.0
  e9_2d7: obs=1.9, exp=2.0, diff=-0.1
  pce_2d7: obs=1.4, exp=2.0, diff=-0.6

[Selected CN Configs] 141.1001:2, 1:1
  Total CYP2D6 CN: 3

[Filtering alleles by cn_config]

  WARNING: CN config '141.1001' has no valid alleles!
  Re-enabling alleles and filtering by their own functional mutations...
  Rescued 2 alleles for cn_config '141.1001'

Kept alleles by cn_config:
  1: 2 major alleles
    *10.001, *132.001
  141.1001: 2 major alleles
    *36.1001, *83.1003

  Filtered: 0 alleles
  Kept: 11 alleles

[Updating N variant counts for deleted regions]
  CN config '141.1001' (CN=2): deleted regions = ['e9', 'utr3', 'ins', 'pce', 'rep']
    Expected N count per position: 45
  Total updated: 39 positions

[Rebuilding allele vectors for fusion cn_configs]
Using device: cuda
num_sparse_entries: 275
max sparse_flat_index: 1924
expected max: 1924

=== Running VAE with seed 42 ===
Global Pooled JS: 0.043685
Seed 42, Step    0: Loss = 458.89 (Recon: 359.36, Allele KL: 18.24, Base KL: 3587.60, Functional KL: 0.04
Global Pooled JS: 0.014190
Seed 42, Step  500: Loss = 259.49 (Recon: 195.94, Allele KL: 26.76, Base KL: 4809.47, Functional KL: 0.01
Global Pooled JS: 0.007827
Seed 42, Step 1000: Loss = 236.10 (Recon: 169.19, Allele KL: 20.65, Base KL: 4741.42, Functional KL: 0.01
Global Pooled JS: 0.008888
Seed 42, Step 1500: Loss = 245.12 (Recon: 175.93, Allele KL: 19.31, Base KL: 4859.43, Functional KL: 0.01
Global Pooled JS: 0.011509
Seed 42, Step 2000: Loss = 282.11 (Recon: 206.05, Allele KL: 15.30, Base KL: 4787.67, Functional KL: 0.01
Global Pooled JS: 0.014405
Seed 42, Step 2500: Loss = 248.33 (Recon: 188.48, Allele KL: 22.81, Base KL: 4759.79, Functional KL: 0.01

Top Variants with Coverage Mismatches:
Rank   Variant                        Expected     Observed     Diff       |Div|       
------------------------------------------------------------------------------------------
1      CYP2D6:42522612→G              10.84        21.00        -10.16     0.004133    
2      CYP2D6:42523974→T              56.38        45.00        11.38      0.001014    
3      CYP2D6:42526693→G              0.36         0.00         0.36       0.000556    
4      CYP2D6:42526693→A              54.55        46.00        8.55       0.000507    
5      CYP2D6:42526693→T              0.33         0.00         0.33       0.000505    
6      CYP2D6:42526693→C              0.32         0.00         0.32       0.000496    
7      CYP2D6:42526693→N              0.32         0.00         0.32       0.000490    
8      CYP2D6:42526693→M              0.32         0.00         0.32       0.000489    
9      CYP2D6:42526693→P              0.32         0.00         0.32       0.000485    
10     CYP2D6:42525131→G              56.47        61.00        -4.53      0.000426    
11     CYP2D6:42523974→C              0.13         0.00         0.13       0.000203    
12     CYP2D6:42522612→T              0.08         0.00         0.08       0.000122    
13     CYP2D6:42522612→C              0.08         0.00         0.08       0.000119    
14     CYP2D6:42522612→A              0.08         0.00         0.08       0.000119    
15     CYP2D6:42522612→M              0.08         0.00         0.08       0.000119    
16     CYP2D6:42522612→P              0.08         0.00         0.08       0.000118    
17     CYP2D6:42525131→C              0.05         0.00         0.05       0.000076    
18     CYP2D6:42522612→N              45.29        45.00        0.29       0.000023    
19     CYP2D6:42523974→A              0.00         0.00         0.00       0.000002    
20     CYP2D6:42523974→N              0.00         0.00         0.00       0.000002    
21     CYP2D6:42523974→M              0.00         0.00         0.00       0.000002    
22     CYP2D6:42523974→G              0.00         0.00         0.00       0.000002    
23     CYP2D6:42523974→P              0.00         0.00         0.00       0.000002    
24     CYP2D6:42525131→A              0.00         0.00         0.00       0.000000    
25     CYP2D6:42525131→M              0.00         0.00         0.00       0.000000    
26     CYP2D6:42525131→N              0.00         0.00         0.00       0.000000    
27     CYP2D6:42525131→P              0.00         0.00         0.00       0.000000    
28     CYP2D6:42525131→T              0.00         0.00         0.00       0.000000    
New best model with final loss: 252.73

=== Running VAE with seed 123 ===
Global Pooled JS: 0.157783
Seed 123, Step    0: Loss = 661.21 (Recon: 589.10, Allele KL: 21.02, Base KL: 3553.92, Functional KL: 0.16
Global Pooled JS: 0.008762
Seed 123, Step  500: Loss = 248.44 (Recon: 179.74, Allele KL: 25.79, Base KL: 4691.45, Functional KL: 0.01
Global Pooled JS: 0.008374
Seed 123, Step 1000: Loss = 242.77 (Recon: 171.34, Allele KL: 26.00, Base KL: 4645.85, Functional KL: 0.01
Global Pooled JS: 0.013475
Seed 123, Step 1500: Loss = 244.86 (Recon: 183.85, Allele KL: 21.15, Base KL: 4776.92, Functional KL: 0.01
Global Pooled JS: 0.010183
Seed 123, Step 2000: Loss = 242.40 (Recon: 174.38, Allele KL: 27.76, Base KL: 4644.70, Functional KL: 0.01
Global Pooled JS: 0.008846
Seed 123, Step 2500: Loss = 241.70 (Recon: 174.84, Allele KL: 15.55, Base KL: 4936.50, Functional KL: 0.01

Top Variants with Coverage Mismatches:
Rank   Variant                        Expected     Observed     Diff       |Div|       
------------------------------------------------------------------------------------------
1      CYP2D6:42522612→G              13.18        21.00        -7.82      0.002365    
2      CYP2D6:42523974→T              56.32        45.00        11.32      0.001002    
3      CYP2D6:42526693→G              0.41         0.00         0.41       0.000628    
4      CYP2D6:42526693→T              0.34         0.00         0.34       0.000514    
5      CYP2D6:42526693→N              0.33         0.00         0.33       0.000498    
6      CYP2D6:42526693→A              54.49        46.00        8.49       0.000498    
7      CYP2D6:42526693→M              0.32         0.00         0.32       0.000496    
8      CYP2D6:42526693→P              0.32         0.00         0.32       0.000495    
9      CYP2D6:42526693→C              0.32         0.00         0.32       0.000485    
10     CYP2D6:42525131→G              56.43        61.00        -4.57      0.000431    
11     CYP2D6:42523974→C              0.19         0.00         0.19       0.000294    
12     CYP2D6:42522612→N              42.87        45.00        -2.13      0.000178    
13     CYP2D6:42522612→C              0.10         0.00         0.10       0.000150    
14     CYP2D6:42522612→A              0.10         0.00         0.10       0.000146    
15     CYP2D6:42522612→M              0.09         0.00         0.09       0.000145    
16     CYP2D6:42522612→T              0.09         0.00         0.09       0.000145    
17     CYP2D6:42522612→P              0.09         0.00         0.09       0.000143    
18     CYP2D6:42525131→C              0.09         0.00         0.09       0.000137    
19     CYP2D6:42523974→G              0.00         0.00         0.00       0.000002    
20     CYP2D6:42523974→P              0.00         0.00         0.00       0.000002    
21     CYP2D6:42523974→N              0.00         0.00         0.00       0.000002    
22     CYP2D6:42523974→A              0.00         0.00         0.00       0.000002    
23     CYP2D6:42523974→M              0.00         0.00         0.00       0.000002    
24     CYP2D6:42525131→A              0.00         0.00         0.00       0.000000    
25     CYP2D6:42525131→M              0.00         0.00         0.00       0.000000    
26     CYP2D6:42525131→N              0.00         0.00         0.00       0.000000    
27     CYP2D6:42525131→P              0.00         0.00         0.00       0.000000    
28     CYP2D6:42525131→T              0.00         0.00         0.00       0.000000    
New best model with final loss: 237.75

=== Running VAE with seed 456 ===
Global Pooled JS: 0.352919
Seed 456, Step    0: Loss = 2688.18 (Recon: 2610.65, Allele KL: 51.98, Base KL: 5577.43, Functional KL: 0.35
Global Pooled JS: 0.009778
Seed 456, Step  500: Loss = 250.85 (Recon: 182.15, Allele KL: 13.63, Base KL: 4656.06, Functional KL: 0.01
Global Pooled JS: 0.009011
Seed 456, Step 1000: Loss = 239.40 (Recon: 172.26, Allele KL: 23.69, Base KL: 4696.08, Functional KL: 0.01
Global Pooled JS: 0.007932
Seed 456, Step 1500: Loss = 243.54 (Recon: 173.80, Allele KL: 18.84, Base KL: 4660.07, Functional KL: 0.01
Global Pooled JS: 0.008997
Seed 456, Step 2000: Loss = 234.06 (Recon: 171.26, Allele KL: 17.57, Base KL: 4780.63, Functional KL: 0.01
Global Pooled JS: 0.008914
Seed 456, Step 2500: Loss = 241.21 (Recon: 173.99, Allele KL: 18.26, Base KL: 4762.74, Functional KL: 0.01

Top Variants with Coverage Mismatches:
Rank   Variant                        Expected     Observed     Diff       |Div|       
------------------------------------------------------------------------------------------
1      CYP2D6:42522612→G              11.57        21.00        -9.43      0.003514    
2      CYP2D6:42523974→T              56.19        45.00        11.19      0.000976    
3      CYP2D6:42526693→G              0.47         0.00         0.47       0.000722    
4      CYP2D6:42526693→T              0.33         0.00         0.33       0.000506    
5      CYP2D6:42526693→A              54.45        46.00        8.45       0.000493    
6      CYP2D6:42526693→P              0.32         0.00         0.32       0.000492    
7      CYP2D6:42523974→C              0.32         0.00         0.32       0.000486    
8      CYP2D6:42526693→N              0.32         0.00         0.32       0.000485    
9      CYP2D6:42526693→M              0.32         0.00         0.32       0.000484    
10     CYP2D6:42526693→C              0.32         0.00         0.32       0.000483    
11     CYP2D6:42525131→G              56.37        61.00        -4.63      0.000439    
12     CYP2D6:42525131→C              0.15         0.00         0.15       0.000232    
13     CYP2D6:42522612→T              0.08         0.00         0.08       0.000127    
14     CYP2D6:42522612→A              0.08         0.00         0.08       0.000126    
15     CYP2D6:42522612→P              0.08         0.00         0.08       0.000125    
16     CYP2D6:42522612→M              0.08         0.00         0.08       0.000125    
17     CYP2D6:42522612→C              0.08         0.00         0.08       0.000124    
18     CYP2D6:42522612→N              44.54        45.00        -0.46      0.000055    
19     CYP2D6:42523974→M              0.00         0.00         0.00       0.000004    
20     CYP2D6:42523974→N              0.00         0.00         0.00       0.000004    
21     CYP2D6:42523974→G              0.00         0.00         0.00       0.000004    
22     CYP2D6:42523974→A              0.00         0.00         0.00       0.000004    
23     CYP2D6:42523974→P              0.00         0.00         0.00       0.000004    
24     CYP2D6:42525131→A              0.00         0.00         0.00       0.000000    
25     CYP2D6:42525131→M              0.00         0.00         0.00       0.000000    
26     CYP2D6:42525131→N              0.00         0.00         0.00       0.000000    
27     CYP2D6:42525131→P              0.00         0.00         0.00       0.000000    
28     CYP2D6:42525131→T              0.00         0.00         0.00       0.000000    

=== Multi-Seed VAE Results ===
Best model had seed 123 with final loss: 237.75
All seeds final losses:
  Seed 42: Total=252.73 (Recon=178.34, A_KL=23.03, B_KL=4700.46)
  Seed 123: Total=237.75 (Recon=175.92, A_KL=21.08, B_KL=4724.88) <- Best
  Seed 456: Total=239.50 (Recon=173.36, A_KL=18.32, B_KL=4838.16)

[Raw]:
CYP2D6*36: Normalized=0.7552, Unnormalized=0.76
CYP2D6*10: Normalized=0.2397, Unnormalized=0.24

Allocating by cn_config:

Major allele -> cn_config mapping:
  *10 -> 1
  *132 -> 1
  *36 -> 141.1001
  *83 -> 141.1001
  CN config '1' (CN=1): {'10': 1}
  CN config '141.1001' (CN=2): {'36': 2}

[Alleles]
CYP2D6*10
CYP2D6*36
CYP2D6*36
	Command being timed: "python /home/qinghuiz/aidy/push/Neretva/neretva/cyp.py CYP2D6 /project/shared/aldy-data/wgs/NA18565.wgs.cram"
	User time (seconds): 187.31
	System time (seconds): 38.94
	Percent of CPU this job got: 99%
	Elapsed (wall clock) time (h:mm:ss or m:ss): 3:46.93
	Average shared text size (kbytes): 0
	Average unshared data size (kbytes): 0
	Average stack size (kbytes): 0
	Average total size (kbytes): 0
	Maximum resident set size (kbytes): 2706144
	Average resident set size (kbytes): 0
	Major (requiring I/O) page faults: 0
	Minor (reclaiming a frame) page faults: 754812
	Voluntary context switches: 25060
	Involuntary context switches: 4132
	Swaps: 0
	File system inputs: 0
	File system outputs: 104
	Socket messages sent: 0
	Socket messages received: 0
	Signals delivered: 0
	Page size (bytes): 4096
	Exit status: 0
