2026-05-16 02:10:14.419575: I tensorflow/core/util/port.cc:111] oneDNN custom operations are on. You may see slightly different numerical results due to floating-point round-off errors from different computation orders. To turn them off, set the environment variable `TF_ENABLE_ONEDNN_OPTS=0`.
2026-05-16 02:10:14.456684: E tensorflow/compiler/xla/stream_executor/cuda/cuda_dnn.cc:9342] Unable to register cuDNN factory: Attempting to register factory for plugin cuDNN when one has already been registered
2026-05-16 02:10:14.456860: E tensorflow/compiler/xla/stream_executor/cuda/cuda_fft.cc:609] Unable to register cuFFT factory: Attempting to register factory for plugin cuFFT when one has already been registered
2026-05-16 02:10:14.456996: E tensorflow/compiler/xla/stream_executor/cuda/cuda_blas.cc:1518] Unable to register cuBLAS factory: Attempting to register factory for plugin cuBLAS when one has already been registered
2026-05-16 02:10:14.465431: I tensorflow/core/platform/cpu_feature_guard.cc:182] This TensorFlow binary is optimized to use available CPU instructions in performance-critical operations.
To enable the following instructions: AVX2 AVX512F AVX512_VNNI FMA, in other operations, rebuild TensorFlow with the appropriate compiler flags.
AttributeError: 'MessageFactory' object has no attribute 'GetPrototype'
2026-05-16 02:10:15.787860: W tensorflow/compiler/tf2tensorrt/utils/py_utils.cc:38] TF-TRT Warning: Could not find TensorRT
AttributeError: 'MessageFactory' object has no attribute 'GetPrototype'
[info] total indices 2506
[info] total variants 2506
3.001 was filtered out as 42524243 delT needs N but not covered
3.002 was filtered out as 42524243 delT needs N but not covered
4.001 was filtered out as 42526693 G>A needs A but not covered
4.002 was filtered out as 42526693 G>A needs A but not covered
4.006 was filtered out as 42526693 G>A needs A but not covered
4.008 was filtered out as 42526693 G>A needs A but not covered
4.014 was filtered out as 42526693 G>A needs A but not covered
4.015 was filtered out as 42526693 G>A needs A but not covered
4.016 was filtered out as 42526693 G>A needs A but not covered
4.017 was filtered out as 42526693 G>A needs A but not covered
4.018 was filtered out as 42526693 G>A needs A but not covered
4.020 was filtered out as 42526693 G>A needs A but not covered
4.022 was filtered out as 42526693 G>A needs A but not covered
4.023 was filtered out as 42526693 G>A needs A but not covered
4.024 was filtered out as 42526693 G>A needs A but not covered
4.025 was filtered out as 42526693 G>A needs A but not covered
4.026 was filtered out as 42526693 G>A needs A but not covered
4.029 was filtered out as 42526693 G>A needs A but not covered
4.030 was filtered out as 42526693 G>A needs A but not covered
4.003 was filtered out as 42526693 G>A needs A but not covered
4.004 was filtered out as 42526693 G>A needs A but not covered
4.005 was filtered out as 42526693 G>A needs A but not covered
4.011 was filtered out as 42526693 G>A needs A but not covered
4.019 was filtered out as 42526693 G>A needs A but not covered
4.007 was filtered out as 42526693 G>A needs A but not covered
4.009 was filtered out as 42526693 G>A needs A but not covered
4.010 was filtered out as 42526693 G>A needs A but not covered
4.012 was filtered out as 42525820 G>T needs T but not covered
4.013 was filtered out as 42526693 G>A needs A but not covered
4.021 was filtered out as 42526693 G>A needs A but not covered
4.027 was filtered out as 42526693 G>A needs A but not covered
4.028 was filtered out as 42526693 G>A needs A but not covered
4.1013 was filtered out as 42526693 G>A needs A but not covered
4.1021 was filtered out as 42526693 G>A needs A but not covered
4.2021 was filtered out as 42526693 G>A needs A but not covered
6.001 was filtered out as 42525085 delA needs N but not covered
6.002 was filtered out as 42525085 delA needs N but not covered
6.005 was filtered out as 42525085 delA needs N but not covered
6.006 was filtered out as 42525085 delA needs N but not covered
6.003 was filtered out as 42525085 delA needs N but not covered
6.004 was filtered out as 42525085 delA needs N but not covered
7.001 was filtered out as 42523857 T>G needs G but not covered
8.001 was filtered out as 42525034 C>A needs A but not covered
9.001 was filtered out as 42524175 delCTT needs N but not covered
9.002 was filtered out as 42524175 delCTT needs N but not covered
10.001 was filtered out as 42526693 G>A needs A but not covered
10.002 was filtered out as 42526693 G>A needs A but not covered
10.003 was filtered out as 42526693 G>A needs A but not covered
10.004 was filtered out as 42526693 G>A needs A but not covered
10.005 was filtered out as 42526693 G>A needs A but not covered
10.006 was filtered out as 42526693 G>A needs A but not covered
10.007 was filtered out as 42526693 G>A needs A but not covered
10.1004 was filtered out as 42526693 G>A needs A but not covered
11.001 was filtered out as 42525911 C>G needs G but not covered
12.001 was filtered out as 42526669 C>T needs T but not covered
12.002 was filtered out as 42526669 C>T needs T but not covered
15.001 was filtered out as 42526655 insA needs P but not covered
15.002 was filtered out as 42526655 insA needs P but not covered
15.003 was filtered out as 42526655 insA needs P but not covered
17.001 was filtered out as 42525771 G>A needs A but not covered
17.002 was filtered out as 42525771 G>A needs A but not covered
17.003 was filtered out as 42525771 G>A needs A but not covered
17.004 was filtered out as 42525771 G>A needs A but not covered
17.005 was filtered out as 42525771 G>A needs A but not covered
17.006 was filtered out as 42525771 G>A needs A but not covered
18.001 was filtered out as 42522657 insCAGTGGGCA needs P but not covered
19.001 was filtered out as 42524250 delAGTT needs N but not covered
20.001 was filtered out as 42524815 insC needs P but not covered
21.001 was filtered out as 42524212 insG needs P but not covered
21.002 was filtered out as 42524212 insG needs P but not covered
22.001 was filtered out as 42526711 G>A needs A but not covered
23.001 was filtered out as 42525837 G>A needs A but not covered
24.001 was filtered out as 42523939 T>G needs G but not covered
25.001 was filtered out as 42523594 G>C needs C but not covered
26.001 was filtered out as 42523515 A>G needs G but not covered
27.001 was filtered out as 42522939 C>T needs T but not covered
28.001 was filtered out as 42526774 C>T needs T but not covered
28.002 was filtered out as 42526774 C>T needs T but not covered
29.001 was filtered out as 42525131 C.C>G.T needs M but not covered
30.001 was filtered out as 42524928 insGGGGCGAAA not covered (cov=0)
31.001 was filtered out as 42522750 C>T needs T but not covered
32.001 was filtered out as 42522939 C>T needs T but not covered
33.001 was filtered out as 42524309 C>A needs A but not covered
33.002 was filtered out as 42524309 C>A needs A but not covered
35.001 was filtered out as 42526762 C>T needs T but not covered
35.002 was filtered out as 42526762 C>T needs T but not covered
35.003 was filtered out as 42526762 C>T needs T but not covered
35.004 was filtered out as 42526762 C>T needs T but not covered
35.005 was filtered out as 42526762 C>T needs T but not covered
35.006 was filtered out as 42526762 C>T needs T but not covered
35.007 was filtered out as 42526762 C>T needs T but not covered
36.001 was filtered out as 42526693 G>A needs A but not covered
36.002 was filtered out as 42526693 G>A needs A but not covered
36.003 was filtered out as 42526693 G>A needs A but not covered
36.004 was filtered out as 42526693 G>A needs A but not covered
36.1001 was filtered out as 42526693 G>A needs A but not covered
37.001 was filtered out as 42526693 G>A needs A but not covered
38.001 was filtered out as 42524200 delTCAG needs N but not covered
40.001 was filtered out as 42525771 G>A needs A but not covered
41.001 was filtered out as 42523804 C>T needs T but not covered
41.002 was filtered out as 42523804 C>T needs T but not covered
41.003 was filtered out as 42523804 C>T needs T but not covered
41.004 was filtered out as 42523804 C>T needs T but not covered
41.005 was filtered out as 42523804 C>T needs T but not covered
42.001 was filtered out as 42523531 insAC needs P but not covered
43.001 was filtered out as 42526716 C>T needs T but not covered
43.002 was filtered out as 42526716 C>T needs T but not covered
44.001 was filtered out as 42526711 G>A needs A but not covered
45.001 was filtered out as 42525076 C>T needs T but not covered
45.002 was filtered out as 42525076 C>T needs T but not covered
45.003 was filtered out as 42525076 C>T needs T but not covered
45.004 was filtered out as 42525076 C>T needs T but not covered
46.001 was filtered out as 42525076 C>T needs T but not covered
46.002 was filtered out as 42525076 C>T needs T but not covered
46.003 was filtered out as 42525076 C>T needs T but not covered
47.001 was filtered out as 42526693 G>A needs A but not covered
48.001 was filtered out as 42525822 G>A needs A but not covered
49.001 was filtered out as 42526693 G>A needs A but not covered
50.001 was filtered out as 42525072 T>G needs G but not covered
51.001 was filtered out as 42523620 T>G needs G but not covered
52.001 was filtered out as 42526693 G>A needs A but not covered
52.002 was filtered out as 42526693 G>A needs A but not covered
53.001 was filtered out as 42525181 A>T needs T but not covered
54.001 was filtered out as 42526693 G>A needs A but not covered
55.001 was filtered out as 42522957 T>G needs G but not covered
56.001 was filtered out as 42523591 G>A needs A but not covered
56.002 was filtered out as 42526693 G>A needs A but not covered
56.003 was filtered out as 42526693 G>A needs A but not covered
57.001 was filtered out as 42526693 G>A needs A but not covered
57.1001 was filtered out as 42526693 G>A needs A but not covered
58.001 was filtered out as 42525771 G>A needs A but not covered
59.001 was filtered out as 42523853 C>T needs T but not covered
60.001 was filtered out as 42524904 insTA needs P but not covered
62.001 was filtered out as 42522748 G>A needs A but not covered
64.001 was filtered out as 42526693 G>A needs A but not covered
65.001 was filtered out as 42526693 G>A needs A but not covered
68.001 was filtered out as 42526693 G>A needs A but not covered
69.001 was filtered out as 42526693 G>A needs A but not covered
70.001 was filtered out as 42525131 C.C>G.T needs M but not covered
71.001 was filtered out as 42526668 C>T needs T but not covered
71.002 was filtered out as 42526668 C>T needs T but not covered
71.003 was filtered out as 42526668 C>T needs T but not covered
72.001 was filtered out as 42526693 G>A needs A but not covered
73.001 was filtered out as 42525781 C>T needs T but not covered
74.001 was filtered out as 42525820 G>T needs T but not covered
75.001 was filtered out as 42522747 C>T needs T but not covered
75.002 was filtered out as 42522747 C>T needs T but not covered
81.001 was filtered out as 42524213 G>A needs A but not covered
82.001 was filtered out as 42525820 G>T needs T but not covered
83.001 was filtered out as 42522664 G>C needs C but not covered
83.002 was filtered out as 42522664 G>C needs C but not covered
83.003 was filtered out as 42522664 G>C needs C but not covered
84.001 was filtered out as 42524218 G>T needs T but not covered
84.002 was filtered out as 42524218 G>T needs T but not covered
85.001 was filtered out as 42522635 A>C needs C but not covered
86.001 was filtered out as 42524186 C>T needs T but not covered
87.001 was filtered out as 42526693 G>A needs A but not covered
88.001 was filtered out as 42525780 A>G needs G but not covered
89.001 was filtered out as 42525114 A>G needs G but not covered
90.001 was filtered out as 42525099 T>C needs C but not covered
91.001 was filtered out as 42523804 C>T needs T but not covered
92.001 was filtered out as 42524797 delG needs N but not covered
93.001 was filtered out as 42524273 T>G needs G but not covered
94.001 was filtered out as 42526693 G>A needs A but not covered
94.002 was filtered out as 42526693 G>A needs A but not covered
95.001 was filtered out as 42526693 G>A needs A but not covered
96.001 was filtered out as 42522897 G>A needs A but not covered
97.001 was filtered out as 42522698 G>T needs T but not covered
98.001 was filtered out as 42522682 G>C needs C but not covered
99.001 was filtered out as 42526693 G>A needs A but not covered
100.001 was filtered out as 42526693 G>A needs A but not covered
101.001 was filtered out as 42526693 G>A needs A but not covered
102.001 was filtered out as 42525822 G>A needs A but not covered
103.001 was filtered out as 42525043 T>C needs C but not covered
104.001 was filtered out as 42525072 T>A needs A but not covered
105.001 was filtered out as 42523524 A>G needs G but not covered
106.001 was filtered out as 42522915 C>T needs T but not covered
106.002 was filtered out as 42522915 C>T needs T but not covered
106.003 was filtered out as 42522915 C>T needs T but not covered
107.001 was filtered out as 42525133 C>T needs T but not covered
108.001 was filtered out as 42523566 T>C needs C but not covered
109.001 was filtered out as 42524175 delCTT needs N but not covered
110.001 was filtered out as 42522736 C>T needs T but not covered
111.001 was filtered out as 42525760 C>T needs T but not covered
111.002 was filtered out as 42525760 C>T needs T but not covered
112.001 was filtered out as 42522606 G>A needs A but not covered
113.001 was filtered out as 42522753 C>T needs T but not covered
114.001 was filtered out as 42526693 G>A needs A but not covered
115.001 was filtered out as 42524175 delCTT needs N but not covered
116.001 was filtered out as 42523632 C>G needs G but not covered
117.001 was filtered out as 42523612 C>T needs T but not covered
118.001 was filtered out as 42523900 T>C needs C but not covered
119.001 was filtered out as 42523804 C>T needs T but not covered
120.001 was filtered out as 42526729 delG needs N but not covered
121.001 was filtered out as 42525043 T>C needs C but not covered
122.001 was filtered out as 42523513 C>T needs T but not covered
123.001 was filtered out as 42523804 C>T needs T but not covered
124.001 was filtered out as 42522982 delGA needs N but not covered
124.002 was filtered out as 42522982 delGA needs N but not covered
125.001 was filtered out as 42522720 C>T needs T but not covered
126.001 was filtered out as 42525135 G>A needs A but not covered
127.001 was filtered out as 42523527 C>T needs T but not covered
128.001 was filtered out as 42525888 A>C needs C but not covered
129.001 was filtered out as 42525156 C>T needs T but not covered
130.001 was filtered out as 42524879 CA>AG needs A but not covered
131.001 was filtered out as 42524326 A>G needs G but not covered
132.001 was filtered out as 42526693 G>A needs A but not covered
133.001 was filtered out as 42523603 C>T needs T but not covered
134.001 was filtered out as 42523590 C>T needs T but not covered
135.001 was filtered out as 42522927 G>A needs A but not covered
136.001 was filtered out as 42522878 G>A needs A but not covered
137.001 was filtered out as 42522579 C>T needs T but not covered
138.001 was filtered out as 42523804 C>T needs T but not covered
139.001 was filtered out as 42523527 C>T needs T but not covered
140.001 was filtered out as 42524330 G>A needs A but not covered
141.001 was filtered out as 42522664 G>C needs C but not covered
141.1001 was filtered out as 42525771 G>A needs A but not covered
142.001 was filtered out as 42526693 G>A needs A but not covered
143.001 was filtered out as 42526762 C>T needs T but not covered
144.001 was filtered out as 42524352 C>T needs T but not covered
145.001 was filtered out as 42524928 insGGGGCGAAA not covered (cov=0)
146.001 was filtered out as 42526716 C>T needs T but not covered
147.001 was filtered out as 42526693 G>A needs A but not covered
148.001 was filtered out as 42526716 C>T needs T but not covered
149.001 was filtered out as 42525131 C.C>G.T needs M but not covered
152.001 was filtered out as 42524341 G>A needs A but not covered
153.001 was filtered out as 42524808 C>T needs T but not covered
154.001 was filtered out as 42525771 G>A needs A but not covered
155.001 was filtered out as 42525131 C.C>G.T needs M but not covered
156.001 was filtered out as 42525131 C.C>G.T needs M but not covered
157.001 was filtered out as 42525131 C.C>G.T needs M but not covered
158.001 was filtered out as 42523804 C>T needs T but not covered
159.001 was filtered out as 42526671 G>A needs A but not covered
160.001 was filtered out as 42525820 G>T needs T but not covered
161.001 was filtered out as 42525184 C>A needs A but not covered
162.001 was filtered out as 42522939 C>T needs T but not covered
163.001 was filtered out as 42525157 A>G needs G but not covered
[filter] CYP2D6 1.001 => 1.001; 1.002; 1.003; 1.004; 1.005; 1.006; 1.007; 1.008; 1.009; 1.010; 1.011; 1.012; 1.013; 1.014; 1.015; 1.016; 1.017; 1.018; 1.019; 1.020; 1.021; 1.022; 1.023; 1.024; 1.025; 1.026; 1.027; 1.028; 1.029; 1.030; 1.031; 1.032; 1.033; 1.034; 1.035; 1.036; 1.037; 1.038; 1.039; 1.040; 1.041; 1.042; 1.043; 1.044; 1.045; 1.046; 1.047; 1.048; 1.049
[filter] CYP2D6 2.001 => 2.001; 2.002; 2.003; 2.004; 2.005; 2.006; 2.007; 2.008; 2.009; 2.010; 2.011; 2.012; 2.013; 2.014; 2.015; 2.016; 2.017; 2.018; 2.019; 2.020; 2.021; 2.022; 2.023; 2.024; 2.025; 2.026; 2.027; 2.028; 2.030
[filter] CYP2D6 5.001 => 5.001
[filter] CYP2D6 14.001 => 14.001
[filter] CYP2D6 34.001 => 34.001
[filter] CYP2D6 39.001 => 39.001; 39.002
[filter] CYP2D6 61.001 => 61.001
[filter] CYP2D6 63.001 => 63.001
[filter] CYP2D6 68.002 => 68.002
[filter] CYP2D6 83.1003 => 83.1003
[filter] valid_alleles=87
Step 0: Loss=0.0951, CN=[2.0999167]
Step 100: Loss=0.0772, CN=[2.2051318]
Step 200: Loss=0.0772, CN=[2.2047036]
Step 300: Loss=0.0772, CN=[2.204702]
Step 400: Loss=0.0772, CN=[2.2047017]

=== Fit ===
Region 0: obs=2.363, exp=2.205, diff=+0.158 
Region 1: obs=2.595, exp=2.205, diff=+0.391 
Region 2: obs=2.451, exp=2.205, diff=+0.246 
Region 3: obs=2.217, exp=2.205, diff=+0.012 
Region 4: obs=2.088, exp=2.205, diff=-0.116 
Region 5: obs=2.262, exp=2.205, diff=+0.057 
Region 6: obs=2.268, exp=2.205, diff=+0.064 
Region 7: obs=1.686, exp=2.205, diff=-0.519 *
Region 8: obs=2.132, exp=2.205, diff=-0.073 
Region 9: obs=1.997, exp=2.205, diff=-0.208 
Region 10: obs=2.019, exp=2.205, diff=-0.186 
Region 11: obs=2.088, exp=2.205, diff=-0.117 
Region 12: obs=2.411, exp=2.205, diff=+0.206 
Region 13: obs=2.393, exp=2.205, diff=+0.188 
Region 14: obs=2.397, exp=2.205, diff=+0.193 
Region 15: obs=2.839, exp=2.205, diff=+0.635 *
Region 16: obs=2.098, exp=2.205, diff=-0.107 
Region 17: obs=2.729, exp=2.205, diff=+0.524 *
Region 18: obs=2.202, exp=2.205, diff=-0.002 
Region 19: obs=2.040, exp=2.205, diff=-0.165 
Region 20: obs=1.851, exp=2.205, diff=-0.353 
Region 21: obs=0.000, exp=2.205, diff=-2.205 *
Region 22: obs=2.017, exp=2.205, diff=-0.188 

[Gene CN Results]
  CYP2D6: 2.20 → 2.2047016620635986

=== CYP2D6 Fusion Template CN Estimation ===

Using CN configs: ['1', '68.001', '141.1001']

Region coverage:
  up: 2.4
  utr5: 2.6
  e1: 2.5
  i1: 2.2
  e2: 2.1
  i2: 2.3
  e3: 2.3
  i3: 1.7
  e4: 2.1
  i4: 2.0
  e5: 2.0
  i5: 2.1
  e6: 2.4
  i6: 2.4
  e7: 2.4
  i7: 2.8
  e8: 2.1
  i8: 2.7
  e9: 2.2
  utr3: 2.0
  ins: 1.9
  pce: 0.0
  rep: 2.0
  e1_2d7: 0.0
  e2_2d7: 0.2
  e3_2d7: 0.0
  e5_2d7: 0.0
  e6_2d7: 0.0
  e9_2d7: 0.0
  pce_2d7: 0.0

CN configs: ['1', '68.001', '141.1001']
PCE contributions: {'1': tensor(0.), '68.001': tensor(1.), '141.1001': tensor(1.)}
Gene CN: 2.20 → required total: 2
Respect gene CN constraint: True
Enumerating configurations that sum to 2...
Evaluated 6 configurations

Top 5 configurations:
  1. loss=1.82: 1:2
  2. loss=7.45: 1:1, 141.1001:1
  3. loss=23.57: 141.1001:2
  4. loss=25.23: 1:1, 68.001:1
  5. loss=41.36: 68.001:1, 141.1001:1

Best CN assignment (loss=1.82):
  1: 2
  Total: 2

Fit comparison:
  up: obs=2.4, exp=2.0, diff=+0.4
  utr5: obs=2.6, exp=2.0, diff=+0.6
  e1: obs=2.5, exp=2.0, diff=+0.5
  i1: obs=2.2, exp=2.0, diff=+0.2
  e2: obs=2.1, exp=2.0, diff=+0.1
  i2: obs=2.3, exp=2.0, diff=+0.3
  e3: obs=2.3, exp=2.0, diff=+0.3
  i3: obs=1.7, exp=2.0, diff=-0.3
  e4: obs=2.1, exp=2.0, diff=+0.1
  i4: obs=2.0, exp=2.0, diff=-0.0
  e5: obs=2.0, exp=2.0, diff=+0.0
  i5: obs=2.1, exp=2.0, diff=+0.1
  e6: obs=2.4, exp=2.0, diff=+0.4
  i6: obs=2.4, exp=2.0, diff=+0.4
  e7: obs=2.4, exp=2.0, diff=+0.4
  i7: obs=2.8, exp=2.0, diff=+0.8
  e8: obs=2.1, exp=2.0, diff=+0.1
  i8: obs=2.7, exp=2.0, diff=+0.7
  e9: obs=2.2, exp=2.0, diff=+0.2
  utr3: obs=2.0, exp=2.0, diff=+0.0
  ins: obs=1.9, exp=2.0, diff=-0.1
  pce: obs=0.0, exp=0.0, diff=+0.0
  rep: obs=2.0, exp=2.0, diff=+0.0
  e1_2d7: obs=0.0, exp=0.0, diff=+0.0
  e2_2d7: obs=0.2, exp=0.0, diff=+0.2
  e3_2d7: obs=0.0, exp=0.0, diff=+0.0
  e5_2d7: obs=0.0, exp=0.0, diff=+0.0
  e6_2d7: obs=0.0, exp=0.0, diff=+0.0
  e9_2d7: obs=0.0, exp=0.0, diff=+0.0
  pce_2d7: obs=0.0, exp=0.0, diff=+0.0

[Selected CN Configs] 1:2
  Total CYP2D6 CN: 2

[Filtering alleles by cn_config]

Kept alleles by cn_config:
  1: 5 major alleles
    *1.001, *14.001, *2.001, *34.001, *39.001

  Filtered: 5 alleles
  Kept: 82 alleles

[Updating N variant counts for deleted regions]
  Total updated: 0 positions

[Rebuilding allele vectors for fusion cn_configs]
Using device: cuda

=== Running VAE with seed 42 ===
Global Pooled JS: 0.119563
Seed 42, Step    0: Loss = 1929.94 (Recon: 1462.74, Allele KL: 199.64, Base KL: 180002.77, Functional KL: 0.12
Global Pooled JS: 0.005483
Seed 42, Step  500: Loss = 861.03 (Recon: 690.65, Allele KL: 50.69, Base KL: 57644.98, Functional KL: 0.01
Global Pooled JS: 0.009299
Seed 42, Step 1000: Loss = 868.75 (Recon: 696.76, Allele KL: 59.29, Base KL: 59362.71, Functional KL: 0.01
Global Pooled JS: 0.005662
Seed 42, Step 1500: Loss = 863.97 (Recon: 693.26, Allele KL: 47.97, Base KL: 58552.69, Functional KL: 0.01
Global Pooled JS: 0.005561
Seed 42, Step 2000: Loss = 858.58 (Recon: 684.61, Allele KL: 62.52, Base KL: 58097.63, Functional KL: 0.01
Global Pooled JS: 0.008483
Seed 42, Step 2500: Loss = 864.14 (Recon: 695.17, Allele KL: 51.79, Base KL: 59556.71, Functional KL: 0.01

Top Variants with Coverage Mismatches:
Rank   Variant                        Expected     Observed     Diff       |Div|       
------------------------------------------------------------------------------------------
1      CYP2D6:42525034→T              22.98        19.00        3.98       0.000455    
2      CYP2D6:42525034→N              0.16         0.00         0.16       0.000309    
3      CYP2D6:42525034→A              0.16         0.00         0.16       0.000309    
4      CYP2D6:42525034→M              0.16         0.00         0.16       0.000309    
5      CYP2D6:42525034→G              0.16         0.00         0.16       0.000308    
6      CYP2D6:42525034→P              0.16         0.00         0.16       0.000307    
7      CYP2D6:42522612→A              0.16         0.00         0.16       0.000300    
8      CYP2D6:42522612→T              0.16         0.00         0.16       0.000299    
9      CYP2D6:42522612→N              0.16         0.00         0.16       0.000298    
10     CYP2D6:42522612→M              0.15         0.00         0.15       0.000297    
11     CYP2D6:42522612→P              0.15         0.00         0.15       0.000295    
12     CYP2D6:42523942→T              0.15         0.00         0.15       0.000295    
13     CYP2D6:42523942→M              0.15         0.00         0.15       0.000291    
14     CYP2D6:42523942→P              0.15         0.00         0.15       0.000291    
15     CYP2D6:42523942→N              0.15         0.00         0.15       0.000290    
16     CYP2D6:42523942→C              0.15         0.00         0.15       0.000279    
17     CYP2D6:42523942→A              23.69        26.00        -2.31      0.000198    
18     CYP2D6:42525131→C              20.52        22.00        -1.48      0.000103    
19     CYP2D6:42522612→C              20.66        22.00        -1.34      0.000087    
20     CYP2D6:42525131→G              24.60        26.00        -1.40      0.000085    
21     CYP2D6:42523942→G              20.68        19.00        1.68       0.000069    
22     CYP2D6:42525034→C              21.33        20.00        1.33       0.000037    
23     CYP2D6:42522612→G              23.68        24.00        -0.32      0.000012    
24     CYP2D6:42525131→A              0.00         0.00         0.00       0.000000    
25     CYP2D6:42525131→M              0.00         0.00         0.00       0.000000    
26     CYP2D6:42525131→N              0.00         0.00         0.00       0.000000    
27     CYP2D6:42525131→P              0.00         0.00         0.00       0.000000    
28     CYP2D6:42525131→T              0.00         0.00         0.00       0.000000    
New best model with final loss: 861.49

=== Running VAE with seed 123 ===
Global Pooled JS: 0.053174
Seed 123, Step    0: Loss = 1878.07 (Recon: 1198.15, Allele KL: 361.62, Base KL: 212698.50, Functional KL: 0.05
Global Pooled JS: 0.009323
Seed 123, Step  500: Loss = 874.53 (Recon: 704.01, Allele KL: 47.19, Base KL: 59195.53, Functional KL: 0.01
Global Pooled JS: 0.005772
Seed 123, Step 1000: Loss = 859.72 (Recon: 687.18, Allele KL: 56.66, Base KL: 58284.13, Functional KL: 0.01
Global Pooled JS: 0.006051
Seed 123, Step 1500: Loss = 859.40 (Recon: 689.45, Allele KL: 58.12, Base KL: 57249.29, Functional KL: 0.01
Global Pooled JS: 0.005468
Seed 123, Step 2000: Loss = 855.59 (Recon: 688.26, Allele KL: 47.84, Base KL: 58769.09, Functional KL: 0.01
Global Pooled JS: 0.007069
Seed 123, Step 2500: Loss = 861.39 (Recon: 688.22, Allele KL: 55.49, Base KL: 61261.80, Functional KL: 0.01

Top Variants with Coverage Mismatches:
Rank   Variant                        Expected     Observed     Diff       |Div|       
------------------------------------------------------------------------------------------
1      CYP2D6:42525034→T              24.32        19.00        5.32       0.000814    
2      CYP2D6:42525034→G              0.17         0.00         0.17       0.000328    
3      CYP2D6:42525034→A              0.17         0.00         0.17       0.000325    
4      CYP2D6:42525034→N              0.17         0.00         0.17       0.000324    
5      CYP2D6:42525034→M              0.17         0.00         0.17       0.000322    
6      CYP2D6:42525034→P              0.17         0.00         0.17       0.000321    
7      CYP2D6:42522612→P              0.16         0.00         0.16       0.000310    
8      CYP2D6:42522612→N              0.16         0.00         0.16       0.000307    
9      CYP2D6:42522612→A              0.16         0.00         0.16       0.000305    
10     CYP2D6:42522612→T              0.16         0.00         0.16       0.000304    
11     CYP2D6:42523942→P              0.16         0.00         0.16       0.000302    
12     CYP2D6:42522612→M              0.16         0.00         0.16       0.000302    
13     CYP2D6:42523942→C              0.16         0.00         0.16       0.000300    
14     CYP2D6:42523942→N              0.16         0.00         0.16       0.000300    
15     CYP2D6:42523942→M              0.16         0.00         0.16       0.000299    
16     CYP2D6:42523942→T              0.15         0.00         0.15       0.000297    
17     CYP2D6:42525131→C              19.38        22.00        -2.62      0.000284    
18     CYP2D6:42522612→C              19.54        22.00        -2.46      0.000254    
19     CYP2D6:42523942→A              24.80        26.00        -1.20      0.000066    
20     CYP2D6:42525131→G              25.73        26.00        -0.27      0.000010    
21     CYP2D6:42522612→G              24.78        24.00        0.78       0.000006    
22     CYP2D6:42525034→C              19.96        20.00        -0.04      0.000004    
23     CYP2D6:42523942→G              19.54        19.00        0.54       0.000003    
24     CYP2D6:42525131→A              0.00         0.00         0.00       0.000000    
25     CYP2D6:42525131→M              0.00         0.00         0.00       0.000000    
26     CYP2D6:42525131→N              0.00         0.00         0.00       0.000000    
27     CYP2D6:42525131→P              0.00         0.00         0.00       0.000000    
28     CYP2D6:42525131→T              0.00         0.00         0.00       0.000000    
New best model with final loss: 858.39

=== Running VAE with seed 456 ===
Global Pooled JS: 0.123553
Seed 456, Step    0: Loss = 2197.92 (Recon: 1686.03, Allele KL: 314.69, Base KL: 136418.58, Functional KL: 0.12
Global Pooled JS: 0.028309
Seed 456, Step  500: Loss = 902.24 (Recon: 729.94, Allele KL: 63.41, Base KL: 45066.43, Functional KL: 0.03
Global Pooled JS: 0.017444
Seed 456, Step 1000: Loss = 892.23 (Recon: 719.64, Allele KL: 52.29, Base KL: 45463.98, Functional KL: 0.02
Global Pooled JS: 0.019437
Seed 456, Step 1500: Loss = 894.27 (Recon: 724.16, Allele KL: 51.28, Base KL: 45180.45, Functional KL: 0.02
Global Pooled JS: 0.026105
Seed 456, Step 2000: Loss = 890.48 (Recon: 724.44, Allele KL: 54.81, Base KL: 44554.54, Functional KL: 0.03
Global Pooled JS: 0.021344
Seed 456, Step 2500: Loss = 892.10 (Recon: 725.01, Allele KL: 52.53, Base KL: 44423.12, Functional KL: 0.02

Top Variants with Coverage Mismatches:
Rank   Variant                        Expected     Observed     Diff       |Div|       
------------------------------------------------------------------------------------------
1      CYP2D6:42525131→C              4.95         22.00        -17.05     0.016573    
2      CYP2D6:42525131→G              40.17        26.00        14.17      0.004001    
3      CYP2D6:42525034→T              22.44        19.00        3.44       0.000336    
4      CYP2D6:42525034→A              0.16         0.00         0.16       0.000303    
5      CYP2D6:42525034→M              0.16         0.00         0.16       0.000300    
6      CYP2D6:42522612→T              0.16         0.00         0.16       0.000300    
7      CYP2D6:42522612→A              0.16         0.00         0.16       0.000299    
8      CYP2D6:42522612→M              0.16         0.00         0.16       0.000299    
9      CYP2D6:42525034→P              0.15         0.00         0.15       0.000296    
10     CYP2D6:42525034→N              0.15         0.00         0.15       0.000295    
11     CYP2D6:42522612→P              0.15         0.00         0.15       0.000292    
12     CYP2D6:42522612→N              0.15         0.00         0.15       0.000291    
13     CYP2D6:42525034→G              0.15         0.00         0.15       0.000289    
14     CYP2D6:42523942→T              0.14         0.00         0.14       0.000277    
15     CYP2D6:42523942→C              0.14         0.00         0.14       0.000276    
16     CYP2D6:42523942→N              0.14         0.00         0.14       0.000274    
17     CYP2D6:42523942→P              0.14         0.00         0.14       0.000273    
18     CYP2D6:42523942→M              0.14         0.00         0.14       0.000273    
19     CYP2D6:42523942→A              23.30        26.00        -2.70      0.000261    
20     CYP2D6:42523942→G              21.10        19.00        2.10       0.000116    
21     CYP2D6:42525034→C              21.90        20.00        1.90       0.000087    
22     CYP2D6:42522612→C              21.09        22.00        -0.91      0.000047    
23     CYP2D6:42522612→G              23.25        24.00        -0.75      0.000034    
24     CYP2D6:42525131→A              0.00         0.00         0.00       0.000000    
25     CYP2D6:42525131→M              0.00         0.00         0.00       0.000000    
26     CYP2D6:42525131→N              0.00         0.00         0.00       0.000000    
27     CYP2D6:42525131→P              0.00         0.00         0.00       0.000000    
28     CYP2D6:42525131→T              0.00         0.00         0.00       0.000000    

=== Multi-Seed VAE Results ===
Best model had seed 123 with final loss: 858.39
All seeds final losses:
  Seed 42: Total=861.49 (Recon=689.46, A_KL=50.61, B_KL=58611.42)
  Seed 123: Total=858.39 (Recon=684.42, A_KL=60.69, B_KL=58347.64) <- Best
  Seed 456: Total=888.38 (Recon=722.73, A_KL=56.16, B_KL=44677.52)
[time] run_vae took 136.07s (2,652.08203125 MB; 2,777.10546875 MB)

[Raw]:
CYP2D6*14: Normalized=0.5616, Unnormalized=0.56
CYP2D6*1: Normalized=0.4290, Unnormalized=0.43

Allocating by cn_config:

[Alleles]
CYP2D6*14
CYP2D6*1
	Command being timed: "python cyp.py CYP2D6 /project/shared/aldy-data/wgs/NA18552.wgs.cram"
	User time (seconds): 139.90
	System time (seconds): 15.63
	Percent of CPU this job got: 103%
	Elapsed (wall clock) time (h:mm:ss or m:ss): 2:30.19
	Average shared text size (kbytes): 0
	Average unshared data size (kbytes): 0
	Average stack size (kbytes): 0
	Average total size (kbytes): 0
	Maximum resident set size (kbytes): 2843756
	Average resident set size (kbytes): 0
	Major (requiring I/O) page faults: 0
	Minor (reclaiming a frame) page faults: 926246
	Voluntary context switches: 22997
	Involuntary context switches: 323
	Swaps: 0
	File system inputs: 0
	File system outputs: 88
	Socket messages sent: 0
	Socket messages received: 0
	Signals delivered: 0
	Page size (bytes): 4096
	Exit status: 0
