2026-05-16 02:35:25.080096: I tensorflow/core/util/port.cc:111] oneDNN custom operations are on. You may see slightly different numerical results due to floating-point round-off errors from different computation orders. To turn them off, set the environment variable `TF_ENABLE_ONEDNN_OPTS=0`.
2026-05-16 02:35:25.117405: E tensorflow/compiler/xla/stream_executor/cuda/cuda_dnn.cc:9342] Unable to register cuDNN factory: Attempting to register factory for plugin cuDNN when one has already been registered
2026-05-16 02:35:25.117492: E tensorflow/compiler/xla/stream_executor/cuda/cuda_fft.cc:609] Unable to register cuFFT factory: Attempting to register factory for plugin cuFFT when one has already been registered
2026-05-16 02:35:25.117632: E tensorflow/compiler/xla/stream_executor/cuda/cuda_blas.cc:1518] Unable to register cuBLAS factory: Attempting to register factory for plugin cuBLAS when one has already been registered
2026-05-16 02:35:25.134075: I tensorflow/core/platform/cpu_feature_guard.cc:182] This TensorFlow binary is optimized to use available CPU instructions in performance-critical operations.
To enable the following instructions: AVX2 AVX512F AVX512_VNNI FMA, in other operations, rebuild TensorFlow with the appropriate compiler flags.
AttributeError: 'MessageFactory' object has no attribute 'GetPrototype'
2026-05-16 02:35:26.226575: W tensorflow/compiler/tf2tensorrt/utils/py_utils.cc:38] TF-TRT Warning: Could not find TensorRT
AttributeError: 'MessageFactory' object has no attribute 'GetPrototype'
[info] total indices 2506
[info] total variants 2506
2.001 was filtered out as 42523942 G>A needs A but not covered
2.002 was filtered out as 42523942 G>A needs A but not covered
2.003 was filtered out as 42523942 G>A needs A but not covered
2.004 was filtered out as 42523942 G>A needs A but not covered
2.005 was filtered out as 42523942 G>A needs A but not covered
2.006 was filtered out as 42523942 G>A needs A but not covered
2.007 was filtered out as 42523942 G>A needs A but not covered
2.008 was filtered out as 42523942 G>A needs A but not covered
2.009 was filtered out as 42523942 G>A needs A but not covered
2.010 was filtered out as 42523942 G>A needs A but not covered
2.011 was filtered out as 42523942 G>A needs A but not covered
2.012 was filtered out as 42523942 G>A needs A but not covered
2.013 was filtered out as 42523942 G>A needs A but not covered
2.014 was filtered out as 42523942 G>A needs A but not covered
2.015 was filtered out as 42523942 G>A needs A but not covered
2.016 was filtered out as 42523942 G>A needs A but not covered
2.017 was filtered out as 42523942 G>A needs A but not covered
2.018 was filtered out as 42523942 G>A needs A but not covered
2.019 was filtered out as 42523942 G>A needs A but not covered
2.020 was filtered out as 42523942 G>A needs A but not covered
2.021 was filtered out as 42523942 G>A needs A but not covered
2.022 was filtered out as 42523942 G>A needs A but not covered
2.023 was filtered out as 42523942 G>A needs A but not covered
2.024 was filtered out as 42523942 G>A needs A but not covered
2.025 was filtered out as 42523942 G>A needs A but not covered
2.026 was filtered out as 42523942 G>A needs A but not covered
2.027 was filtered out as 42523942 G>A needs A but not covered
2.028 was filtered out as 42523942 G>A needs A but not covered
2.030 was filtered out as 42523942 G>A needs A but not covered
3.001 was filtered out as 42524243 delT needs N but not covered
3.002 was filtered out as 42524243 delT needs N but not covered
4.001 was filtered out as 42522612 C>G needs G but not covered
4.002 was filtered out as 42522612 C>G needs G but not covered
4.006 was filtered out as 42522612 C>G needs G but not covered
4.008 was filtered out as 42522612 C>G needs G but not covered
4.014 was filtered out as 42522612 C>G needs G but not covered
4.015 was filtered out as 42522612 C>G needs G but not covered
4.016 was filtered out as 42522612 C>G needs G but not covered
4.017 was filtered out as 42522612 C>G needs G but not covered
4.018 was filtered out as 42522612 C>G needs G but not covered
4.020 was filtered out as 42522612 C>G needs G but not covered
4.022 was filtered out as 42522612 C>G needs G but not covered
4.023 was filtered out as 42522612 C>G needs G but not covered
4.024 was filtered out as 42522612 C>G needs G but not covered
4.025 was filtered out as 42522612 C>G needs G but not covered
4.026 was filtered out as 42522612 C>G needs G but not covered
4.029 was filtered out as 42522612 C>G needs G but not covered
4.030 was filtered out as 42522612 C>G needs G but not covered
4.003 was filtered out as 42522612 C>G needs G but not covered
4.004 was filtered out as 42522612 C>G needs G but not covered
4.005 was filtered out as 42522612 C>G needs G but not covered
4.011 was filtered out as 42522612 C>G needs G but not covered
4.019 was filtered out as 42522612 C>G needs G but not covered
4.007 was filtered out as 42522612 C>G needs G but not covered
4.009 was filtered out as 42526693 G>A needs A but not covered
4.010 was filtered out as 42523942 G>A needs A but not covered
4.012 was filtered out as 42525820 G>T needs T but not covered
4.013 was filtered out as 42522612 C>G needs G but not covered
4.021 was filtered out as 42522612 C>G needs G but not covered
4.027 was filtered out as 42526693 G>A needs A but not covered
4.028 was filtered out as 42522612 C>G needs G but not covered
4.1013 was filtered out as 42526693 G>A needs A but not covered
4.1021 was filtered out as 42526693 G>A needs A but not covered
4.2021 was filtered out as 42522612 C>G needs G but not covered
6.001 was filtered out as 42525085 delA needs N but not covered
6.002 was filtered out as 42525085 delA needs N but not covered
6.005 was filtered out as 42525085 delA needs N but not covered
6.006 was filtered out as 42525085 delA needs N but not covered
6.003 was filtered out as 42522612 C>G needs G but not covered
6.004 was filtered out as 42525085 delA needs N but not covered
7.001 was filtered out as 42523857 T>G needs G but not covered
8.001 was filtered out as 42523942 G>A needs A but not covered
9.001 was filtered out as 42524175 delCTT needs N but not covered
9.002 was filtered out as 42524175 delCTT needs N but not covered
10.001 was filtered out as 42522612 C>G needs G but not covered
10.002 was filtered out as 42522612 C>G needs G but not covered
10.003 was filtered out as 42522612 C>G needs G but not covered
10.004 was filtered out as 42522612 C>G needs G but not covered
10.005 was filtered out as 42522612 C>G needs G but not covered
10.006 was filtered out as 42522612 C>G needs G but not covered
10.007 was filtered out as 42522612 C>G needs G but not covered
10.1004 was filtered out as 42522612 C>G needs G but not covered
11.001 was filtered out as 42523942 G>A needs A but not covered
12.001 was filtered out as 42523942 G>A needs A but not covered
12.002 was filtered out as 42523942 G>A needs A but not covered
14.001 was filtered out as 42523942 G>A needs A but not covered
15.001 was filtered out as 42526655 insA needs P but not covered
15.002 was filtered out as 42526655 insA needs P but not covered
15.003 was filtered out as 42526655 insA needs P but not covered
17.001 was filtered out as 42523942 G>A needs A but not covered
17.002 was filtered out as 42523942 G>A needs A but not covered
17.003 was filtered out as 42523942 G>A needs A but not covered
17.004 was filtered out as 42523942 G>A needs A but not covered
17.005 was filtered out as 42523942 G>A needs A but not covered
17.006 was filtered out as 42523942 G>A needs A but not covered
18.001 was filtered out as 42522657 insCAGTGGGCA needs P but not covered
19.001 was filtered out as 42523942 G>A needs A but not covered
20.001 was filtered out as 42523942 G>A needs A but not covered
21.001 was filtered out as 42523942 G>A needs A but not covered
21.002 was filtered out as 42523942 G>A needs A but not covered
22.001 was filtered out as 42526711 G>A needs A but not covered
23.001 was filtered out as 42525837 G>A needs A but not covered
24.001 was filtered out as 42523939 T>G needs G but not covered
25.001 was filtered out as 42523594 G>C needs C but not covered
26.001 was filtered out as 42523515 A>G needs G but not covered
27.001 was filtered out as 42522939 C>T needs T but not covered
28.001 was filtered out as 42523942 G>A needs A but not covered
28.002 was filtered out as 42523942 G>A needs A but not covered
29.001 was filtered out as 42523942 G>A needs A but not covered
30.001 was filtered out as 42523942 G>A needs A but not covered
31.001 was filtered out as 42523942 G>A needs A but not covered
32.001 was filtered out as 42523942 G>A needs A but not covered
33.001 was filtered out as 42524309 C>A needs A but not covered
33.002 was filtered out as 42524309 C>A needs A but not covered
34.001 was filtered out as 42523942 G>A needs A but not covered
35.001 was filtered out as 42523942 G>A needs A but not covered
35.002 was filtered out as 42523942 G>A needs A but not covered
35.003 was filtered out as 42523942 G>A needs A but not covered
35.004 was filtered out as 42523942 G>A needs A but not covered
35.005 was filtered out as 42523942 G>A needs A but not covered
35.006 was filtered out as 42523942 G>A needs A but not covered
35.007 was filtered out as 42523942 G>A needs A but not covered
36.001 was filtered out as 42522612 C>G needs G but not covered
36.002 was filtered out as 42522612 C>G needs G but not covered
36.003 was filtered out as 42522612 C>G needs G but not covered
36.004 was filtered out as 42522612 C>G needs G but not covered
36.1001 was filtered out as 42526693 G>A needs A but not covered
37.001 was filtered out as 42522612 C>G needs G but not covered
38.001 was filtered out as 42524200 delTCAG needs N but not covered
39.001 was filtered out as 42522612 C>G needs G but not covered
39.002 was filtered out as 42522612 C>G needs G but not covered
40.001 was filtered out as 42523942 G>A needs A but not covered
41.001 was filtered out as 42523942 G>A needs A but not covered
41.002 was filtered out as 42523942 G>A needs A but not covered
41.003 was filtered out as 42523942 G>A needs A but not covered
41.004 was filtered out as 42523942 G>A needs A but not covered
41.005 was filtered out as 42523942 G>A needs A but not covered
42.001 was filtered out as 42523942 G>A needs A but not covered
43.001 was filtered out as 42526716 C>T needs T but not covered
43.002 was filtered out as 42526716 C>T needs T but not covered
44.001 was filtered out as 42526711 G>A needs A but not covered
45.001 was filtered out as 42523942 G>A needs A but not covered
45.002 was filtered out as 42523942 G>A needs A but not covered
45.003 was filtered out as 42523942 G>A needs A but not covered
45.004 was filtered out as 42523942 G>A needs A but not covered
46.001 was filtered out as 42523942 G>A needs A but not covered
46.002 was filtered out as 42523942 G>A needs A but not covered
46.003 was filtered out as 42523942 G>A needs A but not covered
47.001 was filtered out as 42522612 C>G needs G but not covered
48.001 was filtered out as 42525822 G>A needs A but not covered
49.001 was filtered out as 42522612 C>G needs G but not covered
50.001 was filtered out as 42525072 T>G needs G but not covered
51.001 was filtered out as 42523942 G>A needs A but not covered
52.001 was filtered out as 42522612 C>G needs G but not covered
52.002 was filtered out as 42522612 C>G needs G but not covered
53.001 was filtered out as 42525181 A>T needs T but not covered
54.001 was filtered out as 42522612 C>G needs G but not covered
55.001 was filtered out as 42523942 G>A needs A but not covered
56.001 was filtered out as 42523942 G>A needs A but not covered
56.002 was filtered out as 42522612 C>G needs G but not covered
56.003 was filtered out as 42522612 C>G needs G but not covered
57.001 was filtered out as 42522612 C>G needs G but not covered
57.1001 was filtered out as 42526693 G>A needs A but not covered
58.001 was filtered out as 42523942 G>A needs A but not covered
59.001 was filtered out as 42523942 G>A needs A but not covered
60.001 was filtered out as 42524904 insTA needs P but not covered
62.001 was filtered out as 42522748 G>A needs A but not covered
63.001 was filtered out as 42523942 G>A needs A but not covered
64.001 was filtered out as 42522612 C>G needs G but not covered
65.001 was filtered out as 42523942 G>A needs A but not covered
68.001 was filtered out as 42526693 G>A needs A but not covered
69.001 was filtered out as 42523942 G>A needs A but not covered
70.001 was filtered out as 42522612 C>G needs G but not covered
71.001 was filtered out as 42526668 C>T needs T but not covered
71.002 was filtered out as 42526668 C>T needs T but not covered
71.003 was filtered out as 42526668 C>T needs T but not covered
72.001 was filtered out as 42522612 C>G needs G but not covered
73.001 was filtered out as 42523942 G>A needs A but not covered
74.001 was filtered out as 42525820 G>T needs T but not covered
75.001 was filtered out as 42522747 C>T needs T but not covered
75.002 was filtered out as 42522747 C>T needs T but not covered
81.001 was filtered out as 42524213 G>A needs A but not covered
82.001 was filtered out as 42525820 G>T needs T but not covered
83.001 was filtered out as 42522612 C>G needs G but not covered
83.002 was filtered out as 42522612 C>G needs G but not covered
83.003 was filtered out as 42522612 C>G needs G but not covered
84.001 was filtered out as 42523942 G>A needs A but not covered
84.002 was filtered out as 42523942 G>A needs A but not covered
85.001 was filtered out as 42523942 G>A needs A but not covered
86.001 was filtered out as 42524186 C>T needs T but not covered
87.001 was filtered out as 42522612 C>G needs G but not covered
88.001 was filtered out as 42522612 C>G needs G but not covered
89.001 was filtered out as 42525114 A>G needs G but not covered
90.001 was filtered out as 42525099 T>C needs C but not covered
91.001 was filtered out as 42523942 G>A needs A but not covered
92.001 was filtered out as 42524797 delG needs N but not covered
94.001 was filtered out as 42522612 C>G needs G but not covered
94.002 was filtered out as 42522612 C>G needs G but not covered
95.001 was filtered out as 42522612 C>G needs G but not covered
96.001 was filtered out as 42522897 G>A needs A but not covered
97.001 was filtered out as 42522698 G>T needs T but not covered
98.001 was filtered out as 42523942 G>A needs A but not covered
99.001 was filtered out as 42522612 C>G needs G but not covered
100.001 was filtered out as 42522612 C>G needs G but not covered
101.001 was filtered out as 42522612 C>G needs G but not covered
102.001 was filtered out as 42523942 G>A needs A but not covered
103.001 was filtered out as 42523942 G>A needs A but not covered
104.001 was filtered out as 42523942 G>A needs A but not covered
105.001 was filtered out as 42523942 G>A needs A but not covered
106.001 was filtered out as 42522915 C>T needs T but not covered
106.002 was filtered out as 42522915 C>T needs T but not covered
106.003 was filtered out as 42522915 C>T needs T but not covered
107.001 was filtered out as 42525133 C>T needs T but not covered
108.001 was filtered out as 42523566 T>C needs C but not covered
109.001 was filtered out as 42524175 delCTT needs N but not covered
110.001 was filtered out as 42522736 C>T needs T but not covered
111.001 was filtered out as 42523942 G>A needs A but not covered
111.002 was filtered out as 42523942 G>A needs A but not covered
112.001 was filtered out as 42522606 G>A needs A but not covered
113.001 was filtered out as 42522753 C>T needs T but not covered
114.001 was filtered out as 42523942 G>A needs A but not covered
115.001 was filtered out as 42524175 delCTT needs N but not covered
116.001 was filtered out as 42523632 C>G needs G but not covered
117.001 was filtered out as 42523942 G>A needs A but not covered
118.001 was filtered out as 42523900 T>C needs C but not covered
119.001 was filtered out as 42523804 C>T needs T but not covered
120.001 was filtered out as 42526729 delG needs N but not covered
121.001 was filtered out as 42523942 G>A needs A but not covered
122.001 was filtered out as 42523513 C>T needs T but not covered
123.001 was filtered out as 42523942 G>A needs A but not covered
124.001 was filtered out as 42522982 delGA needs N but not covered
124.002 was filtered out as 42522982 delGA needs N but not covered
125.001 was filtered out as 42523942 G>A needs A but not covered
126.001 was filtered out as 42523942 G>A needs A but not covered
127.001 was filtered out as 42523527 C>T needs T but not covered
128.001 was filtered out as 42523942 G>A needs A but not covered
129.001 was filtered out as 42523942 G>A needs A but not covered
130.001 was filtered out as 42524879 CA>AG needs A but not covered
131.001 was filtered out as 42524326 A>G needs G but not covered
132.001 was filtered out as 42522612 C>G needs G but not covered
133.001 was filtered out as 42523942 G>A needs A but not covered
134.001 was filtered out as 42523590 C>T needs T but not covered
135.001 was filtered out as 42523942 G>A needs A but not covered
136.001 was filtered out as 42523942 G>A needs A but not covered
137.001 was filtered out as 42522579 C>T needs T but not covered
138.001 was filtered out as 42523942 G>A needs A but not covered
139.001 was filtered out as 42523527 C>T needs T but not covered
140.001 was filtered out as 42524330 G>A needs A but not covered
141.001 was filtered out as 42523942 G>A needs A but not covered
141.1001 was filtered out as 42523942 G>A needs A but not covered
142.001 was filtered out as 42522612 C>G needs G but not covered
143.001 was filtered out as 42526762 C>T needs T but not covered
144.001 was filtered out as 42524352 C>T needs T but not covered
145.001 was filtered out as 42524928 insGGGGCGAAA not covered (cov=0)
146.001 was filtered out as 42523942 G>A needs A but not covered
147.001 was filtered out as 42522612 C>G needs G but not covered
148.001 was filtered out as 42523942 G>A needs A but not covered
149.001 was filtered out as 42523942 G>A needs A but not covered
152.001 was filtered out as 42524341 G>A needs A but not covered
153.001 was filtered out as 42524808 C>T needs T but not covered
154.001 was filtered out as 42523942 G>A needs A but not covered
155.001 was filtered out as 42523942 G>A needs A but not covered
156.001 was filtered out as 42523942 G>A needs A but not covered
157.001 was filtered out as 42523942 G>A needs A but not covered
158.001 was filtered out as 42523942 G>A needs A but not covered
159.001 was filtered out as 42523942 G>A needs A but not covered
160.001 was filtered out as 42523942 G>A needs A but not covered
161.001 was filtered out as 42523942 G>A needs A but not covered
162.001 was filtered out as 42523942 G>A needs A but not covered
163.001 was filtered out as 42523942 G>A needs A but not covered
[filter] CYP2D6 1.001 => 1.001; 1.002; 1.003; 1.004; 1.005; 1.006; 1.007; 1.008; 1.009; 1.010; 1.011; 1.012; 1.013; 1.014; 1.015; 1.016; 1.017; 1.018; 1.019; 1.020; 1.021; 1.022; 1.023; 1.024; 1.025; 1.026; 1.027; 1.028; 1.029; 1.030; 1.031; 1.032; 1.033; 1.034; 1.035; 1.036; 1.037; 1.038; 1.039; 1.040; 1.041; 1.042; 1.043; 1.044; 1.045; 1.046; 1.047; 1.048; 1.049
[filter] CYP2D6 5.001 => 5.001
[filter] CYP2D6 61.001 => 61.001
[filter] CYP2D6 68.002 => 68.002
[filter] CYP2D6 83.1003 => 83.1003
[filter] CYP2D6 93.001 => 93.001
[filter] valid_alleles=54
Step 0: Loss=0.2155, CN=[2.0999167]
Step 100: Loss=0.1552, CN=[2.4418461]
Step 200: Loss=0.1552, CN=[2.4408696]
Step 300: Loss=0.1552, CN=[2.4408593]
Step 400: Loss=0.1552, CN=[2.440859]

=== Fit ===
Region 0: obs=3.068, exp=2.441, diff=+0.627 *
Region 1: obs=1.574, exp=2.441, diff=-0.866 *
Region 2: obs=2.659, exp=2.441, diff=+0.219 
Region 3: obs=2.639, exp=2.441, diff=+0.198 
Region 4: obs=2.785, exp=2.441, diff=+0.344 
Region 5: obs=3.018, exp=2.441, diff=+0.577 *
Region 6: obs=2.953, exp=2.441, diff=+0.512 *
Region 7: obs=3.029, exp=2.441, diff=+0.589 *
Region 8: obs=2.507, exp=2.441, diff=+0.066 
Region 9: obs=2.365, exp=2.441, diff=-0.076 
Region 10: obs=2.067, exp=2.441, diff=-0.374 
Region 11: obs=2.418, exp=2.441, diff=-0.023 
Region 12: obs=2.559, exp=2.441, diff=+0.119 
Region 13: obs=2.219, exp=2.441, diff=-0.222 
Region 14: obs=4.015, exp=2.441, diff=+1.574 *
Region 15: obs=3.023, exp=2.441, diff=+0.582 *
Region 16: obs=2.271, exp=2.441, diff=-0.170 
Region 17: obs=1.921, exp=2.441, diff=-0.520 *
Region 18: obs=2.091, exp=2.441, diff=-0.349 
Region 19: obs=1.940, exp=2.441, diff=-0.501 *
Region 20: obs=1.998, exp=2.441, diff=-0.443 
Region 21: obs=0.000, exp=2.441, diff=-2.441 *
Region 22: obs=2.152, exp=2.441, diff=-0.289 

[Gene CN Results]
  CYP2D6: 2.44 → 2.440859317779541

=== CYP2D6 Fusion Template CN Estimation ===

Using CN configs: ['1', '68.001', '141.1001']

Region coverage:
  up: 3.1
  utr5: 1.6
  e1: 2.7
  i1: 2.6
  e2: 2.8
  i2: 3.0
  e3: 3.0
  i3: 3.0
  e4: 2.5
  i4: 2.4
  e5: 2.1
  i5: 2.4
  e6: 2.6
  i6: 2.2
  e7: 4.0
  i7: 3.0
  e8: 2.3
  i8: 1.9
  e9: 2.1
  utr3: 1.9
  ins: 2.0
  pce: 0.0
  rep: 2.2
  e1_2d7: 0.1
  e2_2d7: 0.1
  e3_2d7: 0.5
  e5_2d7: 0.5
  e6_2d7: 0.2
  e9_2d7: 0.8
  pce_2d7: 0.3

CN configs: ['1', '68.001', '141.1001']
PCE contributions: {'1': tensor(0.), '68.001': tensor(1.), '141.1001': tensor(1.)}
Gene CN: 2.44 → required total: 2
Respect gene CN constraint: True
Enumerating configurations that sum to 2...
Evaluated 6 configurations

Top 5 configurations:
  1. loss=9.40: 1:2
  2. loss=12.81: 1:1, 141.1001:1
  3. loss=26.71: 141.1001:2
  4. loss=37.96: 1:1, 68.001:1
  5. loss=51.86: 68.001:1, 141.1001:1

Best CN assignment (loss=9.40):
  1: 2
  Total: 2

Fit comparison:
  up: obs=3.1, exp=2.0, diff=+1.1
  utr5: obs=1.6, exp=2.0, diff=-0.4
  e1: obs=2.7, exp=2.0, diff=+0.7
  i1: obs=2.6, exp=2.0, diff=+0.6
  e2: obs=2.8, exp=2.0, diff=+0.8
  i2: obs=3.0, exp=2.0, diff=+1.0
  e3: obs=3.0, exp=2.0, diff=+1.0
  i3: obs=3.0, exp=2.0, diff=+1.0
  e4: obs=2.5, exp=2.0, diff=+0.5
  i4: obs=2.4, exp=2.0, diff=+0.4
  e5: obs=2.1, exp=2.0, diff=+0.1
  i5: obs=2.4, exp=2.0, diff=+0.4
  e6: obs=2.6, exp=2.0, diff=+0.6
  i6: obs=2.2, exp=2.0, diff=+0.2
  e7: obs=4.0, exp=2.0, diff=+2.0
  i7: obs=3.0, exp=2.0, diff=+1.0
  e8: obs=2.3, exp=2.0, diff=+0.3
  i8: obs=1.9, exp=2.0, diff=-0.1
  e9: obs=2.1, exp=2.0, diff=+0.1
  utr3: obs=1.9, exp=2.0, diff=-0.1
  ins: obs=2.0, exp=2.0, diff=-0.0
  pce: obs=0.0, exp=0.0, diff=+0.0
  rep: obs=2.2, exp=2.0, diff=+0.2
  e1_2d7: obs=0.1, exp=0.0, diff=+0.1
  e2_2d7: obs=0.1, exp=0.0, diff=+0.1
  e3_2d7: obs=0.5, exp=0.0, diff=+0.5
  e5_2d7: obs=0.5, exp=0.0, diff=+0.5
  e6_2d7: obs=0.2, exp=0.0, diff=+0.2
  e9_2d7: obs=0.8, exp=0.0, diff=+0.8
  pce_2d7: obs=0.3, exp=0.0, diff=+0.3

[Selected CN Configs] 1:2
  Total CYP2D6 CN: 2

[Filtering alleles by cn_config]

Kept alleles by cn_config:
  1: 2 major alleles
    *1.001, *93.001

  Filtered: 4 alleles
  Kept: 50 alleles

[Updating N variant counts for deleted regions]
  Total updated: 0 positions

[Rebuilding allele vectors for fusion cn_configs]
Using device: cuda

=== Running VAE with seed 42 ===
Global Pooled JS: 0.021429
Seed 42, Step    0: Loss = 1402.03 (Recon: 1171.82, Allele KL: 89.26, Base KL: 38553.72, Functional KL: 0.02
Global Pooled JS: 0.008416
Seed 42, Step  500: Loss = 539.79 (Recon: 428.95, Allele KL: 33.30, Base KL: 35765.05, Functional KL: 0.01
Global Pooled JS: 0.006807
Seed 42, Step 1000: Loss = 533.20 (Recon: 432.15, Allele KL: 29.22, Base KL: 36676.88, Functional KL: 0.01
Global Pooled JS: 0.007227
Seed 42, Step 1500: Loss = 529.90 (Recon: 426.96, Allele KL: 25.24, Base KL: 36838.42, Functional KL: 0.01
Global Pooled JS: 0.008956
Seed 42, Step 2000: Loss = 542.17 (Recon: 430.56, Allele KL: 22.88, Base KL: 37044.68, Functional KL: 0.01
Global Pooled JS: 0.010097
Seed 42, Step 2500: Loss = 648.73 (Recon: 498.48, Allele KL: 22.23, Base KL: 36999.35, Functional KL: 0.01

Top Variants with Coverage Mismatches:
Rank   Variant                        Expected     Observed     Diff       |Div|       
------------------------------------------------------------------------------------------
1      CYP2D6:42524273→T              47.77        35.00        12.77      0.003741    
2      CYP2D6:42525131→C              47.78        56.00        -8.22      0.003016    
3      CYP2D6:42524273→G              0.05         0.00         0.05       0.000176    
4      CYP2D6:42525131→G              0.05         0.00         0.05       0.000165    
5      CYP2D6:42524273→N              0.00         0.00         0.00       0.000002    
6      CYP2D6:42524273→M              0.00         0.00         0.00       0.000002    
7      CYP2D6:42524273→A              0.00         0.00         0.00       0.000002    
8      CYP2D6:42524273→P              0.00         0.00         0.00       0.000002    
9      CYP2D6:42524273→C              0.00         0.00         0.00       0.000002    
10     CYP2D6:42525131→A              0.00         0.00         0.00       0.000000    
11     CYP2D6:42525131→M              0.00         0.00         0.00       0.000000    
12     CYP2D6:42525131→N              0.00         0.00         0.00       0.000000    
13     CYP2D6:42525131→P              0.00         0.00         0.00       0.000000    
14     CYP2D6:42525131→T              0.00         0.00         0.00       0.000000    
New best model with final loss: 545.46

=== Running VAE with seed 123 ===
Global Pooled JS: 0.011477
Seed 123, Step    0: Loss = 1428.91 (Recon: 1089.36, Allele KL: 181.78, Base KL: 76586.30, Functional KL: 0.01
Global Pooled JS: 0.006764
Seed 123, Step  500: Loss = 518.69 (Recon: 369.78, Allele KL: 69.84, Base KL: 52518.10, Functional KL: 0.01
Global Pooled JS: 0.006821
Seed 123, Step 1000: Loss = 498.76 (Recon: 372.53, Allele KL: 44.55, Base KL: 52123.90, Functional KL: 0.01
Global Pooled JS: 0.006908
Seed 123, Step 1500: Loss = 487.18 (Recon: 371.42, Allele KL: 33.97, Base KL: 52592.58, Functional KL: 0.01
Global Pooled JS: 0.007029
Seed 123, Step 2000: Loss = 488.74 (Recon: 373.01, Allele KL: 33.97, Base KL: 52045.96, Functional KL: 0.01
Global Pooled JS: 0.006795
Seed 123, Step 2500: Loss = 495.98 (Recon: 371.09, Allele KL: 45.30, Base KL: 51746.95, Functional KL: 0.01

Top Variants with Coverage Mismatches:
Rank   Variant                        Expected     Observed     Diff       |Div|       
------------------------------------------------------------------------------------------
1      CYP2D6:42524273→T              47.81        35.00        12.81      0.003766    
2      CYP2D6:42525131→C              47.81        56.00        -8.19      0.002996    
3      CYP2D6:42525131→G              0.01         0.00         0.01       0.000040    
4      CYP2D6:42524273→G              0.01         0.00         0.01       0.000038    
5      CYP2D6:42524273→N              0.00         0.00         0.00       0.000000    
6      CYP2D6:42524273→A              0.00         0.00         0.00       0.000000    
7      CYP2D6:42524273→C              0.00         0.00         0.00       0.000000    
8      CYP2D6:42524273→M              0.00         0.00         0.00       0.000000    
9      CYP2D6:42524273→P              0.00         0.00         0.00       0.000000    
10     CYP2D6:42525131→A              0.00         0.00         0.00       0.000000    
11     CYP2D6:42525131→M              0.00         0.00         0.00       0.000000    
12     CYP2D6:42525131→N              0.00         0.00         0.00       0.000000    
13     CYP2D6:42525131→P              0.00         0.00         0.00       0.000000    
14     CYP2D6:42525131→T              0.00         0.00         0.00       0.000000    
New best model with final loss: 491.03

=== Running VAE with seed 456 ===
Global Pooled JS: 0.007358
Seed 456, Step    0: Loss = 1431.97 (Recon: 1175.18, Allele KL: 111.73, Base KL: 40526.20, Functional KL: 0.01
Global Pooled JS: 0.009208
Seed 456, Step  500: Loss = 531.88 (Recon: 430.54, Allele KL: 26.18, Base KL: 38187.96, Functional KL: 0.01
Global Pooled JS: 0.006913
Seed 456, Step 1000: Loss = 533.03 (Recon: 433.23, Allele KL: 27.77, Base KL: 36800.01, Functional KL: 0.01
Global Pooled JS: 0.006844
Seed 456, Step 1500: Loss = 526.11 (Recon: 413.56, Allele KL: 38.05, Base KL: 36348.67, Functional KL: 0.01
Global Pooled JS: 0.007052
Seed 456, Step 2000: Loss = 534.75 (Recon: 425.23, Allele KL: 24.64, Base KL: 37054.81, Functional KL: 0.01
Global Pooled JS: 0.007087
Seed 456, Step 2500: Loss = 516.60 (Recon: 401.47, Allele KL: 31.41, Base KL: 37104.55, Functional KL: 0.01

Top Variants with Coverage Mismatches:
Rank   Variant                        Expected     Observed     Diff       |Div|       
------------------------------------------------------------------------------------------
1      CYP2D6:42524273→T              47.77        35.00        12.77      0.003740    
2      CYP2D6:42525131→C              47.77        56.00        -8.23      0.003019    
3      CYP2D6:42525131→G              0.05         0.00         0.05       0.000188    
4      CYP2D6:42524273→G              0.05         0.00         0.05       0.000180    
5      CYP2D6:42524273→P              0.00         0.00         0.00       0.000002    
6      CYP2D6:42524273→A              0.00         0.00         0.00       0.000002    
7      CYP2D6:42524273→M              0.00         0.00         0.00       0.000002    
8      CYP2D6:42524273→N              0.00         0.00         0.00       0.000001    
9      CYP2D6:42524273→C              0.00         0.00         0.00       0.000001    
10     CYP2D6:42525131→A              0.00         0.00         0.00       0.000000    
11     CYP2D6:42525131→M              0.00         0.00         0.00       0.000000    
12     CYP2D6:42525131→N              0.00         0.00         0.00       0.000000    
13     CYP2D6:42525131→P              0.00         0.00         0.00       0.000000    
14     CYP2D6:42525131→T              0.00         0.00         0.00       0.000000    

=== Multi-Seed VAE Results ===
Best model had seed 123 with final loss: 491.03
All seeds final losses:
  Seed 42: Total=545.46 (Recon=430.93, A_KL=24.11, B_KL=36908.59)
  Seed 123: Total=491.03 (Recon=372.70, A_KL=36.31, B_KL=52057.86) <- Best
  Seed 456: Total=526.61 (Recon=423.42, A_KL=23.76, B_KL=37316.46)
[time] run_vae took 92.67s (2,659.90234375 MB; 2,705.44140625 MB)

[Raw]:
CYP2D6*1: Normalized=0.9998, Unnormalized=1.00

Allocating by cn_config:

[Alleles]
CYP2D6*1
CYP2D6*1
	Command being timed: "python cyp.py CYP2D6 /project/shared/aldy-data/wgs/NA19213.wgs.cram"
	User time (seconds): 96.65
	System time (seconds): 8.82
	Percent of CPU this job got: 99%
	Elapsed (wall clock) time (h:mm:ss or m:ss): 1:46.07
	Average shared text size (kbytes): 0
	Average unshared data size (kbytes): 0
	Average stack size (kbytes): 0
	Average total size (kbytes): 0
	Maximum resident set size (kbytes): 2770372
	Average resident set size (kbytes): 0
	Major (requiring I/O) page faults: 0
	Minor (reclaiming a frame) page faults: 807569
	Voluntary context switches: 24232
	Involuntary context switches: 3985
	Swaps: 0
	File system inputs: 0
	File system outputs: 80
	Socket messages sent: 0
	Socket messages received: 0
	Signals delivered: 0
	Page size (bytes): 4096
	Exit status: 0
