2026-03-11 06:30:24.042443: I tensorflow/core/util/port.cc:111] oneDNN custom operations are on. You may see slightly different numerical results due to floating-point round-off errors from different computation orders. To turn them off, set the environment variable `TF_ENABLE_ONEDNN_OPTS=0`.
2026-03-11 06:30:24.082122: E tensorflow/compiler/xla/stream_executor/cuda/cuda_dnn.cc:9342] Unable to register cuDNN factory: Attempting to register factory for plugin cuDNN when one has already been registered
2026-03-11 06:30:24.082303: E tensorflow/compiler/xla/stream_executor/cuda/cuda_fft.cc:609] Unable to register cuFFT factory: Attempting to register factory for plugin cuFFT when one has already been registered
2026-03-11 06:30:24.082445: E tensorflow/compiler/xla/stream_executor/cuda/cuda_blas.cc:1518] Unable to register cuBLAS factory: Attempting to register factory for plugin cuBLAS when one has already been registered
2026-03-11 06:30:24.091137: I tensorflow/core/platform/cpu_feature_guard.cc:182] This TensorFlow binary is optimized to use available CPU instructions in performance-critical operations.
To enable the following instructions: AVX2 AVX512F AVX512_VNNI FMA, in other operations, rebuild TensorFlow with the appropriate compiler flags.
AttributeError: 'MessageFactory' object has no attribute 'GetPrototype'
2026-03-11 06:30:25.461543: W tensorflow/compiler/tf2tensorrt/utils/py_utils.cc:38] TF-TRT Warning: Could not find TensorRT
AttributeError: 'MessageFactory' object has no attribute 'GetPrototype'
[info] total indices 2506
[info] total variants 2506
1.001 was filtered out as 42523942 G>A needs G but not covered
1.002 was filtered out as 42523942 G>A needs G but not covered
1.003 was filtered out as 42523942 G>A needs G but not covered
1.004 was filtered out as 42523942 G>A needs G but not covered
1.005 was filtered out as 42523942 G>A needs G but not covered
1.006 was filtered out as 42523942 G>A needs G but not covered
1.007 was filtered out as 42523942 G>A needs G but not covered
1.008 was filtered out as 42523942 G>A needs G but not covered
1.009 was filtered out as 42523942 G>A needs G but not covered
1.010 was filtered out as 42523942 G>A needs G but not covered
1.011 was filtered out as 42523942 G>A needs G but not covered
1.012 was filtered out as 42523942 G>A needs G but not covered
1.013 was filtered out as 42523942 G>A needs G but not covered
1.014 was filtered out as 42523942 G>A needs G but not covered
1.015 was filtered out as 42523942 G>A needs G but not covered
1.016 was filtered out as 42523942 G>A needs G but not covered
1.017 was filtered out as 42523942 G>A needs G but not covered
1.018 was filtered out as 42523942 G>A needs G but not covered
1.019 was filtered out as 42523942 G>A needs G but not covered
1.020 was filtered out as 42523942 G>A needs G but not covered
1.021 was filtered out as 42523942 G>A needs G but not covered
1.022 was filtered out as 42523942 G>A needs G but not covered
1.023 was filtered out as 42523942 G>A needs G but not covered
1.024 was filtered out as 42523942 G>A needs G but not covered
1.025 was filtered out as 42523942 G>A needs G but not covered
1.026 was filtered out as 42523942 G>A needs G but not covered
1.027 was filtered out as 42523942 G>A needs G but not covered
1.028 was filtered out as 42523942 G>A needs G but not covered
1.029 was filtered out as 42523942 G>A needs G but not covered
1.030 was filtered out as 42523942 G>A needs G but not covered
1.031 was filtered out as 42523942 G>A needs G but not covered
1.032 was filtered out as 42523942 G>A needs G but not covered
1.033 was filtered out as 42523942 G>A needs G but not covered
1.034 was filtered out as 42523942 G>A needs G but not covered
1.035 was filtered out as 42523942 G>A needs G but not covered
1.036 was filtered out as 42523942 G>A needs G but not covered
1.037 was filtered out as 42523942 G>A needs G but not covered
1.038 was filtered out as 42523942 G>A needs G but not covered
1.039 was filtered out as 42523942 G>A needs G but not covered
1.040 was filtered out as 42523942 G>A needs G but not covered
1.041 was filtered out as 42523942 G>A needs G but not covered
1.042 was filtered out as 42523942 G>A needs G but not covered
1.043 was filtered out as 42523942 G>A needs G but not covered
1.044 was filtered out as 42523942 G>A needs G but not covered
1.045 was filtered out as 42523942 G>A needs G but not covered
1.046 was filtered out as 42523942 G>A needs G but not covered
1.047 was filtered out as 42523942 G>A needs G but not covered
1.048 was filtered out as 42523942 G>A needs G but not covered
1.049 was filtered out as 42523942 G>A needs G but not covered
2.004 was filtered out as 42525131 C.C>G.T needs C but not covered
3.001 was filtered out as 42523942 G>A needs G but not covered
3.002 was filtered out as 42523942 G>A needs G but not covered
4.001 was filtered out as 42523942 G>A needs G but not covered
4.002 was filtered out as 42523942 G>A needs G but not covered
4.006 was filtered out as 42523942 G>A needs G but not covered
4.008 was filtered out as 42523942 G>A needs G but not covered
4.014 was filtered out as 42523942 G>A needs G but not covered
4.015 was filtered out as 42523942 G>A needs G but not covered
4.016 was filtered out as 42523942 G>A needs G but not covered
4.017 was filtered out as 42523942 G>A needs G but not covered
4.018 was filtered out as 42523942 G>A needs G but not covered
4.020 was filtered out as 42523942 G>A needs G but not covered
4.022 was filtered out as 42523942 G>A needs G but not covered
4.023 was filtered out as 42523942 G>A needs G but not covered
4.024 was filtered out as 42523942 G>A needs G but not covered
4.025 was filtered out as 42523942 G>A needs G but not covered
4.026 was filtered out as 42523942 G>A needs G but not covered
4.029 was filtered out as 42523942 G>A needs G but not covered
4.030 was filtered out as 42523942 G>A needs G but not covered
4.003 was filtered out as 42523942 G>A needs G but not covered
4.004 was filtered out as 42523942 G>A needs G but not covered
4.005 was filtered out as 42523942 G>A needs G but not covered
4.011 was filtered out as 42523942 G>A needs G but not covered
4.019 was filtered out as 42523942 G>A needs G but not covered
4.007 was filtered out as 42523942 G>A needs G but not covered
4.009 was filtered out as 42523942 G>A needs G but not covered
4.010 was filtered out as 42526693 G>A needs A but not covered
4.012 was filtered out as 42523942 G>A needs G but not covered
4.013 was filtered out as 42523942 G>A needs G but not covered
4.021 was filtered out as 42523942 G>A needs G but not covered
4.027 was filtered out as 42523942 G>A needs G but not covered
4.028 was filtered out as 42523942 G>A needs G but not covered
4.1013 was filtered out as 42523942 G>A needs G but not covered
4.1021 was filtered out as 42523942 G>A needs G but not covered
4.2021 was filtered out as 42523942 G>A needs G but not covered
5.001 was filtered out as 42523942 G>A needs G but not covered
6.001 was filtered out as 42523942 G>A needs G but not covered
6.002 was filtered out as 42523942 G>A needs G but not covered
6.005 was filtered out as 42523942 G>A needs G but not covered
6.006 was filtered out as 42523942 G>A needs G but not covered
6.003 was filtered out as 42523942 G>A needs G but not covered
6.004 was filtered out as 42523942 G>A needs G but not covered
7.001 was filtered out as 42523942 G>A needs G but not covered
8.001 was filtered out as 42525034 C>A needs A but not covered
9.001 was filtered out as 42523942 G>A needs G but not covered
9.002 was filtered out as 42523942 G>A needs G but not covered
10.001 was filtered out as 42523942 G>A needs G but not covered
10.002 was filtered out as 42523942 G>A needs G but not covered
10.003 was filtered out as 42523942 G>A needs G but not covered
10.004 was filtered out as 42523942 G>A needs G but not covered
10.005 was filtered out as 42523942 G>A needs G but not covered
10.006 was filtered out as 42523942 G>A needs G but not covered
10.007 was filtered out as 42523942 G>A needs G but not covered
10.1004 was filtered out as 42523942 G>A needs G but not covered
11.001 was filtered out as 42525911 C>G needs G but not covered
12.001 was filtered out as 42526669 C>T needs T but not covered
12.002 was filtered out as 42526669 C>T needs T but not covered
14.001 was filtered out as 42525034 C>T needs T but not covered
15.001 was filtered out as 42523942 G>A needs G but not covered
15.002 was filtered out as 42523942 G>A needs G but not covered
15.003 was filtered out as 42523942 G>A needs G but not covered
17.001 was filtered out as 42525771 G>A needs A but not covered
17.002 was filtered out as 42525771 G>A needs A but not covered
17.003 was filtered out as 42525771 G>A needs A but not covered
17.004 was filtered out as 42525771 G>A needs A but not covered
17.005 was filtered out as 42525771 G>A needs A but not covered
17.006 was filtered out as 42525771 G>A needs A but not covered
18.001 was filtered out as 42523942 G>A needs G but not covered
19.001 was filtered out as 42524250 delAGTT needs N but not covered
20.001 was filtered out as 42524815 insC needs P but not covered
21.001 was filtered out as 42524212 insG needs P but not covered
21.002 was filtered out as 42524212 insG needs P but not covered
22.001 was filtered out as 42523942 G>A needs G but not covered
23.001 was filtered out as 42523942 G>A needs G but not covered
24.001 was filtered out as 42523942 G>A needs G but not covered
25.001 was filtered out as 42523942 G>A needs G but not covered
26.001 was filtered out as 42523942 G>A needs G but not covered
27.001 was filtered out as 42523942 G>A needs G but not covered
28.001 was filtered out as 42526774 C>T needs T but not covered
28.002 was filtered out as 42526774 C>T needs T but not covered
29.001 was filtered out as 42525131 C.C>G.T needs M but not covered
30.001 was filtered out as 42524928 insGGGGCGAAA not covered (cov=0)
31.001 was filtered out as 42522750 C>T needs T but not covered
32.001 was filtered out as 42522939 C>T needs T but not covered
33.001 was filtered out as 42523942 G>A needs G but not covered
33.002 was filtered out as 42523942 G>A needs G but not covered
34.001 was filtered out as 42522612 C>G needs C but not covered
35.001 was filtered out as 42526762 C>T needs T but not covered
35.002 was filtered out as 42526762 C>T needs T but not covered
35.003 was filtered out as 42526762 C>T needs T but not covered
35.004 was filtered out as 42526762 C>T needs T but not covered
35.005 was filtered out as 42526762 C>T needs T but not covered
35.006 was filtered out as 42526762 C>T needs T but not covered
35.007 was filtered out as 42526762 C>T needs T but not covered
36.001 was filtered out as 42523942 G>A needs G but not covered
36.002 was filtered out as 42523942 G>A needs G but not covered
36.003 was filtered out as 42523942 G>A needs G but not covered
36.004 was filtered out as 42523942 G>A needs G but not covered
36.1001 was filtered out as 42523942 G>A needs G but not covered
37.001 was filtered out as 42523942 G>A needs G but not covered
38.001 was filtered out as 42523942 G>A needs G but not covered
39.001 was filtered out as 42523942 G>A needs G but not covered
39.002 was filtered out as 42523942 G>A needs G but not covered
40.001 was filtered out as 42525771 G>A needs A but not covered
41.001 was filtered out as 42523804 C>T needs T but not covered
41.002 was filtered out as 42523804 C>T needs T but not covered
41.003 was filtered out as 42523804 C>T needs T but not covered
41.004 was filtered out as 42523804 C>T needs T but not covered
41.005 was filtered out as 42523804 C>T needs T but not covered
42.001 was filtered out as 42523531 insAC needs P but not covered
43.001 was filtered out as 42523942 G>A needs G but not covered
43.002 was filtered out as 42523942 G>A needs G but not covered
44.001 was filtered out as 42523942 G>A needs G but not covered
45.001 was filtered out as 42525076 C>T needs T but not covered
45.002 was filtered out as 42525076 C>T needs T but not covered
45.003 was filtered out as 42525076 C>T needs T but not covered
45.004 was filtered out as 42525076 C>T needs T but not covered
46.001 was filtered out as 42525076 C>T needs T but not covered
46.002 was filtered out as 42525076 C>T needs T but not covered
46.003 was filtered out as 42525076 C>T needs T but not covered
47.001 was filtered out as 42523942 G>A needs G but not covered
48.001 was filtered out as 42523942 G>A needs G but not covered
49.001 was filtered out as 42523942 G>A needs G but not covered
50.001 was filtered out as 42523942 G>A needs G but not covered
51.001 was filtered out as 42523620 T>G needs G but not covered
52.001 was filtered out as 42523942 G>A needs G but not covered
52.002 was filtered out as 42523942 G>A needs G but not covered
53.001 was filtered out as 42523942 G>A needs G but not covered
54.001 was filtered out as 42523942 G>A needs G but not covered
55.001 was filtered out as 42522957 T>G needs G but not covered
56.001 was filtered out as 42523591 G>A needs A but not covered
56.002 was filtered out as 42523942 G>A needs G but not covered
56.003 was filtered out as 42523942 G>A needs G but not covered
57.001 was filtered out as 42523942 G>A needs G but not covered
57.1001 was filtered out as 42523942 G>A needs G but not covered
58.001 was filtered out as 42525771 G>A needs A but not covered
59.001 was filtered out as 42523853 C>T needs T but not covered
60.001 was filtered out as 42523942 G>A needs G but not covered
61.001 was filtered out as 42523942 G>A needs G but not covered
62.001 was filtered out as 42523942 G>A needs G but not covered
63.001 was filtered out as 42522612 C>G needs C but not covered
64.001 was filtered out as 42523942 G>A needs G but not covered
65.001 was filtered out as 42526693 G>A needs A but not covered
68.001 was filtered out as 42523942 G>A needs G but not covered
68.002 was filtered out as 42523942 G>A needs G but not covered
69.001 was filtered out as 42526693 G>A needs A but not covered
70.001 was filtered out as 42523942 G>A needs G but not covered
71.001 was filtered out as 42523942 G>A needs G but not covered
71.002 was filtered out as 42523942 G>A needs G but not covered
71.003 was filtered out as 42523942 G>A needs G but not covered
72.001 was filtered out as 42523942 G>A needs G but not covered
73.001 was filtered out as 42525781 C>T needs T but not covered
74.001 was filtered out as 42523942 G>A needs G but not covered
75.001 was filtered out as 42523942 G>A needs G but not covered
75.002 was filtered out as 42523942 G>A needs G but not covered
81.001 was filtered out as 42523942 G>A needs G but not covered
82.001 was filtered out as 42523942 G>A needs G but not covered
83.001 was filtered out as 42523942 G>A needs G but not covered
83.002 was filtered out as 42523942 G>A needs G but not covered
83.003 was filtered out as 42523942 G>A needs G but not covered
83.1003 was filtered out as 42523942 G>A needs G but not covered
84.001 was filtered out as 42524218 G>T needs T but not covered
84.002 was filtered out as 42524218 G>T needs T but not covered
85.001 was filtered out as 42522635 A>C needs C but not covered
86.001 was filtered out as 42523942 G>A needs G but not covered
87.001 was filtered out as 42523942 G>A needs G but not covered
88.001 was filtered out as 42523942 G>A needs G but not covered
89.001 was filtered out as 42523942 G>A needs G but not covered
90.001 was filtered out as 42523942 G>A needs G but not covered
91.001 was filtered out as 42522612 C>G needs C but not covered
92.001 was filtered out as 42523942 G>A needs G but not covered
93.001 was filtered out as 42523942 G>A needs G but not covered
94.001 was filtered out as 42523942 G>A needs G but not covered
94.002 was filtered out as 42523942 G>A needs G but not covered
95.001 was filtered out as 42523942 G>A needs G but not covered
96.001 was filtered out as 42523942 G>A needs G but not covered
97.001 was filtered out as 42523942 G>A needs G but not covered
98.001 was filtered out as 42522682 G>C needs C but not covered
99.001 was filtered out as 42523942 G>A needs G but not covered
100.001 was filtered out as 42523942 G>A needs G but not covered
101.001 was filtered out as 42523942 G>A needs G but not covered
102.001 was filtered out as 42525822 G>A needs A but not covered
103.001 was filtered out as 42525043 T>C needs C but not covered
104.001 was filtered out as 42525072 T>A needs A but not covered
105.001 was filtered out as 42523524 A>G needs G but not covered
106.001 was filtered out as 42523942 G>A needs G but not covered
106.002 was filtered out as 42523942 G>A needs G but not covered
106.003 was filtered out as 42523942 G>A needs G but not covered
107.001 was filtered out as 42523942 G>A needs G but not covered
108.001 was filtered out as 42523942 G>A needs G but not covered
109.001 was filtered out as 42523942 G>A needs G but not covered
110.001 was filtered out as 42523942 G>A needs G but not covered
111.001 was filtered out as 42525760 C>T needs T but not covered
111.002 was filtered out as 42525760 C>T needs T but not covered
112.001 was filtered out as 42523942 G>A needs G but not covered
113.001 was filtered out as 42523942 G>A needs G but not covered
114.001 was filtered out as 42526693 G>A needs A but not covered
115.001 was filtered out as 42523942 G>A needs G but not covered
116.001 was filtered out as 42523942 G>A needs G but not covered
117.001 was filtered out as 42523612 C>T needs T but not covered
118.001 was filtered out as 42523942 G>A needs G but not covered
119.001 was filtered out as 42523942 G>A needs G but not covered
120.001 was filtered out as 42523942 G>A needs G but not covered
121.001 was filtered out as 42525043 T>C needs C but not covered
122.001 was filtered out as 42523942 G>A needs G but not covered
123.001 was filtered out as 42523804 C>T needs T but not covered
124.001 was filtered out as 42523942 G>A needs G but not covered
124.002 was filtered out as 42523942 G>A needs G but not covered
125.001 was filtered out as 42522720 C>T needs T but not covered
126.001 was filtered out as 42525135 G>A needs A but not covered
127.001 was filtered out as 42523942 G>A needs G but not covered
128.001 was filtered out as 42525888 A>C needs C but not covered
129.001 was filtered out as 42525156 C>T needs T but not covered
130.001 was filtered out as 42523942 G>A needs G but not covered
131.001 was filtered out as 42523942 G>A needs G but not covered
132.001 was filtered out as 42523942 G>A needs G but not covered
133.001 was filtered out as 42523603 C>T needs T but not covered
134.001 was filtered out as 42523942 G>A needs G but not covered
135.001 was filtered out as 42522927 G>A needs A but not covered
136.001 was filtered out as 42522878 G>A needs A but not covered
137.001 was filtered out as 42523942 G>A needs G but not covered
138.001 was filtered out as 42523804 C>T needs T but not covered
139.001 was filtered out as 42523942 G>A needs G but not covered
140.001 was filtered out as 42523942 G>A needs G but not covered
141.001 was filtered out as 42522664 G>C needs C but not covered
141.1001 was filtered out as 42522612 C>G needs C but not covered
142.001 was filtered out as 42523942 G>A needs G but not covered
143.001 was filtered out as 42523942 G>A needs G but not covered
144.001 was filtered out as 42523942 G>A needs G but not covered
145.001 was filtered out as 42523942 G>A needs G but not covered
146.001 was filtered out as 42526716 C>T needs T but not covered
147.001 was filtered out as 42523942 G>A needs G but not covered
148.001 was filtered out as 42526716 C>T needs T but not covered
149.001 was filtered out as 42525131 C.C>G.T needs M but not covered
152.001 was filtered out as 42523942 G>A needs G but not covered
153.001 was filtered out as 42523942 G>A needs G but not covered
154.001 was filtered out as 42525771 G>A needs A but not covered
155.001 was filtered out as 42525131 C.C>G.T needs M but not covered
156.001 was filtered out as 42525131 C.C>G.T needs M but not covered
157.001 was filtered out as 42525131 C.C>G.T needs M but not covered
158.001 was filtered out as 42523804 C>T needs T but not covered
159.001 was filtered out as 42526671 G>A needs A but not covered
160.001 was filtered out as 42525820 G>T needs T but not covered
161.001 was filtered out as 42525184 C>A needs A but not covered
162.001 was filtered out as 42522939 C>T needs T but not covered
163.001 was filtered out as 42525157 A>G needs G but not covered
[filter] CYP2D6 2.001 => 2.001; 2.002; 2.003; 2.005; 2.006; 2.007; 2.008; 2.009; 2.010; 2.011; 2.012; 2.013; 2.014; 2.015; 2.016; 2.017; 2.018; 2.019; 2.020; 2.021; 2.022; 2.023; 2.024; 2.025; 2.026; 2.027; 2.028; 2.030
[filter] valid_alleles=28
CYP2D6:42522311 → A:0, C*:0, G:0, M:0, N:0, P:0, T:70
CYP2D6:42522612^ → A:0, C*:0, G^:54, M:0, N:0, P:0, T:0
CYP2D6:42522677 → A:0, C:0, G*:60, M:0, N:0, P:0, T:0
CYP2D6:42522764 → A:0, C:0, G*:62, M:0, N:0, P:0, T:0
CYP2D6:42522844 → A*:63, C:0, G:0, M:0, N:0, P:0, T:0
CYP2D6:42523002 → A:64, C:0, G*:0, M:0, N:0, P:0, T:0
CYP2D6:42523208 → A:0, C*:0, G:0, M:0, N:0, P:0, T:87
CYP2D6:42523240 → A:0, C:0, G*:83, M:0, N:0, P:0, T:0
CYP2D6:42523408 → A:0, C:0, G:64, M:0, N:0, P:0, T*:0
CYP2D6:42523538 → A*:97, C:0, G:0, M:0, N:0, P:0, T:0
CYP2D6:42523649 → A:0, C*:80, G:0, M:0, N:0, P:0, T:0
CYP2D6:42523672 → A:0, C*:78, G:0, M:0, N:0, P:0, T:0
CYP2D6:42523702 → A:0, C*:66, G:0, M:0, N:0, P:0, T:0
CYP2D6:42523942^ → A^:80, C:0, G*:0, M:0, N:0, P:0, T:0
CYP2D6:42524131 → A:0, C*:78, G:0, M:0, N:0, P:0, T:0
CYP2D6:42524217 → A:0, C:0, G*:95, M:0, N:0, P:0, T:0
CYP2D6:42524312 → A:0, C:0, G*:61, M:0, N:0, P:0, T:0
CYP2D6:42524322 → A*:57, C:0, G:0, M:0, N:0, P:0, T:0
CYP2D6:42524501 → A:0, C*:55, G:0, M:0, N:0, P:0, T:0
CYP2D6:42524577 → A:0, C:0, G:0, M:0, N:0, P:0, T*:47
CYP2D6:42524669 → A:0, C:0, G*:69, M:0, N:0, P:0, T:0
CYP2D6:42524695 → A:0, C:0, G:0, M:0, N:0, P:0, T*:59
CYP2D6:42524794 → A*:41, C:0, G:0, M:0, N:0, P:0, T:0
CYP2D6:42525035 → A:0, C:0, G*:61, M:0, N:0, P:0, T:0
CYP2D6:42525068 → A:0, C:0, G*:54, M:0, N:0, P:0, T:0
CYP2D6:42525131^ → A:0, C*:0, G:50, M^:0, N:0, P:0, T:0
CYP2D6:42525215 → A:0, C:0, G*:47, M:0, N:0, P:0, T:0
CYP2D6:42525279 → A:0, C:0, G*:46, M:0, N:0, P:0, T:0
CYP2D6:42525423 → A:0, C*:67, G:0, M:0, N:0, P:0, T:0
CYP2D6:42525525 → A:0, C*:76, G:0, M:0, N:0, P:0, T:0
CYP2D6:42525564 → A:0, C*:74, G:0, M:0, N:0, P:0, T:0
CYP2D6:42525615 → A:0, C*:52, G:19, M:0, N:0, P:0, T:0
CYP2D6:42525644 → A:0, C:13, G*:54, M:0, N:0, P:0, T:0
CYP2D6:42525755 → A:0, C:0, G*:60, M:0, N:0, P:0, T:0
CYP2D6:42525797 → A:0, C:0, G*:60, M:0, N:0, P:0, T:0
CYP2D6:42525951 → A*:0, C:55, G:0, M:0, N:0, P:0, T:0
CYP2D6:42526048 → A:0, C:55, G*:0, M:0, N:0, P:0, T:0
CYP2D6:42526050 → A:0, C:0, G*:57, M:0, N:0, P:0, T:0
CYP2D6:42526483 → A:80, C*:0, G:0, M:0, N:0, P:0, T:0
CYP2D6:42526523 → A:0, C:0, G*:79, M:0, N:0, P:0, T:0
CYP2D6:42526548 → A:0, C:79, G:0, M:0, N:0, P:0, T*:0
CYP2D6:42526560 → A:0, C:0, G:79, M:0, N:0, P:0, T*:0
CYP2D6:42526561 → A:0, C*:0, G:80, M:0, N:0, P:0, T:0
CYP2D6:42526566 → A*:0, C:0, G:76, M:0, N:0, P:0, T:0
CYP2D6:42526570 → A:0, C:77, G*:0, M:0, N:0, P:0, T:0
CYP2D6:42526572 → A:0, C:0, G*:0, M:0, N:0, P:0, T:77
CYP2D6:42526579 → A:0, C*:0, G:70, M:0, N:0, P:0, T:0
CYP2D6:42526968 → A:0, C*:58, G:0, M:0, N:0, P:0, T:0
CYP2D6:42527115 → A*:55, C:0, G:0, M:0, N:0, P:0, T:0
CYP2D6:42527186 → A:0, C*:55, G:0, M:0, N:0, P:0, T:0
CYP2D6:42527470 → A:0, C*:0, G:0, M:0, N:0, P:0, T:71
CYP2D6:42527484 → A:0, C*:81, G:0, M:0, N:0, P:0, T:0
CYP2D6:42527532 → A:85, C:0, G*:0, M:0, N:0, P:0, T:0
CYP2D6:42527541 → A:0, C:0, G:0, M:0, N:0, P:0, T*:88
CYP2D6:42527738 → A:0, C*:60, G:0, M:0, N:0, P:0, T:0
CYP2D6:42527776 → A:0, C*:71, G:0, M:0, N:0, P:0, T:0
CYP2D6:42527890 → A:0, C:0, G:0, M:0, N:0, P:0, T*:78
CYP2D6:42528027 → A:0, C:64, G:0, M:0, N:0, P:0, T*:0
CYP2D6:42528095 → A:0, C*:45, G:0, M:0, N:0, P:0, T:0
CYP2D6:42528123 → A:0, C:0, G*:43, M:0, N:0, P:0, T:0
CYP2D6:42528381 → A:0, C:51, G*:0, M:0, N:0, P:0, T:0
Step 0: Loss=0.5409, CN=[2.0999167]
Step 100: Loss=0.1451, CN=[3.2621036]
Step 200: Loss=0.1451, CN=[3.2647355]
Step 300: Loss=0.1451, CN=[3.2647135]
Step 400: Loss=0.1451, CN=[3.2647135]

=== Fit ===
Region 0: obs=3.680, exp=3.265, diff=+0.415 
Region 1: obs=3.190, exp=3.265, diff=-0.075 
Region 2: obs=3.610, exp=3.265, diff=+0.346 
Region 3: obs=3.367, exp=3.265, diff=+0.102 
Region 4: obs=2.904, exp=3.265, diff=-0.361 
Region 5: obs=3.089, exp=3.265, diff=-0.176 
Region 6: obs=2.628, exp=3.265, diff=-0.636 *
Region 7: obs=3.315, exp=3.265, diff=+0.050 
Region 8: obs=2.448, exp=3.265, diff=-0.817 *
Region 9: obs=2.915, exp=3.265, diff=-0.350 
Region 10: obs=3.786, exp=3.265, diff=+0.522 *
Region 11: obs=3.657, exp=3.265, diff=+0.393 
Region 12: obs=3.803, exp=3.265, diff=+0.538 *
Region 13: obs=3.543, exp=3.265, diff=+0.278 
Region 14: obs=4.466, exp=3.265, diff=+1.201 *
Region 15: obs=3.589, exp=3.265, diff=+0.324 
Region 16: obs=3.311, exp=3.265, diff=+0.047 
Region 17: obs=3.015, exp=3.265, diff=-0.250 
Region 18: obs=2.931, exp=3.265, diff=-0.334 
Region 19: obs=3.086, exp=3.265, diff=-0.179 
Region 20: obs=3.274, exp=3.265, diff=+0.009 
Region 21: obs=0.000, exp=3.265, diff=-3.265 *
Region 22: obs=3.024, exp=3.265, diff=-0.241 

[Gene CN Results]
  CYP2D6: 3.26 → 3.264713764190674

=== CYP2D6 Fusion Template CN Estimation ===

Using CN configs: ['1', '68.001', '141.1001']

Region coverage:
  up: 3.7
  utr5: 3.2
  e1: 3.6
  i1: 3.4
  e2: 2.9
  i2: 3.1
  e3: 2.6
  i3: 3.3
  e4: 2.4
  i4: 2.9
  e5: 3.8
  i5: 3.7
  e6: 3.8
  i6: 3.5
  e7: 4.5
  i7: 3.6
  e8: 3.3
  i8: 3.0
  e9: 2.9
  utr3: 3.1
  ins: 3.3
  pce: 0.0
  rep: 3.0
  e1_2d7: 0.9
  e2_2d7: 0.8
  e3_2d7: 0.6
  e5_2d7: 0.0
  e6_2d7: 0.5
  e9_2d7: 0.2
  pce_2d7: 0.3

CN configs: ['1', '68.001', '141.1001']
PCE contributions: {'1': tensor(0.), '68.001': tensor(1.), '141.1001': tensor(1.)}
Gene CN: 3.26 → required total: 3
Respect gene CN constraint: True
Enumerating configurations that sum to 3...
Evaluated 10 configurations

Top 5 configurations:
  1. loss=6.45: 1:3
  2. loss=10.60: 1:2, 141.1001:1
  3. loss=25.25: 1:1, 141.1001:2
  4. loss=27.61: 1:2, 68.001:1
  5. loss=42.25: 1:1, 68.001:1, 141.1001:1

Best CN assignment (loss=6.45):
  1: 3
  Total: 3

Fit comparison:
  up: obs=3.7, exp=3.0, diff=+0.7
  utr5: obs=3.2, exp=3.0, diff=+0.2
  e1: obs=3.6, exp=3.0, diff=+0.6
  i1: obs=3.4, exp=3.0, diff=+0.4
  e2: obs=2.9, exp=3.0, diff=-0.1
  i2: obs=3.1, exp=3.0, diff=+0.1
  e3: obs=2.6, exp=3.0, diff=-0.4
  i3: obs=3.3, exp=3.0, diff=+0.3
  e4: obs=2.4, exp=3.0, diff=-0.6
  i4: obs=2.9, exp=3.0, diff=-0.1
  e5: obs=3.8, exp=3.0, diff=+0.8
  i5: obs=3.7, exp=3.0, diff=+0.7
  e6: obs=3.8, exp=3.0, diff=+0.8
  i6: obs=3.5, exp=3.0, diff=+0.5
  e7: obs=4.5, exp=3.0, diff=+1.5
  i7: obs=3.6, exp=3.0, diff=+0.6
  e8: obs=3.3, exp=3.0, diff=+0.3
  i8: obs=3.0, exp=3.0, diff=+0.0
  e9: obs=2.9, exp=3.0, diff=-0.1
  utr3: obs=3.1, exp=3.0, diff=+0.1
  ins: obs=3.3, exp=3.0, diff=+0.3
  pce: obs=0.0, exp=0.0, diff=+0.0
  rep: obs=3.0, exp=3.0, diff=+0.0
  e1_2d7: obs=0.9, exp=0.0, diff=+0.9
  e2_2d7: obs=0.8, exp=0.0, diff=+0.8
  e3_2d7: obs=0.6, exp=0.0, diff=+0.6
  e5_2d7: obs=0.0, exp=0.0, diff=+0.0
  e6_2d7: obs=0.5, exp=0.0, diff=+0.5
  e9_2d7: obs=0.2, exp=0.0, diff=+0.2
  pce_2d7: obs=0.3, exp=0.0, diff=+0.3

[Selected CN Configs] 1:3
  Total CYP2D6 CN: 3

[Filtering alleles by cn_config]

Kept alleles by cn_config:
  1: 1 major alleles
    *2.001

  Filtered: 0 alleles
  Kept: 28 alleles

[Updating N variant counts for deleted regions]
  Total updated: 0 positions

[Rebuilding allele vectors for fusion cn_configs]
Using device: cuda
num_sparse_entries: 1708
max sparse_flat_index: 11955
expected max: 11955

=== Running VAE with seed 42 ===
Global Pooled JS: 0.017975
Seed 42, Step    0: Loss = 1653.07 (Recon: 1453.21, Allele KL: 88.70, Base KL: 30728.89, Functional KL: 0.02
Global Pooled JS: 0.011966
Seed 42, Step  500: Loss = 431.19 (Recon: 342.51, Allele KL: 27.55, Base KL: 39703.42, Functional KL: 0.01
Global Pooled JS: 0.011980
Seed 42, Step 1000: Loss = 440.11 (Recon: 345.11, Allele KL: 34.47, Base KL: 38254.38, Functional KL: 0.01
Global Pooled JS: 0.011883
Seed 42, Step 1500: Loss = 443.36 (Recon: 350.25, Allele KL: 29.24, Base KL: 39140.06, Functional KL: 0.01
Global Pooled JS: 0.012127
Seed 42, Step 2000: Loss = 454.29 (Recon: 354.98, Allele KL: 34.07, Base KL: 39248.01, Functional KL: 0.01
Global Pooled JS: 0.012259
Seed 42, Step 2500: Loss = 497.13 (Recon: 393.36, Allele KL: 28.59, Base KL: 39232.57, Functional KL: 0.01

Top Variants with Coverage Mismatches:
Rank   Variant                        Expected     Observed     Diff       |Div|       
------------------------------------------------------------------------------------------
1      CYP2D6:42523942→A              65.21        80.00        -14.79     0.003931    
2      CYP2D6:42525131→G              66.75        50.00        16.75      0.001570    
3      CYP2D6:42522612→P              0.33         0.00         0.33       0.000578    
4      CYP2D6:42522612→N              0.33         0.00         0.33       0.000577    
5      CYP2D6:42522612→C              0.33         0.00         0.33       0.000569    
6      CYP2D6:42522612→M              0.33         0.00         0.33       0.000568    
7      CYP2D6:42522612→A              0.33         0.00         0.33       0.000566    
8      CYP2D6:42522612→T              0.32         0.00         0.32       0.000559    
9      CYP2D6:42523942→T              0.27         0.00         0.27       0.000461    
10     CYP2D6:42523942→N              0.26         0.00         0.26       0.000447    
11     CYP2D6:42523942→C              0.26         0.00         0.26       0.000446    
12     CYP2D6:42523942→P              0.26         0.00         0.26       0.000444    
13     CYP2D6:42523942→G              0.25         0.00         0.25       0.000440    
14     CYP2D6:42523942→M              0.25         0.00         0.25       0.000434    
15     CYP2D6:42522612→G              64.78        54.00        10.78      0.000365    
16     CYP2D6:42525131→A              0.00         0.00         0.00       0.000000    
17     CYP2D6:42525131→C              0.00         0.00         0.00       0.000000    
18     CYP2D6:42525131→M              0.00         0.00         0.00       0.000000    
19     CYP2D6:42525131→N              0.00         0.00         0.00       0.000000    
20     CYP2D6:42525131→P              0.00         0.00         0.00       0.000000    
21     CYP2D6:42525131→T              0.00         0.00         0.00       0.000000    
New best model with final loss: 452.44

=== Running VAE with seed 123 ===
Global Pooled JS: 0.017769
Seed 123, Step    0: Loss = 984.49 (Recon: 741.94, Allele KL: 121.82, Base KL: 48094.69, Functional KL: 0.02
Global Pooled JS: 0.013547
Seed 123, Step  500: Loss = 472.60 (Recon: 366.87, Allele KL: 40.62, Base KL: 20109.71, Functional KL: 0.01
Global Pooled JS: 0.012549
Seed 123, Step 1000: Loss = 456.64 (Recon: 358.97, Allele KL: 46.40, Base KL: 20830.21, Functional KL: 0.01
Global Pooled JS: 0.012455
Seed 123, Step 1500: Loss = 466.06 (Recon: 359.30, Allele KL: 56.25, Base KL: 20423.37, Functional KL: 0.01
Global Pooled JS: 0.013167
Seed 123, Step 2000: Loss = 474.90 (Recon: 370.66, Allele KL: 40.94, Base KL: 20358.47, Functional KL: 0.01
Global Pooled JS: 0.012807
Seed 123, Step 2500: Loss = 459.31 (Recon: 353.22, Allele KL: 50.00, Base KL: 20578.57, Functional KL: 0.01

Top Variants with Coverage Mismatches:
Rank   Variant                        Expected     Observed     Diff       |Div|       
------------------------------------------------------------------------------------------
1      CYP2D6:42523942→A              65.01        80.00        -14.99     0.004007    
2      CYP2D6:42525131→G              66.75        50.00        16.75      0.001570    
3      CYP2D6:42522612→M              0.34         0.00         0.34       0.000587    
4      CYP2D6:42522612→C              0.33         0.00         0.33       0.000577    
5      CYP2D6:42522612→N              0.33         0.00         0.33       0.000572    
6      CYP2D6:42522612→A              0.33         0.00         0.33       0.000564    
7      CYP2D6:42522612→T              0.32         0.00         0.32       0.000562    
8      CYP2D6:42522612→P              0.32         0.00         0.32       0.000553    
9      CYP2D6:42523942→M              0.29         0.00         0.29       0.000510    
10     CYP2D6:42523942→C              0.29         0.00         0.29       0.000507    
11     CYP2D6:42523942→T              0.29         0.00         0.29       0.000507    
12     CYP2D6:42523942→N              0.29         0.00         0.29       0.000507    
13     CYP2D6:42523942→P              0.28         0.00         0.28       0.000492    
14     CYP2D6:42523942→G              0.28         0.00         0.28       0.000488    
15     CYP2D6:42522612→G              64.78        54.00        10.78      0.000365    
16     CYP2D6:42525131→A              0.00         0.00         0.00       0.000000    
17     CYP2D6:42525131→C              0.00         0.00         0.00       0.000000    
18     CYP2D6:42525131→M              0.00         0.00         0.00       0.000000    
19     CYP2D6:42525131→N              0.00         0.00         0.00       0.000000    
20     CYP2D6:42525131→P              0.00         0.00         0.00       0.000000    
21     CYP2D6:42525131→T              0.00         0.00         0.00       0.000000    

=== Running VAE with seed 456 ===
Global Pooled JS: 0.017137
Seed 456, Step    0: Loss = 5388.51 (Recon: 5181.84, Allele KL: 107.44, Base KL: 63541.86, Functional KL: 0.02
Global Pooled JS: 0.013232
Seed 456, Step  500: Loss = 463.25 (Recon: 362.59, Allele KL: 35.85, Base KL: 21066.75, Functional KL: 0.01
Global Pooled JS: 0.012787
Seed 456, Step 1000: Loss = 454.34 (Recon: 356.00, Allele KL: 43.89, Base KL: 20640.63, Functional KL: 0.01
Global Pooled JS: 0.012854
Seed 456, Step 1500: Loss = 456.57 (Recon: 356.61, Allele KL: 43.87, Base KL: 19975.26, Functional KL: 0.01
Global Pooled JS: 0.012735
Seed 456, Step 2000: Loss = 460.35 (Recon: 358.56, Allele KL: 45.64, Base KL: 20037.35, Functional KL: 0.01
Global Pooled JS: 0.012665
Seed 456, Step 2500: Loss = 460.31 (Recon: 361.97, Allele KL: 41.34, Base KL: 20889.98, Functional KL: 0.01

Top Variants with Coverage Mismatches:
Rank   Variant                        Expected     Observed     Diff       |Div|       
------------------------------------------------------------------------------------------
1      CYP2D6:42523942→A              64.96        80.00        -15.04     0.004029    
2      CYP2D6:42525131→G              66.75        50.00        16.75      0.001570    
3      CYP2D6:42522612→M              0.36         0.00         0.36       0.000625    
4      CYP2D6:42522612→P              0.36         0.00         0.36       0.000617    
5      CYP2D6:42522612→N              0.35         0.00         0.35       0.000610    
6      CYP2D6:42522612→A              0.35         0.00         0.35       0.000609    
7      CYP2D6:42522612→T              0.35         0.00         0.35       0.000607    
8      CYP2D6:42522612→C              0.35         0.00         0.35       0.000607    
9      CYP2D6:42523942→C              0.30         0.00         0.30       0.000527    
10     CYP2D6:42523942→G              0.30         0.00         0.30       0.000520    
11     CYP2D6:42523942→P              0.30         0.00         0.30       0.000518    
12     CYP2D6:42523942→N              0.30         0.00         0.30       0.000517    
13     CYP2D6:42523942→M              0.30         0.00         0.30       0.000515    
14     CYP2D6:42523942→T              0.29         0.00         0.29       0.000510    
15     CYP2D6:42522612→G              64.63        54.00        10.63      0.000347    
16     CYP2D6:42525131→A              0.00         0.00         0.00       0.000000    
17     CYP2D6:42525131→C              0.00         0.00         0.00       0.000000    
18     CYP2D6:42525131→M              0.00         0.00         0.00       0.000000    
19     CYP2D6:42525131→N              0.00         0.00         0.00       0.000000    
20     CYP2D6:42525131→P              0.00         0.00         0.00       0.000000    
21     CYP2D6:42525131→T              0.00         0.00         0.00       0.000000    

=== Multi-Seed VAE Results ===
Best model had seed 42 with final loss: 452.44
All seeds final losses:
  Seed 42: Total=452.44 (Recon=349.00, A_KL=39.31, B_KL=39751.72) <- Best
  Seed 123: Total=466.83 (Recon=351.15, A_KL=62.10, B_KL=20779.90)
  Seed 456: Total=458.94 (Recon=354.01, A_KL=48.44, B_KL=21320.12)

[Raw]:
CYP2D6*2: Normalized=1.0000, Unnormalized=1.00

Allocating by cn_config:

[Alleles]
CYP2D6*2
CYP2D6*2
CYP2D6*2
	Command being timed: "python /home/qinghuiz/aidy/push/Neretva/neretva/cyp.py CYP2D6 /project/shared/aldy-data/wgs/NA19226.wgs.cram"
	User time (seconds): 281.56
	System time (seconds): 57.62
	Percent of CPU this job got: 99%
	Elapsed (wall clock) time (h:mm:ss or m:ss): 5:40.69
	Average shared text size (kbytes): 0
	Average unshared data size (kbytes): 0
	Average stack size (kbytes): 0
	Average total size (kbytes): 0
	Maximum resident set size (kbytes): 2748552
	Average resident set size (kbytes): 0
	Major (requiring I/O) page faults: 0
	Minor (reclaiming a frame) page faults: 989533
	Voluntary context switches: 26203
	Involuntary context switches: 4381
	Swaps: 0
	File system inputs: 0
	File system outputs: 104
	Socket messages sent: 0
	Socket messages received: 0
	Signals delivered: 0
	Page size (bytes): 4096
	Exit status: 0
