2026-03-11 06:27:15.093345: I tensorflow/core/util/port.cc:111] oneDNN custom operations are on. You may see slightly different numerical results due to floating-point round-off errors from different computation orders. To turn them off, set the environment variable `TF_ENABLE_ONEDNN_OPTS=0`.
2026-03-11 06:27:15.132119: E tensorflow/compiler/xla/stream_executor/cuda/cuda_dnn.cc:9342] Unable to register cuDNN factory: Attempting to register factory for plugin cuDNN when one has already been registered
2026-03-11 06:27:15.132303: E tensorflow/compiler/xla/stream_executor/cuda/cuda_fft.cc:609] Unable to register cuFFT factory: Attempting to register factory for plugin cuFFT when one has already been registered
2026-03-11 06:27:15.132441: E tensorflow/compiler/xla/stream_executor/cuda/cuda_blas.cc:1518] Unable to register cuBLAS factory: Attempting to register factory for plugin cuBLAS when one has already been registered
2026-03-11 06:27:15.141178: I tensorflow/core/platform/cpu_feature_guard.cc:182] This TensorFlow binary is optimized to use available CPU instructions in performance-critical operations.
To enable the following instructions: AVX2 AVX512F AVX512_VNNI FMA, in other operations, rebuild TensorFlow with the appropriate compiler flags.
AttributeError: 'MessageFactory' object has no attribute 'GetPrototype'
2026-03-11 06:27:16.410699: W tensorflow/compiler/tf2tensorrt/utils/py_utils.cc:38] TF-TRT Warning: Could not find TensorRT
AttributeError: 'MessageFactory' object has no attribute 'GetPrototype'
[info] total indices 2506
[info] total variants 2506
3.001 was filtered out as 42524243 delT needs N but not covered
3.002 was filtered out as 42524243 delT needs N but not covered
4.001 was filtered out as 42526693 G>A needs A but not covered
4.002 was filtered out as 42526693 G>A needs A but not covered
4.006 was filtered out as 42526693 G>A needs A but not covered
4.008 was filtered out as 42526693 G>A needs A but not covered
4.014 was filtered out as 42526693 G>A needs A but not covered
4.015 was filtered out as 42526693 G>A needs A but not covered
4.016 was filtered out as 42526693 G>A needs A but not covered
4.017 was filtered out as 42526693 G>A needs A but not covered
4.018 was filtered out as 42526693 G>A needs A but not covered
4.020 was filtered out as 42526693 G>A needs A but not covered
4.022 was filtered out as 42526693 G>A needs A but not covered
4.023 was filtered out as 42526693 G>A needs A but not covered
4.024 was filtered out as 42526693 G>A needs A but not covered
4.025 was filtered out as 42526693 G>A needs A but not covered
4.026 was filtered out as 42526693 G>A needs A but not covered
4.029 was filtered out as 42526693 G>A needs A but not covered
4.030 was filtered out as 42526693 G>A needs A but not covered
4.003 was filtered out as 42526693 G>A needs A but not covered
4.004 was filtered out as 42526693 G>A needs A but not covered
4.005 was filtered out as 42526693 G>A needs A but not covered
4.011 was filtered out as 42526693 G>A needs A but not covered
4.019 was filtered out as 42526693 G>A needs A but not covered
4.007 was filtered out as 42526693 G>A needs A but not covered
4.009 was filtered out as 42526693 G>A needs A but not covered
4.010 was filtered out as 42526693 G>A needs A but not covered
4.012 was filtered out as 42525820 G>T needs T but not covered
4.013 was filtered out as 42526693 G>A needs A but not covered
4.021 was filtered out as 42526693 G>A needs A but not covered
4.027 was filtered out as 42526693 G>A needs A but not covered
4.028 was filtered out as 42526693 G>A needs A but not covered
4.1013 was filtered out as 42526693 G>A needs A but not covered
4.1021 was filtered out as 42526693 G>A needs A but not covered
4.2021 was filtered out as 42526693 G>A needs A but not covered
6.001 was filtered out as 42525085 delA needs N but not covered
6.002 was filtered out as 42525085 delA needs N but not covered
6.005 was filtered out as 42525085 delA needs N but not covered
6.006 was filtered out as 42525085 delA needs N but not covered
6.003 was filtered out as 42525085 delA needs N but not covered
6.004 was filtered out as 42525085 delA needs N but not covered
7.001 was filtered out as 42523857 T>G needs G but not covered
8.001 was filtered out as 42525034 C>A needs A but not covered
9.001 was filtered out as 42524175 delCTT needs N but not covered
9.002 was filtered out as 42524175 delCTT needs N but not covered
10.001 was filtered out as 42526693 G>A needs A but not covered
10.002 was filtered out as 42526693 G>A needs A but not covered
10.003 was filtered out as 42526693 G>A needs A but not covered
10.004 was filtered out as 42526693 G>A needs A but not covered
10.005 was filtered out as 42526693 G>A needs A but not covered
10.006 was filtered out as 42526693 G>A needs A but not covered
10.007 was filtered out as 42526693 G>A needs A but not covered
10.1004 was filtered out as 42526693 G>A needs A but not covered
11.001 was filtered out as 42525911 C>G needs G but not covered
12.001 was filtered out as 42526669 C>T needs T but not covered
12.002 was filtered out as 42526669 C>T needs T but not covered
14.001 was filtered out as 42525034 C>T needs T but not covered
15.001 was filtered out as 42526655 insA needs P but not covered
15.002 was filtered out as 42526655 insA needs P but not covered
15.003 was filtered out as 42526655 insA needs P but not covered
17.001 was filtered out as 42525771 G>A needs A but not covered
17.002 was filtered out as 42525771 G>A needs A but not covered
17.003 was filtered out as 42525771 G>A needs A but not covered
17.004 was filtered out as 42525771 G>A needs A but not covered
17.005 was filtered out as 42525771 G>A needs A but not covered
17.006 was filtered out as 42525771 G>A needs A but not covered
18.001 was filtered out as 42522657 insCAGTGGGCA needs P but not covered
19.001 was filtered out as 42524250 delAGTT needs N but not covered
20.001 was filtered out as 42524815 insC needs P but not covered
21.001 was filtered out as 42524212 insG needs P but not covered
21.002 was filtered out as 42524212 insG needs P but not covered
22.001 was filtered out as 42526711 G>A needs A but not covered
23.001 was filtered out as 42525837 G>A needs A but not covered
24.001 was filtered out as 42523939 T>G needs G but not covered
25.001 was filtered out as 42523594 G>C needs C but not covered
26.001 was filtered out as 42523515 A>G needs G but not covered
27.001 was filtered out as 42522939 C>T needs T but not covered
28.001 was filtered out as 42526774 C>T needs T but not covered
28.002 was filtered out as 42526774 C>T needs T but not covered
29.001 was filtered out as 42525131 C.C>G.T needs M but not covered
30.001 was filtered out as 42524928 insGGGGCGAAA not covered (cov=0)
31.001 was filtered out as 42522750 C>T needs T but not covered
32.001 was filtered out as 42522939 C>T needs T but not covered
33.001 was filtered out as 42524309 C>A needs A but not covered
33.002 was filtered out as 42524309 C>A needs A but not covered
35.001 was filtered out as 42526762 C>T needs T but not covered
35.002 was filtered out as 42526762 C>T needs T but not covered
35.003 was filtered out as 42526762 C>T needs T but not covered
35.004 was filtered out as 42526762 C>T needs T but not covered
35.005 was filtered out as 42526762 C>T needs T but not covered
35.006 was filtered out as 42526762 C>T needs T but not covered
35.007 was filtered out as 42526762 C>T needs T but not covered
36.001 was filtered out as 42526693 G>A needs A but not covered
36.002 was filtered out as 42526693 G>A needs A but not covered
36.003 was filtered out as 42526693 G>A needs A but not covered
36.004 was filtered out as 42526693 G>A needs A but not covered
36.1001 was filtered out as 42526693 G>A needs A but not covered
37.001 was filtered out as 42526693 G>A needs A but not covered
38.001 was filtered out as 42524200 delTCAG needs N but not covered
40.001 was filtered out as 42525771 G>A needs A but not covered
41.001 was filtered out as 42523804 C>T needs T but not covered
41.002 was filtered out as 42523804 C>T needs T but not covered
41.003 was filtered out as 42523804 C>T needs T but not covered
41.004 was filtered out as 42523804 C>T needs T but not covered
41.005 was filtered out as 42523804 C>T needs T but not covered
42.001 was filtered out as 42523531 insAC needs P but not covered
43.001 was filtered out as 42526716 C>T needs T but not covered
43.002 was filtered out as 42526716 C>T needs T but not covered
44.001 was filtered out as 42526711 G>A needs A but not covered
45.001 was filtered out as 42525076 C>T needs T but not covered
45.002 was filtered out as 42525076 C>T needs T but not covered
45.003 was filtered out as 42525076 C>T needs T but not covered
45.004 was filtered out as 42525076 C>T needs T but not covered
46.001 was filtered out as 42525076 C>T needs T but not covered
46.002 was filtered out as 42525076 C>T needs T but not covered
46.003 was filtered out as 42525076 C>T needs T but not covered
47.001 was filtered out as 42526693 G>A needs A but not covered
48.001 was filtered out as 42525822 G>A needs A but not covered
49.001 was filtered out as 42526693 G>A needs A but not covered
50.001 was filtered out as 42525072 T>G needs G but not covered
51.001 was filtered out as 42523620 T>G needs G but not covered
52.001 was filtered out as 42526693 G>A needs A but not covered
52.002 was filtered out as 42526693 G>A needs A but not covered
53.001 was filtered out as 42525181 A>T needs T but not covered
54.001 was filtered out as 42526693 G>A needs A but not covered
55.001 was filtered out as 42522957 T>G needs G but not covered
56.001 was filtered out as 42523591 G>A needs A but not covered
56.002 was filtered out as 42526693 G>A needs A but not covered
56.003 was filtered out as 42526693 G>A needs A but not covered
57.001 was filtered out as 42526693 G>A needs A but not covered
57.1001 was filtered out as 42526693 G>A needs A but not covered
58.001 was filtered out as 42525771 G>A needs A but not covered
59.001 was filtered out as 42523853 C>T needs T but not covered
60.001 was filtered out as 42524904 insTA needs P but not covered
62.001 was filtered out as 42522748 G>A needs A but not covered
64.001 was filtered out as 42526693 G>A needs A but not covered
65.001 was filtered out as 42526693 G>A needs A but not covered
68.001 was filtered out as 42526693 G>A needs A but not covered
69.001 was filtered out as 42526693 G>A needs A but not covered
70.001 was filtered out as 42525131 C.C>G.T needs M but not covered
71.001 was filtered out as 42526668 C>T needs T but not covered
71.002 was filtered out as 42526668 C>T needs T but not covered
71.003 was filtered out as 42526668 C>T needs T but not covered
72.001 was filtered out as 42526693 G>A needs A but not covered
73.001 was filtered out as 42525781 C>T needs T but not covered
74.001 was filtered out as 42525820 G>T needs T but not covered
75.001 was filtered out as 42522747 C>T needs T but not covered
75.002 was filtered out as 42522747 C>T needs T but not covered
81.001 was filtered out as 42524213 G>A needs A but not covered
82.001 was filtered out as 42525820 G>T needs T but not covered
83.001 was filtered out as 42522664 G>C needs C but not covered
83.002 was filtered out as 42522664 G>C needs C but not covered
83.003 was filtered out as 42522664 G>C needs C but not covered
84.001 was filtered out as 42524218 G>T needs T but not covered
84.002 was filtered out as 42524218 G>T needs T but not covered
85.001 was filtered out as 42522635 A>C needs C but not covered
86.001 was filtered out as 42524186 C>T needs T but not covered
87.001 was filtered out as 42526693 G>A needs A but not covered
88.001 was filtered out as 42525780 A>G needs G but not covered
89.001 was filtered out as 42525114 A>G needs G but not covered
90.001 was filtered out as 42525099 T>C needs C but not covered
91.001 was filtered out as 42523804 C>T needs T but not covered
92.001 was filtered out as 42524797 delG needs N but not covered
93.001 was filtered out as 42524273 T>G needs G but not covered
94.001 was filtered out as 42526693 G>A needs A but not covered
94.002 was filtered out as 42526693 G>A needs A but not covered
95.001 was filtered out as 42526693 G>A needs A but not covered
96.001 was filtered out as 42522897 G>A needs A but not covered
97.001 was filtered out as 42522698 G>T needs T but not covered
98.001 was filtered out as 42522682 G>C needs C but not covered
99.001 was filtered out as 42526693 G>A needs A but not covered
100.001 was filtered out as 42526693 G>A needs A but not covered
101.001 was filtered out as 42526693 G>A needs A but not covered
102.001 was filtered out as 42525822 G>A needs A but not covered
103.001 was filtered out as 42525043 T>C needs C but not covered
104.001 was filtered out as 42525072 T>A needs A but not covered
105.001 was filtered out as 42523524 A>G needs G but not covered
106.001 was filtered out as 42522915 C>T needs T but not covered
106.002 was filtered out as 42522915 C>T needs T but not covered
106.003 was filtered out as 42522915 C>T needs T but not covered
107.001 was filtered out as 42525133 C>T needs T but not covered
108.001 was filtered out as 42523566 T>C needs C but not covered
109.001 was filtered out as 42524175 delCTT needs N but not covered
110.001 was filtered out as 42522736 C>T needs T but not covered
111.001 was filtered out as 42525760 C>T needs T but not covered
111.002 was filtered out as 42525760 C>T needs T but not covered
112.001 was filtered out as 42522606 G>A needs A but not covered
113.001 was filtered out as 42522753 C>T needs T but not covered
114.001 was filtered out as 42526693 G>A needs A but not covered
115.001 was filtered out as 42524175 delCTT needs N but not covered
116.001 was filtered out as 42523632 C>G needs G but not covered
117.001 was filtered out as 42523612 C>T needs T but not covered
118.001 was filtered out as 42523900 T>C needs C but not covered
119.001 was filtered out as 42523804 C>T needs T but not covered
120.001 was filtered out as 42526729 delG needs N but not covered
121.001 was filtered out as 42525043 T>C needs C but not covered
122.001 was filtered out as 42523513 C>T needs T but not covered
123.001 was filtered out as 42523804 C>T needs T but not covered
124.001 was filtered out as 42522982 delGA needs N but not covered
124.002 was filtered out as 42522982 delGA needs N but not covered
125.001 was filtered out as 42522720 C>T needs T but not covered
126.001 was filtered out as 42525135 G>A needs A but not covered
127.001 was filtered out as 42523527 C>T needs T but not covered
128.001 was filtered out as 42525888 A>C needs C but not covered
129.001 was filtered out as 42525156 C>T needs T but not covered
130.001 was filtered out as 42524879 CA>AG needs A but not covered
131.001 was filtered out as 42524326 A>G needs G but not covered
132.001 was filtered out as 42526693 G>A needs A but not covered
133.001 was filtered out as 42523603 C>T needs T but not covered
134.001 was filtered out as 42523590 C>T needs T but not covered
135.001 was filtered out as 42522927 G>A needs A but not covered
136.001 was filtered out as 42522878 G>A needs A but not covered
137.001 was filtered out as 42522579 C>T needs T but not covered
138.001 was filtered out as 42523804 C>T needs T but not covered
139.001 was filtered out as 42523527 C>T needs T but not covered
140.001 was filtered out as 42524330 G>A needs A but not covered
141.001 was filtered out as 42522664 G>C needs C but not covered
141.1001 was filtered out as 42525771 G>A needs A but not covered
142.001 was filtered out as 42526693 G>A needs A but not covered
143.001 was filtered out as 42526762 C>T needs T but not covered
144.001 was filtered out as 42524352 C>T needs T but not covered
145.001 was filtered out as 42524928 insGGGGCGAAA not covered (cov=0)
146.001 was filtered out as 42526716 C>T needs T but not covered
147.001 was filtered out as 42526693 G>A needs A but not covered
148.001 was filtered out as 42526716 C>T needs T but not covered
149.001 was filtered out as 42525131 C.C>G.T needs M but not covered
152.001 was filtered out as 42524341 G>A needs A but not covered
153.001 was filtered out as 42524808 C>T needs T but not covered
154.001 was filtered out as 42525771 G>A needs A but not covered
155.001 was filtered out as 42525131 C.C>G.T needs M but not covered
156.001 was filtered out as 42525131 C.C>G.T needs M but not covered
157.001 was filtered out as 42525131 C.C>G.T needs M but not covered
158.001 was filtered out as 42523804 C>T needs T but not covered
159.001 was filtered out as 42526671 G>A needs A but not covered
160.001 was filtered out as 42525820 G>T needs T but not covered
161.001 was filtered out as 42525184 C>A needs A but not covered
162.001 was filtered out as 42522939 C>T needs T but not covered
163.001 was filtered out as 42525157 A>G needs G but not covered
[filter] CYP2D6 1.001 => 1.001; 1.002; 1.003; 1.004; 1.005; 1.006; 1.007; 1.008; 1.009; 1.010; 1.011; 1.012; 1.013; 1.014; 1.015; 1.016; 1.017; 1.018; 1.019; 1.020; 1.021; 1.022; 1.023; 1.024; 1.025; 1.026; 1.027; 1.028; 1.029; 1.030; 1.031; 1.032; 1.033; 1.034; 1.035; 1.036; 1.037; 1.038; 1.039; 1.040; 1.041; 1.042; 1.043; 1.044; 1.045; 1.046; 1.047; 1.048; 1.049
[filter] CYP2D6 2.001 => 2.001; 2.002; 2.003; 2.004; 2.005; 2.006; 2.007; 2.008; 2.009; 2.010; 2.011; 2.012; 2.013; 2.014; 2.015; 2.016; 2.017; 2.018; 2.019; 2.020; 2.021; 2.022; 2.023; 2.024; 2.025; 2.026; 2.027; 2.028; 2.030
[filter] CYP2D6 5.001 => 5.001
[filter] CYP2D6 34.001 => 34.001
[filter] CYP2D6 39.001 => 39.001; 39.002
[filter] CYP2D6 61.001 => 61.001
[filter] CYP2D6 63.001 => 63.001
[filter] CYP2D6 68.002 => 68.002
[filter] CYP2D6 83.1003 => 83.1003
[filter] valid_alleles=86
CYP2D6:42522311 → A:0, C*:13, G:0, M:0, N:0, P:0, T:23
CYP2D6:42522391 → A:0, C:0, G*:54, M:0, N:0, P:0, T:0
CYP2D6:42522397 → A:0, C*:56, G:0, M:0, N:0, P:0, T:0
CYP2D6:42522608 → A:0, C:0, G:0, M:0, N:0, P:0, T*:31
CYP2D6:42522612^ → A:0, C*:13, G^:17, M:0, N:0, P:0, T:0
CYP2D6:42522677 → A:0, C:0, G*:37, M:0, N:0, P:0, T:0
CYP2D6:42522764 → A:0, C:0, G*:45, M:0, N:0, P:0, T:0
CYP2D6:42522844 → A*:36, C:0, G:0, M:0, N:0, P:0, T:0
CYP2D6:42522964 → A:0, C*:38, G:0, M:0, N:0, P:0, T:0
CYP2D6:42523002 → A:18, C:0, G*:12, M:0, N:0, P:0, T:0
CYP2D6:42523070 → A*:33, C:0, G:0, M:0, N:0, P:0, T:0
CYP2D6:42523085 → A:0, C*:37, G:0, M:0, N:0, P:0, T:0
CYP2D6:42523144 → A:0, C:0, G*:53, M:0, N:0, P:0, T:0
CYP2D6:42523157 → A:0, C:0, G*:55, M:0, N:0, P:0, T:0
CYP2D6:42523208 → A:0, C*:22, G:0, M:0, N:0, P:0, T:23
CYP2D6:42523210 → A:0, C:0, G:0, M:0, N:0, P:0, T*:43
CYP2D6:42523240 → A:0, C:0, G*:45, M:0, N:0, P:0, T:0
CYP2D6:42523246 → A:0, C*:43, G:0, M:0, N:0, P:0, T:0
CYP2D6:42523408 → A:0, C:0, G:37, M:0, N:0, P:0, T*:30
CYP2D6:42523538 → A*:45, C:0, G:0, M:0, N:0, P:0, T:0
CYP2D6:42523649 → A:0, C*:42, G:0, M:0, N:0, P:0, T:0
CYP2D6:42523661 → A:0, C:0, G*:46, M:0, N:0, P:0, T:0
CYP2D6:42523672 → A:0, C*:49, G:0, M:0, N:0, P:0, T:0
CYP2D6:42523681 → A:0, C*:47, G:0, M:0, N:0, P:0, T:0
CYP2D6:42523702 → A:0, C*:42, G:0, M:0, N:0, P:0, T:0
CYP2D6:42523759 → A:0, C*:44, G:0, M:0, N:0, P:0, T:0
CYP2D6:42523787 → A:0, C*:46, G:0, M:0, N:0, P:0, T:0
CYP2D6:42523812 → A:0, C:0, G*:47, M:0, N:0, P:0, T:0
CYP2D6:42523942^ → A^:13, C:0, G*:20, M:0, N:0, P:0, T:0
CYP2D6:42524032 → A*:34, C:0, G:0, M:0, N:0, P:0, T:0
CYP2D6:42524072 → A:0, C*:38, G:0, M:0, N:0, P:0, T:0
CYP2D6:42524129 → A:0, C*:34, G:0, M:0, N:0, P:0, T:0
CYP2D6:42524131 → A:0, C*:34, G:0, M:0, N:0, P:0, T:0
CYP2D6:42524148 → A:0, C:0, G*:38, M:0, N:0, P:0, T:0
CYP2D6:42524161 → A:0, C:0, G*:41, M:0, N:0, P:0, T:0
CYP2D6:42524217 → A:0, C:0, G*:49, M:0, N:0, P:0, T:0
CYP2D6:42524312 → A:0, C:0, G*:53, M:0, N:0, P:0, T:0
CYP2D6:42524322 → A*:46, C:0, G:0, M:0, N:0, P:0, T:0
CYP2D6:42524368 → A:0, C:0, G*:41, M:0, N:0, P:0, T:0
CYP2D6:42524489 → A:0, C:0, G*:44, M:0, N:0, P:0, T:0
CYP2D6:42524501 → A:0, C*:47, G:0, M:0, N:0, P:0, T:0
CYP2D6:42524577 → A:0, C:0, G:0, M:0, N:0, P:0, T*:49
CYP2D6:42524581 → A:27, C:0, G*:21, M:0, N:0, P:0, T:0
CYP2D6:42524669 → A:0, C:0, G*:47, M:0, N:0, P:0, T:0
CYP2D6:42524695 → A:0, C:0, G:0, M:0, N:0, P:0, T*:46
CYP2D6:42524737 → A:0, C*:55, G:0, M:0, N:0, P:0, T:0
CYP2D6:42524742 → A:0, C:0, G*:48, M:0, N:0, P:0, T:0
CYP2D6:42524794 → A*:52, C:0, G:0, M:0, N:0, P:0, T:0
CYP2D6:42524814 → A:0, C:0, G*:59, M:0, N:0, P:0, T:0
CYP2D6:42524923 → A*:30, C:0, G:0, M:0, N:0, P:0, T:0
CYP2D6:42524969 → A:0, C:0, G*:37, M:0, N:0, P:0, T:0
CYP2D6:42525035 → A:0, C:0, G*:44, M:0, N:0, P:0, T:0
CYP2D6:42525068 → A:0, C:0, G*:53, M:0, N:0, P:0, T:0
CYP2D6:42525131^ → A:0, C*:25, G:28, M^:0, N:0, P:0, T:0
CYP2D6:42525134 → A:0, C:0, G*:55, M:0, N:0, P:0, T:0
CYP2D6:42525215 → A:0, C:0, G*:51, M:0, N:0, P:0, T:0
CYP2D6:42525238 → A*:36, C:0, G:0, M:0, N:0, P:0, T:0
CYP2D6:42525279 → A:0, C:0, G*:41, M:0, N:0, P:0, T:0
CYP2D6:42525423 → A:0, C*:49, G:0, M:0, N:0, P:0, T:0
CYP2D6:42525443 → A:0, C*:44, G:0, M:0, N:0, P:0, T:0
CYP2D6:42525499 → A:0, C*:45, G:0, M:0, N:0, P:0, T:0
CYP2D6:42525525 → A:0, C*:51, G:0, M:0, N:0, P:0, T:0
CYP2D6:42525541 → A:0, C:0, G*:49, M:0, N:0, P:0, T:0
CYP2D6:42525564 → A:0, C*:47, G:0, M:0, N:0, P:0, T:0
CYP2D6:42525615 → A:0, C*:44, G:0, M:0, N:0, P:0, T:0
CYP2D6:42525624 → A:0, C*:44, G:0, M:0, N:0, P:0, T:0
CYP2D6:42525644 → A:0, C:0, G*:43, M:0, N:0, P:0, T:0
CYP2D6:42525707 → A:0, C:0, G*:44, M:0, N:0, P:0, T:0
CYP2D6:42525727 → A*:45, C:0, G:0, M:0, N:0, P:0, T:0
CYP2D6:42525755 → A:0, C:0, G*:45, M:0, N:0, P:0, T:0
CYP2D6:42525797 → A:0, C:0, G*:43, M:0, N:0, P:0, T:0
CYP2D6:42525951 → A*:25, C:21, G:0, M:0, N:0, P:0, T:0
CYP2D6:42526048 → A:0, C:16, G*:30, M:0, N:0, P:0, T:0
CYP2D6:42526050 → A:0, C:0, G*:46, M:0, N:0, P:0, T:0
CYP2D6:42526483 → A:16, C*:28, G:0, M:0, N:0, P:0, T:0
CYP2D6:42526523 → A:0, C:0, G*:40, M:0, N:0, P:0, T:0
CYP2D6:42526548 → A:0, C:18, G:0, M:0, N:0, P:0, T*:23
CYP2D6:42526560 → A:0, C:0, G:15, M:0, N:0, P:0, T*:15
CYP2D6:42526561 → A:0, C*:17, G:15, M:0, N:0, P:0, T:0
CYP2D6:42526566 → A*:15, C:0, G:15, M:0, N:0, P:0, T:0
CYP2D6:42526570 → A:0, C:15, G*:17, M:0, N:0, P:0, T:0
CYP2D6:42526572 → A:0, C:0, G*:17, M:0, N:0, P:0, T:14
CYP2D6:42526579 → A:0, C*:18, G:13, M:0, N:0, P:0, T:0
CYP2D6:42526811 → A:0, C:0, G:0, M:0, N:0, P:0, T*:45
CYP2D6:42526815 → A:0, C*:44, G:0, M:0, N:0, P:0, T:0
CYP2D6:42526835 → A*:45, C:0, G:0, M:0, N:0, P:19, T:0
CYP2D6:42526878 → A*:49, C:0, G:0, M:0, N:0, P:0, T:0
CYP2D6:42526922 → A*:50, C:0, G:0, M:0, N:0, P:0, T:0
CYP2D6:42526968 → A:0, C*:54, G:0, M:0, N:0, P:0, T:0
CYP2D6:42527075 → A:0, C:0, G*:40, M:0, N:0, P:0, T:0
CYP2D6:42527115 → A*:33, C:0, G:0, M:0, N:0, P:0, T:0
CYP2D6:42527157 → A:0, C*:32, G:0, M:0, N:0, P:0, T:0
CYP2D6:42527186 → A:0, C*:32, G:0, M:0, N:0, P:0, T:0
CYP2D6:42527223 → A:0, C:0, G*:36, M:0, N:0, P:0, T:0
CYP2D6:42527290 → A:0, C:0, G*:55, M:0, N:0, P:0, T:0
CYP2D6:42527380 → A:0, C*:51, G:0, M:0, N:0, P:0, T:0
CYP2D6:42527470 → A:0, C*:30, G:0, M:0, N:0, P:0, T:18
CYP2D6:42527484 → A:0, C*:52, G:0, M:0, N:0, P:0, T:0
CYP2D6:42527532 → A:21, C:0, G*:32, M:0, N:0, P:0, T:0
CYP2D6:42527541 → A:0, C:0, G:0, M:0, N:0, P:0, T*:54
CYP2D6:42527544 → A:0, C*:56, G:0, M:0, N:0, P:0, T:0
CYP2D6:42527632 → A*:43, C:0, G:0, M:0, N:0, P:0, T:0
CYP2D6:42527738 → A:0, C*:44, G:0, M:0, N:0, P:0, T:0
CYP2D6:42527776 → A:0, C*:57, G:0, M:0, N:0, P:0, T:0
CYP2D6:42527885 → A*:49, C:0, G:0, M:0, N:0, P:0, T:0
CYP2D6:42527890 → A:0, C:0, G:0, M:0, N:0, P:0, T*:48
CYP2D6:42528027 → A:0, C:24, G:0, M:0, N:0, P:0, T*:14
CYP2D6:42528095 → A:0, C*:29, G:0, M:0, N:0, P:0, T:0
CYP2D6:42528123 → A:0, C:0, G*:31, M:0, N:0, P:0, T:0
CYP2D6:42528223 → A:0, C:0, G*:29, M:0, N:0, P:0, T:0
CYP2D6:42528381 → A:0, C:27, G*:16, M:0, N:0, P:0, T:0
Step 0: Loss=0.0624, CN=[2.0999167]
Step 100: Loss=0.0621, CN=[2.0242586]
Step 200: Loss=0.0621, CN=[2.0239725]
Step 300: Loss=0.0621, CN=[2.0239747]
Step 400: Loss=0.0621, CN=[2.0239751]

=== Fit ===
Region 0: obs=2.352, exp=2.024, diff=+0.328 
Region 1: obs=2.181, exp=2.024, diff=+0.157 
Region 2: obs=1.826, exp=2.024, diff=-0.198 
Region 3: obs=1.984, exp=2.024, diff=-0.040 
Region 4: obs=1.949, exp=2.024, diff=-0.075 
Region 5: obs=2.102, exp=2.024, diff=+0.078 
Region 6: obs=2.498, exp=2.024, diff=+0.474 
Region 7: obs=1.850, exp=2.024, diff=-0.174 
Region 8: obs=2.197, exp=2.024, diff=+0.174 
Region 9: obs=2.249, exp=2.024, diff=+0.225 
Region 10: obs=2.262, exp=2.024, diff=+0.238 
Region 11: obs=1.713, exp=2.024, diff=-0.311 
Region 12: obs=1.723, exp=2.024, diff=-0.301 
Region 13: obs=2.117, exp=2.024, diff=+0.093 
Region 14: obs=2.319, exp=2.024, diff=+0.295 
Region 15: obs=2.256, exp=2.024, diff=+0.233 
Region 16: obs=1.776, exp=2.024, diff=-0.248 
Region 17: obs=1.966, exp=2.024, diff=-0.058 
Region 18: obs=1.829, exp=2.024, diff=-0.195 
Region 19: obs=1.826, exp=2.024, diff=-0.198 
Region 20: obs=2.144, exp=2.024, diff=+0.120 
Region 21: obs=0.000, exp=2.024, diff=-2.024 *
Region 22: obs=1.908, exp=2.024, diff=-0.116 

[Gene CN Results]
  CYP2D6: 2.02 → 2.0239744186401367

=== CYP2D6 Fusion Template CN Estimation ===

Using CN configs: ['1', '68.001', '141.1001']

Region coverage:
  up: 2.4
  utr5: 2.2
  e1: 1.8
  i1: 2.0
  e2: 1.9
  i2: 2.1
  e3: 2.5
  i3: 1.9
  e4: 2.2
  i4: 2.2
  e5: 2.3
  i5: 1.7
  e6: 1.7
  i6: 2.1
  e7: 2.3
  i7: 2.3
  e8: 1.8
  i8: 2.0
  e9: 1.8
  utr3: 1.8
  ins: 2.1
  pce: 0.0
  rep: 1.9
  e1_2d7: 0.0
  e2_2d7: 0.8
  e3_2d7: 0.5
  e5_2d7: 0.4
  e6_2d7: 0.0
  e9_2d7: 0.0
  pce_2d7: 0.0

CN configs: ['1', '68.001', '141.1001']
PCE contributions: {'1': tensor(0.), '68.001': tensor(1.), '141.1001': tensor(1.)}
Gene CN: 2.02 → required total: 2
Respect gene CN constraint: True
Enumerating configurations that sum to 2...
Evaluated 6 configurations

Top 5 configurations:
  1. loss=1.53: 1:2
  2. loss=6.10: 1:1, 141.1001:1
  3. loss=18.10: 1:1, 68.001:1
  4. loss=21.17: 141.1001:2
  5. loss=33.17: 68.001:1, 141.1001:1

Best CN assignment (loss=1.53):
  1: 2
  Total: 2

Fit comparison:
  up: obs=2.4, exp=2.0, diff=+0.4
  utr5: obs=2.2, exp=2.0, diff=+0.2
  e1: obs=1.8, exp=2.0, diff=-0.2
  i1: obs=2.0, exp=2.0, diff=-0.0
  e2: obs=1.9, exp=2.0, diff=-0.1
  i2: obs=2.1, exp=2.0, diff=+0.1
  e3: obs=2.5, exp=2.0, diff=+0.5
  i3: obs=1.9, exp=2.0, diff=-0.1
  e4: obs=2.2, exp=2.0, diff=+0.2
  i4: obs=2.2, exp=2.0, diff=+0.2
  e5: obs=2.3, exp=2.0, diff=+0.3
  i5: obs=1.7, exp=2.0, diff=-0.3
  e6: obs=1.7, exp=2.0, diff=-0.3
  i6: obs=2.1, exp=2.0, diff=+0.1
  e7: obs=2.3, exp=2.0, diff=+0.3
  i7: obs=2.3, exp=2.0, diff=+0.3
  e8: obs=1.8, exp=2.0, diff=-0.2
  i8: obs=2.0, exp=2.0, diff=-0.0
  e9: obs=1.8, exp=2.0, diff=-0.2
  utr3: obs=1.8, exp=2.0, diff=-0.2
  ins: obs=2.1, exp=2.0, diff=+0.1
  pce: obs=0.0, exp=0.0, diff=+0.0
  rep: obs=1.9, exp=2.0, diff=-0.1
  e1_2d7: obs=0.0, exp=0.0, diff=+0.0
  e2_2d7: obs=0.8, exp=0.0, diff=+0.8
  e3_2d7: obs=0.5, exp=0.0, diff=+0.5
  e5_2d7: obs=0.4, exp=0.0, diff=+0.4
  e6_2d7: obs=0.0, exp=0.0, diff=+0.0
  e9_2d7: obs=0.0, exp=0.0, diff=+0.0
  pce_2d7: obs=0.0, exp=0.0, diff=+0.0

[Selected CN Configs] 1:2
  Total CYP2D6 CN: 2

[Filtering alleles by cn_config]

Kept alleles by cn_config:
  1: 4 major alleles
    *1.001, *2.001, *34.001, *39.001

  Filtered: 5 alleles
  Kept: 81 alleles

[Updating N variant counts for deleted regions]
  Total updated: 0 positions

[Rebuilding allele vectors for fusion cn_configs]
Using device: cuda
num_sparse_entries: 8991
max sparse_flat_index: 62936
expected max: 62936

=== Running VAE with seed 42 ===
Global Pooled JS: 0.122867
Seed 42, Step    0: Loss = 2043.79 (Recon: 1597.19, Allele KL: 250.81, Base KL: 112363.38, Functional KL: 0.12
Global Pooled JS: 0.019287
Seed 42, Step  500: Loss = 789.55 (Recon: 643.14, Allele KL: 70.67, Base KL: 22660.17, Functional KL: 0.02
Global Pooled JS: 0.014055
Seed 42, Step 1000: Loss = 763.19 (Recon: 632.10, Allele KL: 41.39, Base KL: 23068.50, Functional KL: 0.01
Global Pooled JS: 0.014000
Seed 42, Step 1500: Loss = 759.01 (Recon: 625.21, Allele KL: 53.08, Base KL: 22782.82, Functional KL: 0.01
Global Pooled JS: 0.014312
Seed 42, Step 2000: Loss = 762.46 (Recon: 626.37, Allele KL: 54.86, Base KL: 23086.96, Functional KL: 0.01
Global Pooled JS: 0.017663
Seed 42, Step 2500: Loss = 771.45 (Recon: 636.27, Allele KL: 58.04, Base KL: 22781.39, Functional KL: 0.02

Top Variants with Coverage Mismatches:
Rank   Variant                        Expected     Observed     Diff       |Div|       
------------------------------------------------------------------------------------------
1      CYP2D6:42525131→G              20.90        28.00        -7.10      0.004251    
2      CYP2D6:42522612→C              22.99        13.00        9.99       0.003486    
3      CYP2D6:42523942→A              20.01        13.00        7.01       0.001541    
4      CYP2D6:42525131→C              22.88        25.00        -2.12      0.001098    
5      CYP2D6:42523942→T              0.15         0.00         0.15       0.000400    
6      CYP2D6:42523942→P              0.15         0.00         0.15       0.000395    
7      CYP2D6:42523942→M              0.15         0.00         0.15       0.000394    
8      CYP2D6:42523942→C              0.15         0.00         0.15       0.000394    
9      CYP2D6:42523942→N              0.14         0.00         0.14       0.000382    
10     CYP2D6:42522612→M              0.14         0.00         0.14       0.000359    
11     CYP2D6:42522612→P              0.14         0.00         0.14       0.000358    
12     CYP2D6:42522612→N              0.13         0.00         0.13       0.000354    
13     CYP2D6:42522612→T              0.13         0.00         0.13       0.000347    
14     CYP2D6:42522612→A              0.13         0.00         0.13       0.000346    
15     CYP2D6:42522612→G              20.11        17.00        3.11       0.000036    
16     CYP2D6:42523942→G              23.02        20.00        3.02       0.000006    
17     CYP2D6:42525131→A              0.00         0.00         0.00       0.000000    
18     CYP2D6:42525131→M              0.00         0.00         0.00       0.000000    
19     CYP2D6:42525131→N              0.00         0.00         0.00       0.000000    
20     CYP2D6:42525131→P              0.00         0.00         0.00       0.000000    
21     CYP2D6:42525131→T              0.00         0.00         0.00       0.000000    
New best model with final loss: 761.66

=== Running VAE with seed 123 ===
Global Pooled JS: 0.075068
Seed 123, Step    0: Loss = 2037.41 (Recon: 1379.20, Allele KL: 255.50, Base KL: 295031.88, Functional KL: 0.08
Global Pooled JS: 0.014942
Seed 123, Step  500: Loss = 770.98 (Recon: 630.55, Allele KL: 57.77, Base KL: 23147.27, Functional KL: 0.01
Global Pooled JS: 0.013966
Seed 123, Step 1000: Loss = 763.73 (Recon: 623.79, Allele KL: 59.42, Base KL: 23446.64, Functional KL: 0.01
Global Pooled JS: 0.014101
Seed 123, Step 1500: Loss = 763.59 (Recon: 623.83, Allele KL: 61.48, Base KL: 22712.86, Functional KL: 0.01
Global Pooled JS: 0.015903
Seed 123, Step 2000: Loss = 771.20 (Recon: 634.81, Allele KL: 54.57, Base KL: 22912.05, Functional KL: 0.02
Global Pooled JS: 0.014935
Seed 123, Step 2500: Loss = 764.05 (Recon: 629.85, Allele KL: 48.92, Base KL: 23749.44, Functional KL: 0.01

Top Variants with Coverage Mismatches:
Rank   Variant                        Expected     Observed     Diff       |Div|       
------------------------------------------------------------------------------------------
1      CYP2D6:42525131→G              21.40        28.00        -6.60      0.003830    
2      CYP2D6:42522612→C              22.50        13.00        9.50       0.003125    
3      CYP2D6:42523942→A              20.47        13.00        7.47       0.001799    
4      CYP2D6:42525131→C              22.38        25.00        -2.62      0.001321    
5      CYP2D6:42523942→M              0.16         0.00         0.16       0.000411    
6      CYP2D6:42523942→P              0.15         0.00         0.15       0.000406    
7      CYP2D6:42523942→C              0.15         0.00         0.15       0.000405    
8      CYP2D6:42523942→N              0.15         0.00         0.15       0.000403    
9      CYP2D6:42523942→T              0.15         0.00         0.15       0.000399    
10     CYP2D6:42522612→N              0.14         0.00         0.14       0.000370    
11     CYP2D6:42522612→P              0.14         0.00         0.14       0.000368    
12     CYP2D6:42522612→T              0.14         0.00         0.14       0.000367    
13     CYP2D6:42522612→M              0.14         0.00         0.14       0.000365    
14     CYP2D6:42522612→A              0.14         0.00         0.14       0.000357    
15     CYP2D6:42522612→G              20.58        17.00        3.58       0.000085    
16     CYP2D6:42523942→G              22.54        20.00        2.54       0.000000    
17     CYP2D6:42525131→A              0.00         0.00         0.00       0.000000    
18     CYP2D6:42525131→M              0.00         0.00         0.00       0.000000    
19     CYP2D6:42525131→N              0.00         0.00         0.00       0.000000    
20     CYP2D6:42525131→P              0.00         0.00         0.00       0.000000    
21     CYP2D6:42525131→T              0.00         0.00         0.00       0.000000    

=== Running VAE with seed 456 ===
Global Pooled JS: 0.060182
Seed 456, Step    0: Loss = 1603.64 (Recon: 1103.85, Allele KL: 284.69, Base KL: 122921.16, Functional KL: 0.06
Global Pooled JS: 0.014123
Seed 456, Step  500: Loss = 760.29 (Recon: 625.99, Allele KL: 52.91, Base KL: 22905.61, Functional KL: 0.01
Global Pooled JS: 0.014598
Seed 456, Step 1000: Loss = 764.83 (Recon: 632.80, Allele KL: 42.99, Base KL: 23017.38, Functional KL: 0.01
Global Pooled JS: 0.014056
Seed 456, Step 1500: Loss = 763.23 (Recon: 628.95, Allele KL: 49.15, Base KL: 22869.19, Functional KL: 0.01
Global Pooled JS: 0.016774
Seed 456, Step 2000: Loss = 770.10 (Recon: 635.45, Allele KL: 53.32, Base KL: 22951.21, Functional KL: 0.02
Global Pooled JS: 0.015523
Seed 456, Step 2500: Loss = 768.90 (Recon: 631.40, Allele KL: 54.27, Base KL: 23210.55, Functional KL: 0.02

Top Variants with Coverage Mismatches:
Rank   Variant                        Expected     Observed     Diff       |Div|       
------------------------------------------------------------------------------------------
1      CYP2D6:42525131→G              21.17        28.00        -6.83      0.004018    
2      CYP2D6:42522612→C              22.72        13.00        9.72       0.003285    
3      CYP2D6:42523942→A              20.26        13.00        7.26       0.001681    
4      CYP2D6:42525131→C              22.60        25.00        -2.40      0.001217    
5      CYP2D6:42523942→M              0.15         0.00         0.15       0.000404    
6      CYP2D6:42523942→C              0.15         0.00         0.15       0.000396    
7      CYP2D6:42523942→P              0.15         0.00         0.15       0.000390    
8      CYP2D6:42523942→N              0.15         0.00         0.15       0.000390    
9      CYP2D6:42523942→T              0.15         0.00         0.15       0.000387    
10     CYP2D6:42522612→P              0.14         0.00         0.14       0.000373    
11     CYP2D6:42522612→M              0.14         0.00         0.14       0.000368    
12     CYP2D6:42522612→N              0.14         0.00         0.14       0.000367    
13     CYP2D6:42522612→A              0.14         0.00         0.14       0.000361    
14     CYP2D6:42522612→T              0.13         0.00         0.13       0.000356    
15     CYP2D6:42522612→G              20.36        17.00        3.36       0.000060    
16     CYP2D6:42523942→G              22.77        20.00        2.77       0.000001    
17     CYP2D6:42525131→A              0.00         0.00         0.00       0.000000    
18     CYP2D6:42525131→M              0.00         0.00         0.00       0.000000    
19     CYP2D6:42525131→N              0.00         0.00         0.00       0.000000    
20     CYP2D6:42525131→P              0.00         0.00         0.00       0.000000    
21     CYP2D6:42525131→T              0.00         0.00         0.00       0.000000    

=== Multi-Seed VAE Results ===
Best model had seed 42 with final loss: 761.66
All seeds final losses:
  Seed 42: Total=761.66 (Recon=627.62, A_KL=51.78, B_KL=22963.84) <- Best
  Seed 123: Total=762.63 (Recon=624.85, A_KL=61.03, B_KL=22958.04)
  Seed 456: Total=765.28 (Recon=629.82, A_KL=48.25, B_KL=23131.99)

[Raw]:
CYP2D6*1: Normalized=0.5218, Unnormalized=0.52
CYP2D6*2: Normalized=0.4771, Unnormalized=0.48

Allocating by cn_config:

[Alleles]
CYP2D6*1
CYP2D6*2
	Command being timed: "python /home/qinghuiz/aidy/push/Neretva/neretva/cyp.py CYP2D6 /project/shared/aldy-data/wgs/NA19176.wgs.cram"
	User time (seconds): 289.44
	System time (seconds): 51.47
	Percent of CPU this job got: 101%
	Elapsed (wall clock) time (h:mm:ss or m:ss): 5:34.97
	Average shared text size (kbytes): 0
	Average unshared data size (kbytes): 0
	Average stack size (kbytes): 0
	Average total size (kbytes): 0
	Maximum resident set size (kbytes): 2832308
	Average resident set size (kbytes): 0
	Major (requiring I/O) page faults: 0
	Minor (reclaiming a frame) page faults: 863240
	Voluntary context switches: 26481
	Involuntary context switches: 4371
	Swaps: 0
	File system inputs: 0
	File system outputs: 104
	Socket messages sent: 0
	Socket messages received: 0
	Signals delivered: 0
	Page size (bytes): 4096
	Exit status: 0
