2026-05-16 02:37:23.110072: I tensorflow/core/util/port.cc:111] oneDNN custom operations are on. You may see slightly different numerical results due to floating-point round-off errors from different computation orders. To turn them off, set the environment variable `TF_ENABLE_ONEDNN_OPTS=0`.
2026-05-16 02:37:23.145516: E tensorflow/compiler/xla/stream_executor/cuda/cuda_dnn.cc:9342] Unable to register cuDNN factory: Attempting to register factory for plugin cuDNN when one has already been registered
2026-05-16 02:37:23.145688: E tensorflow/compiler/xla/stream_executor/cuda/cuda_fft.cc:609] Unable to register cuFFT factory: Attempting to register factory for plugin cuFFT when one has already been registered
2026-05-16 02:37:23.145840: E tensorflow/compiler/xla/stream_executor/cuda/cuda_blas.cc:1518] Unable to register cuBLAS factory: Attempting to register factory for plugin cuBLAS when one has already been registered
2026-05-16 02:37:23.153705: I tensorflow/core/platform/cpu_feature_guard.cc:182] This TensorFlow binary is optimized to use available CPU instructions in performance-critical operations.
To enable the following instructions: AVX2 AVX512F AVX512_VNNI FMA, in other operations, rebuild TensorFlow with the appropriate compiler flags.
AttributeError: 'MessageFactory' object has no attribute 'GetPrototype'
2026-05-16 02:37:24.142678: W tensorflow/compiler/tf2tensorrt/utils/py_utils.cc:38] TF-TRT Warning: Could not find TensorRT
AttributeError: 'MessageFactory' object has no attribute 'GetPrototype'
[info] total indices 2506
[info] total variants 2506
2.001 was filtered out as 42523942 G>A needs A but not covered
2.002 was filtered out as 42523942 G>A needs A but not covered
2.003 was filtered out as 42523942 G>A needs A but not covered
2.004 was filtered out as 42523942 G>A needs A but not covered
2.005 was filtered out as 42523942 G>A needs A but not covered
2.006 was filtered out as 42523942 G>A needs A but not covered
2.007 was filtered out as 42523942 G>A needs A but not covered
2.008 was filtered out as 42523942 G>A needs A but not covered
2.009 was filtered out as 42523942 G>A needs A but not covered
2.010 was filtered out as 42523942 G>A needs A but not covered
2.011 was filtered out as 42523942 G>A needs A but not covered
2.012 was filtered out as 42523942 G>A needs A but not covered
2.013 was filtered out as 42523942 G>A needs A but not covered
2.014 was filtered out as 42523942 G>A needs A but not covered
2.015 was filtered out as 42523942 G>A needs A but not covered
2.016 was filtered out as 42523942 G>A needs A but not covered
2.017 was filtered out as 42523942 G>A needs A but not covered
2.018 was filtered out as 42523942 G>A needs A but not covered
2.019 was filtered out as 42523942 G>A needs A but not covered
2.020 was filtered out as 42523942 G>A needs A but not covered
2.021 was filtered out as 42523942 G>A needs A but not covered
2.022 was filtered out as 42523942 G>A needs A but not covered
2.023 was filtered out as 42523942 G>A needs A but not covered
2.024 was filtered out as 42523942 G>A needs A but not covered
2.025 was filtered out as 42523942 G>A needs A but not covered
2.026 was filtered out as 42523942 G>A needs A but not covered
2.027 was filtered out as 42523942 G>A needs A but not covered
2.028 was filtered out as 42523942 G>A needs A but not covered
2.030 was filtered out as 42523942 G>A needs A but not covered
3.001 was filtered out as 42524243 delT needs N but not covered
3.002 was filtered out as 42524243 delT needs N but not covered
4.001 was filtered out as 42522612 C>G needs G but not covered
4.002 was filtered out as 42522612 C>G needs G but not covered
4.006 was filtered out as 42522612 C>G needs G but not covered
4.008 was filtered out as 42522612 C>G needs G but not covered
4.014 was filtered out as 42522612 C>G needs G but not covered
4.015 was filtered out as 42522612 C>G needs G but not covered
4.016 was filtered out as 42522612 C>G needs G but not covered
4.017 was filtered out as 42522612 C>G needs G but not covered
4.018 was filtered out as 42522612 C>G needs G but not covered
4.020 was filtered out as 42522612 C>G needs G but not covered
4.022 was filtered out as 42522612 C>G needs G but not covered
4.023 was filtered out as 42522612 C>G needs G but not covered
4.024 was filtered out as 42522612 C>G needs G but not covered
4.025 was filtered out as 42522612 C>G needs G but not covered
4.026 was filtered out as 42522612 C>G needs G but not covered
4.029 was filtered out as 42522612 C>G needs G but not covered
4.030 was filtered out as 42522612 C>G needs G but not covered
4.003 was filtered out as 42522612 C>G needs G but not covered
4.004 was filtered out as 42522612 C>G needs G but not covered
4.005 was filtered out as 42522612 C>G needs G but not covered
4.011 was filtered out as 42522612 C>G needs G but not covered
4.019 was filtered out as 42522612 C>G needs G but not covered
4.007 was filtered out as 42522612 C>G needs G but not covered
4.009 was filtered out as 42526693 G>A needs A but not covered
4.010 was filtered out as 42523942 G>A needs A but not covered
4.012 was filtered out as 42525820 G>T needs T but not covered
4.013 was filtered out as 42522612 C>G needs G but not covered
4.021 was filtered out as 42522612 C>G needs G but not covered
4.027 was filtered out as 42526693 G>A needs A but not covered
4.028 was filtered out as 42522612 C>G needs G but not covered
4.1013 was filtered out as 42526693 G>A needs A but not covered
4.1021 was filtered out as 42526693 G>A needs A but not covered
4.2021 was filtered out as 42522612 C>G needs G but not covered
6.001 was filtered out as 42525085 delA needs N but not covered
6.002 was filtered out as 42525085 delA needs N but not covered
6.005 was filtered out as 42525085 delA needs N but not covered
6.006 was filtered out as 42525085 delA needs N but not covered
6.003 was filtered out as 42522612 C>G needs G but not covered
6.004 was filtered out as 42525085 delA needs N but not covered
7.001 was filtered out as 42523857 T>G needs G but not covered
8.001 was filtered out as 42523942 G>A needs A but not covered
9.001 was filtered out as 42524175 delCTT needs N but not covered
9.002 was filtered out as 42524175 delCTT needs N but not covered
10.001 was filtered out as 42522612 C>G needs G but not covered
10.002 was filtered out as 42522612 C>G needs G but not covered
10.003 was filtered out as 42522612 C>G needs G but not covered
10.004 was filtered out as 42522612 C>G needs G but not covered
10.005 was filtered out as 42522612 C>G needs G but not covered
10.006 was filtered out as 42522612 C>G needs G but not covered
10.007 was filtered out as 42522612 C>G needs G but not covered
10.1004 was filtered out as 42522612 C>G needs G but not covered
11.001 was filtered out as 42523942 G>A needs A but not covered
12.001 was filtered out as 42523942 G>A needs A but not covered
12.002 was filtered out as 42523942 G>A needs A but not covered
14.001 was filtered out as 42523942 G>A needs A but not covered
15.001 was filtered out as 42526655 insA needs P but not covered
15.002 was filtered out as 42526655 insA needs P but not covered
15.003 was filtered out as 42526655 insA needs P but not covered
17.001 was filtered out as 42523942 G>A needs A but not covered
17.002 was filtered out as 42523942 G>A needs A but not covered
17.003 was filtered out as 42523942 G>A needs A but not covered
17.004 was filtered out as 42523942 G>A needs A but not covered
17.005 was filtered out as 42523942 G>A needs A but not covered
17.006 was filtered out as 42523942 G>A needs A but not covered
18.001 was filtered out as 42522657 insCAGTGGGCA needs P but not covered
19.001 was filtered out as 42523942 G>A needs A but not covered
20.001 was filtered out as 42523942 G>A needs A but not covered
21.001 was filtered out as 42523942 G>A needs A but not covered
21.002 was filtered out as 42523942 G>A needs A but not covered
22.001 was filtered out as 42526711 G>A needs A but not covered
23.001 was filtered out as 42525837 G>A needs A but not covered
24.001 was filtered out as 42523939 T>G needs G but not covered
25.001 was filtered out as 42523594 G>C needs C but not covered
26.001 was filtered out as 42523515 A>G needs G but not covered
27.001 was filtered out as 42522939 C>T needs T but not covered
28.001 was filtered out as 42523942 G>A needs A but not covered
28.002 was filtered out as 42523942 G>A needs A but not covered
29.001 was filtered out as 42523942 G>A needs A but not covered
30.001 was filtered out as 42523942 G>A needs A but not covered
31.001 was filtered out as 42523942 G>A needs A but not covered
32.001 was filtered out as 42523942 G>A needs A but not covered
33.001 was filtered out as 42524309 C>A needs A but not covered
33.002 was filtered out as 42524309 C>A needs A but not covered
34.001 was filtered out as 42523942 G>A needs A but not covered
35.001 was filtered out as 42523942 G>A needs A but not covered
35.002 was filtered out as 42523942 G>A needs A but not covered
35.003 was filtered out as 42523942 G>A needs A but not covered
35.004 was filtered out as 42523942 G>A needs A but not covered
35.005 was filtered out as 42523942 G>A needs A but not covered
35.006 was filtered out as 42523942 G>A needs A but not covered
35.007 was filtered out as 42523942 G>A needs A but not covered
36.001 was filtered out as 42522612 C>G needs G but not covered
36.002 was filtered out as 42522612 C>G needs G but not covered
36.003 was filtered out as 42522612 C>G needs G but not covered
36.004 was filtered out as 42522612 C>G needs G but not covered
36.1001 was filtered out as 42526693 G>A needs A but not covered
37.001 was filtered out as 42522612 C>G needs G but not covered
38.001 was filtered out as 42524200 delTCAG needs N but not covered
39.001 was filtered out as 42522612 C>G needs G but not covered
39.002 was filtered out as 42522612 C>G needs G but not covered
40.001 was filtered out as 42523942 G>A needs A but not covered
41.001 was filtered out as 42523942 G>A needs A but not covered
41.002 was filtered out as 42523942 G>A needs A but not covered
41.003 was filtered out as 42523942 G>A needs A but not covered
41.004 was filtered out as 42523942 G>A needs A but not covered
41.005 was filtered out as 42523942 G>A needs A but not covered
42.001 was filtered out as 42523942 G>A needs A but not covered
43.001 was filtered out as 42526716 C>T needs T but not covered
43.002 was filtered out as 42526716 C>T needs T but not covered
44.001 was filtered out as 42526711 G>A needs A but not covered
45.001 was filtered out as 42523942 G>A needs A but not covered
45.002 was filtered out as 42523942 G>A needs A but not covered
45.003 was filtered out as 42523942 G>A needs A but not covered
45.004 was filtered out as 42523942 G>A needs A but not covered
46.001 was filtered out as 42523942 G>A needs A but not covered
46.002 was filtered out as 42523942 G>A needs A but not covered
46.003 was filtered out as 42523942 G>A needs A but not covered
47.001 was filtered out as 42522612 C>G needs G but not covered
48.001 was filtered out as 42525822 G>A needs A but not covered
49.001 was filtered out as 42522612 C>G needs G but not covered
50.001 was filtered out as 42525072 T>G needs G but not covered
51.001 was filtered out as 42523942 G>A needs A but not covered
52.001 was filtered out as 42522612 C>G needs G but not covered
52.002 was filtered out as 42522612 C>G needs G but not covered
53.001 was filtered out as 42525181 A>T needs T but not covered
54.001 was filtered out as 42522612 C>G needs G but not covered
55.001 was filtered out as 42523942 G>A needs A but not covered
56.001 was filtered out as 42523942 G>A needs A but not covered
56.002 was filtered out as 42522612 C>G needs G but not covered
56.003 was filtered out as 42522612 C>G needs G but not covered
57.001 was filtered out as 42522612 C>G needs G but not covered
57.1001 was filtered out as 42526693 G>A needs A but not covered
58.001 was filtered out as 42523942 G>A needs A but not covered
59.001 was filtered out as 42523942 G>A needs A but not covered
60.001 was filtered out as 42524904 insTA needs P but not covered
62.001 was filtered out as 42522748 G>A needs A but not covered
63.001 was filtered out as 42523942 G>A needs A but not covered
64.001 was filtered out as 42522612 C>G needs G but not covered
65.001 was filtered out as 42523942 G>A needs A but not covered
68.001 was filtered out as 42526693 G>A needs A but not covered
69.001 was filtered out as 42523942 G>A needs A but not covered
70.001 was filtered out as 42522612 C>G needs G but not covered
71.001 was filtered out as 42526668 C>T needs T but not covered
71.002 was filtered out as 42526668 C>T needs T but not covered
71.003 was filtered out as 42526668 C>T needs T but not covered
72.001 was filtered out as 42522612 C>G needs G but not covered
73.001 was filtered out as 42523942 G>A needs A but not covered
74.001 was filtered out as 42525820 G>T needs T but not covered
75.001 was filtered out as 42522747 C>T needs T but not covered
75.002 was filtered out as 42522747 C>T needs T but not covered
81.001 was filtered out as 42524213 G>A needs A but not covered
82.001 was filtered out as 42525820 G>T needs T but not covered
83.001 was filtered out as 42522612 C>G needs G but not covered
83.002 was filtered out as 42522612 C>G needs G but not covered
83.003 was filtered out as 42522612 C>G needs G but not covered
84.001 was filtered out as 42523942 G>A needs A but not covered
84.002 was filtered out as 42523942 G>A needs A but not covered
85.001 was filtered out as 42523942 G>A needs A but not covered
86.001 was filtered out as 42524186 C>T needs T but not covered
87.001 was filtered out as 42522612 C>G needs G but not covered
88.001 was filtered out as 42522612 C>G needs G but not covered
89.001 was filtered out as 42525114 A>G needs G but not covered
90.001 was filtered out as 42525099 T>C needs C but not covered
91.001 was filtered out as 42523942 G>A needs A but not covered
92.001 was filtered out as 42524797 delG needs N but not covered
93.001 was filtered out as 42524273 T>G needs G but not covered
94.001 was filtered out as 42522612 C>G needs G but not covered
94.002 was filtered out as 42522612 C>G needs G but not covered
95.001 was filtered out as 42522612 C>G needs G but not covered
96.001 was filtered out as 42522897 G>A needs A but not covered
97.001 was filtered out as 42522698 G>T needs T but not covered
98.001 was filtered out as 42523942 G>A needs A but not covered
99.001 was filtered out as 42522612 C>G needs G but not covered
100.001 was filtered out as 42522612 C>G needs G but not covered
101.001 was filtered out as 42522612 C>G needs G but not covered
102.001 was filtered out as 42523942 G>A needs A but not covered
103.001 was filtered out as 42523942 G>A needs A but not covered
104.001 was filtered out as 42523942 G>A needs A but not covered
105.001 was filtered out as 42523942 G>A needs A but not covered
106.001 was filtered out as 42522915 C>T needs T but not covered
106.002 was filtered out as 42522915 C>T needs T but not covered
106.003 was filtered out as 42522915 C>T needs T but not covered
107.001 was filtered out as 42525133 C>T needs T but not covered
108.001 was filtered out as 42523566 T>C needs C but not covered
109.001 was filtered out as 42524175 delCTT needs N but not covered
110.001 was filtered out as 42522736 C>T needs T but not covered
111.001 was filtered out as 42523942 G>A needs A but not covered
111.002 was filtered out as 42523942 G>A needs A but not covered
112.001 was filtered out as 42522606 G>A needs A but not covered
113.001 was filtered out as 42522753 C>T needs T but not covered
114.001 was filtered out as 42523942 G>A needs A but not covered
115.001 was filtered out as 42524175 delCTT needs N but not covered
116.001 was filtered out as 42523632 C>G needs G but not covered
117.001 was filtered out as 42523942 G>A needs A but not covered
118.001 was filtered out as 42523900 T>C needs C but not covered
119.001 was filtered out as 42523804 C>T needs T but not covered
120.001 was filtered out as 42526729 delG needs N but not covered
121.001 was filtered out as 42523942 G>A needs A but not covered
122.001 was filtered out as 42523513 C>T needs T but not covered
123.001 was filtered out as 42523942 G>A needs A but not covered
124.001 was filtered out as 42522982 delGA needs N but not covered
124.002 was filtered out as 42522982 delGA needs N but not covered
125.001 was filtered out as 42523942 G>A needs A but not covered
126.001 was filtered out as 42523942 G>A needs A but not covered
128.001 was filtered out as 42523942 G>A needs A but not covered
129.001 was filtered out as 42523942 G>A needs A but not covered
130.001 was filtered out as 42524879 CA>AG needs A but not covered
131.001 was filtered out as 42524326 A>G needs G but not covered
132.001 was filtered out as 42522612 C>G needs G but not covered
133.001 was filtered out as 42523942 G>A needs A but not covered
134.001 was filtered out as 42523590 C>T needs T but not covered
135.001 was filtered out as 42523942 G>A needs A but not covered
136.001 was filtered out as 42523942 G>A needs A but not covered
137.001 was filtered out as 42522579 C>T needs T but not covered
138.001 was filtered out as 42523942 G>A needs A but not covered
140.001 was filtered out as 42524330 G>A needs A but not covered
141.001 was filtered out as 42523942 G>A needs A but not covered
141.1001 was filtered out as 42523942 G>A needs A but not covered
142.001 was filtered out as 42522612 C>G needs G but not covered
143.001 was filtered out as 42526762 C>T needs T but not covered
144.001 was filtered out as 42524352 C>T needs T but not covered
145.001 was filtered out as 42524928 insGGGGCGAAA not covered (cov=0)
146.001 was filtered out as 42523942 G>A needs A but not covered
147.001 was filtered out as 42522612 C>G needs G but not covered
148.001 was filtered out as 42523942 G>A needs A but not covered
149.001 was filtered out as 42523942 G>A needs A but not covered
152.001 was filtered out as 42524341 G>A needs A but not covered
153.001 was filtered out as 42524808 C>T needs T but not covered
154.001 was filtered out as 42523942 G>A needs A but not covered
155.001 was filtered out as 42523942 G>A needs A but not covered
156.001 was filtered out as 42523942 G>A needs A but not covered
157.001 was filtered out as 42523942 G>A needs A but not covered
158.001 was filtered out as 42523942 G>A needs A but not covered
159.001 was filtered out as 42523942 G>A needs A but not covered
160.001 was filtered out as 42523942 G>A needs A but not covered
161.001 was filtered out as 42523942 G>A needs A but not covered
162.001 was filtered out as 42523942 G>A needs A but not covered
163.001 was filtered out as 42523942 G>A needs A but not covered
[filter] CYP2D6 1.001 => 1.001; 1.002; 1.003; 1.004; 1.005; 1.006; 1.007; 1.008; 1.009; 1.010; 1.011; 1.012; 1.013; 1.014; 1.015; 1.016; 1.017; 1.018; 1.019; 1.020; 1.021; 1.022; 1.023; 1.024; 1.025; 1.026; 1.027; 1.028; 1.029; 1.030; 1.031; 1.032; 1.033; 1.034; 1.035; 1.036; 1.037; 1.038; 1.039; 1.040; 1.041; 1.042; 1.043; 1.044; 1.045; 1.046; 1.047; 1.048; 1.049
[filter] CYP2D6 5.001 => 5.001
[filter] CYP2D6 61.001 => 61.001
[filter] CYP2D6 68.002 => 68.002
[filter] CYP2D6 83.1003 => 83.1003
[filter] CYP2D6 127.001 => 127.001
[filter] CYP2D6 139.001 => 139.001
[filter] valid_alleles=55
Step 0: Loss=0.1595, CN=[2.0999167]
Step 100: Loss=0.1363, CN=[2.2567303]
Step 200: Loss=0.1363, CN=[2.256462]
Step 300: Loss=0.1363, CN=[2.2564576]
Step 400: Loss=0.1363, CN=[2.2564576]

=== Fit ===
Region 0: obs=3.128, exp=2.256, diff=+0.872 *
Region 1: obs=2.262, exp=2.256, diff=+0.006 
Region 2: obs=1.949, exp=2.256, diff=-0.308 
Region 3: obs=2.481, exp=2.256, diff=+0.224 
Region 4: obs=2.701, exp=2.256, diff=+0.444 
Region 5: obs=2.519, exp=2.256, diff=+0.263 
Region 6: obs=2.898, exp=2.256, diff=+0.641 *
Region 7: obs=2.307, exp=2.256, diff=+0.050 
Region 8: obs=2.459, exp=2.256, diff=+0.202 
Region 9: obs=2.155, exp=2.256, diff=-0.102 
Region 10: obs=1.975, exp=2.256, diff=-0.281 
Region 11: obs=2.056, exp=2.256, diff=-0.200 
Region 12: obs=2.721, exp=2.256, diff=+0.465 
Region 13: obs=2.037, exp=2.256, diff=-0.219 
Region 14: obs=3.391, exp=2.256, diff=+1.134 *
Region 15: obs=3.082, exp=2.256, diff=+0.825 *
Region 16: obs=2.004, exp=2.256, diff=-0.252 
Region 17: obs=1.700, exp=2.256, diff=-0.556 *
Region 18: obs=1.789, exp=2.256, diff=-0.467 
Region 19: obs=1.827, exp=2.256, diff=-0.429 
Region 20: obs=1.847, exp=2.256, diff=-0.410 
Region 21: obs=0.000, exp=2.256, diff=-2.256 *
Region 22: obs=2.270, exp=2.256, diff=+0.013 

[Gene CN Results]
  CYP2D6: 2.26 → 2.256457567214966

=== CYP2D6 Fusion Template CN Estimation ===

Using CN configs: ['1', '68.001', '141.1001']

Region coverage:
  up: 3.1
  utr5: 2.3
  e1: 1.9
  i1: 2.5
  e2: 2.7
  i2: 2.5
  e3: 2.9
  i3: 2.3
  e4: 2.5
  i4: 2.2
  e5: 2.0
  i5: 2.1
  e6: 2.7
  i6: 2.0
  e7: 3.4
  i7: 3.1
  e8: 2.0
  i8: 1.7
  e9: 1.8
  utr3: 1.8
  ins: 1.8
  pce: 0.0
  rep: 2.3
  e1_2d7: 0.9
  e2_2d7: 0.4
  e3_2d7: 0.7
  e5_2d7: 0.3
  e6_2d7: 0.7
  e9_2d7: 1.6
  pce_2d7: 0.4

CN configs: ['1', '68.001', '141.1001']
PCE contributions: {'1': tensor(0.), '68.001': tensor(1.), '141.1001': tensor(1.)}
Gene CN: 2.26 → required total: 2
Respect gene CN constraint: True
Enumerating configurations that sum to 2...
Evaluated 6 configurations

Top 5 configurations:
  1. loss=8.63: 1:2
  2. loss=9.72: 1:1, 141.1001:1
  3. loss=21.31: 141.1001:2
  4. loss=29.13: 1:1, 68.001:1
  5. loss=40.71: 68.001:1, 141.1001:1

Best CN assignment (loss=8.63):
  1: 2
  Total: 2

Fit comparison:
  up: obs=3.1, exp=2.0, diff=+1.1
  utr5: obs=2.3, exp=2.0, diff=+0.3
  e1: obs=1.9, exp=2.0, diff=-0.1
  i1: obs=2.5, exp=2.0, diff=+0.5
  e2: obs=2.7, exp=2.0, diff=+0.7
  i2: obs=2.5, exp=2.0, diff=+0.5
  e3: obs=2.9, exp=2.0, diff=+0.9
  i3: obs=2.3, exp=2.0, diff=+0.3
  e4: obs=2.5, exp=2.0, diff=+0.5
  i4: obs=2.2, exp=2.0, diff=+0.2
  e5: obs=2.0, exp=2.0, diff=-0.0
  i5: obs=2.1, exp=2.0, diff=+0.1
  e6: obs=2.7, exp=2.0, diff=+0.7
  i6: obs=2.0, exp=2.0, diff=+0.0
  e7: obs=3.4, exp=2.0, diff=+1.4
  i7: obs=3.1, exp=2.0, diff=+1.1
  e8: obs=2.0, exp=2.0, diff=+0.0
  i8: obs=1.7, exp=2.0, diff=-0.3
  e9: obs=1.8, exp=2.0, diff=-0.2
  utr3: obs=1.8, exp=2.0, diff=-0.2
  ins: obs=1.8, exp=2.0, diff=-0.2
  pce: obs=0.0, exp=0.0, diff=+0.0
  rep: obs=2.3, exp=2.0, diff=+0.3
  e1_2d7: obs=0.9, exp=0.0, diff=+0.9
  e2_2d7: obs=0.4, exp=0.0, diff=+0.4
  e3_2d7: obs=0.7, exp=0.0, diff=+0.7
  e5_2d7: obs=0.3, exp=0.0, diff=+0.3
  e6_2d7: obs=0.7, exp=0.0, diff=+0.7
  e9_2d7: obs=1.6, exp=0.0, diff=+1.6
  pce_2d7: obs=0.4, exp=0.0, diff=+0.4

[Selected CN Configs] 1:2
  Total CYP2D6 CN: 2

[Filtering alleles by cn_config]

Kept alleles by cn_config:
  1: 3 major alleles
    *1.001, *127.001, *139.001

  Filtered: 4 alleles
  Kept: 51 alleles

[Updating N variant counts for deleted regions]
  Total updated: 0 positions

[Rebuilding allele vectors for fusion cn_configs]
Using device: cuda

=== Running VAE with seed 42 ===
Global Pooled JS: 0.003166
Seed 42, Step    0: Loss = 847.63 (Recon: 619.14, Allele KL: 93.29, Base KL: 37366.71, Functional KL: 0.00
Global Pooled JS: 0.006155
Seed 42, Step  500: Loss = 572.96 (Recon: 465.54, Allele KL: 30.17, Base KL: 19689.61, Functional KL: 0.01
Global Pooled JS: 0.000785
Seed 42, Step 1000: Loss = 561.25 (Recon: 457.53, Allele KL: 22.86, Base KL: 30489.96, Functional KL: 0.00
Global Pooled JS: 0.001396
Seed 42, Step 1500: Loss = 563.32 (Recon: 452.30, Allele KL: 19.37, Base KL: 31279.78, Functional KL: 0.00
Global Pooled JS: 0.000340
Seed 42, Step 2000: Loss = 561.42 (Recon: 455.20, Allele KL: 23.66, Base KL: 31026.30, Functional KL: 0.00
Global Pooled JS: 0.000739
Seed 42, Step 2500: Loss = 560.53 (Recon: 459.92, Allele KL: 22.28, Base KL: 30613.46, Functional KL: 0.00

Top Variants with Coverage Mismatches:
Rank   Variant                        Expected     Observed     Diff       |Div|       
------------------------------------------------------------------------------------------
1      CYP2D6:42523527→T              0.24         0.00         0.24       0.000709    
2      CYP2D6:42525131→G              0.15         0.00         0.15       0.000427    
3      CYP2D6:42523557→C              0.10         0.00         0.10       0.000296    
4      CYP2D6:42523527→C              39.49        49.00        -9.51      0.000017    
5      CYP2D6:42525131→C              39.59        51.00        -11.41     0.000012    
6      CYP2D6:42523557→T              39.63        51.00        -11.37     0.000010    
7      CYP2D6:42523527→G              0.00         0.00         0.00       0.000006    
8      CYP2D6:42523527→N              0.00         0.00         0.00       0.000006    
9      CYP2D6:42523527→A              0.00         0.00         0.00       0.000006    
10     CYP2D6:42523527→M              0.00         0.00         0.00       0.000006    
11     CYP2D6:42523527→P              0.00         0.00         0.00       0.000006    
12     CYP2D6:42523557→P              0.00         0.00         0.00       0.000003    
13     CYP2D6:42523557→M              0.00         0.00         0.00       0.000003    
14     CYP2D6:42523557→A              0.00         0.00         0.00       0.000003    
15     CYP2D6:42523557→G              0.00         0.00         0.00       0.000003    
16     CYP2D6:42523557→N              0.00         0.00         0.00       0.000003    
17     CYP2D6:42525131→A              0.00         0.00         0.00       0.000000    
18     CYP2D6:42525131→M              0.00         0.00         0.00       0.000000    
19     CYP2D6:42525131→N              0.00         0.00         0.00       0.000000    
20     CYP2D6:42525131→P              0.00         0.00         0.00       0.000000    
21     CYP2D6:42525131→T              0.00         0.00         0.00       0.000000    
New best model with final loss: 578.13

=== Running VAE with seed 123 ===
Global Pooled JS: 0.003100
Seed 123, Step    0: Loss = 1014.89 (Recon: 739.18, Allele KL: 126.42, Base KL: 56832.12, Functional KL: 0.00
Global Pooled JS: 0.003111
Seed 123, Step  500: Loss = 583.21 (Recon: 489.23, Allele KL: 36.85, Base KL: 20504.54, Functional KL: 0.00
Global Pooled JS: 0.000455
Seed 123, Step 1000: Loss = 558.93 (Recon: 447.78, Allele KL: 27.58, Base KL: 29570.69, Functional KL: 0.00
Global Pooled JS: 0.000398
Seed 123, Step 1500: Loss = 564.19 (Recon: 456.94, Allele KL: 30.76, Base KL: 29985.05, Functional KL: 0.00
Global Pooled JS: 0.000266
Seed 123, Step 2000: Loss = 565.96 (Recon: 458.26, Allele KL: 31.53, Base KL: 30010.32, Functional KL: 0.00
Global Pooled JS: 0.002170
Seed 123, Step 2500: Loss = 567.54 (Recon: 461.61, Allele KL: 24.66, Base KL: 30379.46, Functional KL: 0.00

Top Variants with Coverage Mismatches:
Rank   Variant                        Expected     Observed     Diff       |Div|       
------------------------------------------------------------------------------------------
1      CYP2D6:42523527→T              0.20         0.00         0.20       0.000579    
2      CYP2D6:42525131→G              0.13         0.00         0.13       0.000390    
3      CYP2D6:42523557→C              0.07         0.00         0.07       0.000212    
4      CYP2D6:42523527→C              39.53        49.00        -9.47      0.000019    
5      CYP2D6:42525131→C              39.61        51.00        -11.39     0.000011    
6      CYP2D6:42523557→T              39.66        51.00        -11.34     0.000010    
7      CYP2D6:42523527→N              0.00         0.00         0.00       0.000005    
8      CYP2D6:42523527→M              0.00         0.00         0.00       0.000005    
9      CYP2D6:42523527→P              0.00         0.00         0.00       0.000005    
10     CYP2D6:42523527→A              0.00         0.00         0.00       0.000005    
11     CYP2D6:42523527→G              0.00         0.00         0.00       0.000005    
12     CYP2D6:42523557→P              0.00         0.00         0.00       0.000002    
13     CYP2D6:42523557→G              0.00         0.00         0.00       0.000002    
14     CYP2D6:42523557→N              0.00         0.00         0.00       0.000002    
15     CYP2D6:42523557→A              0.00         0.00         0.00       0.000002    
16     CYP2D6:42523557→M              0.00         0.00         0.00       0.000002    
17     CYP2D6:42525131→A              0.00         0.00         0.00       0.000000    
18     CYP2D6:42525131→M              0.00         0.00         0.00       0.000000    
19     CYP2D6:42525131→N              0.00         0.00         0.00       0.000000    
20     CYP2D6:42525131→P              0.00         0.00         0.00       0.000000    
21     CYP2D6:42525131→T              0.00         0.00         0.00       0.000000    
New best model with final loss: 574.42

=== Running VAE with seed 456 ===
Global Pooled JS: 0.003912
Seed 456, Step    0: Loss = 863.41 (Recon: 638.60, Allele KL: 59.67, Base KL: 70696.53, Functional KL: 0.00
Global Pooled JS: 0.000174
Seed 456, Step  500: Loss = 526.17 (Recon: 411.91, Allele KL: 35.27, Base KL: 46988.06, Functional KL: 0.00
Global Pooled JS: 0.000049
Seed 456, Step 1000: Loss = 526.31 (Recon: 408.26, Allele KL: 44.65, Base KL: 46902.01, Functional KL: 0.00
Global Pooled JS: 0.000972
Seed 456, Step 1500: Loss = 573.92 (Recon: 432.95, Allele KL: 37.11, Base KL: 45965.12, Functional KL: 0.00
Global Pooled JS: 0.000130
Seed 456, Step 2000: Loss = 533.15 (Recon: 413.87, Allele KL: 35.49, Base KL: 46963.05, Functional KL: 0.00
Global Pooled JS: 0.000341
Seed 456, Step 2500: Loss = 559.19 (Recon: 432.51, Allele KL: 26.97, Base KL: 47916.16, Functional KL: 0.00

Top Variants with Coverage Mismatches:
Rank   Variant                        Expected     Observed     Diff       |Div|       
------------------------------------------------------------------------------------------
1      CYP2D6:42523527→T              0.03         0.00         0.03       0.000073    
2      CYP2D6:42525131→G              0.01         0.00         0.01       0.000036    
3      CYP2D6:42523557→C              0.01         0.00         0.01       0.000036    
4      CYP2D6:42523527→C              39.71        49.00        -9.29      0.000028    
5      CYP2D6:42523557→T              39.73        51.00        -11.27     0.000008    
6      CYP2D6:42525131→C              39.73        51.00        -11.27     0.000008    
7      CYP2D6:42523527→P              0.00         0.00         0.00       0.000001    
8      CYP2D6:42523527→M              0.00         0.00         0.00       0.000001    
9      CYP2D6:42523527→A              0.00         0.00         0.00       0.000001    
10     CYP2D6:42523527→N              0.00         0.00         0.00       0.000001    
11     CYP2D6:42523527→G              0.00         0.00         0.00       0.000001    
12     CYP2D6:42523557→A              0.00         0.00         0.00       0.000000    
13     CYP2D6:42523557→G              0.00         0.00         0.00       0.000000    
14     CYP2D6:42523557→N              0.00         0.00         0.00       0.000000    
15     CYP2D6:42523557→P              0.00         0.00         0.00       0.000000    
16     CYP2D6:42523557→M              0.00         0.00         0.00       0.000000    
17     CYP2D6:42525131→A              0.00         0.00         0.00       0.000000    
18     CYP2D6:42525131→M              0.00         0.00         0.00       0.000000    
19     CYP2D6:42525131→N              0.00         0.00         0.00       0.000000    
20     CYP2D6:42525131→P              0.00         0.00         0.00       0.000000    
21     CYP2D6:42525131→T              0.00         0.00         0.00       0.000000    
New best model with final loss: 519.48

=== Multi-Seed VAE Results ===
Best model had seed 456 with final loss: 519.48
All seeds final losses:
  Seed 42: Total=578.13 (Recon=457.91, A_KL=15.99, B_KL=31253.55)
  Seed 123: Total=574.42 (Recon=457.95, A_KL=14.87, B_KL=30792.70)
  Seed 456: Total=519.48 (Recon=408.65, A_KL=34.83, B_KL=46898.31) <- Best
[time] run_vae took 137.12s (2,635.34375 MB; 2,688.76953125 MB)

[Raw]:
CYP2D6*1: Normalized=0.9993, Unnormalized=1.00

Allocating by cn_config:

[Alleles]
CYP2D6*1
CYP2D6*1
	Command being timed: "python cyp.py CYP2D6 /project/shared/aldy-data/wgs/NA19789.wgs.cram"
	User time (seconds): 129.20
	System time (seconds): 20.75
	Percent of CPU this job got: 99%
	Elapsed (wall clock) time (h:mm:ss or m:ss): 2:30.32
	Average shared text size (kbytes): 0
	Average unshared data size (kbytes): 0
	Average stack size (kbytes): 0
	Average total size (kbytes): 0
	Maximum resident set size (kbytes): 2753300
	Average resident set size (kbytes): 0
	Major (requiring I/O) page faults: 0
	Minor (reclaiming a frame) page faults: 769618
	Voluntary context switches: 22614
	Involuntary context switches: 109
	Swaps: 0
	File system inputs: 0
	File system outputs: 80
	Socket messages sent: 0
	Socket messages received: 0
	Signals delivered: 0
	Page size (bytes): 4096
	Exit status: 0
