2026-05-16 02:42:48.545667: I tensorflow/core/util/port.cc:111] oneDNN custom operations are on. You may see slightly different numerical results due to floating-point round-off errors from different computation orders. To turn them off, set the environment variable `TF_ENABLE_ONEDNN_OPTS=0`.
2026-05-16 02:42:48.584560: E tensorflow/compiler/xla/stream_executor/cuda/cuda_dnn.cc:9342] Unable to register cuDNN factory: Attempting to register factory for plugin cuDNN when one has already been registered
2026-05-16 02:42:48.584715: E tensorflow/compiler/xla/stream_executor/cuda/cuda_fft.cc:609] Unable to register cuFFT factory: Attempting to register factory for plugin cuFFT when one has already been registered
2026-05-16 02:42:48.584853: E tensorflow/compiler/xla/stream_executor/cuda/cuda_blas.cc:1518] Unable to register cuBLAS factory: Attempting to register factory for plugin cuBLAS when one has already been registered
2026-05-16 02:42:48.593712: I tensorflow/core/platform/cpu_feature_guard.cc:182] This TensorFlow binary is optimized to use available CPU instructions in performance-critical operations.
To enable the following instructions: AVX2 AVX512F AVX512_VNNI FMA, in other operations, rebuild TensorFlow with the appropriate compiler flags.
AttributeError: 'MessageFactory' object has no attribute 'GetPrototype'
2026-05-16 02:43:03.632198: W tensorflow/compiler/tf2tensorrt/utils/py_utils.cc:38] TF-TRT Warning: Could not find TensorRT
AttributeError: 'MessageFactory' object has no attribute 'GetPrototype'
[info] total indices 2506
[info] total variants 2506
3.001 was filtered out as 42524243 delT needs N but not covered
3.002 was filtered out as 42524243 delT needs N but not covered
4.001 was filtered out as 42526693 G>A needs A but not covered
4.002 was filtered out as 42526693 G>A needs A but not covered
4.006 was filtered out as 42526693 G>A needs A but not covered
4.008 was filtered out as 42526693 G>A needs A but not covered
4.014 was filtered out as 42526693 G>A needs A but not covered
4.015 was filtered out as 42526693 G>A needs A but not covered
4.016 was filtered out as 42526693 G>A needs A but not covered
4.017 was filtered out as 42526693 G>A needs A but not covered
4.018 was filtered out as 42526693 G>A needs A but not covered
4.020 was filtered out as 42526693 G>A needs A but not covered
4.022 was filtered out as 42526693 G>A needs A but not covered
4.023 was filtered out as 42526693 G>A needs A but not covered
4.024 was filtered out as 42526693 G>A needs A but not covered
4.025 was filtered out as 42526693 G>A needs A but not covered
4.026 was filtered out as 42526693 G>A needs A but not covered
4.029 was filtered out as 42526693 G>A needs A but not covered
4.030 was filtered out as 42526693 G>A needs A but not covered
4.003 was filtered out as 42526693 G>A needs A but not covered
4.004 was filtered out as 42526693 G>A needs A but not covered
4.005 was filtered out as 42526693 G>A needs A but not covered
4.011 was filtered out as 42526693 G>A needs A but not covered
4.019 was filtered out as 42526693 G>A needs A but not covered
4.007 was filtered out as 42526693 G>A needs A but not covered
4.009 was filtered out as 42526693 G>A needs A but not covered
4.010 was filtered out as 42526693 G>A needs A but not covered
4.012 was filtered out as 42525820 G>T needs T but not covered
4.013 was filtered out as 42526693 G>A needs A but not covered
4.021 was filtered out as 42526693 G>A needs A but not covered
4.027 was filtered out as 42526693 G>A needs A but not covered
4.028 was filtered out as 42526693 G>A needs A but not covered
4.1013 was filtered out as 42526693 G>A needs A but not covered
4.1021 was filtered out as 42526693 G>A needs A but not covered
4.2021 was filtered out as 42526693 G>A needs A but not covered
6.001 was filtered out as 42525085 delA needs N but not covered
6.002 was filtered out as 42525085 delA needs N but not covered
6.005 was filtered out as 42525085 delA needs N but not covered
6.006 was filtered out as 42525085 delA needs N but not covered
6.003 was filtered out as 42525085 delA needs N but not covered
6.004 was filtered out as 42525085 delA needs N but not covered
7.001 was filtered out as 42523857 T>G needs G but not covered
8.001 was filtered out as 42525034 C>A needs A but not covered
9.001 was filtered out as 42524175 delCTT needs N but not covered
9.002 was filtered out as 42524175 delCTT needs N but not covered
10.001 was filtered out as 42526693 G>A needs A but not covered
10.002 was filtered out as 42526693 G>A needs A but not covered
10.003 was filtered out as 42526693 G>A needs A but not covered
10.004 was filtered out as 42526693 G>A needs A but not covered
10.005 was filtered out as 42526693 G>A needs A but not covered
10.006 was filtered out as 42526693 G>A needs A but not covered
10.007 was filtered out as 42526693 G>A needs A but not covered
10.1004 was filtered out as 42526693 G>A needs A but not covered
11.001 was filtered out as 42525911 C>G needs G but not covered
12.001 was filtered out as 42526669 C>T needs T but not covered
12.002 was filtered out as 42526669 C>T needs T but not covered
14.001 was filtered out as 42525034 C>T needs T but not covered
15.001 was filtered out as 42526655 insA needs P but not covered
15.002 was filtered out as 42526655 insA needs P but not covered
15.003 was filtered out as 42526655 insA needs P but not covered
18.001 was filtered out as 42522657 insCAGTGGGCA needs P but not covered
19.001 was filtered out as 42524250 delAGTT needs N but not covered
20.001 was filtered out as 42524815 insC needs P but not covered
21.001 was filtered out as 42524212 insG needs P but not covered
21.002 was filtered out as 42524212 insG needs P but not covered
22.001 was filtered out as 42526711 G>A needs A but not covered
23.001 was filtered out as 42525837 G>A needs A but not covered
24.001 was filtered out as 42523939 T>G needs G but not covered
25.001 was filtered out as 42523594 G>C needs C but not covered
26.001 was filtered out as 42523515 A>G needs G but not covered
27.001 was filtered out as 42522939 C>T needs T but not covered
28.001 was filtered out as 42526774 C>T needs T but not covered
28.002 was filtered out as 42526774 C>T needs T but not covered
29.001 was filtered out as 42525131 C.C>G.T needs M but not covered
30.001 was filtered out as 42524928 insGGGGCGAAA not covered (cov=0)
31.001 was filtered out as 42522750 C>T needs T but not covered
32.001 was filtered out as 42522939 C>T needs T but not covered
33.001 was filtered out as 42524309 C>A needs A but not covered
33.002 was filtered out as 42524309 C>A needs A but not covered
35.001 was filtered out as 42526762 C>T needs T but not covered
35.002 was filtered out as 42526762 C>T needs T but not covered
35.003 was filtered out as 42526762 C>T needs T but not covered
35.004 was filtered out as 42526762 C>T needs T but not covered
35.005 was filtered out as 42526762 C>T needs T but not covered
35.006 was filtered out as 42526762 C>T needs T but not covered
35.007 was filtered out as 42526762 C>T needs T but not covered
36.001 was filtered out as 42526693 G>A needs A but not covered
36.002 was filtered out as 42526693 G>A needs A but not covered
36.003 was filtered out as 42526693 G>A needs A but not covered
36.004 was filtered out as 42526693 G>A needs A but not covered
36.1001 was filtered out as 42526693 G>A needs A but not covered
37.001 was filtered out as 42526693 G>A needs A but not covered
38.001 was filtered out as 42524200 delTCAG needs N but not covered
41.001 was filtered out as 42523804 C>T needs T but not covered
41.002 was filtered out as 42523804 C>T needs T but not covered
41.003 was filtered out as 42523804 C>T needs T but not covered
41.004 was filtered out as 42523804 C>T needs T but not covered
41.005 was filtered out as 42523804 C>T needs T but not covered
42.001 was filtered out as 42523531 insAC needs P but not covered
43.001 was filtered out as 42526716 C>T needs T but not covered
43.002 was filtered out as 42526716 C>T needs T but not covered
44.001 was filtered out as 42526711 G>A needs A but not covered
45.001 was filtered out as 42525076 C>T needs T but not covered
45.002 was filtered out as 42525076 C>T needs T but not covered
45.003 was filtered out as 42525076 C>T needs T but not covered
45.004 was filtered out as 42525076 C>T needs T but not covered
46.001 was filtered out as 42525076 C>T needs T but not covered
46.002 was filtered out as 42525076 C>T needs T but not covered
46.003 was filtered out as 42525076 C>T needs T but not covered
47.001 was filtered out as 42526693 G>A needs A but not covered
48.001 was filtered out as 42525822 G>A needs A but not covered
49.001 was filtered out as 42526693 G>A needs A but not covered
50.001 was filtered out as 42525072 T>G needs G but not covered
51.001 was filtered out as 42523620 T>G needs G but not covered
52.001 was filtered out as 42526693 G>A needs A but not covered
52.002 was filtered out as 42526693 G>A needs A but not covered
53.001 was filtered out as 42525181 A>T needs T but not covered
54.001 was filtered out as 42526693 G>A needs A but not covered
56.001 was filtered out as 42523591 G>A needs A but not covered
56.002 was filtered out as 42526693 G>A needs A but not covered
56.003 was filtered out as 42526693 G>A needs A but not covered
57.001 was filtered out as 42526693 G>A needs A but not covered
57.1001 was filtered out as 42526693 G>A needs A but not covered
58.001 was filtered out as 42524928 insGGGGCGAAA not covered (cov=0)
59.001 was filtered out as 42523853 C>T needs T but not covered
60.001 was filtered out as 42524904 insTA needs P but not covered
62.001 was filtered out as 42522748 G>A needs A but not covered
64.001 was filtered out as 42526693 G>A needs A but not covered
65.001 was filtered out as 42526693 G>A needs A but not covered
68.001 was filtered out as 42526693 G>A needs A but not covered
69.001 was filtered out as 42526693 G>A needs A but not covered
70.001 was filtered out as 42525131 C.C>G.T needs M but not covered
71.001 was filtered out as 42526668 C>T needs T but not covered
71.002 was filtered out as 42526668 C>T needs T but not covered
71.003 was filtered out as 42526668 C>T needs T but not covered
72.001 was filtered out as 42526693 G>A needs A but not covered
73.001 was filtered out as 42525781 C>T needs T but not covered
74.001 was filtered out as 42525820 G>T needs T but not covered
75.001 was filtered out as 42522747 C>T needs T but not covered
75.002 was filtered out as 42522747 C>T needs T but not covered
81.001 was filtered out as 42524213 G>A needs A but not covered
82.001 was filtered out as 42525820 G>T needs T but not covered
83.001 was filtered out as 42522664 G>C needs C but not covered
83.002 was filtered out as 42522664 G>C needs C but not covered
83.003 was filtered out as 42522664 G>C needs C but not covered
84.001 was filtered out as 42524218 G>T needs T but not covered
84.002 was filtered out as 42524218 G>T needs T but not covered
85.001 was filtered out as 42522635 A>C needs C but not covered
86.001 was filtered out as 42524186 C>T needs T but not covered
87.001 was filtered out as 42526693 G>A needs A but not covered
88.001 was filtered out as 42525780 A>G needs G but not covered
89.001 was filtered out as 42525114 A>G needs G but not covered
90.001 was filtered out as 42525099 T>C needs C but not covered
91.001 was filtered out as 42523804 C>T needs T but not covered
92.001 was filtered out as 42524797 delG needs N but not covered
93.001 was filtered out as 42524273 T>G needs G but not covered
94.001 was filtered out as 42526693 G>A needs A but not covered
94.002 was filtered out as 42526693 G>A needs A but not covered
95.001 was filtered out as 42526693 G>A needs A but not covered
96.001 was filtered out as 42522897 G>A needs A but not covered
97.001 was filtered out as 42522698 G>T needs T but not covered
98.001 was filtered out as 42522682 G>C needs C but not covered
99.001 was filtered out as 42526693 G>A needs A but not covered
100.001 was filtered out as 42526693 G>A needs A but not covered
101.001 was filtered out as 42526693 G>A needs A but not covered
102.001 was filtered out as 42525822 G>A needs A but not covered
103.001 was filtered out as 42525043 T>C needs C but not covered
104.001 was filtered out as 42525072 T>A needs A but not covered
105.001 was filtered out as 42523524 A>G needs G but not covered
106.001 was filtered out as 42522915 C>T needs T but not covered
106.002 was filtered out as 42522915 C>T needs T but not covered
106.003 was filtered out as 42522915 C>T needs T but not covered
107.001 was filtered out as 42525133 C>T needs T but not covered
108.001 was filtered out as 42523566 T>C needs C but not covered
109.001 was filtered out as 42524175 delCTT needs N but not covered
110.001 was filtered out as 42522736 C>T needs T but not covered
111.001 was filtered out as 42525760 C>T needs T but not covered
111.002 was filtered out as 42525760 C>T needs T but not covered
112.001 was filtered out as 42522606 G>A needs A but not covered
113.001 was filtered out as 42522753 C>T needs T but not covered
114.001 was filtered out as 42526693 G>A needs A but not covered
115.001 was filtered out as 42524175 delCTT needs N but not covered
116.001 was filtered out as 42523632 C>G needs G but not covered
117.001 was filtered out as 42523612 C>T needs T but not covered
118.001 was filtered out as 42523900 T>C needs C but not covered
119.001 was filtered out as 42523804 C>T needs T but not covered
120.001 was filtered out as 42526729 delG needs N but not covered
121.001 was filtered out as 42525043 T>C needs C but not covered
122.001 was filtered out as 42523513 C>T needs T but not covered
123.001 was filtered out as 42523804 C>T needs T but not covered
124.001 was filtered out as 42522982 delGA needs N but not covered
124.002 was filtered out as 42522982 delGA needs N but not covered
125.001 was filtered out as 42522720 C>T needs T but not covered
126.001 was filtered out as 42525135 G>A needs A but not covered
127.001 was filtered out as 42523527 C>T needs T but not covered
128.001 was filtered out as 42525888 A>C needs C but not covered
129.001 was filtered out as 42525156 C>T needs T but not covered
130.001 was filtered out as 42524879 CA>AG needs A but not covered
131.001 was filtered out as 42524326 A>G needs G but not covered
132.001 was filtered out as 42526693 G>A needs A but not covered
133.001 was filtered out as 42523603 C>T needs T but not covered
134.001 was filtered out as 42523590 C>T needs T but not covered
135.001 was filtered out as 42522927 G>A needs A but not covered
136.001 was filtered out as 42522878 G>A needs A but not covered
137.001 was filtered out as 42522579 C>T needs T but not covered
138.001 was filtered out as 42523804 C>T needs T but not covered
139.001 was filtered out as 42523527 C>T needs T but not covered
140.001 was filtered out as 42524330 G>A needs A but not covered
141.001 was filtered out as 42522664 G>C needs C but not covered
141.1001 was filtered out as 42522939 C>T needs T but not covered
142.001 was filtered out as 42526693 G>A needs A but not covered
143.001 was filtered out as 42526762 C>T needs T but not covered
144.001 was filtered out as 42524352 C>T needs T but not covered
145.001 was filtered out as 42524928 insGGGGCGAAA not covered (cov=0)
146.001 was filtered out as 42526716 C>T needs T but not covered
147.001 was filtered out as 42526693 G>A needs A but not covered
148.001 was filtered out as 42526716 C>T needs T but not covered
149.001 was filtered out as 42525131 C.C>G.T needs M but not covered
152.001 was filtered out as 42524341 G>A needs A but not covered
153.001 was filtered out as 42524808 C>T needs T but not covered
154.001 was filtered out as 42522747 C>T needs T but not covered
155.001 was filtered out as 42525131 C.C>G.T needs M but not covered
156.001 was filtered out as 42525131 C.C>G.T needs M but not covered
157.001 was filtered out as 42525131 C.C>G.T needs M but not covered
158.001 was filtered out as 42523804 C>T needs T but not covered
159.001 was filtered out as 42526671 G>A needs A but not covered
160.001 was filtered out as 42525820 G>T needs T but not covered
161.001 was filtered out as 42525184 C>A needs A but not covered
162.001 was filtered out as 42522939 C>T needs T but not covered
163.001 was filtered out as 42525157 A>G needs G but not covered
[filter] CYP2D6 1.001 => 1.001; 1.002; 1.003; 1.004; 1.005; 1.006; 1.007; 1.008; 1.009; 1.010; 1.011; 1.012; 1.013; 1.014; 1.015; 1.016; 1.017; 1.018; 1.019; 1.020; 1.021; 1.022; 1.023; 1.024; 1.025; 1.026; 1.027; 1.028; 1.029; 1.030; 1.031; 1.032; 1.033; 1.034; 1.035; 1.036; 1.037; 1.038; 1.039; 1.040; 1.041; 1.042; 1.043; 1.044; 1.045; 1.046; 1.047; 1.048; 1.049
[filter] CYP2D6 2.001 => 2.001; 2.002; 2.003; 2.004; 2.005; 2.006; 2.007; 2.008; 2.009; 2.010; 2.011; 2.012; 2.013; 2.014; 2.015; 2.016; 2.017; 2.018; 2.019; 2.020; 2.021; 2.022; 2.023; 2.024; 2.025; 2.026; 2.027; 2.028; 2.030
[filter] CYP2D6 5.001 => 5.001
[filter] CYP2D6 17.001 => 17.001; 17.002; 17.003; 17.004; 17.005; 17.006
[filter] CYP2D6 34.001 => 34.001
[filter] CYP2D6 39.001 => 39.001; 39.002
[filter] CYP2D6 40.001 => 40.001
[filter] CYP2D6 55.001 => 55.001
[filter] CYP2D6 61.001 => 61.001
[filter] CYP2D6 63.001 => 63.001
[filter] CYP2D6 68.002 => 68.002
[filter] CYP2D6 83.1003 => 83.1003
[filter] valid_alleles=94
Step 0: Loss=0.1323, CN=[1.9000832]
Step 100: Loss=0.0576, CN=[1.5906698]
Step 200: Loss=0.0575, CN=[1.5896906]
Step 300: Loss=0.0575, CN=[1.5896842]
Step 400: Loss=0.0575, CN=[1.5896844]

=== Fit ===
Region 0: obs=2.046, exp=1.590, diff=+0.456 
Region 1: obs=1.515, exp=1.590, diff=-0.075 
Region 2: obs=1.176, exp=1.590, diff=-0.414 
Region 3: obs=1.583, exp=1.590, diff=-0.007 
Region 4: obs=1.273, exp=1.590, diff=-0.316 
Region 5: obs=1.486, exp=1.590, diff=-0.103 
Region 6: obs=1.426, exp=1.590, diff=-0.164 
Region 7: obs=1.818, exp=1.590, diff=+0.228 
Region 8: obs=2.002, exp=1.590, diff=+0.412 
Region 9: obs=1.651, exp=1.590, diff=+0.062 
Region 10: obs=1.551, exp=1.590, diff=-0.039 
Region 11: obs=1.687, exp=1.590, diff=+0.097 
Region 12: obs=1.665, exp=1.590, diff=+0.075 
Region 13: obs=1.429, exp=1.590, diff=-0.161 
Region 14: obs=1.519, exp=1.590, diff=-0.071 
Region 15: obs=2.011, exp=1.590, diff=+0.421 
Region 16: obs=1.800, exp=1.590, diff=+0.210 
Region 17: obs=1.271, exp=1.590, diff=-0.319 
Region 18: obs=1.668, exp=1.590, diff=+0.078 
Region 19: obs=1.289, exp=1.590, diff=-0.300 
Region 20: obs=1.790, exp=1.590, diff=+0.200 
Region 21: obs=0.000, exp=1.590, diff=-1.590 *
Region 22: obs=1.820, exp=1.590, diff=+0.230 

[Gene CN Results]
  CYP2D6: 1.59 → 1.5896846055984497

=== CYP2D6 Fusion Template CN Estimation ===

Using CN configs: ['1', '68.001', '141.1001']

Region coverage:
  up: 2.0
  utr5: 1.5
  e1: 1.2
  i1: 1.6
  e2: 1.3
  i2: 1.5
  e3: 1.4
  i3: 1.8
  e4: 2.0
  i4: 1.7
  e5: 1.6
  i5: 1.7
  e6: 1.7
  i6: 1.4
  e7: 1.5
  i7: 2.0
  e8: 1.8
  i8: 1.3
  e9: 1.7
  utr3: 1.3
  ins: 1.8
  pce: 0.0
  rep: 1.8
  e1_2d7: 0.0
  e2_2d7: 0.0
  e3_2d7: 0.1
  e5_2d7: 0.1
  e6_2d7: 0.0
  e9_2d7: 0.0
  pce_2d7: 0.0

CN configs: ['1', '68.001', '141.1001']
PCE contributions: {'1': tensor(0.), '68.001': tensor(1.), '141.1001': tensor(1.)}
Gene CN: 1.59 → required total: 1
Respect gene CN constraint: True
Enumerating configurations that sum to 1...
Evaluated 3 configurations

Top 5 configurations:
  1. loss=6.33: 1:1
  2. loss=15.49: 141.1001:1
  3. loss=40.90: 68.001:1

Best CN assignment (loss=6.33):
  1: 1
  Total: 1

Fit comparison:
  up: obs=2.0, exp=1.0, diff=+1.0
  utr5: obs=1.5, exp=1.0, diff=+0.5
  e1: obs=1.2, exp=1.0, diff=+0.2
  i1: obs=1.6, exp=1.0, diff=+0.6
  e2: obs=1.3, exp=1.0, diff=+0.3
  i2: obs=1.5, exp=1.0, diff=+0.5
  e3: obs=1.4, exp=1.0, diff=+0.4
  i3: obs=1.8, exp=1.0, diff=+0.8
  e4: obs=2.0, exp=1.0, diff=+1.0
  i4: obs=1.7, exp=1.0, diff=+0.7
  e5: obs=1.6, exp=1.0, diff=+0.6
  i5: obs=1.7, exp=1.0, diff=+0.7
  e6: obs=1.7, exp=1.0, diff=+0.7
  i6: obs=1.4, exp=1.0, diff=+0.4
  e7: obs=1.5, exp=1.0, diff=+0.5
  i7: obs=2.0, exp=1.0, diff=+1.0
  e8: obs=1.8, exp=1.0, diff=+0.8
  i8: obs=1.3, exp=1.0, diff=+0.3
  e9: obs=1.7, exp=1.0, diff=+0.7
  utr3: obs=1.3, exp=1.0, diff=+0.3
  ins: obs=1.8, exp=1.0, diff=+0.8
  pce: obs=0.0, exp=0.0, diff=+0.0
  rep: obs=1.8, exp=1.0, diff=+0.8
  e1_2d7: obs=0.0, exp=0.0, diff=+0.0
  e2_2d7: obs=0.0, exp=0.0, diff=+0.0
  e3_2d7: obs=0.1, exp=0.0, diff=+0.1
  e5_2d7: obs=0.1, exp=0.0, diff=+0.1
  e6_2d7: obs=0.0, exp=0.0, diff=+0.0
  e9_2d7: obs=0.0, exp=0.0, diff=+0.0
  pce_2d7: obs=0.0, exp=0.0, diff=+0.0

[Selected CN Configs] 1:1
  Total CYP2D6 CN: 1

[Filtering alleles by cn_config]

Kept alleles by cn_config:
  1: 7 major alleles
    *1.001, *17.001, *2.001, *34.001, *39.001, *40.001, *55.001

  Filtered: 5 alleles
  Kept: 89 alleles

[Updating N variant counts for deleted regions]
  Total updated: 0 positions

[Rebuilding allele vectors for fusion cn_configs]
Using device: cuda

=== Running VAE with seed 42 ===
Global Pooled JS: 0.129191
Seed 42, Step    0: Loss = 1863.14 (Recon: 1488.17, Allele KL: 197.79, Base KL: 122061.88, Functional KL: 0.13
Global Pooled JS: 0.017748
Seed 42, Step  500: Loss = 797.69 (Recon: 647.57, Allele KL: 38.77, Base KL: 35928.84, Functional KL: 0.02
Global Pooled JS: 0.015376
Seed 42, Step 1000: Loss = 787.25 (Recon: 641.27, Allele KL: 50.01, Base KL: 36385.53, Functional KL: 0.02
Global Pooled JS: 0.015614
Seed 42, Step 1500: Loss = 802.65 (Recon: 655.33, Allele KL: 45.42, Base KL: 34991.78, Functional KL: 0.02
Global Pooled JS: 0.020960
Seed 42, Step 2000: Loss = 790.64 (Recon: 647.42, Allele KL: 47.14, Base KL: 36379.09, Functional KL: 0.02
Global Pooled JS: 0.014578
Seed 42, Step 2500: Loss = 791.17 (Recon: 646.42, Allele KL: 42.64, Base KL: 35430.95, Functional KL: 0.01

Top Variants with Coverage Mismatches:
Rank   Variant                        Expected     Observed     Diff       |Div|       
------------------------------------------------------------------------------------------
1      CYP2D6:42524928→T              14.28        32.00        -17.72     0.006466    
2      CYP2D6:42525771→A              19.17        11.00        8.17       0.003534    
3      CYP2D6:42522957→T              33.99        48.00        -14.01     0.001557    
4      CYP2D6:42525131→G              20.65        16.00        4.65       0.001260    
5      CYP2D6:42525771→G              14.14        11.00        3.14       0.000845    
6      CYP2D6:42523942→A              19.83        18.00        1.83       0.000381    
7      CYP2D6:42525771→N              0.14         0.00         0.14       0.000239    
8      CYP2D6:42525771→P              0.14         0.00         0.14       0.000238    
9      CYP2D6:42525771→C              0.14         0.00         0.14       0.000236    
10     CYP2D6:42523942→T              0.14         0.00         0.14       0.000235    
11     CYP2D6:42525771→M              0.14         0.00         0.14       0.000234    
12     CYP2D6:42525771→T              0.14         0.00         0.14       0.000234    
13     CYP2D6:42523942→C              0.14         0.00         0.14       0.000233    
14     CYP2D6:42523942→M              0.14         0.00         0.14       0.000230    
15     CYP2D6:42523942→N              0.13         0.00         0.13       0.000229    
16     CYP2D6:42522612→N              0.13         0.00         0.13       0.000229    
17     CYP2D6:42523942→P              0.13         0.00         0.13       0.000229    
18     CYP2D6:42522612→M              0.13         0.00         0.13       0.000225    
19     CYP2D6:42524928→C              0.13         0.00         0.13       0.000225    
20     CYP2D6:42524928→G              0.13         0.00         0.13       0.000222    
21     CYP2D6:42524928→N              0.13         0.00         0.13       0.000221    
22     CYP2D6:42522612→A              0.13         0.00         0.13       0.000221    
23     CYP2D6:42522612→T              0.13         0.00         0.13       0.000221    
24     CYP2D6:42522612→P              0.13         0.00         0.13       0.000220    
25     CYP2D6:42524928→M              0.13         0.00         0.13       0.000220    
26     CYP2D6:42524928→A              0.13         0.00         0.13       0.000217    
27     CYP2D6:42523942→G              13.50        17.00        -3.50      0.000178    
28     CYP2D6:42524928→P              19.08        19.00        0.08       0.000097    
29     CYP2D6:42522957→G              0.02         0.00         0.02       0.000038    
30     CYP2D6:42525131→C              13.36        14.00        -0.64      0.000014    
31     CYP2D6:42522612→C              13.47        15.00        -1.53      0.000003    
32     CYP2D6:42522612→G              19.88        22.00        -2.12      0.000002    
33     CYP2D6:42522957→M              0.00         0.00         0.00       0.000000    
34     CYP2D6:42522957→P              0.00         0.00         0.00       0.000000    
35     CYP2D6:42522957→C              0.00         0.00         0.00       0.000000    
36     CYP2D6:42522957→A              0.00         0.00         0.00       0.000000    
37     CYP2D6:42522957→N              0.00         0.00         0.00       0.000000    
38     CYP2D6:42525131→A              0.00         0.00         0.00       0.000000    
39     CYP2D6:42525131→M              0.00         0.00         0.00       0.000000    
40     CYP2D6:42525131→N              0.00         0.00         0.00       0.000000    
41     CYP2D6:42525131→P              0.00         0.00         0.00       0.000000    
42     CYP2D6:42525131→T              0.00         0.00         0.00       0.000000    
New best model with final loss: 791.92

=== Running VAE with seed 123 ===
Global Pooled JS: 0.062680
Seed 123, Step    0: Loss = 1279.85 (Recon: 905.93, Allele KL: 139.72, Base KL: 109928.00, Functional KL: 0.06
Global Pooled JS: 0.015076
Seed 123, Step  500: Loss = 768.82 (Recon: 623.82, Allele KL: 46.40, Base KL: 36121.53, Functional KL: 0.02
Global Pooled JS: 0.016034
Seed 123, Step 1000: Loss = 772.35 (Recon: 625.28, Allele KL: 48.00, Base KL: 35792.58, Functional KL: 0.02
Global Pooled JS: 0.016008
Seed 123, Step 1500: Loss = 786.34 (Recon: 631.78, Allele KL: 64.34, Base KL: 35459.70, Functional KL: 0.02
Global Pooled JS: 0.015691
Seed 123, Step 2000: Loss = 770.44 (Recon: 621.39, Allele KL: 57.34, Base KL: 35323.02, Functional KL: 0.02
Global Pooled JS: 0.015260
Seed 123, Step 2500: Loss = 768.59 (Recon: 622.98, Allele KL: 49.08, Base KL: 36234.92, Functional KL: 0.02

Top Variants with Coverage Mismatches:
Rank   Variant                        Expected     Observed     Diff       |Div|       
------------------------------------------------------------------------------------------
1      CYP2D6:42524928→T              17.43        32.00        -14.57     0.003726    
2      CYP2D6:42525771→G              17.30        11.00        6.30       0.002372    
3      CYP2D6:42525771→A              16.10        11.00        5.10       0.001719    
4      CYP2D6:42522957→T              33.99        48.00        -14.01     0.001556    
5      CYP2D6:42525131→C              16.46        14.00        2.46       0.000558    
6      CYP2D6:42522612→G              16.89        22.00        -5.11      0.000349    
7      CYP2D6:42522612→C              16.55        15.00        1.55       0.000324    
8      CYP2D6:42525131→G              17.55        16.00        1.55       0.000323    
9      CYP2D6:42525771→M              0.13         0.00         0.13       0.000219    
10     CYP2D6:42525771→P              0.12         0.00         0.12       0.000210    
11     CYP2D6:42525771→T              0.12         0.00         0.12       0.000207    
12     CYP2D6:42525771→N              0.12         0.00         0.12       0.000206    
13     CYP2D6:42523942→M              0.12         0.00         0.12       0.000204    
14     CYP2D6:42523942→N              0.12         0.00         0.12       0.000202    
15     CYP2D6:42523942→T              0.12         0.00         0.12       0.000202    
16     CYP2D6:42523942→C              0.12         0.00         0.12       0.000200    
17     CYP2D6:42525771→C              0.12         0.00         0.12       0.000199    
18     CYP2D6:42522612→M              0.12         0.00         0.12       0.000199    
19     CYP2D6:42523942→P              0.11         0.00         0.11       0.000195    
20     CYP2D6:42522612→A              0.11         0.00         0.11       0.000194    
21     CYP2D6:42524928→C              0.11         0.00         0.11       0.000193    
22     CYP2D6:42522612→P              0.11         0.00         0.11       0.000192    
23     CYP2D6:42522612→N              0.11         0.00         0.11       0.000191    
24     CYP2D6:42522612→T              0.11         0.00         0.11       0.000190    
25     CYP2D6:42524928→A              0.11         0.00         0.11       0.000189    
26     CYP2D6:42524928→M              0.11         0.00         0.11       0.000186    
27     CYP2D6:42524928→G              0.11         0.00         0.11       0.000184    
28     CYP2D6:42524928→N              0.11         0.00         0.11       0.000184    
29     CYP2D6:42524928→P              16.03        19.00        -2.97      0.000067    
30     CYP2D6:42523942→G              16.58        17.00        -0.42      0.000040    
31     CYP2D6:42522957→G              0.02         0.00         0.02       0.000035    
32     CYP2D6:42523942→A              16.84        18.00        -1.16      0.000005    
33     CYP2D6:42522957→C              0.00         0.00         0.00       0.000000    
34     CYP2D6:42522957→P              0.00         0.00         0.00       0.000000    
35     CYP2D6:42522957→N              0.00         0.00         0.00       0.000000    
36     CYP2D6:42522957→A              0.00         0.00         0.00       0.000000    
37     CYP2D6:42522957→M              0.00         0.00         0.00       0.000000    
38     CYP2D6:42525131→A              0.00         0.00         0.00       0.000000    
39     CYP2D6:42525131→M              0.00         0.00         0.00       0.000000    
40     CYP2D6:42525131→N              0.00         0.00         0.00       0.000000    
41     CYP2D6:42525131→P              0.00         0.00         0.00       0.000000    
42     CYP2D6:42525131→T              0.00         0.00         0.00       0.000000    
New best model with final loss: 771.53

=== Running VAE with seed 456 ===
Global Pooled JS: 0.047756
Seed 456, Step    0: Loss = 1259.73 (Recon: 816.41, Allele KL: 230.01, Base KL: 96448.08, Functional KL: 0.05
Global Pooled JS: 0.017751
Seed 456, Step  500: Loss = 855.00 (Recon: 698.59, Allele KL: 44.10, Base KL: 33803.77, Functional KL: 0.02
Global Pooled JS: 0.015237
Seed 456, Step 1000: Loss = 825.92 (Recon: 663.75, Allele KL: 68.41, Base KL: 33332.63, Functional KL: 0.02
Global Pooled JS: 0.018513
Seed 456, Step 1500: Loss = 803.99 (Recon: 657.60, Allele KL: 50.91, Base KL: 34802.52, Functional KL: 0.02
Global Pooled JS: 0.024382
Seed 456, Step 2000: Loss = 812.42 (Recon: 670.55, Allele KL: 40.18, Base KL: 34287.42, Functional KL: 0.02
Global Pooled JS: 0.018769
Seed 456, Step 2500: Loss = 804.58 (Recon: 659.03, Allele KL: 50.39, Base KL: 33937.88, Functional KL: 0.02

Top Variants with Coverage Mismatches:
Rank   Variant                        Expected     Observed     Diff       |Div|       
------------------------------------------------------------------------------------------
1      CYP2D6:42524928→T              15.70        32.00        -16.30     0.005103    
2      CYP2D6:42525771→A              17.90        11.00        6.90       0.002723    
3      CYP2D6:42522957→T              33.97        48.00        -14.03     0.001563    
4      CYP2D6:42525771→G              15.46        11.00        4.46       0.001408    
5      CYP2D6:42525131→G              19.89        16.00        3.89       0.000981    
6      CYP2D6:42523942→A              19.08        18.00        1.08       0.000235    
7      CYP2D6:42523942→C              0.14         0.00         0.14       0.000233    
8      CYP2D6:42523942→N              0.13         0.00         0.13       0.000227    
9      CYP2D6:42525771→T              0.13         0.00         0.13       0.000225    
10     CYP2D6:42523942→P              0.13         0.00         0.13       0.000225    
11     CYP2D6:42523942→M              0.13         0.00         0.13       0.000224    
12     CYP2D6:42525771→C              0.13         0.00         0.13       0.000223    
13     CYP2D6:42523942→T              0.13         0.00         0.13       0.000222    
14     CYP2D6:42525771→P              0.13         0.00         0.13       0.000221    
15     CYP2D6:42522612→M              0.13         0.00         0.13       0.000219    
16     CYP2D6:42525771→N              0.13         0.00         0.13       0.000219    
17     CYP2D6:42522612→A              0.13         0.00         0.13       0.000218    
18     CYP2D6:42525771→M              0.13         0.00         0.13       0.000218    
19     CYP2D6:42522612→N              0.13         0.00         0.13       0.000216    
20     CYP2D6:42522612→T              0.12         0.00         0.12       0.000212    
21     CYP2D6:42522612→P              0.12         0.00         0.12       0.000210    
22     CYP2D6:42524928→N              0.12         0.00         0.12       0.000210    
23     CYP2D6:42524928→A              0.12         0.00         0.12       0.000207    
24     CYP2D6:42524928→C              0.12         0.00         0.12       0.000207    
25     CYP2D6:42524928→G              0.12         0.00         0.12       0.000206    
26     CYP2D6:42524928→M              0.12         0.00         0.12       0.000204    
27     CYP2D6:42525131→C              14.12        14.00        0.12       0.000078    
28     CYP2D6:42523942→G              14.26        17.00        -2.74      0.000069    
29     CYP2D6:42522957→G              0.04         0.00         0.04       0.000068    
30     CYP2D6:42522612→G              19.16        22.00        -2.84      0.000029    
31     CYP2D6:42522612→C              14.21        15.00        -0.79      0.000010    
32     CYP2D6:42524928→P              17.70        19.00        -1.30      0.000003    
33     CYP2D6:42522957→A              0.00         0.00         0.00       0.000001    
34     CYP2D6:42522957→N              0.00         0.00         0.00       0.000001    
35     CYP2D6:42522957→P              0.00         0.00         0.00       0.000001    
36     CYP2D6:42522957→C              0.00         0.00         0.00       0.000001    
37     CYP2D6:42522957→M              0.00         0.00         0.00       0.000001    
38     CYP2D6:42525131→A              0.00         0.00         0.00       0.000000    
39     CYP2D6:42525131→M              0.00         0.00         0.00       0.000000    
40     CYP2D6:42525131→N              0.00         0.00         0.00       0.000000    
41     CYP2D6:42525131→P              0.00         0.00         0.00       0.000000    
42     CYP2D6:42525131→T              0.00         0.00         0.00       0.000000    

=== Multi-Seed VAE Results ===
Best model had seed 123 with final loss: 771.53
All seeds final losses:
  Seed 42: Total=791.92 (Recon=644.56, A_KL=44.91, B_KL=36374.45)
  Seed 123: Total=771.53 (Recon=624.54, A_KL=47.81, B_KL=35729.02) <- Best
  Seed 456: Total=807.68 (Recon=659.01, A_KL=38.98, B_KL=34751.80)
[time] run_vae took 159.09s (2,694.2265625 MB; 2,803.04296875 MB)

[Raw]:
CYP2D6*40: Normalized=0.4910, Unnormalized=0.49
CYP2D6*1: Normalized=0.4825, Unnormalized=0.48

Allocating by cn_config:

[Alleles]
CYP2D6*40
CYP2D6*1
	Command being timed: "python cyp.py CYP2D6 /project/shared/aldy-data/wgs/NA19917.wgs.cram"
	User time (seconds): 162.58
	System time (seconds): 25.29
	Percent of CPU this job got: 80%
	Elapsed (wall clock) time (h:mm:ss or m:ss): 3:52.40
	Average shared text size (kbytes): 0
	Average unshared data size (kbytes): 0
	Average stack size (kbytes): 0
	Average total size (kbytes): 0
	Maximum resident set size (kbytes): 2870316
	Average resident set size (kbytes): 0
	Major (requiring I/O) page faults: 0
	Minor (reclaiming a frame) page faults: 885706
	Voluntary context switches: 34558
	Involuntary context switches: 5281
	Swaps: 0
	File system inputs: 0
	File system outputs: 96
	Socket messages sent: 0
	Socket messages received: 0
	Signals delivered: 0
	Page size (bytes): 4096
	Exit status: 0
