2026-03-11 06:32:56.038889: I tensorflow/core/util/port.cc:111] oneDNN custom operations are on. You may see slightly different numerical results due to floating-point round-off errors from different computation orders. To turn them off, set the environment variable `TF_ENABLE_ONEDNN_OPTS=0`.
2026-03-11 06:32:56.077763: E tensorflow/compiler/xla/stream_executor/cuda/cuda_dnn.cc:9342] Unable to register cuDNN factory: Attempting to register factory for plugin cuDNN when one has already been registered
2026-03-11 06:32:56.077937: E tensorflow/compiler/xla/stream_executor/cuda/cuda_fft.cc:609] Unable to register cuFFT factory: Attempting to register factory for plugin cuFFT when one has already been registered
2026-03-11 06:32:56.078104: E tensorflow/compiler/xla/stream_executor/cuda/cuda_blas.cc:1518] Unable to register cuBLAS factory: Attempting to register factory for plugin cuBLAS when one has already been registered
2026-03-11 06:32:56.086759: I tensorflow/core/platform/cpu_feature_guard.cc:182] This TensorFlow binary is optimized to use available CPU instructions in performance-critical operations.
To enable the following instructions: AVX2 AVX512F AVX512_VNNI FMA, in other operations, rebuild TensorFlow with the appropriate compiler flags.
AttributeError: 'MessageFactory' object has no attribute 'GetPrototype'
2026-03-11 06:32:57.142243: W tensorflow/compiler/tf2tensorrt/utils/py_utils.cc:38] TF-TRT Warning: Could not find TensorRT
AttributeError: 'MessageFactory' object has no attribute 'GetPrototype'
[info] total indices 2506
[info] total variants 2506
3.001 was filtered out as 42524243 delT needs N but not covered
3.002 was filtered out as 42524243 delT needs N but not covered
4.001 was filtered out as 42526693 G>A needs A but not covered
4.002 was filtered out as 42526693 G>A needs A but not covered
4.006 was filtered out as 42526693 G>A needs A but not covered
4.008 was filtered out as 42526693 G>A needs A but not covered
4.014 was filtered out as 42526693 G>A needs A but not covered
4.015 was filtered out as 42526693 G>A needs A but not covered
4.016 was filtered out as 42526693 G>A needs A but not covered
4.017 was filtered out as 42526693 G>A needs A but not covered
4.018 was filtered out as 42526693 G>A needs A but not covered
4.020 was filtered out as 42526693 G>A needs A but not covered
4.022 was filtered out as 42526693 G>A needs A but not covered
4.023 was filtered out as 42526693 G>A needs A but not covered
4.024 was filtered out as 42526693 G>A needs A but not covered
4.025 was filtered out as 42526693 G>A needs A but not covered
4.026 was filtered out as 42526693 G>A needs A but not covered
4.029 was filtered out as 42526693 G>A needs A but not covered
4.030 was filtered out as 42526693 G>A needs A but not covered
4.003 was filtered out as 42526693 G>A needs A but not covered
4.004 was filtered out as 42526693 G>A needs A but not covered
4.005 was filtered out as 42526693 G>A needs A but not covered
4.011 was filtered out as 42526693 G>A needs A but not covered
4.019 was filtered out as 42526693 G>A needs A but not covered
4.007 was filtered out as 42526693 G>A needs A but not covered
4.009 was filtered out as 42526693 G>A needs A but not covered
4.010 was filtered out as 42526693 G>A needs A but not covered
4.012 was filtered out as 42525820 G>T needs T but not covered
4.013 was filtered out as 42526693 G>A needs A but not covered
4.021 was filtered out as 42526693 G>A needs A but not covered
4.027 was filtered out as 42526693 G>A needs A but not covered
4.028 was filtered out as 42526693 G>A needs A but not covered
4.1013 was filtered out as 42526693 G>A needs A but not covered
4.1021 was filtered out as 42526693 G>A needs A but not covered
4.2021 was filtered out as 42526693 G>A needs A but not covered
6.001 was filtered out as 42525085 delA needs N but not covered
6.002 was filtered out as 42525085 delA needs N but not covered
6.005 was filtered out as 42525085 delA needs N but not covered
6.006 was filtered out as 42525085 delA needs N but not covered
6.003 was filtered out as 42525085 delA needs N but not covered
6.004 was filtered out as 42525085 delA needs N but not covered
7.001 was filtered out as 42523857 T>G needs G but not covered
8.001 was filtered out as 42525034 C>A needs A but not covered
9.001 was filtered out as 42524175 delCTT needs N but not covered
9.002 was filtered out as 42524175 delCTT needs N but not covered
10.001 was filtered out as 42526693 G>A needs A but not covered
10.002 was filtered out as 42526693 G>A needs A but not covered
10.003 was filtered out as 42526693 G>A needs A but not covered
10.004 was filtered out as 42526693 G>A needs A but not covered
10.005 was filtered out as 42526693 G>A needs A but not covered
10.006 was filtered out as 42526693 G>A needs A but not covered
10.007 was filtered out as 42526693 G>A needs A but not covered
10.1004 was filtered out as 42526693 G>A needs A but not covered
11.001 was filtered out as 42525911 C>G needs G but not covered
12.001 was filtered out as 42526669 C>T needs T but not covered
12.002 was filtered out as 42526669 C>T needs T but not covered
14.001 was filtered out as 42525034 C>T needs T but not covered
15.001 was filtered out as 42526655 insA needs P but not covered
15.002 was filtered out as 42526655 insA needs P but not covered
15.003 was filtered out as 42526655 insA needs P but not covered
17.001 was filtered out as 42525771 G>A needs A but not covered
17.002 was filtered out as 42525771 G>A needs A but not covered
17.003 was filtered out as 42525771 G>A needs A but not covered
17.004 was filtered out as 42525771 G>A needs A but not covered
17.005 was filtered out as 42525771 G>A needs A but not covered
17.006 was filtered out as 42525771 G>A needs A but not covered
18.001 was filtered out as 42522657 insCAGTGGGCA needs P but not covered
19.001 was filtered out as 42524250 delAGTT needs N but not covered
20.001 was filtered out as 42524815 insC needs P but not covered
21.001 was filtered out as 42524212 insG needs P but not covered
21.002 was filtered out as 42524212 insG needs P but not covered
22.001 was filtered out as 42526711 G>A needs A but not covered
23.001 was filtered out as 42525837 G>A needs A but not covered
24.001 was filtered out as 42523939 T>G needs G but not covered
25.001 was filtered out as 42523594 G>C needs C but not covered
26.001 was filtered out as 42523515 A>G needs G but not covered
27.001 was filtered out as 42522939 C>T needs T but not covered
28.001 was filtered out as 42526774 C>T needs T but not covered
28.002 was filtered out as 42526774 C>T needs T but not covered
29.001 was filtered out as 42525131 C.C>G.T needs M but not covered
30.001 was filtered out as 42524928 insGGGGCGAAA not covered (cov=0)
31.001 was filtered out as 42522750 C>T needs T but not covered
32.001 was filtered out as 42522939 C>T needs T but not covered
33.001 was filtered out as 42524309 C>A needs A but not covered
33.002 was filtered out as 42524309 C>A needs A but not covered
35.001 was filtered out as 42526762 C>T needs T but not covered
35.002 was filtered out as 42526762 C>T needs T but not covered
35.003 was filtered out as 42526762 C>T needs T but not covered
35.004 was filtered out as 42526762 C>T needs T but not covered
35.005 was filtered out as 42526762 C>T needs T but not covered
35.006 was filtered out as 42526762 C>T needs T but not covered
35.007 was filtered out as 42526762 C>T needs T but not covered
36.001 was filtered out as 42526693 G>A needs A but not covered
36.002 was filtered out as 42526693 G>A needs A but not covered
36.003 was filtered out as 42526693 G>A needs A but not covered
36.004 was filtered out as 42526693 G>A needs A but not covered
36.1001 was filtered out as 42526693 G>A needs A but not covered
37.001 was filtered out as 42526693 G>A needs A but not covered
38.001 was filtered out as 42524200 delTCAG needs N but not covered
40.001 was filtered out as 42525771 G>A needs A but not covered
41.001 was filtered out as 42523804 C>T needs T but not covered
41.002 was filtered out as 42523804 C>T needs T but not covered
41.003 was filtered out as 42523804 C>T needs T but not covered
41.004 was filtered out as 42523804 C>T needs T but not covered
41.005 was filtered out as 42523804 C>T needs T but not covered
42.001 was filtered out as 42523531 insAC needs P but not covered
44.001 was filtered out as 42526711 G>A needs A but not covered
47.001 was filtered out as 42526693 G>A needs A but not covered
48.001 was filtered out as 42525822 G>A needs A but not covered
49.001 was filtered out as 42526693 G>A needs A but not covered
50.001 was filtered out as 42525072 T>G needs G but not covered
51.001 was filtered out as 42523620 T>G needs G but not covered
52.001 was filtered out as 42526693 G>A needs A but not covered
52.002 was filtered out as 42526693 G>A needs A but not covered
53.001 was filtered out as 42525181 A>T needs T but not covered
54.001 was filtered out as 42526693 G>A needs A but not covered
55.001 was filtered out as 42522957 T>G needs G but not covered
56.001 was filtered out as 42523591 G>A needs A but not covered
56.002 was filtered out as 42526693 G>A needs A but not covered
56.003 was filtered out as 42526693 G>A needs A but not covered
57.001 was filtered out as 42526693 G>A needs A but not covered
57.1001 was filtered out as 42526693 G>A needs A but not covered
58.001 was filtered out as 42525771 G>A needs A but not covered
59.001 was filtered out as 42523853 C>T needs T but not covered
60.001 was filtered out as 42524904 insTA needs P but not covered
62.001 was filtered out as 42522748 G>A needs A but not covered
64.001 was filtered out as 42526693 G>A needs A but not covered
65.001 was filtered out as 42526693 G>A needs A but not covered
68.001 was filtered out as 42526693 G>A needs A but not covered
69.001 was filtered out as 42526693 G>A needs A but not covered
70.001 was filtered out as 42525131 C.C>G.T needs M but not covered
71.001 was filtered out as 42526668 C>T needs T but not covered
71.002 was filtered out as 42526668 C>T needs T but not covered
71.003 was filtered out as 42526668 C>T needs T but not covered
72.001 was filtered out as 42526693 G>A needs A but not covered
73.001 was filtered out as 42525781 C>T needs T but not covered
74.001 was filtered out as 42525820 G>T needs T but not covered
75.001 was filtered out as 42522747 C>T needs T but not covered
75.002 was filtered out as 42522747 C>T needs T but not covered
81.001 was filtered out as 42524213 G>A needs A but not covered
82.001 was filtered out as 42525820 G>T needs T but not covered
83.001 was filtered out as 42522664 G>C needs C but not covered
83.002 was filtered out as 42522664 G>C needs C but not covered
83.003 was filtered out as 42522664 G>C needs C but not covered
84.001 was filtered out as 42524218 G>T needs T but not covered
84.002 was filtered out as 42524218 G>T needs T but not covered
85.001 was filtered out as 42522635 A>C needs C but not covered
86.001 was filtered out as 42524186 C>T needs T but not covered
87.001 was filtered out as 42526693 G>A needs A but not covered
88.001 was filtered out as 42525780 A>G needs G but not covered
89.001 was filtered out as 42525114 A>G needs G but not covered
90.001 was filtered out as 42525099 T>C needs C but not covered
91.001 was filtered out as 42523804 C>T needs T but not covered
92.001 was filtered out as 42524797 delG needs N but not covered
93.001 was filtered out as 42524273 T>G needs G but not covered
94.001 was filtered out as 42526693 G>A needs A but not covered
94.002 was filtered out as 42526693 G>A needs A but not covered
95.001 was filtered out as 42526693 G>A needs A but not covered
96.001 was filtered out as 42522897 G>A needs A but not covered
97.001 was filtered out as 42522698 G>T needs T but not covered
98.001 was filtered out as 42522682 G>C needs C but not covered
99.001 was filtered out as 42526693 G>A needs A but not covered
100.001 was filtered out as 42526693 G>A needs A but not covered
101.001 was filtered out as 42526693 G>A needs A but not covered
102.001 was filtered out as 42525822 G>A needs A but not covered
103.001 was filtered out as 42525043 T>C needs C but not covered
104.001 was filtered out as 42525072 T>A needs A but not covered
105.001 was filtered out as 42523524 A>G needs G but not covered
106.001 was filtered out as 42522915 C>T needs T but not covered
106.002 was filtered out as 42522915 C>T needs T but not covered
106.003 was filtered out as 42522915 C>T needs T but not covered
107.001 was filtered out as 42525133 C>T needs T but not covered
108.001 was filtered out as 42523566 T>C needs C but not covered
109.001 was filtered out as 42524175 delCTT needs N but not covered
110.001 was filtered out as 42522736 C>T needs T but not covered
111.001 was filtered out as 42525760 C>T needs T but not covered
111.002 was filtered out as 42525760 C>T needs T but not covered
112.001 was filtered out as 42522606 G>A needs A but not covered
113.001 was filtered out as 42522753 C>T needs T but not covered
114.001 was filtered out as 42526693 G>A needs A but not covered
115.001 was filtered out as 42524175 delCTT needs N but not covered
116.001 was filtered out as 42523632 C>G needs G but not covered
117.001 was filtered out as 42523612 C>T needs T but not covered
118.001 was filtered out as 42523900 T>C needs C but not covered
119.001 was filtered out as 42523804 C>T needs T but not covered
120.001 was filtered out as 42526729 delG needs N but not covered
121.001 was filtered out as 42525043 T>C needs C but not covered
122.001 was filtered out as 42523513 C>T needs T but not covered
123.001 was filtered out as 42523804 C>T needs T but not covered
124.001 was filtered out as 42522982 delGA needs N but not covered
124.002 was filtered out as 42522982 delGA needs N but not covered
125.001 was filtered out as 42522720 C>T needs T but not covered
126.001 was filtered out as 42525135 G>A needs A but not covered
127.001 was filtered out as 42523527 C>T needs T but not covered
128.001 was filtered out as 42525888 A>C needs C but not covered
129.001 was filtered out as 42525156 C>T needs T but not covered
130.001 was filtered out as 42524879 CA>AG needs A but not covered
131.001 was filtered out as 42524326 A>G needs G but not covered
132.001 was filtered out as 42526693 G>A needs A but not covered
133.001 was filtered out as 42523603 C>T needs T but not covered
134.001 was filtered out as 42523590 C>T needs T but not covered
135.001 was filtered out as 42522927 G>A needs A but not covered
136.001 was filtered out as 42522878 G>A needs A but not covered
137.001 was filtered out as 42522579 C>T needs T but not covered
138.001 was filtered out as 42523804 C>T needs T but not covered
139.001 was filtered out as 42523527 C>T needs T but not covered
140.001 was filtered out as 42524330 G>A needs A but not covered
141.001 was filtered out as 42522664 G>C needs C but not covered
141.1001 was filtered out as 42525771 G>A needs A but not covered
142.001 was filtered out as 42526693 G>A needs A but not covered
143.001 was filtered out as 42526762 C>T needs T but not covered
144.001 was filtered out as 42524352 C>T needs T but not covered
145.001 was filtered out as 42524928 insGGGGCGAAA not covered (cov=0)
147.001 was filtered out as 42526693 G>A needs A but not covered
148.001 was filtered out as 42522939 C>T needs T but not covered
149.001 was filtered out as 42525131 C.C>G.T needs M but not covered
152.001 was filtered out as 42524341 G>A needs A but not covered
153.001 was filtered out as 42524808 C>T needs T but not covered
154.001 was filtered out as 42525771 G>A needs A but not covered
155.001 was filtered out as 42525131 C.C>G.T needs M but not covered
156.001 was filtered out as 42525131 C.C>G.T needs M but not covered
157.001 was filtered out as 42525131 C.C>G.T needs M but not covered
158.001 was filtered out as 42523804 C>T needs T but not covered
159.001 was filtered out as 42526671 G>A needs A but not covered
160.001 was filtered out as 42525820 G>T needs T but not covered
161.001 was filtered out as 42525184 C>A needs A but not covered
162.001 was filtered out as 42522939 C>T needs T but not covered
163.001 was filtered out as 42525157 A>G needs G but not covered
[filter] CYP2D6 1.001 => 1.001; 1.002; 1.003; 1.004; 1.005; 1.006; 1.007; 1.008; 1.009; 1.010; 1.011; 1.012; 1.013; 1.014; 1.015; 1.016; 1.017; 1.018; 1.019; 1.020; 1.021; 1.022; 1.023; 1.024; 1.025; 1.026; 1.027; 1.028; 1.029; 1.030; 1.031; 1.032; 1.033; 1.034; 1.035; 1.036; 1.037; 1.038; 1.039; 1.040; 1.041; 1.042; 1.043; 1.044; 1.045; 1.046; 1.047; 1.048; 1.049
[filter] CYP2D6 2.001 => 2.001; 2.002; 2.003; 2.004; 2.005; 2.006; 2.007; 2.008; 2.009; 2.010; 2.011; 2.012; 2.013; 2.014; 2.015; 2.016; 2.017; 2.018; 2.019; 2.020; 2.021; 2.022; 2.023; 2.024; 2.025; 2.026; 2.027; 2.028; 2.030
[filter] CYP2D6 5.001 => 5.001
[filter] CYP2D6 34.001 => 34.001
[filter] CYP2D6 39.001 => 39.001; 39.002
[filter] CYP2D6 43.001 => 43.001; 43.002
[filter] CYP2D6 45.001 => 45.001; 45.002; 45.003; 45.004
[filter] CYP2D6 46.001 => 46.001; 46.002; 46.003
[filter] CYP2D6 61.001 => 61.001
[filter] CYP2D6 63.001 => 63.001
[filter] CYP2D6 68.002 => 68.002
[filter] CYP2D6 83.1003 => 83.1003
[filter] CYP2D6 146.001 => 146.001
[filter] valid_alleles=96
CYP2D6:42522311 → A:0, C*:34, G:0, M:0, N:0, P:0, T:0
CYP2D6:42522391 → A:0, C:0, G*:48, M:0, N:0, P:0, T:0
CYP2D6:42522397 → A:0, C*:46, G:0, M:0, N:0, P:0, T:0
CYP2D6:42522608 → A:0, C:0, G:0, M:0, N:0, P:0, T*:65
CYP2D6:42522612^ → A:0, C*:38, G^:26, M:0, N:0, P:0, T:0
CYP2D6:42522677 → A:0, C:0, G*:49, M:0, N:0, P:0, T:0
CYP2D6:42522764 → A:0, C:0, G*:34, M:0, N:0, P:0, T:0
CYP2D6:42522766 → A:0, C:0, G*:37, M:0, N:0, P:0, T:0
CYP2D6:42522844 → A*:46, C:0, G:0, M:0, N:0, P:0, T:0
CYP2D6:42522964 → A:0, C*:52, G:0, M:0, N:0, P:0, T:0
CYP2D6:42523002 → A:31, C:0, G*:23, M:0, N:0, P:0, T:0
CYP2D6:42523070 → A*:53, C:0, G:0, M:0, N:0, P:0, T:0
CYP2D6:42523085 → A:0, C*:55, G:0, M:0, N:0, P:0, T:0
CYP2D6:42523144 → A:0, C:0, G*:55, M:0, N:0, P:0, T:0
CYP2D6:42523157 → A:0, C:0, G*:51, M:0, N:0, P:0, T:0
CYP2D6:42523208 → A:0, C*:18, G:0, M:0, N:0, P:0, T:19
CYP2D6:42523210 → A:0, C:0, G:0, M:0, N:0, P:0, T*:40
CYP2D6:42523240 → A:0, C:0, G*:43, M:0, N:0, P:0, T:0
CYP2D6:42523246 → A:0, C*:45, G:0, M:0, N:0, P:0, T:0
CYP2D6:42523301 → A:0, C*:47, G:0, M:0, N:0, P:0, T:0
CYP2D6:42523408 → A:0, C:0, G:54, M:0, N:0, P:0, T*:22
CYP2D6:42523538 → A*:21, C:0, G:42, M:0, N:0, P:0, T:0
CYP2D6:42523649 → A:0, C*:61, G:0, M:0, N:0, P:0, T:0
CYP2D6:42523661 → A:0, C:0, G*:57, M:0, N:0, P:0, T:0
CYP2D6:42523672 → A:0, C*:54, G:0, M:0, N:0, P:0, T:0
CYP2D6:42523681 → A:0, C*:54, G:0, M:0, N:0, P:0, T:0
CYP2D6:42523702 → A:0, C*:56, G:0, M:0, N:0, P:0, T:0
CYP2D6:42523759 → A:0, C*:55, G:0, M:0, N:0, P:0, T:0
CYP2D6:42523762 → A:0, C*:57, G:0, M:0, N:0, P:0, T:0
CYP2D6:42523787 → A:0, C*:50, G:0, M:0, N:0, P:0, T:0
CYP2D6:42523812 → A:0, C:0, G*:57, M:0, N:0, P:0, T:0
CYP2D6:42523942^ → A^:33, C:0, G*:22, M:0, N:0, P:0, T:0
CYP2D6:42524032 → A*:55, C:0, G:0, M:0, N:0, P:0, T:0
CYP2D6:42524072 → A:0, C*:61, G:0, M:0, N:0, P:0, T:0
CYP2D6:42524129 → A:0, C*:50, G:0, M:0, N:0, P:0, T:0
CYP2D6:42524131 → A:0, C*:22, G:0, M:0, N:0, P:0, T:28
CYP2D6:42524148 → A:0, C:0, G*:56, M:0, N:0, P:0, T:0
CYP2D6:42524161 → A:0, C:0, G*:60, M:0, N:0, P:0, T:0
CYP2D6:42524217 → A:0, C:0, G*:25, M:0, N:0, P:0, T:29
CYP2D6:42524312 → A:0, C:0, G*:41, M:0, N:0, P:0, T:0
CYP2D6:42524322 → A*:40, C:0, G:0, M:0, N:0, P:0, T:0
CYP2D6:42524368 → A:0, C:0, G*:46, M:0, N:0, P:0, T:0
CYP2D6:42524489 → A:0, C:0, G*:42, M:0, N:0, P:0, T:0
CYP2D6:42524501 → A:0, C*:41, G:0, M:0, N:0, P:0, T:0
CYP2D6:42524577 → A:0, C:0, G:0, M:0, N:0, P:0, T*:53
CYP2D6:42524581 → A:0, C:0, G*:56, M:0, N:0, P:0, T:0
CYP2D6:42524663 → A:0, C:0, G:0, M:0, N:0, P:0, T*:62
CYP2D6:42524669 → A:0, C:0, G*:60, M:0, N:0, P:0, T:0
CYP2D6:42524695 → A:0, C:0, G:0, M:0, N:0, P:0, T*:51
CYP2D6:42524737 → A:0, C*:42, G:0, M:0, N:0, P:0, T:0
CYP2D6:42524742 → A:0, C:0, G*:42, M:0, N:0, P:0, T:0
CYP2D6:42524794 → A*:49, C:0, G:0, M:0, N:0, P:0, T:0
CYP2D6:42524814 → A:0, C:0, G*:50, M:0, N:0, P:0, T:0
CYP2D6:42524923 → A*:63, C:0, G:0, M:0, N:0, P:0, T:0
CYP2D6:42524969 → A:0, C:0, G*:61, M:0, N:0, P:0, T:0
CYP2D6:42525009 → A:0, C:0, G:0, M:0, N:0, P:0, T*:60
CYP2D6:42525035 → A:0, C:0, G*:52, M:0, N:0, P:0, T:0
CYP2D6:42525068 → A:0, C:0, G*:58, M:0, N:0, P:0, T:0
CYP2D6:42525076^ → A:0, C*:24, G:0, M:0, N:0, P:0, T^:33
CYP2D6:42525131^ → A:0, C*:28, G:33, M^:0, N:0, P:0, T:0
CYP2D6:42525134 → A:0, C:0, G*:64, M:0, N:0, P:0, T:0
CYP2D6:42525215 → A:0, C:0, G*:56, M:0, N:0, P:0, T:0
CYP2D6:42525226 → A*:52, C:0, G:0, M:0, N:0, P:0, T:0
CYP2D6:42525229 → A*:49, C:0, G:0, M:0, N:0, P:0, T:0
CYP2D6:42525238 → A*:49, C:0, G:0, M:0, N:0, P:0, T:0
CYP2D6:42525279 → A:0, C:0, G*:46, M:0, N:0, P:0, T:0
CYP2D6:42525423 → A:0, C*:66, G:0, M:0, N:0, P:0, T:0
CYP2D6:42525443 → A:0, C*:67, G:0, M:0, N:0, P:0, T:0
CYP2D6:42525499 → A:0, C*:60, G:0, M:0, N:0, P:0, T:0
CYP2D6:42525525 → A:0, C*:55, G:0, M:0, N:0, P:0, T:0
CYP2D6:42525541 → A:0, C:0, G*:50, M:0, N:0, P:0, T:0
CYP2D6:42525564 → A:0, C*:57, G:0, M:0, N:0, P:0, T:0
CYP2D6:42525615 → A:0, C*:51, G:0, M:0, N:0, P:0, T:0
CYP2D6:42525624 → A:0, C*:51, G:0, M:0, N:0, P:0, T:0
CYP2D6:42525644 → A:0, C:0, G*:51, M:0, N:0, P:0, T:0
CYP2D6:42525707 → A:0, C:0, G*:38, M:0, N:0, P:0, T:0
CYP2D6:42525727 → A*:22, C:14, G:0, M:0, N:0, P:0, T:0
CYP2D6:42525755 → A:0, C:0, G*:41, M:0, N:0, P:0, T:0
CYP2D6:42525797 → A:0, C:0, G*:44, M:0, N:0, P:0, T:0
CYP2D6:42525951 → A*:0, C:51, G:0, M:0, N:0, P:0, T:0
CYP2D6:42526048 → A:0, C:21, G*:13, M:0, N:0, P:0, T:0
CYP2D6:42526050 → A:0, C:0, G*:34, M:0, N:0, P:0, T:0
CYP2D6:42526483 → A:54, C*:0, G:0, M:0, N:0, P:0, T:0
CYP2D6:42526523 → A:0, C:0, G*:42, M:0, N:0, P:0, T:0
CYP2D6:42526548 → A:0, C:0, G:0, M:0, N:0, P:0, T*:46
CYP2D6:42526560 → A:0, C:0, G:0, M:0, N:0, P:0, T*:41
CYP2D6:42526561 → A:0, C*:42, G:0, M:0, N:0, P:0, T:0
CYP2D6:42526566 → A*:40, C:0, G:0, M:0, N:0, P:0, T:0
CYP2D6:42526570 → A:0, C:0, G*:42, M:0, N:0, P:0, T:0
CYP2D6:42526572 → A:0, C:0, G*:41, M:0, N:0, P:0, T:0
CYP2D6:42526579 → A:0, C*:47, G:0, M:0, N:0, P:0, T:0
CYP2D6:42526716^ → A:0, C*:21, G:0, M:0, N:0, P:0, T^:25
CYP2D6:42526811 → A:0, C:0, G:0, M:0, N:0, P:0, T*:45
CYP2D6:42526815 → A:0, C*:45, G:0, M:0, N:0, P:0, T:0
CYP2D6:42526835 → A*:42, C:0, G:0, M:0, N:0, P:0, T:0
CYP2D6:42526878 → A*:53, C:0, G:0, M:0, N:0, P:0, T:0
CYP2D6:42526922 → A*:54, C:0, G:0, M:0, N:0, P:0, T:0
CYP2D6:42526968 → A:0, C*:64, G:0, M:0, N:0, P:0, T:0
CYP2D6:42527075 → A:0, C:0, G*:43, M:0, N:0, P:0, T:0
CYP2D6:42527115 → A*:34, C:0, G:0, M:0, N:0, P:0, T:0
CYP2D6:42527157 → A:0, C*:34, G:0, M:0, N:0, P:0, T:0
CYP2D6:42527186 → A:0, C*:43, G:0, M:0, N:0, P:0, T:0
CYP2D6:42527223 → A:0, C:0, G*:45, M:0, N:0, P:0, T:0
CYP2D6:42527290 → A:0, C:0, G*:60, M:0, N:0, P:0, T:0
CYP2D6:42527380 → A:0, C*:50, G:0, M:0, N:0, P:0, T:0
CYP2D6:42527470 → A:0, C*:42, G:0, M:0, N:0, P:0, T:0
CYP2D6:42527471 → A:0, C:0, G*:44, M:0, N:0, P:0, T:0
CYP2D6:42527484 → A:0, C*:44, G:0, M:0, N:0, P:0, T:0
CYP2D6:42527532 → A:22, C:0, G*:19, M:0, N:0, P:0, T:0
CYP2D6:42527541 → A:0, C:0, G:0, M:0, N:0, P:0, T*:35
CYP2D6:42527544 → A:0, C*:37, G:0, M:0, N:0, P:0, T:0
CYP2D6:42527632 → A*:43, C:0, G:0, M:0, N:0, P:0, T:0
CYP2D6:42527738 → A:0, C*:42, G:0, M:0, N:0, P:0, T:0
CYP2D6:42527776 → A:0, C*:57, G:0, M:0, N:0, P:0, T:0
CYP2D6:42527803 → A*:52, C:0, G:0, M:0, N:0, P:0, T:0
CYP2D6:42527885 → A*:61, C:0, G:0, M:0, N:0, P:0, T:0
CYP2D6:42527890 → A:0, C:0, G:0, M:0, N:0, P:0, T*:61
CYP2D6:42528027 → A:0, C:14, G:0, M:0, N:0, P:0, T*:0
CYP2D6:42528095 → A:0, C*:18, G:0, M:0, N:0, P:0, T:19
CYP2D6:42528123 → A:0, C:0, G*:44, M:0, N:0, P:0, T:0
CYP2D6:42528223 → A:0, C:0, G*:58, M:0, N:0, P:0, T:0
CYP2D6:42528340 → A:0, C*:22, G:0, M:0, N:0, P:0, T:22
CYP2D6:42528381 → A:0, C:0, G*:39, M:0, N:0, P:0, T:0
CYP2D6:42528397 → A:0, C:0, G:0, M:0, N:0, P:0, T*:41
CYP2D6:42528398 → A:0, C*:41, G:0, M:0, N:0, P:0, T:0
Step 0: Loss=0.1728, CN=[2.0999167]
Step 100: Loss=0.0959, CN=[2.4325233]
Step 200: Loss=0.0959, CN=[2.434257]
Step 300: Loss=0.0959, CN=[2.4342484]
Step 400: Loss=0.0959, CN=[2.4342484]

=== Fit ===
Region 0: obs=2.717, exp=2.434, diff=+0.283 
Region 1: obs=2.266, exp=2.434, diff=-0.168 
Region 2: obs=2.378, exp=2.434, diff=-0.057 
Region 3: obs=2.047, exp=2.434, diff=-0.387 
Region 4: obs=2.311, exp=2.434, diff=-0.124 
Region 5: obs=2.398, exp=2.434, diff=-0.036 
Region 6: obs=2.857, exp=2.434, diff=+0.423 
Region 7: obs=2.799, exp=2.434, diff=+0.364 
Region 8: obs=2.724, exp=2.434, diff=+0.290 
Region 9: obs=2.392, exp=2.434, diff=-0.042 
Region 10: obs=2.427, exp=2.434, diff=-0.007 
Region 11: obs=2.739, exp=2.434, diff=+0.305 
Region 12: obs=2.508, exp=2.434, diff=+0.074 
Region 13: obs=2.565, exp=2.434, diff=+0.131 
Region 14: obs=3.463, exp=2.434, diff=+1.029 *
Region 15: obs=2.626, exp=2.434, diff=+0.192 
Region 16: obs=2.541, exp=2.434, diff=+0.107 
Region 17: obs=1.897, exp=2.434, diff=-0.537 *
Region 18: obs=2.404, exp=2.434, diff=-0.030 
Region 19: obs=2.141, exp=2.434, diff=-0.294 
Region 20: obs=1.950, exp=2.434, diff=-0.484 
Region 21: obs=0.000, exp=2.434, diff=-2.434 *
Region 22: obs=2.395, exp=2.434, diff=-0.039 

[Gene CN Results]
  CYP2D6: 2.43 → 2.434248447418213

=== CYP2D6 Fusion Template CN Estimation ===

Using CN configs: ['1', '68.001', '141.1001']

Region coverage:
  up: 2.7
  utr5: 2.3
  e1: 2.4
  i1: 2.0
  e2: 2.3
  i2: 2.4
  e3: 2.9
  i3: 2.8
  e4: 2.7
  i4: 2.4
  e5: 2.4
  i5: 2.7
  e6: 2.5
  i6: 2.6
  e7: 3.5
  i7: 2.6
  e8: 2.5
  i8: 1.9
  e9: 2.4
  utr3: 2.1
  ins: 2.0
  pce: 0.0
  rep: 2.4
  e1_2d7: 0.3
  e2_2d7: 0.0
  e3_2d7: 0.1
  e5_2d7: 0.4
  e6_2d7: 0.3
  e9_2d7: 0.0
  pce_2d7: 0.2

CN configs: ['1', '68.001', '141.1001']
PCE contributions: {'1': tensor(0.), '68.001': tensor(1.), '141.1001': tensor(1.)}
Gene CN: 2.43 → required total: 2
Respect gene CN constraint: True
Enumerating configurations that sum to 2...
Evaluated 6 configurations

Top 5 configurations:
  1. loss=5.49: 1:2
  2. loss=11.68: 1:1, 141.1001:1
  3. loss=28.37: 141.1001:2
  4. loss=34.49: 1:1, 68.001:1
  5. loss=51.18: 68.001:1, 141.1001:1

Best CN assignment (loss=5.49):
  1: 2
  Total: 2

Fit comparison:
  up: obs=2.7, exp=2.0, diff=+0.7
  utr5: obs=2.3, exp=2.0, diff=+0.3
  e1: obs=2.4, exp=2.0, diff=+0.4
  i1: obs=2.0, exp=2.0, diff=+0.0
  e2: obs=2.3, exp=2.0, diff=+0.3
  i2: obs=2.4, exp=2.0, diff=+0.4
  e3: obs=2.9, exp=2.0, diff=+0.9
  i3: obs=2.8, exp=2.0, diff=+0.8
  e4: obs=2.7, exp=2.0, diff=+0.7
  i4: obs=2.4, exp=2.0, diff=+0.4
  e5: obs=2.4, exp=2.0, diff=+0.4
  i5: obs=2.7, exp=2.0, diff=+0.7
  e6: obs=2.5, exp=2.0, diff=+0.5
  i6: obs=2.6, exp=2.0, diff=+0.6
  e7: obs=3.5, exp=2.0, diff=+1.5
  i7: obs=2.6, exp=2.0, diff=+0.6
  e8: obs=2.5, exp=2.0, diff=+0.5
  i8: obs=1.9, exp=2.0, diff=-0.1
  e9: obs=2.4, exp=2.0, diff=+0.4
  utr3: obs=2.1, exp=2.0, diff=+0.1
  ins: obs=2.0, exp=2.0, diff=-0.0
  pce: obs=0.0, exp=0.0, diff=+0.0
  rep: obs=2.4, exp=2.0, diff=+0.4
  e1_2d7: obs=0.3, exp=0.0, diff=+0.3
  e2_2d7: obs=0.0, exp=0.0, diff=+0.0
  e3_2d7: obs=0.1, exp=0.0, diff=+0.1
  e5_2d7: obs=0.4, exp=0.0, diff=+0.4
  e6_2d7: obs=0.3, exp=0.0, diff=+0.3
  e9_2d7: obs=0.0, exp=0.0, diff=+0.0
  pce_2d7: obs=0.2, exp=0.0, diff=+0.2

[Selected CN Configs] 1:2
  Total CYP2D6 CN: 2

[Filtering alleles by cn_config]

Kept alleles by cn_config:
  1: 8 major alleles
    *1.001, *146.001, *2.001, *34.001, *39.001, *43.001, *45.001, *46.001

  Filtered: 5 alleles
  Kept: 91 alleles

[Updating N variant counts for deleted regions]
  Total updated: 0 positions

[Rebuilding allele vectors for fusion cn_configs]
Using device: cuda
num_sparse_entries: 11375
max sparse_flat_index: 79624
expected max: 79624

=== Running VAE with seed 42 ===
Global Pooled JS: 0.157354
Seed 42, Step    0: Loss = 3333.59 (Recon: 2504.30, Allele KL: 346.34, Base KL: 431091.69, Functional KL: 0.16
Global Pooled JS: 0.014565
Seed 42, Step  500: Loss = 1038.47 (Recon: 884.93, Allele KL: 61.99, Base KL: 30890.47, Functional KL: 0.01
Global Pooled JS: 0.009510
Seed 42, Step 1000: Loss = 1015.81 (Recon: 869.28, Allele KL: 59.22, Base KL: 30663.76, Functional KL: 0.01
Global Pooled JS: 0.014920
Seed 42, Step 1500: Loss = 1028.90 (Recon: 882.79, Allele KL: 61.97, Base KL: 30956.31, Functional KL: 0.01
Global Pooled JS: 0.008933
Seed 42, Step 2000: Loss = 1018.09 (Recon: 871.53, Allele KL: 54.59, Base KL: 31568.93, Functional KL: 0.01
Global Pooled JS: 0.009027
Seed 42, Step 2500: Loss = 1013.56 (Recon: 867.96, Allele KL: 56.05, Base KL: 32081.36, Functional KL: 0.01

Top Variants with Coverage Mismatches:
Rank   Variant                        Expected     Observed     Diff       |Div|       
------------------------------------------------------------------------------------------
1      CYP2D6:42522612→C              19.86        38.00        -18.14     0.003376    
2      CYP2D6:42526716→T              28.08        25.00        3.08       0.000820    
3      CYP2D6:42522612→G              28.44        26.00        2.44       0.000676    
4      CYP2D6:42525131→C              19.69        28.00        -8.31      0.000504    
5      CYP2D6:42522612→A              0.19         0.00         0.19       0.000271    
6      CYP2D6:42522612→M              0.19         0.00         0.19       0.000264    
7      CYP2D6:42522612→P              0.19         0.00         0.19       0.000263    
8      CYP2D6:42522612→T              0.18         0.00         0.18       0.000259    
9      CYP2D6:42526716→A              0.18         0.00         0.18       0.000257    
10     CYP2D6:42522612→N              0.18         0.00         0.18       0.000256    
11     CYP2D6:42523942→M              0.18         0.00         0.18       0.000256    
12     CYP2D6:42526716→N              0.18         0.00         0.18       0.000253    
13     CYP2D6:42526716→G              0.18         0.00         0.18       0.000250    
14     CYP2D6:42523942→N              0.18         0.00         0.18       0.000247    
15     CYP2D6:42523942→T              0.17         0.00         0.17       0.000244    
16     CYP2D6:42526716→M              0.17         0.00         0.17       0.000244    
17     CYP2D6:42526716→P              0.17         0.00         0.17       0.000243    
18     CYP2D6:42523942→C              0.17         0.00         0.17       0.000238    
19     CYP2D6:42523942→P              0.17         0.00         0.17       0.000237    
20     CYP2D6:42525076→N              0.16         0.00         0.16       0.000232    
21     CYP2D6:42525076→M              0.16         0.00         0.16       0.000229    
22     CYP2D6:42525076→G              0.16         0.00         0.16       0.000227    
23     CYP2D6:42525076→P              0.16         0.00         0.16       0.000226    
24     CYP2D6:42525076→A              0.16         0.00         0.16       0.000224    
25     CYP2D6:42526716→C              20.27        21.00        -0.73      0.000106    
26     CYP2D6:42523942→G              19.86        22.00        -2.14      0.000014    
27     CYP2D6:42525131→G              29.55        33.00        -3.45      0.000012    
28     CYP2D6:42525076→C              20.24        24.00        -3.76      0.000010    
29     CYP2D6:42525076→T              28.19        33.00        -4.81      0.000005    
30     CYP2D6:42523942→A              28.51        33.00        -4.49      0.000001    
31     CYP2D6:42525131→A              0.00         0.00         0.00       0.000000    
32     CYP2D6:42525131→M              0.00         0.00         0.00       0.000000    
33     CYP2D6:42525131→N              0.00         0.00         0.00       0.000000    
34     CYP2D6:42525131→P              0.00         0.00         0.00       0.000000    
35     CYP2D6:42525131→T              0.00         0.00         0.00       0.000000    
New best model with final loss: 1016.35

=== Running VAE with seed 123 ===
Global Pooled JS: 0.109590
Seed 123, Step    0: Loss = 2626.89 (Recon: 1859.85, Allele KL: 371.18, Base KL: 310906.12, Functional KL: 0.11
Global Pooled JS: 0.013864
Seed 123, Step  500: Loss = 940.29 (Recon: 756.68, Allele KL: 87.18, Base KL: 47900.29, Functional KL: 0.01
Global Pooled JS: 0.014831
Seed 123, Step 1000: Loss = 926.91 (Recon: 762.08, Allele KL: 63.81, Base KL: 48399.38, Functional KL: 0.01
Global Pooled JS: 0.011086
Seed 123, Step 1500: Loss = 921.96 (Recon: 758.23, Allele KL: 61.41, Base KL: 48666.80, Functional KL: 0.01
Global Pooled JS: 0.009218
Seed 123, Step 2000: Loss = 923.31 (Recon: 760.24, Allele KL: 59.23, Base KL: 48774.83, Functional KL: 0.01
Global Pooled JS: 0.010466
Seed 123, Step 2500: Loss = 925.34 (Recon: 765.85, Allele KL: 48.28, Base KL: 49223.22, Functional KL: 0.01

Top Variants with Coverage Mismatches:
Rank   Variant                        Expected     Observed     Diff       |Div|       
------------------------------------------------------------------------------------------
1      CYP2D6:42522612→C              19.58        38.00        -18.42     0.003545    
2      CYP2D6:42526716→T              28.48        25.00        3.48       0.000918    
3      CYP2D6:42522612→G              28.71        26.00        2.71       0.000736    
4      CYP2D6:42525131→C              19.38        28.00        -8.62      0.000576    
5      CYP2D6:42522612→T              0.19         0.00         0.19       0.000270    
6      CYP2D6:42522612→M              0.19         0.00         0.19       0.000270    
7      CYP2D6:42522612→A              0.19         0.00         0.19       0.000270    
8      CYP2D6:42522612→N              0.19         0.00         0.19       0.000269    
9      CYP2D6:42526716→N              0.19         0.00         0.19       0.000262    
10     CYP2D6:42522612→P              0.18         0.00         0.18       0.000260    
11     CYP2D6:42526716→P              0.18         0.00         0.18       0.000257    
12     CYP2D6:42526716→A              0.18         0.00         0.18       0.000254    
13     CYP2D6:42526716→M              0.18         0.00         0.18       0.000253    
14     CYP2D6:42526716→G              0.18         0.00         0.18       0.000251    
15     CYP2D6:42525076→P              0.18         0.00         0.18       0.000247    
16     CYP2D6:42525076→G              0.17         0.00         0.17       0.000246    
17     CYP2D6:42523942→N              0.17         0.00         0.17       0.000243    
18     CYP2D6:42525076→N              0.17         0.00         0.17       0.000242    
19     CYP2D6:42525076→A              0.17         0.00         0.17       0.000242    
20     CYP2D6:42525076→M              0.17         0.00         0.17       0.000242    
21     CYP2D6:42523942→C              0.17         0.00         0.17       0.000238    
22     CYP2D6:42523942→M              0.17         0.00         0.17       0.000237    
23     CYP2D6:42523942→P              0.17         0.00         0.17       0.000237    
24     CYP2D6:42523942→T              0.17         0.00         0.17       0.000237    
25     CYP2D6:42526716→C              19.86        21.00        -1.14      0.000067    
26     CYP2D6:42525076→C              19.82        24.00        -4.18      0.000028    
27     CYP2D6:42525131→G              29.86        33.00        -3.14      0.000023    
28     CYP2D6:42523942→G              19.55        22.00        -2.45      0.000004    
29     CYP2D6:42525076→T              28.55        33.00        -4.45      0.000000    
30     CYP2D6:42523942→A              28.84        33.00        -4.16      0.000000    
31     CYP2D6:42525131→A              0.00         0.00         0.00       0.000000    
32     CYP2D6:42525131→M              0.00         0.00         0.00       0.000000    
33     CYP2D6:42525131→N              0.00         0.00         0.00       0.000000    
34     CYP2D6:42525131→P              0.00         0.00         0.00       0.000000    
35     CYP2D6:42525131→T              0.00         0.00         0.00       0.000000    
New best model with final loss: 927.06

=== Running VAE with seed 456 ===
Global Pooled JS: 0.084376
Seed 456, Step    0: Loss = 2339.96 (Recon: 1698.11, Allele KL: 296.33, Base KL: 258643.66, Functional KL: 0.08
Global Pooled JS: 0.008800
Seed 456, Step  500: Loss = 935.04 (Recon: 768.94, Allele KL: 55.91, Base KL: 50009.40, Functional KL: 0.01
Global Pooled JS: 0.009196
Seed 456, Step 1000: Loss = 927.74 (Recon: 757.20, Allele KL: 69.73, Base KL: 48551.05, Functional KL: 0.01
Global Pooled JS: 0.010758
Seed 456, Step 1500: Loss = 922.32 (Recon: 759.96, Allele KL: 58.63, Base KL: 49166.42, Functional KL: 0.01
Global Pooled JS: 0.011403
Seed 456, Step 2000: Loss = 920.19 (Recon: 758.02, Allele KL: 59.86, Base KL: 48850.80, Functional KL: 0.01
Global Pooled JS: 0.015114
Seed 456, Step 2500: Loss = 925.92 (Recon: 766.83, Allele KL: 52.25, Base KL: 48790.52, Functional KL: 0.02

Top Variants with Coverage Mismatches:
Rank   Variant                        Expected     Observed     Diff       |Div|       
------------------------------------------------------------------------------------------
1      CYP2D6:42522612→C              16.93        38.00        -21.07     0.005383    
2      CYP2D6:42526716→T              31.15        25.00        6.15       0.001707    
3      CYP2D6:42525131→C              16.69        28.00        -11.31     0.001461    
4      CYP2D6:42522612→G              31.27        26.00        5.27       0.001416    
5      CYP2D6:42525076→C              17.08        24.00        -6.92      0.000386    
6      CYP2D6:42522612→P              0.21         0.00         0.21       0.000298    
7      CYP2D6:42522612→T              0.21         0.00         0.21       0.000297    
8      CYP2D6:42522612→A              0.21         0.00         0.21       0.000295    
9      CYP2D6:42522612→M              0.21         0.00         0.21       0.000292    
10     CYP2D6:42522612→N              0.21         0.00         0.21       0.000291    
11     CYP2D6:42526716→G              0.20         0.00         0.20       0.000279    
12     CYP2D6:42526716→M              0.20         0.00         0.20       0.000278    
13     CYP2D6:42523942→M              0.20         0.00         0.20       0.000278    
14     CYP2D6:42526716→A              0.20         0.00         0.20       0.000276    
15     CYP2D6:42523942→C              0.19         0.00         0.19       0.000274    
16     CYP2D6:42523942→T              0.19         0.00         0.19       0.000274    
17     CYP2D6:42526716→P              0.19         0.00         0.19       0.000271    
18     CYP2D6:42523942→N              0.19         0.00         0.19       0.000271    
19     CYP2D6:42526716→N              0.19         0.00         0.19       0.000270    
20     CYP2D6:42525076→N              0.19         0.00         0.19       0.000269    
21     CYP2D6:42525076→M              0.18         0.00         0.18       0.000259    
22     CYP2D6:42525076→A              0.18         0.00         0.18       0.000259    
23     CYP2D6:42523942→P              0.18         0.00         0.18       0.000259    
24     CYP2D6:42525076→G              0.18         0.00         0.18       0.000258    
25     CYP2D6:42525076→P              0.18         0.00         0.18       0.000255    
26     CYP2D6:42525131→G              32.55        33.00        -0.45      0.000244    
27     CYP2D6:42523942→G              16.89        22.00        -5.11      0.000143    
28     CYP2D6:42523942→A              31.39        33.00        -1.61      0.000121    
29     CYP2D6:42525076→T              31.23        33.00        -1.77      0.000108    
30     CYP2D6:42526716→C              17.11        21.00        -3.89      0.000039    
31     CYP2D6:42525131→A              0.00         0.00         0.00       0.000000    
32     CYP2D6:42525131→M              0.00         0.00         0.00       0.000000    
33     CYP2D6:42525131→N              0.00         0.00         0.00       0.000000    
34     CYP2D6:42525131→P              0.00         0.00         0.00       0.000000    
35     CYP2D6:42525131→T              0.00         0.00         0.00       0.000000    
New best model with final loss: 926.88

=== Multi-Seed VAE Results ===
Best model had seed 456 with final loss: 926.88
All seeds final losses:
  Seed 42: Total=1016.35 (Recon=867.24, A_KL=66.66, B_KL=30919.09)
  Seed 123: Total=927.06 (Recon=760.34, A_KL=66.39, B_KL=48577.84)
  Seed 456: Total=926.88 (Recon=762.64, A_KL=64.15, B_KL=48495.70) <- Best

[Raw]:
CYP2D6*46: Normalized=0.6563, Unnormalized=0.66
CYP2D6*1: Normalized=0.3384, Unnormalized=0.34

Allocating by cn_config:

[Alleles]
CYP2D6*46
CYP2D6*1
	Command being timed: "python /home/qinghuiz/aidy/push/Neretva/neretva/cyp.py CYP2D6 /project/shared/aldy-data/wgs/NA19908.wgs.cram"
	User time (seconds): 340.74
	System time (seconds): 71.34
	Percent of CPU this job got: 101%
	Elapsed (wall clock) time (h:mm:ss or m:ss): 6:47.07
	Average shared text size (kbytes): 0
	Average unshared data size (kbytes): 0
	Average stack size (kbytes): 0
	Average total size (kbytes): 0
	Maximum resident set size (kbytes): 2887480
	Average resident set size (kbytes): 0
	Major (requiring I/O) page faults: 0
	Minor (reclaiming a frame) page faults: 926217
	Voluntary context switches: 25337
	Involuntary context switches: 517
	Swaps: 0
	File system inputs: 0
	File system outputs: 104
	Socket messages sent: 0
	Socket messages received: 0
	Signals delivered: 0
	Page size (bytes): 4096
	Exit status: 0
