2026-05-16 02:42:48.619272: I tensorflow/core/util/port.cc:111] oneDNN custom operations are on. You may see slightly different numerical results due to floating-point round-off errors from different computation orders. To turn them off, set the environment variable `TF_ENABLE_ONEDNN_OPTS=0`.
2026-05-16 02:42:48.656972: E tensorflow/compiler/xla/stream_executor/cuda/cuda_dnn.cc:9342] Unable to register cuDNN factory: Attempting to register factory for plugin cuDNN when one has already been registered
2026-05-16 02:42:48.657116: E tensorflow/compiler/xla/stream_executor/cuda/cuda_fft.cc:609] Unable to register cuFFT factory: Attempting to register factory for plugin cuFFT when one has already been registered
2026-05-16 02:42:48.657254: E tensorflow/compiler/xla/stream_executor/cuda/cuda_blas.cc:1518] Unable to register cuBLAS factory: Attempting to register factory for plugin cuBLAS when one has already been registered
2026-05-16 02:42:48.665743: I tensorflow/core/platform/cpu_feature_guard.cc:182] This TensorFlow binary is optimized to use available CPU instructions in performance-critical operations.
To enable the following instructions: AVX2 AVX512F AVX512_VNNI FMA, in other operations, rebuild TensorFlow with the appropriate compiler flags.
AttributeError: 'MessageFactory' object has no attribute 'GetPrototype'
2026-05-16 02:43:03.632175: W tensorflow/compiler/tf2tensorrt/utils/py_utils.cc:38] TF-TRT Warning: Could not find TensorRT
AttributeError: 'MessageFactory' object has no attribute 'GetPrototype'
[info] total indices 2506
[info] total variants 2506
2.001 was filtered out as 42523942 G>A needs A but not covered
2.002 was filtered out as 42523942 G>A needs A but not covered
2.003 was filtered out as 42523942 G>A needs A but not covered
2.004 was filtered out as 42523942 G>A needs A but not covered
2.005 was filtered out as 42523942 G>A needs A but not covered
2.006 was filtered out as 42523942 G>A needs A but not covered
2.007 was filtered out as 42523942 G>A needs A but not covered
2.008 was filtered out as 42523942 G>A needs A but not covered
2.009 was filtered out as 42523942 G>A needs A but not covered
2.010 was filtered out as 42523942 G>A needs A but not covered
2.011 was filtered out as 42523942 G>A needs A but not covered
2.012 was filtered out as 42523942 G>A needs A but not covered
2.013 was filtered out as 42523942 G>A needs A but not covered
2.014 was filtered out as 42523942 G>A needs A but not covered
2.015 was filtered out as 42523942 G>A needs A but not covered
2.016 was filtered out as 42523942 G>A needs A but not covered
2.017 was filtered out as 42523942 G>A needs A but not covered
2.018 was filtered out as 42523942 G>A needs A but not covered
2.019 was filtered out as 42523942 G>A needs A but not covered
2.020 was filtered out as 42523942 G>A needs A but not covered
2.021 was filtered out as 42523942 G>A needs A but not covered
2.022 was filtered out as 42523942 G>A needs A but not covered
2.023 was filtered out as 42523942 G>A needs A but not covered
2.024 was filtered out as 42523942 G>A needs A but not covered
2.025 was filtered out as 42523942 G>A needs A but not covered
2.026 was filtered out as 42523942 G>A needs A but not covered
2.027 was filtered out as 42523942 G>A needs A but not covered
2.028 was filtered out as 42523942 G>A needs A but not covered
2.030 was filtered out as 42523942 G>A needs A but not covered
3.001 was filtered out as 42524243 delT needs N but not covered
3.002 was filtered out as 42524243 delT needs N but not covered
4.001 was filtered out as 42525820 G>T needs T but not covered
4.002 was filtered out as 42525820 G>T needs T but not covered
4.006 was filtered out as 42525820 G>T needs T but not covered
4.008 was filtered out as 42525820 G>T needs T but not covered
4.014 was filtered out as 42525820 G>T needs T but not covered
4.015 was filtered out as 42525820 G>T needs T but not covered
4.016 was filtered out as 42525820 G>T needs T but not covered
4.017 was filtered out as 42525820 G>T needs T but not covered
4.018 was filtered out as 42525820 G>T needs T but not covered
4.020 was filtered out as 42525820 G>T needs T but not covered
4.022 was filtered out as 42525820 G>T needs T but not covered
4.023 was filtered out as 42525820 G>T needs T but not covered
4.024 was filtered out as 42525820 G>T needs T but not covered
4.025 was filtered out as 42525820 G>T needs T but not covered
4.026 was filtered out as 42525820 G>T needs T but not covered
4.029 was filtered out as 42525820 G>T needs T but not covered
4.030 was filtered out as 42525820 G>T needs T but not covered
4.007 was filtered out as 42525820 G>T needs T but not covered
4.009 was filtered out as 42525820 G>T needs T but not covered
4.010 was filtered out as 42523942 G>A needs A but not covered
4.012 was filtered out as 42525820 G>T needs T but not covered
4.013 was filtered out as 42525820 G>T needs T but not covered
4.021 was filtered out as 42525820 G>T needs T but not covered
4.027 was filtered out as 42524212 C>T needs T but not covered
4.028 was filtered out as 42522723 G>T needs T but not covered
4.1013 was filtered out as 42525820 G>T needs T but not covered
4.1021 was filtered out as 42525820 G>T needs T but not covered
4.2021 was filtered out as 42525810 T>C needs C but not covered
6.001 was filtered out as 42525085 delA needs N but not covered
6.002 was filtered out as 42525085 delA needs N but not covered
6.005 was filtered out as 42525085 delA needs N but not covered
6.006 was filtered out as 42525085 delA needs N but not covered
6.003 was filtered out as 42525085 delA needs N but not covered
6.004 was filtered out as 42525085 delA needs N but not covered
8.001 was filtered out as 42523942 G>A needs A but not covered
9.001 was filtered out as 42524175 delCTT needs N but not covered
9.002 was filtered out as 42524175 delCTT needs N but not covered
11.001 was filtered out as 42523942 G>A needs A but not covered
12.001 was filtered out as 42523942 G>A needs A but not covered
12.002 was filtered out as 42523942 G>A needs A but not covered
14.001 was filtered out as 42523942 G>A needs A but not covered
15.001 was filtered out as 42526655 insA needs P but not covered
15.002 was filtered out as 42526655 insA needs P but not covered
15.003 was filtered out as 42526655 insA needs P but not covered
17.001 was filtered out as 42523942 G>A needs A but not covered
17.002 was filtered out as 42523942 G>A needs A but not covered
17.003 was filtered out as 42523942 G>A needs A but not covered
17.004 was filtered out as 42523942 G>A needs A but not covered
17.005 was filtered out as 42523942 G>A needs A but not covered
17.006 was filtered out as 42523942 G>A needs A but not covered
18.001 was filtered out as 42522657 insCAGTGGGCA needs P but not covered
19.001 was filtered out as 42523942 G>A needs A but not covered
20.001 was filtered out as 42523942 G>A needs A but not covered
21.001 was filtered out as 42523942 G>A needs A but not covered
21.002 was filtered out as 42523942 G>A needs A but not covered
22.001 was filtered out as 42526711 G>A needs A but not covered
23.001 was filtered out as 42525837 G>A needs A but not covered
24.001 was filtered out as 42523939 T>G needs G but not covered
25.001 was filtered out as 42523594 G>C needs C but not covered
26.001 was filtered out as 42523515 A>G needs G but not covered
27.001 was filtered out as 42522939 C>T needs T but not covered
28.001 was filtered out as 42523942 G>A needs A but not covered
28.002 was filtered out as 42523942 G>A needs A but not covered
29.001 was filtered out as 42523942 G>A needs A but not covered
30.001 was filtered out as 42523942 G>A needs A but not covered
31.001 was filtered out as 42523942 G>A needs A but not covered
32.001 was filtered out as 42523942 G>A needs A but not covered
33.001 was filtered out as 42524309 C>A needs A but not covered
33.002 was filtered out as 42524309 C>A needs A but not covered
34.001 was filtered out as 42523942 G>A needs A but not covered
35.001 was filtered out as 42523942 G>A needs A but not covered
35.002 was filtered out as 42523942 G>A needs A but not covered
35.003 was filtered out as 42523942 G>A needs A but not covered
35.004 was filtered out as 42523942 G>A needs A but not covered
35.005 was filtered out as 42523942 G>A needs A but not covered
35.006 was filtered out as 42523942 G>A needs A but not covered
35.007 was filtered out as 42523942 G>A needs A but not covered
36.001 was filtered out as 42522664 G>C needs C but not covered
36.002 was filtered out as 42522664 G>C needs C but not covered
36.003 was filtered out as 42522664 G>C needs C but not covered
36.004 was filtered out as 42522664 G>C needs C but not covered
37.001 was filtered out as 42524849 C>T needs T but not covered
38.001 was filtered out as 42524200 delTCAG needs N but not covered
40.001 was filtered out as 42523942 G>A needs A but not covered
41.001 was filtered out as 42523942 G>A needs A but not covered
41.002 was filtered out as 42523942 G>A needs A but not covered
41.003 was filtered out as 42523942 G>A needs A but not covered
41.004 was filtered out as 42523942 G>A needs A but not covered
41.005 was filtered out as 42523942 G>A needs A but not covered
42.001 was filtered out as 42523942 G>A needs A but not covered
43.001 was filtered out as 42526716 C>T needs T but not covered
43.002 was filtered out as 42526716 C>T needs T but not covered
44.001 was filtered out as 42526711 G>A needs A but not covered
45.001 was filtered out as 42523942 G>A needs A but not covered
45.002 was filtered out as 42523942 G>A needs A but not covered
45.003 was filtered out as 42523942 G>A needs A but not covered
45.004 was filtered out as 42523942 G>A needs A but not covered
46.001 was filtered out as 42523942 G>A needs A but not covered
46.002 was filtered out as 42523942 G>A needs A but not covered
46.003 was filtered out as 42523942 G>A needs A but not covered
47.001 was filtered out as 42526720 G>A needs A but not covered
48.001 was filtered out as 42525822 G>A needs A but not covered
49.001 was filtered out as 42525181 A>T needs T but not covered
50.001 was filtered out as 42525072 T>G needs G but not covered
51.001 was filtered out as 42523942 G>A needs A but not covered
52.001 was filtered out as 42522915 C>T needs T but not covered
52.002 was filtered out as 42522915 C>T needs T but not covered
53.001 was filtered out as 42525181 A>T needs T but not covered
54.001 was filtered out as 42524236 G>A needs A but not covered
55.001 was filtered out as 42523942 G>A needs A but not covered
56.001 was filtered out as 42523942 G>A needs A but not covered
56.002 was filtered out as 42523591 G>A needs A but not covered
56.003 was filtered out as 42523591 G>A needs A but not covered
57.001 was filtered out as 42522664 G>C needs C but not covered
57.1001 was filtered out as 42525907 G>A needs A but not covered
58.001 was filtered out as 42523942 G>A needs A but not covered
59.001 was filtered out as 42523942 G>A needs A but not covered
60.001 was filtered out as 42524904 insTA needs P but not covered
62.001 was filtered out as 42522748 G>A needs A but not covered
63.001 was filtered out as 42523942 G>A needs A but not covered
64.001 was filtered out as 42525771 G>A needs A but not covered
65.001 was filtered out as 42523942 G>A needs A but not covered
69.001 was filtered out as 42523942 G>A needs A but not covered
70.001 was filtered out as 42525131 C.C>G.T needs M but not covered
71.001 was filtered out as 42526668 C>T needs T but not covered
71.002 was filtered out as 42526668 C>T needs T but not covered
71.003 was filtered out as 42526668 C>T needs T but not covered
72.001 was filtered out as 42523474 C>T needs T but not covered
73.001 was filtered out as 42523942 G>A needs A but not covered
74.001 was filtered out as 42525820 G>T needs T but not covered
75.001 was filtered out as 42522747 C>T needs T but not covered
75.002 was filtered out as 42522747 C>T needs T but not covered
81.001 was filtered out as 42524213 G>A needs A but not covered
82.001 was filtered out as 42525820 G>T needs T but not covered
83.001 was filtered out as 42522664 G>C needs C but not covered
83.002 was filtered out as 42522664 G>C needs C but not covered
83.003 was filtered out as 42522664 G>C needs C but not covered
84.001 was filtered out as 42523942 G>A needs A but not covered
84.002 was filtered out as 42523942 G>A needs A but not covered
85.001 was filtered out as 42523942 G>A needs A but not covered
86.001 was filtered out as 42524186 C>T needs T but not covered
87.001 was filtered out as 42526779 G>A needs A but not covered
88.001 was filtered out as 42525780 A>G needs G but not covered
89.001 was filtered out as 42525114 A>G needs G but not covered
90.001 was filtered out as 42525099 T>C needs C but not covered
91.001 was filtered out as 42523942 G>A needs A but not covered
92.001 was filtered out as 42524797 delG needs N but not covered
93.001 was filtered out as 42524273 T>G needs G but not covered
94.001 was filtered out as 42523611 T>C needs C but not covered
94.002 was filtered out as 42523611 T>C needs C but not covered
95.001 was filtered out as 42523458 C>T needs T but not covered
96.001 was filtered out as 42522897 G>A needs A but not covered
97.001 was filtered out as 42522698 G>T needs T but not covered
98.001 was filtered out as 42523942 G>A needs A but not covered
99.001 was filtered out as 42525828 C>G needs G but not covered
100.001 was filtered out as 42523964 delG needs N but not covered
101.001 was filtered out as 42523847 delCACATCCGGATGTAGGATC needs N but not covered
102.001 was filtered out as 42523942 G>A needs A but not covered
103.001 was filtered out as 42523942 G>A needs A but not covered
104.001 was filtered out as 42523942 G>A needs A but not covered
105.001 was filtered out as 42523942 G>A needs A but not covered
106.001 was filtered out as 42522915 C>T needs T but not covered
106.002 was filtered out as 42522915 C>T needs T but not covered
106.003 was filtered out as 42522915 C>T needs T but not covered
107.001 was filtered out as 42525133 C>T needs T but not covered
108.001 was filtered out as 42523566 T>C needs C but not covered
109.001 was filtered out as 42524175 delCTT needs N but not covered
110.001 was filtered out as 42522736 C>T needs T but not covered
111.001 was filtered out as 42523942 G>A needs A but not covered
111.002 was filtered out as 42523942 G>A needs A but not covered
112.001 was filtered out as 42522606 G>A needs A but not covered
113.001 was filtered out as 42522753 C>T needs T but not covered
114.001 was filtered out as 42523942 G>A needs A but not covered
115.001 was filtered out as 42524175 delCTT needs N but not covered
116.001 was filtered out as 42523632 C>G needs G but not covered
117.001 was filtered out as 42523942 G>A needs A but not covered
118.001 was filtered out as 42523900 T>C needs C but not covered
119.001 was filtered out as 42523804 C>T needs T but not covered
120.001 was filtered out as 42526729 delG needs N but not covered
121.001 was filtered out as 42523942 G>A needs A but not covered
122.001 was filtered out as 42523513 C>T needs T but not covered
123.001 was filtered out as 42523942 G>A needs A but not covered
124.001 was filtered out as 42522982 delGA needs N but not covered
124.002 was filtered out as 42522982 delGA needs N but not covered
125.001 was filtered out as 42523942 G>A needs A but not covered
126.001 was filtered out as 42523942 G>A needs A but not covered
127.001 was filtered out as 42523527 C>T needs T but not covered
128.001 was filtered out as 42523942 G>A needs A but not covered
129.001 was filtered out as 42523942 G>A needs A but not covered
130.001 was filtered out as 42524879 CA>AG needs A but not covered
131.001 was filtered out as 42524326 A>G needs G but not covered
132.001 was filtered out as 42523974 T>C needs C but not covered
133.001 was filtered out as 42523942 G>A needs A but not covered
134.001 was filtered out as 42523590 C>T needs T but not covered
135.001 was filtered out as 42523942 G>A needs A but not covered
136.001 was filtered out as 42523942 G>A needs A but not covered
137.001 was filtered out as 42522579 C>T needs T but not covered
138.001 was filtered out as 42523942 G>A needs A but not covered
139.001 was filtered out as 42523527 C>T needs T but not covered
140.001 was filtered out as 42524330 G>A needs A but not covered
141.001 was filtered out as 42523942 G>A needs A but not covered
141.1001 was filtered out as 42523942 G>A needs A but not covered
142.001 was filtered out as 42526711 G>A needs A but not covered
143.001 was filtered out as 42526762 C>T needs T but not covered
144.001 was filtered out as 42524352 C>T needs T but not covered
145.001 was filtered out as 42524928 insGGGGCGAAA not covered (cov=0)
146.001 was filtered out as 42523942 G>A needs A but not covered
147.001 was filtered out as 42524928 insGGGGCGAAA not covered (cov=0)
148.001 was filtered out as 42523942 G>A needs A but not covered
149.001 was filtered out as 42523942 G>A needs A but not covered
152.001 was filtered out as 42524341 G>A needs A but not covered
153.001 was filtered out as 42524808 C>T needs T but not covered
154.001 was filtered out as 42523942 G>A needs A but not covered
155.001 was filtered out as 42523942 G>A needs A but not covered
156.001 was filtered out as 42523942 G>A needs A but not covered
157.001 was filtered out as 42523942 G>A needs A but not covered
158.001 was filtered out as 42523942 G>A needs A but not covered
159.001 was filtered out as 42523942 G>A needs A but not covered
160.001 was filtered out as 42523942 G>A needs A but not covered
161.001 was filtered out as 42523942 G>A needs A but not covered
162.001 was filtered out as 42523942 G>A needs A but not covered
163.001 was filtered out as 42523942 G>A needs A but not covered
[filter] CYP2D6 1.001 => 1.001; 1.002; 1.003; 1.004; 1.005; 1.006; 1.007; 1.008; 1.009; 1.010; 1.011; 1.012; 1.013; 1.014; 1.015; 1.016; 1.017; 1.018; 1.019; 1.020; 1.021; 1.022; 1.023; 1.024; 1.025; 1.026; 1.027; 1.028; 1.029; 1.030; 1.031; 1.032; 1.033; 1.034; 1.035; 1.036; 1.037; 1.038; 1.039; 1.040; 1.041; 1.042; 1.043; 1.044; 1.045; 1.046; 1.047; 1.048; 1.049
[filter] CYP2D6 4.003 => 4.003; 4.004; 4.005; 4.011; 4.019
[filter] CYP2D6 5.001 => 5.001
[filter] CYP2D6 7.001 => 7.001
[filter] CYP2D6 10.001 => 10.001; 10.002; 10.003; 10.004; 10.005; 10.006; 10.007; 10.1004
[filter] CYP2D6 36.1001 => 36.1001
[filter] CYP2D6 39.001 => 39.001; 39.002
[filter] CYP2D6 61.001 => 61.001
[filter] CYP2D6 68.001 => 68.001
[filter] CYP2D6 68.002 => 68.002
[filter] CYP2D6 83.1003 => 83.1003
[filter] valid_alleles=71
Step 0: Loss=0.5142, CN=[2.0999167]
Step 100: Loss=0.1464, CN=[3.1844132]
Step 200: Loss=0.1464, CN=[3.1894224]
Step 300: Loss=0.1464, CN=[3.1894493]
Step 400: Loss=0.1464, CN=[3.1894493]

=== Fit ===
Region 0: obs=3.819, exp=3.189, diff=+0.629 *
Region 1: obs=3.039, exp=3.189, diff=-0.151 
Region 2: obs=3.636, exp=3.189, diff=+0.447 
Region 3: obs=2.956, exp=3.189, diff=-0.234 
Region 4: obs=3.188, exp=3.189, diff=-0.001 
Region 5: obs=3.667, exp=3.189, diff=+0.477 
Region 6: obs=3.038, exp=3.189, diff=-0.151 
Region 7: obs=3.302, exp=3.189, diff=+0.113 
Region 8: obs=2.870, exp=3.189, diff=-0.320 
Region 9: obs=2.944, exp=3.189, diff=-0.245 
Region 10: obs=2.239, exp=3.189, diff=-0.950 *
Region 11: obs=3.242, exp=3.189, diff=+0.052 
Region 12: obs=3.260, exp=3.189, diff=+0.070 
Region 13: obs=3.280, exp=3.189, diff=+0.091 
Region 14: obs=4.385, exp=3.189, diff=+1.196 *
Region 15: obs=3.984, exp=3.189, diff=+0.795 *
Region 16: obs=3.173, exp=3.189, diff=-0.016 
Region 17: obs=3.459, exp=3.189, diff=+0.269 
Region 18: obs=3.269, exp=3.189, diff=+0.080 
Region 19: obs=3.129, exp=3.189, diff=-0.060 
Region 20: obs=2.713, exp=3.189, diff=-0.477 
Region 21: obs=0.000, exp=3.189, diff=-3.189 *
Region 22: obs=2.746, exp=3.189, diff=-0.444 

[Gene CN Results]
  CYP2D6: 3.19 → 3.1894493103027344

=== CYP2D6 Fusion Template CN Estimation ===

Using CN configs: ['1', '68.001', '141.1001']

Region coverage:
  up: 3.8
  utr5: 3.0
  e1: 3.6
  i1: 3.0
  e2: 3.2
  i2: 3.7
  e3: 3.0
  i3: 3.3
  e4: 2.9
  i4: 2.9
  e5: 2.2
  i5: 3.2
  e6: 3.3
  i6: 3.3
  e7: 4.4
  i7: 4.0
  e8: 3.2
  i8: 3.5
  e9: 3.3
  utr3: 3.1
  ins: 2.7
  pce: 0.0
  rep: 2.7
  e1_2d7: 0.0
  e2_2d7: 0.0
  e3_2d7: 0.4
  e5_2d7: 0.0
  e6_2d7: 0.2
  e9_2d7: 0.5
  pce_2d7: 0.0

CN configs: ['1', '68.001', '141.1001']
PCE contributions: {'1': tensor(0.), '68.001': tensor(1.), '141.1001': tensor(1.)}
Gene CN: 3.19 → required total: 3
Respect gene CN constraint: True
Enumerating configurations that sum to 3...
Evaluated 10 configurations

Top 5 configurations:
  1. loss=4.45: 1:3
  2. loss=9.16: 1:2, 141.1001:1
  3. loss=24.37: 1:1, 141.1001:2
  4. loss=25.80: 1:2, 68.001:1
  5. loss=41.01: 1:1, 68.001:1, 141.1001:1

Best CN assignment (loss=4.45):
  1: 3
  Total: 3

Fit comparison:
  up: obs=3.8, exp=3.0, diff=+0.8
  utr5: obs=3.0, exp=3.0, diff=+0.0
  e1: obs=3.6, exp=3.0, diff=+0.6
  i1: obs=3.0, exp=3.0, diff=-0.0
  e2: obs=3.2, exp=3.0, diff=+0.2
  i2: obs=3.7, exp=3.0, diff=+0.7
  e3: obs=3.0, exp=3.0, diff=+0.0
  i3: obs=3.3, exp=3.0, diff=+0.3
  e4: obs=2.9, exp=3.0, diff=-0.1
  i4: obs=2.9, exp=3.0, diff=-0.1
  e5: obs=2.2, exp=3.0, diff=-0.8
  i5: obs=3.2, exp=3.0, diff=+0.2
  e6: obs=3.3, exp=3.0, diff=+0.3
  i6: obs=3.3, exp=3.0, diff=+0.3
  e7: obs=4.4, exp=3.0, diff=+1.4
  i7: obs=4.0, exp=3.0, diff=+1.0
  e8: obs=3.2, exp=3.0, diff=+0.2
  i8: obs=3.5, exp=3.0, diff=+0.5
  e9: obs=3.3, exp=3.0, diff=+0.3
  utr3: obs=3.1, exp=3.0, diff=+0.1
  ins: obs=2.7, exp=3.0, diff=-0.3
  pce: obs=0.0, exp=0.0, diff=+0.0
  rep: obs=2.7, exp=3.0, diff=-0.3
  e1_2d7: obs=0.0, exp=0.0, diff=+0.0
  e2_2d7: obs=0.0, exp=0.0, diff=+0.0
  e3_2d7: obs=0.4, exp=0.0, diff=+0.4
  e5_2d7: obs=0.0, exp=0.0, diff=+0.0
  e6_2d7: obs=0.2, exp=0.0, diff=+0.2
  e9_2d7: obs=0.5, exp=0.0, diff=+0.5
  pce_2d7: obs=0.0, exp=0.0, diff=+0.0

[Selected CN Configs] 1:3
  Total CYP2D6 CN: 3

[Filtering alleles by cn_config]

Kept alleles by cn_config:
  1: 5 major alleles
    *1.001, *10.001, *39.001, *4.003, *7.001

  Filtered: 6 alleles
  Kept: 65 alleles

[Updating N variant counts for deleted regions]
  Total updated: 0 positions

[Rebuilding allele vectors for fusion cn_configs]
Using device: cuda

=== Running VAE with seed 42 ===
Global Pooled JS: 0.132620
Seed 42, Step    0: Loss = 2176.30 (Recon: 1544.76, Allele KL: 322.23, Base KL: 241350.42, Functional KL: 0.13
Global Pooled JS: 0.006699
Seed 42, Step  500: Loss = 810.27 (Recon: 644.43, Allele KL: 58.21, Base KL: 40709.77, Functional KL: 0.01
Global Pooled JS: 0.005917
Seed 42, Step 1000: Loss = 732.84 (Recon: 565.75, Allele KL: 46.70, Base KL: 66601.22, Functional KL: 0.01
Global Pooled JS: 0.005885
Seed 42, Step 1500: Loss = 741.24 (Recon: 567.82, Allele KL: 53.75, Base KL: 66220.95, Functional KL: 0.01
Global Pooled JS: 0.005962
Seed 42, Step 2000: Loss = 737.61 (Recon: 566.20, Allele KL: 52.86, Base KL: 65991.67, Functional KL: 0.01
Global Pooled JS: 0.006405
Seed 42, Step 2500: Loss = 747.81 (Recon: 573.35, Allele KL: 51.46, Base KL: 68069.74, Functional KL: 0.01

Top Variants with Coverage Mismatches:
Rank   Variant                        Expected     Observed     Diff       |Div|       
------------------------------------------------------------------------------------------
1      CYP2D6:42526693→G              20.26        30.00        -9.74      0.001277    
2      CYP2D6:42525131→G              50.12        40.00        10.12      0.000884    
3      CYP2D6:42525131→C              19.96        25.00        -5.04      0.000367    
4      CYP2D6:42526693→N              0.27         0.00         0.27       0.000264    
5      CYP2D6:42526693→M              0.26         0.00         0.26       0.000259    
6      CYP2D6:42526693→T              0.26         0.00         0.26       0.000256    
7      CYP2D6:42526693→P              0.26         0.00         0.26       0.000253    
8      CYP2D6:42526693→C              0.26         0.00         0.26       0.000252    
9      CYP2D6:42522612→P              0.25         0.00         0.25       0.000250    
10     CYP2D6:42524946→P              0.25         0.00         0.25       0.000250    
11     CYP2D6:42522612→T              0.25         0.00         0.25       0.000249    
12     CYP2D6:42524946→G              0.25         0.00         0.25       0.000248    
13     CYP2D6:42524946→N              0.25         0.00         0.25       0.000248    
14     CYP2D6:42522612→M              0.25         0.00         0.25       0.000247    
15     CYP2D6:42524946→M              0.25         0.00         0.25       0.000245    
16     CYP2D6:42524946→A              0.25         0.00         0.25       0.000243    
17     CYP2D6:42522612→A              0.24         0.00         0.24       0.000242    
18     CYP2D6:42522612→N              0.24         0.00         0.24       0.000238    
19     CYP2D6:42522612→C              20.22        18.00        2.22       0.000108    
20     CYP2D6:42523857→T              70.06        74.00        -3.94      0.000050    
21     CYP2D6:42524946→C              20.33        19.00        1.33       0.000043    
22     CYP2D6:42524946→T              48.49        47.00        1.49       0.000029    
23     CYP2D6:42522612→G              48.62        51.00        -2.38      0.000025    
24     CYP2D6:42523857→G              0.01         0.00         0.01       0.000013    
25     CYP2D6:42526693→A              48.51        50.00        -1.49      0.000007    
26     CYP2D6:42523857→P              0.00         0.00         0.00       0.000000    
27     CYP2D6:42523857→N              0.00         0.00         0.00       0.000000    
28     CYP2D6:42523857→A              0.00         0.00         0.00       0.000000    
29     CYP2D6:42523857→C              0.00         0.00         0.00       0.000000    
30     CYP2D6:42523857→M              0.00         0.00         0.00       0.000000    
31     CYP2D6:42525131→A              0.00         0.00         0.00       0.000000    
32     CYP2D6:42525131→M              0.00         0.00         0.00       0.000000    
33     CYP2D6:42525131→N              0.00         0.00         0.00       0.000000    
34     CYP2D6:42525131→P              0.00         0.00         0.00       0.000000    
35     CYP2D6:42525131→T              0.00         0.00         0.00       0.000000    
New best model with final loss: 741.92

=== Running VAE with seed 123 ===
Global Pooled JS: 0.225969
Seed 123, Step    0: Loss = 3340.00 (Recon: 2648.31, Allele KL: 409.63, Base KL: 194994.42, Functional KL: 0.23
Global Pooled JS: 0.030598
Seed 123, Step  500: Loss = 796.80 (Recon: 628.06, Allele KL: 79.14, Base KL: 27741.52, Functional KL: 0.03
Global Pooled JS: 0.041666
Seed 123, Step 1000: Loss = 795.81 (Recon: 643.68, Allele KL: 60.16, Base KL: 28205.32, Functional KL: 0.04
Global Pooled JS: 0.028969
Seed 123, Step 1500: Loss = 798.45 (Recon: 639.91, Allele KL: 57.00, Base KL: 27429.36, Functional KL: 0.03
Global Pooled JS: 0.034250
Seed 123, Step 2000: Loss = 794.85 (Recon: 632.35, Allele KL: 72.25, Base KL: 27180.94, Functional KL: 0.03
Global Pooled JS: 0.030585
Seed 123, Step 2500: Loss = 788.78 (Recon: 633.15, Allele KL: 56.23, Base KL: 28140.86, Functional KL: 0.03

Top Variants with Coverage Mismatches:
Rank   Variant                        Expected     Observed     Diff       |Div|       
------------------------------------------------------------------------------------------
1      CYP2D6:42524946→C              51.93        19.00        32.93      0.011511    
2      CYP2D6:42524946→T              17.69        47.00        -29.31     0.009572    
3      CYP2D6:42526693→G              20.48        30.00        -9.52      0.001214    
4      CYP2D6:42525131→G              50.00        40.00        10.00      0.000865    
5      CYP2D6:42525131→C              20.07        25.00        -4.93      0.000348    
6      CYP2D6:42522612→M              0.31         0.00         0.31       0.000308    
7      CYP2D6:42522612→P              0.31         0.00         0.31       0.000307    
8      CYP2D6:42526693→M              0.31         0.00         0.31       0.000304    
9      CYP2D6:42526693→N              0.31         0.00         0.31       0.000304    
10     CYP2D6:42526693→T              0.31         0.00         0.31       0.000303    
11     CYP2D6:42526693→P              0.31         0.00         0.31       0.000303    
12     CYP2D6:42522612→N              0.31         0.00         0.31       0.000303    
13     CYP2D6:42526693→C              0.31         0.00         0.31       0.000303    
14     CYP2D6:42522612→A              0.30         0.00         0.30       0.000301    
15     CYP2D6:42522612→T              0.30         0.00         0.30       0.000300    
16     CYP2D6:42522612→C              20.39        18.00        2.39       0.000124    
17     CYP2D6:42524946→P              0.09         0.00         0.09       0.000092    
18     CYP2D6:42524946→N              0.09         0.00         0.09       0.000091    
19     CYP2D6:42524946→A              0.09         0.00         0.09       0.000090    
20     CYP2D6:42524946→M              0.09         0.00         0.09       0.000090    
21     CYP2D6:42524946→G              0.09         0.00         0.09       0.000088    
22     CYP2D6:42523857→T              70.03        74.00        -3.97      0.000051    
23     CYP2D6:42522612→G              48.15        51.00        -2.85      0.000039    
24     CYP2D6:42523857→G              0.04         0.00         0.04       0.000038    
25     CYP2D6:42526693→A              48.06        50.00        -1.94      0.000015    
26     CYP2D6:42523857→M              0.00         0.00         0.00       0.000000    
27     CYP2D6:42523857→N              0.00         0.00         0.00       0.000000    
28     CYP2D6:42523857→P              0.00         0.00         0.00       0.000000    
29     CYP2D6:42523857→A              0.00         0.00         0.00       0.000000    
30     CYP2D6:42523857→C              0.00         0.00         0.00       0.000000    
31     CYP2D6:42525131→A              0.00         0.00         0.00       0.000000    
32     CYP2D6:42525131→M              0.00         0.00         0.00       0.000000    
33     CYP2D6:42525131→N              0.00         0.00         0.00       0.000000    
34     CYP2D6:42525131→P              0.00         0.00         0.00       0.000000    
35     CYP2D6:42525131→T              0.00         0.00         0.00       0.000000    

=== Running VAE with seed 456 ===
Global Pooled JS: 0.119317
Seed 456, Step    0: Loss = 2552.87 (Recon: 2013.21, Allele KL: 306.85, Base KL: 158473.34, Functional KL: 0.12
Global Pooled JS: 0.007482
Seed 456, Step  500: Loss = 810.55 (Recon: 672.76, Allele KL: 42.06, Base KL: 33373.58, Functional KL: 0.01
Global Pooled JS: 0.006608
Seed 456, Step 1000: Loss = 822.13 (Recon: 682.10, Allele KL: 57.50, Base KL: 33206.91, Functional KL: 0.01
Global Pooled JS: 0.006239
Seed 456, Step 1500: Loss = 815.54 (Recon: 681.13, Allele KL: 43.86, Base KL: 33520.45, Functional KL: 0.01
Global Pooled JS: 0.006044
Seed 456, Step 2000: Loss = 806.81 (Recon: 667.42, Allele KL: 50.43, Base KL: 34135.63, Functional KL: 0.01
Global Pooled JS: 0.010775
Seed 456, Step 2500: Loss = 829.61 (Recon: 688.52, Allele KL: 36.86, Base KL: 33796.76, Functional KL: 0.01

Top Variants with Coverage Mismatches:
Rank   Variant                        Expected     Observed     Diff       |Div|       
------------------------------------------------------------------------------------------
1      CYP2D6:42522612→C              23.45        18.00        5.45       0.000551    
2      CYP2D6:42526693→G              23.52        30.00        -6.48      0.000512    
3      CYP2D6:42525131→G              46.85        40.00        6.85       0.000436    
4      CYP2D6:42524946→C              23.74        19.00        4.74       0.000409    
5      CYP2D6:42524946→N              0.25         0.00         0.25       0.000244    
6      CYP2D6:42526693→C              0.24         0.00         0.24       0.000242    
7      CYP2D6:42524946→A              0.24         0.00         0.24       0.000239    
8      CYP2D6:42526693→P              0.24         0.00         0.24       0.000238    
9      CYP2D6:42526693→T              0.24         0.00         0.24       0.000237    
10     CYP2D6:42522612→N              0.24         0.00         0.24       0.000236    
11     CYP2D6:42526693→M              0.24         0.00         0.24       0.000236    
12     CYP2D6:42524946→G              0.24         0.00         0.24       0.000236    
13     CYP2D6:42522612→P              0.24         0.00         0.24       0.000235    
14     CYP2D6:42524946→P              0.24         0.00         0.24       0.000234    
15     CYP2D6:42524946→M              0.24         0.00         0.24       0.000233    
16     CYP2D6:42522612→A              0.24         0.00         0.24       0.000232    
17     CYP2D6:42526693→N              0.23         0.00         0.23       0.000232    
18     CYP2D6:42522612→T              0.23         0.00         0.23       0.000229    
19     CYP2D6:42522612→M              0.23         0.00         0.23       0.000228    
20     CYP2D6:42522612→G              45.45        51.00        -5.55      0.000188    
21     CYP2D6:42526693→A              45.36        50.00        -4.64      0.000128    
22     CYP2D6:42523857→T              70.04        74.00        -3.96      0.000051    
23     CYP2D6:42525131→C              23.22        25.00        -1.78      0.000034    
24     CYP2D6:42523857→G              0.03         0.00         0.03       0.000027    
25     CYP2D6:42524946→T              45.14        47.00        -1.86      0.000015    
26     CYP2D6:42523857→A              0.00         0.00         0.00       0.000000    
27     CYP2D6:42523857→M              0.00         0.00         0.00       0.000000    
28     CYP2D6:42523857→N              0.00         0.00         0.00       0.000000    
29     CYP2D6:42523857→C              0.00         0.00         0.00       0.000000    
30     CYP2D6:42523857→P              0.00         0.00         0.00       0.000000    
31     CYP2D6:42525131→A              0.00         0.00         0.00       0.000000    
32     CYP2D6:42525131→M              0.00         0.00         0.00       0.000000    
33     CYP2D6:42525131→N              0.00         0.00         0.00       0.000000    
34     CYP2D6:42525131→P              0.00         0.00         0.00       0.000000    
35     CYP2D6:42525131→T              0.00         0.00         0.00       0.000000    

=== Multi-Seed VAE Results ===
Best model had seed 42 with final loss: 741.92
All seeds final losses:
  Seed 42: Total=741.92 (Recon=562.76, A_KL=67.38, B_KL=64997.60) <- Best
  Seed 123: Total=794.45 (Recon=638.26, A_KL=55.70, B_KL=26965.93)
  Seed 456: Total=809.52 (Recon=670.05, A_KL=49.69, B_KL=33211.82)
[time] run_vae took 156.30s (2,665.453125 MB; 2,738.18359375 MB)

[Raw]:
CYP2D6*4: Normalized=0.7137, Unnormalized=0.71
CYP2D6*1: Normalized=0.2845, Unnormalized=0.28

Allocating by cn_config:

[Alleles]
CYP2D6*4
CYP2D6*4
CYP2D6*1
	Command being timed: "python cyp.py CYP2D6 /project/shared/aldy-data/wgs/NA19920.wgs.cram"
	User time (seconds): 158.01
	System time (seconds): 21.92
	Percent of CPU this job got: 82%
	Elapsed (wall clock) time (h:mm:ss or m:ss): 3:39.06
	Average shared text size (kbytes): 0
	Average unshared data size (kbytes): 0
	Average stack size (kbytes): 0
	Average total size (kbytes): 0
	Maximum resident set size (kbytes): 2803900
	Average resident set size (kbytes): 0
	Major (requiring I/O) page faults: 0
	Minor (reclaiming a frame) page faults: 976346
	Voluntary context switches: 31721
	Involuntary context switches: 5146
	Swaps: 0
	File system inputs: 0
	File system outputs: 96
	Socket messages sent: 0
	Socket messages received: 0
	Signals delivered: 0
	Page size (bytes): 4096
	Exit status: 0
