2026-03-11 06:26:04.696358: I tensorflow/core/util/port.cc:111] oneDNN custom operations are on. You may see slightly different numerical results due to floating-point round-off errors from different computation orders. To turn them off, set the environment variable `TF_ENABLE_ONEDNN_OPTS=0`.
2026-03-11 06:26:04.765063: E tensorflow/compiler/xla/stream_executor/cuda/cuda_dnn.cc:9342] Unable to register cuDNN factory: Attempting to register factory for plugin cuDNN when one has already been registered
2026-03-11 06:26:04.765283: E tensorflow/compiler/xla/stream_executor/cuda/cuda_fft.cc:609] Unable to register cuFFT factory: Attempting to register factory for plugin cuFFT when one has already been registered
2026-03-11 06:26:04.765469: E tensorflow/compiler/xla/stream_executor/cuda/cuda_blas.cc:1518] Unable to register cuBLAS factory: Attempting to register factory for plugin cuBLAS when one has already been registered
2026-03-11 06:26:04.783841: I tensorflow/core/platform/cpu_feature_guard.cc:182] This TensorFlow binary is optimized to use available CPU instructions in performance-critical operations.
To enable the following instructions: AVX2 AVX512F AVX512_VNNI FMA, in other operations, rebuild TensorFlow with the appropriate compiler flags.
AttributeError: 'MessageFactory' object has no attribute 'GetPrototype'
2026-03-11 06:26:05.982526: W tensorflow/compiler/tf2tensorrt/utils/py_utils.cc:38] TF-TRT Warning: Could not find TensorRT
AttributeError: 'MessageFactory' object has no attribute 'GetPrototype'
[info] total indices 2506
[info] total variants 2506
1.001 was filtered out as 42522612 C>G needs C but not covered
1.002 was filtered out as 42522612 C>G needs C but not covered
1.003 was filtered out as 42522612 C>G needs C but not covered
1.004 was filtered out as 42522612 C>G needs C but not covered
1.005 was filtered out as 42522612 C>G needs C but not covered
1.006 was filtered out as 42522612 C>G needs C but not covered
1.007 was filtered out as 42522612 C>G needs C but not covered
1.008 was filtered out as 42522612 C>G needs C but not covered
1.009 was filtered out as 42522612 C>G needs C but not covered
1.010 was filtered out as 42522612 C>G needs C but not covered
1.011 was filtered out as 42522612 C>G needs C but not covered
1.012 was filtered out as 42522612 C>G needs C but not covered
1.013 was filtered out as 42522612 C>G needs C but not covered
1.014 was filtered out as 42522612 C>G needs C but not covered
1.015 was filtered out as 42522612 C>G needs C but not covered
1.016 was filtered out as 42522612 C>G needs C but not covered
1.017 was filtered out as 42522612 C>G needs C but not covered
1.018 was filtered out as 42522612 C>G needs C but not covered
1.019 was filtered out as 42522612 C>G needs C but not covered
1.020 was filtered out as 42522612 C>G needs C but not covered
1.021 was filtered out as 42522612 C>G needs C but not covered
1.022 was filtered out as 42522612 C>G needs C but not covered
1.023 was filtered out as 42522612 C>G needs C but not covered
1.024 was filtered out as 42522612 C>G needs C but not covered
1.025 was filtered out as 42522612 C>G needs C but not covered
1.026 was filtered out as 42522612 C>G needs C but not covered
1.027 was filtered out as 42522612 C>G needs C but not covered
1.028 was filtered out as 42522612 C>G needs C but not covered
1.029 was filtered out as 42522612 C>G needs C but not covered
1.030 was filtered out as 42522612 C>G needs C but not covered
1.031 was filtered out as 42522612 C>G needs C but not covered
1.032 was filtered out as 42522612 C>G needs C but not covered
1.033 was filtered out as 42522612 C>G needs C but not covered
1.034 was filtered out as 42522612 C>G needs C but not covered
1.035 was filtered out as 42522612 C>G needs C but not covered
1.036 was filtered out as 42522612 C>G needs C but not covered
1.037 was filtered out as 42522612 C>G needs C but not covered
1.038 was filtered out as 42522612 C>G needs C but not covered
1.039 was filtered out as 42522612 C>G needs C but not covered
1.040 was filtered out as 42522612 C>G needs C but not covered
1.041 was filtered out as 42522612 C>G needs C but not covered
1.042 was filtered out as 42522612 C>G needs C but not covered
1.043 was filtered out as 42522612 C>G needs C but not covered
1.044 was filtered out as 42522612 C>G needs C but not covered
1.045 was filtered out as 42522612 C>G needs C but not covered
1.046 was filtered out as 42522612 C>G needs C but not covered
1.047 was filtered out as 42522612 C>G needs C but not covered
1.048 was filtered out as 42522612 C>G needs C but not covered
1.049 was filtered out as 42522612 C>G needs C but not covered
2.004 was filtered out as 42525131 C.C>G.T needs C but not covered
3.001 was filtered out as 42522612 C>G needs C but not covered
3.002 was filtered out as 42522612 C>G needs C but not covered
4.002 was filtered out as 42525131 C.C>G.T needs C but not covered
4.007 was filtered out as 42523854 G>A needs A but not covered
4.009 was filtered out as 42522612 C>G needs C but not covered
4.012 was filtered out as 42522612 C>G needs C but not covered
4.013 was filtered out as 42522664 G>C needs C but not covered
4.027 was filtered out as 42522612 C>G needs C but not covered
4.028 was filtered out as 42522723 G>T needs T but not covered
4.1013 was filtered out as 42522612 C>G needs C but not covered
4.1021 was filtered out as 42522612 C>G needs C but not covered
5.001 was filtered out as 42522612 C>G needs C but not covered
6.001 was filtered out as 42522612 C>G needs C but not covered
6.002 was filtered out as 42522612 C>G needs C but not covered
6.005 was filtered out as 42522612 C>G needs C but not covered
6.006 was filtered out as 42522612 C>G needs C but not covered
6.003 was filtered out as 42525085 delA needs N but not covered
6.004 was filtered out as 42522612 C>G needs C but not covered
7.001 was filtered out as 42522612 C>G needs C but not covered
8.001 was filtered out as 42525034 C>A needs A but not covered
9.001 was filtered out as 42522612 C>G needs C but not covered
9.002 was filtered out as 42522612 C>G needs C but not covered
11.001 was filtered out as 42525911 C>G needs G but not covered
12.001 was filtered out as 42526669 C>T needs T but not covered
12.002 was filtered out as 42526669 C>T needs T but not covered
14.001 was filtered out as 42525034 C>T needs T but not covered
15.001 was filtered out as 42522612 C>G needs C but not covered
15.002 was filtered out as 42522612 C>G needs C but not covered
15.003 was filtered out as 42522612 C>G needs C but not covered
18.001 was filtered out as 42522612 C>G needs C but not covered
19.001 was filtered out as 42524250 delAGTT needs N but not covered
20.001 was filtered out as 42524815 insC needs P but not covered
21.001 was filtered out as 42524212 insG needs P but not covered
21.002 was filtered out as 42524212 insG needs P but not covered
22.001 was filtered out as 42522612 C>G needs C but not covered
23.001 was filtered out as 42522612 C>G needs C but not covered
24.001 was filtered out as 42522612 C>G needs C but not covered
25.001 was filtered out as 42522612 C>G needs C but not covered
26.001 was filtered out as 42522612 C>G needs C but not covered
27.001 was filtered out as 42522612 C>G needs C but not covered
28.001 was filtered out as 42526774 C>T needs T but not covered
28.002 was filtered out as 42526774 C>T needs T but not covered
29.001 was filtered out as 42525131 C.C>G.T needs M but not covered
30.001 was filtered out as 42524928 insGGGGCGAAA not covered (cov=0)
31.001 was filtered out as 42522750 C>T needs T but not covered
32.001 was filtered out as 42522939 C>T needs T but not covered
33.001 was filtered out as 42522612 C>G needs C but not covered
33.002 was filtered out as 42522612 C>G needs C but not covered
34.001 was filtered out as 42522612 C>G needs C but not covered
35.001 was filtered out as 42526762 C>T needs T but not covered
35.002 was filtered out as 42526762 C>T needs T but not covered
35.003 was filtered out as 42526762 C>T needs T but not covered
35.004 was filtered out as 42526762 C>T needs T but not covered
35.005 was filtered out as 42526762 C>T needs T but not covered
35.006 was filtered out as 42526762 C>T needs T but not covered
35.007 was filtered out as 42526762 C>T needs T but not covered
36.001 was filtered out as 42522664 G>C needs C but not covered
36.002 was filtered out as 42522664 G>C needs C but not covered
36.003 was filtered out as 42522664 G>C needs C but not covered
36.004 was filtered out as 42522664 G>C needs C but not covered
36.1001 was filtered out as 42522612 C>G needs C but not covered
37.001 was filtered out as 42524849 C>T needs T but not covered
38.001 was filtered out as 42522612 C>G needs C but not covered
39.002 was filtered out as 42525131 C.C>G.T needs C but not covered
41.001 was filtered out as 42523804 C>T needs T but not covered
41.002 was filtered out as 42523804 C>T needs T but not covered
41.003 was filtered out as 42523804 C>T needs T but not covered
41.004 was filtered out as 42523804 C>T needs T but not covered
41.005 was filtered out as 42523804 C>T needs T but not covered
42.001 was filtered out as 42523531 insAC needs P but not covered
43.001 was filtered out as 42522612 C>G needs C but not covered
43.002 was filtered out as 42522612 C>G needs C but not covered
44.001 was filtered out as 42522612 C>G needs C but not covered
45.001 was filtered out as 42525076 C>T needs T but not covered
45.002 was filtered out as 42525076 C>T needs T but not covered
45.003 was filtered out as 42525076 C>T needs T but not covered
45.004 was filtered out as 42525076 C>T needs T but not covered
46.001 was filtered out as 42525076 C>T needs T but not covered
46.002 was filtered out as 42525076 C>T needs T but not covered
46.003 was filtered out as 42525076 C>T needs T but not covered
47.001 was filtered out as 42526720 G>A needs A but not covered
48.001 was filtered out as 42522612 C>G needs C but not covered
49.001 was filtered out as 42525181 A>T needs T but not covered
50.001 was filtered out as 42522612 C>G needs C but not covered
51.001 was filtered out as 42523620 T>G needs G but not covered
52.001 was filtered out as 42522915 C>T needs T but not covered
52.002 was filtered out as 42522915 C>T needs T but not covered
53.001 was filtered out as 42522612 C>G needs C but not covered
54.001 was filtered out as 42524236 G>A needs A but not covered
55.001 was filtered out as 42522957 T>G needs G but not covered
56.001 was filtered out as 42523591 G>A needs A but not covered
56.002 was filtered out as 42523591 G>A needs A but not covered
56.003 was filtered out as 42523591 G>A needs A but not covered
57.001 was filtered out as 42522664 G>C needs C but not covered
57.1001 was filtered out as 42522612 C>G needs C but not covered
58.001 was filtered out as 42524928 insGGGGCGAAA not covered (cov=0)
59.001 was filtered out as 42523853 C>T needs T but not covered
60.001 was filtered out as 42522612 C>G needs C but not covered
61.001 was filtered out as 42522612 C>G needs C but not covered
62.001 was filtered out as 42522612 C>G needs C but not covered
63.001 was filtered out as 42522612 C>G needs C but not covered
68.001 was filtered out as 42522612 C>G needs C but not covered
68.002 was filtered out as 42522612 C>G needs C but not covered
69.001 was filtered out as 42523804 C>T needs T but not covered
70.001 was filtered out as 42525131 C.C>G.T needs M but not covered
71.001 was filtered out as 42522612 C>G needs C but not covered
71.002 was filtered out as 42522612 C>G needs C but not covered
71.003 was filtered out as 42522612 C>G needs C but not covered
72.001 was filtered out as 42523474 C>T needs T but not covered
73.001 was filtered out as 42525781 C>T needs T but not covered
74.001 was filtered out as 42522612 C>G needs C but not covered
75.001 was filtered out as 42522612 C>G needs C but not covered
75.002 was filtered out as 42522612 C>G needs C but not covered
81.001 was filtered out as 42522612 C>G needs C but not covered
82.001 was filtered out as 42522612 C>G needs C but not covered
83.001 was filtered out as 42522664 G>C needs C but not covered
83.002 was filtered out as 42522664 G>C needs C but not covered
83.003 was filtered out as 42522664 G>C needs C but not covered
83.1003 was filtered out as 42522612 C>G needs C but not covered
84.001 was filtered out as 42524218 G>T needs T but not covered
84.002 was filtered out as 42524218 G>T needs T but not covered
85.001 was filtered out as 42522635 A>C needs C but not covered
86.001 was filtered out as 42522612 C>G needs C but not covered
87.001 was filtered out as 42526779 G>A needs A but not covered
88.001 was filtered out as 42525780 A>G needs G but not covered
89.001 was filtered out as 42522612 C>G needs C but not covered
90.001 was filtered out as 42522612 C>G needs C but not covered
91.001 was filtered out as 42522612 C>G needs C but not covered
92.001 was filtered out as 42522612 C>G needs C but not covered
93.001 was filtered out as 42522612 C>G needs C but not covered
94.001 was filtered out as 42523611 T>C needs C but not covered
94.002 was filtered out as 42523611 T>C needs C but not covered
95.001 was filtered out as 42523458 C>T needs T but not covered
96.001 was filtered out as 42522612 C>G needs C but not covered
97.001 was filtered out as 42522612 C>G needs C but not covered
98.001 was filtered out as 42522682 G>C needs C but not covered
99.001 was filtered out as 42525828 C>G needs G but not covered
100.001 was filtered out as 42523964 delG needs N but not covered
101.001 was filtered out as 42523847 delCACATCCGGATGTAGGATC needs N but not covered
102.001 was filtered out as 42525822 G>A needs A but not covered
103.001 was filtered out as 42525043 T>C needs C but not covered
104.001 was filtered out as 42525072 T>A needs A but not covered
105.001 was filtered out as 42523524 A>G needs G but not covered
106.001 was filtered out as 42522612 C>G needs C but not covered
106.002 was filtered out as 42522612 C>G needs C but not covered
106.003 was filtered out as 42522612 C>G needs C but not covered
107.001 was filtered out as 42522612 C>G needs C but not covered
108.001 was filtered out as 42522612 C>G needs C but not covered
109.001 was filtered out as 42522612 C>G needs C but not covered
110.001 was filtered out as 42522612 C>G needs C but not covered
111.001 was filtered out as 42525760 C>T needs T but not covered
111.002 was filtered out as 42525760 C>T needs T but not covered
112.001 was filtered out as 42522612 C>G needs C but not covered
113.001 was filtered out as 42522612 C>G needs C but not covered
114.001 was filtered out as 42525034 C>T needs T but not covered
115.001 was filtered out as 42522612 C>G needs C but not covered
116.001 was filtered out as 42522612 C>G needs C but not covered
117.001 was filtered out as 42523612 C>T needs T but not covered
118.001 was filtered out as 42522612 C>G needs C but not covered
119.001 was filtered out as 42522612 C>G needs C but not covered
120.001 was filtered out as 42522612 C>G needs C but not covered
121.001 was filtered out as 42525043 T>C needs C but not covered
122.001 was filtered out as 42522612 C>G needs C but not covered
123.001 was filtered out as 42523804 C>T needs T but not covered
124.001 was filtered out as 42522612 C>G needs C but not covered
124.002 was filtered out as 42522612 C>G needs C but not covered
125.001 was filtered out as 42522720 C>T needs T but not covered
126.001 was filtered out as 42525135 G>A needs A but not covered
127.001 was filtered out as 42522612 C>G needs C but not covered
128.001 was filtered out as 42525888 A>C needs C but not covered
129.001 was filtered out as 42525156 C>T needs T but not covered
130.001 was filtered out as 42522612 C>G needs C but not covered
131.001 was filtered out as 42522612 C>G needs C but not covered
132.001 was filtered out as 42523974 T>C needs C but not covered
133.001 was filtered out as 42523603 C>T needs T but not covered
134.001 was filtered out as 42522612 C>G needs C but not covered
135.001 was filtered out as 42522927 G>A needs A but not covered
136.001 was filtered out as 42522878 G>A needs A but not covered
137.001 was filtered out as 42522612 C>G needs C but not covered
138.001 was filtered out as 42523804 C>T needs T but not covered
139.001 was filtered out as 42522612 C>G needs C but not covered
140.001 was filtered out as 42522612 C>G needs C but not covered
141.001 was filtered out as 42522664 G>C needs C but not covered
141.1001 was filtered out as 42522612 C>G needs C but not covered
142.001 was filtered out as 42526711 G>A needs A but not covered
143.001 was filtered out as 42522612 C>G needs C but not covered
144.001 was filtered out as 42522612 C>G needs C but not covered
145.001 was filtered out as 42522612 C>G needs C but not covered
146.001 was filtered out as 42526716 C>T needs T but not covered
147.001 was filtered out as 42524928 insGGGGCGAAA not covered (cov=0)
148.001 was filtered out as 42526716 C>T needs T but not covered
149.001 was filtered out as 42525131 C.C>G.T needs M but not covered
152.001 was filtered out as 42522612 C>G needs C but not covered
153.001 was filtered out as 42522612 C>G needs C but not covered
154.001 was filtered out as 42522747 C>T needs T but not covered
155.001 was filtered out as 42525131 C.C>G.T needs M but not covered
156.001 was filtered out as 42525131 C.C>G.T needs M but not covered
157.001 was filtered out as 42525131 C.C>G.T needs M but not covered
158.001 was filtered out as 42523804 C>T needs T but not covered
159.001 was filtered out as 42526671 G>A needs A but not covered
161.001 was filtered out as 42525184 C>A needs A but not covered
162.001 was filtered out as 42522939 C>T needs T but not covered
163.001 was filtered out as 42525157 A>G needs G but not covered
[filter] CYP2D6 2.001 => 2.001; 2.002; 2.003; 2.005; 2.006; 2.007; 2.008; 2.009; 2.010; 2.011; 2.012; 2.013; 2.014; 2.015; 2.016; 2.017; 2.018; 2.019; 2.020; 2.021; 2.022; 2.023; 2.024; 2.025; 2.026; 2.027; 2.028; 2.030
[filter] CYP2D6 4.001 => 4.001; 4.006; 4.008; 4.014; 4.015; 4.016; 4.017; 4.018; 4.020; 4.022; 4.023; 4.024; 4.025; 4.026; 4.029; 4.030
[filter] CYP2D6 4.003 => 4.003; 4.004; 4.005; 4.011; 4.019
[filter] CYP2D6 4.010 => 4.010
[filter] CYP2D6 4.021 => 4.021
[filter] CYP2D6 4.2021 => 4.2021
[filter] CYP2D6 10.001 => 10.001; 10.002; 10.003; 10.004; 10.005; 10.006; 10.007; 10.1004
[filter] CYP2D6 17.001 => 17.001; 17.002; 17.003; 17.004; 17.005; 17.006
[filter] CYP2D6 39.001 => 39.001
[filter] CYP2D6 40.001 => 40.001
[filter] CYP2D6 64.001 => 64.001
[filter] CYP2D6 65.001 => 65.001
[filter] CYP2D6 160.001 => 160.001
[filter] valid_alleles=71
CYP2D6:42522311 → A:0, C*:21, G:0, M:0, N:0, P:0, T:0
CYP2D6:42522391 → A:16, C:0, G*:18, M:0, N:0, P:0, T:0
CYP2D6:42522463 → A:0, C:0, G*:51, M:0, N:0, P:0, T:0
CYP2D6:42522549 → A:0, C:0, G*:41, M:0, N:0, P:0, T:0
CYP2D6:42522612^ → A:0, C*:0, G^:48, M:0, N:0, P:0, T:0
CYP2D6:42522677 → A:0, C:0, G*:58, M:0, N:0, P:0, T:0
CYP2D6:42522691 → A:0, C:0, G*:56, M:0, N:0, P:0, T:0
CYP2D6:42522759 → A:0, C:0, G*:45, M:0, N:0, P:0, T:0
CYP2D6:42522764 → A:0, C:0, G*:49, M:0, N:0, P:0, T:0
CYP2D6:42522844 → A*:56, C:0, G:0, M:0, N:0, P:0, T:0
CYP2D6:42522905 → A*:57, C:0, G:0, M:0, N:0, P:0, T:0
CYP2D6:42522915^ → A:0, C*:59, G:0, M:0, N:0, P:0, T^:0
CYP2D6:42523002 → A:19, C:0, G*:40, M:0, N:0, P:0, T:0
CYP2D6:42523208 → A:0, C*:45, G:0, M:0, N:0, P:0, T:28
CYP2D6:42523210 → A:0, C:33, G:0, M:0, N:0, P:0, T*:40
CYP2D6:42523240 → A:11, C:0, G*:65, M:0, N:0, P:0, T:0
CYP2D6:42523353 → A:0, C*:96, G:0, M:0, N:0, P:0, T:0
CYP2D6:42523357 → A:0, C:0, G*:96, M:0, N:0, P:0, T:0
CYP2D6:42523399 → A*:104, C:0, G:0, M:0, N:0, P:0, T:0
CYP2D6:42523408 → A:0, C:0, G:106, M:0, N:0, P:0, T*:0
CYP2D6:42523527^ → A:0, C*:51, G:0, M:0, N:0, P:0, T^:25
CYP2D6:42523538 → A*:76, C:0, G:0, M:0, N:0, P:0, T:0
CYP2D6:42523649 → A:0, C*:47, G:0, M:0, N:0, P:0, T:0
CYP2D6:42523672 → A:0, C*:52, G:0, M:0, N:0, P:0, T:0
CYP2D6:42523702 → A:0, C*:58, G:0, M:0, N:0, P:0, T:0
CYP2D6:42523720 → A:0, C:0, G*:53, M:0, N:0, P:0, T:0
CYP2D6:42523942^ → A^:27, C:0, G*:27, M:0, N:0, P:0, T:0
CYP2D6:42524131 → A:0, C*:28, G:0, M:0, N:0, P:0, T:0
CYP2D6:42524190 → A:0, C*:34, G:0, M:0, N:0, P:0, T:0
CYP2D6:42524216 → A:0, C:0, G*:34, M:0, N:0, P:0, T:0
CYP2D6:42524217 → A:0, C:0, G*:33, M:0, N:0, P:0, T:0
CYP2D6:42524301 → A:0, C*:46, G:0, M:0, N:0, P:0, T:0
CYP2D6:42524312 → A:0, C:0, G*:43, M:0, N:0, P:0, T:0
CYP2D6:42524322 → A*:39, C:0, G:0, M:0, N:0, P:0, T:0
CYP2D6:42524501 → A:0, C*:44, G:0, M:0, N:0, P:0, T:0
CYP2D6:42524514 → A:0, C*:50, G:0, M:0, N:0, P:0, T:0
CYP2D6:42524577 → A:0, C:0, G:0, M:0, N:0, P:0, T*:53
CYP2D6:42524669 → A:0, C:0, G*:55, M:0, N:0, P:0, T:0
CYP2D6:42524695 → A:0, C:32, G:0, M:0, N:0, P:0, T*:28
CYP2D6:42524762 → A:0, C*:67, G:0, M:0, N:0, P:0, T:0
CYP2D6:42524772 → A:0, C:0, G:0, M:0, N:0, P:0, T*:69
CYP2D6:42524775 → A:0, C*:71, G:0, M:0, N:0, P:0, T:0
CYP2D6:42524794 → A*:61, C:0, G:0, M:0, N:0, P:0, T:0
CYP2D6:42524928^ → A:0, C:0, G:0, M:0, N:0, P^:23, T*:49
CYP2D6:42524934 → A:0, C:0, G*:64, M:0, N:0, P:0, T:0
CYP2D6:42524946^ → A:0, C*:30, G:0, M:0, N:0, P:0, T^:34
CYP2D6:42525035 → A:0, C:0, G*:57, M:0, N:0, P:0, T:0
CYP2D6:42525044 → A:0, C:0, G*:58, M:0, N:0, P:0, T:0
CYP2D6:42525068 → A:0, C:0, G*:55, M:0, N:0, P:0, T:0
CYP2D6:42525131^ → A:0, C*:0, G:55, M^:0, N:0, P:0, T:0
CYP2D6:42525153 → A:0, C*:61, G:0, M:0, N:0, P:0, T:0
CYP2D6:42525215 → A:0, C:0, G*:52, M:0, N:0, P:0, T:0
CYP2D6:42525279 → A:0, C:0, G*:67, M:0, N:0, P:0, T:0
CYP2D6:42525389 → A:0, C:0, G*:61, M:0, N:0, P:0, T:0
CYP2D6:42525423 → A:0, C*:47, G:0, M:0, N:0, P:0, T:0
CYP2D6:42525451 → A:0, C:0, G*:39, M:0, N:0, P:0, T:0
CYP2D6:42525514 → A:0, C:0, G:0, M:0, N:0, P:0, T*:30
CYP2D6:42525525 → A:0, C*:33, G:0, M:0, N:0, P:0, T:0
CYP2D6:42525564 → A:0, C*:42, G:0, M:0, N:0, P:0, T:0
CYP2D6:42525615 → A:0, C*:50, G:0, M:0, N:0, P:0, T:0
CYP2D6:42525644 → A:0, C:0, G*:58, M:0, N:0, P:0, T:0
CYP2D6:42525732 → A:0, C:0, G:0, M:0, N:0, P:0, T*:43
CYP2D6:42525755 → A:0, C:0, G*:41, M:0, N:0, P:0, T:0
CYP2D6:42525771^ → A^:16, C:0, G*:16, M:0, N:0, P:0, T^:0
CYP2D6:42525797 → A:0, C:13, G*:24, M:0, N:0, P:0, T:0
CYP2D6:42525810^ → A:0, C^:12, G:0, M:0, N:0, P:0, T*:26
CYP2D6:42525820^ → A:0, C:0, G*:29, M:0, N:0, P:0, T^:14
CYP2D6:42525951 → A*:0, C:50, G:0, M:0, N:0, P:0, T:0
CYP2D6:42526048 → A:0, C:19, G*:11, M:0, N:0, P:0, T:0
CYP2D6:42526050 → A:0, C:0, G*:31, M:0, N:0, P:0, T:0
CYP2D6:42526140 → A:0, C:0, G*:38, M:0, N:0, P:0, T:0
CYP2D6:42526369 → A:0, C:0, G*:44, M:0, N:0, P:0, T:0
CYP2D6:42526441 → A*:43, C:0, G:0, M:0, N:0, P:0, T:0
CYP2D6:42526483 → A:47, C*:0, G:0, M:0, N:0, P:0, T:0
CYP2D6:42526523 → A:0, C:0, G*:50, M:0, N:0, P:0, T:0
CYP2D6:42526548 → A:0, C:30, G:0, M:0, N:0, P:0, T*:12
CYP2D6:42526560 → A:0, C:0, G:31, M:0, N:0, P:0, T*:11
CYP2D6:42526561 → A:0, C*:11, G:34, M:0, N:0, P:0, T:0
CYP2D6:42526566 → A*:11, C:0, G:33, M:0, N:0, P:0, T:0
CYP2D6:42526570 → A:0, C:34, G*:11, M:0, N:0, P:0, T:0
CYP2D6:42526572 → A:0, C:0, G*:11, M:0, N:0, P:0, T:34
CYP2D6:42526579 → A:0, C*:13, G:31, M:0, N:0, P:0, T:0
CYP2D6:42526693^ → A^:20, C:0, G*:20, M:0, N:0, P:0, T:0
CYP2D6:42526968 → A:0, C*:52, G:0, M:0, N:0, P:0, T:0
CYP2D6:42527115 → A*:43, C:0, G:0, M:0, N:0, P:0, T:0
CYP2D6:42527186 → A:0, C*:54, G:0, M:0, N:0, P:0, T:0
CYP2D6:42527356 → A:0, C*:35, G:0, M:0, N:0, P:0, T:0
CYP2D6:42527470 → A:0, C*:43, G:0, M:0, N:0, P:0, T:0
CYP2D6:42527484 → A:0, C*:49, G:0, M:0, N:0, P:0, T:0
CYP2D6:42527532 → A:21, C:0, G*:24, M:0, N:0, P:0, T:0
CYP2D6:42527541 → A:0, C:0, G:0, M:0, N:0, P:0, T*:44
CYP2D6:42527738 → A:0, C*:44, G:0, M:0, N:0, P:0, T:0
CYP2D6:42527776 → A:0, C*:47, G:0, M:0, N:0, P:0, T:0
CYP2D6:42527792 → A:0, C*:16, G:0, M:0, N:0, P:0, T:27
CYP2D6:42527890 → A:0, C:0, G:0, M:0, N:0, P:0, T*:51
CYP2D6:42528027 → A:0, C:44, G:0, M:0, N:0, P:0, T*:0
CYP2D6:42528095 → A:0, C*:34, G:0, M:0, N:0, P:0, T:0
CYP2D6:42528123 → A:0, C:0, G*:31, M:0, N:0, P:0, T:0
CYP2D6:42528223 → A:11, C:0, G*:21, M:0, N:0, P:0, T:0
CYP2D6:42528381 → A:0, C:0, G*:31, M:0, N:0, P:0, T:0
Step 0: Loss=0.1073, CN=[2.0999165]
Step 100: Loss=0.1072, CN=[2.007872]
Step 200: Loss=0.1072, CN=[2.0075383]
Step 300: Loss=0.1072, CN=[2.0075355]
Step 400: Loss=0.1072, CN=[2.0075357]

=== Fit ===
Region 0: obs=2.150, exp=2.008, diff=+0.142 
Region 1: obs=2.457, exp=2.008, diff=+0.449 
Region 2: obs=1.918, exp=2.008, diff=-0.090 
Region 3: obs=1.776, exp=2.008, diff=-0.231 
Region 4: obs=1.885, exp=2.008, diff=-0.123 
Region 5: obs=2.002, exp=2.008, diff=-0.005 
Region 6: obs=2.197, exp=2.008, diff=+0.190 
Region 7: obs=2.454, exp=2.008, diff=+0.447 
Region 8: obs=2.088, exp=2.008, diff=+0.080 
Region 9: obs=2.149, exp=2.008, diff=+0.141 
Region 10: obs=1.560, exp=2.008, diff=-0.448 
Region 11: obs=1.548, exp=2.008, diff=-0.460 
Region 12: obs=1.851, exp=2.008, diff=-0.156 
Region 13: obs=1.870, exp=2.008, diff=-0.137 
Region 14: obs=3.050, exp=2.008, diff=+1.042 *
Region 15: obs=3.156, exp=2.008, diff=+1.148 *
Region 16: obs=2.342, exp=2.008, diff=+0.335 
Region 17: obs=2.188, exp=2.008, diff=+0.180 
Region 18: obs=2.066, exp=2.008, diff=+0.058 
Region 19: obs=1.703, exp=2.008, diff=-0.305 
Region 20: obs=1.540, exp=2.008, diff=-0.467 
Region 21: obs=0.000, exp=2.008, diff=-2.008 *
Region 22: obs=1.906, exp=2.008, diff=-0.101 

[Gene CN Results]
  CYP2D6: 2.01 → 2.007535696029663

=== CYP2D6 Fusion Template CN Estimation ===

Using CN configs: ['1', '68.001', '141.1001']

Region coverage:
  up: 2.1
  utr5: 2.5
  e1: 1.9
  i1: 1.8
  e2: 1.9
  i2: 2.0
  e3: 2.2
  i3: 2.5
  e4: 2.1
  i4: 2.1
  e5: 1.6
  i5: 1.5
  e6: 1.9
  i6: 1.9
  e7: 3.0
  i7: 3.2
  e8: 2.3
  i8: 2.2
  e9: 2.1
  utr3: 1.7
  ins: 1.5
  pce: 0.0
  rep: 1.9
  e1_2d7: 0.0
  e2_2d7: 0.2
  e3_2d7: 0.0
  e5_2d7: 0.0
  e6_2d7: 0.2
  e9_2d7: 0.0
  pce_2d7: 0.0

CN configs: ['1', '68.001', '141.1001']
PCE contributions: {'1': tensor(0.), '68.001': tensor(1.), '141.1001': tensor(1.)}
Gene CN: 2.01 → required total: 2
Respect gene CN constraint: True
Enumerating configurations that sum to 2...
Evaluated 6 configurations

Top 5 configurations:
  1. loss=2.46: 1:2
  2. loss=7.05: 1:1, 141.1001:1
  3. loss=21.85: 1:1, 68.001:1
  4. loss=22.15: 141.1001:2
  5. loss=36.95: 68.001:1, 141.1001:1

Best CN assignment (loss=2.46):
  1: 2
  Total: 2

Fit comparison:
  up: obs=2.1, exp=2.0, diff=+0.1
  utr5: obs=2.5, exp=2.0, diff=+0.5
  e1: obs=1.9, exp=2.0, diff=-0.1
  i1: obs=1.8, exp=2.0, diff=-0.2
  e2: obs=1.9, exp=2.0, diff=-0.1
  i2: obs=2.0, exp=2.0, diff=+0.0
  e3: obs=2.2, exp=2.0, diff=+0.2
  i3: obs=2.5, exp=2.0, diff=+0.5
  e4: obs=2.1, exp=2.0, diff=+0.1
  i4: obs=2.1, exp=2.0, diff=+0.1
  e5: obs=1.6, exp=2.0, diff=-0.4
  i5: obs=1.5, exp=2.0, diff=-0.5
  e6: obs=1.9, exp=2.0, diff=-0.1
  i6: obs=1.9, exp=2.0, diff=-0.1
  e7: obs=3.0, exp=2.0, diff=+1.0
  i7: obs=3.2, exp=2.0, diff=+1.2
  e8: obs=2.3, exp=2.0, diff=+0.3
  i8: obs=2.2, exp=2.0, diff=+0.2
  e9: obs=2.1, exp=2.0, diff=+0.1
  utr3: obs=1.7, exp=2.0, diff=-0.3
  ins: obs=1.5, exp=2.0, diff=-0.5
  pce: obs=0.0, exp=0.0, diff=+0.0
  rep: obs=1.9, exp=2.0, diff=-0.1
  e1_2d7: obs=0.0, exp=0.0, diff=+0.0
  e2_2d7: obs=0.2, exp=0.0, diff=+0.2
  e3_2d7: obs=0.0, exp=0.0, diff=+0.0
  e5_2d7: obs=0.0, exp=0.0, diff=+0.0
  e6_2d7: obs=0.2, exp=0.0, diff=+0.2
  e9_2d7: obs=0.0, exp=0.0, diff=+0.0
  pce_2d7: obs=0.0, exp=0.0, diff=+0.0

[Selected CN Configs] 1:2
  Total CYP2D6 CN: 2

[Filtering alleles by cn_config]

Kept alleles by cn_config:
  1: 13 major alleles
    *10.001, *160.001, *17.001, *2.001, *39.001, *4.001, *4.003, *4.010, *4.021, *4.2021 ... +3 more

  Filtered: 0 alleles
  Kept: 71 alleles

[Updating N variant counts for deleted regions]
  Total updated: 0 positions

[Rebuilding allele vectors for fusion cn_configs]
Using device: cuda
num_sparse_entries: 7100
max sparse_flat_index: 49699
expected max: 49699

=== Running VAE with seed 42 ===
Global Pooled JS: 0.083491
Seed 42, Step    0: Loss = 1944.68 (Recon: 1579.45, Allele KL: 209.01, Base KL: 90264.73, Functional KL: 0.08
Global Pooled JS: 0.026728
Seed 42, Step  500: Loss = 990.89 (Recon: 850.90, Allele KL: 53.74, Base KL: 26420.71, Functional KL: 0.03
Global Pooled JS: 0.025511
Seed 42, Step 1000: Loss = 973.42 (Recon: 835.15, Allele KL: 55.54, Base KL: 27458.10, Functional KL: 0.03
Global Pooled JS: 0.019064
Seed 42, Step 1500: Loss = 974.27 (Recon: 826.69, Allele KL: 49.96, Base KL: 27205.59, Functional KL: 0.02
Global Pooled JS: 0.021339
Seed 42, Step 2000: Loss = 976.81 (Recon: 837.04, Allele KL: 45.88, Base KL: 26130.39, Functional KL: 0.02
Global Pooled JS: 0.026418
Seed 42, Step 2500: Loss = 980.15 (Recon: 839.50, Allele KL: 62.18, Base KL: 27162.26, Functional KL: 0.03

Top Variants with Coverage Mismatches:
Rank   Variant                        Expected     Observed     Diff       |Div|       
------------------------------------------------------------------------------------------
1      CYP2D6:42525820→T              1.33         14.00        -12.67     0.005172    
2      CYP2D6:42524928→T              25.93        49.00        -23.07     0.002763    
3      CYP2D6:42525820→G              49.24        29.00        20.24      0.002716    
4      CYP2D6:42523527→C              28.81        51.00        -22.19     0.002355    
5      CYP2D6:42525810→C              22.29        12.00        10.29      0.001575    
6      CYP2D6:42525771→G              25.56        16.00        9.56       0.001160    
7      CYP2D6:42525771→A              24.21        16.00        8.21       0.000903    
8      CYP2D6:42524946→T              22.66        34.00        -11.34     0.000804    
9      CYP2D6:42526693→G              26.75        20.00        6.75       0.000565    
10     CYP2D6:42522612→C              0.32         0.00         0.32       0.000198    
11     CYP2D6:42522612→A              0.32         0.00         0.32       0.000197    
12     CYP2D6:42522612→M              0.32         0.00         0.32       0.000196    
13     CYP2D6:42522612→T              0.31         0.00         0.31       0.000196    
14     CYP2D6:42522612→P              0.31         0.00         0.31       0.000196    
15     CYP2D6:42522612→N              0.31         0.00         0.31       0.000194    
16     CYP2D6:42526693→A              23.05        20.00        3.05       0.000160    
17     CYP2D6:42522915→C              50.58        59.00        -8.42      0.000149    
18     CYP2D6:42525771→M              0.17         0.00         0.17       0.000108    
19     CYP2D6:42525771→C              0.17         0.00         0.17       0.000108    
20     CYP2D6:42523942→N              0.17         0.00         0.17       0.000107    
21     CYP2D6:42523942→C              0.17         0.00         0.17       0.000107    
22     CYP2D6:42525810→P              0.17         0.00         0.17       0.000106    
23     CYP2D6:42523942→M              0.17         0.00         0.17       0.000105    
24     CYP2D6:42525771→T              0.17         0.00         0.17       0.000105    
25     CYP2D6:42523942→P              0.17         0.00         0.17       0.000104    
26     CYP2D6:42525771→N              0.17         0.00         0.17       0.000104    
27     CYP2D6:42526693→M              0.17         0.00         0.17       0.000104    
28     CYP2D6:42523942→T              0.17         0.00         0.17       0.000104    
29     CYP2D6:42525771→P              0.17         0.00         0.17       0.000104    
30     CYP2D6:42525810→N              0.17         0.00         0.17       0.000103    
31     CYP2D6:42526693→N              0.17         0.00         0.17       0.000103    
32     CYP2D6:42526693→C              0.17         0.00         0.17       0.000103    
33     CYP2D6:42525810→G              0.17         0.00         0.17       0.000103    
34     CYP2D6:42524928→G              0.16         0.00         0.16       0.000102    
35     CYP2D6:42526693→T              0.16         0.00         0.16       0.000102    
36     CYP2D6:42525810→A              0.16         0.00         0.16       0.000101    
37     CYP2D6:42524928→C              0.16         0.00         0.16       0.000101    
38     CYP2D6:42524928→A              0.16         0.00         0.16       0.000100    
39     CYP2D6:42526693→P              0.16         0.00         0.16       0.000100    
40     CYP2D6:42525810→M              0.16         0.00         0.16       0.000100    
41     CYP2D6:42524928→M              0.16         0.00         0.16       0.000099    
42     CYP2D6:42524928→N              0.16         0.00         0.16       0.000099    
43     CYP2D6:42524946→G              0.15         0.00         0.15       0.000090    
44     CYP2D6:42524946→P              0.14         0.00         0.14       0.000090    
45     CYP2D6:42524946→A              0.14         0.00         0.14       0.000089    
46     CYP2D6:42524946→M              0.14         0.00         0.14       0.000088    
47     CYP2D6:42524946→N              0.14         0.00         0.14       0.000087    
48     CYP2D6:42523527→N              0.14         0.00         0.14       0.000085    
49     CYP2D6:42523527→A              0.14         0.00         0.14       0.000084    
50     CYP2D6:42523527→P              0.13         0.00         0.13       0.000084    
51     CYP2D6:42523527→G              0.13         0.00         0.13       0.000083    
52     CYP2D6:42523527→M              0.13         0.00         0.13       0.000082    
53     CYP2D6:42523527→T              21.14        25.00        -3.86      0.000079    
54     CYP2D6:42525810→T              27.50        26.00        1.50       0.000057    
55     CYP2D6:42522612→G              48.73        48.00        0.73       0.000035    
56     CYP2D6:42524928→P              23.88        23.00        0.88       0.000033    
57     CYP2D6:42523942→G              24.18        27.00        -2.82      0.000026    
58     CYP2D6:42522915→G              0.04         0.00         0.04       0.000025    
59     CYP2D6:42525131→G              50.62        55.00        -4.38      0.000019    
60     CYP2D6:42524946→C              27.24        30.00        -2.76      0.000018    
61     CYP2D6:42525820→N              0.01         0.00         0.01       0.000007    
62     CYP2D6:42525820→A              0.01         0.00         0.01       0.000007    
63     CYP2D6:42525820→C              0.01         0.00         0.01       0.000007    
64     CYP2D6:42525820→P              0.01         0.00         0.01       0.000007    
65     CYP2D6:42525820→M              0.01         0.00         0.01       0.000007    
66     CYP2D6:42523942→A              25.60        27.00        -1.40      0.000001    
67     CYP2D6:42522915→A              0.00         0.00         0.00       0.000000    
68     CYP2D6:42522915→M              0.00         0.00         0.00       0.000000    
69     CYP2D6:42522915→N              0.00         0.00         0.00       0.000000    
70     CYP2D6:42522915→P              0.00         0.00         0.00       0.000000    
71     CYP2D6:42522915→T              0.00         0.00         0.00       0.000000    
72     CYP2D6:42525131→A              0.00         0.00         0.00       0.000000    
73     CYP2D6:42525131→C              0.00         0.00         0.00       0.000000    
74     CYP2D6:42525131→M              0.00         0.00         0.00       0.000000    
75     CYP2D6:42525131→N              0.00         0.00         0.00       0.000000    
76     CYP2D6:42525131→P              0.00         0.00         0.00       0.000000    
77     CYP2D6:42525131→T              0.00         0.00         0.00       0.000000    
New best model with final loss: 976.75

=== Running VAE with seed 123 ===
Global Pooled JS: 0.090693
Seed 123, Step    0: Loss = 2094.18 (Recon: 1634.01, Allele KL: 273.55, Base KL: 118118.88, Functional KL: 0.09
Global Pooled JS: 0.025472
Seed 123, Step  500: Loss = 983.23 (Recon: 836.63, Allele KL: 65.04, Base KL: 26701.92, Functional KL: 0.03
Global Pooled JS: 0.024358
Seed 123, Step 1000: Loss = 976.14 (Recon: 841.28, Allele KL: 43.45, Base KL: 27222.89, Functional KL: 0.02
Global Pooled JS: 0.022375
Seed 123, Step 1500: Loss = 963.15 (Recon: 826.55, Allele KL: 44.90, Base KL: 28319.43, Functional KL: 0.02
Global Pooled JS: 0.023519
Seed 123, Step 2000: Loss = 965.22 (Recon: 831.85, Allele KL: 50.07, Base KL: 26914.67, Functional KL: 0.02
Global Pooled JS: 0.023010
Seed 123, Step 2500: Loss = 957.03 (Recon: 822.66, Allele KL: 47.77, Base KL: 27698.26, Functional KL: 0.02

Top Variants with Coverage Mismatches:
Rank   Variant                        Expected     Observed     Diff       |Div|       
------------------------------------------------------------------------------------------
1      CYP2D6:42525820→T              1.02         14.00        -12.98     0.005680    
2      CYP2D6:42524928→T              22.90        49.00        -26.10     0.003797    
3      CYP2D6:42525820→G              49.56        29.00        20.56      0.002787    
4      CYP2D6:42523527→C              31.08        51.00        -19.92     0.001793    
5      CYP2D6:42525771→A              27.06        16.00        11.06      0.001476    
6      CYP2D6:42524946→T              20.13        34.00        -13.87     0.001333    
7      CYP2D6:42525810→C              19.76        12.00        7.76       0.000992    
8      CYP2D6:42526693→G              29.45        20.00        9.45       0.000984    
9      CYP2D6:42525771→G              22.64        16.00        6.64       0.000634    
10     CYP2D6:42523527→T              18.92        25.00        -6.08      0.000266    
11     CYP2D6:42525810→T              30.10        26.00        4.10       0.000219    
12     CYP2D6:42524928→P              26.81        23.00        3.81       0.000209    
13     CYP2D6:42522612→C              0.31         0.00         0.31       0.000195    
14     CYP2D6:42522612→N              0.31         0.00         0.31       0.000192    
15     CYP2D6:42522612→T              0.31         0.00         0.31       0.000192    
16     CYP2D6:42522612→A              0.31         0.00         0.31       0.000192    
17     CYP2D6:42522612→P              0.31         0.00         0.31       0.000191    
18     CYP2D6:42522612→M              0.31         0.00         0.31       0.000190    
19     CYP2D6:42523942→G              21.49        27.00        -5.51      0.000183    
20     CYP2D6:42522915→C              50.59        59.00        -8.41      0.000149    
21     CYP2D6:42524928→N              0.19         0.00         0.19       0.000116    
22     CYP2D6:42525771→M              0.19         0.00         0.19       0.000116    
23     CYP2D6:42525771→P              0.19         0.00         0.19       0.000116    
24     CYP2D6:42523942→C              0.18         0.00         0.18       0.000115    
25     CYP2D6:42525771→C              0.18         0.00         0.18       0.000115    
26     CYP2D6:42523942→N              0.18         0.00         0.18       0.000115    
27     CYP2D6:42523942→P              0.18         0.00         0.18       0.000114    
28     CYP2D6:42525771→N              0.18         0.00         0.18       0.000114    
29     CYP2D6:42524928→C              0.18         0.00         0.18       0.000113    
30     CYP2D6:42525771→T              0.18         0.00         0.18       0.000113    
31     CYP2D6:42523942→T              0.18         0.00         0.18       0.000112    
32     CYP2D6:42523942→M              0.18         0.00         0.18       0.000112    
33     CYP2D6:42524928→A              0.18         0.00         0.18       0.000111    
34     CYP2D6:42524928→M              0.18         0.00         0.18       0.000111    
35     CYP2D6:42524928→G              0.18         0.00         0.18       0.000110    
36     CYP2D6:42525810→M              0.15         0.00         0.15       0.000096    
37     CYP2D6:42525810→P              0.15         0.00         0.15       0.000096    
38     CYP2D6:42525810→A              0.15         0.00         0.15       0.000095    
39     CYP2D6:42525810→N              0.15         0.00         0.15       0.000094    
40     CYP2D6:42525810→G              0.15         0.00         0.15       0.000094    
41     CYP2D6:42526693→T              0.15         0.00         0.15       0.000091    
42     CYP2D6:42526693→M              0.14         0.00         0.14       0.000090    
43     CYP2D6:42526693→P              0.14         0.00         0.14       0.000090    
44     CYP2D6:42526693→C              0.14         0.00         0.14       0.000089    
45     CYP2D6:42526693→N              0.14         0.00         0.14       0.000089    
46     CYP2D6:42523527→P              0.13         0.00         0.13       0.000079    
47     CYP2D6:42524946→P              0.12         0.00         0.12       0.000077    
48     CYP2D6:42523527→A              0.12         0.00         0.12       0.000077    
49     CYP2D6:42523527→G              0.12         0.00         0.12       0.000077    
50     CYP2D6:42524946→G              0.12         0.00         0.12       0.000076    
51     CYP2D6:42523527→M              0.12         0.00         0.12       0.000076    
52     CYP2D6:42524946→N              0.12         0.00         0.12       0.000075    
53     CYP2D6:42523527→N              0.12         0.00         0.12       0.000075    
54     CYP2D6:42524946→A              0.12         0.00         0.12       0.000075    
55     CYP2D6:42524946→M              0.12         0.00         0.12       0.000074    
56     CYP2D6:42523942→A              28.22        27.00        1.22       0.000046    
57     CYP2D6:42522612→G              48.77        48.00        0.77       0.000036    
58     CYP2D6:42522915→G              0.03         0.00         0.03       0.000021    
59     CYP2D6:42525131→G              50.62        55.00        -4.38      0.000019    
60     CYP2D6:42526693→A              20.45        20.00        0.45       0.000019    
61     CYP2D6:42524946→C              29.88        30.00        -0.12      0.000010    
62     CYP2D6:42525820→P              0.01         0.00         0.01       0.000005    
63     CYP2D6:42525820→M              0.01         0.00         0.01       0.000005    
64     CYP2D6:42525820→N              0.01         0.00         0.01       0.000005    
65     CYP2D6:42525820→A              0.01         0.00         0.01       0.000005    
66     CYP2D6:42525820→C              0.01         0.00         0.01       0.000005    
67     CYP2D6:42522915→A              0.00         0.00         0.00       0.000000    
68     CYP2D6:42522915→M              0.00         0.00         0.00       0.000000    
69     CYP2D6:42522915→N              0.00         0.00         0.00       0.000000    
70     CYP2D6:42522915→P              0.00         0.00         0.00       0.000000    
71     CYP2D6:42522915→T              0.00         0.00         0.00       0.000000    
72     CYP2D6:42525131→A              0.00         0.00         0.00       0.000000    
73     CYP2D6:42525131→C              0.00         0.00         0.00       0.000000    
74     CYP2D6:42525131→M              0.00         0.00         0.00       0.000000    
75     CYP2D6:42525131→N              0.00         0.00         0.00       0.000000    
76     CYP2D6:42525131→P              0.00         0.00         0.00       0.000000    
77     CYP2D6:42525131→T              0.00         0.00         0.00       0.000000    
New best model with final loss: 962.29

=== Running VAE with seed 456 ===
Global Pooled JS: 0.051847
Seed 456, Step    0: Loss = 1824.20 (Recon: 1328.89, Allele KL: 286.06, Base KL: 110218.98, Functional KL: 0.05
Global Pooled JS: 0.017700
Seed 456, Step  500: Loss = 944.68 (Recon: 799.37, Allele KL: 66.78, Base KL: 28951.63, Functional KL: 0.02
Global Pooled JS: 0.017737
Seed 456, Step 1000: Loss = 942.57 (Recon: 798.98, Allele KL: 66.69, Base KL: 27716.10, Functional KL: 0.02
Global Pooled JS: 0.019410
Seed 456, Step 1500: Loss = 951.36 (Recon: 807.28, Allele KL: 68.13, Base KL: 28474.81, Functional KL: 0.02
Global Pooled JS: 0.016886
Seed 456, Step 2000: Loss = 941.45 (Recon: 803.08, Allele KL: 50.22, Base KL: 27954.26, Functional KL: 0.02
Global Pooled JS: 0.018297
Seed 456, Step 2500: Loss = 941.79 (Recon: 805.57, Allele KL: 56.53, Base KL: 28143.41, Functional KL: 0.02

Top Variants with Coverage Mismatches:
Rank   Variant                        Expected     Observed     Diff       |Div|       
------------------------------------------------------------------------------------------
1      CYP2D6:42524928→T              23.88        49.00        -25.12     0.003440    
2      CYP2D6:42523527→C              27.83        51.00        -23.17     0.002626    
3      CYP2D6:42525810→C              22.12        12.00        10.12      0.001531    
4      CYP2D6:42525771→A              25.96        16.00        9.96       0.001242    
5      CYP2D6:42525820→T              22.13        14.00        8.13       0.000969    
6      CYP2D6:42524946→T              22.34        34.00        -11.66     0.000862    
7      CYP2D6:42525771→G              23.79        16.00        7.79       0.000827    
8      CYP2D6:42526693→G              27.46        20.00        7.46       0.000665    
9      CYP2D6:42522612→T              0.31         0.00         0.31       0.000193    
10     CYP2D6:42522612→C              0.31         0.00         0.31       0.000191    
11     CYP2D6:42522612→P              0.30         0.00         0.30       0.000189    
12     CYP2D6:42522612→N              0.30         0.00         0.30       0.000189    
13     CYP2D6:42522612→M              0.30         0.00         0.30       0.000186    
14     CYP2D6:42522612→A              0.30         0.00         0.30       0.000184    
15     CYP2D6:42522915→C              50.61        59.00        -8.39      0.000147    
16     CYP2D6:42524928→P              25.82        23.00        2.82       0.000134    
17     CYP2D6:42524928→C              0.19         0.00         0.19       0.000118    
18     CYP2D6:42524928→A              0.19         0.00         0.19       0.000115    
19     CYP2D6:42524928→N              0.18         0.00         0.18       0.000115    
20     CYP2D6:42524928→M              0.18         0.00         0.18       0.000114    
21     CYP2D6:42526693→A              22.40        20.00        2.40       0.000113    
22     CYP2D6:42524928→G              0.18         0.00         0.18       0.000113    
23     CYP2D6:42525771→P              0.18         0.00         0.18       0.000112    
24     CYP2D6:42523942→N              0.18         0.00         0.18       0.000110    
25     CYP2D6:42525771→C              0.18         0.00         0.18       0.000109    
26     CYP2D6:42525771→M              0.17         0.00         0.17       0.000108    
27     CYP2D6:42525771→N              0.17         0.00         0.17       0.000108    
28     CYP2D6:42523942→M              0.17         0.00         0.17       0.000108    
29     CYP2D6:42523942→C              0.17         0.00         0.17       0.000107    
30     CYP2D6:42523942→P              0.17         0.00         0.17       0.000106    
31     CYP2D6:42525771→T              0.17         0.00         0.17       0.000106    
32     CYP2D6:42525810→M              0.17         0.00         0.17       0.000104    
33     CYP2D6:42525820→A              0.17         0.00         0.17       0.000104    
34     CYP2D6:42525810→P              0.17         0.00         0.17       0.000104    
35     CYP2D6:42523942→T              0.17         0.00         0.17       0.000103    
36     CYP2D6:42525810→G              0.16         0.00         0.16       0.000102    
37     CYP2D6:42525810→N              0.16         0.00         0.16       0.000101    
38     CYP2D6:42525820→N              0.16         0.00         0.16       0.000101    
39     CYP2D6:42525810→A              0.16         0.00         0.16       0.000100    
40     CYP2D6:42525820→P              0.16         0.00         0.16       0.000100    
41     CYP2D6:42526693→T              0.16         0.00         0.16       0.000097    
42     CYP2D6:42525820→M              0.16         0.00         0.16       0.000097    
43     CYP2D6:42525820→C              0.15         0.00         0.15       0.000096    
44     CYP2D6:42526693→M              0.15         0.00         0.15       0.000095    
45     CYP2D6:42526693→C              0.15         0.00         0.15       0.000094    
46     CYP2D6:42526693→N              0.15         0.00         0.15       0.000094    
47     CYP2D6:42526693→P              0.15         0.00         0.15       0.000093    
48     CYP2D6:42523527→N              0.15         0.00         0.15       0.000092    
49     CYP2D6:42523527→A              0.15         0.00         0.15       0.000090    
50     CYP2D6:42523527→G              0.14         0.00         0.14       0.000090    
51     CYP2D6:42523527→P              0.14         0.00         0.14       0.000089    
52     CYP2D6:42523527→M              0.14         0.00         0.14       0.000086    
53     CYP2D6:42524946→M              0.14         0.00         0.14       0.000084    
54     CYP2D6:42524946→A              0.13         0.00         0.13       0.000084    
55     CYP2D6:42524946→G              0.13         0.00         0.13       0.000083    
56     CYP2D6:42524946→P              0.13         0.00         0.13       0.000083    
57     CYP2D6:42524946→N              0.13         0.00         0.13       0.000082    
58     CYP2D6:42525810→T              27.68        26.00        1.68       0.000065    
59     CYP2D6:42523942→G              23.49        27.00        -3.51      0.000052    
60     CYP2D6:42522612→G              48.80        48.00        0.80       0.000037    
61     CYP2D6:42523527→T              22.07        25.00        -2.93      0.000035    
62     CYP2D6:42525131→G              50.62        55.00        -4.38      0.000019    
63     CYP2D6:42524946→C              27.61        30.00        -2.39      0.000010    
64     CYP2D6:42522915→G              0.01         0.00         0.01       0.000004    
65     CYP2D6:42523942→A              26.27        27.00        -0.73      0.000001    
66     CYP2D6:42525820→G              27.69        29.00        -1.31      0.000000    
67     CYP2D6:42522915→A              0.00         0.00         0.00       0.000000    
68     CYP2D6:42522915→M              0.00         0.00         0.00       0.000000    
69     CYP2D6:42522915→N              0.00         0.00         0.00       0.000000    
70     CYP2D6:42522915→P              0.00         0.00         0.00       0.000000    
71     CYP2D6:42522915→T              0.00         0.00         0.00       0.000000    
72     CYP2D6:42525131→A              0.00         0.00         0.00       0.000000    
73     CYP2D6:42525131→C              0.00         0.00         0.00       0.000000    
74     CYP2D6:42525131→M              0.00         0.00         0.00       0.000000    
75     CYP2D6:42525131→N              0.00         0.00         0.00       0.000000    
76     CYP2D6:42525131→P              0.00         0.00         0.00       0.000000    
77     CYP2D6:42525131→T              0.00         0.00         0.00       0.000000    
New best model with final loss: 943.72

=== Multi-Seed VAE Results ===
Best model had seed 456 with final loss: 943.72
All seeds final losses:
  Seed 42: Total=976.75 (Recon=831.54, A_KL=43.61, B_KL=27001.02)
  Seed 123: Total=962.29 (Recon=820.10, A_KL=52.84, B_KL=26891.33)
  Seed 456: Total=943.72 (Recon=790.91, A_KL=72.92, B_KL=28964.62) <- Best

[Raw]:
CYP2D6*40: Normalized=0.5323, Unnormalized=0.53
CYP2D6*4: Normalized=0.4574, Unnormalized=0.46

Allocating by cn_config:

[Alleles]
CYP2D6*40
CYP2D6*4
	Command being timed: "python /home/qinghuiz/aidy/push/Neretva/neretva/cyp.py CYP2D6 /project/shared/aldy-data/wgs/NA19174.wgs.cram"
	User time (seconds): 275.04
	System time (seconds): 47.18
	Percent of CPU this job got: 101%
	Elapsed (wall clock) time (h:mm:ss or m:ss): 5:16.59
	Average shared text size (kbytes): 0
	Average unshared data size (kbytes): 0
	Average stack size (kbytes): 0
	Average total size (kbytes): 0
	Maximum resident set size (kbytes): 2826744
	Average resident set size (kbytes): 0
	Major (requiring I/O) page faults: 0
	Minor (reclaiming a frame) page faults: 909821
	Voluntary context switches: 24442
	Involuntary context switches: 481
	Swaps: 0
	File system inputs: 0
	File system outputs: 120
	Socket messages sent: 0
	Socket messages received: 0
	Signals delivered: 0
	Page size (bytes): 4096
	Exit status: 0
