2026-05-16 02:37:11.287133: I tensorflow/core/util/port.cc:111] oneDNN custom operations are on. You may see slightly different numerical results due to floating-point round-off errors from different computation orders. To turn them off, set the environment variable `TF_ENABLE_ONEDNN_OPTS=0`.
2026-05-16 02:37:11.333767: E tensorflow/compiler/xla/stream_executor/cuda/cuda_dnn.cc:9342] Unable to register cuDNN factory: Attempting to register factory for plugin cuDNN when one has already been registered
2026-05-16 02:37:11.333929: E tensorflow/compiler/xla/stream_executor/cuda/cuda_fft.cc:609] Unable to register cuFFT factory: Attempting to register factory for plugin cuFFT when one has already been registered
2026-05-16 02:37:11.334072: E tensorflow/compiler/xla/stream_executor/cuda/cuda_blas.cc:1518] Unable to register cuBLAS factory: Attempting to register factory for plugin cuBLAS when one has already been registered
2026-05-16 02:37:11.345119: I tensorflow/core/platform/cpu_feature_guard.cc:182] This TensorFlow binary is optimized to use available CPU instructions in performance-critical operations.
To enable the following instructions: AVX2 AVX512F AVX512_VNNI FMA, in other operations, rebuild TensorFlow with the appropriate compiler flags.
AttributeError: 'MessageFactory' object has no attribute 'GetPrototype'
2026-05-16 02:37:12.437245: W tensorflow/compiler/tf2tensorrt/utils/py_utils.cc:38] TF-TRT Warning: Could not find TensorRT
AttributeError: 'MessageFactory' object has no attribute 'GetPrototype'
[info] total indices 2506
[info] total variants 2506
3.001 was filtered out as 42524243 delT needs N but not covered
3.002 was filtered out as 42524243 delT needs N but not covered
4.001 was filtered out as 42526693 G>A needs A but not covered
4.002 was filtered out as 42526693 G>A needs A but not covered
4.006 was filtered out as 42526693 G>A needs A but not covered
4.008 was filtered out as 42526693 G>A needs A but not covered
4.014 was filtered out as 42526693 G>A needs A but not covered
4.015 was filtered out as 42526693 G>A needs A but not covered
4.016 was filtered out as 42526693 G>A needs A but not covered
4.017 was filtered out as 42526693 G>A needs A but not covered
4.018 was filtered out as 42526693 G>A needs A but not covered
4.020 was filtered out as 42526693 G>A needs A but not covered
4.022 was filtered out as 42526693 G>A needs A but not covered
4.023 was filtered out as 42526693 G>A needs A but not covered
4.024 was filtered out as 42526693 G>A needs A but not covered
4.025 was filtered out as 42526693 G>A needs A but not covered
4.026 was filtered out as 42526693 G>A needs A but not covered
4.029 was filtered out as 42526693 G>A needs A but not covered
4.030 was filtered out as 42526693 G>A needs A but not covered
4.003 was filtered out as 42526693 G>A needs A but not covered
4.004 was filtered out as 42526693 G>A needs A but not covered
4.005 was filtered out as 42526693 G>A needs A but not covered
4.011 was filtered out as 42526693 G>A needs A but not covered
4.019 was filtered out as 42526693 G>A needs A but not covered
4.007 was filtered out as 42526693 G>A needs A but not covered
4.009 was filtered out as 42526693 G>A needs A but not covered
4.010 was filtered out as 42526693 G>A needs A but not covered
4.012 was filtered out as 42525820 G>T needs T but not covered
4.013 was filtered out as 42526693 G>A needs A but not covered
4.021 was filtered out as 42526693 G>A needs A but not covered
4.027 was filtered out as 42526693 G>A needs A but not covered
4.028 was filtered out as 42526693 G>A needs A but not covered
4.1013 was filtered out as 42526693 G>A needs A but not covered
4.1021 was filtered out as 42526693 G>A needs A but not covered
4.2021 was filtered out as 42526693 G>A needs A but not covered
6.001 was filtered out as 42525085 delA needs N but not covered
6.002 was filtered out as 42525085 delA needs N but not covered
6.005 was filtered out as 42525085 delA needs N but not covered
6.006 was filtered out as 42525085 delA needs N but not covered
6.003 was filtered out as 42525085 delA needs N but not covered
6.004 was filtered out as 42525085 delA needs N but not covered
7.001 was filtered out as 42523857 T>G needs G but not covered
8.001 was filtered out as 42525034 C>A needs A but not covered
9.001 was filtered out as 42524175 delCTT needs N but not covered
9.002 was filtered out as 42524175 delCTT needs N but not covered
10.001 was filtered out as 42526693 G>A needs A but not covered
10.002 was filtered out as 42526693 G>A needs A but not covered
10.003 was filtered out as 42526693 G>A needs A but not covered
10.004 was filtered out as 42526693 G>A needs A but not covered
10.005 was filtered out as 42526693 G>A needs A but not covered
10.006 was filtered out as 42526693 G>A needs A but not covered
10.007 was filtered out as 42526693 G>A needs A but not covered
10.1004 was filtered out as 42526693 G>A needs A but not covered
11.001 was filtered out as 42525911 C>G needs G but not covered
12.001 was filtered out as 42526669 C>T needs T but not covered
12.002 was filtered out as 42526669 C>T needs T but not covered
14.001 was filtered out as 42525034 C>T needs T but not covered
15.003 was filtered out as 42526716 C>T needs T but not covered
18.001 was filtered out as 42522657 insCAGTGGGCA needs P but not covered
19.001 was filtered out as 42524250 delAGTT needs N but not covered
20.001 was filtered out as 42524815 insC needs P but not covered
21.001 was filtered out as 42524212 insG needs P but not covered
21.002 was filtered out as 42524212 insG needs P but not covered
22.001 was filtered out as 42526711 G>A needs A but not covered
23.001 was filtered out as 42525837 G>A needs A but not covered
24.001 was filtered out as 42523939 T>G needs G but not covered
25.001 was filtered out as 42523594 G>C needs C but not covered
26.001 was filtered out as 42523515 A>G needs G but not covered
27.001 was filtered out as 42522939 C>T needs T but not covered
28.001 was filtered out as 42526774 C>T needs T but not covered
28.002 was filtered out as 42526774 C>T needs T but not covered
29.001 was filtered out as 42525131 C.C>G.T needs M but not covered
30.001 was filtered out as 42524928 insGGGGCGAAA not covered (cov=0)
31.001 was filtered out as 42522750 C>T needs T but not covered
32.001 was filtered out as 42522939 C>T needs T but not covered
33.001 was filtered out as 42524309 C>A needs A but not covered
33.002 was filtered out as 42524309 C>A needs A but not covered
35.001 was filtered out as 42526762 C>T needs T but not covered
35.002 was filtered out as 42526762 C>T needs T but not covered
35.003 was filtered out as 42526762 C>T needs T but not covered
35.004 was filtered out as 42526762 C>T needs T but not covered
35.005 was filtered out as 42526762 C>T needs T but not covered
35.006 was filtered out as 42526762 C>T needs T but not covered
35.007 was filtered out as 42526762 C>T needs T but not covered
36.001 was filtered out as 42526693 G>A needs A but not covered
36.002 was filtered out as 42526693 G>A needs A but not covered
36.003 was filtered out as 42526693 G>A needs A but not covered
36.004 was filtered out as 42526693 G>A needs A but not covered
36.1001 was filtered out as 42526693 G>A needs A but not covered
37.001 was filtered out as 42526693 G>A needs A but not covered
38.001 was filtered out as 42524200 delTCAG needs N but not covered
40.001 was filtered out as 42524928 insGGGGCGAAAGGGGCGAAA not covered (cov=0)
41.001 was filtered out as 42523804 C>T needs T but not covered
41.002 was filtered out as 42523804 C>T needs T but not covered
41.003 was filtered out as 42523804 C>T needs T but not covered
41.004 was filtered out as 42523804 C>T needs T but not covered
41.005 was filtered out as 42523804 C>T needs T but not covered
42.001 was filtered out as 42523531 insAC needs P but not covered
43.001 was filtered out as 42526716 C>T needs T but not covered
43.002 was filtered out as 42526716 C>T needs T but not covered
44.001 was filtered out as 42526711 G>A needs A but not covered
45.001 was filtered out as 42525076 C>T needs T but not covered
45.002 was filtered out as 42525076 C>T needs T but not covered
45.003 was filtered out as 42525076 C>T needs T but not covered
45.004 was filtered out as 42525076 C>T needs T but not covered
46.001 was filtered out as 42525076 C>T needs T but not covered
46.002 was filtered out as 42525076 C>T needs T but not covered
46.003 was filtered out as 42525076 C>T needs T but not covered
47.001 was filtered out as 42526693 G>A needs A but not covered
48.001 was filtered out as 42525822 G>A needs A but not covered
49.001 was filtered out as 42526693 G>A needs A but not covered
50.001 was filtered out as 42525072 T>G needs G but not covered
51.001 was filtered out as 42523620 T>G needs G but not covered
52.001 was filtered out as 42526693 G>A needs A but not covered
52.002 was filtered out as 42526693 G>A needs A but not covered
53.001 was filtered out as 42525181 A>T needs T but not covered
54.001 was filtered out as 42526693 G>A needs A but not covered
55.001 was filtered out as 42522957 T>G needs G but not covered
56.001 was filtered out as 42523591 G>A needs A but not covered
56.002 was filtered out as 42526693 G>A needs A but not covered
56.003 was filtered out as 42526693 G>A needs A but not covered
57.001 was filtered out as 42526693 G>A needs A but not covered
57.1001 was filtered out as 42526693 G>A needs A but not covered
58.001 was filtered out as 42524928 insGGGGCGAAA not covered (cov=0)
59.001 was filtered out as 42523853 C>T needs T but not covered
60.001 was filtered out as 42524904 insTA needs P but not covered
62.001 was filtered out as 42522748 G>A needs A but not covered
64.001 was filtered out as 42526693 G>A needs A but not covered
65.001 was filtered out as 42526693 G>A needs A but not covered
68.001 was filtered out as 42526693 G>A needs A but not covered
69.001 was filtered out as 42526693 G>A needs A but not covered
70.001 was filtered out as 42525131 C.C>G.T needs M but not covered
71.001 was filtered out as 42526668 C>T needs T but not covered
71.002 was filtered out as 42526668 C>T needs T but not covered
71.003 was filtered out as 42526668 C>T needs T but not covered
72.001 was filtered out as 42526693 G>A needs A but not covered
73.001 was filtered out as 42525781 C>T needs T but not covered
74.001 was filtered out as 42525820 G>T needs T but not covered
75.001 was filtered out as 42522747 C>T needs T but not covered
75.002 was filtered out as 42522747 C>T needs T but not covered
81.001 was filtered out as 42524213 G>A needs A but not covered
82.001 was filtered out as 42525820 G>T needs T but not covered
83.001 was filtered out as 42522664 G>C needs C but not covered
83.002 was filtered out as 42522664 G>C needs C but not covered
83.003 was filtered out as 42522664 G>C needs C but not covered
84.001 was filtered out as 42524218 G>T needs T but not covered
84.002 was filtered out as 42524218 G>T needs T but not covered
85.001 was filtered out as 42522635 A>C needs C but not covered
86.001 was filtered out as 42524186 C>T needs T but not covered
87.001 was filtered out as 42526693 G>A needs A but not covered
88.001 was filtered out as 42525780 A>G needs G but not covered
89.001 was filtered out as 42525114 A>G needs G but not covered
90.001 was filtered out as 42525099 T>C needs C but not covered
91.001 was filtered out as 42523804 C>T needs T but not covered
92.001 was filtered out as 42524797 delG needs N but not covered
93.001 was filtered out as 42524273 T>G needs G but not covered
94.001 was filtered out as 42526693 G>A needs A but not covered
94.002 was filtered out as 42526693 G>A needs A but not covered
95.001 was filtered out as 42526693 G>A needs A but not covered
96.001 was filtered out as 42522897 G>A needs A but not covered
97.001 was filtered out as 42522698 G>T needs T but not covered
98.001 was filtered out as 42522682 G>C needs C but not covered
99.001 was filtered out as 42526693 G>A needs A but not covered
100.001 was filtered out as 42526693 G>A needs A but not covered
101.001 was filtered out as 42526693 G>A needs A but not covered
102.001 was filtered out as 42525822 G>A needs A but not covered
103.001 was filtered out as 42525043 T>C needs C but not covered
104.001 was filtered out as 42525072 T>A needs A but not covered
105.001 was filtered out as 42523524 A>G needs G but not covered
106.001 was filtered out as 42522915 C>T needs T but not covered
106.002 was filtered out as 42522915 C>T needs T but not covered
106.003 was filtered out as 42522915 C>T needs T but not covered
107.001 was filtered out as 42525133 C>T needs T but not covered
108.001 was filtered out as 42523566 T>C needs C but not covered
109.001 was filtered out as 42524175 delCTT needs N but not covered
110.001 was filtered out as 42522736 C>T needs T but not covered
111.001 was filtered out as 42525760 C>T needs T but not covered
111.002 was filtered out as 42525760 C>T needs T but not covered
112.001 was filtered out as 42522606 G>A needs A but not covered
113.001 was filtered out as 42522753 C>T needs T but not covered
114.001 was filtered out as 42526693 G>A needs A but not covered
115.001 was filtered out as 42524175 delCTT needs N but not covered
116.001 was filtered out as 42523632 C>G needs G but not covered
117.001 was filtered out as 42523612 C>T needs T but not covered
118.001 was filtered out as 42523900 T>C needs C but not covered
119.001 was filtered out as 42523804 C>T needs T but not covered
120.001 was filtered out as 42526729 delG needs N but not covered
121.001 was filtered out as 42525043 T>C needs C but not covered
123.001 was filtered out as 42523804 C>T needs T but not covered
124.001 was filtered out as 42522982 delGA needs N but not covered
124.002 was filtered out as 42522982 delGA needs N but not covered
125.001 was filtered out as 42522720 C>T needs T but not covered
126.001 was filtered out as 42525135 G>A needs A but not covered
127.001 was filtered out as 42523527 C>T needs T but not covered
128.001 was filtered out as 42525888 A>C needs C but not covered
129.001 was filtered out as 42525156 C>T needs T but not covered
130.001 was filtered out as 42524879 CA>AG needs A but not covered
131.001 was filtered out as 42524326 A>G needs G but not covered
132.001 was filtered out as 42526693 G>A needs A but not covered
133.001 was filtered out as 42523603 C>T needs T but not covered
134.001 was filtered out as 42523590 C>T needs T but not covered
135.001 was filtered out as 42522927 G>A needs A but not covered
136.001 was filtered out as 42522878 G>A needs A but not covered
137.001 was filtered out as 42522579 C>T needs T but not covered
138.001 was filtered out as 42523804 C>T needs T but not covered
139.001 was filtered out as 42523527 C>T needs T but not covered
140.001 was filtered out as 42524330 G>A needs A but not covered
141.001 was filtered out as 42522664 G>C needs C but not covered
141.1001 was filtered out as 42522939 C>T needs T but not covered
142.001 was filtered out as 42526693 G>A needs A but not covered
143.001 was filtered out as 42526762 C>T needs T but not covered
144.001 was filtered out as 42524352 C>T needs T but not covered
145.001 was filtered out as 42524928 insGGGGCGAAA not covered (cov=0)
146.001 was filtered out as 42526716 C>T needs T but not covered
147.001 was filtered out as 42526693 G>A needs A but not covered
148.001 was filtered out as 42526716 C>T needs T but not covered
149.001 was filtered out as 42525131 C.C>G.T needs M but not covered
152.001 was filtered out as 42524341 G>A needs A but not covered
153.001 was filtered out as 42524808 C>T needs T but not covered
154.001 was filtered out as 42522747 C>T needs T but not covered
155.001 was filtered out as 42525131 C.C>G.T needs M but not covered
156.001 was filtered out as 42525131 C.C>G.T needs M but not covered
157.001 was filtered out as 42525131 C.C>G.T needs M but not covered
158.001 was filtered out as 42523804 C>T needs T but not covered
159.001 was filtered out as 42526671 G>A needs A but not covered
160.001 was filtered out as 42525820 G>T needs T but not covered
161.001 was filtered out as 42525184 C>A needs A but not covered
162.001 was filtered out as 42522939 C>T needs T but not covered
163.001 was filtered out as 42525157 A>G needs G but not covered
[filter] CYP2D6 1.001 => 1.001; 1.002; 1.003; 1.004; 1.005; 1.006; 1.007; 1.008; 1.009; 1.010; 1.011; 1.012; 1.013; 1.014; 1.015; 1.016; 1.017; 1.018; 1.019; 1.020; 1.021; 1.022; 1.023; 1.024; 1.025; 1.026; 1.027; 1.028; 1.029; 1.030; 1.031; 1.032; 1.033; 1.034; 1.035; 1.036; 1.037; 1.038; 1.039; 1.040; 1.041; 1.042; 1.043; 1.044; 1.045; 1.046; 1.047; 1.048; 1.049
[filter] CYP2D6 2.001 => 2.001; 2.002; 2.003; 2.004; 2.005; 2.006; 2.007; 2.008; 2.009; 2.010; 2.011; 2.012; 2.013; 2.014; 2.015; 2.016; 2.017; 2.018; 2.019; 2.020; 2.021; 2.022; 2.023; 2.024; 2.025; 2.026; 2.027; 2.028; 2.030
[filter] CYP2D6 5.001 => 5.001
[filter] CYP2D6 15.001 => 15.001; 15.002
[filter] CYP2D6 17.001 => 17.001; 17.002; 17.003; 17.004; 17.005; 17.006
[filter] CYP2D6 34.001 => 34.001
[filter] CYP2D6 39.001 => 39.001; 39.002
[filter] CYP2D6 61.001 => 61.001
[filter] CYP2D6 63.001 => 63.001
[filter] CYP2D6 68.002 => 68.002
[filter] CYP2D6 83.1003 => 83.1003
[filter] CYP2D6 122.001 => 122.001
[filter] valid_alleles=95
Step 0: Loss=0.1417, CN=[2.0999167]
Step 100: Loss=0.1127, CN=[2.286834]
Step 200: Loss=0.1127, CN=[2.287548]
Step 300: Loss=0.1127, CN=[2.2875552]
Step 400: Loss=0.1127, CN=[2.287555]

=== Fit ===
Region 0: obs=2.798, exp=2.288, diff=+0.510 *
Region 1: obs=2.107, exp=2.288, diff=-0.181 
Region 2: obs=2.003, exp=2.288, diff=-0.284 
Region 3: obs=2.729, exp=2.288, diff=+0.441 
Region 4: obs=2.663, exp=2.288, diff=+0.375 
Region 5: obs=2.184, exp=2.288, diff=-0.104 
Region 6: obs=2.387, exp=2.288, diff=+0.099 
Region 7: obs=1.708, exp=2.288, diff=-0.580 *
Region 8: obs=2.462, exp=2.288, diff=+0.175 
Region 9: obs=2.193, exp=2.288, diff=-0.094 
Region 10: obs=2.938, exp=2.288, diff=+0.650 *
Region 11: obs=2.166, exp=2.288, diff=-0.122 
Region 12: obs=3.174, exp=2.288, diff=+0.886 *
Region 13: obs=2.600, exp=2.288, diff=+0.313 
Region 14: obs=2.433, exp=2.288, diff=+0.146 
Region 15: obs=2.354, exp=2.288, diff=+0.066 
Region 16: obs=2.042, exp=2.288, diff=-0.245 
Region 17: obs=1.553, exp=2.288, diff=-0.734 *
Region 18: obs=2.330, exp=2.288, diff=+0.043 
Region 19: obs=1.728, exp=2.288, diff=-0.560 *
Region 20: obs=2.288, exp=2.288, diff=+0.000 
Region 21: obs=0.000, exp=2.288, diff=-2.288 *
Region 22: obs=2.160, exp=2.288, diff=-0.128 

[Gene CN Results]
  CYP2D6: 2.29 → 2.287554979324341

=== CYP2D6 Fusion Template CN Estimation ===

Using CN configs: ['1', '68.001', '141.1001']

Region coverage:
  up: 2.8
  utr5: 2.1
  e1: 2.0
  i1: 2.7
  e2: 2.7
  i2: 2.2
  e3: 2.4
  i3: 1.7
  e4: 2.5
  i4: 2.2
  e5: 2.9
  i5: 2.2
  e6: 3.2
  i6: 2.6
  e7: 2.4
  i7: 2.4
  e8: 2.0
  i8: 1.6
  e9: 2.3
  utr3: 1.7
  ins: 2.3
  pce: 0.0
  rep: 2.2
  e1_2d7: 0.1
  e2_2d7: 0.6
  e3_2d7: 0.8
  e5_2d7: 0.5
  e6_2d7: 0.4
  e9_2d7: 0.2
  pce_2d7: 0.5

CN configs: ['1', '68.001', '141.1001']
PCE contributions: {'1': tensor(0.), '68.001': tensor(1.), '141.1001': tensor(1.)}
Gene CN: 2.29 → required total: 2
Respect gene CN constraint: True
Enumerating configurations that sum to 2...
Evaluated 6 configurations

Top 5 configurations:
  1. loss=5.73: 1:2
  2. loss=10.32: 1:1, 141.1001:1
  3. loss=25.42: 141.1001:2
  4. loss=29.24: 1:1, 68.001:1
  5. loss=44.33: 68.001:1, 141.1001:1

Best CN assignment (loss=5.73):
  1: 2
  Total: 2

Fit comparison:
  up: obs=2.8, exp=2.0, diff=+0.8
  utr5: obs=2.1, exp=2.0, diff=+0.1
  e1: obs=2.0, exp=2.0, diff=+0.0
  i1: obs=2.7, exp=2.0, diff=+0.7
  e2: obs=2.7, exp=2.0, diff=+0.7
  i2: obs=2.2, exp=2.0, diff=+0.2
  e3: obs=2.4, exp=2.0, diff=+0.4
  i3: obs=1.7, exp=2.0, diff=-0.3
  e4: obs=2.5, exp=2.0, diff=+0.5
  i4: obs=2.2, exp=2.0, diff=+0.2
  e5: obs=2.9, exp=2.0, diff=+0.9
  i5: obs=2.2, exp=2.0, diff=+0.2
  e6: obs=3.2, exp=2.0, diff=+1.2
  i6: obs=2.6, exp=2.0, diff=+0.6
  e7: obs=2.4, exp=2.0, diff=+0.4
  i7: obs=2.4, exp=2.0, diff=+0.4
  e8: obs=2.0, exp=2.0, diff=+0.0
  i8: obs=1.6, exp=2.0, diff=-0.4
  e9: obs=2.3, exp=2.0, diff=+0.3
  utr3: obs=1.7, exp=2.0, diff=-0.3
  ins: obs=2.3, exp=2.0, diff=+0.3
  pce: obs=0.0, exp=0.0, diff=+0.0
  rep: obs=2.2, exp=2.0, diff=+0.2
  e1_2d7: obs=0.1, exp=0.0, diff=+0.1
  e2_2d7: obs=0.6, exp=0.0, diff=+0.6
  e3_2d7: obs=0.8, exp=0.0, diff=+0.8
  e5_2d7: obs=0.5, exp=0.0, diff=+0.5
  e6_2d7: obs=0.4, exp=0.0, diff=+0.4
  e9_2d7: obs=0.2, exp=0.0, diff=+0.2
  pce_2d7: obs=0.5, exp=0.0, diff=+0.5

[Selected CN Configs] 1:2
  Total CYP2D6 CN: 2

[Filtering alleles by cn_config]

Kept alleles by cn_config:
  1: 7 major alleles
    *1.001, *122.001, *15.001, *17.001, *2.001, *34.001, *39.001

  Filtered: 5 alleles
  Kept: 90 alleles

[Updating N variant counts for deleted regions]
  Total updated: 0 positions

[Rebuilding allele vectors for fusion cn_configs]
Using device: cuda

=== Running VAE with seed 42 ===
Global Pooled JS: 0.090493
Seed 42, Step    0: Loss = 2027.00 (Recon: 1377.82, Allele KL: 380.50, Base KL: 194713.12, Functional KL: 0.09
Global Pooled JS: 0.010184
Seed 42, Step  500: Loss = 835.73 (Recon: 691.42, Allele KL: 63.71, Base KL: 26004.09, Functional KL: 0.01
Global Pooled JS: 0.015046
Seed 42, Step 1000: Loss = 857.18 (Recon: 720.69, Allele KL: 51.55, Base KL: 25569.02, Functional KL: 0.02
Global Pooled JS: 0.009671
Seed 42, Step 1500: Loss = 830.59 (Recon: 689.15, Allele KL: 60.93, Base KL: 26101.60, Functional KL: 0.01
Global Pooled JS: 0.009042
Seed 42, Step 2000: Loss = 834.76 (Recon: 695.49, Allele KL: 48.10, Base KL: 26370.39, Functional KL: 0.01
Global Pooled JS: 0.008993
Seed 42, Step 2500: Loss = 831.52 (Recon: 693.42, Allele KL: 51.52, Base KL: 26211.83, Functional KL: 0.01

Top Variants with Coverage Mismatches:
Rank   Variant                        Expected     Observed     Diff       |Div|       
------------------------------------------------------------------------------------------
1      CYP2D6:42526655→P              18.81        13.00        5.81       0.001408    
2      CYP2D6:42523942→A              23.77        34.00        -10.23     0.000918    
3      CYP2D6:42525131→G              24.65        20.00        4.65       0.000837    
4      CYP2D6:42523942→G              21.40        29.00        -7.60      0.000516    
5      CYP2D6:42522612→C              21.39        28.00        -6.61      0.000359    
6      CYP2D6:42523513→C              45.87        44.00        1.87       0.000316    
7      CYP2D6:42522612→G              23.71        22.00        1.71       0.000255    
8      CYP2D6:42526655→C              26.39        33.00        -6.61      0.000244    
9      CYP2D6:42522612→T              0.16         0.00         0.16       0.000205    
10     CYP2D6:42522612→M              0.16         0.00         0.16       0.000204    
11     CYP2D6:42522612→P              0.16         0.00         0.16       0.000203    
12     CYP2D6:42522612→N              0.16         0.00         0.16       0.000199    
13     CYP2D6:42522612→A              0.16         0.00         0.16       0.000196    
14     CYP2D6:42523942→T              0.15         0.00         0.15       0.000193    
15     CYP2D6:42523942→N              0.15         0.00         0.15       0.000186    
16     CYP2D6:42523942→C              0.15         0.00         0.15       0.000184    
17     CYP2D6:42523942→M              0.15         0.00         0.15       0.000183    
18     CYP2D6:42526655→T              0.14         0.00         0.14       0.000181    
19     CYP2D6:42525771→C              0.14         0.00         0.14       0.000177    
20     CYP2D6:42525771→T              0.14         0.00         0.14       0.000177    
21     CYP2D6:42526655→N              0.14         0.00         0.14       0.000177    
22     CYP2D6:42523942→P              0.14         0.00         0.14       0.000176    
23     CYP2D6:42525771→M              0.14         0.00         0.14       0.000176    
24     CYP2D6:42526655→G              0.14         0.00         0.14       0.000175    
25     CYP2D6:42525771→N              0.14         0.00         0.14       0.000175    
26     CYP2D6:42526655→A              0.14         0.00         0.14       0.000171    
27     CYP2D6:42525771→P              0.14         0.00         0.14       0.000170    
28     CYP2D6:42526655→M              0.13         0.00         0.13       0.000169    
29     CYP2D6:42525771→A              22.97        28.00        -5.03      0.000140    
30     CYP2D6:42525131→C              21.25        26.00        -4.75      0.000138    
31     CYP2D6:42523513→T              0.03         0.00         0.03       0.000035    
32     CYP2D6:42525771→G              22.24        23.00        -0.76      0.000026    
33     CYP2D6:42523513→G              0.00         0.00         0.00       0.000000    
34     CYP2D6:42523513→P              0.00         0.00         0.00       0.000000    
35     CYP2D6:42523513→A              0.00         0.00         0.00       0.000000    
36     CYP2D6:42523513→N              0.00         0.00         0.00       0.000000    
37     CYP2D6:42523513→M              0.00         0.00         0.00       0.000000    
38     CYP2D6:42525131→A              0.00         0.00         0.00       0.000000    
39     CYP2D6:42525131→M              0.00         0.00         0.00       0.000000    
40     CYP2D6:42525131→N              0.00         0.00         0.00       0.000000    
41     CYP2D6:42525131→P              0.00         0.00         0.00       0.000000    
42     CYP2D6:42525131→T              0.00         0.00         0.00       0.000000    
New best model with final loss: 832.90

=== Running VAE with seed 123 ===
Global Pooled JS: 0.043262
Seed 123, Step    0: Loss = 1854.60 (Recon: 1071.93, Allele KL: 367.74, Base KL: 302900.44, Functional KL: 0.04
Global Pooled JS: 0.009367
Seed 123, Step  500: Loss = 834.11 (Recon: 687.45, Allele KL: 66.68, Base KL: 26030.20, Functional KL: 0.01
Global Pooled JS: 0.009080
Seed 123, Step 1000: Loss = 829.47 (Recon: 692.11, Allele KL: 50.44, Base KL: 26181.28, Functional KL: 0.01
Global Pooled JS: 0.008920
Seed 123, Step 1500: Loss = 827.20 (Recon: 688.71, Allele KL: 55.10, Base KL: 26180.39, Functional KL: 0.01
Global Pooled JS: 0.009058
Seed 123, Step 2000: Loss = 827.29 (Recon: 688.18, Allele KL: 56.29, Base KL: 26113.12, Functional KL: 0.01
Global Pooled JS: 0.009098
Seed 123, Step 2500: Loss = 832.83 (Recon: 689.06, Allele KL: 62.28, Base KL: 26026.02, Functional KL: 0.01

Top Variants with Coverage Mismatches:
Rank   Variant                        Expected     Observed     Diff       |Div|       
------------------------------------------------------------------------------------------
1      CYP2D6:42526655→P              18.71        13.00        5.71       0.001370    
2      CYP2D6:42523942→A              23.84        34.00        -10.16     0.000900    
3      CYP2D6:42525131→G              24.68        20.00        4.68       0.000845    
4      CYP2D6:42523942→G              21.36        29.00        -7.64      0.000524    
5      CYP2D6:42522612→C              21.36        28.00        -6.64      0.000364    
6      CYP2D6:42523513→C              45.86        44.00        1.86       0.000315    
7      CYP2D6:42522612→G              23.73        22.00        1.73       0.000259    
8      CYP2D6:42526655→C              26.49        33.00        -6.51      0.000231    
9      CYP2D6:42522612→P              0.16         0.00         0.16       0.000204    
10     CYP2D6:42522612→T              0.16         0.00         0.16       0.000204    
11     CYP2D6:42522612→N              0.16         0.00         0.16       0.000203    
12     CYP2D6:42522612→M              0.16         0.00         0.16       0.000202    
13     CYP2D6:42522612→A              0.16         0.00         0.16       0.000199    
14     CYP2D6:42525771→T              0.15         0.00         0.15       0.000185    
15     CYP2D6:42525771→N              0.14         0.00         0.14       0.000180    
16     CYP2D6:42526655→N              0.14         0.00         0.14       0.000180    
17     CYP2D6:42525771→C              0.14         0.00         0.14       0.000179    
18     CYP2D6:42523942→P              0.14         0.00         0.14       0.000179    
19     CYP2D6:42525771→P              0.14         0.00         0.14       0.000178    
20     CYP2D6:42526655→G              0.14         0.00         0.14       0.000177    
21     CYP2D6:42523942→N              0.14         0.00         0.14       0.000176    
22     CYP2D6:42526655→T              0.14         0.00         0.14       0.000175    
23     CYP2D6:42526655→A              0.14         0.00         0.14       0.000175    
24     CYP2D6:42523942→T              0.14         0.00         0.14       0.000175    
25     CYP2D6:42523942→M              0.14         0.00         0.14       0.000175    
26     CYP2D6:42523942→C              0.14         0.00         0.14       0.000175    
27     CYP2D6:42525771→M              0.14         0.00         0.14       0.000173    
28     CYP2D6:42526655→M              0.14         0.00         0.14       0.000172    
29     CYP2D6:42525771→A              22.91        28.00        -5.09      0.000146    
30     CYP2D6:42525131→C              21.22        26.00        -4.78      0.000141    
31     CYP2D6:42523513→T              0.04         0.00         0.04       0.000049    
32     CYP2D6:42525771→G              22.28        23.00        -0.72      0.000028    
33     CYP2D6:42523513→A              0.00         0.00         0.00       0.000000    
34     CYP2D6:42523513→G              0.00         0.00         0.00       0.000000    
35     CYP2D6:42523513→N              0.00         0.00         0.00       0.000000    
36     CYP2D6:42523513→P              0.00         0.00         0.00       0.000000    
37     CYP2D6:42523513→M              0.00         0.00         0.00       0.000000    
38     CYP2D6:42525131→A              0.00         0.00         0.00       0.000000    
39     CYP2D6:42525131→M              0.00         0.00         0.00       0.000000    
40     CYP2D6:42525131→N              0.00         0.00         0.00       0.000000    
41     CYP2D6:42525131→P              0.00         0.00         0.00       0.000000    
42     CYP2D6:42525131→T              0.00         0.00         0.00       0.000000    

=== Running VAE with seed 456 ===
Global Pooled JS: 0.055927
Seed 456, Step    0: Loss = 2157.55 (Recon: 1102.36, Allele KL: 433.82, Base KL: 518266.75, Functional KL: 0.06
Global Pooled JS: 0.008701
Seed 456, Step  500: Loss = 831.06 (Recon: 691.63, Allele KL: 52.89, Base KL: 26267.64, Functional KL: 0.01
Global Pooled JS: 0.017844
Seed 456, Step 1000: Loss = 868.83 (Recon: 732.70, Allele KL: 52.38, Base KL: 26099.36, Functional KL: 0.02
Global Pooled JS: 0.009149
Seed 456, Step 1500: Loss = 826.33 (Recon: 689.43, Allele KL: 54.79, Base KL: 25901.71, Functional KL: 0.01
Global Pooled JS: 0.009097
Seed 456, Step 2000: Loss = 829.83 (Recon: 688.99, Allele KL: 58.12, Base KL: 26125.64, Functional KL: 0.01
Global Pooled JS: 0.009716
Seed 456, Step 2500: Loss = 832.30 (Recon: 694.03, Allele KL: 54.32, Base KL: 26128.62, Functional KL: 0.01

Top Variants with Coverage Mismatches:
Rank   Variant                        Expected     Observed     Diff       |Div|       
------------------------------------------------------------------------------------------
1      CYP2D6:42526655→P              19.50        13.00        6.50       0.001670    
2      CYP2D6:42525131→G              24.83        20.00        4.83       0.000882    
3      CYP2D6:42523942→A              23.94        34.00        -10.06     0.000872    
4      CYP2D6:42523942→G              21.23        29.00        -7.77      0.000552    
5      CYP2D6:42522612→C              21.24        28.00        -6.76      0.000386    
6      CYP2D6:42526655→C              25.66        33.00        -7.34      0.000348    
7      CYP2D6:42523513→C              45.89        44.00        1.89       0.000318    
8      CYP2D6:42522612→G              23.85        22.00        1.85       0.000276    
9      CYP2D6:42522612→P              0.16         0.00         0.16       0.000204    
10     CYP2D6:42522612→N              0.16         0.00         0.16       0.000204    
11     CYP2D6:42522612→T              0.16         0.00         0.16       0.000204    
12     CYP2D6:42522612→M              0.16         0.00         0.16       0.000203    
13     CYP2D6:42522612→A              0.16         0.00         0.16       0.000201    
14     CYP2D6:42526655→A              0.15         0.00         0.15       0.000189    
15     CYP2D6:42525771→C              0.15         0.00         0.15       0.000189    
16     CYP2D6:42525771→T              0.15         0.00         0.15       0.000187    
17     CYP2D6:42526655→T              0.15         0.00         0.15       0.000187    
18     CYP2D6:42525771→M              0.15         0.00         0.15       0.000186    
19     CYP2D6:42526655→N              0.15         0.00         0.15       0.000185    
20     CYP2D6:42523942→N              0.15         0.00         0.15       0.000183    
21     CYP2D6:42525771→P              0.15         0.00         0.15       0.000183    
22     CYP2D6:42526655→G              0.14         0.00         0.14       0.000182    
23     CYP2D6:42523942→P              0.14         0.00         0.14       0.000182    
24     CYP2D6:42523942→T              0.14         0.00         0.14       0.000181    
25     CYP2D6:42523942→M              0.14         0.00         0.14       0.000181    
26     CYP2D6:42525771→N              0.14         0.00         0.14       0.000181    
27     CYP2D6:42526655→M              0.14         0.00         0.14       0.000181    
28     CYP2D6:42523942→C              0.14         0.00         0.14       0.000180    
29     CYP2D6:42525131→C              21.07        26.00        -4.93      0.000158    
30     CYP2D6:42525771→A              23.57        28.00        -4.43      0.000084    
31     CYP2D6:42523513→T              0.01         0.00         0.01       0.000015    
32     CYP2D6:42525771→G              21.59        23.00        -1.41      0.000005    
33     CYP2D6:42523513→M              0.00         0.00         0.00       0.000000    
34     CYP2D6:42523513→P              0.00         0.00         0.00       0.000000    
35     CYP2D6:42523513→N              0.00         0.00         0.00       0.000000    
36     CYP2D6:42523513→G              0.00         0.00         0.00       0.000000    
37     CYP2D6:42523513→A              0.00         0.00         0.00       0.000000    
38     CYP2D6:42525131→A              0.00         0.00         0.00       0.000000    
39     CYP2D6:42525131→M              0.00         0.00         0.00       0.000000    
40     CYP2D6:42525131→N              0.00         0.00         0.00       0.000000    
41     CYP2D6:42525131→P              0.00         0.00         0.00       0.000000    
42     CYP2D6:42525131→T              0.00         0.00         0.00       0.000000    
New best model with final loss: 830.81

=== Multi-Seed VAE Results ===
Best model had seed 456 with final loss: 830.81
All seeds final losses:
  Seed 42: Total=832.90 (Recon=694.32, A_KL=50.94, B_KL=26096.45)
  Seed 123: Total=837.88 (Recon=699.56, A_KL=49.66, B_KL=26801.65)
  Seed 456: Total=830.81 (Recon=691.33, A_KL=53.67, B_KL=26115.71) <- Best
[time] run_vae took 144.39s (2,672.05859375 MB; 2,818.3359375 MB)

[Raw]:
CYP2D6*17: Normalized=0.5329, Unnormalized=0.53
CYP2D6*15: Normalized=0.4444, Unnormalized=0.44

Allocating by cn_config:

[Alleles]
CYP2D6*17
CYP2D6*15
	Command being timed: "python cyp.py CYP2D6 /project/shared/aldy-data/wgs/NA19239.wgs.cram"
	User time (seconds): 145.14
	System time (seconds): 18.66
	Percent of CPU this job got: 103%
	Elapsed (wall clock) time (h:mm:ss or m:ss): 2:37.90
	Average shared text size (kbytes): 0
	Average unshared data size (kbytes): 0
	Average stack size (kbytes): 0
	Average total size (kbytes): 0
	Maximum resident set size (kbytes): 2885976
	Average resident set size (kbytes): 0
	Major (requiring I/O) page faults: 0
	Minor (reclaiming a frame) page faults: 808985
	Voluntary context switches: 25139
	Involuntary context switches: 4305
	Swaps: 0
	File system inputs: 0
	File system outputs: 88
	Socket messages sent: 0
	Socket messages received: 0
	Signals delivered: 0
	Page size (bytes): 4096
	Exit status: 0
