2026-03-11 06:39:25.000383: I tensorflow/core/util/port.cc:111] oneDNN custom operations are on. You may see slightly different numerical results due to floating-point round-off errors from different computation orders. To turn them off, set the environment variable `TF_ENABLE_ONEDNN_OPTS=0`.
2026-03-11 06:39:25.037628: E tensorflow/compiler/xla/stream_executor/cuda/cuda_dnn.cc:9342] Unable to register cuDNN factory: Attempting to register factory for plugin cuDNN when one has already been registered
2026-03-11 06:39:25.037796: E tensorflow/compiler/xla/stream_executor/cuda/cuda_fft.cc:609] Unable to register cuFFT factory: Attempting to register factory for plugin cuFFT when one has already been registered
2026-03-11 06:39:25.037931: E tensorflow/compiler/xla/stream_executor/cuda/cuda_blas.cc:1518] Unable to register cuBLAS factory: Attempting to register factory for plugin cuBLAS when one has already been registered
2026-03-11 06:39:25.046343: I tensorflow/core/platform/cpu_feature_guard.cc:182] This TensorFlow binary is optimized to use available CPU instructions in performance-critical operations.
To enable the following instructions: AVX2 AVX512F AVX512_VNNI FMA, in other operations, rebuild TensorFlow with the appropriate compiler flags.
AttributeError: 'MessageFactory' object has no attribute 'GetPrototype'
2026-03-11 06:39:26.220231: W tensorflow/compiler/tf2tensorrt/utils/py_utils.cc:38] TF-TRT Warning: Could not find TensorRT
AttributeError: 'MessageFactory' object has no attribute 'GetPrototype'
[info] total indices 2506
[info] total variants 2506
1.001 was filtered out as 42522612 C>G needs C but not covered
1.002 was filtered out as 42522612 C>G needs C but not covered
1.003 was filtered out as 42522612 C>G needs C but not covered
1.004 was filtered out as 42522612 C>G needs C but not covered
1.005 was filtered out as 42522612 C>G needs C but not covered
1.006 was filtered out as 42522612 C>G needs C but not covered
1.007 was filtered out as 42522612 C>G needs C but not covered
1.008 was filtered out as 42522612 C>G needs C but not covered
1.009 was filtered out as 42522612 C>G needs C but not covered
1.010 was filtered out as 42522612 C>G needs C but not covered
1.011 was filtered out as 42522612 C>G needs C but not covered
1.012 was filtered out as 42522612 C>G needs C but not covered
1.013 was filtered out as 42522612 C>G needs C but not covered
1.014 was filtered out as 42522612 C>G needs C but not covered
1.015 was filtered out as 42522612 C>G needs C but not covered
1.016 was filtered out as 42522612 C>G needs C but not covered
1.017 was filtered out as 42522612 C>G needs C but not covered
1.018 was filtered out as 42522612 C>G needs C but not covered
1.019 was filtered out as 42522612 C>G needs C but not covered
1.020 was filtered out as 42522612 C>G needs C but not covered
1.021 was filtered out as 42522612 C>G needs C but not covered
1.022 was filtered out as 42522612 C>G needs C but not covered
1.023 was filtered out as 42522612 C>G needs C but not covered
1.024 was filtered out as 42522612 C>G needs C but not covered
1.025 was filtered out as 42522612 C>G needs C but not covered
1.026 was filtered out as 42522612 C>G needs C but not covered
1.027 was filtered out as 42522612 C>G needs C but not covered
1.028 was filtered out as 42522612 C>G needs C but not covered
1.029 was filtered out as 42522612 C>G needs C but not covered
1.030 was filtered out as 42522612 C>G needs C but not covered
1.031 was filtered out as 42522612 C>G needs C but not covered
1.032 was filtered out as 42522612 C>G needs C but not covered
1.033 was filtered out as 42522612 C>G needs C but not covered
1.034 was filtered out as 42522612 C>G needs C but not covered
1.035 was filtered out as 42522612 C>G needs C but not covered
1.036 was filtered out as 42522612 C>G needs C but not covered
1.037 was filtered out as 42522612 C>G needs C but not covered
1.038 was filtered out as 42522612 C>G needs C but not covered
1.039 was filtered out as 42522612 C>G needs C but not covered
1.040 was filtered out as 42522612 C>G needs C but not covered
1.041 was filtered out as 42522612 C>G needs C but not covered
1.042 was filtered out as 42522612 C>G needs C but not covered
1.043 was filtered out as 42522612 C>G needs C but not covered
1.044 was filtered out as 42522612 C>G needs C but not covered
1.045 was filtered out as 42522612 C>G needs C but not covered
1.046 was filtered out as 42522612 C>G needs C but not covered
1.047 was filtered out as 42522612 C>G needs C but not covered
1.048 was filtered out as 42522612 C>G needs C but not covered
1.049 was filtered out as 42522612 C>G needs C but not covered
2.004 was filtered out as 42525131 C.C>G.T needs C but not covered
3.001 was filtered out as 42522612 C>G needs C but not covered
3.002 was filtered out as 42522612 C>G needs C but not covered
4.002 was filtered out as 42525131 C.C>G.T needs C but not covered
4.007 was filtered out as 42523854 G>A needs A but not covered
4.009 was filtered out as 42522612 C>G needs C but not covered
4.012 was filtered out as 42522612 C>G needs C but not covered
4.013 was filtered out as 42522664 G>C needs C but not covered
4.027 was filtered out as 42522612 C>G needs C but not covered
4.028 was filtered out as 42522723 G>T needs T but not covered
4.1013 was filtered out as 42522612 C>G needs C but not covered
4.1021 was filtered out as 42522612 C>G needs C but not covered
5.001 was filtered out as 42522612 C>G needs C but not covered
6.001 was filtered out as 42522612 C>G needs C but not covered
6.002 was filtered out as 42522612 C>G needs C but not covered
6.005 was filtered out as 42522612 C>G needs C but not covered
6.006 was filtered out as 42522612 C>G needs C but not covered
6.003 was filtered out as 42525085 delA needs N but not covered
6.004 was filtered out as 42522612 C>G needs C but not covered
7.001 was filtered out as 42522612 C>G needs C but not covered
8.001 was filtered out as 42525034 C>A needs A but not covered
9.001 was filtered out as 42522612 C>G needs C but not covered
9.002 was filtered out as 42522612 C>G needs C but not covered
11.001 was filtered out as 42525911 C>G needs G but not covered
12.001 was filtered out as 42526669 C>T needs T but not covered
12.002 was filtered out as 42526669 C>T needs T but not covered
14.001 was filtered out as 42525034 C>T needs T but not covered
15.001 was filtered out as 42522612 C>G needs C but not covered
15.002 was filtered out as 42522612 C>G needs C but not covered
15.003 was filtered out as 42522612 C>G needs C but not covered
17.001 was filtered out as 42525771 G>A needs A but not covered
17.002 was filtered out as 42525771 G>A needs A but not covered
17.003 was filtered out as 42525771 G>A needs A but not covered
17.004 was filtered out as 42525771 G>A needs A but not covered
17.005 was filtered out as 42525771 G>A needs A but not covered
17.006 was filtered out as 42525771 G>A needs A but not covered
18.001 was filtered out as 42522612 C>G needs C but not covered
19.001 was filtered out as 42524250 delAGTT needs N but not covered
20.001 was filtered out as 42524815 insC needs P but not covered
21.001 was filtered out as 42524212 insG needs P but not covered
21.002 was filtered out as 42524212 insG needs P but not covered
22.001 was filtered out as 42522612 C>G needs C but not covered
23.001 was filtered out as 42522612 C>G needs C but not covered
24.001 was filtered out as 42522612 C>G needs C but not covered
25.001 was filtered out as 42522612 C>G needs C but not covered
26.001 was filtered out as 42522612 C>G needs C but not covered
27.001 was filtered out as 42522612 C>G needs C but not covered
28.001 was filtered out as 42526774 C>T needs T but not covered
28.002 was filtered out as 42526774 C>T needs T but not covered
29.001 was filtered out as 42525131 C.C>G.T needs M but not covered
30.001 was filtered out as 42524928 insGGGGCGAAA not covered (cov=0)
31.001 was filtered out as 42522750 C>T needs T but not covered
32.001 was filtered out as 42522939 C>T needs T but not covered
33.001 was filtered out as 42522612 C>G needs C but not covered
33.002 was filtered out as 42522612 C>G needs C but not covered
34.001 was filtered out as 42522612 C>G needs C but not covered
36.001 was filtered out as 42522664 G>C needs C but not covered
36.002 was filtered out as 42522664 G>C needs C but not covered
36.003 was filtered out as 42522664 G>C needs C but not covered
36.004 was filtered out as 42522664 G>C needs C but not covered
36.1001 was filtered out as 42522612 C>G needs C but not covered
37.001 was filtered out as 42524849 C>T needs T but not covered
38.001 was filtered out as 42522612 C>G needs C but not covered
39.002 was filtered out as 42525131 C.C>G.T needs C but not covered
40.001 was filtered out as 42525771 G>A needs A but not covered
41.001 was filtered out as 42523804 C>T needs T but not covered
41.002 was filtered out as 42523804 C>T needs T but not covered
41.003 was filtered out as 42523804 C>T needs T but not covered
41.004 was filtered out as 42523804 C>T needs T but not covered
41.005 was filtered out as 42523804 C>T needs T but not covered
42.001 was filtered out as 42523531 insAC needs P but not covered
43.001 was filtered out as 42522612 C>G needs C but not covered
43.002 was filtered out as 42522612 C>G needs C but not covered
44.001 was filtered out as 42522612 C>G needs C but not covered
45.001 was filtered out as 42525076 C>T needs T but not covered
45.002 was filtered out as 42525076 C>T needs T but not covered
45.003 was filtered out as 42525076 C>T needs T but not covered
45.004 was filtered out as 42525076 C>T needs T but not covered
46.001 was filtered out as 42525076 C>T needs T but not covered
46.002 was filtered out as 42525076 C>T needs T but not covered
46.003 was filtered out as 42525076 C>T needs T but not covered
47.001 was filtered out as 42526720 G>A needs A but not covered
48.001 was filtered out as 42522612 C>G needs C but not covered
49.001 was filtered out as 42525181 A>T needs T but not covered
50.001 was filtered out as 42522612 C>G needs C but not covered
51.001 was filtered out as 42523620 T>G needs G but not covered
52.001 was filtered out as 42522915 C>T needs T but not covered
52.002 was filtered out as 42522915 C>T needs T but not covered
53.001 was filtered out as 42522612 C>G needs C but not covered
54.001 was filtered out as 42524236 G>A needs A but not covered
55.001 was filtered out as 42522957 T>G needs G but not covered
56.001 was filtered out as 42523591 G>A needs A but not covered
56.002 was filtered out as 42523591 G>A needs A but not covered
56.003 was filtered out as 42523591 G>A needs A but not covered
57.001 was filtered out as 42522664 G>C needs C but not covered
57.1001 was filtered out as 42522612 C>G needs C but not covered
58.001 was filtered out as 42525771 G>A needs A but not covered
59.001 was filtered out as 42523853 C>T needs T but not covered
60.001 was filtered out as 42522612 C>G needs C but not covered
61.001 was filtered out as 42522612 C>G needs C but not covered
62.001 was filtered out as 42522612 C>G needs C but not covered
63.001 was filtered out as 42522612 C>G needs C but not covered
64.001 was filtered out as 42525771 G>A needs A but not covered
68.001 was filtered out as 42522612 C>G needs C but not covered
68.002 was filtered out as 42522612 C>G needs C but not covered
69.001 was filtered out as 42523804 C>T needs T but not covered
70.001 was filtered out as 42525131 C.C>G.T needs M but not covered
71.001 was filtered out as 42522612 C>G needs C but not covered
71.002 was filtered out as 42522612 C>G needs C but not covered
71.003 was filtered out as 42522612 C>G needs C but not covered
72.001 was filtered out as 42523474 C>T needs T but not covered
73.001 was filtered out as 42525781 C>T needs T but not covered
74.001 was filtered out as 42522612 C>G needs C but not covered
75.001 was filtered out as 42522612 C>G needs C but not covered
75.002 was filtered out as 42522612 C>G needs C but not covered
81.001 was filtered out as 42522612 C>G needs C but not covered
82.001 was filtered out as 42522612 C>G needs C but not covered
83.001 was filtered out as 42522664 G>C needs C but not covered
83.002 was filtered out as 42522664 G>C needs C but not covered
83.003 was filtered out as 42522664 G>C needs C but not covered
83.1003 was filtered out as 42522612 C>G needs C but not covered
84.001 was filtered out as 42524218 G>T needs T but not covered
84.002 was filtered out as 42524218 G>T needs T but not covered
85.001 was filtered out as 42522635 A>C needs C but not covered
86.001 was filtered out as 42522612 C>G needs C but not covered
87.001 was filtered out as 42526779 G>A needs A but not covered
88.001 was filtered out as 42525780 A>G needs G but not covered
89.001 was filtered out as 42522612 C>G needs C but not covered
90.001 was filtered out as 42522612 C>G needs C but not covered
91.001 was filtered out as 42522612 C>G needs C but not covered
92.001 was filtered out as 42522612 C>G needs C but not covered
93.001 was filtered out as 42522612 C>G needs C but not covered
94.001 was filtered out as 42523611 T>C needs C but not covered
94.002 was filtered out as 42523611 T>C needs C but not covered
95.001 was filtered out as 42523458 C>T needs T but not covered
96.001 was filtered out as 42522612 C>G needs C but not covered
97.001 was filtered out as 42522612 C>G needs C but not covered
98.001 was filtered out as 42522682 G>C needs C but not covered
99.001 was filtered out as 42525828 C>G needs G but not covered
100.001 was filtered out as 42523964 delG needs N but not covered
101.001 was filtered out as 42523847 delCACATCCGGATGTAGGATC needs N but not covered
102.001 was filtered out as 42525822 G>A needs A but not covered
103.001 was filtered out as 42525043 T>C needs C but not covered
104.001 was filtered out as 42525072 T>A needs A but not covered
105.001 was filtered out as 42523524 A>G needs G but not covered
106.001 was filtered out as 42522612 C>G needs C but not covered
106.002 was filtered out as 42522612 C>G needs C but not covered
106.003 was filtered out as 42522612 C>G needs C but not covered
107.001 was filtered out as 42522612 C>G needs C but not covered
108.001 was filtered out as 42522612 C>G needs C but not covered
109.001 was filtered out as 42522612 C>G needs C but not covered
110.001 was filtered out as 42522612 C>G needs C but not covered
111.001 was filtered out as 42525760 C>T needs T but not covered
111.002 was filtered out as 42525760 C>T needs T but not covered
112.001 was filtered out as 42522612 C>G needs C but not covered
113.001 was filtered out as 42522612 C>G needs C but not covered
114.001 was filtered out as 42525034 C>T needs T but not covered
115.001 was filtered out as 42522612 C>G needs C but not covered
116.001 was filtered out as 42522612 C>G needs C but not covered
117.001 was filtered out as 42523612 C>T needs T but not covered
118.001 was filtered out as 42522612 C>G needs C but not covered
119.001 was filtered out as 42522612 C>G needs C but not covered
120.001 was filtered out as 42522612 C>G needs C but not covered
121.001 was filtered out as 42525043 T>C needs C but not covered
122.001 was filtered out as 42522612 C>G needs C but not covered
123.001 was filtered out as 42523804 C>T needs T but not covered
124.001 was filtered out as 42522612 C>G needs C but not covered
124.002 was filtered out as 42522612 C>G needs C but not covered
125.001 was filtered out as 42522720 C>T needs T but not covered
126.001 was filtered out as 42525135 G>A needs A but not covered
127.001 was filtered out as 42522612 C>G needs C but not covered
128.001 was filtered out as 42525888 A>C needs C but not covered
129.001 was filtered out as 42525156 C>T needs T but not covered
130.001 was filtered out as 42522612 C>G needs C but not covered
131.001 was filtered out as 42522612 C>G needs C but not covered
132.001 was filtered out as 42523974 T>C needs C but not covered
133.001 was filtered out as 42523603 C>T needs T but not covered
134.001 was filtered out as 42522612 C>G needs C but not covered
135.001 was filtered out as 42522927 G>A needs A but not covered
136.001 was filtered out as 42522878 G>A needs A but not covered
137.001 was filtered out as 42522612 C>G needs C but not covered
138.001 was filtered out as 42523804 C>T needs T but not covered
139.001 was filtered out as 42522612 C>G needs C but not covered
140.001 was filtered out as 42522612 C>G needs C but not covered
141.001 was filtered out as 42522664 G>C needs C but not covered
141.1001 was filtered out as 42522612 C>G needs C but not covered
142.001 was filtered out as 42526711 G>A needs A but not covered
143.001 was filtered out as 42522612 C>G needs C but not covered
144.001 was filtered out as 42522612 C>G needs C but not covered
145.001 was filtered out as 42522612 C>G needs C but not covered
146.001 was filtered out as 42526716 C>T needs T but not covered
147.001 was filtered out as 42524928 insGGGGCGAAA not covered (cov=0)
148.001 was filtered out as 42526716 C>T needs T but not covered
149.001 was filtered out as 42525131 C.C>G.T needs M but not covered
152.001 was filtered out as 42522612 C>G needs C but not covered
153.001 was filtered out as 42522612 C>G needs C but not covered
154.001 was filtered out as 42525771 G>A needs A but not covered
155.001 was filtered out as 42525131 C.C>G.T needs M but not covered
156.001 was filtered out as 42525131 C.C>G.T needs M but not covered
157.001 was filtered out as 42525131 C.C>G.T needs M but not covered
158.001 was filtered out as 42523804 C>T needs T but not covered
159.001 was filtered out as 42526671 G>A needs A but not covered
161.001 was filtered out as 42525184 C>A needs A but not covered
162.001 was filtered out as 42522939 C>T needs T but not covered
163.001 was filtered out as 42525157 A>G needs G but not covered
[filter] CYP2D6 2.001 => 2.001; 2.002; 2.003; 2.005; 2.006; 2.007; 2.008; 2.009; 2.010; 2.011; 2.012; 2.013; 2.014; 2.015; 2.016; 2.017; 2.018; 2.019; 2.020; 2.021; 2.022; 2.023; 2.024; 2.025; 2.026; 2.027; 2.028; 2.030
[filter] CYP2D6 4.001 => 4.001; 4.006; 4.008; 4.014; 4.015; 4.016; 4.017; 4.018; 4.020; 4.022; 4.023; 4.024; 4.025; 4.026; 4.029; 4.030
[filter] CYP2D6 4.003 => 4.003; 4.004; 4.005; 4.011; 4.019
[filter] CYP2D6 4.010 => 4.010
[filter] CYP2D6 4.021 => 4.021
[filter] CYP2D6 4.2021 => 4.2021
[filter] CYP2D6 10.001 => 10.001; 10.002; 10.003; 10.004; 10.005; 10.006; 10.007; 10.1004
[filter] CYP2D6 35.001 => 35.001; 35.002; 35.003; 35.004; 35.005; 35.006; 35.007
[filter] CYP2D6 39.001 => 39.001
[filter] CYP2D6 65.001 => 65.001
[filter] CYP2D6 160.001 => 160.001
[filter] valid_alleles=70
CYP2D6:42522311 → A:0, C*:26, G:0, M:0, N:0, P:0, T:20
CYP2D6:42522391 → A:23, C:0, G*:22, M:0, N:0, P:0, T:0
CYP2D6:42522463 → A:0, C:0, G*:28, M:0, N:0, P:0, T:0
CYP2D6:42522549 → A:0, C:0, G*:36, M:0, N:0, P:0, T:0
CYP2D6:42522612^ → A:0, C*:0, G^:45, M:0, N:0, P:0, T:0
CYP2D6:42522677 → A:0, C:0, G*:38, M:0, N:0, P:0, T:0
CYP2D6:42522691 → A:0, C:0, G*:43, M:0, N:0, P:0, T:0
CYP2D6:42522759 → A:0, C:0, G*:52, M:0, N:0, P:0, T:0
CYP2D6:42522764 → A:0, C:0, G*:49, M:0, N:0, P:0, T:0
CYP2D6:42522844 → A*:49, C:0, G:0, M:0, N:0, P:0, T:0
CYP2D6:42522905 → A*:54, C:0, G:0, M:0, N:0, P:0, T:0
CYP2D6:42522915^ → A:0, C*:54, G:0, M:0, N:0, P:0, T^:0
CYP2D6:42523002 → A:20, C:0, G*:35, M:0, N:0, P:0, T:0
CYP2D6:42523208 → A:0, C*:29, G:0, M:0, N:0, P:0, T:13
CYP2D6:42523210 → A:0, C:31, G:0, M:0, N:0, P:0, T*:11
CYP2D6:42523240 → A:0, C:0, G*:56, M:0, N:0, P:0, T:0
CYP2D6:42523357 → A:0, C:0, G*:74, M:0, N:0, P:0, T:0
CYP2D6:42523399 → A*:71, C:0, G:0, M:0, N:0, P:0, T:0
CYP2D6:42523408 → A:0, C:0, G:68, M:0, N:0, P:0, T*:0
CYP2D6:42523413 → A:0, C:0, G*:66, M:0, N:0, P:0, T:0
CYP2D6:42523527^ → A:0, C*:50, G:0, M:0, N:0, P:0, T^:15
CYP2D6:42523538 → A*:64, C:0, G:0, M:0, N:0, P:0, T:0
CYP2D6:42523649 → A:0, C*:52, G:0, M:0, N:0, P:0, T:0
CYP2D6:42523672 → A:0, C*:46, G:0, M:0, N:0, P:0, T:0
CYP2D6:42523702 → A:0, C*:38, G:0, M:0, N:0, P:0, T:0
CYP2D6:42523720 → A:0, C:0, G*:39, M:0, N:0, P:0, T:0
CYP2D6:42523942^ → A^:19, C:0, G*:23, M:0, N:0, P:0, T:0
CYP2D6:42524131 → A:0, C*:37, G:0, M:0, N:0, P:0, T:0
CYP2D6:42524216 → A:0, C:0, G*:36, M:0, N:0, P:0, T:0
CYP2D6:42524217 → A:0, C:0, G*:37, M:0, N:0, P:0, T:0
CYP2D6:42524301 → A:0, C*:40, G:0, M:0, N:0, P:0, T:0
CYP2D6:42524312 → A:0, C:0, G*:38, M:0, N:0, P:0, T:0
CYP2D6:42524322 → A*:39, C:0, G:0, M:0, N:0, P:0, T:0
CYP2D6:42524501 → A:0, C*:34, G:0, M:0, N:0, P:0, T:0
CYP2D6:42524514 → A:0, C*:35, G:0, M:0, N:0, P:0, T:0
CYP2D6:42524577 → A:0, C:0, G:0, M:0, N:0, P:0, T*:39
CYP2D6:42524669 → A:0, C:0, G*:57, M:0, N:0, P:0, T:0
CYP2D6:42524695 → A:0, C:29, G:0, M:0, N:0, P:0, T*:21
CYP2D6:42524762 → A:0, C*:51, G:0, M:0, N:0, P:0, T:0
CYP2D6:42524772 → A:0, C:0, G:0, M:0, N:0, P:0, T*:42
CYP2D6:42524775 → A:0, C*:46, G:0, M:0, N:0, P:0, T:0
CYP2D6:42524794 → A*:46, C:0, G:0, M:0, N:0, P:0, T:0
CYP2D6:42524934 → A:0, C:0, G*:52, M:0, N:0, P:0, T:0
CYP2D6:42524946^ → A:0, C*:25, G:0, M:0, N:0, P:0, T^:26
CYP2D6:42525009 → A:0, C:0, G:0, M:0, N:0, P:0, T*:51
CYP2D6:42525035 → A:0, C:0, G*:41, M:0, N:0, P:0, T:0
CYP2D6:42525044 → A:0, C:0, G*:43, M:0, N:0, P:0, T:0
CYP2D6:42525068 → A:0, C:0, G*:47, M:0, N:0, P:0, T:0
CYP2D6:42525131^ → A:0, C*:0, G:40, M^:0, N:0, P:0, T:0
CYP2D6:42525153 → A:0, C*:36, G:0, M:0, N:0, P:0, T:0
CYP2D6:42525215 → A:0, C:0, G*:45, M:0, N:0, P:0, T:0
CYP2D6:42525279 → A:0, C:0, G*:52, M:0, N:0, P:0, T:0
CYP2D6:42525389 → A:0, C:0, G*:57, M:0, N:0, P:0, T:0
CYP2D6:42525423 → A:0, C*:53, G:0, M:0, N:0, P:0, T:0
CYP2D6:42525451 → A:0, C:0, G*:46, M:0, N:0, P:0, T:0
CYP2D6:42525463 → A:0, C*:47, G:0, M:0, N:0, P:0, T:0
CYP2D6:42525514 → A:0, C:0, G:0, M:0, N:0, P:0, T*:44
CYP2D6:42525525 → A:0, C*:46, G:0, M:0, N:0, P:0, T:0
CYP2D6:42525564 → A:0, C*:46, G:0, M:0, N:0, P:0, T:0
CYP2D6:42525615 → A:0, C*:49, G:0, M:0, N:0, P:0, T:0
CYP2D6:42525644 → A:0, C:0, G*:54, M:0, N:0, P:0, T:0
CYP2D6:42525732 → A:0, C:0, G:0, M:0, N:0, P:0, T*:54
CYP2D6:42525755 → A:0, C:0, G*:61, M:0, N:0, P:0, T:0
CYP2D6:42525797 → A:0, C:16, G*:36, M:0, N:0, P:0, T:0
CYP2D6:42525810^ → A:0, C^:20, G:0, M:0, N:0, P:0, T*:37
CYP2D6:42525820^ → A:0, C:0, G*:39, M:0, N:0, P:0, T^:15
CYP2D6:42525951 → A*:0, C:47, G:0, M:0, N:0, P:0, T:0
CYP2D6:42526048 → A:0, C:46, G*:0, M:0, N:0, P:0, T:0
CYP2D6:42526050 → A:0, C:0, G*:46, M:0, N:0, P:0, T:0
CYP2D6:42526369 → A:0, C:0, G*:48, M:0, N:0, P:0, T:0
CYP2D6:42526441 → A*:52, C:0, G:0, M:0, N:0, P:0, T:0
CYP2D6:42526483 → A:51, C*:0, G:0, M:0, N:0, P:0, T:0
CYP2D6:42526523 → A:0, C:0, G*:48, M:0, N:0, P:0, T:0
CYP2D6:42526548 → A:0, C:19, G:0, M:0, N:0, P:0, T*:24
CYP2D6:42526560 → A:0, C:0, G:15, M:0, N:0, P:0, T*:23
CYP2D6:42526561 → A:0, C*:23, G:16, M:0, N:0, P:0, T:0
CYP2D6:42526566 → A*:23, C:0, G:16, M:0, N:0, P:0, T:0
CYP2D6:42526570 → A:0, C:18, G*:23, M:0, N:0, P:0, T:0
CYP2D6:42526572 → A:0, C:0, G*:23, M:0, N:0, P:0, T:17
CYP2D6:42526579 → A:0, C*:28, G:18, M:0, N:0, P:0, T:0
CYP2D6:42526693^ → A^:26, C:0, G*:23, M:0, N:0, P:0, T:0
CYP2D6:42526762^ → A:0, C*:23, G:0, M:0, N:0, P:0, T^:26
CYP2D6:42526930 → A:0, C:0, G:0, M:0, N:0, P:0, T*:33
CYP2D6:42526968 → A:0, C*:43, G:0, M:0, N:0, P:0, T:0
CYP2D6:42526995 → A:0, C:0, G*:43, M:0, N:0, P:0, T:0
CYP2D6:42527017 → A:0, C:0, G:0, M:0, N:0, P:0, T*:40
CYP2D6:42527024 → A:0, C*:42, G:0, M:0, N:0, P:0, T:0
CYP2D6:42527059 → A:0, C*:42, G:0, M:0, N:0, P:0, T:0
CYP2D6:42527060 → A:0, C*:42, G:0, M:0, N:0, P:0, T:0
CYP2D6:42527064 → A:0, C:0, G*:43, M:0, N:0, P:0, T:0
CYP2D6:42527067 → A:0, C:0, G*:44, M:0, N:0, P:0, T:0
CYP2D6:42527068 → A:0, C:0, G*:44, M:0, N:0, P:0, T:0
CYP2D6:42527112 → A:0, C:0, G:0, M:0, N:0, P:0, T*:36
CYP2D6:42527113 → A:0, C:0, G*:40, M:0, N:0, P:0, T:0
CYP2D6:42527115 → A*:37, C:0, G:0, M:0, N:0, P:0, T:0
CYP2D6:42527119 → A:0, C:0, G:0, M:0, N:0, P:0, T*:37
CYP2D6:42527120 → A:0, C:0, G*:38, M:0, N:0, P:0, T:0
CYP2D6:42527123 → A*:38, C:0, G:0, M:0, N:0, P:0, T:0
CYP2D6:42527126 → A:0, C*:39, G:0, M:0, N:0, P:0, T:0
CYP2D6:42527146 → A:0, C:0, G:0, M:0, N:0, P:0, T*:36
CYP2D6:42527186 → A:0, C*:37, G:0, M:0, N:0, P:0, T:0
CYP2D6:42527223 → A:0, C:0, G*:38, M:0, N:0, P:0, T:0
CYP2D6:42527280 → A:0, C:0, G:0, M:0, N:0, P:0, T*:39
CYP2D6:42527470 → A:0, C*:19, G:0, M:0, N:0, P:0, T:20
CYP2D6:42527484 → A:0, C*:38, G:0, M:0, N:0, P:0, T:0
CYP2D6:42527532 → A:22, C:0, G*:16, M:0, N:0, P:0, T:0
CYP2D6:42527541 → A:0, C:0, G:0, M:0, N:0, P:0, T*:47
CYP2D6:42527738 → A:0, C*:45, G:0, M:0, N:0, P:0, T:0
CYP2D6:42527776 → A:0, C*:53, G:0, M:0, N:0, P:0, T:0
CYP2D6:42527792 → A:0, C*:25, G:0, M:0, N:0, P:0, T:28
CYP2D6:42527890 → A:0, C:0, G:0, M:0, N:0, P:0, T*:48
CYP2D6:42528027 → A:0, C:51, G:0, M:0, N:0, P:0, T*:0
CYP2D6:42528095 → A:0, C*:43, G:0, M:0, N:0, P:0, T:0
CYP2D6:42528123 → A:0, C:0, G*:41, M:0, N:0, P:0, T:0
CYP2D6:42528223 → A:19, C:0, G*:26, M:0, N:0, P:0, T:0
CYP2D6:42528381 → A:0, C:25, G*:20, M:0, N:0, P:0, T:0
Step 0: Loss=0.1982, CN=[2.0999167]
Step 100: Loss=0.1187, CN=[2.4764256]
Step 200: Loss=0.1187, CN=[2.475119]
Step 300: Loss=0.1187, CN=[2.4751143]
Step 400: Loss=0.1187, CN=[2.4751146]

=== Fit ===
Region 0: obs=3.078, exp=2.475, diff=+0.603 *
Region 1: obs=2.016, exp=2.475, diff=-0.459 
Region 2: obs=2.506, exp=2.475, diff=+0.031 
Region 3: obs=2.530, exp=2.475, diff=+0.055 
Region 4: obs=3.064, exp=2.475, diff=+0.589 *
Region 5: obs=2.651, exp=2.475, diff=+0.176 
Region 6: obs=2.161, exp=2.475, diff=-0.314 
Region 7: obs=2.623, exp=2.475, diff=+0.147 
Region 8: obs=2.730, exp=2.475, diff=+0.255 
Region 9: obs=2.438, exp=2.475, diff=-0.037 
Region 10: obs=2.017, exp=2.475, diff=-0.458 
Region 11: obs=2.064, exp=2.475, diff=-0.411 
Region 12: obs=2.280, exp=2.475, diff=-0.195 
Region 13: obs=2.037, exp=2.475, diff=-0.438 
Region 14: obs=3.249, exp=2.475, diff=+0.774 *
Region 15: obs=3.009, exp=2.475, diff=+0.534 *
Region 16: obs=2.924, exp=2.475, diff=+0.449 
Region 17: obs=2.770, exp=2.475, diff=+0.295 
Region 18: obs=2.195, exp=2.475, diff=-0.280 
Region 19: obs=1.955, exp=2.475, diff=-0.520 *
Region 20: obs=2.425, exp=2.475, diff=-0.051 
Region 21: obs=0.000, exp=2.475, diff=-2.475 *
Region 22: obs=2.710, exp=2.475, diff=+0.235 

[Gene CN Results]
  CYP2D6: 2.48 → 2.475114345550537

=== CYP2D6 Fusion Template CN Estimation ===

Using CN configs: ['1', '68.001', '141.1001']

Region coverage:
  up: 3.1
  utr5: 2.0
  e1: 2.5
  i1: 2.5
  e2: 3.1
  i2: 2.7
  e3: 2.2
  i3: 2.6
  e4: 2.7
  i4: 2.4
  e5: 2.0
  i5: 2.1
  e6: 2.3
  i6: 2.0
  e7: 3.2
  i7: 3.0
  e8: 2.9
  i8: 2.8
  e9: 2.2
  utr3: 2.0
  ins: 2.4
  pce: 0.0
  rep: 2.7
  e1_2d7: 0.4
  e2_2d7: 1.0
  e3_2d7: 1.0
  e5_2d7: 0.9
  e6_2d7: 0.7
  e9_2d7: 0.4
  pce_2d7: 0.5

CN configs: ['1', '68.001', '141.1001']
PCE contributions: {'1': tensor(0.), '68.001': tensor(1.), '141.1001': tensor(1.)}
Gene CN: 2.48 → required total: 2
Respect gene CN constraint: True
Enumerating configurations that sum to 2...
Evaluated 6 configurations

Top 5 configurations:
  1. loss=9.44: 1:2
  2. loss=14.21: 1:1, 141.1001:1
  3. loss=29.48: 141.1001:2
  4. loss=33.76: 1:1, 68.001:1
  5. loss=49.03: 68.001:1, 141.1001:1

Best CN assignment (loss=9.44):
  1: 2
  Total: 2

Fit comparison:
  up: obs=3.1, exp=2.0, diff=+1.1
  utr5: obs=2.0, exp=2.0, diff=+0.0
  e1: obs=2.5, exp=2.0, diff=+0.5
  i1: obs=2.5, exp=2.0, diff=+0.5
  e2: obs=3.1, exp=2.0, diff=+1.1
  i2: obs=2.7, exp=2.0, diff=+0.7
  e3: obs=2.2, exp=2.0, diff=+0.2
  i3: obs=2.6, exp=2.0, diff=+0.6
  e4: obs=2.7, exp=2.0, diff=+0.7
  i4: obs=2.4, exp=2.0, diff=+0.4
  e5: obs=2.0, exp=2.0, diff=+0.0
  i5: obs=2.1, exp=2.0, diff=+0.1
  e6: obs=2.3, exp=2.0, diff=+0.3
  i6: obs=2.0, exp=2.0, diff=+0.0
  e7: obs=3.2, exp=2.0, diff=+1.2
  i7: obs=3.0, exp=2.0, diff=+1.0
  e8: obs=2.9, exp=2.0, diff=+0.9
  i8: obs=2.8, exp=2.0, diff=+0.8
  e9: obs=2.2, exp=2.0, diff=+0.2
  utr3: obs=2.0, exp=2.0, diff=-0.0
  ins: obs=2.4, exp=2.0, diff=+0.4
  pce: obs=0.0, exp=0.0, diff=+0.0
  rep: obs=2.7, exp=2.0, diff=+0.7
  e1_2d7: obs=0.4, exp=0.0, diff=+0.4
  e2_2d7: obs=1.0, exp=0.0, diff=+1.0
  e3_2d7: obs=1.0, exp=0.0, diff=+1.0
  e5_2d7: obs=0.9, exp=0.0, diff=+0.9
  e6_2d7: obs=0.7, exp=0.0, diff=+0.7
  e9_2d7: obs=0.4, exp=0.0, diff=+0.4
  pce_2d7: obs=0.5, exp=0.0, diff=+0.5

[Selected CN Configs] 1:2
  Total CYP2D6 CN: 2

[Filtering alleles by cn_config]

Kept alleles by cn_config:
  1: 11 major alleles
    *10.001, *160.001, *2.001, *35.001, *39.001, *4.001, *4.003, *4.010, *4.021, *4.2021 ... +1 more

  Filtered: 0 alleles
  Kept: 70 alleles

[Updating N variant counts for deleted regions]
  Total updated: 0 positions

[Rebuilding allele vectors for fusion cn_configs]
Using device: cuda
num_sparse_entries: 8120
max sparse_flat_index: 56839
expected max: 56839

=== Running VAE with seed 42 ===
Global Pooled JS: 0.059169
Seed 42, Step    0: Loss = 1475.01 (Recon: 1109.28, Allele KL: 144.55, Base KL: 136940.09, Functional KL: 0.06
Global Pooled JS: 0.016443
Seed 42, Step  500: Loss = 835.30 (Recon: 704.71, Allele KL: 47.35, Base KL: 20760.43, Functional KL: 0.02
Global Pooled JS: 0.014694
Seed 42, Step 1000: Loss = 823.94 (Recon: 688.96, Allele KL: 44.45, Base KL: 21064.59, Functional KL: 0.01
Global Pooled JS: 0.020717
Seed 42, Step 1500: Loss = 826.89 (Recon: 689.05, Allele KL: 55.09, Base KL: 20948.22, Functional KL: 0.02
Global Pooled JS: 0.017116
Seed 42, Step 2000: Loss = 828.68 (Recon: 694.54, Allele KL: 52.29, Base KL: 20862.84, Functional KL: 0.02
Global Pooled JS: 0.013901
Seed 42, Step 2500: Loss = 810.51 (Recon: 671.55, Allele KL: 47.74, Base KL: 21222.86, Functional KL: 0.01

Top Variants with Coverage Mismatches:
Rank   Variant                        Expected     Observed     Diff       |Div|       
------------------------------------------------------------------------------------------
1      CYP2D6:42525820→T              0.80         15.00        -14.20     0.007511    
2      CYP2D6:42523527→C              23.85        50.00        -26.15     0.003663    
3      CYP2D6:42525810→T              23.03        37.00        -13.97     0.001053    
4      CYP2D6:42523527→T              21.09        15.00        6.09       0.000905    
5      CYP2D6:42525820→G              44.88        39.00        5.88       0.000637    
6      CYP2D6:42525131→G              45.72        40.00        5.72       0.000614    
7      CYP2D6:42523942→A              21.58        19.00        2.58       0.000276    
8      CYP2D6:42522612→C              0.29         0.00         0.29       0.000218    
9      CYP2D6:42522612→P              0.29         0.00         0.29       0.000216    
10     CYP2D6:42522612→T              0.28         0.00         0.28       0.000215    
11     CYP2D6:42522612→N              0.28         0.00         0.28       0.000214    
12     CYP2D6:42522612→M              0.28         0.00         0.28       0.000213    
13     CYP2D6:42522612→A              0.28         0.00         0.28       0.000211    
14     CYP2D6:42525810→C              21.92        20.00        1.92       0.000203    
15     CYP2D6:42526762→C              24.22        23.00        1.22       0.000144    
16     CYP2D6:42523527→M              0.16         0.00         0.16       0.000121    
17     CYP2D6:42523527→G              0.16         0.00         0.16       0.000119    
18     CYP2D6:42525810→P              0.16         0.00         0.16       0.000118    
19     CYP2D6:42523527→P              0.16         0.00         0.16       0.000118    
20     CYP2D6:42525810→M              0.16         0.00         0.16       0.000118    
21     CYP2D6:42523942→C              0.15         0.00         0.15       0.000117    
22     CYP2D6:42523527→A              0.15         0.00         0.15       0.000117    
23     CYP2D6:42525810→N              0.15         0.00         0.15       0.000116    
24     CYP2D6:42526693→C              0.15         0.00         0.15       0.000116    
25     CYP2D6:42525810→A              0.15         0.00         0.15       0.000115    
26     CYP2D6:42526693→N              0.15         0.00         0.15       0.000115    
27     CYP2D6:42523942→N              0.15         0.00         0.15       0.000115    
28     CYP2D6:42523942→T              0.15         0.00         0.15       0.000114    
29     CYP2D6:42526693→T              0.15         0.00         0.15       0.000114    
30     CYP2D6:42526693→P              0.15         0.00         0.15       0.000114    
31     CYP2D6:42526693→M              0.15         0.00         0.15       0.000114    
32     CYP2D6:42523527→N              0.15         0.00         0.15       0.000113    
33     CYP2D6:42523942→P              0.15         0.00         0.15       0.000113    
34     CYP2D6:42525810→G              0.15         0.00         0.15       0.000112    
35     CYP2D6:42524946→A              0.15         0.00         0.15       0.000112    
36     CYP2D6:42523942→M              0.15         0.00         0.15       0.000111    
37     CYP2D6:42524946→M              0.14         0.00         0.14       0.000108    
38     CYP2D6:42524946→P              0.14         0.00         0.14       0.000108    
39     CYP2D6:42524946→G              0.14         0.00         0.14       0.000106    
40     CYP2D6:42524946→N              0.14         0.00         0.14       0.000106    
41     CYP2D6:42526762→M              0.14         0.00         0.14       0.000104    
42     CYP2D6:42526762→N              0.13         0.00         0.13       0.000102    
43     CYP2D6:42526762→G              0.13         0.00         0.13       0.000101    
44     CYP2D6:42526762→A              0.13         0.00         0.13       0.000100    
45     CYP2D6:42526762→P              0.13         0.00         0.13       0.000100    
46     CYP2D6:42526762→T              20.83        26.00        -5.17      0.000087    
47     CYP2D6:42523942→G              23.38        23.00        0.38       0.000084    
48     CYP2D6:42522612→G              44.02        45.00        -0.98      0.000073    
49     CYP2D6:42522915→C              45.69        54.00        -8.31      0.000056    
50     CYP2D6:42526693→G              22.62        23.00        -0.38      0.000043    
51     CYP2D6:42524946→T              22.12        26.00        -3.88      0.000023    
52     CYP2D6:42522915→G              0.03         0.00         0.03       0.000020    
53     CYP2D6:42526693→A              22.34        26.00        -3.66      0.000016    
54     CYP2D6:42525820→M              0.01         0.00         0.01       0.000005    
55     CYP2D6:42525820→A              0.01         0.00         0.01       0.000005    
56     CYP2D6:42525820→C              0.01         0.00         0.01       0.000005    
57     CYP2D6:42525820→N              0.01         0.00         0.01       0.000005    
58     CYP2D6:42525820→P              0.01         0.00         0.01       0.000005    
59     CYP2D6:42524946→C              22.88        25.00        -2.12      0.000001    
60     CYP2D6:42522915→A              0.00         0.00         0.00       0.000000    
61     CYP2D6:42522915→M              0.00         0.00         0.00       0.000000    
62     CYP2D6:42522915→N              0.00         0.00         0.00       0.000000    
63     CYP2D6:42522915→P              0.00         0.00         0.00       0.000000    
64     CYP2D6:42522915→T              0.00         0.00         0.00       0.000000    
65     CYP2D6:42525131→A              0.00         0.00         0.00       0.000000    
66     CYP2D6:42525131→C              0.00         0.00         0.00       0.000000    
67     CYP2D6:42525131→M              0.00         0.00         0.00       0.000000    
68     CYP2D6:42525131→N              0.00         0.00         0.00       0.000000    
69     CYP2D6:42525131→P              0.00         0.00         0.00       0.000000    
70     CYP2D6:42525131→T              0.00         0.00         0.00       0.000000    
New best model with final loss: 819.33

=== Running VAE with seed 123 ===
Global Pooled JS: 0.131665
Seed 123, Step    0: Loss = 2594.56 (Recon: 2058.30, Allele KL: 279.18, Base KL: 202143.16, Functional KL: 0.13
Global Pooled JS: 0.019953
Seed 123, Step  500: Loss = 820.21 (Recon: 688.24, Allele KL: 58.07, Base KL: 22349.48, Functional KL: 0.02
Global Pooled JS: 0.017693
Seed 123, Step 1000: Loss = 823.80 (Recon: 692.51, Allele KL: 47.37, Base KL: 22876.03, Functional KL: 0.02
Global Pooled JS: 0.012301
Seed 123, Step 1500: Loss = 829.81 (Recon: 699.48, Allele KL: 56.07, Base KL: 22663.36, Functional KL: 0.01
Global Pooled JS: 0.013817
Seed 123, Step 2000: Loss = 823.15 (Recon: 687.37, Allele KL: 56.46, Base KL: 22668.41, Functional KL: 0.01
Global Pooled JS: 0.019403
Seed 123, Step 2500: Loss = 821.11 (Recon: 689.30, Allele KL: 56.47, Base KL: 22702.02, Functional KL: 0.02

Top Variants with Coverage Mismatches:
Rank   Variant                        Expected     Observed     Diff       |Div|       
------------------------------------------------------------------------------------------
1      CYP2D6:42523527→C              21.58        50.00        -28.42     0.004659    
2      CYP2D6:42525820→G              21.32        39.00        -17.68     0.001890    
3      CYP2D6:42525810→T              21.28        37.00        -15.72     0.001487    
4      CYP2D6:42525820→T              23.49        15.00        8.49       0.001475    
5      CYP2D6:42523527→T              23.28        15.00        8.28       0.001421    
6      CYP2D6:42525131→G              45.72        40.00        5.72       0.000614    
7      CYP2D6:42525810→C              23.61        20.00        3.61       0.000403    
8      CYP2D6:42526762→C              25.45        23.00        2.45       0.000258    
9      CYP2D6:42522612→N              0.29         0.00         0.29       0.000221    
10     CYP2D6:42522612→P              0.29         0.00         0.29       0.000219    
11     CYP2D6:42522612→C              0.29         0.00         0.29       0.000217    
12     CYP2D6:42522612→M              0.29         0.00         0.29       0.000216    
13     CYP2D6:42522612→T              0.28         0.00         0.28       0.000216    
14     CYP2D6:42522612→A              0.28         0.00         0.28       0.000215    
15     CYP2D6:42523942→G              24.97        23.00        1.97       0.000210    
16     CYP2D6:42526762→T              19.68        26.00        -6.32      0.000184    
17     CYP2D6:42525820→C              0.19         0.00         0.19       0.000142    
18     CYP2D6:42525820→N              0.18         0.00         0.18       0.000139    
19     CYP2D6:42525820→M              0.18         0.00         0.18       0.000135    
20     CYP2D6:42525820→A              0.18         0.00         0.18       0.000135    
21     CYP2D6:42525820→P              0.18         0.00         0.18       0.000134    
22     CYP2D6:42523527→P              0.17         0.00         0.17       0.000132    
23     CYP2D6:42523527→N              0.17         0.00         0.17       0.000131    
24     CYP2D6:42523527→A              0.17         0.00         0.17       0.000130    
25     CYP2D6:42523527→M              0.17         0.00         0.17       0.000129    
26     CYP2D6:42525810→M              0.17         0.00         0.17       0.000128    
27     CYP2D6:42525810→N              0.17         0.00         0.17       0.000127    
28     CYP2D6:42523527→G              0.17         0.00         0.17       0.000127    
29     CYP2D6:42525810→A              0.17         0.00         0.17       0.000125    
30     CYP2D6:42525810→G              0.16         0.00         0.16       0.000124    
31     CYP2D6:42525810→P              0.16         0.00         0.16       0.000123    
32     CYP2D6:42523942→A              20.03        19.00        1.03       0.000121    
33     CYP2D6:42526693→M              0.16         0.00         0.16       0.000118    
34     CYP2D6:42526693→T              0.15         0.00         0.15       0.000117    
35     CYP2D6:42524946→A              0.15         0.00         0.15       0.000117    
36     CYP2D6:42526693→C              0.15         0.00         0.15       0.000117    
37     CYP2D6:42524946→N              0.15         0.00         0.15       0.000117    
38     CYP2D6:42526693→N              0.15         0.00         0.15       0.000117    
39     CYP2D6:42526693→P              0.15         0.00         0.15       0.000116    
40     CYP2D6:42524946→P              0.15         0.00         0.15       0.000115    
41     CYP2D6:42524946→G              0.15         0.00         0.15       0.000114    
42     CYP2D6:42524946→M              0.15         0.00         0.15       0.000113    
43     CYP2D6:42523942→M              0.15         0.00         0.15       0.000111    
44     CYP2D6:42523942→T              0.15         0.00         0.15       0.000110    
45     CYP2D6:42523942→N              0.14         0.00         0.14       0.000110    
46     CYP2D6:42523942→P              0.14         0.00         0.14       0.000106    
47     CYP2D6:42523942→C              0.14         0.00         0.14       0.000106    
48     CYP2D6:42526762→M              0.12         0.00         0.12       0.000091    
49     CYP2D6:42526762→G              0.12         0.00         0.12       0.000091    
50     CYP2D6:42526762→P              0.12         0.00         0.12       0.000090    
51     CYP2D6:42526762→A              0.12         0.00         0.12       0.000089    
52     CYP2D6:42526762→N              0.12         0.00         0.12       0.000088    
53     CYP2D6:42522612→G              43.99        45.00        -1.01      0.000072    
54     CYP2D6:42522915→C              45.70        54.00        -8.30      0.000055    
55     CYP2D6:42524946→C              21.18        25.00        -3.82      0.000025    
56     CYP2D6:42522915→G              0.01         0.00         0.01       0.000010    
57     CYP2D6:42526693→A              23.91        26.00        -2.09      0.000002    
58     CYP2D6:42524946→T              23.77        26.00        -2.23      0.000001    
59     CYP2D6:42526693→G              21.04        23.00        -1.96      0.000001    
60     CYP2D6:42522915→A              0.00         0.00         0.00       0.000000    
61     CYP2D6:42522915→M              0.00         0.00         0.00       0.000000    
62     CYP2D6:42522915→N              0.00         0.00         0.00       0.000000    
63     CYP2D6:42522915→P              0.00         0.00         0.00       0.000000    
64     CYP2D6:42522915→T              0.00         0.00         0.00       0.000000    
65     CYP2D6:42525131→A              0.00         0.00         0.00       0.000000    
66     CYP2D6:42525131→C              0.00         0.00         0.00       0.000000    
67     CYP2D6:42525131→M              0.00         0.00         0.00       0.000000    
68     CYP2D6:42525131→N              0.00         0.00         0.00       0.000000    
69     CYP2D6:42525131→P              0.00         0.00         0.00       0.000000    
70     CYP2D6:42525131→T              0.00         0.00         0.00       0.000000    
New best model with final loss: 815.98

=== Running VAE with seed 456 ===
Global Pooled JS: 0.051453
Seed 456, Step    0: Loss = 1850.43 (Recon: 1428.33, Allele KL: 193.17, Base KL: 150632.69, Functional KL: 0.05
Global Pooled JS: 0.012954
Seed 456, Step  500: Loss = 860.90 (Recon: 723.12, Allele KL: 48.98, Base KL: 20566.61, Functional KL: 0.01
Global Pooled JS: 0.019872
Seed 456, Step 1000: Loss = 835.17 (Recon: 701.99, Allele KL: 54.84, Base KL: 20618.94, Functional KL: 0.02
Global Pooled JS: 0.017434
Seed 456, Step 1500: Loss = 837.34 (Recon: 706.05, Allele KL: 46.57, Base KL: 20600.95, Functional KL: 0.02
Global Pooled JS: 0.018346
Seed 456, Step 2000: Loss = 840.42 (Recon: 710.68, Allele KL: 49.09, Base KL: 19768.21, Functional KL: 0.02
Global Pooled JS: 0.017908
Seed 456, Step 2500: Loss = 831.37 (Recon: 700.01, Allele KL: 45.03, Base KL: 21008.82, Functional KL: 0.02

Top Variants with Coverage Mismatches:
Rank   Variant                        Expected     Observed     Diff       |Div|       
------------------------------------------------------------------------------------------
1      CYP2D6:42525820→T              1.48         15.00        -13.52     0.006114    
2      CYP2D6:42523527→C              24.09        50.00        -25.91     0.003565    
3      CYP2D6:42525810→T              22.66        37.00        -14.34     0.001138    
4      CYP2D6:42523527→T              20.84        15.00        5.84       0.000850    
5      CYP2D6:42525131→G              45.72        40.00        5.72       0.000614    
6      CYP2D6:42525820→G              44.18        39.00        5.18       0.000552    
7      CYP2D6:42526762→C              25.46        23.00        2.46       0.000259    
8      CYP2D6:42525810→C              22.27        20.00        2.27       0.000239    
9      CYP2D6:42522612→N              0.29         0.00         0.29       0.000223    
10     CYP2D6:42522612→A              0.29         0.00         0.29       0.000222    
11     CYP2D6:42522612→P              0.29         0.00         0.29       0.000221    
12     CYP2D6:42522612→T              0.29         0.00         0.29       0.000219    
13     CYP2D6:42522612→C              0.29         0.00         0.29       0.000218    
14     CYP2D6:42522612→M              0.29         0.00         0.29       0.000218    
15     CYP2D6:42523942→A              21.01        19.00        2.01       0.000212    
16     CYP2D6:42526762→T              19.66        26.00        -6.34      0.000186    
17     CYP2D6:42523942→G              23.96        23.00        0.96       0.000124    
18     CYP2D6:42523527→P              0.16         0.00         0.16       0.000122    
19     CYP2D6:42525810→A              0.16         0.00         0.16       0.000121    
20     CYP2D6:42525810→M              0.16         0.00         0.16       0.000121    
21     CYP2D6:42525810→P              0.16         0.00         0.16       0.000120    
22     CYP2D6:42523527→G              0.16         0.00         0.16       0.000120    
23     CYP2D6:42523527→N              0.16         0.00         0.16       0.000119    
24     CYP2D6:42526693→P              0.16         0.00         0.16       0.000118    
25     CYP2D6:42525810→G              0.16         0.00         0.16       0.000118    
26     CYP2D6:42523527→M              0.15         0.00         0.15       0.000117    
27     CYP2D6:42526693→C              0.15         0.00         0.15       0.000117    
28     CYP2D6:42523527→A              0.15         0.00         0.15       0.000117    
29     CYP2D6:42525810→N              0.15         0.00         0.15       0.000117    
30     CYP2D6:42526693→N              0.15         0.00         0.15       0.000117    
31     CYP2D6:42524946→N              0.15         0.00         0.15       0.000116    
32     CYP2D6:42523942→C              0.15         0.00         0.15       0.000114    
33     CYP2D6:42526693→M              0.15         0.00         0.15       0.000114    
34     CYP2D6:42523942→T              0.15         0.00         0.15       0.000114    
35     CYP2D6:42523942→M              0.15         0.00         0.15       0.000113    
36     CYP2D6:42526693→T              0.15         0.00         0.15       0.000112    
37     CYP2D6:42523942→N              0.15         0.00         0.15       0.000112    
38     CYP2D6:42524946→G              0.15         0.00         0.15       0.000112    
39     CYP2D6:42523942→P              0.15         0.00         0.15       0.000112    
40     CYP2D6:42524946→P              0.15         0.00         0.15       0.000111    
41     CYP2D6:42524946→M              0.15         0.00         0.15       0.000110    
42     CYP2D6:42524946→A              0.14         0.00         0.14       0.000110    
43     CYP2D6:42526762→M              0.12         0.00         0.12       0.000093    
44     CYP2D6:42526762→N              0.12         0.00         0.12       0.000092    
45     CYP2D6:42526762→P              0.12         0.00         0.12       0.000091    
46     CYP2D6:42526762→G              0.12         0.00         0.12       0.000090    
47     CYP2D6:42526762→A              0.11         0.00         0.11       0.000087    
48     CYP2D6:42522612→G              43.97        45.00        -1.03      0.000071    
49     CYP2D6:42522915→C              45.66        54.00        -8.34      0.000057    
50     CYP2D6:42522915→G              0.06         0.00         0.06       0.000043    
51     CYP2D6:42526693→G              22.00        23.00        -1.00      0.000019    
52     CYP2D6:42524946→T              22.53        26.00        -3.47      0.000011    
53     CYP2D6:42525820→C              0.01         0.00         0.01       0.000010    
54     CYP2D6:42525820→A              0.01         0.00         0.01       0.000010    
55     CYP2D6:42525820→M              0.01         0.00         0.01       0.000010    
56     CYP2D6:42525820→N              0.01         0.00         0.01       0.000010    
57     CYP2D6:42525820→P              0.01         0.00         0.01       0.000009    
58     CYP2D6:42526693→A              22.95        26.00        -3.05      0.000003    
59     CYP2D6:42524946→C              22.45        25.00        -2.55      0.000000    
60     CYP2D6:42522915→A              0.00         0.00         0.00       0.000000    
61     CYP2D6:42522915→M              0.00         0.00         0.00       0.000000    
62     CYP2D6:42522915→N              0.00         0.00         0.00       0.000000    
63     CYP2D6:42522915→P              0.00         0.00         0.00       0.000000    
64     CYP2D6:42522915→T              0.00         0.00         0.00       0.000000    
65     CYP2D6:42525131→A              0.00         0.00         0.00       0.000000    
66     CYP2D6:42525131→C              0.00         0.00         0.00       0.000000    
67     CYP2D6:42525131→M              0.00         0.00         0.00       0.000000    
68     CYP2D6:42525131→N              0.00         0.00         0.00       0.000000    
69     CYP2D6:42525131→P              0.00         0.00         0.00       0.000000    
70     CYP2D6:42525131→T              0.00         0.00         0.00       0.000000    

=== Multi-Seed VAE Results ===
Best model had seed 123 with final loss: 815.98
All seeds final losses:
  Seed 42: Total=819.33 (Recon=686.01, A_KL=52.32, B_KL=20348.52)
  Seed 123: Total=815.98 (Recon=684.11, A_KL=57.69, B_KL=22564.79) <- Best
  Seed 456: Total=836.71 (Recon=703.03, A_KL=43.27, B_KL=20806.91)

[Raw]:
CYP2D6*4: Normalized=0.5401, Unnormalized=0.54
CYP2D6*35: Normalized=0.4461, Unnormalized=0.45

Allocating by cn_config:

[Alleles]
CYP2D6*4
CYP2D6*35
	Command being timed: "python /home/qinghuiz/aidy/push/Neretva/neretva/cyp.py CYP2D6 /project/shared/aldy-data/wgs/NA20509.wgs.cram"
	User time (seconds): 195.71
	System time (seconds): 36.84
	Percent of CPU this job got: 101%
	Elapsed (wall clock) time (h:mm:ss or m:ss): 3:48.01
	Average shared text size (kbytes): 0
	Average unshared data size (kbytes): 0
	Average stack size (kbytes): 0
	Average total size (kbytes): 0
	Maximum resident set size (kbytes): 2852516
	Average resident set size (kbytes): 0
	Major (requiring I/O) page faults: 0
	Minor (reclaiming a frame) page faults: 968086
	Voluntary context switches: 25419
	Involuntary context switches: 4283
	Swaps: 0
	File system inputs: 0
	File system outputs: 120
	Socket messages sent: 0
	Socket messages received: 0
	Signals delivered: 0
	Page size (bytes): 4096
	Exit status: 0
