2026-05-15 22:31:33.773139: I tensorflow/core/util/port.cc:111] oneDNN custom operations are on. You may see slightly different numerical results due to floating-point round-off errors from different computation orders. To turn them off, set the environment variable `TF_ENABLE_ONEDNN_OPTS=0`.
2026-05-15 22:31:33.811049: E tensorflow/compiler/xla/stream_executor/cuda/cuda_dnn.cc:9342] Unable to register cuDNN factory: Attempting to register factory for plugin cuDNN when one has already been registered
2026-05-15 22:31:33.811210: E tensorflow/compiler/xla/stream_executor/cuda/cuda_fft.cc:609] Unable to register cuFFT factory: Attempting to register factory for plugin cuFFT when one has already been registered
2026-05-15 22:31:33.811347: E tensorflow/compiler/xla/stream_executor/cuda/cuda_blas.cc:1518] Unable to register cuBLAS factory: Attempting to register factory for plugin cuBLAS when one has already been registered
2026-05-15 22:31:33.819749: I tensorflow/core/platform/cpu_feature_guard.cc:182] This TensorFlow binary is optimized to use available CPU instructions in performance-critical operations.
To enable the following instructions: AVX2 AVX512F AVX512_VNNI FMA, in other operations, rebuild TensorFlow with the appropriate compiler flags.
AttributeError: 'MessageFactory' object has no attribute 'GetPrototype'
2026-05-15 22:31:35.185586: W tensorflow/compiler/tf2tensorrt/utils/py_utils.cc:38] TF-TRT Warning: Could not find TensorRT
AttributeError: 'MessageFactory' object has no attribute 'GetPrototype'
[info] total indices 749
[info] total variants 749
2.001 was filtered out as 96702046 C>T needs T but not covered
2.003 was filtered out as 96702046 C>T needs T but not covered
2.004 was filtered out as 96702046 C>T needs T but not covered
3.001 was filtered out as 96741052 A>C needs C but not covered
3.002 was filtered out as 96741052 A>C needs C but not covered
4.001 was filtered out as 96741053 T>C needs C but not covered
5.001 was filtered out as 96741057 C>G needs G but not covered
6.001 was filtered out as 96709039 delA needs N but not covered
7.001 was filtered out as 96698493 C>A needs A but not covered
8.001 was filtered out as 96702065 G>A needs A but not covered
8.002 was filtered out as 96702065 G>A needs A but not covered
8.003 was filtered out as 96702065 G>A needs A but not covered
8.004 was filtered out as 96702065 G>A needs A but not covered
8.005 was filtered out as 96702065 G>A needs A but not covered
9.001 was filtered out as 96708973 A>G needs G but not covered
10.001 was filtered out as 96709036 A>G needs G but not covered
11.001 was filtered out as 96740980 C>T needs T but not covered
11.002 was filtered out as 96740980 C>T needs T but not covered
12.001 was filtered out as 96748776 C>T needs T but not covered
13.001 was filtered out as 96701714 T>C needs C but not covered
14.001 was filtered out as 96701990 G>A needs A but not covered
15.001 was filtered out as 96707538 C>A needs A but not covered
16.001 was filtered out as 96731935 A>G needs G but not covered
17.001 was filtered out as 96741121 C>T needs T but not covered
18.001 was filtered out as 96741052 A>C needs C but not covered
19.001 was filtered out as 96748673 G>C needs C but not covered
20.001 was filtered out as 96701653 G>C needs C but not covered
21.001 was filtered out as 96698527 C>T needs T but not covered
22.001 was filtered out as 96698559 A>G needs G but not covered
23.001 was filtered out as 96701671 G>A needs A but not covered
24.001 was filtered out as 96741037 G>A needs A but not covered
25.001 was filtered out as 96701969 delAGAAATGGAA needs N but not covered
26.001 was filtered out as 96702005 C>G needs G but not covered
27.001 was filtered out as 96702065 G>T needs T but not covered
28.001 was filtered out as 96707694 A>T needs T but not covered
29.001 was filtered out as 96731875 C>A needs A but not covered
30.001 was filtered out as 96748740 G>A needs A but not covered
31.001 was filtered out as 96740957 T>C needs C but not covered
32.001 was filtered out as 96748779 G>T needs T but not covered
33.001 was filtered out as 96702011 G>A needs A but not covered
34.001 was filtered out as 96740981 G>A needs A but not covered
35.001 was filtered out as 96702046 C>T needs T but not covered
36.001 was filtered out as 96698439 A>G needs G but not covered
37.001 was filtered out as 96698584 A>G needs G but not covered
38.001 was filtered out as 96701732 G>C needs C but not covered
39.001 was filtered out as 96701738 G>T needs T but not covered
40.001 was filtered out as 96701774 T>C needs C but not covered
41.001 was filtered out as 96701972 A>G needs G but not covered
42.001 was filtered out as 96701987 G>A needs A but not covered
43.001 was filtered out as 96701986 C>T needs T but not covered
44.001 was filtered out as 96702005 C>T needs T but not covered
45.001 was filtered out as 96702010 C>T needs T but not covered
46.001 was filtered out as 96702061 G>A needs A but not covered
47.001 was filtered out as 96707541 C>T needs T but not covered
48.001 was filtered out as 96707673 T>C needs C but not covered
49.001 was filtered out as 96708885 A>G needs G but not covered
50.001 was filtered out as 96708900 C>T needs T but not covered
51.001 was filtered out as 96731890 A>G needs G but not covered
52.001 was filtered out as 96731936 C>G needs G but not covered
53.001 was filtered out as 96731989 C>T needs T but not covered
54.001 was filtered out as 96741006 C>A needs A but not covered
55.001 was filtered out as 96741058 C>A needs A but not covered
56.001 was filtered out as 96745798 A>G needs G but not covered
57.001 was filtered out as 96707663 A>C needs C but not covered
58.001 was filtered out as 96740986 C>A needs A but not covered
59.001 was filtered out as 96748611 A>T needs T but not covered
60.001 was filtered out as 96748711 T>C needs C but not covered
61.001 was filtered out as 96702046 C>T needs T but not covered
61.002 was filtered out as 96702046 C>T needs T but not covered
62.001 was filtered out as 96701989 C>T needs T but not covered
63.001 was filtered out as 96702047 G>A needs A but not covered
64.001 was filtered out as 96731879 C>G needs G but not covered
65.001 was filtered out as 96740955 G>T needs T but not covered
66.001 was filtered out as 96741061 C>G needs G but not covered
67.001 was filtered out as 96748608 C>T needs T but not covered
68.001 was filtered out as 96741052 A>C needs C but not covered
69.001 was filtered out as 96707625 A>G needs G but not covered
70.001 was filtered out as 96748636 G>T needs T but not covered
71.001 was filtered out as 96709036 A>G needs G but not covered
72.001 was filtered out as 96702062 C>T needs T but not covered
73.001 was filtered out as 96702064 C>T needs T but not covered
74.001 was filtered out as 96707695 G>T needs T but not covered
75.001 was filtered out as 96745892 A>C needs C but not covered
76.001 was filtered out as 96698556 G>A needs A but not covered
77.001 was filtered out as 96701731 G>A needs A but not covered
78.001 was filtered out as 96701999 T>G needs G but not covered
79.001 was filtered out as 96741014 C>T needs T but not covered
80.001 was filtered out as 96698475 T>G needs G but not covered
81.001 was filtered out as 96731939 A>T needs T but not covered
82.001 was filtered out as 96708901 C>T needs T but not covered
83.001 was filtered out as 96698544 C>T needs T but not covered
84.001 was filtered out as 96745930 G>C needs C but not covered
85.001 was filtered out as 96708919 delT needs N but not covered
[filter] CYP2C9 1.001 => 1.001; 1.002; 1.005; 1.006; 1.007; 1.008; 1.009; 1.010; 1.011; 1.012; 1.013
[filter] valid_alleles=11
Step 0: Loss=0.0342, CN=[2.0999165]
Step 100: Loss=0.0341, CN=[2.008611]
Step 200: Loss=0.0341, CN=[2.008736]
Step 300: Loss=0.0341, CN=[2.0087373]
Step 400: Loss=0.0341, CN=[2.008737]

=== Fit ===
Region 0: obs=2.096, exp=2.009, diff=+0.087 
Region 1: obs=2.259, exp=2.009, diff=+0.250 
Region 2: obs=1.994, exp=2.009, diff=-0.015 
Region 3: obs=1.995, exp=2.009, diff=-0.014 
Region 4: obs=1.996, exp=2.009, diff=-0.013 
Region 5: obs=1.677, exp=2.009, diff=-0.332 
Region 6: obs=2.090, exp=2.009, diff=+0.081 
Region 7: obs=2.022, exp=2.009, diff=+0.013 
Region 8: obs=2.207, exp=2.009, diff=+0.199 
Region 9: obs=1.897, exp=2.009, diff=-0.112 
Region 10: obs=2.019, exp=2.009, diff=+0.010 
Region 11: obs=2.150, exp=2.009, diff=+0.142 
Region 12: obs=1.308, exp=2.009, diff=-0.701 *
Region 13: obs=2.123, exp=2.009, diff=+0.114 
Region 14: obs=2.040, exp=2.009, diff=+0.032 
Region 15: obs=2.190, exp=2.009, diff=+0.181 
Region 16: obs=1.754, exp=2.009, diff=-0.255 
Region 17: obs=1.915, exp=2.009, diff=-0.094 
Region 18: obs=1.802, exp=2.009, diff=-0.207 
Region 19: obs=1.941, exp=2.009, diff=-0.067 
Region 20: obs=2.815, exp=2.009, diff=+0.806 *

[Gene CN Results]
  CYP2C9: 2.01 → 2.008737802505493
Using device: cuda

=== Running VAE with seed 42 ===
Global Pooled JS: 0.000000
Seed 42, Step    0: Loss = 206.80 (Recon: 170.31, Allele KL: 9.07, Base KL: 1223.86, Functional KL: 0.00
Global Pooled JS: 0.000000
Seed 42, Step  500: Loss = 143.68 (Recon: 104.64, Allele KL: 8.13, Base KL: 6522.46, Functional KL: 0.00
Global Pooled JS: 0.000000
Seed 42, Step 1000: Loss = 126.14 (Recon: 86.12, Allele KL: 10.44, Base KL: 6469.58, Functional KL: 0.00
Global Pooled JS: 0.000000
Seed 42, Step 1500: Loss = 119.81 (Recon: 74.87, Allele KL: 15.75, Base KL: 6620.12, Functional KL: 0.00
Global Pooled JS: 0.000000
Seed 42, Step 2000: Loss = 121.39 (Recon: 74.59, Allele KL: 18.12, Base KL: 6204.40, Functional KL: 0.00
Global Pooled JS: 0.000000
Seed 42, Step 2500: Loss = 123.95 (Recon: 77.40, Allele KL: 17.20, Base KL: 6525.17, Functional KL: 0.00

Top Variants with Coverage Mismatches:
Rank   Variant                        Expected     Observed     Diff       |Div|       
------------------------------------------------------------------------------------------
New best model with final loss: 128.00

=== Running VAE with seed 123 ===
Global Pooled JS: 0.000000
Seed 123, Step    0: Loss = 284.54 (Recon: 240.85, Allele KL: 17.38, Base KL: 1800.17, Functional KL: 0.00
Global Pooled JS: 0.000000
Seed 123, Step  500: Loss = 124.36 (Recon: 81.85, Allele KL: 12.94, Base KL: 6446.28, Functional KL: 0.00
Global Pooled JS: 0.000000
Seed 123, Step 1000: Loss = 123.13 (Recon: 79.83, Allele KL: 13.96, Base KL: 6487.04, Functional KL: 0.00
Global Pooled JS: 0.000000
Seed 123, Step 1500: Loss = 129.14 (Recon: 83.73, Allele KL: 15.91, Base KL: 6424.98, Functional KL: 0.00
Global Pooled JS: 0.000000
Seed 123, Step 2000: Loss = 123.92 (Recon: 76.35, Allele KL: 18.58, Base KL: 6336.64, Functional KL: 0.00
Global Pooled JS: 0.000000
Seed 123, Step 2500: Loss = 122.28 (Recon: 77.47, Allele KL: 15.58, Base KL: 6496.01, Functional KL: 0.00

Top Variants with Coverage Mismatches:
Rank   Variant                        Expected     Observed     Diff       |Div|       
------------------------------------------------------------------------------------------
New best model with final loss: 126.71

=== Running VAE with seed 456 ===
Global Pooled JS: 0.000000
Seed 456, Step    0: Loss = 238.17 (Recon: 191.77, Allele KL: 17.69, Base KL: 1552.11, Functional KL: 0.00
Global Pooled JS: 0.000000
Seed 456, Step  500: Loss = 122.89 (Recon: 79.76, Allele KL: 13.83, Base KL: 6438.52, Functional KL: 0.00
Global Pooled JS: 0.000000
Seed 456, Step 1000: Loss = 125.22 (Recon: 77.37, Allele KL: 18.73, Base KL: 6391.92, Functional KL: 0.00
Global Pooled JS: 0.000000
Seed 456, Step 1500: Loss = 134.01 (Recon: 88.52, Allele KL: 15.57, Base KL: 6499.96, Functional KL: 0.00
Global Pooled JS: 0.000000
Seed 456, Step 2000: Loss = 123.90 (Recon: 83.37, Allele KL: 11.22, Base KL: 6165.40, Functional KL: 0.00
Global Pooled JS: 0.000000
Seed 456, Step 2500: Loss = 131.33 (Recon: 87.81, Allele KL: 13.81, Base KL: 6423.57, Functional KL: 0.00

Top Variants with Coverage Mismatches:
Rank   Variant                        Expected     Observed     Diff       |Div|       
------------------------------------------------------------------------------------------

=== Multi-Seed VAE Results ===
Best model had seed 123 with final loss: 126.71
All seeds final losses:
  Seed 42: Total=128.00 (Recon=84.82, A_KL=13.33, B_KL=6507.93)
  Seed 123: Total=126.71 (Recon=85.42, A_KL=11.62, B_KL=6434.06) <- Best
  Seed 456: Total=134.00 (Recon=86.98, A_KL=17.39, B_KL=6370.08)
[time] run_vae took 105.83s (2,703.109375 MB; 2,703.109375 MB)

[Raw]:
CYP2C9*1: Normalized=1.0000, Unnormalized=1.00

[Alleles]
CYP2C9*1
CYP2C9*1
	Command being timed: "python cyp.py CYP2C9 /project/shared/aldy-data/wgs/HG00589.wgs.cram"
	User time (seconds): 102.24
	System time (seconds): 14.58
	Percent of CPU this job got: 99%
	Elapsed (wall clock) time (h:mm:ss or m:ss): 1:57.23
	Average shared text size (kbytes): 0
	Average unshared data size (kbytes): 0
	Average stack size (kbytes): 0
	Average total size (kbytes): 0
	Maximum resident set size (kbytes): 2768004
	Average resident set size (kbytes): 0
	Major (requiring I/O) page faults: 0
	Minor (reclaiming a frame) page faults: 889300
	Voluntary context switches: 24362
	Involuntary context switches: 4077
	Swaps: 0
	File system inputs: 0
	File system outputs: 48
	Socket messages sent: 0
	Socket messages received: 0
	Signals delivered: 0
	Page size (bytes): 4096
	Exit status: 0
