2026-05-15 22:35:33.635764: I tensorflow/core/util/port.cc:111] oneDNN custom operations are on. You may see slightly different numerical results due to floating-point round-off errors from different computation orders. To turn them off, set the environment variable `TF_ENABLE_ONEDNN_OPTS=0`.
2026-05-15 22:35:33.673201: E tensorflow/compiler/xla/stream_executor/cuda/cuda_dnn.cc:9342] Unable to register cuDNN factory: Attempting to register factory for plugin cuDNN when one has already been registered
2026-05-15 22:35:33.673362: E tensorflow/compiler/xla/stream_executor/cuda/cuda_fft.cc:609] Unable to register cuFFT factory: Attempting to register factory for plugin cuFFT when one has already been registered
2026-05-15 22:35:33.673511: E tensorflow/compiler/xla/stream_executor/cuda/cuda_blas.cc:1518] Unable to register cuBLAS factory: Attempting to register factory for plugin cuBLAS when one has already been registered
2026-05-15 22:35:33.682185: I tensorflow/core/platform/cpu_feature_guard.cc:182] This TensorFlow binary is optimized to use available CPU instructions in performance-critical operations.
To enable the following instructions: AVX2 AVX512F AVX512_VNNI FMA, in other operations, rebuild TensorFlow with the appropriate compiler flags.
AttributeError: 'MessageFactory' object has no attribute 'GetPrototype'
2026-05-15 22:35:34.913854: W tensorflow/compiler/tf2tensorrt/utils/py_utils.cc:38] TF-TRT Warning: Could not find TensorRT
AttributeError: 'MessageFactory' object has no attribute 'GetPrototype'
[info] total indices 749
[info] total variants 749
2.001 was filtered out as 96702046 C>T needs T but not covered
2.003 was filtered out as 96702046 C>T needs T but not covered
2.004 was filtered out as 96702046 C>T needs T but not covered
3.001 was filtered out as 96741052 A>C needs C but not covered
3.002 was filtered out as 96741052 A>C needs C but not covered
4.001 was filtered out as 96741053 T>C needs C but not covered
5.001 was filtered out as 96741057 C>G needs G but not covered
6.001 was filtered out as 96709039 delA needs N but not covered
7.001 was filtered out as 96698493 C>A needs A but not covered
8.001 was filtered out as 96702065 G>A needs A but not covered
8.002 was filtered out as 96702065 G>A needs A but not covered
8.003 was filtered out as 96702065 G>A needs A but not covered
8.004 was filtered out as 96702065 G>A needs A but not covered
8.005 was filtered out as 96702065 G>A needs A but not covered
9.001 was filtered out as 96708973 A>G needs G but not covered
10.001 was filtered out as 96709036 A>G needs G but not covered
11.001 was filtered out as 96740980 C>T needs T but not covered
11.002 was filtered out as 96740980 C>T needs T but not covered
12.001 was filtered out as 96748776 C>T needs T but not covered
13.001 was filtered out as 96701714 T>C needs C but not covered
14.001 was filtered out as 96701990 G>A needs A but not covered
15.001 was filtered out as 96707538 C>A needs A but not covered
16.001 was filtered out as 96731935 A>G needs G but not covered
17.001 was filtered out as 96741121 C>T needs T but not covered
18.001 was filtered out as 96741052 A>C needs C but not covered
19.001 was filtered out as 96748673 G>C needs C but not covered
20.001 was filtered out as 96701653 G>C needs C but not covered
21.001 was filtered out as 96698527 C>T needs T but not covered
22.001 was filtered out as 96698559 A>G needs G but not covered
23.001 was filtered out as 96701671 G>A needs A but not covered
24.001 was filtered out as 96741037 G>A needs A but not covered
25.001 was filtered out as 96701969 delAGAAATGGAA needs N but not covered
26.001 was filtered out as 96702005 C>G needs G but not covered
27.001 was filtered out as 96702065 G>T needs T but not covered
28.001 was filtered out as 96707694 A>T needs T but not covered
29.001 was filtered out as 96731875 C>A needs A but not covered
30.001 was filtered out as 96748740 G>A needs A but not covered
31.001 was filtered out as 96740957 T>C needs C but not covered
32.001 was filtered out as 96748779 G>T needs T but not covered
33.001 was filtered out as 96702011 G>A needs A but not covered
34.001 was filtered out as 96740981 G>A needs A but not covered
35.001 was filtered out as 96702046 C>T needs T but not covered
36.001 was filtered out as 96698439 A>G needs G but not covered
37.001 was filtered out as 96698584 A>G needs G but not covered
38.001 was filtered out as 96701732 G>C needs C but not covered
39.001 was filtered out as 96701738 G>T needs T but not covered
40.001 was filtered out as 96701774 T>C needs C but not covered
41.001 was filtered out as 96701972 A>G needs G but not covered
42.001 was filtered out as 96701987 G>A needs A but not covered
43.001 was filtered out as 96701986 C>T needs T but not covered
44.001 was filtered out as 96702005 C>T needs T but not covered
45.001 was filtered out as 96702010 C>T needs T but not covered
46.001 was filtered out as 96702061 G>A needs A but not covered
47.001 was filtered out as 96707541 C>T needs T but not covered
48.001 was filtered out as 96707673 T>C needs C but not covered
49.001 was filtered out as 96708885 A>G needs G but not covered
50.001 was filtered out as 96708900 C>T needs T but not covered
51.001 was filtered out as 96731890 A>G needs G but not covered
52.001 was filtered out as 96731936 C>G needs G but not covered
53.001 was filtered out as 96731989 C>T needs T but not covered
54.001 was filtered out as 96741006 C>A needs A but not covered
55.001 was filtered out as 96741058 C>A needs A but not covered
56.001 was filtered out as 96745798 A>G needs G but not covered
57.001 was filtered out as 96707663 A>C needs C but not covered
58.001 was filtered out as 96740986 C>A needs A but not covered
59.001 was filtered out as 96748611 A>T needs T but not covered
60.001 was filtered out as 96748711 T>C needs C but not covered
61.001 was filtered out as 96702046 C>T needs T but not covered
61.002 was filtered out as 96702046 C>T needs T but not covered
62.001 was filtered out as 96701989 C>T needs T but not covered
63.001 was filtered out as 96702047 G>A needs A but not covered
64.001 was filtered out as 96731879 C>G needs G but not covered
65.001 was filtered out as 96740955 G>T needs T but not covered
66.001 was filtered out as 96741061 C>G needs G but not covered
67.001 was filtered out as 96748608 C>T needs T but not covered
68.001 was filtered out as 96741052 A>C needs C but not covered
69.001 was filtered out as 96707625 A>G needs G but not covered
70.001 was filtered out as 96748636 G>T needs T but not covered
71.001 was filtered out as 96709036 A>G needs G but not covered
72.001 was filtered out as 96702062 C>T needs T but not covered
73.001 was filtered out as 96702064 C>T needs T but not covered
74.001 was filtered out as 96707695 G>T needs T but not covered
75.001 was filtered out as 96745892 A>C needs C but not covered
76.001 was filtered out as 96698556 G>A needs A but not covered
77.001 was filtered out as 96701731 G>A needs A but not covered
78.001 was filtered out as 96701999 T>G needs G but not covered
79.001 was filtered out as 96741014 C>T needs T but not covered
80.001 was filtered out as 96698475 T>G needs G but not covered
81.001 was filtered out as 96731939 A>T needs T but not covered
82.001 was filtered out as 96708901 C>T needs T but not covered
83.001 was filtered out as 96698544 C>T needs T but not covered
84.001 was filtered out as 96745930 G>C needs C but not covered
85.001 was filtered out as 96708919 delT needs N but not covered
[filter] CYP2C9 1.001 => 1.001; 1.002; 1.005; 1.006; 1.007; 1.008; 1.009; 1.010; 1.011; 1.012; 1.013
[filter] valid_alleles=11
Step 0: Loss=0.0876, CN=[2.0999167]
Step 100: Loss=0.0329, CN=[2.3523538]
Step 200: Loss=0.0329, CN=[2.3511622]
Step 300: Loss=0.0329, CN=[2.3511565]
Step 400: Loss=0.0329, CN=[2.3511567]

=== Fit ===
Region 0: obs=2.566, exp=2.351, diff=+0.215 
Region 1: obs=1.790, exp=2.351, diff=-0.561 *
Region 2: obs=2.199, exp=2.351, diff=-0.152 
Region 3: obs=2.371, exp=2.351, diff=+0.020 
Region 4: obs=2.074, exp=2.351, diff=-0.277 
Region 5: obs=2.380, exp=2.351, diff=+0.028 
Region 6: obs=2.251, exp=2.351, diff=-0.100 
Region 7: obs=2.452, exp=2.351, diff=+0.100 
Region 8: obs=2.370, exp=2.351, diff=+0.019 
Region 9: obs=2.384, exp=2.351, diff=+0.033 
Region 10: obs=2.369, exp=2.351, diff=+0.017 
Region 11: obs=2.289, exp=2.351, diff=-0.062 
Region 12: obs=2.904, exp=2.351, diff=+0.553 *
Region 13: obs=2.418, exp=2.351, diff=+0.067 
Region 14: obs=2.271, exp=2.351, diff=-0.080 
Region 15: obs=2.514, exp=2.351, diff=+0.163 
Region 16: obs=2.202, exp=2.351, diff=-0.149 
Region 17: obs=2.489, exp=2.351, diff=+0.138 
Region 18: obs=2.344, exp=2.351, diff=-0.007 
Region 19: obs=1.880, exp=2.351, diff=-0.472 
Region 20: obs=2.893, exp=2.351, diff=+0.542 *

[Gene CN Results]
  CYP2C9: 2.35 → 2.351156711578369
Using device: cuda

=== Running VAE with seed 42 ===
Global Pooled JS: 0.000000
Seed 42, Step    0: Loss = 224.80 (Recon: 189.58, Allele KL: 7.78, Base KL: 902.79, Functional KL: 0.00
Global Pooled JS: 0.000000
Seed 42, Step  500: Loss = 164.91 (Recon: 123.41, Allele KL: 10.40, Base KL: 6049.40, Functional KL: 0.00
Global Pooled JS: 0.000000
Seed 42, Step 1000: Loss = 122.04 (Recon: 82.76, Allele KL: 10.08, Base KL: 5999.70, Functional KL: 0.00
Global Pooled JS: 0.000000
Seed 42, Step 1500: Loss = 115.06 (Recon: 70.96, Allele KL: 15.49, Base KL: 5961.07, Functional KL: 0.00
Global Pooled JS: 0.000000
Seed 42, Step 2000: Loss = 115.81 (Recon: 70.18, Allele KL: 17.26, Base KL: 5826.53, Functional KL: 0.00
Global Pooled JS: 0.000000
Seed 42, Step 2500: Loss = 119.48 (Recon: 72.32, Allele KL: 18.21, Base KL: 6162.60, Functional KL: 0.00

Top Variants with Coverage Mismatches:
Rank   Variant                        Expected     Observed     Diff       |Div|       
------------------------------------------------------------------------------------------
New best model with final loss: 122.79

=== Running VAE with seed 123 ===
Global Pooled JS: 0.000000
Seed 123, Step    0: Loss = 265.84 (Recon: 223.27, Allele KL: 16.19, Base KL: 1426.71, Functional KL: 0.00
Global Pooled JS: 0.000000
Seed 123, Step  500: Loss = 118.79 (Recon: 77.00, Allele KL: 12.59, Base KL: 6017.32, Functional KL: 0.00
Global Pooled JS: 0.000000
Seed 123, Step 1000: Loss = 117.51 (Recon: 76.94, Allele KL: 11.59, Base KL: 5996.86, Functional KL: 0.00
Global Pooled JS: 0.000000
Seed 123, Step 1500: Loss = 123.28 (Recon: 78.03, Allele KL: 16.17, Base KL: 5886.79, Functional KL: 0.00
Global Pooled JS: 0.000000
Seed 123, Step 2000: Loss = 117.41 (Recon: 73.84, Allele KL: 14.77, Base KL: 5962.39, Functional KL: 0.00
Global Pooled JS: 0.000000
Seed 123, Step 2500: Loss = 117.16 (Recon: 73.05, Allele KL: 15.37, Base KL: 5939.34, Functional KL: 0.00

Top Variants with Coverage Mismatches:
Rank   Variant                        Expected     Observed     Diff       |Div|       
------------------------------------------------------------------------------------------
New best model with final loss: 118.74

=== Running VAE with seed 456 ===
Global Pooled JS: 0.000000
Seed 456, Step    0: Loss = 222.06 (Recon: 177.21, Allele KL: 16.40, Base KL: 1246.85, Functional KL: 0.00
Global Pooled JS: 0.000000
Seed 456, Step  500: Loss = 117.11 (Recon: 76.93, Allele KL: 11.12, Base KL: 6017.48, Functional KL: 0.00
Global Pooled JS: 0.000000
Seed 456, Step 1000: Loss = 119.99 (Recon: 74.55, Allele KL: 16.62, Base KL: 5869.16, Functional KL: 0.00
Global Pooled JS: 0.000000
Seed 456, Step 1500: Loss = 132.35 (Recon: 88.63, Allele KL: 13.96, Base KL: 6097.69, Functional KL: 0.00
Global Pooled JS: 0.000000
Seed 456, Step 2000: Loss = 120.40 (Recon: 81.18, Allele KL: 10.22, Base KL: 5656.36, Functional KL: 0.00
Global Pooled JS: 0.000000
Seed 456, Step 2500: Loss = 126.49 (Recon: 83.06, Allele KL: 14.14, Base KL: 5969.17, Functional KL: 0.00

Top Variants with Coverage Mismatches:
Rank   Variant                        Expected     Observed     Diff       |Div|       
------------------------------------------------------------------------------------------

=== Multi-Seed VAE Results ===
Best model had seed 123 with final loss: 118.74
All seeds final losses:
  Seed 42: Total=122.79 (Recon=81.05, A_KL=12.36, B_KL=5953.39)
  Seed 123: Total=118.74 (Recon=74.76, A_KL=14.97, B_KL=6066.85) <- Best
  Seed 456: Total=126.29 (Recon=78.33, A_KL=18.84, B_KL=6002.08)
[time] run_vae took 122.81s (2,681.35546875 MB; 2,681.35546875 MB)

[Raw]:
CYP2C9*1: Normalized=1.0000, Unnormalized=1.00

[Alleles]
CYP2C9*1
CYP2C9*1
	Command being timed: "python cyp.py CYP2C9 /project/shared/aldy-data/wgs/NA07019.wgs.cram"
	User time (seconds): 118.89
	System time (seconds): 16.32
	Percent of CPU this job got: 99%
	Elapsed (wall clock) time (h:mm:ss or m:ss): 2:16.09
	Average shared text size (kbytes): 0
	Average unshared data size (kbytes): 0
	Average stack size (kbytes): 0
	Average total size (kbytes): 0
	Maximum resident set size (kbytes): 2745716
	Average resident set size (kbytes): 0
	Major (requiring I/O) page faults: 0
	Minor (reclaiming a frame) page faults: 1081480
	Voluntary context switches: 24517
	Involuntary context switches: 4102
	Swaps: 0
	File system inputs: 0
	File system outputs: 48
	Socket messages sent: 0
	Socket messages received: 0
	Signals delivered: 0
	Page size (bytes): 4096
	Exit status: 0
