2026-05-15 22:54:17.514286: I tensorflow/core/util/port.cc:111] oneDNN custom operations are on. You may see slightly different numerical results due to floating-point round-off errors from different computation orders. To turn them off, set the environment variable `TF_ENABLE_ONEDNN_OPTS=0`.
2026-05-15 22:54:17.551461: E tensorflow/compiler/xla/stream_executor/cuda/cuda_dnn.cc:9342] Unable to register cuDNN factory: Attempting to register factory for plugin cuDNN when one has already been registered
2026-05-15 22:54:17.551621: E tensorflow/compiler/xla/stream_executor/cuda/cuda_fft.cc:609] Unable to register cuFFT factory: Attempting to register factory for plugin cuFFT when one has already been registered
2026-05-15 22:54:17.551758: E tensorflow/compiler/xla/stream_executor/cuda/cuda_blas.cc:1518] Unable to register cuBLAS factory: Attempting to register factory for plugin cuBLAS when one has already been registered
2026-05-15 22:54:17.559908: I tensorflow/core/platform/cpu_feature_guard.cc:182] This TensorFlow binary is optimized to use available CPU instructions in performance-critical operations.
To enable the following instructions: AVX2 AVX512F AVX512_VNNI FMA, in other operations, rebuild TensorFlow with the appropriate compiler flags.
AttributeError: 'MessageFactory' object has no attribute 'GetPrototype'
2026-05-15 22:54:18.900380: W tensorflow/compiler/tf2tensorrt/utils/py_utils.cc:38] TF-TRT Warning: Could not find TensorRT
AttributeError: 'MessageFactory' object has no attribute 'GetPrototype'
[info] total indices 749
[info] total variants 749
2.001 was filtered out as 96702046 C>T needs T but not covered
2.003 was filtered out as 96702046 C>T needs T but not covered
2.004 was filtered out as 96702046 C>T needs T but not covered
4.001 was filtered out as 96741053 T>C needs C but not covered
5.001 was filtered out as 96741057 C>G needs G but not covered
6.001 was filtered out as 96709039 delA needs N but not covered
7.001 was filtered out as 96698493 C>A needs A but not covered
8.001 was filtered out as 96702065 G>A needs A but not covered
8.002 was filtered out as 96702065 G>A needs A but not covered
8.003 was filtered out as 96702065 G>A needs A but not covered
8.004 was filtered out as 96702065 G>A needs A but not covered
8.005 was filtered out as 96702065 G>A needs A but not covered
9.001 was filtered out as 96708973 A>G needs G but not covered
10.001 was filtered out as 96709036 A>G needs G but not covered
11.001 was filtered out as 96740980 C>T needs T but not covered
11.002 was filtered out as 96740980 C>T needs T but not covered
12.001 was filtered out as 96748776 C>T needs T but not covered
13.001 was filtered out as 96701714 T>C needs C but not covered
14.001 was filtered out as 96701990 G>A needs A but not covered
15.001 was filtered out as 96707538 C>A needs A but not covered
16.001 was filtered out as 96731935 A>G needs G but not covered
17.001 was filtered out as 96741121 C>T needs T but not covered
18.001 was filtered out as 96745829 A>C needs C but not covered
19.001 was filtered out as 96748673 G>C needs C but not covered
20.001 was filtered out as 96701653 G>C needs C but not covered
21.001 was filtered out as 96698527 C>T needs T but not covered
22.001 was filtered out as 96698559 A>G needs G but not covered
23.001 was filtered out as 96701671 G>A needs A but not covered
24.001 was filtered out as 96741037 G>A needs A but not covered
25.001 was filtered out as 96701969 delAGAAATGGAA needs N but not covered
26.001 was filtered out as 96702005 C>G needs G but not covered
27.001 was filtered out as 96702065 G>T needs T but not covered
28.001 was filtered out as 96707694 A>T needs T but not covered
29.001 was filtered out as 96731875 C>A needs A but not covered
30.001 was filtered out as 96748740 G>A needs A but not covered
31.001 was filtered out as 96740957 T>C needs C but not covered
32.001 was filtered out as 96748779 G>T needs T but not covered
33.001 was filtered out as 96702011 G>A needs A but not covered
34.001 was filtered out as 96740981 G>A needs A but not covered
35.001 was filtered out as 96702046 C>T needs T but not covered
36.001 was filtered out as 96698439 A>G needs G but not covered
37.001 was filtered out as 96698584 A>G needs G but not covered
38.001 was filtered out as 96701732 G>C needs C but not covered
39.001 was filtered out as 96701738 G>T needs T but not covered
40.001 was filtered out as 96701774 T>C needs C but not covered
41.001 was filtered out as 96701972 A>G needs G but not covered
42.001 was filtered out as 96701987 G>A needs A but not covered
43.001 was filtered out as 96701986 C>T needs T but not covered
44.001 was filtered out as 96702005 C>T needs T but not covered
45.001 was filtered out as 96702010 C>T needs T but not covered
46.001 was filtered out as 96702061 G>A needs A but not covered
47.001 was filtered out as 96707541 C>T needs T but not covered
48.001 was filtered out as 96707673 T>C needs C but not covered
49.001 was filtered out as 96708885 A>G needs G but not covered
50.001 was filtered out as 96708900 C>T needs T but not covered
51.001 was filtered out as 96731890 A>G needs G but not covered
52.001 was filtered out as 96731936 C>G needs G but not covered
53.001 was filtered out as 96731989 C>T needs T but not covered
54.001 was filtered out as 96741006 C>A needs A but not covered
55.001 was filtered out as 96741058 C>A needs A but not covered
56.001 was filtered out as 96745798 A>G needs G but not covered
57.001 was filtered out as 96707663 A>C needs C but not covered
58.001 was filtered out as 96740986 C>A needs A but not covered
59.001 was filtered out as 96748611 A>T needs T but not covered
60.001 was filtered out as 96748711 T>C needs C but not covered
61.001 was filtered out as 96702046 C>T needs T but not covered
61.002 was filtered out as 96702046 C>T needs T but not covered
62.001 was filtered out as 96701989 C>T needs T but not covered
63.001 was filtered out as 96702047 G>A needs A but not covered
64.001 was filtered out as 96731879 C>G needs G but not covered
65.001 was filtered out as 96740955 G>T needs T but not covered
66.001 was filtered out as 96741061 C>G needs G but not covered
67.001 was filtered out as 96748608 C>T needs T but not covered
68.001 was filtered out as 96741127 G>A needs A but not covered
69.001 was filtered out as 96707625 A>G needs G but not covered
70.001 was filtered out as 96748636 G>T needs T but not covered
71.001 was filtered out as 96709036 A>G needs G but not covered
72.001 was filtered out as 96702062 C>T needs T but not covered
73.001 was filtered out as 96702064 C>T needs T but not covered
74.001 was filtered out as 96707695 G>T needs T but not covered
75.001 was filtered out as 96745892 A>C needs C but not covered
76.001 was filtered out as 96698556 G>A needs A but not covered
77.001 was filtered out as 96701731 G>A needs A but not covered
78.001 was filtered out as 96701999 T>G needs G but not covered
79.001 was filtered out as 96741014 C>T needs T but not covered
80.001 was filtered out as 96698475 T>G needs G but not covered
81.001 was filtered out as 96731939 A>T needs T but not covered
82.001 was filtered out as 96708901 C>T needs T but not covered
83.001 was filtered out as 96698544 C>T needs T but not covered
84.001 was filtered out as 96745930 G>C needs C but not covered
85.001 was filtered out as 96708919 delT needs N but not covered
[filter] CYP2C9 1.001 => 1.001; 1.002; 1.005; 1.006; 1.007; 1.008; 1.009; 1.010; 1.011; 1.012; 1.013
[filter] CYP2C9 3.001 => 3.001; 3.002
[filter] valid_alleles=13
Step 0: Loss=0.1224, CN=[2.0999167]
Step 100: Loss=0.0595, CN=[2.3918672]
Step 200: Loss=0.0595, CN=[2.39171]
Step 300: Loss=0.0595, CN=[2.3917181]
Step 400: Loss=0.0595, CN=[2.3917181]

=== Fit ===
Region 0: obs=2.776, exp=2.392, diff=+0.384 
Region 1: obs=1.480, exp=2.392, diff=-0.912 *
Region 2: obs=2.143, exp=2.392, diff=-0.249 
Region 3: obs=2.241, exp=2.392, diff=-0.151 
Region 4: obs=1.988, exp=2.392, diff=-0.404 
Region 5: obs=2.657, exp=2.392, diff=+0.265 
Region 6: obs=2.319, exp=2.392, diff=-0.072 
Region 7: obs=2.248, exp=2.392, diff=-0.144 
Region 8: obs=2.632, exp=2.392, diff=+0.241 
Region 9: obs=2.577, exp=2.392, diff=+0.186 
Region 10: obs=2.809, exp=2.392, diff=+0.418 
Region 11: obs=2.491, exp=2.392, diff=+0.099 
Region 12: obs=2.389, exp=2.392, diff=-0.002 
Region 13: obs=2.461, exp=2.392, diff=+0.069 
Region 14: obs=2.156, exp=2.392, diff=-0.236 
Region 15: obs=2.665, exp=2.392, diff=+0.273 
Region 16: obs=2.601, exp=2.392, diff=+0.210 
Region 17: obs=2.467, exp=2.392, diff=+0.075 
Region 18: obs=1.931, exp=2.392, diff=-0.461 
Region 19: obs=1.872, exp=2.392, diff=-0.519 *
Region 20: obs=3.043, exp=2.392, diff=+0.652 *

[Gene CN Results]
  CYP2C9: 2.39 → 2.3917181491851807
Using device: cuda

=== Running VAE with seed 42 ===
Global Pooled JS: 0.024071
Seed 42, Step    0: Loss = 222.03 (Recon: 173.10, Allele KL: 21.36, Base KL: 1815.47, Functional KL: 0.02
Global Pooled JS: 0.015643
Seed 42, Step  500: Loss = 163.05 (Recon: 119.23, Allele KL: 16.17, Base KL: 4365.73, Functional KL: 0.02
Global Pooled JS: 0.005096
Seed 42, Step 1000: Loss = 155.82 (Recon: 111.60, Allele KL: 16.93, Base KL: 4331.65, Functional KL: 0.01
Global Pooled JS: 0.004558
Seed 42, Step 1500: Loss = 156.42 (Recon: 115.56, Allele KL: 13.03, Base KL: 4541.82, Functional KL: 0.00
Global Pooled JS: 0.009317
Seed 42, Step 2000: Loss = 159.36 (Recon: 116.34, Allele KL: 15.48, Base KL: 4469.83, Functional KL: 0.01
Global Pooled JS: 0.004740
Seed 42, Step 2500: Loss = 157.35 (Recon: 115.74, Allele KL: 13.75, Base KL: 4508.65, Functional KL: 0.00

Top Variants with Coverage Mismatches:
Rank   Variant                        Expected     Observed     Diff       |Div|       
------------------------------------------------------------------------------------------
1      CYP2C9:96741052→M              0.15         0.00         0.15       0.001022    
2      CYP2C9:96741052→N              0.15         0.00         0.15       0.001020    
3      CYP2C9:96741052→P              0.15         0.00         0.15       0.001009    
4      CYP2C9:96741052→T              0.15         0.00         0.15       0.001008    
5      CYP2C9:96741052→G              0.14         0.00         0.14       0.000973    
6      CYP2C9:96741052→A              28.80        27.00        1.80       0.000286    
7      CYP2C9:96741052→C              21.57        18.00        3.57       0.000147    
New best model with final loss: 160.65

=== Running VAE with seed 123 ===
Global Pooled JS: 0.051497
Seed 123, Step    0: Loss = 227.50 (Recon: 182.96, Allele KL: 16.60, Base KL: 2191.24, Functional KL: 0.05
Global Pooled JS: 0.005078
Seed 123, Step  500: Loss = 160.17 (Recon: 116.95, Allele KL: 15.50, Base KL: 4318.39, Functional KL: 0.01
Global Pooled JS: 0.016654
Seed 123, Step 1000: Loss = 167.43 (Recon: 122.99, Allele KL: 16.70, Base KL: 4454.05, Functional KL: 0.02
Global Pooled JS: 0.005558
Seed 123, Step 1500: Loss = 160.72 (Recon: 117.85, Allele KL: 15.09, Base KL: 4365.85, Functional KL: 0.01
Global Pooled JS: 0.015409
Seed 123, Step 2000: Loss = 172.71 (Recon: 128.54, Allele KL: 16.90, Base KL: 4253.28, Functional KL: 0.02
Global Pooled JS: 0.004722
Seed 123, Step 2500: Loss = 157.52 (Recon: 118.84, Allele KL: 10.65, Base KL: 4553.37, Functional KL: 0.00

Top Variants with Coverage Mismatches:
Rank   Variant                        Expected     Observed     Diff       |Div|       
------------------------------------------------------------------------------------------
1      CYP2C9:96741052→A              25.28        27.00        -1.72      0.002547    
2      CYP2C9:96741052→C              25.02        18.00        7.02       0.002255    
3      CYP2C9:96741052→N              0.17         0.00         0.17       0.001141    
4      CYP2C9:96741052→T              0.16         0.00         0.16       0.001119    
5      CYP2C9:96741052→G              0.16         0.00         0.16       0.001117    
6      CYP2C9:96741052→P              0.16         0.00         0.16       0.001094    
7      CYP2C9:96741052→M              0.16         0.00         0.16       0.001080    

=== Running VAE with seed 456 ===
Global Pooled JS: 0.139423
Seed 456, Step    0: Loss = 732.99 (Recon: 688.20, Allele KL: 18.94, Base KL: 2254.84, Functional KL: 0.14
Global Pooled JS: 0.004600
Seed 456, Step  500: Loss = 162.81 (Recon: 120.96, Allele KL: 14.28, Base KL: 4264.99, Functional KL: 0.00
Global Pooled JS: 0.004492
Seed 456, Step 1000: Loss = 159.74 (Recon: 121.95, Allele KL: 9.77, Base KL: 4379.66, Functional KL: 0.00
Global Pooled JS: 0.005086
Seed 456, Step 1500: Loss = 161.48 (Recon: 119.36, Allele KL: 14.23, Base KL: 4506.44, Functional KL: 0.01
Global Pooled JS: 0.004947
Seed 456, Step 2000: Loss = 157.38 (Recon: 112.50, Allele KL: 17.49, Base KL: 4403.65, Functional KL: 0.00
Global Pooled JS: 0.022856
Seed 456, Step 2500: Loss = 165.93 (Recon: 122.51, Allele KL: 16.18, Base KL: 4350.51, Functional KL: 0.02

Top Variants with Coverage Mismatches:
Rank   Variant                        Expected     Observed     Diff       |Div|       
------------------------------------------------------------------------------------------
1      CYP2C9:96741052→A              26.58        27.00        -0.42      0.001431    
2      CYP2C9:96741052→C              23.75        18.00        5.75       0.001210    
3      CYP2C9:96741052→G              0.16         0.00         0.16       0.001092    
4      CYP2C9:96741052→N              0.16         0.00         0.16       0.001075    
5      CYP2C9:96741052→M              0.16         0.00         0.16       0.001067    
6      CYP2C9:96741052→P              0.16         0.00         0.16       0.001056    
7      CYP2C9:96741052→T              0.15         0.00         0.15       0.001035    
New best model with final loss: 159.52

=== Multi-Seed VAE Results ===
Best model had seed 456 with final loss: 159.52
All seeds final losses:
  Seed 42: Total=160.65 (Recon=116.61, A_KL=16.30, B_KL=4614.40)
  Seed 123: Total=162.18 (Recon=115.08, A_KL=19.54, B_KL=4582.50)
  Seed 456: Total=159.52 (Recon=116.07, A_KL=15.73, B_KL=4453.17) <- Best
[time] run_vae took 110.67s (2,704.796875 MB; 2,704.796875 MB)

[Raw]:
CYP2C9*1: Normalized=0.5168, Unnormalized=0.52
CYP2C9*3: Normalized=0.4832, Unnormalized=0.48

[Alleles]
CYP2C9*1
CYP2C9*3
	Command being timed: "python cyp.py CYP2C9 /project/shared/aldy-data/wgs/NA12813.wgs.cram"
	User time (seconds): 105.83
	System time (seconds): 15.92
	Percent of CPU this job got: 99%
	Elapsed (wall clock) time (h:mm:ss or m:ss): 2:02.06
	Average shared text size (kbytes): 0
	Average unshared data size (kbytes): 0
	Average stack size (kbytes): 0
	Average total size (kbytes): 0
	Maximum resident set size (kbytes): 2769744
	Average resident set size (kbytes): 0
	Major (requiring I/O) page faults: 0
	Minor (reclaiming a frame) page faults: 881775
	Voluntary context switches: 22319
	Involuntary context switches: 194
	Swaps: 0
	File system inputs: 0
	File system outputs: 48
	Socket messages sent: 0
	Socket messages received: 0
	Signals delivered: 0
	Page size (bytes): 4096
	Exit status: 0
