2026-05-15 23:07:00.448645: I tensorflow/core/util/port.cc:111] oneDNN custom operations are on. You may see slightly different numerical results due to floating-point round-off errors from different computation orders. To turn them off, set the environment variable `TF_ENABLE_ONEDNN_OPTS=0`.
2026-05-15 23:07:00.485383: E tensorflow/compiler/xla/stream_executor/cuda/cuda_dnn.cc:9342] Unable to register cuDNN factory: Attempting to register factory for plugin cuDNN when one has already been registered
2026-05-15 23:07:00.485588: E tensorflow/compiler/xla/stream_executor/cuda/cuda_fft.cc:609] Unable to register cuFFT factory: Attempting to register factory for plugin cuFFT when one has already been registered
2026-05-15 23:07:00.485726: E tensorflow/compiler/xla/stream_executor/cuda/cuda_blas.cc:1518] Unable to register cuBLAS factory: Attempting to register factory for plugin cuBLAS when one has already been registered
2026-05-15 23:07:00.494016: I tensorflow/core/platform/cpu_feature_guard.cc:182] This TensorFlow binary is optimized to use available CPU instructions in performance-critical operations.
To enable the following instructions: AVX2 AVX512F AVX512_VNNI FMA, in other operations, rebuild TensorFlow with the appropriate compiler flags.
AttributeError: 'MessageFactory' object has no attribute 'GetPrototype'
2026-05-15 23:07:01.875045: W tensorflow/compiler/tf2tensorrt/utils/py_utils.cc:38] TF-TRT Warning: Could not find TensorRT
AttributeError: 'MessageFactory' object has no attribute 'GetPrototype'
[info] total indices 749
[info] total variants 749
2.001 was filtered out as 96702046 C>T needs T but not covered
2.003 was filtered out as 96702046 C>T needs T but not covered
2.004 was filtered out as 96702046 C>T needs T but not covered
3.001 was filtered out as 96741052 A>C needs C but not covered
3.002 was filtered out as 96741052 A>C needs C but not covered
4.001 was filtered out as 96741053 T>C needs C but not covered
5.001 was filtered out as 96741057 C>G needs G but not covered
6.001 was filtered out as 96709039 delA needs N but not covered
7.001 was filtered out as 96698493 C>A needs A but not covered
8.001 was filtered out as 96702065 G>A needs A but not covered
8.002 was filtered out as 96702065 G>A needs A but not covered
8.003 was filtered out as 96702065 G>A needs A but not covered
8.004 was filtered out as 96702065 G>A needs A but not covered
8.005 was filtered out as 96702065 G>A needs A but not covered
9.001 was filtered out as 96708973 A>G needs G but not covered
10.001 was filtered out as 96709036 A>G needs G but not covered
11.001 was filtered out as 96740980 C>T needs T but not covered
11.002 was filtered out as 96740980 C>T needs T but not covered
12.001 was filtered out as 96748776 C>T needs T but not covered
13.001 was filtered out as 96701714 T>C needs C but not covered
14.001 was filtered out as 96701990 G>A needs A but not covered
15.001 was filtered out as 96707538 C>A needs A but not covered
16.001 was filtered out as 96731935 A>G needs G but not covered
17.001 was filtered out as 96741121 C>T needs T but not covered
18.001 was filtered out as 96741052 A>C needs C but not covered
19.001 was filtered out as 96748673 G>C needs C but not covered
20.001 was filtered out as 96701653 G>C needs C but not covered
21.001 was filtered out as 96698527 C>T needs T but not covered
22.001 was filtered out as 96698559 A>G needs G but not covered
23.001 was filtered out as 96701671 G>A needs A but not covered
24.001 was filtered out as 96741037 G>A needs A but not covered
25.001 was filtered out as 96701969 delAGAAATGGAA needs N but not covered
26.001 was filtered out as 96702005 C>G needs G but not covered
27.001 was filtered out as 96702065 G>T needs T but not covered
28.001 was filtered out as 96707694 A>T needs T but not covered
29.001 was filtered out as 96731875 C>A needs A but not covered
30.001 was filtered out as 96748740 G>A needs A but not covered
31.001 was filtered out as 96740957 T>C needs C but not covered
32.001 was filtered out as 96748779 G>T needs T but not covered
33.001 was filtered out as 96702011 G>A needs A but not covered
34.001 was filtered out as 96740981 G>A needs A but not covered
35.001 was filtered out as 96702046 C>T needs T but not covered
36.001 was filtered out as 96698439 A>G needs G but not covered
37.001 was filtered out as 96698584 A>G needs G but not covered
38.001 was filtered out as 96701732 G>C needs C but not covered
39.001 was filtered out as 96701738 G>T needs T but not covered
40.001 was filtered out as 96701774 T>C needs C but not covered
41.001 was filtered out as 96701972 A>G needs G but not covered
42.001 was filtered out as 96701987 G>A needs A but not covered
43.001 was filtered out as 96701986 C>T needs T but not covered
44.001 was filtered out as 96702005 C>T needs T but not covered
45.001 was filtered out as 96702010 C>T needs T but not covered
46.001 was filtered out as 96702061 G>A needs A but not covered
47.001 was filtered out as 96707541 C>T needs T but not covered
48.001 was filtered out as 96707673 T>C needs C but not covered
49.001 was filtered out as 96708885 A>G needs G but not covered
50.001 was filtered out as 96708900 C>T needs T but not covered
51.001 was filtered out as 96731890 A>G needs G but not covered
52.001 was filtered out as 96731936 C>G needs G but not covered
53.001 was filtered out as 96731989 C>T needs T but not covered
54.001 was filtered out as 96741006 C>A needs A but not covered
55.001 was filtered out as 96741058 C>A needs A but not covered
56.001 was filtered out as 96745798 A>G needs G but not covered
57.001 was filtered out as 96707663 A>C needs C but not covered
58.001 was filtered out as 96740986 C>A needs A but not covered
59.001 was filtered out as 96748611 A>T needs T but not covered
60.001 was filtered out as 96748711 T>C needs C but not covered
61.001 was filtered out as 96702046 C>T needs T but not covered
61.002 was filtered out as 96702046 C>T needs T but not covered
62.001 was filtered out as 96701989 C>T needs T but not covered
63.001 was filtered out as 96702047 G>A needs A but not covered
64.001 was filtered out as 96731879 C>G needs G but not covered
65.001 was filtered out as 96740955 G>T needs T but not covered
66.001 was filtered out as 96741061 C>G needs G but not covered
67.001 was filtered out as 96748608 C>T needs T but not covered
68.001 was filtered out as 96741052 A>C needs C but not covered
69.001 was filtered out as 96707625 A>G needs G but not covered
70.001 was filtered out as 96748636 G>T needs T but not covered
71.001 was filtered out as 96709036 A>G needs G but not covered
72.001 was filtered out as 96702062 C>T needs T but not covered
73.001 was filtered out as 96702064 C>T needs T but not covered
74.001 was filtered out as 96707695 G>T needs T but not covered
75.001 was filtered out as 96745892 A>C needs C but not covered
76.001 was filtered out as 96698556 G>A needs A but not covered
77.001 was filtered out as 96701731 G>A needs A but not covered
78.001 was filtered out as 96701999 T>G needs G but not covered
79.001 was filtered out as 96741014 C>T needs T but not covered
80.001 was filtered out as 96698475 T>G needs G but not covered
81.001 was filtered out as 96731939 A>T needs T but not covered
82.001 was filtered out as 96708901 C>T needs T but not covered
83.001 was filtered out as 96698544 C>T needs T but not covered
84.001 was filtered out as 96745930 G>C needs C but not covered
85.001 was filtered out as 96708919 delT needs N but not covered
[filter] CYP2C9 1.001 => 1.001; 1.002; 1.005; 1.006; 1.007; 1.008; 1.009; 1.010; 1.011; 1.012; 1.013
[filter] valid_alleles=11
Step 0: Loss=0.0785, CN=[2.0999167]
Step 100: Loss=0.0486, CN=[2.2580647]
Step 200: Loss=0.0486, CN=[2.2571194]
Step 300: Loss=0.0486, CN=[2.2571254]
Step 400: Loss=0.0486, CN=[2.2571254]

=== Fit ===
Region 0: obs=2.517, exp=2.257, diff=+0.260 
Region 1: obs=1.661, exp=2.257, diff=-0.596 *
Region 2: obs=1.887, exp=2.257, diff=-0.370 
Region 3: obs=2.166, exp=2.257, diff=-0.091 
Region 4: obs=2.286, exp=2.257, diff=+0.029 
Region 5: obs=1.957, exp=2.257, diff=-0.301 
Region 6: obs=2.034, exp=2.257, diff=-0.223 
Region 7: obs=2.259, exp=2.257, diff=+0.002 
Region 8: obs=2.565, exp=2.257, diff=+0.308 
Region 9: obs=2.039, exp=2.257, diff=-0.219 
Region 10: obs=1.905, exp=2.257, diff=-0.352 
Region 11: obs=2.327, exp=2.257, diff=+0.070 
Region 12: obs=2.438, exp=2.257, diff=+0.181 
Region 13: obs=2.420, exp=2.257, diff=+0.163 
Region 14: obs=2.417, exp=2.257, diff=+0.160 
Region 15: obs=2.354, exp=2.257, diff=+0.097 
Region 16: obs=2.609, exp=2.257, diff=+0.352 
Region 17: obs=2.602, exp=2.257, diff=+0.345 
Region 18: obs=1.970, exp=2.257, diff=-0.287 
Region 19: obs=2.134, exp=2.257, diff=-0.123 
Region 20: obs=3.144, exp=2.257, diff=+0.887 *

[Gene CN Results]
  CYP2C9: 2.26 → 2.25712513923645
Using device: cuda

=== Running VAE with seed 42 ===
Global Pooled JS: 0.000000
Seed 42, Step    0: Loss = 242.16 (Recon: 206.57, Allele KL: 7.89, Base KL: 1079.73, Functional KL: 0.00
Global Pooled JS: 0.000000
Seed 42, Step  500: Loss = 148.92 (Recon: 100.93, Allele KL: 19.91, Base KL: 4945.95, Functional KL: 0.00
Global Pooled JS: 0.000000
Seed 42, Step 1000: Loss = 144.48 (Recon: 99.64, Allele KL: 15.99, Base KL: 5030.12, Functional KL: 0.00
Global Pooled JS: 0.000000
Seed 42, Step 1500: Loss = 170.67 (Recon: 124.64, Allele KL: 17.40, Base KL: 4938.15, Functional KL: 0.00
Global Pooled JS: 0.000000
Seed 42, Step 2000: Loss = 146.21 (Recon: 93.01, Allele KL: 24.64, Base KL: 5021.52, Functional KL: 0.00
Global Pooled JS: 0.000000
Seed 42, Step 2500: Loss = 141.91 (Recon: 95.21, Allele KL: 18.04, Base KL: 5025.17, Functional KL: 0.00

Top Variants with Coverage Mismatches:
Rank   Variant                        Expected     Observed     Diff       |Div|       
------------------------------------------------------------------------------------------
New best model with final loss: 147.33

=== Running VAE with seed 123 ===
Global Pooled JS: 0.000000
Seed 123, Step    0: Loss = 345.64 (Recon: 303.20, Allele KL: 16.05, Base KL: 1588.62, Functional KL: 0.00
Global Pooled JS: 0.000000
Seed 123, Step  500: Loss = 143.98 (Recon: 95.57, Allele KL: 19.66, Base KL: 4960.29, Functional KL: 0.00
Global Pooled JS: 0.000000
Seed 123, Step 1000: Loss = 147.33 (Recon: 105.65, Allele KL: 12.51, Base KL: 5056.26, Functional KL: 0.00
Global Pooled JS: 0.000000
Seed 123, Step 1500: Loss = 145.93 (Recon: 101.00, Allele KL: 16.11, Base KL: 5097.20, Functional KL: 0.00
Global Pooled JS: 0.000000
Seed 123, Step 2000: Loss = 142.84 (Recon: 97.03, Allele KL: 17.11, Base KL: 4941.80, Functional KL: 0.00
Global Pooled JS: 0.000000
Seed 123, Step 2500: Loss = 143.10 (Recon: 98.02, Allele KL: 16.07, Base KL: 5156.02, Functional KL: 0.00

Top Variants with Coverage Mismatches:
Rank   Variant                        Expected     Observed     Diff       |Div|       
------------------------------------------------------------------------------------------

=== Running VAE with seed 456 ===
Global Pooled JS: 0.000000
Seed 456, Step    0: Loss = 222.84 (Recon: 178.51, Allele KL: 15.69, Base KL: 1301.80, Functional KL: 0.00
Global Pooled JS: 0.000000
Seed 456, Step  500: Loss = 144.68 (Recon: 98.21, Allele KL: 17.59, Base KL: 5051.13, Functional KL: 0.00
Global Pooled JS: 0.000000
Seed 456, Step 1000: Loss = 142.67 (Recon: 100.43, Allele KL: 13.17, Base KL: 5125.38, Functional KL: 0.00
Global Pooled JS: 0.000000
Seed 456, Step 1500: Loss = 147.66 (Recon: 101.98, Allele KL: 16.89, Base KL: 5022.70, Functional KL: 0.00
Global Pooled JS: 0.000000
Seed 456, Step 2000: Loss = 141.39 (Recon: 95.88, Allele KL: 16.92, Base KL: 5021.86, Functional KL: 0.00
Global Pooled JS: 0.000000
Seed 456, Step 2500: Loss = 147.44 (Recon: 101.16, Allele KL: 17.27, Base KL: 5068.38, Functional KL: 0.00

Top Variants with Coverage Mismatches:
Rank   Variant                        Expected     Observed     Diff       |Div|       
------------------------------------------------------------------------------------------

=== Multi-Seed VAE Results ===
Best model had seed 42 with final loss: 147.33
All seeds final losses:
  Seed 42: Total=147.33 (Recon=102.90, A_KL=15.28, B_KL=4869.06) <- Best
  Seed 123: Total=150.59 (Recon=106.05, A_KL=15.40, B_KL=4915.42)
  Seed 456: Total=149.81 (Recon=105.87, A_KL=14.84, B_KL=5027.61)
[time] run_vae took 117.55s (2,701.49609375 MB; 2,701.49609375 MB)

[Raw]:
CYP2C9*1: Normalized=1.0000, Unnormalized=1.00

[Alleles]
CYP2C9*1
CYP2C9*1
	Command being timed: "python cyp.py CYP2C9 /project/shared/aldy-data/wgs/NA18617.wgs.cram"
	User time (seconds): 114.49
	System time (seconds): 15.51
	Percent of CPU this job got: 99%
	Elapsed (wall clock) time (h:mm:ss or m:ss): 2:10.82
	Average shared text size (kbytes): 0
	Average unshared data size (kbytes): 0
	Average stack size (kbytes): 0
	Average total size (kbytes): 0
	Maximum resident set size (kbytes): 2766596
	Average resident set size (kbytes): 0
	Major (requiring I/O) page faults: 0
	Minor (reclaiming a frame) page faults: 1004975
	Voluntary context switches: 22427
	Involuntary context switches: 201
	Swaps: 0
	File system inputs: 0
	File system outputs: 48
	Socket messages sent: 0
	Socket messages received: 0
	Signals delivered: 0
	Page size (bytes): 4096
	Exit status: 0
