2026-05-15 23:31:24.451414: I tensorflow/core/util/port.cc:111] oneDNN custom operations are on. You may see slightly different numerical results due to floating-point round-off errors from different computation orders. To turn them off, set the environment variable `TF_ENABLE_ONEDNN_OPTS=0`.
2026-05-15 23:31:24.490520: E tensorflow/compiler/xla/stream_executor/cuda/cuda_dnn.cc:9342] Unable to register cuDNN factory: Attempting to register factory for plugin cuDNN when one has already been registered
2026-05-15 23:31:24.490693: E tensorflow/compiler/xla/stream_executor/cuda/cuda_fft.cc:609] Unable to register cuFFT factory: Attempting to register factory for plugin cuFFT when one has already been registered
2026-05-15 23:31:24.490836: E tensorflow/compiler/xla/stream_executor/cuda/cuda_blas.cc:1518] Unable to register cuBLAS factory: Attempting to register factory for plugin cuBLAS when one has already been registered
2026-05-15 23:31:24.499727: I tensorflow/core/platform/cpu_feature_guard.cc:182] This TensorFlow binary is optimized to use available CPU instructions in performance-critical operations.
To enable the following instructions: AVX2 AVX512F AVX512_VNNI FMA, in other operations, rebuild TensorFlow with the appropriate compiler flags.
AttributeError: 'MessageFactory' object has no attribute 'GetPrototype'
2026-05-15 23:31:25.602679: W tensorflow/compiler/tf2tensorrt/utils/py_utils.cc:38] TF-TRT Warning: Could not find TensorRT
AttributeError: 'MessageFactory' object has no attribute 'GetPrototype'
[info] total indices 749
[info] total variants 749
2.001 was filtered out as 96702046 C>T needs T but not covered
2.003 was filtered out as 96702046 C>T needs T but not covered
2.004 was filtered out as 96702046 C>T needs T but not covered
3.001 was filtered out as 96741052 A>C needs C but not covered
3.002 was filtered out as 96741052 A>C needs C but not covered
4.001 was filtered out as 96741053 T>C needs C but not covered
5.001 was filtered out as 96741057 C>G needs G but not covered
7.001 was filtered out as 96698493 C>A needs A but not covered
8.001 was filtered out as 96702065 G>A needs A but not covered
8.002 was filtered out as 96702065 G>A needs A but not covered
8.003 was filtered out as 96702065 G>A needs A but not covered
8.004 was filtered out as 96702065 G>A needs A but not covered
8.005 was filtered out as 96702065 G>A needs A but not covered
9.001 was filtered out as 96708973 A>G needs G but not covered
10.001 was filtered out as 96709036 A>G needs G but not covered
11.001 was filtered out as 96740980 C>T needs T but not covered
11.002 was filtered out as 96740980 C>T needs T but not covered
12.001 was filtered out as 96748776 C>T needs T but not covered
13.001 was filtered out as 96701714 T>C needs C but not covered
14.001 was filtered out as 96701990 G>A needs A but not covered
15.001 was filtered out as 96707538 C>A needs A but not covered
16.001 was filtered out as 96731935 A>G needs G but not covered
17.001 was filtered out as 96741121 C>T needs T but not covered
18.001 was filtered out as 96741052 A>C needs C but not covered
19.001 was filtered out as 96748673 G>C needs C but not covered
20.001 was filtered out as 96701653 G>C needs C but not covered
21.001 was filtered out as 96698527 C>T needs T but not covered
22.001 was filtered out as 96698559 A>G needs G but not covered
23.001 was filtered out as 96701671 G>A needs A but not covered
24.001 was filtered out as 96741037 G>A needs A but not covered
25.001 was filtered out as 96701969 delAGAAATGGAA needs N but not covered
26.001 was filtered out as 96702005 C>G needs G but not covered
27.001 was filtered out as 96702065 G>T needs T but not covered
28.001 was filtered out as 96707694 A>T needs T but not covered
29.001 was filtered out as 96731875 C>A needs A but not covered
30.001 was filtered out as 96748740 G>A needs A but not covered
31.001 was filtered out as 96740957 T>C needs C but not covered
32.001 was filtered out as 96748779 G>T needs T but not covered
33.001 was filtered out as 96702011 G>A needs A but not covered
34.001 was filtered out as 96740981 G>A needs A but not covered
35.001 was filtered out as 96702046 C>T needs T but not covered
36.001 was filtered out as 96698439 A>G needs G but not covered
37.001 was filtered out as 96698584 A>G needs G but not covered
38.001 was filtered out as 96701732 G>C needs C but not covered
39.001 was filtered out as 96701738 G>T needs T but not covered
40.001 was filtered out as 96701774 T>C needs C but not covered
41.001 was filtered out as 96701972 A>G needs G but not covered
42.001 was filtered out as 96701987 G>A needs A but not covered
43.001 was filtered out as 96701986 C>T needs T but not covered
44.001 was filtered out as 96702005 C>T needs T but not covered
45.001 was filtered out as 96702010 C>T needs T but not covered
46.001 was filtered out as 96702061 G>A needs A but not covered
47.001 was filtered out as 96707541 C>T needs T but not covered
48.001 was filtered out as 96707673 T>C needs C but not covered
49.001 was filtered out as 96708885 A>G needs G but not covered
50.001 was filtered out as 96708900 C>T needs T but not covered
51.001 was filtered out as 96731890 A>G needs G but not covered
52.001 was filtered out as 96731936 C>G needs G but not covered
53.001 was filtered out as 96731989 C>T needs T but not covered
54.001 was filtered out as 96741006 C>A needs A but not covered
55.001 was filtered out as 96741058 C>A needs A but not covered
56.001 was filtered out as 96745798 A>G needs G but not covered
57.001 was filtered out as 96707663 A>C needs C but not covered
58.001 was filtered out as 96740986 C>A needs A but not covered
59.001 was filtered out as 96748611 A>T needs T but not covered
60.001 was filtered out as 96748711 T>C needs C but not covered
61.001 was filtered out as 96702046 C>T needs T but not covered
61.002 was filtered out as 96702046 C>T needs T but not covered
62.001 was filtered out as 96701989 C>T needs T but not covered
63.001 was filtered out as 96702047 G>A needs A but not covered
64.001 was filtered out as 96731879 C>G needs G but not covered
65.001 was filtered out as 96740955 G>T needs T but not covered
66.001 was filtered out as 96741061 C>G needs G but not covered
67.001 was filtered out as 96748608 C>T needs T but not covered
68.001 was filtered out as 96741052 A>C needs C but not covered
69.001 was filtered out as 96707625 A>G needs G but not covered
70.001 was filtered out as 96748636 G>T needs T but not covered
71.001 was filtered out as 96709036 A>G needs G but not covered
72.001 was filtered out as 96702062 C>T needs T but not covered
73.001 was filtered out as 96702064 C>T needs T but not covered
74.001 was filtered out as 96707695 G>T needs T but not covered
75.001 was filtered out as 96745892 A>C needs C but not covered
76.001 was filtered out as 96698556 G>A needs A but not covered
77.001 was filtered out as 96701731 G>A needs A but not covered
78.001 was filtered out as 96701999 T>G needs G but not covered
79.001 was filtered out as 96741014 C>T needs T but not covered
80.001 was filtered out as 96698475 T>G needs G but not covered
81.001 was filtered out as 96731939 A>T needs T but not covered
82.001 was filtered out as 96708901 C>T needs T but not covered
83.001 was filtered out as 96698544 C>T needs T but not covered
84.001 was filtered out as 96745930 G>C needs C but not covered
85.001 was filtered out as 96708919 delT needs N but not covered
[filter] CYP2C9 1.001 => 1.001; 1.002; 1.005; 1.006; 1.007; 1.008; 1.009; 1.010; 1.011; 1.012; 1.013
[filter] CYP2C9 6.001 => 6.001
[filter] valid_alleles=12
Step 0: Loss=0.1595, CN=[2.0999167]
Step 100: Loss=0.0527, CN=[2.5220346]
Step 200: Loss=0.0527, CN=[2.5200667]
Step 300: Loss=0.0527, CN=[2.5200624]
Step 400: Loss=0.0527, CN=[2.5200624]

=== Fit ===
Region 0: obs=2.520, exp=2.520, diff=-0.000 
Region 1: obs=2.306, exp=2.520, diff=-0.214 
Region 2: obs=2.891, exp=2.520, diff=+0.371 
Region 3: obs=2.145, exp=2.520, diff=-0.375 
Region 4: obs=2.137, exp=2.520, diff=-0.383 
Region 5: obs=2.020, exp=2.520, diff=-0.500 
Region 6: obs=2.254, exp=2.520, diff=-0.266 
Region 7: obs=2.531, exp=2.520, diff=+0.011 
Region 8: obs=2.743, exp=2.520, diff=+0.223 
Region 9: obs=2.978, exp=2.520, diff=+0.458 
Region 10: obs=2.996, exp=2.520, diff=+0.476 
Region 11: obs=2.481, exp=2.520, diff=-0.039 
Region 12: obs=2.579, exp=2.520, diff=+0.059 
Region 13: obs=2.436, exp=2.520, diff=-0.084 
Region 14: obs=1.931, exp=2.520, diff=-0.589 *
Region 15: obs=2.565, exp=2.520, diff=+0.045 
Region 16: obs=2.442, exp=2.520, diff=-0.078 
Region 17: obs=2.493, exp=2.520, diff=-0.027 
Region 18: obs=2.485, exp=2.520, diff=-0.036 
Region 19: obs=2.878, exp=2.520, diff=+0.358 
Region 20: obs=3.218, exp=2.520, diff=+0.698 *

[Gene CN Results]
  CYP2C9: 2.52 → 2.5200624465942383
Using device: cuda

=== Running VAE with seed 42 ===
Global Pooled JS: 0.015555
Seed 42, Step    0: Loss = 209.50 (Recon: 162.60, Allele KL: 19.26, Base KL: 1629.49, Functional KL: 0.02
Global Pooled JS: 0.003242
Seed 42, Step  500: Loss = 146.94 (Recon: 98.39, Allele KL: 20.90, Base KL: 4966.26, Functional KL: 0.00
Global Pooled JS: 0.005366
Seed 42, Step 1000: Loss = 145.34 (Recon: 99.81, Allele KL: 17.27, Base KL: 5072.74, Functional KL: 0.01
Global Pooled JS: 0.026951
Seed 42, Step 1500: Loss = 157.47 (Recon: 107.67, Allele KL: 21.06, Base KL: 5158.52, Functional KL: 0.03
Global Pooled JS: 0.010181
Seed 42, Step 2000: Loss = 147.21 (Recon: 100.64, Allele KL: 17.97, Base KL: 5186.96, Functional KL: 0.01
Global Pooled JS: 0.014896
Seed 42, Step 2500: Loss = 144.02 (Recon: 97.90, Allele KL: 17.82, Base KL: 5270.32, Functional KL: 0.01

Top Variants with Coverage Mismatches:
Rank   Variant                        Expected     Observed     Diff       |Div|       
------------------------------------------------------------------------------------------
1      CYP2C9:96709039→G              0.10         0.00         0.10       0.000687    
2      CYP2C9:96709039→C              0.10         0.00         0.10       0.000685    
3      CYP2C9:96709039→P              0.10         0.00         0.10       0.000678    
4      CYP2C9:96709039→M              0.10         0.00         0.10       0.000659    
5      CYP2C9:96709039→T              0.10         0.00         0.10       0.000657    
6      CYP2C9:96709039→N              15.34        20.00        -4.66      0.000218    
7      CYP2C9:96709039→A              35.93        53.00        -17.07     0.000180    
New best model with final loss: 152.48

=== Running VAE with seed 123 ===
Global Pooled JS: 0.039559
Seed 123, Step    0: Loss = 281.44 (Recon: 243.34, Allele KL: 9.99, Base KL: 2043.05, Functional KL: 0.04
Global Pooled JS: 0.006005
Seed 123, Step  500: Loss = 144.98 (Recon: 100.19, Allele KL: 16.11, Base KL: 5192.51, Functional KL: 0.01
Global Pooled JS: 0.007502
Seed 123, Step 1000: Loss = 152.81 (Recon: 108.97, Allele KL: 15.13, Base KL: 5220.52, Functional KL: 0.01
Global Pooled JS: 0.006797
Seed 123, Step 1500: Loss = 146.52 (Recon: 100.92, Allele KL: 17.26, Base KL: 5149.86, Functional KL: 0.01
Global Pooled JS: 0.003024
Seed 123, Step 2000: Loss = 145.51 (Recon: 100.16, Allele KL: 16.87, Base KL: 5327.61, Functional KL: 0.00
Global Pooled JS: 0.003863
Seed 123, Step 2500: Loss = 144.84 (Recon: 99.67, Allele KL: 16.36, Base KL: 5437.42, Functional KL: 0.00

Top Variants with Coverage Mismatches:
Rank   Variant                        Expected     Observed     Diff       |Div|       
------------------------------------------------------------------------------------------
1      CYP2C9:96709039→N              19.93        20.00        -0.07      0.004704    
2      CYP2C9:96709039→A              31.17        53.00        -21.83     0.002890    
3      CYP2C9:96709039→M              0.14         0.00         0.14       0.000905    
4      CYP2C9:96709039→C              0.13         0.00         0.13       0.000893    
5      CYP2C9:96709039→G              0.13         0.00         0.13       0.000880    
6      CYP2C9:96709039→T              0.13         0.00         0.13       0.000877    
7      CYP2C9:96709039→P              0.13         0.00         0.13       0.000856    
New best model with final loss: 150.57

=== Running VAE with seed 456 ===
Global Pooled JS: 0.078629
Seed 456, Step    0: Loss = 283.90 (Recon: 230.11, Allele KL: 25.58, Base KL: 2187.12, Functional KL: 0.08
Global Pooled JS: 0.003404
Seed 456, Step  500: Loss = 146.69 (Recon: 98.40, Allele KL: 20.04, Base KL: 5084.81, Functional KL: 0.00
Global Pooled JS: 0.003214
Seed 456, Step 1000: Loss = 144.22 (Recon: 104.44, Allele KL: 10.93, Base KL: 5257.07, Functional KL: 0.00
Global Pooled JS: 0.004136
Seed 456, Step 1500: Loss = 152.22 (Recon: 109.08, Allele KL: 14.37, Base KL: 5360.00, Functional KL: 0.00
Global Pooled JS: 0.003471
Seed 456, Step 2000: Loss = 145.26 (Recon: 99.86, Allele KL: 17.07, Base KL: 5311.73, Functional KL: 0.00
Global Pooled JS: 0.022483
Seed 456, Step 2500: Loss = 150.19 (Recon: 103.34, Allele KL: 18.58, Base KL: 5165.92, Functional KL: 0.02

Top Variants with Coverage Mismatches:
Rank   Variant                        Expected     Observed     Diff       |Div|       
------------------------------------------------------------------------------------------
1      CYP2C9:96709039→N              16.68        20.00        -3.32      0.000975    
2      CYP2C9:96709039→G              0.11         0.00         0.11       0.000737    
3      CYP2C9:96709039→C              0.11         0.00         0.11       0.000733    
4      CYP2C9:96709039→M              0.11         0.00         0.11       0.000719    
5      CYP2C9:96709039→P              0.11         0.00         0.11       0.000711    
6      CYP2C9:96709039→T              0.10         0.00         0.10       0.000697    
7      CYP2C9:96709039→A              34.55        53.00        -18.45     0.000615    
New best model with final loss: 148.45

=== Multi-Seed VAE Results ===
Best model had seed 456 with final loss: 148.45
All seeds final losses:
  Seed 42: Total=152.48 (Recon=107.79, A_KL=15.83, B_KL=5471.09)
  Seed 123: Total=150.57 (Recon=105.09, A_KL=16.66, B_KL=5191.36)
  Seed 456: Total=148.45 (Recon=105.97, A_KL=13.68, B_KL=5280.40) <- Best
[time] run_vae took 115.93s (2,708.91796875 MB; 2,708.91796875 MB)

[Raw]:
CYP2C9*1: Normalized=0.6653, Unnormalized=0.67
CYP2C9*6: Normalized=0.3347, Unnormalized=0.33

[Alleles]
CYP2C9*1
CYP2C9*6
	Command being timed: "python cyp.py CYP2C9 /project/shared/aldy-data/wgs/NA19213.wgs.cram"
	User time (seconds): 110.34
	System time (seconds): 16.36
	Percent of CPU this job got: 99%
	Elapsed (wall clock) time (h:mm:ss or m:ss): 2:07.21
	Average shared text size (kbytes): 0
	Average unshared data size (kbytes): 0
	Average stack size (kbytes): 0
	Average total size (kbytes): 0
	Maximum resident set size (kbytes): 2773968
	Average resident set size (kbytes): 0
	Major (requiring I/O) page faults: 0
	Minor (reclaiming a frame) page faults: 931263
	Voluntary context switches: 24452
	Involuntary context switches: 141
	Swaps: 0
	File system inputs: 0
	File system outputs: 48
	Socket messages sent: 0
	Socket messages received: 0
	Signals delivered: 0
	Page size (bytes): 4096
	Exit status: 0
