2026-05-15 23:22:35.559591: I tensorflow/core/util/port.cc:111] oneDNN custom operations are on. You may see slightly different numerical results due to floating-point round-off errors from different computation orders. To turn them off, set the environment variable `TF_ENABLE_ONEDNN_OPTS=0`.
2026-05-15 23:22:35.599836: E tensorflow/compiler/xla/stream_executor/cuda/cuda_dnn.cc:9342] Unable to register cuDNN factory: Attempting to register factory for plugin cuDNN when one has already been registered
2026-05-15 23:22:35.600011: E tensorflow/compiler/xla/stream_executor/cuda/cuda_fft.cc:609] Unable to register cuFFT factory: Attempting to register factory for plugin cuFFT when one has already been registered
2026-05-15 23:22:35.600149: E tensorflow/compiler/xla/stream_executor/cuda/cuda_blas.cc:1518] Unable to register cuBLAS factory: Attempting to register factory for plugin cuBLAS when one has already been registered
2026-05-15 23:22:35.615079: I tensorflow/core/platform/cpu_feature_guard.cc:182] This TensorFlow binary is optimized to use available CPU instructions in performance-critical operations.
To enable the following instructions: AVX2 AVX512F AVX512_VNNI FMA, in other operations, rebuild TensorFlow with the appropriate compiler flags.
AttributeError: 'MessageFactory' object has no attribute 'GetPrototype'
2026-05-15 23:22:36.734233: W tensorflow/compiler/tf2tensorrt/utils/py_utils.cc:38] TF-TRT Warning: Could not find TensorRT
AttributeError: 'MessageFactory' object has no attribute 'GetPrototype'
[info] total indices 749
[info] total variants 749
2.001 was filtered out as 96702046 C>T needs T but not covered
2.003 was filtered out as 96702046 C>T needs T but not covered
2.004 was filtered out as 96702046 C>T needs T but not covered
3.001 was filtered out as 96741052 A>C needs C but not covered
3.002 was filtered out as 96741052 A>C needs C but not covered
4.001 was filtered out as 96741053 T>C needs C but not covered
5.001 was filtered out as 96741057 C>G needs G but not covered
6.001 was filtered out as 96709039 delA needs N but not covered
7.001 was filtered out as 96698493 C>A needs A but not covered
8.001 was filtered out as 96702065 G>A needs A but not covered
8.002 was filtered out as 96702065 G>A needs A but not covered
8.003 was filtered out as 96702065 G>A needs A but not covered
8.004 was filtered out as 96702065 G>A needs A but not covered
8.005 was filtered out as 96702065 G>A needs A but not covered
9.001 was filtered out as 96708973 A>G needs G but not covered
10.001 was filtered out as 96709036 A>G needs G but not covered
11.001 was filtered out as 96740980 C>T needs T but not covered
11.002 was filtered out as 96740980 C>T needs T but not covered
12.001 was filtered out as 96748776 C>T needs T but not covered
13.001 was filtered out as 96701714 T>C needs C but not covered
14.001 was filtered out as 96701990 G>A needs A but not covered
15.001 was filtered out as 96707538 C>A needs A but not covered
16.001 was filtered out as 96731935 A>G needs G but not covered
17.001 was filtered out as 96741121 C>T needs T but not covered
18.001 was filtered out as 96741052 A>C needs C but not covered
19.001 was filtered out as 96748673 G>C needs C but not covered
20.001 was filtered out as 96701653 G>C needs C but not covered
21.001 was filtered out as 96698527 C>T needs T but not covered
22.001 was filtered out as 96698559 A>G needs G but not covered
23.001 was filtered out as 96701671 G>A needs A but not covered
24.001 was filtered out as 96741037 G>A needs A but not covered
25.001 was filtered out as 96701969 delAGAAATGGAA needs N but not covered
26.001 was filtered out as 96702005 C>G needs G but not covered
27.001 was filtered out as 96702065 G>T needs T but not covered
28.001 was filtered out as 96707694 A>T needs T but not covered
29.001 was filtered out as 96731875 C>A needs A but not covered
30.001 was filtered out as 96748740 G>A needs A but not covered
31.001 was filtered out as 96740957 T>C needs C but not covered
32.001 was filtered out as 96748779 G>T needs T but not covered
33.001 was filtered out as 96702011 G>A needs A but not covered
34.001 was filtered out as 96740981 G>A needs A but not covered
35.001 was filtered out as 96702046 C>T needs T but not covered
36.001 was filtered out as 96698439 A>G needs G but not covered
37.001 was filtered out as 96698584 A>G needs G but not covered
38.001 was filtered out as 96701732 G>C needs C but not covered
39.001 was filtered out as 96701738 G>T needs T but not covered
40.001 was filtered out as 96701774 T>C needs C but not covered
41.001 was filtered out as 96701972 A>G needs G but not covered
42.001 was filtered out as 96701987 G>A needs A but not covered
43.001 was filtered out as 96701986 C>T needs T but not covered
44.001 was filtered out as 96702005 C>T needs T but not covered
45.001 was filtered out as 96702010 C>T needs T but not covered
46.001 was filtered out as 96702061 G>A needs A but not covered
47.001 was filtered out as 96707541 C>T needs T but not covered
48.001 was filtered out as 96707673 T>C needs C but not covered
49.001 was filtered out as 96708885 A>G needs G but not covered
50.001 was filtered out as 96708900 C>T needs T but not covered
51.001 was filtered out as 96731890 A>G needs G but not covered
52.001 was filtered out as 96731936 C>G needs G but not covered
53.001 was filtered out as 96731989 C>T needs T but not covered
54.001 was filtered out as 96741006 C>A needs A but not covered
55.001 was filtered out as 96741058 C>A needs A but not covered
56.001 was filtered out as 96745798 A>G needs G but not covered
57.001 was filtered out as 96707663 A>C needs C but not covered
58.001 was filtered out as 96740986 C>A needs A but not covered
59.001 was filtered out as 96748611 A>T needs T but not covered
60.001 was filtered out as 96748711 T>C needs C but not covered
61.001 was filtered out as 96702046 C>T needs T but not covered
61.002 was filtered out as 96702046 C>T needs T but not covered
62.001 was filtered out as 96701989 C>T needs T but not covered
63.001 was filtered out as 96702047 G>A needs A but not covered
64.001 was filtered out as 96731879 C>G needs G but not covered
65.001 was filtered out as 96740955 G>T needs T but not covered
66.001 was filtered out as 96741061 C>G needs G but not covered
67.001 was filtered out as 96748608 C>T needs T but not covered
68.001 was filtered out as 96741052 A>C needs C but not covered
69.001 was filtered out as 96707625 A>G needs G but not covered
70.001 was filtered out as 96748636 G>T needs T but not covered
71.001 was filtered out as 96709036 A>G needs G but not covered
72.001 was filtered out as 96702062 C>T needs T but not covered
73.001 was filtered out as 96702064 C>T needs T but not covered
74.001 was filtered out as 96707695 G>T needs T but not covered
75.001 was filtered out as 96745892 A>C needs C but not covered
76.001 was filtered out as 96698556 G>A needs A but not covered
77.001 was filtered out as 96701731 G>A needs A but not covered
78.001 was filtered out as 96701999 T>G needs G but not covered
79.001 was filtered out as 96741014 C>T needs T but not covered
80.001 was filtered out as 96698475 T>G needs G but not covered
81.001 was filtered out as 96731939 A>T needs T but not covered
82.001 was filtered out as 96708901 C>T needs T but not covered
83.001 was filtered out as 96698544 C>T needs T but not covered
84.001 was filtered out as 96745930 G>C needs C but not covered
85.001 was filtered out as 96708919 delT needs N but not covered
[filter] CYP2C9 1.001 => 1.001; 1.002; 1.005; 1.006; 1.007; 1.008; 1.009; 1.010; 1.011; 1.012; 1.013
[filter] valid_alleles=11
Step 0: Loss=0.1448, CN=[2.0999167]
Step 100: Loss=0.0482, CN=[2.4851427]
Step 200: Loss=0.0482, CN=[2.4851077]
Step 300: Loss=0.0482, CN=[2.4851186]
Step 400: Loss=0.0482, CN=[2.4851186]

=== Fit ===
Region 0: obs=2.550, exp=2.485, diff=+0.065 
Region 1: obs=2.158, exp=2.485, diff=-0.327 
Region 2: obs=2.623, exp=2.485, diff=+0.138 
Region 3: obs=2.255, exp=2.485, diff=-0.231 
Region 4: obs=2.115, exp=2.485, diff=-0.370 
Region 5: obs=2.523, exp=2.485, diff=+0.038 
Region 6: obs=2.770, exp=2.485, diff=+0.285 
Region 7: obs=2.519, exp=2.485, diff=+0.034 
Region 8: obs=2.906, exp=2.485, diff=+0.421 
Region 9: obs=2.591, exp=2.485, diff=+0.106 
Region 10: obs=3.143, exp=2.485, diff=+0.658 *
Region 11: obs=2.344, exp=2.485, diff=-0.141 
Region 12: obs=2.920, exp=2.485, diff=+0.435 
Region 13: obs=2.482, exp=2.485, diff=-0.003 
Region 14: obs=2.106, exp=2.485, diff=-0.379 
Region 15: obs=2.361, exp=2.485, diff=-0.125 
Region 16: obs=2.024, exp=2.485, diff=-0.461 
Region 17: obs=2.213, exp=2.485, diff=-0.272 
Region 18: obs=2.108, exp=2.485, diff=-0.377 
Region 19: obs=2.763, exp=2.485, diff=+0.278 
Region 20: obs=2.871, exp=2.485, diff=+0.385 

[Gene CN Results]
  CYP2C9: 2.49 → 2.485118865966797
Using device: cuda

=== Running VAE with seed 42 ===
Global Pooled JS: 0.000000
Seed 42, Step    0: Loss = 375.78 (Recon: 338.39, Allele KL: 9.56, Base KL: 1386.42, Functional KL: 0.00
Global Pooled JS: 0.000000
Seed 42, Step  500: Loss = 151.31 (Recon: 103.19, Allele KL: 19.62, Base KL: 4565.57, Functional KL: 0.00
Global Pooled JS: 0.000000
Seed 42, Step 1000: Loss = 150.57 (Recon: 102.45, Allele KL: 19.66, Base KL: 4635.12, Functional KL: 0.00
Global Pooled JS: 0.000000
Seed 42, Step 1500: Loss = 149.47 (Recon: 100.52, Allele KL: 20.09, Base KL: 4800.63, Functional KL: 0.00
Global Pooled JS: 0.000000
Seed 42, Step 2000: Loss = 150.36 (Recon: 104.55, Allele KL: 16.58, Base KL: 4895.78, Functional KL: 0.00
Global Pooled JS: 0.000000
Seed 42, Step 2500: Loss = 148.30 (Recon: 105.32, Allele KL: 14.06, Base KL: 4754.85, Functional KL: 0.00

Top Variants with Coverage Mismatches:
Rank   Variant                        Expected     Observed     Diff       |Div|       
------------------------------------------------------------------------------------------
New best model with final loss: 154.31

=== Running VAE with seed 123 ===
Global Pooled JS: 0.000000
Seed 123, Step    0: Loss = 441.27 (Recon: 395.14, Allele KL: 19.42, Base KL: 1819.89, Functional KL: 0.00
Global Pooled JS: 0.000000
Seed 123, Step  500: Loss = 151.22 (Recon: 106.10, Allele KL: 15.82, Base KL: 4675.62, Functional KL: 0.00
Global Pooled JS: 0.000000
Seed 123, Step 1000: Loss = 169.88 (Recon: 129.52, Allele KL: 10.60, Base KL: 4716.66, Functional KL: 0.00
Global Pooled JS: 0.000000
Seed 123, Step 1500: Loss = 156.54 (Recon: 110.89, Allele KL: 16.94, Base KL: 4694.77, Functional KL: 0.00
Global Pooled JS: 0.000000
Seed 123, Step 2000: Loss = 151.69 (Recon: 106.32, Allele KL: 16.37, Base KL: 4733.32, Functional KL: 0.00
Global Pooled JS: 0.000000
Seed 123, Step 2500: Loss = 150.46 (Recon: 101.59, Allele KL: 20.00, Base KL: 4887.90, Functional KL: 0.00

Top Variants with Coverage Mismatches:
Rank   Variant                        Expected     Observed     Diff       |Div|       
------------------------------------------------------------------------------------------
New best model with final loss: 150.01

=== Running VAE with seed 456 ===
Global Pooled JS: 0.000000
Seed 456, Step    0: Loss = 227.65 (Recon: 177.37, Allele KL: 21.23, Base KL: 1687.41, Functional KL: 0.00
Global Pooled JS: 0.000000
Seed 456, Step  500: Loss = 155.53 (Recon: 110.22, Allele KL: 16.51, Base KL: 4722.11, Functional KL: 0.00
Global Pooled JS: 0.000000
Seed 456, Step 1000: Loss = 158.24 (Recon: 114.18, Allele KL: 15.24, Base KL: 4869.20, Functional KL: 0.00
Global Pooled JS: 0.000000
Seed 456, Step 1500: Loss = 156.15 (Recon: 112.70, Allele KL: 14.42, Base KL: 4810.65, Functional KL: 0.00
Global Pooled JS: 0.000000
Seed 456, Step 2000: Loss = 149.56 (Recon: 106.15, Allele KL: 14.10, Base KL: 4832.92, Functional KL: 0.00
Global Pooled JS: 0.000000
Seed 456, Step 2500: Loss = 152.14 (Recon: 110.10, Allele KL: 13.15, Base KL: 4743.70, Functional KL: 0.00

Top Variants with Coverage Mismatches:
Rank   Variant                        Expected     Observed     Diff       |Div|       
------------------------------------------------------------------------------------------

=== Multi-Seed VAE Results ===
Best model had seed 123 with final loss: 150.01
All seeds final losses:
  Seed 42: Total=154.31 (Recon=111.44, A_KL=13.35, B_KL=4711.71)
  Seed 123: Total=150.01 (Recon=104.69, A_KL=16.55, B_KL=4683.11) <- Best
  Seed 456: Total=152.61 (Recon=107.16, A_KL=16.53, B_KL=4604.71)
[time] run_vae took 108.14s (2,703.83984375 MB; 2,703.83984375 MB)

[Raw]:
CYP2C9*1: Normalized=1.0000, Unnormalized=1.00

[Alleles]
CYP2C9*1
CYP2C9*1
	Command being timed: "python cyp.py CYP2C9 /project/shared/aldy-data/wgs/NA19095.wgs.cram"
	User time (seconds): 105.79
	System time (seconds): 13.48
	Percent of CPU this job got: 99%
	Elapsed (wall clock) time (h:mm:ss or m:ss): 1:59.79
	Average shared text size (kbytes): 0
	Average unshared data size (kbytes): 0
	Average stack size (kbytes): 0
	Average total size (kbytes): 0
	Maximum resident set size (kbytes): 2768744
	Average resident set size (kbytes): 0
	Major (requiring I/O) page faults: 0
	Minor (reclaiming a frame) page faults: 794756
	Voluntary context switches: 24388
	Involuntary context switches: 4027
	Swaps: 0
	File system inputs: 0
	File system outputs: 48
	Socket messages sent: 0
	Socket messages received: 0
	Signals delivered: 0
	Page size (bytes): 4096
	Exit status: 0
