2026-05-15 23:39:35.283606: I tensorflow/core/util/port.cc:111] oneDNN custom operations are on. You may see slightly different numerical results due to floating-point round-off errors from different computation orders. To turn them off, set the environment variable `TF_ENABLE_ONEDNN_OPTS=0`.
2026-05-15 23:39:35.323651: E tensorflow/compiler/xla/stream_executor/cuda/cuda_dnn.cc:9342] Unable to register cuDNN factory: Attempting to register factory for plugin cuDNN when one has already been registered
2026-05-15 23:39:35.323821: E tensorflow/compiler/xla/stream_executor/cuda/cuda_fft.cc:609] Unable to register cuFFT factory: Attempting to register factory for plugin cuFFT when one has already been registered
2026-05-15 23:39:35.323970: E tensorflow/compiler/xla/stream_executor/cuda/cuda_blas.cc:1518] Unable to register cuBLAS factory: Attempting to register factory for plugin cuBLAS when one has already been registered
2026-05-15 23:39:35.333076: I tensorflow/core/platform/cpu_feature_guard.cc:182] This TensorFlow binary is optimized to use available CPU instructions in performance-critical operations.
To enable the following instructions: AVX2 AVX512F AVX512_VNNI FMA, in other operations, rebuild TensorFlow with the appropriate compiler flags.
AttributeError: 'MessageFactory' object has no attribute 'GetPrototype'
2026-05-15 23:39:36.418586: W tensorflow/compiler/tf2tensorrt/utils/py_utils.cc:38] TF-TRT Warning: Could not find TensorRT
AttributeError: 'MessageFactory' object has no attribute 'GetPrototype'
[info] total indices 749
[info] total variants 749
2.001 was filtered out as 96702046 C>T needs T but not covered
2.003 was filtered out as 96702046 C>T needs T but not covered
2.004 was filtered out as 96702046 C>T needs T but not covered
3.001 was filtered out as 96741052 A>C needs C but not covered
3.002 was filtered out as 96741052 A>C needs C but not covered
4.001 was filtered out as 96741053 T>C needs C but not covered
5.001 was filtered out as 96741057 C>G needs G but not covered
6.001 was filtered out as 96709039 delA needs N but not covered
7.001 was filtered out as 96698493 C>A needs A but not covered
8.001 was filtered out as 96702065 G>A needs A but not covered
8.002 was filtered out as 96702065 G>A needs A but not covered
8.003 was filtered out as 96702065 G>A needs A but not covered
8.004 was filtered out as 96702065 G>A needs A but not covered
8.005 was filtered out as 96702065 G>A needs A but not covered
9.001 was filtered out as 96708973 A>G needs G but not covered
10.001 was filtered out as 96709036 A>G needs G but not covered
11.001 was filtered out as 96740980 C>T needs T but not covered
11.002 was filtered out as 96740980 C>T needs T but not covered
12.001 was filtered out as 96748776 C>T needs T but not covered
13.001 was filtered out as 96701714 T>C needs C but not covered
14.001 was filtered out as 96701990 G>A needs A but not covered
15.001 was filtered out as 96707538 C>A needs A but not covered
16.001 was filtered out as 96731935 A>G needs G but not covered
17.001 was filtered out as 96741121 C>T needs T but not covered
18.001 was filtered out as 96741052 A>C needs C but not covered
19.001 was filtered out as 96748673 G>C needs C but not covered
20.001 was filtered out as 96701653 G>C needs C but not covered
21.001 was filtered out as 96698527 C>T needs T but not covered
22.001 was filtered out as 96698559 A>G needs G but not covered
23.001 was filtered out as 96701671 G>A needs A but not covered
24.001 was filtered out as 96741037 G>A needs A but not covered
25.001 was filtered out as 96701969 delAGAAATGGAA needs N but not covered
26.001 was filtered out as 96702005 C>G needs G but not covered
27.001 was filtered out as 96702065 G>T needs T but not covered
28.001 was filtered out as 96707694 A>T needs T but not covered
29.001 was filtered out as 96731875 C>A needs A but not covered
30.001 was filtered out as 96748740 G>A needs A but not covered
31.001 was filtered out as 96740957 T>C needs C but not covered
32.001 was filtered out as 96748779 G>T needs T but not covered
33.001 was filtered out as 96702011 G>A needs A but not covered
34.001 was filtered out as 96740981 G>A needs A but not covered
35.001 was filtered out as 96702046 C>T needs T but not covered
36.001 was filtered out as 96698439 A>G needs G but not covered
37.001 was filtered out as 96698584 A>G needs G but not covered
38.001 was filtered out as 96701732 G>C needs C but not covered
39.001 was filtered out as 96701738 G>T needs T but not covered
40.001 was filtered out as 96701774 T>C needs C but not covered
41.001 was filtered out as 96701972 A>G needs G but not covered
42.001 was filtered out as 96701987 G>A needs A but not covered
43.001 was filtered out as 96701986 C>T needs T but not covered
44.001 was filtered out as 96702005 C>T needs T but not covered
45.001 was filtered out as 96702010 C>T needs T but not covered
46.001 was filtered out as 96702061 G>A needs A but not covered
47.001 was filtered out as 96707541 C>T needs T but not covered
48.001 was filtered out as 96707673 T>C needs C but not covered
49.001 was filtered out as 96708885 A>G needs G but not covered
50.001 was filtered out as 96708900 C>T needs T but not covered
51.001 was filtered out as 96731890 A>G needs G but not covered
52.001 was filtered out as 96731936 C>G needs G but not covered
53.001 was filtered out as 96731989 C>T needs T but not covered
54.001 was filtered out as 96741006 C>A needs A but not covered
55.001 was filtered out as 96741058 C>A needs A but not covered
56.001 was filtered out as 96745798 A>G needs G but not covered
57.001 was filtered out as 96707663 A>C needs C but not covered
58.001 was filtered out as 96740986 C>A needs A but not covered
59.001 was filtered out as 96748611 A>T needs T but not covered
60.001 was filtered out as 96748711 T>C needs C but not covered
61.001 was filtered out as 96702046 C>T needs T but not covered
61.002 was filtered out as 96702046 C>T needs T but not covered
62.001 was filtered out as 96701989 C>T needs T but not covered
63.001 was filtered out as 96702047 G>A needs A but not covered
64.001 was filtered out as 96731879 C>G needs G but not covered
65.001 was filtered out as 96740955 G>T needs T but not covered
66.001 was filtered out as 96741061 C>G needs G but not covered
67.001 was filtered out as 96748608 C>T needs T but not covered
68.001 was filtered out as 96741052 A>C needs C but not covered
69.001 was filtered out as 96707625 A>G needs G but not covered
70.001 was filtered out as 96748636 G>T needs T but not covered
71.001 was filtered out as 96709036 A>G needs G but not covered
72.001 was filtered out as 96702062 C>T needs T but not covered
73.001 was filtered out as 96702064 C>T needs T but not covered
74.001 was filtered out as 96707695 G>T needs T but not covered
75.001 was filtered out as 96745892 A>C needs C but not covered
76.001 was filtered out as 96698556 G>A needs A but not covered
77.001 was filtered out as 96701731 G>A needs A but not covered
78.001 was filtered out as 96701999 T>G needs G but not covered
79.001 was filtered out as 96741014 C>T needs T but not covered
80.001 was filtered out as 96698475 T>G needs G but not covered
81.001 was filtered out as 96731939 A>T needs T but not covered
82.001 was filtered out as 96708901 C>T needs T but not covered
83.001 was filtered out as 96698544 C>T needs T but not covered
84.001 was filtered out as 96745930 G>C needs C but not covered
85.001 was filtered out as 96708919 delT needs N but not covered
[filter] CYP2C9 1.001 => 1.001; 1.002; 1.005; 1.006; 1.007; 1.008; 1.009; 1.010; 1.011; 1.012; 1.013
[filter] valid_alleles=11
Step 0: Loss=0.1031, CN=[2.0999167]
Step 100: Loss=0.0534, CN=[2.337992]
Step 200: Loss=0.0534, CN=[2.3367882]
Step 300: Loss=0.0534, CN=[2.336789]
Step 400: Loss=0.0534, CN=[2.3367887]

=== Fit ===
Region 0: obs=2.559, exp=2.337, diff=+0.222 
Region 1: obs=2.046, exp=2.337, diff=-0.290 
Region 2: obs=2.021, exp=2.337, diff=-0.316 
Region 3: obs=2.221, exp=2.337, diff=-0.116 
Region 4: obs=1.773, exp=2.337, diff=-0.564 *
Region 5: obs=2.202, exp=2.337, diff=-0.135 
Region 6: obs=2.070, exp=2.337, diff=-0.266 
Region 7: obs=2.151, exp=2.337, diff=-0.186 
Region 8: obs=1.949, exp=2.337, diff=-0.388 
Region 9: obs=2.314, exp=2.337, diff=-0.022 
Region 10: obs=2.258, exp=2.337, diff=-0.078 
Region 11: obs=2.348, exp=2.337, diff=+0.011 
Region 12: obs=3.528, exp=2.337, diff=+1.191 *
Region 13: obs=2.410, exp=2.337, diff=+0.073 
Region 14: obs=2.417, exp=2.337, diff=+0.080 
Region 15: obs=2.453, exp=2.337, diff=+0.117 
Region 16: obs=2.491, exp=2.337, diff=+0.154 
Region 17: obs=2.483, exp=2.337, diff=+0.147 
Region 18: obs=2.512, exp=2.337, diff=+0.175 
Region 19: obs=2.656, exp=2.337, diff=+0.319 
Region 20: obs=2.844, exp=2.337, diff=+0.507 *

[Gene CN Results]
  CYP2C9: 2.34 → 2.3367886543273926
Using device: cuda

=== Running VAE with seed 42 ===
Global Pooled JS: 0.000000
Seed 42, Step    0: Loss = 291.24 (Recon: 255.15, Allele KL: 8.51, Base KL: 1124.17, Functional KL: 0.00
Global Pooled JS: 0.000000
Seed 42, Step  500: Loss = 132.29 (Recon: 89.32, Allele KL: 14.88, Base KL: 5087.83, Functional KL: 0.00
Global Pooled JS: 0.000000
Seed 42, Step 1000: Loss = 136.31 (Recon: 90.09, Allele KL: 17.10, Base KL: 5137.31, Functional KL: 0.00
Global Pooled JS: 0.000000
Seed 42, Step 1500: Loss = 132.15 (Recon: 82.49, Allele KL: 20.74, Base KL: 5235.31, Functional KL: 0.00
Global Pooled JS: 0.000000
Seed 42, Step 2000: Loss = 128.50 (Recon: 78.98, Allele KL: 20.46, Base KL: 5423.96, Functional KL: 0.00
Global Pooled JS: 0.000000
Seed 42, Step 2500: Loss = 125.53 (Recon: 80.38, Allele KL: 16.20, Base KL: 5604.83, Functional KL: 0.00

Top Variants with Coverage Mismatches:
Rank   Variant                        Expected     Observed     Diff       |Div|       
------------------------------------------------------------------------------------------
New best model with final loss: 129.79

=== Running VAE with seed 123 ===
Global Pooled JS: 0.000000
Seed 123, Step    0: Loss = 402.83 (Recon: 358.48, Allele KL: 17.90, Base KL: 1708.40, Functional KL: 0.00
Global Pooled JS: 0.000000
Seed 123, Step  500: Loss = 126.46 (Recon: 80.35, Allele KL: 17.13, Base KL: 5230.37, Functional KL: 0.00
Global Pooled JS: 0.000000
Seed 123, Step 1000: Loss = 127.86 (Recon: 81.37, Allele KL: 17.60, Base KL: 5279.67, Functional KL: 0.00
Global Pooled JS: 0.000000
Seed 123, Step 1500: Loss = 131.49 (Recon: 88.05, Allele KL: 14.33, Base KL: 5310.32, Functional KL: 0.00
Global Pooled JS: 0.000000
Seed 123, Step 2000: Loss = 131.89 (Recon: 85.95, Allele KL: 16.62, Base KL: 5422.04, Functional KL: 0.00
Global Pooled JS: 0.000000
Seed 123, Step 2500: Loss = 132.52 (Recon: 89.12, Allele KL: 14.12, Base KL: 5201.42, Functional KL: 0.00

Top Variants with Coverage Mismatches:
Rank   Variant                        Expected     Observed     Diff       |Div|       
------------------------------------------------------------------------------------------

=== Running VAE with seed 456 ===
Global Pooled JS: 0.000000
Seed 456, Step    0: Loss = 293.66 (Recon: 243.71, Allele KL: 21.01, Base KL: 1470.62, Functional KL: 0.00
Global Pooled JS: 0.000000
Seed 456, Step  500: Loss = 131.22 (Recon: 81.38, Allele KL: 20.91, Base KL: 5333.67, Functional KL: 0.00
Global Pooled JS: 0.000000
Seed 456, Step 1000: Loss = 125.24 (Recon: 82.79, Allele KL: 13.51, Base KL: 5332.90, Functional KL: 0.00
Global Pooled JS: 0.000000
Seed 456, Step 1500: Loss = 131.32 (Recon: 90.36, Allele KL: 12.39, Base KL: 5430.28, Functional KL: 0.00
Global Pooled JS: 0.000000
Seed 456, Step 2000: Loss = 130.50 (Recon: 80.97, Allele KL: 21.07, Base KL: 5289.25, Functional KL: 0.00
Global Pooled JS: 0.000000
Seed 456, Step 2500: Loss = 132.64 (Recon: 88.20, Allele KL: 16.21, Base KL: 5268.93, Functional KL: 0.00

Top Variants with Coverage Mismatches:
Rank   Variant                        Expected     Observed     Diff       |Div|       
------------------------------------------------------------------------------------------

=== Multi-Seed VAE Results ===
Best model had seed 42 with final loss: 129.79
All seeds final losses:
  Seed 42: Total=129.79 (Recon=87.74, A_KL=12.72, B_KL=5236.39) <- Best
  Seed 123: Total=139.68 (Recon=96.18, A_KL=13.93, B_KL=5214.66)
  Seed 456: Total=133.03 (Recon=87.37, A_KL=16.77, B_KL=5092.71)
[time] run_vae took 116.42s (2,698.296875 MB; 2,698.296875 MB)

[Raw]:
CYP2C9*1: Normalized=1.0000, Unnormalized=1.00

[Alleles]
CYP2C9*1
CYP2C9*1
	Command being timed: "python cyp.py CYP2C9 /project/shared/aldy-data/wgs/NA20296.wgs.cram"
	User time (seconds): 112.66
	System time (seconds): 14.15
	Percent of CPU this job got: 99%
	Elapsed (wall clock) time (h:mm:ss or m:ss): 2:08.02
	Average shared text size (kbytes): 0
	Average unshared data size (kbytes): 0
	Average stack size (kbytes): 0
	Average total size (kbytes): 0
	Maximum resident set size (kbytes): 2763064
	Average resident set size (kbytes): 0
	Major (requiring I/O) page faults: 0
	Minor (reclaiming a frame) page faults: 834054
	Voluntary context switches: 24466
	Involuntary context switches: 165
	Swaps: 0
	File system inputs: 0
	File system outputs: 48
	Socket messages sent: 0
	Socket messages received: 0
	Signals delivered: 0
	Page size (bytes): 4096
	Exit status: 0
