INFO:root:[!!!] running as script
INFO:root:[!!!] using 16 threads
INFO:root:[time] initializaiton took 0.75s (187.42578125 MB; 240.83203125 MB)
INFO:root:[sample] bam: /project/shared/inumanag-kir/data/hprc/HG01978.final.cram
INFO:root:[time] get_bam_reads took 13.92s (1,394.234375 MB; 1,394.234375 MB)
INFO:root:[time] calculate_coverage took 0.28s (1,394.2421875 MB; 1,394.2421875 MB)
INFO:root:[read] HG01978.final.cram: 1,509,784 reads loaded (sample.expected_coverage=22.0x)
INFO:root:[time] prepare FASTA for mapping took 2.34s (1,394.24609375 MB; 1,394.24609375 MB)
INFO:root:[time] minimap2 took 169.06s (6,666.4609375 MB; 6,666.4609375 MB)
INFO:root:[minimap2] 10,583,197/51,381,533 mappings handled
Mapping reads: 0...5,000,000...10,000,000...15,000,000...20,000,000...25,000,000...30,000,000...35,000,000...40,000,000...45,000,000...50,000,000...
INFO:root:[time] filtering took 59.54s (7,600.09765625 MB; 7,600.1015625 MB)
INFO:root:[filter] KIR2DL1 001 => 0010101: 0.2%; 0010103: 0.2%; 0010102: 0.3%; 0010104: 0.9%
INFO:root:[filter] KIR2DL1 003 => 0030204: 0.1%; 0030205: 0.1%; 0030208: 0.1%; 0030212: 0.1%; 0030215: 0.1%; 0030219: 0.1%; 0030220: 0.1%; 0030230: 0.1%; 0030201: 0.2%; 0030236: 0.2%; 0030239: 0.2%; 0030237: 0.2%; 0030243: 0.2%; 0030218: 0.3%; 0030223: 0.3%; 0030231: 0.3%; 0030233: 0.3%; 0030227: 0.3%; 0030238: 0.3%; 0030226: 0.3%; 0030209: 0.3%; 0030210: 0.4%; 0030211: 0.4%; 0030229: 0.4%; 0030207: 0.4%; 0030235: 0.4%; 0030203: 0.4%; 0030221: 0.4%; 0030232: 0.4%; 0030242: 0.4%; 0030224: 0.4%; 0030228: 0.4%; 0030214: 0.5%; 0030216: 0.5%; 0030234: 0.5%; 0030206: 0.6%; 0030217: 0.7%; 0030213: 0.7%; 0030202: 1.0%; 0030225: 1.0%; 0030240: 1.0%; 0030222: 1.1%; 0030241: 1.3%
INFO:root:[filter] KIR2DL1 040 => 040: 0.2%
INFO:root:[filter] KIR2DL1 047 => 0470102: 0.1%; 0470101: 0.1%
INFO:root:[filter] KIR2DL3 001 => 0010101: 0.1%; 0010104: 0.1%; 0010103: 0.1%; 00110: 0.1%; 0010108: 0.1%; 0010109: 0.1%; 00103: 0.1%; 0010107: 0.1%; 0010113: 0.2%; 0010112: 0.2%; 0010115: 0.2%; 0010102: 0.3%; 0010110: 0.3%; 0010114: 0.5%; 0010111: 0.5%; 0010105: 0.9%; 0010106: 1.3%
INFO:root:[filter] KIR2DL3 003 => 003: 0.1%
INFO:root:[filter] KIR2DL3 027 => 027: 0.1%
INFO:root:[filter] KIR2DL3 030 => 030: 0.1%
INFO:root:[filter] KIR2DL3 031 => 031: 0.1%
INFO:root:[filter] KIR2DL4 001 => 0010201: 0.0%; 0010202: 0.2%; 0010203: 0.2%
INFO:root:[filter] KIR2DP1 002 => 0020102: 0.2%; 0020109: 0.2%; 0020105: 0.2%; 0020106: 0.2%; 0020110: 0.2%; 0020107: 0.2%; 0020103: 0.3%; 0020104: 0.4%; 0020108: 0.4%; 0020101: 1.0%
INFO:root:[filter] KIR2DS4 001 => 0010101: 0.1%; 0010102: 0.1%; 0010109: 0.1%; 0010107: 0.2%; 0010105: 0.5%; 0010104: 0.9%; 0010108: 1.9%; 0010106: 2.7%
INFO:root:[filter] KIR3DL1 015 => 0150203: 0.0%; 0150204: 0.0%; 0150208: 0.0%; 0150210: 0.0%; 0150211: 0.1%; 0150212: 0.1%; 0150218: 0.1%; 0150205: 0.1%; 0150214: 0.3%; 0150215: 0.3%; 0150207: 0.3%; 0150209: 0.3%; 0150213: 0.4%; 0150201: 0.4%; 0150217: 0.5%; 0150216: 0.6%; 0150202: 1.0%
INFO:root:[filter] KIR3DL1 029 => 0290101: 0.0%; 0290102: 0.1%
INFO:root:[filter] KIR3DL1 076 => 076: 0.1%
INFO:root:[filter] KIR3DL2 002 => 0020104: 0.1%; 0020105: 0.1%; 0020106: 0.1%; 0020101: 0.2%; 0020102: 0.2%; 00202: 0.3%; 0020103: 0.3%
INFO:root:[filter] KIR3DL3 008 => 00802: 0.1%
INFO:root:[filter] KIR3DL3 009 => 00902: 0.1%
INFO:root:[filter] KIR3DP1 003 => 0030202: 0.5%; 0030207: 0.5%; 0030208: 0.5%; 0030211: 0.5%; 0030212: 0.5%; 0030213: 0.5%; 0030217: 0.5%; 0030210: 0.6%; 0030205: 0.6%; 0030216: 0.6%; 0030206: 0.8%; 0030201: 0.8%; 0030214: 0.8%; 0030215: 1.1%; 00311: 1.2%; 0030204: 1.2%; 0030401: 1.2%; 0030203: 1.3%; 0030209: 3.0%; 0030101: 5.0%; 0030102: 5.3%; 00309: 5.4%; 0030103: 5.4%; 00305: 5.9%; 00308: 6.0%; 0030402: 6.9%
INFO:root:[filter] KIR3DP1 009 => 00902: 20.3%; 0090101: 20.9%; 0090102: 21.1%; 0090103: 21.4%
INFO:root:[filter] KIR3DP1 038 => 038: 4.2%
INFO:root:[filter] valid_alleles=152
INFO:root:[em] input: len(valid_reads)=36,302 len(valid_alleles)=152
INFO:root:[time] em_init took 11.57s (7,810.8125 MB; 7,810.8125 MB)
INFO:root:[em] KIR2DL1 0030201 => 0.001611765364198914
INFO:root:[em] KIR2DL1 0030205 => 0.10835304574742533
INFO:root:[em] KIR2DL3 0010102 => 0.011965555847031878
INFO:root:[em] KIR2DL3 0010104 => 0.00501020626277518
INFO:root:[em] KIR2DL3 0010108 => 0.04955314956475411
INFO:root:[em] KIR2DL3 0010109 => 0.022899454727527403
INFO:root:[em] KIR2DL3 0010110 => 0.0012006520095204792
INFO:root:[em] KIR2DL3 0010111 => 0.0011380088015638546
INFO:root:[em] KIR2DL3 0010113 => 0.010438157830470618
INFO:root:[em] KIR2DL3 00110 => 0.001217674585541996
INFO:root:[em] KIR2DL3 030 => 0.001444806793783288
INFO:root:[em] KIR2DL4 0010201 => 0.11098073699720287
INFO:root:[em] KIR2DP1 0020106 => 0.07241640132729224
INFO:root:[em] KIR2DP1 0020109 => 0.025923546061829655
INFO:root:[em] KIR2DS4 0010101 => 0.007992518245917289
INFO:root:[em] KIR2DS4 0010102 => 0.03952152034427662
INFO:root:[em] KIR2DS4 0010106 => 0.0016605199757682842
INFO:root:[em] KIR2DS4 0010109 => 0.09107364804741316
INFO:root:[em] KIR3DL1 0150204 => 0.04197498443511915
INFO:root:[em] KIR3DL1 0150218 => 0.0017826449237840845
INFO:root:[em] KIR3DL1 0290101 => 0.08663837208586811
INFO:root:[em] KIR3DL2 0020102 => 0.0016828419421771315
INFO:root:[em] KIR3DL2 0020105 => 0.08722304644567407
INFO:root:[em] KIR3DL2 0020106 => 0.07059084171340478
INFO:root:[em] KIR3DL3 00802 => 0.050928705801744946
INFO:root:[em] KIR3DL3 00902 => 0.06091136604737369
INFO:root:[em] KIR3DP1 0030202 => 0.017275322825775992
INFO:root:[em] KIR3DP1 0030212 => 0.009647743898442926
INFO:root:[time] em took 255.85s (7,600.49609375 MB; 8,063.55078125 MB)
INFO:root:[time] correct hits took 0.49s (7,600.49609375 MB; 8,063.55078125 MB)
INFO:root:[time] correct hits took 0.34s (7,600.5 MB; 8,063.55078125 MB)
INFO:root:[time] get_scc took 3.88s (7,600.5 MB; 8,063.55078125 MB)
INFO:root:[time] get_scc took 10.36s (7,600.5 MB; 8,063.55078125 MB)
INFO:root:[time] em_scc took 266.31s (7,600.5 MB; 8,063.55078125 MB)
percentage of captured is 0.9059734021260508
percentage of captured is 0.9884350165434924
Set parameter WLSAccessID
INFO:gurobipy:Set parameter WLSAccessID
Set parameter WLSSecret
INFO:gurobipy:Set parameter WLSSecret
Set parameter LicenseID to value 2756285
INFO:gurobipy:Set parameter LicenseID to value 2756285
Academic license 2756285 - for non-commercial use only - registered to po___@uvic.ca
INFO:gurobipy:Academic license 2756285 - for non-commercial use only - registered to po___@uvic.ca
[ilp] len(valid_reads)=15,117
Set parameter Threads to value 16
INFO:gurobipy:Set parameter Threads to value 16
Set parameter Presolve to value 2
INFO:gurobipy:Set parameter Presolve to value 2
Set parameter PreSparsify to value 2
INFO:gurobipy:Set parameter PreSparsify to value 2
Set parameter NonConvex to value 2
INFO:gurobipy:Set parameter NonConvex to value 2
Set parameter MIPGap to value 0.05
INFO:gurobipy:Set parameter MIPGap to value 0.05
Set parameter TimeLimit to value 10800
INFO:gurobipy:Set parameter TimeLimit to value 10800
max_cost is 69 KIR3DP1 0030202 1784
Gurobi Optimizer version 12.0.0 build v12.0.0rc1 (linux64 - "CentOS Linux 7 (Core)")
INFO:gurobipy:Gurobi Optimizer version 12.0.0 build v12.0.0rc1 (linux64 - "CentOS Linux 7 (Core)")

INFO:gurobipy:
CPU model: Intel(R) Xeon(R) Platinum 8260 CPU @ 2.40GHz, instruction set [SSE2|AVX|AVX2|AVX512]
INFO:gurobipy:CPU model: Intel(R) Xeon(R) Platinum 8260 CPU @ 2.40GHz, instruction set [SSE2|AVX|AVX2|AVX512]
Thread count: 96 physical cores, 192 logical processors, using up to 16 threads
INFO:gurobipy:Thread count: 96 physical cores, 192 logical processors, using up to 16 threads

INFO:gurobipy:
Non-default parameters:
INFO:gurobipy:Non-default parameters:
TimeLimit  10800
INFO:gurobipy:TimeLimit  10800
MIPGap  0.05
INFO:gurobipy:MIPGap  0.05
NonConvex  2
INFO:gurobipy:NonConvex  2
Presolve  2
INFO:gurobipy:Presolve  2
PreSparsify  2
INFO:gurobipy:PreSparsify  2
Threads  16
INFO:gurobipy:Threads  16

INFO:gurobipy:
Academic license 2756285 - for non-commercial use only - registered to po___@uvic.ca
INFO:gurobipy:Academic license 2756285 - for non-commercial use only - registered to po___@uvic.ca
Optimize a model with 99402 rows, 191655 columns and 851123 nonzeros
INFO:gurobipy:Optimize a model with 99402 rows, 191655 columns and 851123 nonzeros
Model fingerprint: 0x80bab681
INFO:gurobipy:Model fingerprint: 0x80bab681
Variable types: 2574 continuous, 189081 integer (189081 binary)
INFO:gurobipy:Variable types: 2574 continuous, 189081 integer (189081 binary)
Coefficient statistics:
INFO:gurobipy:Coefficient statistics:
  Matrix range     [7e-05, 3e+01]
INFO:gurobipy:  Matrix range     [7e-05, 3e+01]
  Objective range  [5e-02, 3e+00]
INFO:gurobipy:  Objective range  [5e-02, 3e+00]
  Bounds range     [1e+00, 1e+00]
INFO:gurobipy:  Bounds range     [1e+00, 1e+00]
  RHS range        [2e-01, 1e+00]
INFO:gurobipy:  RHS range        [2e-01, 1e+00]
Presolve removed 15125 rows and 110010 columns (presolve time = 5s)...
INFO:gurobipy:Presolve removed 15125 rows and 110010 columns (presolve time = 5s)...
Presolve removed 15135 rows and 110010 columns (presolve time = 10s)...
INFO:gurobipy:Presolve removed 15135 rows and 110010 columns (presolve time = 10s)...
Presolve removed 15165 rows and 110032 columns (presolve time = 15s)...
INFO:gurobipy:Presolve removed 15165 rows and 110032 columns (presolve time = 15s)...
Presolve removed 15165 rows and 110032 columns (presolve time = 20s)...
INFO:gurobipy:Presolve removed 15165 rows and 110032 columns (presolve time = 20s)...
Presolve removed 15165 rows and 110032 columns (presolve time = 25s)...
INFO:gurobipy:Presolve removed 15165 rows and 110032 columns (presolve time = 25s)...
Presolve removed 15165 rows and 110032 columns (presolve time = 30s)...
INFO:gurobipy:Presolve removed 15165 rows and 110032 columns (presolve time = 30s)...
Presolve removed 15165 rows and 110032 columns (presolve time = 35s)...
INFO:gurobipy:Presolve removed 15165 rows and 110032 columns (presolve time = 35s)...
Presolve removed 22979 rows and 117846 columns (presolve time = 40s)...
INFO:gurobipy:Presolve removed 22979 rows and 117846 columns (presolve time = 40s)...
Presolve removed 22979 rows and 117846 columns (presolve time = 45s)...
INFO:gurobipy:Presolve removed 22979 rows and 117846 columns (presolve time = 45s)...
Presolve removed 22979 rows and 117846 columns (presolve time = 50s)...
INFO:gurobipy:Presolve removed 22979 rows and 117846 columns (presolve time = 50s)...
Presolve removed 22979 rows and 117846 columns (presolve time = 55s)...
INFO:gurobipy:Presolve removed 22979 rows and 117846 columns (presolve time = 55s)...
Presolve removed 22979 rows and 117846 columns (presolve time = 60s)...
INFO:gurobipy:Presolve removed 22979 rows and 117846 columns (presolve time = 60s)...
Presolve removed 22979 rows and 117846 columns (presolve time = 65s)...
INFO:gurobipy:Presolve removed 22979 rows and 117846 columns (presolve time = 65s)...
Presolve removed 22979 rows and 117846 columns (presolve time = 70s)...
INFO:gurobipy:Presolve removed 22979 rows and 117846 columns (presolve time = 70s)...
Sparsify removed 274622 nonzeros (38%)
INFO:gurobipy:Sparsify removed 274622 nonzeros (38%)
Presolve removed 22979 rows and 115286 columns
INFO:gurobipy:Presolve removed 22979 rows and 115286 columns
Presolve time: 73.63s
INFO:gurobipy:Presolve time: 73.63s
Presolved: 76423 rows, 76369 columns, 449068 nonzeros
INFO:gurobipy:Presolved: 76423 rows, 76369 columns, 449068 nonzeros
Variable types: 5120 continuous, 71249 integer (71235 binary)
INFO:gurobipy:Variable types: 5120 continuous, 71249 integer (71235 binary)
Sparsify removed 6668 nonzeros (1%)
INFO:gurobipy:Sparsify removed 6668 nonzeros (1%)
Root relaxation presolved: 76423 rows, 76369 columns, 442400 nonzeros
INFO:gurobipy:Root relaxation presolved: 76423 rows, 76369 columns, 442400 nonzeros

INFO:gurobipy:
Sparsify removed 4526 nonzeros (2%)
INFO:gurobipy:Sparsify removed 4526 nonzeros (2%)
Deterministic concurrent LP optimizer: primal and dual simplex
INFO:gurobipy:Deterministic concurrent LP optimizer: primal and dual simplex
Showing primal log only...
INFO:gurobipy:Showing primal log only...

INFO:gurobipy:

INFO:gurobipy:
Root simplex log...
INFO:gurobipy:Root simplex log...

INFO:gurobipy:
Iteration    Objective       Primal Inf.    Dual Inf.      Time
INFO:gurobipy:Iteration    Objective       Primal Inf.    Dual Inf.      Time
       0    1.2093600e+03   5.120000e+01   1.852437e+08     76s
INFO:gurobipy:       0    1.2093600e+03   5.120000e+01   1.852437e+08     76s
Concurrent spin time: 0.01s
INFO:gurobipy:Concurrent spin time: 0.01s

INFO:gurobipy:
Solved with dual simplex
INFO:gurobipy:Solved with dual simplex

INFO:gurobipy:
Root simplex log...
INFO:gurobipy:Root simplex log...

INFO:gurobipy:
Iteration    Objective       Primal Inf.    Dual Inf.      Time
INFO:gurobipy:Iteration    Objective       Primal Inf.    Dual Inf.      Time
   25381    3.7727056e+02   0.000000e+00   0.000000e+00     78s
INFO:gurobipy:   25381    3.7727056e+02   0.000000e+00   0.000000e+00     78s

INFO:gurobipy:
Use crossover to convert LP symmetric solution to basic solution...
INFO:gurobipy:Use crossover to convert LP symmetric solution to basic solution...

INFO:gurobipy:
Root crossover log...
INFO:gurobipy:Root crossover log...

INFO:gurobipy:
       0 DPushes remaining with DInf 0.0000000e+00                78s
INFO:gurobipy:       0 DPushes remaining with DInf 0.0000000e+00                78s

INFO:gurobipy:
   14950 PPushes remaining with PInf 0.0000000e+00                78s
INFO:gurobipy:   14950 PPushes remaining with PInf 0.0000000e+00                78s
       0 PPushes remaining with PInf 0.0000000e+00                79s
INFO:gurobipy:       0 PPushes remaining with PInf 0.0000000e+00                79s

INFO:gurobipy:
  Push phase complete: Pinf 0.0000000e+00, Dinf 6.4653144e-14     79s
INFO:gurobipy:  Push phase complete: Pinf 0.0000000e+00, Dinf 6.4653144e-14     79s

INFO:gurobipy:

INFO:gurobipy:
Root simplex log...
INFO:gurobipy:Root simplex log...

INFO:gurobipy:
Iteration    Objective       Primal Inf.    Dual Inf.      Time
INFO:gurobipy:Iteration    Objective       Primal Inf.    Dual Inf.      Time
   41142    3.7727056e+02   0.000000e+00   0.000000e+00     79s
INFO:gurobipy:   41142    3.7727056e+02   0.000000e+00   0.000000e+00     79s
   41142    3.7727056e+02   0.000000e+00   0.000000e+00     79s
INFO:gurobipy:   41142    3.7727056e+02   0.000000e+00   0.000000e+00     79s

INFO:gurobipy:
Root relaxation: objective 3.772706e+02, 41142 iterations, 3.92 seconds (3.23 work units)
INFO:gurobipy:Root relaxation: objective 3.772706e+02, 41142 iterations, 3.92 seconds (3.23 work units)
Total elapsed time = 80.29s (DegenMoves)
INFO:gurobipy:Total elapsed time = 80.29s (DegenMoves)

INFO:gurobipy:
    Nodes    |    Current Node    |     Objective Bounds      |     Work
INFO:gurobipy:    Nodes    |    Current Node    |     Objective Bounds      |     Work
 Expl Unexpl |  Obj  Depth IntInf | Incumbent    BestBd   Gap | It/Node Time
INFO:gurobipy: Expl Unexpl |  Obj  Depth IntInf | Incumbent    BestBd   Gap | It/Node Time

INFO:gurobipy:
     0     0  377.27056    0 12620          -  377.27056      -     -   82s
INFO:gurobipy:     0     0  377.27056    0 12620          -  377.27056      -     -   82s
H    0     0                     483.1090909  377.27056  21.9%     -   83s
INFO:gurobipy:H    0     0                     483.1090909  377.27056  21.9%     -   83s
H    0     0                     480.3681818  377.27056  21.5%     -   83s
INFO:gurobipy:H    0     0                     480.3681818  377.27056  21.5%     -   83s
H    0     0                     477.2163636  377.27056  20.9%     -   83s
INFO:gurobipy:H    0     0                     477.2163636  377.27056  20.9%     -   83s
H    0     0                     467.3454545  377.27056  19.3%     -   83s
INFO:gurobipy:H    0     0                     467.3454545  377.27056  19.3%     -   83s
H    0     0                     467.2454545  377.27056  19.3%     -   83s
INFO:gurobipy:H    0     0                     467.2454545  377.27056  19.3%     -   83s
H    0     0                     454.5600000  377.27056  17.0%     -  105s
INFO:gurobipy:H    0     0                     454.5600000  377.27056  17.0%     -  105s
H    0     0                     442.7654545  377.27056  14.8%     -  105s
INFO:gurobipy:H    0     0                     442.7654545  377.27056  14.8%     -  105s
H    0     0                     442.4654545  377.27056  14.7%     -  105s
INFO:gurobipy:H    0     0                     442.4654545  377.27056  14.7%     -  105s
H    0     0                     440.6200000  377.27056  14.4%     -  105s
INFO:gurobipy:H    0     0                     440.6200000  377.27056  14.4%     -  105s
H    0     0                     440.1081818  377.27056  14.3%     -  105s
INFO:gurobipy:H    0     0                     440.1081818  377.27056  14.3%     -  105s
H    0     0                     435.0081818  377.27056  13.3%     -  105s
INFO:gurobipy:H    0     0                     435.0081818  377.27056  13.3%     -  105s
H    0     0                     433.6627273  377.27056  13.0%     -  105s
INFO:gurobipy:H    0     0                     433.6627273  377.27056  13.0%     -  105s
H    0     0                     418.8045455  392.06519  6.38%     -  107s
INFO:gurobipy:H    0     0                     418.8045455  392.06519  6.38%     -  107s
     0     0  392.06519    0 11256  418.80455  392.06519  6.38%     -  108s
INFO:gurobipy:     0     0  392.06519    0 11256  418.80455  392.06519  6.38%     -  108s
H    0     0                     418.7745455  392.06519  6.38%     -  110s
INFO:gurobipy:H    0     0                     418.7745455  392.06519  6.38%     -  110s
H    0     0                     418.4454545  392.06519  6.30%     -  110s
INFO:gurobipy:H    0     0                     418.4454545  392.06519  6.30%     -  110s
     0     0  392.06519    0 11312  418.44545  392.06519  6.30%     -  112s
INFO:gurobipy:     0     0  392.06519    0 11312  418.44545  392.06519  6.30%     -  112s
     0     0  392.06519    0 11308  418.44545  392.06519  6.30%     -  113s
INFO:gurobipy:     0     0  392.06519    0 11308  418.44545  392.06519  6.30%     -  113s

INFO:gurobipy:
Cutting planes:
INFO:gurobipy:Cutting planes:
  Gomory: 32
INFO:gurobipy:  Gomory: 32
  MIR: 67
INFO:gurobipy:  MIR: 67
  Flow cover: 1
INFO:gurobipy:  Flow cover: 1
  RLT: 28
INFO:gurobipy:  RLT: 28

INFO:gurobipy:
Explored 1 nodes (79508 simplex iterations) in 125.11 seconds (103.23 work units)
INFO:gurobipy:Explored 1 nodes (79508 simplex iterations) in 125.11 seconds (103.23 work units)
Thread count was 16 (of 192 available processors)
INFO:gurobipy:Thread count was 16 (of 192 available processors)

INFO:gurobipy:
Solution count 10: 418.445 418.775 418.805 ... 454.56
INFO:gurobipy:Solution count 10: 418.445 418.775 418.805 ... 454.56

INFO:gurobipy:
Optimal solution found (tolerance 5.00e-02)
INFO:gurobipy:Optimal solution found (tolerance 5.00e-02)
Best objective 4.184454545455e+02, best bound 4.009061377411e+02, gap 4.1915%
INFO:gurobipy:Best objective 4.184454545455e+02, best bound 4.009061377411e+02, gap 4.1915%
INFO:root:[time] ilp_solve took 140.20s (8,649.125 MB; 8,902.7890625 MB)
[ilp] model.objVal=418.4
[ilp] Z_cost.getValue()=189.0
[ilp] A_cost.getValue()=0.0
[ilp] D_cost.getValue()=160.8
[ilp] NM_cost.getValue()=68.6
[ilp] KIR2DL1 0030201 => 845
[ilp] KIR2DL1 0030201 => 780
[ilp] KIR2DL3 0010102 => 986
[ilp] KIR2DL3 030 => 827
[ilp] KIR2DL4 0010201 => 810
[ilp] KIR2DL4 0010201 => 845
[ilp] KIR2DP1 0020106 => 957
[ilp] KIR2DP1 0020106 => 862
[ilp] KIR2DS4 0010101 => 951
[ilp] KIR2DS4 0010101 => 985
[ilp] KIR3DL1 0150204 => 774
[ilp] KIR3DL1 0290101 => 790
[ilp] KIR3DL2 0020102 => 494
[ilp] KIR3DL2 0020102 => 493
[ilp] KIR3DL3 00802 => 508
[ilp] KIR3DL3 00902 => 545
[ilp] KIR3DP1 0030202 => 339
[ilp] KIR3DP1 0030202 => 316
[ilp] len(dropped)=2,010
