INFO:root:[!!!] running as script
INFO:root:[!!!] using 16 threads
INFO:root:[time] initializaiton took 0.95s (187.3671875 MB; 240.76171875 MB)
INFO:root:[sample] bam: /project/shared/inumanag-kir/data/hprc/HG01891.final.cram
INFO:root:[time] get_bam_reads took 19.65s (1,295.25 MB; 1,295.25 MB)
INFO:root:[time] calculate_coverage took 0.47s (1,295.2578125 MB; 1,295.2578125 MB)
INFO:root:[read] HG01891.final.cram: 1,387,112 reads loaded (sample.expected_coverage=21.0x)
INFO:root:[time] prepare FASTA for mapping took 2.91s (1,295.26171875 MB; 1,295.26171875 MB)
INFO:root:[time] minimap2 took 264.65s (7,392.27734375 MB; 7,392.3828125 MB)
INFO:root:[minimap2] 12,176,713/53,449,985 mappings handled
Mapping reads: 0...5,000,000...10,000,000...15,000,000...20,000,000...25,000,000...30,000,000...35,000,000...40,000,000...45,000,000...50,000,000...
INFO:root:[time] filtering took 94.05s (8,427.4140625 MB; 8,475.28515625 MB)
INFO:root:[filter] KIR2DL1 001 => 0010101: 0.2%; 0010103: 0.2%; 0010102: 0.4%; 0010104: 0.8%
INFO:root:[filter] KIR2DL1 003 => 0030237: 0.1%; 0030236: 0.1%; 0030204: 0.1%; 0030208: 0.1%; 0030210: 0.1%; 0030220: 0.1%; 00303: 0.1%; 0030203: 0.1%; 0030221: 0.1%; 0030238: 0.1%; 0030218: 0.1%; 0030239: 0.2%; 0030206: 0.2%; 0030209: 0.2%; 0030214: 0.2%; 0030205: 0.2%; 0030212: 0.2%; 0030215: 0.2%; 0030219: 0.2%; 0030230: 0.2%; 0030207: 0.2%; 0030243: 0.3%; 0030202: 0.3%; 0030217: 0.3%; 0030242: 0.3%; 0030211: 0.3%; 0030213: 0.3%; 0030223: 0.3%; 0030231: 0.3%; 0030235: 0.3%; 0030232: 0.3%; 0030227: 0.3%; 0030216: 0.3%; 0030224: 0.4%; 0030228: 0.4%; 0030226: 0.4%; 0030234: 0.5%; 0030229: 0.5%; 0030233: 0.5%; 0030225: 1.0%; 0030240: 1.0%; 0030222: 1.1%; 0030241: 1.4%
INFO:root:[filter] KIR2DL1 004 => 0040102: 1.4%; 0040107: 2.1%; 0040101: 2.1%; 0040109: 2.1%; 0040110: 2.1%; 0040113: 2.1%; 0040114: 2.1%; 0040117: 2.1%; 0040106: 2.3%; 0040115: 2.3%; 0040111: 2.3%; 0040112: 2.3%; 0040116: 2.4%; 0040103: 2.4%; 0040105: 2.5%; 0040104: 2.5%; 0040108: 2.7%
INFO:root:[filter] KIR2DL1 012 => 01201: 1.0%
INFO:root:[filter] KIR2DL1 040 => 040: 0.2%
INFO:root:[filter] KIR2DL1 041 => 041: 2.2%
INFO:root:[filter] KIR2DL1 047 => 0470102: 0.1%; 0470101: 0.1%
INFO:root:[filter] KIR2DL1 051 => 0510101: 2.1%; 0510102: 2.9%
INFO:root:[filter] KIR2DL2 001 => 0010102: 0.1%; 0010107: 0.1%; 0010101: 0.1%; 0010103: 0.2%; 0010105: 0.3%; 0010106: 0.5%; 0010104: 0.8%
INFO:root:[filter] KIR2DL2 003 => 0030105: 0.1%; 0030102: 0.1%; 00302: 0.1%; 00303: 0.1%; 0030108: 0.3%; 0030101: 0.3%; 0030106: 0.4%; 0030103: 0.5%; 0030107: 0.6%; 0030104: 0.7%
INFO:root:[filter] KIR2DL2 005 => 005: 0.1%
INFO:root:[filter] KIR2DL2 006 => 00601: 0.1%
INFO:root:[filter] KIR2DL2 008 => 008: 0.1%
INFO:root:[filter] KIR2DL2 009 => 009: 0.1%
INFO:root:[filter] KIR2DL2 013 => 013: 0.1%
INFO:root:[filter] KIR2DL2 015 => 015: 0.1%
INFO:root:[filter] KIR2DL3 001 => 0010110: 0.0%; 0010101: 0.0%; 0010104: 0.0%; 0010103: 0.0%; 00110: 0.0%; 0010108: 0.0%; 0010109: 0.0%; 00103: 0.0%; 0010112: 0.1%; 0010115: 0.1%; 0010114: 0.2%; 0010113: 0.2%; 0010111: 0.2%; 0010102: 0.3%; 0010107: 0.4%; 0010105: 0.8%; 0010106: 1.4%
INFO:root:[filter] KIR2DL3 003 => 003: 0.0%
INFO:root:[filter] KIR2DL3 016 => 016: 0.0%
INFO:root:[filter] KIR2DL3 027 => 027: 0.0%
INFO:root:[filter] KIR2DL3 030 => 030: 0.0%
INFO:root:[filter] KIR2DL3 031 => 031: 0.0%
INFO:root:[filter] KIR2DL4 001 => 0010306: 0.1%; 0010307: 0.4%; 0010303: 0.6%; 0010305: 1.2%; 0010309: 1.3%; 0010304: 2.2%; 0010308: 2.8%
INFO:root:[filter] KIR2DP1 002 => 0020102: 0.0%; 0020109: 0.0%; 0020105: 0.0%; 0020107: 0.1%; 0020103: 0.1%; 0020110: 0.2%; 0020106: 0.3%; 0020108: 0.5%; 0020104: 0.6%; 0020101: 1.0%
INFO:root:[filter] KIR2DP1 006 => 006: 1.1%
INFO:root:[filter] KIR2DP1 010 => 010: 0.2%
INFO:root:[filter] KIR2DS1 013 => 013: 0.5%
INFO:root:[filter] KIR2DS2 001 => 0010104: 0.1%; 0010110: 0.1%; 0010111: 0.1%; 0010112: 0.1%; 0010108: 0.1%; 0010126: 0.1%; 0010102: 0.1%; 00106: 0.1%; 0010702: 0.1%; 0010101: 0.1%; 0010701: 0.1%; 00102: 0.1%; 00104: 0.1%; 0010105: 0.2%; 0010129: 0.2%; 0010109: 0.2%; 0010130: 0.2%; 0010107: 0.2%; 0010127: 0.2%; 0010113: 0.2%; 0010106: 0.3%; 0010128: 0.3%; 0010103: 0.3%; 0010114: 0.3%; 0010124: 0.3%; 0010115: 0.4%; 0010117: 0.4%; 0010118: 0.4%; 0010125: 0.4%; 0010122: 0.4%; 0010123: 0.5%; 0010119: 0.5%; 0010116: 0.6%; 0010120: 0.6%; 0010121: 0.6%
INFO:root:[filter] KIR2DS2 003 => 003: 0.1%
INFO:root:[filter] KIR2DS2 006 => 00601: 0.1%; 00602: 0.3%
INFO:root:[filter] KIR2DS2 013 => 013: 0.4%
INFO:root:[filter] KIR2DS2 016 => 016: 0.6%
INFO:root:[filter] KIR2DS2 019 => 019: 0.3%
INFO:root:[filter] KIR2DS2 021 => 0210103: 0.2%; 0210101: 0.2%; 0210102: 0.3%
INFO:root:[filter] KIR2DS2 022 => 022: 0.1%
INFO:root:[filter] KIR2DS4 001 => 0010101: 0.1%; 0010102: 0.1%; 0010109: 0.1%; 0010104: 0.4%; 0010105: 0.5%; 0010108: 0.6%; 0010106: 1.2%
INFO:root:[filter] KIR2DS4 003 => 0030101: 1.8%; 0030103: 1.8%; 0030102: 1.9%
INFO:root:[filter] KIR2DS5 007 => 0070101: 0.9%; 0070102: 1.1%
INFO:root:[filter] KIR3DL1 015 => 0150211: 0.0%; 0150101: 0.1%; 0150103: 0.1%; 0150212: 0.1%; 0150102: 0.2%; 0150207: 0.3%; 0150204: 0.3%; 0150208: 0.3%; 0150210: 0.3%; 0150202: 0.3%; 0150203: 0.3%; 0150218: 0.4%; 0150214: 0.5%; 0150215: 0.5%; 0150209: 0.6%; 0150217: 0.6%; 0150205: 0.7%; 0150216: 0.9%; 0150213: 0.9%; 0150201: 1.0%
INFO:root:[filter] KIR3DL1 018 => 018: 0.5%
INFO:root:[filter] KIR3DL1 031 => 0310101: 0.0%; 0310102: 0.1%
INFO:root:[filter] KIR3DL1 076 => 076: 0.5%
INFO:root:[filter] KIR3DL2 001 => 0010101: 0.0%; 0010102: 0.1%; 0010302: 1.0%; 0010301: 1.1%
INFO:root:[filter] KIR3DL2 108 => 10801: 0.0%
INFO:root:[filter] KIR3DL3 002 => 0020101: 0.6%; 0020102: 0.9%
INFO:root:[filter] KIR3DL3 004 => 0040202: 0.1%; 0040201: 1.4%; 0040204: 3.0%; 0040203: 4.2%
INFO:root:[filter] KIR3DL3 008 => 00801: 0.7%
INFO:root:[filter] KIR3DL3 011 => 01101: 0.4%
INFO:root:[filter] KIR3DL3 014 => 01403: 0.4%
INFO:root:[filter] KIR3DL3 057 => 057: 0.4%
INFO:root:[filter] KIR3DL3 070 => 070: 0.4%
INFO:root:[filter] KIR3DL3 115 => 115: 0.4%
INFO:root:[filter] KIR3DP1 002 => 002: 2.3%
INFO:root:[filter] KIR3DP1 003 => 0030202: 0.3%; 0030207: 0.3%; 0030208: 0.3%; 0030211: 0.3%; 0030213: 0.3%; 0030217: 0.3%; 0030206: 0.4%; 0030201: 0.4%; 0030205: 0.4%; 0030216: 0.4%; 0030210: 0.4%; 00311: 0.6%; 0030215: 0.6%; 0030212: 0.7%; 0030203: 0.7%; 0030204: 0.7%; 0030214: 0.7%; 0030101: 0.9%; 0030209: 0.9%; 0030401: 0.9%; 0030402: 1.0%; 0030102: 1.3%; 0030103: 1.3%; 00305: 1.7%; 00308: 1.8%; 00303: 2.5%
INFO:root:[filter] KIR3DP1 008 => 008: 2.5%
INFO:root:[filter] KIR3DP1 009 => 00902: 2.0%; 0090101: 2.0%; 0090102: 2.0%; 0090103: 5.4%
INFO:root:[filter] KIR3DP1 010 => 01002: 2.5%
INFO:root:[filter] KIR3DP1 013 => 013: 2.5%
INFO:root:[filter] KIR3DP1 015 => 0150103: 0.3%; 0150101: 0.5%; 0150102: 1.2%
INFO:root:[filter] KIR3DP1 038 => 038: 0.4%
INFO:root:[filter] valid_alleles=272
INFO:root:[em] input: len(valid_reads)=39,299 len(valid_alleles)=272
INFO:root:[time] em_init took 37.70s (8,835.3515625 MB; 8,835.3515625 MB)
INFO:root:[em] KIR2DL1 0010103 => 0.003465504269097753
INFO:root:[em] KIR2DL1 0030205 => 0.02565349888778885
INFO:root:[em] KIR2DL1 0030209 => 0.002689059798207138
INFO:root:[em] KIR2DL1 0030210 => 0.015589521935208666
INFO:root:[em] KIR2DL1 0040102 => 0.036964658207598824
INFO:root:[em] KIR2DL1 0040107 => 0.008303687235641346
INFO:root:[em] KIR2DL1 0040112 => 0.0020562863496873143
INFO:root:[em] KIR2DL1 0470102 => 0.00296616664991488
INFO:root:[em] KIR2DL1 0510101 => 0.00609298724202297
INFO:root:[em] KIR2DL2 0010102 => 0.008857299050610359
INFO:root:[em] KIR2DL2 0010103 => 0.01472058314006386
INFO:root:[em] KIR2DL2 0010106 => 0.018724622542880622
INFO:root:[em] KIR2DL2 0010107 => 0.009218312925269473
INFO:root:[em] KIR2DL2 0030103 => 0.003668305541571923
INFO:root:[em] KIR2DL2 009 => 0.0010002553095775776
INFO:root:[em] KIR2DL3 0010101 => 0.006098662828802569
INFO:root:[em] KIR2DL3 0010108 => 0.0025338078982283796
INFO:root:[em] KIR2DL3 0010109 => 0.03123276845967723
INFO:root:[em] KIR2DL3 0010113 => 0.004018792590078817
INFO:root:[em] KIR2DL4 0010305 => 0.01436002320205864
INFO:root:[em] KIR2DL4 0010306 => 0.06835134342608766
INFO:root:[em] KIR2DL4 0010307 => 0.0016777308633834603
INFO:root:[em] KIR2DP1 0020109 => 0.03539585617342104
INFO:root:[em] KIR2DP1 006 => 0.007823900697842922
INFO:root:[em] KIR2DP1 010 => 0.06336483882489154
INFO:root:[em] KIR2DS1 013 => 0.00482849822222964
INFO:root:[em] KIR2DS2 0010101 => 0.0014989902120914201
INFO:root:[em] KIR2DS2 0010104 => 0.00838384710010787
INFO:root:[em] KIR2DS2 0010111 => 0.012122380810569603
INFO:root:[em] KIR2DS2 0010112 => 0.028801452813415673
INFO:root:[em] KIR2DS2 00104 => 0.006617563471983724
INFO:root:[em] KIR2DS2 016 => 0.002021347056629624
INFO:root:[em] KIR2DS4 0010101 => 0.004843660454180695
INFO:root:[em] KIR2DS4 0010102 => 0.027111129446958135
INFO:root:[em] KIR2DS4 0010106 => 0.015930196557194434
INFO:root:[em] KIR2DS4 0010108 => 0.0032148693112776564
INFO:root:[em] KIR2DS4 0010109 => 0.04378195921019761
INFO:root:[em] KIR2DS4 0030101 => 0.00717193395352761
INFO:root:[em] KIR2DS5 0070101 => 0.058225347774287096
INFO:root:[em] KIR3DL1 0150202 => 0.047089585596312225
INFO:root:[em] KIR3DL1 0150203 => 0.003974889219960835
INFO:root:[em] KIR3DL1 0150211 => 0.009650810147388833
INFO:root:[em] KIR3DL1 0310101 => 0.04460832185303131
INFO:root:[em] KIR3DL2 0010101 => 0.0738964582218134
INFO:root:[em] KIR3DL2 0010301 => 0.021347610290221516
INFO:root:[em] KIR3DL2 0010302 => 0.03237927080404343
INFO:root:[em] KIR3DL3 0020101 => 0.020013786609928592
INFO:root:[em] KIR3DL3 0040202 => 0.05349867545055536
INFO:root:[em] KIR3DL3 00801 => 0.011564900710524535
INFO:root:[em] KIR3DL3 01101 => 0.01662402405745322
INFO:root:[em] KIR3DP1 0030202 => 0.010461763577063276
INFO:root:[em] KIR3DP1 0030402 => 0.01153469132180176
INFO:root:[em] KIR3DP1 0090101 => 0.002968683324764752
INFO:root:[em] KIR3DP1 00902 => 0.008663600564544571
INFO:root:[time] em took 1019.00s (8,427.78515625 MB; 9,324.82421875 MB)
INFO:root:[time] correct hits took 2.36s (8,427.78515625 MB; 9,324.82421875 MB)
INFO:root:[time] correct hits took 2.12s (8,427.7890625 MB; 9,324.82421875 MB)
INFO:root:[time] get_scc took 25.30s (8,427.7890625 MB; 9,324.82421875 MB)
INFO:root:[time] get_scc took 46.09s (8,427.7890625 MB; 9,324.82421875 MB)
INFO:root:[time] em_scc took 1065.21s (8,427.7890625 MB; 9,324.82421875 MB)
percentage of captured is 0.8191129472289345
percentage of captured is 0.9715929962042366
Set parameter WLSAccessID
INFO:gurobipy:Set parameter WLSAccessID
Set parameter WLSSecret
INFO:gurobipy:Set parameter WLSSecret
Set parameter LicenseID to value 2756285
INFO:gurobipy:Set parameter LicenseID to value 2756285
Academic license 2756285 - for non-commercial use only - registered to po___@uvic.ca
INFO:gurobipy:Academic license 2756285 - for non-commercial use only - registered to po___@uvic.ca
[ilp] len(valid_reads)=16,791
Set parameter Threads to value 16
INFO:gurobipy:Set parameter Threads to value 16
Set parameter Presolve to value 2
INFO:gurobipy:Set parameter Presolve to value 2
Set parameter PreSparsify to value 2
INFO:gurobipy:Set parameter PreSparsify to value 2
Set parameter NonConvex to value 2
INFO:gurobipy:Set parameter NonConvex to value 2
Set parameter MIPGap to value 0.05
INFO:gurobipy:Set parameter MIPGap to value 0.05
Set parameter TimeLimit to value 10800
INFO:gurobipy:Set parameter TimeLimit to value 10800
max_cost is 115 KIR3DP1 0090101 2248
Gurobi Optimizer version 12.0.0 build v12.0.0rc1 (linux64 - "CentOS Linux 7 (Core)")
INFO:gurobipy:Gurobi Optimizer version 12.0.0 build v12.0.0rc1 (linux64 - "CentOS Linux 7 (Core)")

INFO:gurobipy:
CPU model: Intel(R) Xeon(R) Platinum 8260 CPU @ 2.40GHz, instruction set [SSE2|AVX|AVX2|AVX512]
INFO:gurobipy:CPU model: Intel(R) Xeon(R) Platinum 8260 CPU @ 2.40GHz, instruction set [SSE2|AVX|AVX2|AVX512]
Thread count: 96 physical cores, 192 logical processors, using up to 16 threads
INFO:gurobipy:Thread count: 96 physical cores, 192 logical processors, using up to 16 threads

INFO:gurobipy:
Non-default parameters:
INFO:gurobipy:Non-default parameters:
TimeLimit  10800
INFO:gurobipy:TimeLimit  10800
MIPGap  0.05
INFO:gurobipy:MIPGap  0.05
NonConvex  2
INFO:gurobipy:NonConvex  2
Presolve  2
INFO:gurobipy:Presolve  2
PreSparsify  2
INFO:gurobipy:PreSparsify  2
Threads  16
INFO:gurobipy:Threads  16

INFO:gurobipy:
Academic license 2756285 - for non-commercial use only - registered to po___@uvic.ca
INFO:gurobipy:Academic license 2756285 - for non-commercial use only - registered to po___@uvic.ca
Optimize a model with 221725 rows, 506601 columns and 2265189 nonzeros
INFO:gurobipy:Optimize a model with 221725 rows, 506601 columns and 2265189 nonzeros
Model fingerprint: 0xed2f0623
INFO:gurobipy:Model fingerprint: 0xed2f0623
Variable types: 6704 continuous, 499897 integer (499897 binary)
INFO:gurobipy:Variable types: 6704 continuous, 499897 integer (499897 binary)
Coefficient statistics:
INFO:gurobipy:Coefficient statistics:
  Matrix range     [6e-05, 3e+01]
INFO:gurobipy:  Matrix range     [6e-05, 3e+01]
  Objective range  [5e-02, 6e+00]
INFO:gurobipy:  Objective range  [5e-02, 6e+00]
  Bounds range     [1e+00, 1e+00]
INFO:gurobipy:  Bounds range     [1e+00, 1e+00]
  RHS range        [2e-01, 1e+00]
INFO:gurobipy:  RHS range        [2e-01, 1e+00]
Presolve removed 16801 rows and 308522 columns (presolve time = 5s)...
INFO:gurobipy:Presolve removed 16801 rows and 308522 columns (presolve time = 5s)...
Presolve removed 16803 rows and 308522 columns (presolve time = 10s)...
INFO:gurobipy:Presolve removed 16803 rows and 308522 columns (presolve time = 10s)...
Presolve removed 16803 rows and 308522 columns (presolve time = 15s)...
INFO:gurobipy:Presolve removed 16803 rows and 308522 columns (presolve time = 15s)...
Presolve removed 16803 rows and 308522 columns (presolve time = 20s)...
INFO:gurobipy:Presolve removed 16803 rows and 308522 columns (presolve time = 20s)...
Presolve removed 16807 rows and 308522 columns (presolve time = 25s)...
INFO:gurobipy:Presolve removed 16807 rows and 308522 columns (presolve time = 25s)...
Presolve removed 16807 rows and 308522 columns (presolve time = 30s)...
INFO:gurobipy:Presolve removed 16807 rows and 308522 columns (presolve time = 30s)...
Presolve removed 16807 rows and 308522 columns (presolve time = 35s)...
INFO:gurobipy:Presolve removed 16807 rows and 308522 columns (presolve time = 35s)...
Presolve removed 16807 rows and 308522 columns (presolve time = 40s)...
INFO:gurobipy:Presolve removed 16807 rows and 308522 columns (presolve time = 40s)...
Presolve removed 16807 rows and 308522 columns (presolve time = 45s)...
INFO:gurobipy:Presolve removed 16807 rows and 308522 columns (presolve time = 45s)...
Presolve removed 16807 rows and 308522 columns (presolve time = 50s)...
INFO:gurobipy:Presolve removed 16807 rows and 308522 columns (presolve time = 50s)...
Presolve removed 16807 rows and 308522 columns (presolve time = 55s)...
INFO:gurobipy:Presolve removed 16807 rows and 308522 columns (presolve time = 55s)...
Presolve removed 16807 rows and 308522 columns (presolve time = 60s)...
INFO:gurobipy:Presolve removed 16807 rows and 308522 columns (presolve time = 60s)...
Presolve removed 16811 rows and 308522 columns (presolve time = 65s)...
INFO:gurobipy:Presolve removed 16811 rows and 308522 columns (presolve time = 65s)...
Presolve removed 16811 rows and 308522 columns (presolve time = 70s)...
INFO:gurobipy:Presolve removed 16811 rows and 308522 columns (presolve time = 70s)...
Presolve removed 16811 rows and 308522 columns (presolve time = 75s)...
INFO:gurobipy:Presolve removed 16811 rows and 308522 columns (presolve time = 75s)...
Presolve removed 16811 rows and 308522 columns (presolve time = 80s)...
INFO:gurobipy:Presolve removed 16811 rows and 308522 columns (presolve time = 80s)...
Presolve removed 16823 rows and 308522 columns (presolve time = 85s)...
INFO:gurobipy:Presolve removed 16823 rows and 308522 columns (presolve time = 85s)...
Presolve removed 16823 rows and 308522 columns (presolve time = 90s)...
INFO:gurobipy:Presolve removed 16823 rows and 308522 columns (presolve time = 90s)...
Presolve removed 16823 rows and 308522 columns (presolve time = 95s)...
INFO:gurobipy:Presolve removed 16823 rows and 308522 columns (presolve time = 95s)...
Presolve removed 16823 rows and 308522 columns (presolve time = 100s)...
INFO:gurobipy:Presolve removed 16823 rows and 308522 columns (presolve time = 100s)...
Presolve removed 16835 rows and 308522 columns (presolve time = 105s)...
INFO:gurobipy:Presolve removed 16835 rows and 308522 columns (presolve time = 105s)...
Presolve removed 16839 rows and 308522 columns (presolve time = 110s)...
INFO:gurobipy:Presolve removed 16839 rows and 308522 columns (presolve time = 110s)...
Presolve removed 16839 rows and 308522 columns (presolve time = 115s)...
INFO:gurobipy:Presolve removed 16839 rows and 308522 columns (presolve time = 115s)...
Presolve removed 16841 rows and 308522 columns (presolve time = 120s)...
INFO:gurobipy:Presolve removed 16841 rows and 308522 columns (presolve time = 120s)...
Presolve removed 16843 rows and 308522 columns (presolve time = 125s)...
INFO:gurobipy:Presolve removed 16843 rows and 308522 columns (presolve time = 125s)...
Presolve removed 16843 rows and 308522 columns (presolve time = 130s)...
INFO:gurobipy:Presolve removed 16843 rows and 308522 columns (presolve time = 130s)...
Presolve removed 16843 rows and 308522 columns (presolve time = 135s)...
INFO:gurobipy:Presolve removed 16843 rows and 308522 columns (presolve time = 135s)...
Presolve removed 16855 rows and 308522 columns (presolve time = 140s)...
INFO:gurobipy:Presolve removed 16855 rows and 308522 columns (presolve time = 140s)...
Presolve removed 16855 rows and 308522 columns (presolve time = 145s)...
INFO:gurobipy:Presolve removed 16855 rows and 308522 columns (presolve time = 145s)...
Presolve removed 16855 rows and 308522 columns (presolve time = 150s)...
INFO:gurobipy:Presolve removed 16855 rows and 308522 columns (presolve time = 150s)...
Presolve removed 16917 rows and 308572 columns (presolve time = 155s)...
INFO:gurobipy:Presolve removed 16917 rows and 308572 columns (presolve time = 155s)...
Presolve removed 16931 rows and 308572 columns (presolve time = 160s)...
INFO:gurobipy:Presolve removed 16931 rows and 308572 columns (presolve time = 160s)...
Presolve removed 16931 rows and 308572 columns (presolve time = 165s)...
INFO:gurobipy:Presolve removed 16931 rows and 308572 columns (presolve time = 165s)...
Presolve removed 16931 rows and 308572 columns (presolve time = 170s)...
INFO:gurobipy:Presolve removed 16931 rows and 308572 columns (presolve time = 170s)...
Presolve removed 16931 rows and 308572 columns (presolve time = 175s)...
INFO:gurobipy:Presolve removed 16931 rows and 308572 columns (presolve time = 175s)...
Presolve removed 16931 rows and 308572 columns (presolve time = 180s)...
INFO:gurobipy:Presolve removed 16931 rows and 308572 columns (presolve time = 180s)...
Presolve removed 16931 rows and 308572 columns (presolve time = 185s)...
INFO:gurobipy:Presolve removed 16931 rows and 308572 columns (presolve time = 185s)...
Presolve removed 16931 rows and 308572 columns (presolve time = 190s)...
INFO:gurobipy:Presolve removed 16931 rows and 308572 columns (presolve time = 190s)...
Presolve removed 16931 rows and 308572 columns (presolve time = 195s)...
INFO:gurobipy:Presolve removed 16931 rows and 308572 columns (presolve time = 195s)...
Presolve removed 16931 rows and 308572 columns (presolve time = 200s)...
INFO:gurobipy:Presolve removed 16931 rows and 308572 columns (presolve time = 200s)...
Presolve removed 16931 rows and 308572 columns (presolve time = 205s)...
INFO:gurobipy:Presolve removed 16931 rows and 308572 columns (presolve time = 205s)...
Presolve removed 16931 rows and 308572 columns (presolve time = 210s)...
INFO:gurobipy:Presolve removed 16931 rows and 308572 columns (presolve time = 210s)...
Presolve removed 16931 rows and 308572 columns (presolve time = 215s)...
INFO:gurobipy:Presolve removed 16931 rows and 308572 columns (presolve time = 215s)...
Presolve removed 16931 rows and 308572 columns (presolve time = 220s)...
INFO:gurobipy:Presolve removed 16931 rows and 308572 columns (presolve time = 220s)...
Presolve removed 16931 rows and 308572 columns (presolve time = 225s)...
INFO:gurobipy:Presolve removed 16931 rows and 308572 columns (presolve time = 225s)...
Presolve removed 16931 rows and 308572 columns (presolve time = 230s)...
INFO:gurobipy:Presolve removed 16931 rows and 308572 columns (presolve time = 230s)...
Presolve removed 16931 rows and 308572 columns (presolve time = 235s)...
INFO:gurobipy:Presolve removed 16931 rows and 308572 columns (presolve time = 235s)...
Presolve removed 16931 rows and 308572 columns (presolve time = 240s)...
INFO:gurobipy:Presolve removed 16931 rows and 308572 columns (presolve time = 240s)...
Presolve removed 16931 rows and 308572 columns (presolve time = 245s)...
INFO:gurobipy:Presolve removed 16931 rows and 308572 columns (presolve time = 245s)...
Presolve removed 16931 rows and 308572 columns (presolve time = 250s)...
INFO:gurobipy:Presolve removed 16931 rows and 308572 columns (presolve time = 250s)...
Presolve removed 16931 rows and 308572 columns (presolve time = 255s)...
INFO:gurobipy:Presolve removed 16931 rows and 308572 columns (presolve time = 255s)...
Presolve removed 16931 rows and 308572 columns (presolve time = 260s)...
INFO:gurobipy:Presolve removed 16931 rows and 308572 columns (presolve time = 260s)...
Presolve removed 16931 rows and 308572 columns (presolve time = 265s)...
INFO:gurobipy:Presolve removed 16931 rows and 308572 columns (presolve time = 265s)...
Presolve removed 16931 rows and 308572 columns (presolve time = 270s)...
INFO:gurobipy:Presolve removed 16931 rows and 308572 columns (presolve time = 270s)...
Presolve removed 16931 rows and 308572 columns (presolve time = 275s)...
INFO:gurobipy:Presolve removed 16931 rows and 308572 columns (presolve time = 275s)...
Presolve removed 16931 rows and 308572 columns (presolve time = 280s)...
INFO:gurobipy:Presolve removed 16931 rows and 308572 columns (presolve time = 280s)...
Presolve removed 16931 rows and 308572 columns (presolve time = 285s)...
INFO:gurobipy:Presolve removed 16931 rows and 308572 columns (presolve time = 285s)...
Presolve removed 16931 rows and 308572 columns (presolve time = 290s)...
INFO:gurobipy:Presolve removed 16931 rows and 308572 columns (presolve time = 290s)...
Presolve removed 16931 rows and 308572 columns (presolve time = 295s)...
INFO:gurobipy:Presolve removed 16931 rows and 308572 columns (presolve time = 295s)...
Presolve removed 16935 rows and 308572 columns (presolve time = 300s)...
INFO:gurobipy:Presolve removed 16935 rows and 308572 columns (presolve time = 300s)...
Presolve removed 16935 rows and 308572 columns (presolve time = 305s)...
INFO:gurobipy:Presolve removed 16935 rows and 308572 columns (presolve time = 305s)...
Presolve removed 16935 rows and 308572 columns (presolve time = 310s)...
INFO:gurobipy:Presolve removed 16935 rows and 308572 columns (presolve time = 310s)...
Presolve removed 16935 rows and 308572 columns (presolve time = 315s)...
INFO:gurobipy:Presolve removed 16935 rows and 308572 columns (presolve time = 315s)...
Presolve removed 16935 rows and 308572 columns (presolve time = 320s)...
INFO:gurobipy:Presolve removed 16935 rows and 308572 columns (presolve time = 320s)...
Presolve removed 16935 rows and 308572 columns (presolve time = 325s)...
INFO:gurobipy:Presolve removed 16935 rows and 308572 columns (presolve time = 325s)...
Presolve removed 16935 rows and 308572 columns (presolve time = 330s)...
INFO:gurobipy:Presolve removed 16935 rows and 308572 columns (presolve time = 330s)...
Presolve removed 16935 rows and 308572 columns (presolve time = 335s)...
INFO:gurobipy:Presolve removed 16935 rows and 308572 columns (presolve time = 335s)...
Presolve removed 16935 rows and 308572 columns (presolve time = 340s)...
INFO:gurobipy:Presolve removed 16935 rows and 308572 columns (presolve time = 340s)...
Presolve removed 16935 rows and 308572 columns (presolve time = 345s)...
INFO:gurobipy:Presolve removed 16935 rows and 308572 columns (presolve time = 345s)...
Presolve removed 16935 rows and 308572 columns (presolve time = 350s)...
INFO:gurobipy:Presolve removed 16935 rows and 308572 columns (presolve time = 350s)...
Presolve removed 16935 rows and 308572 columns (presolve time = 355s)...
INFO:gurobipy:Presolve removed 16935 rows and 308572 columns (presolve time = 355s)...
Presolve removed 16935 rows and 308572 columns (presolve time = 360s)...
INFO:gurobipy:Presolve removed 16935 rows and 308572 columns (presolve time = 360s)...
Presolve removed 16935 rows and 308572 columns (presolve time = 365s)...
INFO:gurobipy:Presolve removed 16935 rows and 308572 columns (presolve time = 365s)...
Presolve removed 16935 rows and 308572 columns (presolve time = 374s)...
INFO:gurobipy:Presolve removed 16935 rows and 308572 columns (presolve time = 374s)...
Presolve removed 16935 rows and 308572 columns (presolve time = 375s)...
INFO:gurobipy:Presolve removed 16935 rows and 308572 columns (presolve time = 375s)...
Presolve removed 16935 rows and 308572 columns (presolve time = 381s)...
INFO:gurobipy:Presolve removed 16935 rows and 308572 columns (presolve time = 381s)...
Presolve removed 19317 rows and 310950 columns (presolve time = 385s)...
INFO:gurobipy:Presolve removed 19317 rows and 310950 columns (presolve time = 385s)...
Presolve removed 19317 rows and 310950 columns (presolve time = 390s)...
INFO:gurobipy:Presolve removed 19317 rows and 310950 columns (presolve time = 390s)...
Presolve removed 19317 rows and 310950 columns (presolve time = 395s)...
INFO:gurobipy:Presolve removed 19317 rows and 310950 columns (presolve time = 395s)...
Presolve removed 19317 rows and 310950 columns (presolve time = 400s)...
INFO:gurobipy:Presolve removed 19317 rows and 310950 columns (presolve time = 400s)...
Presolve removed 19317 rows and 310950 columns (presolve time = 405s)...
INFO:gurobipy:Presolve removed 19317 rows and 310950 columns (presolve time = 405s)...
Presolve removed 19317 rows and 310950 columns (presolve time = 410s)...
INFO:gurobipy:Presolve removed 19317 rows and 310950 columns (presolve time = 410s)...
Presolve removed 19317 rows and 310950 columns (presolve time = 415s)...
INFO:gurobipy:Presolve removed 19317 rows and 310950 columns (presolve time = 415s)...
Presolve removed 19317 rows and 310950 columns (presolve time = 420s)...
INFO:gurobipy:Presolve removed 19317 rows and 310950 columns (presolve time = 420s)...
Presolve removed 19317 rows and 310950 columns (presolve time = 425s)...
INFO:gurobipy:Presolve removed 19317 rows and 310950 columns (presolve time = 425s)...
Presolve removed 19317 rows and 310950 columns (presolve time = 430s)...
INFO:gurobipy:Presolve removed 19317 rows and 310950 columns (presolve time = 430s)...
Presolve removed 19317 rows and 310950 columns (presolve time = 435s)...
INFO:gurobipy:Presolve removed 19317 rows and 310950 columns (presolve time = 435s)...
Presolve removed 19317 rows and 310950 columns (presolve time = 440s)...
INFO:gurobipy:Presolve removed 19317 rows and 310950 columns (presolve time = 440s)...
Presolve removed 19317 rows and 310950 columns (presolve time = 445s)...
INFO:gurobipy:Presolve removed 19317 rows and 310950 columns (presolve time = 445s)...
Presolve removed 19317 rows and 310950 columns (presolve time = 450s)...
INFO:gurobipy:Presolve removed 19317 rows and 310950 columns (presolve time = 450s)...
Presolve removed 19317 rows and 310950 columns (presolve time = 455s)...
INFO:gurobipy:Presolve removed 19317 rows and 310950 columns (presolve time = 455s)...
Presolve removed 19317 rows and 310950 columns (presolve time = 460s)...
INFO:gurobipy:Presolve removed 19317 rows and 310950 columns (presolve time = 460s)...
Presolve removed 19317 rows and 310950 columns (presolve time = 465s)...
INFO:gurobipy:Presolve removed 19317 rows and 310950 columns (presolve time = 465s)...
Presolve removed 19317 rows and 310950 columns (presolve time = 470s)...
INFO:gurobipy:Presolve removed 19317 rows and 310950 columns (presolve time = 470s)...
Presolve removed 19317 rows and 310950 columns (presolve time = 475s)...
INFO:gurobipy:Presolve removed 19317 rows and 310950 columns (presolve time = 475s)...
Presolve removed 19317 rows and 310950 columns (presolve time = 480s)...
INFO:gurobipy:Presolve removed 19317 rows and 310950 columns (presolve time = 480s)...
Presolve removed 19317 rows and 310950 columns (presolve time = 485s)...
INFO:gurobipy:Presolve removed 19317 rows and 310950 columns (presolve time = 485s)...
Presolve removed 19317 rows and 310950 columns (presolve time = 490s)...
INFO:gurobipy:Presolve removed 19317 rows and 310950 columns (presolve time = 490s)...
Presolve removed 19317 rows and 310950 columns (presolve time = 495s)...
INFO:gurobipy:Presolve removed 19317 rows and 310950 columns (presolve time = 495s)...
Presolve removed 19317 rows and 310950 columns (presolve time = 500s)...
INFO:gurobipy:Presolve removed 19317 rows and 310950 columns (presolve time = 500s)...
Presolve removed 19317 rows and 310950 columns (presolve time = 505s)...
INFO:gurobipy:Presolve removed 19317 rows and 310950 columns (presolve time = 505s)...
Presolve removed 19317 rows and 310950 columns (presolve time = 510s)...
INFO:gurobipy:Presolve removed 19317 rows and 310950 columns (presolve time = 510s)...
Presolve removed 19317 rows and 310950 columns (presolve time = 515s)...
INFO:gurobipy:Presolve removed 19317 rows and 310950 columns (presolve time = 515s)...
Presolve removed 19317 rows and 310950 columns (presolve time = 520s)...
INFO:gurobipy:Presolve removed 19317 rows and 310950 columns (presolve time = 520s)...
Presolve removed 19317 rows and 310950 columns (presolve time = 525s)...
INFO:gurobipy:Presolve removed 19317 rows and 310950 columns (presolve time = 525s)...
Presolve removed 19317 rows and 310950 columns (presolve time = 530s)...
INFO:gurobipy:Presolve removed 19317 rows and 310950 columns (presolve time = 530s)...
Presolve removed 19317 rows and 310950 columns (presolve time = 535s)...
INFO:gurobipy:Presolve removed 19317 rows and 310950 columns (presolve time = 535s)...
Presolve removed 19317 rows and 310950 columns (presolve time = 540s)...
INFO:gurobipy:Presolve removed 19317 rows and 310950 columns (presolve time = 540s)...
Presolve removed 19317 rows and 310950 columns (presolve time = 545s)...
INFO:gurobipy:Presolve removed 19317 rows and 310950 columns (presolve time = 545s)...
Presolve removed 19317 rows and 310950 columns (presolve time = 550s)...
INFO:gurobipy:Presolve removed 19317 rows and 310950 columns (presolve time = 550s)...
Presolve removed 19317 rows and 310950 columns (presolve time = 555s)...
INFO:gurobipy:Presolve removed 19317 rows and 310950 columns (presolve time = 555s)...
Presolve removed 19317 rows and 310950 columns (presolve time = 560s)...
INFO:gurobipy:Presolve removed 19317 rows and 310950 columns (presolve time = 560s)...
Presolve removed 19317 rows and 310950 columns (presolve time = 565s)...
INFO:gurobipy:Presolve removed 19317 rows and 310950 columns (presolve time = 565s)...
Presolve removed 19317 rows and 310950 columns (presolve time = 570s)...
INFO:gurobipy:Presolve removed 19317 rows and 310950 columns (presolve time = 570s)...
Presolve removed 19317 rows and 310950 columns (presolve time = 575s)...
INFO:gurobipy:Presolve removed 19317 rows and 310950 columns (presolve time = 575s)...
Presolve removed 19317 rows and 310950 columns (presolve time = 580s)...
INFO:gurobipy:Presolve removed 19317 rows and 310950 columns (presolve time = 580s)...
Presolve removed 19317 rows and 310950 columns (presolve time = 585s)...
INFO:gurobipy:Presolve removed 19317 rows and 310950 columns (presolve time = 585s)...
Presolve removed 19317 rows and 310950 columns (presolve time = 590s)...
INFO:gurobipy:Presolve removed 19317 rows and 310950 columns (presolve time = 590s)...
Presolve removed 19317 rows and 310950 columns (presolve time = 595s)...
INFO:gurobipy:Presolve removed 19317 rows and 310950 columns (presolve time = 595s)...
Presolve removed 19317 rows and 310950 columns (presolve time = 600s)...
INFO:gurobipy:Presolve removed 19317 rows and 310950 columns (presolve time = 600s)...
Presolve removed 19317 rows and 310950 columns (presolve time = 605s)...
INFO:gurobipy:Presolve removed 19317 rows and 310950 columns (presolve time = 605s)...
Presolve removed 19317 rows and 310950 columns (presolve time = 610s)...
INFO:gurobipy:Presolve removed 19317 rows and 310950 columns (presolve time = 610s)...
Presolve removed 19317 rows and 310950 columns (presolve time = 615s)...
INFO:gurobipy:Presolve removed 19317 rows and 310950 columns (presolve time = 615s)...
Presolve removed 19317 rows and 310950 columns (presolve time = 620s)...
INFO:gurobipy:Presolve removed 19317 rows and 310950 columns (presolve time = 620s)...
Presolve removed 19317 rows and 310950 columns (presolve time = 625s)...
INFO:gurobipy:Presolve removed 19317 rows and 310950 columns (presolve time = 625s)...
Presolve removed 19317 rows and 310950 columns (presolve time = 630s)...
INFO:gurobipy:Presolve removed 19317 rows and 310950 columns (presolve time = 630s)...
Presolve removed 19317 rows and 310950 columns (presolve time = 635s)...
INFO:gurobipy:Presolve removed 19317 rows and 310950 columns (presolve time = 635s)...
Presolve removed 19317 rows and 310950 columns (presolve time = 640s)...
INFO:gurobipy:Presolve removed 19317 rows and 310950 columns (presolve time = 640s)...
Presolve removed 19317 rows and 310950 columns (presolve time = 645s)...
INFO:gurobipy:Presolve removed 19317 rows and 310950 columns (presolve time = 645s)...
Presolve removed 19317 rows and 310950 columns (presolve time = 650s)...
INFO:gurobipy:Presolve removed 19317 rows and 310950 columns (presolve time = 650s)...
Presolve removed 19317 rows and 310950 columns (presolve time = 655s)...
INFO:gurobipy:Presolve removed 19317 rows and 310950 columns (presolve time = 655s)...
Presolve removed 19317 rows and 310950 columns (presolve time = 660s)...
INFO:gurobipy:Presolve removed 19317 rows and 310950 columns (presolve time = 660s)...
Presolve removed 19317 rows and 310950 columns (presolve time = 665s)...
INFO:gurobipy:Presolve removed 19317 rows and 310950 columns (presolve time = 665s)...
Presolve removed 19317 rows and 310950 columns (presolve time = 670s)...
INFO:gurobipy:Presolve removed 19317 rows and 310950 columns (presolve time = 670s)...
Presolve removed 19317 rows and 310950 columns (presolve time = 675s)...
INFO:gurobipy:Presolve removed 19317 rows and 310950 columns (presolve time = 675s)...
Presolve removed 19317 rows and 310950 columns (presolve time = 680s)...
INFO:gurobipy:Presolve removed 19317 rows and 310950 columns (presolve time = 680s)...
Sparsify removed 786874 nonzeros (40%)
INFO:gurobipy:Sparsify removed 786874 nonzeros (40%)
Presolve removed 19317 rows and 304427 columns
INFO:gurobipy:Presolve removed 19317 rows and 304427 columns
Presolve time: 680.96s
INFO:gurobipy:Presolve time: 680.96s
Presolved: 202408 rows, 202174 columns, 1192859 nonzeros
INFO:gurobipy:Presolved: 202408 rows, 202174 columns, 1192859 nonzeros
Variable types: 13080 continuous, 189094 integer (188947 binary)
INFO:gurobipy:Variable types: 13080 continuous, 189094 integer (188947 binary)
Sparsify removed 20469 nonzeros (2%)
INFO:gurobipy:Sparsify removed 20469 nonzeros (2%)
Root relaxation presolved: 202408 rows, 202174 columns, 1172390 nonzeros
INFO:gurobipy:Root relaxation presolved: 202408 rows, 202174 columns, 1172390 nonzeros

INFO:gurobipy:
Sparsify removed 12147 nonzeros (2%)
INFO:gurobipy:Sparsify removed 12147 nonzeros (2%)
Deterministic concurrent LP optimizer: primal simplex, dual simplex, and barrier
INFO:gurobipy:Deterministic concurrent LP optimizer: primal simplex, dual simplex, and barrier
Showing barrier log only...
INFO:gurobipy:Showing barrier log only...

INFO:gurobipy:
Root barrier log...
INFO:gurobipy:Root barrier log...

INFO:gurobipy:
Ordering time: 0.37s
INFO:gurobipy:Ordering time: 0.37s

INFO:gurobipy:
Barrier statistics:
INFO:gurobipy:Barrier statistics:
 Dense cols : 60
INFO:gurobipy: Dense cols : 60
 AA' NZ     : 1.036e+06
INFO:gurobipy: AA' NZ     : 1.036e+06
 Factor NZ  : 3.049e+06 (roughly 130 MB of memory)
INFO:gurobipy: Factor NZ  : 3.049e+06 (roughly 130 MB of memory)
 Factor Ops : 4.371e+08 (less than 1 second per iteration)
INFO:gurobipy: Factor Ops : 4.371e+08 (less than 1 second per iteration)
 Threads    : 13
INFO:gurobipy: Threads    : 13

INFO:gurobipy:
                  Objective                Residual
INFO:gurobipy:                  Objective                Residual
Iter       Primal          Dual         Primal    Dual     Compl     Time
INFO:gurobipy:Iter       Primal          Dual         Primal    Dual     Compl     Time
   0   1.26066302e+06 -1.76383334e+06  2.41e+04 2.56e+00  3.26e+02   689s
INFO:gurobipy:   0   1.26066302e+06 -1.76383334e+06  2.41e+04 2.56e+00  3.26e+02   689s
   1   1.13832109e+06 -1.79818956e+06  2.16e+04 2.71e+00  2.96e+02   689s
INFO:gurobipy:   1   1.13832109e+06 -1.79818956e+06  2.16e+04 2.71e+00  2.96e+02   689s
   2   9.99126001e+05 -1.81050724e+06  1.62e+04 5.14e+00  2.61e+02   689s
INFO:gurobipy:   2   9.99126001e+05 -1.81050724e+06  1.62e+04 5.14e+00  2.61e+02   689s
   3   7.60956871e+05 -2.00451470e+06  1.16e+04 4.21e-01  1.96e+02   689s
INFO:gurobipy:   3   7.60956871e+05 -2.00451470e+06  1.16e+04 4.21e-01  1.96e+02   689s
   4   4.34862183e+05 -1.66901376e+06  6.49e+03 2.58e-09  1.10e+02   689s
INFO:gurobipy:   4   4.34862183e+05 -1.66901376e+06  6.49e+03 2.58e-09  1.10e+02   689s
   5   1.05540745e+05 -1.35565030e+06  1.14e+03 1.04e-09  2.60e+01   689s
INFO:gurobipy:   5   1.05540745e+05 -1.35565030e+06  1.14e+03 1.04e-09  2.60e+01   689s
   6   4.62129998e+04 -8.40662055e+05  1.73e+02 7.41e-10  9.12e+00   689s
INFO:gurobipy:   6   4.62129998e+04 -8.40662055e+05  1.73e+02 7.41e-10  9.12e+00   689s
   7   2.85003418e+04 -7.13924364e+05  7.37e+01 7.77e-10  4.96e+00   689s
INFO:gurobipy:   7   2.85003418e+04 -7.13924364e+05  7.37e+01 7.77e-10  4.96e+00   689s
   8   2.22795029e+04 -5.86245394e+05  4.57e+01 6.02e-10  3.38e+00   689s
INFO:gurobipy:   8   2.22795029e+04 -5.86245394e+05  4.57e+01 6.02e-10  3.38e+00   689s
   9   1.75350030e+04 -5.19204326e+05  2.63e+01 5.10e-10  2.41e+00   690s
INFO:gurobipy:   9   1.75350030e+04 -5.19204326e+05  2.63e+01 5.10e-10  2.41e+00   690s
  10   1.44191548e+04 -4.25785071e+05  1.54e+01 3.93e-10  1.71e+00   690s
INFO:gurobipy:  10   1.44191548e+04 -4.25785071e+05  1.54e+01 3.93e-10  1.71e+00   690s
  11   1.22814388e+04 -2.85747305e+05  9.32e+00 2.42e-10  1.06e+00   690s
INFO:gurobipy:  11   1.22814388e+04 -2.85747305e+05  9.32e+00 2.42e-10  1.06e+00   690s
  12   9.52179007e+03 -1.90020127e+05  4.05e+00 1.47e-10  6.24e-01   690s
INFO:gurobipy:  12   9.52179007e+03 -1.90020127e+05  4.05e+00 1.47e-10  6.24e-01   690s
  13   7.12052103e+03 -8.31938189e+04  1.54e+00 5.74e-11  2.61e-01   690s
INFO:gurobipy:  13   7.12052103e+03 -8.31938189e+04  1.54e+00 5.74e-11  2.61e-01   690s
  14   6.18533030e+03 -5.20317511e+04  1.04e+00 3.58e-11  1.65e-01   690s
INFO:gurobipy:  14   6.18533030e+03 -5.20317511e+04  1.04e+00 3.58e-11  1.65e-01   690s
  15   4.35819415e+03 -2.23331476e+04  4.11e-01 1.47e-11  7.34e-02   690s
INFO:gurobipy:  15   4.35819415e+03 -2.23331476e+04  4.11e-01 1.47e-11  7.34e-02   690s
  16   3.60810761e+03 -1.55253814e+04  2.04e-01 1.04e-11  5.21e-02   690s
INFO:gurobipy:  16   3.60810761e+03 -1.55253814e+04  2.04e-01 1.04e-11  5.21e-02   690s
  17   3.36171581e+03 -1.32269442e+04  1.50e-01 9.12e-12  4.50e-02   690s
INFO:gurobipy:  17   3.36171581e+03 -1.32269442e+04  1.50e-01 9.12e-12  4.50e-02   690s
  18   3.16944163e+03 -9.63993179e+03  1.14e-01 6.84e-12  3.47e-02   690s
INFO:gurobipy:  18   3.16944163e+03 -9.63993179e+03  1.14e-01 6.84e-12  3.47e-02   690s
  19   3.06965287e+03 -9.29184417e+03  9.98e-02 6.64e-12  3.35e-02   691s
INFO:gurobipy:  19   3.06965287e+03 -9.29184417e+03  9.98e-02 6.64e-12  3.35e-02   691s
  20   3.01526819e+03 -8.37039842e+03  9.47e-02 6.14e-12  3.08e-02   691s
INFO:gurobipy:  20   3.01526819e+03 -8.37039842e+03  9.47e-02 6.14e-12  3.08e-02   691s
  21   2.67558394e+03 -5.70637633e+03  6.46e-02 4.50e-12  2.27e-02   691s
INFO:gurobipy:  21   2.67558394e+03 -5.70637633e+03  6.46e-02 4.50e-12  2.27e-02   691s
  22   2.37648424e+03 -4.54039457e+03  4.95e-02 3.70e-12  1.87e-02   691s
INFO:gurobipy:  22   2.37648424e+03 -4.54039457e+03  4.95e-02 3.70e-12  1.87e-02   691s
  23   2.01473934e+03 -3.50137053e+03  3.29e-02 2.95e-12  1.49e-02   691s
INFO:gurobipy:  23   2.01473934e+03 -3.50137053e+03  3.29e-02 2.95e-12  1.49e-02   691s
  24   1.72084748e+03 -2.65771871e+03  2.64e-02 2.30e-12  1.18e-02   691s
INFO:gurobipy:  24   1.72084748e+03 -2.65771871e+03  2.64e-02 2.30e-12  1.18e-02   691s
  25   1.44859913e+03 -2.03334796e+03  2.00e-02 1.86e-12  9.39e-03   691s
INFO:gurobipy:  25   1.44859913e+03 -2.03334796e+03  2.00e-02 1.86e-12  9.39e-03   691s
  26   1.24970920e+03 -1.18414220e+03  1.53e-02 1.26e-12  6.56e-03   692s
INFO:gurobipy:  26   1.24970920e+03 -1.18414220e+03  1.53e-02 1.26e-12  6.56e-03   692s
  27   1.13148777e+03 -8.20999355e+02  1.26e-02 9.72e-13  5.26e-03   692s
INFO:gurobipy:  27   1.13148777e+03 -8.20999355e+02  1.26e-02 9.72e-13  5.26e-03   692s
  28   9.92346743e+02 -5.26734052e+02  9.24e-03 7.71e-13  4.10e-03   692s
INFO:gurobipy:  28   9.92346743e+02 -5.26734052e+02  9.24e-03 7.71e-13  4.10e-03   692s
  29   8.86940450e+02 -2.47976671e+02  6.74e-03 6.04e-13  3.06e-03   692s
INFO:gurobipy:  29   8.86940450e+02 -2.47976671e+02  6.74e-03 6.04e-13  3.06e-03   692s
  30   7.97843623e+02 -2.80507908e+01  4.65e-03 4.26e-13  2.23e-03   692s
INFO:gurobipy:  30   7.97843623e+02 -2.80507908e+01  4.65e-03 4.26e-13  2.23e-03   692s
  31   7.20407179e+02  9.16703647e+01  2.92e-03 3.40e-13  1.69e-03   692s
INFO:gurobipy:  31   7.20407179e+02  9.16703647e+01  2.92e-03 3.40e-13  1.69e-03   692s
  32   6.79603569e+02  2.24101980e+02  2.04e-03 2.34e-13  1.23e-03   692s
INFO:gurobipy:  32   6.79603569e+02  2.24101980e+02  2.04e-03 2.34e-13  1.23e-03   692s
  33   6.51706566e+02  2.99166692e+02  1.50e-03 1.53e-13  9.50e-04   693s
INFO:gurobipy:  33   6.51706566e+02  2.99166692e+02  1.50e-03 1.53e-13  9.50e-04   693s
  34   6.27857871e+02  3.50236584e+02  1.07e-03 1.25e-13  7.48e-04   693s
INFO:gurobipy:  34   6.27857871e+02  3.50236584e+02  1.07e-03 1.25e-13  7.48e-04   693s
  35   6.11695181e+02  3.93837957e+02  7.99e-04 8.11e-14  5.87e-04   693s
INFO:gurobipy:  35   6.11695181e+02  3.93837957e+02  7.99e-04 8.11e-14  5.87e-04   693s
  36   5.99026246e+02  4.29907823e+02  6.06e-04 6.86e-14  4.56e-04   693s
INFO:gurobipy:  36   5.99026246e+02  4.29907823e+02  6.06e-04 6.86e-14  4.56e-04   693s
  37   5.88638836e+02  4.47862279e+02  4.55e-04 6.23e-14  3.79e-04   693s
INFO:gurobipy:  37   5.88638836e+02  4.47862279e+02  4.55e-04 6.23e-14  3.79e-04   693s
  38   5.77649249e+02  4.70047581e+02  3.04e-04 6.13e-14  2.90e-04   693s
INFO:gurobipy:  38   5.77649249e+02  4.70047581e+02  3.04e-04 6.13e-14  2.90e-04   693s
  39   5.72363711e+02  4.93707602e+02  2.39e-04 4.07e-14  2.12e-04   693s
INFO:gurobipy:  39   5.72363711e+02  4.93707602e+02  2.39e-04 4.07e-14  2.12e-04   693s
  40   5.65726787e+02  5.03007048e+02  1.64e-04 3.49e-14  1.69e-04   694s
INFO:gurobipy:  40   5.65726787e+02  5.03007048e+02  1.64e-04 3.49e-14  1.69e-04   694s
  41   5.63197387e+02  5.17068846e+02  1.38e-04 4.75e-14  1.24e-04   694s
INFO:gurobipy:  41   5.63197387e+02  5.17068846e+02  1.38e-04 4.75e-14  1.24e-04   694s
  42   5.59358208e+02  5.21028358e+02  9.97e-05 3.41e-14  1.03e-04   694s
INFO:gurobipy:  42   5.59358208e+02  5.21028358e+02  9.97e-05 3.41e-14  1.03e-04   694s
  43   5.58125175e+02  5.25060535e+02  8.80e-05 3.68e-14  8.91e-05   694s
INFO:gurobipy:  43   5.58125175e+02  5.25060535e+02  8.80e-05 3.68e-14  8.91e-05   694s
  44   5.55537943e+02  5.29036313e+02  6.38e-05 3.86e-14  7.14e-05   694s
INFO:gurobipy:  44   5.55537943e+02  5.29036313e+02  6.38e-05 3.86e-14  7.14e-05   694s
  45   5.53563515e+02  5.32652810e+02  4.53e-05 2.28e-14  5.64e-05   694s
INFO:gurobipy:  45   5.53563515e+02  5.32652810e+02  4.53e-05 2.28e-14  5.64e-05   694s
  46   5.52815867e+02  5.35021803e+02  3.88e-05 1.97e-14  4.80e-05   694s
INFO:gurobipy:  46   5.52815867e+02  5.35021803e+02  3.88e-05 1.97e-14  4.80e-05   694s
  47   5.51764087e+02  5.37480320e+02  3.04e-05 2.94e-14  3.85e-05   695s
INFO:gurobipy:  47   5.51764087e+02  5.37480320e+02  3.04e-05 2.94e-14  3.85e-05   695s
  48   5.51346135e+02  5.38339739e+02  2.68e-05 2.84e-14  3.51e-05   695s
INFO:gurobipy:  48   5.51346135e+02  5.38339739e+02  2.68e-05 2.84e-14  3.51e-05   695s
  49   5.50668507e+02  5.39924500e+02  2.11e-05 2.47e-14  2.90e-05   695s
INFO:gurobipy:  49   5.50668507e+02  5.39924500e+02  2.11e-05 2.47e-14  2.90e-05   695s
  50   5.49967779e+02  5.41723152e+02  1.58e-05 2.43e-14  2.22e-05   695s
INFO:gurobipy:  50   5.49967779e+02  5.41723152e+02  1.58e-05 2.43e-14  2.22e-05   695s
  51   5.49530255e+02  5.42523308e+02  1.26e-05 1.95e-14  1.89e-05   695s
INFO:gurobipy:  51   5.49530255e+02  5.42523308e+02  1.26e-05 1.95e-14  1.89e-05   695s
  52   5.49209489e+02  5.43464989e+02  1.04e-05 2.59e-14  1.55e-05   695s
INFO:gurobipy:  52   5.49209489e+02  5.43464989e+02  1.04e-05 2.59e-14  1.55e-05   695s
  53   5.48722021e+02  5.44177242e+02  6.96e-06 3.29e-14  1.22e-05   695s
INFO:gurobipy:  53   5.48722021e+02  5.44177242e+02  6.96e-06 3.29e-14  1.22e-05   695s
  54   5.48626046e+02  5.44746109e+02  6.36e-06 3.44e-14  1.05e-05   696s
INFO:gurobipy:  54   5.48626046e+02  5.44746109e+02  6.36e-06 3.44e-14  1.05e-05   696s
  55   5.48381411e+02  5.45593747e+02  4.77e-06 1.95e-14  7.51e-06   696s
INFO:gurobipy:  55   5.48381411e+02  5.45593747e+02  4.77e-06 1.95e-14  7.51e-06   696s
  56   5.48326700e+02  5.45735903e+02  4.41e-06 1.39e-14  6.98e-06   696s
INFO:gurobipy:  56   5.48326700e+02  5.45735903e+02  4.41e-06 1.39e-14  6.98e-06   696s
  57   5.47920415e+02  5.46137054e+02  1.85e-06 1.71e-14  4.81e-06   696s
INFO:gurobipy:  57   5.47920415e+02  5.46137054e+02  1.85e-06 1.71e-14  4.81e-06   696s
  58   5.47750976e+02  5.47185973e+02  8.74e-07 2.84e-14  1.52e-06   696s
INFO:gurobipy:  58   5.47750976e+02  5.47185973e+02  8.74e-07 2.84e-14  1.52e-06   696s
  59   5.47670390e+02  5.47344048e+02  4.57e-07 1.85e-14  8.79e-07   696s
INFO:gurobipy:  59   5.47670390e+02  5.47344048e+02  4.57e-07 1.85e-14  8.79e-07   696s
  60   5.47637215e+02  5.47408579e+02  2.72e-07 1.32e-14  6.16e-07   696s
INFO:gurobipy:  60   5.47637215e+02  5.47408579e+02  2.72e-07 1.32e-14  6.16e-07   696s
  61   5.47608476e+02  5.47459733e+02  1.27e-07 8.76e-15  4.01e-07   697s
INFO:gurobipy:  61   5.47608476e+02  5.47459733e+02  1.27e-07 8.76e-15  4.01e-07   697s
  62   5.47601522e+02  5.47527130e+02  9.26e-08 1.77e-14  2.00e-07   697s
INFO:gurobipy:  62   5.47601522e+02  5.47527130e+02  9.26e-08 1.77e-14  2.00e-07   697s
  63   5.47591199e+02  5.47534600e+02  4.35e-08 2.05e-14  1.53e-07   697s
INFO:gurobipy:  63   5.47591199e+02  5.47534600e+02  4.35e-08 2.05e-14  1.53e-07   697s
  64   5.47589068e+02  5.47549105e+02  3.41e-08 1.93e-14  1.08e-07   697s
INFO:gurobipy:  64   5.47589068e+02  5.47549105e+02  3.41e-08 1.93e-14  1.08e-07   697s
  65   5.47582175e+02  5.47572845e+02  3.20e-09 1.93e-14  2.51e-08   697s
INFO:gurobipy:  65   5.47582175e+02  5.47572845e+02  3.20e-09 1.93e-14  2.51e-08   697s
  66   5.47580955e+02  5.47580165e+02  8.47e-10 4.75e-14  2.13e-09   697s
INFO:gurobipy:  66   5.47580955e+02  5.47580165e+02  8.47e-10 4.75e-14  2.13e-09   697s
  67   5.47580472e+02  5.47580472e+02  5.63e-12 7.72e-14  1.33e-12   697s
INFO:gurobipy:  67   5.47580472e+02  5.47580472e+02  5.63e-12 7.72e-14  1.33e-12   697s

INFO:gurobipy:
Barrier solved model in 67 iterations and 697.02 seconds (276.66 work units)
INFO:gurobipy:Barrier solved model in 67 iterations and 697.02 seconds (276.66 work units)
Optimal objective 5.47580472e+02
INFO:gurobipy:Optimal objective 5.47580472e+02

INFO:gurobipy:

INFO:gurobipy:
Root crossover log...
INFO:gurobipy:Root crossover log...

INFO:gurobipy:
   85512 DPushes remaining with DInf 0.0000000e+00               697s
INFO:gurobipy:   85512 DPushes remaining with DInf 0.0000000e+00               697s
       0 DPushes remaining with DInf 0.0000000e+00               698s
INFO:gurobipy:       0 DPushes remaining with DInf 0.0000000e+00               698s

INFO:gurobipy:
    7388 PPushes remaining with PInf 0.0000000e+00               698s
INFO:gurobipy:    7388 PPushes remaining with PInf 0.0000000e+00               698s
       0 PPushes remaining with PInf 0.0000000e+00               698s
INFO:gurobipy:       0 PPushes remaining with PInf 0.0000000e+00               698s

INFO:gurobipy:
  Push phase complete: Pinf 0.0000000e+00, Dinf 1.4693650e-13    698s
INFO:gurobipy:  Push phase complete: Pinf 0.0000000e+00, Dinf 1.4693650e-13    698s

INFO:gurobipy:

INFO:gurobipy:
Root simplex log...
INFO:gurobipy:Root simplex log...

INFO:gurobipy:
Iteration    Objective       Primal Inf.    Dual Inf.      Time
INFO:gurobipy:Iteration    Objective       Primal Inf.    Dual Inf.      Time
   34552    5.4758047e+02   0.000000e+00   0.000000e+00    698s
INFO:gurobipy:   34552    5.4758047e+02   0.000000e+00   0.000000e+00    698s
Concurrent spin time: 1.94s (can be avoided by choosing Method=3)
INFO:gurobipy:Concurrent spin time: 1.94s (can be avoided by choosing Method=3)

INFO:gurobipy:
Solved with barrier
INFO:gurobipy:Solved with barrier
   34552    5.4758047e+02   0.000000e+00   0.000000e+00    700s
INFO:gurobipy:   34552    5.4758047e+02   0.000000e+00   0.000000e+00    700s

INFO:gurobipy:
Use crossover to convert LP symmetric solution to basic solution...
INFO:gurobipy:Use crossover to convert LP symmetric solution to basic solution...

INFO:gurobipy:
Root crossover log...
INFO:gurobipy:Root crossover log...

INFO:gurobipy:
    2256 DPushes remaining with DInf 0.0000000e+00               701s
INFO:gurobipy:    2256 DPushes remaining with DInf 0.0000000e+00               701s
       0 DPushes remaining with DInf 0.0000000e+00               701s
INFO:gurobipy:       0 DPushes remaining with DInf 0.0000000e+00               701s

INFO:gurobipy:
    9235 PPushes remaining with PInf 0.0000000e+00               701s
INFO:gurobipy:    9235 PPushes remaining with PInf 0.0000000e+00               701s
       0 PPushes remaining with PInf 0.0000000e+00               701s
INFO:gurobipy:       0 PPushes remaining with PInf 0.0000000e+00               701s

INFO:gurobipy:
  Push phase complete: Pinf 0.0000000e+00, Dinf 5.7686494e-14    701s
INFO:gurobipy:  Push phase complete: Pinf 0.0000000e+00, Dinf 5.7686494e-14    701s

INFO:gurobipy:

INFO:gurobipy:
Root simplex log...
INFO:gurobipy:Root simplex log...

INFO:gurobipy:
Iteration    Objective       Primal Inf.    Dual Inf.      Time
INFO:gurobipy:Iteration    Objective       Primal Inf.    Dual Inf.      Time
   46034    5.4758047e+02   0.000000e+00   0.000000e+00    701s
INFO:gurobipy:   46034    5.4758047e+02   0.000000e+00   0.000000e+00    701s
   50448    5.4757418e+02   0.000000e+00   1.326423e+02    705s
INFO:gurobipy:   50448    5.4757418e+02   0.000000e+00   1.326423e+02    705s
   52973    5.4757369e+02   0.000000e+00   1.834746e+00    710s
INFO:gurobipy:   52973    5.4757369e+02   0.000000e+00   1.834746e+00    710s
   54153    5.4757366e+02   0.000000e+00   5.204495e-01    715s
INFO:gurobipy:   54153    5.4757366e+02   0.000000e+00   5.204495e-01    715s
   54273    5.4758047e+02   0.000000e+00   0.000000e+00    716s
INFO:gurobipy:   54273    5.4758047e+02   0.000000e+00   0.000000e+00    716s
Extra simplex iterations after uncrush: 8239
INFO:gurobipy:Extra simplex iterations after uncrush: 8239

INFO:gurobipy:
Root relaxation: objective 5.475805e+02, 54273 iterations, 32.34 seconds (26.30 work units)
INFO:gurobipy:Root relaxation: objective 5.475805e+02, 54273 iterations, 32.34 seconds (26.30 work units)
Total elapsed time = 720.90s (DegenMoves)
INFO:gurobipy:Total elapsed time = 720.90s (DegenMoves)

INFO:gurobipy:
    Nodes    |    Current Node    |     Objective Bounds      |     Work
INFO:gurobipy:    Nodes    |    Current Node    |     Objective Bounds      |     Work
 Expl Unexpl |  Obj  Depth IntInf | Incumbent    BestBd   Gap | It/Node Time
INFO:gurobipy: Expl Unexpl |  Obj  Depth IntInf | Incumbent    BestBd   Gap | It/Node Time

INFO:gurobipy:
     0     0  547.58047    0 13875          -  547.58047      -     -  726s
INFO:gurobipy:     0     0  547.58047    0 13875          -  547.58047      -     -  726s
     0     0  548.31723    0 13634          -  548.31723      -     -  747s
INFO:gurobipy:     0     0  548.31723    0 13634          -  548.31723      -     -  747s
     0     0  549.02947    0 13629          -  549.02947      -     -  766s
INFO:gurobipy:     0     0  549.02947    0 13629          -  549.02947      -     -  766s
     0     0  549.15488    0 12240          -  549.15488      -     -  789s
INFO:gurobipy:     0     0  549.15488    0 12240          -  549.15488      -     -  789s
     0     0  549.15515    0 12240          -  549.15515      -     -  791s
INFO:gurobipy:     0     0  549.15515    0 12240          -  549.15515      -     -  791s
     0     0  549.35655    0 12227          -  549.35655      -     -  804s
INFO:gurobipy:     0     0  549.35655    0 12227          -  549.35655      -     -  804s
     0     0  549.43417    0 12230          -  549.43417      -     -  814s
INFO:gurobipy:     0     0  549.43417    0 12230          -  549.43417      -     -  814s
     0     0  549.55615    0 12205          -  549.55615      -     -  826s
INFO:gurobipy:     0     0  549.55615    0 12205          -  549.55615      -     -  826s
     0     0  549.71941    0 12205          -  549.71941      -     -  835s
INFO:gurobipy:     0     0  549.71941    0 12205          -  549.71941      -     -  835s
     0     0  549.82826    0 12206          -  549.82826      -     -  844s
INFO:gurobipy:     0     0  549.82826    0 12206          -  549.82826      -     -  844s
     0     0  549.86016    0 12207          -  549.86016      -     -  853s
INFO:gurobipy:     0     0  549.86016    0 12207          -  549.86016      -     -  853s
     0     0  549.86118    0 12211          -  549.86118      -     -  862s
INFO:gurobipy:     0     0  549.86118    0 12211          -  549.86118      -     -  862s
     0     0  549.92669    0 11814          -  549.92669      -     -  877s
INFO:gurobipy:     0     0  549.92669    0 11814          -  549.92669      -     -  877s
     0     0  549.92669    0 11816          -  549.92669      -     -  879s
INFO:gurobipy:     0     0  549.92669    0 11816          -  549.92669      -     -  879s
     0     0  549.97105    0 11819          -  549.97105      -     -  886s
INFO:gurobipy:     0     0  549.97105    0 11819          -  549.97105      -     -  886s
     0     0  549.97207    0 11821          -  549.97207      -     -  888s
INFO:gurobipy:     0     0  549.97207    0 11821          -  549.97207      -     -  888s
     0     0  549.99826    0 11820          -  549.99826      -     -  896s
INFO:gurobipy:     0     0  549.99826    0 11820          -  549.99826      -     -  896s
     0     0  549.99826    0 11819          -  549.99826      -     -  909s
INFO:gurobipy:     0     0  549.99826    0 11819          -  549.99826      -     -  909s
H    0     0                     637.6376190  549.99826  13.7%     -  911s
INFO:gurobipy:H    0     0                     637.6376190  549.99826  13.7%     -  911s
H    0     0                     637.5833333  549.99826  13.7%     -  915s
INFO:gurobipy:H    0     0                     637.5833333  549.99826  13.7%     -  915s
H    0     0                     631.9223810  549.99826  13.0%     -  915s
INFO:gurobipy:H    0     0                     631.9223810  549.99826  13.0%     -  915s
H    0     0                     574.3585714  549.99826  4.24%     -  917s
INFO:gurobipy:H    0     0                     574.3585714  549.99826  4.24%     -  917s

INFO:gurobipy:
Cutting planes:
INFO:gurobipy:Cutting planes:
  Gomory: 10
INFO:gurobipy:  Gomory: 10
  MIR: 683
INFO:gurobipy:  MIR: 683
  RLT: 152
INFO:gurobipy:  RLT: 152
  Relax-and-lift: 94
INFO:gurobipy:  Relax-and-lift: 94

INFO:gurobipy:
Explored 1 nodes (161803 simplex iterations) in 917.39 seconds (403.90 work units)
INFO:gurobipy:Explored 1 nodes (161803 simplex iterations) in 917.39 seconds (403.90 work units)
Thread count was 16 (of 192 available processors)
INFO:gurobipy:Thread count was 16 (of 192 available processors)

INFO:gurobipy:
Solution count 4: 574.359 631.922 637.583 637.638 
INFO:gurobipy:Solution count 4: 574.359 631.922 637.583 637.638 

INFO:gurobipy:
Optimal solution found (tolerance 5.00e-02)
INFO:gurobipy:Optimal solution found (tolerance 5.00e-02)
Best objective 5.743585714286e+02, best bound 5.499982572252e+02, gap 4.2413%
INFO:gurobipy:Best objective 5.743585714286e+02, best bound 5.499982572252e+02, gap 4.2413%
INFO:root:[time] ilp_solve took 1062.86s (9,790.6484375 MB; 10,466.06640625 MB)
[ilp] model.objVal=574.4
[ilp] Z_cost.getValue()=224.4
[ilp] A_cost.getValue()=0.0
[ilp] D_cost.getValue()=204.5
[ilp] NM_cost.getValue()=145.4
[ilp] KIR2DL1 0030205 => 1043
[ilp] KIR2DL1 0510101 => 913
[ilp] KIR2DL2 0010102 => 1032
[ilp] KIR2DL3 0010101 => 1040
[ilp] KIR2DL4 0010305 => 175
[ilp] KIR2DP1 0020109 => 945
[ilp] KIR2DP1 010 => 1046
[ilp] KIR2DS2 0010101 => 1041
[ilp] KIR2DS4 0010101 => 846
[ilp] KIR2DS4 0010101 => 805
[ilp] KIR2DS5 0070101 => 1001
[ilp] KIR3DL1 0150202 => 716
[ilp] KIR3DL1 0310101 => 685
[ilp] KIR3DL2 0010101 => 452
[ilp] KIR3DL2 0010301 => 458
[ilp] KIR3DL3 0040202 => 653
[ilp] KIR3DL3 01101 => 621
[ilp] KIR3DP1 0030202 => 321
[ilp] KIR3DP1 0090101 => 442
[ilp] len(dropped)=2,556
