2026-05-15 21:16:57.959099: I tensorflow/core/util/port.cc:111] oneDNN custom operations are on. You may see slightly different numerical results due to floating-point round-off errors from different computation orders. To turn them off, set the environment variable `TF_ENABLE_ONEDNN_OPTS=0`.
2026-05-15 21:16:58.004583: E tensorflow/compiler/xla/stream_executor/cuda/cuda_dnn.cc:9342] Unable to register cuDNN factory: Attempting to register factory for plugin cuDNN when one has already been registered
2026-05-15 21:16:58.004758: E tensorflow/compiler/xla/stream_executor/cuda/cuda_fft.cc:609] Unable to register cuFFT factory: Attempting to register factory for plugin cuFFT when one has already been registered
2026-05-15 21:16:58.004926: E tensorflow/compiler/xla/stream_executor/cuda/cuda_blas.cc:1518] Unable to register cuBLAS factory: Attempting to register factory for plugin cuBLAS when one has already been registered
2026-05-15 21:16:58.016782: I tensorflow/core/platform/cpu_feature_guard.cc:182] This TensorFlow binary is optimized to use available CPU instructions in performance-critical operations.
To enable the following instructions: AVX2 AVX512F AVX512_VNNI FMA, in other operations, rebuild TensorFlow with the appropriate compiler flags.
AttributeError: 'MessageFactory' object has no attribute 'GetPrototype'
2026-05-15 21:17:11.985510: W tensorflow/compiler/tf2tensorrt/utils/py_utils.cc:38] TF-TRT Warning: Could not find TensorRT
AttributeError: 'MessageFactory' object has no attribute 'GetPrototype'
[info] total indices 224
[info] total variants 224
2.001 was filtered out as 96818105 T>A needs A but not covered
2.002 was filtered out as 96818105 T>A needs A but not covered
3.001 was filtered out as 96827029 C>T needs T but not covered
3.002 was filtered out as 96827029 C>T needs T but not covered
4.001 was filtered out as 96818118 G>C needs C but not covered
4.002 was filtered out as 96818118 G>C needs C but not covered
5.001 was filtered out as 96826970 delT needs N but not covered
6.001 was filtered out as 96824687 C>T needs T but not covered
7.001 was filtered out as 96824642 G>A needs A but not covered
8.001 was filtered out as 96824642 G>C needs C but not covered
9.001 was filtered out as 96818170 T>C needs C but not covered
10.001 was filtered out as 96802646 C>A needs A but not covered
11.001 was filtered out as 96805707 C>A needs A but not covered
12.001 was filtered out as 96796973 delCAA needs N but not covered
13.001 was filtered out as 96818241 A>C needs C but not covered
14.001 was filtered out as 96818198 C>G needs G but not covered
15.001 was filtered out as 96824657 C>T needs T but not covered
16.001 was filtered out as 96802803 A>G needs G but not covered
17.001 was filtered out as 96818180 T>C needs C but not covered
18.001 was filtered out as 96802714 G>A needs A but not covered
[filter] CYP2C8 1.001 => 1.001; 1.002; 1.003; 1.004; 1.005; 1.006; 1.007; 1.008; 1.009; 1.010; 1.011; 1.012; 1.013; 1.014; 1.015; 1.016; 1.017; 1.018
[filter] valid_alleles=18
Step 0: Loss=0.0339, CN=[2.0999167]
Step 100: Loss=0.0300, CN=[2.0907502]
Step 200: Loss=0.0300, CN=[2.091158]
Step 300: Loss=0.0300, CN=[2.0911577]
Step 400: Loss=0.0300, CN=[2.091158]

=== Fit ===
Region 0: obs=1.993, exp=2.091, diff=-0.098 
Region 1: obs=2.389, exp=2.091, diff=+0.297 
Region 2: obs=1.910, exp=2.091, diff=-0.181 
Region 3: obs=2.208, exp=2.091, diff=+0.117 
Region 4: obs=2.404, exp=2.091, diff=+0.313 
Region 5: obs=1.843, exp=2.091, diff=-0.248 
Region 6: obs=2.106, exp=2.091, diff=+0.015 
Region 7: obs=2.314, exp=2.091, diff=+0.222 
Region 8: obs=1.792, exp=2.091, diff=-0.299 
Region 9: obs=2.101, exp=2.091, diff=+0.010 
Region 10: obs=2.000, exp=2.091, diff=-0.091 
Region 11: obs=1.931, exp=2.091, diff=-0.160 
Region 12: obs=1.711, exp=2.091, diff=-0.380 
Region 13: obs=2.239, exp=2.091, diff=+0.148 
Region 14: obs=1.841, exp=2.091, diff=-0.250 
Region 15: obs=2.092, exp=2.091, diff=+0.000 
Region 16: obs=2.587, exp=2.091, diff=+0.496 
Region 17: obs=1.800, exp=2.091, diff=-0.291 
Region 18: obs=1.970, exp=2.091, diff=-0.121 
Region 19: obs=2.544, exp=2.091, diff=+0.452 
Region 20: obs=2.140, exp=2.091, diff=+0.049 

[Gene CN Results]
  CYP2C8: 2.09 → 2.0911571979522705
Using device: cuda
num_sparse_entries: 252
max sparse_flat_index: 1763
expected max: 1763

=== Running VAE with seed 42 ===
Global Pooled JS: 0.000000
Seed 42, Step    0: Loss = 179.42 (Recon: 132.32, Allele KL: 18.20, Base KL: 1663.50, Functional KL: 0.00
Global Pooled JS: 0.000000
Seed 42, Step  500: Loss = 148.91 (Recon: 97.99, Allele KL: 22.56, Base KL: 4058.63, Functional KL: 0.00
Global Pooled JS: 0.000000
Seed 42, Step 1000: Loss = 131.55 (Recon: 81.10, Allele KL: 21.92, Base KL: 4068.56, Functional KL: 0.00
Global Pooled JS: 0.000000
Seed 42, Step 1500: Loss = 147.13 (Recon: 101.82, Allele KL: 15.89, Base KL: 4152.46, Functional KL: 0.00
Global Pooled JS: 0.000000
Seed 42, Step 2000: Loss = 132.54 (Recon: 82.56, Allele KL: 20.85, Base KL: 3929.66, Functional KL: 0.00
Global Pooled JS: 0.000000
Seed 42, Step 2500: Loss = 134.27 (Recon: 85.38, Allele KL: 19.73, Base KL: 4342.41, Functional KL: 0.00

Top Variants with Coverage Mismatches:
Rank   Variant                        Expected     Observed     Diff       |Div|       
------------------------------------------------------------------------------------------
New best model with final loss: 133.74

=== Running VAE with seed 123 ===
Global Pooled JS: 0.000000
Seed 123, Step    0: Loss = 319.65 (Recon: 270.39, Allele KL: 20.69, Base KL: 1590.29, Functional KL: 0.00
Global Pooled JS: 0.000000
Seed 123, Step  500: Loss = 133.00 (Recon: 81.95, Allele KL: 22.45, Base KL: 4109.12, Functional KL: 0.00
Global Pooled JS: 0.000000
Seed 123, Step 1000: Loss = 130.41 (Recon: 81.68, Allele KL: 19.77, Base KL: 4205.62, Functional KL: 0.00
Global Pooled JS: 0.000000
Seed 123, Step 1500: Loss = 134.59 (Recon: 84.81, Allele KL: 20.72, Base KL: 4097.96, Functional KL: 0.00
Global Pooled JS: 0.000000
Seed 123, Step 2000: Loss = 132.36 (Recon: 85.81, Allele KL: 17.22, Base KL: 4262.06, Functional KL: 0.00
Global Pooled JS: 0.000000
Seed 123, Step 2500: Loss = 134.44 (Recon: 87.81, Allele KL: 17.98, Base KL: 3729.54, Functional KL: 0.00

Top Variants with Coverage Mismatches:
Rank   Variant                        Expected     Observed     Diff       |Div|       
------------------------------------------------------------------------------------------

=== Running VAE with seed 456 ===
Global Pooled JS: 0.000000
Seed 456, Step    0: Loss = 180.64 (Recon: 127.68, Allele KL: 23.74, Base KL: 1933.27, Functional KL: 0.00
Global Pooled JS: 0.000000
Seed 456, Step  500: Loss = 125.34 (Recon: 81.14, Allele KL: 15.37, Base KL: 4089.85, Functional KL: 0.00
Global Pooled JS: 0.000000
Seed 456, Step 1000: Loss = 131.79 (Recon: 81.67, Allele KL: 21.31, Base KL: 4127.91, Functional KL: 0.00
Global Pooled JS: 0.000000
Seed 456, Step 1500: Loss = 143.75 (Recon: 98.26, Allele KL: 15.66, Base KL: 4199.98, Functional KL: 0.00
Global Pooled JS: 0.000000
Seed 456, Step 2000: Loss = 132.08 (Recon: 84.63, Allele KL: 18.59, Base KL: 4037.25, Functional KL: 0.00
Global Pooled JS: 0.000000
Seed 456, Step 2500: Loss = 135.15 (Recon: 85.89, Allele KL: 20.59, Base KL: 4122.71, Functional KL: 0.00

Top Variants with Coverage Mismatches:
Rank   Variant                        Expected     Observed     Diff       |Div|       
------------------------------------------------------------------------------------------
New best model with final loss: 133.70

=== Multi-Seed VAE Results ===
Best model had seed 456 with final loss: 133.70
All seeds final losses:
  Seed 42: Total=133.74 (Recon=86.20, A_KL=18.70, B_KL=4199.65)
  Seed 123: Total=135.19 (Recon=87.62, A_KL=18.49, B_KL=3874.47)
  Seed 456: Total=133.70 (Recon=82.49, A_KL=22.40, B_KL=3872.66) <- Best
[time] run_vae took 122.59s (2,610.91015625 MB; 2,610.91015625 MB)

[Raw]:
CYP2C8*1: Normalized=1.0000, Unnormalized=1.00

[Alleles]
CYP2C8*1
CYP2C8*1
	Command being timed: "python cyp.py CYP2C8 /project/shared/aldy-data/wgs/HG00589.wgs.cram"
	User time (seconds): 118.91
	System time (seconds): 21.28
	Percent of CPU this job got: 75%
	Elapsed (wall clock) time (h:mm:ss or m:ss): 3:06.30
	Average shared text size (kbytes): 0
	Average unshared data size (kbytes): 0
	Average stack size (kbytes): 0
	Average total size (kbytes): 0
	Maximum resident set size (kbytes): 2673584
	Average resident set size (kbytes): 0
	Major (requiring I/O) page faults: 0
	Minor (reclaiming a frame) page faults: 907919
	Voluntary context switches: 28018
	Involuntary context switches: 2155
	Swaps: 0
	File system inputs: 0
	File system outputs: 48
	Socket messages sent: 0
	Socket messages received: 0
	Signals delivered: 0
	Page size (bytes): 4096
	Exit status: 0
