2026-05-15 21:19:45.950567: I tensorflow/core/util/port.cc:111] oneDNN custom operations are on. You may see slightly different numerical results due to floating-point round-off errors from different computation orders. To turn them off, set the environment variable `TF_ENABLE_ONEDNN_OPTS=0`.
2026-05-15 21:19:45.997375: E tensorflow/compiler/xla/stream_executor/cuda/cuda_dnn.cc:9342] Unable to register cuDNN factory: Attempting to register factory for plugin cuDNN when one has already been registered
2026-05-15 21:19:45.997571: E tensorflow/compiler/xla/stream_executor/cuda/cuda_fft.cc:609] Unable to register cuFFT factory: Attempting to register factory for plugin cuFFT when one has already been registered
2026-05-15 21:19:45.997634: E tensorflow/compiler/xla/stream_executor/cuda/cuda_blas.cc:1518] Unable to register cuBLAS factory: Attempting to register factory for plugin cuBLAS when one has already been registered
2026-05-15 21:19:46.009066: I tensorflow/core/platform/cpu_feature_guard.cc:182] This TensorFlow binary is optimized to use available CPU instructions in performance-critical operations.
To enable the following instructions: AVX2 AVX512F AVX512_VNNI FMA, in other operations, rebuild TensorFlow with the appropriate compiler flags.
AttributeError: 'MessageFactory' object has no attribute 'GetPrototype'
2026-05-15 21:19:47.431494: W tensorflow/compiler/tf2tensorrt/utils/py_utils.cc:38] TF-TRT Warning: Could not find TensorRT
AttributeError: 'MessageFactory' object has no attribute 'GetPrototype'
[info] total indices 224
[info] total variants 224
2.001 was filtered out as 96818105 T>A needs A but not covered
2.002 was filtered out as 96818105 T>A needs A but not covered
3.001 was filtered out as 96827029 C>T needs T but not covered
3.002 was filtered out as 96827029 C>T needs T but not covered
4.001 was filtered out as 96818118 G>C needs C but not covered
4.002 was filtered out as 96818118 G>C needs C but not covered
5.001 was filtered out as 96826970 delT needs N but not covered
6.001 was filtered out as 96824687 C>T needs T but not covered
7.001 was filtered out as 96824642 G>A needs A but not covered
8.001 was filtered out as 96824642 G>C needs C but not covered
9.001 was filtered out as 96818170 T>C needs C but not covered
10.001 was filtered out as 96802646 C>A needs A but not covered
11.001 was filtered out as 96805707 C>A needs A but not covered
12.001 was filtered out as 96796973 delCAA needs N but not covered
13.001 was filtered out as 96818241 A>C needs C but not covered
14.001 was filtered out as 96818198 C>G needs G but not covered
15.001 was filtered out as 96824657 C>T needs T but not covered
16.001 was filtered out as 96802803 A>G needs G but not covered
17.001 was filtered out as 96818180 T>C needs C but not covered
18.001 was filtered out as 96802714 G>A needs A but not covered
[filter] CYP2C8 1.001 => 1.001; 1.002; 1.003; 1.004; 1.005; 1.006; 1.007; 1.008; 1.009; 1.010; 1.011; 1.012; 1.013; 1.014; 1.015; 1.016; 1.017; 1.018
[filter] valid_alleles=18
Step 0: Loss=0.3619, CN=[2.0999167]
Step 100: Loss=0.0847, CN=[2.9733222]
Step 200: Loss=0.0847, CN=[2.9689558]
Step 300: Loss=0.0847, CN=[2.9689724]
Step 400: Loss=0.0847, CN=[2.9689724]

=== Fit ===
Region 0: obs=3.023, exp=2.969, diff=+0.054 
Region 1: obs=3.492, exp=2.969, diff=+0.523 *
Region 2: obs=3.394, exp=2.969, diff=+0.425 
Region 3: obs=2.833, exp=2.969, diff=-0.136 
Region 4: obs=2.326, exp=2.969, diff=-0.643 *
Region 5: obs=2.323, exp=2.969, diff=-0.645 *
Region 6: obs=2.345, exp=2.969, diff=-0.624 *
Region 7: obs=2.887, exp=2.969, diff=-0.082 
Region 8: obs=2.700, exp=2.969, diff=-0.269 
Region 9: obs=2.781, exp=2.969, diff=-0.188 
Region 10: obs=2.403, exp=2.969, diff=-0.566 *
Region 11: obs=2.922, exp=2.969, diff=-0.047 
Region 12: obs=2.940, exp=2.969, diff=-0.029 
Region 13: obs=3.266, exp=2.969, diff=+0.297 
Region 14: obs=3.130, exp=2.969, diff=+0.161 
Region 15: obs=3.116, exp=2.969, diff=+0.147 
Region 16: obs=3.475, exp=2.969, diff=+0.506 *
Region 17: obs=2.524, exp=2.969, diff=-0.445 
Region 18: obs=3.314, exp=2.969, diff=+0.345 
Region 19: obs=3.923, exp=2.969, diff=+0.954 *
Region 20: obs=3.237, exp=2.969, diff=+0.268 

[Gene CN Results]
  CYP2C8: 2.97 → 2.9689724445343018
Using device: cuda
num_sparse_entries: 252
max sparse_flat_index: 1763
expected max: 1763

=== Running VAE with seed 42 ===
Global Pooled JS: 0.000000
Seed 42, Step    0: Loss = 212.95 (Recon: 167.43, Allele KL: 16.89, Base KL: 1749.33, Functional KL: 0.00
Global Pooled JS: 0.000000
Seed 42, Step  500: Loss = 128.45 (Recon: 73.65, Allele KL: 26.25, Base KL: 3987.73, Functional KL: 0.00
Global Pooled JS: 0.000000
Seed 42, Step 1000: Loss = 119.42 (Recon: 69.78, Allele KL: 21.35, Base KL: 3899.63, Functional KL: 0.00
Global Pooled JS: 0.000000
Seed 42, Step 1500: Loss = 123.49 (Recon: 77.99, Allele KL: 16.56, Base KL: 3925.54, Functional KL: 0.00
Global Pooled JS: 0.000000
Seed 42, Step 2000: Loss = 124.73 (Recon: 78.39, Allele KL: 17.85, Base KL: 3923.62, Functional KL: 0.00
Global Pooled JS: 0.000000
Seed 42, Step 2500: Loss = 126.66 (Recon: 79.30, Allele KL: 18.43, Base KL: 4027.87, Functional KL: 0.00

Top Variants with Coverage Mismatches:
Rank   Variant                        Expected     Observed     Diff       |Div|       
------------------------------------------------------------------------------------------
New best model with final loss: 128.03

=== Running VAE with seed 123 ===
Global Pooled JS: 0.000000
Seed 123, Step    0: Loss = 275.48 (Recon: 226.43, Allele KL: 20.39, Base KL: 1639.29, Functional KL: 0.00
Global Pooled JS: 0.000000
Seed 123, Step  500: Loss = 124.91 (Recon: 73.45, Allele KL: 23.11, Base KL: 3979.73, Functional KL: 0.00
Global Pooled JS: 0.000000
Seed 123, Step 1000: Loss = 127.60 (Recon: 80.78, Allele KL: 18.06, Base KL: 4006.19, Functional KL: 0.00
Global Pooled JS: 0.000000
Seed 123, Step 1500: Loss = 127.07 (Recon: 82.20, Allele KL: 15.48, Base KL: 4025.13, Functional KL: 0.00
Global Pooled JS: 0.000000
Seed 123, Step 2000: Loss = 127.63 (Recon: 78.55, Allele KL: 20.11, Base KL: 3980.49, Functional KL: 0.00
Global Pooled JS: 0.000000
Seed 123, Step 2500: Loss = 125.12 (Recon: 74.19, Allele KL: 22.42, Base KL: 3951.87, Functional KL: 0.00

Top Variants with Coverage Mismatches:
Rank   Variant                        Expected     Observed     Diff       |Div|       
------------------------------------------------------------------------------------------
New best model with final loss: 122.88

=== Running VAE with seed 456 ===
Global Pooled JS: 0.000000
Seed 456, Step    0: Loss = 206.44 (Recon: 150.70, Allele KL: 26.66, Base KL: 1928.50, Functional KL: 0.00
Global Pooled JS: 0.000000
Seed 456, Step  500: Loss = 115.96 (Recon: 72.24, Allele KL: 14.97, Base KL: 3979.16, Functional KL: 0.00
Global Pooled JS: 0.000000
Seed 456, Step 1000: Loss = 122.64 (Recon: 70.99, Allele KL: 23.27, Base KL: 3893.58, Functional KL: 0.00
Global Pooled JS: 0.000000
Seed 456, Step 1500: Loss = 133.50 (Recon: 89.41, Allele KL: 14.80, Base KL: 3984.17, Functional KL: 0.00
Global Pooled JS: 0.000000
Seed 456, Step 2000: Loss = 122.60 (Recon: 74.80, Allele KL: 19.21, Base KL: 3919.17, Functional KL: 0.00
Global Pooled JS: 0.000000
Seed 456, Step 2500: Loss = 124.17 (Recon: 76.46, Allele KL: 19.16, Base KL: 3983.85, Functional KL: 0.00

Top Variants with Coverage Mismatches:
Rank   Variant                        Expected     Observed     Diff       |Div|       
------------------------------------------------------------------------------------------
New best model with final loss: 119.85

=== Multi-Seed VAE Results ===
Best model had seed 456 with final loss: 119.85
All seeds final losses:
  Seed 42: Total=128.03 (Recon=78.46, A_KL=21.35, B_KL=3966.25)
  Seed 123: Total=122.88 (Recon=75.91, A_KL=18.26, B_KL=3894.96)
  Seed 456: Total=119.85 (Recon=72.66, A_KL=18.94, B_KL=3947.17) <- Best
[time] run_vae took 119.60s (2,609.55078125 MB; 2,609.55078125 MB)

[Raw]:
CYP2C8*1: Normalized=1.0000, Unnormalized=1.00

[Alleles]
CYP2C8*1
CYP2C8*1
	Command being timed: "python cyp.py CYP2C8 /project/shared/aldy-data/wgs/NA07000.wgs.cram"
	User time (seconds): 112.18
	System time (seconds): 18.35
	Percent of CPU this job got: 99%
	Elapsed (wall clock) time (h:mm:ss or m:ss): 2:10.97
	Average shared text size (kbytes): 0
	Average unshared data size (kbytes): 0
	Average stack size (kbytes): 0
	Average total size (kbytes): 0
	Maximum resident set size (kbytes): 2672204
	Average resident set size (kbytes): 0
	Major (requiring I/O) page faults: 0
	Minor (reclaiming a frame) page faults: 852204
	Voluntary context switches: 22845
	Involuntary context switches: 168
	Swaps: 0
	File system inputs: 0
	File system outputs: 40
	Socket messages sent: 0
	Socket messages received: 0
	Signals delivered: 0
	Page size (bytes): 4096
	Exit status: 0
