2026-05-15 21:30:40.847133: I tensorflow/core/util/port.cc:111] oneDNN custom operations are on. You may see slightly different numerical results due to floating-point round-off errors from different computation orders. To turn them off, set the environment variable `TF_ENABLE_ONEDNN_OPTS=0`.
2026-05-15 21:30:40.885531: E tensorflow/compiler/xla/stream_executor/cuda/cuda_dnn.cc:9342] Unable to register cuDNN factory: Attempting to register factory for plugin cuDNN when one has already been registered
2026-05-15 21:30:40.885705: E tensorflow/compiler/xla/stream_executor/cuda/cuda_fft.cc:609] Unable to register cuFFT factory: Attempting to register factory for plugin cuFFT when one has already been registered
2026-05-15 21:30:40.885840: E tensorflow/compiler/xla/stream_executor/cuda/cuda_blas.cc:1518] Unable to register cuBLAS factory: Attempting to register factory for plugin cuBLAS when one has already been registered
2026-05-15 21:30:40.894219: I tensorflow/core/platform/cpu_feature_guard.cc:182] This TensorFlow binary is optimized to use available CPU instructions in performance-critical operations.
To enable the following instructions: AVX2 AVX512F AVX512_VNNI FMA, in other operations, rebuild TensorFlow with the appropriate compiler flags.
AttributeError: 'MessageFactory' object has no attribute 'GetPrototype'
2026-05-15 21:30:41.926274: W tensorflow/compiler/tf2tensorrt/utils/py_utils.cc:38] TF-TRT Warning: Could not find TensorRT
AttributeError: 'MessageFactory' object has no attribute 'GetPrototype'
[info] total indices 224
[info] total variants 224
1.001 was filtered out as 96827029 C>T needs C but not covered
1.002 was filtered out as 96827029 C>T needs C but not covered
1.003 was filtered out as 96827029 C>T needs C but not covered
1.004 was filtered out as 96827029 C>T needs C but not covered
1.005 was filtered out as 96827029 C>T needs C but not covered
1.006 was filtered out as 96827029 C>T needs C but not covered
1.007 was filtered out as 96827029 C>T needs C but not covered
1.008 was filtered out as 96827029 C>T needs C but not covered
1.009 was filtered out as 96827029 C>T needs C but not covered
1.010 was filtered out as 96827029 C>T needs C but not covered
1.011 was filtered out as 96827029 C>T needs C but not covered
1.012 was filtered out as 96827029 C>T needs C but not covered
1.013 was filtered out as 96827029 C>T needs C but not covered
1.014 was filtered out as 96827029 C>T needs C but not covered
1.015 was filtered out as 96827029 C>T needs C but not covered
1.016 was filtered out as 96827029 C>T needs C but not covered
1.017 was filtered out as 96827029 C>T needs C but not covered
1.018 was filtered out as 96827029 C>T needs C but not covered
2.001 was filtered out as 96818105 T>A needs A but not covered
2.002 was filtered out as 96818105 T>A needs A but not covered
4.001 was filtered out as 96827029 C>T needs C but not covered
4.002 was filtered out as 96827029 C>T needs C but not covered
5.001 was filtered out as 96827029 C>T needs C but not covered
6.001 was filtered out as 96827029 C>T needs C but not covered
7.001 was filtered out as 96827029 C>T needs C but not covered
8.001 was filtered out as 96827029 C>T needs C but not covered
9.001 was filtered out as 96827029 C>T needs C but not covered
10.001 was filtered out as 96827029 C>T needs C but not covered
11.001 was filtered out as 96827029 C>T needs C but not covered
12.001 was filtered out as 96827029 C>T needs C but not covered
13.001 was filtered out as 96827029 C>T needs C but not covered
14.001 was filtered out as 96827029 C>T needs C but not covered
15.001 was filtered out as 96827029 C>T needs C but not covered
16.001 was filtered out as 96827029 C>T needs C but not covered
17.001 was filtered out as 96827029 C>T needs C but not covered
18.001 was filtered out as 96827029 C>T needs C but not covered
[filter] CYP2C8 3.001 => 3.001; 3.002
[filter] valid_alleles=2
Step 0: Loss=0.0495, CN=[2.0999167]
Step 100: Loss=0.0370, CN=[2.1665125]
Step 200: Loss=0.0370, CN=[2.1659727]
Step 300: Loss=0.0370, CN=[2.165974]
Step 400: Loss=0.0370, CN=[2.165974]

=== Fit ===
Region 0: obs=2.441, exp=2.166, diff=+0.275 
Region 1: obs=1.971, exp=2.166, diff=-0.195 
Region 2: obs=2.659, exp=2.166, diff=+0.493 
Region 3: obs=2.093, exp=2.166, diff=-0.073 
Region 4: obs=1.864, exp=2.166, diff=-0.302 
Region 5: obs=1.977, exp=2.166, diff=-0.189 
Region 6: obs=2.091, exp=2.166, diff=-0.075 
Region 7: obs=2.319, exp=2.166, diff=+0.153 
Region 8: obs=1.870, exp=2.166, diff=-0.296 
Region 9: obs=2.165, exp=2.166, diff=-0.001 
Region 10: obs=1.713, exp=2.166, diff=-0.453 
Region 11: obs=2.153, exp=2.166, diff=-0.013 
Region 12: obs=2.200, exp=2.166, diff=+0.034 
Region 13: obs=2.107, exp=2.166, diff=-0.059 
Region 14: obs=1.579, exp=2.166, diff=-0.587 *
Region 15: obs=2.378, exp=2.166, diff=+0.212 
Region 16: obs=2.587, exp=2.166, diff=+0.421 
Region 17: obs=2.454, exp=2.166, diff=+0.288 
Region 18: obs=2.059, exp=2.166, diff=-0.107 
Region 19: obs=2.429, exp=2.166, diff=+0.263 
Region 20: obs=2.288, exp=2.166, diff=+0.122 

[Gene CN Results]
  CYP2C8: 2.17 → 2.1659739017486572
Using device: cuda
num_sparse_entries: 8
max sparse_flat_index: 55
expected max: 55

=== Running VAE with seed 42 ===
Global Pooled JS: 0.019941
Seed 42, Step    0: Loss = 380.94 (Recon: 357.62, Allele KL: 1.56, Base KL: 14.86, Functional KL: 0.02
Global Pooled JS: 0.009019
Seed 42, Step  500: Loss = 35.70 (Recon: 11.92, Allele KL: 7.58, Base KL: 5046.61, Functional KL: 0.01
Global Pooled JS: 0.009099
Seed 42, Step 1000: Loss = 35.97 (Recon: 13.33, Allele KL: 6.33, Base KL: 4987.02, Functional KL: 0.01
Global Pooled JS: 0.010556
Seed 42, Step 1500: Loss = 156.50 (Recon: 135.11, Allele KL: 4.24, Base KL: 5035.36, Functional KL: 0.01
Global Pooled JS: 0.009314
Seed 42, Step 2000: Loss = 41.23 (Recon: 21.14, Allele KL: 3.41, Base KL: 5036.73, Functional KL: 0.01
Global Pooled JS: 0.009391
Seed 42, Step 2500: Loss = 33.08 (Recon: 13.47, Allele KL: 3.19, Base KL: 5009.84, Functional KL: 0.01

Top Variants with Coverage Mismatches:
Rank   Variant                        Expected     Observed     Diff       |Div|       
------------------------------------------------------------------------------------------
1      CYP2C8:96798748→C              47.56        56.00        -8.44      0.001346    
2      CYP2C8:96827029→T              47.51        43.00        4.51       0.000831    
3      CYP2C8:96827029→C              0.17         0.00         0.17       0.000602    
4      CYP2C8:96827029→A              0.17         0.00         0.17       0.000597    
5      CYP2C8:96827029→G              0.17         0.00         0.17       0.000593    
6      CYP2C8:96827029→N              0.17         0.00         0.17       0.000591    
7      CYP2C8:96827029→M              0.16         0.00         0.16       0.000587    
8      CYP2C8:96827029→P              0.16         0.00         0.16       0.000580    
9      CYP2C8:96798748→N              0.16         0.00         0.16       0.000571    
10     CYP2C8:96798748→T              0.16         0.00         0.16       0.000565    
11     CYP2C8:96798748→G              0.16         0.00         0.16       0.000564    
12     CYP2C8:96798748→M              0.16         0.00         0.16       0.000562    
13     CYP2C8:96798748→A              0.15         0.00         0.15       0.000552    
14     CYP2C8:96798748→P              0.15         0.00         0.15       0.000551    
New best model with final loss: 34.25

=== Running VAE with seed 123 ===
Global Pooled JS: 0.019653
Seed 123, Step    0: Loss = 154.00 (Recon: 131.08, Allele KL: 0.25, Base KL: 24.57, Functional KL: 0.02
Global Pooled JS: 0.009117
Seed 123, Step  500: Loss = 34.57 (Recon: 13.90, Allele KL: 4.20, Base KL: 5081.95, Functional KL: 0.01
Global Pooled JS: 0.009178
Seed 123, Step 1000: Loss = 34.34 (Recon: 14.25, Allele KL: 3.66, Base KL: 5077.82, Functional KL: 0.01
Global Pooled JS: 0.009241
Seed 123, Step 1500: Loss = 33.92 (Recon: 13.05, Allele KL: 4.46, Base KL: 5026.44, Functional KL: 0.01
Global Pooled JS: 0.009229
Seed 123, Step 2000: Loss = 34.88 (Recon: 14.79, Allele KL: 3.56, Base KL: 4979.13, Functional KL: 0.01
Global Pooled JS: 0.009196
Seed 123, Step 2500: Loss = 37.56 (Recon: 18.31, Allele KL: 2.60, Base KL: 5002.30, Functional KL: 0.01

Top Variants with Coverage Mismatches:
Rank   Variant                        Expected     Observed     Diff       |Div|       
------------------------------------------------------------------------------------------
1      CYP2C8:96798748→C              47.54        56.00        -8.46      0.001354    
2      CYP2C8:96827029→T              47.44        43.00        4.44       0.000813    
3      CYP2C8:96827029→M              0.18         0.00         0.18       0.000646    
4      CYP2C8:96827029→P              0.18         0.00         0.18       0.000636    
5      CYP2C8:96827029→N              0.18         0.00         0.18       0.000632    
6      CYP2C8:96827029→A              0.18         0.00         0.18       0.000626    
7      CYP2C8:96827029→G              0.17         0.00         0.17       0.000620    
8      CYP2C8:96827029→C              0.17         0.00         0.17       0.000613    
9      CYP2C8:96798748→G              0.17         0.00         0.17       0.000590    
10     CYP2C8:96798748→P              0.16         0.00         0.16       0.000583    
11     CYP2C8:96798748→A              0.16         0.00         0.16       0.000575    
12     CYP2C8:96798748→T              0.16         0.00         0.16       0.000575    
13     CYP2C8:96798748→M              0.16         0.00         0.16       0.000569    
14     CYP2C8:96798748→N              0.15         0.00         0.15       0.000551    

=== Running VAE with seed 456 ===
Global Pooled JS: 0.019624
Seed 456, Step    0: Loss = 315.91 (Recon: 294.18, Allele KL: 0.20, Base KL: 22.91, Functional KL: 0.02
Global Pooled JS: 0.009166
Seed 456, Step  500: Loss = 35.60 (Recon: 15.34, Allele KL: 3.89, Base KL: 5006.88, Functional KL: 0.01
Global Pooled JS: 0.009295
Seed 456, Step 1000: Loss = 33.74 (Recon: 12.98, Allele KL: 4.26, Base KL: 5054.60, Functional KL: 0.01
Global Pooled JS: 0.009140
Seed 456, Step 1500: Loss = 33.10 (Recon: 12.33, Allele KL: 4.33, Base KL: 5090.62, Functional KL: 0.01
Global Pooled JS: 0.009111
Seed 456, Step 2000: Loss = 32.98 (Recon: 13.07, Allele KL: 3.52, Base KL: 5060.06, Functional KL: 0.01
Global Pooled JS: 0.009306
Seed 456, Step 2500: Loss = 35.58 (Recon: 14.98, Allele KL: 4.02, Base KL: 5064.94, Functional KL: 0.01

Top Variants with Coverage Mismatches:
Rank   Variant                        Expected     Observed     Diff       |Div|       
------------------------------------------------------------------------------------------
1      CYP2C8:96798748→C              47.53        56.00        -8.47      0.001356    
2      CYP2C8:96827029→T              47.51        43.00        4.51       0.000831    
3      CYP2C8:96827029→C              0.17         0.00         0.17       0.000614    
4      CYP2C8:96827029→N              0.17         0.00         0.17       0.000597    
5      CYP2C8:96827029→A              0.17         0.00         0.17       0.000595    
6      CYP2C8:96827029→G              0.17         0.00         0.17       0.000593    
7      CYP2C8:96798748→T              0.17         0.00         0.17       0.000591    
8      CYP2C8:96798748→G              0.16         0.00         0.16       0.000584    
9      CYP2C8:96827029→P              0.16         0.00         0.16       0.000577    
10     CYP2C8:96798748→N              0.16         0.00         0.16       0.000575    
11     CYP2C8:96798748→P              0.16         0.00         0.16       0.000574    
12     CYP2C8:96827029→M              0.16         0.00         0.16       0.000572    
13     CYP2C8:96798748→M              0.16         0.00         0.16       0.000569    
14     CYP2C8:96798748→A              0.16         0.00         0.16       0.000566    
New best model with final loss: 32.76

=== Multi-Seed VAE Results ===
Best model had seed 456 with final loss: 32.76
All seeds final losses:
  Seed 42: Total=34.25 (Recon=14.16, A_KL=3.58, B_KL=4979.50)
  Seed 123: Total=38.04 (Recon=17.98, A_KL=3.44, B_KL=4941.96)
  Seed 456: Total=32.76 (Recon=12.59, A_KL=3.85, B_KL=5026.64) <- Best
[time] run_vae took 112.96s (2,620.6875 MB; 2,620.6875 MB)

[Raw]:
CYP2C8*3: Normalized=1.0000, Unnormalized=1.00

[Alleles]
CYP2C8*3
CYP2C8*3
	Command being timed: "python cyp.py CYP2C8 /project/shared/aldy-data/wgs/NA10854.wgs.cram"
	User time (seconds): 107.09
	System time (seconds): 16.03
	Percent of CPU this job got: 99%
	Elapsed (wall clock) time (h:mm:ss or m:ss): 2:03.47
	Average shared text size (kbytes): 0
	Average unshared data size (kbytes): 0
	Average stack size (kbytes): 0
	Average total size (kbytes): 0
	Maximum resident set size (kbytes): 2683596
	Average resident set size (kbytes): 0
	Major (requiring I/O) page faults: 0
	Minor (reclaiming a frame) page faults: 720598
	Voluntary context switches: 22373
	Involuntary context switches: 116
	Swaps: 0
	File system inputs: 0
	File system outputs: 48
	Socket messages sent: 0
	Socket messages received: 0
	Signals delivered: 0
	Page size (bytes): 4096
	Exit status: 0
