2026-05-15 21:36:58.701698: I tensorflow/core/util/port.cc:111] oneDNN custom operations are on. You may see slightly different numerical results due to floating-point round-off errors from different computation orders. To turn them off, set the environment variable `TF_ENABLE_ONEDNN_OPTS=0`.
2026-05-15 21:36:58.739628: E tensorflow/compiler/xla/stream_executor/cuda/cuda_dnn.cc:9342] Unable to register cuDNN factory: Attempting to register factory for plugin cuDNN when one has already been registered
2026-05-15 21:36:58.739780: E tensorflow/compiler/xla/stream_executor/cuda/cuda_fft.cc:609] Unable to register cuFFT factory: Attempting to register factory for plugin cuFFT when one has already been registered
2026-05-15 21:36:58.739915: E tensorflow/compiler/xla/stream_executor/cuda/cuda_blas.cc:1518] Unable to register cuBLAS factory: Attempting to register factory for plugin cuBLAS when one has already been registered
2026-05-15 21:36:58.748746: I tensorflow/core/platform/cpu_feature_guard.cc:182] This TensorFlow binary is optimized to use available CPU instructions in performance-critical operations.
To enable the following instructions: AVX2 AVX512F AVX512_VNNI FMA, in other operations, rebuild TensorFlow with the appropriate compiler flags.
AttributeError: 'MessageFactory' object has no attribute 'GetPrototype'
2026-05-15 21:36:59.799913: W tensorflow/compiler/tf2tensorrt/utils/py_utils.cc:38] TF-TRT Warning: Could not find TensorRT
AttributeError: 'MessageFactory' object has no attribute 'GetPrototype'
[info] total indices 224
[info] total variants 224
2.001 was filtered out as 96818105 T>A needs A but not covered
2.002 was filtered out as 96818105 T>A needs A but not covered
3.001 was filtered out as 96827029 C>T needs T but not covered
3.002 was filtered out as 96827029 C>T needs T but not covered
4.001 was filtered out as 96818118 G>C needs C but not covered
4.002 was filtered out as 96818118 G>C needs C but not covered
5.001 was filtered out as 96826970 delT needs N but not covered
6.001 was filtered out as 96824687 C>T needs T but not covered
7.001 was filtered out as 96824642 G>A needs A but not covered
8.001 was filtered out as 96824642 G>C needs C but not covered
9.001 was filtered out as 96818170 T>C needs C but not covered
10.001 was filtered out as 96802646 C>A needs A but not covered
11.001 was filtered out as 96805707 C>A needs A but not covered
12.001 was filtered out as 96796973 delCAA needs N but not covered
13.001 was filtered out as 96818241 A>C needs C but not covered
14.001 was filtered out as 96818198 C>G needs G but not covered
15.001 was filtered out as 96824657 C>T needs T but not covered
16.001 was filtered out as 96802803 A>G needs G but not covered
17.001 was filtered out as 96818180 T>C needs C but not covered
18.001 was filtered out as 96802714 G>A needs A but not covered
[filter] CYP2C8 1.001 => 1.001; 1.002; 1.003; 1.004; 1.005; 1.006; 1.007; 1.008; 1.009; 1.010; 1.011; 1.012; 1.013; 1.014; 1.015; 1.016; 1.017; 1.018
[filter] valid_alleles=18
Step 0: Loss=0.0409, CN=[1.9000832]
Step 100: Loss=0.0194, CN=[1.7896231]
Step 200: Loss=0.0194, CN=[1.7903]
Step 300: Loss=0.0194, CN=[1.7902966]
Step 400: Loss=0.0194, CN=[1.7902966]

=== Fit ===
Region 0: obs=1.801, exp=1.790, diff=+0.011 
Region 1: obs=1.530, exp=1.790, diff=-0.261 
Region 2: obs=1.725, exp=1.790, diff=-0.065 
Region 3: obs=1.999, exp=1.790, diff=+0.209 
Region 4: obs=1.694, exp=1.790, diff=-0.097 
Region 5: obs=2.046, exp=1.790, diff=+0.256 
Region 6: obs=2.037, exp=1.790, diff=+0.247 
Region 7: obs=1.805, exp=1.790, diff=+0.014 
Region 8: obs=2.001, exp=1.790, diff=+0.211 
Region 9: obs=1.669, exp=1.790, diff=-0.121 
Region 10: obs=1.365, exp=1.790, diff=-0.426 
Region 11: obs=1.724, exp=1.790, diff=-0.066 
Region 12: obs=1.949, exp=1.790, diff=+0.159 
Region 13: obs=1.833, exp=1.790, diff=+0.043 
Region 14: obs=1.487, exp=1.790, diff=-0.303 
Region 15: obs=1.765, exp=1.790, diff=-0.025 
Region 16: obs=1.520, exp=1.790, diff=-0.271 
Region 17: obs=1.873, exp=1.790, diff=+0.083 
Region 18: obs=1.767, exp=1.790, diff=-0.024 
Region 19: obs=2.117, exp=1.790, diff=+0.327 
Region 20: obs=1.888, exp=1.790, diff=+0.097 

[Gene CN Results]
  CYP2C8: 1.79 → 1.7902965545654297
Using device: cuda
num_sparse_entries: 252
max sparse_flat_index: 1763
expected max: 1763

=== Running VAE with seed 42 ===
Global Pooled JS: 0.000000
Seed 42, Step    0: Loss = 284.41 (Recon: 239.79, Allele KL: 15.74, Base KL: 1786.48, Functional KL: 0.00
Global Pooled JS: 0.000000
Seed 42, Step  500: Loss = 122.78 (Recon: 73.87, Allele KL: 20.19, Base KL: 5273.61, Functional KL: 0.00
Global Pooled JS: 0.000000
Seed 42, Step 1000: Loss = 119.35 (Recon: 71.28, Allele KL: 19.27, Base KL: 5441.34, Functional KL: 0.00
Global Pooled JS: 0.000000
Seed 42, Step 1500: Loss = 135.99 (Recon: 93.61, Allele KL: 12.32, Base KL: 5363.11, Functional KL: 0.00
Global Pooled JS: 0.000000
Seed 42, Step 2000: Loss = 115.65 (Recon: 70.37, Allele KL: 16.66, Base KL: 5377.92, Functional KL: 0.00
Global Pooled JS: 0.000000
Seed 42, Step 2500: Loss = 119.01 (Recon: 73.64, Allele KL: 16.49, Base KL: 5348.83, Functional KL: 0.00

Top Variants with Coverage Mismatches:
Rank   Variant                        Expected     Observed     Diff       |Div|       
------------------------------------------------------------------------------------------
New best model with final loss: 139.95

=== Running VAE with seed 123 ===
Global Pooled JS: 0.000000
Seed 123, Step    0: Loss = 373.97 (Recon: 323.58, Allele KL: 21.05, Base KL: 2001.96, Functional KL: 0.00
Global Pooled JS: 0.000000
Seed 123, Step  500: Loss = 128.61 (Recon: 82.78, Allele KL: 16.27, Base KL: 5352.87, Functional KL: 0.00
Global Pooled JS: 0.000000
Seed 123, Step 1000: Loss = 130.80 (Recon: 81.64, Allele KL: 19.83, Base KL: 5255.64, Functional KL: 0.00
Global Pooled JS: 0.000000
Seed 123, Step 1500: Loss = 121.75 (Recon: 76.61, Allele KL: 16.02, Base KL: 5363.40, Functional KL: 0.00
Global Pooled JS: 0.000000
Seed 123, Step 2000: Loss = 139.41 (Recon: 94.07, Allele KL: 15.28, Base KL: 5288.84, Functional KL: 0.00
Global Pooled JS: 0.000000
Seed 123, Step 2500: Loss = 128.76 (Recon: 80.50, Allele KL: 18.76, Base KL: 5405.89, Functional KL: 0.00

Top Variants with Coverage Mismatches:
Rank   Variant                        Expected     Observed     Diff       |Div|       
------------------------------------------------------------------------------------------
New best model with final loss: 119.14

=== Running VAE with seed 456 ===
Global Pooled JS: 0.000000
Seed 456, Step    0: Loss = 275.75 (Recon: 210.44, Allele KL: 35.88, Base KL: 2367.05, Functional KL: 0.00
Global Pooled JS: 0.000000
Seed 456, Step  500: Loss = 114.86 (Recon: 72.80, Allele KL: 13.21, Base KL: 5315.62, Functional KL: 0.00
Global Pooled JS: 0.000000
Seed 456, Step 1000: Loss = 120.66 (Recon: 71.25, Allele KL: 20.91, Base KL: 5189.18, Functional KL: 0.00
Global Pooled JS: 0.000000
Seed 456, Step 1500: Loss = 129.20 (Recon: 80.56, Allele KL: 19.30, Base KL: 5402.19, Functional KL: 0.00
Global Pooled JS: 0.000000
Seed 456, Step 2000: Loss = 122.77 (Recon: 74.14, Allele KL: 19.77, Base KL: 5327.85, Functional KL: 0.00
Global Pooled JS: 0.000000
Seed 456, Step 2500: Loss = 116.80 (Recon: 71.93, Allele KL: 16.23, Base KL: 5290.18, Functional KL: 0.00

Top Variants with Coverage Mismatches:
Rank   Variant                        Expected     Observed     Diff       |Div|       
------------------------------------------------------------------------------------------

=== Multi-Seed VAE Results ===
Best model had seed 123 with final loss: 119.14
All seeds final losses:
  Seed 42: Total=139.95 (Recon=94.47, A_KL=15.28, B_KL=5355.58)
  Seed 123: Total=119.14 (Recon=70.34, A_KL=20.27, B_KL=5231.53) <- Best
  Seed 456: Total=124.00 (Recon=71.29, A_KL=24.20, B_KL=5192.72)
[time] run_vae took 123.84s (2,603.97265625 MB; 2,603.97265625 MB)

[Raw]:
CYP2C8*1: Normalized=1.0000, Unnormalized=1.00

[Alleles]
CYP2C8*1
CYP2C8*1
	Command being timed: "python cyp.py CYP2C8 /project/shared/aldy-data/wgs/NA12006.wgs.cram"
	User time (seconds): 117.97
	System time (seconds): 14.57
	Percent of CPU this job got: 99%
	Elapsed (wall clock) time (h:mm:ss or m:ss): 2:13.71
	Average shared text size (kbytes): 0
	Average unshared data size (kbytes): 0
	Average stack size (kbytes): 0
	Average total size (kbytes): 0
	Maximum resident set size (kbytes): 2666492
	Average resident set size (kbytes): 0
	Major (requiring I/O) page faults: 0
	Minor (reclaiming a frame) page faults: 745939
	Voluntary context switches: 22471
	Involuntary context switches: 194
	Swaps: 0
	File system inputs: 0
	File system outputs: 40
	Socket messages sent: 0
	Socket messages received: 0
	Signals delivered: 0
	Page size (bytes): 4096
	Exit status: 0
