2026-05-15 21:56:07.579211: I tensorflow/core/util/port.cc:111] oneDNN custom operations are on. You may see slightly different numerical results due to floating-point round-off errors from different computation orders. To turn them off, set the environment variable `TF_ENABLE_ONEDNN_OPTS=0`.
2026-05-15 21:56:07.617220: E tensorflow/compiler/xla/stream_executor/cuda/cuda_dnn.cc:9342] Unable to register cuDNN factory: Attempting to register factory for plugin cuDNN when one has already been registered
2026-05-15 21:56:07.617383: E tensorflow/compiler/xla/stream_executor/cuda/cuda_fft.cc:609] Unable to register cuFFT factory: Attempting to register factory for plugin cuFFT when one has already been registered
2026-05-15 21:56:07.617518: E tensorflow/compiler/xla/stream_executor/cuda/cuda_blas.cc:1518] Unable to register cuBLAS factory: Attempting to register factory for plugin cuBLAS when one has already been registered
2026-05-15 21:56:07.626069: I tensorflow/core/platform/cpu_feature_guard.cc:182] This TensorFlow binary is optimized to use available CPU instructions in performance-critical operations.
To enable the following instructions: AVX2 AVX512F AVX512_VNNI FMA, in other operations, rebuild TensorFlow with the appropriate compiler flags.
AttributeError: 'MessageFactory' object has no attribute 'GetPrototype'
2026-05-15 21:56:08.823620: W tensorflow/compiler/tf2tensorrt/utils/py_utils.cc:38] TF-TRT Warning: Could not find TensorRT
AttributeError: 'MessageFactory' object has no attribute 'GetPrototype'
[info] total indices 224
[info] total variants 224
2.001 was filtered out as 96818105 T>A needs A but not covered
2.002 was filtered out as 96818105 T>A needs A but not covered
3.001 was filtered out as 96827029 C>T needs T but not covered
3.002 was filtered out as 96827029 C>T needs T but not covered
4.001 was filtered out as 96818118 G>C needs C but not covered
4.002 was filtered out as 96818118 G>C needs C but not covered
5.001 was filtered out as 96826970 delT needs N but not covered
6.001 was filtered out as 96824687 C>T needs T but not covered
7.001 was filtered out as 96824642 G>A needs A but not covered
8.001 was filtered out as 96824642 G>C needs C but not covered
9.001 was filtered out as 96818170 T>C needs C but not covered
10.001 was filtered out as 96802646 C>A needs A but not covered
11.001 was filtered out as 96805707 C>A needs A but not covered
12.001 was filtered out as 96796973 delCAA needs N but not covered
13.001 was filtered out as 96818241 A>C needs C but not covered
14.001 was filtered out as 96818198 C>G needs G but not covered
15.001 was filtered out as 96824657 C>T needs T but not covered
16.001 was filtered out as 96802803 A>G needs G but not covered
17.001 was filtered out as 96818180 T>C needs C but not covered
18.001 was filtered out as 96802714 G>A needs A but not covered
[filter] CYP2C8 1.001 => 1.001; 1.002; 1.003; 1.004; 1.005; 1.006; 1.007; 1.008; 1.009; 1.010; 1.011; 1.012; 1.013; 1.014; 1.015; 1.016; 1.017; 1.018
[filter] valid_alleles=18
Step 0: Loss=0.1694, CN=[2.0999167]
Step 100: Loss=0.0394, CN=[2.5485299]
Step 200: Loss=0.0394, CN=[2.5499234]
Step 300: Loss=0.0394, CN=[2.5499125]
Step 400: Loss=0.0394, CN=[2.5499125]

=== Fit ===
Region 0: obs=2.572, exp=2.550, diff=+0.023 
Region 1: obs=2.361, exp=2.550, diff=-0.189 
Region 2: obs=2.033, exp=2.550, diff=-0.516 *
Region 3: obs=2.463, exp=2.550, diff=-0.087 
Region 4: obs=2.453, exp=2.550, diff=-0.097 
Region 5: obs=2.521, exp=2.550, diff=-0.029 
Region 6: obs=2.465, exp=2.550, diff=-0.085 
Region 7: obs=2.474, exp=2.550, diff=-0.076 
Region 8: obs=2.477, exp=2.550, diff=-0.073 
Region 9: obs=2.443, exp=2.550, diff=-0.107 
Region 10: obs=3.045, exp=2.550, diff=+0.495 
Region 11: obs=2.628, exp=2.550, diff=+0.078 
Region 12: obs=2.347, exp=2.550, diff=-0.203 
Region 13: obs=2.696, exp=2.550, diff=+0.146 
Region 14: obs=2.507, exp=2.550, diff=-0.043 
Region 15: obs=2.557, exp=2.550, diff=+0.007 
Region 16: obs=3.524, exp=2.550, diff=+0.974 *
Region 17: obs=2.636, exp=2.550, diff=+0.086 
Region 18: obs=2.202, exp=2.550, diff=-0.348 
Region 19: obs=2.874, exp=2.550, diff=+0.324 
Region 20: obs=2.727, exp=2.550, diff=+0.177 

[Gene CN Results]
  CYP2C8: 2.55 → 2.549912452697754
Using device: cuda

=== Running VAE with seed 42 ===
Global Pooled JS: 0.000000
Seed 42, Step    0: Loss = 230.43 (Recon: 181.32, Allele KL: 20.58, Base KL: 1680.04, Functional KL: 0.00
Global Pooled JS: 0.000000
Seed 42, Step  500: Loss = 139.00 (Recon: 87.36, Allele KL: 22.39, Base KL: 4381.78, Functional KL: 0.00
Global Pooled JS: 0.000000
Seed 42, Step 1000: Loss = 126.62 (Recon: 78.04, Allele KL: 20.15, Base KL: 4374.22, Functional KL: 0.00
Global Pooled JS: 0.000000
Seed 42, Step 1500: Loss = 132.37 (Recon: 76.77, Allele KL: 27.22, Base KL: 4258.46, Functional KL: 0.00
Global Pooled JS: 0.000000
Seed 42, Step 2000: Loss = 135.85 (Recon: 86.84, Allele KL: 19.76, Base KL: 4386.54, Functional KL: 0.00
Global Pooled JS: 0.000000
Seed 42, Step 2500: Loss = 135.81 (Recon: 85.44, Allele KL: 21.06, Base KL: 4484.37, Functional KL: 0.00

Top Variants with Coverage Mismatches:
Rank   Variant                        Expected     Observed     Diff       |Div|       
------------------------------------------------------------------------------------------
New best model with final loss: 133.32

=== Running VAE with seed 123 ===
Global Pooled JS: 0.000000
Seed 123, Step    0: Loss = 290.05 (Recon: 240.34, Allele KL: 21.75, Base KL: 1745.74, Functional KL: 0.00
Global Pooled JS: 0.000000
Seed 123, Step  500: Loss = 131.61 (Recon: 85.60, Allele KL: 17.10, Base KL: 4503.90, Functional KL: 0.00
Global Pooled JS: 0.000000
Seed 123, Step 1000: Loss = 133.66 (Recon: 88.72, Allele KL: 16.07, Base KL: 4270.00, Functional KL: 0.00
Global Pooled JS: 0.000000
Seed 123, Step 1500: Loss = 133.77 (Recon: 84.16, Allele KL: 20.29, Base KL: 4430.47, Functional KL: 0.00
Global Pooled JS: 0.000000
Seed 123, Step 2000: Loss = 134.73 (Recon: 84.13, Allele KL: 21.57, Base KL: 4521.16, Functional KL: 0.00
Global Pooled JS: 0.000000
Seed 123, Step 2500: Loss = 132.58 (Recon: 77.77, Allele KL: 26.37, Base KL: 4326.40, Functional KL: 0.00

Top Variants with Coverage Mismatches:
Rank   Variant                        Expected     Observed     Diff       |Div|       
------------------------------------------------------------------------------------------

=== Running VAE with seed 456 ===
Global Pooled JS: 0.000000
Seed 456, Step    0: Loss = 192.86 (Recon: 139.74, Allele KL: 23.83, Base KL: 1823.36, Functional KL: 0.00
Global Pooled JS: 0.000000
Seed 456, Step  500: Loss = 127.27 (Recon: 84.58, Allele KL: 13.19, Base KL: 4560.10, Functional KL: 0.00
Global Pooled JS: 0.000000
Seed 456, Step 1000: Loss = 129.92 (Recon: 80.24, Allele KL: 20.61, Base KL: 4477.07, Functional KL: 0.00
Global Pooled JS: 0.000000
Seed 456, Step 1500: Loss = 131.90 (Recon: 85.59, Allele KL: 17.23, Base KL: 4368.40, Functional KL: 0.00
Global Pooled JS: 0.000000
Seed 456, Step 2000: Loss = 133.76 (Recon: 86.27, Allele KL: 18.64, Base KL: 4230.40, Functional KL: 0.00
Global Pooled JS: 0.000000
Seed 456, Step 2500: Loss = 132.14 (Recon: 80.80, Allele KL: 22.45, Base KL: 4298.34, Functional KL: 0.00

Top Variants with Coverage Mismatches:
Rank   Variant                        Expected     Observed     Diff       |Div|       
------------------------------------------------------------------------------------------
New best model with final loss: 131.19

=== Multi-Seed VAE Results ===
Best model had seed 456 with final loss: 131.19
All seeds final losses:
  Seed 42: Total=133.32 (Recon=84.92, A_KL=20.10, B_KL=4360.12)
  Seed 123: Total=133.41 (Recon=85.43, A_KL=18.75, B_KL=4347.73)
  Seed 456: Total=131.19 (Recon=80.15, A_KL=22.88, B_KL=4405.00) <- Best
[time] run_vae took 112.87s (2,595.4296875 MB; 2,595.4296875 MB)

[Raw]:
CYP2C8*1: Normalized=1.0000, Unnormalized=1.00

[Alleles]
CYP2C8*1
CYP2C8*1
	Command being timed: "python cyp.py CYP2C8 /project/shared/aldy-data/wgs/NA18861.wgs.cram"
	User time (seconds): 107.51
	System time (seconds): 14.81
	Percent of CPU this job got: 99%
	Elapsed (wall clock) time (h:mm:ss or m:ss): 2:02.71
	Average shared text size (kbytes): 0
	Average unshared data size (kbytes): 0
	Average stack size (kbytes): 0
	Average total size (kbytes): 0
	Maximum resident set size (kbytes): 2657732
	Average resident set size (kbytes): 0
	Major (requiring I/O) page faults: 0
	Minor (reclaiming a frame) page faults: 752070
	Voluntary context switches: 22337
	Involuntary context switches: 106
	Swaps: 0
	File system inputs: 0
	File system outputs: 40
	Socket messages sent: 0
	Socket messages received: 0
	Signals delivered: 0
	Page size (bytes): 4096
	Exit status: 0
