2026-05-15 22:02:21.429770: I tensorflow/core/util/port.cc:111] oneDNN custom operations are on. You may see slightly different numerical results due to floating-point round-off errors from different computation orders. To turn them off, set the environment variable `TF_ENABLE_ONEDNN_OPTS=0`.
2026-05-15 22:02:21.467936: E tensorflow/compiler/xla/stream_executor/cuda/cuda_dnn.cc:9342] Unable to register cuDNN factory: Attempting to register factory for plugin cuDNN when one has already been registered
2026-05-15 22:02:21.468105: E tensorflow/compiler/xla/stream_executor/cuda/cuda_fft.cc:609] Unable to register cuFFT factory: Attempting to register factory for plugin cuFFT when one has already been registered
2026-05-15 22:02:21.468275: E tensorflow/compiler/xla/stream_executor/cuda/cuda_blas.cc:1518] Unable to register cuBLAS factory: Attempting to register factory for plugin cuBLAS when one has already been registered
2026-05-15 22:02:21.477049: I tensorflow/core/platform/cpu_feature_guard.cc:182] This TensorFlow binary is optimized to use available CPU instructions in performance-critical operations.
To enable the following instructions: AVX2 AVX512F AVX512_VNNI FMA, in other operations, rebuild TensorFlow with the appropriate compiler flags.
AttributeError: 'MessageFactory' object has no attribute 'GetPrototype'
2026-05-15 22:02:22.702818: W tensorflow/compiler/tf2tensorrt/utils/py_utils.cc:38] TF-TRT Warning: Could not find TensorRT
AttributeError: 'MessageFactory' object has no attribute 'GetPrototype'
[info] total indices 224
[info] total variants 224
2.001 was filtered out as 96818105 T>A needs A but not covered
2.002 was filtered out as 96818105 T>A needs A but not covered
3.001 was filtered out as 96827029 C>T needs T but not covered
3.002 was filtered out as 96827029 C>T needs T but not covered
4.001 was filtered out as 96818118 G>C needs C but not covered
4.002 was filtered out as 96818118 G>C needs C but not covered
5.001 was filtered out as 96826970 delT needs N but not covered
6.001 was filtered out as 96824687 C>T needs T but not covered
7.001 was filtered out as 96824642 G>A needs A but not covered
8.001 was filtered out as 96824642 G>C needs C but not covered
9.001 was filtered out as 96818170 T>C needs C but not covered
10.001 was filtered out as 96802646 C>A needs A but not covered
11.001 was filtered out as 96805707 C>A needs A but not covered
12.001 was filtered out as 96796973 delCAA needs N but not covered
13.001 was filtered out as 96818241 A>C needs C but not covered
14.001 was filtered out as 96818198 C>G needs G but not covered
15.001 was filtered out as 96824657 C>T needs T but not covered
16.001 was filtered out as 96802803 A>G needs G but not covered
17.001 was filtered out as 96818180 T>C needs C but not covered
18.001 was filtered out as 96802714 G>A needs A but not covered
[filter] CYP2C8 1.001 => 1.001; 1.002; 1.003; 1.004; 1.005; 1.006; 1.007; 1.008; 1.009; 1.010; 1.011; 1.012; 1.013; 1.014; 1.015; 1.016; 1.017; 1.018
[filter] valid_alleles=18
Step 0: Loss=0.1947, CN=[2.0999167]
Step 100: Loss=0.0369, CN=[2.6172357]
Step 200: Loss=0.0369, CN=[2.6191998]
Step 300: Loss=0.0369, CN=[2.6192145]
Step 400: Loss=0.0369, CN=[2.6192145]

=== Fit ===
Region 0: obs=2.693, exp=2.619, diff=+0.074 
Region 1: obs=2.169, exp=2.619, diff=-0.451 
Region 2: obs=2.583, exp=2.619, diff=-0.036 
Region 3: obs=2.500, exp=2.619, diff=-0.119 
Region 4: obs=2.784, exp=2.619, diff=+0.165 
Region 5: obs=2.425, exp=2.619, diff=-0.194 
Region 6: obs=2.509, exp=2.619, diff=-0.110 
Region 7: obs=2.676, exp=2.619, diff=+0.057 
Region 8: obs=2.808, exp=2.619, diff=+0.189 
Region 9: obs=2.689, exp=2.619, diff=+0.070 
Region 10: obs=2.692, exp=2.619, diff=+0.073 
Region 11: obs=2.822, exp=2.619, diff=+0.203 
Region 12: obs=1.876, exp=2.619, diff=-0.743 *
Region 13: obs=2.709, exp=2.619, diff=+0.090 
Region 14: obs=2.200, exp=2.619, diff=-0.419 
Region 15: obs=2.625, exp=2.619, diff=+0.006 
Region 16: obs=2.584, exp=2.619, diff=-0.035 
Region 17: obs=2.551, exp=2.619, diff=-0.069 
Region 18: obs=2.983, exp=2.619, diff=+0.364 
Region 19: obs=3.194, exp=2.619, diff=+0.575 *
Region 20: obs=2.762, exp=2.619, diff=+0.143 

[Gene CN Results]
  CYP2C8: 2.62 → 2.6192145347595215
Using device: cuda

=== Running VAE with seed 42 ===
Global Pooled JS: 0.000000
Seed 42, Step    0: Loss = 168.67 (Recon: 127.01, Allele KL: 13.51, Base KL: 1289.79, Functional KL: 0.00
Global Pooled JS: 0.000000
Seed 42, Step  500: Loss = 201.76 (Recon: 159.65, Allele KL: 10.42, Base KL: 5149.84, Functional KL: 0.00
Global Pooled JS: 0.000000
Seed 42, Step 1000: Loss = 116.16 (Recon: 68.66, Allele KL: 18.98, Base KL: 5069.65, Functional KL: 0.00
Global Pooled JS: 0.000000
Seed 42, Step 1500: Loss = 110.97 (Recon: 66.73, Allele KL: 15.89, Base KL: 5077.49, Functional KL: 0.00
Global Pooled JS: 0.000000
Seed 42, Step 2000: Loss = 114.30 (Recon: 65.43, Allele KL: 20.73, Base KL: 4977.89, Functional KL: 0.00
Global Pooled JS: 0.000000
Seed 42, Step 2500: Loss = 118.80 (Recon: 68.35, Allele KL: 22.00, Base KL: 5049.20, Functional KL: 0.00

Top Variants with Coverage Mismatches:
Rank   Variant                        Expected     Observed     Diff       |Div|       
------------------------------------------------------------------------------------------
New best model with final loss: 121.23

=== Running VAE with seed 123 ===
Global Pooled JS: 0.000000
Seed 123, Step    0: Loss = 276.99 (Recon: 231.40, Allele KL: 16.17, Base KL: 1541.44, Functional KL: 0.00
Global Pooled JS: 0.000000
Seed 123, Step  500: Loss = 118.84 (Recon: 67.23, Allele KL: 23.25, Base KL: 5044.54, Functional KL: 0.00
Global Pooled JS: 0.000000
Seed 123, Step 1000: Loss = 112.90 (Recon: 66.54, Allele KL: 17.98, Base KL: 5091.45, Functional KL: 0.00
Global Pooled JS: 0.000000
Seed 123, Step 1500: Loss = 126.44 (Recon: 80.89, Allele KL: 16.28, Base KL: 5086.52, Functional KL: 0.00
Global Pooled JS: 0.000000
Seed 123, Step 2000: Loss = 117.98 (Recon: 67.75, Allele KL: 21.58, Base KL: 5250.56, Functional KL: 0.00
Global Pooled JS: 0.000000
Seed 123, Step 2500: Loss = 117.15 (Recon: 69.65, Allele KL: 19.03, Base KL: 4979.41, Functional KL: 0.00

Top Variants with Coverage Mismatches:
Rank   Variant                        Expected     Observed     Diff       |Div|       
------------------------------------------------------------------------------------------
New best model with final loss: 117.86

=== Running VAE with seed 456 ===
Global Pooled JS: 0.000000
Seed 456, Step    0: Loss = 246.74 (Recon: 202.55, Allele KL: 14.96, Base KL: 1550.94, Functional KL: 0.00
Global Pooled JS: 0.000000
Seed 456, Step  500: Loss = 114.79 (Recon: 70.26, Allele KL: 15.91, Base KL: 5040.56, Functional KL: 0.00
Global Pooled JS: 0.000000
Seed 456, Step 1000: Loss = 119.71 (Recon: 73.00, Allele KL: 17.82, Base KL: 5161.18, Functional KL: 0.00
Global Pooled JS: 0.000000
Seed 456, Step 1500: Loss = 128.25 (Recon: 80.09, Allele KL: 18.91, Base KL: 5057.26, Functional KL: 0.00
Global Pooled JS: 0.000000
Seed 456, Step 2000: Loss = 122.97 (Recon: 80.99, Allele KL: 12.91, Base KL: 4872.08, Functional KL: 0.00
Global Pooled JS: 0.000000
Seed 456, Step 2500: Loss = 122.21 (Recon: 70.58, Allele KL: 23.29, Base KL: 4842.61, Functional KL: 0.00

Top Variants with Coverage Mismatches:
Rank   Variant                        Expected     Observed     Diff       |Div|       
------------------------------------------------------------------------------------------

=== Multi-Seed VAE Results ===
Best model had seed 123 with final loss: 117.86
All seeds final losses:
  Seed 42: Total=121.23 (Recon=76.60, A_KL=15.52, B_KL=5032.42)
  Seed 123: Total=117.86 (Recon=70.46, A_KL=18.48, B_KL=5253.65) <- Best
  Seed 456: Total=124.77 (Recon=76.35, A_KL=19.47, B_KL=4948.10)
[time] run_vae took 112.68s (2,620.046875 MB; 2,620.046875 MB)

[Raw]:
CYP2C8*1: Normalized=1.0000, Unnormalized=1.00

[Alleles]
CYP2C8*1
CYP2C8*1
	Command being timed: "python cyp.py CYP2C8 /project/shared/aldy-data/wgs/NA18973.wgs.cram"
	User time (seconds): 107.17
	System time (seconds): 15.56
	Percent of CPU this job got: 99%
	Elapsed (wall clock) time (h:mm:ss or m:ss): 2:03.92
	Average shared text size (kbytes): 0
	Average unshared data size (kbytes): 0
	Average stack size (kbytes): 0
	Average total size (kbytes): 0
	Maximum resident set size (kbytes): 2682952
	Average resident set size (kbytes): 0
	Major (requiring I/O) page faults: 0
	Minor (reclaiming a frame) page faults: 787972
	Voluntary context switches: 22359
	Involuntary context switches: 147
	Swaps: 0
	File system inputs: 0
	File system outputs: 32
	Socket messages sent: 0
	Socket messages received: 0
	Signals delivered: 0
	Page size (bytes): 4096
	Exit status: 0
