2026-05-15 22:25:34.788170: I tensorflow/core/util/port.cc:111] oneDNN custom operations are on. You may see slightly different numerical results due to floating-point round-off errors from different computation orders. To turn them off, set the environment variable `TF_ENABLE_ONEDNN_OPTS=0`.
2026-05-15 22:25:34.828407: E tensorflow/compiler/xla/stream_executor/cuda/cuda_dnn.cc:9342] Unable to register cuDNN factory: Attempting to register factory for plugin cuDNN when one has already been registered
2026-05-15 22:25:34.828593: E tensorflow/compiler/xla/stream_executor/cuda/cuda_fft.cc:609] Unable to register cuFFT factory: Attempting to register factory for plugin cuFFT when one has already been registered
2026-05-15 22:25:34.828737: E tensorflow/compiler/xla/stream_executor/cuda/cuda_blas.cc:1518] Unable to register cuBLAS factory: Attempting to register factory for plugin cuBLAS when one has already been registered
2026-05-15 22:25:34.838706: I tensorflow/core/platform/cpu_feature_guard.cc:182] This TensorFlow binary is optimized to use available CPU instructions in performance-critical operations.
To enable the following instructions: AVX2 AVX512F AVX512_VNNI FMA, in other operations, rebuild TensorFlow with the appropriate compiler flags.
AttributeError: 'MessageFactory' object has no attribute 'GetPrototype'
2026-05-15 22:25:35.924537: W tensorflow/compiler/tf2tensorrt/utils/py_utils.cc:38] TF-TRT Warning: Could not find TensorRT
AttributeError: 'MessageFactory' object has no attribute 'GetPrototype'
[info] total indices 224
[info] total variants 224
2.001 was filtered out as 96818105 T>A needs A but not covered
2.002 was filtered out as 96818105 T>A needs A but not covered
3.001 was filtered out as 96827029 C>T needs T but not covered
3.002 was filtered out as 96827029 C>T needs T but not covered
4.001 was filtered out as 96818118 G>C needs C but not covered
4.002 was filtered out as 96818118 G>C needs C but not covered
5.001 was filtered out as 96826970 delT needs N but not covered
6.001 was filtered out as 96824687 C>T needs T but not covered
7.001 was filtered out as 96824642 G>A needs A but not covered
8.001 was filtered out as 96824642 G>C needs C but not covered
9.001 was filtered out as 96818170 T>C needs C but not covered
10.001 was filtered out as 96802646 C>A needs A but not covered
11.001 was filtered out as 96805707 C>A needs A but not covered
12.001 was filtered out as 96796973 delCAA needs N but not covered
13.001 was filtered out as 96818241 A>C needs C but not covered
14.001 was filtered out as 96818198 C>G needs G but not covered
15.001 was filtered out as 96824657 C>T needs T but not covered
16.001 was filtered out as 96802803 A>G needs G but not covered
17.001 was filtered out as 96818180 T>C needs C but not covered
18.001 was filtered out as 96802714 G>A needs A but not covered
[filter] CYP2C8 1.001 => 1.001; 1.002; 1.003; 1.004; 1.005; 1.006; 1.007; 1.008; 1.009; 1.010; 1.011; 1.012; 1.013; 1.014; 1.015; 1.016; 1.017; 1.018
[filter] valid_alleles=18
Step 0: Loss=0.0890, CN=[2.0999167]
Step 100: Loss=0.0210, CN=[2.3797088]
Step 200: Loss=0.0210, CN=[2.3796885]
Step 300: Loss=0.0210, CN=[2.3796973]
Step 400: Loss=0.0210, CN=[2.3796973]

=== Fit ===
Region 0: obs=2.529, exp=2.380, diff=+0.149 
Region 1: obs=2.615, exp=2.380, diff=+0.235 
Region 2: obs=2.571, exp=2.380, diff=+0.192 
Region 3: obs=2.328, exp=2.380, diff=-0.052 
Region 4: obs=2.413, exp=2.380, diff=+0.033 
Region 5: obs=2.313, exp=2.380, diff=-0.067 
Region 6: obs=2.090, exp=2.380, diff=-0.290 
Region 7: obs=2.300, exp=2.380, diff=-0.080 
Region 8: obs=2.156, exp=2.380, diff=-0.224 
Region 9: obs=2.381, exp=2.380, diff=+0.001 
Region 10: obs=2.067, exp=2.380, diff=-0.313 
Region 11: obs=2.372, exp=2.380, diff=-0.008 
Region 12: obs=2.388, exp=2.380, diff=+0.009 
Region 13: obs=2.400, exp=2.380, diff=+0.020 
Region 14: obs=2.031, exp=2.380, diff=-0.349 
Region 15: obs=2.422, exp=2.380, diff=+0.042 
Region 16: obs=2.314, exp=2.380, diff=-0.066 
Region 17: obs=2.366, exp=2.380, diff=-0.014 
Region 18: obs=2.590, exp=2.380, diff=+0.210 
Region 19: obs=2.975, exp=2.380, diff=+0.595 *
Region 20: obs=2.450, exp=2.380, diff=+0.070 

[Gene CN Results]
  CYP2C8: 2.38 → 2.379697322845459
Using device: cuda

=== Running VAE with seed 42 ===
Global Pooled JS: 0.000000
Seed 42, Step    0: Loss = 271.84 (Recon: 225.67, Allele KL: 17.45, Base KL: 1612.72, Functional KL: 0.00
Global Pooled JS: 0.000000
Seed 42, Step  500: Loss = 129.92 (Recon: 75.10, Allele KL: 26.39, Base KL: 3935.12, Functional KL: 0.00
Global Pooled JS: 0.000000
Seed 42, Step 1000: Loss = 122.88 (Recon: 74.15, Allele KL: 20.22, Base KL: 4033.24, Functional KL: 0.00
Global Pooled JS: 0.000000
Seed 42, Step 1500: Loss = 128.83 (Recon: 82.38, Allele KL: 17.30, Base KL: 4043.94, Functional KL: 0.00
Global Pooled JS: 0.000000
Seed 42, Step 2000: Loss = 129.30 (Recon: 81.53, Allele KL: 19.15, Base KL: 3978.17, Functional KL: 0.00
Global Pooled JS: 0.000000
Seed 42, Step 2500: Loss = 125.27 (Recon: 78.42, Allele KL: 18.05, Base KL: 4085.33, Functional KL: 0.00

Top Variants with Coverage Mismatches:
Rank   Variant                        Expected     Observed     Diff       |Div|       
------------------------------------------------------------------------------------------
New best model with final loss: 130.61

=== Running VAE with seed 123 ===
Global Pooled JS: 0.000000
Seed 123, Step    0: Loss = 356.94 (Recon: 306.23, Allele KL: 22.54, Base KL: 1716.02, Functional KL: 0.00
Global Pooled JS: 0.000000
Seed 123, Step  500: Loss = 130.34 (Recon: 76.78, Allele KL: 24.72, Base KL: 4039.38, Functional KL: 0.00
Global Pooled JS: 0.000000
Seed 123, Step 1000: Loss = 132.21 (Recon: 80.63, Allele KL: 22.50, Base KL: 4034.14, Functional KL: 0.00
Global Pooled JS: 0.000000
Seed 123, Step 1500: Loss = 126.18 (Recon: 79.00, Allele KL: 18.21, Base KL: 4066.05, Functional KL: 0.00
Global Pooled JS: 0.000000
Seed 123, Step 2000: Loss = 134.29 (Recon: 85.54, Allele KL: 19.52, Base KL: 4028.76, Functional KL: 0.00
Global Pooled JS: 0.000000
Seed 123, Step 2500: Loss = 129.07 (Recon: 76.60, Allele KL: 23.99, Base KL: 3765.57, Functional KL: 0.00

Top Variants with Coverage Mismatches:
Rank   Variant                        Expected     Observed     Diff       |Div|       
------------------------------------------------------------------------------------------
New best model with final loss: 125.66

=== Running VAE with seed 456 ===
Global Pooled JS: 0.000000
Seed 456, Step    0: Loss = 207.39 (Recon: 152.30, Allele KL: 25.80, Base KL: 1913.05, Functional KL: 0.00
Global Pooled JS: 0.000000
Seed 456, Step  500: Loss = 119.76 (Recon: 75.63, Allele KL: 15.42, Base KL: 4031.68, Functional KL: 0.00
Global Pooled JS: 0.000000
Seed 456, Step 1000: Loss = 125.98 (Recon: 75.48, Allele KL: 21.90, Base KL: 4065.97, Functional KL: 0.00
Global Pooled JS: 0.000000
Seed 456, Step 1500: Loss = 137.47 (Recon: 92.87, Allele KL: 15.36, Base KL: 4143.49, Functional KL: 0.00
Global Pooled JS: 0.000000
Seed 456, Step 2000: Loss = 130.02 (Recon: 82.52, Allele KL: 18.45, Base KL: 4004.20, Functional KL: 0.00
Global Pooled JS: 0.000000
Seed 456, Step 2500: Loss = 123.91 (Recon: 77.98, Allele KL: 17.17, Base KL: 4104.79, Functional KL: 0.00

Top Variants with Coverage Mismatches:
Rank   Variant                        Expected     Observed     Diff       |Div|       
------------------------------------------------------------------------------------------

=== Multi-Seed VAE Results ===
Best model had seed 123 with final loss: 125.66
All seeds final losses:
  Seed 42: Total=130.61 (Recon=77.80, A_KL=23.75, B_KL=4131.28)
  Seed 123: Total=125.66 (Recon=77.54, A_KL=19.38, B_KL=4001.29) <- Best
  Seed 456: Total=127.04 (Recon=76.49, A_KL=21.73, B_KL=3933.33)
[time] run_vae took 111.38s (2,623.97265625 MB; 2,623.97265625 MB)

[Raw]:
CYP2C8*1: Normalized=1.0000, Unnormalized=1.00

[Alleles]
CYP2C8*1
CYP2C8*1
	Command being timed: "python cyp.py CYP2C8 /project/shared/aldy-data/wgs/NA20296.wgs.cram"
	User time (seconds): 105.01
	System time (seconds): 16.03
	Percent of CPU this job got: 99%
	Elapsed (wall clock) time (h:mm:ss or m:ss): 2:01.44
	Average shared text size (kbytes): 0
	Average unshared data size (kbytes): 0
	Average stack size (kbytes): 0
	Average total size (kbytes): 0
	Maximum resident set size (kbytes): 2686972
	Average resident set size (kbytes): 0
	Major (requiring I/O) page faults: 0
	Minor (reclaiming a frame) page faults: 826010
	Voluntary context switches: 22668
	Involuntary context switches: 2401
	Swaps: 0
	File system inputs: 0
	File system outputs: 32
	Socket messages sent: 0
	Socket messages received: 0
	Signals delivered: 0
	Page size (bytes): 4096
	Exit status: 0
