2026-05-15 22:26:19.933019: I tensorflow/core/util/port.cc:111] oneDNN custom operations are on. You may see slightly different numerical results due to floating-point round-off errors from different computation orders. To turn them off, set the environment variable `TF_ENABLE_ONEDNN_OPTS=0`.
2026-05-15 22:26:19.973310: E tensorflow/compiler/xla/stream_executor/cuda/cuda_dnn.cc:9342] Unable to register cuDNN factory: Attempting to register factory for plugin cuDNN when one has already been registered
2026-05-15 22:26:19.973391: E tensorflow/compiler/xla/stream_executor/cuda/cuda_fft.cc:609] Unable to register cuFFT factory: Attempting to register factory for plugin cuFFT when one has already been registered
2026-05-15 22:26:19.973453: E tensorflow/compiler/xla/stream_executor/cuda/cuda_blas.cc:1518] Unable to register cuBLAS factory: Attempting to register factory for plugin cuBLAS when one has already been registered
2026-05-15 22:26:19.982434: I tensorflow/core/platform/cpu_feature_guard.cc:182] This TensorFlow binary is optimized to use available CPU instructions in performance-critical operations.
To enable the following instructions: AVX2 AVX512F AVX512_VNNI FMA, in other operations, rebuild TensorFlow with the appropriate compiler flags.
AttributeError: 'MessageFactory' object has no attribute 'GetPrototype'
2026-05-15 22:26:21.240103: W tensorflow/compiler/tf2tensorrt/utils/py_utils.cc:38] TF-TRT Warning: Could not find TensorRT
AttributeError: 'MessageFactory' object has no attribute 'GetPrototype'
[info] total indices 224
[info] total variants 224
2.001 was filtered out as 96818105 T>A needs A but not covered
2.002 was filtered out as 96818105 T>A needs A but not covered
3.001 was filtered out as 96827029 C>T needs T but not covered
3.002 was filtered out as 96827029 C>T needs T but not covered
5.001 was filtered out as 96826970 delT needs N but not covered
6.001 was filtered out as 96824687 C>T needs T but not covered
7.001 was filtered out as 96824642 G>A needs A but not covered
8.001 was filtered out as 96824642 G>C needs C but not covered
9.001 was filtered out as 96818170 T>C needs C but not covered
10.001 was filtered out as 96802646 C>A needs A but not covered
11.001 was filtered out as 96805707 C>A needs A but not covered
12.001 was filtered out as 96796973 delCAA needs N but not covered
13.001 was filtered out as 96818241 A>C needs C but not covered
14.001 was filtered out as 96818198 C>G needs G but not covered
15.001 was filtered out as 96824657 C>T needs T but not covered
16.001 was filtered out as 96802803 A>G needs G but not covered
17.001 was filtered out as 96818180 T>C needs C but not covered
18.001 was filtered out as 96802714 G>A needs A but not covered
[filter] CYP2C8 1.001 => 1.001; 1.002; 1.003; 1.004; 1.005; 1.006; 1.007; 1.008; 1.009; 1.010; 1.011; 1.012; 1.013; 1.014; 1.015; 1.016; 1.017; 1.018
[filter] CYP2C8 4.001 => 4.001; 4.002
[filter] valid_alleles=20
Step 0: Loss=0.2679, CN=[2.0999167]
Step 100: Loss=0.0231, CN=[2.7830148]
Step 200: Loss=0.0231, CN=[2.782348]
Step 300: Loss=0.0231, CN=[2.7823374]
Step 400: Loss=0.0231, CN=[2.7823374]

=== Fit ===
Region 0: obs=2.890, exp=2.782, diff=+0.107 
Region 1: obs=2.979, exp=2.782, diff=+0.196 
Region 2: obs=2.931, exp=2.782, diff=+0.148 
Region 3: obs=2.814, exp=2.782, diff=+0.032 
Region 4: obs=2.574, exp=2.782, diff=-0.209 
Region 5: obs=2.411, exp=2.782, diff=-0.372 
Region 6: obs=2.730, exp=2.782, diff=-0.052 
Region 7: obs=2.732, exp=2.782, diff=-0.051 
Region 8: obs=2.862, exp=2.782, diff=+0.080 
Region 9: obs=2.674, exp=2.782, diff=-0.108 
Region 10: obs=3.120, exp=2.782, diff=+0.337 
Region 11: obs=2.727, exp=2.782, diff=-0.055 
Region 12: obs=2.512, exp=2.782, diff=-0.270 
Region 13: obs=2.712, exp=2.782, diff=-0.070 
Region 14: obs=2.895, exp=2.782, diff=+0.113 
Region 15: obs=2.645, exp=2.782, diff=-0.137 
Region 16: obs=2.424, exp=2.782, diff=-0.358 
Region 17: obs=2.957, exp=2.782, diff=+0.174 
Region 18: obs=3.340, exp=2.782, diff=+0.558 *
Region 19: obs=2.796, exp=2.782, diff=+0.013 
Region 20: obs=2.763, exp=2.782, diff=-0.019 

[Gene CN Results]
  CYP2C8: 2.78 → 2.7823374271392822
Using device: cuda

=== Running VAE with seed 42 ===
Global Pooled JS: 0.115259
Seed 42, Step    0: Loss = 372.63 (Recon: 324.65, Allele KL: 19.29, Base KL: 2303.32, Functional KL: 0.12
Global Pooled JS: 0.004856
Seed 42, Step  500: Loss = 131.83 (Recon: 72.69, Allele KL: 32.12, Base KL: 3782.74, Functional KL: 0.00
Global Pooled JS: 0.013554
Seed 42, Step 1000: Loss = 132.56 (Recon: 77.79, Allele KL: 27.66, Base KL: 3780.47, Functional KL: 0.01
Global Pooled JS: 0.017430
Seed 42, Step 1500: Loss = 138.56 (Recon: 89.11, Allele KL: 21.82, Base KL: 3821.02, Functional KL: 0.02
Global Pooled JS: 0.005250
Seed 42, Step 2000: Loss = 134.50 (Recon: 78.78, Allele KL: 28.44, Base KL: 3763.06, Functional KL: 0.01
Global Pooled JS: 0.005471
Seed 42, Step 2500: Loss = 130.37 (Recon: 73.81, Allele KL: 29.46, Base KL: 3760.34, Functional KL: 0.01

Top Variants with Coverage Mismatches:
Rank   Variant                        Expected     Observed     Diff       |Div|       
------------------------------------------------------------------------------------------
1      CYP2C8:96818118→M              0.14         0.00         0.14       0.000961    
2      CYP2C8:96818118→P              0.14         0.00         0.14       0.000949    
3      CYP2C8:96818118→A              0.14         0.00         0.14       0.000936    
4      CYP2C8:96818118→T              0.13         0.00         0.13       0.000926    
5      CYP2C8:96818118→N              0.13         0.00         0.13       0.000925    
6      CYP2C8:96818118→G              27.33        31.00        -3.67      0.000026    
7      CYP2C8:96818118→C              22.32        25.00        -2.68      0.000002    
New best model with final loss: 140.97

=== Running VAE with seed 123 ===
Global Pooled JS: 0.104477
Seed 123, Step    0: Loss = 269.28 (Recon: 221.12, Allele KL: 19.44, Base KL: 2635.97, Functional KL: 0.10
Global Pooled JS: 0.009970
Seed 123, Step  500: Loss = 130.75 (Recon: 76.47, Allele KL: 27.00, Base KL: 3810.01, Functional KL: 0.01
Global Pooled JS: 0.005250
Seed 123, Step 1000: Loss = 135.89 (Recon: 85.29, Allele KL: 22.87, Base KL: 3843.39, Functional KL: 0.01
Global Pooled JS: 0.035199
Seed 123, Step 1500: Loss = 138.68 (Recon: 80.71, Allele KL: 31.00, Base KL: 3792.56, Functional KL: 0.04
Global Pooled JS: 0.004842
Seed 123, Step 2000: Loss = 131.22 (Recon: 78.68, Allele KL: 25.25, Base KL: 3777.94, Functional KL: 0.00
Global Pooled JS: 0.006535
Seed 123, Step 2500: Loss = 133.69 (Recon: 74.69, Allele KL: 31.85, Base KL: 3824.31, Functional KL: 0.01

Top Variants with Coverage Mismatches:
Rank   Variant                        Expected     Observed     Diff       |Div|       
------------------------------------------------------------------------------------------
1      CYP2C8:96818118→A              0.14         0.00         0.14       0.000958    
2      CYP2C8:96818118→N              0.14         0.00         0.14       0.000948    
3      CYP2C8:96818118→P              0.14         0.00         0.14       0.000941    
4      CYP2C8:96818118→T              0.14         0.00         0.14       0.000932    
5      CYP2C8:96818118→M              0.13         0.00         0.13       0.000921    
6      CYP2C8:96818118→C              21.91        25.00        -3.09      0.000035    
7      CYP2C8:96818118→G              27.74        31.00        -3.26      0.000001    
New best model with final loss: 135.92

=== Running VAE with seed 456 ===
Global Pooled JS: 0.184574
Seed 456, Step    0: Loss = 549.24 (Recon: 483.43, Allele KL: 37.53, Base KL: 2791.77, Functional KL: 0.18
Global Pooled JS: 0.009031
Seed 456, Step  500: Loss = 132.29 (Recon: 80.84, Allele KL: 24.07, Base KL: 3804.15, Functional KL: 0.01
Global Pooled JS: 0.012374
Seed 456, Step 1000: Loss = 138.94 (Recon: 90.88, Allele KL: 20.31, Base KL: 3802.76, Functional KL: 0.01
Global Pooled JS: 0.005472
Seed 456, Step 1500: Loss = 135.55 (Recon: 80.23, Allele KL: 27.83, Base KL: 3812.67, Functional KL: 0.01
Global Pooled JS: 0.006347
Seed 456, Step 2000: Loss = 133.02 (Recon: 82.15, Allele KL: 23.32, Base KL: 3816.62, Functional KL: 0.01
Global Pooled JS: 0.010893
Seed 456, Step 2500: Loss = 128.61 (Recon: 76.71, Allele KL: 24.72, Base KL: 3810.29, Functional KL: 0.01

Top Variants with Coverage Mismatches:
Rank   Variant                        Expected     Observed     Diff       |Div|       
------------------------------------------------------------------------------------------
1      CYP2C8:96818118→A              0.15         0.00         0.15       0.001026    
2      CYP2C8:96818118→P              0.15         0.00         0.15       0.001009    
3      CYP2C8:96818118→T              0.15         0.00         0.15       0.001005    
4      CYP2C8:96818118→M              0.15         0.00         0.15       0.001001    
5      CYP2C8:96818118→N              0.14         0.00         0.14       0.000993    
6      CYP2C8:96818118→G              26.82        31.00        -4.18      0.000099    
7      CYP2C8:96818118→C              22.78        25.00        -2.22      0.000011    
New best model with final loss: 134.41

=== Multi-Seed VAE Results ===
Best model had seed 456 with final loss: 134.41
All seeds final losses:
  Seed 42: Total=140.97 (Recon=90.96, A_KL=22.05, B_KL=3810.14)
  Seed 123: Total=135.92 (Recon=86.57, A_KL=22.04, B_KL=3807.04)
  Seed 456: Total=134.41 (Recon=82.07, A_KL=24.79, B_KL=3809.31) <- Best
[time] run_vae took 118.19s (2,634.4921875 MB; 2,634.4921875 MB)

[Raw]:
CYP2C8*1: Normalized=0.5299, Unnormalized=0.53
CYP2C8*4: Normalized=0.4701, Unnormalized=0.47

[Alleles]
CYP2C8*1
CYP2C8*4
	Command being timed: "python cyp.py CYP2C8 /project/shared/aldy-data/wgs/NA20509.wgs.cram"
	User time (seconds): 112.98
	System time (seconds): 16.50
	Percent of CPU this job got: 99%
	Elapsed (wall clock) time (h:mm:ss or m:ss): 2:10.15
	Average shared text size (kbytes): 0
	Average unshared data size (kbytes): 0
	Average stack size (kbytes): 0
	Average total size (kbytes): 0
	Maximum resident set size (kbytes): 2697752
	Average resident set size (kbytes): 0
	Major (requiring I/O) page faults: 0
	Minor (reclaiming a frame) page faults: 997625
	Voluntary context switches: 22417
	Involuntary context switches: 194
	Swaps: 0
	File system inputs: 0
	File system outputs: 40
	Socket messages sent: 0
	Socket messages received: 0
	Signals delivered: 0
	Page size (bytes): 4096
	Exit status: 0
