2026-05-15 22:27:36.319939: I tensorflow/core/util/port.cc:111] oneDNN custom operations are on. You may see slightly different numerical results due to floating-point round-off errors from different computation orders. To turn them off, set the environment variable `TF_ENABLE_ONEDNN_OPTS=0`.
2026-05-15 22:27:36.360567: E tensorflow/compiler/xla/stream_executor/cuda/cuda_dnn.cc:9342] Unable to register cuDNN factory: Attempting to register factory for plugin cuDNN when one has already been registered
2026-05-15 22:27:36.360653: E tensorflow/compiler/xla/stream_executor/cuda/cuda_fft.cc:609] Unable to register cuFFT factory: Attempting to register factory for plugin cuFFT when one has already been registered
2026-05-15 22:27:36.360783: E tensorflow/compiler/xla/stream_executor/cuda/cuda_blas.cc:1518] Unable to register cuBLAS factory: Attempting to register factory for plugin cuBLAS when one has already been registered
2026-05-15 22:27:36.370186: I tensorflow/core/platform/cpu_feature_guard.cc:182] This TensorFlow binary is optimized to use available CPU instructions in performance-critical operations.
To enable the following instructions: AVX2 AVX512F AVX512_VNNI FMA, in other operations, rebuild TensorFlow with the appropriate compiler flags.
AttributeError: 'MessageFactory' object has no attribute 'GetPrototype'
2026-05-15 22:27:37.621742: W tensorflow/compiler/tf2tensorrt/utils/py_utils.cc:38] TF-TRT Warning: Could not find TensorRT
AttributeError: 'MessageFactory' object has no attribute 'GetPrototype'
[info] total indices 224
[info] total variants 224
2.001 was filtered out as 96818105 T>A needs A but not covered
2.002 was filtered out as 96818105 T>A needs A but not covered
3.001 was filtered out as 96827029 C>T needs T but not covered
3.002 was filtered out as 96827029 C>T needs T but not covered
4.001 was filtered out as 96818118 G>C needs C but not covered
4.002 was filtered out as 96818118 G>C needs C but not covered
5.001 was filtered out as 96826970 delT needs N but not covered
6.001 was filtered out as 96824687 C>T needs T but not covered
7.001 was filtered out as 96824642 G>A needs A but not covered
8.001 was filtered out as 96824642 G>C needs C but not covered
9.001 was filtered out as 96818170 T>C needs C but not covered
10.001 was filtered out as 96802646 C>A needs A but not covered
11.001 was filtered out as 96805707 C>A needs A but not covered
12.001 was filtered out as 96796973 delCAA needs N but not covered
13.001 was filtered out as 96818241 A>C needs C but not covered
14.001 was filtered out as 96818198 C>G needs G but not covered
15.001 was filtered out as 96824657 C>T needs T but not covered
16.001 was filtered out as 96802803 A>G needs G but not covered
17.001 was filtered out as 96818180 T>C needs C but not covered
18.001 was filtered out as 96802714 G>A needs A but not covered
[filter] CYP2C8 1.001 => 1.001; 1.002; 1.003; 1.004; 1.005; 1.006; 1.007; 1.008; 1.009; 1.010; 1.011; 1.012; 1.013; 1.014; 1.015; 1.016; 1.017; 1.018
[filter] valid_alleles=18
Step 0: Loss=0.1269, CN=[2.0999167]
Step 100: Loss=0.0336, CN=[2.4642956]
Step 200: Loss=0.0336, CN=[2.4633567]
Step 300: Loss=0.0336, CN=[2.4633565]
Step 400: Loss=0.0336, CN=[2.4633565]

=== Fit ===
Region 0: obs=2.471, exp=2.463, diff=+0.008 
Region 1: obs=2.283, exp=2.463, diff=-0.180 
Region 2: obs=2.438, exp=2.463, diff=-0.025 
Region 3: obs=2.257, exp=2.463, diff=-0.207 
Region 4: obs=2.453, exp=2.463, diff=-0.011 
Region 5: obs=2.412, exp=2.463, diff=-0.051 
Region 6: obs=2.540, exp=2.463, diff=+0.077 
Region 7: obs=2.342, exp=2.463, diff=-0.121 
Region 8: obs=3.034, exp=2.463, diff=+0.570 *
Region 9: obs=2.348, exp=2.463, diff=-0.115 
Region 10: obs=2.069, exp=2.463, diff=-0.394 
Region 11: obs=2.377, exp=2.463, diff=-0.086 
Region 12: obs=2.172, exp=2.463, diff=-0.292 
Region 13: obs=2.652, exp=2.463, diff=+0.189 
Region 14: obs=3.089, exp=2.463, diff=+0.626 *
Region 15: obs=2.530, exp=2.463, diff=+0.066 
Region 16: obs=2.844, exp=2.463, diff=+0.380 
Region 17: obs=2.393, exp=2.463, diff=-0.070 
Region 18: obs=2.092, exp=2.463, diff=-0.372 
Region 19: obs=2.512, exp=2.463, diff=+0.049 
Region 20: obs=2.618, exp=2.463, diff=+0.155 

[Gene CN Results]
  CYP2C8: 2.46 → 2.4633562564849854
Using device: cuda

=== Running VAE with seed 42 ===
Global Pooled JS: 0.000000
Seed 42, Step    0: Loss = 293.97 (Recon: 244.87, Allele KL: 20.40, Base KL: 1748.44, Functional KL: 0.00
Global Pooled JS: 0.000000
Seed 42, Step  500: Loss = 135.83 (Recon: 83.13, Allele KL: 24.88, Base KL: 3407.84, Functional KL: 0.00
Global Pooled JS: 0.000000
Seed 42, Step 1000: Loss = 128.38 (Recon: 77.53, Allele KL: 22.97, Base KL: 3480.01, Functional KL: 0.00
Global Pooled JS: 0.000000
Seed 42, Step 1500: Loss = 128.61 (Recon: 85.20, Allele KL: 14.60, Base KL: 3539.45, Functional KL: 0.00
Global Pooled JS: 0.000000
Seed 42, Step 2000: Loss = 135.80 (Recon: 90.32, Allele KL: 16.52, Base KL: 3545.97, Functional KL: 0.00
Global Pooled JS: 0.000000
Seed 42, Step 2500: Loss = 137.27 (Recon: 84.30, Allele KL: 25.13, Base KL: 3464.05, Functional KL: 0.00

Top Variants with Coverage Mismatches:
Rank   Variant                        Expected     Observed     Diff       |Div|       
------------------------------------------------------------------------------------------
New best model with final loss: 139.81

=== Running VAE with seed 123 ===
Global Pooled JS: 0.000000
Seed 123, Step    0: Loss = 149.27 (Recon: 105.43, Allele KL: 15.81, Base KL: 1939.50, Functional KL: 0.00
Global Pooled JS: 0.000000
Seed 123, Step  500: Loss = 127.26 (Recon: 80.48, Allele KL: 18.34, Base KL: 3536.47, Functional KL: 0.00
Global Pooled JS: 0.000000
Seed 123, Step 1000: Loss = 127.65 (Recon: 81.05, Allele KL: 18.39, Base KL: 3399.34, Functional KL: 0.00
Global Pooled JS: 0.000000
Seed 123, Step 1500: Loss = 135.12 (Recon: 88.97, Allele KL: 17.19, Base KL: 3529.69, Functional KL: 0.00
Global Pooled JS: 0.000000
Seed 123, Step 2000: Loss = 130.12 (Recon: 82.05, Allele KL: 19.99, Base KL: 3367.36, Functional KL: 0.00
Global Pooled JS: 0.000000
Seed 123, Step 2500: Loss = 130.19 (Recon: 82.00, Allele KL: 19.76, Base KL: 3510.23, Functional KL: 0.00

Top Variants with Coverage Mismatches:
Rank   Variant                        Expected     Observed     Diff       |Div|       
------------------------------------------------------------------------------------------
New best model with final loss: 129.85

=== Running VAE with seed 456 ===
Global Pooled JS: 0.000000
Seed 456, Step    0: Loss = 246.41 (Recon: 198.36, Allele KL: 18.56, Base KL: 1881.87, Functional KL: 0.00
Global Pooled JS: 0.000000
Seed 456, Step  500: Loss = 129.32 (Recon: 80.02, Allele KL: 21.02, Base KL: 3457.84, Functional KL: 0.00
Global Pooled JS: 0.000000
Seed 456, Step 1000: Loss = 132.27 (Recon: 84.17, Allele KL: 19.40, Base KL: 3528.40, Functional KL: 0.00
Global Pooled JS: 0.000000
Seed 456, Step 1500: Loss = 133.05 (Recon: 80.91, Allele KL: 23.96, Base KL: 3364.18, Functional KL: 0.00
Global Pooled JS: 0.000000
Seed 456, Step 2000: Loss = 130.98 (Recon: 84.46, Allele KL: 17.87, Base KL: 3567.11, Functional KL: 0.00
Global Pooled JS: 0.000000
Seed 456, Step 2500: Loss = 130.51 (Recon: 85.48, Allele KL: 16.58, Base KL: 3338.08, Functional KL: 0.00

Top Variants with Coverage Mismatches:
Rank   Variant                        Expected     Observed     Diff       |Div|       
------------------------------------------------------------------------------------------
New best model with final loss: 128.41

=== Multi-Seed VAE Results ===
Best model had seed 456 with final loss: 128.41
All seeds final losses:
  Seed 42: Total=139.81 (Recon=97.23, A_KL=13.80, B_KL=3564.47)
  Seed 123: Total=129.85 (Recon=83.89, A_KL=17.70, B_KL=3442.50)
  Seed 456: Total=128.41 (Recon=82.30, A_KL=17.94, B_KL=3441.19) <- Best
[time] run_vae took 100.75s (2,622.66796875 MB; 2,622.66796875 MB)

[Raw]:
CYP2C8*1: Normalized=1.0000, Unnormalized=1.00

[Alleles]
CYP2C8*1
CYP2C8*1
	Command being timed: "python cyp.py CYP2C8 /project/shared/aldy-data/wgs/NA21781.wgs.cram"
	User time (seconds): 98.77
	System time (seconds): 13.25
	Percent of CPU this job got: 99%
	Elapsed (wall clock) time (h:mm:ss or m:ss): 1:52.66
	Average shared text size (kbytes): 0
	Average unshared data size (kbytes): 0
	Average stack size (kbytes): 0
	Average total size (kbytes): 0
	Maximum resident set size (kbytes): 2685636
	Average resident set size (kbytes): 0
	Major (requiring I/O) page faults: 0
	Minor (reclaiming a frame) page faults: 847715
	Voluntary context switches: 24314
	Involuntary context switches: 4046
	Swaps: 0
	File system inputs: 0
	File system outputs: 32
	Socket messages sent: 0
	Socket messages received: 0
	Signals delivered: 0
	Page size (bytes): 4096
	Exit status: 0
