INFO:root:[!!!] running as script
INFO:root:[!!!] using 16 threads
INFO:root:[time] initializaiton took 0.68s (187.36328125 MB; 240.7578125 MB)
INFO:root:[sample] bam: /project/shared/inumanag-kir/data/hprc/HG00673.final.cram
INFO:root:[time] get_bam_reads took 11.83s (1,196.37109375 MB; 1,196.37109375 MB)
INFO:root:[time] calculate_coverage took 0.22s (1,196.37109375 MB; 1,196.37109375 MB)
INFO:root:[read] HG00673.final.cram: 1,264,781 reads loaded (sample.expected_coverage=19.0x)
INFO:root:[time] prepare FASTA for mapping took 1.97s (1,196.3828125 MB; 1,196.3828125 MB)
INFO:root:[time] minimap2 took 156.60s (6,736.2890625 MB; 6,736.2890625 MB)
INFO:root:[minimap2] 11,060,077/47,949,089 mappings handled
Mapping reads: 0...5,000,000...10,000,000...15,000,000...20,000,000...25,000,000...30,000,000...35,000,000...40,000,000...45,000,000...
INFO:root:[time] filtering took 64.40s (7,704.70703125 MB; 7,704.70703125 MB)
INFO:root:[filter] KIR2DL1 001 => 0010101: 0.1%; 0010103: 0.1%; 0010102: 0.2%; 0010104: 0.9%
INFO:root:[filter] KIR2DL1 003 => 0030237: 0.1%; 0030236: 0.1%; 0030242: 0.1%; 0030204: 0.1%; 0030205: 0.1%; 0030208: 0.1%; 0030211: 0.1%; 0030212: 0.1%; 0030215: 0.1%; 0030223: 0.1%; 0030231: 0.1%; 0030219: 0.1%; 0030230: 0.1%; 0030220: 0.1%; 00303: 0.1%; 00306: 0.1%; 0030216: 0.1%; 0030224: 0.1%; 0030228: 0.1%; 0030209: 0.1%; 0030239: 0.2%; 0030238: 0.2%; 0030218: 0.2%; 0030227: 0.2%; 0030243: 0.2%; 0030226: 0.2%; 0030203: 0.2%; 0030221: 0.2%; 0030207: 0.2%; 0030235: 0.2%; 0030232: 0.2%; 0030229: 0.2%; 0030234: 0.2%; 0030210: 0.3%; 0030233: 0.3%; 0030206: 0.3%; 0030214: 0.3%; 0030217: 0.3%; 0030202: 0.4%; 0030241: 0.4%; 0030213: 0.4%; 0030222: 0.9%; 0030225: 0.9%; 0030240: 0.9%
INFO:root:[filter] KIR2DL1 009 => 009: 0.1%
INFO:root:[filter] KIR2DL1 012 => 01202: 0.1%; 01201: 0.8%
INFO:root:[filter] KIR2DL1 022 => 02201: 0.1%
INFO:root:[filter] KIR2DL1 047 => 0470102: 0.1%; 0470101: 0.1%
INFO:root:[filter] KIR2DL1 069 => 069: 0.1%
INFO:root:[filter] KIR2DL3 001 => 0010101: 0.1%; 0010104: 0.1%; 0010103: 0.1%; 00110: 0.1%; 0010108: 0.1%; 0010109: 0.1%; 00107: 0.1%; 00103: 0.1%; 0010102: 0.1%; 0010113: 0.2%; 0010112: 0.3%; 0010115: 0.3%; 0010111: 0.3%; 0010110: 0.4%; 0010114: 0.5%; 0010107: 0.6%; 0010105: 0.8%; 0010106: 1.2%
INFO:root:[filter] KIR2DL3 003 => 003: 0.1%
INFO:root:[filter] KIR2DL3 027 => 027: 0.1%
INFO:root:[filter] KIR2DL3 030 => 030: 0.1%
INFO:root:[filter] KIR2DL3 031 => 031: 0.1%
INFO:root:[filter] KIR2DL4 005 => 00504: 0.2%; 0050107: 0.2%; 0050101: 0.2%; 0050102: 0.2%; 0050103: 0.3%; 0050106: 0.3%; 0050104: 0.4%; 0050105: 0.4%
INFO:root:[filter] KIR2DL4 006 => 0060201: 0.2%; 0060202: 0.4%
INFO:root:[filter] KIR2DL5A 001 => 0010101: 0.4%; 0010103: 0.4%; 0010106: 0.4%; 0010102: 0.9%; 0010104: 1.4%; 0010105: 1.5%
INFO:root:[filter] KIR2DL5A 012 => 01201: 0.5%
INFO:root:[filter] KIR2DL5B 006 => 00601: 9.0%
INFO:root:[filter] KIR2DL5B 008 => 00803: 0.4%; 0080102: 0.4%; 0080101: 2.9%
INFO:root:[filter] KIR2DP1 002 => 0020102: 0.0%; 0020109: 0.0%; 0020105: 0.0%; 0020106: 0.0%; 0020110: 0.0%; 0020103: 0.1%; 0020107: 0.1%; 0020108: 0.2%; 0020104: 0.2%; 0020101: 0.9%
INFO:root:[filter] KIR2DS1 002 => 0020101: 0.0%; 0020103: 0.0%; 0020115: 0.0%; 0020116: 0.0%; 0020108: 0.1%; 0020114: 0.1%; 0020106: 0.1%; 0020102: 0.1%; 0020107: 0.1%; 0020104: 0.2%; 0020111: 0.2%; 0020112: 0.2%; 0020113: 0.2%; 0020110: 0.3%; 0020118: 0.3%; 0020105: 0.5%; 0020117: 1.2%; 0020109: 1.4%
INFO:root:[filter] KIR2DS1 004 => 004: 0.1%
INFO:root:[filter] KIR2DS1 005 => 00502: 0.1%
INFO:root:[filter] KIR2DS1 006 => 006: 0.0%
INFO:root:[filter] KIR2DS1 008 => 008: 0.1%
INFO:root:[filter] KIR2DS1 009 => 009: 0.1%
INFO:root:[filter] KIR2DS1 012 => 0120102: 0.1%; 0120101: 0.2%
INFO:root:[filter] KIR2DS1 013 => 013: 0.1%
INFO:root:[filter] KIR2DS2 001 => 00104: 0.1%
INFO:root:[filter] KIR2DS4 004 => 0040101: 0.3%; 0040102: 0.8%
INFO:root:[filter] KIR2DS5 002 => 0020101: 0.1%; 0020103: 0.1%; 0020111: 0.1%; 0020126: 0.1%; 0020129: 0.1%; 0020130: 0.1%; 0020108: 0.1%; 0020132: 0.1%; 0020123: 0.1%; 0020116: 0.1%; 0020112: 0.2%; 0020121: 0.2%; 0020128: 0.2%; 0020118: 0.2%; 0020104: 0.2%; 0020113: 0.2%; 0020107: 0.3%; 0020117: 0.3%; 00203: 0.3%; 0020105: 0.3%; 0020133: 0.3%; 0020114: 0.4%; 0020125: 0.4%; 0020106: 0.4%; 0020119: 0.4%; 0020124: 0.4%; 0020127: 0.4%; 0020122: 0.5%; 0020109: 0.5%; 0020120: 0.7%; 0020110: 0.7%; 0020115: 0.7%; 0020131: 0.7%
INFO:root:[filter] KIR2DS5 021 => 0210101: 0.1%; 0210102: 0.2%
INFO:root:[filter] KIR2DS5 032 => 032: 0.1%
INFO:root:[filter] KIR2DS5 037 => 037: 0.1%
INFO:root:[filter] KIR3DL1 007 => 0070104: 0.0%; 0070101: 0.1%; 0070103: 0.1%; 0070106: 0.2%; 0070105: 0.2%; 0070102: 0.3%
INFO:root:[filter] KIR3DL1 068 => 068: 0.1%
INFO:root:[filter] KIR3DL2 001 => 0010102: 0.1%; 0010101: 0.2%; 0010302: 1.3%; 0010301: 1.4%
INFO:root:[filter] KIR3DL2 006 => 00601: 0.2%; 00602: 0.2%
INFO:root:[filter] KIR3DL2 007 => 00709: 0.2%; 0070101: 0.5%; 0070102: 0.8%; 0070103: 0.8%
INFO:root:[filter] KIR3DL2 008 => 00801: 0.4%
INFO:root:[filter] KIR3DL2 010 => 01004: 0.2%; 01001: 0.9%
INFO:root:[filter] KIR3DL2 016 => 016: 0.2%
INFO:root:[filter] KIR3DL2 021 => 021: 0.2%
INFO:root:[filter] KIR3DL2 093 => 093: 0.2%
INFO:root:[filter] KIR3DL2 100 => 10001: 0.2%
INFO:root:[filter] KIR3DL2 108 => 10801: 0.2%
INFO:root:[filter] KIR3DL2 109 => 109: 0.2%
INFO:root:[filter] KIR3DL3 009 => 0090101: 0.1%; 0090103: 0.1%; 0090107: 0.2%; 0090106: 0.2%; 0090102: 0.3%; 00902: 0.4%; 0090105: 0.4%; 0090104: 0.4%
INFO:root:[filter] KIR3DL3 010 => 01004: 0.0%; 01001: 0.4%; 01002: 1.4%
INFO:root:[filter] KIR3DP1 001 => 001: 1.0%
INFO:root:[filter] KIR3DP1 003 => 0030202: 0.1%; 0030207: 0.1%; 0030208: 0.1%; 0030211: 0.1%; 0030213: 0.1%; 0030217: 0.1%; 0030206: 0.1%; 0030210: 0.2%; 0030212: 0.2%; 0030215: 0.3%; 0030205: 0.5%; 0030216: 0.5%; 0030201: 0.6%; 0030214: 0.8%; 0030204: 0.9%; 0030203: 1.0%; 00311: 1.0%; 0030401: 1.2%; 0030209: 3.0%; 0030101: 4.8%; 0030102: 5.0%; 00308: 5.4%; 0030103: 5.9%; 0030402: 6.5%
INFO:root:[filter] KIR3DP1 004 => 004: 1.0%
INFO:root:[filter] KIR3DP1 009 => 00902: 1.3%; 0090101: 2.4%; 0090102: 2.4%; 0090103: 3.4%
INFO:root:[filter] KIR3DP1 015 => 0150103: 0.1%; 0150101: 0.1%; 0150102: 0.8%
INFO:root:[filter] KIR3DP1 028 => 0280101: 0.4%; 0280102: 1.0%
INFO:root:[filter] KIR3DP1 038 => 038: 0.7%
INFO:root:[filter] KIR3DS1 010 => 010: 0.1%
INFO:root:[filter] KIR3DS1 013 => 0130107: 0.0%; 0130106: 0.0%; 0130108: 0.0%; 0130128: 0.0%; 0130131: 0.0%; 0130109: 0.1%; 0130122: 0.1%; 0130127: 0.1%; 0130101: 0.1%; 0130111: 0.1%; 0130114: 0.1%; 0130116: 0.1%; 0130105: 0.1%; 0130132: 0.1%; 0130118: 0.2%; 0130120: 0.2%; 0130125: 0.2%; 0130119: 0.2%; 0130113: 0.2%; 0130117: 0.2%; 0130103: 0.2%; 0130121: 0.2%; 0130110: 0.3%; 0130124: 0.3%; 0130102: 0.3%; 0130123: 0.3%; 0130129: 0.3%; 0130115: 0.4%; 0130130: 0.4%; 0130104: 0.5%; 0130126: 0.6%; 0130112: 1.0%
INFO:root:[filter] KIR3DS1 014 => 014: 0.1%
INFO:root:[filter] KIR3DS1 083 => 083: 0.1%
INFO:root:[filter] KIR3DS1 123 => 1230102: 0.1%; 1230101: 0.2%; 1230103: 0.2%
INFO:root:[filter] KIR3DS1 126 => 126: 0.1%
INFO:root:[filter] valid_alleles=286
INFO:root:[em] input: len(valid_reads)=37,449 len(valid_alleles)=286
INFO:root:[time] em_init took 22.63s (8,113.68359375 MB; 8,113.68359375 MB)
INFO:root:[em] KIR2DL1 0030205 => 0.061038456484775176
INFO:root:[em] KIR2DL1 0030232 => 0.029908742606113935
INFO:root:[em] KIR2DL3 0010102 => 0.00885651837771555
INFO:root:[em] KIR2DL3 0010103 => 0.016471143844021267
INFO:root:[em] KIR2DL3 0010105 => 0.004030965469018064
INFO:root:[em] KIR2DL3 0010108 => 0.042553562569089654
INFO:root:[em] KIR2DL3 0010111 => 0.004212777374072552
INFO:root:[em] KIR2DL3 0010113 => 0.007120836149268298
INFO:root:[em] KIR2DL3 00110 => 0.002995440217476655
INFO:root:[em] KIR2DL3 003 => 0.001897466220669614
INFO:root:[em] KIR2DL4 0050101 => 0.04689551554841599
INFO:root:[em] KIR2DL4 00504 => 0.0019017249674476674
INFO:root:[em] KIR2DL4 0060201 => 0.04570384471612416
INFO:root:[em] KIR2DL5A 0010101 => 0.017679135140367317
INFO:root:[em] KIR2DL5A 0010102 => 0.01558923513621257
INFO:root:[em] KIR2DL5B 0080101 => 0.0067717883039262235
INFO:root:[em] KIR2DP1 0020106 => 0.03202393129054149
INFO:root:[em] KIR2DP1 0020108 => 0.004966797480453337
INFO:root:[em] KIR2DP1 0020109 => 0.04226396773291807
INFO:root:[em] KIR2DS1 0020103 => 0.06356097972288262
INFO:root:[em] KIR2DS4 0040101 => 0.01751033663635731
INFO:root:[em] KIR2DS4 0040102 => 0.05190699157689348
INFO:root:[em] KIR2DS5 0020104 => 0.002594658440898644
INFO:root:[em] KIR2DS5 0020111 => 0.06199318336043499
INFO:root:[em] KIR3DL1 0070101 => 0.017362821231915886
INFO:root:[em] KIR3DL1 0070102 => 0.0027010815481355397
INFO:root:[em] KIR3DL1 0070104 => 0.03542265609982035
INFO:root:[em] KIR3DL2 0070101 => 0.021697663476767996
INFO:root:[em] KIR3DL2 0070102 => 0.0054413903262703605
INFO:root:[em] KIR3DL2 0070103 => 0.011271012876351228
INFO:root:[em] KIR3DL2 00801 => 0.07082041235220081
INFO:root:[em] KIR3DL2 01001 => 0.027717423878861065
INFO:root:[em] KIR3DL2 016 => 0.0015191086120291994
INFO:root:[em] KIR3DL2 093 => 0.007318215369051305
INFO:root:[em] KIR3DL3 0090101 => 0.029907568703285793
INFO:root:[em] KIR3DL3 01002 => 0.045275024977155624
INFO:root:[em] KIR3DL3 01004 => 0.022445242798524827
INFO:root:[em] KIR3DP1 0030202 => 0.022833927348152958
INFO:root:[em] KIR3DP1 0030206 => 0.0015609248364010985
INFO:root:[em] KIR3DP1 0030211 => 0.0010160696433887929
INFO:root:[em] KIR3DS1 0130101 => 0.08123367891150594
INFO:root:[em] KIR3DS1 0130131 => 0.0010385514651087254
INFO:root:[time] em took 486.06s (7,705.3125 MB; 8,604.1171875 MB)
INFO:root:[time] correct hits took 1.14s (7,705.3125 MB; 8,604.1171875 MB)
INFO:root:[time] correct hits took 0.59s (7,705.31640625 MB; 8,604.1171875 MB)
INFO:root:[time] get_scc took 5.92s (7,705.31640625 MB; 8,604.1171875 MB)
INFO:root:[time] get_scc took 14.82s (7,705.31640625 MB; 8,604.1171875 MB)
INFO:root:[time] em_scc took 500.97s (7,705.31640625 MB; 8,604.1171875 MB)
percentage of captured is 0.9012197560487902
percentage of captured is 0.9832491056725909
Set parameter WLSAccessID
INFO:gurobipy:Set parameter WLSAccessID
Set parameter WLSSecret
INFO:gurobipy:Set parameter WLSSecret
Set parameter LicenseID to value 2756285
INFO:gurobipy:Set parameter LicenseID to value 2756285
Academic license 2756285 - for non-commercial use only - registered to po___@uvic.ca
INFO:gurobipy:Academic license 2756285 - for non-commercial use only - registered to po___@uvic.ca
[ilp] len(valid_reads)=17,473
Set parameter Threads to value 16
INFO:gurobipy:Set parameter Threads to value 16
Set parameter Presolve to value 2
INFO:gurobipy:Set parameter Presolve to value 2
Set parameter PreSparsify to value 2
INFO:gurobipy:Set parameter PreSparsify to value 2
Set parameter NonConvex to value 2
INFO:gurobipy:Set parameter NonConvex to value 2
Set parameter MIPGap to value 0.05
INFO:gurobipy:Set parameter MIPGap to value 0.05
Set parameter TimeLimit to value 10800
INFO:gurobipy:Set parameter TimeLimit to value 10800
max_cost is 114 KIR3DS1 0130101 7885
Gurobi Optimizer version 12.0.0 build v12.0.0rc1 (linux64 - "CentOS Linux 7 (Core)")
INFO:gurobipy:Gurobi Optimizer version 12.0.0 build v12.0.0rc1 (linux64 - "CentOS Linux 7 (Core)")

INFO:gurobipy:
CPU model: Intel(R) Xeon(R) Platinum 8260 CPU @ 2.40GHz, instruction set [SSE2|AVX|AVX2|AVX512]
INFO:gurobipy:CPU model: Intel(R) Xeon(R) Platinum 8260 CPU @ 2.40GHz, instruction set [SSE2|AVX|AVX2|AVX512]
Thread count: 96 physical cores, 192 logical processors, using up to 16 threads
INFO:gurobipy:Thread count: 96 physical cores, 192 logical processors, using up to 16 threads

INFO:gurobipy:
Non-default parameters:
INFO:gurobipy:Non-default parameters:
TimeLimit  10800
INFO:gurobipy:TimeLimit  10800
MIPGap  0.05
INFO:gurobipy:MIPGap  0.05
NonConvex  2
INFO:gurobipy:NonConvex  2
Presolve  2
INFO:gurobipy:Presolve  2
PreSparsify  2
INFO:gurobipy:PreSparsify  2
Threads  16
INFO:gurobipy:Threads  16

INFO:gurobipy:
Academic license 2756285 - for non-commercial use only - registered to po___@uvic.ca
INFO:gurobipy:Academic license 2756285 - for non-commercial use only - registered to po___@uvic.ca
Optimize a model with 149613 rows, 312753 columns and 1380865 nonzeros
INFO:gurobipy:Optimize a model with 149613 rows, 312753 columns and 1380865 nonzeros
Model fingerprint: 0xe93d3c51
INFO:gurobipy:Model fingerprint: 0xe93d3c51
Variable types: 5308 continuous, 307445 integer (307445 binary)
INFO:gurobipy:Variable types: 5308 continuous, 307445 integer (307445 binary)
Coefficient statistics:
INFO:gurobipy:Coefficient statistics:
  Matrix range     [6e-05, 3e+01]
INFO:gurobipy:  Matrix range     [6e-05, 3e+01]
  Objective range  [5e-02, 6e+00]
INFO:gurobipy:  Objective range  [5e-02, 6e+00]
  Bounds range     [1e+00, 1e+00]
INFO:gurobipy:  Bounds range     [1e+00, 1e+00]
  RHS range        [2e-01, 1e+00]
INFO:gurobipy:  RHS range        [2e-01, 1e+00]
Presolve removed 17483 rows and 186042 columns (presolve time = 5s)...
INFO:gurobipy:Presolve removed 17483 rows and 186042 columns (presolve time = 5s)...
Presolve removed 17499 rows and 186042 columns (presolve time = 10s)...
INFO:gurobipy:Presolve removed 17499 rows and 186042 columns (presolve time = 10s)...
Presolve removed 17503 rows and 186042 columns (presolve time = 15s)...
INFO:gurobipy:Presolve removed 17503 rows and 186042 columns (presolve time = 15s)...
Presolve removed 17507 rows and 186042 columns (presolve time = 20s)...
INFO:gurobipy:Presolve removed 17507 rows and 186042 columns (presolve time = 20s)...
Presolve removed 17555 rows and 186062 columns (presolve time = 25s)...
INFO:gurobipy:Presolve removed 17555 rows and 186062 columns (presolve time = 25s)...
Presolve removed 17559 rows and 186062 columns (presolve time = 30s)...
INFO:gurobipy:Presolve removed 17559 rows and 186062 columns (presolve time = 30s)...
Presolve removed 17559 rows and 186062 columns (presolve time = 35s)...
INFO:gurobipy:Presolve removed 17559 rows and 186062 columns (presolve time = 35s)...
Presolve removed 17559 rows and 186062 columns (presolve time = 40s)...
INFO:gurobipy:Presolve removed 17559 rows and 186062 columns (presolve time = 40s)...
Presolve removed 17559 rows and 186062 columns (presolve time = 45s)...
INFO:gurobipy:Presolve removed 17559 rows and 186062 columns (presolve time = 45s)...
Presolve removed 17559 rows and 186062 columns (presolve time = 50s)...
INFO:gurobipy:Presolve removed 17559 rows and 186062 columns (presolve time = 50s)...
Presolve removed 17559 rows and 186062 columns (presolve time = 55s)...
INFO:gurobipy:Presolve removed 17559 rows and 186062 columns (presolve time = 55s)...
Presolve removed 17559 rows and 186062 columns (presolve time = 60s)...
INFO:gurobipy:Presolve removed 17559 rows and 186062 columns (presolve time = 60s)...
Presolve removed 17559 rows and 186062 columns (presolve time = 65s)...
INFO:gurobipy:Presolve removed 17559 rows and 186062 columns (presolve time = 65s)...
Presolve removed 17559 rows and 186062 columns (presolve time = 70s)...
INFO:gurobipy:Presolve removed 17559 rows and 186062 columns (presolve time = 70s)...
Presolve removed 17559 rows and 186062 columns (presolve time = 75s)...
INFO:gurobipy:Presolve removed 17559 rows and 186062 columns (presolve time = 75s)...
Presolve removed 17559 rows and 186062 columns (presolve time = 80s)...
INFO:gurobipy:Presolve removed 17559 rows and 186062 columns (presolve time = 80s)...
Presolve removed 17559 rows and 186062 columns (presolve time = 85s)...
INFO:gurobipy:Presolve removed 17559 rows and 186062 columns (presolve time = 85s)...
Presolve removed 22634 rows and 191123 columns (presolve time = 90s)...
INFO:gurobipy:Presolve removed 22634 rows and 191123 columns (presolve time = 90s)...
Presolve removed 22634 rows and 191123 columns (presolve time = 95s)...
INFO:gurobipy:Presolve removed 22634 rows and 191123 columns (presolve time = 95s)...
Presolve removed 22634 rows and 191123 columns (presolve time = 100s)...
INFO:gurobipy:Presolve removed 22634 rows and 191123 columns (presolve time = 100s)...
Presolve removed 22634 rows and 191123 columns (presolve time = 105s)...
INFO:gurobipy:Presolve removed 22634 rows and 191123 columns (presolve time = 105s)...
Presolve removed 22634 rows and 191123 columns (presolve time = 110s)...
INFO:gurobipy:Presolve removed 22634 rows and 191123 columns (presolve time = 110s)...
Presolve removed 22634 rows and 191123 columns (presolve time = 115s)...
INFO:gurobipy:Presolve removed 22634 rows and 191123 columns (presolve time = 115s)...
Presolve removed 22634 rows and 191123 columns (presolve time = 120s)...
INFO:gurobipy:Presolve removed 22634 rows and 191123 columns (presolve time = 120s)...
Presolve removed 22634 rows and 191123 columns (presolve time = 125s)...
INFO:gurobipy:Presolve removed 22634 rows and 191123 columns (presolve time = 125s)...
Presolve removed 22634 rows and 191123 columns (presolve time = 130s)...
INFO:gurobipy:Presolve removed 22634 rows and 191123 columns (presolve time = 130s)...
Presolve removed 22634 rows and 191123 columns (presolve time = 135s)...
INFO:gurobipy:Presolve removed 22634 rows and 191123 columns (presolve time = 135s)...
Presolve removed 22634 rows and 191123 columns (presolve time = 140s)...
INFO:gurobipy:Presolve removed 22634 rows and 191123 columns (presolve time = 140s)...
Presolve removed 22634 rows and 191123 columns (presolve time = 145s)...
INFO:gurobipy:Presolve removed 22634 rows and 191123 columns (presolve time = 145s)...
Presolve removed 22634 rows and 191123 columns (presolve time = 151s)...
INFO:gurobipy:Presolve removed 22634 rows and 191123 columns (presolve time = 151s)...
Sparsify removed 458104 nonzeros (38%)
INFO:gurobipy:Sparsify removed 458104 nonzeros (38%)
Presolve removed 22634 rows and 186067 columns
INFO:gurobipy:Presolve removed 22634 rows and 186067 columns
Presolve time: 151.65s
INFO:gurobipy:Presolve time: 151.65s
Presolved: 126979 rows, 126686 columns, 737385 nonzeros
INFO:gurobipy:Presolved: 126979 rows, 126686 columns, 737385 nonzeros
Variable types: 10154 continuous, 116532 integer (116322 binary)
INFO:gurobipy:Variable types: 10154 continuous, 116532 integer (116322 binary)
Sparsify removed 9319 nonzeros (1%)
INFO:gurobipy:Sparsify removed 9319 nonzeros (1%)
Root relaxation presolved: 126979 rows, 126686 columns, 728066 nonzeros
INFO:gurobipy:Root relaxation presolved: 126979 rows, 126686 columns, 728066 nonzeros

INFO:gurobipy:
Sparsify removed 8210 nonzeros (2%)
INFO:gurobipy:Sparsify removed 8210 nonzeros (2%)
Deterministic concurrent LP optimizer: primal simplex, dual simplex, and barrier
INFO:gurobipy:Deterministic concurrent LP optimizer: primal simplex, dual simplex, and barrier
Showing barrier log only...
INFO:gurobipy:Showing barrier log only...

INFO:gurobipy:
Root barrier log...
INFO:gurobipy:Root barrier log...

INFO:gurobipy:
Ordering time: 0.16s
INFO:gurobipy:Ordering time: 0.16s

INFO:gurobipy:
Barrier statistics:
INFO:gurobipy:Barrier statistics:
 Dense cols : 48
INFO:gurobipy: Dense cols : 48
 AA' NZ     : 5.583e+05
INFO:gurobipy: AA' NZ     : 5.583e+05
 Factor NZ  : 1.498e+06 (roughly 70 MB of memory)
INFO:gurobipy: Factor NZ  : 1.498e+06 (roughly 70 MB of memory)
 Factor Ops : 9.702e+07 (less than 1 second per iteration)
INFO:gurobipy: Factor Ops : 9.702e+07 (less than 1 second per iteration)
 Threads    : 13
INFO:gurobipy: Threads    : 13

INFO:gurobipy:
                  Objective                Residual
INFO:gurobipy:                  Objective                Residual
Iter       Primal          Dual         Primal    Dual     Compl     Time
INFO:gurobipy:Iter       Primal          Dual         Primal    Dual     Compl     Time
   0   6.90218772e+05 -1.06716573e+06  1.37e+04 2.00e+00  3.54e+02   156s
INFO:gurobipy:   0   6.90218772e+05 -1.06716573e+06  1.37e+04 2.00e+00  3.54e+02   156s
   1   6.07534754e+05 -1.08636761e+06  1.19e+04 5.40e+00  3.12e+02   156s
INFO:gurobipy:   1   6.07534754e+05 -1.08636761e+06  1.19e+04 5.40e+00  3.12e+02   156s
   2   4.94355140e+05 -1.15271734e+06  7.96e+03 3.08e+00  2.59e+02   156s
INFO:gurobipy:   2   4.94355140e+05 -1.15271734e+06  7.96e+03 3.08e+00  2.59e+02   156s
   3   2.09896779e+05 -1.19676632e+06  3.22e+03 1.26e-10  1.13e+02   156s
INFO:gurobipy:   3   2.09896779e+05 -1.19676632e+06  3.22e+03 1.26e-10  1.13e+02   156s
   4   4.14881405e+04 -8.81704049e+05  4.67e+02 4.36e-10  2.01e+01   156s
INFO:gurobipy:   4   4.14881405e+04 -8.81704049e+05  4.67e+02 4.36e-10  2.01e+01   156s
   5   3.38513770e+04 -6.51811157e+05  3.01e+02 1.99e-10  1.39e+01   156s
INFO:gurobipy:   5   3.38513770e+04 -6.51811157e+05  3.01e+02 1.99e-10  1.39e+01   156s
   6   2.60963812e+04 -5.17749889e+05  1.76e+02 1.23e-10  9.14e+00   156s
INFO:gurobipy:   6   2.60963812e+04 -5.17749889e+05  1.76e+02 1.23e-10  9.14e+00   156s
   7   1.69460360e+04 -4.60841860e+05  2.85e+01 7.98e-11  4.99e+00   156s
INFO:gurobipy:   7   1.69460360e+04 -4.60841860e+05  2.85e+01 7.98e-11  4.99e+00   156s
   8   1.25945237e+04 -2.80153262e+05  1.11e+01 1.02e-11  2.30e+00   156s
INFO:gurobipy:   8   1.25945237e+04 -2.80153262e+05  1.11e+01 1.02e-11  2.30e+00   156s
   9   9.36660502e+03 -1.85325963e+05  2.87e+00 5.85e-12  1.13e+00   156s
INFO:gurobipy:   9   9.36660502e+03 -1.85325963e+05  2.87e+00 5.85e-12  1.13e+00   156s
  10   7.13250043e+03 -6.84762268e+04  9.78e-01 2.07e-12  3.99e-01   156s
INFO:gurobipy:  10   7.13250043e+03 -6.84762268e+04  9.78e-01 2.07e-12  3.99e-01   156s
  11   4.45695091e+03 -2.76733604e+04  1.92e-01 7.96e-13  1.60e-01   157s
INFO:gurobipy:  11   4.45695091e+03 -2.76733604e+04  1.92e-01 7.96e-13  1.60e-01   157s
  12   3.17929378e+03 -1.44709509e+04  4.02e-02 2.98e-13  8.70e-02   157s
INFO:gurobipy:  12   3.17929378e+03 -1.44709509e+04  4.02e-02 2.98e-13  8.70e-02   157s
  13   3.00471188e+03 -1.04082141e+04  3.11e-02 2.20e-13  6.60e-02   157s
INFO:gurobipy:  13   3.00471188e+03 -1.04082141e+04  3.11e-02 2.20e-13  6.60e-02   157s
  14   2.72445956e+03 -8.92311423e+03  1.98e-02 2.56e-13  5.73e-02   157s
INFO:gurobipy:  14   2.72445956e+03 -8.92311423e+03  1.98e-02 2.56e-13  5.73e-02   157s
  15   2.49979705e+03 -7.39771151e+03  1.38e-02 1.67e-13  4.87e-02   157s
INFO:gurobipy:  15   2.49979705e+03 -7.39771151e+03  1.38e-02 1.67e-13  4.87e-02   157s
  16   2.25890818e+03 -6.03359795e+03  1.07e-02 1.30e-13  4.08e-02   157s
INFO:gurobipy:  16   2.25890818e+03 -6.03359795e+03  1.07e-02 1.30e-13  4.08e-02   157s
  17   1.78612967e+03 -4.86048839e+03  5.75e-03 1.23e-13  3.27e-02   157s
INFO:gurobipy:  17   1.78612967e+03 -4.86048839e+03  5.75e-03 1.23e-13  3.27e-02   157s
  18   1.47866639e+03 -3.71457691e+03  4.12e-03 1.08e-13  2.55e-02   157s
INFO:gurobipy:  18   1.47866639e+03 -3.71457691e+03  4.12e-03 1.08e-13  2.55e-02   157s
  19   1.22092552e+03 -2.77431860e+03  2.80e-03 7.99e-14  1.96e-02   157s
INFO:gurobipy:  19   1.22092552e+03 -2.77431860e+03  2.80e-03 7.99e-14  1.96e-02   157s
  20   1.06815817e+03 -2.25809484e+03  2.05e-03 8.57e-14  1.63e-02   157s
INFO:gurobipy:  20   1.06815817e+03 -2.25809484e+03  2.05e-03 8.57e-14  1.63e-02   157s
  21   9.17890861e+02 -1.35416053e+03  1.36e-03 6.13e-14  1.12e-02   157s
INFO:gurobipy:  21   9.17890861e+02 -1.35416053e+03  1.36e-03 6.13e-14  1.12e-02   157s
  22   8.28246240e+02 -9.35525588e+02  9.89e-04 5.11e-14  8.66e-03   157s
INFO:gurobipy:  22   8.28246240e+02 -9.35525588e+02  9.89e-04 5.11e-14  8.66e-03   157s
  23   7.65998675e+02 -4.34576727e+02  7.24e-04 2.73e-14  5.90e-03   157s
INFO:gurobipy:  23   7.65998675e+02 -4.34576727e+02  7.24e-04 2.73e-14  5.90e-03   157s
  24   7.07023157e+02 -2.06842942e+02  5.27e-04 2.64e-14  4.49e-03   158s
INFO:gurobipy:  24   7.07023157e+02 -2.06842942e+02  5.27e-04 2.64e-14  4.49e-03   158s
  25   6.70268022e+02 -2.56662079e+01  4.13e-04 2.46e-14  3.42e-03   158s
INFO:gurobipy:  25   6.70268022e+02 -2.56662079e+01  4.13e-04 2.46e-14  3.42e-03   158s
  26   6.44623170e+02  1.35764462e+01  3.37e-04 2.27e-14  3.10e-03   158s
INFO:gurobipy:  26   6.44623170e+02  1.35764462e+01  3.37e-04 2.27e-14  3.10e-03   158s
  27   6.14061616e+02  1.99648769e+02  2.50e-04 2.40e-14  2.04e-03   158s
INFO:gurobipy:  27   6.14061616e+02  1.99648769e+02  2.50e-04 2.40e-14  2.04e-03   158s
  28   5.89181870e+02  2.66481602e+02  1.86e-04 1.22e-14  1.59e-03   158s
INFO:gurobipy:  28   5.89181870e+02  2.66481602e+02  1.86e-04 1.22e-14  1.59e-03   158s
  29   5.65151353e+02  3.23587056e+02  1.27e-04 1.19e-14  1.19e-03   158s
INFO:gurobipy:  29   5.65151353e+02  3.23587056e+02  1.27e-04 1.19e-14  1.19e-03   158s
  30   5.56483091e+02  3.65011298e+02  1.06e-04 1.24e-14  9.41e-04   158s
INFO:gurobipy:  30   5.56483091e+02  3.65011298e+02  1.06e-04 1.24e-14  9.41e-04   158s
  31   5.38864565e+02  3.94845762e+02  6.55e-05 1.42e-14  7.07e-04   158s
INFO:gurobipy:  31   5.38864565e+02  3.94845762e+02  6.55e-05 1.42e-14  7.07e-04   158s
  32   5.33684490e+02  4.04981712e+02  5.36e-05 1.15e-14  6.32e-04   158s
INFO:gurobipy:  32   5.33684490e+02  4.04981712e+02  5.36e-05 1.15e-14  6.32e-04   158s
  33   5.27258935e+02  4.39864149e+02  3.97e-05 2.31e-14  4.29e-04   158s
INFO:gurobipy:  33   5.27258935e+02  4.39864149e+02  3.97e-05 2.31e-14  4.29e-04   158s
  34   5.23274940e+02  4.44225208e+02  3.13e-05 1.08e-14  3.88e-04   158s
INFO:gurobipy:  34   5.23274940e+02  4.44225208e+02  3.13e-05 1.08e-14  3.88e-04   158s
  35   5.20520167e+02  4.58181173e+02  2.58e-05 1.95e-14  3.06e-04   158s
INFO:gurobipy:  35   5.20520167e+02  4.58181173e+02  2.58e-05 1.95e-14  3.06e-04   158s
  36   5.19894426e+02  4.61864727e+02  2.47e-05 2.49e-14  2.85e-04   158s
INFO:gurobipy:  36   5.19894426e+02  4.61864727e+02  2.47e-05 2.49e-14  2.85e-04   158s
  37   5.15766334e+02  4.65970516e+02  1.70e-05 1.07e-14  2.45e-04   158s
INFO:gurobipy:  37   5.15766334e+02  4.65970516e+02  1.70e-05 1.07e-14  2.45e-04   158s
  38   5.13326036e+02  4.80470496e+02  1.28e-05 2.41e-14  1.61e-04   158s
INFO:gurobipy:  38   5.13326036e+02  4.80470496e+02  1.28e-05 2.41e-14  1.61e-04   158s
  39   5.11383725e+02  4.84592965e+02  9.77e-06 1.82e-14  1.32e-04   158s
INFO:gurobipy:  39   5.11383725e+02  4.84592965e+02  9.77e-06 1.82e-14  1.32e-04   158s
  40   5.10668169e+02  4.88542501e+02  8.66e-06 1.60e-14  1.09e-04   158s
INFO:gurobipy:  40   5.10668169e+02  4.88542501e+02  8.66e-06 1.60e-14  1.09e-04   158s
  41   5.10316868e+02  4.91924224e+02  8.04e-06 2.49e-14  9.03e-05   159s
INFO:gurobipy:  41   5.10316868e+02  4.91924224e+02  8.04e-06 2.49e-14  9.03e-05   159s
  42   5.09008774e+02  4.93359660e+02  6.03e-06 2.13e-14  7.69e-05   159s
INFO:gurobipy:  42   5.09008774e+02  4.93359660e+02  6.03e-06 2.13e-14  7.69e-05   159s
  43   5.08442321e+02  4.94818694e+02  5.09e-06 1.05e-14  6.69e-05   159s
INFO:gurobipy:  43   5.08442321e+02  4.94818694e+02  5.09e-06 1.05e-14  6.69e-05   159s
  44   5.07545107e+02  4.96807439e+02  3.82e-06 1.15e-14  5.27e-05   159s
INFO:gurobipy:  44   5.07545107e+02  4.96807439e+02  3.82e-06 1.15e-14  5.27e-05   159s
  45   5.07351939e+02  4.97734416e+02  3.54e-06 9.19e-15  4.72e-05   159s
INFO:gurobipy:  45   5.07351939e+02  4.97734416e+02  3.54e-06 9.19e-15  4.72e-05   159s
  46   5.07136540e+02  4.98446432e+02  3.25e-06 9.05e-15  4.27e-05   159s
INFO:gurobipy:  46   5.07136540e+02  4.98446432e+02  3.25e-06 9.05e-15  4.27e-05   159s
  47   5.06912069e+02  4.99161430e+02  2.92e-06 8.88e-15  3.81e-05   159s
INFO:gurobipy:  47   5.06912069e+02  4.99161430e+02  2.92e-06 8.88e-15  3.81e-05   159s
  48   5.06077574e+02  5.00595824e+02  1.78e-06 3.20e-14  2.69e-05   159s
INFO:gurobipy:  48   5.06077574e+02  5.00595824e+02  1.78e-06 3.20e-14  2.69e-05   159s
  49   5.05501291e+02  5.01258039e+02  9.98e-07 7.99e-15  2.08e-05   159s
INFO:gurobipy:  49   5.05501291e+02  5.01258039e+02  9.98e-07 7.99e-15  2.08e-05   159s
  50   5.05193287e+02  5.02648852e+02  6.04e-07 1.51e-14  1.25e-05   159s
INFO:gurobipy:  50   5.05193287e+02  5.02648852e+02  6.04e-07 1.51e-14  1.25e-05   159s
  51   5.05116086e+02  5.03276626e+02  5.20e-07 7.99e-15  9.04e-06   159s
INFO:gurobipy:  51   5.05116086e+02  5.03276626e+02  5.20e-07 7.99e-15  9.04e-06   159s
  52   5.05088753e+02  5.03463324e+02  4.87e-07 1.15e-14  7.98e-06   159s
INFO:gurobipy:  52   5.05088753e+02  5.03463324e+02  4.87e-07 1.15e-14  7.98e-06   159s
  53   5.04940153e+02  5.03744376e+02  3.03e-07 1.60e-14  5.87e-06   159s
INFO:gurobipy:  53   5.04940153e+02  5.03744376e+02  3.03e-07 1.60e-14  5.87e-06   159s
  54   5.04787682e+02  5.03898647e+02  1.22e-07 1.95e-14  4.37e-06   159s
INFO:gurobipy:  54   5.04787682e+02  5.03898647e+02  1.22e-07 1.95e-14  4.37e-06   159s
  55   5.04727945e+02  5.04260269e+02  6.32e-08 1.24e-14  2.30e-06   159s
INFO:gurobipy:  55   5.04727945e+02  5.04260269e+02  6.32e-08 1.24e-14  2.30e-06   159s
  56   5.04715601e+02  5.04423675e+02  5.15e-08 1.24e-14  1.43e-06   159s
INFO:gurobipy:  56   5.04715601e+02  5.04423675e+02  5.15e-08 1.24e-14  1.43e-06   159s
  57   5.04697542e+02  5.04577780e+02  3.58e-08 2.22e-14  5.88e-07   159s
INFO:gurobipy:  57   5.04697542e+02  5.04577780e+02  3.58e-08 2.22e-14  5.88e-07   159s
  58   5.04657337e+02  5.04646840e+02  2.88e-09 1.74e-13  5.16e-08   159s
INFO:gurobipy:  58   5.04657337e+02  5.04646840e+02  2.88e-09 1.74e-13  5.16e-08   159s
  59   5.04653184e+02  5.04653176e+02  2.71e-11 2.74e-13  3.95e-11   159s
INFO:gurobipy:  59   5.04653184e+02  5.04653176e+02  2.71e-11 2.74e-13  3.95e-11   159s
  60   5.04653180e+02  5.04653180e+02  9.93e-12 8.79e-14  7.18e-16   160s
INFO:gurobipy:  60   5.04653180e+02  5.04653180e+02  9.93e-12 8.79e-14  7.18e-16   160s

INFO:gurobipy:
Barrier solved model in 60 iterations and 159.51 seconds (151.05 work units)
INFO:gurobipy:Barrier solved model in 60 iterations and 159.51 seconds (151.05 work units)
Optimal objective 5.04653180e+02
INFO:gurobipy:Optimal objective 5.04653180e+02

INFO:gurobipy:

INFO:gurobipy:
Root crossover log...
INFO:gurobipy:Root crossover log...

INFO:gurobipy:
   32047 DPushes remaining with DInf 0.0000000e+00               160s
INFO:gurobipy:   32047 DPushes remaining with DInf 0.0000000e+00               160s
       0 DPushes remaining with DInf 0.0000000e+00               160s
INFO:gurobipy:       0 DPushes remaining with DInf 0.0000000e+00               160s

INFO:gurobipy:
    8354 PPushes remaining with PInf 0.0000000e+00               160s
INFO:gurobipy:    8354 PPushes remaining with PInf 0.0000000e+00               160s
    4261 PPushes remaining with PInf 0.0000000e+00               160s
INFO:gurobipy:    4261 PPushes remaining with PInf 0.0000000e+00               160s
       0 PPushes remaining with PInf 0.0000000e+00               160s
INFO:gurobipy:       0 PPushes remaining with PInf 0.0000000e+00               160s

INFO:gurobipy:
  Push phase complete: Pinf 0.0000000e+00, Dinf 1.3154235e-13    160s
INFO:gurobipy:  Push phase complete: Pinf 0.0000000e+00, Dinf 1.3154235e-13    160s

INFO:gurobipy:

INFO:gurobipy:
Root simplex log...
INFO:gurobipy:Root simplex log...

INFO:gurobipy:
Iteration    Objective       Primal Inf.    Dual Inf.      Time
INFO:gurobipy:Iteration    Objective       Primal Inf.    Dual Inf.      Time
   22591    5.0465318e+02   0.000000e+00   0.000000e+00    160s
INFO:gurobipy:   22591    5.0465318e+02   0.000000e+00   0.000000e+00    160s
Concurrent spin time: 0.11s
INFO:gurobipy:Concurrent spin time: 0.11s

INFO:gurobipy:
Solved with barrier
INFO:gurobipy:Solved with barrier
   22591    5.0465318e+02   0.000000e+00   0.000000e+00    160s
INFO:gurobipy:   22591    5.0465318e+02   0.000000e+00   0.000000e+00    160s

INFO:gurobipy:
Use crossover to convert LP symmetric solution to basic solution...
INFO:gurobipy:Use crossover to convert LP symmetric solution to basic solution...

INFO:gurobipy:
Root crossover log...
INFO:gurobipy:Root crossover log...

INFO:gurobipy:
    1956 DPushes remaining with DInf 0.0000000e+00               161s
INFO:gurobipy:    1956 DPushes remaining with DInf 0.0000000e+00               161s
       0 DPushes remaining with DInf 0.0000000e+00               161s
INFO:gurobipy:       0 DPushes remaining with DInf 0.0000000e+00               161s

INFO:gurobipy:
   13197 PPushes remaining with PInf 0.0000000e+00               161s
INFO:gurobipy:   13197 PPushes remaining with PInf 0.0000000e+00               161s
       0 PPushes remaining with PInf 0.0000000e+00               161s
INFO:gurobipy:       0 PPushes remaining with PInf 0.0000000e+00               161s

INFO:gurobipy:
  Push phase complete: Pinf 0.0000000e+00, Dinf 5.6118304e-14    161s
INFO:gurobipy:  Push phase complete: Pinf 0.0000000e+00, Dinf 5.6118304e-14    161s

INFO:gurobipy:

INFO:gurobipy:
Root simplex log...
INFO:gurobipy:Root simplex log...

INFO:gurobipy:
Iteration    Objective       Primal Inf.    Dual Inf.      Time
INFO:gurobipy:Iteration    Objective       Primal Inf.    Dual Inf.      Time
   37645    5.0465318e+02   0.000000e+00   0.000000e+00    161s
INFO:gurobipy:   37645    5.0465318e+02   0.000000e+00   0.000000e+00    161s
   37645    5.0465318e+02   0.000000e+00   0.000000e+00    162s
INFO:gurobipy:   37645    5.0465318e+02   0.000000e+00   0.000000e+00    162s

INFO:gurobipy:
Root relaxation: objective 5.046532e+02, 37645 iterations, 8.37 seconds (5.70 work units)
INFO:gurobipy:Root relaxation: objective 5.046532e+02, 37645 iterations, 8.37 seconds (5.70 work units)
Total elapsed time = 165.89s (DegenMoves)
INFO:gurobipy:Total elapsed time = 165.89s (DegenMoves)

INFO:gurobipy:
    Nodes    |    Current Node    |     Objective Bounds      |     Work
INFO:gurobipy:    Nodes    |    Current Node    |     Objective Bounds      |     Work
 Expl Unexpl |  Obj  Depth IntInf | Incumbent    BestBd   Gap | It/Node Time
INFO:gurobipy: Expl Unexpl |  Obj  Depth IntInf | Incumbent    BestBd   Gap | It/Node Time

INFO:gurobipy:
     0     0  504.65318    0 15191          -  504.65318      -     -  168s
INFO:gurobipy:     0     0  504.65318    0 15191          -  504.65318      -     -  168s
     0     0  507.88946    0 14637          -  507.88946      -     -  193s
INFO:gurobipy:     0     0  507.88946    0 14637          -  507.88946      -     -  193s
H    0     0                     665.1300000  507.95228  23.6%     -  196s
INFO:gurobipy:H    0     0                     665.1300000  507.95228  23.6%     -  196s
H    0     0                     662.5068421  507.95228  23.3%     -  196s
INFO:gurobipy:H    0     0                     662.5068421  507.95228  23.3%     -  196s
H    0     0                     648.7584211  507.95228  21.7%     -  196s
INFO:gurobipy:H    0     0                     648.7584211  507.95228  21.7%     -  196s
H    0     0                     644.8800000  507.95228  21.2%     -  196s
INFO:gurobipy:H    0     0                     644.8800000  507.95228  21.2%     -  196s
H    0     0                     644.8526316  507.95228  21.2%     -  196s
INFO:gurobipy:H    0     0                     644.8526316  507.95228  21.2%     -  196s
     0     0  509.11211    0 15187  644.85263  509.11211  21.0%     -  223s
INFO:gurobipy:     0     0  509.11211    0 15187  644.85263  509.11211  21.0%     -  223s
H    0     0                     644.7473684  509.11714  21.0%     -  225s
INFO:gurobipy:H    0     0                     644.7473684  509.11714  21.0%     -  225s
H    0     0                     626.5326316  509.11714  18.7%     -  225s
INFO:gurobipy:H    0     0                     626.5326316  509.11714  18.7%     -  225s
H    0     0                     626.3826316  509.11714  18.7%     -  225s
INFO:gurobipy:H    0     0                     626.3826316  509.11714  18.7%     -  225s
     0     0  509.11714    0 15190  626.38263  509.11714  18.7%     -  227s
INFO:gurobipy:     0     0  509.11714    0 15190  626.38263  509.11714  18.7%     -  227s
     0     0  509.43583    0 15195  626.38263  509.43583  18.7%     -  253s
INFO:gurobipy:     0     0  509.43583    0 15195  626.38263  509.43583  18.7%     -  253s
H    0     0                     625.9868421  509.46949  18.6%     -  255s
INFO:gurobipy:H    0     0                     625.9868421  509.46949  18.6%     -  255s
H    0     0                     620.1094737  509.46949  17.8%     -  255s
INFO:gurobipy:H    0     0                     620.1094737  509.46949  17.8%     -  255s
     0     0  509.46949    0 15199  620.10947  509.46949  17.8%     -  255s
INFO:gurobipy:     0     0  509.46949    0 15199  620.10947  509.46949  17.8%     -  255s
     0     0  509.60222    0 15193  620.10947  509.60222  17.8%     -  281s
INFO:gurobipy:     0     0  509.60222    0 15193  620.10947  509.60222  17.8%     -  281s
H    0     0                     619.9715789  509.60222  17.8%     -  283s
INFO:gurobipy:H    0     0                     619.9715789  509.60222  17.8%     -  283s
H    0     0                     592.4568421  509.60222  14.0%     -  283s
INFO:gurobipy:H    0     0                     592.4568421  509.60222  14.0%     -  283s
H    0     0                     592.4068421  509.60222  14.0%     -  283s
INFO:gurobipy:H    0     0                     592.4068421  509.60222  14.0%     -  283s
     0     0  509.60222    0 15202  592.40684  509.60222  14.0%     -  283s
INFO:gurobipy:     0     0  509.60222    0 15202  592.40684  509.60222  14.0%     -  283s
     0     0  509.85807    0 15248  592.40684  509.85807  13.9%     -  305s
INFO:gurobipy:     0     0  509.85807    0 15248  592.40684  509.85807  13.9%     -  305s
     0     0  509.99502    0 15247  592.40684  509.99502  13.9%     -  329s
INFO:gurobipy:     0     0  509.99502    0 15247  592.40684  509.99502  13.9%     -  329s
H    0     0                     584.8889474  509.99502  12.8%     -  330s
INFO:gurobipy:H    0     0                     584.8889474  509.99502  12.8%     -  330s
     0     0  509.99502    0 15247  584.88895  509.99502  12.8%     -  330s
INFO:gurobipy:     0     0  509.99502    0 15247  584.88895  509.99502  12.8%     -  330s
     0     0  510.16315    0 15264  584.88895  510.16315  12.8%     -  355s
INFO:gurobipy:     0     0  510.16315    0 15264  584.88895  510.16315  12.8%     -  355s
     0     0  510.16315    0 15266  584.88895  510.16315  12.8%     -  357s
INFO:gurobipy:     0     0  510.16315    0 15266  584.88895  510.16315  12.8%     -  357s
     0     0  510.25512    0 15276  584.88895  510.25512  12.8%     -  366s
INFO:gurobipy:     0     0  510.25512    0 15276  584.88895  510.25512  12.8%     -  366s
H    0     0                     583.4452632  510.25512  12.5%     -  369s
INFO:gurobipy:H    0     0                     583.4452632  510.25512  12.5%     -  369s
H    0     0                     583.3000000  510.25512  12.5%     -  369s
INFO:gurobipy:H    0     0                     583.3000000  510.25512  12.5%     -  369s
H    0     0                     582.4268421  510.25512  12.4%     -  377s
INFO:gurobipy:H    0     0                     582.4268421  510.25512  12.4%     -  377s
H    0     0                     582.3768421  510.25512  12.4%     -  377s
INFO:gurobipy:H    0     0                     582.3768421  510.25512  12.4%     -  377s
H    0     0                     579.3700000  510.25512  11.9%     -  382s
INFO:gurobipy:H    0     0                     579.3700000  510.25512  11.9%     -  382s
H    0     0                     578.2710526  510.25512  11.8%     -  385s
INFO:gurobipy:H    0     0                     578.2710526  510.25512  11.8%     -  385s
H    0     0                     574.7978947  510.25512  11.2%     -  389s
INFO:gurobipy:H    0     0                     574.7978947  510.25512  11.2%     -  389s
H    0     0                     573.8394737  510.25512  11.1%     -  393s
INFO:gurobipy:H    0     0                     573.8394737  510.25512  11.1%     -  393s
H    0     0                     570.1515789  510.25512  10.5%     -  396s
INFO:gurobipy:H    0     0                     570.1515789  510.25512  10.5%     -  396s
H    0     0                     569.6047368  510.25512  10.4%     -  399s
INFO:gurobipy:H    0     0                     569.6047368  510.25512  10.4%     -  399s
H    0     0                     569.5747368  510.25512  10.4%     -  399s
INFO:gurobipy:H    0     0                     569.5747368  510.25512  10.4%     -  399s
H    0     0                     569.2742105  510.25512  10.4%     -  403s
INFO:gurobipy:H    0     0                     569.2742105  510.25512  10.4%     -  403s
H    0     0                     565.9026316  510.25512  9.83%     -  403s
INFO:gurobipy:H    0     0                     565.9026316  510.25512  9.83%     -  403s
H    0     0                     565.8752632  510.25512  9.83%     -  403s
INFO:gurobipy:H    0     0                     565.8752632  510.25512  9.83%     -  403s
H    0     0                     565.3594737  510.25512  9.75%     -  403s
INFO:gurobipy:H    0     0                     565.3594737  510.25512  9.75%     -  403s
H    0     0                     564.8842105  510.25512  9.67%     -  404s
INFO:gurobipy:H    0     0                     564.8842105  510.25512  9.67%     -  404s
H    0     0                     563.5905263  510.25512  9.46%     -  406s
INFO:gurobipy:H    0     0                     563.5905263  510.25512  9.46%     -  406s
H    0     0                     556.3110526  510.25512  8.28%     -  406s
INFO:gurobipy:H    0     0                     556.3110526  510.25512  8.28%     -  406s
     0     0  510.32111    0 15280  556.31105  510.32111  8.27%     -  415s
INFO:gurobipy:     0     0  510.32111    0 15280  556.31105  510.32111  8.27%     -  415s
     0     0  510.32111    0 15280  556.31105  510.32111  8.27%     -  417s
INFO:gurobipy:     0     0  510.32111    0 15280  556.31105  510.32111  8.27%     -  417s
     0     0  510.36813    0 15324  556.31105  510.36813  8.26%     -  440s
INFO:gurobipy:     0     0  510.36813    0 15324  556.31105  510.36813  8.26%     -  440s
     0     0  510.42615    0 15338  556.31105  510.42615  8.25%     -  465s
INFO:gurobipy:     0     0  510.42615    0 15338  556.31105  510.42615  8.25%     -  465s
     0     0  510.47821    0 15389  556.31105  510.47821  8.24%     -  475s
INFO:gurobipy:     0     0  510.47821    0 15389  556.31105  510.47821  8.24%     -  475s
     0     0  510.47821    0 15391  556.31105  510.47821  8.24%     -  475s
INFO:gurobipy:     0     0  510.47821    0 15391  556.31105  510.47821  8.24%     -  475s
     0     0  510.52845    0 15365  556.31105  510.52845  8.23%     -  484s
INFO:gurobipy:     0     0  510.52845    0 15365  556.31105  510.52845  8.23%     -  484s
H    0     0                     555.8473684  510.52845  8.15%     -  485s
INFO:gurobipy:H    0     0                     555.8473684  510.52845  8.15%     -  485s
     0     0  510.53825    0 15367  555.84737  510.53825  8.15%     -  508s
INFO:gurobipy:     0     0  510.53825    0 15367  555.84737  510.53825  8.15%     -  508s
     0     0  510.54506    0 15390  555.84737  510.54506  8.15%     -  518s
INFO:gurobipy:     0     0  510.54506    0 15390  555.84737  510.54506  8.15%     -  518s
     0     0  510.54506    0 15390  555.84737  510.54506  8.15%     -  519s
INFO:gurobipy:     0     0  510.54506    0 15390  555.84737  510.54506  8.15%     -  519s
     0     0  510.54578    0 15388  555.84737  510.54578  8.15%     -  527s
INFO:gurobipy:     0     0  510.54578    0 15388  555.84737  510.54578  8.15%     -  527s
     0     0  510.54842    0 15391  555.84737  510.54842  8.15%     -  536s
INFO:gurobipy:     0     0  510.54842    0 15391  555.84737  510.54842  8.15%     -  536s
     0     0  510.54842    0 14648  555.84737  510.54842  8.15%     -  541s
INFO:gurobipy:     0     0  510.54842    0 14648  555.84737  510.54842  8.15%     -  541s
H    0     0                     554.9594737  510.54842  8.00%     -  547s
INFO:gurobipy:H    0     0                     554.9594737  510.54842  8.00%     -  547s
H    0     0                     554.8868421  510.54843  7.99%     -  575s
INFO:gurobipy:H    0     0                     554.8868421  510.54843  7.99%     -  575s
H    0     0                     554.8121053  510.54843  7.98%     -  576s
INFO:gurobipy:H    0     0                     554.8121053  510.54843  7.98%     -  576s
H    0     0                     554.7621053  510.54843  7.97%     -  579s
INFO:gurobipy:H    0     0                     554.7621053  510.54843  7.97%     -  579s
H    0     0                     554.7068421  510.54843  7.96%     -  592s
INFO:gurobipy:H    0     0                     554.7068421  510.54843  7.96%     -  592s
H    0     0                     554.5163158  510.54843  7.93%     -  612s
INFO:gurobipy:H    0     0                     554.5163158  510.54843  7.93%     -  612s
H    0     0                     554.4163158  510.54843  7.91%     -  619s
INFO:gurobipy:H    0     0                     554.4163158  510.54843  7.91%     -  619s
     0     2  510.54843    0 14648  554.41632  510.54843  7.91%     -  649s
INFO:gurobipy:     0     2  510.54843    0 14648  554.41632  510.54843  7.91%     -  649s
     1     4  537.87422    1 16494  554.41632  510.93038  7.84% 49900  673s
INFO:gurobipy:     1     4  537.87422    1 16494  554.41632  510.93038  7.84% 49900  673s
     3     7  518.45053    2 12022  554.41632  518.16758  6.54% 19961  694s
INFO:gurobipy:     3     7  518.45053    2 12022  554.41632  518.16758  6.54% 19961  694s
     6    12  536.93371    3 9158  554.41632  518.45206  6.49% 12981  701s
INFO:gurobipy:     6    12  536.93371    3 9158  554.41632  518.45206  6.49% 12981  701s
    13    24  549.86947    4 8516  554.41632  518.75701  6.43%  8335  711s
INFO:gurobipy:    13    24  549.86947    4 8516  554.41632  518.75701  6.43%  8335  711s
    25    30  536.72847    5 8666  554.41632  520.66430  6.09%  7731  728s
INFO:gurobipy:    25    30  536.72847    5 8666  554.41632  520.66430  6.09%  7731  728s
    33    33  538.07462    6 8500  554.41632  525.29059  5.25% 10613  745s
INFO:gurobipy:    33    33  538.07462    6 8500  554.41632  525.29059  5.25% 10613  745s

INFO:gurobipy:
Cutting planes:
INFO:gurobipy:Cutting planes:
  Gomory: 15
INFO:gurobipy:  Gomory: 15
  MIR: 561
INFO:gurobipy:  MIR: 561
  RLT: 163
INFO:gurobipy:  RLT: 163
  Relax-and-lift: 90
INFO:gurobipy:  Relax-and-lift: 90

INFO:gurobipy:
Explored 78 nodes (678413 simplex iterations) in 745.94 seconds (652.14 work units)
INFO:gurobipy:Explored 78 nodes (678413 simplex iterations) in 745.94 seconds (652.14 work units)
Thread count was 16 (of 192 available processors)
INFO:gurobipy:Thread count was 16 (of 192 available processors)

INFO:gurobipy:
Solution count 10: 554.416 554.516 554.707 ... 563.591
INFO:gurobipy:Solution count 10: 554.416 554.516 554.707 ... 563.591

INFO:gurobipy:
Optimal solution found (tolerance 5.00e-02)
INFO:gurobipy:Optimal solution found (tolerance 5.00e-02)
Best objective 5.544163157895e+02, best bound 5.368521507099e+02, gap 3.1680%
INFO:gurobipy:Best objective 5.544163157895e+02, best bound 5.368521507099e+02, gap 3.1680%
INFO:root:[time] ilp_solve took 775.19s (9,285.73046875 MB; 11,974.10546875 MB)
[ilp] model.objVal=554.4
[ilp] Z_cost.getValue()=189.5
[ilp] A_cost.getValue()=0.0
[ilp] D_cost.getValue()=274.2
[ilp] NM_cost.getValue()=90.6
[ilp] KIR2DL1 0030205 => 939
[ilp] KIR2DL1 0030205 => 889
[ilp] KIR2DL3 0010102 => 1044
[ilp] KIR2DL4 0050101 => 369
[ilp] KIR2DL4 0060201 => 376
[ilp] KIR2DL5A 0010101 => 704
[ilp] KIR2DP1 0020106 => 937
[ilp] KIR2DP1 0020106 => 875
[ilp] KIR2DS1 0020103 => 970
[ilp] KIR2DS4 0040101 => 975
[ilp] KIR2DS5 0020104 => 992
[ilp] KIR3DL1 0070101 => 981
[ilp] KIR3DL2 00801 => 808
[ilp] KIR3DL2 093 => 794
[ilp] KIR3DL3 0090101 => 337
[ilp] KIR3DL3 01002 => 336
[ilp] KIR3DP1 0030202 => 337
[ilp] KIR3DP1 0030202 => 334
[ilp] KIR3DS1 0130101 => 1048
[ilp] len(dropped)=3,428
