INFO:root:[!!!] running as script
INFO:root:[!!!] using 16 threads
INFO:root:[time] initializaiton took 0.67s (187.36328125 MB; 240.7578125 MB)
INFO:root:[sample] bam: /project/shared/inumanag-kir/data/hprc/HG01361.final.cram
INFO:root:[time] get_bam_reads took 13.65s (1,351.8125 MB; 1,351.8125 MB)
INFO:root:[time] calculate_coverage took 0.26s (1,351.8125 MB; 1,351.8125 MB)
INFO:root:[read] HG01361.final.cram: 1,447,642 reads loaded (sample.expected_coverage=22.0x)
INFO:root:[time] prepare FASTA for mapping took 2.15s (1,351.82421875 MB; 1,351.82421875 MB)
INFO:root:[time] minimap2 took 180.81s (7,121.03515625 MB; 7,121.03515625 MB)
INFO:root:[minimap2] 11,556,290/51,657,015 mappings handled
Mapping reads: 0...5,000,000...10,000,000...15,000,000...20,000,000...25,000,000...30,000,000...35,000,000...40,000,000...45,000,000...50,000,000...
INFO:root:[time] filtering took 69.24s (8,126.6875 MB; 8,126.6875 MB)
INFO:root:[filter] KIR2DL1 001 => 0010101: 0.0%; 0010103: 0.0%; 0010102: 0.1%; 0010104: 0.2%
INFO:root:[filter] KIR2DL1 003 => 0030237: 0.0%; 0030236: 0.0%; 0030204: 0.0%; 0030208: 0.0%; 0030210: 0.0%; 0030220: 0.0%; 0030238: 0.1%; 0030218: 0.1%; 0030239: 0.1%; 0030227: 0.1%; 00303: 0.1%; 0030235: 0.2%; 0030232: 0.2%; 0030203: 0.2%; 0030221: 0.2%; 0030201: 0.2%; 0030209: 0.2%; 0030242: 0.2%; 0030205: 0.2%; 0030211: 0.2%; 0030212: 0.2%; 0030215: 0.2%; 0030219: 0.2%; 0030223: 0.2%; 0030231: 0.2%; 0030226: 0.3%; 0030230: 0.3%; 0030243: 0.3%; 0030206: 0.3%; 0030207: 0.3%; 0030229: 0.3%; 0030216: 0.3%; 0030217: 0.3%; 0030202: 0.3%; 0030214: 0.4%; 0030234: 0.4%; 0030224: 0.4%; 0030228: 0.4%; 0030213: 0.4%; 0030233: 0.5%; 0030225: 0.9%; 0030240: 0.9%; 0030222: 0.9%; 0030241: 1.5%
INFO:root:[filter] KIR2DL1 012 => 01201: 1.1%
INFO:root:[filter] KIR2DL1 047 => 0470102: 0.0%; 0470101: 0.0%
INFO:root:[filter] KIR2DL2 003 => 0030101: 0.0%; 0030106: 0.0%; 0030105: 0.0%; 0030103: 0.1%; 00302: 0.1%; 00303: 0.1%; 0030108: 0.1%; 0030102: 0.2%; 0030104: 0.5%; 0030107: 0.6%
INFO:root:[filter] KIR2DL2 006 => 00601: 0.1%
INFO:root:[filter] KIR2DL2 009 => 009: 0.1%
INFO:root:[filter] KIR2DL2 013 => 013: 0.1%
INFO:root:[filter] KIR2DL3 001 => 0010110: 0.0%; 0010101: 0.0%; 0010104: 0.0%; 0010103: 0.0%; 00110: 0.0%; 0010108: 0.0%; 00107: 0.0%; 0010115: 0.0%; 0010114: 0.1%; 0010113: 0.1%; 0010107: 0.2%; 0010112: 0.2%; 0010111: 0.2%; 0010109: 0.2%; 0010102: 0.4%; 0010105: 0.9%; 0010106: 1.4%
INFO:root:[filter] KIR2DL3 003 => 003: 0.0%
INFO:root:[filter] KIR2DL3 016 => 016: 0.0%
INFO:root:[filter] KIR2DL3 027 => 027: 0.0%
INFO:root:[filter] KIR2DL3 030 => 030: 0.0%
INFO:root:[filter] KIR2DL3 031 => 031: 0.0%
INFO:root:[filter] KIR2DL4 002 => 00202: 0.1%
INFO:root:[filter] KIR2DL4 005 => 0050107: 0.0%; 0050101: 0.0%; 0050103: 0.3%; 0050102: 0.3%; 0050106: 0.3%; 0050104: 0.3%; 0050105: 0.5%
INFO:root:[filter] KIR2DL4 008 => 0080101: 0.0%; 0080105: 0.2%; 0080106: 0.4%; 0080108: 0.4%; 0080107: 0.5%
INFO:root:[filter] KIR2DL4 011 => 0110101: 1.1%; 0110103: 1.2%; 0110102: 1.4%
INFO:root:[filter] KIR2DL5A 001 => 0010101: 0.2%; 0010103: 0.2%; 0010105: 0.4%; 0010102: 0.6%; 0010104: 0.7%; 0010106: 1.0%
INFO:root:[filter] KIR2DL5A 012 => 01201: 0.2%
INFO:root:[filter] KIR2DL5B 006 => 00601: 5.1%
INFO:root:[filter] KIR2DL5B 008 => 0080101: 0.3%; 00803: 0.8%; 0080102: 0.8%
INFO:root:[filter] KIR2DP1 002 => 0020107: 0.1%; 0020102: 0.1%; 0020109: 0.1%; 0020105: 0.1%; 0020108: 0.1%; 0020104: 0.2%; 0020103: 0.2%; 0020106: 0.3%; 0020110: 0.6%; 0020101: 1.4%
INFO:root:[filter] KIR2DS1 002 => 0020101: 0.0%; 0020103: 0.2%; 0020108: 0.2%; 0020115: 0.2%; 0020116: 0.2%; 0020114: 0.3%; 0020106: 0.3%; 0020111: 0.3%; 0020112: 0.3%; 0020104: 0.3%; 0020107: 0.3%; 0020113: 0.3%; 0020118: 0.3%; 0020110: 0.4%; 0020117: 0.4%; 0020105: 0.4%; 0020102: 0.4%; 0020109: 1.5%
INFO:root:[filter] KIR2DS1 006 => 006: 0.2%
INFO:root:[filter] KIR2DS1 011 => 011: 0.4%
INFO:root:[filter] KIR2DS1 012 => 0120102: 0.3%; 0120101: 0.3%
INFO:root:[filter] KIR2DS1 013 => 013: 0.3%
INFO:root:[filter] KIR2DS2 001 => 0010108: 0.0%; 0010126: 0.0%; 0010101: 0.0%; 0010701: 0.0%; 0010104: 0.0%; 00102: 0.0%; 00104: 0.0%; 00105: 0.0%; 0010110: 0.0%; 0010103: 0.1%; 0010114: 0.1%; 0010106: 0.1%; 0010102: 0.1%; 0010702: 0.1%; 0010128: 0.1%; 0010111: 0.2%; 0010112: 0.2%; 0010105: 0.2%; 0010129: 0.2%; 0010107: 0.2%; 0010127: 0.2%; 0010113: 0.2%; 00106: 0.2%; 0010109: 0.3%; 0010130: 0.3%; 0010124: 0.3%; 0010115: 0.5%; 0010117: 0.5%; 0010118: 0.5%; 0010122: 0.5%; 0010119: 0.6%; 0010123: 0.6%; 0010116: 0.6%; 0010121: 0.6%; 0010125: 0.6%; 0010120: 0.8%
INFO:root:[filter] KIR2DS2 003 => 003: 0.0%
INFO:root:[filter] KIR2DS2 005 => 005: 0.0%
INFO:root:[filter] KIR2DS2 006 => 00601: 0.0%; 00602: 0.5%
INFO:root:[filter] KIR2DS2 013 => 013: 0.5%
INFO:root:[filter] KIR2DS2 016 => 016: 0.5%
INFO:root:[filter] KIR2DS2 019 => 019: 0.2%
INFO:root:[filter] KIR2DS2 022 => 022: 0.0%
INFO:root:[filter] KIR2DS4 001 => 0010109: 0.2%; 0010108: 1.4%; 0010101: 1.4%; 0010102: 1.4%; 0010106: 1.7%; 0010104: 2.4%; 0010105: 2.5%
INFO:root:[filter] KIR2DS4 003 => 0030101: 1.1%; 0030103: 1.2%; 0030102: 1.3%
INFO:root:[filter] KIR2DS5 002 => 0020101: 1.5%; 0020103: 1.5%; 0020104: 1.5%; 0020111: 1.5%; 0020126: 1.5%; 0020129: 1.5%; 0020130: 1.5%; 0020108: 1.5%; 0020132: 1.5%; 0020128: 1.5%; 0020116: 1.5%; 0020114: 1.5%; 0020121: 1.5%; 0020123: 1.5%; 0020112: 1.6%; 0020107: 1.6%; 00203: 1.6%; 0020105: 1.6%; 0020117: 1.6%; 0020133: 1.7%; 0020113: 1.7%; 0020120: 1.7%; 0020124: 1.7%; 0020127: 1.7%; 0020118: 1.8%; 0020115: 1.9%; 0020131: 1.9%; 0020125: 2.0%; 0020106: 2.1%; 0020119: 2.1%; 0020122: 2.1%; 0020109: 2.1%; 0020110: 2.1%; 0020102: 2.6%
INFO:root:[filter] KIR2DS5 032 => 032: 1.5%
INFO:root:[filter] KIR2DS5 037 => 037: 1.5%
INFO:root:[filter] KIR3DL1 001 => 0010109: 0.2%; 0010106: 0.3%; 0010108: 0.3%; 0010111: 0.3%; 0010110: 0.3%; 0010101: 0.4%; 0010107: 0.4%; 0010103: 0.5%; 0010102: 0.6%; 0010105: 0.8%
INFO:root:[filter] KIR3DL1 009 => 0090103: 0.2%; 0090101: 0.2%; 0090104: 0.2%; 0090102: 0.3%
INFO:root:[filter] KIR3DL1 016 => 016: 0.4%
INFO:root:[filter] KIR3DL1 121 => 121: 0.4%
INFO:root:[filter] KIR3DL2 001 => 0010101: 0.0%; 0010102: 0.1%; 0010301: 0.8%; 0010302: 0.8%
INFO:root:[filter] KIR3DL2 006 => 00601: 0.0%; 00602: 0.0%
INFO:root:[filter] KIR3DL2 007 => 00709: 0.0%; 0070101: 0.3%; 0070102: 0.6%; 0070103: 0.6%
INFO:root:[filter] KIR3DL2 010 => 01004: 0.0%; 01001: 0.7%
INFO:root:[filter] KIR3DL2 018 => 018: 0.1%
INFO:root:[filter] KIR3DL2 032 => 032: 0.0%
INFO:root:[filter] KIR3DL2 069 => 069: 0.0%
INFO:root:[filter] KIR3DL2 108 => 10801: 0.0%
INFO:root:[filter] KIR3DL3 001 => 0010101: 0.1%; 0010102: 0.1%; 0010104: 0.3%; 0010103: 0.4%
INFO:root:[filter] KIR3DL3 003 => 00304: 0.1%; 0030112: 0.2%; 0030103: 0.3%; 0030102: 0.3%; 0030104: 0.3%; 0030106: 0.3%; 0030101: 0.4%; 0030108: 0.5%; 0030105: 1.5%; 0030107: 1.5%; 0030109: 1.7%
INFO:root:[filter] KIR3DL3 013 => 01303: 0.2%
INFO:root:[filter] KIR3DL3 014 => 01403: 0.1%
INFO:root:[filter] KIR3DL3 028 => 02801: 0.1%; 02802: 0.2%
INFO:root:[filter] KIR3DL3 048 => 04801: 0.8%
INFO:root:[filter] KIR3DL3 070 => 070: 0.1%
INFO:root:[filter] KIR3DL3 099 => 099: 0.2%
INFO:root:[filter] KIR3DL3 100 => 100: 0.2%
INFO:root:[filter] KIR3DL3 111 => 111: 0.1%
INFO:root:[filter] KIR3DP1 001 => 001: 0.1%
INFO:root:[filter] KIR3DP1 003 => 0030202: 0.2%; 0030205: 0.2%; 0030206: 0.2%; 0030207: 0.2%; 0030208: 0.2%; 0030211: 0.2%; 0030213: 0.2%; 0030216: 0.2%; 0030217: 0.2%; 0030210: 0.2%; 00303: 0.3%; 0030201: 0.4%; 0030212: 0.4%; 0030203: 0.4%; 0030214: 0.5%; 00311: 1.0%; 0030401: 1.1%; 0030204: 1.2%; 0030209: 1.3%; 0030215: 1.7%; 0030101: 3.0%; 00309: 3.4%; 0030102: 3.7%; 0030103: 3.9%; 00308: 4.0%; 00305: 4.4%; 0030402: 5.1%
INFO:root:[filter] KIR3DP1 004 => 004: 0.1%
INFO:root:[filter] KIR3DP1 008 => 008: 0.3%
INFO:root:[filter] KIR3DP1 009 => 0090101: 0.1%; 0090102: 0.1%; 00902: 0.4%; 0090103: 0.4%
INFO:root:[filter] KIR3DP1 010 => 01002: 0.3%
INFO:root:[filter] KIR3DP1 013 => 013: 0.3%
INFO:root:[filter] KIR3DP1 015 => 0150103: 0.2%; 0150101: 0.3%; 0150102: 1.8%
INFO:root:[filter] KIR3DP1 028 => 0280101: 0.2%; 0280102: 0.6%
INFO:root:[filter] KIR3DP1 038 => 038: 0.8%
INFO:root:[filter] KIR3DS1 010 => 010: 0.0%
INFO:root:[filter] KIR3DS1 013 => 0130106: 0.0%; 0130108: 0.0%; 0130107: 0.0%; 0130101: 0.0%; 0130122: 0.0%; 0130127: 0.0%; 0130131: 0.0%; 0130119: 0.0%; 0130105: 0.1%; 0130121: 0.1%; 0130123: 0.1%; 0130128: 0.1%; 0130111: 0.1%; 0130114: 0.1%; 0130116: 0.1%; 0130102: 0.2%; 0130103: 0.2%; 0130113: 0.2%; 0130117: 0.2%; 0130110: 0.2%; 0130118: 0.2%; 0130120: 0.2%; 0130124: 0.2%; 0130132: 0.2%; 0130109: 0.2%; 0130125: 0.2%; 0130129: 0.2%; 0130104: 0.3%; 0130115: 0.4%; 0130130: 0.4%; 0130126: 0.7%; 0130112: 1.0%
INFO:root:[filter] KIR3DS1 084 => 084: 0.0%
INFO:root:[filter] KIR3DS1 123 => 1230102: 0.0%; 1230103: 0.2%; 1230101: 0.2%
INFO:root:[filter] KIR3DS1 126 => 126: 0.0%
INFO:root:[filter] valid_alleles=372
INFO:root:[em] input: len(valid_reads)=39,277 len(valid_alleles)=372
INFO:root:[time] em_init took 35.41s (8,684.21875 MB; 8,684.21875 MB)
INFO:root:[em] KIR2DL1 0030201 => 0.0021984430142132434
INFO:root:[em] KIR2DL1 0030204 => 0.04314521397206528
INFO:root:[em] KIR2DL2 0030106 => 0.06391791293095697
INFO:root:[em] KIR2DL3 0010102 => 0.013866849861727091
INFO:root:[em] KIR2DL3 0010105 => 0.00491229770390951
INFO:root:[em] KIR2DL3 0010110 => 0.023167994542585217
INFO:root:[em] KIR2DL3 00110 => 0.0061496617170245715
INFO:root:[em] KIR2DL4 0050101 => 0.057842212439084724
INFO:root:[em] KIR2DL4 0080101 => 0.029430997846339825
INFO:root:[em] KIR2DL4 0080107 => 0.0014811578342502467
INFO:root:[em] KIR2DL5A 0010101 => 0.017716851876951652
INFO:root:[em] KIR2DL5A 0010102 => 0.014782670578510772
INFO:root:[em] KIR2DL5A 0010106 => 0.0017935047090040339
INFO:root:[em] KIR2DL5B 0080101 => 0.007006348408404361
INFO:root:[em] KIR2DP1 0020102 => 0.002490433231314244
INFO:root:[em] KIR2DP1 0020108 => 0.012731557665635197
INFO:root:[em] KIR2DP1 0020109 => 0.028589849445326745
INFO:root:[em] KIR2DS1 0020103 => 0.0674783894875499
INFO:root:[em] KIR2DS2 0010104 => 0.0032814661605241736
INFO:root:[em] KIR2DS2 0010108 => 0.0555578568288532
INFO:root:[em] KIR2DS2 0010701 => 0.002148571027992546
INFO:root:[em] KIR2DS4 0010106 => 0.0011811012051190569
INFO:root:[em] KIR2DS4 0030101 => 0.04588618124642879
INFO:root:[em] KIR2DS5 0020101 => 0.0017538613883948154
INFO:root:[em] KIR2DS5 0020104 => 0.06401332493731876
INFO:root:[em] KIR2DS5 0020130 => 0.00331412402463999
INFO:root:[em] KIR3DL1 0010101 => 0.014857867558114074
INFO:root:[em] KIR3DL1 0010109 => 0.021295268249911143
INFO:root:[em] KIR3DL1 016 => 0.00469317220353633
INFO:root:[em] KIR3DL2 0010101 => 0.02300469674985398
INFO:root:[em] KIR3DL2 0010301 => 0.0013409741328617194
INFO:root:[em] KIR3DL2 00601 => 0.021080382952983437
INFO:root:[em] KIR3DL2 00602 => 0.0026119409434761953
INFO:root:[em] KIR3DL2 00709 => 0.0019884261374164894
INFO:root:[em] KIR3DL2 01001 => 0.024583172525603453
INFO:root:[em] KIR3DL2 01004 => 0.017536828949455883
INFO:root:[em] KIR3DL2 018 => 0.04658325015378328
INFO:root:[em] KIR3DL3 0030102 => 0.011969033559481436
INFO:root:[em] KIR3DL3 0030112 => 0.004245530318371479
INFO:root:[em] KIR3DL3 01303 => 0.03706486535093467
INFO:root:[em] KIR3DL3 04801 => 0.01467466705949788
INFO:root:[em] KIR3DL3 099 => 0.03600865548735839
INFO:root:[em] KIR3DP1 0030206 => 0.015487945707506825
INFO:root:[em] KIR3DP1 0090101 => 0.022553242820519844
INFO:root:[em] KIR3DS1 0130101 => 0.09186959982988356
INFO:root:[time] em took 1312.35s (8,127.0546875 MB; 9,353.21875 MB)
INFO:root:[time] correct hits took 2.70s (8,127.0546875 MB; 9,353.21875 MB)
INFO:root:[time] correct hits took 2.08s (8,127.05859375 MB; 9,353.21875 MB)
INFO:root:[time] get_scc took 26.65s (8,127.05859375 MB; 9,353.21875 MB)
INFO:root:[time] get_scc took 57.12s (8,127.05859375 MB; 9,353.21875 MB)
INFO:root:[time] em_scc took 1369.62s (8,127.05859375 MB; 9,353.21875 MB)
percentage of captured is 0.904893929095267
percentage of captured is 0.9776149127698558
Set parameter WLSAccessID
INFO:gurobipy:Set parameter WLSAccessID
Set parameter WLSSecret
INFO:gurobipy:Set parameter WLSSecret
Set parameter LicenseID to value 2756285
INFO:gurobipy:Set parameter LicenseID to value 2756285
Academic license 2756285 - for non-commercial use only - registered to po___@uvic.ca
INFO:gurobipy:Academic license 2756285 - for non-commercial use only - registered to po___@uvic.ca
[ilp] len(valid_reads)=18,365
Set parameter Threads to value 16
INFO:gurobipy:Set parameter Threads to value 16
Set parameter Presolve to value 2
INFO:gurobipy:Set parameter Presolve to value 2
Set parameter PreSparsify to value 2
INFO:gurobipy:Set parameter PreSparsify to value 2
Set parameter NonConvex to value 2
INFO:gurobipy:Set parameter NonConvex to value 2
Set parameter MIPGap to value 0.05
INFO:gurobipy:Set parameter MIPGap to value 0.05
Set parameter TimeLimit to value 10800
INFO:gurobipy:Set parameter TimeLimit to value 10800
max_cost is 98 KIR3DS1 0130101 8234
Gurobi Optimizer version 12.0.0 build v12.0.0rc1 (linux64 - "CentOS Linux 7 (Core)")
INFO:gurobipy:Gurobi Optimizer version 12.0.0 build v12.0.0rc1 (linux64 - "CentOS Linux 7 (Core)")

INFO:gurobipy:
CPU model: Intel(R) Xeon(R) Platinum 8260 CPU @ 2.40GHz, instruction set [SSE2|AVX|AVX2|AVX512]
INFO:gurobipy:CPU model: Intel(R) Xeon(R) Platinum 8260 CPU @ 2.40GHz, instruction set [SSE2|AVX|AVX2|AVX512]
Thread count: 96 physical cores, 192 logical processors, using up to 16 threads
INFO:gurobipy:Thread count: 96 physical cores, 192 logical processors, using up to 16 threads

INFO:gurobipy:
Non-default parameters:
INFO:gurobipy:Non-default parameters:
TimeLimit  10800
INFO:gurobipy:TimeLimit  10800
MIPGap  0.05
INFO:gurobipy:MIPGap  0.05
NonConvex  2
INFO:gurobipy:NonConvex  2
Presolve  2
INFO:gurobipy:Presolve  2
PreSparsify  2
INFO:gurobipy:PreSparsify  2
Threads  16
INFO:gurobipy:Threads  16

INFO:gurobipy:
Academic license 2756285 - for non-commercial use only - registered to po___@uvic.ca
INFO:gurobipy:Academic license 2756285 - for non-commercial use only - registered to po___@uvic.ca
Optimize a model with 198387 rows, 436457 columns and 1936039 nonzeros
INFO:gurobipy:Optimize a model with 198387 rows, 436457 columns and 1936039 nonzeros
Model fingerprint: 0xaa06b5f0
INFO:gurobipy:Model fingerprint: 0xaa06b5f0
Variable types: 7116 continuous, 429341 integer (429341 binary)
INFO:gurobipy:Variable types: 7116 continuous, 429341 integer (429341 binary)
Coefficient statistics:
INFO:gurobipy:Coefficient statistics:
  Matrix range     [5e-05, 3e+01]
INFO:gurobipy:  Matrix range     [5e-05, 3e+01]
  Objective range  [5e-02, 5e+00]
INFO:gurobipy:  Objective range  [5e-02, 5e+00]
  Bounds range     [1e+00, 1e+00]
INFO:gurobipy:  Bounds range     [1e+00, 1e+00]
  RHS range        [2e-01, 1e+00]
INFO:gurobipy:  RHS range        [2e-01, 1e+00]
Presolve removed 18369 rows and 263712 columns (presolve time = 5s)...
INFO:gurobipy:Presolve removed 18369 rows and 263712 columns (presolve time = 5s)...
Presolve removed 18369 rows and 263712 columns (presolve time = 10s)...
INFO:gurobipy:Presolve removed 18369 rows and 263712 columns (presolve time = 10s)...
Presolve removed 18369 rows and 263712 columns (presolve time = 15s)...
INFO:gurobipy:Presolve removed 18369 rows and 263712 columns (presolve time = 15s)...
Presolve removed 18383 rows and 263712 columns (presolve time = 20s)...
INFO:gurobipy:Presolve removed 18383 rows and 263712 columns (presolve time = 20s)...
Presolve removed 18387 rows and 263712 columns (presolve time = 25s)...
INFO:gurobipy:Presolve removed 18387 rows and 263712 columns (presolve time = 25s)...
Presolve removed 18387 rows and 263712 columns (presolve time = 30s)...
INFO:gurobipy:Presolve removed 18387 rows and 263712 columns (presolve time = 30s)...
Presolve removed 18387 rows and 263712 columns (presolve time = 35s)...
INFO:gurobipy:Presolve removed 18387 rows and 263712 columns (presolve time = 35s)...
Presolve removed 18387 rows and 263712 columns (presolve time = 40s)...
INFO:gurobipy:Presolve removed 18387 rows and 263712 columns (presolve time = 40s)...
Presolve removed 18387 rows and 263712 columns (presolve time = 45s)...
INFO:gurobipy:Presolve removed 18387 rows and 263712 columns (presolve time = 45s)...
Presolve removed 18387 rows and 263712 columns (presolve time = 50s)...
INFO:gurobipy:Presolve removed 18387 rows and 263712 columns (presolve time = 50s)...
Presolve removed 18387 rows and 263712 columns (presolve time = 55s)...
INFO:gurobipy:Presolve removed 18387 rows and 263712 columns (presolve time = 55s)...
Presolve removed 18389 rows and 263712 columns (presolve time = 60s)...
INFO:gurobipy:Presolve removed 18389 rows and 263712 columns (presolve time = 60s)...
Presolve removed 18391 rows and 263712 columns (presolve time = 65s)...
INFO:gurobipy:Presolve removed 18391 rows and 263712 columns (presolve time = 65s)...
Presolve removed 18391 rows and 263712 columns (presolve time = 70s)...
INFO:gurobipy:Presolve removed 18391 rows and 263712 columns (presolve time = 70s)...
Presolve removed 18403 rows and 263712 columns (presolve time = 75s)...
INFO:gurobipy:Presolve removed 18403 rows and 263712 columns (presolve time = 75s)...
Presolve removed 18467 rows and 263722 columns (presolve time = 80s)...
INFO:gurobipy:Presolve removed 18467 rows and 263722 columns (presolve time = 80s)...
Presolve removed 18469 rows and 263722 columns (presolve time = 85s)...
INFO:gurobipy:Presolve removed 18469 rows and 263722 columns (presolve time = 85s)...
Presolve removed 18469 rows and 263722 columns (presolve time = 90s)...
INFO:gurobipy:Presolve removed 18469 rows and 263722 columns (presolve time = 90s)...
Presolve removed 18469 rows and 263722 columns (presolve time = 95s)...
INFO:gurobipy:Presolve removed 18469 rows and 263722 columns (presolve time = 95s)...
Presolve removed 18469 rows and 263722 columns (presolve time = 100s)...
INFO:gurobipy:Presolve removed 18469 rows and 263722 columns (presolve time = 100s)...
Presolve removed 18469 rows and 263722 columns (presolve time = 105s)...
INFO:gurobipy:Presolve removed 18469 rows and 263722 columns (presolve time = 105s)...
Presolve removed 18469 rows and 263722 columns (presolve time = 110s)...
INFO:gurobipy:Presolve removed 18469 rows and 263722 columns (presolve time = 110s)...
Presolve removed 18469 rows and 263722 columns (presolve time = 115s)...
INFO:gurobipy:Presolve removed 18469 rows and 263722 columns (presolve time = 115s)...
Presolve removed 18469 rows and 263722 columns (presolve time = 120s)...
INFO:gurobipy:Presolve removed 18469 rows and 263722 columns (presolve time = 120s)...
Presolve removed 18469 rows and 263722 columns (presolve time = 125s)...
INFO:gurobipy:Presolve removed 18469 rows and 263722 columns (presolve time = 125s)...
Presolve removed 18469 rows and 263722 columns (presolve time = 130s)...
INFO:gurobipy:Presolve removed 18469 rows and 263722 columns (presolve time = 130s)...
Presolve removed 18469 rows and 263722 columns (presolve time = 135s)...
INFO:gurobipy:Presolve removed 18469 rows and 263722 columns (presolve time = 135s)...
Presolve removed 18469 rows and 263722 columns (presolve time = 140s)...
INFO:gurobipy:Presolve removed 18469 rows and 263722 columns (presolve time = 140s)...
Presolve removed 18469 rows and 263722 columns (presolve time = 145s)...
INFO:gurobipy:Presolve removed 18469 rows and 263722 columns (presolve time = 145s)...
Presolve removed 18469 rows and 263722 columns (presolve time = 150s)...
INFO:gurobipy:Presolve removed 18469 rows and 263722 columns (presolve time = 150s)...
Presolve removed 18469 rows and 263722 columns (presolve time = 155s)...
INFO:gurobipy:Presolve removed 18469 rows and 263722 columns (presolve time = 155s)...
Presolve removed 18469 rows and 263722 columns (presolve time = 160s)...
INFO:gurobipy:Presolve removed 18469 rows and 263722 columns (presolve time = 160s)...
Presolve removed 18469 rows and 263722 columns (presolve time = 165s)...
INFO:gurobipy:Presolve removed 18469 rows and 263722 columns (presolve time = 165s)...
Presolve removed 18469 rows and 263722 columns (presolve time = 170s)...
INFO:gurobipy:Presolve removed 18469 rows and 263722 columns (presolve time = 170s)...
Presolve removed 18469 rows and 263722 columns (presolve time = 175s)...
INFO:gurobipy:Presolve removed 18469 rows and 263722 columns (presolve time = 175s)...
Presolve removed 18469 rows and 263722 columns (presolve time = 180s)...
INFO:gurobipy:Presolve removed 18469 rows and 263722 columns (presolve time = 180s)...
Presolve removed 18469 rows and 263722 columns (presolve time = 185s)...
INFO:gurobipy:Presolve removed 18469 rows and 263722 columns (presolve time = 185s)...
Presolve removed 18469 rows and 263722 columns (presolve time = 190s)...
INFO:gurobipy:Presolve removed 18469 rows and 263722 columns (presolve time = 190s)...
Presolve removed 18469 rows and 263722 columns (presolve time = 195s)...
INFO:gurobipy:Presolve removed 18469 rows and 263722 columns (presolve time = 195s)...
Presolve removed 18469 rows and 263722 columns (presolve time = 200s)...
INFO:gurobipy:Presolve removed 18469 rows and 263722 columns (presolve time = 200s)...
Presolve removed 18469 rows and 263722 columns (presolve time = 205s)...
INFO:gurobipy:Presolve removed 18469 rows and 263722 columns (presolve time = 205s)...
Presolve removed 18469 rows and 263722 columns (presolve time = 210s)...
INFO:gurobipy:Presolve removed 18469 rows and 263722 columns (presolve time = 210s)...
Presolve removed 21514 rows and 266751 columns (presolve time = 215s)...
INFO:gurobipy:Presolve removed 21514 rows and 266751 columns (presolve time = 215s)...
Presolve removed 21514 rows and 266751 columns (presolve time = 220s)...
INFO:gurobipy:Presolve removed 21514 rows and 266751 columns (presolve time = 220s)...
Presolve removed 21514 rows and 266751 columns (presolve time = 225s)...
INFO:gurobipy:Presolve removed 21514 rows and 266751 columns (presolve time = 225s)...
Presolve removed 21514 rows and 266751 columns (presolve time = 230s)...
INFO:gurobipy:Presolve removed 21514 rows and 266751 columns (presolve time = 230s)...
Presolve removed 21514 rows and 266751 columns (presolve time = 235s)...
INFO:gurobipy:Presolve removed 21514 rows and 266751 columns (presolve time = 235s)...
Presolve removed 21514 rows and 266751 columns (presolve time = 240s)...
INFO:gurobipy:Presolve removed 21514 rows and 266751 columns (presolve time = 240s)...
Presolve removed 21514 rows and 266751 columns (presolve time = 245s)...
INFO:gurobipy:Presolve removed 21514 rows and 266751 columns (presolve time = 245s)...
Presolve removed 21514 rows and 266751 columns (presolve time = 250s)...
INFO:gurobipy:Presolve removed 21514 rows and 266751 columns (presolve time = 250s)...
Presolve removed 21514 rows and 266751 columns (presolve time = 255s)...
INFO:gurobipy:Presolve removed 21514 rows and 266751 columns (presolve time = 255s)...
Presolve removed 21514 rows and 266751 columns (presolve time = 260s)...
INFO:gurobipy:Presolve removed 21514 rows and 266751 columns (presolve time = 260s)...
Presolve removed 21514 rows and 266751 columns (presolve time = 265s)...
INFO:gurobipy:Presolve removed 21514 rows and 266751 columns (presolve time = 265s)...
Presolve removed 21514 rows and 266751 columns (presolve time = 270s)...
INFO:gurobipy:Presolve removed 21514 rows and 266751 columns (presolve time = 270s)...
Presolve removed 21514 rows and 266751 columns (presolve time = 275s)...
INFO:gurobipy:Presolve removed 21514 rows and 266751 columns (presolve time = 275s)...
Presolve removed 21514 rows and 266751 columns (presolve time = 280s)...
INFO:gurobipy:Presolve removed 21514 rows and 266751 columns (presolve time = 280s)...
Presolve removed 21514 rows and 266751 columns (presolve time = 285s)...
INFO:gurobipy:Presolve removed 21514 rows and 266751 columns (presolve time = 285s)...
Presolve removed 21514 rows and 266751 columns (presolve time = 290s)...
INFO:gurobipy:Presolve removed 21514 rows and 266751 columns (presolve time = 290s)...
Presolve removed 21514 rows and 266751 columns (presolve time = 295s)...
INFO:gurobipy:Presolve removed 21514 rows and 266751 columns (presolve time = 295s)...
Presolve removed 21514 rows and 266751 columns (presolve time = 300s)...
INFO:gurobipy:Presolve removed 21514 rows and 266751 columns (presolve time = 300s)...
Presolve removed 21514 rows and 266751 columns (presolve time = 305s)...
INFO:gurobipy:Presolve removed 21514 rows and 266751 columns (presolve time = 305s)...
Presolve removed 21514 rows and 266751 columns (presolve time = 310s)...
INFO:gurobipy:Presolve removed 21514 rows and 266751 columns (presolve time = 310s)...
Presolve removed 21514 rows and 266751 columns (presolve time = 315s)...
INFO:gurobipy:Presolve removed 21514 rows and 266751 columns (presolve time = 315s)...
Presolve removed 21514 rows and 266751 columns (presolve time = 320s)...
INFO:gurobipy:Presolve removed 21514 rows and 266751 columns (presolve time = 320s)...
Presolve removed 21514 rows and 266751 columns (presolve time = 325s)...
INFO:gurobipy:Presolve removed 21514 rows and 266751 columns (presolve time = 325s)...
Presolve removed 21514 rows and 266751 columns (presolve time = 330s)...
INFO:gurobipy:Presolve removed 21514 rows and 266751 columns (presolve time = 330s)...
Presolve removed 21514 rows and 266751 columns (presolve time = 335s)...
INFO:gurobipy:Presolve removed 21514 rows and 266751 columns (presolve time = 335s)...
Presolve removed 21514 rows and 266751 columns (presolve time = 340s)...
INFO:gurobipy:Presolve removed 21514 rows and 266751 columns (presolve time = 340s)...
Presolve removed 21514 rows and 266751 columns (presolve time = 345s)...
INFO:gurobipy:Presolve removed 21514 rows and 266751 columns (presolve time = 345s)...
Presolve removed 21514 rows and 266751 columns (presolve time = 350s)...
INFO:gurobipy:Presolve removed 21514 rows and 266751 columns (presolve time = 350s)...
Presolve removed 21514 rows and 266751 columns (presolve time = 355s)...
INFO:gurobipy:Presolve removed 21514 rows and 266751 columns (presolve time = 355s)...
Presolve removed 21514 rows and 266751 columns (presolve time = 360s)...
INFO:gurobipy:Presolve removed 21514 rows and 266751 columns (presolve time = 360s)...
Presolve removed 21514 rows and 266751 columns (presolve time = 365s)...
INFO:gurobipy:Presolve removed 21514 rows and 266751 columns (presolve time = 365s)...
Presolve removed 21514 rows and 266751 columns (presolve time = 370s)...
INFO:gurobipy:Presolve removed 21514 rows and 266751 columns (presolve time = 370s)...
Presolve removed 21514 rows and 266751 columns (presolve time = 375s)...
INFO:gurobipy:Presolve removed 21514 rows and 266751 columns (presolve time = 375s)...
Presolve removed 21514 rows and 266751 columns (presolve time = 380s)...
INFO:gurobipy:Presolve removed 21514 rows and 266751 columns (presolve time = 380s)...
Presolve removed 21514 rows and 266751 columns (presolve time = 385s)...
INFO:gurobipy:Presolve removed 21514 rows and 266751 columns (presolve time = 385s)...
Presolve removed 21514 rows and 266751 columns (presolve time = 390s)...
INFO:gurobipy:Presolve removed 21514 rows and 266751 columns (presolve time = 390s)...
Presolve removed 21514 rows and 266751 columns (presolve time = 395s)...
INFO:gurobipy:Presolve removed 21514 rows and 266751 columns (presolve time = 395s)...
Presolve removed 21514 rows and 266751 columns (presolve time = 400s)...
INFO:gurobipy:Presolve removed 21514 rows and 266751 columns (presolve time = 400s)...
Presolve removed 21514 rows and 266751 columns (presolve time = 405s)...
INFO:gurobipy:Presolve removed 21514 rows and 266751 columns (presolve time = 405s)...
Presolve removed 21514 rows and 266751 columns (presolve time = 410s)...
INFO:gurobipy:Presolve removed 21514 rows and 266751 columns (presolve time = 410s)...
Presolve removed 21514 rows and 266751 columns (presolve time = 415s)...
INFO:gurobipy:Presolve removed 21514 rows and 266751 columns (presolve time = 415s)...
Presolve removed 21514 rows and 266751 columns (presolve time = 420s)...
INFO:gurobipy:Presolve removed 21514 rows and 266751 columns (presolve time = 420s)...
Presolve removed 21514 rows and 266751 columns (presolve time = 425s)...
INFO:gurobipy:Presolve removed 21514 rows and 266751 columns (presolve time = 425s)...
Presolve removed 21514 rows and 266751 columns (presolve time = 430s)...
INFO:gurobipy:Presolve removed 21514 rows and 266751 columns (presolve time = 430s)...
Presolve removed 21514 rows and 266751 columns (presolve time = 435s)...
INFO:gurobipy:Presolve removed 21514 rows and 266751 columns (presolve time = 435s)...
Sparsify removed 645112 nonzeros (38%)
INFO:gurobipy:Sparsify removed 645112 nonzeros (38%)
Presolve removed 21514 rows and 260115 columns
INFO:gurobipy:Presolve removed 21514 rows and 260115 columns
Presolve time: 437.83s
INFO:gurobipy:Presolve time: 437.83s
Presolved: 176873 rows, 176342 columns, 1042918 nonzeros
INFO:gurobipy:Presolved: 176873 rows, 176342 columns, 1042918 nonzeros
Variable types: 13342 continuous, 163000 integer (162590 binary)
INFO:gurobipy:Variable types: 13342 continuous, 163000 integer (162590 binary)
Sparsify removed 15144 nonzeros (1%)
INFO:gurobipy:Sparsify removed 15144 nonzeros (1%)
Root relaxation presolved: 176873 rows, 176342 columns, 1027774 nonzeros
INFO:gurobipy:Root relaxation presolved: 176873 rows, 176342 columns, 1027774 nonzeros

INFO:gurobipy:
Sparsify removed 9763 nonzeros (2%)
INFO:gurobipy:Sparsify removed 9763 nonzeros (2%)
Deterministic concurrent LP optimizer: primal simplex, dual simplex, and barrier
INFO:gurobipy:Deterministic concurrent LP optimizer: primal simplex, dual simplex, and barrier
Showing barrier log only...
INFO:gurobipy:Showing barrier log only...

INFO:gurobipy:
Root barrier log...
INFO:gurobipy:Root barrier log...

INFO:gurobipy:
Ordering time: 0.46s
INFO:gurobipy:Ordering time: 0.46s

INFO:gurobipy:
Barrier statistics:
INFO:gurobipy:Barrier statistics:
 Dense cols : 64
INFO:gurobipy: Dense cols : 64
 AA' NZ     : 9.101e+05
INFO:gurobipy: AA' NZ     : 9.101e+05
 Factor NZ  : 2.568e+06 (roughly 110 MB of memory)
INFO:gurobipy: Factor NZ  : 2.568e+06 (roughly 110 MB of memory)
 Factor Ops : 2.676e+08 (less than 1 second per iteration)
INFO:gurobipy: Factor Ops : 2.676e+08 (less than 1 second per iteration)
 Threads    : 13
INFO:gurobipy: Threads    : 13

INFO:gurobipy:
                  Objective                Residual
INFO:gurobipy:                  Objective                Residual
Iter       Primal          Dual         Primal    Dual     Compl     Time
INFO:gurobipy:Iter       Primal          Dual         Primal    Dual     Compl     Time
   0   7.91750810e+05 -3.09418220e+06  1.58e+04 3.33e+00  5.60e+02   445s
INFO:gurobipy:   0   7.91750810e+05 -3.09418220e+06  1.58e+04 3.33e+00  5.60e+02   445s
   1   6.54339827e+05 -3.12100430e+06  1.09e+04 1.25e+01  4.69e+02   445s
INFO:gurobipy:   1   6.54339827e+05 -3.12100430e+06  1.09e+04 1.25e+01  4.69e+02   445s
   2   5.39633865e+05 -3.36096142e+06  7.94e+03 5.74e+00  3.77e+02   446s
INFO:gurobipy:   2   5.39633865e+05 -3.36096142e+06  7.94e+03 5.74e+00  3.77e+02   446s
   3   3.04216538e+05 -3.34889159e+06  3.60e+03 3.61e+00  2.13e+02   446s
INFO:gurobipy:   3   3.04216538e+05 -3.34889159e+06  3.60e+03 3.61e+00  2.13e+02   446s
   4   1.33091363e+05 -2.79297880e+06  1.46e+03 1.35e-02  8.95e+01   446s
INFO:gurobipy:   4   1.33091363e+05 -2.79297880e+06  1.46e+03 1.35e-02  8.95e+01   446s
   5   3.53581685e+04 -1.84246480e+06  1.12e+02 1.02e-10  1.94e+01   446s
INFO:gurobipy:   5   3.53581685e+04 -1.84246480e+06  1.12e+02 1.02e-10  1.94e+01   446s
   6   1.84226908e+04 -1.03085411e+06  1.79e+01 1.15e-10  5.90e+00   446s
INFO:gurobipy:   6   1.84226908e+04 -1.03085411e+06  1.79e+01 1.15e-10  5.90e+00   446s
   7   1.52960064e+04 -8.29767655e+05  8.85e+00 7.81e-11  3.81e+00   446s
INFO:gurobipy:   7   1.52960064e+04 -8.29767655e+05  8.85e+00 7.81e-11  3.81e+00   446s
   8   1.27260890e+04 -3.59803535e+05  2.99e+00 2.08e-11  1.41e+00   447s
INFO:gurobipy:   8   1.27260890e+04 -3.59803535e+05  2.99e+00 2.08e-11  1.41e+00   447s
   9   1.08710071e+04 -2.14383948e+05  1.14e+00 8.97e-12  7.69e-01   447s
INFO:gurobipy:   9   1.08710071e+04 -2.14383948e+05  1.14e+00 8.97e-12  7.69e-01   447s
  10   8.58121431e+03 -8.21442399e+04  5.36e-01 3.50e-12  2.98e-01   447s
INFO:gurobipy:  10   8.58121431e+03 -8.21442399e+04  5.36e-01 3.50e-12  2.98e-01   447s
  11   6.70332780e+03 -4.31358672e+04  2.92e-01 2.03e-12  1.61e-01   447s
INFO:gurobipy:  11   6.70332780e+03 -4.31358672e+04  2.92e-01 2.03e-12  1.61e-01   447s
  12   6.19724653e+03 -4.00868245e+04  2.43e-01 1.98e-12  1.49e-01   447s
INFO:gurobipy:  12   6.19724653e+03 -4.00868245e+04  2.43e-01 1.98e-12  1.49e-01   447s
  13   4.38503611e+03 -2.22708897e+04  9.46e-02 1.23e-12  8.46e-02   447s
INFO:gurobipy:  13   4.38503611e+03 -2.22708897e+04  9.46e-02 1.23e-12  8.46e-02   447s
  14   4.22180019e+03 -1.64941336e+04  8.46e-02 9.34e-13  6.57e-02   447s
INFO:gurobipy:  14   4.22180019e+03 -1.64941336e+04  8.46e-02 9.34e-13  6.57e-02   447s
  15   3.59607506e+03 -1.31032332e+04  4.91e-02 7.39e-13  5.28e-02   448s
INFO:gurobipy:  15   3.59607506e+03 -1.31032332e+04  4.91e-02 7.39e-13  5.28e-02   448s
  16   3.25541814e+03 -8.08201570e+03  3.31e-02 5.15e-13  3.58e-02   448s
INFO:gurobipy:  16   3.25541814e+03 -8.08201570e+03  3.31e-02 5.15e-13  3.58e-02   448s
  17   2.84270809e+03 -6.43418536e+03  1.89e-02 4.10e-13  2.92e-02   448s
INFO:gurobipy:  17   2.84270809e+03 -6.43418536e+03  1.89e-02 4.10e-13  2.92e-02   448s
  18   2.40390532e+03 -4.99658564e+03  1.08e-02 3.54e-13  2.33e-02   448s
INFO:gurobipy:  18   2.40390532e+03 -4.99658564e+03  1.08e-02 3.54e-13  2.33e-02   448s
  19   2.02049423e+03 -3.46244711e+03  7.49e-03 2.67e-13  1.73e-02   448s
INFO:gurobipy:  19   2.02049423e+03 -3.46244711e+03  7.49e-03 2.67e-13  1.73e-02   448s
  20   1.64119057e+03 -2.48385750e+03  5.05e-03 2.19e-13  1.30e-02   448s
INFO:gurobipy:  20   1.64119057e+03 -2.48385750e+03  5.05e-03 2.19e-13  1.30e-02   448s
  21   1.32746147e+03 -1.56458727e+03  3.24e-03 1.75e-13  9.11e-03   449s
INFO:gurobipy:  21   1.32746147e+03 -1.56458727e+03  3.24e-03 1.75e-13  9.11e-03   449s
  22   1.14841792e+03 -6.67893834e+02  2.26e-03 9.43e-14  5.72e-03   449s
INFO:gurobipy:  22   1.14841792e+03 -6.67893834e+02  2.26e-03 9.43e-14  5.72e-03   449s
  23   1.05837884e+03 -3.54084122e+02  1.81e-03 8.76e-14  4.45e-03   449s
INFO:gurobipy:  23   1.05837884e+03 -3.54084122e+02  1.81e-03 8.76e-14  4.45e-03   449s
  24   9.91278131e+02 -1.49217259e+02  1.49e-03 6.39e-14  3.59e-03   449s
INFO:gurobipy:  24   9.91278131e+02 -1.49217259e+02  1.49e-03 6.39e-14  3.59e-03   449s
  25   8.91607965e+02  7.32785513e+01  1.02e-03 5.91e-14  2.58e-03   449s
INFO:gurobipy:  25   8.91607965e+02  7.32785513e+01  1.02e-03 5.91e-14  2.58e-03   449s
  26   8.21253157e+02  2.22561353e+02  7.15e-04 4.18e-14  1.88e-03   449s
INFO:gurobipy:  26   8.21253157e+02  2.22561353e+02  7.15e-04 4.18e-14  1.88e-03   449s
  27   7.65974086e+02  2.55158049e+02  4.86e-04 3.65e-14  1.61e-03   450s
INFO:gurobipy:  27   7.65974086e+02  2.55158049e+02  4.86e-04 3.65e-14  1.61e-03   450s
  28   7.35136709e+02  3.94134628e+02  3.67e-04 6.06e-14  1.07e-03   450s
INFO:gurobipy:  28   7.35136709e+02  3.94134628e+02  3.67e-04 6.06e-14  1.07e-03   450s
  29   7.05661964e+02  4.32163873e+02  2.62e-04 4.08e-14  8.61e-04   450s
INFO:gurobipy:  29   7.05661964e+02  4.32163873e+02  2.62e-04 4.08e-14  8.61e-04   450s
  30   6.93401113e+02  4.89525324e+02  2.21e-04 5.65e-14  6.42e-04   450s
INFO:gurobipy:  30   6.93401113e+02  4.89525324e+02  2.21e-04 5.65e-14  6.42e-04   450s
  31   6.78244428e+02  5.16792669e+02  1.73e-04 2.22e-14  5.08e-04   450s
INFO:gurobipy:  31   6.78244428e+02  5.16792669e+02  1.73e-04 2.22e-14  5.08e-04   450s
  32   6.63132493e+02  5.52784939e+02  1.27e-04 3.29e-14  3.47e-04   450s
INFO:gurobipy:  32   6.63132493e+02  5.52784939e+02  1.27e-04 3.29e-14  3.47e-04   450s
  33   6.55212208e+02  5.67208257e+02  1.05e-04 1.73e-14  2.77e-04   451s
INFO:gurobipy:  33   6.55212208e+02  5.67208257e+02  1.05e-04 1.73e-14  2.77e-04   451s
  34   6.47830522e+02  5.83091902e+02  8.39e-05 3.05e-14  2.04e-04   451s
INFO:gurobipy:  34   6.47830522e+02  5.83091902e+02  8.39e-05 3.05e-14  2.04e-04   451s
  35   6.38780891e+02  5.90448228e+02  5.90e-05 3.35e-14  1.52e-04   451s
INFO:gurobipy:  35   6.38780891e+02  5.90448228e+02  5.90e-05 3.35e-14  1.52e-04   451s
  36   6.34717086e+02  5.97744656e+02  4.83e-05 5.17e-14  1.16e-04   451s
INFO:gurobipy:  36   6.34717086e+02  5.97744656e+02  4.83e-05 5.17e-14  1.16e-04   451s
  37   6.29985902e+02  5.99933569e+02  3.60e-05 5.68e-14  9.46e-05   451s
INFO:gurobipy:  37   6.29985902e+02  5.99933569e+02  3.60e-05 5.68e-14  9.46e-05   451s
  38   6.25994384e+02  6.02578780e+02  2.57e-05 5.25e-14  7.37e-05   452s
INFO:gurobipy:  38   6.25994384e+02  6.02578780e+02  2.57e-05 5.25e-14  7.37e-05   452s
  39   6.23245949e+02  6.06118581e+02  1.89e-05 5.68e-14  5.39e-05   452s
INFO:gurobipy:  39   6.23245949e+02  6.06118581e+02  1.89e-05 5.68e-14  5.39e-05   452s
  40   6.22155289e+02  6.07885281e+02  1.62e-05 3.87e-14  4.49e-05   452s
INFO:gurobipy:  40   6.22155289e+02  6.07885281e+02  1.62e-05 3.87e-14  4.49e-05   452s
  41   6.21277560e+02  6.08245301e+02  1.42e-05 4.93e-14  4.10e-05   452s
INFO:gurobipy:  41   6.21277560e+02  6.08245301e+02  1.42e-05 4.93e-14  4.10e-05   452s
  42   6.19960080e+02  6.09528486e+02  1.10e-05 6.57e-14  3.28e-05   452s
INFO:gurobipy:  42   6.19960080e+02  6.09528486e+02  1.10e-05 6.57e-14  3.28e-05   452s
  43   6.18590039e+02  6.10847233e+02  7.76e-06 3.59e-14  2.44e-05   453s
INFO:gurobipy:  43   6.18590039e+02  6.10847233e+02  7.76e-06 3.59e-14  2.44e-05   453s
  44   6.17408029e+02  6.12170464e+02  5.09e-06 4.96e-14  1.65e-05   453s
INFO:gurobipy:  44   6.17408029e+02  6.12170464e+02  5.09e-06 4.96e-14  1.65e-05   453s
  45   6.17098721e+02  6.12607608e+02  4.40e-06 5.19e-14  1.41e-05   453s
INFO:gurobipy:  45   6.17098721e+02  6.12607608e+02  4.40e-06 5.19e-14  1.41e-05   453s
  46   6.16712056e+02  6.13007671e+02  3.59e-06 6.80e-14  1.17e-05   453s
INFO:gurobipy:  46   6.16712056e+02  6.13007671e+02  3.59e-06 6.80e-14  1.17e-05   453s
  47   6.16055850e+02  6.13823544e+02  2.19e-06 5.64e-13  7.03e-06   453s
INFO:gurobipy:  47   6.16055850e+02  6.13823544e+02  2.19e-06 5.64e-13  7.03e-06   453s
  48   6.15178833e+02  6.14762058e+02  3.56e-07 6.68e-13  1.31e-06   453s
INFO:gurobipy:  48   6.15178833e+02  6.14762058e+02  3.56e-07 6.68e-13  1.31e-06   453s
  49   6.15029217e+02  6.14974111e+02  8.46e-08 4.49e-13  1.73e-07   454s
INFO:gurobipy:  49   6.15029217e+02  6.14974111e+02  8.46e-08 4.49e-13  1.73e-07   454s
  50   6.14979705e+02  6.14977721e+02  1.07e-09 4.12e-13  6.24e-09   454s
INFO:gurobipy:  50   6.14979705e+02  6.14977721e+02  1.07e-09 4.12e-13  6.24e-09   454s
  51   6.14978017e+02  6.14978016e+02  6.60e-11 2.28e-12  3.29e-12   454s
INFO:gurobipy:  51   6.14978017e+02  6.14978016e+02  6.60e-11 2.28e-12  3.29e-12   454s

INFO:gurobipy:
Barrier solved model in 51 iterations and 453.83 seconds (185.00 work units)
INFO:gurobipy:Barrier solved model in 51 iterations and 453.83 seconds (185.00 work units)
Optimal objective 6.14978017e+02
INFO:gurobipy:Optimal objective 6.14978017e+02

INFO:gurobipy:

INFO:gurobipy:
Root crossover log...
INFO:gurobipy:Root crossover log...

INFO:gurobipy:
   74700 DPushes remaining with DInf 0.0000000e+00               454s
INFO:gurobipy:   74700 DPushes remaining with DInf 0.0000000e+00               454s
       0 DPushes remaining with DInf 0.0000000e+00               455s
INFO:gurobipy:       0 DPushes remaining with DInf 0.0000000e+00               455s

INFO:gurobipy:
    5311 PPushes remaining with PInf 0.0000000e+00               455s
INFO:gurobipy:    5311 PPushes remaining with PInf 0.0000000e+00               455s
    3057 PPushes remaining with PInf 0.0000000e+00               455s
INFO:gurobipy:    3057 PPushes remaining with PInf 0.0000000e+00               455s
       0 PPushes remaining with PInf 0.0000000e+00               455s
INFO:gurobipy:       0 PPushes remaining with PInf 0.0000000e+00               455s

INFO:gurobipy:
  Push phase complete: Pinf 0.0000000e+00, Dinf 2.5395400e-13    455s
INFO:gurobipy:  Push phase complete: Pinf 0.0000000e+00, Dinf 2.5395400e-13    455s

INFO:gurobipy:

INFO:gurobipy:
Root simplex log...
INFO:gurobipy:Root simplex log...

INFO:gurobipy:
Iteration    Objective       Primal Inf.    Dual Inf.      Time
INFO:gurobipy:Iteration    Objective       Primal Inf.    Dual Inf.      Time
   34975    6.1497802e+02   0.000000e+00   0.000000e+00    455s
INFO:gurobipy:   34975    6.1497802e+02   0.000000e+00   0.000000e+00    455s
Concurrent spin time: 2.30s (can be avoided by choosing Method=3)
INFO:gurobipy:Concurrent spin time: 2.30s (can be avoided by choosing Method=3)

INFO:gurobipy:
Solved with barrier
INFO:gurobipy:Solved with barrier
   34975    6.1497802e+02   0.000000e+00   0.000000e+00    458s
INFO:gurobipy:   34975    6.1497802e+02   0.000000e+00   0.000000e+00    458s

INFO:gurobipy:
Use crossover to convert LP symmetric solution to basic solution...
INFO:gurobipy:Use crossover to convert LP symmetric solution to basic solution...

INFO:gurobipy:
Root crossover log...
INFO:gurobipy:Root crossover log...

INFO:gurobipy:
    2755 DPushes remaining with DInf 0.0000000e+00               458s
INFO:gurobipy:    2755 DPushes remaining with DInf 0.0000000e+00               458s
       0 DPushes remaining with DInf 0.0000000e+00               459s
INFO:gurobipy:       0 DPushes remaining with DInf 0.0000000e+00               459s

INFO:gurobipy:
    7260 PPushes remaining with PInf 0.0000000e+00               459s
INFO:gurobipy:    7260 PPushes remaining with PInf 0.0000000e+00               459s
       0 PPushes remaining with PInf 0.0000000e+00               459s
INFO:gurobipy:       0 PPushes remaining with PInf 0.0000000e+00               459s

INFO:gurobipy:
  Push phase complete: Pinf 0.0000000e+00, Dinf 1.6822177e-13    459s
INFO:gurobipy:  Push phase complete: Pinf 0.0000000e+00, Dinf 1.6822177e-13    459s

INFO:gurobipy:

INFO:gurobipy:
Root simplex log...
INFO:gurobipy:Root simplex log...

INFO:gurobipy:
Iteration    Objective       Primal Inf.    Dual Inf.      Time
INFO:gurobipy:Iteration    Objective       Primal Inf.    Dual Inf.      Time
   44979    6.1497802e+02   0.000000e+00   0.000000e+00    459s
INFO:gurobipy:   44979    6.1497802e+02   0.000000e+00   0.000000e+00    459s
   44979    6.1497802e+02   0.000000e+00   0.000000e+00    460s
INFO:gurobipy:   44979    6.1497802e+02   0.000000e+00   0.000000e+00    460s

INFO:gurobipy:
Root relaxation: objective 6.149780e+02, 44979 iterations, 18.51 seconds (8.86 work units)
INFO:gurobipy:Root relaxation: objective 6.149780e+02, 44979 iterations, 18.51 seconds (8.86 work units)
Total elapsed time = 462.75s (DegenMoves)
INFO:gurobipy:Total elapsed time = 462.75s (DegenMoves)
Total elapsed time = 465.30s (DegenMoves)
INFO:gurobipy:Total elapsed time = 465.30s (DegenMoves)

INFO:gurobipy:
    Nodes    |    Current Node    |     Objective Bounds      |     Work
INFO:gurobipy:    Nodes    |    Current Node    |     Objective Bounds      |     Work
 Expl Unexpl |  Obj  Depth IntInf | Incumbent    BestBd   Gap | It/Node Time
INFO:gurobipy: Expl Unexpl |  Obj  Depth IntInf | Incumbent    BestBd   Gap | It/Node Time

INFO:gurobipy:
     0     0  614.97802    0 10373          -  614.97802      -     -  468s
INFO:gurobipy:     0     0  614.97802    0 10373          -  614.97802      -     -  468s
H    0     0                     641.8927273  614.97802  4.19%     -  471s
INFO:gurobipy:H    0     0                     641.8927273  614.97802  4.19%     -  471s

INFO:gurobipy:
Explored 1 nodes (84527 simplex iterations) in 472.04 seconds (190.43 work units)
INFO:gurobipy:Explored 1 nodes (84527 simplex iterations) in 472.04 seconds (190.43 work units)
Thread count was 16 (of 192 available processors)
INFO:gurobipy:Thread count was 16 (of 192 available processors)

INFO:gurobipy:
Solution count 1: 641.893 
INFO:gurobipy:Solution count 1: 641.893 

INFO:gurobipy:
Optimal solution found (tolerance 5.00e-02)
INFO:gurobipy:Optimal solution found (tolerance 5.00e-02)
Best objective 6.418927272727e+02, best bound 6.149780165289e+02, gap 4.1930%
INFO:gurobipy:Best objective 6.418927272727e+02, best bound 6.149780165289e+02, gap 4.1930%
INFO:root:[time] ilp_solve took 621.79s (9,022.87890625 MB; 9,756.46484375 MB)
[ilp] model.objVal=641.9
[ilp] Z_cost.getValue()=261.8
[ilp] A_cost.getValue()=0.0
[ilp] D_cost.getValue()=231.1
[ilp] NM_cost.getValue()=149.0
[ilp] KIR2DL1 0030201 => 940
[ilp] KIR2DL2 0030106 => 1002
[ilp] KIR2DL3 0010102 => 963
[ilp] KIR2DL4 0050101 => 458
[ilp] KIR2DL4 0080101 => 532
[ilp] KIR2DL5A 0010101 => 799
[ilp] KIR2DP1 0020102 => 992
[ilp] KIR2DS1 0020103 => 1063
[ilp] KIR2DS2 0010104 => 1018
[ilp] KIR2DS4 0030101 => 874
[ilp] KIR2DS5 0020101 => 1119
[ilp] KIR3DL1 0010101 => 991
[ilp] KIR3DL2 0010101 => 714
[ilp] KIR3DL2 018 => 725
[ilp] KIR3DL3 01303 => 556
[ilp] KIR3DL3 099 => 560
[ilp] KIR3DP1 0030206 => 354
[ilp] KIR3DP1 0090101 => 555
[ilp] KIR3DS1 0130101 => 1261
[ilp] len(dropped)=2,889
