INFO:root:[!!!] running as script
INFO:root:[!!!] using 16 threads
INFO:root:[time] initializaiton took 0.67s (187.44140625 MB; 240.7578125 MB)
INFO:root:[sample] bam: /project/shared/inumanag-kir/data/hprc/HG01106.final.cram
INFO:root:[time] get_bam_reads took 14.16s (1,308.98828125 MB; 1,308.98828125 MB)
INFO:root:[time] calculate_coverage took 0.25s (1,308.98828125 MB; 1,308.98828125 MB)
INFO:root:[read] HG01106.final.cram: 1,416,190 reads loaded (sample.expected_coverage=21.0x)
INFO:root:[time] prepare FASTA for mapping took 2.41s (1,309.0 MB; 1,309.0 MB)
INFO:root:[time] minimap2 took 172.73s (6,167.9296875 MB; 6,167.9296875 MB)
INFO:root:[minimap2] 9,742,051/46,949,026 mappings handled
Mapping reads: 0...5,000,000...10,000,000...15,000,000...20,000,000...25,000,000...30,000,000...35,000,000...40,000,000...45,000,000...
INFO:root:[time] filtering took 53.91s (7,033.8984375 MB; 7,033.90234375 MB)
INFO:root:[filter] KIR2DL1 001 => 0010101: 0.1%; 0010103: 0.1%; 0010102: 0.2%; 0010104: 0.9%
INFO:root:[filter] KIR2DL1 003 => 0030237: 0.0%; 0030236: 0.0%; 0030204: 0.0%; 0030205: 0.0%; 0030208: 0.0%; 0030212: 0.0%; 0030215: 0.0%; 0030220: 0.0%; 0030219: 0.1%; 0030230: 0.1%; 0030243: 0.1%; 0030241: 0.1%; 0030238: 0.1%; 0030218: 0.1%; 0030239: 0.1%; 0030210: 0.2%; 0030242: 0.2%; 0030211: 0.2%; 0030235: 0.2%; 0030232: 0.2%; 0030209: 0.2%; 0030227: 0.2%; 0030207: 0.2%; 0030233: 0.2%; 0030221: 0.2%; 0030201: 0.2%; 0030231: 0.3%; 0030203: 0.3%; 0030226: 0.3%; 0030216: 0.4%; 0030223: 0.4%; 0030214: 0.4%; 0030234: 0.4%; 0030224: 0.4%; 0030228: 0.4%; 0030229: 0.4%; 0030206: 0.4%; 0030217: 0.5%; 0030202: 0.5%; 0030213: 0.6%; 0030225: 1.1%; 0030240: 1.1%; 0030222: 1.2%
INFO:root:[filter] KIR2DL1 040 => 040: 0.1%
INFO:root:[filter] KIR2DL3 001 => 0010101: 0.0%; 0010104: 0.0%; 0010103: 0.0%; 00110: 0.0%; 0010108: 0.0%; 0010109: 0.0%; 00103: 0.0%; 0010112: 0.1%; 0010115: 0.1%; 0010106: 0.1%; 0010113: 0.2%; 0010111: 0.3%; 0010107: 0.3%; 0010110: 0.4%; 0010102: 0.4%; 0010114: 0.5%; 0010105: 0.8%
INFO:root:[filter] KIR2DL3 003 => 003: 0.0%
INFO:root:[filter] KIR2DL3 027 => 027: 0.0%
INFO:root:[filter] KIR2DL3 030 => 030: 0.0%
INFO:root:[filter] KIR2DL3 031 => 031: 0.0%
INFO:root:[filter] KIR2DL4 001 => 0010201: 0.0%; 0010202: 0.0%; 0010203: 0.1%
INFO:root:[filter] KIR2DP1 002 => 0020107: 0.1%; 0020102: 0.1%; 0020109: 0.1%; 0020105: 0.1%; 0020106: 0.1%; 0020110: 0.1%; 0020103: 0.1%; 0020104: 0.3%; 0020108: 0.4%; 0020101: 0.7%
INFO:root:[filter] KIR2DP1 008 => 008: 0.1%
INFO:root:[filter] KIR2DS4 001 => 0010101: 0.1%; 0010102: 0.1%; 00102: 0.2%; 0010109: 0.2%; 0010107: 0.3%; 0010105: 0.8%; 0010103: 0.8%; 0010104: 1.2%; 0010108: 2.4%; 0010106: 3.0%
INFO:root:[filter] KIR3DL1 015 => 0150203: 0.0%; 0150204: 0.1%; 0150208: 0.1%; 0150210: 0.1%; 0150211: 0.1%; 0150212: 0.1%; 0150214: 0.2%; 0150215: 0.2%; 0150207: 0.2%; 0150205: 0.3%; 0150218: 0.3%; 0150216: 0.3%; 0150201: 0.3%; 0150209: 0.4%; 0150206: 0.4%; 0150217: 0.5%; 0150213: 0.7%; 0150202: 1.1%
INFO:root:[filter] KIR3DL1 076 => 076: 0.5%
INFO:root:[filter] KIR3DL2 002 => 0020104: 0.0%; 0020105: 0.0%; 0020106: 0.1%; 0020102: 0.1%; 0020103: 0.2%; 0020101: 0.2%; 00202: 0.3%
INFO:root:[filter] KIR3DL2 026 => 026: 0.1%
INFO:root:[filter] KIR3DL2 055 => 055: 0.1%
INFO:root:[filter] KIR3DL3 002 => 00203: 0.0%; 0020604: 0.1%; 0020602: 0.2%; 0020603: 0.2%; 0020601: 0.5%; 0020605: 1.3%
INFO:root:[filter] KIR3DL3 008 => 00802: 0.0%; 00801: 0.2%
INFO:root:[filter] KIR3DP1 003 => 0030202: 0.2%; 0030207: 0.2%; 0030208: 0.2%; 0030211: 0.2%; 0030213: 0.2%; 0030217: 0.2%; 0030212: 0.3%; 0030215: 0.3%; 0030216: 0.3%; 0030206: 0.4%; 0030205: 0.5%; 0030210: 0.5%; 0030214: 0.5%; 0030203: 0.7%; 00311: 0.7%; 0030201: 0.9%; 0030204: 1.1%; 0030401: 1.5%; 0030209: 3.3%; 0030101: 4.5%; 0030103: 4.9%; 0030102: 5.1%; 00305: 5.2%; 00308: 5.3%; 0030402: 7.8%
INFO:root:[filter] KIR3DP1 009 => 00902: 20.0%; 0090101: 20.4%; 0090102: 20.4%; 0090103: 20.7%
INFO:root:[filter] KIR3DP1 038 => 038: 0.6%
INFO:root:[filter] valid_alleles=159
INFO:root:[em] input: len(valid_reads)=34,061 len(valid_alleles)=159
INFO:root:[time] em_init took 15.46s (7,240.83203125 MB; 7,240.83203125 MB)
INFO:root:[em] KIR2DL1 0030201 => 0.0010440798608909558
INFO:root:[em] KIR2DL1 0030205 => 0.062224192695179405
INFO:root:[em] KIR2DL1 0030208 => 0.04236002311286963
INFO:root:[em] KIR2DL1 0030242 => 0.0010970819313515319
INFO:root:[em] KIR2DL3 0010106 => 0.05099317360398615
INFO:root:[em] KIR2DL3 0010108 => 0.04581976192872331
INFO:root:[em] KIR2DL3 0010109 => 0.005870160537740924
INFO:root:[em] KIR2DL3 0010115 => 0.0018948073798640875
INFO:root:[em] KIR2DL3 00110 => 0.0022686759767442458
INFO:root:[em] KIR2DL4 0010201 => 0.06555364902122307
INFO:root:[em] KIR2DL4 0010202 => 0.04763913940727485
INFO:root:[em] KIR2DP1 0020106 => 0.022634079323988972
INFO:root:[em] KIR2DP1 0020109 => 0.025756070591901416
INFO:root:[em] KIR2DP1 008 => 0.049507939721060455
INFO:root:[em] KIR2DS4 0010101 => 0.031861944652505296
INFO:root:[em] KIR2DS4 0010103 => 0.004394580365663296
INFO:root:[em] KIR2DS4 0010106 => 0.0010942413055389235
INFO:root:[em] KIR2DS4 0010109 => 0.10039175164361572
INFO:root:[em] KIR3DL1 0150201 => 0.03707152096602278
INFO:root:[em] KIR3DL1 0150204 => 0.05112088108587892
INFO:root:[em] KIR3DL1 0150212 => 0.0017437780207001624
INFO:root:[em] KIR3DL1 0150214 => 0.036823040371261696
INFO:root:[em] KIR3DL2 0020102 => 0.005498814465298007
INFO:root:[em] KIR3DL2 0020104 => 0.05658281284282592
INFO:root:[em] KIR3DL2 0020105 => 0.09386116499400261
INFO:root:[em] KIR3DL2 00202 => 0.0010032297320524983
INFO:root:[em] KIR3DL3 0020604 => 0.04124221617536884
INFO:root:[em] KIR3DL3 00802 => 0.07234093001482876
INFO:root:[em] KIR3DP1 0030202 => 0.009311305193416858
INFO:root:[em] KIR3DP1 0030210 => 0.025364545758460186
INFO:root:[time] em took 366.25s (7,034.43359375 MB; 7,488.8984375 MB)
INFO:root:[time] correct hits took 0.80s (7,034.43359375 MB; 7,488.8984375 MB)
INFO:root:[time] correct hits took 0.71s (7,034.4375 MB; 7,488.8984375 MB)
INFO:root:[time] correct hits took 0.38s (7,034.4375 MB; 7,488.8984375 MB)
INFO:root:[time] get_scc took 5.18s (7,034.4375 MB; 7,488.8984375 MB)
INFO:root:[time] get_scc took 9.11s (7,034.4375 MB; 7,488.8984375 MB)
INFO:root:[time] get_scc took 15.38s (7,034.4375 MB; 7,488.8984375 MB)
INFO:root:[time] em_scc took 381.72s (7,034.4375 MB; 7,488.8984375 MB)
percentage of captured is 0.8437339129440028
percentage of captured is 0.9351607613887503
percentage of captured is 0.9952264622469323
Set parameter WLSAccessID
INFO:gurobipy:Set parameter WLSAccessID
Set parameter WLSSecret
INFO:gurobipy:Set parameter WLSSecret
Set parameter LicenseID to value 2756285
INFO:gurobipy:Set parameter LicenseID to value 2756285
Academic license 2756285 - for non-commercial use only - registered to po___@uvic.ca
INFO:gurobipy:Academic license 2756285 - for non-commercial use only - registered to po___@uvic.ca
[ilp] len(valid_reads)=16,779
Set parameter Threads to value 16
INFO:gurobipy:Set parameter Threads to value 16
Set parameter Presolve to value 2
INFO:gurobipy:Set parameter Presolve to value 2
Set parameter PreSparsify to value 2
INFO:gurobipy:Set parameter PreSparsify to value 2
Set parameter NonConvex to value 2
INFO:gurobipy:Set parameter NonConvex to value 2
Set parameter MIPGap to value 0.05
INFO:gurobipy:Set parameter MIPGap to value 0.05
Set parameter TimeLimit to value 10800
INFO:gurobipy:Set parameter TimeLimit to value 10800
max_cost is 80 KIR3DP1 0030202 1812
Gurobi Optimizer version 12.0.0 build v12.0.0rc1 (linux64 - "CentOS Linux 7 (Core)")
INFO:gurobipy:Gurobi Optimizer version 12.0.0 build v12.0.0rc1 (linux64 - "CentOS Linux 7 (Core)")

INFO:gurobipy:
CPU model: Intel(R) Xeon(R) Platinum 8260 CPU @ 2.40GHz, instruction set [SSE2|AVX|AVX2|AVX512]
INFO:gurobipy:CPU model: Intel(R) Xeon(R) Platinum 8260 CPU @ 2.40GHz, instruction set [SSE2|AVX|AVX2|AVX512]
Thread count: 96 physical cores, 192 logical processors, using up to 16 threads
INFO:gurobipy:Thread count: 96 physical cores, 192 logical processors, using up to 16 threads

INFO:gurobipy:
Non-default parameters:
INFO:gurobipy:Non-default parameters:
TimeLimit  10800
INFO:gurobipy:TimeLimit  10800
MIPGap  0.05
INFO:gurobipy:MIPGap  0.05
NonConvex  2
INFO:gurobipy:NonConvex  2
Presolve  2
INFO:gurobipy:Presolve  2
PreSparsify  2
INFO:gurobipy:PreSparsify  2
Threads  16
INFO:gurobipy:Threads  16

INFO:gurobipy:
Academic license 2756285 - for non-commercial use only - registered to po___@uvic.ca
INFO:gurobipy:Academic license 2756285 - for non-commercial use only - registered to po___@uvic.ca
Optimize a model with 111287 rows, 218449 columns and 956391 nonzeros
INFO:gurobipy:Optimize a model with 111287 rows, 218449 columns and 956391 nonzeros
Model fingerprint: 0x6c8d5599
INFO:gurobipy:Model fingerprint: 0x6c8d5599
Variable types: 3396 continuous, 215053 integer (215053 binary)
INFO:gurobipy:Variable types: 3396 continuous, 215053 integer (215053 binary)
Coefficient statistics:
INFO:gurobipy:Coefficient statistics:
  Matrix range     [6e-05, 3e+01]
INFO:gurobipy:  Matrix range     [6e-05, 3e+01]
  Objective range  [5e-02, 4e+00]
INFO:gurobipy:  Objective range  [5e-02, 4e+00]
  Bounds range     [1e+00, 1e+00]
INFO:gurobipy:  Bounds range     [1e+00, 1e+00]
  RHS range        [2e-01, 1e+00]
INFO:gurobipy:  RHS range        [2e-01, 1e+00]
Presolve removed 16795 rows and 127408 columns (presolve time = 5s)...
INFO:gurobipy:Presolve removed 16795 rows and 127408 columns (presolve time = 5s)...
Presolve removed 16825 rows and 127408 columns (presolve time = 10s)...
INFO:gurobipy:Presolve removed 16825 rows and 127408 columns (presolve time = 10s)...
Presolve removed 16847 rows and 127408 columns (presolve time = 15s)...
INFO:gurobipy:Presolve removed 16847 rows and 127408 columns (presolve time = 15s)...
Presolve removed 16881 rows and 127456 columns (presolve time = 20s)...
INFO:gurobipy:Presolve removed 16881 rows and 127456 columns (presolve time = 20s)...
Presolve removed 16881 rows and 127456 columns (presolve time = 25s)...
INFO:gurobipy:Presolve removed 16881 rows and 127456 columns (presolve time = 25s)...
Presolve removed 16881 rows and 127456 columns (presolve time = 30s)...
INFO:gurobipy:Presolve removed 16881 rows and 127456 columns (presolve time = 30s)...
Presolve removed 16881 rows and 127456 columns (presolve time = 35s)...
INFO:gurobipy:Presolve removed 16881 rows and 127456 columns (presolve time = 35s)...
Presolve removed 16881 rows and 127456 columns (presolve time = 40s)...
INFO:gurobipy:Presolve removed 16881 rows and 127456 columns (presolve time = 40s)...
Presolve removed 16881 rows and 127456 columns (presolve time = 45s)...
INFO:gurobipy:Presolve removed 16881 rows and 127456 columns (presolve time = 45s)...
Presolve removed 16881 rows and 127456 columns (presolve time = 50s)...
INFO:gurobipy:Presolve removed 16881 rows and 127456 columns (presolve time = 50s)...
Presolve removed 23904 rows and 134465 columns (presolve time = 55s)...
INFO:gurobipy:Presolve removed 23904 rows and 134465 columns (presolve time = 55s)...
Presolve removed 23904 rows and 134465 columns (presolve time = 60s)...
INFO:gurobipy:Presolve removed 23904 rows and 134465 columns (presolve time = 60s)...
Presolve removed 23904 rows and 134465 columns (presolve time = 65s)...
INFO:gurobipy:Presolve removed 23904 rows and 134465 columns (presolve time = 65s)...
Presolve removed 23904 rows and 134465 columns (presolve time = 70s)...
INFO:gurobipy:Presolve removed 23904 rows and 134465 columns (presolve time = 70s)...
Presolve removed 23904 rows and 134465 columns (presolve time = 75s)...
INFO:gurobipy:Presolve removed 23904 rows and 134465 columns (presolve time = 75s)...
Presolve removed 23904 rows and 134465 columns (presolve time = 80s)...
INFO:gurobipy:Presolve removed 23904 rows and 134465 columns (presolve time = 80s)...
Presolve removed 23904 rows and 134465 columns (presolve time = 85s)...
INFO:gurobipy:Presolve removed 23904 rows and 134465 columns (presolve time = 85s)...
Sparsify removed 323214 nonzeros (40%)
INFO:gurobipy:Sparsify removed 323214 nonzeros (40%)
Presolve removed 23904 rows and 131131 columns
INFO:gurobipy:Presolve removed 23904 rows and 131131 columns
Presolve time: 88.82s
INFO:gurobipy:Presolve time: 88.82s
Presolved: 87383 rows, 87318 columns, 494545 nonzeros
INFO:gurobipy:Presolved: 87383 rows, 87318 columns, 494545 nonzeros
Variable types: 6677 continuous, 80641 integer (80588 binary)
INFO:gurobipy:Variable types: 6677 continuous, 80641 integer (80588 binary)
Sparsify removed 8582 nonzeros (2%)
INFO:gurobipy:Sparsify removed 8582 nonzeros (2%)
Root relaxation presolved: 87383 rows, 87318 columns, 485963 nonzeros
INFO:gurobipy:Root relaxation presolved: 87383 rows, 87318 columns, 485963 nonzeros

INFO:gurobipy:
Sparsify removed 4208 nonzeros (2%)
INFO:gurobipy:Sparsify removed 4208 nonzeros (2%)
Deterministic concurrent LP optimizer: primal and dual simplex
INFO:gurobipy:Deterministic concurrent LP optimizer: primal and dual simplex
Showing primal log only...
INFO:gurobipy:Showing primal log only...

INFO:gurobipy:

INFO:gurobipy:
Root simplex log...
INFO:gurobipy:Root simplex log...

INFO:gurobipy:
Iteration    Objective       Primal Inf.    Dual Inf.      Time
INFO:gurobipy:Iteration    Objective       Primal Inf.    Dual Inf.      Time
       0    1.3422400e+03   1.038611e+02   3.501792e+08     91s
INFO:gurobipy:       0    1.3422400e+03   1.038611e+02   3.501792e+08     91s
   24923    1.4361900e+03   7.880044e+01   1.003340e+09     95s
INFO:gurobipy:   24923    1.4361900e+03   7.880044e+01   1.003340e+09     95s
Concurrent spin time: 0.01s
INFO:gurobipy:Concurrent spin time: 0.01s

INFO:gurobipy:
Solved with dual simplex
INFO:gurobipy:Solved with dual simplex

INFO:gurobipy:
Root simplex log...
INFO:gurobipy:Root simplex log...

INFO:gurobipy:
Iteration    Objective       Primal Inf.    Dual Inf.      Time
INFO:gurobipy:Iteration    Objective       Primal Inf.    Dual Inf.      Time
   36298    4.9729884e+02   0.000000e+00   0.000000e+00     95s
INFO:gurobipy:   36298    4.9729884e+02   0.000000e+00   0.000000e+00     95s
Extra simplex iterations after uncrush: 83
INFO:gurobipy:Extra simplex iterations after uncrush: 83

INFO:gurobipy:
Use crossover to convert LP symmetric solution to basic solution...
INFO:gurobipy:Use crossover to convert LP symmetric solution to basic solution...

INFO:gurobipy:
Root crossover log...
INFO:gurobipy:Root crossover log...

INFO:gurobipy:
    2409 DPushes remaining with DInf 0.0000000e+00                95s
INFO:gurobipy:    2409 DPushes remaining with DInf 0.0000000e+00                95s
       0 DPushes remaining with DInf 0.0000000e+00                95s
INFO:gurobipy:       0 DPushes remaining with DInf 0.0000000e+00                95s

INFO:gurobipy:
   13460 PPushes remaining with PInf 0.0000000e+00                95s
INFO:gurobipy:   13460 PPushes remaining with PInf 0.0000000e+00                95s
       0 PPushes remaining with PInf 0.0000000e+00                96s
INFO:gurobipy:       0 PPushes remaining with PInf 0.0000000e+00                96s

INFO:gurobipy:
  Push phase complete: Pinf 0.0000000e+00, Dinf 3.8458819e-14     96s
INFO:gurobipy:  Push phase complete: Pinf 0.0000000e+00, Dinf 3.8458819e-14     96s

INFO:gurobipy:

INFO:gurobipy:
Root simplex log...
INFO:gurobipy:Root simplex log...

INFO:gurobipy:
Iteration    Objective       Primal Inf.    Dual Inf.      Time
INFO:gurobipy:Iteration    Objective       Primal Inf.    Dual Inf.      Time
   52105    4.9729884e+02   0.000000e+00   0.000000e+00     96s
INFO:gurobipy:   52105    4.9729884e+02   0.000000e+00   0.000000e+00     96s
   52105    4.9729884e+02   0.000000e+00   0.000000e+00     96s
INFO:gurobipy:   52105    4.9729884e+02   0.000000e+00   0.000000e+00     96s

INFO:gurobipy:
Root relaxation: objective 4.972988e+02, 52105 iterations, 6.07 seconds (4.49 work units)
INFO:gurobipy:Root relaxation: objective 4.972988e+02, 52105 iterations, 6.07 seconds (4.49 work units)

INFO:gurobipy:
    Nodes    |    Current Node    |     Objective Bounds      |     Work
INFO:gurobipy:    Nodes    |    Current Node    |     Objective Bounds      |     Work
 Expl Unexpl |  Obj  Depth IntInf | Incumbent    BestBd   Gap | It/Node Time
INFO:gurobipy: Expl Unexpl |  Obj  Depth IntInf | Incumbent    BestBd   Gap | It/Node Time

INFO:gurobipy:
     0     0  497.29884    0 16382          -  497.29884      -     -  100s
INFO:gurobipy:     0     0  497.29884    0 16382          -  497.29884      -     -  100s
H    0     0                     729.8885714  497.29884  31.9%     -  101s
INFO:gurobipy:H    0     0                     729.8885714  497.29884  31.9%     -  101s
H    0     0                     724.5719048  497.29884  31.4%     -  101s
INFO:gurobipy:H    0     0                     724.5719048  497.29884  31.4%     -  101s
H    0     0                     721.0957143  497.29884  31.0%     -  101s
INFO:gurobipy:H    0     0                     721.0957143  497.29884  31.0%     -  101s
H    0     0                     696.9052381  497.29884  28.6%     -  101s
INFO:gurobipy:H    0     0                     696.9052381  497.29884  28.6%     -  101s
H    0     0                     696.5052381  497.29884  28.6%     -  101s
INFO:gurobipy:H    0     0                     696.5052381  497.29884  28.6%     -  101s
H    0     0                     647.0623810  497.29884  23.1%     -  127s
INFO:gurobipy:H    0     0                     647.0623810  497.29884  23.1%     -  127s
H    0     0                     646.0723810  497.29884  23.0%     -  127s
INFO:gurobipy:H    0     0                     646.0723810  497.29884  23.0%     -  127s
     0     0  501.94301    0 16490  646.07238  501.94301  22.3%     -  138s
INFO:gurobipy:     0     0  501.94301    0 16490  646.07238  501.94301  22.3%     -  138s
     0     0  501.94356    0 16483  646.07238  501.94356  22.3%     -  141s
INFO:gurobipy:     0     0  501.94356    0 16483  646.07238  501.94356  22.3%     -  141s
H    0     0                     624.1795238  501.94356  19.6%     -  153s
INFO:gurobipy:H    0     0                     624.1795238  501.94356  19.6%     -  153s
     0     0  503.28130    0 17740  624.17952  503.28130  19.4%     -  158s
INFO:gurobipy:     0     0  503.28130    0 17740  624.17952  503.28130  19.4%     -  158s
H    0     0                     621.2180952  503.28423  19.0%     -  159s
INFO:gurobipy:H    0     0                     621.2180952  503.28423  19.0%     -  159s
H    0     0                     574.1809523  503.28423  12.3%     -  159s
INFO:gurobipy:H    0     0                     574.1809523  503.28423  12.3%     -  159s
     0     0  503.28423    0 17748  574.18095  503.28423  12.3%     -  160s
INFO:gurobipy:     0     0  503.28423    0 17748  574.18095  503.28423  12.3%     -  160s
H    0     0                     572.9842857  503.28423  12.2%     -  180s
INFO:gurobipy:H    0     0                     572.9842857  503.28423  12.2%     -  180s
H    0     0                     572.9842856  503.28423  12.2%     -  180s
INFO:gurobipy:H    0     0                     572.9842856  503.28423  12.2%     -  180s
     0     0  503.38826    0 16494  572.98429  503.38826  12.1%     -  181s
INFO:gurobipy:     0     0  503.38826    0 16494  572.98429  503.38826  12.1%     -  181s
     0     0  503.39914    0 16487  572.98429  503.39914  12.1%     -  181s
INFO:gurobipy:     0     0  503.39914    0 16487  572.98429  503.39914  12.1%     -  181s
     0     0  503.62296    0 15191  572.98429  503.62296  12.1%     -  202s
INFO:gurobipy:     0     0  503.62296    0 15191  572.98429  503.62296  12.1%     -  202s
     0     0  503.62296    0 15193  572.98429  503.62296  12.1%     -  203s
INFO:gurobipy:     0     0  503.62296    0 15193  572.98429  503.62296  12.1%     -  203s
     0     0  507.77548    0 15164  572.98429  507.77548  11.4%     -  213s
INFO:gurobipy:     0     0  507.77548    0 15164  572.98429  507.77548  11.4%     -  213s
     0     0  507.77548    0 15168  572.98429  507.77548  11.4%     -  214s
INFO:gurobipy:     0     0  507.77548    0 15168  572.98429  507.77548  11.4%     -  214s
     0     0  507.77548    0 15180  572.98429  507.77548  11.4%     -  225s
INFO:gurobipy:     0     0  507.77548    0 15180  572.98429  507.77548  11.4%     -  225s
     0     0  507.77548    0 15180  572.98429  507.77548  11.4%     -  226s
INFO:gurobipy:     0     0  507.77548    0 15180  572.98429  507.77548  11.4%     -  226s
     0     0  508.13883    0 15171  572.98429  508.13883  11.3%     -  237s
INFO:gurobipy:     0     0  508.13883    0 15171  572.98429  508.13883  11.3%     -  237s
     0     0  508.13883    0 15170  572.98429  508.13883  11.3%     -  238s
INFO:gurobipy:     0     0  508.13883    0 15170  572.98429  508.13883  11.3%     -  238s
     0     0  508.13883    0 15223  572.98429  508.13883  11.3%     -  249s
INFO:gurobipy:     0     0  508.13883    0 15223  572.98429  508.13883  11.3%     -  249s
     0     0  508.13883    0 14937  572.98429  508.13883  11.3%     -  252s
INFO:gurobipy:     0     0  508.13883    0 14937  572.98429  508.13883  11.3%     -  252s
     0     2  508.13883    0 14937  572.98429  508.13883  11.3%     -  295s
INFO:gurobipy:     0     2  508.13883    0 14937  572.98429  508.13883  11.3%     -  295s
     1     3  511.75903    1 13172  572.98429  508.13883  11.3% 16470  304s
INFO:gurobipy:     1     3  511.75903    1 13172  572.98429  508.13883  11.3% 16470  304s
     2     6  512.69608    2 13218  572.98429  508.13883  11.3% 10768  318s
INFO:gurobipy:     2     6  512.69608    2 13218  572.98429  508.13883  11.3% 10768  318s
     5    12  517.89353    3 13246  572.98429  512.71178  10.5% 12180  326s
INFO:gurobipy:     5    12  517.89353    3 13246  572.98429  512.71178  10.5% 12180  326s
    11    24  523.84577    4 13090  572.98429  518.04664  9.59% 10965  331s
INFO:gurobipy:    11    24  523.84577    4 13090  572.98429  518.04664  9.59% 10965  331s
    23    36  540.49770    5 11240  572.98429  524.27148  8.50% 10108  344s
INFO:gurobipy:    23    36  540.49770    5 11240  572.98429  524.27148  8.50% 10108  344s
    35    51  544.70160    6 11311  572.98429  530.83452  7.36% 10421  352s
INFO:gurobipy:    35    51  544.70160    6 11311  572.98429  530.83452  7.36% 10421  352s
    52    56  562.19594    7 9062  572.98429  530.83452  7.36%  8967  367s
INFO:gurobipy:    52    56  562.19594    7 9062  572.98429  530.83452  7.36%  8967  367s
    85    72     cutoff    7       572.98429  530.83452  7.36%  7062  379s
INFO:gurobipy:    85    72     cutoff    7       572.98429  530.83452  7.36%  7062  379s
H  120    72                     571.3928571  530.83452  7.10%  5986  379s
INFO:gurobipy:H  120    72                     571.3928571  530.83452  7.10%  5986  379s
   141    81  563.20411    7 7893  571.39286  530.83452  7.10%  5594  387s
INFO:gurobipy:   141    81  563.20411    7 7893  571.39286  530.83452  7.10%  5594  387s
   202    84     cutoff    8       571.39286  530.83452  7.10%  4509  404s
INFO:gurobipy:   202    84     cutoff    8       571.39286  530.83452  7.10%  4509  404s
*  221    84              10     571.1228571  530.83452  7.05%  4410  404s
INFO:gurobipy:*  221    84              10     571.1228571  530.83452  7.05%  4410  404s
   228    59     cutoff    9       571.12286  530.83452  7.05%  4369  412s
INFO:gurobipy:   228    59     cutoff    9       571.12286  530.83452  7.05%  4369  412s
   283    36     cutoff    8       571.12286  530.83452  7.05%  3999  418s
INFO:gurobipy:   283    36     cutoff    8       571.12286  530.83452  7.05%  3999  418s
   338    19     cutoff    9       571.12286  538.83265  5.65%  3882  427s
INFO:gurobipy:   338    19     cutoff    9       571.12286  538.83265  5.65%  3882  427s
   370     4 infeasible    6       571.12286  538.83265  5.65%  3770  430s
INFO:gurobipy:   370     4 infeasible    6       571.12286  538.83265  5.65%  3770  430s

INFO:gurobipy:
Cutting planes:
INFO:gurobipy:Cutting planes:
  Gomory: 41
INFO:gurobipy:  Gomory: 41
  MIR: 398
INFO:gurobipy:  MIR: 398
  Flow cover: 1
INFO:gurobipy:  Flow cover: 1
  RLT: 194
INFO:gurobipy:  RLT: 194
  Relax-and-lift: 95
INFO:gurobipy:  Relax-and-lift: 95

INFO:gurobipy:
Explored 392 nodes (1572914 simplex iterations) in 430.29 seconds (424.70 work units)
INFO:gurobipy:Explored 392 nodes (1572914 simplex iterations) in 430.29 seconds (424.70 work units)
Thread count was 16 (of 192 available processors)
INFO:gurobipy:Thread count was 16 (of 192 available processors)

INFO:gurobipy:
Solution count 10: 571.123 571.393 572.984 ... 696.505
INFO:gurobipy:Solution count 10: 571.123 571.393 572.984 ... 696.505

INFO:gurobipy:
Optimal solution found (tolerance 5.00e-02)
INFO:gurobipy:Optimal solution found (tolerance 5.00e-02)
Best objective 5.711228571429e+02, best bound 5.636108988160e+02, gap 1.3153%
INFO:gurobipy:Best objective 5.711228571429e+02, best bound 5.636108988160e+02, gap 1.3153%
INFO:root:[time] ilp_solve took 455.78s (7,990.21484375 MB; 11,597.52734375 MB)
[ilp] model.objVal=571.1
[ilp] Z_cost.getValue()=200.1
[ilp] A_cost.getValue()=0.0
[ilp] D_cost.getValue()=260.9
[ilp] NM_cost.getValue()=110.1
[ilp] KIR2DL1 0030201 => 1044
[ilp] KIR2DL3 0010106 => 1067
[ilp] KIR2DL4 0010201 => 885
[ilp] KIR2DL4 0010201 => 879
[ilp] KIR2DP1 0020106 => 1007
[ilp] KIR2DP1 008 => 981
[ilp] KIR2DS4 0010101 => 1043
[ilp] KIR2DS4 0010101 => 998
[ilp] KIR3DL1 0150201 => 931
[ilp] KIR3DL1 0150201 => 922
[ilp] KIR3DL2 0020102 => 722
[ilp] KIR3DL2 0020102 => 695
[ilp] KIR3DL3 0020604 => 751
[ilp] KIR3DL3 00802 => 811
[ilp] KIR3DP1 0030202 => 393
[ilp] KIR3DP1 0030202 => 389
[ilp] len(dropped)=3,261
