INFO:root:[!!!] running as script
INFO:root:[!!!] using 16 threads
INFO:root:[time] initializaiton took 0.63s (187.36328125 MB; 240.8125 MB)
INFO:root:[sample] bam: /project/shared/inumanag-kir/data/hprc/HG01071.final.cram
INFO:root:[time] get_bam_reads took 12.53s (1,303.83203125 MB; 1,303.83203125 MB)
INFO:root:[time] calculate_coverage took 0.25s (1,303.83203125 MB; 1,303.83203125 MB)
INFO:root:[read] HG01071.final.cram: 1,407,428 reads loaded (sample.expected_coverage=21.0x)
INFO:root:[time] prepare FASTA for mapping took 2.16s (1,303.84375 MB; 1,303.84375 MB)
INFO:root:[time] minimap2 took 156.84s (6,181.87109375 MB; 6,181.87109375 MB)
INFO:root:[minimap2] 9,776,652/47,667,555 mappings handled
Mapping reads: 0...5,000,000...10,000,000...15,000,000...20,000,000...25,000,000...30,000,000...35,000,000...40,000,000...45,000,000...
INFO:root:[time] filtering took 55.48s (7,073.0390625 MB; 7,073.0390625 MB)
INFO:root:[filter] KIR2DL1 001 => 0010101: 0.2%; 0010103: 0.2%; 0010102: 0.2%; 0010104: 1.1%
INFO:root:[filter] KIR2DL1 003 => 0030204: 0.1%; 0030205: 0.1%; 0030208: 0.1%; 0030212: 0.1%; 0030215: 0.1%; 0030219: 0.1%; 0030230: 0.1%; 0030220: 0.2%; 0030236: 0.2%; 0030237: 0.2%; 0030218: 0.2%; 0030238: 0.2%; 0030243: 0.2%; 0030239: 0.2%; 0030210: 0.3%; 0030209: 0.3%; 00304: 0.3%; 0030241: 0.3%; 0030211: 0.3%; 0030203: 0.3%; 0030221: 0.3%; 0030242: 0.3%; 0030235: 0.4%; 0030227: 0.4%; 0030233: 0.4%; 0030232: 0.4%; 0030231: 0.5%; 0030214: 0.5%; 0030234: 0.5%; 0030229: 0.5%; 0030206: 0.5%; 0030216: 0.5%; 0030226: 0.5%; 0030213: 0.5%; 0030202: 0.6%; 0030217: 0.6%; 0030223: 0.6%; 0030224: 0.6%; 0030228: 0.6%; 0030207: 0.6%; 0030225: 1.2%; 0030240: 1.2%; 0030222: 1.2%
INFO:root:[filter] KIR2DL1 009 => 009: 0.3%
INFO:root:[filter] KIR2DL1 022 => 02201: 0.3%
INFO:root:[filter] KIR2DL1 040 => 040: 0.2%
INFO:root:[filter] KIR2DL1 047 => 0470102: 0.3%; 0470101: 0.3%
INFO:root:[filter] KIR2DL1 069 => 069: 0.3%
INFO:root:[filter] KIR2DL3 001 => 0010110: 0.1%; 0010101: 0.1%; 0010104: 0.1%; 0010103: 0.1%; 00110: 0.1%; 0010108: 0.1%; 0010112: 0.1%; 0010115: 0.1%; 0010114: 0.2%; 0010113: 0.2%; 00103: 0.2%; 0010102: 0.2%; 0010107: 0.3%; 0010109: 0.6%; 0010111: 0.7%; 0010105: 0.8%; 0010106: 1.2%
INFO:root:[filter] KIR2DL3 003 => 003: 0.2%
INFO:root:[filter] KIR2DL3 027 => 027: 0.2%
INFO:root:[filter] KIR2DL3 030 => 030: 0.2%
INFO:root:[filter] KIR2DL3 031 => 031: 0.2%
INFO:root:[filter] KIR2DL4 001 => 0010306: 0.2%; 0010304: 0.3%; 0010307: 0.3%; 0010303: 0.6%; 0010305: 0.7%; 0010309: 0.8%; 0010308: 1.4%
INFO:root:[filter] KIR2DL4 002 => 00201: 0.2%; 00202: 0.2%
INFO:root:[filter] KIR2DL4 008 => 0080204: 0.2%; 0080203: 0.3%; 0080107: 4.4%; 0080101: 4.9%; 0080105: 5.5%; 0080106: 5.7%; 0080108: 6.4%
INFO:root:[filter] KIR2DL4 013 => 013: 0.2%
INFO:root:[filter] KIR2DP1 002 => 0020107: 0.0%; 0020102: 0.0%; 0020109: 0.0%; 0020105: 0.0%; 0020110: 0.0%; 0020104: 0.1%; 0020103: 0.1%; 0020108: 0.1%; 0020106: 0.1%; 0020101: 0.9%
INFO:root:[filter] KIR2DS4 001 => 0010101: 0.0%; 0010102: 0.0%; 0010106: 0.0%; 0010108: 0.2%; 0010107: 0.2%; 0010109: 0.2%; 0010105: 0.4%; 0010104: 0.4%
INFO:root:[filter] KIR2DS4 006 => 0060102: 0.1%; 0060101: 0.2%
INFO:root:[filter] KIR3DL1 004 => 0040101: 0.0%; 0040106: 0.1%; 0040102: 0.1%; 0040104: 0.2%; 0040107: 0.2%; 0040109: 0.3%; 0040108: 0.3%; 0040105: 0.3%; 0040103: 1.3%
INFO:root:[filter] KIR3DL1 015 => 0150101: 0.0%; 0150103: 0.0%; 0150102: 0.4%
INFO:root:[filter] KIR3DL1 018 => 018: 0.0%
INFO:root:[filter] KIR3DL1 020 => 0200103: 0.1%; 0200102: 0.3%; 0200101: 0.3%
INFO:root:[filter] KIR3DL1 062 => 062: 0.1%
INFO:root:[filter] KIR3DL1 063 => 063: 0.6%
INFO:root:[filter] KIR3DL1 069 => 069: 0.0%
INFO:root:[filter] KIR3DL2 001 => 0010101: 0.1%; 0010102: 0.1%; 0010301: 1.3%; 0010302: 1.3%
INFO:root:[filter] KIR3DL2 003 => 00301: 0.1%
INFO:root:[filter] KIR3DL2 005 => 00501: 0.0%
INFO:root:[filter] KIR3DL2 009 => 00902: 0.1%; 00901: 0.6%
INFO:root:[filter] KIR3DL2 023 => 023: 0.1%
INFO:root:[filter] KIR3DL2 050 => 050: 0.1%
INFO:root:[filter] KIR3DL2 062 => 06201: 0.1%; 06202: 0.1%
INFO:root:[filter] KIR3DL2 100 => 10001: 0.1%
INFO:root:[filter] KIR3DL2 108 => 10801: 0.1%
INFO:root:[filter] KIR3DL3 002 => 0020602: 0.1%; 0020604: 0.1%; 0020603: 0.1%; 00203: 0.2%; 0020601: 0.5%; 0020605: 1.7%
INFO:root:[filter] KIR3DL3 006 => 00602: 0.3%
INFO:root:[filter] KIR3DL3 012 => 012: 2.1%
INFO:root:[filter] KIR3DL3 015 => 01501: 0.2%; 01502: 1.3%
INFO:root:[filter] KIR3DP1 003 => 0030202: 1.2%; 0030207: 1.2%; 0030208: 1.2%; 0030211: 1.2%; 0030213: 1.2%; 0030217: 1.2%; 0030206: 1.4%; 0030212: 1.6%; 0030201: 1.7%; 0030215: 1.7%; 0030205: 2.0%; 0030216: 2.0%; 0030214: 2.1%; 0030203: 2.4%; 0030204: 2.4%; 0030401: 3.0%; 0030209: 4.0%; 0030210: 4.1%; 0030101: 5.0%; 0030103: 5.3%; 00309: 5.4%; 0030102: 5.5%; 00308: 5.9%; 0030402: 7.1%
INFO:root:[filter] KIR3DP1 009 => 00902: 21.2%; 0090101: 21.7%; 0090102: 21.7%; 0090103: 22.0%
INFO:root:[filter] KIR3DP1 038 => 038: 5.0%
INFO:root:[filter] valid_alleles=183
INFO:root:[em] input: len(valid_reads)=33,647 len(valid_alleles)=183
INFO:root:[time] em_init took 15.41s (7,308.36328125 MB; 7,308.36328125 MB)
INFO:root:[em] KIR2DL1 0030204 => 0.029335217985550967
INFO:root:[em] KIR2DL1 0030205 => 0.042580899028754234
INFO:root:[em] KIR2DL1 0030212 => 0.03444832549913038
INFO:root:[em] KIR2DL3 0010101 => 0.028666510798479917
INFO:root:[em] KIR2DL3 0010103 => 0.0035448284740886423
INFO:root:[em] KIR2DL3 0010105 => 0.0031981787903484003
INFO:root:[em] KIR2DL3 0010108 => 0.005286286097062997
INFO:root:[em] KIR2DL3 0010109 => 0.006990102392569303
INFO:root:[em] KIR2DL3 0010110 => 0.03272564410260304
INFO:root:[em] KIR2DL3 0010112 => 0.01836441387381961
INFO:root:[em] KIR2DL3 0010113 => 0.0015675387614151775
INFO:root:[em] KIR2DL3 0010115 => 0.0030600989854684254
INFO:root:[em] KIR2DL4 0010304 => 0.06087497629364805
INFO:root:[em] KIR2DL4 0080204 => 0.044827255560455755
INFO:root:[em] KIR2DP1 0020106 => 0.02381750274243786
INFO:root:[em] KIR2DP1 0020108 => 0.008126494455882925
INFO:root:[em] KIR2DP1 0020109 => 0.06691485311630338
INFO:root:[em] KIR2DS4 0010106 => 0.06564459745967262
INFO:root:[em] KIR2DS4 0060101 => 0.008588525422255017
INFO:root:[em] KIR2DS4 0060102 => 0.06282727431013274
INFO:root:[em] KIR3DL1 0040101 => 0.07496242525075834
INFO:root:[em] KIR3DL1 0200103 => 0.05561369356245424
INFO:root:[em] KIR3DL1 062 => 0.0114550433674064
INFO:root:[em] KIR3DL2 0010301 => 0.007937708724696596
INFO:root:[em] KIR3DL2 00501 => 0.047196766689799864
INFO:root:[em] KIR3DL2 00901 => 0.03346299427900134
INFO:root:[em] KIR3DL2 023 => 0.040059719501785225
INFO:root:[em] KIR3DL2 06201 => 0.027548361262525346
INFO:root:[em] KIR3DL3 0020602 => 0.04133492403219026
INFO:root:[em] KIR3DL3 0020603 => 0.0020081119659453328
INFO:root:[em] KIR3DL3 0020604 => 0.0013451454954963979
INFO:root:[em] KIR3DL3 00602 => 0.05495364796610599
INFO:root:[em] KIR3DL3 012 => 0.0011258125136928557
INFO:root:[em] KIR3DL3 01501 => 0.0036358425022788997
INFO:root:[em] KIR3DL3 01502 => 0.011706390018059542
INFO:root:[em] KIR3DP1 0030202 => 0.016712203931874458
INFO:root:[em] KIR3DP1 0030207 => 0.012969148236355843
INFO:root:[time] em took 446.76s (7,073.6640625 MB; 7,590.38671875 MB)
INFO:root:[time] correct hits took 1.06s (7,073.6640625 MB; 7,590.38671875 MB)
INFO:root:[time] correct hits took 0.55s (7,073.66796875 MB; 7,590.38671875 MB)
INFO:root:[time] get_scc took 4.53s (7,073.66796875 MB; 7,590.38671875 MB)
INFO:root:[time] get_scc took 11.47s (7,073.66796875 MB; 7,590.38671875 MB)
INFO:root:[time] em_scc took 458.31s (7,073.66796875 MB; 7,590.38671875 MB)
percentage of captured is 0.8708601087493821
percentage of captured is 0.9765382052421147
Set parameter WLSAccessID
INFO:gurobipy:Set parameter WLSAccessID
Set parameter WLSSecret
INFO:gurobipy:Set parameter WLSSecret
Set parameter LicenseID to value 2756285
INFO:gurobipy:Set parameter LicenseID to value 2756285
Academic license 2756285 - for non-commercial use only - registered to po___@uvic.ca
INFO:gurobipy:Academic license 2756285 - for non-commercial use only - registered to po___@uvic.ca
[ilp] len(valid_reads)=13,952
Set parameter Threads to value 16
INFO:gurobipy:Set parameter Threads to value 16
Set parameter Presolve to value 2
INFO:gurobipy:Set parameter Presolve to value 2
Set parameter PreSparsify to value 2
INFO:gurobipy:Set parameter PreSparsify to value 2
Set parameter NonConvex to value 2
INFO:gurobipy:Set parameter NonConvex to value 2
Set parameter MIPGap to value 0.05
INFO:gurobipy:Set parameter MIPGap to value 0.05
Set parameter TimeLimit to value 10800
INFO:gurobipy:Set parameter TimeLimit to value 10800
max_cost is 96 KIR3DP1 0030202 1633
Gurobi Optimizer version 12.0.0 build v12.0.0rc1 (linux64 - "CentOS Linux 7 (Core)")
INFO:gurobipy:Gurobi Optimizer version 12.0.0 build v12.0.0rc1 (linux64 - "CentOS Linux 7 (Core)")

INFO:gurobipy:
CPU model: Intel(R) Xeon(R) Platinum 8260 CPU @ 2.40GHz, instruction set [SSE2|AVX|AVX2|AVX512]
INFO:gurobipy:CPU model: Intel(R) Xeon(R) Platinum 8260 CPU @ 2.40GHz, instruction set [SSE2|AVX|AVX2|AVX512]
Thread count: 96 physical cores, 192 logical processors, using up to 16 threads
INFO:gurobipy:Thread count: 96 physical cores, 192 logical processors, using up to 16 threads

INFO:gurobipy:
Non-default parameters:
INFO:gurobipy:Non-default parameters:
TimeLimit  10800
INFO:gurobipy:TimeLimit  10800
MIPGap  0.05
INFO:gurobipy:MIPGap  0.05
NonConvex  2
INFO:gurobipy:NonConvex  2
Presolve  2
INFO:gurobipy:Presolve  2
PreSparsify  2
INFO:gurobipy:PreSparsify  2
Threads  16
INFO:gurobipy:Threads  16

INFO:gurobipy:
Academic license 2756285 - for non-commercial use only - registered to po___@uvic.ca
INFO:gurobipy:Academic license 2756285 - for non-commercial use only - registered to po___@uvic.ca
Optimize a model with 106396 rows, 209008 columns and 932292 nonzeros
INFO:gurobipy:Optimize a model with 106396 rows, 209008 columns and 932292 nonzeros
Model fingerprint: 0x8babbb5a
INFO:gurobipy:Model fingerprint: 0x8babbb5a
Variable types: 4014 continuous, 204994 integer (204994 binary)
INFO:gurobipy:Variable types: 4014 continuous, 204994 integer (204994 binary)
Coefficient statistics:
INFO:gurobipy:Coefficient statistics:
  Matrix range     [7e-05, 3e+01]
INFO:gurobipy:  Matrix range     [7e-05, 3e+01]
  Objective range  [5e-02, 5e+00]
INFO:gurobipy:  Objective range  [5e-02, 5e+00]
  Bounds range     [1e+00, 1e+00]
INFO:gurobipy:  Bounds range     [1e+00, 1e+00]
  RHS range        [2e-01, 1e+00]
INFO:gurobipy:  RHS range        [2e-01, 1e+00]
Presolve removed 13964 rows and 120684 columns (presolve time = 5s)...
INFO:gurobipy:Presolve removed 13964 rows and 120684 columns (presolve time = 5s)...
Presolve removed 14030 rows and 120684 columns (presolve time = 10s)...
INFO:gurobipy:Presolve removed 14030 rows and 120684 columns (presolve time = 10s)...
Presolve removed 14030 rows and 120684 columns (presolve time = 15s)...
INFO:gurobipy:Presolve removed 14030 rows and 120684 columns (presolve time = 15s)...
Presolve removed 14030 rows and 120684 columns (presolve time = 20s)...
INFO:gurobipy:Presolve removed 14030 rows and 120684 columns (presolve time = 20s)...
Presolve removed 14030 rows and 120684 columns (presolve time = 25s)...
INFO:gurobipy:Presolve removed 14030 rows and 120684 columns (presolve time = 25s)...
Presolve removed 19422 rows and 126076 columns (presolve time = 30s)...
INFO:gurobipy:Presolve removed 19422 rows and 126076 columns (presolve time = 30s)...
Presolve removed 19422 rows and 126076 columns (presolve time = 35s)...
INFO:gurobipy:Presolve removed 19422 rows and 126076 columns (presolve time = 35s)...
Presolve removed 19422 rows and 126076 columns (presolve time = 40s)...
INFO:gurobipy:Presolve removed 19422 rows and 126076 columns (presolve time = 40s)...
Presolve removed 19422 rows and 126076 columns (presolve time = 45s)...
INFO:gurobipy:Presolve removed 19422 rows and 126076 columns (presolve time = 45s)...
Presolve removed 19422 rows and 126076 columns (presolve time = 50s)...
INFO:gurobipy:Presolve removed 19422 rows and 126076 columns (presolve time = 50s)...
Sparsify removed 306613 nonzeros (38%)
INFO:gurobipy:Sparsify removed 306613 nonzeros (38%)
Presolve removed 19422 rows and 130246 columns (presolve time = 55s)...
INFO:gurobipy:Presolve removed 19422 rows and 130246 columns (presolve time = 55s)...
Presolve removed 19422 rows and 122186 columns
INFO:gurobipy:Presolve removed 19422 rows and 122186 columns
Presolve time: 55.06s
INFO:gurobipy:Presolve time: 55.06s
Presolved: 86974 rows, 86822 columns, 494329 nonzeros
INFO:gurobipy:Presolved: 86974 rows, 86822 columns, 494329 nonzeros
Variable types: 7810 continuous, 79012 integer (78918 binary)
INFO:gurobipy:Variable types: 7810 continuous, 79012 integer (78918 binary)
Sparsify removed 5148 nonzeros (1%)
INFO:gurobipy:Sparsify removed 5148 nonzeros (1%)
Root relaxation presolved: 86974 rows, 86822 columns, 489181 nonzeros
INFO:gurobipy:Root relaxation presolved: 86974 rows, 86822 columns, 489181 nonzeros

INFO:gurobipy:
Sparsify removed 3199 nonzeros (1%)
INFO:gurobipy:Sparsify removed 3199 nonzeros (1%)
Deterministic concurrent LP optimizer: primal and dual simplex
INFO:gurobipy:Deterministic concurrent LP optimizer: primal and dual simplex
Showing primal log only...
INFO:gurobipy:Showing primal log only...

INFO:gurobipy:

INFO:gurobipy:
Root simplex log...
INFO:gurobipy:Root simplex log...

INFO:gurobipy:
Iteration    Objective       Primal Inf.    Dual Inf.      Time
INFO:gurobipy:Iteration    Objective       Primal Inf.    Dual Inf.      Time
       0    1.1161600e+03   1.024000e+02   4.864569e+08     57s
INFO:gurobipy:       0    1.1161600e+03   1.024000e+02   4.864569e+08     57s
   28463    1.1998123e+03   6.784393e+01   2.195005e+09     60s
INFO:gurobipy:   28463    1.1998123e+03   6.784393e+01   2.195005e+09     60s
   38683    1.2170233e+03   3.664425e+01   5.989767e+09     65s
INFO:gurobipy:   38683    1.2170233e+03   3.664425e+01   5.989767e+09     65s
Concurrent spin time: 0.02s
INFO:gurobipy:Concurrent spin time: 0.02s

INFO:gurobipy:
Solved with dual simplex
INFO:gurobipy:Solved with dual simplex

INFO:gurobipy:
Root simplex log...
INFO:gurobipy:Root simplex log...

INFO:gurobipy:
Iteration    Objective       Primal Inf.    Dual Inf.      Time
INFO:gurobipy:Iteration    Objective       Primal Inf.    Dual Inf.      Time
   58460    3.9683678e+02   0.000000e+00   0.000000e+00     66s
INFO:gurobipy:   58460    3.9683678e+02   0.000000e+00   0.000000e+00     66s
Extra simplex iterations after uncrush: 73
INFO:gurobipy:Extra simplex iterations after uncrush: 73

INFO:gurobipy:
Use crossover to convert LP symmetric solution to basic solution...
INFO:gurobipy:Use crossover to convert LP symmetric solution to basic solution...

INFO:gurobipy:
Root crossover log...
INFO:gurobipy:Root crossover log...

INFO:gurobipy:
    2146 DPushes remaining with DInf 0.0000000e+00                66s
INFO:gurobipy:    2146 DPushes remaining with DInf 0.0000000e+00                66s
       0 DPushes remaining with DInf 0.0000000e+00                66s
INFO:gurobipy:       0 DPushes remaining with DInf 0.0000000e+00                66s

INFO:gurobipy:
   10294 PPushes remaining with PInf 0.0000000e+00                66s
INFO:gurobipy:   10294 PPushes remaining with PInf 0.0000000e+00                66s
       0 PPushes remaining with PInf 0.0000000e+00                66s
INFO:gurobipy:       0 PPushes remaining with PInf 0.0000000e+00                66s

INFO:gurobipy:
  Push phase complete: Pinf 0.0000000e+00, Dinf 5.5312525e-14     66s
INFO:gurobipy:  Push phase complete: Pinf 0.0000000e+00, Dinf 5.5312525e-14     66s

INFO:gurobipy:

INFO:gurobipy:
Root simplex log...
INFO:gurobipy:Root simplex log...

INFO:gurobipy:
Iteration    Objective       Primal Inf.    Dual Inf.      Time
INFO:gurobipy:Iteration    Objective       Primal Inf.    Dual Inf.      Time
   70812    3.9683678e+02   0.000000e+00   0.000000e+00     66s
INFO:gurobipy:   70812    3.9683678e+02   0.000000e+00   0.000000e+00     66s
   70812    3.9683678e+02   0.000000e+00   0.000000e+00     66s
INFO:gurobipy:   70812    3.9683678e+02   0.000000e+00   0.000000e+00     66s

INFO:gurobipy:
Root relaxation: objective 3.968368e+02, 70812 iterations, 10.44 seconds (6.53 work units)
INFO:gurobipy:Root relaxation: objective 3.968368e+02, 70812 iterations, 10.44 seconds (6.53 work units)

INFO:gurobipy:
    Nodes    |    Current Node    |     Objective Bounds      |     Work
INFO:gurobipy:    Nodes    |    Current Node    |     Objective Bounds      |     Work
 Expl Unexpl |  Obj  Depth IntInf | Incumbent    BestBd   Gap | It/Node Time
INFO:gurobipy: Expl Unexpl |  Obj  Depth IntInf | Incumbent    BestBd   Gap | It/Node Time

INFO:gurobipy:
     0     0  396.83678    0 13132          -  396.83678      -     -   69s
INFO:gurobipy:     0     0  396.83678    0 13132          -  396.83678      -     -   69s
H    0     0                     472.2071429  396.83678  16.0%     -   78s
INFO:gurobipy:H    0     0                     472.2071429  396.83678  16.0%     -   78s
H    0     0                     472.0271429  396.83678  15.9%     -   78s
INFO:gurobipy:H    0     0                     472.0271429  396.83678  15.9%     -   78s
     0     0  398.78705    0 12084  472.02714  398.78705  15.5%     -   82s
INFO:gurobipy:     0     0  398.78705    0 12084  472.02714  398.78705  15.5%     -   82s
     0     0  400.79382    0 11372  472.02714  400.79382  15.1%     -   94s
INFO:gurobipy:     0     0  400.79382    0 11372  472.02714  400.79382  15.1%     -   94s
H    0     0                     471.6461905  400.80206  15.0%     -   95s
INFO:gurobipy:H    0     0                     471.6461905  400.80206  15.0%     -   95s
H    0     0                     471.5933333  400.80206  15.0%     -   95s
INFO:gurobipy:H    0     0                     471.5933333  400.80206  15.0%     -   95s
     0     0  401.11969    0 11368  471.59333  401.11969  14.9%     -  103s
INFO:gurobipy:     0     0  401.11969    0 11368  471.59333  401.11969  14.9%     -  103s
     0     0  401.18895    0 12161  471.59333  401.18895  14.9%     -  105s
INFO:gurobipy:     0     0  401.18895    0 12161  471.59333  401.18895  14.9%     -  105s
H    0     0                     448.6500000  419.57956  6.48%     -  113s
INFO:gurobipy:H    0     0                     448.6500000  419.57956  6.48%     -  113s
H    0     0                     448.5000000  419.57956  6.45%     -  113s
INFO:gurobipy:H    0     0                     448.5000000  419.57956  6.45%     -  113s
     0     0  419.57956    0 12226  448.50000  419.57956  6.45%     -  114s
INFO:gurobipy:     0     0  419.57956    0 12226  448.50000  419.57956  6.45%     -  114s
H    0     0                     448.3095238  419.57956  6.41%     -  115s
INFO:gurobipy:H    0     0                     448.3095238  419.57956  6.41%     -  115s
H    0     0                     446.8404762  419.57956  6.10%     -  115s
INFO:gurobipy:H    0     0                     446.8404762  419.57956  6.10%     -  115s
     0     0  419.57956    0 12235  446.84048  419.57956  6.10%     -  115s
INFO:gurobipy:     0     0  419.57956    0 12235  446.84048  419.57956  6.10%     -  115s
     0     0  419.57956    0 12223  446.84048  419.57956  6.10%     -  122s
INFO:gurobipy:     0     0  419.57956    0 12223  446.84048  419.57956  6.10%     -  122s
     0     0  423.64534    0 12222  446.84048  423.64534  5.19%     -  129s
INFO:gurobipy:     0     0  423.64534    0 12222  446.84048  423.64534  5.19%     -  129s
H    0     0                     445.6923810  423.64534  4.95%     -  130s
INFO:gurobipy:H    0     0                     445.6923810  423.64534  4.95%     -  130s

INFO:gurobipy:
Cutting planes:
INFO:gurobipy:Cutting planes:
  Gomory: 20
INFO:gurobipy:  Gomory: 20
  MIR: 488
INFO:gurobipy:  MIR: 488
  RLT: 138
INFO:gurobipy:  RLT: 138
  Relax-and-lift: 41
INFO:gurobipy:  Relax-and-lift: 41

INFO:gurobipy:
Explored 1 nodes (115215 simplex iterations) in 130.70 seconds (109.05 work units)
INFO:gurobipy:Explored 1 nodes (115215 simplex iterations) in 130.70 seconds (109.05 work units)
Thread count was 16 (of 192 available processors)
INFO:gurobipy:Thread count was 16 (of 192 available processors)

INFO:gurobipy:
Solution count 9: 445.692 446.84 448.31 ... 472.207
INFO:gurobipy:Solution count 9: 445.692 446.84 448.31 ... 472.207

INFO:gurobipy:
Optimal solution found (tolerance 5.00e-02)
INFO:gurobipy:Optimal solution found (tolerance 5.00e-02)
Best objective 4.456923809524e+02, best bound 4.236453421664e+02, gap 4.9467%
INFO:gurobipy:Best objective 4.456923809524e+02, best bound 4.236453421664e+02, gap 4.9467%
INFO:root:[time] ilp_solve took 148.33s (7,901.1796875 MB; 8,499.66015625 MB)
[ilp] model.objVal=445.7
[ilp] Z_cost.getValue()=155.0
[ilp] A_cost.getValue()=0.0
[ilp] D_cost.getValue()=219.8
[ilp] NM_cost.getValue()=70.9
[ilp] KIR2DL1 0030204 => 1002
[ilp] KIR2DL3 0010101 => 993
[ilp] KIR2DL3 0010101 => 958
[ilp] KIR2DL4 0010304 => 379
[ilp] KIR2DL4 0080204 => 396
[ilp] KIR2DP1 0020106 => 1002
[ilp] KIR2DS4 0010106 => 765
[ilp] KIR2DS4 0060101 => 740
[ilp] KIR3DL1 0040101 => 953
[ilp] KIR3DL1 0200103 => 924
[ilp] KIR3DL2 00501 => 590
[ilp] KIR3DL2 06201 => 614
[ilp] KIR3DL3 0020602 => 670
[ilp] KIR3DL3 00602 => 666
[ilp] KIR3DP1 0030202 => 283
[ilp] KIR3DP1 0030202 => 269
[ilp] len(dropped)=2,748
