INFO:root:[!!!] running as script
INFO:root:[!!!] using 16 threads
INFO:root:[time] initializaiton took 0.60s (187.37890625 MB; 240.83203125 MB)
INFO:root:[sample] bam: /project/shared/inumanag-kir/data/hprc/HG02622.final.cram
INFO:root:[time] get_bam_reads took 13.63s (1,400.953125 MB; 1,400.953125 MB)
INFO:root:[time] calculate_coverage took 0.25s (1,401.01171875 MB; 1,401.01171875 MB)
INFO:root:[read] HG02622.final.cram: 1,507,096 reads loaded (sample.expected_coverage=23.0x)
INFO:root:[time] prepare FASTA for mapping took 2.24s (1,401.0234375 MB; 1,401.0234375 MB)
INFO:root:[time] minimap2 took 178.17s (7,721.78515625 MB; 7,721.89453125 MB)
INFO:root:[minimap2] 12,653,981/56,894,007 mappings handled
Mapping reads: 0...5,000,000...10,000,000...15,000,000...20,000,000...25,000,000...30,000,000...35,000,000...40,000,000...45,000,000...50,000,000...55,000,000...
INFO:root:[time] filtering took 74.37s (8,783.12109375 MB; 8,831.06640625 MB)
INFO:root:[filter] KIR2DL1 001 => 0010101: 0.1%; 0010103: 0.1%; 0010102: 0.2%; 0010104: 0.6%
INFO:root:[filter] KIR2DL1 003 => 00304: 0.1%; 00306: 0.1%; 0030225: 0.2%; 0030240: 0.2%; 0030237: 0.2%; 0030236: 0.2%; 0030204: 0.2%; 0030208: 0.2%; 0030220: 0.2%; 0030238: 0.3%; 0030218: 0.3%; 00303: 0.3%; 0030222: 0.3%; 0030205: 0.3%; 0030212: 0.3%; 0030215: 0.3%; 0030219: 0.3%; 0030230: 0.3%; 0030239: 0.3%; 0030209: 0.4%; 0030221: 0.4%; 0030242: 0.4%; 0030211: 0.4%; 0030243: 0.4%; 0030210: 0.4%; 0030203: 0.4%; 0030233: 0.4%; 0030231: 0.4%; 0030234: 0.4%; 0030207: 0.4%; 0030214: 0.5%; 0030226: 0.5%; 0030206: 0.5%; 0030227: 0.5%; 0030235: 0.5%; 0030232: 0.5%; 0030216: 0.5%; 0030224: 0.6%; 0030228: 0.6%; 0030223: 0.6%; 0030213: 0.6%; 0030217: 0.6%; 0030229: 0.7%; 0030202: 0.8%; 0030241: 1.5%
INFO:root:[filter] KIR2DL1 009 => 009: 0.1%
INFO:root:[filter] KIR2DL1 012 => 01202: 0.1%; 01201: 1.2%
INFO:root:[filter] KIR2DL1 022 => 02201: 0.1%
INFO:root:[filter] KIR2DL1 040 => 040: 0.1%
INFO:root:[filter] KIR2DL1 069 => 069: 0.1%
INFO:root:[filter] KIR2DL3 001 => 0010110: 0.1%; 0010114: 0.1%; 0010101: 0.1%; 0010104: 0.1%; 0010103: 0.1%; 00110: 0.1%; 0010108: 0.1%; 0010113: 0.1%; 0010112: 0.1%; 0010115: 0.1%; 0010102: 0.2%; 0010111: 0.3%; 0010109: 0.3%; 0010107: 0.4%; 0010106: 1.3%
INFO:root:[filter] KIR2DL3 005 => 00501: 2.3%
INFO:root:[filter] KIR2DL3 036 => 036: 2.3%
INFO:root:[filter] KIR2DL4 001 => 0010306: 0.1%; 0010307: 0.1%; 0010303: 0.2%; 0010305: 0.4%; 0010309: 0.6%; 0010308: 1.2%; 0010304: 1.3%
INFO:root:[filter] KIR2DL4 002 => 00202: 0.1%
INFO:root:[filter] KIR2DL4 005 => 0050107: 0.1%; 0050101: 0.1%; 0050102: 0.1%; 0050103: 0.1%; 0050105: 0.2%; 0050106: 0.2%; 0050104: 0.3%
INFO:root:[filter] KIR2DL4 008 => 0080107: 2.5%; 0080101: 2.7%; 0080105: 2.9%; 0080106: 3.5%; 0080108: 4.0%
INFO:root:[filter] KIR2DL4 011 => 0110101: 0.1%; 0110103: 0.1%; 0110102: 0.2%
INFO:root:[filter] KIR2DL4 013 => 013: 0.1%
INFO:root:[filter] KIR2DP1 002 => 0020102: 0.1%; 0020109: 0.1%; 0020105: 0.1%; 0020103: 0.1%; 0020107: 0.1%; 0020110: 0.1%; 0020106: 0.2%; 0020104: 0.2%; 0020108: 0.3%; 0020101: 0.6%
INFO:root:[filter] KIR2DP1 003 => 0030102: 2.4%; 0030101: 2.7%
INFO:root:[filter] KIR2DP1 004 => 004: 3.0%
INFO:root:[filter] KIR2DP1 013 => 013: 0.2%
INFO:root:[filter] KIR2DS4 001 => 0010101: 0.0%; 0010102: 0.0%; 0010109: 0.0%; 0010104: 0.3%; 0010108: 0.5%; 0010105: 0.5%; 0010106: 1.4%
INFO:root:[filter] KIR2DS4 003 => 0030101: 1.9%; 0030103: 2.0%; 0030102: 2.1%
INFO:root:[filter] KIR2DS4 010 => 010: 0.0%
INFO:root:[filter] KIR3DL1 001 => 0010109: 0.0%; 0010103: 0.0%; 0010106: 0.1%; 0010105: 0.1%; 0010101: 0.1%; 0010108: 0.2%; 0010111: 0.2%; 0010102: 0.2%; 0010107: 0.3%; 0010110: 0.5%
INFO:root:[filter] KIR3DL1 005 => 0050103: 0.0%; 0050109: 0.1%; 0050105: 0.1%; 0050101: 0.2%; 0050110: 0.2%; 0050107: 0.2%; 0050102: 0.3%; 0050111: 0.3%; 0050104: 0.3%; 0050108: 0.4%; 0050106: 0.4%
INFO:root:[filter] KIR3DL1 009 => 0090103: 0.0%; 0090101: 0.1%; 0090104: 0.3%; 0090102: 0.3%
INFO:root:[filter] KIR3DL1 015 => 0150211: 0.0%; 0150212: 0.0%; 0150101: 0.1%; 0150103: 0.1%; 0150102: 0.1%; 0150204: 0.2%; 0150208: 0.2%; 0150210: 0.2%; 0150203: 0.2%; 0150214: 0.2%; 0150215: 0.2%; 0150216: 0.2%; 0150207: 0.3%; 0150205: 0.3%; 0150218: 0.4%; 0150209: 0.5%; 0150217: 0.5%; 0150213: 0.5%; 0150201: 0.7%; 0150202: 1.0%
INFO:root:[filter] KIR3DL1 016 => 016: 0.1%
INFO:root:[filter] KIR3DL1 018 => 018: 0.1%
INFO:root:[filter] KIR3DL1 042 => 042: 0.1%
INFO:root:[filter] KIR3DL1 067 => 067: 0.1%
INFO:root:[filter] KIR3DL1 076 => 076: 0.1%
INFO:root:[filter] KIR3DL1 120 => 120: 0.1%
INFO:root:[filter] KIR3DL2 001 => 0010102: 0.0%; 0010101: 0.1%; 0010302: 0.6%; 0010301: 0.6%
INFO:root:[filter] KIR3DL2 086 => 086: 0.1%
INFO:root:[filter] KIR3DL2 100 => 10001: 0.1%
INFO:root:[filter] KIR3DL2 108 => 10801: 0.1%
INFO:root:[filter] KIR3DL3 002 => 00203: 0.1%; 00205: 0.1%; 00210: 0.1%; 00211: 0.1%; 0020101: 0.2%; 0020102: 0.7%; 0020701: 0.7%; 0020702: 0.7%
INFO:root:[filter] KIR3DL3 011 => 01101: 0.1%
INFO:root:[filter] KIR3DL3 027 => 02703: 0.1%; 02702: 0.9%
INFO:root:[filter] KIR3DL3 056 => 056: 0.2%
INFO:root:[filter] KIR3DP1 003 => 0030202: 0.4%; 0030205: 0.4%; 0030207: 0.4%; 0030208: 0.4%; 0030211: 0.4%; 0030213: 0.4%; 0030216: 0.4%; 0030217: 0.4%; 0030206: 0.4%; 0030212: 0.5%; 0030214: 0.5%; 0030201: 0.5%; 0030215: 0.5%; 0030203: 0.7%; 00311: 0.8%; 0030204: 1.0%; 0030209: 1.4%; 0030401: 2.0%; 0030101: 2.1%; 00309: 2.2%; 0030102: 2.2%; 00308: 2.4%; 0030103: 2.4%; 00305: 2.5%; 0030210: 3.8%; 0030402: 4.5%
INFO:root:[filter] KIR3DP1 009 => 0090101: 0.3%; 0090102: 0.3%; 00902: 0.5%; 0090103: 3.2%
INFO:root:[filter] KIR3DP1 010 => 0100102: 0.4%; 0100101: 0.6%; 01003: 0.8%; 01005: 1.7%
INFO:root:[filter] KIR3DP1 038 => 038: 0.8%
INFO:root:[filter] KIR3DP1 048 => 048: 0.8%
INFO:root:[filter] KIR3DS1 010 => 010: 0.0%
INFO:root:[filter] KIR3DS1 013 => 0130101: 0.0%; 0130107: 0.0%; 0130131: 0.0%; 0130106: 0.0%; 0130109: 0.1%; 0130105: 0.1%; 0130122: 0.1%; 0130127: 0.1%; 0130114: 0.1%; 0130118: 0.1%; 0130120: 0.1%; 0130119: 0.1%; 0130116: 0.1%; 0130117: 0.1%; 0130103: 0.1%; 0130125: 0.2%; 0130129: 0.2%; 0130110: 0.2%; 0130113: 0.2%; 0130102: 0.2%; 0130104: 0.2%; 0130123: 0.2%; 0130111: 0.3%; 0130124: 0.4%; 0130115: 0.4%; 0130130: 0.4%; 0130121: 0.4%; 0130126: 0.7%; 0130112: 0.9%; 0130128: 1.0%; 0130132: 1.1%
INFO:root:[filter] KIR3DS1 014 => 014: 0.0%
INFO:root:[filter] KIR3DS1 083 => 083: 0.0%
INFO:root:[filter] KIR3DS1 123 => 1230102: 0.1%; 1230101: 0.2%; 1230103: 0.2%
INFO:root:[filter] KIR3DS1 126 => 126: 0.1%
INFO:root:[filter] valid_alleles=265
INFO:root:[em] input: len(valid_reads)=43,793 len(valid_alleles)=265
INFO:root:[time] em_init took 35.30s (9,224.01953125 MB; 9,224.01953125 MB)
INFO:root:[em] KIR2DL1 0030222 => 0.00855868739161416
INFO:root:[em] KIR2DL1 0030225 => 0.028142031160090973
INFO:root:[em] KIR2DL1 0030236 => 0.007558815917413658
INFO:root:[em] KIR2DL1 00303 => 0.022567480832044132
INFO:root:[em] KIR2DL1 01201 => 0.03038318786922329
INFO:root:[em] KIR2DL1 01202 => 0.0023276789602186196
INFO:root:[em] KIR2DL3 0010101 => 0.03286874515450659
INFO:root:[em] KIR2DL3 0010102 => 0.006895367381127657
INFO:root:[em] KIR2DL3 0010103 => 0.006246576587682337
INFO:root:[em] KIR2DL3 0010104 => 0.004726941348805662
INFO:root:[em] KIR2DL3 0010109 => 0.007907186006129635
INFO:root:[em] KIR2DL3 0010114 => 0.0019432971280793968
INFO:root:[em] KIR2DL3 00501 => 0.04673024929502588
INFO:root:[em] KIR2DL4 0010306 => 0.04808482140814965
INFO:root:[em] KIR2DL4 0050101 => 0.05000513843803154
INFO:root:[em] KIR2DL4 0110101 => 0.030971890896589135
INFO:root:[em] KIR2DP1 0020109 => 0.04847498493506726
INFO:root:[em] KIR2DP1 0030101 => 0.001593583899328696
INFO:root:[em] KIR2DP1 0030102 => 0.02345258434051459
INFO:root:[em] KIR2DP1 013 => 0.009166672615236446
INFO:root:[em] KIR2DS4 0010101 => 0.0017338929706057018
INFO:root:[em] KIR2DS4 0010102 => 0.018220747310467626
INFO:root:[em] KIR2DS4 0010106 => 0.003425993017815941
INFO:root:[em] KIR2DS4 0010109 => 0.035044338234142804
INFO:root:[em] KIR2DS4 010 => 0.060068740323989546
INFO:root:[em] KIR3DL1 0050101 => 0.022105773485303955
INFO:root:[em] KIR3DL1 0050103 => 0.036251864887704016
INFO:root:[em] KIR3DL1 0150203 => 0.00585702630652188
INFO:root:[em] KIR3DL1 0150212 => 0.04569283837657168
INFO:root:[em] KIR3DL2 0010301 => 0.0156528545604117
INFO:root:[em] KIR3DL2 0010302 => 0.043039762796587694
INFO:root:[em] KIR3DL2 086 => 0.06433646139116994
INFO:root:[em] KIR3DL3 0020101 => 0.0023318299472925995
INFO:root:[em] KIR3DL3 00205 => 0.021355408946338982
INFO:root:[em] KIR3DL3 0020702 => 0.02003920349396963
INFO:root:[em] KIR3DL3 02702 => 0.0380142240177219
INFO:root:[em] KIR3DL3 02703 => 0.014819120459237969
INFO:root:[em] KIR3DP1 0030205 => 0.011110373882344416
INFO:root:[em] KIR3DP1 0030216 => 0.003678173248056886
INFO:root:[em] KIR3DP1 0090102 => 0.018192145241419707
INFO:root:[em] KIR3DP1 0100102 => 0.007672887793558568
INFO:root:[em] KIR3DP1 048 => 0.0058539819299642075
INFO:root:[em] KIR3DS1 010 => 0.0027741846571618448
INFO:root:[em] KIR3DS1 0130101 => 0.08034839466224392
INFO:root:[time] em took 650.38s (8,781.5078125 MB; 9,755.41015625 MB)
INFO:root:[time] correct hits took 2.02s (8,781.5078125 MB; 9,755.41015625 MB)
INFO:root:[time] correct hits took 1.62s (8,781.51171875 MB; 9,755.41015625 MB)
INFO:root:[time] get_scc took 9.67s (8,781.51171875 MB; 9,755.41015625 MB)
INFO:root:[time] get_scc took 21.65s (8,781.51171875 MB; 9,755.41015625 MB)
INFO:root:[time] em_scc took 672.14s (8,781.51171875 MB; 9,755.41015625 MB)
percentage of captured is 0.8738308493575303
percentage of captured is 0.9812942768447027
Set parameter WLSAccessID
INFO:gurobipy:Set parameter WLSAccessID
Set parameter WLSSecret
INFO:gurobipy:Set parameter WLSSecret
Set parameter LicenseID to value 2756285
INFO:gurobipy:Set parameter LicenseID to value 2756285
Academic license 2756285 - for non-commercial use only - registered to po___@uvic.ca
INFO:gurobipy:Academic license 2756285 - for non-commercial use only - registered to po___@uvic.ca
[ilp] len(valid_reads)=19,585
Set parameter Threads to value 16
INFO:gurobipy:Set parameter Threads to value 16
Set parameter Presolve to value 2
INFO:gurobipy:Set parameter Presolve to value 2
Set parameter PreSparsify to value 2
INFO:gurobipy:Set parameter PreSparsify to value 2
Set parameter NonConvex to value 2
INFO:gurobipy:Set parameter NonConvex to value 2
Set parameter MIPGap to value 0.05
INFO:gurobipy:Set parameter MIPGap to value 0.05
Set parameter TimeLimit to value 10800
INFO:gurobipy:Set parameter TimeLimit to value 10800
max_cost is 115 KIR3DS1 0130101 10688
Gurobi Optimizer version 12.0.0 build v12.0.0rc1 (linux64 - "CentOS Linux 7 (Core)")
INFO:gurobipy:Gurobi Optimizer version 12.0.0 build v12.0.0rc1 (linux64 - "CentOS Linux 7 (Core)")

INFO:gurobipy:
CPU model: Intel(R) Xeon(R) Platinum 8260 CPU @ 2.40GHz, instruction set [SSE2|AVX|AVX2|AVX512]
INFO:gurobipy:CPU model: Intel(R) Xeon(R) Platinum 8260 CPU @ 2.40GHz, instruction set [SSE2|AVX|AVX2|AVX512]
Thread count: 96 physical cores, 192 logical processors, using up to 16 threads
INFO:gurobipy:Thread count: 96 physical cores, 192 logical processors, using up to 16 threads

INFO:gurobipy:
Non-default parameters:
INFO:gurobipy:Non-default parameters:
TimeLimit  10800
INFO:gurobipy:TimeLimit  10800
MIPGap  0.05
INFO:gurobipy:MIPGap  0.05
NonConvex  2
INFO:gurobipy:NonConvex  2
Presolve  2
INFO:gurobipy:Presolve  2
PreSparsify  2
INFO:gurobipy:PreSparsify  2
Threads  16
INFO:gurobipy:Threads  16

INFO:gurobipy:
Academic license 2756285 - for non-commercial use only - registered to po___@uvic.ca
INFO:gurobipy:Academic license 2756285 - for non-commercial use only - registered to po___@uvic.ca
Optimize a model with 199452 rows, 435855 columns and 1938901 nonzeros
INFO:gurobipy:Optimize a model with 199452 rows, 435855 columns and 1938901 nonzeros
Model fingerprint: 0x12a58d73
INFO:gurobipy:Model fingerprint: 0x12a58d73
Variable types: 6088 continuous, 429767 integer (429767 binary)
INFO:gurobipy:Variable types: 6088 continuous, 429767 integer (429767 binary)
Coefficient statistics:
INFO:gurobipy:Coefficient statistics:
  Matrix range     [5e-05, 3e+01]
INFO:gurobipy:  Matrix range     [5e-05, 3e+01]
  Objective range  [4e-02, 6e+00]
INFO:gurobipy:  Objective range  [4e-02, 6e+00]
  Bounds range     [1e+00, 1e+00]
INFO:gurobipy:  Bounds range     [1e+00, 1e+00]
  RHS range        [2e-01, 1e+00]
INFO:gurobipy:  RHS range        [2e-01, 1e+00]
Presolve removed 19599 rows and 262222 columns (presolve time = 5s)...
INFO:gurobipy:Presolve removed 19599 rows and 262222 columns (presolve time = 5s)...
Presolve removed 19605 rows and 262222 columns (presolve time = 10s)...
INFO:gurobipy:Presolve removed 19605 rows and 262222 columns (presolve time = 10s)...
Presolve removed 19609 rows and 262222 columns (presolve time = 15s)...
INFO:gurobipy:Presolve removed 19609 rows and 262222 columns (presolve time = 15s)...
Presolve removed 19613 rows and 262222 columns (presolve time = 20s)...
INFO:gurobipy:Presolve removed 19613 rows and 262222 columns (presolve time = 20s)...
Presolve removed 19627 rows and 262222 columns (presolve time = 25s)...
INFO:gurobipy:Presolve removed 19627 rows and 262222 columns (presolve time = 25s)...
Presolve removed 19627 rows and 262222 columns (presolve time = 30s)...
INFO:gurobipy:Presolve removed 19627 rows and 262222 columns (presolve time = 30s)...
Presolve removed 19627 rows and 262222 columns (presolve time = 35s)...
INFO:gurobipy:Presolve removed 19627 rows and 262222 columns (presolve time = 35s)...
Presolve removed 19639 rows and 262222 columns (presolve time = 40s)...
INFO:gurobipy:Presolve removed 19639 rows and 262222 columns (presolve time = 40s)...
Presolve removed 19645 rows and 262222 columns (presolve time = 45s)...
INFO:gurobipy:Presolve removed 19645 rows and 262222 columns (presolve time = 45s)...
Presolve removed 19647 rows and 262222 columns (presolve time = 50s)...
INFO:gurobipy:Presolve removed 19647 rows and 262222 columns (presolve time = 50s)...
Presolve removed 19705 rows and 262250 columns (presolve time = 55s)...
INFO:gurobipy:Presolve removed 19705 rows and 262250 columns (presolve time = 55s)...
Presolve removed 19715 rows and 262250 columns (presolve time = 60s)...
INFO:gurobipy:Presolve removed 19715 rows and 262250 columns (presolve time = 60s)...
Presolve removed 19715 rows and 262250 columns (presolve time = 65s)...
INFO:gurobipy:Presolve removed 19715 rows and 262250 columns (presolve time = 65s)...
Presolve removed 19715 rows and 262250 columns (presolve time = 70s)...
INFO:gurobipy:Presolve removed 19715 rows and 262250 columns (presolve time = 70s)...
Presolve removed 19715 rows and 262250 columns (presolve time = 75s)...
INFO:gurobipy:Presolve removed 19715 rows and 262250 columns (presolve time = 75s)...
Presolve removed 19715 rows and 262250 columns (presolve time = 80s)...
INFO:gurobipy:Presolve removed 19715 rows and 262250 columns (presolve time = 80s)...
Presolve removed 19715 rows and 262250 columns (presolve time = 85s)...
INFO:gurobipy:Presolve removed 19715 rows and 262250 columns (presolve time = 85s)...
Presolve removed 19715 rows and 262250 columns (presolve time = 90s)...
INFO:gurobipy:Presolve removed 19715 rows and 262250 columns (presolve time = 90s)...
Presolve removed 19715 rows and 262250 columns (presolve time = 95s)...
INFO:gurobipy:Presolve removed 19715 rows and 262250 columns (presolve time = 95s)...
Presolve removed 19715 rows and 262250 columns (presolve time = 100s)...
INFO:gurobipy:Presolve removed 19715 rows and 262250 columns (presolve time = 100s)...
Presolve removed 19715 rows and 262250 columns (presolve time = 105s)...
INFO:gurobipy:Presolve removed 19715 rows and 262250 columns (presolve time = 105s)...
Presolve removed 19715 rows and 262250 columns (presolve time = 110s)...
INFO:gurobipy:Presolve removed 19715 rows and 262250 columns (presolve time = 110s)...
Presolve removed 19725 rows and 262250 columns (presolve time = 115s)...
INFO:gurobipy:Presolve removed 19725 rows and 262250 columns (presolve time = 115s)...
Presolve removed 19725 rows and 262250 columns (presolve time = 120s)...
INFO:gurobipy:Presolve removed 19725 rows and 262250 columns (presolve time = 120s)...
Presolve removed 19725 rows and 262250 columns (presolve time = 125s)...
INFO:gurobipy:Presolve removed 19725 rows and 262250 columns (presolve time = 125s)...
Presolve removed 19725 rows and 262250 columns (presolve time = 130s)...
INFO:gurobipy:Presolve removed 19725 rows and 262250 columns (presolve time = 130s)...
Presolve removed 19725 rows and 262250 columns (presolve time = 135s)...
INFO:gurobipy:Presolve removed 19725 rows and 262250 columns (presolve time = 135s)...
Presolve removed 19725 rows and 262250 columns (presolve time = 140s)...
INFO:gurobipy:Presolve removed 19725 rows and 262250 columns (presolve time = 140s)...
Presolve removed 19725 rows and 262250 columns (presolve time = 145s)...
INFO:gurobipy:Presolve removed 19725 rows and 262250 columns (presolve time = 145s)...
Presolve removed 19725 rows and 262250 columns (presolve time = 152s)...
INFO:gurobipy:Presolve removed 19725 rows and 262250 columns (presolve time = 152s)...
Presolve removed 19727 rows and 262252 columns (presolve time = 155s)...
INFO:gurobipy:Presolve removed 19727 rows and 262252 columns (presolve time = 155s)...
Presolve removed 19727 rows and 262252 columns (presolve time = 160s)...
INFO:gurobipy:Presolve removed 19727 rows and 262252 columns (presolve time = 160s)...
Presolve removed 19727 rows and 262252 columns (presolve time = 165s)...
INFO:gurobipy:Presolve removed 19727 rows and 262252 columns (presolve time = 165s)...
Presolve removed 19727 rows and 262252 columns (presolve time = 170s)...
INFO:gurobipy:Presolve removed 19727 rows and 262252 columns (presolve time = 170s)...
Presolve removed 19727 rows and 262252 columns (presolve time = 175s)...
INFO:gurobipy:Presolve removed 19727 rows and 262252 columns (presolve time = 175s)...
Presolve removed 19727 rows and 262252 columns (presolve time = 180s)...
INFO:gurobipy:Presolve removed 19727 rows and 262252 columns (presolve time = 180s)...
Presolve removed 19727 rows and 262252 columns (presolve time = 188s)...
INFO:gurobipy:Presolve removed 19727 rows and 262252 columns (presolve time = 188s)...
Presolve removed 22491 rows and 265006 columns (presolve time = 190s)...
INFO:gurobipy:Presolve removed 22491 rows and 265006 columns (presolve time = 190s)...
Presolve removed 22491 rows and 265006 columns (presolve time = 195s)...
INFO:gurobipy:Presolve removed 22491 rows and 265006 columns (presolve time = 195s)...
Presolve removed 22491 rows and 265006 columns (presolve time = 200s)...
INFO:gurobipy:Presolve removed 22491 rows and 265006 columns (presolve time = 200s)...
Presolve removed 22491 rows and 265006 columns (presolve time = 205s)...
INFO:gurobipy:Presolve removed 22491 rows and 265006 columns (presolve time = 205s)...
Presolve removed 22491 rows and 265006 columns (presolve time = 210s)...
INFO:gurobipy:Presolve removed 22491 rows and 265006 columns (presolve time = 210s)...
Presolve removed 22491 rows and 265006 columns (presolve time = 215s)...
INFO:gurobipy:Presolve removed 22491 rows and 265006 columns (presolve time = 215s)...
Presolve removed 22491 rows and 265006 columns (presolve time = 220s)...
INFO:gurobipy:Presolve removed 22491 rows and 265006 columns (presolve time = 220s)...
Presolve removed 22491 rows and 265006 columns (presolve time = 225s)...
INFO:gurobipy:Presolve removed 22491 rows and 265006 columns (presolve time = 225s)...
Presolve removed 22491 rows and 265006 columns (presolve time = 230s)...
INFO:gurobipy:Presolve removed 22491 rows and 265006 columns (presolve time = 230s)...
Presolve removed 22491 rows and 265006 columns (presolve time = 235s)...
INFO:gurobipy:Presolve removed 22491 rows and 265006 columns (presolve time = 235s)...
Presolve removed 22491 rows and 265006 columns (presolve time = 240s)...
INFO:gurobipy:Presolve removed 22491 rows and 265006 columns (presolve time = 240s)...
Presolve removed 22491 rows and 265006 columns (presolve time = 245s)...
INFO:gurobipy:Presolve removed 22491 rows and 265006 columns (presolve time = 245s)...
Presolve removed 22491 rows and 265006 columns (presolve time = 250s)...
INFO:gurobipy:Presolve removed 22491 rows and 265006 columns (presolve time = 250s)...
Presolve removed 22491 rows and 265006 columns (presolve time = 255s)...
INFO:gurobipy:Presolve removed 22491 rows and 265006 columns (presolve time = 255s)...
Presolve removed 22491 rows and 265006 columns (presolve time = 260s)...
INFO:gurobipy:Presolve removed 22491 rows and 265006 columns (presolve time = 260s)...
Presolve removed 22491 rows and 265006 columns (presolve time = 265s)...
INFO:gurobipy:Presolve removed 22491 rows and 265006 columns (presolve time = 265s)...
Presolve removed 22491 rows and 265006 columns (presolve time = 270s)...
INFO:gurobipy:Presolve removed 22491 rows and 265006 columns (presolve time = 270s)...
Sparsify removed 668663 nonzeros (40%)
INFO:gurobipy:Sparsify removed 668663 nonzeros (40%)
Presolve removed 22491 rows and 259111 columns
INFO:gurobipy:Presolve removed 22491 rows and 259111 columns
Presolve time: 274.20s
INFO:gurobipy:Presolve time: 274.20s
Presolved: 176961 rows, 176744 columns, 1021321 nonzeros
INFO:gurobipy:Presolved: 176961 rows, 176744 columns, 1021321 nonzeros
Variable types: 11833 continuous, 164911 integer (164763 binary)
INFO:gurobipy:Variable types: 11833 continuous, 164911 integer (164763 binary)
Sparsify removed 18006 nonzeros (2%)
INFO:gurobipy:Sparsify removed 18006 nonzeros (2%)
Root relaxation presolved: 176961 rows, 176744 columns, 1003315 nonzeros
INFO:gurobipy:Root relaxation presolved: 176961 rows, 176744 columns, 1003315 nonzeros

INFO:gurobipy:
Sparsify removed 9424 nonzeros (2%)
INFO:gurobipy:Sparsify removed 9424 nonzeros (2%)
Deterministic concurrent LP optimizer: primal simplex, dual simplex, and barrier
INFO:gurobipy:Deterministic concurrent LP optimizer: primal simplex, dual simplex, and barrier
Showing barrier log only...
INFO:gurobipy:Showing barrier log only...

INFO:gurobipy:
Root barrier log...
INFO:gurobipy:Root barrier log...

INFO:gurobipy:
Ordering time: 0.21s
INFO:gurobipy:Ordering time: 0.21s

INFO:gurobipy:
Barrier statistics:
INFO:gurobipy:Barrier statistics:
 Dense cols : 58
INFO:gurobipy: Dense cols : 58
 AA' NZ     : 7.375e+05
INFO:gurobipy: AA' NZ     : 7.375e+05
 Factor NZ  : 2.061e+06 (roughly 100 MB of memory)
INFO:gurobipy: Factor NZ  : 2.061e+06 (roughly 100 MB of memory)
 Factor Ops : 2.000e+08 (less than 1 second per iteration)
INFO:gurobipy: Factor Ops : 2.000e+08 (less than 1 second per iteration)
 Threads    : 13
INFO:gurobipy: Threads    : 13

INFO:gurobipy:
                  Objective                Residual
INFO:gurobipy:                  Objective                Residual
Iter       Primal          Dual         Primal    Dual     Compl     Time
INFO:gurobipy:Iter       Primal          Dual         Primal    Dual     Compl     Time
   0   1.11518112e+06 -3.77349939e+06  2.84e+04 1.78e-15  1.00e+03   279s
INFO:gurobipy:   0   1.11518112e+06 -3.77349939e+06  2.84e+04 1.78e-15  1.00e+03   279s
   1   9.59344193e+05 -3.88015659e+06  2.27e+04 1.24e+01  8.69e+02   279s
INFO:gurobipy:   1   9.59344193e+05 -3.88015659e+06  2.27e+04 1.24e+01  8.69e+02   279s
   2   7.15628418e+05 -4.29827311e+06  1.51e+04 1.26e+00  6.38e+02   279s
INFO:gurobipy:   2   7.15628418e+05 -4.29827311e+06  1.51e+04 1.26e+00  6.38e+02   279s
   3   2.06963642e+05 -3.55592350e+06  4.17e+03 1.56e-09  1.80e+02   279s
INFO:gurobipy:   3   2.06963642e+05 -3.55592350e+06  4.17e+03 1.56e-09  1.80e+02   279s
   4   1.38309576e+05 -2.60513274e+06  2.66e+03 3.60e-11  1.12e+02   279s
INFO:gurobipy:   4   1.38309576e+05 -2.60513274e+06  2.66e+03 3.60e-11  1.12e+02   279s
   5   6.46302963e+04 -1.97805479e+06  1.06e+03 3.32e-10  4.74e+01   279s
INFO:gurobipy:   5   6.46302963e+04 -1.97805479e+06  1.06e+03 3.32e-10  4.74e+01   279s
   6   4.70704325e+04 -1.48125984e+06  6.64e+02 6.87e-11  2.96e+01   279s
INFO:gurobipy:   6   4.70704325e+04 -1.48125984e+06  6.64e+02 6.87e-11  2.96e+01   279s
   7   4.01073339e+04 -1.24865619e+06  4.95e+02 8.48e-11  2.28e+01   279s
INFO:gurobipy:   7   4.01073339e+04 -1.24865619e+06  4.95e+02 8.48e-11  2.28e+01   279s
   8   2.29422063e+04 -8.58946907e+05  1.13e+02 2.18e-09  9.67e+00   279s
INFO:gurobipy:   8   2.29422063e+04 -8.58946907e+05  1.13e+02 2.18e-09  9.67e+00   279s
   9   1.50712648e+04 -7.10295435e+05  4.43e+01 7.35e-10  5.00e+00   279s
INFO:gurobipy:   9   1.50712648e+04 -7.10295435e+05  4.43e+01 7.35e-10  5.00e+00   279s
  10   1.02401205e+04 -4.02327038e+05  1.03e+01 4.11e-10  1.93e+00   279s
INFO:gurobipy:  10   1.02401205e+04 -4.02327038e+05  1.03e+01 4.11e-10  1.93e+00   279s
  11   6.75457596e+03 -1.08751915e+05  8.97e-01 6.73e-11  4.39e-01   279s
INFO:gurobipy:  11   6.75457596e+03 -1.08751915e+05  8.97e-01 6.73e-11  4.39e-01   279s
  12   5.03432011e+03 -4.80775261e+04  2.60e-01 3.00e-11  1.97e-01   279s
INFO:gurobipy:  12   5.03432011e+03 -4.80775261e+04  2.60e-01 3.00e-11  1.97e-01   279s
  13   4.16932797e+03 -2.99675348e+04  1.28e-01 1.89e-11  1.26e-01   279s
INFO:gurobipy:  13   4.16932797e+03 -2.99675348e+04  1.28e-01 1.89e-11  1.26e-01   279s
  14   3.71945067e+03 -1.92529300e+04  7.17e-02 1.22e-11  8.46e-02   279s
INFO:gurobipy:  14   3.71945067e+03 -1.92529300e+04  7.17e-02 1.22e-11  8.46e-02   279s
  15   3.53933710e+03 -1.67858548e+04  5.60e-02 1.08e-11  7.48e-02   280s
INFO:gurobipy:  15   3.53933710e+03 -1.67858548e+04  5.60e-02 1.08e-11  7.48e-02   280s
  16   3.31194025e+03 -1.42440482e+04  3.97e-02 9.37e-12  6.45e-02   280s
INFO:gurobipy:  16   3.31194025e+03 -1.42440482e+04  3.97e-02 9.37e-12  6.45e-02   280s
  17   3.11395162e+03 -1.19520944e+04  3.05e-02 8.13e-12  5.54e-02   280s
INFO:gurobipy:  17   3.11395162e+03 -1.19520944e+04  3.05e-02 8.13e-12  5.54e-02   280s
  18   2.89865891e+03 -9.65542580e+03  2.31e-02 6.85e-12  4.61e-02   280s
INFO:gurobipy:  18   2.89865891e+03 -9.65542580e+03  2.31e-02 6.85e-12  4.61e-02   280s
  19   2.65114777e+03 -7.34178798e+03  1.76e-02 5.50e-12  3.67e-02   280s
INFO:gurobipy:  19   2.65114777e+03 -7.34178798e+03  1.76e-02 5.50e-12  3.67e-02   280s
  20   2.49146125e+03 -7.05939193e+03  1.49e-02 5.28e-12  3.51e-02   280s
INFO:gurobipy:  20   2.49146125e+03 -7.05939193e+03  1.49e-02 5.28e-12  3.51e-02   280s
  21   2.33536064e+03 -4.94927340e+03  1.31e-02 3.94e-12  2.68e-02   280s
INFO:gurobipy:  21   2.33536064e+03 -4.94927340e+03  1.31e-02 3.94e-12  2.68e-02   280s
  22   2.12508795e+03 -4.16115015e+03  1.13e-02 3.40e-12  2.31e-02   280s
INFO:gurobipy:  22   2.12508795e+03 -4.16115015e+03  1.13e-02 3.40e-12  2.31e-02   280s
  23   1.90188706e+03 -3.42794702e+03  9.41e-03 2.90e-12  1.96e-02   280s
INFO:gurobipy:  23   1.90188706e+03 -3.42794702e+03  9.41e-03 2.90e-12  1.96e-02   280s
  24   1.81741997e+03 -2.43097443e+03  8.81e-03 2.21e-12  1.56e-02   280s
INFO:gurobipy:  24   1.81741997e+03 -2.43097443e+03  8.81e-03 2.21e-12  1.56e-02   280s
  25   1.61454742e+03 -2.21422703e+03  7.29e-03 2.03e-12  1.41e-02   280s
INFO:gurobipy:  25   1.61454742e+03 -2.21422703e+03  7.29e-03 2.03e-12  1.41e-02   280s
  26   1.45033159e+03 -1.39943161e+03  5.97e-03 1.48e-12  1.05e-02   280s
INFO:gurobipy:  26   1.45033159e+03 -1.39943161e+03  5.97e-03 1.48e-12  1.05e-02   280s
  27   1.34211132e+03 -1.16860142e+03  5.15e-03 1.32e-12  9.22e-03   280s
INFO:gurobipy:  27   1.34211132e+03 -1.16860142e+03  5.15e-03 1.32e-12  9.22e-03   280s
  28   1.21359912e+03 -8.50678208e+02  4.13e-03 1.07e-12  7.58e-03   280s
INFO:gurobipy:  28   1.21359912e+03 -8.50678208e+02  4.13e-03 1.07e-12  7.58e-03   280s
  29   1.11222064e+03 -5.40291297e+02  3.36e-03 8.47e-13  6.07e-03   281s
INFO:gurobipy:  29   1.11222064e+03 -5.40291297e+02  3.36e-03 8.47e-13  6.07e-03   281s
  30   1.05686665e+03 -1.78091701e+02  2.94e-03 5.80e-13  4.53e-03   281s
INFO:gurobipy:  30   1.05686665e+03 -1.78091701e+02  2.94e-03 5.80e-13  4.53e-03   281s
  31   9.27425625e+02 -1.24917791e+01  2.03e-03 4.66e-13  3.45e-03   281s
INFO:gurobipy:  31   9.27425625e+02 -1.24917791e+01  2.03e-03 4.66e-13  3.45e-03   281s
  32   8.42196637e+02  1.35227278e+02  1.45e-03 3.67e-13  2.60e-03   281s
INFO:gurobipy:  32   8.42196637e+02  1.35227278e+02  1.45e-03 3.67e-13  2.60e-03   281s
  33   8.04065363e+02  2.91011126e+02  1.20e-03 2.44e-13  1.88e-03   281s
INFO:gurobipy:  33   8.04065363e+02  2.91011126e+02  1.20e-03 2.44e-13  1.88e-03   281s
  34   7.69121804e+02  3.58248405e+02  9.80e-04 1.93e-13  1.51e-03   281s
INFO:gurobipy:  34   7.69121804e+02  3.58248405e+02  9.80e-04 1.93e-13  1.51e-03   281s
  35   7.35468335e+02  4.17552134e+02  7.78e-04 1.46e-13  1.17e-03   281s
INFO:gurobipy:  35   7.35468335e+02  4.17552134e+02  7.78e-04 1.46e-13  1.17e-03   281s
  36   7.07581027e+02  4.73801195e+02  6.16e-04 1.03e-13  8.58e-04   281s
INFO:gurobipy:  36   7.07581027e+02  4.73801195e+02  6.16e-04 1.03e-13  8.58e-04   281s
  37   6.86188597e+02  5.01530764e+02  4.97e-04 7.86e-14  6.78e-04   281s
INFO:gurobipy:  37   6.86188597e+02  5.01530764e+02  4.97e-04 7.86e-14  6.78e-04   281s
  38   6.68450099e+02  5.13367969e+02  4.02e-04 6.64e-14  5.69e-04   281s
INFO:gurobipy:  38   6.68450099e+02  5.13367969e+02  4.02e-04 6.64e-14  5.69e-04   281s
  39   6.52910218e+02  5.33535490e+02  3.17e-04 5.12e-14  4.38e-04   281s
INFO:gurobipy:  39   6.52910218e+02  5.33535490e+02  3.17e-04 5.12e-14  4.38e-04   281s
  40   6.42333606e+02  5.41807074e+02  2.60e-04 4.21e-14  3.69e-04   282s
INFO:gurobipy:  40   6.42333606e+02  5.41807074e+02  2.60e-04 4.21e-14  3.69e-04   282s
  41   6.32690226e+02  5.52903798e+02  2.11e-04 3.55e-14  2.93e-04   282s
INFO:gurobipy:  41   6.32690226e+02  5.52903798e+02  2.11e-04 3.55e-14  2.93e-04   282s
  42   6.22634316e+02  5.62505172e+02  1.59e-04 2.37e-14  2.21e-04   282s
INFO:gurobipy:  42   6.22634316e+02  5.62505172e+02  1.59e-04 2.37e-14  2.21e-04   282s
  43   6.13550767e+02  5.69922116e+02  1.12e-04 1.97e-14  1.60e-04   282s
INFO:gurobipy:  43   6.13550767e+02  5.69922116e+02  1.12e-04 1.97e-14  1.60e-04   282s
  44   6.09680563e+02  5.74497491e+02  9.25e-05 1.31e-14  1.29e-04   282s
INFO:gurobipy:  44   6.09680563e+02  5.74497491e+02  9.25e-05 1.31e-14  1.29e-04   282s
  45   6.04444942e+02  5.77384074e+02  6.64e-05 1.44e-14  9.93e-05   282s
INFO:gurobipy:  45   6.04444942e+02  5.77384074e+02  6.64e-05 1.44e-14  9.93e-05   282s
  46   6.02665167e+02  5.78822951e+02  5.78e-05 1.32e-14  8.75e-05   282s
INFO:gurobipy:  46   6.02665167e+02  5.78822951e+02  5.78e-05 1.32e-14  8.75e-05   282s
  47   6.00365393e+02  5.82765143e+02  4.66e-05 1.70e-14  6.46e-05   282s
INFO:gurobipy:  47   6.00365393e+02  5.82765143e+02  4.66e-05 1.70e-14  6.46e-05   282s
  48   5.98625347e+02  5.83668622e+02  3.86e-05 1.45e-14  5.49e-05   282s
INFO:gurobipy:  48   5.98625347e+02  5.83668622e+02  3.86e-05 1.45e-14  5.49e-05   282s
  49   5.97175251e+02  5.84901737e+02  3.17e-05 1.73e-14  4.51e-05   282s
INFO:gurobipy:  49   5.97175251e+02  5.84901737e+02  3.17e-05 1.73e-14  4.51e-05   282s
  50   5.96146412e+02  5.86517487e+02  2.69e-05 2.20e-14  3.53e-05   282s
INFO:gurobipy:  50   5.96146412e+02  5.86517487e+02  2.69e-05 2.20e-14  3.53e-05   282s
  51   5.94676473e+02  5.87271581e+02  2.01e-05 1.86e-14  2.72e-05   282s
INFO:gurobipy:  51   5.94676473e+02  5.87271581e+02  2.01e-05 1.86e-14  2.72e-05   282s
  52   5.94076779e+02  5.88146049e+02  1.72e-05 1.76e-14  2.18e-05   283s
INFO:gurobipy:  52   5.94076779e+02  5.88146049e+02  1.72e-05 1.76e-14  2.18e-05   283s
  53   5.93277663e+02  5.88563948e+02  1.37e-05 2.53e-14  1.73e-05   283s
INFO:gurobipy:  53   5.93277663e+02  5.88563948e+02  1.37e-05 2.53e-14  1.73e-05   283s
  54   5.91539600e+02  5.88843078e+02  5.66e-06 1.88e-14  9.90e-06   283s
INFO:gurobipy:  54   5.91539600e+02  5.88843078e+02  5.66e-06 1.88e-14  9.90e-06   283s
  55   5.91225110e+02  5.89175652e+02  4.33e-06 2.39e-14  7.52e-06   283s
INFO:gurobipy:  55   5.91225110e+02  5.89175652e+02  4.33e-06 2.39e-14  7.52e-06   283s
  56   5.90975397e+02  5.89682672e+02  3.28e-06 3.32e-14  4.75e-06   283s
INFO:gurobipy:  56   5.90975397e+02  5.89682672e+02  3.28e-06 3.32e-14  4.75e-06   283s
  57   5.90703418e+02  5.89882897e+02  2.11e-06 1.44e-14  3.01e-06   283s
INFO:gurobipy:  57   5.90703418e+02  5.89882897e+02  2.11e-06 1.44e-14  3.01e-06   283s
  58   5.90646402e+02  5.90028666e+02  1.88e-06 1.41e-14  2.27e-06   283s
INFO:gurobipy:  58   5.90646402e+02  5.90028666e+02  1.88e-06 1.41e-14  2.27e-06   283s
  59   5.90623784e+02  5.90037888e+02  1.79e-06 9.11e-15  2.15e-06   283s
INFO:gurobipy:  59   5.90623784e+02  5.90037888e+02  1.79e-06 9.11e-15  2.15e-06   283s
  60   5.90602467e+02  5.90049581e+02  1.70e-06 8.79e-15  2.03e-06   283s
INFO:gurobipy:  60   5.90602467e+02  5.90049581e+02  1.70e-06 8.79e-15  2.03e-06   283s
  61   5.90253788e+02  5.90101550e+02  1.87e-07 5.25e-15  5.59e-07   283s
INFO:gurobipy:  61   5.90253788e+02  5.90101550e+02  1.87e-07 5.25e-15  5.59e-07   283s
  62   5.90245010e+02  5.90148851e+02  1.55e-07 1.03e-14  3.53e-07   283s
INFO:gurobipy:  62   5.90245010e+02  5.90148851e+02  1.55e-07 1.03e-14  3.53e-07   283s
  63   5.90226822e+02  5.90184798e+02  8.90e-08 1.15e-14  1.54e-07   284s
INFO:gurobipy:  63   5.90226822e+02  5.90184798e+02  8.90e-08 1.15e-14  1.54e-07   284s
  64   5.90212216e+02  5.90189136e+02  3.90e-08 5.55e-15  8.47e-08   284s
INFO:gurobipy:  64   5.90212216e+02  5.90189136e+02  3.90e-08 5.55e-15  8.47e-08   284s
  65   5.90203524e+02  5.90200238e+02  8.81e-09 2.88e-14  1.21e-08   284s
INFO:gurobipy:  65   5.90203524e+02  5.90200238e+02  8.81e-09 2.88e-14  1.21e-08   284s
  66   5.90200969e+02  5.90200814e+02  4.84e-10 1.27e-13  5.69e-10   284s
INFO:gurobipy:  66   5.90200969e+02  5.90200814e+02  4.84e-10 1.27e-13  5.69e-10   284s
  67   5.90200844e+02  5.90200818e+02  2.28e-08 7.67e-13  9.81e-11   284s
INFO:gurobipy:  67   5.90200844e+02  5.90200818e+02  2.28e-08 7.67e-13  9.81e-11   284s
  68   5.90200819e+02  5.90200818e+02  4.19e-09 6.37e-14  3.92e-12   284s
INFO:gurobipy:  68   5.90200819e+02  5.90200818e+02  4.19e-09 6.37e-14  3.92e-12   284s

INFO:gurobipy:
Barrier solved model in 68 iterations and 283.81 seconds (224.35 work units)
INFO:gurobipy:Barrier solved model in 68 iterations and 283.81 seconds (224.35 work units)
Optimal objective 5.90200819e+02
INFO:gurobipy:Optimal objective 5.90200819e+02

INFO:gurobipy:

INFO:gurobipy:
Root crossover log...
INFO:gurobipy:Root crossover log...

INFO:gurobipy:
   48400 DPushes remaining with DInf 0.0000000e+00               284s
INFO:gurobipy:   48400 DPushes remaining with DInf 0.0000000e+00               284s
       0 DPushes remaining with DInf 0.0000000e+00               284s
INFO:gurobipy:       0 DPushes remaining with DInf 0.0000000e+00               284s

INFO:gurobipy:
    9355 PPushes remaining with PInf 0.0000000e+00               284s
INFO:gurobipy:    9355 PPushes remaining with PInf 0.0000000e+00               284s
       0 PPushes remaining with PInf 0.0000000e+00               284s
INFO:gurobipy:       0 PPushes remaining with PInf 0.0000000e+00               284s

INFO:gurobipy:
  Push phase complete: Pinf 0.0000000e+00, Dinf 2.4432507e-13    284s
INFO:gurobipy:  Push phase complete: Pinf 0.0000000e+00, Dinf 2.4432507e-13    284s

INFO:gurobipy:

INFO:gurobipy:
Root simplex log...
INFO:gurobipy:Root simplex log...

INFO:gurobipy:
Iteration    Objective       Primal Inf.    Dual Inf.      Time
INFO:gurobipy:Iteration    Objective       Primal Inf.    Dual Inf.      Time
   27748    5.9020082e+02   0.000000e+00   0.000000e+00    284s
INFO:gurobipy:   27748    5.9020082e+02   0.000000e+00   0.000000e+00    284s
Concurrent spin time: 0.05s
INFO:gurobipy:Concurrent spin time: 0.05s

INFO:gurobipy:
Solved with barrier
INFO:gurobipy:Solved with barrier
   27748    5.9020082e+02   0.000000e+00   0.000000e+00    285s
INFO:gurobipy:   27748    5.9020082e+02   0.000000e+00   0.000000e+00    285s

INFO:gurobipy:
Use crossover to convert LP symmetric solution to basic solution...
INFO:gurobipy:Use crossover to convert LP symmetric solution to basic solution...

INFO:gurobipy:
Root crossover log...
INFO:gurobipy:Root crossover log...

INFO:gurobipy:
  155916 variables added to crossover basis                      285s
INFO:gurobipy:  155916 variables added to crossover basis                      285s

INFO:gurobipy:
    5235 DPushes remaining with DInf 0.0000000e+00               285s
INFO:gurobipy:    5235 DPushes remaining with DInf 0.0000000e+00               285s
       0 DPushes remaining with DInf 0.0000000e+00               285s
INFO:gurobipy:       0 DPushes remaining with DInf 0.0000000e+00               285s

INFO:gurobipy:
   15174 PPushes remaining with PInf 0.0000000e+00               285s
INFO:gurobipy:   15174 PPushes remaining with PInf 0.0000000e+00               285s
       0 PPushes remaining with PInf 0.0000000e+00               286s
INFO:gurobipy:       0 PPushes remaining with PInf 0.0000000e+00               286s

INFO:gurobipy:
  Push phase complete: Pinf 0.0000000e+00, Dinf 9.7354807e-13    286s
INFO:gurobipy:  Push phase complete: Pinf 0.0000000e+00, Dinf 9.7354807e-13    286s

INFO:gurobipy:

INFO:gurobipy:
Root simplex log...
INFO:gurobipy:Root simplex log...

INFO:gurobipy:
Iteration    Objective       Primal Inf.    Dual Inf.      Time
INFO:gurobipy:Iteration    Objective       Primal Inf.    Dual Inf.      Time
   47718    5.9020082e+02   0.000000e+00   0.000000e+00    286s
INFO:gurobipy:   47718    5.9020082e+02   0.000000e+00   0.000000e+00    286s
   47718    5.9020082e+02   0.000000e+00   0.000000e+00    286s
INFO:gurobipy:   47718    5.9020082e+02   0.000000e+00   0.000000e+00    286s

INFO:gurobipy:
Root relaxation: objective 5.902008e+02, 47718 iterations, 10.46 seconds (8.43 work units)
INFO:gurobipy:Root relaxation: objective 5.902008e+02, 47718 iterations, 10.46 seconds (8.43 work units)
Total elapsed time = 290.04s (DegenMoves)
INFO:gurobipy:Total elapsed time = 290.04s (DegenMoves)
Total elapsed time = 296.90s (DegenMoves)
INFO:gurobipy:Total elapsed time = 296.90s (DegenMoves)

INFO:gurobipy:
    Nodes    |    Current Node    |     Objective Bounds      |     Work
INFO:gurobipy:    Nodes    |    Current Node    |     Objective Bounds      |     Work
 Expl Unexpl |  Obj  Depth IntInf | Incumbent    BestBd   Gap | It/Node Time
INFO:gurobipy: Expl Unexpl |  Obj  Depth IntInf | Incumbent    BestBd   Gap | It/Node Time

INFO:gurobipy:
     0     0  590.20082    0 18438          -  590.20082      -     -  300s
INFO:gurobipy:     0     0  590.20082    0 18438          -  590.20082      -     -  300s
     0     0  591.14959    0 17706          -  591.14959      -     -  319s
INFO:gurobipy:     0     0  591.14959    0 17706          -  591.14959      -     -  319s
     0     0  591.17337    0 17687          -  591.17337      -     -  324s
INFO:gurobipy:     0     0  591.17337    0 17687          -  591.17337      -     -  324s
     0     0  591.50315    0 17761          -  591.50315      -     -  340s
INFO:gurobipy:     0     0  591.50315    0 17761          -  591.50315      -     -  340s
     0     0  591.52197    0 17750          -  591.52197      -     -  342s
INFO:gurobipy:     0     0  591.52197    0 17750          -  591.52197      -     -  342s
     0     0  591.56408    0 17736          -  591.56408      -     -  366s
INFO:gurobipy:     0     0  591.56408    0 17736          -  591.56408      -     -  366s
     0     0  591.56410    0 17737          -  591.56410      -     -  368s
INFO:gurobipy:     0     0  591.56410    0 17737          -  591.56410      -     -  368s
     0     0  591.63408    0 17743          -  591.63408      -     -  394s
INFO:gurobipy:     0     0  591.63408    0 17743          -  591.63408      -     -  394s
     0     0  591.64520    0 17758          -  591.64520      -     -  398s
INFO:gurobipy:     0     0  591.64520    0 17758          -  591.64520      -     -  398s
     0     0  591.67825    0 17738          -  591.67825      -     -  412s
INFO:gurobipy:     0     0  591.67825    0 17738          -  591.67825      -     -  412s
     0     0  591.67825    0 17753          -  591.67825      -     -  414s
INFO:gurobipy:     0     0  591.67825    0 17753          -  591.67825      -     -  414s
     0     0  591.70098    0 20003          -  591.70098      -     -  432s
INFO:gurobipy:     0     0  591.70098    0 20003          -  591.70098      -     -  432s
     0     0  591.70256    0 20003          -  591.70256      -     -  434s
INFO:gurobipy:     0     0  591.70256    0 20003          -  591.70256      -     -  434s
     0     0  591.70668    0 20008          -  591.70668      -     -  450s
INFO:gurobipy:     0     0  591.70668    0 20008          -  591.70668      -     -  450s
     0     0  591.70668    0 20008          -  591.70668      -     -  467s
INFO:gurobipy:     0     0  591.70668    0 20008          -  591.70668      -     -  467s
     0     0  591.70910    0 19493          -  591.70910      -     -  493s
INFO:gurobipy:     0     0  591.70910    0 19493          -  591.70910      -     -  493s
     0     0  591.70910    0 19494          -  591.70910      -     -  494s
INFO:gurobipy:     0     0  591.70910    0 19494          -  591.70910      -     -  494s
     0     0  591.70982    0 19507          -  591.70982      -     -  505s
INFO:gurobipy:     0     0  591.70982    0 19507          -  591.70982      -     -  505s
     0     0  591.71104    0 19499          -  591.71104      -     -  506s
INFO:gurobipy:     0     0  591.71104    0 19499          -  591.71104      -     -  506s
     0     0  591.71104    0 19501          -  591.71104      -     -  517s
INFO:gurobipy:     0     0  591.71104    0 19501          -  591.71104      -     -  517s
     0     0  591.71104    0 19500          -  591.71104      -     -  519s
INFO:gurobipy:     0     0  591.71104    0 19500          -  591.71104      -     -  519s
     0     0  591.71104    0 19414          -  591.71104      -     -  535s
INFO:gurobipy:     0     0  591.71104    0 19414          -  591.71104      -     -  535s
     0     0  591.71240    0 19414          -  591.71240      -     -  540s
INFO:gurobipy:     0     0  591.71240    0 19414          -  591.71240      -     -  540s
H    0     0                     649.4260869  591.71240  8.89%     -  545s
INFO:gurobipy:H    0     0                     649.4260869  591.71240  8.89%     -  545s
H    0     0                     637.6069565  591.71240  7.20%     -  548s
INFO:gurobipy:H    0     0                     637.6069565  591.71240  7.20%     -  548s
H    0     0                     637.2686957  591.71240  7.15%     -  554s
INFO:gurobipy:H    0     0                     637.2686957  591.71240  7.15%     -  554s
H    0     0                     637.2182609  591.71243  7.14%     -  648s
INFO:gurobipy:H    0     0                     637.2182609  591.71243  7.14%     -  648s
H    0     0                     637.2113043  591.71243  7.14%     -  661s
INFO:gurobipy:H    0     0                     637.2113043  591.71243  7.14%     -  661s
H    0     0                     637.1482609  591.71243  7.13%     -  666s
INFO:gurobipy:H    0     0                     637.1482609  591.71243  7.13%     -  666s
H    0     0                     637.0747826  591.71243  7.12%     -  666s
INFO:gurobipy:H    0     0                     637.0747826  591.71243  7.12%     -  666s
H    0     2                     636.9378261  591.71243  7.10%     -  677s
INFO:gurobipy:H    0     2                     636.9378261  591.71243  7.10%     -  677s
     0     2  591.71243    0 19414  636.93783  591.71243  7.10%     -  677s
INFO:gurobipy:     0     2  591.71243    0 19414  636.93783  591.71243  7.10%     -  677s
     1     4  597.12962    1 17137  636.93783  591.71243  7.10% 42770  684s
INFO:gurobipy:     1     4  597.12962    1 17137  636.93783  591.71243  7.10% 42770  684s
     3     8  602.38188    2 17130  636.93783  596.36311  6.37% 24923  697s
INFO:gurobipy:     3     8  602.38188    2 17130  636.93783  596.36311  6.37% 24923  697s
     7    14  605.86853    3 14987  636.93783  602.82536  5.36% 22453  708s
INFO:gurobipy:     7    14  605.86853    3 14987  636.93783  602.82536  5.36% 22453  708s

INFO:gurobipy:
Cutting planes:
INFO:gurobipy:Cutting planes:
  Gomory: 14
INFO:gurobipy:  Gomory: 14
  Implied bound: 3
INFO:gurobipy:  Implied bound: 3
  MIR: 477
INFO:gurobipy:  MIR: 477
  Zero half: 231
INFO:gurobipy:  Zero half: 231
  RLT: 132
INFO:gurobipy:  RLT: 132
  Relax-and-lift: 50
INFO:gurobipy:  Relax-and-lift: 50

INFO:gurobipy:
Explored 15 nodes (614355 simplex iterations) in 708.54 seconds (534.14 work units)
INFO:gurobipy:Explored 15 nodes (614355 simplex iterations) in 708.54 seconds (534.14 work units)
Thread count was 16 (of 192 available processors)
INFO:gurobipy:Thread count was 16 (of 192 available processors)

INFO:gurobipy:
Solution count 8: 636.938 637.075 637.148 ... 649.426
INFO:gurobipy:Solution count 8: 636.938 637.075 637.148 ... 649.426

INFO:gurobipy:
Optimal solution found (tolerance 5.00e-02)
INFO:gurobipy:Optimal solution found (tolerance 5.00e-02)
Best objective 6.369378260870e+02, best bound 6.058742260224e+02, gap 4.8770%
INFO:gurobipy:Best objective 6.369378260870e+02, best bound 6.058742260224e+02, gap 4.8770%
INFO:root:[time] ilp_solve took 774.07s (10,544.96875 MB; 12,310.5 MB)
[ilp] model.objVal=636.9
[ilp] Z_cost.getValue()=260.3
[ilp] A_cost.getValue()=0.0
[ilp] D_cost.getValue()=218.6
[ilp] NM_cost.getValue()=157.9
[ilp] KIR2DL1 0030222 => 1020
[ilp] KIR2DL1 01202 => 968
[ilp] KIR2DL3 0010101 => 1064
[ilp] KIR2DL3 00501 => 1034
[ilp] KIR2DL4 0010306 => 581
[ilp] KIR2DL4 0050101 => 559
[ilp] KIR2DL4 0110101 => 520
[ilp] KIR2DP1 0020109 => 1069
[ilp] KIR2DP1 0030101 => 936
[ilp] KIR2DS4 0010101 => 1049
[ilp] KIR2DS4 010 => 1067
[ilp] KIR3DL1 0050101 => 932
[ilp] KIR3DL1 0150203 => 981
[ilp] KIR3DL2 0010301 => 553
[ilp] KIR3DL2 086 => 548
[ilp] KIR3DL3 00205 => 707
[ilp] KIR3DL3 02702 => 767
[ilp] KIR3DP1 0090102 => 604
[ilp] KIR3DP1 0100102 => 398
[ilp] KIR3DP1 048 => 418
[ilp] KIR3DS1 0130101 => 1077
[ilp] len(dropped)=2,733
