INFO:root:[!!!] running as script
INFO:root:[!!!] using 16 threads
INFO:root:[time] initializaiton took 0.55s (187.44140625 MB; 240.81640625 MB)
INFO:root:[sample] bam: /project/shared/inumanag-kir/data/hprc/HG02572.final.cram
INFO:root:[time] get_bam_reads took 13.55s (1,318.16796875 MB; 1,318.16796875 MB)
INFO:root:[time] calculate_coverage took 0.25s (1,318.17578125 MB; 1,318.17578125 MB)
INFO:root:[read] HG02572.final.cram: 1,415,578 reads loaded (sample.expected_coverage=22.0x)
INFO:root:[time] prepare FASTA for mapping took 2.30s (1,318.1796875 MB; 1,318.1796875 MB)
INFO:root:[time] minimap2 took 145.59s (6,322.78125 MB; 6,322.78125 MB)
INFO:root:[minimap2] 10,045,837/48,805,731 mappings handled
Mapping reads: 0...5,000,000...10,000,000...15,000,000...20,000,000...25,000,000...30,000,000...35,000,000...40,000,000...45,000,000...
INFO:root:[time] filtering took 54.45s (7,218.15234375 MB; 7,218.15625 MB)
INFO:root:[filter] KIR2DL1 001 => 0010101: 0.0%; 0010103: 0.0%; 0010102: 0.2%; 0010104: 0.7%
INFO:root:[filter] KIR2DL1 002 => 0020102: 0.0%; 0020108: 0.1%; 0020103: 0.1%; 0020112: 0.1%; 0020115: 0.1%; 0020104: 0.2%; 0020117: 0.2%; 0020105: 0.2%; 0020107: 0.2%; 0020118: 0.2%; 0020114: 0.2%; 0020106: 0.2%; 0020111: 0.2%; 0020109: 0.4%; 0020116: 0.4%; 0020113: 0.4%; 0020101: 0.4%; 0020110: 0.5%; 0020119: 0.7%
INFO:root:[filter] KIR2DL1 040 => 040: 0.0%
INFO:root:[filter] KIR2DL1 062 => 062: 0.3%
INFO:root:[filter] KIR2DL3 001 => 0010110: 0.1%; 0010101: 0.1%; 0010104: 0.1%; 0010103: 0.1%; 00110: 0.1%; 0010108: 0.1%; 00103: 0.1%; 0010113: 0.2%; 0010114: 0.2%; 0010107: 0.2%; 0010115: 0.2%; 0010109: 0.3%; 0010111: 0.3%; 0010112: 0.3%; 0010102: 0.4%; 0010105: 0.8%; 0010106: 1.3%
INFO:root:[filter] KIR2DL3 003 => 003: 0.1%
INFO:root:[filter] KIR2DL3 006 => 006: 0.1%
INFO:root:[filter] KIR2DL3 013 => 013: 0.1%
INFO:root:[filter] KIR2DL3 027 => 027: 0.1%
INFO:root:[filter] KIR2DL3 031 => 031: 0.1%
INFO:root:[filter] KIR2DL4 001 => 0010306: 0.1%; 0010303: 0.3%; 0010307: 0.4%; 0010305: 0.7%; 0010309: 1.1%; 0010308: 1.8%; 0010304: 3.0%
INFO:root:[filter] KIR2DL4 008 => 0080101: 0.4%; 0080106: 0.5%; 0080105: 0.7%; 0080107: 0.8%; 0080108: 1.0%
INFO:root:[filter] KIR2DL4 013 => 013: 0.1%
INFO:root:[filter] KIR2DL4 022 => 022: 0.1%
INFO:root:[filter] KIR2DP1 002 => 0020107: 0.4%; 0020102: 0.4%; 0020109: 0.4%; 0020105: 0.4%; 0020110: 0.4%; 0020106: 0.5%; 0020103: 0.5%; 0020104: 0.5%; 0020108: 0.7%; 0020101: 1.1%
INFO:root:[filter] KIR2DP1 003 => 0030102: 0.2%; 0030101: 0.5%
INFO:root:[filter] KIR2DP1 004 => 004: 0.2%
INFO:root:[filter] KIR2DP1 007 => 007: 0.3%
INFO:root:[filter] KIR2DS4 001 => 0010101: 0.0%; 0010102: 0.0%; 0010109: 0.0%; 0010107: 0.2%; 0010104: 0.4%; 0010108: 0.4%; 0010105: 0.5%; 0010103: 0.9%; 0010106: 1.3%
INFO:root:[filter] KIR2DS4 003 => 0030101: 0.1%; 0030103: 0.5%; 0030102: 0.5%
INFO:root:[filter] KIR2DS4 021 => 021: 0.1%
INFO:root:[filter] KIR2DS4 022 => 022: 0.1%
INFO:root:[filter] KIR3DL1 001 => 0010103: 0.0%; 0010101: 0.1%; 0010107: 0.2%; 0010108: 0.2%; 0010109: 0.2%; 0010111: 0.2%; 0010102: 0.2%; 0010105: 0.3%; 0010106: 0.3%; 0010110: 1.0%
INFO:root:[filter] KIR3DL1 015 => 0150101: 1.3%; 0150103: 1.3%; 0150102: 1.4%
INFO:root:[filter] KIR3DL1 016 => 016: 0.1%
INFO:root:[filter] KIR3DL1 018 => 018: 0.1%
INFO:root:[filter] KIR3DL1 031 => 0310102: 0.0%; 0310101: 0.1%
INFO:root:[filter] KIR3DL1 067 => 067: 0.1%
INFO:root:[filter] KIR3DL1 070 => 070: 0.1%
INFO:root:[filter] KIR3DL1 121 => 121: 0.1%
INFO:root:[filter] KIR3DL2 001 => 0010102: 0.0%; 0010101: 0.1%; 0010302: 1.2%; 0010301: 1.4%
INFO:root:[filter] KIR3DL2 100 => 10001: 0.1%
INFO:root:[filter] KIR3DL2 108 => 10801: 0.1%
INFO:root:[filter] KIR3DL3 002 => 00205: 0.2%
INFO:root:[filter] KIR3DP1 002 => 002: 20.7%
INFO:root:[filter] KIR3DP1 003 => 0030202: 0.0%; 0030207: 0.0%; 0030208: 0.0%; 0030211: 0.0%; 0030213: 0.0%; 0030217: 0.0%; 0030210: 0.2%; 0030206: 0.3%; 0030215: 0.3%; 0030212: 0.4%; 0030201: 0.6%; 0030205: 0.8%; 0030216: 0.8%; 0030214: 0.9%; 0030209: 1.0%; 0030203: 1.0%; 0030204: 1.2%; 0030401: 2.0%; 0030101: 2.6%; 0030103: 2.8%; 0030102: 3.0%; 00308: 3.4%; 0030402: 5.0%
INFO:root:[filter] KIR3DP1 006 => 0060101: 0.0%; 0060103: 0.0%; 0060104: 0.8%; 0060102: 1.0%; 0060301: 1.8%; 0060302: 2.4%
INFO:root:[filter] KIR3DP1 009 => 0090101: 20.4%; 00902: 20.4%; 0090102: 20.5%; 0090103: 20.8%
INFO:root:[filter] KIR3DP1 010 => 0100101: 0.0%; 0100102: 0.0%; 01003: 1.7%; 01005: 2.6%
INFO:root:[filter] KIR3DP1 014 => 0140101: 0.0%; 0140103: 0.4%; 0140102: 0.7%
INFO:root:[filter] KIR3DP1 015 => 0150101: 0.0%; 0150103: 0.0%
INFO:root:[filter] KIR3DP1 016 => 016: 0.2%
INFO:root:[filter] KIR3DP1 024 => 024: 5.5%
INFO:root:[filter] KIR3DP1 048 => 048: 1.7%
INFO:root:[filter] valid_alleles=162
INFO:root:[em] input: len(valid_reads)=33,553 len(valid_alleles)=162
INFO:root:[time] em_init took 13.26s (7,425.67578125 MB; 7,425.67578125 MB)
INFO:root:[em] KIR2DL1 0010103 => 0.06151155459434517
INFO:root:[em] KIR2DL1 0020102 => 0.06912555932287988
INFO:root:[em] KIR2DL3 0010104 => 0.0071787176999326425
INFO:root:[em] KIR2DL3 0010105 => 0.020379187162803195
INFO:root:[em] KIR2DL3 0010108 => 0.003993889023648518
INFO:root:[em] KIR2DL3 0010109 => 0.0010109499380503235
INFO:root:[em] KIR2DL3 0010113 => 0.0020520252443055774
INFO:root:[em] KIR2DL3 00103 => 0.0017105766955309873
INFO:root:[em] KIR2DL3 006 => 0.06752461186798958
INFO:root:[em] KIR2DL3 013 => 0.019183613896962187
INFO:root:[em] KIR2DL4 0010305 => 0.03032178257812218
INFO:root:[em] KIR2DL4 0010307 => 0.010856722312076362
INFO:root:[em] KIR2DL4 0080101 => 0.03350222978828942
INFO:root:[em] KIR2DL4 022 => 0.019257655829519008
INFO:root:[em] KIR2DP1 0020109 => 0.010338221909840876
INFO:root:[em] KIR2DP1 0030102 => 0.059827263619834106
INFO:root:[em] KIR2DP1 007 => 0.05616878134074631
INFO:root:[em] KIR2DS4 0010106 => 0.02980561002233137
INFO:root:[em] KIR2DS4 0010108 => 0.01591991341703664
INFO:root:[em] KIR2DS4 0010109 => 0.02138745567207485
INFO:root:[em] KIR2DS4 0030101 => 0.05020338683385173
INFO:root:[em] KIR2DS4 0030103 => 0.005030450546706591
INFO:root:[em] KIR3DL1 0010101 => 0.020089435377014225
INFO:root:[em] KIR3DL1 0010107 => 0.024378152325468312
INFO:root:[em] KIR3DL1 018 => 0.010192398977811913
INFO:root:[em] KIR3DL1 0310101 => 0.03258865397411091
INFO:root:[em] KIR3DL1 0310102 => 0.022580214947669812
INFO:root:[em] KIR3DL2 0010101 => 0.07918967304459307
INFO:root:[em] KIR3DL2 0010102 => 0.03742502807523499
INFO:root:[em] KIR3DL2 0010301 => 0.006768945373614385
INFO:root:[em] KIR3DL2 0010302 => 0.027287518208914712
INFO:root:[em] KIR3DL3 00205 => 0.10586242562826276
INFO:root:[em] KIR3DP1 0060101 => 0.0015474770052612088
INFO:root:[em] KIR3DP1 0060301 => 0.01710486197540194
INFO:root:[em] KIR3DP1 0140101 => 0.012597719425398482
INFO:root:[time] em took 304.07s (7,218.5 MB; 7,674.64453125 MB)
INFO:root:[time] correct hits took 1.05s (7,218.5 MB; 7,674.64453125 MB)
INFO:root:[time] correct hits took 0.90s (7,218.50390625 MB; 7,674.64453125 MB)
INFO:root:[time] correct hits took 0.71s (7,218.50390625 MB; 7,674.64453125 MB)
INFO:root:[time] get_scc took 6.57s (7,218.50390625 MB; 7,674.64453125 MB)
INFO:root:[time] get_scc took 11.94s (7,218.50390625 MB; 7,674.64453125 MB)
INFO:root:[time] get_scc took 19.34s (7,218.50390625 MB; 7,674.64453125 MB)
INFO:root:[time] em_scc took 323.49s (7,218.50390625 MB; 7,674.64453125 MB)
percentage of captured is 0.8442260276286013
percentage of captured is 0.9562066512537791
percentage of captured is 0.9947467647758681
Set parameter WLSAccessID
INFO:gurobipy:Set parameter WLSAccessID
Set parameter WLSSecret
INFO:gurobipy:Set parameter WLSSecret
Set parameter LicenseID to value 2756285
INFO:gurobipy:Set parameter LicenseID to value 2756285
Academic license 2756285 - for non-commercial use only - registered to po___@uvic.ca
INFO:gurobipy:Academic license 2756285 - for non-commercial use only - registered to po___@uvic.ca
[ilp] len(valid_reads)=15,872
Set parameter Threads to value 16
INFO:gurobipy:Set parameter Threads to value 16
Set parameter Presolve to value 2
INFO:gurobipy:Set parameter Presolve to value 2
Set parameter PreSparsify to value 2
INFO:gurobipy:Set parameter PreSparsify to value 2
Set parameter NonConvex to value 2
INFO:gurobipy:Set parameter NonConvex to value 2
Set parameter MIPGap to value 0.05
INFO:gurobipy:Set parameter MIPGap to value 0.05
Set parameter TimeLimit to value 10800
INFO:gurobipy:Set parameter TimeLimit to value 10800
max_cost is 96 KIR3DP1 0140101 1937
Gurobi Optimizer version 12.0.0 build v12.0.0rc1 (linux64 - "CentOS Linux 7 (Core)")
INFO:gurobipy:Gurobi Optimizer version 12.0.0 build v12.0.0rc1 (linux64 - "CentOS Linux 7 (Core)")

INFO:gurobipy:
CPU model: Intel(R) Xeon(R) Platinum 8260 CPU @ 2.40GHz, instruction set [SSE2|AVX|AVX2|AVX512]
INFO:gurobipy:CPU model: Intel(R) Xeon(R) Platinum 8260 CPU @ 2.40GHz, instruction set [SSE2|AVX|AVX2|AVX512]
Thread count: 96 physical cores, 192 logical processors, using up to 16 threads
INFO:gurobipy:Thread count: 96 physical cores, 192 logical processors, using up to 16 threads

INFO:gurobipy:
Non-default parameters:
INFO:gurobipy:Non-default parameters:
TimeLimit  10800
INFO:gurobipy:TimeLimit  10800
MIPGap  0.05
INFO:gurobipy:MIPGap  0.05
NonConvex  2
INFO:gurobipy:NonConvex  2
Presolve  2
INFO:gurobipy:Presolve  2
PreSparsify  2
INFO:gurobipy:PreSparsify  2
Threads  16
INFO:gurobipy:Threads  16

INFO:gurobipy:
Academic license 2756285 - for non-commercial use only - registered to po___@uvic.ca
INFO:gurobipy:Academic license 2756285 - for non-commercial use only - registered to po___@uvic.ca
Optimize a model with 150791 rows, 327428 columns and 1441836 nonzeros
INFO:gurobipy:Optimize a model with 150791 rows, 327428 columns and 1441836 nonzeros
Model fingerprint: 0x97e6c000
INFO:gurobipy:Model fingerprint: 0x97e6c000
Variable types: 5102 continuous, 322326 integer (322326 binary)
INFO:gurobipy:Variable types: 5102 continuous, 322326 integer (322326 binary)
Coefficient statistics:
INFO:gurobipy:Coefficient statistics:
  Matrix range     [6e-05, 3e+01]
INFO:gurobipy:  Matrix range     [6e-05, 3e+01]
  Objective range  [5e-02, 5e+00]
INFO:gurobipy:  Objective range  [5e-02, 5e+00]
  Bounds range     [1e+00, 1e+00]
INFO:gurobipy:  Bounds range     [1e+00, 1e+00]
  RHS range        [2e-01, 1e+00]
INFO:gurobipy:  RHS range        [2e-01, 1e+00]
Presolve removed 15880 rows and 197722 columns (presolve time = 5s)...
INFO:gurobipy:Presolve removed 15880 rows and 197722 columns (presolve time = 5s)...
Presolve removed 15888 rows and 197722 columns (presolve time = 10s)...
INFO:gurobipy:Presolve removed 15888 rows and 197722 columns (presolve time = 10s)...
Presolve removed 15890 rows and 197722 columns (presolve time = 15s)...
INFO:gurobipy:Presolve removed 15890 rows and 197722 columns (presolve time = 15s)...
Presolve removed 15896 rows and 197722 columns (presolve time = 20s)...
INFO:gurobipy:Presolve removed 15896 rows and 197722 columns (presolve time = 20s)...
Presolve removed 15902 rows and 197722 columns (presolve time = 25s)...
INFO:gurobipy:Presolve removed 15902 rows and 197722 columns (presolve time = 25s)...
Presolve removed 15966 rows and 197738 columns (presolve time = 30s)...
INFO:gurobipy:Presolve removed 15966 rows and 197738 columns (presolve time = 30s)...
Presolve removed 15972 rows and 197738 columns (presolve time = 35s)...
INFO:gurobipy:Presolve removed 15972 rows and 197738 columns (presolve time = 35s)...
Presolve removed 15972 rows and 197738 columns (presolve time = 40s)...
INFO:gurobipy:Presolve removed 15972 rows and 197738 columns (presolve time = 40s)...
Presolve removed 15972 rows and 197738 columns (presolve time = 45s)...
INFO:gurobipy:Presolve removed 15972 rows and 197738 columns (presolve time = 45s)...
Presolve removed 15972 rows and 197738 columns (presolve time = 50s)...
INFO:gurobipy:Presolve removed 15972 rows and 197738 columns (presolve time = 50s)...
Presolve removed 15972 rows and 197738 columns (presolve time = 55s)...
INFO:gurobipy:Presolve removed 15972 rows and 197738 columns (presolve time = 55s)...
Presolve removed 15974 rows and 197738 columns (presolve time = 60s)...
INFO:gurobipy:Presolve removed 15974 rows and 197738 columns (presolve time = 60s)...
Presolve removed 15974 rows and 197738 columns (presolve time = 65s)...
INFO:gurobipy:Presolve removed 15974 rows and 197738 columns (presolve time = 65s)...
Presolve removed 15974 rows and 197738 columns (presolve time = 70s)...
INFO:gurobipy:Presolve removed 15974 rows and 197738 columns (presolve time = 70s)...
Presolve removed 15974 rows and 197738 columns (presolve time = 75s)...
INFO:gurobipy:Presolve removed 15974 rows and 197738 columns (presolve time = 75s)...
Presolve removed 15974 rows and 197738 columns (presolve time = 80s)...
INFO:gurobipy:Presolve removed 15974 rows and 197738 columns (presolve time = 80s)...
Presolve removed 15974 rows and 197738 columns (presolve time = 86s)...
INFO:gurobipy:Presolve removed 15974 rows and 197738 columns (presolve time = 86s)...
Presolve removed 19000 rows and 200724 columns (presolve time = 90s)...
INFO:gurobipy:Presolve removed 19000 rows and 200724 columns (presolve time = 90s)...
Presolve removed 19000 rows and 200724 columns (presolve time = 95s)...
INFO:gurobipy:Presolve removed 19000 rows and 200724 columns (presolve time = 95s)...
Presolve removed 19000 rows and 200724 columns (presolve time = 100s)...
INFO:gurobipy:Presolve removed 19000 rows and 200724 columns (presolve time = 100s)...
Presolve removed 19000 rows and 200724 columns (presolve time = 105s)...
INFO:gurobipy:Presolve removed 19000 rows and 200724 columns (presolve time = 105s)...
Presolve removed 19000 rows and 200724 columns (presolve time = 110s)...
INFO:gurobipy:Presolve removed 19000 rows and 200724 columns (presolve time = 110s)...
Presolve removed 19000 rows and 200724 columns (presolve time = 115s)...
INFO:gurobipy:Presolve removed 19000 rows and 200724 columns (presolve time = 115s)...
Presolve removed 19000 rows and 200724 columns (presolve time = 120s)...
INFO:gurobipy:Presolve removed 19000 rows and 200724 columns (presolve time = 120s)...
Presolve removed 19000 rows and 200724 columns (presolve time = 125s)...
INFO:gurobipy:Presolve removed 19000 rows and 200724 columns (presolve time = 125s)...
Presolve removed 19000 rows and 200724 columns (presolve time = 130s)...
INFO:gurobipy:Presolve removed 19000 rows and 200724 columns (presolve time = 130s)...
Presolve removed 19000 rows and 200724 columns (presolve time = 135s)...
INFO:gurobipy:Presolve removed 19000 rows and 200724 columns (presolve time = 135s)...
Presolve removed 19000 rows and 200724 columns (presolve time = 140s)...
INFO:gurobipy:Presolve removed 19000 rows and 200724 columns (presolve time = 140s)...
Presolve removed 19000 rows and 200724 columns (presolve time = 145s)...
INFO:gurobipy:Presolve removed 19000 rows and 200724 columns (presolve time = 145s)...
Presolve removed 19000 rows and 200724 columns (presolve time = 150s)...
INFO:gurobipy:Presolve removed 19000 rows and 200724 columns (presolve time = 150s)...
Presolve removed 19000 rows and 200724 columns (presolve time = 155s)...
INFO:gurobipy:Presolve removed 19000 rows and 200724 columns (presolve time = 155s)...
Sparsify removed 491934 nonzeros (39%)
INFO:gurobipy:Sparsify removed 491934 nonzeros (39%)
Presolve removed 19000 rows and 195777 columns
INFO:gurobipy:Presolve removed 19000 rows and 195777 columns
Presolve time: 158.68s
INFO:gurobipy:Presolve time: 158.68s
Presolved: 131791 rows, 131651 columns, 763633 nonzeros
INFO:gurobipy:Presolved: 131791 rows, 131651 columns, 763633 nonzeros
Variable types: 9919 continuous, 121732 integer (121602 binary)
INFO:gurobipy:Variable types: 9919 continuous, 121732 integer (121602 binary)
Sparsify removed 13711 nonzeros (2%)
INFO:gurobipy:Sparsify removed 13711 nonzeros (2%)
Root relaxation presolved: 131791 rows, 131651 columns, 749922 nonzeros
INFO:gurobipy:Root relaxation presolved: 131791 rows, 131651 columns, 749922 nonzeros

INFO:gurobipy:
Sparsify removed 8188 nonzeros (2%)
INFO:gurobipy:Sparsify removed 8188 nonzeros (2%)
Deterministic concurrent LP optimizer: primal simplex, dual simplex, and barrier
INFO:gurobipy:Deterministic concurrent LP optimizer: primal simplex, dual simplex, and barrier
Showing barrier log only...
INFO:gurobipy:Showing barrier log only...

INFO:gurobipy:
Root barrier log...
INFO:gurobipy:Root barrier log...

INFO:gurobipy:
Ordering time: 0.16s
INFO:gurobipy:Ordering time: 0.16s

INFO:gurobipy:
Barrier statistics:
INFO:gurobipy:Barrier statistics:
 Dense cols : 44
INFO:gurobipy: Dense cols : 44
 AA' NZ     : 5.824e+05
INFO:gurobipy: AA' NZ     : 5.824e+05
 Factor NZ  : 1.600e+06 (roughly 70 MB of memory)
INFO:gurobipy: Factor NZ  : 1.600e+06 (roughly 70 MB of memory)
 Factor Ops : 1.238e+08 (less than 1 second per iteration)
INFO:gurobipy: Factor Ops : 1.238e+08 (less than 1 second per iteration)
 Threads    : 13
INFO:gurobipy: Threads    : 13

INFO:gurobipy:
                  Objective                Residual
INFO:gurobipy:                  Objective                Residual
Iter       Primal          Dual         Primal    Dual     Compl     Time
INFO:gurobipy:Iter       Primal          Dual         Primal    Dual     Compl     Time
   0   6.10935638e+05 -1.40911359e+06  2.52e+03 2.32e+00  3.88e+02   162s
INFO:gurobipy:   0   6.10935638e+05 -1.40911359e+06  2.52e+03 2.32e+00  3.88e+02   162s
   1   5.20512361e+05 -1.41382415e+06  1.86e+03 7.92e+00  3.38e+02   162s
INFO:gurobipy:   1   5.20512361e+05 -1.41382415e+06  1.86e+03 7.92e+00  3.38e+02   162s
   2   4.01922668e+05 -1.55044204e+06  1.35e+03 2.67e+00  2.55e+02   162s
INFO:gurobipy:   2   4.01922668e+05 -1.55044204e+06  1.35e+03 2.67e+00  2.55e+02   162s
   3   1.60671130e+05 -1.44790909e+06  5.22e+02 1.57e-11  1.04e+02   162s
INFO:gurobipy:   3   1.60671130e+05 -1.44790909e+06  5.22e+02 1.57e-11  1.04e+02   162s
   4   4.10760722e+04 -1.03101213e+06  1.09e+02 2.50e-10  2.38e+01   162s
INFO:gurobipy:   4   4.10760722e+04 -1.03101213e+06  1.09e+02 2.50e-10  2.38e+01   162s
   5   2.53409658e+04 -5.80277744e+05  5.44e+01 2.48e-10  1.08e+01   163s
INFO:gurobipy:   5   2.53409658e+04 -5.80277744e+05  5.44e+01 2.48e-10  1.08e+01   163s
   6   2.03782388e+04 -4.28920536e+05  3.78e+01 1.24e-10  7.03e+00   163s
INFO:gurobipy:   6   2.03782388e+04 -4.28920536e+05  3.78e+01 1.24e-10  7.03e+00   163s
   7   1.45516474e+04 -3.48843450e+05  1.97e+01 8.73e-11  4.06e+00   163s
INFO:gurobipy:   7   1.45516474e+04 -3.48843450e+05  1.97e+01 8.73e-11  4.06e+00   163s
   8   7.80923543e+03 -1.75743015e+05  1.70e+00 2.28e-11  1.01e+00   163s
INFO:gurobipy:   8   7.80923543e+03 -1.75743015e+05  1.70e+00 2.28e-11  1.01e+00   163s
   9   5.13038111e+03 -6.72945149e+04  4.62e-01 7.67e-12  3.59e-01   163s
INFO:gurobipy:   9   5.13038111e+03 -6.72945149e+04  4.62e-01 7.67e-12  3.59e-01   163s
  10   3.91338949e+03 -1.88017156e+04  2.26e-01 2.52e-12  1.09e-01   163s
INFO:gurobipy:  10   3.91338949e+03 -1.88017156e+04  2.26e-01 2.52e-12  1.09e-01   163s
  11   2.99307195e+03 -9.06053126e+03  9.55e-02 1.35e-12  5.70e-02   163s
INFO:gurobipy:  11   2.99307195e+03 -9.06053126e+03  9.55e-02 1.35e-12  5.70e-02   163s
  12   2.53702727e+03 -5.86599122e+03  5.18e-02 9.66e-13  3.95e-02   163s
INFO:gurobipy:  12   2.53702727e+03 -5.86599122e+03  5.18e-02 9.66e-13  3.95e-02   163s
  13   2.42978192e+03 -5.25347312e+03  4.57e-02 8.75e-13  3.61e-02   163s
INFO:gurobipy:  13   2.42978192e+03 -5.25347312e+03  4.57e-02 8.75e-13  3.61e-02   163s
  14   2.19412947e+03 -3.88550129e+03  3.36e-02 6.84e-13  2.85e-02   163s
INFO:gurobipy:  14   2.19412947e+03 -3.88550129e+03  3.36e-02 6.84e-13  2.85e-02   163s
  15   1.99230200e+03 -3.18136788e+03  2.61e-02 5.55e-13  2.42e-02   163s
INFO:gurobipy:  15   1.99230200e+03 -3.18136788e+03  2.61e-02 5.55e-13  2.42e-02   163s
  16   1.64986610e+03 -2.78991857e+03  1.65e-02 5.14e-13  2.08e-02   163s
INFO:gurobipy:  16   1.64986610e+03 -2.78991857e+03  1.65e-02 5.14e-13  2.08e-02   163s
  17   1.43432752e+03 -2.07028189e+03  1.32e-02 4.22e-13  1.64e-02   163s
INFO:gurobipy:  17   1.43432752e+03 -2.07028189e+03  1.32e-02 4.22e-13  1.64e-02   163s
  18   1.20492374e+03 -1.72779012e+03  9.56e-03 3.66e-13  1.37e-02   163s
INFO:gurobipy:  18   1.20492374e+03 -1.72779012e+03  9.56e-03 3.66e-13  1.37e-02   163s
  19   1.09252653e+03 -1.22600432e+03  7.78e-03 2.97e-13  1.08e-02   163s
INFO:gurobipy:  19   1.09252653e+03 -1.22600432e+03  7.78e-03 2.97e-13  1.08e-02   163s
  20   9.92699536e+02 -9.40357973e+02  6.27e-03 2.55e-13  9.04e-03   163s
INFO:gurobipy:  20   9.92699536e+02 -9.40357973e+02  6.27e-03 2.55e-13  9.04e-03   163s
  21   9.09443805e+02 -4.73718804e+02  5.01e-03 1.60e-13  6.47e-03   163s
INFO:gurobipy:  21   9.09443805e+02 -4.73718804e+02  5.01e-03 1.60e-13  6.47e-03   163s
  22   7.86625905e+02 -2.22668974e+02  3.25e-03 1.25e-13  4.72e-03   163s
INFO:gurobipy:  22   7.86625905e+02 -2.22668974e+02  3.25e-03 1.25e-13  4.72e-03   163s
  23   7.31200542e+02 -3.09518158e+01  2.46e-03 9.97e-14  3.56e-03   164s
INFO:gurobipy:  23   7.31200542e+02 -3.09518158e+01  2.46e-03 9.97e-14  3.56e-03   164s
  24   6.71064311e+02  1.02404393e+02  1.64e-03 6.69e-14  2.66e-03   164s
INFO:gurobipy:  24   6.71064311e+02  1.02404393e+02  1.64e-03 6.69e-14  2.66e-03   164s
  25   6.38501897e+02  2.73696131e+02  1.22e-03 4.52e-14  1.70e-03   164s
INFO:gurobipy:  25   6.38501897e+02  2.73696131e+02  1.22e-03 4.52e-14  1.70e-03   164s
  26   6.10372642e+02  3.20432888e+02  9.05e-04 3.63e-14  1.35e-03   164s
INFO:gurobipy:  26   6.10372642e+02  3.20432888e+02  9.05e-04 3.63e-14  1.35e-03   164s
  27   5.93725530e+02  3.98517300e+02  7.22e-04 2.43e-14  9.12e-04   164s
INFO:gurobipy:  27   5.93725530e+02  3.98517300e+02  7.22e-04 2.43e-14  9.12e-04   164s
  28   5.77776488e+02  4.19656105e+02  5.66e-04 1.29e-14  7.39e-04   164s
INFO:gurobipy:  28   5.77776488e+02  4.19656105e+02  5.66e-04 1.29e-14  7.39e-04   164s
  29   5.64676417e+02  4.42444949e+02  4.40e-04 1.73e-14  5.71e-04   164s
INFO:gurobipy:  29   5.64676417e+02  4.42444949e+02  4.40e-04 1.73e-14  5.71e-04   164s
  30   5.51878261e+02  4.54367148e+02  3.23e-04 1.30e-14  4.56e-04   164s
INFO:gurobipy:  30   5.51878261e+02  4.54367148e+02  3.23e-04 1.30e-14  4.56e-04   164s
  31   5.50246201e+02  4.75150330e+02  3.08e-04 1.14e-14  3.51e-04   164s
INFO:gurobipy:  31   5.50246201e+02  4.75150330e+02  3.08e-04 1.14e-14  3.51e-04   164s
  32   5.41350510e+02  4.84471994e+02  2.32e-04 1.33e-14  2.66e-04   164s
INFO:gurobipy:  32   5.41350510e+02  4.84471994e+02  2.32e-04 1.33e-14  2.66e-04   164s
  33   5.34767848e+02  4.89070410e+02  1.76e-04 1.25e-14  2.13e-04   164s
INFO:gurobipy:  33   5.34767848e+02  4.89070410e+02  1.76e-04 1.25e-14  2.13e-04   164s
  34   5.29719822e+02  4.98520374e+02  1.36e-04 1.57e-14  1.46e-04   164s
INFO:gurobipy:  34   5.29719822e+02  4.98520374e+02  1.36e-04 1.57e-14  1.46e-04   164s
  35   5.27593928e+02  5.02530306e+02  1.19e-04 1.42e-14  1.17e-04   164s
INFO:gurobipy:  35   5.27593928e+02  5.02530306e+02  1.19e-04 1.42e-14  1.17e-04   164s
  36   5.25683087e+02  5.04313324e+02  1.05e-04 1.95e-14  9.98e-05   164s
INFO:gurobipy:  36   5.25683087e+02  5.04313324e+02  1.05e-04 1.95e-14  9.98e-05   164s
  37   5.20459887e+02  5.06100012e+02  6.56e-05 1.24e-14  6.71e-05   164s
INFO:gurobipy:  37   5.20459887e+02  5.06100012e+02  6.56e-05 1.24e-14  6.71e-05   164s
  38   5.19075173e+02  5.07709612e+02  5.50e-05 1.61e-14  5.31e-05   164s
INFO:gurobipy:  38   5.19075173e+02  5.07709612e+02  5.50e-05 1.61e-14  5.31e-05   164s
  39   5.16285014e+02  5.09034963e+02  3.42e-05 9.22e-15  3.39e-05   164s
INFO:gurobipy:  39   5.16285014e+02  5.09034963e+02  3.42e-05 9.22e-15  3.39e-05   164s
  40   5.15083723e+02  5.09531882e+02  2.54e-05 1.24e-14  2.59e-05   164s
INFO:gurobipy:  40   5.15083723e+02  5.09531882e+02  2.54e-05 1.24e-14  2.59e-05   164s
  41   5.14014133e+02  5.10376922e+02  1.77e-05 1.86e-14  1.70e-05   165s
INFO:gurobipy:  41   5.14014133e+02  5.10376922e+02  1.77e-05 1.86e-14  1.70e-05   165s
  42   5.13125577e+02  5.10895642e+02  1.13e-05 3.02e-14  1.04e-05   165s
INFO:gurobipy:  42   5.13125577e+02  5.10895642e+02  1.13e-05 3.02e-14  1.04e-05   165s
  43   5.12890305e+02  5.10967282e+02  9.58e-06 1.95e-14  8.98e-06   165s
INFO:gurobipy:  43   5.12890305e+02  5.10967282e+02  9.58e-06 1.95e-14  8.98e-06   165s
  44   5.12269917e+02  5.11141811e+02  5.23e-06 1.95e-14  5.27e-06   165s
INFO:gurobipy:  44   5.12269917e+02  5.11141811e+02  5.23e-06 1.95e-14  5.27e-06   165s
  45   5.11845657e+02  5.11305251e+02  2.29e-06 1.47e-13  2.52e-06   165s
INFO:gurobipy:  45   5.11845657e+02  5.11305251e+02  2.29e-06 1.47e-13  2.52e-06   165s
  46   5.11584614e+02  5.11457488e+02  5.08e-07 6.94e-14  5.94e-07   165s
INFO:gurobipy:  46   5.11584614e+02  5.11457488e+02  5.08e-07 6.94e-14  5.94e-07   165s
  47   5.11532070e+02  5.11499188e+02  1.88e-07 2.87e-14  1.54e-07   165s
INFO:gurobipy:  47   5.11532070e+02  5.11499188e+02  1.88e-07 2.87e-14  1.54e-07   165s
  48   5.11503977e+02  5.11500185e+02  1.67e-08 6.04e-14  1.77e-08   165s
INFO:gurobipy:  48   5.11503977e+02  5.11500185e+02  1.67e-08 6.04e-14  1.77e-08   165s
  49   5.11500357e+02  5.11500351e+02  5.81e-11 4.98e-14  3.06e-11   165s
INFO:gurobipy:  49   5.11500357e+02  5.11500351e+02  5.81e-11 4.98e-14  3.06e-11   165s
  50   5.11500351e+02  5.11500351e+02  1.88e-10 5.14e-14  7.82e-14   165s
INFO:gurobipy:  50   5.11500351e+02  5.11500351e+02  1.88e-10 5.14e-14  7.82e-14   165s

INFO:gurobipy:
Barrier solved model in 50 iterations and 164.94 seconds (145.77 work units)
INFO:gurobipy:Barrier solved model in 50 iterations and 164.94 seconds (145.77 work units)
Optimal objective 5.11500351e+02
INFO:gurobipy:Optimal objective 5.11500351e+02

INFO:gurobipy:

INFO:gurobipy:
Root crossover log...
INFO:gurobipy:Root crossover log...

INFO:gurobipy:
   41181 DPushes remaining with DInf 0.0000000e+00               165s
INFO:gurobipy:   41181 DPushes remaining with DInf 0.0000000e+00               165s
       0 DPushes remaining with DInf 0.0000000e+00               165s
INFO:gurobipy:       0 DPushes remaining with DInf 0.0000000e+00               165s

INFO:gurobipy:
    6708 PPushes remaining with PInf 0.0000000e+00               165s
INFO:gurobipy:    6708 PPushes remaining with PInf 0.0000000e+00               165s
       0 PPushes remaining with PInf 0.0000000e+00               165s
INFO:gurobipy:       0 PPushes remaining with PInf 0.0000000e+00               165s

INFO:gurobipy:
  Push phase complete: Pinf 0.0000000e+00, Dinf 2.0387424e-13    165s
INFO:gurobipy:  Push phase complete: Pinf 0.0000000e+00, Dinf 2.0387424e-13    165s

INFO:gurobipy:

INFO:gurobipy:
Root simplex log...
INFO:gurobipy:Root simplex log...

INFO:gurobipy:
Iteration    Objective       Primal Inf.    Dual Inf.      Time
INFO:gurobipy:Iteration    Objective       Primal Inf.    Dual Inf.      Time
   21881    5.1150035e+02   0.000000e+00   0.000000e+00    165s
INFO:gurobipy:   21881    5.1150035e+02   0.000000e+00   0.000000e+00    165s
Concurrent spin time: 0.31s
INFO:gurobipy:Concurrent spin time: 0.31s

INFO:gurobipy:
Solved with barrier
INFO:gurobipy:Solved with barrier
   21881    5.1150035e+02   0.000000e+00   0.000000e+00    166s
INFO:gurobipy:   21881    5.1150035e+02   0.000000e+00   0.000000e+00    166s

INFO:gurobipy:
Use crossover to convert LP symmetric solution to basic solution...
INFO:gurobipy:Use crossover to convert LP symmetric solution to basic solution...

INFO:gurobipy:
Root crossover log...
INFO:gurobipy:Root crossover log...

INFO:gurobipy:
    1964 DPushes remaining with DInf 0.0000000e+00               166s
INFO:gurobipy:    1964 DPushes remaining with DInf 0.0000000e+00               166s
       0 DPushes remaining with DInf 0.0000000e+00               166s
INFO:gurobipy:       0 DPushes remaining with DInf 0.0000000e+00               166s

INFO:gurobipy:
   12418 PPushes remaining with PInf 0.0000000e+00               166s
INFO:gurobipy:   12418 PPushes remaining with PInf 0.0000000e+00               166s
       0 PPushes remaining with PInf 0.0000000e+00               167s
INFO:gurobipy:       0 PPushes remaining with PInf 0.0000000e+00               167s

INFO:gurobipy:
  Push phase complete: Pinf 0.0000000e+00, Dinf 8.2424519e-14    167s
INFO:gurobipy:  Push phase complete: Pinf 0.0000000e+00, Dinf 8.2424519e-14    167s

INFO:gurobipy:

INFO:gurobipy:
Root simplex log...
INFO:gurobipy:Root simplex log...

INFO:gurobipy:
Iteration    Objective       Primal Inf.    Dual Inf.      Time
INFO:gurobipy:Iteration    Objective       Primal Inf.    Dual Inf.      Time
   36225    5.1150035e+02   0.000000e+00   0.000000e+00    167s
INFO:gurobipy:   36225    5.1150035e+02   0.000000e+00   0.000000e+00    167s
   36225    5.1150035e+02   0.000000e+00   0.000000e+00    167s
INFO:gurobipy:   36225    5.1150035e+02   0.000000e+00   0.000000e+00    167s

INFO:gurobipy:
Root relaxation: objective 5.115004e+02, 36225 iterations, 6.75 seconds (5.59 work units)
INFO:gurobipy:Root relaxation: objective 5.115004e+02, 36225 iterations, 6.75 seconds (5.59 work units)
Total elapsed time = 170.29s (DegenMoves)
INFO:gurobipy:Total elapsed time = 170.29s (DegenMoves)

INFO:gurobipy:
    Nodes    |    Current Node    |     Objective Bounds      |     Work
INFO:gurobipy:    Nodes    |    Current Node    |     Objective Bounds      |     Work
 Expl Unexpl |  Obj  Depth IntInf | Incumbent    BestBd   Gap | It/Node Time
INFO:gurobipy: Expl Unexpl |  Obj  Depth IntInf | Incumbent    BestBd   Gap | It/Node Time

INFO:gurobipy:
     0     0  511.50035    0 19712          -  511.50035      -     -  173s
INFO:gurobipy:     0     0  511.50035    0 19712          -  511.50035      -     -  173s
     0     0  512.61998    0 19851          -  512.61998      -     -  184s
INFO:gurobipy:     0     0  512.61998    0 19851          -  512.61998      -     -  184s
     0     0  512.62976    0 19852          -  512.62976      -     -  187s
INFO:gurobipy:     0     0  512.62976    0 19852          -  512.62976      -     -  187s
     0     0  513.49775    0 19887          -  513.49775      -     -  197s
INFO:gurobipy:     0     0  513.49775    0 19887          -  513.49775      -     -  197s
     0     0  513.52003    0 19893          -  513.52003      -     -  198s
INFO:gurobipy:     0     0  513.52003    0 19893          -  513.52003      -     -  198s
     0     0  513.60554    0 19867          -  513.60554      -     -  209s
INFO:gurobipy:     0     0  513.60554    0 19867          -  513.60554      -     -  209s
     0     0  513.74066    0 19882          -  513.74066      -     -  210s
INFO:gurobipy:     0     0  513.74066    0 19882          -  513.74066      -     -  210s
     0     0  513.88269    0 19986          -  513.88269      -     -  223s
INFO:gurobipy:     0     0  513.88269    0 19986          -  513.88269      -     -  223s
     0     0  513.97030    0 19988          -  513.97030      -     -  224s
INFO:gurobipy:     0     0  513.97030    0 19988          -  513.97030      -     -  224s
     0     0  513.97030    0 19989          -  513.97030      -     -  224s
INFO:gurobipy:     0     0  513.97030    0 19989          -  513.97030      -     -  224s
     0     0  514.13371    0 19990          -  514.13371      -     -  232s
INFO:gurobipy:     0     0  514.13371    0 19990          -  514.13371      -     -  232s
     0     0  514.13371    0 19991          -  514.13371      -     -  233s
INFO:gurobipy:     0     0  514.13371    0 19991          -  514.13371      -     -  233s
     0     0  514.28643    0 19993          -  514.28643      -     -  241s
INFO:gurobipy:     0     0  514.28643    0 19993          -  514.28643      -     -  241s
     0     0  514.36128    0 19990          -  514.36128      -     -  250s
INFO:gurobipy:     0     0  514.36128    0 19990          -  514.36128      -     -  250s
     0     0  514.46760    0 19989          -  514.46760      -     -  259s
INFO:gurobipy:     0     0  514.46760    0 19989          -  514.46760      -     -  259s
     0     0  514.46824    0 19993          -  514.46824      -     -  260s
INFO:gurobipy:     0     0  514.46824    0 19993          -  514.46824      -     -  260s
     0     0  514.57266    0 19985          -  514.57266      -     -  269s
INFO:gurobipy:     0     0  514.57266    0 19985          -  514.57266      -     -  269s
     0     0  514.57330    0 19984          -  514.57330      -     -  270s
INFO:gurobipy:     0     0  514.57330    0 19984          -  514.57330      -     -  270s
     0     0  514.68544    0 19992          -  514.68544      -     -  278s
INFO:gurobipy:     0     0  514.68544    0 19992          -  514.68544      -     -  278s
     0     0  514.68608    0 19992          -  514.68608      -     -  279s
INFO:gurobipy:     0     0  514.68608    0 19992          -  514.68608      -     -  279s
     0     0  514.70010    0 19999          -  514.70010      -     -  288s
INFO:gurobipy:     0     0  514.70010    0 19999          -  514.70010      -     -  288s
     0     0  514.70074    0 20004          -  514.70074      -     -  289s
INFO:gurobipy:     0     0  514.70074    0 20004          -  514.70074      -     -  289s
     0     0  514.75077    0 20011          -  514.75077      -     -  296s
INFO:gurobipy:     0     0  514.75077    0 20011          -  514.75077      -     -  296s
     0     0  514.75141    0 20013          -  514.75141      -     -  297s
INFO:gurobipy:     0     0  514.75141    0 20013          -  514.75141      -     -  297s
     0     0  514.79536    0 20010          -  514.79536      -     -  305s
INFO:gurobipy:     0     0  514.79536    0 20010          -  514.79536      -     -  305s
     0     0  514.79960    0 20009          -  514.79960      -     -  306s
INFO:gurobipy:     0     0  514.79960    0 20009          -  514.79960      -     -  306s
     0     0  514.82401    0 19988          -  514.82401      -     -  313s
INFO:gurobipy:     0     0  514.82401    0 19988          -  514.82401      -     -  313s
     0     0  514.82825    0 19988          -  514.82825      -     -  314s
INFO:gurobipy:     0     0  514.82825    0 19988          -  514.82825      -     -  314s
     0     0  514.90168    0 19986          -  514.90168      -     -  321s
INFO:gurobipy:     0     0  514.90168    0 19986          -  514.90168      -     -  321s
     0     0  514.90168    0 19987          -  514.90168      -     -  322s
INFO:gurobipy:     0     0  514.90168    0 19987          -  514.90168      -     -  322s
     0     0  514.97810    0 19996          -  514.97810      -     -  330s
INFO:gurobipy:     0     0  514.97810    0 19996          -  514.97810      -     -  330s
     0     0  514.97815    0 19999          -  514.97815      -     -  331s
INFO:gurobipy:     0     0  514.97815    0 19999          -  514.97815      -     -  331s
     0     0  515.02575    0 19994          -  515.02575      -     -  338s
INFO:gurobipy:     0     0  515.02575    0 19994          -  515.02575      -     -  338s
     0     0  515.05111    0 19985          -  515.05111      -     -  347s
INFO:gurobipy:     0     0  515.05111    0 19985          -  515.05111      -     -  347s
     0     0  515.05245    0 20001          -  515.05245      -     -  348s
INFO:gurobipy:     0     0  515.05245    0 20001          -  515.05245      -     -  348s
     0     0  515.05323    0 20009          -  515.05323      -     -  348s
INFO:gurobipy:     0     0  515.05323    0 20009          -  515.05323      -     -  348s
     0     0  515.05821    0 20014          -  515.05821      -     -  356s
INFO:gurobipy:     0     0  515.05821    0 20014          -  515.05821      -     -  356s
     0     0  515.05885    0 20014          -  515.05885      -     -  357s
INFO:gurobipy:     0     0  515.05885    0 20014          -  515.05885      -     -  357s
     0     0  515.06528    0 20008          -  515.06528      -     -  365s
INFO:gurobipy:     0     0  515.06528    0 20008          -  515.06528      -     -  365s
     0     0  515.06528    0 20008          -  515.06528      -     -  365s
INFO:gurobipy:     0     0  515.06528    0 20008          -  515.06528      -     -  365s
     0     0  515.06528    0 20010          -  515.06528      -     -  373s
INFO:gurobipy:     0     0  515.06528    0 20010          -  515.06528      -     -  373s
     0     0  515.06528    0 20010          -  515.06528      -     -  374s
INFO:gurobipy:     0     0  515.06528    0 20010          -  515.06528      -     -  374s
     0     0  515.06528    0 19541          -  515.06528      -     -  386s
INFO:gurobipy:     0     0  515.06528    0 19541          -  515.06528      -     -  386s
     0     0  515.06528    0 19541          -  515.06528      -     -  388s
INFO:gurobipy:     0     0  515.06528    0 19541          -  515.06528      -     -  388s
H    0     0                     642.3863636  515.06528  19.8%     -  390s
INFO:gurobipy:H    0     0                     642.3863636  515.06528  19.8%     -  390s
H    0     0                     598.1927273  515.06528  13.9%     -  392s
INFO:gurobipy:H    0     0                     598.1927273  515.06528  13.9%     -  392s
H    0     0                     597.4127273  515.06528  13.8%     -  393s
INFO:gurobipy:H    0     0                     597.4127273  515.06528  13.8%     -  393s
H    0     0                     597.1627273  515.06528  13.7%     -  393s
INFO:gurobipy:H    0     0                     597.1627273  515.06528  13.7%     -  393s
H    0     0                     595.8254545  515.06528  13.6%     -  393s
INFO:gurobipy:H    0     0                     595.8254545  515.06528  13.6%     -  393s
H    0     0                     595.4463636  515.06528  13.5%     -  393s
INFO:gurobipy:H    0     0                     595.4463636  515.06528  13.5%     -  393s
H    0     0                     595.1209091  515.06528  13.5%     -  393s
INFO:gurobipy:H    0     0                     595.1209091  515.06528  13.5%     -  393s
H    0     0                     590.8127273  515.06528  12.8%     -  394s
INFO:gurobipy:H    0     0                     590.8127273  515.06528  12.8%     -  394s
H    0     0                     590.2763636  515.06528  12.7%     -  397s
INFO:gurobipy:H    0     0                     590.2763636  515.06528  12.7%     -  397s
H    0     0                     590.1563636  515.06528  12.7%     -  399s
INFO:gurobipy:H    0     0                     590.1563636  515.06528  12.7%     -  399s
H    0     0                     590.1309091  515.06597  12.7%     -  444s
INFO:gurobipy:H    0     0                     590.1309091  515.06597  12.7%     -  444s
H    0     0                     590.0181818  515.06597  12.7%     -  474s
INFO:gurobipy:H    0     0                     590.0181818  515.06597  12.7%     -  474s
H    0     0                     589.9672727  515.06597  12.7%     -  502s
INFO:gurobipy:H    0     0                     589.9672727  515.06597  12.7%     -  502s
H    0     0                     589.9390909  515.06597  12.7%     -  506s
INFO:gurobipy:H    0     0                     589.9390909  515.06597  12.7%     -  506s
H    0     0                     589.7554545  515.06597  12.7%     -  507s
INFO:gurobipy:H    0     0                     589.7554545  515.06597  12.7%     -  507s
H    0     0                     589.7254545  515.06597  12.7%     -  507s
INFO:gurobipy:H    0     0                     589.7254545  515.06597  12.7%     -  507s
H    0     2                     579.6463636  515.06597  11.1%     -  512s
INFO:gurobipy:H    0     2                     579.6463636  515.06597  11.1%     -  512s
     0     2  515.06597    0 19541  579.64636  515.06597  11.1%     -  512s
INFO:gurobipy:     0     2  515.06597    0 19541  579.64636  515.06597  11.1%     -  512s
     1     4  523.62272    1 19662  579.64636  515.06701  11.1% 28901  516s
INFO:gurobipy:     1     4  523.62272    1 19662  579.64636  515.06701  11.1% 28901  516s
     3     7  519.27104    2 19666  579.64636  515.48659  11.1% 15856  528s
INFO:gurobipy:     3     7  519.27104    2 19666  579.64636  515.48659  11.1% 15856  528s
     6    13  533.22518    3 17452  579.64636  519.27415  10.4% 15790  559s
INFO:gurobipy:     6    13  533.22518    3 17452  579.64636  519.27415  10.4% 15790  559s
    12    26  533.78939    4 15489  579.64636  519.27415  10.4% 12118  579s
INFO:gurobipy:    12    26  533.78939    4 15489  579.64636  519.27415  10.4% 12118  579s
    25    37  538.62641    5 14160  579.64636  523.85840  9.62% 15191  600s
INFO:gurobipy:    25    37  538.62641    5 14160  579.64636  523.85840  9.62% 15191  600s
H   36    71                     575.4472727  526.41626  8.52% 13030  622s
INFO:gurobipy:H   36    71                     575.4472727  526.41626  8.52% 13030  622s
H   39    71                     574.0372727  526.41626  8.30% 12768  622s
INFO:gurobipy:H   39    71                     574.0372727  526.41626  8.30% 12768  622s
    72    93  570.36097   11 7471  574.03727  526.41626  8.30% 10471  640s
INFO:gurobipy:    72    93  570.36097   11 7471  574.03727  526.41626  8.30% 10471  640s
   127   106     cutoff   13       574.03727  526.41626  8.30%  8050  657s
INFO:gurobipy:   127   106     cutoff   13       574.03727  526.41626  8.30%  8050  657s
H  132   106                     573.6590909  526.41626  8.24%  7869  657s
INFO:gurobipy:H  132   106                     573.6590909  526.41626  8.24%  7869  657s
H  136   106                     572.4990909  526.41626  8.05%  8108  657s
INFO:gurobipy:H  136   106                     572.4990909  526.41626  8.05%  8108  657s
   144   117  551.62894    7 10832  572.49909  526.41626  8.05%  8027  671s
INFO:gurobipy:   144   117  551.62894    7 10832  572.49909  526.41626  8.05%  8027  671s
   209   126  551.76432    8 9406  572.49909  526.41626  8.05%  6771  688s
INFO:gurobipy:   209   126  551.76432    8 9406  572.49909  526.41626  8.05%  6771  688s
*  213   126              17     569.8381818  526.41626  7.62%  6712  688s
INFO:gurobipy:*  213   126              17     569.8381818  526.41626  7.62%  6712  688s
   256   154  566.07614   10 9564  569.83818  532.85358  6.49%  6124  703s
INFO:gurobipy:   256   154  566.07614   10 9564  569.83818  532.85358  6.49%  6124  703s
   300   152  568.95362   11 9617  569.83818  533.44577  6.39%  5838  716s
INFO:gurobipy:   300   152  568.95362   11 9617  569.83818  533.44577  6.39%  5838  716s
*  335   152              15     565.2854545  533.51553  5.62%  5597  716s
INFO:gurobipy:*  335   152              15     565.2854545  533.51553  5.62%  5597  716s
   348   134     cutoff   12       565.28545  533.51553  5.62%  5610  728s
INFO:gurobipy:   348   134     cutoff   12       565.28545  533.51553  5.62%  5610  728s
   397   135  550.31569   11 7170  565.28545  535.95348  5.19%  5409  747s
INFO:gurobipy:   397   135  550.31569   11 7170  565.28545  535.95348  5.19%  5409  747s

INFO:gurobipy:
Cutting planes:
INFO:gurobipy:Cutting planes:
  Gomory: 15
INFO:gurobipy:  Gomory: 15
  Implied bound: 1
INFO:gurobipy:  Implied bound: 1
  MIR: 344
INFO:gurobipy:  MIR: 344
  Zero half: 1817
INFO:gurobipy:  Zero half: 1817
  RLT: 78
INFO:gurobipy:  RLT: 78
  Relax-and-lift: 6
INFO:gurobipy:  Relax-and-lift: 6

INFO:gurobipy:
Explored 422 nodes (2416069 simplex iterations) in 747.95 seconds (777.33 work units)
INFO:gurobipy:Explored 422 nodes (2416069 simplex iterations) in 747.95 seconds (777.33 work units)
Thread count was 16 (of 192 available processors)
INFO:gurobipy:Thread count was 16 (of 192 available processors)

INFO:gurobipy:
Solution count 10: 565.285 569.838 572.499 ... 589.939
INFO:gurobipy:Solution count 10: 565.285 569.838 572.499 ... 589.939

INFO:gurobipy:
Optimal solution found (tolerance 5.00e-02)
INFO:gurobipy:Optimal solution found (tolerance 5.00e-02)
Best objective 5.652854545455e+02, best bound 5.371183563048e+02, gap 4.9828%
INFO:gurobipy:Best objective 5.652854545455e+02, best bound 5.371183563048e+02, gap 4.9828%
INFO:root:[time] ilp_solve took 785.74s (9,875.09765625 MB; 12,724.98046875 MB)
[ilp] model.objVal=565.3
[ilp] Z_cost.getValue()=225.5
[ilp] A_cost.getValue()=0.0
[ilp] D_cost.getValue()=206.6
[ilp] NM_cost.getValue()=133.1
[ilp] KIR2DL1 0010103 => 1049
[ilp] KIR2DL1 0020102 => 1105
[ilp] KIR2DL3 006 => 1121
[ilp] KIR2DL3 013 => 1035
[ilp] KIR2DL4 0080101 => 468
[ilp] KIR2DL4 022 => 475
[ilp] KIR2DP1 0030102 => 1140
[ilp] KIR2DP1 007 => 1047
[ilp] KIR2DS4 0010106 => 1013
[ilp] KIR2DS4 0030101 => 970
[ilp] KIR3DL1 0010101 => 732
[ilp] KIR3DL1 0310101 => 679
[ilp] KIR3DL2 0010101 => 794
[ilp] KIR3DL3 00205 => 842
[ilp] KIR3DP1 0060101 => 415
[ilp] KIR3DP1 0140101 => 404
[ilp] len(dropped)=2,583
