INFO:root:[!!!] running as script
INFO:root:[!!!] using 16 threads
INFO:root:[time] initializaiton took 0.77s (187.4453125 MB; 240.7578125 MB)
INFO:root:[sample] bam: /project/shared/inumanag-kir/data/hprc_plus/HG03098.final.cram
INFO:root:[time] get_bam_reads took 14.55s (1,299.41015625 MB; 1,299.41015625 MB)
INFO:root:[time] calculate_coverage took 0.26s (1,299.41796875 MB; 1,299.41796875 MB)
INFO:root:[read] HG03098.final.cram: 1,401,284 reads loaded (sample.expected_coverage=22.0x)
INFO:root:[time] prepare FASTA for mapping took 2.38s (1,299.421875 MB; 1,299.421875 MB)
INFO:root:[time] minimap2 took 163.70s (6,346.984375 MB; 6,346.984375 MB)
INFO:root:[minimap2] 10,110,217/47,672,251 mappings handled
Mapping reads: 0...5,000,000...10,000,000...15,000,000...20,000,000...25,000,000...30,000,000...35,000,000...40,000,000...45,000,000...
INFO:root:[time] filtering took 63.08s (7,252.88671875 MB; 7,252.88671875 MB)
INFO:root:[filter] KIR2DL1 001 => 0010101: 0.1%; 0010103: 0.1%; 0010102: 0.2%; 0010104: 0.7%
INFO:root:[filter] KIR2DL1 003 => 0030237: 0.0%; 0030236: 0.0%; 0030204: 0.0%; 0030208: 0.0%; 0030220: 0.1%; 00303: 0.1%; 0030242: 0.1%; 0030205: 0.1%; 0030211: 0.1%; 0030212: 0.1%; 0030215: 0.1%; 0030219: 0.1%; 0030230: 0.1%; 0030238: 0.1%; 0030218: 0.1%; 0030210: 0.1%; 0030227: 0.1%; 0030216: 0.2%; 0030223: 0.2%; 0030231: 0.2%; 0030224: 0.2%; 0030228: 0.2%; 0030239: 0.2%; 0030235: 0.2%; 0030232: 0.2%; 0030243: 0.2%; 0030241: 0.2%; 0030203: 0.2%; 0030221: 0.2%; 0030207: 0.3%; 0030206: 0.3%; 0030217: 0.3%; 0030226: 0.3%; 0030233: 0.4%; 0030214: 0.4%; 0030213: 0.4%; 0030229: 0.4%; 0030209: 0.4%; 0030202: 0.5%; 0030234: 0.6%; 0030225: 0.9%; 0030240: 0.9%; 0030222: 1.0%
INFO:root:[filter] KIR2DL1 012 => 01201: 0.7%
INFO:root:[filter] KIR2DL1 040 => 040: 0.1%
INFO:root:[filter] KIR2DL2 003 => 0030105: 0.0%; 0030103: 0.1%; 0030102: 0.1%; 0030108: 0.1%; 0030101: 0.1%; 00302: 0.1%; 00303: 0.1%; 0030106: 0.3%; 0030104: 0.6%; 0030107: 0.6%
INFO:root:[filter] KIR2DL2 006 => 00601: 0.1%
INFO:root:[filter] KIR2DL2 009 => 009: 0.1%
INFO:root:[filter] KIR2DL2 013 => 013: 0.1%
INFO:root:[filter] KIR2DL3 001 => 0010110: 0.0%; 0010101: 0.0%; 0010104: 0.0%; 0010103: 0.0%; 00110: 0.0%; 0010108: 0.0%; 0010109: 0.0%; 0010113: 0.1%; 00107: 0.1%; 0010115: 0.1%; 0010114: 0.1%; 0010112: 0.3%; 0010111: 0.3%; 0010102: 0.4%; 0010107: 0.4%; 0010106: 1.1%
INFO:root:[filter] KIR2DL3 003 => 003: 0.1%
INFO:root:[filter] KIR2DL3 016 => 016: 0.1%
INFO:root:[filter] KIR2DL3 027 => 027: 0.1%
INFO:root:[filter] KIR2DL3 030 => 030: 0.1%
INFO:root:[filter] KIR2DL3 031 => 031: 0.1%
INFO:root:[filter] KIR2DL4 001 => 0010306: 0.8%; 0010303: 0.9%; 0010307: 1.2%; 0010305: 2.0%; 0010309: 2.1%; 0010304: 2.9%; 0010308: 5.2%
INFO:root:[filter] KIR2DL5A 012 => 01201: 0.2%
INFO:root:[filter] KIR2DL5B 006 => 00601: 2.9%
INFO:root:[filter] KIR2DP1 002 => 0020102: 0.0%; 0020109: 0.0%; 0020105: 0.0%; 0020110: 0.0%; 0020103: 0.1%; 0020107: 0.1%; 0020106: 0.1%; 0020108: 0.3%; 0020104: 0.3%; 0020101: 1.7%
INFO:root:[filter] KIR2DS1 002 => 0020101: 0.0%; 0020103: 0.1%; 0020115: 0.1%; 0020116: 0.1%; 0020106: 0.2%; 0020108: 0.2%; 0020104: 0.2%; 0020111: 0.2%; 0020112: 0.2%; 0020118: 0.2%; 0020105: 0.3%; 0020107: 0.3%; 0020114: 0.3%; 0020102: 0.3%; 0020117: 0.4%; 0020113: 0.4%; 0020110: 0.7%; 0020109: 1.8%
INFO:root:[filter] KIR2DS1 011 => 011: 0.4%
INFO:root:[filter] KIR2DS1 012 => 0120102: 0.1%; 0120101: 0.2%
INFO:root:[filter] KIR2DS1 013 => 013: 0.2%
INFO:root:[filter] KIR2DS2 001 => 00102: 0.1%
INFO:root:[filter] KIR2DS2 003 => 003: 0.1%
INFO:root:[filter] KIR2DS2 005 => 005: 0.1%
INFO:root:[filter] KIR2DS2 006 => 00601: 0.1%
INFO:root:[filter] KIR2DS4 001 => 0010109: 0.3%; 0010106: 2.2%; 0010101: 5.0%; 0010102: 5.0%; 00105: 5.1%; 0010103: 5.6%; 0010105: 5.7%; 0010104: 5.8%; 0010108: 6.3%
INFO:root:[filter] KIR2DS4 011 => 01101: 5.1%
INFO:root:[filter] KIR2DS4 022 => 022: 5.1%
INFO:root:[filter] KIR2DS5 002 => 0020101: 0.1%; 0020111: 0.1%; 0020126: 0.1%; 0020128: 0.1%; 0020129: 0.1%; 0020130: 0.1%; 0020108: 0.1%; 0020132: 0.1%; 0020114: 0.1%; 0020116: 0.1%; 0020123: 0.1%; 0020121: 0.2%; 0020112: 0.2%; 0020105: 0.2%; 0020133: 0.2%; 00203: 0.2%; 0020120: 0.2%; 0020106: 0.2%; 0020119: 0.2%; 0020125: 0.2%; 0020107: 0.3%; 0020117: 0.3%; 0020124: 0.3%; 0020127: 0.3%; 0020110: 0.3%; 0020113: 0.3%; 0020118: 0.4%; 0020122: 0.5%; 0020109: 0.5%; 0020102: 0.6%; 0020115: 0.7%; 0020131: 0.7%; 0020104: 0.8%
INFO:root:[filter] KIR2DS5 021 => 0210101: 0.1%; 0210102: 0.8%
INFO:root:[filter] KIR2DS5 032 => 032: 0.1%
INFO:root:[filter] KIR2DS5 037 => 037: 0.1%
INFO:root:[filter] KIR3DL1 015 => 0150101: 0.1%; 0150102: 0.1%; 0150103: 0.1%
INFO:root:[filter] KIR3DL1 018 => 018: 0.8%
INFO:root:[filter] KIR3DL2 006 => 00601: 0.0%; 00602: 0.0%
INFO:root:[filter] KIR3DL2 014 => 014: 0.0%
INFO:root:[filter] KIR3DL2 019 => 01901: 0.0%; 01902: 0.0%
INFO:root:[filter] KIR3DL2 040 => 040: 0.0%
INFO:root:[filter] KIR3DL3 002 => 00211: 0.1%; 0020101: 0.5%; 0020102: 0.9%
INFO:root:[filter] KIR3DL3 014 => 01403: 0.1%
INFO:root:[filter] KIR3DL3 034 => 034: 0.1%
INFO:root:[filter] KIR3DL3 050 => 050: 0.1%
INFO:root:[filter] KIR3DL3 053 => 053: 0.1%
INFO:root:[filter] KIR3DL3 070 => 070: 0.1%
INFO:root:[filter] KIR3DP1 002 => 002: 7.2%
INFO:root:[filter] KIR3DP1 003 => 00303: 1.9%
INFO:root:[filter] KIR3DP1 008 => 008: 1.9%
INFO:root:[filter] KIR3DP1 010 => 0100102: 0.7%; 01003: 0.7%; 0100101: 0.8%; 01002: 1.9%; 01005: 2.1%
INFO:root:[filter] KIR3DP1 013 => 013: 1.9%
INFO:root:[filter] KIR3DP1 024 => 024: 13.5%
INFO:root:[filter] KIR3DP1 048 => 048: 0.7%
INFO:root:[filter] valid_alleles=205
INFO:root:[em] input: len(valid_reads)=33,042 len(valid_alleles)=205
INFO:root:[time] em_init took 22.82s (7,511.51953125 MB; 7,511.51953125 MB)
INFO:root:[em] KIR2DL1 0030204 => 0.011228869458924894
INFO:root:[em] KIR2DL1 0030205 => 0.0034787025077787095
INFO:root:[em] KIR2DL1 0030210 => 0.028840276311491025
INFO:root:[em] KIR2DL1 0030221 => 0.010395571792808854
INFO:root:[em] KIR2DL1 00303 => 0.0027246238492039973
INFO:root:[em] KIR2DL2 0030101 => 0.02035690668547805
INFO:root:[em] KIR2DL2 0030102 => 0.038167494606396596
INFO:root:[em] KIR2DL2 0030103 => 0.005590603134915499
INFO:root:[em] KIR2DL2 0030108 => 0.008452802035169736
INFO:root:[em] KIR2DL2 00302 => 0.0016659334760182084
INFO:root:[em] KIR2DL3 0010101 => 0.041256525083234706
INFO:root:[em] KIR2DL3 0010104 => 0.011035500986636445
INFO:root:[em] KIR2DL3 0010114 => 0.004606164354711485
INFO:root:[em] KIR2DL4 0010304 => 0.027692294521981672
INFO:root:[em] KIR2DL4 0010305 => 0.012472153134780667
INFO:root:[em] KIR2DL4 0010306 => 0.018941996801197226
INFO:root:[em] KIR2DL5A 01201 => 0.02487286233647478
INFO:root:[em] KIR2DL5B 00601 => 0.023512112169541334
INFO:root:[em] KIR2DP1 0020104 => 0.003909816006110201
INFO:root:[em] KIR2DP1 0020109 => 0.049933597103702244
INFO:root:[em] KIR2DS1 0020101 => 0.05040054347275144
INFO:root:[em] KIR2DS1 0020118 => 0.03012835348360083
INFO:root:[em] KIR2DS2 00102 => 0.06567066921202615
INFO:root:[em] KIR2DS4 0010103 => 0.005659064010237697
INFO:root:[em] KIR2DS4 0010106 => 0.01594546518641551
INFO:root:[em] KIR2DS4 0010108 => 0.0034656883521262402
INFO:root:[em] KIR2DS4 0010109 => 0.03533085959959228
INFO:root:[em] KIR2DS5 0020108 => 0.0015701006697671181
INFO:root:[em] KIR2DS5 0020111 => 0.06771527050253554
INFO:root:[em] KIR2DS5 0020116 => 0.005519835869162007
INFO:root:[em] KIR2DS5 0210102 => 0.007778026371993435
INFO:root:[em] KIR3DL1 0150102 => 0.06146265481884251
INFO:root:[em] KIR3DL1 018 => 0.003636588363334718
INFO:root:[em] KIR3DL2 01901 => 0.08649857536061557
INFO:root:[em] KIR3DL2 040 => 0.06991069826235097
INFO:root:[em] KIR3DL3 0020101 => 0.02740711859374643
INFO:root:[em] KIR3DL3 0020102 => 0.02380942769006772
INFO:root:[em] KIR3DL3 034 => 0.04422537871687792
INFO:root:[em] KIR3DL3 053 => 0.024096352352448832
INFO:root:[em] KIR3DP1 0100102 => 0.008818315214009111
INFO:root:[em] KIR3DP1 048 => 0.008818315214009111
INFO:root:[time] em took 391.94s (7,253.3125 MB; 7,821.73046875 MB)
INFO:root:[time] correct hits took 1.22s (7,253.3125 MB; 7,821.73046875 MB)
INFO:root:[time] correct hits took 0.96s (7,253.31640625 MB; 7,821.73046875 MB)
INFO:root:[time] get_scc took 7.71s (7,253.31640625 MB; 7,821.73046875 MB)
INFO:root:[time] get_scc took 18.11s (7,253.31640625 MB; 7,821.73046875 MB)
INFO:root:[time] em_scc took 410.16s (7,253.31640625 MB; 7,821.73046875 MB)
percentage of captured is 0.8902091473224546
percentage of captured is 0.9902096394632367
Set parameter WLSAccessID
INFO:gurobipy:Set parameter WLSAccessID
Set parameter WLSSecret
INFO:gurobipy:Set parameter WLSSecret
Set parameter LicenseID to value 2756285
INFO:gurobipy:Set parameter LicenseID to value 2756285
Academic license 2756285 - for non-commercial use only - registered to po___@uvic.ca
INFO:gurobipy:Academic license 2756285 - for non-commercial use only - registered to po___@uvic.ca
[ilp] len(valid_reads)=14,882
Set parameter Threads to value 16
INFO:gurobipy:Set parameter Threads to value 16
Set parameter Presolve to value 2
INFO:gurobipy:Set parameter Presolve to value 2
Set parameter PreSparsify to value 2
INFO:gurobipy:Set parameter PreSparsify to value 2
Set parameter NonConvex to value 2
INFO:gurobipy:Set parameter NonConvex to value 2
Set parameter MIPGap to value 0.05
INFO:gurobipy:Set parameter MIPGap to value 0.05
Set parameter TimeLimit to value 10800
INFO:gurobipy:Set parameter TimeLimit to value 10800
max_cost is 97 KIR3DP1 048 1329
Gurobi Optimizer version 12.0.0 build v12.0.0rc1 (linux64 - "CentOS Linux 7 (Core)")
INFO:gurobipy:Gurobi Optimizer version 12.0.0 build v12.0.0rc1 (linux64 - "CentOS Linux 7 (Core)")

INFO:gurobipy:
CPU model: Intel(R) Xeon(R) Platinum 8260 CPU @ 2.40GHz, instruction set [SSE2|AVX|AVX2|AVX512]
INFO:gurobipy:CPU model: Intel(R) Xeon(R) Platinum 8260 CPU @ 2.40GHz, instruction set [SSE2|AVX|AVX2|AVX512]
Thread count: 96 physical cores, 192 logical processors, using up to 16 threads
INFO:gurobipy:Thread count: 96 physical cores, 192 logical processors, using up to 16 threads

INFO:gurobipy:
Non-default parameters:
INFO:gurobipy:Non-default parameters:
TimeLimit  10800
INFO:gurobipy:TimeLimit  10800
MIPGap  0.05
INFO:gurobipy:MIPGap  0.05
NonConvex  2
INFO:gurobipy:NonConvex  2
Presolve  2
INFO:gurobipy:Presolve  2
PreSparsify  2
INFO:gurobipy:PreSparsify  2
Threads  16
INFO:gurobipy:Threads  16

INFO:gurobipy:
Academic license 2756285 - for non-commercial use only - registered to po___@uvic.ca
INFO:gurobipy:Academic license 2756285 - for non-commercial use only - registered to po___@uvic.ca
Optimize a model with 150703 rows, 329572 columns and 1455936 nonzeros
INFO:gurobipy:Optimize a model with 150703 rows, 329572 columns and 1455936 nonzeros
Model fingerprint: 0x6dc1a038
INFO:gurobipy:Model fingerprint: 0x6dc1a038
Variable types: 5298 continuous, 324274 integer (324274 binary)
INFO:gurobipy:Variable types: 5298 continuous, 324274 integer (324274 binary)
Coefficient statistics:
INFO:gurobipy:Coefficient statistics:
  Matrix range     [7e-05, 3e+01]
INFO:gurobipy:  Matrix range     [7e-05, 3e+01]
  Objective range  [5e-02, 5e+00]
INFO:gurobipy:  Objective range  [5e-02, 5e+00]
  Bounds range     [1e+00, 1e+00]
INFO:gurobipy:  Bounds range     [1e+00, 1e+00]
  RHS range        [2e-01, 1e+00]
INFO:gurobipy:  RHS range        [2e-01, 1e+00]
Presolve removed 14892 rows and 199170 columns (presolve time = 5s)...
INFO:gurobipy:Presolve removed 14892 rows and 199170 columns (presolve time = 5s)...
Presolve removed 14898 rows and 199170 columns (presolve time = 10s)...
INFO:gurobipy:Presolve removed 14898 rows and 199170 columns (presolve time = 10s)...
Presolve removed 14904 rows and 199170 columns (presolve time = 15s)...
INFO:gurobipy:Presolve removed 14904 rows and 199170 columns (presolve time = 15s)...
Presolve removed 14910 rows and 199170 columns (presolve time = 20s)...
INFO:gurobipy:Presolve removed 14910 rows and 199170 columns (presolve time = 20s)...
Presolve removed 14910 rows and 199170 columns (presolve time = 25s)...
INFO:gurobipy:Presolve removed 14910 rows and 199170 columns (presolve time = 25s)...
Presolve removed 14910 rows and 199170 columns (presolve time = 30s)...
INFO:gurobipy:Presolve removed 14910 rows and 199170 columns (presolve time = 30s)...
Presolve removed 14916 rows and 199170 columns (presolve time = 35s)...
INFO:gurobipy:Presolve removed 14916 rows and 199170 columns (presolve time = 35s)...
Presolve removed 14916 rows and 199170 columns (presolve time = 40s)...
INFO:gurobipy:Presolve removed 14916 rows and 199170 columns (presolve time = 40s)...
Presolve removed 14968 rows and 199170 columns (presolve time = 45s)...
INFO:gurobipy:Presolve removed 14968 rows and 199170 columns (presolve time = 45s)...
Presolve removed 14970 rows and 199204 columns (presolve time = 50s)...
INFO:gurobipy:Presolve removed 14970 rows and 199204 columns (presolve time = 50s)...
Presolve removed 14970 rows and 199204 columns (presolve time = 55s)...
INFO:gurobipy:Presolve removed 14970 rows and 199204 columns (presolve time = 55s)...
Presolve removed 14970 rows and 199204 columns (presolve time = 60s)...
INFO:gurobipy:Presolve removed 14970 rows and 199204 columns (presolve time = 60s)...
Presolve removed 14970 rows and 199204 columns (presolve time = 65s)...
INFO:gurobipy:Presolve removed 14970 rows and 199204 columns (presolve time = 65s)...
Presolve removed 14970 rows and 199204 columns (presolve time = 70s)...
INFO:gurobipy:Presolve removed 14970 rows and 199204 columns (presolve time = 70s)...
Presolve removed 14970 rows and 199204 columns (presolve time = 75s)...
INFO:gurobipy:Presolve removed 14970 rows and 199204 columns (presolve time = 75s)...
Presolve removed 14970 rows and 199204 columns (presolve time = 80s)...
INFO:gurobipy:Presolve removed 14970 rows and 199204 columns (presolve time = 80s)...
Presolve removed 14970 rows and 199204 columns (presolve time = 85s)...
INFO:gurobipy:Presolve removed 14970 rows and 199204 columns (presolve time = 85s)...
Presolve removed 14974 rows and 199204 columns (presolve time = 90s)...
INFO:gurobipy:Presolve removed 14974 rows and 199204 columns (presolve time = 90s)...
Presolve removed 14974 rows and 199204 columns (presolve time = 95s)...
INFO:gurobipy:Presolve removed 14974 rows and 199204 columns (presolve time = 95s)...
Presolve removed 14974 rows and 199204 columns (presolve time = 100s)...
INFO:gurobipy:Presolve removed 14974 rows and 199204 columns (presolve time = 100s)...
Presolve removed 14974 rows and 199204 columns (presolve time = 105s)...
INFO:gurobipy:Presolve removed 14974 rows and 199204 columns (presolve time = 105s)...
Presolve removed 14974 rows and 199204 columns (presolve time = 110s)...
INFO:gurobipy:Presolve removed 14974 rows and 199204 columns (presolve time = 110s)...
Presolve removed 14974 rows and 199204 columns (presolve time = 115s)...
INFO:gurobipy:Presolve removed 14974 rows and 199204 columns (presolve time = 115s)...
Presolve removed 17113 rows and 201343 columns (presolve time = 120s)...
INFO:gurobipy:Presolve removed 17113 rows and 201343 columns (presolve time = 120s)...
Presolve removed 17113 rows and 201343 columns (presolve time = 125s)...
INFO:gurobipy:Presolve removed 17113 rows and 201343 columns (presolve time = 125s)...
Presolve removed 17113 rows and 201343 columns (presolve time = 130s)...
INFO:gurobipy:Presolve removed 17113 rows and 201343 columns (presolve time = 130s)...
Presolve removed 17113 rows and 201343 columns (presolve time = 135s)...
INFO:gurobipy:Presolve removed 17113 rows and 201343 columns (presolve time = 135s)...
Presolve removed 17113 rows and 201343 columns (presolve time = 140s)...
INFO:gurobipy:Presolve removed 17113 rows and 201343 columns (presolve time = 140s)...
Presolve removed 17113 rows and 201343 columns (presolve time = 145s)...
INFO:gurobipy:Presolve removed 17113 rows and 201343 columns (presolve time = 145s)...
Presolve removed 17113 rows and 201343 columns (presolve time = 150s)...
INFO:gurobipy:Presolve removed 17113 rows and 201343 columns (presolve time = 150s)...
Presolve removed 17113 rows and 201343 columns (presolve time = 155s)...
INFO:gurobipy:Presolve removed 17113 rows and 201343 columns (presolve time = 155s)...
Presolve removed 17113 rows and 201343 columns (presolve time = 160s)...
INFO:gurobipy:Presolve removed 17113 rows and 201343 columns (presolve time = 160s)...
Presolve removed 17113 rows and 201343 columns (presolve time = 165s)...
INFO:gurobipy:Presolve removed 17113 rows and 201343 columns (presolve time = 165s)...
Presolve removed 17113 rows and 201343 columns (presolve time = 170s)...
INFO:gurobipy:Presolve removed 17113 rows and 201343 columns (presolve time = 170s)...
Presolve removed 17113 rows and 201343 columns (presolve time = 175s)...
INFO:gurobipy:Presolve removed 17113 rows and 201343 columns (presolve time = 175s)...
Presolve removed 17113 rows and 201343 columns (presolve time = 180s)...
INFO:gurobipy:Presolve removed 17113 rows and 201343 columns (presolve time = 180s)...
Presolve removed 17113 rows and 201343 columns (presolve time = 185s)...
INFO:gurobipy:Presolve removed 17113 rows and 201343 columns (presolve time = 185s)...
Presolve removed 17113 rows and 201343 columns (presolve time = 190s)...
INFO:gurobipy:Presolve removed 17113 rows and 201343 columns (presolve time = 190s)...
Presolve removed 17113 rows and 201343 columns (presolve time = 195s)...
INFO:gurobipy:Presolve removed 17113 rows and 201343 columns (presolve time = 195s)...
Presolve removed 17113 rows and 201343 columns (presolve time = 200s)...
INFO:gurobipy:Presolve removed 17113 rows and 201343 columns (presolve time = 200s)...
Presolve removed 17113 rows and 201343 columns (presolve time = 205s)...
INFO:gurobipy:Presolve removed 17113 rows and 201343 columns (presolve time = 205s)...
Presolve removed 17113 rows and 201343 columns (presolve time = 210s)...
INFO:gurobipy:Presolve removed 17113 rows and 201343 columns (presolve time = 210s)...
Presolve removed 17113 rows and 201343 columns (presolve time = 215s)...
INFO:gurobipy:Presolve removed 17113 rows and 201343 columns (presolve time = 215s)...
Presolve removed 17113 rows and 201343 columns (presolve time = 220s)...
INFO:gurobipy:Presolve removed 17113 rows and 201343 columns (presolve time = 220s)...
Presolve removed 17113 rows and 201343 columns (presolve time = 225s)...
INFO:gurobipy:Presolve removed 17113 rows and 201343 columns (presolve time = 225s)...
Presolve removed 17113 rows and 201343 columns (presolve time = 230s)...
INFO:gurobipy:Presolve removed 17113 rows and 201343 columns (presolve time = 230s)...
Sparsify removed 492060 nonzeros (39%)
INFO:gurobipy:Sparsify removed 492060 nonzeros (39%)
Presolve removed 17109 rows and 196443 columns
INFO:gurobipy:Presolve removed 17109 rows and 196443 columns
Presolve time: 234.41s
INFO:gurobipy:Presolve time: 234.41s
Presolved: 133594 rows, 133129 columns, 775793 nonzeros
INFO:gurobipy:Presolved: 133594 rows, 133129 columns, 775793 nonzeros
Variable types: 9864 continuous, 123265 integer (122931 binary)
INFO:gurobipy:Variable types: 9864 continuous, 123265 integer (122931 binary)
Sparsify removed 13278 nonzeros (2%)
INFO:gurobipy:Sparsify removed 13278 nonzeros (2%)
Root relaxation presolved: 133594 rows, 133129 columns, 762515 nonzeros
INFO:gurobipy:Root relaxation presolved: 133594 rows, 133129 columns, 762515 nonzeros

INFO:gurobipy:
Sparsify removed 7967 nonzeros (2%)
INFO:gurobipy:Sparsify removed 7967 nonzeros (2%)
Deterministic concurrent LP optimizer: primal simplex, dual simplex, and barrier
INFO:gurobipy:Deterministic concurrent LP optimizer: primal simplex, dual simplex, and barrier
Showing barrier log only...
INFO:gurobipy:Showing barrier log only...

INFO:gurobipy:
Root barrier log...
INFO:gurobipy:Root barrier log...

INFO:gurobipy:
Ordering time: 0.26s
INFO:gurobipy:Ordering time: 0.26s

INFO:gurobipy:
Barrier statistics:
INFO:gurobipy:Barrier statistics:
 Dense cols : 48
INFO:gurobipy: Dense cols : 48
 AA' NZ     : 6.812e+05
INFO:gurobipy: AA' NZ     : 6.812e+05
 Factor NZ  : 1.841e+06 (roughly 80 MB of memory)
INFO:gurobipy: Factor NZ  : 1.841e+06 (roughly 80 MB of memory)
 Factor Ops : 1.549e+08 (less than 1 second per iteration)
INFO:gurobipy: Factor Ops : 1.549e+08 (less than 1 second per iteration)
 Threads    : 13
INFO:gurobipy: Threads    : 13

INFO:gurobipy:
                  Objective                Residual
INFO:gurobipy:                  Objective                Residual
Iter       Primal          Dual         Primal    Dual     Compl     Time
INFO:gurobipy:Iter       Primal          Dual         Primal    Dual     Compl     Time
   0   6.06018399e+05 -2.81654491e+06  1.66e+04 4.90e+00  6.27e+02   238s
INFO:gurobipy:   0   6.06018399e+05 -2.81654491e+06  1.66e+04 4.90e+00  6.27e+02   238s
   1   4.81109704e+05 -2.83254983e+06  1.18e+04 1.49e+01  5.03e+02   239s
INFO:gurobipy:   1   4.81109704e+05 -2.83254983e+06  1.18e+04 1.49e+01  5.03e+02   239s
   2   3.43016022e+05 -3.08204912e+06  6.72e+03 7.53e+00  3.64e+02   239s
INFO:gurobipy:   2   3.43016022e+05 -3.08204912e+06  6.72e+03 7.53e+00  3.64e+02   239s
   3   2.94433349e+05 -2.86902074e+06  5.43e+03 7.84e-12  3.00e+02   239s
INFO:gurobipy:   3   2.94433349e+05 -2.86902074e+06  5.43e+03 7.84e-12  3.00e+02   239s
   4   9.15456072e+04 -2.32138666e+06  1.40e+03 2.32e-10  9.06e+01   239s
INFO:gurobipy:   4   9.15456072e+04 -2.32138666e+06  1.40e+03 2.32e-10  9.06e+01   239s
   5   5.45488291e+04 -1.63733326e+06  6.88e+02 1.57e-09  4.71e+01   239s
INFO:gurobipy:   5   5.45488291e+04 -1.63733326e+06  6.88e+02 1.57e-09  4.71e+01   239s
   6   4.21897980e+04 -1.25829932e+06  4.39e+02 1.97e-09  3.19e+01   239s
INFO:gurobipy:   6   4.21897980e+04 -1.25829932e+06  4.39e+02 1.97e-09  3.19e+01   239s
   7   3.29503485e+04 -1.00043030e+06  2.64e+02 7.75e-10  2.18e+01   239s
INFO:gurobipy:   7   3.29503485e+04 -1.00043030e+06  2.64e+02 7.75e-10  2.18e+01   239s
   8   1.37573558e+04 -6.74456485e+05  1.38e+01 2.31e-10  5.72e+00   239s
INFO:gurobipy:   8   1.37573558e+04 -6.74456485e+05  1.38e+01 2.31e-10  5.72e+00   239s
   9   8.20295731e+03 -3.07773898e+05  1.23e+00 2.69e-11  1.48e+00   239s
INFO:gurobipy:   9   8.20295731e+03 -3.07773898e+05  1.23e+00 2.69e-11  1.48e+00   239s
  10   4.95527801e+03 -8.35311696e+04  2.26e-01 6.46e-12  3.77e-01   239s
INFO:gurobipy:  10   4.95527801e+03 -8.35311696e+04  2.26e-01 6.46e-12  3.77e-01   239s
  11   4.70974110e+03 -8.09863967e+04  1.96e-01 5.80e-12  3.64e-01   239s
INFO:gurobipy:  11   4.70974110e+03 -8.09863967e+04  1.96e-01 5.80e-12  3.64e-01   239s
  12   4.42146343e+03 -6.01974202e+04  1.61e-01 4.76e-12  2.73e-01   239s
INFO:gurobipy:  12   4.42146343e+03 -6.01974202e+04  1.61e-01 4.76e-12  2.73e-01   239s
  13   3.83533830e+03 -3.13448824e+04  9.65e-02 2.57e-12  1.47e-01   239s
INFO:gurobipy:  13   3.83533830e+03 -3.13448824e+04  9.65e-02 2.57e-12  1.47e-01   239s
  14   3.34390964e+03 -1.99154796e+04  5.28e-02 1.72e-12  9.69e-02   239s
INFO:gurobipy:  14   3.34390964e+03 -1.99154796e+04  5.28e-02 1.72e-12  9.69e-02   239s
  15   2.91813927e+03 -1.30364436e+04  2.32e-02 1.13e-12  6.62e-02   239s
INFO:gurobipy:  15   2.91813927e+03 -1.30364436e+04  2.32e-02 1.13e-12  6.62e-02   239s
  16   2.80318441e+03 -9.79999421e+03  1.83e-02 8.47e-13  5.23e-02   240s
INFO:gurobipy:  16   2.80318441e+03 -9.79999421e+03  1.83e-02 8.47e-13  5.23e-02   240s
  17   2.64422258e+03 -7.54191229e+03  1.36e-02 6.67e-13  4.22e-02   240s
INFO:gurobipy:  17   2.64422258e+03 -7.54191229e+03  1.36e-02 6.67e-13  4.22e-02   240s
  18   2.55673337e+03 -6.25975281e+03  1.15e-02 5.58e-13  3.65e-02   240s
INFO:gurobipy:  18   2.55673337e+03 -6.25975281e+03  1.15e-02 5.58e-13  3.65e-02   240s
  19   2.45301615e+03 -5.19467134e+03  9.34e-03 4.66e-13  3.17e-02   240s
INFO:gurobipy:  19   2.45301615e+03 -5.19467134e+03  9.34e-03 4.66e-13  3.17e-02   240s
  20   2.33619316e+03 -3.61452802e+03  7.82e-03 3.68e-13  2.46e-02   240s
INFO:gurobipy:  20   2.33619316e+03 -3.61452802e+03  7.82e-03 3.68e-13  2.46e-02   240s
  21   2.20565067e+03 -3.28581517e+03  6.70e-03 3.39e-13  2.27e-02   240s
INFO:gurobipy:  21   2.20565067e+03 -3.28581517e+03  6.70e-03 3.39e-13  2.27e-02   240s
  22   2.01656973e+03 -2.78672072e+03  5.46e-03 3.04e-13  1.99e-02   240s
INFO:gurobipy:  22   2.01656973e+03 -2.78672072e+03  5.46e-03 3.04e-13  1.99e-02   240s
  23   1.84106830e+03 -2.57608667e+03  4.86e-03 2.82e-13  1.83e-02   240s
INFO:gurobipy:  23   1.84106830e+03 -2.57608667e+03  4.86e-03 2.82e-13  1.83e-02   240s
  24   1.72503060e+03 -2.10400435e+03  4.40e-03 2.39e-13  1.59e-02   240s
INFO:gurobipy:  24   1.72503060e+03 -2.10400435e+03  4.40e-03 2.39e-13  1.59e-02   240s
  25   1.53951331e+03 -1.39427065e+03  3.64e-03 1.91e-13  1.21e-02   240s
INFO:gurobipy:  25   1.53951331e+03 -1.39427065e+03  3.64e-03 1.91e-13  1.21e-02   240s
  26   1.37224658e+03 -1.10472682e+03  2.94e-03 1.58e-13  1.03e-02   240s
INFO:gurobipy:  26   1.37224658e+03 -1.10472682e+03  2.94e-03 1.58e-13  1.03e-02   240s
  27   1.23450512e+03 -7.57855333e+02  2.35e-03 1.30e-13  8.25e-03   240s
INFO:gurobipy:  27   1.23450512e+03 -7.57855333e+02  2.35e-03 1.30e-13  8.25e-03   240s
  28   1.12130337e+03 -5.73648097e+02  1.86e-03 1.19e-13  7.02e-03   240s
INFO:gurobipy:  28   1.12130337e+03 -5.73648097e+02  1.86e-03 1.19e-13  7.02e-03   240s
  29   1.01439948e+03 -3.24408933e+02  1.41e-03 1.04e-13  5.54e-03   240s
INFO:gurobipy:  29   1.01439948e+03 -3.24408933e+02  1.41e-03 1.04e-13  5.54e-03   240s
  30   9.49308924e+02 -1.79276865e+02  1.16e-03 9.15e-14  4.67e-03   241s
INFO:gurobipy:  30   9.49308924e+02 -1.79276865e+02  1.16e-03 9.15e-14  4.67e-03   241s
  31   8.90201425e+02 -5.79553159e+01  9.30e-04 7.94e-14  3.92e-03   241s
INFO:gurobipy:  31   8.90201425e+02 -5.79553159e+01  9.30e-04 7.94e-14  3.92e-03   241s
  32   8.36333343e+02  8.51698912e+01  7.26e-04 5.99e-14  3.11e-03   241s
INFO:gurobipy:  32   8.36333343e+02  8.51698912e+01  7.26e-04 5.99e-14  3.11e-03   241s
  33   7.93289073e+02  2.00232025e+02  5.75e-04 4.20e-14  2.45e-03   241s
INFO:gurobipy:  33   7.93289073e+02  2.00232025e+02  5.75e-04 4.20e-14  2.45e-03   241s
  34   7.47029816e+02  2.98264153e+02  4.22e-04 5.67e-14  1.86e-03   241s
INFO:gurobipy:  34   7.47029816e+02  2.98264153e+02  4.22e-04 5.67e-14  1.86e-03   241s
  35   7.14339587e+02  3.37477938e+02  3.22e-04 4.64e-14  1.56e-03   241s
INFO:gurobipy:  35   7.14339587e+02  3.37477938e+02  3.22e-04 4.64e-14  1.56e-03   241s
  36   6.87641272e+02  4.31250606e+02  2.44e-04 4.72e-14  1.06e-03   241s
INFO:gurobipy:  36   6.87641272e+02  4.31250606e+02  2.44e-04 4.72e-14  1.06e-03   241s
  37   6.68943267e+02  4.74418429e+02  1.94e-04 2.01e-14  8.05e-04   241s
INFO:gurobipy:  37   6.68943267e+02  4.74418429e+02  1.94e-04 2.01e-14  8.05e-04   241s
  38   6.49798948e+02  4.99959190e+02  1.45e-04 9.09e-15  6.20e-04   241s
INFO:gurobipy:  38   6.49798948e+02  4.99959190e+02  1.45e-04 9.09e-15  6.20e-04   241s
  39   6.38211897e+02  5.21851697e+02  1.16e-04 2.22e-14  4.82e-04   241s
INFO:gurobipy:  39   6.38211897e+02  5.21851697e+02  1.16e-04 2.22e-14  4.82e-04   241s
  40   6.27201171e+02  5.32122575e+02  9.00e-05 2.14e-14  3.93e-04   241s
INFO:gurobipy:  40   6.27201171e+02  5.32122575e+02  9.00e-05 2.14e-14  3.93e-04   241s
  41   6.16029176e+02  5.38616140e+02  6.46e-05 1.30e-14  3.20e-04   241s
INFO:gurobipy:  41   6.16029176e+02  5.38616140e+02  6.46e-05 1.30e-14  3.20e-04   241s
  42   6.11619361e+02  5.53634008e+02  5.46e-05 1.36e-14  2.40e-04   241s
INFO:gurobipy:  42   6.11619361e+02  5.53634008e+02  5.46e-05 1.36e-14  2.40e-04   241s
  43   6.03361119e+02  5.63131435e+02  3.70e-05 1.27e-14  1.66e-04   241s
INFO:gurobipy:  43   6.03361119e+02  5.63131435e+02  3.70e-05 1.27e-14  1.66e-04   241s
  44   6.00201386e+02  5.66073850e+02  3.05e-05 1.56e-14  1.41e-04   242s
INFO:gurobipy:  44   6.00201386e+02  5.66073850e+02  3.05e-05 1.56e-14  1.41e-04   242s
  45   5.96049071e+02  5.72165975e+02  2.21e-05 3.12e-14  9.88e-05   242s
INFO:gurobipy:  45   5.96049071e+02  5.72165975e+02  2.21e-05 3.12e-14  9.88e-05   242s
  46   5.93076701e+02  5.73655288e+02  1.63e-05 3.31e-14  8.04e-05   242s
INFO:gurobipy:  46   5.93076701e+02  5.73655288e+02  1.63e-05 3.31e-14  8.04e-05   242s
  47   5.90661754e+02  5.78436257e+02  1.17e-05 3.81e-14  5.06e-05   242s
INFO:gurobipy:  47   5.90661754e+02  5.78436257e+02  1.17e-05 3.81e-14  5.06e-05   242s
  48   5.88927724e+02  5.80857176e+02  8.40e-06 2.11e-14  3.34e-05   242s
INFO:gurobipy:  48   5.88927724e+02  5.80857176e+02  8.40e-06 2.11e-14  3.34e-05   242s
  49   5.87058480e+02  5.82601443e+02  4.96e-06 3.97e-14  1.84e-05   242s
INFO:gurobipy:  49   5.87058480e+02  5.82601443e+02  4.96e-06 3.97e-14  1.84e-05   242s
  50   5.86058156e+02  5.82983403e+02  3.07e-06 2.79e-14  1.27e-05   242s
INFO:gurobipy:  50   5.86058156e+02  5.82983403e+02  3.07e-06 2.79e-14  1.27e-05   242s
  51   5.85487948e+02  5.83416689e+02  2.04e-06 2.57e-14  8.57e-06   242s
INFO:gurobipy:  51   5.85487948e+02  5.83416689e+02  2.04e-06 2.57e-14  8.57e-06   242s
  52   5.85275433e+02  5.83573168e+02  1.67e-06 1.86e-14  7.05e-06   242s
INFO:gurobipy:  52   5.85275433e+02  5.83573168e+02  1.67e-06 1.86e-14  7.05e-06   242s
  53   5.84827045e+02  5.83888528e+02  9.34e-07 2.34e-14  3.88e-06   242s
INFO:gurobipy:  53   5.84827045e+02  5.83888528e+02  9.34e-07 2.34e-14  3.88e-06   242s
  54   5.84376056e+02  5.84218233e+02  1.79e-07 7.35e-14  6.53e-07   242s
INFO:gurobipy:  54   5.84376056e+02  5.84218233e+02  1.79e-07 7.35e-14  6.53e-07   242s
  55   5.84279097e+02  5.84254275e+02  3.11e-08 3.80e-14  1.03e-07   242s
INFO:gurobipy:  55   5.84279097e+02  5.84254275e+02  3.11e-08 3.80e-14  1.03e-07   242s
  56   5.84256972e+02  5.84256549e+02  2.79e-10 3.63e-14  1.75e-09   242s
INFO:gurobipy:  56   5.84256972e+02  5.84256549e+02  2.79e-10 3.63e-14  1.75e-09   242s
  57   5.84256755e+02  5.84256755e+02  5.05e-12 9.84e-14  2.56e-14   242s
INFO:gurobipy:  57   5.84256755e+02  5.84256755e+02  5.05e-12 9.84e-14  2.56e-14   242s

INFO:gurobipy:
Barrier solved model in 57 iterations and 242.40 seconds (143.93 work units)
INFO:gurobipy:Barrier solved model in 57 iterations and 242.40 seconds (143.93 work units)
Optimal objective 5.84256755e+02
INFO:gurobipy:Optimal objective 5.84256755e+02

INFO:gurobipy:

INFO:gurobipy:
Root crossover log...
INFO:gurobipy:Root crossover log...

INFO:gurobipy:
   50290 DPushes remaining with DInf 0.0000000e+00               243s
INFO:gurobipy:   50290 DPushes remaining with DInf 0.0000000e+00               243s
       0 DPushes remaining with DInf 0.0000000e+00               243s
INFO:gurobipy:       0 DPushes remaining with DInf 0.0000000e+00               243s

INFO:gurobipy:
    4907 PPushes remaining with PInf 0.0000000e+00               243s
INFO:gurobipy:    4907 PPushes remaining with PInf 0.0000000e+00               243s
       0 PPushes remaining with PInf 0.0000000e+00               243s
INFO:gurobipy:       0 PPushes remaining with PInf 0.0000000e+00               243s

INFO:gurobipy:
  Push phase complete: Pinf 0.0000000e+00, Dinf 2.2264829e-13    243s
INFO:gurobipy:  Push phase complete: Pinf 0.0000000e+00, Dinf 2.2264829e-13    243s

INFO:gurobipy:

INFO:gurobipy:
Root simplex log...
INFO:gurobipy:Root simplex log...

INFO:gurobipy:
Iteration    Objective       Primal Inf.    Dual Inf.      Time
INFO:gurobipy:Iteration    Objective       Primal Inf.    Dual Inf.      Time
   24316    5.8425675e+02   0.000000e+00   0.000000e+00    243s
INFO:gurobipy:   24316    5.8425675e+02   0.000000e+00   0.000000e+00    243s
Concurrent spin time: 1.24s (can be avoided by choosing Method=3)
INFO:gurobipy:Concurrent spin time: 1.24s (can be avoided by choosing Method=3)

INFO:gurobipy:
Solved with barrier
INFO:gurobipy:Solved with barrier
   24316    5.8425675e+02   0.000000e+00   0.000000e+00    244s
INFO:gurobipy:   24316    5.8425675e+02   0.000000e+00   0.000000e+00    244s

INFO:gurobipy:
Use crossover to convert LP symmetric solution to basic solution...
INFO:gurobipy:Use crossover to convert LP symmetric solution to basic solution...

INFO:gurobipy:
Root crossover log...
INFO:gurobipy:Root crossover log...

INFO:gurobipy:
    2143 DPushes remaining with DInf 0.0000000e+00               245s
INFO:gurobipy:    2143 DPushes remaining with DInf 0.0000000e+00               245s
       0 DPushes remaining with DInf 0.0000000e+00               245s
INFO:gurobipy:       0 DPushes remaining with DInf 0.0000000e+00               245s

INFO:gurobipy:
    8199 PPushes remaining with PInf 0.0000000e+00               245s
INFO:gurobipy:    8199 PPushes remaining with PInf 0.0000000e+00               245s
       0 PPushes remaining with PInf 0.0000000e+00               245s
INFO:gurobipy:       0 PPushes remaining with PInf 0.0000000e+00               245s

INFO:gurobipy:
  Push phase complete: Pinf 0.0000000e+00, Dinf 1.8424585e-13    245s
INFO:gurobipy:  Push phase complete: Pinf 0.0000000e+00, Dinf 1.8424585e-13    245s

INFO:gurobipy:

INFO:gurobipy:
Root simplex log...
INFO:gurobipy:Root simplex log...

INFO:gurobipy:
Iteration    Objective       Primal Inf.    Dual Inf.      Time
INFO:gurobipy:Iteration    Objective       Primal Inf.    Dual Inf.      Time
   34634    5.8425675e+02   0.000000e+00   0.000000e+00    245s
INFO:gurobipy:   34634    5.8425675e+02   0.000000e+00   0.000000e+00    245s
   34634    5.8425675e+02   0.000000e+00   0.000000e+00    245s
INFO:gurobipy:   34634    5.8425675e+02   0.000000e+00   0.000000e+00    245s

INFO:gurobipy:
Root relaxation: objective 5.842568e+02, 34634 iterations, 9.38 seconds (6.47 work units)
INFO:gurobipy:Root relaxation: objective 5.842568e+02, 34634 iterations, 9.38 seconds (6.47 work units)

INFO:gurobipy:
    Nodes    |    Current Node    |     Objective Bounds      |     Work
INFO:gurobipy:    Nodes    |    Current Node    |     Objective Bounds      |     Work
 Expl Unexpl |  Obj  Depth IntInf | Incumbent    BestBd   Gap | It/Node Time
INFO:gurobipy: Expl Unexpl |  Obj  Depth IntInf | Incumbent    BestBd   Gap | It/Node Time

INFO:gurobipy:
     0     0  584.25675    0 14340          -  584.25675      -     -  250s
INFO:gurobipy:     0     0  584.25675    0 14340          -  584.25675      -     -  250s
     0     0  585.19195    0 14461          -  585.19195      -     -  260s
INFO:gurobipy:     0     0  585.19195    0 14461          -  585.19195      -     -  260s
     0     0  585.22955    0 14472          -  585.22955      -     -  269s
INFO:gurobipy:     0     0  585.22955    0 14472          -  585.22955      -     -  269s
     0     0  585.27440    0 14454          -  585.27440      -     -  271s
INFO:gurobipy:     0     0  585.27440    0 14454          -  585.27440      -     -  271s
     0     0  585.27440    0 14457          -  585.27440      -     -  281s
INFO:gurobipy:     0     0  585.27440    0 14457          -  585.27440      -     -  281s
     0     0  585.28281    0 14456          -  585.28281      -     -  293s
INFO:gurobipy:     0     0  585.28281    0 14456          -  585.28281      -     -  293s
     0     0  585.29141    0 14457          -  585.29141      -     -  294s
INFO:gurobipy:     0     0  585.29141    0 14457          -  585.29141      -     -  294s
     0     0  585.29454    0 14376          -  585.29454      -     -  305s
INFO:gurobipy:     0     0  585.29454    0 14376          -  585.29454      -     -  305s
     0     0  585.29454    0 14382          -  585.29454      -     -  311s
INFO:gurobipy:     0     0  585.29454    0 14382          -  585.29454      -     -  311s
     0     0  585.30445    0 14385          -  585.30445      -     -  319s
INFO:gurobipy:     0     0  585.30445    0 14385          -  585.30445      -     -  319s
     0     0  585.30445    0 14364          -  585.30445      -     -  327s
INFO:gurobipy:     0     0  585.30445    0 14364          -  585.30445      -     -  327s
     0     0  585.30445    0 14366          -  585.30445      -     -  328s
INFO:gurobipy:     0     0  585.30445    0 14366          -  585.30445      -     -  328s
     0     0  585.30445    0 14354          -  585.30445      -     -  335s
INFO:gurobipy:     0     0  585.30445    0 14354          -  585.30445      -     -  335s
     0     0  585.30445    0 14356          -  585.30445      -     -  336s
INFO:gurobipy:     0     0  585.30445    0 14356          -  585.30445      -     -  336s
     0     0  585.30445    0 14357          -  585.30445      -     -  343s
INFO:gurobipy:     0     0  585.30445    0 14357          -  585.30445      -     -  343s
     0     0  585.30445    0 14357          -  585.30445      -     -  346s
INFO:gurobipy:     0     0  585.30445    0 14357          -  585.30445      -     -  346s
H    0     0                     748.3063636  585.30445  21.8%     -  347s
INFO:gurobipy:H    0     0                     748.3063636  585.30445  21.8%     -  347s
H    0     0                     748.2563636  585.30445  21.8%     -  349s
INFO:gurobipy:H    0     0                     748.2563636  585.30445  21.8%     -  349s
H    0     0                     748.1563636  585.30445  21.8%     -  349s
INFO:gurobipy:H    0     0                     748.1563636  585.30445  21.8%     -  349s
H    0     0                     746.2600000  585.30445  21.6%     -  349s
INFO:gurobipy:H    0     0                     746.2600000  585.30445  21.6%     -  349s
H    0     0                     745.9418182  585.30445  21.5%     -  349s
INFO:gurobipy:H    0     0                     745.9418182  585.30445  21.5%     -  349s
H    0     0                     745.8918182  585.30445  21.5%     -  349s
INFO:gurobipy:H    0     0                     745.8918182  585.30445  21.5%     -  349s
H    0     0                     673.2972727  585.30445  13.1%     -  350s
INFO:gurobipy:H    0     0                     673.2972727  585.30445  13.1%     -  350s
H    0     0                     672.7063636  585.30445  13.0%     -  350s
INFO:gurobipy:H    0     0                     672.7063636  585.30445  13.0%     -  350s
H    0     0                     672.3427273  585.30445  12.9%     -  352s
INFO:gurobipy:H    0     0                     672.3427273  585.30445  12.9%     -  352s
H    0     0                     672.2672727  585.30445  12.9%     -  353s
INFO:gurobipy:H    0     0                     672.2672727  585.30445  12.9%     -  353s
H    0     0                     671.4718182  585.30445  12.8%     -  355s
INFO:gurobipy:H    0     0                     671.4718182  585.30445  12.8%     -  355s
H    0     0                     670.6927273  585.30445  12.7%     -  355s
INFO:gurobipy:H    0     0                     670.6927273  585.30445  12.7%     -  355s
H    0     0                     670.6363636  585.30445  12.7%     -  355s
INFO:gurobipy:H    0     0                     670.6363636  585.30445  12.7%     -  355s
H    0     0                     610.9900000  585.30445  4.20%     -  358s
INFO:gurobipy:H    0     0                     610.9900000  585.30445  4.20%     -  358s

INFO:gurobipy:
Cutting planes:
INFO:gurobipy:Cutting planes:
  Gomory: 4
INFO:gurobipy:  Gomory: 4
  Implied bound: 9
INFO:gurobipy:  Implied bound: 9
  MIR: 621
INFO:gurobipy:  MIR: 621
  Zero half: 116
INFO:gurobipy:  Zero half: 116
  RLT: 74
INFO:gurobipy:  RLT: 74
  Relax-and-lift: 22
INFO:gurobipy:  Relax-and-lift: 22

INFO:gurobipy:
Explored 1 nodes (161853 simplex iterations) in 358.41 seconds (231.14 work units)
INFO:gurobipy:Explored 1 nodes (161853 simplex iterations) in 358.41 seconds (231.14 work units)
Thread count was 16 (of 192 available processors)
INFO:gurobipy:Thread count was 16 (of 192 available processors)

INFO:gurobipy:
Solution count 10: 610.99 670.636 670.693 ... 745.942
INFO:gurobipy:Solution count 10: 610.99 670.636 670.693 ... 745.942

INFO:gurobipy:
Optimal solution found (tolerance 5.00e-02)
INFO:gurobipy:Optimal solution found (tolerance 5.00e-02)
Best objective 6.109900000000e+02, best bound 5.853044532187e+02, gap 4.2039%
INFO:gurobipy:Best objective 6.109900000000e+02, best bound 5.853044532187e+02, gap 4.2039%
INFO:root:[time] ilp_solve took 426.34s (8,362.32421875 MB; 8,660.453125 MB)
[ilp] model.objVal=611.0
[ilp] Z_cost.getValue()=245.0
[ilp] A_cost.getValue()=0.0
[ilp] D_cost.getValue()=192.6
[ilp] NM_cost.getValue()=173.4
[ilp] KIR2DL1 0030204 => 1019
[ilp] KIR2DL2 0030101 => 1076
[ilp] KIR2DL3 0010101 => 1095
[ilp] KIR2DL4 0010304 => 137
[ilp] KIR2DL5B 00601 => 582
[ilp] KIR2DP1 0020104 => 1014
[ilp] KIR2DS1 0020101 => 1101
[ilp] KIR2DS2 00102 => 1086
[ilp] KIR2DS4 0010103 => 767
[ilp] KIR2DS5 0020108 => 1110
[ilp] KIR3DL1 0150102 => 728
[ilp] KIR3DL2 01901 => 611
[ilp] KIR3DL2 040 => 585
[ilp] KIR3DL3 0020101 => 583
[ilp] KIR3DL3 034 => 604
[ilp] KIR3DP1 048 => 376
[ilp] len(dropped)=2,408
