2026-05-16 20:52:35.867081: I tensorflow/core/util/port.cc:111] oneDNN custom operations are on. You may see slightly different numerical results due to floating-point round-off errors from different computation orders. To turn them off, set the environment variable `TF_ENABLE_ONEDNN_OPTS=0`.
2026-05-16 20:52:35.906317: E tensorflow/compiler/xla/stream_executor/cuda/cuda_dnn.cc:9342] Unable to register cuDNN factory: Attempting to register factory for plugin cuDNN when one has already been registered
2026-05-16 20:52:35.906494: E tensorflow/compiler/xla/stream_executor/cuda/cuda_fft.cc:609] Unable to register cuFFT factory: Attempting to register factory for plugin cuFFT when one has already been registered
2026-05-16 20:52:35.906654: E tensorflow/compiler/xla/stream_executor/cuda/cuda_blas.cc:1518] Unable to register cuBLAS factory: Attempting to register factory for plugin cuBLAS when one has already been registered
2026-05-16 20:52:35.916724: I tensorflow/core/platform/cpu_feature_guard.cc:182] This TensorFlow binary is optimized to use available CPU instructions in performance-critical operations.
To enable the following instructions: AVX2 AVX512F AVX512_VNNI FMA, in other operations, rebuild TensorFlow with the appropriate compiler flags.
AttributeError: 'MessageFactory' object has no attribute 'GetPrototype'
2026-05-16 20:52:36.973627: W tensorflow/compiler/tf2tensorrt/utils/py_utils.cc:38] TF-TRT Warning: Could not find TensorRT
AttributeError: 'MessageFactory' object has no attribute 'GetPrototype'
[info] total indices 14
[info] total variants 14
1.001 was filtered out as 15990430 C>T needs C but not covered
2.001 was filtered out as 15990430 C>T needs C but not covered
[filter] CYP4F2 3 => 3.001
[filter] CYP4F2 4 => 4.1001
[filter] valid_alleles=2
Step 0: Loss=0.0623, CN=[2.0999167]
Step 100: Loss=0.0417, CN=[2.2184646]
Step 200: Loss=0.0417, CN=[2.2184663]
Step 300: Loss=0.0417, CN=[2.218461]
Step 400: Loss=0.0417, CN=[2.2184613]

=== Fit ===
Region 0: obs=2.149, exp=2.218, diff=-0.070 
Region 1: obs=2.070, exp=2.218, diff=-0.149 
Region 2: obs=1.886, exp=2.218, diff=-0.332 
Region 3: obs=2.345, exp=2.218, diff=+0.127 
Region 4: obs=1.817, exp=2.218, diff=-0.401 
Region 5: obs=2.107, exp=2.218, diff=-0.111 
Region 6: obs=2.217, exp=2.218, diff=-0.001 
Region 7: obs=2.385, exp=2.218, diff=+0.166 
Region 8: obs=2.199, exp=2.218, diff=-0.020 
Region 9: obs=2.284, exp=2.218, diff=+0.066 
Region 10: obs=2.658, exp=2.218, diff=+0.440 
Region 11: obs=2.274, exp=2.218, diff=+0.056 
Region 12: obs=1.915, exp=2.218, diff=-0.304 
Region 13: obs=2.393, exp=2.218, diff=+0.175 
Region 14: obs=2.058, exp=2.218, diff=-0.160 
Region 15: obs=2.174, exp=2.218, diff=-0.044 
Region 16: obs=1.488, exp=2.218, diff=-0.730 *
Region 17: obs=2.113, exp=2.218, diff=-0.106 
Region 18: obs=2.241, exp=2.218, diff=+0.023 
Region 19: obs=1.905, exp=2.218, diff=-0.313 
Region 20: obs=2.736, exp=2.218, diff=+0.518 *
Region 21: obs=2.574, exp=2.218, diff=+0.355 
Region 22: obs=2.005, exp=2.218, diff=-0.213 
Region 23: obs=2.327, exp=2.218, diff=+0.108 
Region 24: obs=2.880, exp=2.218, diff=+0.662 *
Region 25: obs=2.509, exp=2.218, diff=+0.291 
Region 26: obs=2.137, exp=2.218, diff=-0.081 

[Gene CN Results]
  CYP4F2: 2.22 → 2.218461275100708
Using device: cuda

=== Running VAE with seed 42 ===
Global Pooled JS: 0.026021
Seed 42, Step    0: Loss = 191.68 (Recon: 12.93, Allele KL: 0.10, Base KL: 6.84, Functional KL: 0.03
Global Pooled JS: 0.008019
Seed 42, Step  500: Loss = 79.59 (Recon: 7.30, Allele KL: 4.06, Base KL: 15047.42, Functional KL: 0.01
Global Pooled JS: 0.005543
Seed 42, Step 1000: Loss = 62.99 (Recon: 6.43, Allele KL: 3.29, Base KL: 14794.52, Functional KL: 0.01
Global Pooled JS: 0.010741
Seed 42, Step 1500: Loss = 95.87 (Recon: 8.25, Allele KL: 2.99, Base KL: 15016.80, Functional KL: 0.01
Global Pooled JS: 0.006413
Seed 42, Step 2000: Loss = 68.50 (Recon: 6.74, Allele KL: 2.95, Base KL: 15157.52, Functional KL: 0.01
Global Pooled JS: 0.005453
Seed 42, Step 2500: Loss = 62.62 (Recon: 6.41, Allele KL: 3.40, Base KL: 15028.13, Functional KL: 0.01

Top Variants with Coverage Mismatches:
Rank   Variant                        Expected     Observed     Diff       |Div|       
------------------------------------------------------------------------------------------
1      CYP4F2:15990430→T              46.70        55.00        -8.30      0.001805    
2      CYP4F2:16008387→A              20.74        17.00        3.74       0.000989    
3      CYP4F2:16008387→C              26.08        22.00        4.08       0.000924    
4      CYP4F2:15990430→M              0.05         0.00         0.05       0.000190    
5      CYP4F2:15990430→A              0.05         0.00         0.05       0.000188    
6      CYP4F2:15990430→N              0.05         0.00         0.05       0.000187    
7      CYP4F2:15990430→G              0.05         0.00         0.05       0.000186    
8      CYP4F2:15990430→C              0.05         0.00         0.05       0.000185    
9      CYP4F2:15990430→P              0.05         0.00         0.05       0.000184    
10     CYP4F2:16008387→M              0.04         0.00         0.04       0.000130    
11     CYP4F2:16008387→T              0.03         0.00         0.03       0.000129    
12     CYP4F2:16008387→G              0.03         0.00         0.03       0.000127    
13     CYP4F2:16008387→N              0.03         0.00         0.03       0.000126    
14     CYP4F2:16008387→P              0.03         0.00         0.03       0.000124    
New best model with final loss: 63.04

=== Running VAE with seed 123 ===
Global Pooled JS: 0.098815
Seed 123, Step    0: Loss = 668.43 (Recon: 52.86, Allele KL: 1.28, Base KL: 10.63, Functional KL: 0.10
Global Pooled JS: 0.005522
Seed 123, Step  500: Loss = 63.73 (Recon: 6.43, Allele KL: 3.93, Base KL: 15040.47, Functional KL: 0.01
Global Pooled JS: 0.005534
Seed 123, Step 1000: Loss = 63.15 (Recon: 6.43, Allele KL: 3.29, Base KL: 14985.87, Functional KL: 0.01
Global Pooled JS: 0.005603
Seed 123, Step 1500: Loss = 63.55 (Recon: 6.46, Allele KL: 3.33, Base KL: 15014.12, Functional KL: 0.01
Global Pooled JS: 0.005589
Seed 123, Step 2000: Loss = 63.08 (Recon: 6.45, Allele KL: 2.84, Base KL: 15069.66, Functional KL: 0.01
Global Pooled JS: 0.006422
Seed 123, Step 2500: Loss = 69.07 (Recon: 6.74, Allele KL: 3.48, Base KL: 15149.49, Functional KL: 0.01

Top Variants with Coverage Mismatches:
Rank   Variant                        Expected     Observed     Diff       |Div|       
------------------------------------------------------------------------------------------
1      CYP4F2:15990430→T              46.69        55.00        -8.31      0.001810    
2      CYP4F2:16008387→A              20.91        17.00        3.91       0.001074    
3      CYP4F2:16008387→C              25.93        22.00        3.93       0.000856    
4      CYP4F2:15990430→A              0.05         0.00         0.05       0.000196    
5      CYP4F2:15990430→C              0.05         0.00         0.05       0.000196    
6      CYP4F2:15990430→G              0.05         0.00         0.05       0.000194    
7      CYP4F2:15990430→P              0.05         0.00         0.05       0.000193    
8      CYP4F2:15990430→N              0.05         0.00         0.05       0.000191    
9      CYP4F2:15990430→M              0.05         0.00         0.05       0.000190    
10     CYP4F2:16008387→M              0.03         0.00         0.03       0.000125    
11     CYP4F2:16008387→G              0.03         0.00         0.03       0.000124    
12     CYP4F2:16008387→N              0.03         0.00         0.03       0.000121    
13     CYP4F2:16008387→T              0.03         0.00         0.03       0.000120    
14     CYP4F2:16008387→P              0.03         0.00         0.03       0.000120    

=== Running VAE with seed 456 ===
Global Pooled JS: 0.077072
Seed 456, Step    0: Loss = 521.15 (Recon: 36.41, Allele KL: 0.39, Base KL: 11.02, Functional KL: 0.08
Global Pooled JS: 0.005588
Seed 456, Step  500: Loss = 63.47 (Recon: 6.45, Allele KL: 3.29, Base KL: 15026.81, Functional KL: 0.01
Global Pooled JS: 0.005570
Seed 456, Step 1000: Loss = 63.90 (Recon: 6.44, Allele KL: 3.73, Base KL: 15129.78, Functional KL: 0.01
Global Pooled JS: 0.005662
Seed 456, Step 1500: Loss = 64.55 (Recon: 6.48, Allele KL: 3.78, Base KL: 15188.38, Functional KL: 0.01
Global Pooled JS: 0.005557
Seed 456, Step 2000: Loss = 63.53 (Recon: 6.44, Allele KL: 3.53, Base KL: 14989.79, Functional KL: 0.01
Global Pooled JS: 0.005560
Seed 456, Step 2500: Loss = 63.60 (Recon: 6.44, Allele KL: 3.48, Base KL: 15118.27, Functional KL: 0.01

Top Variants with Coverage Mismatches:
Rank   Variant                        Expected     Observed     Diff       |Div|       
------------------------------------------------------------------------------------------
1      CYP4F2:15990430→T              46.68        55.00        -8.32      0.001813    
2      CYP4F2:16008387→A              20.87        17.00        3.87       0.001051    
3      CYP4F2:16008387→C              25.97        22.00        3.97       0.000874    
4      CYP4F2:15990430→C              0.05         0.00         0.05       0.000201    
5      CYP4F2:15990430→G              0.05         0.00         0.05       0.000197    
6      CYP4F2:15990430→A              0.05         0.00         0.05       0.000197    
7      CYP4F2:15990430→N              0.05         0.00         0.05       0.000196    
8      CYP4F2:15990430→P              0.05         0.00         0.05       0.000195    
9      CYP4F2:15990430→M              0.05         0.00         0.05       0.000195    
10     CYP4F2:16008387→N              0.03         0.00         0.03       0.000125    
11     CYP4F2:16008387→T              0.03         0.00         0.03       0.000123    
12     CYP4F2:16008387→P              0.03         0.00         0.03       0.000123    
13     CYP4F2:16008387→M              0.03         0.00         0.03       0.000122    
14     CYP4F2:16008387→G              0.03         0.00         0.03       0.000121    

=== Multi-Seed VAE Results ===
Best model had seed 42 with final loss: 63.04
All seeds final losses:
  Seed 42: Total=63.04 (Recon=6.43, A_KL=2.89, B_KL=15239.36) <- Best
  Seed 123: Total=65.76 (Recon=6.56, A_KL=3.53, B_KL=15122.02)
  Seed 456: Total=64.26 (Recon=6.49, A_KL=3.41, B_KL=15070.35)
[time] run_vae took 159.93s (2,557.94921875 MB; 2,557.94921875 MB)

[Raw]:
CYP4F2*4: Normalized=0.5595, Unnormalized=0.56
CYP4F2*3: Normalized=0.4405, Unnormalized=0.44

[Alleles]
CYP4F2*4
CYP4F2*3
	Command being timed: "python cyp.py CYP4F2 /project/shared/aldy-data/wgs/NA07029.wgs.cram"
	User time (seconds): 141.79
	System time (seconds): 26.60
	Percent of CPU this job got: 99%
	Elapsed (wall clock) time (h:mm:ss or m:ss): 2:49.17
	Average shared text size (kbytes): 0
	Average unshared data size (kbytes): 0
	Average stack size (kbytes): 0
	Average total size (kbytes): 0
	Maximum resident set size (kbytes): 2619572
	Average resident set size (kbytes): 0
	Major (requiring I/O) page faults: 0
	Minor (reclaiming a frame) page faults: 739850
	Voluntary context switches: 22884
	Involuntary context switches: 211
	Swaps: 0
	File system inputs: 0
	File system outputs: 40
	Socket messages sent: 0
	Socket messages received: 0
	Signals delivered: 0
	Page size (bytes): 4096
	Exit status: 0
