2026-05-16 20:55:16.109066: I tensorflow/core/util/port.cc:111] oneDNN custom operations are on. You may see slightly different numerical results due to floating-point round-off errors from different computation orders. To turn them off, set the environment variable `TF_ENABLE_ONEDNN_OPTS=0`.
2026-05-16 20:55:16.146967: E tensorflow/compiler/xla/stream_executor/cuda/cuda_dnn.cc:9342] Unable to register cuDNN factory: Attempting to register factory for plugin cuDNN when one has already been registered
2026-05-16 20:55:16.147128: E tensorflow/compiler/xla/stream_executor/cuda/cuda_fft.cc:609] Unable to register cuFFT factory: Attempting to register factory for plugin cuFFT when one has already been registered
2026-05-16 20:55:16.147265: E tensorflow/compiler/xla/stream_executor/cuda/cuda_blas.cc:1518] Unable to register cuBLAS factory: Attempting to register factory for plugin cuBLAS when one has already been registered
2026-05-16 20:55:16.156136: I tensorflow/core/platform/cpu_feature_guard.cc:182] This TensorFlow binary is optimized to use available CPU instructions in performance-critical operations.
To enable the following instructions: AVX2 AVX512F AVX512_VNNI FMA, in other operations, rebuild TensorFlow with the appropriate compiler flags.
AttributeError: 'MessageFactory' object has no attribute 'GetPrototype'
2026-05-16 20:55:17.270305: W tensorflow/compiler/tf2tensorrt/utils/py_utils.cc:38] TF-TRT Warning: Could not find TensorRT
AttributeError: 'MessageFactory' object has no attribute 'GetPrototype'
[info] total indices 14
[info] total variants 14
2.001 was filtered out as 16008387 A>C needs C but not covered
3.001 was filtered out as 15990430 C>T needs T but not covered
4.1001 was filtered out as 16008387 A>C needs C but not covered
[filter] CYP4F2 1 => 1.001
[filter] valid_alleles=1
Step 0: Loss=0.0457, CN=[2.0999167]
Step 100: Loss=0.0378, CN=[2.1334841]
Step 200: Loss=0.0378, CN=[2.1338701]
Step 300: Loss=0.0378, CN=[2.1338716]
Step 400: Loss=0.0378, CN=[2.1338716]

=== Fit ===
Region 0: obs=2.248, exp=2.134, diff=+0.114 
Region 1: obs=2.296, exp=2.134, diff=+0.162 
Region 2: obs=1.868, exp=2.134, diff=-0.266 
Region 3: obs=1.947, exp=2.134, diff=-0.187 
Region 4: obs=2.005, exp=2.134, diff=-0.129 
Region 5: obs=2.232, exp=2.134, diff=+0.098 
Region 6: obs=1.976, exp=2.134, diff=-0.158 
Region 7: obs=2.089, exp=2.134, diff=-0.044 
Region 8: obs=2.189, exp=2.134, diff=+0.055 
Region 9: obs=2.367, exp=2.134, diff=+0.233 
Region 10: obs=1.876, exp=2.134, diff=-0.258 
Region 11: obs=2.102, exp=2.134, diff=-0.032 
Region 12: obs=2.201, exp=2.134, diff=+0.067 
Region 13: obs=2.060, exp=2.134, diff=-0.074 
Region 14: obs=1.912, exp=2.134, diff=-0.222 
Region 15: obs=1.979, exp=2.134, diff=-0.154 
Region 16: obs=2.291, exp=2.134, diff=+0.157 
Region 17: obs=2.245, exp=2.134, diff=+0.111 
Region 18: obs=2.013, exp=2.134, diff=-0.121 
Region 19: obs=2.025, exp=2.134, diff=-0.109 
Region 20: obs=2.455, exp=2.134, diff=+0.321 
Region 21: obs=1.899, exp=2.134, diff=-0.234 
Region 22: obs=1.503, exp=2.134, diff=-0.631 *
Region 23: obs=2.069, exp=2.134, diff=-0.065 
Region 24: obs=2.932, exp=2.134, diff=+0.798 *
Region 25: obs=2.807, exp=2.134, diff=+0.673 *
Region 26: obs=2.370, exp=2.134, diff=+0.236 

[Gene CN Results]
  CYP4F2: 2.13 → 2.133871555328369
Using device: cuda

[Raw]:
CYP4F2*1: Normalized=1.0000, Unnormalized=1.00

[Alleles]
CYP4F2*1
CYP4F2*1
	Command being timed: "python cyp.py CYP4F2 /project/shared/aldy-data/wgs/NA10831.wgs.cram"
	User time (seconds): 7.49
	System time (seconds): 1.64
	Percent of CPU this job got: 98%
	Elapsed (wall clock) time (h:mm:ss or m:ss): 0:09.32
	Average shared text size (kbytes): 0
	Average unshared data size (kbytes): 0
	Average stack size (kbytes): 0
	Average total size (kbytes): 0
	Maximum resident set size (kbytes): 2584728
	Average resident set size (kbytes): 0
	Major (requiring I/O) page faults: 0
	Minor (reclaiming a frame) page faults: 604226
	Voluntary context switches: 3225
	Involuntary context switches: 36
	Swaps: 0
	File system inputs: 0
	File system outputs: 24
	Socket messages sent: 0
	Socket messages received: 0
	Signals delivered: 0
	Page size (bytes): 4096
	Exit status: 0
