2026-05-16 20:58:15.275011: I tensorflow/core/util/port.cc:111] oneDNN custom operations are on. You may see slightly different numerical results due to floating-point round-off errors from different computation orders. To turn them off, set the environment variable `TF_ENABLE_ONEDNN_OPTS=0`.
2026-05-16 20:58:15.314062: E tensorflow/compiler/xla/stream_executor/cuda/cuda_dnn.cc:9342] Unable to register cuDNN factory: Attempting to register factory for plugin cuDNN when one has already been registered
2026-05-16 20:58:15.314222: E tensorflow/compiler/xla/stream_executor/cuda/cuda_fft.cc:609] Unable to register cuFFT factory: Attempting to register factory for plugin cuFFT when one has already been registered
2026-05-16 20:58:15.314366: E tensorflow/compiler/xla/stream_executor/cuda/cuda_blas.cc:1518] Unable to register cuBLAS factory: Attempting to register factory for plugin cuBLAS when one has already been registered
2026-05-16 20:58:15.323519: I tensorflow/core/platform/cpu_feature_guard.cc:182] This TensorFlow binary is optimized to use available CPU instructions in performance-critical operations.
To enable the following instructions: AVX2 AVX512F AVX512_VNNI FMA, in other operations, rebuild TensorFlow with the appropriate compiler flags.
AttributeError: 'MessageFactory' object has no attribute 'GetPrototype'
2026-05-16 20:58:16.378053: W tensorflow/compiler/tf2tensorrt/utils/py_utils.cc:38] TF-TRT Warning: Could not find TensorRT
AttributeError: 'MessageFactory' object has no attribute 'GetPrototype'
[info] total indices 14
[info] total variants 14
2.001 was filtered out as 16008387 A>C needs C but not covered
3.001 was filtered out as 15990430 C>T needs T but not covered
4.1001 was filtered out as 16008387 A>C needs C but not covered
[filter] CYP4F2 1 => 1.001
[filter] valid_alleles=1
Step 0: Loss=0.2223, CN=[2.0999167]
Step 100: Loss=0.0407, CN=[2.6863945]
Step 200: Loss=0.0407, CN=[2.6854587]
Step 300: Loss=0.0407, CN=[2.6854458]
Step 400: Loss=0.0407, CN=[2.6854458]

=== Fit ===
Region 0: obs=2.610, exp=2.685, diff=-0.075 
Region 1: obs=2.943, exp=2.685, diff=+0.257 
Region 2: obs=3.016, exp=2.685, diff=+0.331 
Region 3: obs=2.420, exp=2.685, diff=-0.265 
Region 4: obs=2.080, exp=2.685, diff=-0.605 *
Region 5: obs=2.769, exp=2.685, diff=+0.084 
Region 6: obs=3.130, exp=2.685, diff=+0.445 
Region 7: obs=3.060, exp=2.685, diff=+0.374 
Region 8: obs=3.199, exp=2.685, diff=+0.513 *
Region 9: obs=2.524, exp=2.685, diff=-0.162 
Region 10: obs=2.411, exp=2.685, diff=-0.275 
Region 11: obs=3.122, exp=2.685, diff=+0.437 
Region 12: obs=2.676, exp=2.685, diff=-0.010 
Region 13: obs=2.886, exp=2.685, diff=+0.201 
Region 14: obs=2.285, exp=2.685, diff=-0.400 
Region 15: obs=2.378, exp=2.685, diff=-0.307 
Region 16: obs=2.615, exp=2.685, diff=-0.071 
Region 17: obs=2.759, exp=2.685, diff=+0.073 
Region 18: obs=2.518, exp=2.685, diff=-0.167 
Region 19: obs=2.584, exp=2.685, diff=-0.101 
Region 20: obs=2.505, exp=2.685, diff=-0.181 
Region 21: obs=2.205, exp=2.685, diff=-0.480 
Region 22: obs=2.516, exp=2.685, diff=-0.170 
Region 23: obs=2.824, exp=2.685, diff=+0.139 
Region 24: obs=2.801, exp=2.685, diff=+0.115 
Region 25: obs=2.764, exp=2.685, diff=+0.079 
Region 26: obs=2.815, exp=2.685, diff=+0.129 

[Gene CN Results]
  CYP4F2: 2.69 → 2.685445547103882
Using device: cuda

[Raw]:
CYP4F2*1: Normalized=1.0000, Unnormalized=1.00

[Alleles]
CYP4F2*1
CYP4F2*1
	Command being timed: "python cyp.py CYP4F2 /project/shared/aldy-data/wgs/NA12873.wgs.cram"
	User time (seconds): 8.14
	System time (seconds): 1.73
	Percent of CPU this job got: 97%
	Elapsed (wall clock) time (h:mm:ss or m:ss): 0:10.11
	Average shared text size (kbytes): 0
	Average unshared data size (kbytes): 0
	Average stack size (kbytes): 0
	Average total size (kbytes): 0
	Maximum resident set size (kbytes): 2606120
	Average resident set size (kbytes): 0
	Major (requiring I/O) page faults: 0
	Minor (reclaiming a frame) page faults: 608051
	Voluntary context switches: 3221
	Involuntary context switches: 40
	Swaps: 0
	File system inputs: 0
	File system outputs: 32
	Socket messages sent: 0
	Socket messages received: 0
	Signals delivered: 0
	Page size (bytes): 4096
	Exit status: 0
