2026-05-16 21:05:55.707691: I tensorflow/core/util/port.cc:111] oneDNN custom operations are on. You may see slightly different numerical results due to floating-point round-off errors from different computation orders. To turn them off, set the environment variable `TF_ENABLE_ONEDNN_OPTS=0`.
2026-05-16 21:05:55.746665: E tensorflow/compiler/xla/stream_executor/cuda/cuda_dnn.cc:9342] Unable to register cuDNN factory: Attempting to register factory for plugin cuDNN when one has already been registered
2026-05-16 21:05:55.746785: E tensorflow/compiler/xla/stream_executor/cuda/cuda_fft.cc:609] Unable to register cuFFT factory: Attempting to register factory for plugin cuFFT when one has already been registered
2026-05-16 21:05:55.746926: E tensorflow/compiler/xla/stream_executor/cuda/cuda_blas.cc:1518] Unable to register cuBLAS factory: Attempting to register factory for plugin cuBLAS when one has already been registered
2026-05-16 21:05:55.756045: I tensorflow/core/platform/cpu_feature_guard.cc:182] This TensorFlow binary is optimized to use available CPU instructions in performance-critical operations.
To enable the following instructions: AVX2 AVX512F AVX512_VNNI FMA, in other operations, rebuild TensorFlow with the appropriate compiler flags.
AttributeError: 'MessageFactory' object has no attribute 'GetPrototype'
2026-05-16 21:05:56.903874: W tensorflow/compiler/tf2tensorrt/utils/py_utils.cc:38] TF-TRT Warning: Could not find TensorRT
AttributeError: 'MessageFactory' object has no attribute 'GetPrototype'
[info] total indices 14
[info] total variants 14
2.001 was filtered out as 16008387 A>C needs C but not covered
3.001 was filtered out as 15990430 C>T needs T but not covered
4.1001 was filtered out as 16008387 A>C needs C but not covered
[filter] CYP4F2 1 => 1.001
[filter] valid_alleles=1
Step 0: Loss=0.0469, CN=[2.0999167]
Step 100: Loss=0.0425, CN=[2.0984032]
Step 200: Loss=0.0425, CN=[2.0979617]
Step 300: Loss=0.0425, CN=[2.097963]
Step 400: Loss=0.0425, CN=[2.0979626]

=== Fit ===
Region 0: obs=2.154, exp=2.098, diff=+0.056 
Region 1: obs=2.048, exp=2.098, diff=-0.050 
Region 2: obs=1.588, exp=2.098, diff=-0.510 *
Region 3: obs=2.164, exp=2.098, diff=+0.066 
Region 4: obs=1.821, exp=2.098, diff=-0.277 
Region 5: obs=2.042, exp=2.098, diff=-0.056 
Region 6: obs=2.140, exp=2.098, diff=+0.042 
Region 7: obs=2.052, exp=2.098, diff=-0.046 
Region 8: obs=2.265, exp=2.098, diff=+0.167 
Region 9: obs=2.026, exp=2.098, diff=-0.072 
Region 10: obs=2.049, exp=2.098, diff=-0.049 
Region 11: obs=1.853, exp=2.098, diff=-0.245 
Region 12: obs=1.735, exp=2.098, diff=-0.363 
Region 13: obs=2.407, exp=2.098, diff=+0.309 
Region 14: obs=2.095, exp=2.098, diff=-0.003 
Region 15: obs=2.233, exp=2.098, diff=+0.135 
Region 16: obs=2.130, exp=2.098, diff=+0.032 
Region 17: obs=2.302, exp=2.098, diff=+0.204 
Region 18: obs=2.545, exp=2.098, diff=+0.447 
Region 19: obs=2.686, exp=2.098, diff=+0.588 *
Region 20: obs=2.639, exp=2.098, diff=+0.541 *
Region 21: obs=2.426, exp=2.098, diff=+0.328 
Region 22: obs=1.725, exp=2.098, diff=-0.373 
Region 23: obs=1.747, exp=2.098, diff=-0.351 
Region 24: obs=1.624, exp=2.098, diff=-0.474 
Region 25: obs=1.878, exp=2.098, diff=-0.220 
Region 26: obs=2.392, exp=2.098, diff=+0.294 

[Gene CN Results]
  CYP4F2: 2.10 → 2.0979630947113037
Using device: cuda

[Raw]:
CYP4F2*1: Normalized=1.0000, Unnormalized=1.00

[Alleles]
CYP4F2*1
CYP4F2*1
	Command being timed: "python cyp.py CYP4F2 /project/shared/aldy-data/wgs/NA18617.wgs.cram"
	User time (seconds): 7.61
	System time (seconds): 1.69
	Percent of CPU this job got: 97%
	Elapsed (wall clock) time (h:mm:ss or m:ss): 0:09.53
	Average shared text size (kbytes): 0
	Average unshared data size (kbytes): 0
	Average stack size (kbytes): 0
	Average total size (kbytes): 0
	Maximum resident set size (kbytes): 2599000
	Average resident set size (kbytes): 0
	Major (requiring I/O) page faults: 0
	Minor (reclaiming a frame) page faults: 624462
	Voluntary context switches: 3225
	Involuntary context switches: 32
	Swaps: 0
	File system inputs: 0
	File system outputs: 24
	Socket messages sent: 0
	Socket messages received: 0
	Signals delivered: 0
	Page size (bytes): 4096
	Exit status: 0
