2026-05-16 21:06:53.453739: I tensorflow/core/util/port.cc:111] oneDNN custom operations are on. You may see slightly different numerical results due to floating-point round-off errors from different computation orders. To turn them off, set the environment variable `TF_ENABLE_ONEDNN_OPTS=0`.
2026-05-16 21:06:53.491320: E tensorflow/compiler/xla/stream_executor/cuda/cuda_dnn.cc:9342] Unable to register cuDNN factory: Attempting to register factory for plugin cuDNN when one has already been registered
2026-05-16 21:06:53.491490: E tensorflow/compiler/xla/stream_executor/cuda/cuda_fft.cc:609] Unable to register cuFFT factory: Attempting to register factory for plugin cuFFT when one has already been registered
2026-05-16 21:06:53.491645: E tensorflow/compiler/xla/stream_executor/cuda/cuda_blas.cc:1518] Unable to register cuBLAS factory: Attempting to register factory for plugin cuBLAS when one has already been registered
2026-05-16 21:06:53.500115: I tensorflow/core/platform/cpu_feature_guard.cc:182] This TensorFlow binary is optimized to use available CPU instructions in performance-critical operations.
To enable the following instructions: AVX2 AVX512F AVX512_VNNI FMA, in other operations, rebuild TensorFlow with the appropriate compiler flags.
AttributeError: 'MessageFactory' object has no attribute 'GetPrototype'
2026-05-16 21:06:54.571936: W tensorflow/compiler/tf2tensorrt/utils/py_utils.cc:38] TF-TRT Warning: Could not find TensorRT
AttributeError: 'MessageFactory' object has no attribute 'GetPrototype'
[info] total indices 14
[info] total variants 14
2.001 was filtered out as 16008387 A>C needs C but not covered
3.001 was filtered out as 15990430 C>T needs T but not covered
4.1001 was filtered out as 16008387 A>C needs C but not covered
[filter] CYP4F2 1 => 1.001
[filter] valid_alleles=1
Step 0: Loss=0.0465, CN=[2.0999167]
Step 100: Loss=0.0457, CN=[2.0433407]
Step 200: Loss=0.0457, CN=[2.0431101]
Step 300: Loss=0.0457, CN=[2.0431092]
Step 400: Loss=0.0457, CN=[2.0431085]

=== Fit ===
Region 0: obs=1.985, exp=2.043, diff=-0.058 
Region 1: obs=2.057, exp=2.043, diff=+0.014 
Region 2: obs=2.546, exp=2.043, diff=+0.503 *
Region 3: obs=2.010, exp=2.043, diff=-0.033 
Region 4: obs=1.993, exp=2.043, diff=-0.050 
Region 5: obs=2.214, exp=2.043, diff=+0.170 
Region 6: obs=2.046, exp=2.043, diff=+0.002 
Region 7: obs=1.626, exp=2.043, diff=-0.417 
Region 8: obs=1.903, exp=2.043, diff=-0.141 
Region 9: obs=2.095, exp=2.043, diff=+0.052 
Region 10: obs=2.015, exp=2.043, diff=-0.028 
Region 11: obs=1.638, exp=2.043, diff=-0.405 
Region 12: obs=2.067, exp=2.043, diff=+0.024 
Region 13: obs=2.519, exp=2.043, diff=+0.476 
Region 14: obs=1.644, exp=2.043, diff=-0.399 
Region 15: obs=1.499, exp=2.043, diff=-0.544 *
Region 16: obs=2.228, exp=2.043, diff=+0.185 
Region 17: obs=2.124, exp=2.043, diff=+0.081 
Region 18: obs=2.455, exp=2.043, diff=+0.412 
Region 19: obs=2.108, exp=2.043, diff=+0.065 
Region 20: obs=2.233, exp=2.043, diff=+0.190 
Region 21: obs=2.071, exp=2.043, diff=+0.028 
Region 22: obs=2.092, exp=2.043, diff=+0.049 
Region 23: obs=1.444, exp=2.043, diff=-0.599 *
Region 24: obs=1.580, exp=2.043, diff=-0.463 
Region 25: obs=2.552, exp=2.043, diff=+0.509 *
Region 26: obs=2.291, exp=2.043, diff=+0.248 

[Gene CN Results]
  CYP4F2: 2.04 → 2.0431089401245117
Using device: cuda

[Raw]:
CYP4F2*1: Normalized=1.0000, Unnormalized=1.00

[Alleles]
CYP4F2*1
CYP4F2*1
	Command being timed: "python cyp.py CYP4F2 /project/shared/aldy-data/wgs/NA18992.wgs.cram"
	User time (seconds): 7.43
	System time (seconds): 1.60
	Percent of CPU this job got: 97%
	Elapsed (wall clock) time (h:mm:ss or m:ss): 0:09.25
	Average shared text size (kbytes): 0
	Average unshared data size (kbytes): 0
	Average stack size (kbytes): 0
	Average total size (kbytes): 0
	Maximum resident set size (kbytes): 2596552
	Average resident set size (kbytes): 0
	Major (requiring I/O) page faults: 0
	Minor (reclaiming a frame) page faults: 616372
	Voluntary context switches: 3228
	Involuntary context switches: 38
	Swaps: 0
	File system inputs: 0
	File system outputs: 24
	Socket messages sent: 0
	Socket messages received: 0
	Signals delivered: 0
	Page size (bytes): 4096
	Exit status: 0
