2026-05-16 21:11:03.726013: I tensorflow/core/util/port.cc:111] oneDNN custom operations are on. You may see slightly different numerical results due to floating-point round-off errors from different computation orders. To turn them off, set the environment variable `TF_ENABLE_ONEDNN_OPTS=0`.
2026-05-16 21:11:03.765288: E tensorflow/compiler/xla/stream_executor/cuda/cuda_dnn.cc:9342] Unable to register cuDNN factory: Attempting to register factory for plugin cuDNN when one has already been registered
2026-05-16 21:11:03.765455: E tensorflow/compiler/xla/stream_executor/cuda/cuda_fft.cc:609] Unable to register cuFFT factory: Attempting to register factory for plugin cuFFT when one has already been registered
2026-05-16 21:11:03.765595: E tensorflow/compiler/xla/stream_executor/cuda/cuda_blas.cc:1518] Unable to register cuBLAS factory: Attempting to register factory for plugin cuBLAS when one has already been registered
2026-05-16 21:11:03.779558: I tensorflow/core/platform/cpu_feature_guard.cc:182] This TensorFlow binary is optimized to use available CPU instructions in performance-critical operations.
To enable the following instructions: AVX2 AVX512F AVX512_VNNI FMA, in other operations, rebuild TensorFlow with the appropriate compiler flags.
AttributeError: 'MessageFactory' object has no attribute 'GetPrototype'
2026-05-16 21:11:04.842055: W tensorflow/compiler/tf2tensorrt/utils/py_utils.cc:38] TF-TRT Warning: Could not find TensorRT
AttributeError: 'MessageFactory' object has no attribute 'GetPrototype'
[info] total indices 14
[info] total variants 14
2.001 was filtered out as 16008387 A>C needs C but not covered
3.001 was filtered out as 15990430 C>T needs T but not covered
4.1001 was filtered out as 16008387 A>C needs C but not covered
[filter] CYP4F2 1 => 1.001
[filter] valid_alleles=1
Step 0: Loss=0.0392, CN=[2.0999167]
Step 100: Loss=0.0349, CN=[2.0974019]
Step 200: Loss=0.0349, CN=[2.096947]
Step 300: Loss=0.0349, CN=[2.0969498]
Step 400: Loss=0.0349, CN=[2.0969496]

=== Fit ===
Region 0: obs=2.112, exp=2.097, diff=+0.015 
Region 1: obs=1.983, exp=2.097, diff=-0.114 
Region 2: obs=1.749, exp=2.097, diff=-0.348 
Region 3: obs=2.048, exp=2.097, diff=-0.049 
Region 4: obs=1.475, exp=2.097, diff=-0.622 *
Region 5: obs=2.048, exp=2.097, diff=-0.049 
Region 6: obs=1.511, exp=2.097, diff=-0.586 *
Region 7: obs=1.889, exp=2.097, diff=-0.208 
Region 8: obs=2.168, exp=2.097, diff=+0.071 
Region 9: obs=2.149, exp=2.097, diff=+0.052 
Region 10: obs=1.808, exp=2.097, diff=-0.289 
Region 11: obs=2.162, exp=2.097, diff=+0.065 
Region 12: obs=2.252, exp=2.097, diff=+0.155 
Region 13: obs=2.220, exp=2.097, diff=+0.123 
Region 14: obs=2.224, exp=2.097, diff=+0.127 
Region 15: obs=2.446, exp=2.097, diff=+0.349 
Region 16: obs=1.883, exp=2.097, diff=-0.214 
Region 17: obs=2.320, exp=2.097, diff=+0.224 
Region 18: obs=1.728, exp=2.097, diff=-0.369 
Region 19: obs=1.970, exp=2.097, diff=-0.127 
Region 20: obs=2.186, exp=2.097, diff=+0.089 
Region 21: obs=2.490, exp=2.097, diff=+0.393 
Region 22: obs=2.252, exp=2.097, diff=+0.155 
Region 23: obs=2.377, exp=2.097, diff=+0.280 
Region 24: obs=2.126, exp=2.097, diff=+0.029 
Region 25: obs=2.432, exp=2.097, diff=+0.335 
Region 26: obs=2.400, exp=2.097, diff=+0.303 

[Gene CN Results]
  CYP4F2: 2.10 → 2.096949815750122
Using device: cuda

[Raw]:
CYP4F2*1: Normalized=1.0000, Unnormalized=1.00

[Alleles]
CYP4F2*1
CYP4F2*1
	Command being timed: "python cyp.py CYP4F2 /project/shared/aldy-data/wgs/NA19920.wgs.cram"
	User time (seconds): 7.79
	System time (seconds): 1.77
	Percent of CPU this job got: 97%
	Elapsed (wall clock) time (h:mm:ss or m:ss): 0:09.78
	Average shared text size (kbytes): 0
	Average unshared data size (kbytes): 0
	Average stack size (kbytes): 0
	Average total size (kbytes): 0
	Maximum resident set size (kbytes): 2597156
	Average resident set size (kbytes): 0
	Major (requiring I/O) page faults: 0
	Minor (reclaiming a frame) page faults: 614909
	Voluntary context switches: 3224
	Involuntary context switches: 36
	Swaps: 0
	File system inputs: 0
	File system outputs: 32
	Socket messages sent: 0
	Socket messages received: 0
	Signals delivered: 0
	Page size (bytes): 4096
	Exit status: 0
