2026-05-16 21:08:34.424270: I tensorflow/core/util/port.cc:111] oneDNN custom operations are on. You may see slightly different numerical results due to floating-point round-off errors from different computation orders. To turn them off, set the environment variable `TF_ENABLE_ONEDNN_OPTS=0`.
2026-05-16 21:08:34.462767: E tensorflow/compiler/xla/stream_executor/cuda/cuda_dnn.cc:9342] Unable to register cuDNN factory: Attempting to register factory for plugin cuDNN when one has already been registered
2026-05-16 21:08:34.462932: E tensorflow/compiler/xla/stream_executor/cuda/cuda_fft.cc:609] Unable to register cuFFT factory: Attempting to register factory for plugin cuFFT when one has already been registered
2026-05-16 21:08:34.463088: E tensorflow/compiler/xla/stream_executor/cuda/cuda_blas.cc:1518] Unable to register cuBLAS factory: Attempting to register factory for plugin cuBLAS when one has already been registered
2026-05-16 21:08:34.471749: I tensorflow/core/platform/cpu_feature_guard.cc:182] This TensorFlow binary is optimized to use available CPU instructions in performance-critical operations.
To enable the following instructions: AVX2 AVX512F AVX512_VNNI FMA, in other operations, rebuild TensorFlow with the appropriate compiler flags.
AttributeError: 'MessageFactory' object has no attribute 'GetPrototype'
2026-05-16 21:08:35.725166: W tensorflow/compiler/tf2tensorrt/utils/py_utils.cc:38] TF-TRT Warning: Could not find TensorRT
AttributeError: 'MessageFactory' object has no attribute 'GetPrototype'
[info] total indices 14
[info] total variants 14
2.001 was filtered out as 16008387 A>C needs C but not covered
3.001 was filtered out as 15990430 C>T needs T but not covered
4.1001 was filtered out as 16008387 A>C needs C but not covered
[filter] CYP4F2 1 => 1.001
[filter] valid_alleles=1
Step 0: Loss=0.0526, CN=[1.9000832]
Step 100: Loss=0.0282, CN=[1.771882]
Step 200: Loss=0.0282, CN=[1.7710313]
Step 300: Loss=0.0282, CN=[1.7710288]
Step 400: Loss=0.0282, CN=[1.7710288]

=== Fit ===
Region 0: obs=1.876, exp=1.771, diff=+0.105 
Region 1: obs=1.833, exp=1.771, diff=+0.062 
Region 2: obs=1.542, exp=1.771, diff=-0.229 
Region 3: obs=1.921, exp=1.771, diff=+0.150 
Region 4: obs=1.559, exp=1.771, diff=-0.212 
Region 5: obs=2.021, exp=1.771, diff=+0.250 
Region 6: obs=2.355, exp=1.771, diff=+0.583 *
Region 7: obs=1.816, exp=1.771, diff=+0.045 
Region 8: obs=1.629, exp=1.771, diff=-0.142 
Region 9: obs=1.755, exp=1.771, diff=-0.016 
Region 10: obs=1.795, exp=1.771, diff=+0.024 
Region 11: obs=1.792, exp=1.771, diff=+0.021 
Region 12: obs=2.105, exp=1.771, diff=+0.334 
Region 13: obs=1.905, exp=1.771, diff=+0.134 
Region 14: obs=1.903, exp=1.771, diff=+0.131 
Region 15: obs=1.672, exp=1.771, diff=-0.099 
Region 16: obs=1.287, exp=1.771, diff=-0.484 
Region 17: obs=1.871, exp=1.771, diff=+0.100 
Region 18: obs=1.719, exp=1.771, diff=-0.052 
Region 19: obs=1.744, exp=1.771, diff=-0.027 
Region 20: obs=1.505, exp=1.771, diff=-0.266 
Region 21: obs=1.370, exp=1.771, diff=-0.401 
Region 22: obs=1.462, exp=1.771, diff=-0.309 
Region 23: obs=1.488, exp=1.771, diff=-0.283 
Region 24: obs=2.057, exp=1.771, diff=+0.286 
Region 25: obs=1.997, exp=1.771, diff=+0.226 
Region 26: obs=1.922, exp=1.771, diff=+0.151 

[Gene CN Results]
  CYP4F2: 1.77 → 1.7710286378860474
Using device: cuda

[Raw]:
CYP4F2*1: Normalized=1.0000, Unnormalized=1.00

[Alleles]
CYP4F2*1
CYP4F2*1
	Command being timed: "python cyp.py CYP4F2 /project/shared/aldy-data/wgs/NA19174.wgs.cram"
	User time (seconds): 8.28
	System time (seconds): 1.82
	Percent of CPU this job got: 93%
	Elapsed (wall clock) time (h:mm:ss or m:ss): 0:10.87
	Average shared text size (kbytes): 0
	Average unshared data size (kbytes): 0
	Average stack size (kbytes): 0
	Average total size (kbytes): 0
	Maximum resident set size (kbytes): 2589036
	Average resident set size (kbytes): 0
	Major (requiring I/O) page faults: 0
	Minor (reclaiming a frame) page faults: 611229
	Voluntary context switches: 3236
	Involuntary context switches: 33
	Swaps: 0
	File system inputs: 0
	File system outputs: 32
	Socket messages sent: 0
	Socket messages received: 0
	Signals delivered: 0
	Page size (bytes): 4096
	Exit status: 0
