2026-05-16 16:46:43.415171: I tensorflow/core/util/port.cc:111] oneDNN custom operations are on. You may see slightly different numerical results due to floating-point round-off errors from different computation orders. To turn them off, set the environment variable `TF_ENABLE_ONEDNN_OPTS=0`.
2026-05-16 16:46:43.457296: E tensorflow/compiler/xla/stream_executor/cuda/cuda_dnn.cc:9342] Unable to register cuDNN factory: Attempting to register factory for plugin cuDNN when one has already been registered
2026-05-16 16:46:43.457437: E tensorflow/compiler/xla/stream_executor/cuda/cuda_fft.cc:609] Unable to register cuFFT factory: Attempting to register factory for plugin cuFFT when one has already been registered
2026-05-16 16:46:43.457583: E tensorflow/compiler/xla/stream_executor/cuda/cuda_blas.cc:1518] Unable to register cuBLAS factory: Attempting to register factory for plugin cuBLAS when one has already been registered
2026-05-16 16:46:43.467752: I tensorflow/core/platform/cpu_feature_guard.cc:182] This TensorFlow binary is optimized to use available CPU instructions in performance-critical operations.
To enable the following instructions: AVX2 AVX512F AVX512_VNNI FMA, in other operations, rebuild TensorFlow with the appropriate compiler flags.
AttributeError: 'MessageFactory' object has no attribute 'GetPrototype'
2026-05-16 16:46:44.676624: W tensorflow/compiler/tf2tensorrt/utils/py_utils.cc:38] TF-TRT Warning: Could not find TensorRT
AttributeError: 'MessageFactory' object has no attribute 'GetPrototype'
[info] total indices 441
[info] total variants 441
2.001 was filtered out as 41497273 C>T needs T but not covered
2.002 was filtered out as 41497273 C>T needs T but not covered
3.001 was filtered out as 41515254 C>A needs A but not covered
5.001 was filtered out as 41522714 C>T needs T but not covered
5.002 was filtered out as 41522714 C>T needs T but not covered
5.003 was filtered out as 41522714 C>T needs T but not covered
7.001 was filtered out as 41522714 C>T needs T but not covered
8.001 was filtered out as 41510281 A>G needs G but not covered
10.001 was filtered out as 41497273 C>T needs T but not covered
11.001 was filtered out as 41497345 A>G needs G but not covered
12.001 was filtered out as 41510029 G>A needs A but not covered
13.001 was filtered out as 41510281 A>G needs G but not covered
14.001 was filtered out as 41510285 G>A needs A but not covered
15.001 was filtered out as 41518597 T>A needs A but not covered
17.001 was filtered out as 41497285 A>T needs T but not covered
17.002 was filtered out as 41497285 A>T needs T but not covered
18.001 was filtered out as 41518220 T>C needs C but not covered
18.002 was filtered out as 41518220 T>C needs C but not covered
19.001 was filtered out as 41518243 C>T needs T but not covered
20.001 was filtered out as 41512827 C>T needs T but not covered
21.001 was filtered out as 41518707 C>A needs A but not covered
22.001 was filtered out as 41497128 T>C needs C but not covered
23.001 was filtered out as 41522630 A>G needs G but not covered
24.001 was filtered out as 41522682 G>A needs A but not covered
25.001 was filtered out as 41522709 A>T needs T but not covered
26.001 was filtered out as 41512823 C>G needs G but not covered
27.001 was filtered out as 41512917 T>C needs C but not covered
28.001 was filtered out as 41515992 C>G needs G but not covered
31.001 was filtered out as 41516012 C>A needs A but not covered
32.001 was filtered out as 41518644 G>A needs A but not covered
33.001 was filtered out as 41522714 C>A needs A but not covered
34.001 was filtered out as 41497128 T>C needs C but not covered
35.001 was filtered out as 41497128 T>C needs C but not covered
36.001 was filtered out as 41497128 T>C needs C but not covered
37.001 was filtered out as 41512872 T>G needs G but not covered
38.001 was filtered out as 41509919 T>A needs A but not covered
[filter] CYP2B6 1 => 1.001; 1.002; 1.003; 1.004; 1.005; 1.006; 1.007; 1.008; 1.009; 1.010; 1.011; 1.012; 1.013; 1.014; 1.015
[filter] CYP2B6 4 => 4.001; 4.002
[filter] CYP2B6 6 => 6.001; 6.002; 6.003; 6.004
[filter] CYP2B6 9 => 9.001
[filter] valid_alleles=22
Step 0: Loss=0.0190, CN=[2.0999167]
Step 100: Loss=0.0161, CN=[2.0764122]
Step 200: Loss=0.0161, CN=[2.076296]
Step 300: Loss=0.0161, CN=[2.0762956]
Step 400: Loss=0.0161, CN=[2.0762959]

=== Fit ===
Region 0: obs=2.179, exp=2.076, diff=+0.103 
Region 1: obs=2.017, exp=2.076, diff=-0.060 
Region 2: obs=1.597, exp=2.076, diff=-0.479 
Region 3: obs=2.139, exp=2.076, diff=+0.063 
Region 4: obs=2.140, exp=2.076, diff=+0.064 
Region 5: obs=2.172, exp=2.076, diff=+0.096 
Region 6: obs=2.017, exp=2.076, diff=-0.059 
Region 7: obs=2.159, exp=2.076, diff=+0.083 
Region 8: obs=1.814, exp=2.076, diff=-0.262 
Region 9: obs=1.720, exp=2.076, diff=-0.357 
Region 10: obs=1.946, exp=2.076, diff=-0.130 
Region 11: obs=2.073, exp=2.076, diff=-0.004 
Region 12: obs=2.084, exp=2.076, diff=+0.008 
Region 13: obs=2.351, exp=2.076, diff=+0.275 
Region 14: obs=2.142, exp=2.076, diff=+0.065 
Region 15: obs=2.351, exp=2.076, diff=+0.275 
Region 16: obs=2.113, exp=2.076, diff=+0.037 
Region 17: obs=2.107, exp=2.076, diff=+0.031 
Region 18: obs=2.230, exp=2.076, diff=+0.154 
Region 19: obs=2.177, exp=2.076, diff=+0.101 
Region 20: obs=2.073, exp=2.076, diff=-0.004 

[Gene CN Results]
  CYP2B6: 2.08 → 2.076295852661133
Using device: cuda

=== Running VAE with seed 42 ===
Global Pooled JS: 0.031095
Seed 42, Step    0: Loss = 881.51 (Recon: 653.91, Allele KL: 11.56, Base KL: 2819.87, Functional KL: 0.03
Global Pooled JS: 0.007613
Seed 42, Step  500: Loss = 260.15 (Recon: 151.50, Allele KL: 32.14, Base KL: 6991.03, Functional KL: 0.01
Global Pooled JS: 0.009199
Seed 42, Step 1000: Loss = 247.88 (Recon: 138.02, Allele KL: 23.46, Base KL: 7102.69, Functional KL: 0.01
Global Pooled JS: 0.007206
Seed 42, Step 1500: Loss = 250.71 (Recon: 148.68, Allele KL: 27.49, Base KL: 7099.04, Functional KL: 0.01
Global Pooled JS: 0.007689
Seed 42, Step 2000: Loss = 259.19 (Recon: 153.82, Allele KL: 28.23, Base KL: 7167.47, Functional KL: 0.01
Global Pooled JS: 0.007600
Seed 42, Step 2500: Loss = 251.27 (Recon: 135.57, Allele KL: 39.37, Base KL: 7342.49, Functional KL: 0.01

Top Variants with Coverage Mismatches:
Rank   Variant                        Expected     Observed     Diff       |Div|       
------------------------------------------------------------------------------------------
1      CYP2B6:41515262→A              27.38        30.00        -2.62      0.004153    
2      CYP2B6:41512840→G              27.38        18.00        9.38       0.001709    
3      CYP2B6:41512840→T              14.13        9.00         5.13       0.001145    
4      CYP2B6:41512840→P              0.04         0.00         0.04       0.000156    
5      CYP2B6:41512840→A              0.04         0.00         0.04       0.000154    
6      CYP2B6:41512840→C              0.04         0.00         0.04       0.000152    
7      CYP2B6:41512840→M              0.04         0.00         0.04       0.000152    
8      CYP2B6:41512840→N              0.04         0.00         0.04       0.000151    
9      CYP2B6:41515262→M              0.04         0.00         0.04       0.000147    
10     CYP2B6:41515262→P              0.04         0.00         0.04       0.000146    
11     CYP2B6:41515262→C              0.03         0.00         0.03       0.000144    
12     CYP2B6:41515262→T              0.03         0.00         0.03       0.000143    
13     CYP2B6:41515262→N              0.03         0.00         0.03       0.000140    
14     CYP2B6:41515262→G              14.15        11.00        3.15       0.000046    
New best model with final loss: 253.35

=== Running VAE with seed 123 ===
Global Pooled JS: 0.028983
Seed 123, Step    0: Loss = 710.61 (Recon: 481.05, Allele KL: 26.65, Base KL: 2572.37, Functional KL: 0.03
Global Pooled JS: 0.009485
Seed 123, Step  500: Loss = 252.79 (Recon: 130.56, Allele KL: 34.63, Base KL: 7032.82, Functional KL: 0.01
Global Pooled JS: 0.007448
Seed 123, Step 1000: Loss = 245.92 (Recon: 140.21, Allele KL: 30.57, Base KL: 6844.50, Functional KL: 0.01
Global Pooled JS: 0.007682
Seed 123, Step 1500: Loss = 249.77 (Recon: 144.00, Allele KL: 28.28, Base KL: 7106.86, Functional KL: 0.01
Global Pooled JS: 0.007272
Seed 123, Step 2000: Loss = 249.22 (Recon: 141.65, Allele KL: 33.34, Base KL: 6872.67, Functional KL: 0.01
Global Pooled JS: 0.007173
Seed 123, Step 2500: Loss = 252.89 (Recon: 144.84, Allele KL: 34.24, Base KL: 7155.35, Functional KL: 0.01

Top Variants with Coverage Mismatches:
Rank   Variant                        Expected     Observed     Diff       |Div|       
------------------------------------------------------------------------------------------
1      CYP2B6:41515262→A              27.00        30.00        -3.00      0.004525    
2      CYP2B6:41512840→G              27.05        18.00        9.05       0.001511    
3      CYP2B6:41512840→T              14.47        9.00         5.47       0.001388    
4      CYP2B6:41512840→C              0.04         0.00         0.04       0.000153    
5      CYP2B6:41512840→M              0.04         0.00         0.04       0.000152    
6      CYP2B6:41512840→A              0.04         0.00         0.04       0.000150    
7      CYP2B6:41512840→N              0.04         0.00         0.04       0.000150    
8      CYP2B6:41515262→T              0.04         0.00         0.04       0.000149    
9      CYP2B6:41515262→M              0.04         0.00         0.04       0.000148    
10     CYP2B6:41512840→P              0.04         0.00         0.04       0.000148    
11     CYP2B6:41515262→P              0.03         0.00         0.03       0.000145    
12     CYP2B6:41515262→C              0.03         0.00         0.03       0.000145    
13     CYP2B6:41515262→N              0.03         0.00         0.03       0.000143    
14     CYP2B6:41515262→G              14.52        11.00        3.52       0.000114    

=== Running VAE with seed 456 ===
Global Pooled JS: 0.105312
Seed 456, Step    0: Loss = 2245.67 (Recon: 1554.13, Allele KL: 31.61, Base KL: 4863.02, Functional KL: 0.11
Global Pooled JS: 0.007845
Seed 456, Step  500: Loss = 274.46 (Recon: 170.61, Allele KL: 25.47, Base KL: 7060.97, Functional KL: 0.01
Global Pooled JS: 0.007283
Seed 456, Step 1000: Loss = 267.47 (Recon: 169.27, Allele KL: 23.48, Base KL: 6901.06, Functional KL: 0.01
Global Pooled JS: 0.007493
Seed 456, Step 1500: Loss = 273.83 (Recon: 163.76, Allele KL: 34.46, Base KL: 6930.49, Functional KL: 0.01
Global Pooled JS: 0.007503
Seed 456, Step 2000: Loss = 270.05 (Recon: 164.57, Allele KL: 29.95, Base KL: 6551.50, Functional KL: 0.01
Global Pooled JS: 0.007369
Seed 456, Step 2500: Loss = 267.25 (Recon: 165.80, Allele KL: 26.38, Base KL: 7032.33, Functional KL: 0.01

Top Variants with Coverage Mismatches:
Rank   Variant                        Expected     Observed     Diff       |Div|       
------------------------------------------------------------------------------------------
1      CYP2B6:41515262→A              28.13        30.00        -1.87      0.003472    
2      CYP2B6:41512840→G              28.14        18.00        10.14      0.002197    
3      CYP2B6:41512840→T              13.38        9.00         4.38       0.000676    
4      CYP2B6:41512840→C              0.04         0.00         0.04       0.000154    
5      CYP2B6:41512840→N              0.04         0.00         0.04       0.000153    
6      CYP2B6:41512840→P              0.04         0.00         0.04       0.000151    
7      CYP2B6:41512840→A              0.04         0.00         0.04       0.000150    
8      CYP2B6:41512840→M              0.04         0.00         0.04       0.000147    
9      CYP2B6:41515262→P              0.04         0.00         0.04       0.000146    
10     CYP2B6:41515262→C              0.03         0.00         0.03       0.000144    
11     CYP2B6:41515262→T              0.03         0.00         0.03       0.000143    
12     CYP2B6:41515262→M              0.03         0.00         0.03       0.000143    
13     CYP2B6:41515262→N              0.03         0.00         0.03       0.000138    
14     CYP2B6:41515262→G              13.39        11.00        2.39       0.000001    

=== Multi-Seed VAE Results ===
Best model had seed 42 with final loss: 253.35
All seeds final losses:
  Seed 42: Total=253.35 (Recon=151.67, A_KL=26.42, B_KL=7152.24) <- Best
  Seed 123: Total=254.36 (Recon=136.71, A_KL=26.64, B_KL=7118.60)
  Seed 456: Total=276.10 (Recon=174.09, A_KL=25.11, B_KL=6953.54)
[time] run_vae took 177.49s (2,593.17578125 MB; 2,593.17578125 MB)

[Raw]:
CYP2B6*1: Normalized=0.6506, Unnormalized=0.65
CYP2B6*6: Normalized=0.3394, Unnormalized=0.34

[Alleles]
CYP2B6*1
CYP2B6*6
	Command being timed: "python cyp.py CYP2B6 /project/shared/aldy-data/wgs/HG00436.wgs.cram"
	User time (seconds): 155.56
	System time (seconds): 33.50
	Percent of CPU this job got: 99%
	Elapsed (wall clock) time (h:mm:ss or m:ss): 3:09.57
	Average shared text size (kbytes): 0
	Average unshared data size (kbytes): 0
	Average stack size (kbytes): 0
	Average total size (kbytes): 0
	Maximum resident set size (kbytes): 2655452
	Average resident set size (kbytes): 0
	Major (requiring I/O) page faults: 0
	Minor (reclaiming a frame) page faults: 751397
	Voluntary context switches: 25239
	Involuntary context switches: 234
	Swaps: 0
	File system inputs: 0
	File system outputs: 48
	Socket messages sent: 0
	Socket messages received: 0
	Signals delivered: 0
	Page size (bytes): 4096
	Exit status: 0
