2026-05-16 16:46:43.397809: I tensorflow/core/util/port.cc:111] oneDNN custom operations are on. You may see slightly different numerical results due to floating-point round-off errors from different computation orders. To turn them off, set the environment variable `TF_ENABLE_ONEDNN_OPTS=0`.
2026-05-16 16:46:43.442320: E tensorflow/compiler/xla/stream_executor/cuda/cuda_dnn.cc:9342] Unable to register cuDNN factory: Attempting to register factory for plugin cuDNN when one has already been registered
2026-05-16 16:46:43.442428: E tensorflow/compiler/xla/stream_executor/cuda/cuda_fft.cc:609] Unable to register cuFFT factory: Attempting to register factory for plugin cuFFT when one has already been registered
2026-05-16 16:46:43.442591: E tensorflow/compiler/xla/stream_executor/cuda/cuda_blas.cc:1518] Unable to register cuBLAS factory: Attempting to register factory for plugin cuBLAS when one has already been registered
2026-05-16 16:46:43.453323: I tensorflow/core/platform/cpu_feature_guard.cc:182] This TensorFlow binary is optimized to use available CPU instructions in performance-critical operations.
To enable the following instructions: AVX2 AVX512F AVX512_VNNI FMA, in other operations, rebuild TensorFlow with the appropriate compiler flags.
AttributeError: 'MessageFactory' object has no attribute 'GetPrototype'
2026-05-16 16:46:44.736926: W tensorflow/compiler/tf2tensorrt/utils/py_utils.cc:38] TF-TRT Warning: Could not find TensorRT
AttributeError: 'MessageFactory' object has no attribute 'GetPrototype'
[info] total indices 441
[info] total variants 441
2.001 was filtered out as 41497273 C>T needs T but not covered
2.002 was filtered out as 41497273 C>T needs T but not covered
3.001 was filtered out as 41515254 C>A needs A but not covered
5.001 was filtered out as 41522714 C>T needs T but not covered
5.002 was filtered out as 41522714 C>T needs T but not covered
5.003 was filtered out as 41522714 C>T needs T but not covered
7.001 was filtered out as 41522714 C>T needs T but not covered
8.001 was filtered out as 41510281 A>G needs G but not covered
10.001 was filtered out as 41497273 C>T needs T but not covered
11.001 was filtered out as 41497345 A>G needs G but not covered
12.001 was filtered out as 41510029 G>A needs A but not covered
13.001 was filtered out as 41510281 A>G needs G but not covered
14.001 was filtered out as 41510285 G>A needs A but not covered
15.001 was filtered out as 41518597 T>A needs A but not covered
17.001 was filtered out as 41497285 A>T needs T but not covered
17.002 was filtered out as 41497285 A>T needs T but not covered
18.001 was filtered out as 41518220 T>C needs C but not covered
18.002 was filtered out as 41518220 T>C needs C but not covered
19.001 was filtered out as 41518243 C>T needs T but not covered
20.001 was filtered out as 41512827 C>T needs T but not covered
21.001 was filtered out as 41518707 C>A needs A but not covered
22.001 was filtered out as 41497128 T>C needs C but not covered
23.001 was filtered out as 41522630 A>G needs G but not covered
24.001 was filtered out as 41522682 G>A needs A but not covered
25.001 was filtered out as 41522709 A>T needs T but not covered
26.001 was filtered out as 41512823 C>G needs G but not covered
27.001 was filtered out as 41512917 T>C needs C but not covered
28.001 was filtered out as 41515992 C>G needs G but not covered
31.001 was filtered out as 41516012 C>A needs A but not covered
32.001 was filtered out as 41518644 G>A needs A but not covered
33.001 was filtered out as 41522714 C>A needs A but not covered
34.001 was filtered out as 41497128 T>C needs C but not covered
35.001 was filtered out as 41497128 T>C needs C but not covered
36.001 was filtered out as 41497128 T>C needs C but not covered
37.001 was filtered out as 41512872 T>G needs G but not covered
38.001 was filtered out as 41509919 T>A needs A but not covered
[filter] CYP2B6 1 => 1.001; 1.002; 1.003; 1.004; 1.005; 1.006; 1.007; 1.008; 1.009; 1.010; 1.011; 1.012; 1.013; 1.014; 1.015
[filter] CYP2B6 4 => 4.001; 4.002
[filter] CYP2B6 6 => 6.001; 6.002; 6.003; 6.004
[filter] CYP2B6 9 => 9.001
[filter] valid_alleles=22
Step 0: Loss=0.0933, CN=[2.0999167]
Step 100: Loss=0.0552, CN=[2.2993174]
Step 200: Loss=0.0552, CN=[2.2989182]
Step 300: Loss=0.0552, CN=[2.2989116]
Step 400: Loss=0.0552, CN=[2.2989116]

=== Fit ===
Region 0: obs=2.356, exp=2.299, diff=+0.057 
Region 1: obs=1.874, exp=2.299, diff=-0.425 
Region 2: obs=2.575, exp=2.299, diff=+0.277 
Region 3: obs=2.505, exp=2.299, diff=+0.207 
Region 4: obs=2.036, exp=2.299, diff=-0.263 
Region 5: obs=1.920, exp=2.299, diff=-0.378 
Region 6: obs=2.774, exp=2.299, diff=+0.475 
Region 7: obs=2.650, exp=2.299, diff=+0.351 
Region 8: obs=2.588, exp=2.299, diff=+0.289 
Region 9: obs=2.290, exp=2.299, diff=-0.009 
Region 10: obs=1.632, exp=2.299, diff=-0.666 *
Region 11: obs=1.803, exp=2.299, diff=-0.496 
Region 12: obs=1.932, exp=2.299, diff=-0.367 
Region 13: obs=2.661, exp=2.299, diff=+0.362 
Region 14: obs=2.762, exp=2.299, diff=+0.463 
Region 15: obs=1.992, exp=2.299, diff=-0.307 
Region 16: obs=2.064, exp=2.299, diff=-0.235 
Region 17: obs=2.319, exp=2.299, diff=+0.020 
Region 18: obs=2.488, exp=2.299, diff=+0.189 
Region 19: obs=2.434, exp=2.299, diff=+0.135 
Region 20: obs=2.453, exp=2.299, diff=+0.154 

[Gene CN Results]
  CYP2B6: 2.30 → 2.2989115715026855
Using device: cuda

=== Running VAE with seed 42 ===
Global Pooled JS: 0.092972
Seed 42, Step    0: Loss = 1154.03 (Recon: 555.64, Allele KL: 11.37, Base KL: 2560.32, Functional KL: 0.09
Global Pooled JS: 0.022842
Seed 42, Step  500: Loss = 343.68 (Recon: 140.47, Allele KL: 33.47, Base KL: 8944.85, Functional KL: 0.02
Global Pooled JS: 0.024392
Seed 42, Step 1000: Loss = 349.97 (Recon: 141.31, Allele KL: 29.35, Base KL: 9063.44, Functional KL: 0.02
Global Pooled JS: 0.023104
Seed 42, Step 1500: Loss = 348.85 (Recon: 147.86, Allele KL: 29.27, Base KL: 9055.44, Functional KL: 0.02
Global Pooled JS: 0.024125
Seed 42, Step 2000: Loss = 352.80 (Recon: 135.56, Allele KL: 40.20, Base KL: 8811.77, Functional KL: 0.02
Global Pooled JS: 0.023105
Seed 42, Step 2500: Loss = 348.17 (Recon: 136.97, Allele KL: 40.13, Base KL: 8960.37, Functional KL: 0.02

Top Variants with Coverage Mismatches:
Rank   Variant                        Expected     Observed     Diff       |Div|       
------------------------------------------------------------------------------------------
1      CYP2B6:41515262→G              19.20        10.00        9.20       0.007292    
2      CYP2B6:41512840→T              19.29        27.00        -7.71      0.005509    
3      CYP2B6:41515262→A              23.17        14.00        9.17       0.005299    
4      CYP2B6:41512840→G              23.17        29.00        -5.83      0.003245    
5      CYP2B6:41515262→M              0.05         0.00         0.05       0.000188    
6      CYP2B6:41515262→P              0.05         0.00         0.05       0.000187    
7      CYP2B6:41515262→T              0.05         0.00         0.05       0.000186    
8      CYP2B6:41515262→N              0.05         0.00         0.05       0.000185    
9      CYP2B6:41515262→C              0.04         0.00         0.04       0.000182    
10     CYP2B6:41512840→M              0.03         0.00         0.03       0.000121    
11     CYP2B6:41512840→P              0.03         0.00         0.03       0.000119    
12     CYP2B6:41512840→N              0.03         0.00         0.03       0.000116    
13     CYP2B6:41512840→A              0.03         0.00         0.03       0.000116    
14     CYP2B6:41512840→C              0.03         0.00         0.03       0.000114    
New best model with final loss: 343.70

=== Running VAE with seed 123 ===
Global Pooled JS: 0.049410
Seed 123, Step    0: Loss = 820.36 (Recon: 465.90, Allele KL: 29.05, Base KL: 2618.86, Functional KL: 0.05
Global Pooled JS: 0.023406
Seed 123, Step  500: Loss = 351.06 (Recon: 141.30, Allele KL: 36.71, Base KL: 8981.75, Functional KL: 0.02
Global Pooled JS: 0.023058
Seed 123, Step 1000: Loss = 342.71 (Recon: 135.67, Allele KL: 36.28, Base KL: 8935.26, Functional KL: 0.02
Global Pooled JS: 0.023806
Seed 123, Step 1500: Loss = 350.65 (Recon: 140.99, Allele KL: 34.04, Base KL: 8901.35, Functional KL: 0.02
Global Pooled JS: 0.024787
Seed 123, Step 2000: Loss = 349.76 (Recon: 139.41, Allele KL: 28.72, Base KL: 9048.09, Functional KL: 0.02
Global Pooled JS: 0.024749
Seed 123, Step 2500: Loss = 354.95 (Recon: 139.35, Allele KL: 34.56, Base KL: 8899.17, Functional KL: 0.02

Top Variants with Coverage Mismatches:
Rank   Variant                        Expected     Observed     Diff       |Div|       
------------------------------------------------------------------------------------------
1      CYP2B6:41515262→G              20.74        10.00        10.74      0.009688    
2      CYP2B6:41512840→G              21.60        29.00        -7.40      0.004843    
3      CYP2B6:41512840→T              20.84        27.00        -6.16      0.003724    
4      CYP2B6:41515262→A              21.61        14.00        7.61       0.003628    
5      CYP2B6:41515262→P              0.05         0.00         0.05       0.000208    
6      CYP2B6:41515262→M              0.05         0.00         0.05       0.000204    
7      CYP2B6:41515262→N              0.05         0.00         0.05       0.000202    
8      CYP2B6:41515262→C              0.05         0.00         0.05       0.000200    
9      CYP2B6:41515262→T              0.05         0.00         0.05       0.000197    
10     CYP2B6:41512840→P              0.03         0.00         0.03       0.000131    
11     CYP2B6:41512840→M              0.03         0.00         0.03       0.000131    
12     CYP2B6:41512840→A              0.03         0.00         0.03       0.000130    
13     CYP2B6:41512840→C              0.03         0.00         0.03       0.000130    
14     CYP2B6:41512840→N              0.03         0.00         0.03       0.000128    

=== Running VAE with seed 456 ===
Global Pooled JS: 0.124513
Seed 456, Step    0: Loss = 1820.48 (Recon: 1012.76, Allele KL: 32.04, Base KL: 4417.35, Functional KL: 0.12
Global Pooled JS: 0.026165
Seed 456, Step  500: Loss = 371.62 (Recon: 147.49, Allele KL: 34.43, Base KL: 8756.20, Functional KL: 0.03
Global Pooled JS: 0.024775
Seed 456, Step 1000: Loss = 354.36 (Recon: 140.84, Allele KL: 32.29, Base KL: 8829.71, Functional KL: 0.02
Global Pooled JS: 0.023610
Seed 456, Step 1500: Loss = 350.08 (Recon: 133.55, Allele KL: 42.51, Base KL: 8792.84, Functional KL: 0.02
Global Pooled JS: 0.023318
Seed 456, Step 2000: Loss = 351.06 (Recon: 147.00, Allele KL: 31.66, Base KL: 8646.75, Functional KL: 0.02
Global Pooled JS: 0.023167
Seed 456, Step 2500: Loss = 344.42 (Recon: 134.95, Allele KL: 38.02, Base KL: 8961.51, Functional KL: 0.02

Top Variants with Coverage Mismatches:
Rank   Variant                        Expected     Observed     Diff       |Div|       
------------------------------------------------------------------------------------------
1      CYP2B6:41515262→G              19.29        10.00        9.29       0.007426    
2      CYP2B6:41512840→T              19.34        27.00        -7.66      0.005444    
3      CYP2B6:41515262→A              23.07        14.00        9.07       0.005186    
4      CYP2B6:41512840→G              23.11        29.00        -5.89      0.003300    
5      CYP2B6:41515262→P              0.05         0.00         0.05       0.000197    
6      CYP2B6:41515262→C              0.05         0.00         0.05       0.000193    
7      CYP2B6:41515262→M              0.05         0.00         0.05       0.000192    
8      CYP2B6:41515262→T              0.05         0.00         0.05       0.000192    
9      CYP2B6:41515262→N              0.05         0.00         0.05       0.000184    
10     CYP2B6:41512840→C              0.03         0.00         0.03       0.000128    
11     CYP2B6:41512840→N              0.03         0.00         0.03       0.000127    
12     CYP2B6:41512840→P              0.03         0.00         0.03       0.000125    
13     CYP2B6:41512840→A              0.03         0.00         0.03       0.000124    
14     CYP2B6:41512840→M              0.03         0.00         0.03       0.000121    

=== Multi-Seed VAE Results ===
Best model had seed 42 with final loss: 343.70
All seeds final losses:
  Seed 42: Total=343.70 (Recon=138.28, A_KL=35.36, B_KL=8783.29) <- Best
  Seed 123: Total=353.23 (Recon=137.66, A_KL=41.09, B_KL=8451.46)
  Seed 456: Total=348.65 (Recon=142.20, A_KL=32.90, B_KL=8842.17)
[time] run_vae took 177.10s (2,595.76953125 MB; 2,595.76953125 MB)

[Raw]:
CYP2B6*1: Normalized=0.5406, Unnormalized=0.54
CYP2B6*6: Normalized=0.4551, Unnormalized=0.46

[Alleles]
CYP2B6*1
CYP2B6*6
	Command being timed: "python cyp.py CYP2B6 /project/shared/aldy-data/wgs/NA06991.wgs.cram"
	User time (seconds): 153.87
	System time (seconds): 34.23
	Percent of CPU this job got: 99%
	Elapsed (wall clock) time (h:mm:ss or m:ss): 3:08.48
	Average shared text size (kbytes): 0
	Average unshared data size (kbytes): 0
	Average stack size (kbytes): 0
	Average total size (kbytes): 0
	Maximum resident set size (kbytes): 2658112
	Average resident set size (kbytes): 0
	Major (requiring I/O) page faults: 0
	Minor (reclaiming a frame) page faults: 761109
	Voluntary context switches: 23653
	Involuntary context switches: 179
	Swaps: 0
	File system inputs: 0
	File system outputs: 48
	Socket messages sent: 0
	Socket messages received: 0
	Signals delivered: 0
	Page size (bytes): 4096
	Exit status: 0
