2026-05-16 16:49:51.000789: I tensorflow/core/util/port.cc:111] oneDNN custom operations are on. You may see slightly different numerical results due to floating-point round-off errors from different computation orders. To turn them off, set the environment variable `TF_ENABLE_ONEDNN_OPTS=0`.
2026-05-16 16:49:51.040398: E tensorflow/compiler/xla/stream_executor/cuda/cuda_dnn.cc:9342] Unable to register cuDNN factory: Attempting to register factory for plugin cuDNN when one has already been registered
2026-05-16 16:49:51.040482: E tensorflow/compiler/xla/stream_executor/cuda/cuda_fft.cc:609] Unable to register cuFFT factory: Attempting to register factory for plugin cuFFT when one has already been registered
2026-05-16 16:49:51.040543: E tensorflow/compiler/xla/stream_executor/cuda/cuda_blas.cc:1518] Unable to register cuBLAS factory: Attempting to register factory for plugin cuBLAS when one has already been registered
2026-05-16 16:49:51.049396: I tensorflow/core/platform/cpu_feature_guard.cc:182] This TensorFlow binary is optimized to use available CPU instructions in performance-critical operations.
To enable the following instructions: AVX2 AVX512F AVX512_VNNI FMA, in other operations, rebuild TensorFlow with the appropriate compiler flags.
AttributeError: 'MessageFactory' object has no attribute 'GetPrototype'
2026-05-16 16:49:52.149885: W tensorflow/compiler/tf2tensorrt/utils/py_utils.cc:38] TF-TRT Warning: Could not find TensorRT
AttributeError: 'MessageFactory' object has no attribute 'GetPrototype'
[info] total indices 441
[info] total variants 441
2.001 was filtered out as 41497273 C>T needs T but not covered
2.002 was filtered out as 41497273 C>T needs T but not covered
3.001 was filtered out as 41515254 C>A needs A but not covered
4.001 was filtered out as 41515262 A>G needs G but not covered
4.002 was filtered out as 41515262 A>G needs G but not covered
6.001 was filtered out as 41515262 A>G needs G but not covered
6.002 was filtered out as 41515262 A>G needs G but not covered
6.003 was filtered out as 41515262 A>G needs G but not covered
6.004 was filtered out as 41515262 A>G needs G but not covered
7.001 was filtered out as 41515262 A>G needs G but not covered
8.001 was filtered out as 41510281 A>G needs G but not covered
9.001 was filtered out as 41512840 G>T needs T but not covered
10.001 was filtered out as 41497273 C>T needs T but not covered
11.001 was filtered out as 41497345 A>G needs G but not covered
12.001 was filtered out as 41510029 G>A needs A but not covered
13.001 was filtered out as 41515262 A>G needs G but not covered
14.001 was filtered out as 41510285 G>A needs A but not covered
15.001 was filtered out as 41518597 T>A needs A but not covered
17.001 was filtered out as 41497285 A>T needs T but not covered
17.002 was filtered out as 41497285 A>T needs T but not covered
18.001 was filtered out as 41518220 T>C needs C but not covered
18.002 was filtered out as 41515262 A>G needs G but not covered
19.001 was filtered out as 41515262 A>G needs G but not covered
20.001 was filtered out as 41515262 A>G needs G but not covered
21.001 was filtered out as 41518707 C>A needs A but not covered
23.001 was filtered out as 41522630 A>G needs G but not covered
24.001 was filtered out as 41522682 G>A needs A but not covered
25.001 was filtered out as 41522709 A>T needs T but not covered
26.001 was filtered out as 41515262 A>G needs G but not covered
27.001 was filtered out as 41512917 T>C needs C but not covered
28.001 was filtered out as 41515992 C>G needs G but not covered
31.001 was filtered out as 41516012 C>A needs A but not covered
32.001 was filtered out as 41518644 G>A needs A but not covered
33.001 was filtered out as 41522714 C>A needs A but not covered
34.001 was filtered out as 41515262 A>G needs G but not covered
35.001 was filtered out as 41512917 T>C needs C but not covered
36.001 was filtered out as 41515262 A>G needs G but not covered
37.001 was filtered out as 41515262 A>G needs G but not covered
38.001 was filtered out as 41515262 A>G needs G but not covered
[filter] CYP2B6 1 => 1.001; 1.002; 1.003; 1.004; 1.005; 1.006; 1.007; 1.008; 1.009; 1.010; 1.011; 1.012; 1.013; 1.014; 1.015
[filter] CYP2B6 5 => 5.001; 5.002; 5.003
[filter] CYP2B6 22 => 22.001
[filter] valid_alleles=19
Step 0: Loss=0.0583, CN=[2.0999167]
Step 100: Loss=0.0281, CN=[2.2555928]
Step 200: Loss=0.0281, CN=[2.2545276]
Step 300: Loss=0.0281, CN=[2.254533]
Step 400: Loss=0.0281, CN=[2.254533]

=== Fit ===
Region 0: obs=2.166, exp=2.255, diff=-0.088 
Region 1: obs=2.203, exp=2.255, diff=-0.051 
Region 2: obs=1.770, exp=2.255, diff=-0.485 
Region 3: obs=2.149, exp=2.255, diff=-0.105 
Region 4: obs=2.521, exp=2.255, diff=+0.266 
Region 5: obs=2.287, exp=2.255, diff=+0.032 
Region 6: obs=2.621, exp=2.255, diff=+0.366 
Region 7: obs=2.101, exp=2.255, diff=-0.154 
Region 8: obs=2.154, exp=2.255, diff=-0.100 
Region 9: obs=2.252, exp=2.255, diff=-0.003 
Region 10: obs=2.174, exp=2.255, diff=-0.081 
Region 11: obs=1.729, exp=2.255, diff=-0.526 *
Region 12: obs=2.117, exp=2.255, diff=-0.138 
Region 13: obs=2.503, exp=2.255, diff=+0.249 
Region 14: obs=2.373, exp=2.255, diff=+0.119 
Region 15: obs=2.774, exp=2.255, diff=+0.519 *
Region 16: obs=2.416, exp=2.255, diff=+0.161 
Region 17: obs=2.213, exp=2.255, diff=-0.041 
Region 18: obs=2.204, exp=2.255, diff=-0.050 
Region 19: obs=2.350, exp=2.255, diff=+0.096 
Region 20: obs=2.262, exp=2.255, diff=+0.007 

[Gene CN Results]
  CYP2B6: 2.25 → 2.254533052444458
Using device: cuda

=== Running VAE with seed 42 ===
Global Pooled JS: 0.218339
Seed 42, Step    0: Loss = 1818.41 (Recon: 469.60, Allele KL: 9.38, Base KL: 3158.36, Functional KL: 0.22
Global Pooled JS: 0.012213
Seed 42, Step  500: Loss = 317.64 (Recon: 161.90, Allele KL: 42.91, Base KL: 15289.50, Functional KL: 0.01
Global Pooled JS: 0.009372
Seed 42, Step 1000: Loss = 295.86 (Recon: 149.93, Allele KL: 38.21, Base KL: 27205.20, Functional KL: 0.01
Global Pooled JS: 0.012181
Seed 42, Step 1500: Loss = 314.32 (Recon: 153.41, Allele KL: 35.55, Base KL: 27763.24, Functional KL: 0.01
Global Pooled JS: 0.006518
Seed 42, Step 2000: Loss = 303.63 (Recon: 167.85, Allele KL: 44.74, Base KL: 27862.17, Functional KL: 0.01
Global Pooled JS: 0.006735
Seed 42, Step 2500: Loss = 289.53 (Recon: 161.53, Allele KL: 36.56, Base KL: 26876.42, Functional KL: 0.01

Top Variants with Coverage Mismatches:
Rank   Variant                        Expected     Observed     Diff       |Div|       
------------------------------------------------------------------------------------------
1      CYP2B6:41497128→T              20.90        16.00        4.90       0.002392    
2      CYP2B6:41522714→T              17.47        22.00        -4.53      0.001160    
3      CYP2B6:41497128→C              20.67        25.00        -4.33      0.000857    
4      CYP2B6:41522714→C              24.10        23.00        1.10       0.000205    
5      CYP2B6:41522714→G              0.03         0.00         0.03       0.000126    
6      CYP2B6:41522714→P              0.03         0.00         0.03       0.000125    
7      CYP2B6:41522714→M              0.03         0.00         0.03       0.000124    
8      CYP2B6:41522714→A              0.03         0.00         0.03       0.000124    
9      CYP2B6:41522714→N              0.03         0.00         0.03       0.000123    
10     CYP2B6:41497128→P              0.03         0.00         0.03       0.000120    
11     CYP2B6:41497128→G              0.03         0.00         0.03       0.000118    
12     CYP2B6:41497128→M              0.03         0.00         0.03       0.000117    
13     CYP2B6:41497128→N              0.03         0.00         0.03       0.000117    
14     CYP2B6:41497128→A              0.03         0.00         0.03       0.000116    
New best model with final loss: 291.85

=== Running VAE with seed 123 ===
Global Pooled JS: 0.140182
Seed 123, Step    0: Loss = 1355.30 (Recon: 471.54, Allele KL: 14.71, Base KL: 1668.63, Functional KL: 0.14
Global Pooled JS: 0.006685
Seed 123, Step  500: Loss = 310.55 (Recon: 174.61, Allele KL: 56.35, Base KL: 15604.74, Functional KL: 0.01
Global Pooled JS: 0.004135
Seed 123, Step 1000: Loss = 284.00 (Recon: 150.88, Allele KL: 35.21, Base KL: 48864.26, Functional KL: 0.00
Global Pooled JS: 0.005720
Seed 123, Step 1500: Loss = 289.91 (Recon: 138.68, Allele KL: 34.14, Base KL: 58292.53, Functional KL: 0.01
Global Pooled JS: 0.004101
Seed 123, Step 2000: Loss = 278.61 (Recon: 135.47, Allele KL: 35.11, Base KL: 59142.37, Functional KL: 0.00
Global Pooled JS: 0.005075
Seed 123, Step 2500: Loss = 282.85 (Recon: 137.76, Allele KL: 30.63, Base KL: 59496.07, Functional KL: 0.01

Top Variants with Coverage Mismatches:
Rank   Variant                        Expected     Observed     Diff       |Div|       
------------------------------------------------------------------------------------------
1      CYP2B6:41522714→T              15.76        22.00        -6.24      0.002530    
2      CYP2B6:41522714→C              25.82        23.00        2.82       0.000768    
3      CYP2B6:41497128→A              0.04         0.00         0.04       0.000149    
4      CYP2B6:41497128→G              0.03         0.00         0.03       0.000145    
5      CYP2B6:41497128→P              0.03         0.00         0.03       0.000145    
6      CYP2B6:41497128→M              0.03         0.00         0.03       0.000144    
7      CYP2B6:41497128→N              0.03         0.00         0.03       0.000144    
8      CYP2B6:41522714→M              0.03         0.00         0.03       0.000114    
9      CYP2B6:41522714→A              0.03         0.00         0.03       0.000113    
10     CYP2B6:41522714→P              0.03         0.00         0.03       0.000113    
11     CYP2B6:41522714→G              0.03         0.00         0.03       0.000113    
12     CYP2B6:41522714→N              0.03         0.00         0.03       0.000112    
13     CYP2B6:41497128→T              16.61        16.00        0.61       0.000111    
14     CYP2B6:41497128→C              24.93        25.00        -0.07      0.000028    
New best model with final loss: 279.93

=== Running VAE with seed 456 ===
Global Pooled JS: 0.243186
Seed 456, Step    0: Loss = 2959.71 (Recon: 1453.84, Allele KL: 20.78, Base KL: 2624.93, Functional KL: 0.24
Global Pooled JS: 0.010758
Seed 456, Step  500: Loss = 309.75 (Recon: 166.84, Allele KL: 41.96, Base KL: 12358.19, Functional KL: 0.01
Global Pooled JS: 0.008339
Seed 456, Step 1000: Loss = 295.41 (Recon: 161.81, Allele KL: 32.53, Base KL: 26691.18, Functional KL: 0.01
Global Pooled JS: 0.004565
Seed 456, Step 1500: Loss = 281.09 (Recon: 136.67, Allele KL: 35.59, Base KL: 57119.66, Functional KL: 0.00
Global Pooled JS: 0.004220
Seed 456, Step 2000: Loss = 278.16 (Recon: 137.66, Allele KL: 31.60, Base KL: 59245.67, Functional KL: 0.00
Global Pooled JS: 0.004341
Seed 456, Step 2500: Loss = 277.28 (Recon: 137.03, Allele KL: 30.22, Base KL: 59599.14, Functional KL: 0.00

Top Variants with Coverage Mismatches:
Rank   Variant                        Expected     Observed     Diff       |Div|       
------------------------------------------------------------------------------------------
1      CYP2B6:41522714→T              16.99        22.00        -5.01      0.001481    
2      CYP2B6:41497128→T              19.07        16.00        3.07       0.001091    
3      CYP2B6:41522714→C              24.57        23.00        1.57       0.000327    
4      CYP2B6:41497128→C              22.49        25.00        -2.51      0.000199    
5      CYP2B6:41497128→M              0.03         0.00         0.03       0.000132    
6      CYP2B6:41497128→G              0.03         0.00         0.03       0.000132    
7      CYP2B6:41497128→N              0.03         0.00         0.03       0.000131    
8      CYP2B6:41497128→A              0.03         0.00         0.03       0.000131    
9      CYP2B6:41497128→P              0.03         0.00         0.03       0.000130    
10     CYP2B6:41522714→N              0.03         0.00         0.03       0.000122    
11     CYP2B6:41522714→M              0.03         0.00         0.03       0.000121    
12     CYP2B6:41522714→P              0.03         0.00         0.03       0.000120    
13     CYP2B6:41522714→A              0.03         0.00         0.03       0.000120    
14     CYP2B6:41522714→G              0.03         0.00         0.03       0.000120    

=== Multi-Seed VAE Results ===
Best model had seed 123 with final loss: 279.93
All seeds final losses:
  Seed 42: Total=291.85 (Recon=157.99, A_KL=40.65, B_KL=26893.86)
  Seed 123: Total=279.93 (Recon=135.89, A_KL=37.05, B_KL=59011.26) <- Best
  Seed 456: Total=292.05 (Recon=140.05, A_KL=29.20, B_KL=58904.90)
[time] run_vae took 178.38s (2,591.4921875 MB; 2,591.4921875 MB)

[Raw]:
CYP2B6*22: Normalized=0.6028, Unnormalized=0.60
CYP2B6*5: Normalized=0.3818, Unnormalized=0.38

[Alleles]
CYP2B6*22
CYP2B6*5
	Command being timed: "python cyp.py CYP2B6 /project/shared/aldy-data/wgs/NA07019.wgs.cram"
	User time (seconds): 156.09
	System time (seconds): 31.32
	Percent of CPU this job got: 99%
	Elapsed (wall clock) time (h:mm:ss or m:ss): 3:07.94
	Average shared text size (kbytes): 0
	Average unshared data size (kbytes): 0
	Average stack size (kbytes): 0
	Average total size (kbytes): 0
	Maximum resident set size (kbytes): 2653728
	Average resident set size (kbytes): 0
	Major (requiring I/O) page faults: 0
	Minor (reclaiming a frame) page faults: 732873
	Voluntary context switches: 25039
	Involuntary context switches: 3285
	Swaps: 0
	File system inputs: 0
	File system outputs: 48
	Socket messages sent: 0
	Socket messages received: 0
	Signals delivered: 0
	Page size (bytes): 4096
	Exit status: 0
