2026-05-16 16:49:51.573956: I tensorflow/core/util/port.cc:111] oneDNN custom operations are on. You may see slightly different numerical results due to floating-point round-off errors from different computation orders. To turn them off, set the environment variable `TF_ENABLE_ONEDNN_OPTS=0`.
2026-05-16 16:49:51.616818: E tensorflow/compiler/xla/stream_executor/cuda/cuda_dnn.cc:9342] Unable to register cuDNN factory: Attempting to register factory for plugin cuDNN when one has already been registered
2026-05-16 16:49:51.616904: E tensorflow/compiler/xla/stream_executor/cuda/cuda_fft.cc:609] Unable to register cuFFT factory: Attempting to register factory for plugin cuFFT when one has already been registered
2026-05-16 16:49:51.616968: E tensorflow/compiler/xla/stream_executor/cuda/cuda_blas.cc:1518] Unable to register cuBLAS factory: Attempting to register factory for plugin cuBLAS when one has already been registered
2026-05-16 16:49:51.627832: I tensorflow/core/platform/cpu_feature_guard.cc:182] This TensorFlow binary is optimized to use available CPU instructions in performance-critical operations.
To enable the following instructions: AVX2 AVX512F AVX512_VNNI FMA, in other operations, rebuild TensorFlow with the appropriate compiler flags.
AttributeError: 'MessageFactory' object has no attribute 'GetPrototype'
2026-05-16 16:49:52.812710: W tensorflow/compiler/tf2tensorrt/utils/py_utils.cc:38] TF-TRT Warning: Could not find TensorRT
AttributeError: 'MessageFactory' object has no attribute 'GetPrototype'
[info] total indices 441
[info] total variants 441
2.001 was filtered out as 41497273 C>T needs T but not covered
2.002 was filtered out as 41497273 C>T needs T but not covered
3.001 was filtered out as 41515254 C>A needs A but not covered
5.001 was filtered out as 41522714 C>T needs T but not covered
5.002 was filtered out as 41522714 C>T needs T but not covered
5.003 was filtered out as 41522714 C>T needs T but not covered
7.001 was filtered out as 41522714 C>T needs T but not covered
8.001 was filtered out as 41510281 A>G needs G but not covered
10.001 was filtered out as 41497273 C>T needs T but not covered
11.001 was filtered out as 41497345 A>G needs G but not covered
12.001 was filtered out as 41510029 G>A needs A but not covered
13.001 was filtered out as 41510281 A>G needs G but not covered
14.001 was filtered out as 41510285 G>A needs A but not covered
15.001 was filtered out as 41518597 T>A needs A but not covered
17.001 was filtered out as 41497285 A>T needs T but not covered
17.002 was filtered out as 41497285 A>T needs T but not covered
18.001 was filtered out as 41518220 T>C needs C but not covered
18.002 was filtered out as 41518220 T>C needs C but not covered
19.001 was filtered out as 41518243 C>T needs T but not covered
20.001 was filtered out as 41512827 C>T needs T but not covered
21.001 was filtered out as 41518707 C>A needs A but not covered
22.001 was filtered out as 41497128 T>C needs C but not covered
23.001 was filtered out as 41522630 A>G needs G but not covered
24.001 was filtered out as 41522682 G>A needs A but not covered
25.001 was filtered out as 41522709 A>T needs T but not covered
26.001 was filtered out as 41512823 C>G needs G but not covered
27.001 was filtered out as 41512917 T>C needs C but not covered
28.001 was filtered out as 41515992 C>G needs G but not covered
31.001 was filtered out as 41516012 C>A needs A but not covered
32.001 was filtered out as 41518644 G>A needs A but not covered
33.001 was filtered out as 41522714 C>A needs A but not covered
34.001 was filtered out as 41497128 T>C needs C but not covered
35.001 was filtered out as 41497128 T>C needs C but not covered
36.001 was filtered out as 41497128 T>C needs C but not covered
37.001 was filtered out as 41512872 T>G needs G but not covered
38.001 was filtered out as 41509919 T>A needs A but not covered
[filter] CYP2B6 1 => 1.001; 1.002; 1.003; 1.004; 1.005; 1.006; 1.007; 1.008; 1.009; 1.010; 1.011; 1.012; 1.013; 1.014; 1.015
[filter] CYP2B6 4 => 4.001; 4.002
[filter] CYP2B6 6 => 6.001; 6.002; 6.003; 6.004
[filter] CYP2B6 9 => 9.001
[filter] valid_alleles=22
Step 0: Loss=0.0278, CN=[2.0999165]
Step 100: Loss=0.0278, CN=[2.0112085]
Step 200: Loss=0.0278, CN=[2.0108025]
Step 300: Loss=0.0278, CN=[2.0108018]
Step 400: Loss=0.0278, CN=[2.010802]

=== Fit ===
Region 0: obs=2.112, exp=2.011, diff=+0.101 
Region 1: obs=1.559, exp=2.011, diff=-0.452 
Region 2: obs=2.162, exp=2.011, diff=+0.151 
Region 3: obs=2.265, exp=2.011, diff=+0.254 
Region 4: obs=2.473, exp=2.011, diff=+0.462 
Region 5: obs=1.799, exp=2.011, diff=-0.212 
Region 6: obs=2.254, exp=2.011, diff=+0.244 
Region 7: obs=1.995, exp=2.011, diff=-0.016 
Region 8: obs=2.131, exp=2.011, diff=+0.120 
Region 9: obs=1.950, exp=2.011, diff=-0.061 
Region 10: obs=2.288, exp=2.011, diff=+0.277 
Region 11: obs=2.015, exp=2.011, diff=+0.005 
Region 12: obs=2.166, exp=2.011, diff=+0.156 
Region 13: obs=2.192, exp=2.011, diff=+0.182 
Region 14: obs=1.637, exp=2.011, diff=-0.374 
Region 15: obs=1.620, exp=2.011, diff=-0.391 
Region 16: obs=1.791, exp=2.011, diff=-0.220 
Region 17: obs=2.010, exp=2.011, diff=-0.001 
Region 18: obs=1.807, exp=2.011, diff=-0.204 
Region 19: obs=1.927, exp=2.011, diff=-0.084 
Region 20: obs=2.075, exp=2.011, diff=+0.065 

[Gene CN Results]
  CYP2B6: 2.01 → 2.010801315307617
Using device: cuda

=== Running VAE with seed 42 ===
Global Pooled JS: 0.119802
Seed 42, Step    0: Loss = 1071.96 (Recon: 312.58, Allele KL: 11.12, Base KL: 2884.16, Functional KL: 0.12
Global Pooled JS: 0.004921
Seed 42, Step  500: Loss = 223.91 (Recon: 130.13, Allele KL: 29.53, Base KL: 10052.17, Functional KL: 0.00
Global Pooled JS: 0.002833
Seed 42, Step 1000: Loss = 197.47 (Recon: 125.67, Allele KL: 20.11, Base KL: 9957.56, Functional KL: 0.00
Global Pooled JS: 0.006187
Seed 42, Step 1500: Loss = 223.97 (Recon: 130.47, Allele KL: 21.39, Base KL: 10223.89, Functional KL: 0.01
Global Pooled JS: 0.003440
Seed 42, Step 2000: Loss = 211.44 (Recon: 134.42, Allele KL: 20.98, Base KL: 10271.62, Functional KL: 0.00
Global Pooled JS: 0.002324
Seed 42, Step 2500: Loss = 198.96 (Recon: 127.64, Allele KL: 22.64, Base KL: 10100.26, Functional KL: 0.00

Top Variants with Coverage Mismatches:
Rank   Variant                        Expected     Observed     Diff       |Div|       
------------------------------------------------------------------------------------------
1      CYP2B6:41512840→G              13.27        20.00        -6.73      0.000868    
2      CYP2B6:41512840→P              0.06         0.00         0.06       0.000263    
3      CYP2B6:41512840→C              0.06         0.00         0.06       0.000259    
4      CYP2B6:41512840→A              0.06         0.00         0.06       0.000257    
5      CYP2B6:41512840→M              0.06         0.00         0.06       0.000257    
6      CYP2B6:41512840→N              0.06         0.00         0.06       0.000256    
7      CYP2B6:41515262→M              0.04         0.00         0.04       0.000188    
8      CYP2B6:41515262→P              0.04         0.00         0.04       0.000187    
9      CYP2B6:41515262→C              0.04         0.00         0.04       0.000184    
10     CYP2B6:41515262→T              0.04         0.00         0.04       0.000184    
11     CYP2B6:41515262→N              0.04         0.00         0.04       0.000180    
12     CYP2B6:41512840→T              24.15        29.00        -4.85      0.000055    
13     CYP2B6:41515262→G              18.37        22.00        -3.63      0.000048    
14     CYP2B6:41515262→A              19.13        23.00        -3.87      0.000041    
New best model with final loss: 207.62

=== Running VAE with seed 123 ===
Global Pooled JS: 0.019756
Seed 123, Step    0: Loss = 340.58 (Recon: 175.89, Allele KL: 17.38, Base KL: 2221.56, Functional KL: 0.02
Global Pooled JS: 0.004440
Seed 123, Step  500: Loss = 217.00 (Recon: 125.03, Allele KL: 30.64, Base KL: 10395.39, Functional KL: 0.00
Global Pooled JS: 0.002284
Seed 123, Step 1000: Loss = 199.79 (Recon: 129.24, Allele KL: 22.03, Base KL: 10151.53, Functional KL: 0.00
Global Pooled JS: 0.002581
Seed 123, Step 1500: Loss = 208.23 (Recon: 126.34, Allele KL: 31.84, Base KL: 10070.78, Functional KL: 0.00
Global Pooled JS: 0.003293
Seed 123, Step 2000: Loss = 209.43 (Recon: 130.36, Allele KL: 24.82, Base KL: 10067.10, Functional KL: 0.00
Global Pooled JS: 0.003544
Seed 123, Step 2500: Loss = 209.47 (Recon: 131.13, Allele KL: 21.99, Base KL: 10109.53, Functional KL: 0.00

Top Variants with Coverage Mismatches:
Rank   Variant                        Expected     Observed     Diff       |Div|       
------------------------------------------------------------------------------------------
1      CYP2B6:41512840→G              13.94        20.00        -6.06      0.000491    
2      CYP2B6:41512840→M              0.06         0.00         0.06       0.000257    
3      CYP2B6:41512840→C              0.06         0.00         0.06       0.000255    
4      CYP2B6:41512840→A              0.06         0.00         0.06       0.000255    
5      CYP2B6:41512840→N              0.05         0.00         0.05       0.000253    
6      CYP2B6:41512840→P              0.05         0.00         0.05       0.000251    
7      CYP2B6:41515262→T              0.04         0.00         0.04       0.000190    
8      CYP2B6:41515262→M              0.04         0.00         0.04       0.000189    
9      CYP2B6:41515262→P              0.04         0.00         0.04       0.000187    
10     CYP2B6:41515262→C              0.04         0.00         0.04       0.000186    
11     CYP2B6:41515262→N              0.04         0.00         0.04       0.000184    
12     CYP2B6:41515262→A              19.48        23.00        -3.52      0.000094    
13     CYP2B6:41515262→G              18.01        22.00        -3.99      0.000012    
14     CYP2B6:41512840→T              23.49        29.00        -5.51      0.000004    
New best model with final loss: 199.02

=== Running VAE with seed 456 ===
Global Pooled JS: 0.176734
Seed 456, Step    0: Loss = 1854.52 (Recon: 742.97, Allele KL: 23.46, Base KL: 3842.03, Functional KL: 0.18
Global Pooled JS: 0.003208
Seed 456, Step  500: Loss = 208.30 (Recon: 124.96, Allele KL: 29.68, Base KL: 9812.31, Functional KL: 0.00
Global Pooled JS: 0.004052
Seed 456, Step 1000: Loss = 206.63 (Recon: 129.32, Allele KL: 17.82, Base KL: 10160.94, Functional KL: 0.00
Global Pooled JS: 0.003516
Seed 456, Step 1500: Loss = 206.42 (Recon: 131.75, Allele KL: 18.39, Base KL: 10253.56, Functional KL: 0.00
Global Pooled JS: 0.003370
Seed 456, Step 2000: Loss = 201.38 (Recon: 127.84, Allele KL: 18.39, Base KL: 10087.79, Functional KL: 0.00
Global Pooled JS: 0.005394
Seed 456, Step 2500: Loss = 220.79 (Recon: 135.91, Allele KL: 17.53, Base KL: 9929.63, Functional KL: 0.01

Top Variants with Coverage Mismatches:
Rank   Variant                        Expected     Observed     Diff       |Div|       
------------------------------------------------------------------------------------------
1      CYP2B6:41512840→G              13.67        20.00        -6.33      0.000626    
2      CYP2B6:41512840→C              0.05         0.00         0.05       0.000251    
3      CYP2B6:41512840→A              0.05         0.00         0.05       0.000250    
4      CYP2B6:41512840→N              0.05         0.00         0.05       0.000250    
5      CYP2B6:41512840→M              0.05         0.00         0.05       0.000247    
6      CYP2B6:41512840→P              0.05         0.00         0.05       0.000245    
7      CYP2B6:41515262→T              0.04         0.00         0.04       0.000195    
8      CYP2B6:41515262→N              0.04         0.00         0.04       0.000191    
9      CYP2B6:41515262→P              0.04         0.00         0.04       0.000189    
10     CYP2B6:41515262→C              0.04         0.00         0.04       0.000188    
11     CYP2B6:41515262→M              0.04         0.00         0.04       0.000186    
12     CYP2B6:41515262→G              18.90        22.00        -3.10      0.000143    
13     CYP2B6:41512840→T              23.75        29.00        -5.25      0.000017    
14     CYP2B6:41515262→A              18.59        23.00        -4.41      0.000002    

=== Multi-Seed VAE Results ===
Best model had seed 123 with final loss: 199.02
All seeds final losses:
  Seed 42: Total=207.62 (Recon=130.44, A_KL=22.18, B_KL=10189.75)
  Seed 123: Total=199.02 (Recon=128.69, A_KL=20.99, B_KL=10125.31) <- Best
  Seed 456: Total=199.37 (Recon=127.02, A_KL=24.53, B_KL=9989.30)
[time] run_vae took 178.45s (2,588.60546875 MB; 2,588.60546875 MB)

[Raw]:
CYP2B6*6: Normalized=0.4644, Unnormalized=0.46
CYP2B6*1: Normalized=0.3477, Unnormalized=0.35
CYP2B6*9: Normalized=0.1677, Unnormalized=0.17

[Alleles]
CYP2B6*6
CYP2B6*1
	Command being timed: "python cyp.py CYP2B6 /project/shared/aldy-data/wgs/NA07055.wgs.cram"
	User time (seconds): 156.20
	System time (seconds): 31.07
	Percent of CPU this job got: 99%
	Elapsed (wall clock) time (h:mm:ss or m:ss): 3:08.39
	Average shared text size (kbytes): 0
	Average unshared data size (kbytes): 0
	Average stack size (kbytes): 0
	Average total size (kbytes): 0
	Maximum resident set size (kbytes): 2650772
	Average resident set size (kbytes): 0
	Major (requiring I/O) page faults: 0
	Minor (reclaiming a frame) page faults: 735663
	Voluntary context switches: 23021
	Involuntary context switches: 177
	Swaps: 0
	File system inputs: 0
	File system outputs: 56
	Socket messages sent: 0
	Socket messages received: 0
	Signals delivered: 0
	Page size (bytes): 4096
	Exit status: 0
