2026-05-16 16:49:51.659257: I tensorflow/core/util/port.cc:111] oneDNN custom operations are on. You may see slightly different numerical results due to floating-point round-off errors from different computation orders. To turn them off, set the environment variable `TF_ENABLE_ONEDNN_OPTS=0`.
2026-05-16 16:49:51.699024: E tensorflow/compiler/xla/stream_executor/cuda/cuda_dnn.cc:9342] Unable to register cuDNN factory: Attempting to register factory for plugin cuDNN when one has already been registered
2026-05-16 16:49:51.699174: E tensorflow/compiler/xla/stream_executor/cuda/cuda_fft.cc:609] Unable to register cuFFT factory: Attempting to register factory for plugin cuFFT when one has already been registered
2026-05-16 16:49:51.699260: E tensorflow/compiler/xla/stream_executor/cuda/cuda_blas.cc:1518] Unable to register cuBLAS factory: Attempting to register factory for plugin cuBLAS when one has already been registered
2026-05-16 16:49:51.708215: I tensorflow/core/platform/cpu_feature_guard.cc:182] This TensorFlow binary is optimized to use available CPU instructions in performance-critical operations.
To enable the following instructions: AVX2 AVX512F AVX512_VNNI FMA, in other operations, rebuild TensorFlow with the appropriate compiler flags.
AttributeError: 'MessageFactory' object has no attribute 'GetPrototype'
2026-05-16 16:49:52.891106: W tensorflow/compiler/tf2tensorrt/utils/py_utils.cc:38] TF-TRT Warning: Could not find TensorRT
AttributeError: 'MessageFactory' object has no attribute 'GetPrototype'
[info] total indices 441
[info] total variants 441
2.001 was filtered out as 41497273 C>T needs T but not covered
2.002 was filtered out as 41497273 C>T needs T but not covered
3.001 was filtered out as 41515254 C>A needs A but not covered
4.001 was filtered out as 41515262 A>G needs G but not covered
4.002 was filtered out as 41515262 A>G needs G but not covered
5.001 was filtered out as 41522714 C>T needs T but not covered
5.002 was filtered out as 41522714 C>T needs T but not covered
5.003 was filtered out as 41522714 C>T needs T but not covered
6.001 was filtered out as 41515262 A>G needs G but not covered
6.002 was filtered out as 41515262 A>G needs G but not covered
6.003 was filtered out as 41515262 A>G needs G but not covered
6.004 was filtered out as 41515262 A>G needs G but not covered
7.001 was filtered out as 41515262 A>G needs G but not covered
8.001 was filtered out as 41510281 A>G needs G but not covered
9.001 was filtered out as 41512840 G>T needs T but not covered
10.001 was filtered out as 41497273 C>T needs T but not covered
11.001 was filtered out as 41497345 A>G needs G but not covered
12.001 was filtered out as 41510029 G>A needs A but not covered
13.001 was filtered out as 41515262 A>G needs G but not covered
14.001 was filtered out as 41510285 G>A needs A but not covered
15.001 was filtered out as 41518597 T>A needs A but not covered
17.001 was filtered out as 41497285 A>T needs T but not covered
17.002 was filtered out as 41497285 A>T needs T but not covered
18.001 was filtered out as 41518220 T>C needs C but not covered
18.002 was filtered out as 41515262 A>G needs G but not covered
19.001 was filtered out as 41515262 A>G needs G but not covered
20.001 was filtered out as 41515262 A>G needs G but not covered
21.001 was filtered out as 41518707 C>A needs A but not covered
22.001 was filtered out as 41497128 T>C needs C but not covered
23.001 was filtered out as 41522630 A>G needs G but not covered
24.001 was filtered out as 41522682 G>A needs A but not covered
25.001 was filtered out as 41522709 A>T needs T but not covered
26.001 was filtered out as 41515262 A>G needs G but not covered
27.001 was filtered out as 41512917 T>C needs C but not covered
28.001 was filtered out as 41515992 C>G needs G but not covered
31.001 was filtered out as 41516012 C>A needs A but not covered
32.001 was filtered out as 41518644 G>A needs A but not covered
33.001 was filtered out as 41522714 C>A needs A but not covered
34.001 was filtered out as 41515262 A>G needs G but not covered
35.001 was filtered out as 41497128 T>C needs C but not covered
36.001 was filtered out as 41515262 A>G needs G but not covered
37.001 was filtered out as 41515262 A>G needs G but not covered
38.001 was filtered out as 41515262 A>G needs G but not covered
[filter] CYP2B6 1 => 1.001; 1.002; 1.003; 1.004; 1.005; 1.006; 1.007; 1.008; 1.009; 1.010; 1.011; 1.012; 1.013; 1.014; 1.015
[filter] valid_alleles=15
Step 0: Loss=0.0760, CN=[2.0999167]
Step 100: Loss=0.0430, CN=[2.2762887]
Step 200: Loss=0.0430, CN=[2.275216]
Step 300: Loss=0.0430, CN=[2.2752223]
Step 400: Loss=0.0430, CN=[2.2752225]

=== Fit ===
Region 0: obs=2.212, exp=2.275, diff=-0.064 
Region 1: obs=1.626, exp=2.275, diff=-0.649 *
Region 2: obs=2.024, exp=2.275, diff=-0.252 
Region 3: obs=2.377, exp=2.275, diff=+0.102 
Region 4: obs=2.662, exp=2.275, diff=+0.387 
Region 5: obs=2.339, exp=2.275, diff=+0.063 
Region 6: obs=2.727, exp=2.275, diff=+0.452 
Region 7: obs=2.323, exp=2.275, diff=+0.048 
Region 8: obs=2.751, exp=2.275, diff=+0.476 
Region 9: obs=2.395, exp=2.275, diff=+0.120 
Region 10: obs=1.976, exp=2.275, diff=-0.300 
Region 11: obs=2.505, exp=2.275, diff=+0.230 
Region 12: obs=2.056, exp=2.275, diff=-0.219 
Region 13: obs=2.474, exp=2.275, diff=+0.199 
Region 14: obs=1.828, exp=2.275, diff=-0.447 
Region 15: obs=2.386, exp=2.275, diff=+0.110 
Region 16: obs=2.251, exp=2.275, diff=-0.024 
Region 17: obs=2.180, exp=2.275, diff=-0.095 
Region 18: obs=1.868, exp=2.275, diff=-0.407 
Region 19: obs=2.107, exp=2.275, diff=-0.168 
Region 20: obs=2.564, exp=2.275, diff=+0.289 

[Gene CN Results]
  CYP2B6: 2.28 → 2.2752225399017334
Using device: cuda

=== Running VAE with seed 42 ===
Global Pooled JS: 0.000000
Seed 42, Step    0: Loss = 892.95 (Recon: 848.56, Allele KL: 15.49, Base KL: 1170.66, Functional KL: 0.00
Global Pooled JS: 0.000000
Seed 42, Step  500: Loss = 121.21 (Recon: 64.80, Allele KL: 29.49, Base KL: 3083.19, Functional KL: 0.00
Global Pooled JS: 0.000000
Seed 42, Step 1000: Loss = 131.22 (Recon: 75.73, Allele KL: 28.23, Base KL: 3080.37, Functional KL: 0.00
Global Pooled JS: 0.000000
Seed 42, Step 1500: Loss = 125.87 (Recon: 75.09, Allele KL: 23.54, Base KL: 3088.14, Functional KL: 0.00
Global Pooled JS: 0.000000
Seed 42, Step 2000: Loss = 119.90 (Recon: 68.39, Allele KL: 24.46, Base KL: 3102.25, Functional KL: 0.00
Global Pooled JS: 0.000000
Seed 42, Step 2500: Loss = 114.61 (Recon: 66.85, Allele KL: 20.80, Base KL: 3036.08, Functional KL: 0.00

Top Variants with Coverage Mismatches:
Rank   Variant                        Expected     Observed     Diff       |Div|       
------------------------------------------------------------------------------------------
New best model with final loss: 117.85

=== Running VAE with seed 123 ===
Global Pooled JS: 0.000000
Seed 123, Step    0: Loss = 752.40 (Recon: 714.30, Allele KL: 8.40, Base KL: 1367.21, Functional KL: 0.00
Global Pooled JS: 0.000000
Seed 123, Step  500: Loss = 115.98 (Recon: 66.90, Allele KL: 22.12, Base KL: 3069.54, Functional KL: 0.00
Global Pooled JS: 0.000000
Seed 123, Step 1000: Loss = 118.67 (Recon: 66.63, Allele KL: 25.05, Base KL: 3067.86, Functional KL: 0.00
Global Pooled JS: 0.000000
Seed 123, Step 1500: Loss = 121.00 (Recon: 73.04, Allele KL: 20.79, Base KL: 3070.68, Functional KL: 0.00
Global Pooled JS: 0.000000
Seed 123, Step 2000: Loss = 132.50 (Recon: 85.92, Allele KL: 19.08, Base KL: 3086.27, Functional KL: 0.00
Global Pooled JS: 0.000000
Seed 123, Step 2500: Loss = 131.63 (Recon: 83.18, Allele KL: 21.06, Base KL: 3059.94, Functional KL: 0.00

Top Variants with Coverage Mismatches:
Rank   Variant                        Expected     Observed     Diff       |Div|       
------------------------------------------------------------------------------------------

=== Running VAE with seed 456 ===
Global Pooled JS: 0.000000
Seed 456, Step    0: Loss = 654.11 (Recon: 608.09, Allele KL: 16.50, Base KL: 1404.64, Functional KL: 0.00
Global Pooled JS: 0.000000
Seed 456, Step  500: Loss = 125.25 (Recon: 74.88, Allele KL: 23.09, Base KL: 3081.19, Functional KL: 0.00
Global Pooled JS: 0.000000
Seed 456, Step 1000: Loss = 115.48 (Recon: 74.67, Allele KL: 13.55, Base KL: 3091.45, Functional KL: 0.00
Global Pooled JS: 0.000000
Seed 456, Step 1500: Loss = 111.51 (Recon: 65.45, Allele KL: 19.10, Base KL: 3046.69, Functional KL: 0.00
Global Pooled JS: 0.000000
Seed 456, Step 2000: Loss = 119.60 (Recon: 65.99, Allele KL: 26.67, Base KL: 3054.98, Functional KL: 0.00
Global Pooled JS: 0.000000
Seed 456, Step 2500: Loss = 113.01 (Recon: 65.18, Allele KL: 20.83, Base KL: 3130.46, Functional KL: 0.00

Top Variants with Coverage Mismatches:
Rank   Variant                        Expected     Observed     Diff       |Div|       
------------------------------------------------------------------------------------------

=== Multi-Seed VAE Results ===
Best model had seed 42 with final loss: 117.85
All seeds final losses:
  Seed 42: Total=117.85 (Recon=69.27, A_KL=21.43, B_KL=3120.48) <- Best
  Seed 123: Total=133.67 (Recon=85.37, A_KL=20.75, B_KL=3105.04)
  Seed 456: Total=121.88 (Recon=72.91, A_KL=21.74, B_KL=3131.10)
[time] run_vae took 178.26s (2,583.57421875 MB; 2,583.57421875 MB)

[Raw]:
CYP2B6*1: Normalized=1.0000, Unnormalized=1.00

[Alleles]
CYP2B6*1
CYP2B6*1
	Command being timed: "python cyp.py CYP2B6 /project/shared/aldy-data/wgs/NA07348.wgs.cram"
	User time (seconds): 155.37
	System time (seconds): 31.02
	Percent of CPU this job got: 99%
	Elapsed (wall clock) time (h:mm:ss or m:ss): 3:07.58
	Average shared text size (kbytes): 0
	Average unshared data size (kbytes): 0
	Average stack size (kbytes): 0
	Average total size (kbytes): 0
	Maximum resident set size (kbytes): 2645604
	Average resident set size (kbytes): 0
	Major (requiring I/O) page faults: 0
	Minor (reclaiming a frame) page faults: 723243
	Voluntary context switches: 22996
	Involuntary context switches: 166
	Swaps: 0
	File system inputs: 0
	File system outputs: 48
	Socket messages sent: 0
	Socket messages received: 0
	Signals delivered: 0
	Page size (bytes): 4096
	Exit status: 0
