2026-05-16 16:52:58.503152: I tensorflow/core/util/port.cc:111] oneDNN custom operations are on. You may see slightly different numerical results due to floating-point round-off errors from different computation orders. To turn them off, set the environment variable `TF_ENABLE_ONEDNN_OPTS=0`.
2026-05-16 16:52:58.542286: E tensorflow/compiler/xla/stream_executor/cuda/cuda_dnn.cc:9342] Unable to register cuDNN factory: Attempting to register factory for plugin cuDNN when one has already been registered
2026-05-16 16:52:58.542363: E tensorflow/compiler/xla/stream_executor/cuda/cuda_fft.cc:609] Unable to register cuFFT factory: Attempting to register factory for plugin cuFFT when one has already been registered
2026-05-16 16:52:58.542502: E tensorflow/compiler/xla/stream_executor/cuda/cuda_blas.cc:1518] Unable to register cuBLAS factory: Attempting to register factory for plugin cuBLAS when one has already been registered
2026-05-16 16:52:58.551015: I tensorflow/core/platform/cpu_feature_guard.cc:182] This TensorFlow binary is optimized to use available CPU instructions in performance-critical operations.
To enable the following instructions: AVX2 AVX512F AVX512_VNNI FMA, in other operations, rebuild TensorFlow with the appropriate compiler flags.
AttributeError: 'MessageFactory' object has no attribute 'GetPrototype'
2026-05-16 16:52:59.665062: W tensorflow/compiler/tf2tensorrt/utils/py_utils.cc:38] TF-TRT Warning: Could not find TensorRT
AttributeError: 'MessageFactory' object has no attribute 'GetPrototype'
[info] total indices 441
[info] total variants 441
2.001 was filtered out as 41497273 C>T needs T but not covered
2.002 was filtered out as 41497273 C>T needs T but not covered
3.001 was filtered out as 41515254 C>A needs A but not covered
4.001 was filtered out as 41515262 A>G needs G but not covered
4.002 was filtered out as 41515262 A>G needs G but not covered
5.001 was filtered out as 41522714 C>T needs T but not covered
5.002 was filtered out as 41522714 C>T needs T but not covered
5.003 was filtered out as 41522714 C>T needs T but not covered
6.001 was filtered out as 41515262 A>G needs G but not covered
6.002 was filtered out as 41515262 A>G needs G but not covered
6.003 was filtered out as 41515262 A>G needs G but not covered
6.004 was filtered out as 41515262 A>G needs G but not covered
7.001 was filtered out as 41515262 A>G needs G but not covered
8.001 was filtered out as 41510281 A>G needs G but not covered
9.001 was filtered out as 41512840 G>T needs T but not covered
10.001 was filtered out as 41497273 C>T needs T but not covered
11.001 was filtered out as 41497345 A>G needs G but not covered
12.001 was filtered out as 41510029 G>A needs A but not covered
13.001 was filtered out as 41515262 A>G needs G but not covered
14.001 was filtered out as 41510285 G>A needs A but not covered
15.001 was filtered out as 41518597 T>A needs A but not covered
17.001 was filtered out as 41497285 A>T needs T but not covered
17.002 was filtered out as 41497285 A>T needs T but not covered
18.001 was filtered out as 41518220 T>C needs C but not covered
18.002 was filtered out as 41515262 A>G needs G but not covered
19.001 was filtered out as 41515262 A>G needs G but not covered
20.001 was filtered out as 41515262 A>G needs G but not covered
21.001 was filtered out as 41518707 C>A needs A but not covered
22.001 was filtered out as 41497128 T>C needs C but not covered
23.001 was filtered out as 41522630 A>G needs G but not covered
24.001 was filtered out as 41522682 G>A needs A but not covered
25.001 was filtered out as 41522709 A>T needs T but not covered
26.001 was filtered out as 41515262 A>G needs G but not covered
27.001 was filtered out as 41512917 T>C needs C but not covered
28.001 was filtered out as 41515992 C>G needs G but not covered
31.001 was filtered out as 41516012 C>A needs A but not covered
32.001 was filtered out as 41518644 G>A needs A but not covered
33.001 was filtered out as 41522714 C>A needs A but not covered
34.001 was filtered out as 41515262 A>G needs G but not covered
35.001 was filtered out as 41497128 T>C needs C but not covered
36.001 was filtered out as 41515262 A>G needs G but not covered
37.001 was filtered out as 41515262 A>G needs G but not covered
38.001 was filtered out as 41515262 A>G needs G but not covered
[filter] CYP2B6 1 => 1.001; 1.002; 1.003; 1.004; 1.005; 1.006; 1.007; 1.008; 1.009; 1.010; 1.011; 1.012; 1.013; 1.014; 1.015
[filter] valid_alleles=15
Step 0: Loss=0.0525, CN=[2.0999167]
Step 100: Loss=0.0409, CN=[2.160443]
Step 200: Loss=0.0409, CN=[2.1598446]
Step 300: Loss=0.0409, CN=[2.1598454]
Step 400: Loss=0.0409, CN=[2.1598456]

=== Fit ===
Region 0: obs=2.122, exp=2.160, diff=-0.038 
Region 1: obs=1.914, exp=2.160, diff=-0.246 
Region 2: obs=2.492, exp=2.160, diff=+0.332 
Region 3: obs=2.240, exp=2.160, diff=+0.081 
Region 4: obs=2.036, exp=2.160, diff=-0.124 
Region 5: obs=1.684, exp=2.160, diff=-0.476 
Region 6: obs=2.460, exp=2.160, diff=+0.300 
Region 7: obs=2.104, exp=2.160, diff=-0.056 
Region 8: obs=2.944, exp=2.160, diff=+0.784 *
Region 9: obs=2.326, exp=2.160, diff=+0.167 
Region 10: obs=1.929, exp=2.160, diff=-0.231 
Region 11: obs=2.178, exp=2.160, diff=+0.018 
Region 12: obs=2.211, exp=2.160, diff=+0.051 
Region 13: obs=2.451, exp=2.160, diff=+0.291 
Region 14: obs=2.153, exp=2.160, diff=-0.007 
Region 15: obs=2.005, exp=2.160, diff=-0.155 
Region 16: obs=1.452, exp=2.160, diff=-0.708 *
Region 17: obs=2.238, exp=2.160, diff=+0.079 
Region 18: obs=2.067, exp=2.160, diff=-0.093 
Region 19: obs=2.230, exp=2.160, diff=+0.070 
Region 20: obs=2.197, exp=2.160, diff=+0.037 

[Gene CN Results]
  CYP2B6: 2.16 → 2.1598455905914307
Using device: cuda

=== Running VAE with seed 42 ===
Global Pooled JS: 0.000000
Seed 42, Step    0: Loss = 197.66 (Recon: 147.72, Allele KL: 20.85, Base KL: 1644.91, Functional KL: 0.00
Global Pooled JS: 0.000000
Seed 42, Step  500: Loss = 140.37 (Recon: 97.34, Allele KL: 12.02, Base KL: 5957.07, Functional KL: 0.00
Global Pooled JS: 0.000000
Seed 42, Step 1000: Loss = 124.85 (Recon: 76.21, Allele KL: 19.01, Base KL: 5853.28, Functional KL: 0.00
Global Pooled JS: 0.000000
Seed 42, Step 1500: Loss = 119.41 (Recon: 76.11, Allele KL: 13.47, Base KL: 6019.46, Functional KL: 0.00
Global Pooled JS: 0.000000
Seed 42, Step 2000: Loss = 121.76 (Recon: 73.95, Allele KL: 18.60, Base KL: 5721.48, Functional KL: 0.00
Global Pooled JS: 0.000000
Seed 42, Step 2500: Loss = 126.43 (Recon: 78.05, Allele KL: 18.19, Base KL: 6286.09, Functional KL: 0.00

Top Variants with Coverage Mismatches:
Rank   Variant                        Expected     Observed     Diff       |Div|       
------------------------------------------------------------------------------------------
New best model with final loss: 127.73

=== Running VAE with seed 123 ===
Global Pooled JS: 0.000000
Seed 123, Step    0: Loss = 193.76 (Recon: 151.05, Allele KL: 12.54, Base KL: 2083.20, Functional KL: 0.00
Global Pooled JS: 0.000000
Seed 123, Step  500: Loss = 125.53 (Recon: 75.85, Allele KL: 20.05, Base KL: 5905.21, Functional KL: 0.00
Global Pooled JS: 0.000000
Seed 123, Step 1000: Loss = 121.41 (Recon: 76.24, Allele KL: 15.44, Base KL: 5896.09, Functional KL: 0.00
Global Pooled JS: 0.000000
Seed 123, Step 1500: Loss = 129.57 (Recon: 83.07, Allele KL: 16.12, Base KL: 6011.07, Functional KL: 0.00
Global Pooled JS: 0.000000
Seed 123, Step 2000: Loss = 125.20 (Recon: 75.35, Allele KL: 20.12, Base KL: 5967.15, Functional KL: 0.00
Global Pooled JS: 0.000000
Seed 123, Step 2500: Loss = 124.88 (Recon: 76.78, Allele KL: 18.34, Base KL: 5934.10, Functional KL: 0.00

Top Variants with Coverage Mismatches:
Rank   Variant                        Expected     Observed     Diff       |Div|       
------------------------------------------------------------------------------------------
New best model with final loss: 124.87

=== Running VAE with seed 456 ===
Global Pooled JS: 0.000000
Seed 456, Step    0: Loss = 256.25 (Recon: 212.72, Allele KL: 13.78, Base KL: 1701.67, Functional KL: 0.00
Global Pooled JS: 0.000000
Seed 456, Step  500: Loss = 123.73 (Recon: 76.06, Allele KL: 18.03, Base KL: 5867.65, Functional KL: 0.00
Global Pooled JS: 0.000000
Seed 456, Step 1000: Loss = 127.02 (Recon: 79.71, Allele KL: 17.34, Base KL: 5963.13, Functional KL: 0.00
Global Pooled JS: 0.000000
Seed 456, Step 1500: Loss = 138.21 (Recon: 89.82, Allele KL: 18.00, Base KL: 5943.41, Functional KL: 0.00
Global Pooled JS: 0.000000
Seed 456, Step 2000: Loss = 126.33 (Recon: 79.79, Allele KL: 16.72, Base KL: 5858.75, Functional KL: 0.00
Global Pooled JS: 0.000000
Seed 456, Step 2500: Loss = 129.13 (Recon: 78.75, Allele KL: 20.40, Base KL: 6038.63, Functional KL: 0.00

Top Variants with Coverage Mismatches:
Rank   Variant                        Expected     Observed     Diff       |Div|       
------------------------------------------------------------------------------------------

=== Multi-Seed VAE Results ===
Best model had seed 123 with final loss: 124.87
All seeds final losses:
  Seed 42: Total=127.73 (Recon=81.09, A_KL=16.29, B_KL=6024.42)
  Seed 123: Total=124.87 (Recon=77.44, A_KL=17.18, B_KL=6286.32) <- Best
  Seed 456: Total=132.40 (Recon=80.93, A_KL=21.48, B_KL=5843.49)
[time] run_vae took 170.68s (2,577.0703125 MB; 2,577.0703125 MB)

[Raw]:
CYP2B6*1: Normalized=1.0000, Unnormalized=1.00

[Alleles]
CYP2B6*1
CYP2B6*1
	Command being timed: "python cyp.py CYP2B6 /project/shared/aldy-data/wgs/NA10831.wgs.cram"
	User time (seconds): 149.27
	System time (seconds): 30.19
	Percent of CPU this job got: 99%
	Elapsed (wall clock) time (h:mm:ss or m:ss): 2:59.94
	Average shared text size (kbytes): 0
	Average unshared data size (kbytes): 0
	Average stack size (kbytes): 0
	Average total size (kbytes): 0
	Maximum resident set size (kbytes): 2638944
	Average resident set size (kbytes): 0
	Major (requiring I/O) page faults: 0
	Minor (reclaiming a frame) page faults: 857886
	Voluntary context switches: 24993
	Involuntary context switches: 4078
	Swaps: 0
	File system inputs: 0
	File system outputs: 40
	Socket messages sent: 0
	Socket messages received: 0
	Signals delivered: 0
	Page size (bytes): 4096
	Exit status: 0
