2026-05-16 16:56:00.536621: I tensorflow/core/util/port.cc:111] oneDNN custom operations are on. You may see slightly different numerical results due to floating-point round-off errors from different computation orders. To turn them off, set the environment variable `TF_ENABLE_ONEDNN_OPTS=0`.
2026-05-16 16:56:00.578058: E tensorflow/compiler/xla/stream_executor/cuda/cuda_dnn.cc:9342] Unable to register cuDNN factory: Attempting to register factory for plugin cuDNN when one has already been registered
2026-05-16 16:56:00.578144: E tensorflow/compiler/xla/stream_executor/cuda/cuda_fft.cc:609] Unable to register cuFFT factory: Attempting to register factory for plugin cuFFT when one has already been registered
2026-05-16 16:56:00.578204: E tensorflow/compiler/xla/stream_executor/cuda/cuda_blas.cc:1518] Unable to register cuBLAS factory: Attempting to register factory for plugin cuBLAS when one has already been registered
2026-05-16 16:56:00.587748: I tensorflow/core/platform/cpu_feature_guard.cc:182] This TensorFlow binary is optimized to use available CPU instructions in performance-critical operations.
To enable the following instructions: AVX2 AVX512F AVX512_VNNI FMA, in other operations, rebuild TensorFlow with the appropriate compiler flags.
AttributeError: 'MessageFactory' object has no attribute 'GetPrototype'
2026-05-16 16:56:02.126928: W tensorflow/compiler/tf2tensorrt/utils/py_utils.cc:38] TF-TRT Warning: Could not find TensorRT
AttributeError: 'MessageFactory' object has no attribute 'GetPrototype'
[info] total indices 441
[info] total variants 441
2.001 was filtered out as 41497273 C>T needs T but not covered
2.002 was filtered out as 41497273 C>T needs T but not covered
3.001 was filtered out as 41515254 C>A needs A but not covered
5.001 was filtered out as 41522714 C>T needs T but not covered
5.002 was filtered out as 41522714 C>T needs T but not covered
5.003 was filtered out as 41522714 C>T needs T but not covered
6.001 was filtered out as 41512840 G>T needs T but not covered
6.002 was filtered out as 41512840 G>T needs T but not covered
6.003 was filtered out as 41512840 G>T needs T but not covered
6.004 was filtered out as 41512840 G>T needs T but not covered
7.001 was filtered out as 41522714 C>T needs T but not covered
8.001 was filtered out as 41510281 A>G needs G but not covered
9.001 was filtered out as 41512840 G>T needs T but not covered
10.001 was filtered out as 41497273 C>T needs T but not covered
11.001 was filtered out as 41497345 A>G needs G but not covered
13.001 was filtered out as 41512840 G>T needs T but not covered
14.001 was filtered out as 41510285 G>A needs A but not covered
15.001 was filtered out as 41518597 T>A needs A but not covered
17.001 was filtered out as 41497285 A>T needs T but not covered
17.002 was filtered out as 41497285 A>T needs T but not covered
18.001 was filtered out as 41518220 T>C needs C but not covered
18.002 was filtered out as 41518220 T>C needs C but not covered
19.001 was filtered out as 41512840 G>T needs T but not covered
20.001 was filtered out as 41512840 G>T needs T but not covered
21.001 was filtered out as 41518707 C>A needs A but not covered
22.001 was filtered out as 41497128 T>C needs C but not covered
23.001 was filtered out as 41522630 A>G needs G but not covered
24.001 was filtered out as 41522682 G>A needs A but not covered
25.001 was filtered out as 41522709 A>T needs T but not covered
26.001 was filtered out as 41512840 G>T needs T but not covered
27.001 was filtered out as 41512917 T>C needs C but not covered
28.001 was filtered out as 41515992 C>G needs G but not covered
31.001 was filtered out as 41516012 C>A needs A but not covered
32.001 was filtered out as 41518644 G>A needs A but not covered
33.001 was filtered out as 41522714 C>A needs A but not covered
34.001 was filtered out as 41512840 G>T needs T but not covered
35.001 was filtered out as 41497128 T>C needs C but not covered
36.001 was filtered out as 41512840 G>T needs T but not covered
37.001 was filtered out as 41512840 G>T needs T but not covered
38.001 was filtered out as 41512840 G>T needs T but not covered
[filter] CYP2B6 1 => 1.001; 1.002; 1.003; 1.004; 1.005; 1.006; 1.007; 1.008; 1.009; 1.010; 1.011; 1.012; 1.013; 1.014; 1.015
[filter] CYP2B6 4 => 4.001; 4.002
[filter] CYP2B6 12 => 12.001
[filter] valid_alleles=18
Step 0: Loss=0.0189, CN=[2.0999167]
Step 100: Loss=0.0179, CN=[2.044211]
Step 200: Loss=0.0179, CN=[2.0439198]
Step 300: Loss=0.0179, CN=[2.043921]
Step 400: Loss=0.0179, CN=[2.043921]

=== Fit ===
Region 0: obs=2.060, exp=2.044, diff=+0.016 
Region 1: obs=2.092, exp=2.044, diff=+0.048 
Region 2: obs=2.207, exp=2.044, diff=+0.163 
Region 3: obs=2.075, exp=2.044, diff=+0.032 
Region 4: obs=1.971, exp=2.044, diff=-0.073 
Region 5: obs=1.922, exp=2.044, diff=-0.122 
Region 6: obs=2.338, exp=2.044, diff=+0.294 
Region 7: obs=1.925, exp=2.044, diff=-0.119 
Region 8: obs=2.021, exp=2.044, diff=-0.023 
Region 9: obs=2.340, exp=2.044, diff=+0.296 
Region 10: obs=2.506, exp=2.044, diff=+0.462 
Region 11: obs=2.083, exp=2.044, diff=+0.039 
Region 12: obs=2.048, exp=2.044, diff=+0.004 
Region 13: obs=2.093, exp=2.044, diff=+0.049 
Region 14: obs=1.890, exp=2.044, diff=-0.154 
Region 15: obs=1.929, exp=2.044, diff=-0.115 
Region 16: obs=1.878, exp=2.044, diff=-0.166 
Region 17: obs=1.937, exp=2.044, diff=-0.107 
Region 18: obs=1.644, exp=2.044, diff=-0.400 
Region 19: obs=1.822, exp=2.044, diff=-0.222 
Region 20: obs=2.142, exp=2.044, diff=+0.098 

[Gene CN Results]
  CYP2B6: 2.04 → 2.043921709060669
Using device: cuda

=== Running VAE with seed 42 ===
Global Pooled JS: 0.028355
Seed 42, Step    0: Loss = 401.43 (Recon: 184.59, Allele KL: 17.33, Base KL: 3271.79, Functional KL: 0.03
Global Pooled JS: 0.003173
Seed 42, Step  500: Loss = 175.37 (Recon: 110.90, Allele KL: 15.86, Base KL: 6775.46, Functional KL: 0.00
Global Pooled JS: 0.000806
Seed 42, Step 1000: Loss = 153.30 (Recon: 88.63, Allele KL: 31.66, Base KL: 6527.45, Functional KL: 0.00
Global Pooled JS: 0.000886
Seed 42, Step 1500: Loss = 143.40 (Recon: 89.75, Allele KL: 20.15, Base KL: 6484.89, Functional KL: 0.00
Global Pooled JS: 0.000842
Seed 42, Step 2000: Loss = 147.89 (Recon: 88.29, Allele KL: 26.56, Base KL: 6445.17, Functional KL: 0.00
Global Pooled JS: 0.000973
Seed 42, Step 2500: Loss = 151.12 (Recon: 90.27, Allele KL: 26.60, Base KL: 6700.62, Functional KL: 0.00

Top Variants with Coverage Mismatches:
Rank   Variant                        Expected     Observed     Diff       |Div|       
------------------------------------------------------------------------------------------
1      CYP2B6:41510029→G              46.92        42.00        4.92       0.000378    
2      CYP2B6:41515262→A              46.89        49.00        -2.11      0.000368    
3      CYP2B6:41515262→G              0.05         0.00         0.05       0.000200    
4      CYP2B6:41510029→A              0.03         0.00         0.03       0.000109    
5      CYP2B6:41515262→N              0.00         0.00         0.00       0.000002    
6      CYP2B6:41515262→T              0.00         0.00         0.00       0.000002    
7      CYP2B6:41515262→M              0.00         0.00         0.00       0.000002    
8      CYP2B6:41515262→P              0.00         0.00         0.00       0.000002    
9      CYP2B6:41515262→C              0.00         0.00         0.00       0.000002    
10     CYP2B6:41510029→P              0.00         0.00         0.00       0.000001    
11     CYP2B6:41510029→M              0.00         0.00         0.00       0.000001    
12     CYP2B6:41510029→T              0.00         0.00         0.00       0.000001    
13     CYP2B6:41510029→C              0.00         0.00         0.00       0.000001    
14     CYP2B6:41510029→N              0.00         0.00         0.00       0.000001    
New best model with final loss: 149.73

=== Running VAE with seed 123 ===
Global Pooled JS: 0.007434
Seed 123, Step    0: Loss = 270.70 (Recon: 187.36, Allele KL: 11.76, Base KL: 2666.84, Functional KL: 0.01
Global Pooled JS: 0.001063
Seed 123, Step  500: Loss = 147.46 (Recon: 91.44, Allele KL: 21.30, Base KL: 6546.94, Functional KL: 0.00
Global Pooled JS: 0.000996
Seed 123, Step 1000: Loss = 144.23 (Recon: 91.33, Allele KL: 18.44, Base KL: 6592.12, Functional KL: 0.00
Global Pooled JS: 0.001198
Seed 123, Step 1500: Loss = 153.13 (Recon: 92.61, Allele KL: 24.84, Base KL: 6546.94, Functional KL: 0.00
Global Pooled JS: 0.000846
Seed 123, Step 2000: Loss = 147.31 (Recon: 89.66, Allele KL: 24.15, Base KL: 6596.29, Functional KL: 0.00
Global Pooled JS: 0.000839
Seed 123, Step 2500: Loss = 149.25 (Recon: 89.58, Allele KL: 26.27, Base KL: 6639.23, Functional KL: 0.00

Top Variants with Coverage Mismatches:
Rank   Variant                        Expected     Observed     Diff       |Div|       
------------------------------------------------------------------------------------------
1      CYP2B6:41515262→G              0.12         0.00         0.12       0.000439    
2      CYP2B6:41515262→A              46.82        49.00        -2.18      0.000382    
3      CYP2B6:41510029→G              46.88        42.00        4.88       0.000372    
4      CYP2B6:41510029→A              0.06         0.00         0.06       0.000221    
5      CYP2B6:41515262→T              0.00         0.00         0.00       0.000004    
6      CYP2B6:41515262→N              0.00         0.00         0.00       0.000004    
7      CYP2B6:41515262→M              0.00         0.00         0.00       0.000004    
8      CYP2B6:41515262→C              0.00         0.00         0.00       0.000004    
9      CYP2B6:41515262→P              0.00         0.00         0.00       0.000004    
10     CYP2B6:41510029→N              0.00         0.00         0.00       0.000002    
11     CYP2B6:41510029→M              0.00         0.00         0.00       0.000002    
12     CYP2B6:41510029→C              0.00         0.00         0.00       0.000002    
13     CYP2B6:41510029→T              0.00         0.00         0.00       0.000002    
14     CYP2B6:41510029→P              0.00         0.00         0.00       0.000002    

=== Running VAE with seed 456 ===
Global Pooled JS: 0.062907
Seed 456, Step    0: Loss = 624.55 (Recon: 192.55, Allele KL: 26.58, Base KL: 2921.24, Functional KL: 0.06
Global Pooled JS: 0.001360
Seed 456, Step  500: Loss = 147.01 (Recon: 92.36, Allele KL: 17.99, Base KL: 6651.22, Functional KL: 0.00
Global Pooled JS: 0.001528
Seed 456, Step 1000: Loss = 153.31 (Recon: 92.92, Allele KL: 22.87, Base KL: 6502.29, Functional KL: 0.00
Global Pooled JS: 0.001242
Seed 456, Step 1500: Loss = 159.50 (Recon: 98.12, Allele KL: 25.27, Base KL: 6605.50, Functional KL: 0.00
Global Pooled JS: 0.003308
Seed 456, Step 2000: Loss = 167.39 (Recon: 103.85, Allele KL: 14.62, Base KL: 6547.23, Functional KL: 0.00
Global Pooled JS: 0.001185
Seed 456, Step 2500: Loss = 154.71 (Recon: 91.70, Allele KL: 27.44, Base KL: 6648.23, Functional KL: 0.00

Top Variants with Coverage Mismatches:
Rank   Variant                        Expected     Observed     Diff       |Div|       
------------------------------------------------------------------------------------------
1      CYP2B6:41510029→G              46.92        42.00        4.92       0.000378    
2      CYP2B6:41515262→A              46.90        49.00        -2.10      0.000367    
3      CYP2B6:41515262→G              0.05         0.00         0.05       0.000181    
4      CYP2B6:41510029→A              0.03         0.00         0.03       0.000106    
5      CYP2B6:41515262→P              0.00         0.00         0.00       0.000002    
6      CYP2B6:41515262→C              0.00         0.00         0.00       0.000002    
7      CYP2B6:41515262→M              0.00         0.00         0.00       0.000001    
8      CYP2B6:41515262→T              0.00         0.00         0.00       0.000001    
9      CYP2B6:41515262→N              0.00         0.00         0.00       0.000001    
10     CYP2B6:41510029→N              0.00         0.00         0.00       0.000001    
11     CYP2B6:41510029→T              0.00         0.00         0.00       0.000001    
12     CYP2B6:41510029→M              0.00         0.00         0.00       0.000001    
13     CYP2B6:41510029→P              0.00         0.00         0.00       0.000001    
14     CYP2B6:41510029→C              0.00         0.00         0.00       0.000001    

=== Multi-Seed VAE Results ===
Best model had seed 42 with final loss: 149.73
All seeds final losses:
  Seed 42: Total=149.73 (Recon=92.02, A_KL=23.18, B_KL=6630.98) <- Best
  Seed 123: Total=152.24 (Recon=93.22, A_KL=19.67, B_KL=6689.00)
  Seed 456: Total=166.02 (Recon=97.32, A_KL=23.12, B_KL=6723.24)
[time] run_vae took 174.02s (2,590.62109375 MB; 2,590.62109375 MB)

[Raw]:
CYP2B6*1: Normalized=0.9981, Unnormalized=1.00

[Alleles]
CYP2B6*1
CYP2B6*1
	Command being timed: "python cyp.py CYP2B6 /project/shared/aldy-data/wgs/NA12145.wgs.cram"
	User time (seconds): 153.03
	System time (seconds): 31.31
	Percent of CPU this job got: 99%
	Elapsed (wall clock) time (h:mm:ss or m:ss): 3:04.75
	Average shared text size (kbytes): 0
	Average unshared data size (kbytes): 0
	Average stack size (kbytes): 0
	Average total size (kbytes): 0
	Maximum resident set size (kbytes): 2652820
	Average resident set size (kbytes): 0
	Major (requiring I/O) page faults: 0
	Minor (reclaiming a frame) page faults: 786290
	Voluntary context switches: 22953
	Involuntary context switches: 186
	Swaps: 0
	File system inputs: 0
	File system outputs: 48
	Socket messages sent: 0
	Socket messages received: 0
	Signals delivered: 0
	Page size (bytes): 4096
	Exit status: 0
