2026-05-16 16:55:59.331223: I tensorflow/core/util/port.cc:111] oneDNN custom operations are on. You may see slightly different numerical results due to floating-point round-off errors from different computation orders. To turn them off, set the environment variable `TF_ENABLE_ONEDNN_OPTS=0`.
2026-05-16 16:55:59.370391: E tensorflow/compiler/xla/stream_executor/cuda/cuda_dnn.cc:9342] Unable to register cuDNN factory: Attempting to register factory for plugin cuDNN when one has already been registered
2026-05-16 16:55:59.370558: E tensorflow/compiler/xla/stream_executor/cuda/cuda_fft.cc:609] Unable to register cuFFT factory: Attempting to register factory for plugin cuFFT when one has already been registered
2026-05-16 16:55:59.370709: E tensorflow/compiler/xla/stream_executor/cuda/cuda_blas.cc:1518] Unable to register cuBLAS factory: Attempting to register factory for plugin cuBLAS when one has already been registered
2026-05-16 16:55:59.379500: I tensorflow/core/platform/cpu_feature_guard.cc:182] This TensorFlow binary is optimized to use available CPU instructions in performance-critical operations.
To enable the following instructions: AVX2 AVX512F AVX512_VNNI FMA, in other operations, rebuild TensorFlow with the appropriate compiler flags.
AttributeError: 'MessageFactory' object has no attribute 'GetPrototype'
2026-05-16 16:56:00.511575: W tensorflow/compiler/tf2tensorrt/utils/py_utils.cc:38] TF-TRT Warning: Could not find TensorRT
AttributeError: 'MessageFactory' object has no attribute 'GetPrototype'
[info] total indices 441
[info] total variants 441
1.001 was filtered out as 41515262 A>G needs A but not covered
1.002 was filtered out as 41515262 A>G needs A but not covered
1.003 was filtered out as 41515262 A>G needs A but not covered
1.004 was filtered out as 41515262 A>G needs A but not covered
1.005 was filtered out as 41515262 A>G needs A but not covered
1.006 was filtered out as 41515262 A>G needs A but not covered
1.007 was filtered out as 41515262 A>G needs A but not covered
1.008 was filtered out as 41515262 A>G needs A but not covered
1.009 was filtered out as 41515262 A>G needs A but not covered
1.010 was filtered out as 41515262 A>G needs A but not covered
1.011 was filtered out as 41515262 A>G needs A but not covered
1.012 was filtered out as 41515262 A>G needs A but not covered
1.013 was filtered out as 41515262 A>G needs A but not covered
1.014 was filtered out as 41515262 A>G needs A but not covered
1.015 was filtered out as 41515262 A>G needs A but not covered
2.001 was filtered out as 41497273 C>T needs T but not covered
2.002 was filtered out as 41497273 C>T needs T but not covered
3.001 was filtered out as 41515254 C>A needs A but not covered
4.001 was filtered out as 41512840 G>T needs G but not covered
4.002 was filtered out as 41512840 G>T needs G but not covered
5.001 was filtered out as 41515262 A>G needs A but not covered
5.002 was filtered out as 41515262 A>G needs A but not covered
5.003 was filtered out as 41515262 A>G needs A but not covered
7.001 was filtered out as 41522714 C>T needs T but not covered
8.001 was filtered out as 41515262 A>G needs A but not covered
9.001 was filtered out as 41515262 A>G needs A but not covered
10.001 was filtered out as 41497273 C>T needs T but not covered
11.001 was filtered out as 41515262 A>G needs A but not covered
12.001 was filtered out as 41515262 A>G needs A but not covered
13.001 was filtered out as 41510281 A>G needs G but not covered
14.001 was filtered out as 41515262 A>G needs A but not covered
15.001 was filtered out as 41515262 A>G needs A but not covered
17.001 was filtered out as 41515262 A>G needs A but not covered
17.002 was filtered out as 41515262 A>G needs A but not covered
18.001 was filtered out as 41515262 A>G needs A but not covered
18.002 was filtered out as 41512840 G>T needs G but not covered
19.001 was filtered out as 41518243 C>T needs T but not covered
20.001 was filtered out as 41512827 C>T needs T but not covered
21.001 was filtered out as 41515262 A>G needs A but not covered
22.001 was filtered out as 41515262 A>G needs A but not covered
23.001 was filtered out as 41515262 A>G needs A but not covered
24.001 was filtered out as 41515262 A>G needs A but not covered
25.001 was filtered out as 41515262 A>G needs A but not covered
26.001 was filtered out as 41512823 C>G needs G but not covered
27.001 was filtered out as 41515262 A>G needs A but not covered
28.001 was filtered out as 41515262 A>G needs A but not covered
31.001 was filtered out as 41515262 A>G needs A but not covered
32.001 was filtered out as 41515262 A>G needs A but not covered
33.001 was filtered out as 41515262 A>G needs A but not covered
34.001 was filtered out as 41497128 T>C needs C but not covered
35.001 was filtered out as 41515262 A>G needs A but not covered
36.001 was filtered out as 41497128 T>C needs C but not covered
37.001 was filtered out as 41512872 T>G needs G but not covered
38.001 was filtered out as 41509919 T>A needs A but not covered
[filter] CYP2B6 6 => 6.001; 6.002; 6.003; 6.004
[filter] valid_alleles=4
Step 0: Loss=0.0323, CN=[2.0999167]
Step 100: Loss=0.0151, CN=[2.1871111]
Step 200: Loss=0.0151, CN=[2.187456]
Step 300: Loss=0.0151, CN=[2.1874585]
Step 400: Loss=0.0151, CN=[2.1874585]

=== Fit ===
Region 0: obs=2.110, exp=2.187, diff=-0.078 
Region 1: obs=2.337, exp=2.187, diff=+0.149 
Region 2: obs=2.396, exp=2.187, diff=+0.209 
Region 3: obs=2.109, exp=2.187, diff=-0.078 
Region 4: obs=2.174, exp=2.187, diff=-0.013 
Region 5: obs=2.369, exp=2.187, diff=+0.182 
Region 6: obs=2.173, exp=2.187, diff=-0.014 
Region 7: obs=2.249, exp=2.187, diff=+0.062 
Region 8: obs=2.161, exp=2.187, diff=-0.026 
Region 9: obs=1.880, exp=2.187, diff=-0.307 
Region 10: obs=2.002, exp=2.187, diff=-0.186 
Region 11: obs=2.127, exp=2.187, diff=-0.060 
Region 12: obs=2.016, exp=2.187, diff=-0.172 
Region 13: obs=2.347, exp=2.187, diff=+0.160 
Region 14: obs=1.878, exp=2.187, diff=-0.309 
Region 15: obs=2.122, exp=2.187, diff=-0.066 
Region 16: obs=2.217, exp=2.187, diff=+0.030 
Region 17: obs=2.293, exp=2.187, diff=+0.106 
Region 18: obs=2.621, exp=2.187, diff=+0.433 
Region 19: obs=2.301, exp=2.187, diff=+0.113 
Region 20: obs=2.054, exp=2.187, diff=-0.133 

[Gene CN Results]
  CYP2B6: 2.19 → 2.1874582767486572
Using device: cuda

=== Running VAE with seed 42 ===
Global Pooled JS: 0.018584
Seed 42, Step    0: Loss = 544.01 (Recon: 411.49, Allele KL: 1.83, Base KL: 91.01, Functional KL: 0.02
Global Pooled JS: 0.003864
Seed 42, Step  500: Loss = 94.52 (Recon: 30.69, Allele KL: 12.19, Base KL: 14706.46, Functional KL: 0.00
Global Pooled JS: 0.003060
Seed 42, Step 1000: Loss = 88.06 (Recon: 25.51, Allele KL: 16.19, Base KL: 14689.44, Functional KL: 0.00
Global Pooled JS: 0.003172
Seed 42, Step 1500: Loss = 87.00 (Recon: 26.96, Allele KL: 13.00, Base KL: 14592.95, Functional KL: 0.00
Global Pooled JS: 0.003759
Seed 42, Step 2000: Loss = 99.65 (Recon: 38.96, Allele KL: 9.62, Base KL: 14680.89, Functional KL: 0.00
Global Pooled JS: 0.003826
Seed 42, Step 2500: Loss = 95.79 (Recon: 35.00, Allele KL: 9.32, Base KL: 14691.58, Functional KL: 0.00

Top Variants with Coverage Mismatches:
Rank   Variant                        Expected     Observed     Diff       |Div|       
------------------------------------------------------------------------------------------
1      CYP2B6:41512840→T              46.50        50.00        -3.50      0.000650    
2      CYP2B6:41515262→G              46.47        41.00        5.47       0.000570    
3      CYP2B6:41515262→P              0.05         0.00         0.05       0.000175    
4      CYP2B6:41515262→T              0.05         0.00         0.05       0.000174    
5      CYP2B6:41515262→N              0.05         0.00         0.05       0.000172    
6      CYP2B6:41515262→C              0.05         0.00         0.05       0.000172    
7      CYP2B6:41515262→A              0.05         0.00         0.05       0.000170    
8      CYP2B6:41515262→M              0.04         0.00         0.04       0.000166    
9      CYP2B6:41512840→C              0.04         0.00         0.04       0.000160    
10     CYP2B6:41512840→M              0.04         0.00         0.04       0.000159    
11     CYP2B6:41512840→N              0.04         0.00         0.04       0.000157    
12     CYP2B6:41512840→P              0.04         0.00         0.04       0.000156    
13     CYP2B6:41512840→G              0.04         0.00         0.04       0.000155    
14     CYP2B6:41512840→A              0.04         0.00         0.04       0.000154    
New best model with final loss: 83.02

=== Running VAE with seed 123 ===
Global Pooled JS: 0.018716
Seed 123, Step    0: Loss = 632.99 (Recon: 497.51, Allele KL: 3.53, Base KL: 161.42, Functional KL: 0.02
Global Pooled JS: 0.003172
Seed 123, Step  500: Loss = 84.28 (Recon: 25.69, Allele KL: 11.51, Base KL: 14555.02, Functional KL: 0.00
Global Pooled JS: 0.003094
Seed 123, Step 1000: Loss = 88.35 (Recon: 25.94, Allele KL: 15.76, Base KL: 14680.69, Functional KL: 0.00
Global Pooled JS: 0.003206
Seed 123, Step 1500: Loss = 87.71 (Recon: 26.43, Allele KL: 13.90, Base KL: 14607.09, Functional KL: 0.00
Global Pooled JS: 0.003457
Seed 123, Step 2000: Loss = 91.34 (Recon: 32.24, Allele KL: 10.08, Base KL: 14633.24, Functional KL: 0.00
Global Pooled JS: 0.003175
Seed 123, Step 2500: Loss = 85.16 (Recon: 26.26, Allele KL: 11.75, Base KL: 14780.09, Functional KL: 0.00

Top Variants with Coverage Mismatches:
Rank   Variant                        Expected     Observed     Diff       |Div|       
------------------------------------------------------------------------------------------
1      CYP2B6:41512840→T              46.50        50.00        -3.50      0.000648    
2      CYP2B6:41515262→G              46.48        41.00        5.48       0.000572    
3      CYP2B6:41515262→N              0.05         0.00         0.05       0.000170    
4      CYP2B6:41515262→P              0.05         0.00         0.05       0.000169    
5      CYP2B6:41515262→T              0.05         0.00         0.05       0.000168    
6      CYP2B6:41515262→M              0.05         0.00         0.05       0.000168    
7      CYP2B6:41515262→C              0.05         0.00         0.05       0.000167    
8      CYP2B6:41515262→A              0.04         0.00         0.04       0.000166    
9      CYP2B6:41512840→A              0.04         0.00         0.04       0.000155    
10     CYP2B6:41512840→P              0.04         0.00         0.04       0.000153    
11     CYP2B6:41512840→G              0.04         0.00         0.04       0.000151    
12     CYP2B6:41512840→C              0.04         0.00         0.04       0.000150    
13     CYP2B6:41512840→N              0.04         0.00         0.04       0.000150    
14     CYP2B6:41512840→M              0.04         0.00         0.04       0.000149    

=== Running VAE with seed 456 ===
Global Pooled JS: 0.018112
Seed 456, Step    0: Loss = 853.08 (Recon: 721.97, Allele KL: 3.83, Base KL: 207.22, Functional KL: 0.02
Global Pooled JS: 0.003258
Seed 456, Step  500: Loss = 85.50 (Recon: 27.79, Allele KL: 10.00, Base KL: 14655.89, Functional KL: 0.00
Global Pooled JS: 0.003280
Seed 456, Step 1000: Loss = 85.48 (Recon: 27.38, Allele KL: 10.40, Base KL: 14572.78, Functional KL: 0.00
Global Pooled JS: 0.003187
Seed 456, Step 1500: Loss = 86.71 (Recon: 26.47, Allele KL: 13.00, Base KL: 14679.62, Functional KL: 0.00
Global Pooled JS: 0.003276
Seed 456, Step 2000: Loss = 86.21 (Recon: 27.40, Allele KL: 11.10, Base KL: 14579.88, Functional KL: 0.00
Global Pooled JS: 0.003228
Seed 456, Step 2500: Loss = 86.19 (Recon: 28.37, Allele KL: 10.19, Base KL: 14743.35, Functional KL: 0.00

Top Variants with Coverage Mismatches:
Rank   Variant                        Expected     Observed     Diff       |Div|       
------------------------------------------------------------------------------------------
1      CYP2B6:41512840→T              46.47        50.00        -3.53      0.000657    
2      CYP2B6:41515262→G              46.44        41.00        5.44       0.000563    
3      CYP2B6:41515262→T              0.05         0.00         0.05       0.000191    
4      CYP2B6:41515262→C              0.05         0.00         0.05       0.000189    
5      CYP2B6:41515262→N              0.05         0.00         0.05       0.000188    
6      CYP2B6:41515262→A              0.05         0.00         0.05       0.000188    
7      CYP2B6:41515262→M              0.05         0.00         0.05       0.000188    
8      CYP2B6:41515262→P              0.05         0.00         0.05       0.000187    
9      CYP2B6:41512840→M              0.05         0.00         0.05       0.000177    
10     CYP2B6:41512840→G              0.05         0.00         0.05       0.000175    
11     CYP2B6:41512840→A              0.05         0.00         0.05       0.000173    
12     CYP2B6:41512840→N              0.05         0.00         0.05       0.000172    
13     CYP2B6:41512840→C              0.05         0.00         0.05       0.000171    
14     CYP2B6:41512840→P              0.05         0.00         0.05       0.000170    
New best model with final loss: 80.74

=== Multi-Seed VAE Results ===
Best model had seed 456 with final loss: 80.74
All seeds final losses:
  Seed 42: Total=83.02 (Recon=25.53, A_KL=10.72, B_KL=14879.93)
  Seed 123: Total=88.64 (Recon=26.77, A_KL=14.73, B_KL=14794.53)
  Seed 456: Total=80.74 (Recon=25.34, A_KL=8.47, B_KL=14669.05) <- Best
[time] run_vae took 174.67s (2,574.69921875 MB; 2,574.69921875 MB)

[Raw]:
CYP2B6*6: Normalized=1.0000, Unnormalized=1.00

[Alleles]
CYP2B6*6
CYP2B6*6
	Command being timed: "python cyp.py CYP2B6 /project/shared/aldy-data/wgs/NA12003.wgs.cram"
	User time (seconds): 153.79
	System time (seconds): 30.21
	Percent of CPU this job got: 99%
	Elapsed (wall clock) time (h:mm:ss or m:ss): 3:04.60
	Average shared text size (kbytes): 0
	Average unshared data size (kbytes): 0
	Average stack size (kbytes): 0
	Average total size (kbytes): 0
	Maximum resident set size (kbytes): 2636516
	Average resident set size (kbytes): 0
	Major (requiring I/O) page faults: 0
	Minor (reclaiming a frame) page faults: 789857
	Voluntary context switches: 23012
	Involuntary context switches: 204
	Swaps: 0
	File system inputs: 0
	File system outputs: 56
	Socket messages sent: 0
	Socket messages received: 0
	Signals delivered: 0
	Page size (bytes): 4096
	Exit status: 0
