2026-05-16 17:02:10.045019: I tensorflow/core/util/port.cc:111] oneDNN custom operations are on. You may see slightly different numerical results due to floating-point round-off errors from different computation orders. To turn them off, set the environment variable `TF_ENABLE_ONEDNN_OPTS=0`.
2026-05-16 17:02:10.086151: E tensorflow/compiler/xla/stream_executor/cuda/cuda_dnn.cc:9342] Unable to register cuDNN factory: Attempting to register factory for plugin cuDNN when one has already been registered
2026-05-16 17:02:10.086256: E tensorflow/compiler/xla/stream_executor/cuda/cuda_fft.cc:609] Unable to register cuFFT factory: Attempting to register factory for plugin cuFFT when one has already been registered
2026-05-16 17:02:10.086319: E tensorflow/compiler/xla/stream_executor/cuda/cuda_blas.cc:1518] Unable to register cuBLAS factory: Attempting to register factory for plugin cuBLAS when one has already been registered
2026-05-16 17:02:10.095771: I tensorflow/core/platform/cpu_feature_guard.cc:182] This TensorFlow binary is optimized to use available CPU instructions in performance-critical operations.
To enable the following instructions: AVX2 AVX512F AVX512_VNNI FMA, in other operations, rebuild TensorFlow with the appropriate compiler flags.
AttributeError: 'MessageFactory' object has no attribute 'GetPrototype'
2026-05-16 17:02:11.339527: W tensorflow/compiler/tf2tensorrt/utils/py_utils.cc:38] TF-TRT Warning: Could not find TensorRT
AttributeError: 'MessageFactory' object has no attribute 'GetPrototype'
[info] total indices 441
[info] total variants 441
2.001 was filtered out as 41497273 C>T needs T but not covered
2.002 was filtered out as 41497273 C>T needs T but not covered
3.001 was filtered out as 41515254 C>A needs A but not covered
4.001 was filtered out as 41515262 A>G needs G but not covered
4.002 was filtered out as 41515262 A>G needs G but not covered
5.001 was filtered out as 41522714 C>T needs T but not covered
5.002 was filtered out as 41522714 C>T needs T but not covered
5.003 was filtered out as 41522714 C>T needs T but not covered
6.001 was filtered out as 41515262 A>G needs G but not covered
6.002 was filtered out as 41515262 A>G needs G but not covered
6.003 was filtered out as 41515262 A>G needs G but not covered
6.004 was filtered out as 41515262 A>G needs G but not covered
7.001 was filtered out as 41515262 A>G needs G but not covered
8.001 was filtered out as 41510281 A>G needs G but not covered
9.001 was filtered out as 41512840 G>T needs T but not covered
10.001 was filtered out as 41497273 C>T needs T but not covered
11.001 was filtered out as 41497345 A>G needs G but not covered
12.001 was filtered out as 41510029 G>A needs A but not covered
13.001 was filtered out as 41515262 A>G needs G but not covered
14.001 was filtered out as 41510285 G>A needs A but not covered
15.001 was filtered out as 41518597 T>A needs A but not covered
17.001 was filtered out as 41497285 A>T needs T but not covered
17.002 was filtered out as 41497285 A>T needs T but not covered
18.001 was filtered out as 41518220 T>C needs C but not covered
18.002 was filtered out as 41515262 A>G needs G but not covered
19.001 was filtered out as 41515262 A>G needs G but not covered
20.001 was filtered out as 41515262 A>G needs G but not covered
21.001 was filtered out as 41518707 C>A needs A but not covered
22.001 was filtered out as 41497128 T>C needs C but not covered
23.001 was filtered out as 41522630 A>G needs G but not covered
24.001 was filtered out as 41522682 G>A needs A but not covered
25.001 was filtered out as 41522709 A>T needs T but not covered
26.001 was filtered out as 41515262 A>G needs G but not covered
27.001 was filtered out as 41512917 T>C needs C but not covered
28.001 was filtered out as 41515992 C>G needs G but not covered
31.001 was filtered out as 41516012 C>A needs A but not covered
32.001 was filtered out as 41518644 G>A needs A but not covered
33.001 was filtered out as 41522714 C>A needs A but not covered
34.001 was filtered out as 41515262 A>G needs G but not covered
35.001 was filtered out as 41497128 T>C needs C but not covered
36.001 was filtered out as 41515262 A>G needs G but not covered
37.001 was filtered out as 41515262 A>G needs G but not covered
38.001 was filtered out as 41515262 A>G needs G but not covered
[filter] CYP2B6 1 => 1.001; 1.002; 1.003; 1.004; 1.005; 1.006; 1.007; 1.008; 1.009; 1.010; 1.011; 1.012; 1.013; 1.014; 1.015
[filter] valid_alleles=15
Step 0: Loss=0.0246, CN=[2.0999167]
Step 100: Loss=0.0226, CN=[2.0652962]
Step 200: Loss=0.0226, CN=[2.0649705]
Step 300: Loss=0.0226, CN=[2.064968]
Step 400: Loss=0.0226, CN=[2.064968]

=== Fit ===
Region 0: obs=2.081, exp=2.065, diff=+0.016 
Region 1: obs=2.034, exp=2.065, diff=-0.031 
Region 2: obs=1.856, exp=2.065, diff=-0.209 
Region 3: obs=2.134, exp=2.065, diff=+0.069 
Region 4: obs=2.445, exp=2.065, diff=+0.380 
Region 5: obs=2.220, exp=2.065, diff=+0.155 
Region 6: obs=2.617, exp=2.065, diff=+0.552 *
Region 7: obs=2.118, exp=2.065, diff=+0.053 
Region 8: obs=1.878, exp=2.065, diff=-0.187 
Region 9: obs=2.050, exp=2.065, diff=-0.015 
Region 10: obs=2.025, exp=2.065, diff=-0.040 
Region 11: obs=1.771, exp=2.065, diff=-0.294 
Region 12: obs=1.642, exp=2.065, diff=-0.423 
Region 13: obs=2.203, exp=2.065, diff=+0.138 
Region 14: obs=2.081, exp=2.065, diff=+0.016 
Region 15: obs=2.047, exp=2.065, diff=-0.018 
Region 16: obs=1.823, exp=2.065, diff=-0.242 
Region 17: obs=1.923, exp=2.065, diff=-0.142 
Region 18: obs=2.156, exp=2.065, diff=+0.091 
Region 19: obs=2.145, exp=2.065, diff=+0.080 
Region 20: obs=2.168, exp=2.065, diff=+0.103 

[Gene CN Results]
  CYP2B6: 2.06 → 2.0649681091308594
Using device: cuda

=== Running VAE with seed 42 ===
Global Pooled JS: 0.000000
Seed 42, Step    0: Loss = 644.39 (Recon: 597.94, Allele KL: 17.48, Base KL: 1307.54, Functional KL: 0.00
Global Pooled JS: 0.000000
Seed 42, Step  500: Loss = 272.28 (Recon: 206.66, Allele KL: 36.94, Base KL: 3861.62, Functional KL: 0.00
Global Pooled JS: 0.000000
Seed 42, Step 1000: Loss = 268.55 (Recon: 210.62, Allele KL: 29.09, Base KL: 3984.82, Functional KL: 0.00
Global Pooled JS: 0.000000
Seed 42, Step 1500: Loss = 254.63 (Recon: 169.51, Allele KL: 31.41, Base KL: 28618.50, Functional KL: 0.00
Global Pooled JS: 0.000000
Seed 42, Step 2000: Loss = 252.66 (Recon: 170.39, Allele KL: 28.48, Base KL: 28559.83, Functional KL: 0.00
Global Pooled JS: 0.000000
Seed 42, Step 2500: Loss = 248.70 (Recon: 165.57, Allele KL: 29.47, Base KL: 28595.13, Functional KL: 0.00

Top Variants with Coverage Mismatches:
Rank   Variant                        Expected     Observed     Diff       |Div|       
------------------------------------------------------------------------------------------
New best model with final loss: 254.17

=== Running VAE with seed 123 ===
Global Pooled JS: 0.000000
Seed 123, Step    0: Loss = 624.57 (Recon: 575.98, Allele KL: 18.95, Base KL: 1728.36, Functional KL: 0.00
Global Pooled JS: 0.000000
Seed 123, Step  500: Loss = 269.77 (Recon: 213.91, Allele KL: 26.73, Base KL: 3894.14, Functional KL: 0.00
Global Pooled JS: 0.000000
Seed 123, Step 1000: Loss = 255.28 (Recon: 175.44, Allele KL: 26.25, Base KL: 28258.44, Functional KL: 0.00
Global Pooled JS: 0.000000
Seed 123, Step 1500: Loss = 249.81 (Recon: 168.92, Allele KL: 27.36, Base KL: 28386.30, Functional KL: 0.00
Global Pooled JS: 0.000000
Seed 123, Step 2000: Loss = 255.31 (Recon: 176.17, Allele KL: 25.59, Base KL: 28133.69, Functional KL: 0.00
Global Pooled JS: 0.000000
Seed 123, Step 2500: Loss = 255.07 (Recon: 167.74, Allele KL: 34.11, Base KL: 28197.05, Functional KL: 0.00

Top Variants with Coverage Mismatches:
Rank   Variant                        Expected     Observed     Diff       |Div|       
------------------------------------------------------------------------------------------

=== Running VAE with seed 456 ===
Global Pooled JS: 0.000000
Seed 456, Step    0: Loss = 484.39 (Recon: 435.68, Allele KL: 19.05, Base KL: 1637.21, Functional KL: 0.00
Global Pooled JS: 0.000000
Seed 456, Step  500: Loss = 265.32 (Recon: 214.10, Allele KL: 22.39, Base KL: 3762.29, Functional KL: 0.00
Global Pooled JS: 0.000000
Seed 456, Step 1000: Loss = 261.41 (Recon: 206.07, Allele KL: 26.63, Base KL: 3847.41, Functional KL: 0.00
Global Pooled JS: 0.000000
Seed 456, Step 1500: Loss = 261.14 (Recon: 210.47, Allele KL: 21.51, Base KL: 3863.32, Functional KL: 0.00
Global Pooled JS: 0.000000
Seed 456, Step 2000: Loss = 269.55 (Recon: 213.24, Allele KL: 27.08, Base KL: 4116.78, Functional KL: 0.00
Global Pooled JS: 0.000000
Seed 456, Step 2500: Loss = 251.38 (Recon: 174.43, Allele KL: 23.28, Base KL: 28487.82, Functional KL: 0.00

Top Variants with Coverage Mismatches:
Rank   Variant                        Expected     Observed     Diff       |Div|       
------------------------------------------------------------------------------------------
New best model with final loss: 252.04

=== Multi-Seed VAE Results ===
Best model had seed 456 with final loss: 252.04
All seeds final losses:
  Seed 42: Total=254.17 (Recon=174.50, A_KL=26.37, B_KL=27923.49)
  Seed 123: Total=257.83 (Recon=176.95, A_KL=27.43, B_KL=28405.59)
  Seed 456: Total=252.04 (Recon=172.27, A_KL=25.99, B_KL=28508.76) <- Best
[time] run_vae took 169.97s (2,578.45703125 MB; 2,578.45703125 MB)

[Raw]:
CYP2B6*1: Normalized=1.0000, Unnormalized=1.00

[Alleles]
CYP2B6*1
CYP2B6*1
	Command being timed: "python cyp.py CYP2B6 /project/shared/aldy-data/wgs/NA18526.wgs.cram"
	User time (seconds): 148.51
	System time (seconds): 30.78
	Percent of CPU this job got: 99%
	Elapsed (wall clock) time (h:mm:ss or m:ss): 3:00.01
	Average shared text size (kbytes): 0
	Average unshared data size (kbytes): 0
	Average stack size (kbytes): 0
	Average total size (kbytes): 0
	Maximum resident set size (kbytes): 2640364
	Average resident set size (kbytes): 0
	Major (requiring I/O) page faults: 0
	Minor (reclaiming a frame) page faults: 791220
	Voluntary context switches: 22901
	Involuntary context switches: 245
	Swaps: 0
	File system inputs: 0
	File system outputs: 40
	Socket messages sent: 0
	Socket messages received: 0
	Signals delivered: 0
	Page size (bytes): 4096
	Exit status: 0
