2026-05-16 17:08:13.751735: I tensorflow/core/util/port.cc:111] oneDNN custom operations are on. You may see slightly different numerical results due to floating-point round-off errors from different computation orders. To turn them off, set the environment variable `TF_ENABLE_ONEDNN_OPTS=0`.
2026-05-16 17:08:13.792284: E tensorflow/compiler/xla/stream_executor/cuda/cuda_dnn.cc:9342] Unable to register cuDNN factory: Attempting to register factory for plugin cuDNN when one has already been registered
2026-05-16 17:08:13.792461: E tensorflow/compiler/xla/stream_executor/cuda/cuda_fft.cc:609] Unable to register cuFFT factory: Attempting to register factory for plugin cuFFT when one has already been registered
2026-05-16 17:08:13.792601: E tensorflow/compiler/xla/stream_executor/cuda/cuda_blas.cc:1518] Unable to register cuBLAS factory: Attempting to register factory for plugin cuBLAS when one has already been registered
2026-05-16 17:08:13.802187: I tensorflow/core/platform/cpu_feature_guard.cc:182] This TensorFlow binary is optimized to use available CPU instructions in performance-critical operations.
To enable the following instructions: AVX2 AVX512F AVX512_VNNI FMA, in other operations, rebuild TensorFlow with the appropriate compiler flags.
AttributeError: 'MessageFactory' object has no attribute 'GetPrototype'
2026-05-16 17:08:15.076916: W tensorflow/compiler/tf2tensorrt/utils/py_utils.cc:38] TF-TRT Warning: Could not find TensorRT
AttributeError: 'MessageFactory' object has no attribute 'GetPrototype'
[info] total indices 441
[info] total variants 441
2.001 was filtered out as 41497273 C>T needs T but not covered
2.002 was filtered out as 41497273 C>T needs T but not covered
3.001 was filtered out as 41515254 C>A needs A but not covered
5.001 was filtered out as 41522714 C>T needs T but not covered
5.002 was filtered out as 41522714 C>T needs T but not covered
5.003 was filtered out as 41522714 C>T needs T but not covered
7.001 was filtered out as 41522714 C>T needs T but not covered
8.001 was filtered out as 41510281 A>G needs G but not covered
10.001 was filtered out as 41497273 C>T needs T but not covered
11.001 was filtered out as 41497345 A>G needs G but not covered
12.001 was filtered out as 41510029 G>A needs A but not covered
13.001 was filtered out as 41510281 A>G needs G but not covered
14.001 was filtered out as 41510285 G>A needs A but not covered
15.001 was filtered out as 41518597 T>A needs A but not covered
17.001 was filtered out as 41497285 A>T needs T but not covered
17.002 was filtered out as 41497285 A>T needs T but not covered
18.001 was filtered out as 41518220 T>C needs C but not covered
18.002 was filtered out as 41518220 T>C needs C but not covered
19.001 was filtered out as 41518243 C>T needs T but not covered
20.001 was filtered out as 41512827 C>T needs T but not covered
21.001 was filtered out as 41518707 C>A needs A but not covered
22.001 was filtered out as 41497128 T>C needs C but not covered
23.001 was filtered out as 41522630 A>G needs G but not covered
24.001 was filtered out as 41522682 G>A needs A but not covered
25.001 was filtered out as 41522709 A>T needs T but not covered
27.001 was filtered out as 41512917 T>C needs C but not covered
28.001 was filtered out as 41515992 C>G needs G but not covered
31.001 was filtered out as 41516012 C>A needs A but not covered
32.001 was filtered out as 41518644 G>A needs A but not covered
33.001 was filtered out as 41522714 C>A needs A but not covered
34.001 was filtered out as 41497128 T>C needs C but not covered
35.001 was filtered out as 41497128 T>C needs C but not covered
36.001 was filtered out as 41497128 T>C needs C but not covered
37.001 was filtered out as 41512872 T>G needs G but not covered
38.001 was filtered out as 41509919 T>A needs A but not covered
[filter] CYP2B6 1 => 1.001; 1.002; 1.003; 1.004; 1.005; 1.006; 1.007; 1.008; 1.009; 1.010; 1.011; 1.012; 1.013; 1.014; 1.015
[filter] CYP2B6 4 => 4.001; 4.002
[filter] CYP2B6 6 => 6.001; 6.002; 6.003; 6.004
[filter] CYP2B6 9 => 9.001
[filter] CYP2B6 26 => 26.001
[filter] valid_alleles=23
Step 0: Loss=0.0771, CN=[2.0999167]
Step 100: Loss=0.0463, CN=[2.2693405]
Step 200: Loss=0.0463, CN=[2.268297]
Step 300: Loss=0.0463, CN=[2.2683034]
Step 400: Loss=0.0463, CN=[2.2683034]

=== Fit ===
Region 0: obs=2.461, exp=2.268, diff=+0.192 
Region 1: obs=2.152, exp=2.268, diff=-0.116 
Region 2: obs=2.235, exp=2.268, diff=-0.033 
Region 3: obs=2.447, exp=2.268, diff=+0.179 
Region 4: obs=2.051, exp=2.268, diff=-0.218 
Region 5: obs=2.042, exp=2.268, diff=-0.226 
Region 6: obs=2.222, exp=2.268, diff=-0.046 
Region 7: obs=2.440, exp=2.268, diff=+0.171 
Region 8: obs=2.160, exp=2.268, diff=-0.108 
Region 9: obs=2.330, exp=2.268, diff=+0.062 
Region 10: obs=2.739, exp=2.268, diff=+0.470 
Region 11: obs=2.317, exp=2.268, diff=+0.049 
Region 12: obs=1.313, exp=2.268, diff=-0.956 *
Region 13: obs=2.671, exp=2.268, diff=+0.403 
Region 14: obs=2.211, exp=2.268, diff=-0.057 
Region 15: obs=2.032, exp=2.268, diff=-0.236 
Region 16: obs=1.678, exp=2.268, diff=-0.591 *
Region 17: obs=2.337, exp=2.268, diff=+0.069 
Region 18: obs=2.108, exp=2.268, diff=-0.160 
Region 19: obs=2.643, exp=2.268, diff=+0.375 
Region 20: obs=2.501, exp=2.268, diff=+0.232 

[Gene CN Results]
  CYP2B6: 2.27 → 2.268303394317627
Using device: cuda

=== Running VAE with seed 42 ===
Global Pooled JS: 0.090499
Seed 42, Step    0: Loss = 1271.23 (Recon: 687.20, Allele KL: 13.98, Base KL: 2849.78, Functional KL: 0.09
Global Pooled JS: 0.004356
Seed 42, Step  500: Loss = 286.12 (Recon: 190.05, Allele KL: 39.26, Base KL: 6951.90, Functional KL: 0.00
Global Pooled JS: 0.003920
Seed 42, Step 1000: Loss = 274.62 (Recon: 182.21, Allele KL: 38.57, Base KL: 6919.35, Functional KL: 0.00
Global Pooled JS: 0.004428
Seed 42, Step 1500: Loss = 285.33 (Recon: 189.41, Allele KL: 38.81, Base KL: 6904.81, Functional KL: 0.00
Global Pooled JS: 0.004152
Seed 42, Step 2000: Loss = 281.45 (Recon: 180.48, Allele KL: 45.56, Base KL: 7087.82, Functional KL: 0.00
Global Pooled JS: 0.003746
Seed 42, Step 2500: Loss = 278.62 (Recon: 176.35, Allele KL: 49.53, Base KL: 6997.92, Functional KL: 0.00

Top Variants with Coverage Mismatches:
Rank   Variant                        Expected     Observed     Diff       |Div|       
------------------------------------------------------------------------------------------
1      CYP2B6:41515262→A              22.73        30.00        -7.27      0.001918    
2      CYP2B6:41512823→C              42.88        38.00        4.88       0.000593    
3      CYP2B6:41512840→G              22.74        21.00        1.74       0.000142    
4      CYP2B6:41515262→C              0.05         0.00         0.05       0.000125    
5      CYP2B6:41515262→P              0.05         0.00         0.05       0.000124    
6      CYP2B6:41515262→M              0.05         0.00         0.05       0.000124    
7      CYP2B6:41515262→N              0.05         0.00         0.05       0.000123    
8      CYP2B6:41515262→T              0.05         0.00         0.05       0.000121    
9      CYP2B6:41512840→P              0.04         0.00         0.04       0.000121    
10     CYP2B6:41512840→C              0.04         0.00         0.04       0.000118    
11     CYP2B6:41512840→M              0.04         0.00         0.04       0.000115    
12     CYP2B6:41512840→A              0.04         0.00         0.04       0.000115    
13     CYP2B6:41512840→N              0.04         0.00         0.04       0.000114    
14     CYP2B6:41512823→G              0.02         0.00         0.02       0.000065    
15     CYP2B6:41515262→G              19.94        19.00        0.94       0.000048    
16     CYP2B6:41512840→T              19.95        21.00        -1.05      0.000048    
17     CYP2B6:41512823→P              0.00         0.00         0.00       0.000001    
18     CYP2B6:41512823→T              0.00         0.00         0.00       0.000001    
19     CYP2B6:41512823→A              0.00         0.00         0.00       0.000001    
20     CYP2B6:41512823→N              0.00         0.00         0.00       0.000001    
21     CYP2B6:41512823→M              0.00         0.00         0.00       0.000001    
New best model with final loss: 290.68

=== Running VAE with seed 123 ===
Global Pooled JS: 0.035657
Seed 123, Step    0: Loss = 894.18 (Recon: 634.72, Allele KL: 17.83, Base KL: 1593.80, Functional KL: 0.04
Global Pooled JS: 0.004008
Seed 123, Step  500: Loss = 279.85 (Recon: 180.93, Allele KL: 44.56, Base KL: 7067.26, Functional KL: 0.00
Global Pooled JS: 0.004418
Seed 123, Step 1000: Loss = 279.56 (Recon: 191.36, Allele KL: 30.98, Base KL: 6932.58, Functional KL: 0.00
Global Pooled JS: 0.004507
Seed 123, Step 1500: Loss = 286.53 (Recon: 193.70, Allele KL: 35.18, Base KL: 6899.32, Functional KL: 0.00
Global Pooled JS: 0.003748
Seed 123, Step 2000: Loss = 271.94 (Recon: 178.67, Allele KL: 40.59, Base KL: 6861.93, Functional KL: 0.00
Global Pooled JS: 0.004613
Seed 123, Step 2500: Loss = 294.52 (Recon: 200.67, Allele KL: 35.44, Base KL: 7053.94, Functional KL: 0.00

Top Variants with Coverage Mismatches:
Rank   Variant                        Expected     Observed     Diff       |Div|       
------------------------------------------------------------------------------------------
1      CYP2B6:41515262→A              23.68        30.00        -6.32      0.001421    
2      CYP2B6:41512823→C              42.85        38.00        4.85       0.000587    
3      CYP2B6:41512840→G              23.73        21.00        2.73       0.000336    
4      CYP2B6:41512840→T              18.97        21.00        -2.03      0.000192    
5      CYP2B6:41512823→G              0.05         0.00         0.05       0.000132    
6      CYP2B6:41515262→M              0.05         0.00         0.05       0.000123    
7      CYP2B6:41515262→T              0.05         0.00         0.05       0.000123    
8      CYP2B6:41515262→N              0.05         0.00         0.05       0.000122    
9      CYP2B6:41515262→P              0.05         0.00         0.05       0.000122    
10     CYP2B6:41515262→C              0.05         0.00         0.05       0.000122    
11     CYP2B6:41512840→A              0.04         0.00         0.04       0.000112    
12     CYP2B6:41512840→C              0.04         0.00         0.04       0.000111    
13     CYP2B6:41512840→N              0.04         0.00         0.04       0.000110    
14     CYP2B6:41512840→M              0.04         0.00         0.04       0.000109    
15     CYP2B6:41512840→P              0.04         0.00         0.04       0.000107    
16     CYP2B6:41512823→P              0.00         0.00         0.00       0.000001    
17     CYP2B6:41512823→N              0.00         0.00         0.00       0.000001    
18     CYP2B6:41512823→M              0.00         0.00         0.00       0.000001    
19     CYP2B6:41512823→T              0.00         0.00         0.00       0.000001    
20     CYP2B6:41512823→A              0.00         0.00         0.00       0.000001    
21     CYP2B6:41515262→G              19.00        19.00        0.00       0.000000    
New best model with final loss: 274.82

=== Running VAE with seed 456 ===
Global Pooled JS: 0.042001
Seed 456, Step    0: Loss = 916.57 (Recon: 606.72, Allele KL: 31.30, Base KL: 2727.66, Functional KL: 0.04
Global Pooled JS: 0.004601
Seed 456, Step  500: Loss = 287.07 (Recon: 185.15, Allele KL: 43.88, Base KL: 6953.76, Functional KL: 0.00
Global Pooled JS: 0.003739
Seed 456, Step 1000: Loss = 279.69 (Recon: 192.25, Allele KL: 34.31, Base KL: 6920.45, Functional KL: 0.00
Global Pooled JS: 0.003920
Seed 456, Step 1500: Loss = 277.05 (Recon: 185.13, Allele KL: 37.94, Base KL: 6894.64, Functional KL: 0.00
Global Pooled JS: 0.004170
Seed 456, Step 2000: Loss = 276.89 (Recon: 181.22, Allele KL: 40.26, Base KL: 6944.91, Functional KL: 0.00
Global Pooled JS: 0.004276
Seed 456, Step 2500: Loss = 277.24 (Recon: 186.55, Allele KL: 34.43, Base KL: 7006.83, Functional KL: 0.00

Top Variants with Coverage Mismatches:
Rank   Variant                        Expected     Observed     Diff       |Div|       
------------------------------------------------------------------------------------------
1      CYP2B6:41515262→A              22.30        30.00        -7.70      0.002175    
2      CYP2B6:41512823→C              42.85        38.00        4.85       0.000585    
3      CYP2B6:41512823→G              0.06         0.00         0.06       0.000154    
4      CYP2B6:41515262→C              0.05         0.00         0.05       0.000144    
5      CYP2B6:41515262→M              0.05         0.00         0.05       0.000142    
6      CYP2B6:41515262→N              0.05         0.00         0.05       0.000137    
7      CYP2B6:41515262→T              0.05         0.00         0.05       0.000135    
8      CYP2B6:41515262→P              0.05         0.00         0.05       0.000135    
9      CYP2B6:41512840→P              0.04         0.00         0.04       0.000121    
10     CYP2B6:41512840→A              0.04         0.00         0.04       0.000120    
11     CYP2B6:41512840→M              0.04         0.00         0.04       0.000119    
12     CYP2B6:41512840→N              0.04         0.00         0.04       0.000119    
13     CYP2B6:41512840→C              0.04         0.00         0.04       0.000119    
14     CYP2B6:41515262→G              20.35        19.00        1.35       0.000096    
15     CYP2B6:41512840→G              22.38        21.00        1.38       0.000091    
16     CYP2B6:41512840→T              20.30        21.00        -0.70      0.000020    
17     CYP2B6:41512823→N              0.00         0.00         0.00       0.000001    
18     CYP2B6:41512823→T              0.00         0.00         0.00       0.000001    
19     CYP2B6:41512823→A              0.00         0.00         0.00       0.000001    
20     CYP2B6:41512823→M              0.00         0.00         0.00       0.000001    
21     CYP2B6:41512823→P              0.00         0.00         0.00       0.000001    

=== Multi-Seed VAE Results ===
Best model had seed 123 with final loss: 274.82
All seeds final losses:
  Seed 42: Total=290.68 (Recon=184.93, A_KL=43.05, B_KL=6890.63)
  Seed 123: Total=274.82 (Recon=182.85, A_KL=36.87, B_KL=6956.21) <- Best
  Seed 456: Total=283.01 (Recon=188.64, A_KL=38.53, B_KL=6905.29)
[time] run_vae took 172.43s (2,595.0546875 MB; 2,595.0546875 MB)

[Raw]:
CYP2B6*1: Normalized=0.5478, Unnormalized=0.55
CYP2B6*6: Normalized=0.4441, Unnormalized=0.44

[Alleles]
CYP2B6*1
CYP2B6*6
	Command being timed: "python cyp.py CYP2B6 /project/shared/aldy-data/wgs/NA18973.wgs.cram"
	User time (seconds): 153.48
	System time (seconds): 29.11
	Percent of CPU this job got: 99%
	Elapsed (wall clock) time (h:mm:ss or m:ss): 3:03.73
	Average shared text size (kbytes): 0
	Average unshared data size (kbytes): 0
	Average stack size (kbytes): 0
	Average total size (kbytes): 0
	Maximum resident set size (kbytes): 2657380
	Average resident set size (kbytes): 0
	Major (requiring I/O) page faults: 0
	Minor (reclaiming a frame) page faults: 895059
	Voluntary context switches: 22950
	Involuntary context switches: 233
	Swaps: 0
	File system inputs: 0
	File system outputs: 48
	Socket messages sent: 0
	Socket messages received: 0
	Signals delivered: 0
	Page size (bytes): 4096
	Exit status: 0
