2026-05-16 17:07:47.015151: I tensorflow/core/util/port.cc:111] oneDNN custom operations are on. You may see slightly different numerical results due to floating-point round-off errors from different computation orders. To turn them off, set the environment variable `TF_ENABLE_ONEDNN_OPTS=0`.
2026-05-16 17:07:47.054405: E tensorflow/compiler/xla/stream_executor/cuda/cuda_dnn.cc:9342] Unable to register cuDNN factory: Attempting to register factory for plugin cuDNN when one has already been registered
2026-05-16 17:07:47.054583: E tensorflow/compiler/xla/stream_executor/cuda/cuda_fft.cc:609] Unable to register cuFFT factory: Attempting to register factory for plugin cuFFT when one has already been registered
2026-05-16 17:07:47.054713: E tensorflow/compiler/xla/stream_executor/cuda/cuda_blas.cc:1518] Unable to register cuBLAS factory: Attempting to register factory for plugin cuBLAS when one has already been registered
2026-05-16 17:07:47.063546: I tensorflow/core/platform/cpu_feature_guard.cc:182] This TensorFlow binary is optimized to use available CPU instructions in performance-critical operations.
To enable the following instructions: AVX2 AVX512F AVX512_VNNI FMA, in other operations, rebuild TensorFlow with the appropriate compiler flags.
AttributeError: 'MessageFactory' object has no attribute 'GetPrototype'
2026-05-16 17:07:48.136924: W tensorflow/compiler/tf2tensorrt/utils/py_utils.cc:38] TF-TRT Warning: Could not find TensorRT
AttributeError: 'MessageFactory' object has no attribute 'GetPrototype'
[info] total indices 441
[info] total variants 441
2.001 was filtered out as 41497273 C>T needs T but not covered
2.002 was filtered out as 41497273 C>T needs T but not covered
3.001 was filtered out as 41515254 C>A needs A but not covered
4.001 was filtered out as 41515262 A>G needs G but not covered
4.002 was filtered out as 41515262 A>G needs G but not covered
5.001 was filtered out as 41522714 C>T needs T but not covered
5.002 was filtered out as 41522714 C>T needs T but not covered
5.003 was filtered out as 41522714 C>T needs T but not covered
6.001 was filtered out as 41515262 A>G needs G but not covered
6.002 was filtered out as 41515262 A>G needs G but not covered
6.003 was filtered out as 41515262 A>G needs G but not covered
6.004 was filtered out as 41515262 A>G needs G but not covered
7.001 was filtered out as 41515262 A>G needs G but not covered
8.001 was filtered out as 41510281 A>G needs G but not covered
9.001 was filtered out as 41512840 G>T needs T but not covered
10.001 was filtered out as 41497273 C>T needs T but not covered
11.001 was filtered out as 41497345 A>G needs G but not covered
12.001 was filtered out as 41510029 G>A needs A but not covered
13.001 was filtered out as 41515262 A>G needs G but not covered
14.001 was filtered out as 41510285 G>A needs A but not covered
15.001 was filtered out as 41518597 T>A needs A but not covered
17.001 was filtered out as 41497285 A>T needs T but not covered
17.002 was filtered out as 41497285 A>T needs T but not covered
18.001 was filtered out as 41518220 T>C needs C but not covered
18.002 was filtered out as 41515262 A>G needs G but not covered
19.001 was filtered out as 41515262 A>G needs G but not covered
20.001 was filtered out as 41515262 A>G needs G but not covered
21.001 was filtered out as 41518707 C>A needs A but not covered
22.001 was filtered out as 41497128 T>C needs C but not covered
23.001 was filtered out as 41522630 A>G needs G but not covered
24.001 was filtered out as 41522682 G>A needs A but not covered
25.001 was filtered out as 41522709 A>T needs T but not covered
26.001 was filtered out as 41515262 A>G needs G but not covered
27.001 was filtered out as 41512917 T>C needs C but not covered
28.001 was filtered out as 41515992 C>G needs G but not covered
31.001 was filtered out as 41516012 C>A needs A but not covered
32.001 was filtered out as 41518644 G>A needs A but not covered
33.001 was filtered out as 41522714 C>A needs A but not covered
34.001 was filtered out as 41515262 A>G needs G but not covered
35.001 was filtered out as 41497128 T>C needs C but not covered
36.001 was filtered out as 41515262 A>G needs G but not covered
37.001 was filtered out as 41515262 A>G needs G but not covered
38.001 was filtered out as 41515262 A>G needs G but not covered
[filter] CYP2B6 1 => 1.001; 1.002; 1.003; 1.004; 1.005; 1.006; 1.007; 1.008; 1.009; 1.010; 1.011; 1.012; 1.013; 1.014; 1.015
[filter] valid_alleles=15
Step 0: Loss=0.0319, CN=[1.9000832]
Step 100: Loss=0.0216, CN=[1.8528011]
Step 200: Loss=0.0216, CN=[1.8528513]
Step 300: Loss=0.0216, CN=[1.8528478]
Step 400: Loss=0.0216, CN=[1.8528476]

=== Fit ===
Region 0: obs=1.892, exp=1.853, diff=+0.039 
Region 1: obs=1.941, exp=1.853, diff=+0.089 
Region 2: obs=2.073, exp=1.853, diff=+0.220 
Region 3: obs=1.878, exp=1.853, diff=+0.025 
Region 4: obs=1.644, exp=1.853, diff=-0.209 
Region 5: obs=1.664, exp=1.853, diff=-0.189 
Region 6: obs=2.138, exp=1.853, diff=+0.285 
Region 7: obs=1.822, exp=1.853, diff=-0.031 
Region 8: obs=1.766, exp=1.853, diff=-0.087 
Region 9: obs=1.901, exp=1.853, diff=+0.048 
Region 10: obs=2.138, exp=1.853, diff=+0.285 
Region 11: obs=1.795, exp=1.853, diff=-0.058 
Region 12: obs=1.903, exp=1.853, diff=+0.050 
Region 13: obs=1.936, exp=1.853, diff=+0.083 
Region 14: obs=1.664, exp=1.853, diff=-0.189 
Region 15: obs=1.264, exp=1.853, diff=-0.589 *
Region 16: obs=1.607, exp=1.853, diff=-0.246 
Region 17: obs=1.803, exp=1.853, diff=-0.049 
Region 18: obs=2.198, exp=1.853, diff=+0.345 
Region 19: obs=2.000, exp=1.853, diff=+0.147 
Region 20: obs=1.794, exp=1.853, diff=-0.059 

[Gene CN Results]
  CYP2B6: 1.85 → 1.852847933769226
Using device: cuda

=== Running VAE with seed 42 ===
Global Pooled JS: 0.000000
Seed 42, Step    0: Loss = 1139.69 (Recon: 1091.24, Allele KL: 19.22, Base KL: 1537.11, Functional KL: 0.00
Global Pooled JS: 0.000000
Seed 42, Step  500: Loss = 118.84 (Recon: 65.09, Allele KL: 26.04, Base KL: 3881.18, Functional KL: 0.00
Global Pooled JS: 0.000000
Seed 42, Step 1000: Loss = 138.71 (Recon: 82.47, Allele KL: 28.13, Base KL: 3889.42, Functional KL: 0.00
Global Pooled JS: 0.000000
Seed 42, Step 1500: Loss = 127.46 (Recon: 72.48, Allele KL: 27.09, Base KL: 3899.95, Functional KL: 0.00
Global Pooled JS: 0.000000
Seed 42, Step 2000: Loss = 121.37 (Recon: 69.04, Allele KL: 24.54, Base KL: 3881.41, Functional KL: 0.00
Global Pooled JS: 0.000000
Seed 42, Step 2500: Loss = 116.96 (Recon: 65.75, Allele KL: 23.41, Base KL: 3953.60, Functional KL: 0.00

Top Variants with Coverage Mismatches:
Rank   Variant                        Expected     Observed     Diff       |Div|       
------------------------------------------------------------------------------------------
New best model with final loss: 119.30

=== Running VAE with seed 123 ===
Global Pooled JS: 0.000000
Seed 123, Step    0: Loss = 1083.50 (Recon: 1038.06, Allele KL: 15.09, Base KL: 2237.07, Functional KL: 0.00
Global Pooled JS: 0.000000
Seed 123, Step  500: Loss = 117.72 (Recon: 66.56, Allele KL: 23.43, Base KL: 3881.88, Functional KL: 0.00
Global Pooled JS: 0.000000
Seed 123, Step 1000: Loss = 119.75 (Recon: 65.90, Allele KL: 26.07, Base KL: 3911.21, Functional KL: 0.00
Global Pooled JS: 0.000000
Seed 123, Step 1500: Loss = 123.98 (Recon: 74.40, Allele KL: 21.63, Base KL: 3890.13, Functional KL: 0.00
Global Pooled JS: 0.000000
Seed 123, Step 2000: Loss = 139.68 (Recon: 91.71, Allele KL: 19.70, Base KL: 3887.48, Functional KL: 0.00
Global Pooled JS: 0.000000
Seed 123, Step 2500: Loss = 131.90 (Recon: 80.57, Allele KL: 23.35, Base KL: 3842.54, Functional KL: 0.00

Top Variants with Coverage Mismatches:
Rank   Variant                        Expected     Observed     Diff       |Div|       
------------------------------------------------------------------------------------------

=== Running VAE with seed 456 ===
Global Pooled JS: 0.000000
Seed 456, Step    0: Loss = 712.59 (Recon: 658.20, Allele KL: 24.02, Base KL: 2248.94, Functional KL: 0.00
Global Pooled JS: 0.000000
Seed 456, Step  500: Loss = 127.29 (Recon: 76.34, Allele KL: 22.91, Base KL: 3900.84, Functional KL: 0.00
Global Pooled JS: 0.000000
Seed 456, Step 1000: Loss = 114.98 (Recon: 71.60, Allele KL: 15.47, Base KL: 3907.42, Functional KL: 0.00
Global Pooled JS: 0.000000
Seed 456, Step 1500: Loss = 113.80 (Recon: 64.76, Allele KL: 21.34, Base KL: 3846.20, Functional KL: 0.00
Global Pooled JS: 0.000000
Seed 456, Step 2000: Loss = 120.30 (Recon: 65.76, Allele KL: 26.82, Base KL: 3859.17, Functional KL: 0.00
Global Pooled JS: 0.000000
Seed 456, Step 2500: Loss = 114.12 (Recon: 64.42, Allele KL: 21.95, Base KL: 3936.78, Functional KL: 0.00

Top Variants with Coverage Mismatches:
Rank   Variant                        Expected     Observed     Diff       |Div|       
------------------------------------------------------------------------------------------

=== Multi-Seed VAE Results ===
Best model had seed 42 with final loss: 119.30
All seeds final losses:
  Seed 42: Total=119.30 (Recon=70.42, A_KL=20.95, B_KL=3944.92) <- Best
  Seed 123: Total=146.53 (Recon=97.63, A_KL=20.45, B_KL=3935.12)
  Seed 456: Total=123.96 (Recon=72.70, A_KL=23.28, B_KL=3960.60)
[time] run_vae took 162.61s (2,575.109375 MB; 2,575.109375 MB)

[Raw]:
CYP2B6*1: Normalized=1.0000, Unnormalized=1.00

[Alleles]
CYP2B6*1
CYP2B6*1
	Command being timed: "python cyp.py CYP2B6 /project/shared/aldy-data/wgs/NA18952.wgs.cram"
	User time (seconds): 143.39
	System time (seconds): 29.66
	Percent of CPU this job got: 99%
	Elapsed (wall clock) time (h:mm:ss or m:ss): 2:53.65
	Average shared text size (kbytes): 0
	Average unshared data size (kbytes): 0
	Average stack size (kbytes): 0
	Average total size (kbytes): 0
	Maximum resident set size (kbytes): 2636960
	Average resident set size (kbytes): 0
	Major (requiring I/O) page faults: 0
	Minor (reclaiming a frame) page faults: 756022
	Voluntary context switches: 24936
	Involuntary context switches: 4673
	Swaps: 0
	File system inputs: 0
	File system outputs: 40
	Socket messages sent: 0
	Socket messages received: 0
	Signals delivered: 0
	Page size (bytes): 4096
	Exit status: 0
