2026-05-16 16:59:05.259636: I tensorflow/core/util/port.cc:111] oneDNN custom operations are on. You may see slightly different numerical results due to floating-point round-off errors from different computation orders. To turn them off, set the environment variable `TF_ENABLE_ONEDNN_OPTS=0`.
2026-05-16 16:59:05.298399: E tensorflow/compiler/xla/stream_executor/cuda/cuda_dnn.cc:9342] Unable to register cuDNN factory: Attempting to register factory for plugin cuDNN when one has already been registered
2026-05-16 16:59:05.298599: E tensorflow/compiler/xla/stream_executor/cuda/cuda_fft.cc:609] Unable to register cuFFT factory: Attempting to register factory for plugin cuFFT when one has already been registered
2026-05-16 16:59:05.298659: E tensorflow/compiler/xla/stream_executor/cuda/cuda_blas.cc:1518] Unable to register cuBLAS factory: Attempting to register factory for plugin cuBLAS when one has already been registered
2026-05-16 16:59:05.307779: I tensorflow/core/platform/cpu_feature_guard.cc:182] This TensorFlow binary is optimized to use available CPU instructions in performance-critical operations.
To enable the following instructions: AVX2 AVX512F AVX512_VNNI FMA, in other operations, rebuild TensorFlow with the appropriate compiler flags.
AttributeError: 'MessageFactory' object has no attribute 'GetPrototype'
2026-05-16 16:59:06.360200: W tensorflow/compiler/tf2tensorrt/utils/py_utils.cc:38] TF-TRT Warning: Could not find TensorRT
AttributeError: 'MessageFactory' object has no attribute 'GetPrototype'
[info] total indices 441
[info] total variants 441
2.001 was filtered out as 41497273 C>T needs T but not covered
2.002 was filtered out as 41497273 C>T needs T but not covered
3.001 was filtered out as 41515254 C>A needs A but not covered
4.001 was filtered out as 41515262 A>G needs G but not covered
4.002 was filtered out as 41515262 A>G needs G but not covered
5.001 was filtered out as 41522714 C>T needs T but not covered
5.002 was filtered out as 41522714 C>T needs T but not covered
5.003 was filtered out as 41522714 C>T needs T but not covered
6.001 was filtered out as 41515262 A>G needs G but not covered
6.002 was filtered out as 41515262 A>G needs G but not covered
6.003 was filtered out as 41515262 A>G needs G but not covered
6.004 was filtered out as 41515262 A>G needs G but not covered
7.001 was filtered out as 41515262 A>G needs G but not covered
8.001 was filtered out as 41510281 A>G needs G but not covered
9.001 was filtered out as 41512840 G>T needs T but not covered
10.001 was filtered out as 41497273 C>T needs T but not covered
11.001 was filtered out as 41497345 A>G needs G but not covered
12.001 was filtered out as 41510029 G>A needs A but not covered
13.001 was filtered out as 41515262 A>G needs G but not covered
14.001 was filtered out as 41510285 G>A needs A but not covered
15.001 was filtered out as 41518597 T>A needs A but not covered
17.001 was filtered out as 41497285 A>T needs T but not covered
17.002 was filtered out as 41497285 A>T needs T but not covered
18.002 was filtered out as 41515262 A>G needs G but not covered
19.001 was filtered out as 41515262 A>G needs G but not covered
20.001 was filtered out as 41515262 A>G needs G but not covered
21.001 was filtered out as 41518707 C>A needs A but not covered
22.001 was filtered out as 41497128 T>C needs C but not covered
23.001 was filtered out as 41522630 A>G needs G but not covered
24.001 was filtered out as 41522682 G>A needs A but not covered
25.001 was filtered out as 41522709 A>T needs T but not covered
26.001 was filtered out as 41515262 A>G needs G but not covered
27.001 was filtered out as 41512917 T>C needs C but not covered
28.001 was filtered out as 41515992 C>G needs G but not covered
31.001 was filtered out as 41516012 C>A needs A but not covered
32.001 was filtered out as 41518644 G>A needs A but not covered
33.001 was filtered out as 41522714 C>A needs A but not covered
34.001 was filtered out as 41515262 A>G needs G but not covered
35.001 was filtered out as 41497128 T>C needs C but not covered
36.001 was filtered out as 41515262 A>G needs G but not covered
37.001 was filtered out as 41515262 A>G needs G but not covered
38.001 was filtered out as 41515262 A>G needs G but not covered
[filter] CYP2B6 1 => 1.001; 1.002; 1.003; 1.004; 1.005; 1.006; 1.007; 1.008; 1.009; 1.010; 1.011; 1.012; 1.013; 1.014; 1.015
[filter] CYP2B6 18 => 18.001
[filter] valid_alleles=16
Step 0: Loss=0.1363, CN=[2.0999167]
Step 100: Loss=0.0352, CN=[2.484123]
Step 200: Loss=0.0352, CN=[2.483182]
Step 300: Loss=0.0352, CN=[2.4831834]
Step 400: Loss=0.0352, CN=[2.4831834]

=== Fit ===
Region 0: obs=2.551, exp=2.483, diff=+0.068 
Region 1: obs=2.196, exp=2.483, diff=-0.287 
Region 2: obs=2.252, exp=2.483, diff=-0.231 
Region 3: obs=2.679, exp=2.483, diff=+0.196 
Region 4: obs=2.511, exp=2.483, diff=+0.028 
Region 5: obs=2.321, exp=2.483, diff=-0.162 
Region 6: obs=2.663, exp=2.483, diff=+0.180 
Region 7: obs=2.306, exp=2.483, diff=-0.178 
Region 8: obs=2.487, exp=2.483, diff=+0.004 
Region 9: obs=2.746, exp=2.483, diff=+0.263 
Region 10: obs=2.386, exp=2.483, diff=-0.097 
Region 11: obs=2.272, exp=2.483, diff=-0.211 
Region 12: obs=1.820, exp=2.483, diff=-0.663 *
Region 13: obs=2.818, exp=2.483, diff=+0.335 
Region 14: obs=2.646, exp=2.483, diff=+0.162 
Region 15: obs=2.318, exp=2.483, diff=-0.165 
Region 16: obs=2.884, exp=2.483, diff=+0.401 
Region 17: obs=2.812, exp=2.483, diff=+0.329 
Region 18: obs=2.046, exp=2.483, diff=-0.438 
Region 19: obs=2.631, exp=2.483, diff=+0.148 
Region 20: obs=2.638, exp=2.483, diff=+0.155 

[Gene CN Results]
  CYP2B6: 2.48 → 2.4831833839416504
Using device: cuda

=== Running VAE with seed 42 ===
Global Pooled JS: 0.162402
Seed 42, Step    0: Loss = 1660.68 (Recon: 646.21, Allele KL: 11.31, Base KL: 1814.14, Functional KL: 0.16
Global Pooled JS: 0.001262
Seed 42, Step  500: Loss = 272.18 (Recon: 195.08, Allele KL: 37.80, Base KL: 7720.95, Functional KL: 0.00
Global Pooled JS: 0.006158
Seed 42, Step 1000: Loss = 276.70 (Recon: 182.85, Allele KL: 24.79, Base KL: 7790.05, Functional KL: 0.01
Global Pooled JS: 0.001175
Seed 42, Step 1500: Loss = 262.29 (Recon: 199.99, Allele KL: 22.62, Base KL: 7820.15, Functional KL: 0.00
Global Pooled JS: 0.001369
Seed 42, Step 2000: Loss = 254.51 (Recon: 190.74, Allele KL: 23.16, Base KL: 7808.56, Functional KL: 0.00
Global Pooled JS: 0.005353
Seed 42, Step 2500: Loss = 269.52 (Recon: 182.42, Allele KL: 22.75, Base KL: 7909.39, Functional KL: 0.01

Top Variants with Coverage Mismatches:
Rank   Variant                        Expected     Observed     Diff       |Div|       
------------------------------------------------------------------------------------------
1      CYP2B6:41518220→T              20.82        24.00        -3.18      0.000269    
2      CYP2B6:41518220→C              19.76        20.00        -0.24      0.000258    
3      CYP2B6:41518220→A              0.02         0.00         0.02       0.000181    
4      CYP2B6:41518220→M              0.02         0.00         0.02       0.000176    
5      CYP2B6:41518220→G              0.02         0.00         0.02       0.000176    
6      CYP2B6:41518220→P              0.02         0.00         0.02       0.000175    
7      CYP2B6:41518220→N              0.02         0.00         0.02       0.000174    
New best model with final loss: 276.22

=== Running VAE with seed 123 ===
Global Pooled JS: 0.175338
Seed 123, Step    0: Loss = 1703.35 (Recon: 616.48, Allele KL: 6.96, Base KL: 1563.66, Functional KL: 0.18
Global Pooled JS: 0.001000
Seed 123, Step  500: Loss = 254.42 (Recon: 185.24, Allele KL: 30.99, Base KL: 7854.82, Functional KL: 0.00
Global Pooled JS: 0.000860
Seed 123, Step 1000: Loss = 254.30 (Recon: 192.30, Allele KL: 24.36, Base KL: 7860.18, Functional KL: 0.00
Global Pooled JS: 0.002136
Seed 123, Step 1500: Loss = 257.11 (Recon: 185.69, Allele KL: 26.28, Base KL: 7861.82, Functional KL: 0.00
Global Pooled JS: 0.001607
Seed 123, Step 2000: Loss = 266.05 (Recon: 203.57, Allele KL: 20.00, Base KL: 7934.87, Functional KL: 0.00
Global Pooled JS: 0.001855
Seed 123, Step 2500: Loss = 272.62 (Recon: 210.27, Allele KL: 18.15, Base KL: 7952.20, Functional KL: 0.00

Top Variants with Coverage Mismatches:
Rank   Variant                        Expected     Observed     Diff       |Div|       
------------------------------------------------------------------------------------------
1      CYP2B6:41518220→T              20.70        24.00        -3.30      0.000320    
2      CYP2B6:41518220→C              19.88        20.00        -0.12      0.000309    
3      CYP2B6:41518220→P              0.02         0.00         0.02       0.000181    
4      CYP2B6:41518220→M              0.02         0.00         0.02       0.000181    
5      CYP2B6:41518220→A              0.02         0.00         0.02       0.000180    
6      CYP2B6:41518220→N              0.02         0.00         0.02       0.000179    
7      CYP2B6:41518220→G              0.02         0.00         0.02       0.000175    
New best model with final loss: 261.61

=== Running VAE with seed 456 ===
Global Pooled JS: 0.148638
Seed 456, Step    0: Loss = 1512.51 (Recon: 575.58, Allele KL: 16.53, Base KL: 2124.28, Functional KL: 0.15
Global Pooled JS: 0.001823
Seed 456, Step  500: Loss = 269.99 (Recon: 202.16, Allele KL: 24.39, Base KL: 7816.00, Functional KL: 0.00
Global Pooled JS: 0.004518
Seed 456, Step 1000: Loss = 265.58 (Recon: 181.99, Allele KL: 24.26, Base KL: 7896.84, Functional KL: 0.00
Global Pooled JS: 0.005894
Seed 456, Step 1500: Loss = 304.16 (Recon: 218.39, Allele KL: 17.65, Base KL: 7926.87, Functional KL: 0.01
Global Pooled JS: 0.001000
Seed 456, Step 2000: Loss = 250.57 (Recon: 189.56, Allele KL: 22.67, Base KL: 7802.16, Functional KL: 0.00
Global Pooled JS: 0.001953
Seed 456, Step 2500: Loss = 254.41 (Recon: 189.12, Allele KL: 21.34, Base KL: 7842.20, Functional KL: 0.00

Top Variants with Coverage Mismatches:
Rank   Variant                        Expected     Observed     Diff       |Div|       
------------------------------------------------------------------------------------------
1      CYP2B6:41518220→T              19.94        24.00        -4.06      0.000739    
2      CYP2B6:41518220→C              20.63        20.00        0.63       0.000718    
3      CYP2B6:41518220→P              0.02         0.00         0.02       0.000196    
4      CYP2B6:41518220→A              0.02         0.00         0.02       0.000195    
5      CYP2B6:41518220→M              0.02         0.00         0.02       0.000194    
6      CYP2B6:41518220→G              0.02         0.00         0.02       0.000189    
7      CYP2B6:41518220→N              0.02         0.00         0.02       0.000188    
New best model with final loss: 252.78

=== Multi-Seed VAE Results ===
Best model had seed 456 with final loss: 252.78
All seeds final losses:
  Seed 42: Total=276.22 (Recon=202.53, A_KL=21.87, B_KL=7963.44)
  Seed 123: Total=261.61 (Recon=193.34, A_KL=20.88, B_KL=7969.31)
  Seed 456: Total=252.78 (Recon=183.78, A_KL=29.91, B_KL=7788.04) <- Best
[time] run_vae took 177.41s (2,579.1015625 MB; 2,579.1015625 MB)

[Raw]:
CYP2B6*18: Normalized=0.5107, Unnormalized=0.51
CYP2B6*1: Normalized=0.4893, Unnormalized=0.49

[Alleles]
CYP2B6*18
CYP2B6*1
	Command being timed: "python cyp.py CYP2B6 /project/shared/aldy-data/wgs/NA18484.wgs.cram"
	User time (seconds): 154.27
	System time (seconds): 31.46
	Percent of CPU this job got: 99%
	Elapsed (wall clock) time (h:mm:ss or m:ss): 3:06.10
	Average shared text size (kbytes): 0
	Average unshared data size (kbytes): 0
	Average stack size (kbytes): 0
	Average total size (kbytes): 0
	Maximum resident set size (kbytes): 2641036
	Average resident set size (kbytes): 0
	Major (requiring I/O) page faults: 0
	Minor (reclaiming a frame) page faults: 698207
	Voluntary context switches: 22981
	Involuntary context switches: 159
	Swaps: 0
	File system inputs: 0
	File system outputs: 40
	Socket messages sent: 0
	Socket messages received: 0
	Signals delivered: 0
	Page size (bytes): 4096
	Exit status: 0
