2026-05-16 17:02:11.562701: I tensorflow/core/util/port.cc:111] oneDNN custom operations are on. You may see slightly different numerical results due to floating-point round-off errors from different computation orders. To turn them off, set the environment variable `TF_ENABLE_ONEDNN_OPTS=0`.
2026-05-16 17:02:11.602042: E tensorflow/compiler/xla/stream_executor/cuda/cuda_dnn.cc:9342] Unable to register cuDNN factory: Attempting to register factory for plugin cuDNN when one has already been registered
2026-05-16 17:02:11.602130: E tensorflow/compiler/xla/stream_executor/cuda/cuda_fft.cc:609] Unable to register cuFFT factory: Attempting to register factory for plugin cuFFT when one has already been registered
2026-05-16 17:02:11.602291: E tensorflow/compiler/xla/stream_executor/cuda/cuda_blas.cc:1518] Unable to register cuBLAS factory: Attempting to register factory for plugin cuBLAS when one has already been registered
2026-05-16 17:02:11.611609: I tensorflow/core/platform/cpu_feature_guard.cc:182] This TensorFlow binary is optimized to use available CPU instructions in performance-critical operations.
To enable the following instructions: AVX2 AVX512F AVX512_VNNI FMA, in other operations, rebuild TensorFlow with the appropriate compiler flags.
AttributeError: 'MessageFactory' object has no attribute 'GetPrototype'
2026-05-16 17:02:12.793639: W tensorflow/compiler/tf2tensorrt/utils/py_utils.cc:38] TF-TRT Warning: Could not find TensorRT
AttributeError: 'MessageFactory' object has no attribute 'GetPrototype'
[info] total indices 441
[info] total variants 441
2.001 was filtered out as 41497273 C>T needs T but not covered
2.002 was filtered out as 41497273 C>T needs T but not covered
3.001 was filtered out as 41515254 C>A needs A but not covered
5.001 was filtered out as 41522714 C>T needs T but not covered
5.002 was filtered out as 41522714 C>T needs T but not covered
5.003 was filtered out as 41522714 C>T needs T but not covered
7.001 was filtered out as 41522714 C>T needs T but not covered
8.001 was filtered out as 41510281 A>G needs G but not covered
10.001 was filtered out as 41497273 C>T needs T but not covered
11.001 was filtered out as 41497345 A>G needs G but not covered
12.001 was filtered out as 41510029 G>A needs A but not covered
13.001 was filtered out as 41510281 A>G needs G but not covered
14.001 was filtered out as 41510285 G>A needs A but not covered
15.001 was filtered out as 41518597 T>A needs A but not covered
17.001 was filtered out as 41497285 A>T needs T but not covered
17.002 was filtered out as 41497285 A>T needs T but not covered
18.001 was filtered out as 41518220 T>C needs C but not covered
18.002 was filtered out as 41518220 T>C needs C but not covered
19.001 was filtered out as 41518243 C>T needs T but not covered
20.001 was filtered out as 41512827 C>T needs T but not covered
21.001 was filtered out as 41518707 C>A needs A but not covered
22.001 was filtered out as 41497128 T>C needs C but not covered
23.001 was filtered out as 41522630 A>G needs G but not covered
24.001 was filtered out as 41522682 G>A needs A but not covered
25.001 was filtered out as 41522709 A>T needs T but not covered
26.001 was filtered out as 41512823 C>G needs G but not covered
27.001 was filtered out as 41512917 T>C needs C but not covered
28.001 was filtered out as 41515992 C>G needs G but not covered
31.001 was filtered out as 41516012 C>A needs A but not covered
32.001 was filtered out as 41518644 G>A needs A but not covered
33.001 was filtered out as 41522714 C>A needs A but not covered
34.001 was filtered out as 41497128 T>C needs C but not covered
35.001 was filtered out as 41497128 T>C needs C but not covered
36.001 was filtered out as 41497128 T>C needs C but not covered
37.001 was filtered out as 41512872 T>G needs G but not covered
38.001 was filtered out as 41509919 T>A needs A but not covered
[filter] CYP2B6 1 => 1.001; 1.002; 1.003; 1.004; 1.005; 1.006; 1.007; 1.008; 1.009; 1.010; 1.011; 1.012; 1.013; 1.014; 1.015
[filter] CYP2B6 4 => 4.001; 4.002
[filter] CYP2B6 6 => 6.001; 6.002; 6.003; 6.004
[filter] CYP2B6 9 => 9.001
[filter] valid_alleles=22
Step 0: Loss=0.1513, CN=[2.0999167]
Step 100: Loss=0.0771, CN=[2.4191198]
Step 200: Loss=0.0771, CN=[2.420644]
Step 300: Loss=0.0771, CN=[2.4206398]
Step 400: Loss=0.0771, CN=[2.4206398]

=== Fit ===
Region 0: obs=2.595, exp=2.421, diff=+0.174 
Region 1: obs=4.290, exp=2.421, diff=+1.869 *
Region 2: obs=2.800, exp=2.421, diff=+0.380 
Region 3: obs=2.601, exp=2.421, diff=+0.181 
Region 4: obs=2.019, exp=2.421, diff=-0.402 
Region 5: obs=1.801, exp=2.421, diff=-0.619 *
Region 6: obs=2.532, exp=2.421, diff=+0.112 
Region 7: obs=2.229, exp=2.421, diff=-0.192 
Region 8: obs=2.426, exp=2.421, diff=+0.005 
Region 9: obs=2.240, exp=2.421, diff=-0.181 
Region 10: obs=2.182, exp=2.421, diff=-0.239 
Region 11: obs=2.159, exp=2.421, diff=-0.261 
Region 12: obs=2.191, exp=2.421, diff=-0.229 
Region 13: obs=2.750, exp=2.421, diff=+0.329 
Region 14: obs=2.651, exp=2.421, diff=+0.230 
Region 15: obs=2.090, exp=2.421, diff=-0.331 
Region 16: obs=2.111, exp=2.421, diff=-0.310 
Region 17: obs=2.355, exp=2.421, diff=-0.066 
Region 18: obs=2.848, exp=2.421, diff=+0.427 
Region 19: obs=2.612, exp=2.421, diff=+0.192 
Region 20: obs=2.603, exp=2.421, diff=+0.182 

[Gene CN Results]
  CYP2B6: 2.42 → 2.420639991760254
Using device: cuda

=== Running VAE with seed 42 ===
Global Pooled JS: 0.075764
Seed 42, Step    0: Loss = 933.58 (Recon: 435.21, Allele KL: 14.60, Base KL: 2662.67, Functional KL: 0.08
Global Pooled JS: 0.006670
Seed 42, Step  500: Loss = 277.39 (Recon: 177.96, Allele KL: 25.75, Base KL: 8770.39, Functional KL: 0.01
Global Pooled JS: 0.004262
Seed 42, Step 1000: Loss = 246.61 (Recon: 162.40, Allele KL: 25.34, Base KL: 8807.25, Functional KL: 0.00
Global Pooled JS: 0.006922
Seed 42, Step 1500: Loss = 278.00 (Recon: 181.02, Allele KL: 21.85, Base KL: 8664.79, Functional KL: 0.01
Global Pooled JS: 0.006061
Seed 42, Step 2000: Loss = 263.47 (Recon: 160.54, Allele KL: 33.49, Base KL: 8755.65, Functional KL: 0.01
Global Pooled JS: 0.003688
Seed 42, Step 2500: Loss = 246.75 (Recon: 162.31, Allele KL: 29.10, Base KL: 8864.08, Functional KL: 0.00

Top Variants with Coverage Mismatches:
Rank   Variant                        Expected     Observed     Diff       |Div|       
------------------------------------------------------------------------------------------
1      CYP2B6:41512840→G              19.79        24.00        -4.21      0.001770    
2      CYP2B6:41515262→G              19.64        17.00        2.64       0.000448    
3      CYP2B6:41515262→A              17.03        15.00        2.03       0.000286    
4      CYP2B6:41515262→P              0.05         0.00         0.05       0.000222    
5      CYP2B6:41515262→M              0.05         0.00         0.05       0.000221    
6      CYP2B6:41515262→C              0.05         0.00         0.05       0.000218    
7      CYP2B6:41515262→T              0.05         0.00         0.05       0.000218    
8      CYP2B6:41515262→N              0.05         0.00         0.05       0.000213    
9      CYP2B6:41512840→P              0.03         0.00         0.03       0.000164    
10     CYP2B6:41512840→A              0.03         0.00         0.03       0.000161    
11     CYP2B6:41512840→C              0.03         0.00         0.03       0.000160    
12     CYP2B6:41512840→M              0.03         0.00         0.03       0.000159    
13     CYP2B6:41512840→N              0.03         0.00         0.03       0.000158    
14     CYP2B6:41512840→T              16.94        16.00        0.94       0.000030    
New best model with final loss: 274.43

=== Running VAE with seed 123 ===
Global Pooled JS: 0.008693
Seed 123, Step    0: Loss = 366.47 (Recon: 264.52, Allele KL: 21.34, Base KL: 1923.49, Functional KL: 0.01
Global Pooled JS: 0.004131
Seed 123, Step  500: Loss = 249.75 (Recon: 159.59, Allele KL: 32.29, Base KL: 8673.49, Functional KL: 0.00
Global Pooled JS: 0.004644
Seed 123, Step 1000: Loss = 252.29 (Recon: 162.27, Allele KL: 29.22, Base KL: 8645.12, Functional KL: 0.00
Global Pooled JS: 0.005023
Seed 123, Step 1500: Loss = 263.92 (Recon: 175.40, Allele KL: 24.58, Base KL: 8786.13, Functional KL: 0.01
Global Pooled JS: 0.004469
Seed 123, Step 2000: Loss = 247.29 (Recon: 158.56, Allele KL: 29.02, Base KL: 8597.57, Functional KL: 0.00
Global Pooled JS: 0.004922
Seed 123, Step 2500: Loss = 260.90 (Recon: 169.20, Allele KL: 28.76, Base KL: 8685.21, Functional KL: 0.00

Top Variants with Coverage Mismatches:
Rank   Variant                        Expected     Observed     Diff       |Div|       
------------------------------------------------------------------------------------------
1      CYP2B6:41512840→G              19.87        24.00        -4.13      0.001706    
2      CYP2B6:41515262→A              17.63        15.00        2.63       0.000524    
3      CYP2B6:41515262→G              19.04        17.00        2.04       0.000243    
4      CYP2B6:41515262→T              0.05         0.00         0.05       0.000214    
5      CYP2B6:41515262→M              0.05         0.00         0.05       0.000214    
6      CYP2B6:41515262→P              0.04         0.00         0.04       0.000211    
7      CYP2B6:41515262→C              0.04         0.00         0.04       0.000209    
8      CYP2B6:41515262→N              0.04         0.00         0.04       0.000209    
9      CYP2B6:41512840→C              0.03         0.00         0.03       0.000160    
10     CYP2B6:41512840→M              0.03         0.00         0.03       0.000160    
11     CYP2B6:41512840→A              0.03         0.00         0.03       0.000158    
12     CYP2B6:41512840→N              0.03         0.00         0.03       0.000157    
13     CYP2B6:41512840→P              0.03         0.00         0.03       0.000155    
14     CYP2B6:41512840→T              16.86        16.00        0.86       0.000022    
New best model with final loss: 248.89

=== Running VAE with seed 456 ===
Global Pooled JS: 0.161609
Seed 456, Step    0: Loss = 1679.92 (Recon: 656.57, Allele KL: 25.82, Base KL: 4223.73, Functional KL: 0.16
Global Pooled JS: 0.009057
Seed 456, Step  500: Loss = 296.24 (Recon: 183.48, Allele KL: 24.80, Base KL: 8738.01, Functional KL: 0.01
Global Pooled JS: 0.005017
Seed 456, Step 1000: Loss = 256.50 (Recon: 167.20, Allele KL: 26.21, Base KL: 8378.07, Functional KL: 0.01
Global Pooled JS: 0.003699
Seed 456, Step 1500: Loss = 249.89 (Recon: 167.93, Allele KL: 26.08, Base KL: 8821.34, Functional KL: 0.00
Global Pooled JS: 0.004434
Seed 456, Step 2000: Loss = 255.92 (Recon: 160.69, Allele KL: 36.10, Base KL: 8508.74, Functional KL: 0.00
Global Pooled JS: 0.003495
Seed 456, Step 2500: Loss = 249.20 (Recon: 166.83, Allele KL: 28.10, Base KL: 8830.49, Functional KL: 0.00

Top Variants with Coverage Mismatches:
Rank   Variant                        Expected     Observed     Diff       |Div|       
------------------------------------------------------------------------------------------
1      CYP2B6:41512840→G              18.67        24.00        -5.33      0.002761    
2      CYP2B6:41515262→G              20.07        17.00        3.07       0.000633    
3      CYP2B6:41512840→T              18.05        16.00        2.05       0.000268    
4      CYP2B6:41515262→T              0.05         0.00         0.05       0.000220    
5      CYP2B6:41515262→P              0.05         0.00         0.05       0.000213    
6      CYP2B6:41515262→N              0.05         0.00         0.05       0.000213    
7      CYP2B6:41515262→C              0.05         0.00         0.05       0.000212    
8      CYP2B6:41515262→M              0.04         0.00         0.04       0.000209    
9      CYP2B6:41512840→A              0.04         0.00         0.04       0.000169    
10     CYP2B6:41512840→C              0.04         0.00         0.04       0.000168    
11     CYP2B6:41512840→N              0.04         0.00         0.04       0.000167    
12     CYP2B6:41512840→M              0.04         0.00         0.04       0.000167    
13     CYP2B6:41512840→P              0.04         0.00         0.04       0.000165    
14     CYP2B6:41515262→A              16.60        15.00        1.60       0.000160    

=== Multi-Seed VAE Results ===
Best model had seed 123 with final loss: 248.89
All seeds final losses:
  Seed 42: Total=274.43 (Recon=174.20, A_KL=26.93, B_KL=8800.06)
  Seed 123: Total=248.89 (Recon=165.44, A_KL=25.87, B_KL=8729.30) <- Best
  Seed 456: Total=259.50 (Recon=164.71, A_KL=30.10, B_KL=8680.78)
[time] run_vae took 169.24s (2,578.6640625 MB; 2,578.6640625 MB)

[Raw]:
CYP2B6*1: Normalized=0.4729, Unnormalized=0.47
CYP2B6*6: Normalized=0.4591, Unnormalized=0.46

[Alleles]
CYP2B6*1
CYP2B6*6
	Command being timed: "python cyp.py CYP2B6 /project/shared/aldy-data/wgs/NA18540.wgs.cram"
	User time (seconds): 148.54
	System time (seconds): 29.18
	Percent of CPU this job got: 99%
	Elapsed (wall clock) time (h:mm:ss or m:ss): 2:58.12
	Average shared text size (kbytes): 0
	Average unshared data size (kbytes): 0
	Average stack size (kbytes): 0
	Average total size (kbytes): 0
	Maximum resident set size (kbytes): 2640592
	Average resident set size (kbytes): 0
	Major (requiring I/O) page faults: 0
	Minor (reclaiming a frame) page faults: 700886
	Voluntary context switches: 22885
	Involuntary context switches: 190
	Swaps: 0
	File system inputs: 0
	File system outputs: 56
	Socket messages sent: 0
	Socket messages received: 0
	Signals delivered: 0
	Page size (bytes): 4096
	Exit status: 0
