2026-05-16 17:08:10.125978: I tensorflow/core/util/port.cc:111] oneDNN custom operations are on. You may see slightly different numerical results due to floating-point round-off errors from different computation orders. To turn them off, set the environment variable `TF_ENABLE_ONEDNN_OPTS=0`.
2026-05-16 17:08:10.163358: E tensorflow/compiler/xla/stream_executor/cuda/cuda_dnn.cc:9342] Unable to register cuDNN factory: Attempting to register factory for plugin cuDNN when one has already been registered
2026-05-16 17:08:10.163519: E tensorflow/compiler/xla/stream_executor/cuda/cuda_fft.cc:609] Unable to register cuFFT factory: Attempting to register factory for plugin cuFFT when one has already been registered
2026-05-16 17:08:10.163660: E tensorflow/compiler/xla/stream_executor/cuda/cuda_blas.cc:1518] Unable to register cuBLAS factory: Attempting to register factory for plugin cuBLAS when one has already been registered
2026-05-16 17:08:10.172359: I tensorflow/core/platform/cpu_feature_guard.cc:182] This TensorFlow binary is optimized to use available CPU instructions in performance-critical operations.
To enable the following instructions: AVX2 AVX512F AVX512_VNNI FMA, in other operations, rebuild TensorFlow with the appropriate compiler flags.
AttributeError: 'MessageFactory' object has no attribute 'GetPrototype'
2026-05-16 17:08:11.339780: W tensorflow/compiler/tf2tensorrt/utils/py_utils.cc:38] TF-TRT Warning: Could not find TensorRT
AttributeError: 'MessageFactory' object has no attribute 'GetPrototype'
[info] total indices 441
[info] total variants 441
2.001 was filtered out as 41497273 C>T needs T but not covered
2.002 was filtered out as 41497273 C>T needs T but not covered
3.001 was filtered out as 41515254 C>A needs A but not covered
5.001 was filtered out as 41522714 C>T needs T but not covered
5.002 was filtered out as 41522714 C>T needs T but not covered
5.003 was filtered out as 41522714 C>T needs T but not covered
7.001 was filtered out as 41522714 C>T needs T but not covered
8.001 was filtered out as 41510281 A>G needs G but not covered
10.001 was filtered out as 41497273 C>T needs T but not covered
11.001 was filtered out as 41497345 A>G needs G but not covered
12.001 was filtered out as 41510029 G>A needs A but not covered
13.001 was filtered out as 41510281 A>G needs G but not covered
14.001 was filtered out as 41510285 G>A needs A but not covered
15.001 was filtered out as 41518597 T>A needs A but not covered
17.001 was filtered out as 41497285 A>T needs T but not covered
17.002 was filtered out as 41497285 A>T needs T but not covered
18.001 was filtered out as 41518220 T>C needs C but not covered
18.002 was filtered out as 41518220 T>C needs C but not covered
19.001 was filtered out as 41518243 C>T needs T but not covered
20.001 was filtered out as 41512827 C>T needs T but not covered
21.001 was filtered out as 41518707 C>A needs A but not covered
22.001 was filtered out as 41497128 T>C needs C but not covered
23.001 was filtered out as 41522630 A>G needs G but not covered
24.001 was filtered out as 41522682 G>A needs A but not covered
25.001 was filtered out as 41522709 A>T needs T but not covered
26.001 was filtered out as 41512823 C>G needs G but not covered
27.001 was filtered out as 41512917 T>C needs C but not covered
28.001 was filtered out as 41515992 C>G needs G but not covered
31.001 was filtered out as 41516012 C>A needs A but not covered
32.001 was filtered out as 41518644 G>A needs A but not covered
33.001 was filtered out as 41522714 C>A needs A but not covered
34.001 was filtered out as 41497128 T>C needs C but not covered
35.001 was filtered out as 41497128 T>C needs C but not covered
36.001 was filtered out as 41497128 T>C needs C but not covered
37.001 was filtered out as 41512872 T>G needs G but not covered
38.001 was filtered out as 41509919 T>A needs A but not covered
[filter] CYP2B6 1 => 1.001; 1.002; 1.003; 1.004; 1.005; 1.006; 1.007; 1.008; 1.009; 1.010; 1.011; 1.012; 1.013; 1.014; 1.015
[filter] CYP2B6 4 => 4.001; 4.002
[filter] CYP2B6 6 => 6.001; 6.002; 6.003; 6.004
[filter] CYP2B6 9 => 9.001
[filter] valid_alleles=22
Step 0: Loss=0.0554, CN=[1.9000832]
Step 100: Loss=0.0485, CN=[1.8733734]
Step 200: Loss=0.0485, CN=[1.8739266]
Step 300: Loss=0.0485, CN=[1.8739266]
Step 400: Loss=0.0485, CN=[1.8739268]

=== Fit ===
Region 0: obs=1.858, exp=1.874, diff=-0.016 
Region 1: obs=2.958, exp=1.874, diff=+1.084 *
Region 2: obs=2.301, exp=1.874, diff=+0.427 
Region 3: obs=1.814, exp=1.874, diff=-0.060 
Region 4: obs=1.899, exp=1.874, diff=+0.026 
Region 5: obs=1.738, exp=1.874, diff=-0.136 
Region 6: obs=2.189, exp=1.874, diff=+0.315 
Region 7: obs=1.815, exp=1.874, diff=-0.059 
Region 8: obs=1.288, exp=1.874, diff=-0.586 *
Region 9: obs=1.687, exp=1.874, diff=-0.187 
Region 10: obs=2.037, exp=1.874, diff=+0.163 
Region 11: obs=2.151, exp=1.874, diff=+0.277 
Region 12: obs=1.764, exp=1.874, diff=-0.110 
Region 13: obs=2.001, exp=1.874, diff=+0.127 
Region 14: obs=1.569, exp=1.874, diff=-0.305 
Region 15: obs=1.962, exp=1.874, diff=+0.088 
Region 16: obs=2.071, exp=1.874, diff=+0.197 
Region 17: obs=1.757, exp=1.874, diff=-0.116 
Region 18: obs=1.397, exp=1.874, diff=-0.477 
Region 19: obs=1.788, exp=1.874, diff=-0.086 
Region 20: obs=1.808, exp=1.874, diff=-0.066 

[Gene CN Results]
  CYP2B6: 1.87 → 1.8739266395568848
Using device: cuda

=== Running VAE with seed 42 ===
Global Pooled JS: 0.028602
Seed 42, Step    0: Loss = 457.22 (Recon: 245.86, Allele KL: 10.67, Base KL: 2390.17, Functional KL: 0.03
Global Pooled JS: 0.009294
Seed 42, Step  500: Loss = 257.70 (Recon: 147.82, Allele KL: 22.46, Base KL: 6172.15, Functional KL: 0.01
Global Pooled JS: 0.011008
Seed 42, Step 1000: Loss = 254.72 (Recon: 134.88, Allele KL: 22.23, Base KL: 6529.16, Functional KL: 0.01
Global Pooled JS: 0.011213
Seed 42, Step 1500: Loss = 261.15 (Recon: 140.83, Allele KL: 21.36, Base KL: 6552.43, Functional KL: 0.01
Global Pooled JS: 0.009694
Seed 42, Step 2000: Loss = 253.86 (Recon: 139.44, Allele KL: 24.22, Base KL: 6835.50, Functional KL: 0.01
Global Pooled JS: 0.009719
Seed 42, Step 2500: Loss = 248.20 (Recon: 131.49, Allele KL: 27.05, Base KL: 6473.82, Functional KL: 0.01

Top Variants with Coverage Mismatches:
Rank   Variant                        Expected     Observed     Diff       |Div|       
------------------------------------------------------------------------------------------
1      CYP2B6:41515262→A              26.36        29.00        -2.64      0.003929    
2      CYP2B6:41512840→G              23.92        15.00        8.92       0.002720    
3      CYP2B6:41512840→T              13.75        9.00         4.75       0.001149    
4      CYP2B6:41512840→P              0.05         0.00         0.05       0.000211    
5      CYP2B6:41512840→C              0.05         0.00         0.05       0.000208    
6      CYP2B6:41512840→A              0.05         0.00         0.05       0.000206    
7      CYP2B6:41512840→M              0.05         0.00         0.05       0.000206    
8      CYP2B6:41512840→N              0.04         0.00         0.04       0.000205    
9      CYP2B6:41515262→M              0.03         0.00         0.03       0.000150    
10     CYP2B6:41515262→P              0.03         0.00         0.03       0.000150    
11     CYP2B6:41515262→T              0.03         0.00         0.03       0.000148    
12     CYP2B6:41515262→C              0.03         0.00         0.03       0.000148    
13     CYP2B6:41515262→N              0.03         0.00         0.03       0.000145    
14     CYP2B6:41515262→G              11.37        10.00        1.37       0.000061    
New best model with final loss: 255.78

=== Running VAE with seed 123 ===
Global Pooled JS: 0.041454
Seed 123, Step    0: Loss = 454.88 (Recon: 158.20, Allele KL: 19.55, Base KL: 1946.12, Functional KL: 0.04
Global Pooled JS: 0.009198
Seed 123, Step  500: Loss = 243.60 (Recon: 134.26, Allele KL: 22.76, Base KL: 6431.28, Functional KL: 0.01
Global Pooled JS: 0.009516
Seed 123, Step 1000: Loss = 247.93 (Recon: 130.43, Allele KL: 29.21, Base KL: 6373.86, Functional KL: 0.01
Global Pooled JS: 0.010000
Seed 123, Step 1500: Loss = 256.01 (Recon: 134.40, Allele KL: 30.19, Base KL: 6421.72, Functional KL: 0.01
Global Pooled JS: 0.009761
Seed 123, Step 2000: Loss = 245.55 (Recon: 131.31, Allele KL: 24.29, Base KL: 6452.63, Functional KL: 0.01
Global Pooled JS: 0.009527
Seed 123, Step 2500: Loss = 248.28 (Recon: 135.73, Allele KL: 23.89, Base KL: 6461.18, Functional KL: 0.01

Top Variants with Coverage Mismatches:
Rank   Variant                        Expected     Observed     Diff       |Div|       
------------------------------------------------------------------------------------------
1      CYP2B6:41512840→G              24.98        15.00        9.98       0.003697    
2      CYP2B6:41515262→A              27.19        29.00        -1.81      0.003161    
3      CYP2B6:41512840→T              12.72        9.00         3.72       0.000500    
4      CYP2B6:41515262→G              10.56        10.00        0.56       0.000315    
5      CYP2B6:41512840→M              0.04         0.00         0.04       0.000192    
6      CYP2B6:41512840→C              0.04         0.00         0.04       0.000190    
7      CYP2B6:41512840→A              0.04         0.00         0.04       0.000190    
8      CYP2B6:41512840→N              0.04         0.00         0.04       0.000188    
9      CYP2B6:41512840→P              0.04         0.00         0.04       0.000186    
10     CYP2B6:41515262→T              0.03         0.00         0.03       0.000138    
11     CYP2B6:41515262→M              0.03         0.00         0.03       0.000138    
12     CYP2B6:41515262→P              0.03         0.00         0.03       0.000136    
13     CYP2B6:41515262→C              0.03         0.00         0.03       0.000135    
14     CYP2B6:41515262→N              0.03         0.00         0.03       0.000135    
New best model with final loss: 248.29

=== Running VAE with seed 456 ===
Global Pooled JS: 0.109279
Seed 456, Step    0: Loss = 1339.31 (Recon: 632.10, Allele KL: 24.13, Base KL: 4065.33, Functional KL: 0.11
Global Pooled JS: 0.012192
Seed 456, Step  500: Loss = 273.83 (Recon: 144.09, Allele KL: 24.85, Base KL: 6417.42, Functional KL: 0.01
Global Pooled JS: 0.009688
Seed 456, Step 1000: Loss = 250.54 (Recon: 135.67, Allele KL: 25.33, Base KL: 6420.41, Functional KL: 0.01
Global Pooled JS: 0.009957
Seed 456, Step 1500: Loss = 251.73 (Recon: 131.46, Allele KL: 29.05, Base KL: 6416.96, Functional KL: 0.01
Global Pooled JS: 0.009034
Seed 456, Step 2000: Loss = 250.09 (Recon: 132.09, Allele KL: 32.88, Base KL: 6294.45, Functional KL: 0.01
Global Pooled JS: 0.010275
Seed 456, Step 2500: Loss = 251.05 (Recon: 134.71, Allele KL: 23.42, Base KL: 6143.73, Functional KL: 0.01

Top Variants with Coverage Mismatches:
Rank   Variant                        Expected     Observed     Diff       |Div|       
------------------------------------------------------------------------------------------
1      CYP2B6:41515262→A              25.73        29.00        -3.27      0.004586    
2      CYP2B6:41512840→G              23.20        15.00        8.20       0.002132    
3      CYP2B6:41512840→T              14.46        9.00         5.46       0.001722    
4      CYP2B6:41512840→C              0.05         0.00         0.05       0.000221    
5      CYP2B6:41512840→A              0.05         0.00         0.05       0.000221    
6      CYP2B6:41512840→N              0.05         0.00         0.05       0.000220    
7      CYP2B6:41512840→M              0.05         0.00         0.05       0.000218    
8      CYP2B6:41512840→P              0.05         0.00         0.05       0.000216    
9      CYP2B6:41515262→T              0.04         0.00         0.04       0.000163    
10     CYP2B6:41515262→N              0.03         0.00         0.03       0.000158    
11     CYP2B6:41515262→P              0.03         0.00         0.03       0.000157    
12     CYP2B6:41515262→C              0.03         0.00         0.03       0.000157    
13     CYP2B6:41515262→M              0.03         0.00         0.03       0.000154    
14     CYP2B6:41515262→G              12.00        10.00        2.00       0.000000    

=== Multi-Seed VAE Results ===
Best model had seed 123 with final loss: 248.29
All seeds final losses:
  Seed 42: Total=255.78 (Recon=137.70, A_KL=24.12, B_KL=6550.79)
  Seed 123: Total=248.29 (Recon=130.58, A_KL=24.64, B_KL=6575.99) <- Best
  Seed 456: Total=250.06 (Recon=134.86, A_KL=25.52, B_KL=6171.50)
[time] run_vae took 173.03s (2,580.36328125 MB; 2,580.36328125 MB)

[Raw]:
CYP2B6*1: Normalized=0.6476, Unnormalized=0.65
CYP2B6*6: Normalized=0.2734, Unnormalized=0.27

[Alleles]
CYP2B6*1
CYP2B6*6
	Command being timed: "python cyp.py CYP2B6 /project/shared/aldy-data/wgs/NA18966.wgs.cram"
	User time (seconds): 151.59
	System time (seconds): 30.10
	Percent of CPU this job got: 99%
	Elapsed (wall clock) time (h:mm:ss or m:ss): 3:02.64
	Average shared text size (kbytes): 0
	Average unshared data size (kbytes): 0
	Average stack size (kbytes): 0
	Average total size (kbytes): 0
	Maximum resident set size (kbytes): 2642332
	Average resident set size (kbytes): 0
	Major (requiring I/O) page faults: 0
	Minor (reclaiming a frame) page faults: 859249
	Voluntary context switches: 22956
	Involuntary context switches: 242
	Swaps: 0
	File system inputs: 0
	File system outputs: 56
	Socket messages sent: 0
	Socket messages received: 0
	Signals delivered: 0
	Page size (bytes): 4096
	Exit status: 0
