2026-05-16 17:05:09.543879: I tensorflow/core/util/port.cc:111] oneDNN custom operations are on. You may see slightly different numerical results due to floating-point round-off errors from different computation orders. To turn them off, set the environment variable `TF_ENABLE_ONEDNN_OPTS=0`.
2026-05-16 17:05:09.583676: E tensorflow/compiler/xla/stream_executor/cuda/cuda_dnn.cc:9342] Unable to register cuDNN factory: Attempting to register factory for plugin cuDNN when one has already been registered
2026-05-16 17:05:09.583842: E tensorflow/compiler/xla/stream_executor/cuda/cuda_fft.cc:609] Unable to register cuFFT factory: Attempting to register factory for plugin cuFFT when one has already been registered
2026-05-16 17:05:09.583973: E tensorflow/compiler/xla/stream_executor/cuda/cuda_blas.cc:1518] Unable to register cuBLAS factory: Attempting to register factory for plugin cuBLAS when one has already been registered
2026-05-16 17:05:09.593049: I tensorflow/core/platform/cpu_feature_guard.cc:182] This TensorFlow binary is optimized to use available CPU instructions in performance-critical operations.
To enable the following instructions: AVX2 AVX512F AVX512_VNNI FMA, in other operations, rebuild TensorFlow with the appropriate compiler flags.
AttributeError: 'MessageFactory' object has no attribute 'GetPrototype'
2026-05-16 17:05:10.788728: W tensorflow/compiler/tf2tensorrt/utils/py_utils.cc:38] TF-TRT Warning: Could not find TensorRT
AttributeError: 'MessageFactory' object has no attribute 'GetPrototype'
[info] total indices 441
[info] total variants 441
2.001 was filtered out as 41497273 C>T needs T but not covered
2.002 was filtered out as 41497273 C>T needs T but not covered
3.001 was filtered out as 41515254 C>A needs A but not covered
5.001 was filtered out as 41522714 C>T needs T but not covered
5.002 was filtered out as 41522714 C>T needs T but not covered
5.003 was filtered out as 41522714 C>T needs T but not covered
6.001 was filtered out as 41512840 G>T needs T but not covered
6.002 was filtered out as 41512840 G>T needs T but not covered
6.003 was filtered out as 41512840 G>T needs T but not covered
6.004 was filtered out as 41512840 G>T needs T but not covered
7.001 was filtered out as 41522714 C>T needs T but not covered
8.001 was filtered out as 41510281 A>G needs G but not covered
9.001 was filtered out as 41512840 G>T needs T but not covered
10.001 was filtered out as 41497273 C>T needs T but not covered
11.001 was filtered out as 41497345 A>G needs G but not covered
12.001 was filtered out as 41510029 G>A needs A but not covered
13.001 was filtered out as 41512840 G>T needs T but not covered
14.001 was filtered out as 41510285 G>A needs A but not covered
15.001 was filtered out as 41518597 T>A needs A but not covered
17.001 was filtered out as 41497285 A>T needs T but not covered
17.002 was filtered out as 41497285 A>T needs T but not covered
18.001 was filtered out as 41518220 T>C needs C but not covered
18.002 was filtered out as 41518220 T>C needs C but not covered
19.001 was filtered out as 41512840 G>T needs T but not covered
20.001 was filtered out as 41512840 G>T needs T but not covered
21.001 was filtered out as 41518707 C>A needs A but not covered
22.001 was filtered out as 41497128 T>C needs C but not covered
23.001 was filtered out as 41522630 A>G needs G but not covered
24.001 was filtered out as 41522682 G>A needs A but not covered
25.001 was filtered out as 41522709 A>T needs T but not covered
26.001 was filtered out as 41512840 G>T needs T but not covered
27.001 was filtered out as 41512917 T>C needs C but not covered
28.001 was filtered out as 41515992 C>G needs G but not covered
31.001 was filtered out as 41516012 C>A needs A but not covered
32.001 was filtered out as 41518644 G>A needs A but not covered
33.001 was filtered out as 41522714 C>A needs A but not covered
34.001 was filtered out as 41512840 G>T needs T but not covered
35.001 was filtered out as 41497128 T>C needs C but not covered
36.001 was filtered out as 41512840 G>T needs T but not covered
37.001 was filtered out as 41512840 G>T needs T but not covered
38.001 was filtered out as 41512840 G>T needs T but not covered
[filter] CYP2B6 1 => 1.001; 1.002; 1.003; 1.004; 1.005; 1.006; 1.007; 1.008; 1.009; 1.010; 1.011; 1.012; 1.013; 1.014; 1.015
[filter] CYP2B6 4 => 4.001; 4.002
[filter] valid_alleles=17
Step 0: Loss=0.0322, CN=[1.9000834]
Step 100: Loss=0.0322, CN=[1.9889508]
Step 200: Loss=0.0322, CN=[1.9893912]
Step 300: Loss=0.0322, CN=[1.9893886]
Step 400: Loss=0.0322, CN=[1.9893883]

=== Fit ===
Region 0: obs=2.098, exp=1.989, diff=+0.109 
Region 1: obs=2.095, exp=1.989, diff=+0.106 
Region 2: obs=2.199, exp=1.989, diff=+0.210 
Region 3: obs=2.227, exp=1.989, diff=+0.238 
Region 4: obs=1.922, exp=1.989, diff=-0.067 
Region 5: obs=1.874, exp=1.989, diff=-0.115 
Region 6: obs=1.983, exp=1.989, diff=-0.006 
Region 7: obs=2.163, exp=1.989, diff=+0.174 
Region 8: obs=2.489, exp=1.989, diff=+0.500 
Region 9: obs=1.967, exp=1.989, diff=-0.022 
Region 10: obs=1.914, exp=1.989, diff=-0.076 
Region 11: obs=1.707, exp=1.989, diff=-0.283 
Region 12: obs=1.757, exp=1.989, diff=-0.233 
Region 13: obs=2.237, exp=1.989, diff=+0.248 
Region 14: obs=1.234, exp=1.989, diff=-0.756 *
Region 15: obs=2.058, exp=1.989, diff=+0.069 
Region 16: obs=2.151, exp=1.989, diff=+0.161 
Region 17: obs=2.050, exp=1.989, diff=+0.061 
Region 18: obs=1.589, exp=1.989, diff=-0.401 
Region 19: obs=1.983, exp=1.989, diff=-0.007 
Region 20: obs=1.825, exp=1.989, diff=-0.165 

[Gene CN Results]
  CYP2B6: 1.99 → 1.9893888235092163
Using device: cuda

=== Running VAE with seed 42 ===
Global Pooled JS: 0.192049
Seed 42, Step    0: Loss = 2436.72 (Recon: 1240.96, Allele KL: 15.73, Base KL: 2080.27, Functional KL: 0.19
Global Pooled JS: 0.007177
Seed 42, Step  500: Loss = 342.82 (Recon: 223.13, Allele KL: 44.48, Base KL: 8459.49, Functional KL: 0.01
Global Pooled JS: 0.001943
Seed 42, Step 1000: Loss = 341.54 (Recon: 264.52, Allele KL: 33.11, Base KL: 8416.65, Functional KL: 0.00
Global Pooled JS: 0.005031
Seed 42, Step 1500: Loss = 354.85 (Recon: 265.17, Allele KL: 26.82, Base KL: 8523.21, Functional KL: 0.01
Global Pooled JS: 0.001492
Seed 42, Step 2000: Loss = 351.46 (Recon: 275.61, Allele KL: 34.37, Base KL: 8535.06, Functional KL: 0.00
Global Pooled JS: 0.004534
Seed 42, Step 2500: Loss = 337.00 (Recon: 234.10, Allele KL: 43.77, Base KL: 8320.34, Functional KL: 0.00

Top Variants with Coverage Mismatches:
Rank   Variant                        Expected     Observed     Diff       |Div|       
------------------------------------------------------------------------------------------
1      CYP2B6:41515262→G              15.76        18.00        -2.24      0.002459    
2      CYP2B6:41515262→A              24.20        19.00        5.20       0.001845    
3      CYP2B6:41515262→T              0.02         0.00         0.02       0.000154    
4      CYP2B6:41515262→C              0.02         0.00         0.02       0.000152    
5      CYP2B6:41515262→M              0.02         0.00         0.02       0.000152    
6      CYP2B6:41515262→P              0.02         0.00         0.02       0.000150    
7      CYP2B6:41515262→N              0.02         0.00         0.02       0.000147    
New best model with final loss: 351.66

=== Running VAE with seed 123 ===
Global Pooled JS: 0.185181
Seed 123, Step    0: Loss = 2278.47 (Recon: 1119.61, Allele KL: 18.69, Base KL: 2441.09, Functional KL: 0.19
Global Pooled JS: 0.002791
Seed 123, Step  500: Loss = 342.50 (Recon: 251.97, Allele KL: 41.65, Base KL: 8422.11, Functional KL: 0.00
Global Pooled JS: 0.010677
Seed 123, Step 1000: Loss = 349.96 (Recon: 214.71, Allele KL: 39.03, Base KL: 8491.30, Functional KL: 0.01
Global Pooled JS: 0.001147
Seed 123, Step 1500: Loss = 360.53 (Recon: 291.15, Allele KL: 30.09, Base KL: 8423.56, Functional KL: 0.00
Global Pooled JS: 0.004455
Seed 123, Step 2000: Loss = 340.18 (Recon: 241.11, Allele KL: 40.21, Base KL: 8406.20, Functional KL: 0.00
Global Pooled JS: 0.008383
Seed 123, Step 2500: Loss = 347.91 (Recon: 221.76, Allele KL: 43.80, Base KL: 8378.17, Functional KL: 0.01

Top Variants with Coverage Mismatches:
Rank   Variant                        Expected     Observed     Diff       |Div|       
------------------------------------------------------------------------------------------
1      CYP2B6:41515262→G              16.10        18.00        -1.90      0.002010    
2      CYP2B6:41515262→A              23.86        19.00        4.86       0.001525    
3      CYP2B6:41515262→M              0.02         0.00         0.02       0.000159    
4      CYP2B6:41515262→N              0.02         0.00         0.02       0.000156    
5      CYP2B6:41515262→T              0.02         0.00         0.02       0.000154    
6      CYP2B6:41515262→P              0.02         0.00         0.02       0.000152    
7      CYP2B6:41515262→C              0.02         0.00         0.02       0.000152    

=== Running VAE with seed 456 ===
Global Pooled JS: 0.170705
Seed 456, Step    0: Loss = 2191.84 (Recon: 1113.16, Allele KL: 25.12, Base KL: 2689.84, Functional KL: 0.17
Global Pooled JS: 0.004663
Seed 456, Step  500: Loss = 348.37 (Recon: 233.02, Allele KL: 55.33, Base KL: 8404.21, Functional KL: 0.00
Global Pooled JS: 0.003582
Seed 456, Step 1000: Loss = 339.26 (Recon: 253.10, Allele KL: 32.30, Base KL: 8459.70, Functional KL: 0.00
Global Pooled JS: 0.010860
Seed 456, Step 1500: Loss = 350.42 (Recon: 222.63, Allele KL: 30.35, Base KL: 8445.44, Functional KL: 0.01
Global Pooled JS: 0.005593
Seed 456, Step 2000: Loss = 337.95 (Recon: 230.44, Allele KL: 41.82, Base KL: 8477.13, Functional KL: 0.01
Global Pooled JS: 0.014771
Seed 456, Step 2500: Loss = 361.32 (Recon: 211.22, Allele KL: 29.21, Base KL: 8375.57, Functional KL: 0.01

Top Variants with Coverage Mismatches:
Rank   Variant                        Expected     Observed     Diff       |Div|       
------------------------------------------------------------------------------------------
1      CYP2B6:41515262→G              15.53        18.00        -2.47      0.002801    
2      CYP2B6:41515262→A              24.44        19.00        5.44       0.002085    
3      CYP2B6:41515262→T              0.02         0.00         0.02       0.000149    
4      CYP2B6:41515262→P              0.02         0.00         0.02       0.000148    
5      CYP2B6:41515262→C              0.02         0.00         0.02       0.000144    
6      CYP2B6:41515262→N              0.02         0.00         0.02       0.000143    
7      CYP2B6:41515262→M              0.02         0.00         0.02       0.000142    
New best model with final loss: 339.53

=== Multi-Seed VAE Results ===
Best model had seed 456 with final loss: 339.53
All seeds final losses:
  Seed 42: Total=351.66 (Recon=215.38, A_KL=37.70, B_KL=8467.91)
  Seed 123: Total=353.85 (Recon=278.41, A_KL=33.84, B_KL=8422.45)
  Seed 456: Total=339.53 (Recon=247.24, A_KL=34.84, B_KL=8537.74) <- Best
[time] run_vae took 171.40s (2,571.9453125 MB; 2,571.9453125 MB)

[Raw]:
CYP2B6*1: Normalized=0.6097, Unnormalized=0.61
CYP2B6*4: Normalized=0.3903, Unnormalized=0.39

[Alleles]
CYP2B6*1
CYP2B6*4
	Command being timed: "python cyp.py CYP2B6 /project/shared/aldy-data/wgs/NA18617.wgs.cram"
	User time (seconds): 150.45
	System time (seconds): 29.26
	Percent of CPU this job got: 99%
	Elapsed (wall clock) time (h:mm:ss or m:ss): 3:00.42
	Average shared text size (kbytes): 0
	Average unshared data size (kbytes): 0
	Average stack size (kbytes): 0
	Average total size (kbytes): 0
	Maximum resident set size (kbytes): 2633712
	Average resident set size (kbytes): 0
	Major (requiring I/O) page faults: 0
	Minor (reclaiming a frame) page faults: 791905
	Voluntary context switches: 22916
	Involuntary context switches: 237
	Swaps: 0
	File system inputs: 0
	File system outputs: 40
	Socket messages sent: 0
	Socket messages received: 0
	Signals delivered: 0
	Page size (bytes): 4096
	Exit status: 0
