2026-05-16 17:05:14.645016: I tensorflow/core/util/port.cc:111] oneDNN custom operations are on. You may see slightly different numerical results due to floating-point round-off errors from different computation orders. To turn them off, set the environment variable `TF_ENABLE_ONEDNN_OPTS=0`.
2026-05-16 17:05:14.684076: E tensorflow/compiler/xla/stream_executor/cuda/cuda_dnn.cc:9342] Unable to register cuDNN factory: Attempting to register factory for plugin cuDNN when one has already been registered
2026-05-16 17:05:14.684164: E tensorflow/compiler/xla/stream_executor/cuda/cuda_fft.cc:609] Unable to register cuFFT factory: Attempting to register factory for plugin cuFFT when one has already been registered
2026-05-16 17:05:14.684224: E tensorflow/compiler/xla/stream_executor/cuda/cuda_blas.cc:1518] Unable to register cuBLAS factory: Attempting to register factory for plugin cuBLAS when one has already been registered
2026-05-16 17:05:14.692995: I tensorflow/core/platform/cpu_feature_guard.cc:182] This TensorFlow binary is optimized to use available CPU instructions in performance-critical operations.
To enable the following instructions: AVX2 AVX512F AVX512_VNNI FMA, in other operations, rebuild TensorFlow with the appropriate compiler flags.
AttributeError: 'MessageFactory' object has no attribute 'GetPrototype'
2026-05-16 17:05:16.059851: W tensorflow/compiler/tf2tensorrt/utils/py_utils.cc:38] TF-TRT Warning: Could not find TensorRT
AttributeError: 'MessageFactory' object has no attribute 'GetPrototype'
[info] total indices 441
[info] total variants 441
3.001 was filtered out as 41515254 C>A needs A but not covered
4.001 was filtered out as 41515262 A>G needs G but not covered
4.002 was filtered out as 41515262 A>G needs G but not covered
5.001 was filtered out as 41522714 C>T needs T but not covered
5.002 was filtered out as 41522714 C>T needs T but not covered
5.003 was filtered out as 41522714 C>T needs T but not covered
6.001 was filtered out as 41515262 A>G needs G but not covered
6.002 was filtered out as 41515262 A>G needs G but not covered
6.003 was filtered out as 41515262 A>G needs G but not covered
6.004 was filtered out as 41515262 A>G needs G but not covered
7.001 was filtered out as 41515262 A>G needs G but not covered
8.001 was filtered out as 41510281 A>G needs G but not covered
9.001 was filtered out as 41512840 G>T needs T but not covered
10.001 was filtered out as 41497271 A>T needs T but not covered
11.001 was filtered out as 41497345 A>G needs G but not covered
12.001 was filtered out as 41510029 G>A needs A but not covered
13.001 was filtered out as 41515262 A>G needs G but not covered
14.001 was filtered out as 41510285 G>A needs A but not covered
15.001 was filtered out as 41518597 T>A needs A but not covered
17.001 was filtered out as 41497285 A>T needs T but not covered
17.002 was filtered out as 41497285 A>T needs T but not covered
18.001 was filtered out as 41518220 T>C needs C but not covered
18.002 was filtered out as 41515262 A>G needs G but not covered
19.001 was filtered out as 41515262 A>G needs G but not covered
20.001 was filtered out as 41515262 A>G needs G but not covered
21.001 was filtered out as 41518707 C>A needs A but not covered
22.001 was filtered out as 41497128 T>C needs C but not covered
23.001 was filtered out as 41522630 A>G needs G but not covered
24.001 was filtered out as 41522682 G>A needs A but not covered
25.001 was filtered out as 41522709 A>T needs T but not covered
26.001 was filtered out as 41515262 A>G needs G but not covered
27.001 was filtered out as 41512917 T>C needs C but not covered
28.001 was filtered out as 41515992 C>G needs G but not covered
31.001 was filtered out as 41516012 C>A needs A but not covered
32.001 was filtered out as 41518644 G>A needs A but not covered
33.001 was filtered out as 41522714 C>A needs A but not covered
34.001 was filtered out as 41515262 A>G needs G but not covered
35.001 was filtered out as 41497128 T>C needs C but not covered
36.001 was filtered out as 41515262 A>G needs G but not covered
37.001 was filtered out as 41515262 A>G needs G but not covered
38.001 was filtered out as 41515262 A>G needs G but not covered
[filter] CYP2B6 1 => 1.001; 1.002; 1.003; 1.004; 1.005; 1.006; 1.007; 1.008; 1.009; 1.010; 1.011; 1.012; 1.013; 1.014; 1.015
[filter] CYP2B6 2 => 2.001; 2.002
[filter] valid_alleles=17
Step 0: Loss=0.2006, CN=[2.0999167]
Step 100: Loss=0.0666, CN=[2.6047816]
Step 200: Loss=0.0666, CN=[2.6072237]
Step 300: Loss=0.0666, CN=[2.6072304]
Step 400: Loss=0.0666, CN=[2.6072304]

=== Fit ===
Region 0: obs=2.545, exp=2.607, diff=-0.062 
Region 1: obs=3.003, exp=2.607, diff=+0.396 
Region 2: obs=3.026, exp=2.607, diff=+0.419 
Region 3: obs=2.664, exp=2.607, diff=+0.057 
Region 4: obs=1.892, exp=2.607, diff=-0.716 *
Region 5: obs=2.057, exp=2.607, diff=-0.550 *
Region 6: obs=2.967, exp=2.607, diff=+0.360 
Region 7: obs=2.618, exp=2.607, diff=+0.011 
Region 8: obs=2.334, exp=2.607, diff=-0.273 
Region 9: obs=2.691, exp=2.607, diff=+0.084 
Region 10: obs=2.364, exp=2.607, diff=-0.244 
Region 11: obs=2.387, exp=2.607, diff=-0.221 
Region 12: obs=2.166, exp=2.607, diff=-0.441 
Region 13: obs=2.834, exp=2.607, diff=+0.227 
Region 14: obs=2.745, exp=2.607, diff=+0.138 
Region 15: obs=3.077, exp=2.607, diff=+0.470 
Region 16: obs=3.417, exp=2.607, diff=+0.809 *
Region 17: obs=2.566, exp=2.607, diff=-0.041 
Region 18: obs=2.044, exp=2.607, diff=-0.563 *
Region 19: obs=2.703, exp=2.607, diff=+0.096 
Region 20: obs=2.631, exp=2.607, diff=+0.024 

[Gene CN Results]
  CYP2B6: 2.61 → 2.6072304248809814
Using device: cuda

=== Running VAE with seed 42 ===
Global Pooled JS: 0.151079
Seed 42, Step    0: Loss = 1424.39 (Recon: 479.78, Allele KL: 10.06, Base KL: 1649.62, Functional KL: 0.15
Global Pooled JS: 0.005004
Seed 42, Step  500: Loss = 226.11 (Recon: 131.03, Allele KL: 31.93, Base KL: 8803.66, Functional KL: 0.01
Global Pooled JS: 0.004538
Seed 42, Step 1000: Loss = 213.60 (Recon: 127.19, Allele KL: 25.82, Base KL: 8880.86, Functional KL: 0.00
Global Pooled JS: 0.002810
Seed 42, Step 1500: Loss = 201.18 (Recon: 132.86, Allele KL: 17.55, Base KL: 8830.53, Functional KL: 0.00
Global Pooled JS: 0.004968
Seed 42, Step 2000: Loss = 214.70 (Recon: 129.28, Allele KL: 22.05, Base KL: 8842.24, Functional KL: 0.00
Global Pooled JS: 0.005802
Seed 42, Step 2500: Loss = 223.64 (Recon: 128.79, Allele KL: 26.90, Base KL: 8722.64, Functional KL: 0.01

Top Variants with Coverage Mismatches:
Rank   Variant                        Expected     Observed     Diff       |Div|       
------------------------------------------------------------------------------------------
1      CYP2B6:41497273→P              0.02         0.00         0.02       0.000197    
2      CYP2B6:41497273→N              0.02         0.00         0.02       0.000196    
3      CYP2B6:41497273→A              0.02         0.00         0.02       0.000192    
4      CYP2B6:41497273→G              0.02         0.00         0.02       0.000190    
5      CYP2B6:41497273→M              0.02         0.00         0.02       0.000189    
6      CYP2B6:41497273→C              19.43        22.00        -2.57      0.000145    
7      CYP2B6:41497273→T              19.37        20.00        -0.63      0.000120    
New best model with final loss: 190.68

=== Running VAE with seed 123 ===
Global Pooled JS: 0.108514
Seed 123, Step    0: Loss = 1031.85 (Recon: 339.65, Allele KL: 11.63, Base KL: 2781.61, Functional KL: 0.11
Global Pooled JS: 0.001909
Seed 123, Step  500: Loss = 197.96 (Recon: 130.84, Allele KL: 21.83, Base KL: 9035.77, Functional KL: 0.00
Global Pooled JS: 0.000886
Seed 123, Step 1000: Loss = 190.24 (Recon: 126.37, Allele KL: 24.85, Base KL: 8955.34, Functional KL: 0.00
Global Pooled JS: 0.001394
Seed 123, Step 1500: Loss = 192.98 (Recon: 129.24, Allele KL: 21.61, Base KL: 8884.81, Functional KL: 0.00
Global Pooled JS: 0.001581
Seed 123, Step 2000: Loss = 190.12 (Recon: 125.27, Allele KL: 21.86, Base KL: 8663.59, Functional KL: 0.00
Global Pooled JS: 0.004882
Seed 123, Step 2500: Loss = 214.72 (Recon: 132.04, Allele KL: 19.51, Base KL: 8721.97, Functional KL: 0.00

Top Variants with Coverage Mismatches:
Rank   Variant                        Expected     Observed     Diff       |Div|       
------------------------------------------------------------------------------------------
1      CYP2B6:41497273→C              19.19        22.00        -2.81      0.000229    
2      CYP2B6:41497273→T              19.61        20.00        -0.39      0.000198    
3      CYP2B6:41497273→G              0.02         0.00         0.02       0.000188    
4      CYP2B6:41497273→N              0.02         0.00         0.02       0.000186    
5      CYP2B6:41497273→A              0.02         0.00         0.02       0.000185    
6      CYP2B6:41497273→P              0.02         0.00         0.02       0.000185    
7      CYP2B6:41497273→M              0.02         0.00         0.02       0.000180    

=== Running VAE with seed 456 ===
Global Pooled JS: 0.154860
Seed 456, Step    0: Loss = 1628.08 (Recon: 656.02, Allele KL: 14.16, Base KL: 1890.63, Functional KL: 0.15
Global Pooled JS: 0.001600
Seed 456, Step  500: Loss = 192.58 (Recon: 127.62, Allele KL: 21.70, Base KL: 8819.74, Functional KL: 0.00
Global Pooled JS: 0.000995
Seed 456, Step 1000: Loss = 189.92 (Recon: 128.51, Allele KL: 21.47, Base KL: 9040.82, Functional KL: 0.00
Global Pooled JS: 0.001954
Seed 456, Step 1500: Loss = 200.15 (Recon: 137.86, Allele KL: 15.93, Base KL: 9168.83, Functional KL: 0.00
Global Pooled JS: 0.000949
Seed 456, Step 2000: Loss = 187.00 (Recon: 128.68, Allele KL: 18.80, Base KL: 8885.68, Functional KL: 0.00
Global Pooled JS: 0.001142
Seed 456, Step 2500: Loss = 189.66 (Recon: 126.87, Allele KL: 22.26, Base KL: 8847.33, Functional KL: 0.00

Top Variants with Coverage Mismatches:
Rank   Variant                        Expected     Observed     Diff       |Div|       
------------------------------------------------------------------------------------------
1      CYP2B6:41497273→A              0.02         0.00         0.02       0.000187    
2      CYP2B6:41497273→P              0.02         0.00         0.02       0.000187    
3      CYP2B6:41497273→M              0.02         0.00         0.02       0.000185    
4      CYP2B6:41497273→N              0.02         0.00         0.02       0.000183    
5      CYP2B6:41497273→G              0.02         0.00         0.02       0.000181    
6      CYP2B6:41497273→T              18.39        20.00        -1.61      0.000003    
7      CYP2B6:41497273→C              20.41        22.00        -1.59      0.000000    

=== Multi-Seed VAE Results ===
Best model had seed 42 with final loss: 190.68
All seeds final losses:
  Seed 42: Total=190.68 (Recon=129.57, A_KL=20.96, B_KL=9006.74) <- Best
  Seed 123: Total=194.57 (Recon=128.27, A_KL=22.29, B_KL=8991.46)
  Seed 456: Total=192.36 (Recon=129.88, A_KL=21.64, B_KL=8927.35)
[time] run_vae took 171.80s (2,558.60546875 MB; 2,558.60546875 MB)

[Raw]:
CYP2B6*2: Normalized=0.5014, Unnormalized=0.50
CYP2B6*1: Normalized=0.4986, Unnormalized=0.50

[Alleles]
CYP2B6*2
CYP2B6*1
	Command being timed: "python cyp.py CYP2B6 /project/shared/aldy-data/wgs/NA18942.wgs.cram"
	User time (seconds): 152.63
	System time (seconds): 28.82
	Percent of CPU this job got: 99%
	Elapsed (wall clock) time (h:mm:ss or m:ss): 3:02.43
	Average shared text size (kbytes): 0
	Average unshared data size (kbytes): 0
	Average stack size (kbytes): 0
	Average total size (kbytes): 0
	Maximum resident set size (kbytes): 2620052
	Average resident set size (kbytes): 0
	Major (requiring I/O) page faults: 0
	Minor (reclaiming a frame) page faults: 816115
	Voluntary context switches: 22938
	Involuntary context switches: 218
	Swaps: 0
	File system inputs: 0
	File system outputs: 40
	Socket messages sent: 0
	Socket messages received: 0
	Signals delivered: 0
	Page size (bytes): 4096
	Exit status: 0
