2026-05-16 17:02:05.197350: I tensorflow/core/util/port.cc:111] oneDNN custom operations are on. You may see slightly different numerical results due to floating-point round-off errors from different computation orders. To turn them off, set the environment variable `TF_ENABLE_ONEDNN_OPTS=0`.
2026-05-16 17:02:05.236962: E tensorflow/compiler/xla/stream_executor/cuda/cuda_dnn.cc:9342] Unable to register cuDNN factory: Attempting to register factory for plugin cuDNN when one has already been registered
2026-05-16 17:02:05.237131: E tensorflow/compiler/xla/stream_executor/cuda/cuda_fft.cc:609] Unable to register cuFFT factory: Attempting to register factory for plugin cuFFT when one has already been registered
2026-05-16 17:02:05.237267: E tensorflow/compiler/xla/stream_executor/cuda/cuda_blas.cc:1518] Unable to register cuBLAS factory: Attempting to register factory for plugin cuBLAS when one has already been registered
2026-05-16 17:02:05.246367: I tensorflow/core/platform/cpu_feature_guard.cc:182] This TensorFlow binary is optimized to use available CPU instructions in performance-critical operations.
To enable the following instructions: AVX2 AVX512F AVX512_VNNI FMA, in other operations, rebuild TensorFlow with the appropriate compiler flags.
AttributeError: 'MessageFactory' object has no attribute 'GetPrototype'
2026-05-16 17:02:06.336915: W tensorflow/compiler/tf2tensorrt/utils/py_utils.cc:38] TF-TRT Warning: Could not find TensorRT
AttributeError: 'MessageFactory' object has no attribute 'GetPrototype'
[info] total indices 441
[info] total variants 441
2.001 was filtered out as 41497273 C>T needs T but not covered
2.002 was filtered out as 41497273 C>T needs T but not covered
3.001 was filtered out as 41515254 C>A needs A but not covered
4.001 was filtered out as 41515262 A>G needs G but not covered
4.002 was filtered out as 41515262 A>G needs G but not covered
5.001 was filtered out as 41522714 C>T needs T but not covered
5.002 was filtered out as 41522714 C>T needs T but not covered
5.003 was filtered out as 41522714 C>T needs T but not covered
6.001 was filtered out as 41515262 A>G needs G but not covered
6.002 was filtered out as 41515262 A>G needs G but not covered
6.003 was filtered out as 41515262 A>G needs G but not covered
6.004 was filtered out as 41515262 A>G needs G but not covered
7.001 was filtered out as 41515262 A>G needs G but not covered
8.001 was filtered out as 41510281 A>G needs G but not covered
9.001 was filtered out as 41512840 G>T needs T but not covered
10.001 was filtered out as 41497273 C>T needs T but not covered
11.001 was filtered out as 41497345 A>G needs G but not covered
12.001 was filtered out as 41510029 G>A needs A but not covered
13.001 was filtered out as 41515262 A>G needs G but not covered
14.001 was filtered out as 41510285 G>A needs A but not covered
15.001 was filtered out as 41518597 T>A needs A but not covered
17.001 was filtered out as 41497285 A>T needs T but not covered
17.002 was filtered out as 41497285 A>T needs T but not covered
18.001 was filtered out as 41518220 T>C needs C but not covered
18.002 was filtered out as 41515262 A>G needs G but not covered
19.001 was filtered out as 41515262 A>G needs G but not covered
20.001 was filtered out as 41515262 A>G needs G but not covered
21.001 was filtered out as 41518707 C>A needs A but not covered
22.001 was filtered out as 41497128 T>C needs C but not covered
23.001 was filtered out as 41522630 A>G needs G but not covered
24.001 was filtered out as 41522682 G>A needs A but not covered
25.001 was filtered out as 41522709 A>T needs T but not covered
26.001 was filtered out as 41515262 A>G needs G but not covered
27.001 was filtered out as 41512917 T>C needs C but not covered
28.001 was filtered out as 41515992 C>G needs G but not covered
31.001 was filtered out as 41516012 C>A needs A but not covered
32.001 was filtered out as 41518644 G>A needs A but not covered
33.001 was filtered out as 41522714 C>A needs A but not covered
34.001 was filtered out as 41515262 A>G needs G but not covered
35.001 was filtered out as 41497128 T>C needs C but not covered
36.001 was filtered out as 41515262 A>G needs G but not covered
37.001 was filtered out as 41515262 A>G needs G but not covered
38.001 was filtered out as 41515262 A>G needs G but not covered
[filter] CYP2B6 1 => 1.001; 1.002; 1.003; 1.004; 1.005; 1.006; 1.007; 1.008; 1.009; 1.010; 1.011; 1.012; 1.013; 1.014; 1.015
[filter] valid_alleles=15
Step 0: Loss=0.1900, CN=[2.0999167]
Step 100: Loss=0.0334, CN=[2.6111314]
Step 200: Loss=0.0334, CN=[2.6135244]
Step 300: Loss=0.0334, CN=[2.613511]
Step 400: Loss=0.0334, CN=[2.613511]

=== Fit ===
Region 0: obs=2.530, exp=2.614, diff=-0.084 
Region 1: obs=2.927, exp=2.614, diff=+0.314 
Region 2: obs=3.038, exp=2.614, diff=+0.425 
Region 3: obs=2.691, exp=2.614, diff=+0.077 
Region 4: obs=2.414, exp=2.614, diff=-0.200 
Region 5: obs=2.275, exp=2.614, diff=-0.338 
Region 6: obs=2.199, exp=2.614, diff=-0.414 
Region 7: obs=2.647, exp=2.614, diff=+0.033 
Region 8: obs=2.852, exp=2.614, diff=+0.238 
Region 9: obs=2.707, exp=2.614, diff=+0.094 
Region 10: obs=2.874, exp=2.614, diff=+0.260 
Region 11: obs=2.602, exp=2.614, diff=-0.011 
Region 12: obs=2.127, exp=2.614, diff=-0.486 
Region 13: obs=3.005, exp=2.614, diff=+0.391 
Region 14: obs=2.500, exp=2.614, diff=-0.113 
Region 15: obs=2.904, exp=2.614, diff=+0.290 
Region 16: obs=2.260, exp=2.614, diff=-0.354 
Region 17: obs=2.450, exp=2.614, diff=-0.164 
Region 18: obs=2.688, exp=2.614, diff=+0.074 
Region 19: obs=2.545, exp=2.614, diff=-0.069 
Region 20: obs=2.649, exp=2.614, diff=+0.036 

[Gene CN Results]
  CYP2B6: 2.61 → 2.613511323928833
Using device: cuda

=== Running VAE with seed 42 ===
Global Pooled JS: 0.000000
Seed 42, Step    0: Loss = 265.30 (Recon: 218.92, Allele KL: 17.24, Base KL: 1375.83, Functional KL: 0.00
Global Pooled JS: 0.000000
Seed 42, Step  500: Loss = 154.26 (Recon: 105.37, Allele KL: 19.61, Base KL: 5301.24, Functional KL: 0.00
Global Pooled JS: 0.000000
Seed 42, Step 1000: Loss = 149.64 (Recon: 99.95, Allele KL: 20.84, Base KL: 5207.08, Functional KL: 0.00
Global Pooled JS: 0.000000
Seed 42, Step 1500: Loss = 153.20 (Recon: 101.75, Allele KL: 22.45, Base KL: 5213.59, Functional KL: 0.00
Global Pooled JS: 0.000000
Seed 42, Step 2000: Loss = 172.71 (Recon: 123.58, Allele KL: 18.99, Base KL: 5199.78, Functional KL: 0.00
Global Pooled JS: 0.000000
Seed 42, Step 2500: Loss = 154.61 (Recon: 110.53, Allele KL: 14.52, Base KL: 5337.75, Functional KL: 0.00

Top Variants with Coverage Mismatches:
Rank   Variant                        Expected     Observed     Diff       |Div|       
------------------------------------------------------------------------------------------
New best model with final loss: 150.59

=== Running VAE with seed 123 ===
Global Pooled JS: 0.000000
Seed 123, Step    0: Loss = 237.52 (Recon: 190.65, Allele KL: 17.34, Base KL: 1855.87, Functional KL: 0.00
Global Pooled JS: 0.000000
Seed 123, Step  500: Loss = 157.51 (Recon: 109.50, Allele KL: 18.62, Base KL: 5192.57, Functional KL: 0.00
Global Pooled JS: 0.000000
Seed 123, Step 1000: Loss = 154.19 (Recon: 103.76, Allele KL: 21.29, Base KL: 5177.47, Functional KL: 0.00
Global Pooled JS: 0.000000
Seed 123, Step 1500: Loss = 151.66 (Recon: 106.27, Allele KL: 16.09, Base KL: 5250.20, Functional KL: 0.00
Global Pooled JS: 0.000000
Seed 123, Step 2000: Loss = 140.87 (Recon: 100.31, Allele KL: 11.70, Base KL: 5198.81, Functional KL: 0.00
Global Pooled JS: 0.000000
Seed 123, Step 2500: Loss = 144.99 (Recon: 99.61, Allele KL: 16.68, Base KL: 5157.89, Functional KL: 0.00

Top Variants with Coverage Mismatches:
Rank   Variant                        Expected     Observed     Diff       |Div|       
------------------------------------------------------------------------------------------

=== Running VAE with seed 456 ===
Global Pooled JS: 0.000000
Seed 456, Step    0: Loss = 363.71 (Recon: 317.70, Allele KL: 16.49, Base KL: 1705.44, Functional KL: 0.00
Global Pooled JS: 0.000000
Seed 456, Step  500: Loss = 151.59 (Recon: 101.78, Allele KL: 20.81, Base KL: 5190.46, Functional KL: 0.00
Global Pooled JS: 0.000000
Seed 456, Step 1000: Loss = 164.74 (Recon: 119.61, Allele KL: 15.21, Base KL: 5222.38, Functional KL: 0.00
Global Pooled JS: 0.000000
Seed 456, Step 1500: Loss = 147.48 (Recon: 106.48, Allele KL: 11.75, Base KL: 5258.36, Functional KL: 0.00
Global Pooled JS: 0.000000
Seed 456, Step 2000: Loss = 148.52 (Recon: 101.76, Allele KL: 17.70, Base KL: 5336.07, Functional KL: 0.00
Global Pooled JS: 0.000000
Seed 456, Step 2500: Loss = 149.50 (Recon: 104.91, Allele KL: 15.68, Base KL: 4990.55, Functional KL: 0.00

Top Variants with Coverage Mismatches:
Rank   Variant                        Expected     Observed     Diff       |Div|       
------------------------------------------------------------------------------------------

=== Multi-Seed VAE Results ===
Best model had seed 42 with final loss: 150.59
All seeds final losses:
  Seed 42: Total=150.59 (Recon=100.41, A_KL=21.13, B_KL=5342.26) <- Best
  Seed 123: Total=153.75 (Recon=104.97, A_KL=19.76, B_KL=5045.79)
  Seed 456: Total=155.53 (Recon=107.29, A_KL=18.95, B_KL=5182.58)
[time] run_vae took 160.84s (2,567.765625 MB; 2,567.765625 MB)

[Raw]:
CYP2B6*1: Normalized=1.0000, Unnormalized=1.00

[Alleles]
CYP2B6*1
CYP2B6*1
	Command being timed: "python cyp.py CYP2B6 /project/shared/aldy-data/wgs/NA18524.wgs.cram"
	User time (seconds): 141.72
	System time (seconds): 27.92
	Percent of CPU this job got: 99%
	Elapsed (wall clock) time (h:mm:ss or m:ss): 2:50.16
	Average shared text size (kbytes): 0
	Average unshared data size (kbytes): 0
	Average stack size (kbytes): 0
	Average total size (kbytes): 0
	Maximum resident set size (kbytes): 2629416
	Average resident set size (kbytes): 0
	Major (requiring I/O) page faults: 0
	Minor (reclaiming a frame) page faults: 713193
	Voluntary context switches: 24880
	Involuntary context switches: 4110
	Swaps: 0
	File system inputs: 0
	File system outputs: 40
	Socket messages sent: 0
	Socket messages received: 0
	Signals delivered: 0
	Page size (bytes): 4096
	Exit status: 0
