2026-05-16 17:11:17.119302: I tensorflow/core/util/port.cc:111] oneDNN custom operations are on. You may see slightly different numerical results due to floating-point round-off errors from different computation orders. To turn them off, set the environment variable `TF_ENABLE_ONEDNN_OPTS=0`.
2026-05-16 17:11:17.159404: E tensorflow/compiler/xla/stream_executor/cuda/cuda_dnn.cc:9342] Unable to register cuDNN factory: Attempting to register factory for plugin cuDNN when one has already been registered
2026-05-16 17:11:17.159606: E tensorflow/compiler/xla/stream_executor/cuda/cuda_fft.cc:609] Unable to register cuFFT factory: Attempting to register factory for plugin cuFFT when one has already been registered
2026-05-16 17:11:17.159753: E tensorflow/compiler/xla/stream_executor/cuda/cuda_blas.cc:1518] Unable to register cuBLAS factory: Attempting to register factory for plugin cuBLAS when one has already been registered
2026-05-16 17:11:17.168462: I tensorflow/core/platform/cpu_feature_guard.cc:182] This TensorFlow binary is optimized to use available CPU instructions in performance-critical operations.
To enable the following instructions: AVX2 AVX512F AVX512_VNNI FMA, in other operations, rebuild TensorFlow with the appropriate compiler flags.
AttributeError: 'MessageFactory' object has no attribute 'GetPrototype'
2026-05-16 17:11:18.434762: W tensorflow/compiler/tf2tensorrt/utils/py_utils.cc:38] TF-TRT Warning: Could not find TensorRT
AttributeError: 'MessageFactory' object has no attribute 'GetPrototype'
[info] total indices 441
[info] total variants 441
2.001 was filtered out as 41497273 C>T needs T but not covered
2.002 was filtered out as 41497273 C>T needs T but not covered
3.001 was filtered out as 41515254 C>A needs A but not covered
5.001 was filtered out as 41522714 C>T needs T but not covered
5.002 was filtered out as 41522714 C>T needs T but not covered
5.003 was filtered out as 41522714 C>T needs T but not covered
7.001 was filtered out as 41522714 C>T needs T but not covered
8.001 was filtered out as 41510281 A>G needs G but not covered
10.001 was filtered out as 41497273 C>T needs T but not covered
11.001 was filtered out as 41497345 A>G needs G but not covered
12.001 was filtered out as 41510029 G>A needs A but not covered
13.001 was filtered out as 41510281 A>G needs G but not covered
14.001 was filtered out as 41510285 G>A needs A but not covered
15.001 was filtered out as 41518597 T>A needs A but not covered
17.001 was filtered out as 41497285 A>T needs T but not covered
17.002 was filtered out as 41497285 A>T needs T but not covered
18.001 was filtered out as 41518220 T>C needs C but not covered
18.002 was filtered out as 41518220 T>C needs C but not covered
19.001 was filtered out as 41518243 C>T needs T but not covered
20.001 was filtered out as 41512827 C>T needs T but not covered
21.001 was filtered out as 41518707 C>A needs A but not covered
22.001 was filtered out as 41497128 T>C needs C but not covered
23.001 was filtered out as 41522630 A>G needs G but not covered
24.001 was filtered out as 41522682 G>A needs A but not covered
25.001 was filtered out as 41522709 A>T needs T but not covered
26.001 was filtered out as 41512823 C>G needs G but not covered
27.001 was filtered out as 41512917 T>C needs C but not covered
28.001 was filtered out as 41515992 C>G needs G but not covered
31.001 was filtered out as 41516012 C>A needs A but not covered
32.001 was filtered out as 41518644 G>A needs A but not covered
33.001 was filtered out as 41522714 C>A needs A but not covered
34.001 was filtered out as 41497128 T>C needs C but not covered
35.001 was filtered out as 41497128 T>C needs C but not covered
36.001 was filtered out as 41497128 T>C needs C but not covered
37.001 was filtered out as 41512872 T>G needs G but not covered
38.001 was filtered out as 41509919 T>A needs A but not covered
[filter] CYP2B6 1 => 1.001; 1.002; 1.003; 1.004; 1.005; 1.006; 1.007; 1.008; 1.009; 1.010; 1.011; 1.012; 1.013; 1.014; 1.015
[filter] CYP2B6 4 => 4.001; 4.002
[filter] CYP2B6 6 => 6.001; 6.002; 6.003; 6.004
[filter] CYP2B6 9 => 9.001
[filter] valid_alleles=22
Step 0: Loss=0.0594, CN=[1.9000832]
Step 100: Loss=0.0168, CN=[1.7035186]
Step 200: Loss=0.0168, CN=[1.7028741]
Step 300: Loss=0.0168, CN=[1.7028689]
Step 400: Loss=0.0168, CN=[1.7028686]

=== Fit ===
Region 0: obs=1.809, exp=1.703, diff=+0.106 
Region 1: obs=1.327, exp=1.703, diff=-0.376 
Region 2: obs=1.347, exp=1.703, diff=-0.356 
Region 3: obs=1.715, exp=1.703, diff=+0.012 
Region 4: obs=2.129, exp=1.703, diff=+0.427 
Region 5: obs=1.695, exp=1.703, diff=-0.008 
Region 6: obs=1.828, exp=1.703, diff=+0.125 
Region 7: obs=1.744, exp=1.703, diff=+0.041 
Region 8: obs=1.721, exp=1.703, diff=+0.018 
Region 9: obs=1.776, exp=1.703, diff=+0.073 
Region 10: obs=1.768, exp=1.703, diff=+0.065 
Region 11: obs=1.744, exp=1.703, diff=+0.041 
Region 12: obs=1.472, exp=1.703, diff=-0.231 
Region 13: obs=1.816, exp=1.703, diff=+0.113 
Region 14: obs=1.682, exp=1.703, diff=-0.021 
Region 15: obs=1.929, exp=1.703, diff=+0.226 
Region 16: obs=1.736, exp=1.703, diff=+0.033 
Region 17: obs=1.684, exp=1.703, diff=-0.019 
Region 18: obs=1.394, exp=1.703, diff=-0.308 
Region 19: obs=1.730, exp=1.703, diff=+0.027 
Region 20: obs=1.716, exp=1.703, diff=+0.013 

[Gene CN Results]
  CYP2B6: 1.70 → 1.702868938446045
Using device: cuda

=== Running VAE with seed 42 ===
Global Pooled JS: 0.072336
Seed 42, Step    0: Loss = 969.09 (Recon: 486.27, Allele KL: 17.78, Base KL: 4595.12, Functional KL: 0.07
Global Pooled JS: 0.002482
Seed 42, Step  500: Loss = 280.06 (Recon: 201.29, Allele KL: 29.29, Base KL: 10339.84, Functional KL: 0.00
Global Pooled JS: 0.002584
Seed 42, Step 1000: Loss = 268.27 (Recon: 182.56, Allele KL: 36.49, Base KL: 10150.29, Functional KL: 0.00
Global Pooled JS: 0.002928
Seed 42, Step 1500: Loss = 275.78 (Recon: 194.60, Allele KL: 29.12, Base KL: 10434.58, Functional KL: 0.00
Global Pooled JS: 0.003292
Seed 42, Step 2000: Loss = 272.85 (Recon: 189.37, Allele KL: 29.42, Base KL: 10448.61, Functional KL: 0.00
Global Pooled JS: 0.002395
Seed 42, Step 2500: Loss = 272.92 (Recon: 200.43, Allele KL: 23.44, Base KL: 10560.95, Functional KL: 0.00

Top Variants with Coverage Mismatches:
Rank   Variant                        Expected     Observed     Diff       |Div|       
------------------------------------------------------------------------------------------
1      CYP2B6:41515262→A              25.42        26.00        -0.58      0.001048    
2      CYP2B6:41512840→T              23.78        19.00        4.78       0.000158    
3      CYP2B6:41515262→G              23.76        19.00        4.76       0.000155    
4      CYP2B6:41515262→P              0.04         0.00         0.04       0.000153    
5      CYP2B6:41515262→M              0.04         0.00         0.04       0.000153    
6      CYP2B6:41512840→P              0.04         0.00         0.04       0.000152    
7      CYP2B6:41515262→C              0.04         0.00         0.04       0.000150    
8      CYP2B6:41515262→T              0.04         0.00         0.04       0.000150    
9      CYP2B6:41512840→A              0.04         0.00         0.04       0.000150    
10     CYP2B6:41512840→C              0.04         0.00         0.04       0.000148    
11     CYP2B6:41512840→M              0.04         0.00         0.04       0.000147    
12     CYP2B6:41512840→N              0.04         0.00         0.04       0.000146    
13     CYP2B6:41515262→N              0.04         0.00         0.04       0.000146    
14     CYP2B6:41512840→G              25.41        21.00        4.41       0.000051    
New best model with final loss: 279.06

=== Running VAE with seed 123 ===
Global Pooled JS: 0.010281
Seed 123, Step    0: Loss = 460.24 (Recon: 339.70, Allele KL: 29.21, Base KL: 3134.72, Functional KL: 0.01
Global Pooled JS: 0.007005
Seed 123, Step  500: Loss = 289.98 (Recon: 175.38, Allele KL: 38.68, Base KL: 10361.83, Functional KL: 0.01
Global Pooled JS: 0.002262
Seed 123, Step 1000: Loss = 270.40 (Recon: 192.23, Allele KL: 30.81, Base KL: 10136.09, Functional KL: 0.00
Global Pooled JS: 0.002951
Seed 123, Step 1500: Loss = 279.61 (Recon: 199.72, Allele KL: 27.86, Base KL: 10058.96, Functional KL: 0.00
Global Pooled JS: 0.002219
Seed 123, Step 2000: Loss = 264.26 (Recon: 190.10, Allele KL: 26.37, Base KL: 10381.80, Functional KL: 0.00
Global Pooled JS: 0.003612
Seed 123, Step 2500: Loss = 294.32 (Recon: 211.19, Allele KL: 27.06, Base KL: 10253.09, Functional KL: 0.00

Top Variants with Coverage Mismatches:
Rank   Variant                        Expected     Observed     Diff       |Div|       
------------------------------------------------------------------------------------------
1      CYP2B6:41515262→A              24.14        26.00        -1.86      0.001724    
2      CYP2B6:41515262→G              25.02        19.00        6.02       0.000464    
3      CYP2B6:41512840→T              24.97        19.00        5.97       0.000449    
4      CYP2B6:41515262→T              0.05         0.00         0.05       0.000169    
5      CYP2B6:41515262→M              0.05         0.00         0.05       0.000169    
6      CYP2B6:41515262→C              0.05         0.00         0.05       0.000165    
7      CYP2B6:41515262→P              0.05         0.00         0.05       0.000164    
8      CYP2B6:41515262→N              0.05         0.00         0.05       0.000163    
9      CYP2B6:41512840→M              0.05         0.00         0.05       0.000161    
10     CYP2B6:41512840→C              0.05         0.00         0.05       0.000160    
11     CYP2B6:41512840→A              0.05         0.00         0.05       0.000158    
12     CYP2B6:41512840→N              0.04         0.00         0.04       0.000157    
13     CYP2B6:41512840→P              0.04         0.00         0.04       0.000155    
14     CYP2B6:41512840→G              24.20        21.00        3.20       0.000002    

=== Running VAE with seed 456 ===
Global Pooled JS: 0.182551
Seed 456, Step    0: Loss = 3187.44 (Recon: 2015.21, Allele KL: 47.42, Base KL: 6457.81, Functional KL: 0.18
Global Pooled JS: 0.003644
Seed 456, Step  500: Loss = 298.88 (Recon: 206.44, Allele KL: 36.81, Base KL: 10130.29, Functional KL: 0.00
Global Pooled JS: 0.003059
Seed 456, Step 1000: Loss = 271.38 (Recon: 186.23, Allele KL: 32.62, Base KL: 10423.56, Functional KL: 0.00
Global Pooled JS: 0.005024
Seed 456, Step 1500: Loss = 279.35 (Recon: 180.86, Allele KL: 34.38, Base KL: 10173.68, Functional KL: 0.01
Global Pooled JS: 0.002663
Seed 456, Step 2000: Loss = 270.35 (Recon: 193.90, Allele KL: 26.10, Base KL: 10356.80, Functional KL: 0.00
Global Pooled JS: 0.002464
Seed 456, Step 2500: Loss = 274.68 (Recon: 199.60, Allele KL: 26.03, Base KL: 10379.10, Functional KL: 0.00

Top Variants with Coverage Mismatches:
Rank   Variant                        Expected     Observed     Diff       |Div|       
------------------------------------------------------------------------------------------
1      CYP2B6:41515262→A              24.76        26.00        -1.24      0.001375    
2      CYP2B6:41515262→G              24.41        19.00        5.41       0.000293    
3      CYP2B6:41512840→T              24.34        19.00        5.34       0.000278    
4      CYP2B6:41515262→T              0.05         0.00         0.05       0.000170    
5      CYP2B6:41515262→N              0.05         0.00         0.05       0.000166    
6      CYP2B6:41512840→A              0.05         0.00         0.05       0.000163    
7      CYP2B6:41515262→C              0.05         0.00         0.05       0.000163    
8      CYP2B6:41512840→C              0.05         0.00         0.05       0.000162    
9      CYP2B6:41515262→P              0.05         0.00         0.05       0.000162    
10     CYP2B6:41512840→N              0.05         0.00         0.05       0.000161    
11     CYP2B6:41512840→M              0.05         0.00         0.05       0.000161    
12     CYP2B6:41515262→M              0.05         0.00         0.05       0.000160    
13     CYP2B6:41512840→P              0.05         0.00         0.05       0.000159    
14     CYP2B6:41512840→G              24.83        21.00        3.83       0.000009    
New best model with final loss: 268.21

=== Multi-Seed VAE Results ===
Best model had seed 456 with final loss: 268.21
All seeds final losses:
  Seed 42: Total=279.06 (Recon=196.90, A_KL=31.99, B_KL=10774.42)
  Seed 123: Total=288.19 (Recon=182.54, A_KL=28.89, B_KL=10432.83)
  Seed 456: Total=268.21 (Recon=188.35, A_KL=31.53, B_KL=10049.92) <- Best
[time] run_vae took 168.30s (2,583.7265625 MB; 2,583.7265625 MB)

[Raw]:
CYP2B6*1: Normalized=0.4970, Unnormalized=0.50
CYP2B6*6: Normalized=0.4957, Unnormalized=0.50

[Alleles]
CYP2B6*1
CYP2B6*6
	Command being timed: "python cyp.py CYP2B6 /project/shared/aldy-data/wgs/NA19109.wgs.cram"
	User time (seconds): 149.97
	System time (seconds): 27.94
	Percent of CPU this job got: 99%
	Elapsed (wall clock) time (h:mm:ss or m:ss): 2:59.09
	Average shared text size (kbytes): 0
	Average unshared data size (kbytes): 0
	Average stack size (kbytes): 0
	Average total size (kbytes): 0
	Maximum resident set size (kbytes): 2645776
	Average resident set size (kbytes): 0
	Major (requiring I/O) page faults: 0
	Minor (reclaiming a frame) page faults: 811790
	Voluntary context switches: 22932
	Involuntary context switches: 238
	Swaps: 0
	File system inputs: 0
	File system outputs: 48
	Socket messages sent: 0
	Socket messages received: 0
	Signals delivered: 0
	Page size (bytes): 4096
	Exit status: 0
