2026-05-16 17:14:09.700014: I tensorflow/core/util/port.cc:111] oneDNN custom operations are on. You may see slightly different numerical results due to floating-point round-off errors from different computation orders. To turn them off, set the environment variable `TF_ENABLE_ONEDNN_OPTS=0`.
2026-05-16 17:14:09.748853: E tensorflow/compiler/xla/stream_executor/cuda/cuda_dnn.cc:9342] Unable to register cuDNN factory: Attempting to register factory for plugin cuDNN when one has already been registered
2026-05-16 17:14:09.749014: E tensorflow/compiler/xla/stream_executor/cuda/cuda_fft.cc:609] Unable to register cuFFT factory: Attempting to register factory for plugin cuFFT when one has already been registered
2026-05-16 17:14:09.749088: E tensorflow/compiler/xla/stream_executor/cuda/cuda_blas.cc:1518] Unable to register cuBLAS factory: Attempting to register factory for plugin cuBLAS when one has already been registered
2026-05-16 17:14:09.760258: I tensorflow/core/platform/cpu_feature_guard.cc:182] This TensorFlow binary is optimized to use available CPU instructions in performance-critical operations.
To enable the following instructions: AVX2 AVX512F AVX512_VNNI FMA, in other operations, rebuild TensorFlow with the appropriate compiler flags.
AttributeError: 'MessageFactory' object has no attribute 'GetPrototype'
2026-05-16 17:14:11.015511: W tensorflow/compiler/tf2tensorrt/utils/py_utils.cc:38] TF-TRT Warning: Could not find TensorRT
AttributeError: 'MessageFactory' object has no attribute 'GetPrototype'
[info] total indices 441
[info] total variants 441
1.001 was filtered out as 41515262 A>G needs A but not covered
1.002 was filtered out as 41515262 A>G needs A but not covered
1.003 was filtered out as 41515262 A>G needs A but not covered
1.004 was filtered out as 41515262 A>G needs A but not covered
1.005 was filtered out as 41515262 A>G needs A but not covered
1.006 was filtered out as 41515262 A>G needs A but not covered
1.007 was filtered out as 41515262 A>G needs A but not covered
1.008 was filtered out as 41515262 A>G needs A but not covered
1.009 was filtered out as 41515262 A>G needs A but not covered
1.010 was filtered out as 41515262 A>G needs A but not covered
1.011 was filtered out as 41515262 A>G needs A but not covered
1.012 was filtered out as 41515262 A>G needs A but not covered
1.013 was filtered out as 41515262 A>G needs A but not covered
1.014 was filtered out as 41515262 A>G needs A but not covered
1.015 was filtered out as 41515262 A>G needs A but not covered
2.001 was filtered out as 41497273 C>T needs T but not covered
2.002 was filtered out as 41497273 C>T needs T but not covered
3.001 was filtered out as 41515254 C>A needs A but not covered
4.001 was filtered out as 41512840 G>T needs G but not covered
4.002 was filtered out as 41512840 G>T needs G but not covered
5.001 was filtered out as 41515262 A>G needs A but not covered
5.002 was filtered out as 41515262 A>G needs A but not covered
5.003 was filtered out as 41515262 A>G needs A but not covered
7.001 was filtered out as 41522714 C>T needs T but not covered
8.001 was filtered out as 41515262 A>G needs A but not covered
9.001 was filtered out as 41515262 A>G needs A but not covered
10.001 was filtered out as 41497273 C>T needs T but not covered
11.001 was filtered out as 41515262 A>G needs A but not covered
12.001 was filtered out as 41515262 A>G needs A but not covered
13.001 was filtered out as 41510281 A>G needs G but not covered
14.001 was filtered out as 41515262 A>G needs A but not covered
15.001 was filtered out as 41515262 A>G needs A but not covered
17.001 was filtered out as 41515262 A>G needs A but not covered
17.002 was filtered out as 41515262 A>G needs A but not covered
18.001 was filtered out as 41515262 A>G needs A but not covered
18.002 was filtered out as 41512840 G>T needs G but not covered
19.001 was filtered out as 41518243 C>T needs T but not covered
20.001 was filtered out as 41512827 C>T needs T but not covered
21.001 was filtered out as 41515262 A>G needs A but not covered
22.001 was filtered out as 41515262 A>G needs A but not covered
23.001 was filtered out as 41515262 A>G needs A but not covered
24.001 was filtered out as 41515262 A>G needs A but not covered
25.001 was filtered out as 41515262 A>G needs A but not covered
26.001 was filtered out as 41512823 C>G needs G but not covered
27.001 was filtered out as 41515262 A>G needs A but not covered
28.001 was filtered out as 41515262 A>G needs A but not covered
31.001 was filtered out as 41515262 A>G needs A but not covered
32.001 was filtered out as 41515262 A>G needs A but not covered
33.001 was filtered out as 41515262 A>G needs A but not covered
34.001 was filtered out as 41497128 T>C needs C but not covered
35.001 was filtered out as 41515262 A>G needs A but not covered
36.001 was filtered out as 41497128 T>C needs C but not covered
37.001 was filtered out as 41512872 T>G needs G but not covered
38.001 was filtered out as 41509919 T>A needs A but not covered
[filter] CYP2B6 6 => 6.001; 6.002; 6.003; 6.004
[filter] valid_alleles=4
Step 0: Loss=0.0354, CN=[1.9000832]
Step 100: Loss=0.0259, CN=[1.860862]
Step 200: Loss=0.0259, CN=[1.8604147]
Step 300: Loss=0.0259, CN=[1.8604143]
Step 400: Loss=0.0259, CN=[1.8604143]

=== Fit ===
Region 0: obs=1.870, exp=1.860, diff=+0.009 
Region 1: obs=1.686, exp=1.860, diff=-0.175 
Region 2: obs=1.531, exp=1.860, diff=-0.329 
Region 3: obs=1.906, exp=1.860, diff=+0.046 
Region 4: obs=1.465, exp=1.860, diff=-0.395 
Region 5: obs=1.677, exp=1.860, diff=-0.183 
Region 6: obs=2.384, exp=1.860, diff=+0.524 *
Region 7: obs=1.771, exp=1.860, diff=-0.089 
Region 8: obs=1.677, exp=1.860, diff=-0.184 
Region 9: obs=1.643, exp=1.860, diff=-0.217 
Region 10: obs=1.612, exp=1.860, diff=-0.249 
Region 11: obs=2.104, exp=1.860, diff=+0.244 
Region 12: obs=2.014, exp=1.860, diff=+0.154 
Region 13: obs=2.003, exp=1.860, diff=+0.142 
Region 14: obs=2.008, exp=1.860, diff=+0.148 
Region 15: obs=2.062, exp=1.860, diff=+0.201 
Region 16: obs=1.696, exp=1.860, diff=-0.164 
Region 17: obs=1.852, exp=1.860, diff=-0.008 
Region 18: obs=2.109, exp=1.860, diff=+0.249 
Region 19: obs=1.886, exp=1.860, diff=+0.026 
Region 20: obs=2.135, exp=1.860, diff=+0.275 

[Gene CN Results]
  CYP2B6: 1.86 → 1.860414743423462
Using device: cuda

=== Running VAE with seed 42 ===
Global Pooled JS: 0.018172
Seed 42, Step    0: Loss = 474.57 (Recon: 344.98, Allele KL: 1.37, Base KL: 70.07, Functional KL: 0.02
Global Pooled JS: 0.003746
Seed 42, Step  500: Loss = 91.16 (Recon: 29.55, Allele KL: 10.57, Base KL: 14751.25, Functional KL: 0.00
Global Pooled JS: 0.002717
Seed 42, Step 1000: Loss = 84.54 (Recon: 24.64, Allele KL: 15.65, Base KL: 14662.97, Functional KL: 0.00
Global Pooled JS: 0.002822
Seed 42, Step 1500: Loss = 83.70 (Recon: 25.75, Allele KL: 13.06, Base KL: 14578.72, Functional KL: 0.00
Global Pooled JS: 0.003610
Seed 42, Step 2000: Loss = 98.19 (Recon: 39.36, Allele KL: 8.66, Base KL: 14619.07, Functional KL: 0.00
Global Pooled JS: 0.003583
Seed 42, Step 2500: Loss = 92.07 (Recon: 33.13, Allele KL: 8.98, Base KL: 14647.03, Functional KL: 0.00

Top Variants with Coverage Mismatches:
Rank   Variant                        Expected     Observed     Diff       |Div|       
------------------------------------------------------------------------------------------
1      CYP2B6:41515262→G              38.16        39.00        -0.84      0.000475    
2      CYP2B6:41512840→T              38.15        33.00        5.15       0.000392    
3      CYP2B6:41512840→C              0.04         0.00         0.04       0.000176    
4      CYP2B6:41512840→M              0.04         0.00         0.04       0.000175    
5      CYP2B6:41512840→N              0.04         0.00         0.04       0.000173    
6      CYP2B6:41512840→P              0.04         0.00         0.04       0.000172    
7      CYP2B6:41512840→G              0.04         0.00         0.04       0.000171    
8      CYP2B6:41512840→A              0.04         0.00         0.04       0.000170    
9      CYP2B6:41515262→P              0.04         0.00         0.04       0.000164    
10     CYP2B6:41515262→T              0.04         0.00         0.04       0.000162    
11     CYP2B6:41515262→C              0.04         0.00         0.04       0.000161    
12     CYP2B6:41515262→N              0.04         0.00         0.04       0.000161    
13     CYP2B6:41515262→A              0.04         0.00         0.04       0.000158    
14     CYP2B6:41515262→M              0.03         0.00         0.03       0.000155    
New best model with final loss: 79.79

=== Running VAE with seed 123 ===
Global Pooled JS: 0.018377
Seed 123, Step    0: Loss = 466.67 (Recon: 334.25, Allele KL: 2.38, Base KL: 129.88, Functional KL: 0.02
Global Pooled JS: 0.002843
Seed 123, Step  500: Loss = 81.28 (Recon: 24.93, Allele KL: 11.26, Base KL: 14525.00, Functional KL: 0.00
Global Pooled JS: 0.002803
Seed 123, Step 1000: Loss = 83.13 (Recon: 25.61, Allele KL: 12.65, Base KL: 14605.22, Functional KL: 0.00
Global Pooled JS: 0.002907
Seed 123, Step 1500: Loss = 83.81 (Recon: 25.86, Allele KL: 12.41, Base KL: 14554.00, Functional KL: 0.00
Global Pooled JS: 0.003082
Seed 123, Step 2000: Loss = 86.88 (Recon: 29.87, Allele KL: 10.25, Base KL: 14673.36, Functional KL: 0.00
Global Pooled JS: 0.002844
Seed 123, Step 2500: Loss = 81.85 (Recon: 25.28, Allele KL: 11.49, Base KL: 14704.15, Functional KL: 0.00

Top Variants with Coverage Mismatches:
Rank   Variant                        Expected     Observed     Diff       |Div|       
------------------------------------------------------------------------------------------
1      CYP2B6:41515262→G              38.17        39.00        -0.83      0.000474    
2      CYP2B6:41512840→T              38.15        33.00        5.15       0.000393    
3      CYP2B6:41512840→A              0.04         0.00         0.04       0.000172    
4      CYP2B6:41512840→P              0.04         0.00         0.04       0.000170    
5      CYP2B6:41512840→G              0.04         0.00         0.04       0.000168    
6      CYP2B6:41512840→C              0.04         0.00         0.04       0.000167    
7      CYP2B6:41512840→N              0.04         0.00         0.04       0.000166    
8      CYP2B6:41512840→M              0.04         0.00         0.04       0.000165    
9      CYP2B6:41515262→N              0.04         0.00         0.04       0.000159    
10     CYP2B6:41515262→P              0.04         0.00         0.04       0.000158    
11     CYP2B6:41515262→M              0.03         0.00         0.03       0.000158    
12     CYP2B6:41515262→T              0.03         0.00         0.03       0.000157    
13     CYP2B6:41515262→C              0.03         0.00         0.03       0.000156    
14     CYP2B6:41515262→A              0.03         0.00         0.03       0.000156    

=== Running VAE with seed 456 ===
Global Pooled JS: 0.017831
Seed 456, Step    0: Loss = 613.54 (Recon: 485.56, Allele KL: 2.15, Base KL: 148.66, Functional KL: 0.02
Global Pooled JS: 0.002866
Seed 456, Step  500: Loss = 82.63 (Recon: 25.52, Allele KL: 11.90, Base KL: 14613.05, Functional KL: 0.00
Global Pooled JS: 0.002939
Seed 456, Step 1000: Loss = 82.05 (Recon: 26.13, Allele KL: 10.27, Base KL: 14581.34, Functional KL: 0.00
Global Pooled JS: 0.002859
Seed 456, Step 1500: Loss = 83.38 (Recon: 25.47, Allele KL: 12.71, Base KL: 14626.72, Functional KL: 0.00
Global Pooled JS: 0.002946
Seed 456, Step 2000: Loss = 82.76 (Recon: 26.25, Allele KL: 10.81, Base KL: 14577.27, Functional KL: 0.00
Global Pooled JS: 0.002878
Seed 456, Step 2500: Loss = 82.69 (Recon: 26.71, Allele KL: 10.61, Base KL: 14630.84, Functional KL: 0.00

Top Variants with Coverage Mismatches:
Rank   Variant                        Expected     Observed     Diff       |Div|       
------------------------------------------------------------------------------------------
1      CYP2B6:41515262→G              38.14        39.00        -0.86      0.000482    
2      CYP2B6:41512840→T              38.12        33.00        5.12       0.000386    
3      CYP2B6:41512840→M              0.04         0.00         0.04       0.000195    
4      CYP2B6:41512840→G              0.04         0.00         0.04       0.000193    
5      CYP2B6:41512840→A              0.04         0.00         0.04       0.000190    
6      CYP2B6:41512840→N              0.04         0.00         0.04       0.000189    
7      CYP2B6:41512840→C              0.04         0.00         0.04       0.000188    
8      CYP2B6:41512840→P              0.04         0.00         0.04       0.000187    
9      CYP2B6:41515262→T              0.04         0.00         0.04       0.000180    
10     CYP2B6:41515262→C              0.04         0.00         0.04       0.000178    
11     CYP2B6:41515262→N              0.04         0.00         0.04       0.000177    
12     CYP2B6:41515262→A              0.04         0.00         0.04       0.000177    
13     CYP2B6:41515262→M              0.04         0.00         0.04       0.000177    
14     CYP2B6:41515262→P              0.04         0.00         0.04       0.000177    
New best model with final loss: 77.44

=== Multi-Seed VAE Results ===
Best model had seed 456 with final loss: 77.44
All seeds final losses:
  Seed 42: Total=79.79 (Recon=24.64, A_KL=10.50, B_KL=14787.19)
  Seed 123: Total=85.02 (Recon=26.00, A_KL=13.83, B_KL=14744.44)
  Seed 456: Total=77.44 (Recon=24.53, A_KL=8.06, B_KL=14642.57) <- Best
[time] run_vae took 167.58s (2,568.20703125 MB; 2,568.20703125 MB)

[Raw]:
CYP2B6*6: Normalized=1.0000, Unnormalized=1.00

[Alleles]
CYP2B6*6
CYP2B6*6
	Command being timed: "python cyp.py CYP2B6 /project/shared/aldy-data/wgs/NA19176.wgs.cram"
	User time (seconds): 146.95
	System time (seconds): 29.29
	Percent of CPU this job got: 99%
	Elapsed (wall clock) time (h:mm:ss or m:ss): 2:56.67
	Average shared text size (kbytes): 0
	Average unshared data size (kbytes): 0
	Average stack size (kbytes): 0
	Average total size (kbytes): 0
	Maximum resident set size (kbytes): 2629868
	Average resident set size (kbytes): 0
	Major (requiring I/O) page faults: 0
	Minor (reclaiming a frame) page faults: 741241
	Voluntary context switches: 22878
	Involuntary context switches: 421
	Swaps: 0
	File system inputs: 0
	File system outputs: 56
	Socket messages sent: 0
	Socket messages received: 0
	Signals delivered: 0
	Page size (bytes): 4096
	Exit status: 0
