2026-05-16 17:14:16.327034: I tensorflow/core/util/port.cc:111] oneDNN custom operations are on. You may see slightly different numerical results due to floating-point round-off errors from different computation orders. To turn them off, set the environment variable `TF_ENABLE_ONEDNN_OPTS=0`.
2026-05-16 17:14:16.366986: E tensorflow/compiler/xla/stream_executor/cuda/cuda_dnn.cc:9342] Unable to register cuDNN factory: Attempting to register factory for plugin cuDNN when one has already been registered
2026-05-16 17:14:16.367169: E tensorflow/compiler/xla/stream_executor/cuda/cuda_fft.cc:609] Unable to register cuFFT factory: Attempting to register factory for plugin cuFFT when one has already been registered
2026-05-16 17:14:16.367317: E tensorflow/compiler/xla/stream_executor/cuda/cuda_blas.cc:1518] Unable to register cuBLAS factory: Attempting to register factory for plugin cuBLAS when one has already been registered
2026-05-16 17:14:16.377127: I tensorflow/core/platform/cpu_feature_guard.cc:182] This TensorFlow binary is optimized to use available CPU instructions in performance-critical operations.
To enable the following instructions: AVX2 AVX512F AVX512_VNNI FMA, in other operations, rebuild TensorFlow with the appropriate compiler flags.
AttributeError: 'MessageFactory' object has no attribute 'GetPrototype'
2026-05-16 17:14:17.650906: W tensorflow/compiler/tf2tensorrt/utils/py_utils.cc:38] TF-TRT Warning: Could not find TensorRT
AttributeError: 'MessageFactory' object has no attribute 'GetPrototype'
[info] total indices 441
[info] total variants 441
1.001 was filtered out as 41515262 A>G needs A but not covered
1.002 was filtered out as 41515262 A>G needs A but not covered
1.003 was filtered out as 41515262 A>G needs A but not covered
1.004 was filtered out as 41515262 A>G needs A but not covered
1.005 was filtered out as 41515262 A>G needs A but not covered
1.006 was filtered out as 41515262 A>G needs A but not covered
1.007 was filtered out as 41515262 A>G needs A but not covered
1.008 was filtered out as 41515262 A>G needs A but not covered
1.009 was filtered out as 41515262 A>G needs A but not covered
1.010 was filtered out as 41515262 A>G needs A but not covered
1.011 was filtered out as 41515262 A>G needs A but not covered
1.012 was filtered out as 41515262 A>G needs A but not covered
1.013 was filtered out as 41515262 A>G needs A but not covered
1.014 was filtered out as 41515262 A>G needs A but not covered
1.015 was filtered out as 41515262 A>G needs A but not covered
2.001 was filtered out as 41497273 C>T needs T but not covered
2.002 was filtered out as 41497273 C>T needs T but not covered
3.001 was filtered out as 41515254 C>A needs A but not covered
4.001 was filtered out as 41512840 G>T needs G but not covered
4.002 was filtered out as 41512840 G>T needs G but not covered
5.001 was filtered out as 41515262 A>G needs A but not covered
5.002 was filtered out as 41515262 A>G needs A but not covered
5.003 was filtered out as 41515262 A>G needs A but not covered
7.001 was filtered out as 41522714 C>T needs T but not covered
8.001 was filtered out as 41515262 A>G needs A but not covered
9.001 was filtered out as 41515262 A>G needs A but not covered
10.001 was filtered out as 41497273 C>T needs T but not covered
11.001 was filtered out as 41515262 A>G needs A but not covered
12.001 was filtered out as 41515262 A>G needs A but not covered
13.001 was filtered out as 41510281 A>G needs G but not covered
14.001 was filtered out as 41515262 A>G needs A but not covered
15.001 was filtered out as 41515262 A>G needs A but not covered
17.001 was filtered out as 41515262 A>G needs A but not covered
17.002 was filtered out as 41515262 A>G needs A but not covered
18.001 was filtered out as 41515262 A>G needs A but not covered
18.002 was filtered out as 41512840 G>T needs G but not covered
19.001 was filtered out as 41518243 C>T needs T but not covered
20.001 was filtered out as 41512827 C>T needs T but not covered
21.001 was filtered out as 41515262 A>G needs A but not covered
22.001 was filtered out as 41515262 A>G needs A but not covered
23.001 was filtered out as 41515262 A>G needs A but not covered
24.001 was filtered out as 41515262 A>G needs A but not covered
25.001 was filtered out as 41515262 A>G needs A but not covered
26.001 was filtered out as 41512823 C>G needs G but not covered
27.001 was filtered out as 41515262 A>G needs A but not covered
28.001 was filtered out as 41515262 A>G needs A but not covered
31.001 was filtered out as 41515262 A>G needs A but not covered
32.001 was filtered out as 41515262 A>G needs A but not covered
33.001 was filtered out as 41515262 A>G needs A but not covered
34.001 was filtered out as 41497128 T>C needs C but not covered
35.001 was filtered out as 41515262 A>G needs A but not covered
36.001 was filtered out as 41497128 T>C needs C but not covered
37.001 was filtered out as 41512872 T>G needs G but not covered
38.001 was filtered out as 41509919 T>A needs A but not covered
[filter] CYP2B6 6 => 6.001; 6.002; 6.003; 6.004
[filter] valid_alleles=4
Step 0: Loss=0.0603, CN=[2.0999167]
Step 100: Loss=0.0395, CN=[2.2129736]
Step 200: Loss=0.0395, CN=[2.2123008]
Step 300: Loss=0.0395, CN=[2.2123053]
Step 400: Loss=0.0395, CN=[2.212305]

=== Fit ===
Region 0: obs=2.262, exp=2.212, diff=+0.050 
Region 1: obs=1.533, exp=2.212, diff=-0.679 *
Region 2: obs=1.908, exp=2.212, diff=-0.305 
Region 3: obs=2.355, exp=2.212, diff=+0.142 
Region 4: obs=2.159, exp=2.212, diff=-0.053 
Region 5: obs=1.734, exp=2.212, diff=-0.478 
Region 6: obs=2.028, exp=2.212, diff=-0.184 
Region 7: obs=2.486, exp=2.212, diff=+0.274 
Region 8: obs=2.118, exp=2.212, diff=-0.094 
Region 9: obs=2.012, exp=2.212, diff=-0.200 
Region 10: obs=2.180, exp=2.212, diff=-0.032 
Region 11: obs=2.430, exp=2.212, diff=+0.218 
Region 12: obs=2.639, exp=2.212, diff=+0.427 
Region 13: obs=2.606, exp=2.212, diff=+0.394 
Region 14: obs=2.509, exp=2.212, diff=+0.296 
Region 15: obs=2.206, exp=2.212, diff=-0.006 
Region 16: obs=2.482, exp=2.212, diff=+0.270 
Region 17: obs=2.111, exp=2.212, diff=-0.101 
Region 18: obs=1.954, exp=2.212, diff=-0.258 
Region 19: obs=2.070, exp=2.212, diff=-0.142 
Region 20: obs=2.498, exp=2.212, diff=+0.285 

[Gene CN Results]
  CYP2B6: 2.21 → 2.2123053073883057
Using device: cuda

=== Running VAE with seed 42 ===
Global Pooled JS: 0.021168
Seed 42, Step    0: Loss = 445.93 (Recon: 298.44, Allele KL: 1.17, Base KL: 75.38, Functional KL: 0.02
Global Pooled JS: 0.006950
Seed 42, Step  500: Loss = 108.33 (Recon: 27.88, Allele KL: 10.17, Base KL: 14724.80, Functional KL: 0.01
Global Pooled JS: 0.005820
Seed 42, Step 1000: Loss = 100.31 (Recon: 22.05, Allele KL: 15.39, Base KL: 14674.26, Functional KL: 0.01
Global Pooled JS: 0.005916
Seed 42, Step 1500: Loss = 99.54 (Recon: 23.04, Allele KL: 13.01, Base KL: 14609.64, Functional KL: 0.01
Global Pooled JS: 0.006724
Seed 42, Step 2000: Loss = 113.84 (Recon: 36.35, Allele KL: 8.61, Base KL: 14641.59, Functional KL: 0.01
Global Pooled JS: 0.006685
Seed 42, Step 2500: Loss = 107.94 (Recon: 30.55, Allele KL: 8.80, Base KL: 14649.55, Functional KL: 0.01

Top Variants with Coverage Mismatches:
Rank   Variant                        Expected     Observed     Diff       |Div|       
------------------------------------------------------------------------------------------
1      CYP2B6:41512840→T              39.25        37.00        2.25       0.002027    
2      CYP2B6:41515262→G              39.29        53.00        -13.71     0.001932    
3      CYP2B6:41512840→C              0.04         0.00         0.04       0.000185    
4      CYP2B6:41512840→M              0.04         0.00         0.04       0.000185    
5      CYP2B6:41512840→N              0.04         0.00         0.04       0.000183    
6      CYP2B6:41512840→P              0.04         0.00         0.04       0.000181    
7      CYP2B6:41512840→G              0.04         0.00         0.04       0.000180    
8      CYP2B6:41512840→A              0.04         0.00         0.04       0.000179    
9      CYP2B6:41515262→P              0.04         0.00         0.04       0.000158    
10     CYP2B6:41515262→T              0.04         0.00         0.04       0.000157    
11     CYP2B6:41515262→N              0.04         0.00         0.04       0.000155    
12     CYP2B6:41515262→C              0.04         0.00         0.04       0.000155    
13     CYP2B6:41515262→A              0.03         0.00         0.03       0.000153    
14     CYP2B6:41515262→M              0.03         0.00         0.03       0.000150    
New best model with final loss: 95.59

=== Running VAE with seed 123 ===
Global Pooled JS: 0.021399
Seed 123, Step    0: Loss = 443.32 (Recon: 293.25, Allele KL: 1.88, Base KL: 129.37, Functional KL: 0.02
Global Pooled JS: 0.005959
Seed 123, Step  500: Loss = 97.19 (Recon: 22.27, Allele KL: 11.16, Base KL: 14508.89, Functional KL: 0.01
Global Pooled JS: 0.005927
Seed 123, Step 1000: Loss = 98.46 (Recon: 23.30, Allele KL: 11.51, Base KL: 14620.58, Functional KL: 0.01
Global Pooled JS: 0.006012
Seed 123, Step 1500: Loss = 99.82 (Recon: 23.12, Allele KL: 12.59, Base KL: 14497.15, Functional KL: 0.01
Global Pooled JS: 0.006220
Seed 123, Step 2000: Loss = 103.00 (Recon: 27.60, Allele KL: 9.77, Base KL: 14691.05, Functional KL: 0.01
Global Pooled JS: 0.005935
Seed 123, Step 2500: Loss = 98.34 (Recon: 22.47, Allele KL: 12.25, Base KL: 14705.24, Functional KL: 0.01

Top Variants with Coverage Mismatches:
Rank   Variant                        Expected     Observed     Diff       |Div|       
------------------------------------------------------------------------------------------
1      CYP2B6:41512840→T              39.26        37.00        2.26       0.002031    
2      CYP2B6:41515262→G              39.29        53.00        -13.71     0.001929    
3      CYP2B6:41512840→A              0.04         0.00         0.04       0.000182    
4      CYP2B6:41512840→P              0.04         0.00         0.04       0.000179    
5      CYP2B6:41512840→G              0.04         0.00         0.04       0.000177    
6      CYP2B6:41512840→C              0.04         0.00         0.04       0.000176    
7      CYP2B6:41512840→N              0.04         0.00         0.04       0.000175    
8      CYP2B6:41512840→M              0.04         0.00         0.04       0.000175    
9      CYP2B6:41515262→N              0.03         0.00         0.03       0.000153    
10     CYP2B6:41515262→P              0.03         0.00         0.03       0.000152    
11     CYP2B6:41515262→T              0.03         0.00         0.03       0.000151    
12     CYP2B6:41515262→M              0.03         0.00         0.03       0.000151    
13     CYP2B6:41515262→C              0.03         0.00         0.03       0.000150    
14     CYP2B6:41515262→A              0.03         0.00         0.03       0.000150    

=== Running VAE with seed 456 ===
Global Pooled JS: 0.020866
Seed 456, Step    0: Loss = 628.47 (Recon: 481.92, Allele KL: 2.55, Base KL: 151.42, Functional KL: 0.02
Global Pooled JS: 0.005981
Seed 456, Step  500: Loss = 98.30 (Recon: 23.15, Allele KL: 11.19, Base KL: 14641.99, Functional KL: 0.01
Global Pooled JS: 0.006060
Seed 456, Step 1000: Loss = 97.93 (Recon: 23.86, Allele KL: 9.69, Base KL: 14598.13, Functional KL: 0.01
Global Pooled JS: 0.006032
Seed 456, Step 1500: Loss = 98.29 (Recon: 23.77, Allele KL: 10.16, Base KL: 14662.28, Functional KL: 0.01
Global Pooled JS: 0.006084
Seed 456, Step 2000: Loss = 98.64 (Recon: 24.25, Allele KL: 9.81, Base KL: 14615.18, Functional KL: 0.01
Global Pooled JS: 0.005925
Seed 456, Step 2500: Loss = 98.43 (Recon: 23.52, Allele KL: 11.12, Base KL: 14839.00, Functional KL: 0.01

Top Variants with Coverage Mismatches:
Rank   Variant                        Expected     Observed     Diff       |Div|       
------------------------------------------------------------------------------------------
1      CYP2B6:41512840→T              39.23        37.00        2.23       0.002014    
2      CYP2B6:41515262→G              39.27        53.00        -13.73     0.001944    
3      CYP2B6:41512840→M              0.05         0.00         0.05       0.000204    
4      CYP2B6:41512840→G              0.05         0.00         0.05       0.000200    
5      CYP2B6:41512840→A              0.05         0.00         0.05       0.000198    
6      CYP2B6:41512840→N              0.04         0.00         0.04       0.000197    
7      CYP2B6:41512840→C              0.04         0.00         0.04       0.000197    
8      CYP2B6:41512840→P              0.04         0.00         0.04       0.000195    
9      CYP2B6:41515262→T              0.04         0.00         0.04       0.000173    
10     CYP2B6:41515262→C              0.04         0.00         0.04       0.000171    
11     CYP2B6:41515262→M              0.04         0.00         0.04       0.000170    
12     CYP2B6:41515262→N              0.04         0.00         0.04       0.000170    
13     CYP2B6:41515262→A              0.04         0.00         0.04       0.000170    
14     CYP2B6:41515262→P              0.04         0.00         0.04       0.000169    
New best model with final loss: 93.50

=== Multi-Seed VAE Results ===
Best model had seed 456 with final loss: 93.50
All seeds final losses:
  Seed 42: Total=95.59 (Recon=22.07, A_KL=10.25, B_KL=14758.86)
  Seed 123: Total=100.74 (Recon=23.52, A_KL=13.33, B_KL=14772.02)
  Seed 456: Total=93.50 (Recon=21.87, A_KL=8.20, B_KL=14664.50) <- Best
[time] run_vae took 168.18s (2,585.9296875 MB; 2,585.9296875 MB)

[Raw]:
CYP2B6*6: Normalized=1.0000, Unnormalized=1.00

[Alleles]
CYP2B6*6
CYP2B6*6
	Command being timed: "python cyp.py CYP2B6 /project/shared/aldy-data/wgs/NA19213.wgs.cram"
	User time (seconds): 149.50
	System time (seconds): 30.05
	Percent of CPU this job got: 99%
	Elapsed (wall clock) time (h:mm:ss or m:ss): 3:00.07
	Average shared text size (kbytes): 0
	Average unshared data size (kbytes): 0
	Average stack size (kbytes): 0
	Average total size (kbytes): 0
	Maximum resident set size (kbytes): 2648012
	Average resident set size (kbytes): 0
	Major (requiring I/O) page faults: 0
	Minor (reclaiming a frame) page faults: 834424
	Voluntary context switches: 22905
	Involuntary context switches: 225
	Swaps: 0
	File system inputs: 0
	File system outputs: 48
	Socket messages sent: 0
	Socket messages received: 0
	Signals delivered: 0
	Page size (bytes): 4096
	Exit status: 0
