2026-05-16 17:14:09.633554: I tensorflow/core/util/port.cc:111] oneDNN custom operations are on. You may see slightly different numerical results due to floating-point round-off errors from different computation orders. To turn them off, set the environment variable `TF_ENABLE_ONEDNN_OPTS=0`.
2026-05-16 17:14:09.674047: E tensorflow/compiler/xla/stream_executor/cuda/cuda_dnn.cc:9342] Unable to register cuDNN factory: Attempting to register factory for plugin cuDNN when one has already been registered
2026-05-16 17:14:09.674216: E tensorflow/compiler/xla/stream_executor/cuda/cuda_fft.cc:609] Unable to register cuFFT factory: Attempting to register factory for plugin cuFFT when one has already been registered
2026-05-16 17:14:09.674357: E tensorflow/compiler/xla/stream_executor/cuda/cuda_blas.cc:1518] Unable to register cuBLAS factory: Attempting to register factory for plugin cuBLAS when one has already been registered
2026-05-16 17:14:09.683492: I tensorflow/core/platform/cpu_feature_guard.cc:182] This TensorFlow binary is optimized to use available CPU instructions in performance-critical operations.
To enable the following instructions: AVX2 AVX512F AVX512_VNNI FMA, in other operations, rebuild TensorFlow with the appropriate compiler flags.
AttributeError: 'MessageFactory' object has no attribute 'GetPrototype'
2026-05-16 17:14:10.976690: W tensorflow/compiler/tf2tensorrt/utils/py_utils.cc:38] TF-TRT Warning: Could not find TensorRT
AttributeError: 'MessageFactory' object has no attribute 'GetPrototype'
[info] total indices 441
[info] total variants 441
2.001 was filtered out as 41497273 C>T needs T but not covered
2.002 was filtered out as 41497273 C>T needs T but not covered
3.001 was filtered out as 41515254 C>A needs A but not covered
5.001 was filtered out as 41522714 C>T needs T but not covered
5.002 was filtered out as 41522714 C>T needs T but not covered
5.003 was filtered out as 41522714 C>T needs T but not covered
7.001 was filtered out as 41522714 C>T needs T but not covered
8.001 was filtered out as 41510281 A>G needs G but not covered
10.001 was filtered out as 41497273 C>T needs T but not covered
11.001 was filtered out as 41497345 A>G needs G but not covered
12.001 was filtered out as 41510029 G>A needs A but not covered
13.001 was filtered out as 41510281 A>G needs G but not covered
14.001 was filtered out as 41510285 G>A needs A but not covered
15.001 was filtered out as 41518597 T>A needs A but not covered
17.001 was filtered out as 41497285 A>T needs T but not covered
17.002 was filtered out as 41497285 A>T needs T but not covered
19.001 was filtered out as 41518243 C>T needs T but not covered
20.001 was filtered out as 41512827 C>T needs T but not covered
21.001 was filtered out as 41518707 C>A needs A but not covered
22.001 was filtered out as 41497128 T>C needs C but not covered
23.001 was filtered out as 41522630 A>G needs G but not covered
24.001 was filtered out as 41522682 G>A needs A but not covered
25.001 was filtered out as 41522709 A>T needs T but not covered
26.001 was filtered out as 41512823 C>G needs G but not covered
27.001 was filtered out as 41512917 T>C needs C but not covered
28.001 was filtered out as 41515992 C>G needs G but not covered
31.001 was filtered out as 41516012 C>A needs A but not covered
32.001 was filtered out as 41518644 G>A needs A but not covered
33.001 was filtered out as 41522714 C>A needs A but not covered
34.001 was filtered out as 41497128 T>C needs C but not covered
35.001 was filtered out as 41497128 T>C needs C but not covered
36.001 was filtered out as 41497128 T>C needs C but not covered
37.001 was filtered out as 41512872 T>G needs G but not covered
38.001 was filtered out as 41509919 T>A needs A but not covered
[filter] CYP2B6 1 => 1.001; 1.002; 1.003; 1.004; 1.005; 1.006; 1.007; 1.008; 1.009; 1.010; 1.011; 1.012; 1.013; 1.014; 1.015
[filter] CYP2B6 4 => 4.001; 4.002
[filter] CYP2B6 6 => 6.001; 6.002; 6.003; 6.004
[filter] CYP2B6 9 => 9.001
[filter] CYP2B6 18 => 18.001
[filter] CYP2B6 16 => 18.002
[filter] valid_alleles=24
Step 0: Loss=0.0389, CN=[1.9000832]
Step 100: Loss=0.0124, CN=[1.7690954]
Step 200: Loss=0.0124, CN=[1.7681282]
Step 300: Loss=0.0124, CN=[1.7681227]
Step 400: Loss=0.0124, CN=[1.7681229]

=== Fit ===
Region 0: obs=1.795, exp=1.768, diff=+0.027 
Region 1: obs=1.995, exp=1.768, diff=+0.227 
Region 2: obs=1.790, exp=1.768, diff=+0.022 
Region 3: obs=1.755, exp=1.768, diff=-0.013 
Region 4: obs=1.633, exp=1.768, diff=-0.135 
Region 5: obs=1.428, exp=1.768, diff=-0.340 
Region 6: obs=1.409, exp=1.768, diff=-0.359 
Region 7: obs=1.660, exp=1.768, diff=-0.108 
Region 8: obs=1.804, exp=1.768, diff=+0.036 
Region 9: obs=1.860, exp=1.768, diff=+0.091 
Region 10: obs=1.831, exp=1.768, diff=+0.063 
Region 11: obs=1.954, exp=1.768, diff=+0.186 
Region 12: obs=1.933, exp=1.768, diff=+0.165 
Region 13: obs=1.752, exp=1.768, diff=-0.016 
Region 14: obs=2.001, exp=1.768, diff=+0.233 
Region 15: obs=1.774, exp=1.768, diff=+0.006 
Region 16: obs=1.703, exp=1.768, diff=-0.065 
Region 17: obs=1.942, exp=1.768, diff=+0.174 
Region 18: obs=1.621, exp=1.768, diff=-0.147 
Region 19: obs=1.700, exp=1.768, diff=-0.068 
Region 20: obs=1.790, exp=1.768, diff=+0.022 

[Gene CN Results]
  CYP2B6: 1.77 → 1.768122911453247
Using device: cuda

=== Running VAE with seed 42 ===
Global Pooled JS: 0.126718
Seed 42, Step    0: Loss = 1340.41 (Recon: 534.17, Allele KL: 16.65, Base KL: 3879.68, Functional KL: 0.13
Global Pooled JS: 0.007491
Seed 42, Step  500: Loss = 252.60 (Recon: 144.46, Allele KL: 29.11, Base KL: 10343.19, Functional KL: 0.01
Global Pooled JS: 0.006428
Seed 42, Step 1000: Loss = 236.53 (Recon: 135.75, Allele KL: 28.14, Base KL: 10733.73, Functional KL: 0.01
Global Pooled JS: 0.009253
Seed 42, Step 1500: Loss = 260.28 (Recon: 140.76, Allele KL: 29.96, Base KL: 10591.99, Functional KL: 0.01
Global Pooled JS: 0.007407
Seed 42, Step 2000: Loss = 245.44 (Recon: 135.96, Allele KL: 31.04, Base KL: 10739.67, Functional KL: 0.01
Global Pooled JS: 0.007144
Seed 42, Step 2500: Loss = 240.25 (Recon: 130.67, Allele KL: 33.01, Base KL: 10694.24, Functional KL: 0.01

Top Variants with Coverage Mismatches:
Rank   Variant                        Expected     Observed     Diff       |Div|       
------------------------------------------------------------------------------------------
1      CYP2B6:41515262→G              20.71        14.00        6.71       0.003399    
2      CYP2B6:41518220→C              20.16        27.00        -6.84      0.001059    
3      CYP2B6:41518220→T              22.78        28.00        -5.22      0.000427    
4      CYP2B6:41512840→G              22.05        21.00        1.05       0.000290    
5      CYP2B6:41512840→T              20.86        25.00        -4.14      0.000256    
6      CYP2B6:41515262→M              0.06         0.00         0.06       0.000160    
7      CYP2B6:41515262→T              0.06         0.00         0.06       0.000160    
8      CYP2B6:41515262→C              0.06         0.00         0.06       0.000160    
9      CYP2B6:41515262→N              0.06         0.00         0.06       0.000159    
10     CYP2B6:41515262→P              0.06         0.00         0.06       0.000156    
11     CYP2B6:41512840→C              0.05         0.00         0.05       0.000123    
12     CYP2B6:41512840→P              0.05         0.00         0.05       0.000122    
13     CYP2B6:41512840→N              0.05         0.00         0.05       0.000121    
14     CYP2B6:41512840→A              0.05         0.00         0.05       0.000121    
15     CYP2B6:41512840→M              0.04         0.00         0.04       0.000119    
16     CYP2B6:41518220→N              0.04         0.00         0.04       0.000107    
17     CYP2B6:41518220→A              0.04         0.00         0.04       0.000104    
18     CYP2B6:41518220→G              0.04         0.00         0.04       0.000104    
19     CYP2B6:41518220→P              0.04         0.00         0.04       0.000103    
20     CYP2B6:41518220→M              0.04         0.00         0.04       0.000102    
21     CYP2B6:41515262→A              22.13        24.00        -1.87      0.000002    
New best model with final loss: 248.16

=== Running VAE with seed 123 ===
Global Pooled JS: 0.109315
Seed 123, Step    0: Loss = 1188.51 (Recon: 464.48, Allele KL: 39.60, Base KL: 2844.81, Functional KL: 0.11
Global Pooled JS: 0.006983
Seed 123, Step  500: Loss = 245.13 (Recon: 128.31, Allele KL: 41.47, Base KL: 10596.20, Functional KL: 0.01
Global Pooled JS: 0.007069
Seed 123, Step 1000: Loss = 238.77 (Recon: 132.42, Allele KL: 30.26, Base KL: 10535.95, Functional KL: 0.01
Global Pooled JS: 0.007659
Seed 123, Step 1500: Loss = 249.09 (Recon: 135.66, Allele KL: 33.66, Base KL: 10490.09, Functional KL: 0.01
Global Pooled JS: 0.007179
Seed 123, Step 2000: Loss = 240.15 (Recon: 131.47, Allele KL: 31.85, Base KL: 10633.23, Functional KL: 0.01
Global Pooled JS: 0.007767
Seed 123, Step 2500: Loss = 246.74 (Recon: 136.63, Allele KL: 29.40, Base KL: 10731.58, Functional KL: 0.01

Top Variants with Coverage Mismatches:
Rank   Variant                        Expected     Observed     Diff       |Div|       
------------------------------------------------------------------------------------------
1      CYP2B6:41515262→G              20.05        14.00        6.05       0.002896    
2      CYP2B6:41518220→C              20.13        27.00        -6.87      0.001073    
3      CYP2B6:41512840→G              22.78        21.00        1.78       0.000476    
4      CYP2B6:41512840→T              20.14        25.00        -4.86      0.000438    
5      CYP2B6:41518220→T              22.81        28.00        -5.19      0.000419    
6      CYP2B6:41515262→P              0.06         0.00         0.06       0.000154    
7      CYP2B6:41515262→N              0.06         0.00         0.06       0.000153    
8      CYP2B6:41515262→M              0.06         0.00         0.06       0.000152    
9      CYP2B6:41515262→C              0.06         0.00         0.06       0.000152    
10     CYP2B6:41515262→T              0.06         0.00         0.06       0.000151    
11     CYP2B6:41512840→A              0.04         0.00         0.04       0.000119    
12     CYP2B6:41512840→N              0.04         0.00         0.04       0.000118    
13     CYP2B6:41512840→M              0.04         0.00         0.04       0.000118    
14     CYP2B6:41512840→C              0.04         0.00         0.04       0.000116    
15     CYP2B6:41512840→P              0.04         0.00         0.04       0.000116    
16     CYP2B6:41518220→M              0.04         0.00         0.04       0.000106    
17     CYP2B6:41518220→G              0.04         0.00         0.04       0.000105    
18     CYP2B6:41518220→N              0.04         0.00         0.04       0.000103    
19     CYP2B6:41518220→P              0.04         0.00         0.04       0.000103    
20     CYP2B6:41518220→A              0.04         0.00         0.04       0.000103    
21     CYP2B6:41515262→A              22.80        24.00        -1.20      0.000009    
New best model with final loss: 241.30

=== Running VAE with seed 456 ===
Global Pooled JS: 0.075307
Seed 456, Step    0: Loss = 1075.70 (Recon: 566.90, Allele KL: 26.95, Base KL: 4239.97, Functional KL: 0.08
Global Pooled JS: 0.009454
Seed 456, Step  500: Loss = 262.23 (Recon: 141.16, Allele KL: 30.12, Base KL: 10795.07, Functional KL: 0.01
Global Pooled JS: 0.010148
Seed 456, Step 1000: Loss = 267.41 (Recon: 148.54, Allele KL: 23.52, Base KL: 10656.88, Functional KL: 0.01
Global Pooled JS: 0.007091
Seed 456, Step 1500: Loss = 241.81 (Recon: 130.95, Allele KL: 34.63, Base KL: 10588.72, Functional KL: 0.01
Global Pooled JS: 0.006679
Seed 456, Step 2000: Loss = 240.95 (Recon: 129.90, Allele KL: 37.57, Base KL: 10362.17, Functional KL: 0.01
Global Pooled JS: 0.010029
Seed 456, Step 2500: Loss = 262.54 (Recon: 138.74, Allele KL: 29.84, Base KL: 10695.68, Functional KL: 0.01

Top Variants with Coverage Mismatches:
Rank   Variant                        Expected     Observed     Diff       |Div|       
------------------------------------------------------------------------------------------
1      CYP2B6:41515262→G              20.09        14.00        6.09       0.002925    
2      CYP2B6:41518220→C              21.03        27.00        -5.97      0.000706    
3      CYP2B6:41518220→T              21.90        28.00        -6.10      0.000699    
4      CYP2B6:41512840→G              22.68        21.00        1.68       0.000449    
5      CYP2B6:41512840→T              20.24        25.00        -4.76      0.000409    
6      CYP2B6:41515262→C              0.06         0.00         0.06       0.000151    
7      CYP2B6:41515262→T              0.06         0.00         0.06       0.000151    
8      CYP2B6:41515262→N              0.06         0.00         0.06       0.000150    
9      CYP2B6:41515262→M              0.06         0.00         0.06       0.000148    
10     CYP2B6:41515262→P              0.05         0.00         0.05       0.000146    
11     CYP2B6:41512840→P              0.04         0.00         0.04       0.000116    
12     CYP2B6:41512840→M              0.04         0.00         0.04       0.000115    
13     CYP2B6:41512840→C              0.04         0.00         0.04       0.000113    
14     CYP2B6:41512840→A              0.04         0.00         0.04       0.000113    
15     CYP2B6:41512840→N              0.04         0.00         0.04       0.000111    
16     CYP2B6:41518220→P              0.04         0.00         0.04       0.000107    
17     CYP2B6:41518220→M              0.04         0.00         0.04       0.000107    
18     CYP2B6:41518220→G              0.04         0.00         0.04       0.000107    
19     CYP2B6:41518220→A              0.04         0.00         0.04       0.000107    
20     CYP2B6:41518220→N              0.04         0.00         0.04       0.000106    
21     CYP2B6:41515262→A              22.77        24.00        -1.23      0.000008    

=== Multi-Seed VAE Results ===
Best model had seed 123 with final loss: 241.30
All seeds final losses:
  Seed 42: Total=248.16 (Recon=134.84, A_KL=32.40, B_KL=10385.94)
  Seed 123: Total=241.30 (Recon=133.05, A_KL=29.19, B_KL=10674.62) <- Best
  Seed 456: Total=254.12 (Recon=133.28, A_KL=33.83, B_KL=10550.86)
[time] run_vae took 168.16s (2,581.01171875 MB; 2,581.01171875 MB)

[Raw]:
CYP2B6*18: Normalized=0.4722, Unnormalized=0.47
CYP2B6*6: Normalized=0.4644, Unnormalized=0.46

[Alleles]
CYP2B6*18
CYP2B6*6
	Command being timed: "python cyp.py CYP2B6 /project/shared/aldy-data/wgs/NA19174.wgs.cram"
	User time (seconds): 148.12
	System time (seconds): 29.16
	Percent of CPU this job got: 99%
	Elapsed (wall clock) time (h:mm:ss or m:ss): 2:57.67
	Average shared text size (kbytes): 0
	Average unshared data size (kbytes): 0
	Average stack size (kbytes): 0
	Average total size (kbytes): 0
	Maximum resident set size (kbytes): 2642996
	Average resident set size (kbytes): 0
	Major (requiring I/O) page faults: 0
	Minor (reclaiming a frame) page faults: 764216
	Voluntary context switches: 23004
	Involuntary context switches: 161
	Swaps: 0
	File system inputs: 0
	File system outputs: 56
	Socket messages sent: 0
	Socket messages received: 0
	Signals delivered: 0
	Page size (bytes): 4096
	Exit status: 0
