2026-05-16 17:16:27.367464: I tensorflow/core/util/port.cc:111] oneDNN custom operations are on. You may see slightly different numerical results due to floating-point round-off errors from different computation orders. To turn them off, set the environment variable `TF_ENABLE_ONEDNN_OPTS=0`.
2026-05-16 17:16:27.406396: E tensorflow/compiler/xla/stream_executor/cuda/cuda_dnn.cc:9342] Unable to register cuDNN factory: Attempting to register factory for plugin cuDNN when one has already been registered
2026-05-16 17:16:27.406580: E tensorflow/compiler/xla/stream_executor/cuda/cuda_fft.cc:609] Unable to register cuFFT factory: Attempting to register factory for plugin cuFFT when one has already been registered
2026-05-16 17:16:27.406722: E tensorflow/compiler/xla/stream_executor/cuda/cuda_blas.cc:1518] Unable to register cuBLAS factory: Attempting to register factory for plugin cuBLAS when one has already been registered
2026-05-16 17:16:27.415335: I tensorflow/core/platform/cpu_feature_guard.cc:182] This TensorFlow binary is optimized to use available CPU instructions in performance-critical operations.
To enable the following instructions: AVX2 AVX512F AVX512_VNNI FMA, in other operations, rebuild TensorFlow with the appropriate compiler flags.
AttributeError: 'MessageFactory' object has no attribute 'GetPrototype'
2026-05-16 17:16:28.486304: W tensorflow/compiler/tf2tensorrt/utils/py_utils.cc:38] TF-TRT Warning: Could not find TensorRT
AttributeError: 'MessageFactory' object has no attribute 'GetPrototype'
[info] total indices 441
[info] total variants 441
2.001 was filtered out as 41497273 C>T needs T but not covered
2.002 was filtered out as 41497273 C>T needs T but not covered
3.001 was filtered out as 41515254 C>A needs A but not covered
5.001 was filtered out as 41522714 C>T needs T but not covered
5.002 was filtered out as 41522714 C>T needs T but not covered
5.003 was filtered out as 41522714 C>T needs T but not covered
7.001 was filtered out as 41522714 C>T needs T but not covered
8.001 was filtered out as 41510281 A>G needs G but not covered
10.001 was filtered out as 41497273 C>T needs T but not covered
11.001 was filtered out as 41497345 A>G needs G but not covered
12.001 was filtered out as 41510029 G>A needs A but not covered
13.001 was filtered out as 41510281 A>G needs G but not covered
14.001 was filtered out as 41510285 G>A needs A but not covered
15.001 was filtered out as 41518597 T>A needs A but not covered
17.001 was filtered out as 41497285 A>T needs T but not covered
17.002 was filtered out as 41497285 A>T needs T but not covered
19.001 was filtered out as 41518243 C>T needs T but not covered
21.001 was filtered out as 41518707 C>A needs A but not covered
22.001 was filtered out as 41497128 T>C needs C but not covered
23.001 was filtered out as 41522630 A>G needs G but not covered
24.001 was filtered out as 41522682 G>A needs A but not covered
25.001 was filtered out as 41522709 A>T needs T but not covered
26.001 was filtered out as 41512823 C>G needs G but not covered
27.001 was filtered out as 41512917 T>C needs C but not covered
28.001 was filtered out as 41515992 C>G needs G but not covered
31.001 was filtered out as 41516012 C>A needs A but not covered
32.001 was filtered out as 41518644 G>A needs A but not covered
33.001 was filtered out as 41522714 C>A needs A but not covered
34.001 was filtered out as 41497128 T>C needs C but not covered
35.001 was filtered out as 41497128 T>C needs C but not covered
36.001 was filtered out as 41497128 T>C needs C but not covered
37.001 was filtered out as 41512872 T>G needs G but not covered
38.001 was filtered out as 41509919 T>A needs A but not covered
[filter] CYP2B6 1 => 1.001; 1.002; 1.003; 1.004; 1.005; 1.006; 1.007; 1.008; 1.009; 1.010; 1.011; 1.012; 1.013; 1.014; 1.015
[filter] CYP2B6 4 => 4.001; 4.002
[filter] CYP2B6 6 => 6.001; 6.002; 6.003; 6.004
[filter] CYP2B6 9 => 9.001
[filter] CYP2B6 18 => 18.001
[filter] CYP2B6 16 => 18.002
[filter] CYP2B6 20 => 20.001
[filter] valid_alleles=25
Step 0: Loss=0.0733, CN=[2.0999167]
Step 100: Loss=0.0388, CN=[2.2839208]
Step 200: Loss=0.0388, CN=[2.2833407]
Step 300: Loss=0.0388, CN=[2.2833347]
Step 400: Loss=0.0388, CN=[2.2833345]

=== Fit ===
Region 0: obs=2.288, exp=2.283, diff=+0.004 
Region 1: obs=2.855, exp=2.283, diff=+0.571 *
Region 2: obs=2.533, exp=2.283, diff=+0.250 
Region 3: obs=2.327, exp=2.283, diff=+0.044 
Region 4: obs=2.717, exp=2.283, diff=+0.434 
Region 5: obs=2.182, exp=2.283, diff=-0.102 
Region 6: obs=2.440, exp=2.283, diff=+0.157 
Region 7: obs=2.365, exp=2.283, diff=+0.082 
Region 8: obs=2.756, exp=2.283, diff=+0.473 
Region 9: obs=2.179, exp=2.283, diff=-0.104 
Region 10: obs=2.074, exp=2.283, diff=-0.209 
Region 11: obs=2.059, exp=2.283, diff=-0.225 
Region 12: obs=2.118, exp=2.283, diff=-0.165 
Region 13: obs=2.418, exp=2.283, diff=+0.134 
Region 14: obs=1.839, exp=2.283, diff=-0.445 
Region 15: obs=2.153, exp=2.283, diff=-0.130 
Region 16: obs=1.699, exp=2.283, diff=-0.584 *
Region 17: obs=2.218, exp=2.283, diff=-0.065 
Region 18: obs=2.125, exp=2.283, diff=-0.159 
Region 19: obs=2.123, exp=2.283, diff=-0.161 
Region 20: obs=2.470, exp=2.283, diff=+0.187 

[Gene CN Results]
  CYP2B6: 2.28 → 2.283334493637085
Using device: cuda

=== Running VAE with seed 42 ===
Global Pooled JS: 0.145198
Seed 42, Step    0: Loss = 1387.96 (Recon: 465.90, Allele KL: 20.96, Base KL: 4704.83, Functional KL: 0.15
Global Pooled JS: 0.015182
Seed 42, Step  500: Loss = 484.85 (Recon: 261.66, Allele KL: 59.55, Base KL: 49622.46, Functional KL: 0.02
Global Pooled JS: 0.014380
Seed 42, Step 1000: Loss = 474.07 (Recon: 269.67, Allele KL: 45.61, Base KL: 49469.18, Functional KL: 0.01
Global Pooled JS: 0.018264
Seed 42, Step 1500: Loss = 493.78 (Recon: 267.72, Allele KL: 42.83, Base KL: 50553.64, Functional KL: 0.02
Global Pooled JS: 0.016099
Seed 42, Step 2000: Loss = 480.20 (Recon: 269.25, Allele KL: 41.08, Base KL: 50116.67, Functional KL: 0.02
Global Pooled JS: 0.015103
Seed 42, Step 2500: Loss = 479.26 (Recon: 269.02, Allele KL: 47.27, Base KL: 49333.99, Functional KL: 0.02

Top Variants with Coverage Mismatches:
Rank   Variant                        Expected     Observed     Diff       |Div|       
------------------------------------------------------------------------------------------
1      CYP2B6:41518220→T              22.72        10.00        12.72      0.007000    
2      CYP2B6:41512840→T              20.82        29.00        -8.18      0.002266    
3      CYP2B6:41512827→T              10.19        15.00        -4.81      0.001524    
4      CYP2B6:41512840→G              22.12        16.00        6.12       0.001240    
5      CYP2B6:41518220→C              20.31        24.00        -3.69      0.000586    
6      CYP2B6:41515262→N              0.08         0.00         0.08       0.000152    
7      CYP2B6:41515262→P              0.07         0.00         0.07       0.000150    
8      CYP2B6:41515262→T              0.07         0.00         0.07       0.000150    
9      CYP2B6:41515262→C              0.07         0.00         0.07       0.000148    
10     CYP2B6:41515262→M              0.07         0.00         0.07       0.000147    
11     CYP2B6:41512840→C              0.07         0.00         0.07       0.000132    
12     CYP2B6:41512840→M              0.07         0.00         0.07       0.000131    
13     CYP2B6:41512840→P              0.06         0.00         0.06       0.000130    
14     CYP2B6:41512840→N              0.06         0.00         0.06       0.000130    
15     CYP2B6:41512840→A              0.06         0.00         0.06       0.000127    
16     CYP2B6:41518220→P              0.05         0.00         0.05       0.000095    
17     CYP2B6:41518220→A              0.05         0.00         0.05       0.000093    
18     CYP2B6:41518220→N              0.05         0.00         0.05       0.000093    
19     CYP2B6:41518220→G              0.05         0.00         0.05       0.000092    
20     CYP2B6:41518220→M              0.05         0.00         0.05       0.000091    
21     CYP2B6:41512827→C              32.92        34.00        -1.08      0.000076    
22     CYP2B6:41515262→A              21.97        20.00        1.97       0.000075    
23     CYP2B6:41512827→N              0.03         0.00         0.03       0.000063    
24     CYP2B6:41512827→A              0.03         0.00         0.03       0.000062    
25     CYP2B6:41512827→P              0.03         0.00         0.03       0.000061    
26     CYP2B6:41512827→G              0.03         0.00         0.03       0.000060    
27     CYP2B6:41512827→M              0.03         0.00         0.03       0.000059    
28     CYP2B6:41515262→G              20.92        21.00        -0.08      0.000012    
New best model with final loss: 479.80

=== Running VAE with seed 123 ===
Global Pooled JS: 0.090519
Seed 123, Step    0: Loss = 1232.20 (Recon: 639.62, Allele KL: 22.33, Base KL: 2752.36, Functional KL: 0.09
Global Pooled JS: 0.014917
Seed 123, Step  500: Loss = 461.54 (Recon: 247.35, Allele KL: 51.48, Base KL: 50310.75, Functional KL: 0.01
Global Pooled JS: 0.016200
Seed 123, Step 1000: Loss = 467.16 (Recon: 252.06, Allele KL: 45.15, Base KL: 49661.63, Functional KL: 0.02
Global Pooled JS: 0.018473
Seed 123, Step 1500: Loss = 474.14 (Recon: 251.84, Allele KL: 38.26, Base KL: 49734.11, Functional KL: 0.02
Global Pooled JS: 0.016152
Seed 123, Step 2000: Loss = 460.73 (Recon: 242.01, Allele KL: 48.08, Base KL: 50804.01, Functional KL: 0.02
Global Pooled JS: 0.014582
Seed 123, Step 2500: Loss = 461.81 (Recon: 253.05, Allele KL: 48.47, Base KL: 49790.70, Functional KL: 0.01

Top Variants with Coverage Mismatches:
Rank   Variant                        Expected     Observed     Diff       |Div|       
------------------------------------------------------------------------------------------
1      CYP2B6:41518220→T              23.94        10.00        13.94      0.008162    
2      CYP2B6:41512827→T              9.90         15.00        -5.10      0.001715    
3      CYP2B6:41512840→T              21.96        29.00        -7.04      0.001680    
4      CYP2B6:41518220→C              19.11        24.00        -4.89      0.000991    
5      CYP2B6:41512840→G              20.96        16.00        4.96       0.000812    
6      CYP2B6:41515262→P              0.08         0.00         0.08       0.000162    
7      CYP2B6:41515262→C              0.08         0.00         0.08       0.000161    
8      CYP2B6:41515262→N              0.08         0.00         0.08       0.000160    
9      CYP2B6:41515262→T              0.08         0.00         0.08       0.000159    
10     CYP2B6:41515262→M              0.08         0.00         0.08       0.000158    
11     CYP2B6:41512840→A              0.07         0.00         0.07       0.000139    
12     CYP2B6:41512840→N              0.07         0.00         0.07       0.000139    
13     CYP2B6:41512840→C              0.07         0.00         0.07       0.000138    
14     CYP2B6:41512840→M              0.07         0.00         0.07       0.000136    
15     CYP2B6:41512840→P              0.07         0.00         0.07       0.000135    
16     CYP2B6:41518220→G              0.04         0.00         0.04       0.000088    
17     CYP2B6:41518220→A              0.04         0.00         0.04       0.000085    
18     CYP2B6:41518220→N              0.04         0.00         0.04       0.000084    
19     CYP2B6:41518220→P              0.04         0.00         0.04       0.000084    
20     CYP2B6:41518220→M              0.04         0.00         0.04       0.000084    
21     CYP2B6:41512827→A              0.03         0.00         0.03       0.000059    
22     CYP2B6:41512827→G              0.03         0.00         0.03       0.000058    
23     CYP2B6:41512827→M              0.03         0.00         0.03       0.000058    
24     CYP2B6:41512827→P              0.03         0.00         0.03       0.000057    
25     CYP2B6:41512827→N              0.03         0.00         0.03       0.000056    
26     CYP2B6:41512827→C              33.21        34.00        -0.79      0.000054    
27     CYP2B6:41515262→G              22.08        21.00        1.08       0.000011    
28     CYP2B6:41515262→A              20.78        20.00        0.78       0.000003    
New best model with final loss: 461.80

=== Running VAE with seed 456 ===
Global Pooled JS: 0.154955
Seed 456, Step    0: Loss = 1811.93 (Recon: 823.02, Allele KL: 28.37, Base KL: 6152.22, Functional KL: 0.15
Global Pooled JS: 0.017030
Seed 456, Step  500: Loss = 474.39 (Recon: 253.51, Allele KL: 46.25, Base KL: 49355.34, Functional KL: 0.02
Global Pooled JS: 0.018053
Seed 456, Step 1000: Loss = 467.86 (Recon: 247.93, Allele KL: 38.29, Base KL: 49931.59, Functional KL: 0.02
Global Pooled JS: 0.016058
Seed 456, Step 1500: Loss = 465.10 (Recon: 248.94, Allele KL: 47.07, Base KL: 49615.03, Functional KL: 0.02
Global Pooled JS: 0.015262
Seed 456, Step 2000: Loss = 458.42 (Recon: 244.20, Allele KL: 49.94, Base KL: 49721.04, Functional KL: 0.02
Global Pooled JS: 0.014363
Seed 456, Step 2500: Loss = 462.12 (Recon: 252.28, Allele KL: 51.07, Base KL: 49751.46, Functional KL: 0.01

Top Variants with Coverage Mismatches:
Rank   Variant                        Expected     Observed     Diff       |Div|       
------------------------------------------------------------------------------------------
1      CYP2B6:41518220→T              22.55        10.00        12.55      0.006844    
2      CYP2B6:41512840→T              21.24        29.00        -7.76      0.002036    
3      CYP2B6:41512827→T              9.75         15.00        -5.25      0.001827    
4      CYP2B6:41512840→G              21.70        16.00        5.70       0.001076    
5      CYP2B6:41518220→C              20.50        24.00        -3.50      0.000534    
6      CYP2B6:41515262→N              0.08         0.00         0.08       0.000152    
7      CYP2B6:41515262→T              0.07         0.00         0.07       0.000149    
8      CYP2B6:41515262→C              0.07         0.00         0.07       0.000148    
9      CYP2B6:41515262→M              0.07         0.00         0.07       0.000147    
10     CYP2B6:41515262→P              0.07         0.00         0.07       0.000147    
11     CYP2B6:41512840→M              0.06         0.00         0.06       0.000129    
12     CYP2B6:41512840→P              0.06         0.00         0.06       0.000128    
13     CYP2B6:41512840→N              0.06         0.00         0.06       0.000128    
14     CYP2B6:41512840→A              0.06         0.00         0.06       0.000128    
15     CYP2B6:41512840→C              0.06         0.00         0.06       0.000127    
16     CYP2B6:41518220→P              0.04         0.00         0.04       0.000089    
17     CYP2B6:41518220→N              0.04         0.00         0.04       0.000087    
18     CYP2B6:41518220→G              0.04         0.00         0.04       0.000085    
19     CYP2B6:41518220→A              0.04         0.00         0.04       0.000085    
20     CYP2B6:41518220→M              0.04         0.00         0.04       0.000085    
21     CYP2B6:41512827→N              0.03         0.00         0.03       0.000061    
22     CYP2B6:41512827→G              0.03         0.00         0.03       0.000060    
23     CYP2B6:41512827→M              0.03         0.00         0.03       0.000060    
24     CYP2B6:41512827→A              0.03         0.00         0.03       0.000060    
25     CYP2B6:41512827→P              0.03         0.00         0.03       0.000059    
26     CYP2B6:41512827→C              33.36        34.00        -0.64      0.000045    
27     CYP2B6:41515262→A              21.61        20.00        1.61       0.000044    
28     CYP2B6:41515262→G              21.28        21.00        0.28       0.000002    

=== Multi-Seed VAE Results ===
Best model had seed 123 with final loss: 461.80
All seeds final losses:
  Seed 42: Total=479.80 (Recon=270.99, A_KL=42.14, B_KL=50452.55)
  Seed 123: Total=461.80 (Recon=246.49, A_KL=37.83, B_KL=50092.54) <- Best
  Seed 456: Total=465.64 (Recon=243.81, A_KL=46.68, B_KL=50330.84)
[time] run_vae took 166.43s (2,575.234375 MB; 2,575.234375 MB)

[Raw]:
CYP2B6*18: Normalized=0.4477, Unnormalized=0.45
CYP2B6*6: Normalized=0.2811, Unnormalized=0.28
CYP2B6*20: Normalized=0.2330, Unnormalized=0.23

[Alleles]
CYP2B6*18
CYP2B6*6
	Command being timed: "python cyp.py CYP2B6 /project/shared/aldy-data/wgs/NA19226.wgs.cram"
	User time (seconds): 148.17
	System time (seconds): 28.36
	Percent of CPU this job got: 99%
	Elapsed (wall clock) time (h:mm:ss or m:ss): 2:57.09
	Average shared text size (kbytes): 0
	Average unshared data size (kbytes): 0
	Average stack size (kbytes): 0
	Average total size (kbytes): 0
	Maximum resident set size (kbytes): 2637084
	Average resident set size (kbytes): 0
	Major (requiring I/O) page faults: 0
	Minor (reclaiming a frame) page faults: 754832
	Voluntary context switches: 24947
	Involuntary context switches: 4112
	Swaps: 0
	File system inputs: 0
	File system outputs: 56
	Socket messages sent: 0
	Socket messages received: 0
	Signals delivered: 0
	Page size (bytes): 4096
	Exit status: 0
