2026-05-16 17:17:07.300238: I tensorflow/core/util/port.cc:111] oneDNN custom operations are on. You may see slightly different numerical results due to floating-point round-off errors from different computation orders. To turn them off, set the environment variable `TF_ENABLE_ONEDNN_OPTS=0`.
2026-05-16 17:17:07.337961: E tensorflow/compiler/xla/stream_executor/cuda/cuda_dnn.cc:9342] Unable to register cuDNN factory: Attempting to register factory for plugin cuDNN when one has already been registered
2026-05-16 17:17:07.338122: E tensorflow/compiler/xla/stream_executor/cuda/cuda_fft.cc:609] Unable to register cuFFT factory: Attempting to register factory for plugin cuFFT when one has already been registered
2026-05-16 17:17:07.338263: E tensorflow/compiler/xla/stream_executor/cuda/cuda_blas.cc:1518] Unable to register cuBLAS factory: Attempting to register factory for plugin cuBLAS when one has already been registered
2026-05-16 17:17:07.347000: I tensorflow/core/platform/cpu_feature_guard.cc:182] This TensorFlow binary is optimized to use available CPU instructions in performance-critical operations.
To enable the following instructions: AVX2 AVX512F AVX512_VNNI FMA, in other operations, rebuild TensorFlow with the appropriate compiler flags.
AttributeError: 'MessageFactory' object has no attribute 'GetPrototype'
2026-05-16 17:17:08.508805: W tensorflow/compiler/tf2tensorrt/utils/py_utils.cc:38] TF-TRT Warning: Could not find TensorRT
AttributeError: 'MessageFactory' object has no attribute 'GetPrototype'
[info] total indices 441
[info] total variants 441
2.001 was filtered out as 41497273 C>T needs T but not covered
2.002 was filtered out as 41497273 C>T needs T but not covered
3.001 was filtered out as 41515254 C>A needs A but not covered
4.001 was filtered out as 41515262 A>G needs G but not covered
4.002 was filtered out as 41515262 A>G needs G but not covered
5.001 was filtered out as 41522714 C>T needs T but not covered
5.002 was filtered out as 41522714 C>T needs T but not covered
5.003 was filtered out as 41522714 C>T needs T but not covered
6.001 was filtered out as 41515262 A>G needs G but not covered
6.002 was filtered out as 41515262 A>G needs G but not covered
6.003 was filtered out as 41515262 A>G needs G but not covered
6.004 was filtered out as 41515262 A>G needs G but not covered
7.001 was filtered out as 41515262 A>G needs G but not covered
8.001 was filtered out as 41510281 A>G needs G but not covered
9.001 was filtered out as 41512840 G>T needs T but not covered
10.001 was filtered out as 41497273 C>T needs T but not covered
11.001 was filtered out as 41497345 A>G needs G but not covered
12.001 was filtered out as 41510029 G>A needs A but not covered
13.001 was filtered out as 41515262 A>G needs G but not covered
14.001 was filtered out as 41510285 G>A needs A but not covered
15.001 was filtered out as 41518597 T>A needs A but not covered
17.001 was filtered out as 41497285 A>T needs T but not covered
17.002 was filtered out as 41497285 A>T needs T but not covered
18.001 was filtered out as 41518220 T>C needs C but not covered
18.002 was filtered out as 41515262 A>G needs G but not covered
19.001 was filtered out as 41515262 A>G needs G but not covered
20.001 was filtered out as 41515262 A>G needs G but not covered
21.001 was filtered out as 41518707 C>A needs A but not covered
22.001 was filtered out as 41497128 T>C needs C but not covered
23.001 was filtered out as 41522630 A>G needs G but not covered
24.001 was filtered out as 41522682 G>A needs A but not covered
25.001 was filtered out as 41522709 A>T needs T but not covered
26.001 was filtered out as 41515262 A>G needs G but not covered
27.001 was filtered out as 41512917 T>C needs C but not covered
28.001 was filtered out as 41515992 C>G needs G but not covered
31.001 was filtered out as 41516012 C>A needs A but not covered
32.001 was filtered out as 41518644 G>A needs A but not covered
33.001 was filtered out as 41522714 C>A needs A but not covered
34.001 was filtered out as 41515262 A>G needs G but not covered
35.001 was filtered out as 41497128 T>C needs C but not covered
36.001 was filtered out as 41515262 A>G needs G but not covered
37.001 was filtered out as 41515262 A>G needs G but not covered
38.001 was filtered out as 41515262 A>G needs G but not covered
[filter] CYP2B6 1 => 1.001; 1.002; 1.003; 1.004; 1.005; 1.006; 1.007; 1.008; 1.009; 1.010; 1.011; 1.012; 1.013; 1.014; 1.015
[filter] valid_alleles=15
Step 0: Loss=0.1983, CN=[2.0999167]
Step 100: Loss=0.0387, CN=[2.6295974]
Step 200: Loss=0.0387, CN=[2.6320298]
Step 300: Loss=0.0387, CN=[2.6320367]
Step 400: Loss=0.0387, CN=[2.6320367]

=== Fit ===
Region 0: obs=2.668, exp=2.632, diff=+0.036 
Region 1: obs=2.300, exp=2.632, diff=-0.332 
Region 2: obs=2.039, exp=2.632, diff=-0.593 *
Region 3: obs=2.570, exp=2.632, diff=-0.062 
Region 4: obs=2.972, exp=2.632, diff=+0.340 
Region 5: obs=2.957, exp=2.632, diff=+0.325 
Region 6: obs=3.119, exp=2.632, diff=+0.487 
Region 7: obs=2.476, exp=2.632, diff=-0.156 
Region 8: obs=2.726, exp=2.632, diff=+0.094 
Region 9: obs=2.950, exp=2.632, diff=+0.318 
Region 10: obs=2.398, exp=2.632, diff=-0.234 
Region 11: obs=2.642, exp=2.632, diff=+0.010 
Region 12: obs=2.929, exp=2.632, diff=+0.297 
Region 13: obs=2.780, exp=2.632, diff=+0.148 
Region 14: obs=2.208, exp=2.632, diff=-0.424 
Region 15: obs=2.397, exp=2.632, diff=-0.235 
Region 16: obs=2.297, exp=2.632, diff=-0.335 
Region 17: obs=2.674, exp=2.632, diff=+0.042 
Region 18: obs=2.869, exp=2.632, diff=+0.237 
Region 19: obs=2.636, exp=2.632, diff=+0.004 
Region 20: obs=2.573, exp=2.632, diff=-0.059 

[Gene CN Results]
  CYP2B6: 2.63 → 2.6320364475250244
Using device: cuda

=== Running VAE with seed 42 ===
Global Pooled JS: 0.000000
Seed 42, Step    0: Loss = 746.58 (Recon: 699.30, Allele KL: 18.28, Base KL: 1367.24, Functional KL: 0.00
Global Pooled JS: 0.000000
Seed 42, Step  500: Loss = 203.68 (Recon: 159.40, Allele KL: 17.01, Base KL: 2998.98, Functional KL: 0.00
Global Pooled JS: 0.000000
Seed 42, Step 1000: Loss = 193.16 (Recon: 144.10, Allele KL: 21.52, Base KL: 2968.37, Functional KL: 0.00
Global Pooled JS: 0.000000
Seed 42, Step 1500: Loss = 191.30 (Recon: 149.79, Allele KL: 12.87, Base KL: 3097.19, Functional KL: 0.00
Global Pooled JS: 0.000000
Seed 42, Step 2000: Loss = 183.53 (Recon: 142.85, Allele KL: 12.36, Base KL: 2985.10, Functional KL: 0.00
Global Pooled JS: 0.000000
Seed 42, Step 2500: Loss = 176.28 (Recon: 136.14, Allele KL: 12.35, Base KL: 3001.05, Functional KL: 0.00

Top Variants with Coverage Mismatches:
Rank   Variant                        Expected     Observed     Diff       |Div|       
------------------------------------------------------------------------------------------
New best model with final loss: 180.84

=== Running VAE with seed 123 ===
Global Pooled JS: 0.000000
Seed 123, Step    0: Loss = 720.90 (Recon: 678.59, Allele KL: 12.23, Base KL: 1803.57, Functional KL: 0.00
Global Pooled JS: 0.000000
Seed 123, Step  500: Loss = 188.27 (Recon: 146.33, Allele KL: 14.34, Base KL: 2999.12, Functional KL: 0.00
Global Pooled JS: 0.000000
Seed 123, Step 1000: Loss = 181.03 (Recon: 140.56, Allele KL: 12.37, Base KL: 3036.82, Functional KL: 0.00
Global Pooled JS: 0.000000
Seed 123, Step 1500: Loss = 181.66 (Recon: 137.36, Allele KL: 16.60, Base KL: 2902.13, Functional KL: 0.00
Global Pooled JS: 0.000000
Seed 123, Step 2000: Loss = 187.12 (Recon: 144.72, Allele KL: 14.08, Base KL: 2886.62, Functional KL: 0.00
Global Pooled JS: 0.000000
Seed 123, Step 2500: Loss = 183.11 (Recon: 139.20, Allele KL: 15.68, Base KL: 3036.56, Functional KL: 0.00

Top Variants with Coverage Mismatches:
Rank   Variant                        Expected     Observed     Diff       |Div|       
------------------------------------------------------------------------------------------

=== Running VAE with seed 456 ===
Global Pooled JS: 0.000000
Seed 456, Step    0: Loss = 508.35 (Recon: 463.82, Allele KL: 14.68, Base KL: 1626.90, Functional KL: 0.00
Global Pooled JS: 0.000000
Seed 456, Step  500: Loss = 183.81 (Recon: 136.31, Allele KL: 19.62, Base KL: 2956.75, Functional KL: 0.00
Global Pooled JS: 0.000000
Seed 456, Step 1000: Loss = 175.45 (Recon: 134.21, Allele KL: 13.32, Base KL: 2971.58, Functional KL: 0.00
Global Pooled JS: 0.000000
Seed 456, Step 1500: Loss = 178.50 (Recon: 137.45, Allele KL: 13.35, Base KL: 2994.14, Functional KL: 0.00
Global Pooled JS: 0.000000
Seed 456, Step 2000: Loss = 175.49 (Recon: 136.29, Allele KL: 11.01, Base KL: 3027.71, Functional KL: 0.00
Global Pooled JS: 0.000000
Seed 456, Step 2500: Loss = 188.16 (Recon: 148.71, Allele KL: 11.95, Base KL: 2971.53, Functional KL: 0.00

Top Variants with Coverage Mismatches:
Rank   Variant                        Expected     Observed     Diff       |Div|       
------------------------------------------------------------------------------------------

=== Multi-Seed VAE Results ===
Best model had seed 42 with final loss: 180.84
All seeds final losses:
  Seed 42: Total=180.84 (Recon=137.20, A_KL=15.48, B_KL=2998.18) <- Best
  Seed 123: Total=185.42 (Recon=142.45, A_KL=14.64, B_KL=3023.88)
  Seed 456: Total=185.26 (Recon=145.09, A_KL=11.80, B_KL=2988.53)
[time] run_vae took 168.90s (2,593.546875 MB; 2,593.546875 MB)

[Raw]:
CYP2B6*1: Normalized=1.0000, Unnormalized=1.00

[Alleles]
CYP2B6*1
CYP2B6*1
	Command being timed: "python cyp.py CYP2B6 /project/shared/aldy-data/wgs/NA19789.wgs.cram"
	User time (seconds): 148.27
	System time (seconds): 30.01
	Percent of CPU this job got: 99%
	Elapsed (wall clock) time (h:mm:ss or m:ss): 2:58.81
	Average shared text size (kbytes): 0
	Average unshared data size (kbytes): 0
	Average stack size (kbytes): 0
	Average total size (kbytes): 0
	Maximum resident set size (kbytes): 2655816
	Average resident set size (kbytes): 0
	Major (requiring I/O) page faults: 0
	Minor (reclaiming a frame) page faults: 818002
	Voluntary context switches: 22908
	Involuntary context switches: 210
	Swaps: 0
	File system inputs: 0
	File system outputs: 48
	Socket messages sent: 0
	Socket messages received: 0
	Signals delivered: 0
	Page size (bytes): 4096
	Exit status: 0
