read binning...
start read binning...
WARNING: hg38 not provided, cannot type CYP genes
/project/home/pouria/opt/src/SpecImmune/runs/ont_chr22/20230807_PAQ20071_barcode20/20230807_PAQ20071_barcode20/20230807_PAQ20071_barcode20.db.bam is detected, skip the alignment.
reads-binning done.
Finished.
alignment done.
alignment done.
alignment done.
alignment done.
alignment done.
alignment done.
alignment done.
alignment done.
alignment done.
alignment done.
alignment done.
alignment done.
alignment done.
alignment done.
WARNING: hg38 not provided, cannot type CYP genes
start type CYP2D6 for 20230807_PAQ20071_barcode20...

finish matrix construction
CYP2D6 read num: 0 mapped allele num: 0
support read number is too low or the mapped allele num is too low for CYP2D6, skip typing
start type CYP2A13 for 20230807_PAQ20071_barcode20...

finish matrix construction
CYP2A13 read num: 0 mapped allele num: 0
support read number is too low or the mapped allele num is too low for CYP2A13, skip typing
start type CYP2C8 for 20230807_PAQ20071_barcode20...

finish matrix construction
CYP2C8 read num: 0 mapped allele num: 0
support read number is too low or the mapped allele num is too low for CYP2C8, skip typing
start type CYP2C19 for 20230807_PAQ20071_barcode20...

finish matrix construction
CYP2C19 read num: 0 mapped allele num: 0
support read number is too low or the mapped allele num is too low for CYP2C19, skip typing
start type CYP2B6 for 20230807_PAQ20071_barcode20...

finish matrix construction
CYP2B6 read num: 0 mapped allele num: 0
support read number is too low or the mapped allele num is too low for CYP2B6, skip typing
start type CYP1A2 for 20230807_PAQ20071_barcode20...

finish matrix construction
CYP1A2 read num: 0 mapped allele num: 0
support read number is too low or the mapped allele num is too low for CYP1A2, skip typing
start type NUDT15 for 20230807_PAQ20071_barcode20...

finish matrix construction
NUDT15 read num: 0 mapped allele num: 0
support read number is too low or the mapped allele num is too low for NUDT15, skip typing
start type CYP3A4 for 20230807_PAQ20071_barcode20...

finish matrix construction
CYP3A4 read num: 0 mapped allele num: 0
support read number is too low or the mapped allele num is too low for CYP3A4, skip typing
start type CYP2A6 for 20230807_PAQ20071_barcode20...

finish matrix construction
CYP2A6 read num: 0 mapped allele num: 0
support read number is too low or the mapped allele num is too low for CYP2A6, skip typing
start type CYP2C9 for 20230807_PAQ20071_barcode20...

finish matrix construction
CYP2C9 read num: 0 mapped allele num: 0
support read number is too low or the mapped allele num is too low for CYP2C9, skip typing
start type SLCO1B1 for 20230807_PAQ20071_barcode20...

finish matrix construction
SLCO1B1 read num: 0 mapped allele num: 0
support read number is too low or the mapped allele num is too low for SLCO1B1, skip typing
start type NAT2 for 20230807_PAQ20071_barcode20...

finish matrix construction
NAT2 read num: 0 mapped allele num: 0
support read number is too low or the mapped allele num is too low for NAT2, skip typing
start type CYP4F2 for 20230807_PAQ20071_barcode20...

finish matrix construction
CYP4F2 read num: 0 mapped allele num: 0
support read number is too low or the mapped allele num is too low for CYP4F2, skip typing
start type CYP3A5 for 20230807_PAQ20071_barcode20...

finish matrix construction
CYP3A5 read num: 0 mapped allele num: 0
support read number is too low or the mapped allele num is too low for CYP3A5, skip typing
CYP2D6 hete - **** - 


CYP2A13 hete - **** - 


CYP2C8 hete - **** - 


CYP2C19 hete - **** - 


CYP2B6 hete - **** - 


CYP1A2 hete - **** - 


NUDT15 hete - **** - 


CYP3A4 hete - **** - 


CYP2A6 hete - **** - 


CYP2C9 hete - **** - 


SLCO1B1 hete - **** - 


NAT2 hete - **** - 


CYP4F2 hete - **** - 


CYP3A5 hete - **** - 


result is /project/home/pouria/opt/src/SpecImmune/runs/ont_chr22/20230807_PAQ20071_barcode20/20230807_PAQ20071_barcode20/20230807_PAQ20071_barcode20.CYP.type.result.txt
{'r': '/project/home/pouria/opt/src/SpecImmune/runs/ont_chr22/20230807_PAQ20071_barcode20/20230807_PAQ20071_barcode20.fastq.gz', 'n': '20230807_PAQ20071_barcode20', 'o': '/project/home/pouria/opt/src/SpecImmune/runs/ont_chr22/20230807_PAQ20071_barcode20', 'i': 'CYP', 'j': 12, 'k': 5, 'y': 'nanopore', 'db': '/project/home/pouria/opt/src/SpecImmune/scripts/../db/', 'hg38': '/project/shared/inumanag-aldy-ont/GRCh38_no_alts.fa', 'first_run': True, 'min_identity': 0.85, 'hete_p': 0.3, 'candidate_allele_num': 200, 'min_read_num': 2, 'max_read_num': 500, 'RNA_type': 'traditional', 'seq_tech': 'wgs', 'align_method_1': 'bwa', 'align_method_2': 'minimap2', 'iteration': 1, 'dv_sif': None, 'snv_tool': 'longshot', 'drug_recommendation': False, 'visualization': True, 'version': False}
iteration 1
WARNING: hg38 not provided, cannot type CYP genes
start variant pipeline ...
Processing homo CYP2D6
/project/home/pouria/opt/src/SpecImmune/runs/ont_chr22/20230807_PAQ20071_barcode20/20230807_PAQ20071_barcode20/Genes_step2//CYP2D6.bam does not exist
Processing homo CYP2A13
/project/home/pouria/opt/src/SpecImmune/runs/ont_chr22/20230807_PAQ20071_barcode20/20230807_PAQ20071_barcode20/Genes_step2//CYP2A13.bam does not exist
Processing homo CYP2C8
/project/home/pouria/opt/src/SpecImmune/runs/ont_chr22/20230807_PAQ20071_barcode20/20230807_PAQ20071_barcode20/Genes_step2//CYP2C8.bam does not exist
Processing homo CYP2C19
/project/home/pouria/opt/src/SpecImmune/runs/ont_chr22/20230807_PAQ20071_barcode20/20230807_PAQ20071_barcode20/Genes_step2//CYP2C19.bam does not exist
Processing homo CYP2B6
/project/home/pouria/opt/src/SpecImmune/runs/ont_chr22/20230807_PAQ20071_barcode20/20230807_PAQ20071_barcode20/Genes_step2//CYP2B6.bam does not exist
Processing homo CYP1A2
/project/home/pouria/opt/src/SpecImmune/runs/ont_chr22/20230807_PAQ20071_barcode20/20230807_PAQ20071_barcode20/Genes_step2//CYP1A2.bam does not exist
Processing homo NUDT15
/project/home/pouria/opt/src/SpecImmune/runs/ont_chr22/20230807_PAQ20071_barcode20/20230807_PAQ20071_barcode20/Genes_step2//NUDT15.bam does not exist
Processing homo CYP3A4
/project/home/pouria/opt/src/SpecImmune/runs/ont_chr22/20230807_PAQ20071_barcode20/20230807_PAQ20071_barcode20/Genes_step2//CYP3A4.bam does not exist
Processing homo CYP2A6
/project/home/pouria/opt/src/SpecImmune/runs/ont_chr22/20230807_PAQ20071_barcode20/20230807_PAQ20071_barcode20/Genes_step2//CYP2A6.bam does not exist
Processing homo CYP2C9
/project/home/pouria/opt/src/SpecImmune/runs/ont_chr22/20230807_PAQ20071_barcode20/20230807_PAQ20071_barcode20/Genes_step2//CYP2C9.bam does not exist
Processing homo SLCO1B1
/project/home/pouria/opt/src/SpecImmune/runs/ont_chr22/20230807_PAQ20071_barcode20/20230807_PAQ20071_barcode20/Genes_step2//SLCO1B1.bam does not exist
Processing homo NAT2
/project/home/pouria/opt/src/SpecImmune/runs/ont_chr22/20230807_PAQ20071_barcode20/20230807_PAQ20071_barcode20/Genes_step2//NAT2.bam does not exist
Processing homo CYP4F2
/project/home/pouria/opt/src/SpecImmune/runs/ont_chr22/20230807_PAQ20071_barcode20/20230807_PAQ20071_barcode20/Genes_step2//CYP4F2.bam does not exist
Processing homo CYP3A5
/project/home/pouria/opt/src/SpecImmune/runs/ont_chr22/20230807_PAQ20071_barcode20/20230807_PAQ20071_barcode20/Genes_step2//CYP3A5.bam does not exist
parameter:	sample:20230807_PAQ20071_barcode20	dir:/project/home/pouria/opt/src/SpecImmune/runs/ont_chr22/20230807_PAQ20071_barcode20/20230807_PAQ20071_barcode20/Sequences/	pop:Unknown	wxs:tgs	G_nom:0
/project/home/pouria/opt/src/SpecImmune/runs/ont_chr22/20230807_PAQ20071_barcode20/20230807_PAQ20071_barcode20/Sequences//CYP.allele.1.CYP2A13.fasta
/project/home/pouria/opt/src/SpecImmune/runs/ont_chr22/20230807_PAQ20071_barcode20/20230807_PAQ20071_barcode20/Sequences//CYP.allele.2.CYP2A13.fasta
/project/home/pouria/opt/src/SpecImmune/runs/ont_chr22/20230807_PAQ20071_barcode20/20230807_PAQ20071_barcode20/Sequences//CYP.allele.1.CYP2A6.fasta
/project/home/pouria/opt/src/SpecImmune/runs/ont_chr22/20230807_PAQ20071_barcode20/20230807_PAQ20071_barcode20/Sequences//CYP.allele.2.CYP2A6.fasta
/project/home/pouria/opt/src/SpecImmune/runs/ont_chr22/20230807_PAQ20071_barcode20/20230807_PAQ20071_barcode20/Sequences//CYP.allele.1.CYP2B6.fasta
/project/home/pouria/opt/src/SpecImmune/runs/ont_chr22/20230807_PAQ20071_barcode20/20230807_PAQ20071_barcode20/Sequences//CYP.allele.2.CYP2B6.fasta
/project/home/pouria/opt/src/SpecImmune/runs/ont_chr22/20230807_PAQ20071_barcode20/20230807_PAQ20071_barcode20/Sequences//CYP.allele.1.CYP2C19.fasta
/project/home/pouria/opt/src/SpecImmune/runs/ont_chr22/20230807_PAQ20071_barcode20/20230807_PAQ20071_barcode20/Sequences//CYP.allele.2.CYP2C19.fasta
/project/home/pouria/opt/src/SpecImmune/runs/ont_chr22/20230807_PAQ20071_barcode20/20230807_PAQ20071_barcode20/Sequences//CYP.allele.1.CYP2C8.fasta
/project/home/pouria/opt/src/SpecImmune/runs/ont_chr22/20230807_PAQ20071_barcode20/20230807_PAQ20071_barcode20/Sequences//CYP.allele.2.CYP2C8.fasta
/project/home/pouria/opt/src/SpecImmune/runs/ont_chr22/20230807_PAQ20071_barcode20/20230807_PAQ20071_barcode20/Sequences//CYP.allele.1.CYP2C9.fasta
/project/home/pouria/opt/src/SpecImmune/runs/ont_chr22/20230807_PAQ20071_barcode20/20230807_PAQ20071_barcode20/Sequences//CYP.allele.2.CYP2C9.fasta
/project/home/pouria/opt/src/SpecImmune/runs/ont_chr22/20230807_PAQ20071_barcode20/20230807_PAQ20071_barcode20/Sequences//CYP.allele.1.CYP2D6.fasta
/project/home/pouria/opt/src/SpecImmune/runs/ont_chr22/20230807_PAQ20071_barcode20/20230807_PAQ20071_barcode20/Sequences//CYP.allele.2.CYP2D6.fasta
/project/home/pouria/opt/src/SpecImmune/runs/ont_chr22/20230807_PAQ20071_barcode20/20230807_PAQ20071_barcode20/Sequences//CYP.allele.1.CYP3A4.fasta
/project/home/pouria/opt/src/SpecImmune/runs/ont_chr22/20230807_PAQ20071_barcode20/20230807_PAQ20071_barcode20/Sequences//CYP.allele.2.CYP3A4.fasta
/project/home/pouria/opt/src/SpecImmune/runs/ont_chr22/20230807_PAQ20071_barcode20/20230807_PAQ20071_barcode20/Sequences//CYP.allele.1.CYP3A5.fasta
/project/home/pouria/opt/src/SpecImmune/runs/ont_chr22/20230807_PAQ20071_barcode20/20230807_PAQ20071_barcode20/Sequences//CYP.allele.2.CYP3A5.fasta
/project/home/pouria/opt/src/SpecImmune/runs/ont_chr22/20230807_PAQ20071_barcode20/20230807_PAQ20071_barcode20/Sequences//CYP.allele.1.CYP4F2.fasta
/project/home/pouria/opt/src/SpecImmune/runs/ont_chr22/20230807_PAQ20071_barcode20/20230807_PAQ20071_barcode20/Sequences//CYP.allele.2.CYP4F2.fasta
/project/home/pouria/opt/src/SpecImmune/runs/ont_chr22/20230807_PAQ20071_barcode20/20230807_PAQ20071_barcode20/Sequences//CYP.allele.1.NAT2.fasta
/project/home/pouria/opt/src/SpecImmune/runs/ont_chr22/20230807_PAQ20071_barcode20/20230807_PAQ20071_barcode20/Sequences//CYP.allele.2.NAT2.fasta
/project/home/pouria/opt/src/SpecImmune/runs/ont_chr22/20230807_PAQ20071_barcode20/20230807_PAQ20071_barcode20/Sequences//CYP.allele.1.NUDT15.fasta
/project/home/pouria/opt/src/SpecImmune/runs/ont_chr22/20230807_PAQ20071_barcode20/20230807_PAQ20071_barcode20/Sequences//CYP.allele.2.NUDT15.fasta
/project/home/pouria/opt/src/SpecImmune/runs/ont_chr22/20230807_PAQ20071_barcode20/20230807_PAQ20071_barcode20/Sequences//CYP.allele.1.SLCO1B1.fasta
/project/home/pouria/opt/src/SpecImmune/runs/ont_chr22/20230807_PAQ20071_barcode20/20230807_PAQ20071_barcode20/Sequences//CYP.allele.2.SLCO1B1.fasta
WARNING: hg38 not provided, cannot type CYP genes
optimize typing results by balancing alignment length and identity 
The refined typing results is in /project/home/pouria/opt/src/SpecImmune/runs/ont_chr22/20230807_PAQ20071_barcode20/20230807_PAQ20071_barcode20/20230807_PAQ20071_barcode20.CYP.final.type.result.formatted.txt
Sequence is reconstructed, start annotation...
Finished.

            python3 /project/home/pouria/opt/src/SpecImmune/scripts/remap.py 20230807_PAQ20071_barcode20 CYP /project/home/pouria/opt/src/SpecImmune/runs/ont_chr22/20230807_PAQ20071_barcode20 nanopore wgs traditional 12 /project/home/pouria/opt/src/SpecImmune/scripts/../db//CYP/CYP.full.fasta
            
CYP2D6	1	-	0	False	NA	-
alleles_str ['-']
result : CYP2D6 -
CYP2D6	2	-	0	False	NA	-
alleles_str ['-']
result : CYP2D6 -
CYP2A13	1	-	0	False	NA	-
alleles_str ['-']
result : CYP2A13 -
CYP2A13	2	-	0	False	NA	-
alleles_str ['-']
result : CYP2A13 -
CYP2C8	1	-	0	False	NA	-
alleles_str ['-']
result : CYP2C8 -
CYP2C8	2	-	0	False	NA	-
alleles_str ['-']
result : CYP2C8 -
CYP2C19	1	-	0	False	NA	-
alleles_str ['-']
result : CYP2C19 -
CYP2C19	2	-	0	False	NA	-
alleles_str ['-']
result : CYP2C19 -
CYP2B6	1	-	0	False	NA	-
alleles_str ['-']
result : CYP2B6 -
CYP2B6	2	-	0	False	NA	-
alleles_str ['-']
result : CYP2B6 -
CYP1A2	1	-	0	False	NA	-
alleles_str ['-']
result : CYP1A2 -
CYP1A2	2	-	0	False	NA	-
alleles_str ['-']
result : CYP1A2 -
NUDT15	1	-	0	False	NA	-
alleles_str ['-']
result : NUDT15 -
NUDT15	2	-	0	False	NA	-
alleles_str ['-']
result : NUDT15 -
CYP3A4	1	-	0	False	NA	-
alleles_str ['-']
result : CYP3A4 -
CYP3A4	2	-	0	False	NA	-
alleles_str ['-']
result : CYP3A4 -
CYP2A6	1	-	0	False	NA	-
alleles_str ['-']
result : CYP2A6 -
CYP2A6	2	-	0	False	NA	-
alleles_str ['-']
result : CYP2A6 -
CYP2C9	1	-	0	False	NA	-
alleles_str ['-']
result : CYP2C9 -
CYP2C9	2	-	0	False	NA	-
alleles_str ['-']
result : CYP2C9 -
SLCO1B1	1	-	0	False	NA	-
alleles_str ['-']
result : SLCO1B1 -
SLCO1B1	2	-	0	False	NA	-
alleles_str ['-']
result : SLCO1B1 -
NAT2	1	-	0	False	NA	-
alleles_str ['-']
result : NAT2 -
NAT2	2	-	0	False	NA	-
alleles_str ['-']
result : NAT2 -
CYP4F2	1	-	0	False	NA	-
alleles_str ['-']
result : CYP4F2 -
CYP4F2	2	-	0	False	NA	-
alleles_str ['-']
result : CYP4F2 -
CYP3A5	1	-	0	False	NA	-
alleles_str ['-']
result : CYP3A5 -
CYP3A5	2	-	0	False	NA	-
alleles_str ['-']
result : CYP3A5 -
CYP2D6	1	NA	NA	0	-	NA
alleles_str ['NA']
result : CYP2D6 NA
CYP2D6	2	NA	NA	0	-	NA
alleles_str ['NA']
result : CYP2D6 NA
CYP2A13	1	NA	NA	0	-	NA
alleles_str ['NA']
result : CYP2A13 NA
CYP2A13	2	NA	NA	0	-	NA
alleles_str ['NA']
result : CYP2A13 NA
CYP2C8	1	NA	NA	0	-	NA
alleles_str ['NA']
result : CYP2C8 NA
CYP2C8	2	NA	NA	0	-	NA
alleles_str ['NA']
result : CYP2C8 NA
CYP2C19	1	NA	NA	0	-	NA
alleles_str ['NA']
result : CYP2C19 NA
CYP2C19	2	NA	NA	0	-	NA
alleles_str ['NA']
result : CYP2C19 NA
CYP2B6	1	NA	NA	0	-	NA
alleles_str ['NA']
result : CYP2B6 NA
CYP2B6	2	NA	NA	0	-	NA
alleles_str ['NA']
result : CYP2B6 NA
CYP1A2	1	NA	NA	0	-	NA
alleles_str ['NA']
result : CYP1A2 NA
CYP1A2	2	NA	NA	0	-	NA
alleles_str ['NA']
result : CYP1A2 NA
NUDT15	1	NA	NA	0	-	NA
alleles_str ['NA']
result : NUDT15 NA
NUDT15	2	NA	NA	0	-	NA
alleles_str ['NA']
result : NUDT15 NA
CYP3A4	1	NA	NA	0	-	NA
alleles_str ['NA']
result : CYP3A4 NA
CYP3A4	2	NA	NA	0	-	NA
alleles_str ['NA']
result : CYP3A4 NA
CYP2A6	1	NA	NA	0	-	NA
alleles_str ['NA']
result : CYP2A6 NA
CYP2A6	2	NA	NA	0	-	NA
alleles_str ['NA']
result : CYP2A6 NA
CYP2C9	1	NA	NA	0	-	NA
alleles_str ['NA']
result : CYP2C9 NA
CYP2C9	2	NA	NA	0	-	NA
alleles_str ['NA']
result : CYP2C9 NA
SLCO1B1	1	NA	NA	0	-	NA
alleles_str ['NA']
result : SLCO1B1 NA
SLCO1B1	2	NA	NA	0	-	NA
alleles_str ['NA']
result : SLCO1B1 NA
NAT2	1	NA	NA	0	-	NA
alleles_str ['NA']
result : NAT2 NA
NAT2	2	NA	NA	0	-	NA
alleles_str ['NA']
result : NAT2 NA
CYP4F2	1	NA	NA	0	-	NA
alleles_str ['NA']
result : CYP4F2 NA
CYP4F2	2	NA	NA	0	-	NA
alleles_str ['NA']
result : CYP4F2 NA
CYP3A5	1	NA	NA	0	-	NA
alleles_str ['NA']
result : CYP3A5 NA
CYP3A5	2	NA	NA	0	-	NA
alleles_str ['NA']
result : CYP3A5 NA

            python3 /project/home/pouria/opt/src/SpecImmune/scripts/remap_allele.py 20230807_PAQ20071_barcode20 CYP /project/home/pouria/opt/src/SpecImmune/runs/ont_chr22/20230807_PAQ20071_barcode20 nanopore wgs traditional 12 /project/home/pouria/opt/src/SpecImmune/scripts/../db//CYP/CYP.full.fasta
            

            python3 /project/home/pouria/opt/src/SpecImmune/scripts/visualization.py 20230807_PAQ20071_barcode20 CYP /project/home/pouria/opt/src/SpecImmune/runs/ont_chr22/20230807_PAQ20071_barcode20 nanopore wgs traditional 12 /project/home/pouria/opt/src/SpecImmune/scripts/../db//CYP/CYP.full.fasta
            
alleles_str ['-']
result : CYP2D6 -
alleles_str ['-']
result : CYP2D6 -
alleles_str ['-']
result : CYP2A13 -
alleles_str ['-']
result : CYP2A13 -
alleles_str ['-']
result : CYP2C8 -
alleles_str ['-']
result : CYP2C8 -
alleles_str ['-']
result : CYP2C19 -
alleles_str ['-']
result : CYP2C19 -
alleles_str ['-']
result : CYP2B6 -
alleles_str ['-']
result : CYP2B6 -
alleles_str ['-']
result : CYP1A2 -
alleles_str ['-']
result : CYP1A2 -
alleles_str ['-']
result : NUDT15 -
alleles_str ['-']
result : NUDT15 -
alleles_str ['-']
result : CYP3A4 -
alleles_str ['-']
result : CYP3A4 -
alleles_str ['-']
result : CYP2A6 -
alleles_str ['-']
result : CYP2A6 -
alleles_str ['-']
result : CYP2C9 -
alleles_str ['-']
result : CYP2C9 -
alleles_str ['-']
result : SLCO1B1 -
alleles_str ['-']
result : SLCO1B1 -
alleles_str ['-']
result : NAT2 -
alleles_str ['-']
result : NAT2 -
alleles_str ['-']
result : CYP4F2 -
alleles_str ['-']
result : CYP4F2 -
alleles_str ['-']
result : CYP3A5 -
alleles_str ['-']
result : CYP3A5 -
alleles_str ['NA']
result : CYP2D6 NA
alleles_str ['NA']
result : CYP2D6 NA
alleles_str ['NA']
result : CYP2A13 NA
alleles_str ['NA']
result : CYP2A13 NA
alleles_str ['NA']
result : CYP2C8 NA
alleles_str ['NA']
result : CYP2C8 NA
alleles_str ['NA']
result : CYP2C19 NA
alleles_str ['NA']
result : CYP2C19 NA
alleles_str ['NA']
result : CYP2B6 NA
alleles_str ['NA']
result : CYP2B6 NA
alleles_str ['NA']
result : CYP1A2 NA
alleles_str ['NA']
result : CYP1A2 NA
alleles_str ['NA']
result : NUDT15 NA
alleles_str ['NA']
result : NUDT15 NA
alleles_str ['NA']
result : CYP3A4 NA
alleles_str ['NA']
result : CYP3A4 NA
alleles_str ['NA']
result : CYP2A6 NA
alleles_str ['NA']
result : CYP2A6 NA
alleles_str ['NA']
result : CYP2C9 NA
alleles_str ['NA']
result : CYP2C9 NA
alleles_str ['NA']
result : SLCO1B1 NA
alleles_str ['NA']
result : SLCO1B1 NA
alleles_str ['NA']
result : NAT2 NA
alleles_str ['NA']
result : NAT2 NA
alleles_str ['NA']
result : CYP4F2 NA
alleles_str ['NA']
result : CYP4F2 NA
alleles_str ['NA']
result : CYP3A5 NA
alleles_str ['NA']
result : CYP3A5 NA
CYP2D6	1	NA	NA	0	-	NA
alleles_str ['NA']
result : CYP2D6 NA
CYP2D6	2	NA	NA	0	-	NA
alleles_str ['NA']
result : CYP2D6 NA
CYP2A13	1	NA	NA	0	-	NA
alleles_str ['NA']
result : CYP2A13 NA
CYP2A13	2	NA	NA	0	-	NA
alleles_str ['NA']
result : CYP2A13 NA
CYP2C8	1	NA	NA	0	-	NA
alleles_str ['NA']
result : CYP2C8 NA
CYP2C8	2	NA	NA	0	-	NA
alleles_str ['NA']
result : CYP2C8 NA
CYP2C19	1	NA	NA	0	-	NA
alleles_str ['NA']
result : CYP2C19 NA
CYP2C19	2	NA	NA	0	-	NA
alleles_str ['NA']
result : CYP2C19 NA
CYP2B6	1	NA	NA	0	-	NA
alleles_str ['NA']
result : CYP2B6 NA
CYP2B6	2	NA	NA	0	-	NA
alleles_str ['NA']
result : CYP2B6 NA
CYP1A2	1	NA	NA	0	-	NA
alleles_str ['NA']
result : CYP1A2 NA
CYP1A2	2	NA	NA	0	-	NA
alleles_str ['NA']
result : CYP1A2 NA
NUDT15	1	NA	NA	0	-	NA
alleles_str ['NA']
result : NUDT15 NA
NUDT15	2	NA	NA	0	-	NA
alleles_str ['NA']
result : NUDT15 NA
CYP3A4	1	NA	NA	0	-	NA
alleles_str ['NA']
result : CYP3A4 NA
CYP3A4	2	NA	NA	0	-	NA
alleles_str ['NA']
result : CYP3A4 NA
CYP2A6	1	NA	NA	0	-	NA
alleles_str ['NA']
result : CYP2A6 NA
CYP2A6	2	NA	NA	0	-	NA
alleles_str ['NA']
result : CYP2A6 NA
CYP2C9	1	NA	NA	0	-	NA
alleles_str ['NA']
result : CYP2C9 NA
CYP2C9	2	NA	NA	0	-	NA
alleles_str ['NA']
result : CYP2C9 NA
SLCO1B1	1	NA	NA	0	-	NA
alleles_str ['NA']
result : SLCO1B1 NA
SLCO1B1	2	NA	NA	0	-	NA
alleles_str ['NA']
result : SLCO1B1 NA
NAT2	1	NA	NA	0	-	NA
alleles_str ['NA']
result : NAT2 NA
NAT2	2	NA	NA	0	-	NA
alleles_str ['NA']
result : NAT2 NA
CYP4F2	1	NA	NA	0	-	NA
alleles_str ['NA']
result : CYP4F2 NA
CYP4F2	2	NA	NA	0	-	NA
alleles_str ['NA']
result : CYP4F2 NA
CYP3A5	1	NA	NA	0	-	NA
alleles_str ['NA']
result : CYP3A5 NA
CYP3A5	2	NA	NA	0	-	NA
alleles_str ['NA']
result : CYP3A5 NA
refine bam...
2026-01-07 19:38:50,885 | INFO | Processing /project/home/pouria/opt/src/SpecImmune/runs/ont_chr22/20230807_PAQ20071_barcode20/20230807_PAQ20071_barcode20/20230807_PAQ20071_barcode20.refined.sorted.bam
2026-01-07 19:39:01,871 | WARNING | Query names do not look like HiFi reads -- use "consensus" mode for consensus
2026-01-07 19:39:01,872 | INFO | Identifying SV signatures
lbl 2D6_2D7 patt re.compile('222222111111') x22222222222111111111111111111111111111111111111111111111111111111111111111111111111111x1111111111
lbl 2D6_2D7 patt re.compile('222222111111') 22222222222211111111111111111111111111111111111111111111111111111111111111111111111111111111111111
lbl 2D6_2D7 patt re.compile('222222111111') xxxx222222221111111111111x111111111111111x11111111111111111111111111111111111111111111111111111111
lbl 2D6_2D7 patt re.compile('2x2222111111') xxxx222x22221111111111111111111111111111111111111x111111111111111111111111111111111111111111111111
lbl 2D6_2D7 patt re.compile('222222111111') x2222222222211111111111111111111111111111111111111111111111111111111111111111111111111111111111111
lbl 2D6_2D7 patt re.compile('222222111111') 222x2222222211111111111111111111111111111111111111111111111111111111111111111111111111111111111111
lbl 2D6_2D7 patt re.compile('222222111111') x2222222222211111111111111111111111111111111111111111111111111111111111111111111111111111111111111
lbl 2D6_2D7 patt re.compile('222222111111') 22222222222211111111111111111111111111111111111111111121111111111111111111111111111111111111111111
lbl 2D6_2D7 patt re.compile('222222111111') 22222222222211111111111111111111111111111111111111111111111111111111111111111111111111111111111111
lbl 2D6_2D7 patt re.compile('222222111111') xxxx2222222211111111111111111111xx1111111111111111111111111111111x11111111111111111111111111111111
lbl 2D6_2D7 patt re.compile('222222111111') x2221122222211111111111111111111111111111111111111111111111111111111111111111111111111111111111111
lbl 2D6_2D7 patt re.compile('222222111111') x222222222221111111111111111111111111111111111111111111111111111111111xx11111111111111111111111111
lbl 2D6_2D7 patt re.compile('222222111111') x22222222222111111111111111111111111111111111111111111111111111111111111111x1111111111111111111111
lbl 2D6_2D7 patt re.compile('2x2222111111') x222222x222211111112xxxxxxxxxxxxxxxxxxxxxxxxxxxxxxxxxxxxxxxxxxxxxxxxxxxxxxxxxxxxxxxxxxxxxxxxxxxxxx
lbl 2D6_2D7 patt re.compile('222222111111') 222222222222111111111111111111111111111211111xxxxxxxxxxxxxxxxxxxxxxxxxxxxxxxxxxxxxxxxxxxxxxxxxxxxx
lbl 2D6_2D7 patt re.compile('222222111111') 222222222222111111111xx21111111111111111111111xxxxxxxxxxxxxxxxxxxxxxxxxxxxxxxxxxxxxxxxxxxxxxxxxxxx
lbl 2D6_2D7 patt re.compile('222x211111') 22x222x222x211111xx1111111111111111111xxxxxxxxxxxxxxxxxxxxxxxxxxxxxxxxxxxxxxxxxxxxxxxxxxxxxxxxxxxx
lbl 2D6_2D7 patt re.compile('222222111111') 22222222222211111111111111111211111111xxxxxxxxxxxxxxxxxxxxxxxxxxxxxxxxxxxxxxxxxxxxxxxxxxxxxxxxxxxx
lbl 2D6_2D7 patt re.compile('222222111111') 22222222222211111111111111111111111111111xxxxxxxxxxxxxxxxxxxxxxxxxxxxxxxxxxxxxxxxxxxxxxxxxxxxxxxxx
lbl 2D6_2D7 patt re.compile('222221111x') 2222222222221111xxxxxxxxxxxxxxxxxxxxxxxxxxxxxxxxxxxxxxxxxxxxxxxxxxxxxxxxxxxxxxxxxxxxxxxxxxxxxxxxxx
lbl 2D6_2D7 patt re.compile('22221111') 22222222222211112111212111111111111x1111111111xxxxxxxxxxxxxxxxxxxxxxxxxxxxxxxxxxxxxxxxxxxxxxxxxxxx
lbl 2D6_2D7 patt re.compile('222222111111') 22222222222211111111xx221xx11111111111111111111111111111111112x1111x111111111xxxxxxxxxxxxxxxxxxxxx
lbl 2D6_2D7 patt re.compile('2x2222111111') x222222x2222111111111x1111111111111111111111111xxxxxxxxxxxxxxxxxxxxxxxxxxxxxxxxxxxxxxxxxxxxxxxxxxx
lbl 2D6_2D7 patt re.compile('222222111x11') x22122222222111x1111111111111xxxxxxxxxxxxxxxxxxxxxxxxxxxxxxxxxxxxxxxxxxxxxxxxxxxxxxxxxxxxxxxxxxxxx
lbl 2D6_2D7 patt re.compile('222222111111') 222222222222111111111111111111111111111111x11x11111111x111111111111x111111111111x111111111x1111111
lbl 2D6_2D7 patt re.compile('222222111111') 222222222222111111111111111111111111xxxxxxxxxxxxxxxxxxxxxxxxxxxxxxxxxxxxxxxxxxxxxxxxxxxxxxxxxxxxxx
lbl 2D6_2D7 patt re.compile('222221111x') 222222x222221111x1111111111111111111111212x11111111x111111111111111x111111111111111111xxxxxxxxxxxx
lbl 2D6_2D7 patt re.compile('222222111111') 222222222222111111111111111xxx2xx1111111x111111111111111xx11111111xxxxxxxxxxxxxxxxxxxxxxxxxxxxxxxx
lbl 2D6_2D7 patt re.compile('222222111111') 2222222222221111111111111111111111111111111111111111111x11111111111xx2xx11111xxxxxxxxxxxxxxxxxxxxx
lbl 2D6_2D7 patt re.compile('222222111111') 2222222222221111111111111111111111111111111111xxxxxxxxxxxxxxxxxxxxxxxxxxxxxxxxxxxxxxxxxxxxxxxxxxxx
2026-01-07 19:39:07,021 | INFO | Phasing and Calling Alleles
2026-01-07 19:39:07,021 | DEBUG | Calling noSV
2026-01-07 19:39:07,021 | INFO | Calling noSV
2026-01-07 19:39:07,022 | INFO | Attempting to phase 114 noSV reads
2026-01-07 19:39:07,022 | DEBUG | Reseting HP for 114 noSV  reads
2026-01-07 19:39:08,954 | DEBUG | Positions used for read clustering: [42120601, 42120617, 42120793, 42121070, 42121451, 42121466, 42121487, 42121684, 42121917, 42122243, 42122258, 42122286, 42122363, 42122366, 42122368, 42122421, 42122479, 42122481, 42122576, 42122580, 42122584, 42123081, 42123210, 42123218, 42123225, 42123235, 42123236, 42123237, 42123238, 42123242, 42123243, 42123251, 42123253, 42123299, 42123307, 42123310, 42123311, 42123538, 42123630, 42123874, 42123945, 42124105, 42124149, 42124250, 42124320, 42124534, 42124544, 42124797, 42124842, 42124952, 42124963, 42124976, 42125092, 42125093, 42125123, 42125200, 42125330, 42125384, 42125571, 42125615, 42125619, 42125629, 42125715, 42125785, 42125811, 42125979, 42125983, 42125987, 42126072, 42126085, 42126131, 42126180, 42126184, 42126195, 42126196, 42126211, 42126255, 42126269, 42126298, 42126299, 42126309, 42126352, 42126389, 42126465, 42126506, 42126519, 42126520, 42126522, 42126557, 42126558, 42126561, 42126563, 42126695, 42126717, 42126983, 42127000, 42127101, 42127102, 42127172, 42127206, 42127208, 42127290, 42127322, 42127437, 42127510, 42127512, 42127740, 42127747, 42127752, 42127756, 42127766, 42127767, 42127774, 42127778, 42127800, 42127918, 42127925, 42127940, 42128002, 42128055, 42128097, 42128132, 42128342, 42128423, 42128455, 42128457, 42128475, 42128527, 42128530, 42128628, 42128629, 42128673, 42128693, 42128734, 42128758, 42128767, 42128785, 42128786, 42128791, 42128863, 42128892, 42128894, 42128895, 42128960, 42128964, 42128971, 42129008, 42129015, 42129161, 42129168, 42129225, 42129356, 42129493, 42129496, 42129551, 42129657, 42129712, 42129753, 42129882, 42129886, 42129887, 42129889, 42129947, 42129989, 42130046, 42130231, 42130423, 42130546, 42130558, 42130559, 42130564, 42130568, 42130570, 42130577, 42130592, 42130625, 42130691, 42130738, 42130885, 42131072, 42131075, 42131078, 42131154, 42131321, 42131468, 42131530, 42131538, 42131615, 42131647, 42131681, 42131790, 42131894, 42131959, 42132062, 42132210, 42132216, 42132374, 42132543, 42132558, 42132560, 42132566, 42132582, 42132584, 42132598, 42132628, 42132679, 42132706, 42132887, 42132968, 42132993, 42133064, 42133067, 42133089, 42133105, 42133211, 42133313, 42133322, 42133354, 42133403, 42133405, 42133406, 42133532, 42133953, 42133969, 42133970, 42134086, 42134261, 42134415, 42134655, 42134715, 42135690, 42135750, 42135782, 42136257, 42136472]
clusters hifi_read                             is_primary
ba4217ad-e319-4d35-a5c8-dcd23482e9f1  True          1
74cc2fa6-a32e-4106-acb0-2a7e04eb08dd  True          0
6db81f57-1784-4f32-826b-fe492f0d9066  True          0
0206798b-d2ad-4caa-af31-6cde874f2027  True          1
2daaa5a5-657b-40af-915d-c1407cf2807a  True          0
                                                   ..
f51689de-d66c-4e5d-9371-dae5b7ee2c14  True          1
07b9f752-70dd-4373-ba12-3143ce8c7bf1  True          1
8ff1e0b3-4385-496b-b192-f45dee476b99  True          0
cfc11561-d00d-4dac-8908-c590f7d270d5  True          1
0e24b1f3-1863-4ca2-b8f9-d03e0e06b31c  True          1
Name: HP, Length: 114, dtype: int64
2026-01-07 19:39:12,166 | DEBUG | Calling hybrid
2026-01-07 19:39:12,166 | INFO | Calling hybrid
2026-01-07 19:39:12,166 | INFO | Attempting to phase 30 hybrid reads
2026-01-07 19:39:12,167 | DEBUG | Reseting HP for 30 hybrid  reads
clusters hifi_read                             is_primary
70e97932-0572-4b43-ad23-3966917fd78f  True          0
b03436cc-bd33-46ad-9697-269892b421c6  True          0
a0d61ef4-7a69-438e-aa49-582f629e0f37  True          0
20e69523-8beb-4325-8d30-a6f6b03a5e0e  True          0
f3c3ef64-bfa7-4842-b164-a66646eeb0ec  True          0
de24083b-e1dd-4a7e-8011-bac1b682769e  True          0
0e8b76a2-8152-465d-b612-8866f9b38331  True          0
fffeedf8-8671-4691-93fe-4990064442dd  True          0
40cca568-bf01-4bf4-89f7-8778f4051638  True          0
766e6e52-010e-4622-8afd-4f355391431c  True          0
2b6faf54-4c2c-4923-9bcf-ba58b2f45f9f  True          0
d7eeb8e3-fb4e-47c9-9c12-a60d17f45f4a  True          0
2e9c1906-caed-420c-8445-fa7931211820  True          0
99939ce4-1fab-4409-8927-514f8a9f87bf  True          0
5868d10b-4303-419c-b077-21e1f7de49af  True          0
57ad1b26-6e0d-4f84-acd6-38d9fc16a7ef  True          0
990c2eeb-7fb2-42b9-9727-db4c6afedba8  True          0
4b73aef7-72af-4b1e-985e-65f2b8f73519  True          0
47bf0238-993e-4afc-b6f9-6c56c61e54eb  True          0
b5e055a3-1e59-4c69-b4ad-bd39d5dae455  True          0
a91884c6-c1de-48c0-950b-f953b78aa3e1  True          0
c6a4691b-ec91-4fba-8b75-b0196f28e947  True          0
167a8118-a4ac-4e74-bacf-5522c6ce28dd  True          0
b05f0af5-d9f6-4786-b115-15e4b589226c  True          0
6b343ad2-1415-41d3-93a9-cc60c31dd820  True          0
1eba55b1-223e-45ad-be12-7b8760ffc4f5  True          0
75611d57-b8a5-4319-bc44-64de5b561fcf  True          0
7fe4c669-1c28-4c48-b623-8d9185f36340  True          0
8d79198d-d985-4047-9517-c3be8bf65147  True          0
0404e7cd-4449-4809-a8af-d45387f7efc2  True          0
Name: HP, dtype: int64
2026-01-07 19:39:12,180 | DEBUG | Alleles Identified: {'noSV': {'noSV_0': ('*10', '*39'), 'noSV_1': ('*2', '*34', '*39')}, 'hybrid': {'hybrid_0': ('*36',)}}
2026-01-07 19:39:12,180 | INFO | Calling Diplotype
2026-01-07 19:39:12,180 | DEBUG | Hybrid calls: Counter({('*36',): 1}) self.haplotypes []
2026-01-07 19:39:12,180 | DEBUG | self.haplotypes [('*36+*10', ['noSV_0', 'hybrid_0'])]
2026-01-07 19:39:12,181 | INFO | Diplotype called: CYP2D6 *2/*36+*10
2026-01-07 19:39:16,110 | INFO | Exporting /project/home/pouria/opt/src/SpecImmune/runs/ont_chr22/20230807_PAQ20071_barcode20/20230807_PAQ20071_barcode20/20230807_PAQ20071_barcode20_labeledReads.bam
{'haplotype_2a_10', 'haplotype_1_2', 'haplotype_2b_36', 'CYP2D6', 'No_Label'}
{'hybrid_0', 'noSV_0', 'noSV_1', 'noHap'}
filtered diplotype *36+*10/*2 {'*2', '*36', '*10'} CYP2D6 *36+*10/*2
cnv detected, use pangu result
*36+*10/*2 NA
[OK] Finished 20230807_PAQ20071_barcode20
