read binning...
alignment done.
start read binning...
WARNING: hg38 not provided, cannot type CYP genes
reads-binning done.
Finished.
alignment done.
alignment done.
alignment done.
alignment done.
alignment done.
alignment done.
alignment done.
alignment done.
alignment done.
alignment done.
alignment done.
alignment done.
alignment done.
alignment done.
WARNING: hg38 not provided, cannot type CYP genes
start type CYP2D6 for 20230501_PAO22333_barcode13.original_ref...

finish matrix construction
CYP2D6 read num: 0 mapped allele num: 0
support read number is too low or the mapped allele num is too low for CYP2D6, skip typing
start type CYP2A13 for 20230501_PAO22333_barcode13.original_ref...

finish matrix construction
CYP2A13 read num: 0 mapped allele num: 0
support read number is too low or the mapped allele num is too low for CYP2A13, skip typing
start type CYP2C8 for 20230501_PAO22333_barcode13.original_ref...

finish matrix construction
CYP2C8 read num: 16 mapped allele num: 56
# allele pairs that pass match len cutoff 1540
identity ('CYP2C8*15&CYP2C8*1.009', 0.9130838517968242)
identity ('CYP2C8*15&CYP2C8*1.001', 0.9130838517968242)
identity ('CYP2C8*15&CYP2C8*13.001', 0.9130838517968242)
identity ('CYP2C8*15&CYP2C8*1.014', 0.9130838517968242)
identity ('CYP2C8*15&CYP2C8*7', 0.9130838517968242)
identity ('CYP2C8*15&CYP2C8*10', 0.9130838517968242)
identity ('CYP2C8*15&CYP2C8*15.001', 0.9130838517968242)
identity ('CYP2C8*15&CYP2C8*8.001', 0.9130838517968242)
identity ('CYP2C8*15&CYP2C8*1.012', 0.9130838517968242)
identity ('CYP2C8*15&CYP2C8*1.010', 0.9130838517968242)
identity ('CYP2C8*15&CYP2C8*1.006', 0.9130838517968242)
identity ('CYP2C8*15&CYP2C8*4.002', 0.9130838517968242)
identity ('CYP2C8*15&CYP2C8*9.001', 0.9130838517968242)
identity ('CYP2C8*15&CYP2C8*6', 0.9130838517968242)
identity ('CYP2C8*15&CYP2C8*1.013', 0.9130838517968242)
identity ('CYP2C8*15&CYP2C8*4', 0.9130838517968242)
identity ('CYP2C8*15&CYP2C8*18', 0.9130838517968242)
identity ('CYP2C8*15&CYP2C8*14.001', 0.9130838517968242)
identity ('CYP2C8*15&CYP2C8*2.001', 0.9130838517968242)
identity ('CYP2C8*15&CYP2C8*16.001', 0.9130838517968242)
identity ('CYP2C8*15&CYP2C8*3.001', 0.9130838517968242)
identity ('CYP2C8*15&CYP2C8*5', 0.9130838517968242)
identity ('CYP2C8*15&CYP2C8*12.001', 0.9130838517968242)
identity ('CYP2C8*15&CYP2C8*17.001', 0.9130838517968242)
identity ('CYP2C8*15&CYP2C8*6.001', 0.9130838517968242)
identity ('CYP2C8*15&CYP2C8*2', 0.9130838517968242)
identity ('CYP2C8*15&CYP2C8*10.001', 0.9130838517968242)
identity ('CYP2C8*15&CYP2C8*3.002', 0.9130838517968242)
identity ('CYP2C8*15&CYP2C8*16', 0.9130838517968242)
identity ('CYP2C8*15&CYP2C8*1.017', 0.9130838517968242)
CYP2C8 ['CYP2C8*1.009,CYP2C8*1.001,CYP2C8*13.001,CYP2C8*1.014,CYP2C8*7,CYP2C8*10,CYP2C8*15.001,CYP2C8*8.001,CYP2C8*1.012,CYP2C8*1.010,CYP2C8*1.006,CYP2C8*4.002,CYP2C8*9.001,CYP2C8*6,CYP2C8*1.013,CYP2C8*4,CYP2C8*18,CYP2C8*14.001,CYP2C8*2.001,CYP2C8*16.001,CYP2C8*3.001,CYP2C8*5,CYP2C8*12.001,CYP2C8*17.001,CYP2C8*6.001,CYP2C8*2,CYP2C8*10.001,CYP2C8*3.002,CYP2C8*16,CYP2C8*1.017', 'CYP2C8*15'] 


0 0 0.5
start type CYP2C19 for 20230501_PAO22333_barcode13.original_ref...

finish matrix construction
CYP2C19 read num: 92 mapped allele num: 120
# allele pairs that pass match len cutoff 7140
identity ('CYP2C19*1.016&CYP2C19*2', 0.8829440460400603)
identity ('CYP2C19*1.016&CYP2C19*35.002', 0.8829440460400603)
identity ('CYP2C19*1.016&CYP2C19*9', 0.8829440460400603)
identity ('CYP2C19*1.016&CYP2C19*2.006', 0.8829440460400603)
identity ('CYP2C19*1.016&CYP2C19*7.001', 0.8829440460400603)
identity ('CYP2C19*1.016&CYP2C19*31', 0.8829440460400603)
identity ('CYP2C19*1.016&CYP2C19*32', 0.8829440460400603)
identity ('CYP2C19*1.016&CYP2C19*15.002', 0.8829440460400603)
identity ('CYP2C19*1.016&CYP2C19*3.002', 0.8829440460400603)
identity ('CYP2C19*1.016&CYP2C19*12.001', 0.8829440460400603)
identity ('CYP2C19*1.016&CYP2C19*26.001', 0.8829440460400603)
identity ('CYP2C19*1.016&CYP2C19*9.003', 0.8829440460400603)
identity ('CYP2C19*1.016&CYP2C19*2.008', 0.8829440460400603)
identity ('CYP2C19*1.016&CYP2C19*9.001', 0.8829440460400603)
identity ('CYP2C19*1.016&CYP2C19*1.004', 0.8829440460400603)
identity ('CYP2C19*1.016&CYP2C19*38.005', 0.8829440460400603)
identity ('CYP2C19*1.016&CYP2C19*22.001', 0.8829440460400603)
identity ('CYP2C19*1.016&CYP2C19*13.002', 0.8829440460400603)
identity ('CYP2C19*1.016&CYP2C19*12', 0.8829440460400603)
identity ('CYP2C19*1.016&CYP2C19*1.018', 0.8829440460400603)
identity ('CYP2C19*1.016&CYP2C19*10.001', 0.8829440460400603)
identity ('CYP2C19*1.016&CYP2C19*1.014', 0.8829440460400603)
identity ('CYP2C19*1.016&CYP2C19*15', 0.8829440460400603)
identity ('CYP2C19*1.016&CYP2C19*22', 0.8829440460400603)
identity ('CYP2C19*1.016&CYP2C19*35', 0.8829440460400603)
identity ('CYP2C19*1.016&CYP2C19*2.003', 0.8829440460400603)
identity ('CYP2C19*1.016&CYP2C19*18', 0.8829440460400603)
identity ('CYP2C19*1.016&CYP2C19*11.001', 0.8829440460400603)
identity ('CYP2C19*1.016&CYP2C19*2.004', 0.8829440460400603)
identity ('CYP2C19*1.016&CYP2C19*38', 0.8829440460400603)
CYP2C19 ['CYP2C19*2,CYP2C19*35.002,CYP2C19*9,CYP2C19*2.006,CYP2C19*7.001,CYP2C19*31,CYP2C19*32,CYP2C19*15.002,CYP2C19*3.002,CYP2C19*12.001,CYP2C19*26.001,CYP2C19*9.003,CYP2C19*2.008,CYP2C19*9.001,CYP2C19*1.004,CYP2C19*38.005,CYP2C19*22.001,CYP2C19*13.002,CYP2C19*12,CYP2C19*1.018,CYP2C19*10.001,CYP2C19*1.014,CYP2C19*15,CYP2C19*22,CYP2C19*35,CYP2C19*2.003,CYP2C19*18,CYP2C19*11.001,CYP2C19*2.004,CYP2C19*38', 'CYP2C19*1.016'] 


0 0 0.5
start type CYP2B6 for 20230501_PAO22333_barcode13.original_ref...

finish matrix construction
CYP2B6 read num: 7 mapped allele num: 158
# allele pairs that pass match len cutoff 12403
identity ('CYP2B6*9.001&CYP2B6*6.008', 0.9645015105740181)
identity ('CYP2B6*9.001&CYP2B6*41', 0.9645015105740181)
identity ('CYP2B6*9.001&CYP2B6*1.009', 0.9645015105740181)
identity ('CYP2B6*9.001&CYP2B6*1.018', 0.9645015105740181)
identity ('CYP2B6*9.001&CYP2B6*1.028', 0.9645015105740181)
identity ('CYP2B6*9.001&CYP2B6*2.002', 0.9645015105740181)
identity ('CYP2B6*9.001&CYP2B6*28', 0.9645015105740181)
identity ('CYP2B6*9.001&CYP2B6*24', 0.9645015105740181)
identity ('CYP2B6*9.001&CYP2B6*27.001', 0.9645015105740181)
identity ('CYP2B6*9.001&CYP2B6*38', 0.9645015105740181)
identity ('CYP2B6*9.001&CYP2B6*47.001', 0.9645015105740181)
identity ('CYP2B6*9.001&CYP2B6*1.007', 0.9645015105740181)
identity ('CYP2B6*9.001&CYP2B6*36.001', 0.9645015105740181)
identity ('CYP2B6*9.001&CYP2B6*39', 0.9645015105740181)
identity ('CYP2B6*9.001&CYP2B6*1.026', 0.9645015105740181)
identity ('CYP2B6*9.001&CYP2B6*1.003', 0.9645015105740181)
identity ('CYP2B6*9.001&CYP2B6*1', 0.9645015105740181)
identity ('CYP2B6*9.001&CYP2B6*1.038', 0.9645015105740181)
identity ('CYP2B6*9.001&CYP2B6*21', 0.9645015105740181)
identity ('CYP2B6*9.001&CYP2B6*6.007', 0.9645015105740181)
identity ('CYP2B6*9.001&CYP2B6*45', 0.9645015105740181)
identity ('CYP2B6*9.001&CYP2B6*8.001', 0.9645015105740181)
identity ('CYP2B6*9.001&CYP2B6*6.012', 0.9645015105740181)
identity ('CYP2B6*9.001&CYP2B6*1.024', 0.9645015105740181)
identity ('CYP2B6*9.001&CYP2B6*11.001', 0.9645015105740181)
identity ('CYP2B6*9.001&CYP2B6*1.023', 0.9645015105740181)
identity ('CYP2B6*9.001&CYP2B6*44.001', 0.9645015105740181)
identity ('CYP2B6*9.001&CYP2B6*19.001', 0.9645015105740181)
identity ('CYP2B6*9.001&CYP2B6*32', 0.9645015105740181)
identity ('CYP2B6*9.001&CYP2B6*17', 0.9645015105740181)
CYP2B6 ['CYP2B6*9.001,CYP2B6*41,CYP2B6*1.009,CYP2B6*28,CYP2B6*24,CYP2B6*27.001,CYP2B6*47.001,CYP2B6*36.001,CYP2B6*1.026,CYP2B6*1.038,CYP2B6*6.007,CYP2B6*45,CYP2B6*6.012,CYP2B6*1.023,CYP2B6*44.001,CYP2B6*19.001', 'CYP2B6*6.008,CYP2B6*9.001,CYP2B6*1.018,CYP2B6*1.028,CYP2B6*2.002,CYP2B6*38,CYP2B6*1.007,CYP2B6*39,CYP2B6*1.003,CYP2B6*1,CYP2B6*21,CYP2B6*8.001,CYP2B6*1.024,CYP2B6*11.001,CYP2B6*32,CYP2B6*17'] 


0 0 0.5
start type CYP1A2 for 20230501_PAO22333_barcode13.original_ref...

finish matrix construction
CYP1A2 read num: 0 mapped allele num: 0
support read number is too low or the mapped allele num is too low for CYP1A2, skip typing
start type NUDT15 for 20230501_PAO22333_barcode13.original_ref...

finish matrix construction
NUDT15 read num: 0 mapped allele num: 0
support read number is too low or the mapped allele num is too low for NUDT15, skip typing
start type CYP3A4 for 20230501_PAO22333_barcode13.original_ref...

finish matrix construction
CYP3A4 read num: 14 mapped allele num: 106
# allele pairs that pass match len cutoff 5565
identity ('CYP3A4*13&CYP3A4*47', 0.8788011057762258)
identity ('CYP3A4*13&CYP3A4*1.012', 0.8788011057762258)
identity ('CYP3A4*13&CYP3A4*21', 0.8788011057762258)
identity ('CYP3A4*13&CYP3A4*22', 0.8788011057762258)
identity ('CYP3A4*13&CYP3A4*24.001', 0.8788011057762258)
identity ('CYP3A4*13&CYP3A4*38', 0.8788011057762258)
identity ('CYP3A4*13&CYP3A4*4.001', 0.8788011057762258)
identity ('CYP3A4*13&CYP3A4*34', 0.8788011057762258)
identity ('CYP3A4*13&CYP3A4*49', 0.8788011057762258)
identity ('CYP3A4*13&CYP3A4*45.001', 0.8788011057762258)
identity ('CYP3A4*13&CYP3A4*12', 0.8788011057762258)
identity ('CYP3A4*13&CYP3A4*14.001', 0.8788011057762258)
identity ('CYP3A4*13&CYP3A4*24', 0.8788011057762258)
identity ('CYP3A4*13&CYP3A4*14', 0.8788011057762258)
identity ('CYP3A4*13&CYP3A4*3.001', 0.8788011057762258)
identity ('CYP3A4*13&CYP3A4*44', 0.8788011057762258)
identity ('CYP3A4*13&CYP3A4*17.001', 0.8788011057762258)
identity ('CYP3A4*13&CYP3A4*32', 0.8788011057762258)
identity ('CYP3A4*13&CYP3A4*26.001', 0.8788011057762258)
identity ('CYP3A4*13&CYP3A4*2.001', 0.8788011057762258)
identity ('CYP3A4*13&CYP3A4*39.001', 0.8788011057762258)
identity ('CYP3A4*13&CYP3A4*5', 0.8788011057762258)
identity ('CYP3A4*13&CYP3A4*9.001', 0.8788011057762258)
identity ('CYP3A4*13&CYP3A4*49.001', 0.8788011057762258)
identity ('CYP3A4*13&CYP3A4*20', 0.8788011057762258)
identity ('CYP3A4*13&CYP3A4*18.001', 0.8788011057762258)
identity ('CYP3A4*13&CYP3A4*43.001', 0.8788011057762258)
identity ('CYP3A4*13&CYP3A4*6', 0.8788011057762258)
identity ('CYP3A4*13&CYP3A4*1.003', 0.8788011057762258)
identity ('CYP3A4*13&CYP3A4*34.001', 0.8788011057762258)
CYP3A4 ['CYP3A4*13,CYP3A4*1.012,CYP3A4*21,CYP3A4*22,CYP3A4*24.001,CYP3A4*4.001,CYP3A4*34,CYP3A4*49,CYP3A4*24,CYP3A4*14,CYP3A4*3.001,CYP3A4*17.001,CYP3A4*32,CYP3A4*26.001,CYP3A4*2.001,CYP3A4*5,CYP3A4*18.001,CYP3A4*6,CYP3A4*34.001', 'CYP3A4*47,CYP3A4*13,CYP3A4*38,CYP3A4*45.001,CYP3A4*12,CYP3A4*14.001,CYP3A4*44,CYP3A4*39.001,CYP3A4*9.001,CYP3A4*49.001,CYP3A4*20,CYP3A4*43.001,CYP3A4*1.003'] 


0 0 0.5
start type CYP2A6 for 20230501_PAO22333_barcode13.original_ref...

finish matrix construction
CYP2A6 read num: 0 mapped allele num: 0
support read number is too low or the mapped allele num is too low for CYP2A6, skip typing
start type CYP2C9 for 20230501_PAO22333_barcode13.original_ref...

finish matrix construction
CYP2C9 read num: 12 mapped allele num: 200
# allele pairs that pass match len cutoff 19900
identity ('CYP2C9*1.002&CYP2C9*19.001', 0.9126471705279149)
identity ('CYP2C9*1.002&CYP2C9*28.001', 0.9126471705279149)
identity ('CYP2C9*1.002&CYP2C9*81.001', 0.9126471705279149)
identity ('CYP2C9*1.002&CYP2C9*54.001', 0.9126471705279149)
identity ('CYP2C9*1.002&CYP2C9*35.001', 0.9126471705279149)
identity ('CYP2C9*1.002&CYP2C9*61', 0.9126471705279149)
identity ('CYP2C9*1.002&CYP2C9*79.001', 0.9126471705279149)
identity ('CYP2C9*1.002&CYP2C9*13', 0.9126471705279149)
identity ('CYP2C9*1.002&CYP2C9*50', 0.9126471705279149)
identity ('CYP2C9*1.002&CYP2C9*66.001', 0.9126471705279149)
identity ('CYP2C9*1.002&CYP2C9*21', 0.9126471705279149)
identity ('CYP2C9*1.002&CYP2C9*80', 0.9126471705279149)
identity ('CYP2C9*1.002&CYP2C9*81', 0.9126471705279149)
identity ('CYP2C9*1.002&CYP2C9*60.001', 0.9126471705279149)
identity ('CYP2C9*1.002&CYP2C9*31.001', 0.9126471705279149)
identity ('CYP2C9*1.002&CYP2C9*10', 0.9126471705279149)
identity ('CYP2C9*1.002&CYP2C9*86', 0.9126471705279149)
identity ('CYP2C9*1.002&CYP2C9*15', 0.9126471705279149)
identity ('CYP2C9*1.002&CYP2C9*16.001', 0.9126471705279149)
identity ('CYP2C9*1.002&CYP2C9*1.001', 0.9126471705279149)
identity ('CYP2C9*1.002&CYP2C9*11.002', 0.9126471705279149)
identity ('CYP2C9*1.002&CYP2C9*4.001', 0.9126471705279149)
identity ('CYP2C9*1.002&CYP2C9*58.001', 0.9126471705279149)
identity ('CYP2C9*1.002&CYP2C9*3.001', 0.9126471705279149)
identity ('CYP2C9*1.002&CYP2C9*74', 0.9126471705279149)
identity ('CYP2C9*1.002&CYP2C9*31', 0.9126471705279149)
identity ('CYP2C9*1.002&CYP2C9*70', 0.9126471705279149)
identity ('CYP2C9*1.002&CYP2C9*1.005', 0.9126471705279149)
identity ('CYP2C9*1.002&CYP2C9*1.009', 0.9126471705279149)
identity ('CYP2C9*1.002&CYP2C9*45.001', 0.9126471705279149)
CYP2C9 ['CYP2C9*19.001,CYP2C9*28.001,CYP2C9*81.001,CYP2C9*54.001,CYP2C9*35.001,CYP2C9*61,CYP2C9*79.001,CYP2C9*13,CYP2C9*50,CYP2C9*66.001,CYP2C9*21,CYP2C9*80,CYP2C9*81,CYP2C9*60.001,CYP2C9*31.001,CYP2C9*10,CYP2C9*86,CYP2C9*15,CYP2C9*16.001,CYP2C9*1.001,CYP2C9*11.002,CYP2C9*4.001,CYP2C9*58.001,CYP2C9*3.001,CYP2C9*74,CYP2C9*31,CYP2C9*70,CYP2C9*1.005,CYP2C9*1.009,CYP2C9*45.001', 'CYP2C9*1.002'] 


0 0 0.5
start type SLCO1B1 for 20230501_PAO22333_barcode13.original_ref...

finish matrix construction
SLCO1B1 read num: 27 mapped allele num: 122
# allele pairs that pass match len cutoff 7381
identity ('SLCO1B1*31.001&SLCO1B1*43.002', 0.8968417285497002)
identity ('SLCO1B1*31.001&SLCO1B1*53', 0.8968417285497002)
identity ('SLCO1B1*31.001&SLCO1B1*56', 0.8968417285497002)
identity ('SLCO1B1*31.001&SLCO1B1*45.002', 0.8968417285497002)
identity ('SLCO1B1*31.001&SLCO1B1*28.001', 0.8968417285497002)
identity ('SLCO1B1*31.001&SLCO1B1*54.001', 0.8968417285497002)
identity ('SLCO1B1*31.001&SLCO1B1*30', 0.8968417285497002)
identity ('SLCO1B1*31.001&SLCO1B1*15', 0.8968417285497002)
identity ('SLCO1B1*31.001&SLCO1B1*9', 0.8968417285497002)
identity ('SLCO1B1*31.001&SLCO1B1*32', 0.8968417285497002)
identity ('SLCO1B1*31.001&SLCO1B1*24', 0.8968417285497002)
identity ('SLCO1B1*31.001&SLCO1B1*26.001', 0.8968417285497002)
identity ('SLCO1B1*31.001&SLCO1B1*37.008', 0.8968417285497002)
identity ('SLCO1B1*31.001&SLCO1B1*2', 0.8968417285497002)
identity ('SLCO1B1*31.001&SLCO1B1*58', 0.8968417285497002)
identity ('SLCO1B1*31.001&SLCO1B1*11', 0.8968417285497002)
identity ('SLCO1B1*31.001&SLCO1B1*57.001', 0.8968417285497002)
identity ('SLCO1B1*31.001&SLCO1B1*11.001', 0.8968417285497002)
identity ('SLCO1B1*31.001&SLCO1B1*45.001', 0.8968417285497002)
identity ('SLCO1B1*31.001&SLCO1B1*5', 0.8968417285497002)
identity ('SLCO1B1*31.001&SLCO1B1*15.001', 0.8968417285497002)
identity ('SLCO1B1*31.001&SLCO1B1*37.009', 0.8968417285497002)
identity ('SLCO1B1*31.001&SLCO1B1*1.001', 0.8968417285497002)
identity ('SLCO1B1*31.001&SLCO1B1*2.001', 0.8968417285497002)
identity ('SLCO1B1*31.001&SLCO1B1*36', 0.8968417285497002)
identity ('SLCO1B1*31.001&SLCO1B1*37.006', 0.8968417285497002)
identity ('SLCO1B1*31.001&SLCO1B1*44', 0.8968417285497002)
identity ('SLCO1B1*31.001&SLCO1B1*24.001', 0.8968417285497002)
identity ('SLCO1B1*31.001&SLCO1B1*31.003', 0.8968417285497002)
identity ('SLCO1B1*31.001&SLCO1B1*20', 0.8968417285497002)
SLCO1B1 ['SLCO1B1*43.002,SLCO1B1*53,SLCO1B1*56,SLCO1B1*45.002,SLCO1B1*28.001,SLCO1B1*54.001,SLCO1B1*30,SLCO1B1*15,SLCO1B1*9,SLCO1B1*32,SLCO1B1*24,SLCO1B1*26.001,SLCO1B1*37.008,SLCO1B1*2,SLCO1B1*58,SLCO1B1*11,SLCO1B1*57.001,SLCO1B1*11.001,SLCO1B1*45.001,SLCO1B1*5,SLCO1B1*15.001,SLCO1B1*37.009,SLCO1B1*1.001,SLCO1B1*2.001,SLCO1B1*36,SLCO1B1*37.006,SLCO1B1*44,SLCO1B1*24.001,SLCO1B1*31.003,SLCO1B1*20', 'SLCO1B1*31.001'] 


0 0 0.5
start type NAT2 for 20230501_PAO22333_barcode13.original_ref...

finish matrix construction
NAT2 read num: 0 mapped allele num: 0
support read number is too low or the mapped allele num is too low for NAT2, skip typing
start type CYP4F2 for 20230501_PAO22333_barcode13.original_ref...

finish matrix construction
CYP4F2 read num: 0 mapped allele num: 0
support read number is too low or the mapped allele num is too low for CYP4F2, skip typing
start type CYP3A5 for 20230501_PAO22333_barcode13.original_ref...

finish matrix construction
CYP3A5 read num: 50 mapped allele num: 37
# allele pairs that pass match len cutoff 666
identity ('CYP3A5*1.002&CYP3A5*3.006', 0.8861789640512189)
identity ('CYP3A5*1.002&CYP3A5*3.013', 0.8861789640512189)
identity ('CYP3A5*1.002&CYP3A5*1.006', 0.8861789640512189)
identity ('CYP3A5*1.002&CYP3A5*3.009', 0.8861789640512189)
identity ('CYP3A5*1.002&CYP3A5*1.005', 0.8861789640512189)
identity ('CYP3A5*1.002&CYP3A5*3.001', 0.8861789640512189)
identity ('CYP3A5*1.002&CYP3A5*6.001', 0.8861789640512189)
identity ('CYP3A5*1.002&CYP3A5*3.019', 0.8861789640512189)
identity ('CYP3A5*1.002&CYP3A5*3.007', 0.8861789640512189)
identity ('CYP3A5*1.002&CYP3A5*7', 0.8861789640512189)
identity ('CYP3A5*1.002&CYP3A5*3.005', 0.8861789640512189)
identity ('CYP3A5*1.002&CYP3A5*3.016', 0.8861789640512189)
identity ('CYP3A5*1.002&CYP3A5*3.010', 0.8861789640512189)
identity ('CYP3A5*1.002&CYP3A5*3.012', 0.8861789640512189)
identity ('CYP3A5*1.002&CYP3A5*3.015', 0.8861789640512189)
identity ('CYP3A5*1.002&CYP3A5*3.002', 0.8861789640512189)
identity ('CYP3A5*1.002&CYP3A5*8', 0.8861789640512189)
identity ('CYP3A5*1.002&CYP3A5*1.009', 0.8861789640512189)
identity ('CYP3A5*1.002&CYP3A5*3.014', 0.8861789640512189)
identity ('CYP3A5*1.002&CYP3A5*3.008', 0.8861789640512189)
identity ('CYP3A5*1.002&CYP3A5*3.021', 0.8861789640512189)
identity ('CYP3A5*1.002&CYP3A5*1.007', 0.8861789640512189)
identity ('CYP3A5*1.002&CYP3A5*3.017', 0.8861789640512189)
identity ('CYP3A5*1.002&CYP3A5*7.001', 0.8861789640512189)
identity ('CYP3A5*1.002&CYP3A5*1.008', 0.8861789640512189)
identity ('CYP3A5*1.002&CYP3A5*1', 0.8861789640512189)
identity ('CYP3A5*1.002&CYP3A5*3.003', 0.8861789640512189)
identity ('CYP3A5*1.002&CYP3A5*9.001', 0.8861789640512189)
identity ('CYP3A5*1.002&CYP3A5*3.020', 0.8861789640512189)
identity ('CYP3A5*1.002&CYP3A5*8.001', 0.8861789640512189)
CYP3A5 ['CYP3A5*1.002,CYP3A5*3.013,CYP3A5*1.006,CYP3A5*3.009,CYP3A5*1.005,CYP3A5*3.001,CYP3A5*3.019,CYP3A5*7,CYP3A5*3.005,CYP3A5*3.016,CYP3A5*3.012,CYP3A5*3.002,CYP3A5*3.008,CYP3A5*3.021,CYP3A5*3.017,CYP3A5*7.001,CYP3A5*1,CYP3A5*9.001,CYP3A5*8.001', 'CYP3A5*3.006,CYP3A5*1.002,CYP3A5*6.001,CYP3A5*3.007,CYP3A5*3.010,CYP3A5*3.015,CYP3A5*8,CYP3A5*1.009,CYP3A5*3.014,CYP3A5*1.007,CYP3A5*1.008,CYP3A5*3.003,CYP3A5*3.020'] 


1 1 0.5
CYP2D6 hete - **** - 


CYP2A13 hete - **** - 


CYP2C8 hete CYP2C8*1.009,CYP2C8*1.001,CYP2C8*13.001,CYP2C8*1.014,CYP2C8*7,CYP2C8*10,CYP2C8*15.001,CYP2C8*8.001,CYP2C8*1.012,CYP2C8*1.010,CYP2C8*1.006,CYP2C8*4.002,CYP2C8*9.001,CYP2C8*6,CYP2C8*1.013,CYP2C8*4,CYP2C8*18,CYP2C8*14.001,CYP2C8*2.001,CYP2C8*16.001,CYP2C8*3.001,CYP2C8*5,CYP2C8*12.001,CYP2C8*17.001,CYP2C8*6.001,CYP2C8*2,CYP2C8*10.001,CYP2C8*3.002,CYP2C8*16,CYP2C8*1.017 **** CYP2C8*15 


CYP2C19 hete CYP2C19*2,CYP2C19*35.002,CYP2C19*9,CYP2C19*2.006,CYP2C19*7.001,CYP2C19*31,CYP2C19*32,CYP2C19*15.002,CYP2C19*3.002,CYP2C19*12.001,CYP2C19*26.001,CYP2C19*9.003,CYP2C19*2.008,CYP2C19*9.001,CYP2C19*1.004,CYP2C19*38.005,CYP2C19*22.001,CYP2C19*13.002,CYP2C19*12,CYP2C19*1.018,CYP2C19*10.001,CYP2C19*1.014,CYP2C19*15,CYP2C19*22,CYP2C19*35,CYP2C19*2.003,CYP2C19*18,CYP2C19*11.001,CYP2C19*2.004,CYP2C19*38 **** CYP2C19*1.016 


CYP2B6 hete CYP2B6*9.001,CYP2B6*41,CYP2B6*1.009,CYP2B6*28,CYP2B6*24,CYP2B6*27.001,CYP2B6*47.001,CYP2B6*36.001,CYP2B6*1.026,CYP2B6*1.038,CYP2B6*6.007,CYP2B6*45,CYP2B6*6.012,CYP2B6*1.023,CYP2B6*44.001,CYP2B6*19.001 **** CYP2B6*6.008,CYP2B6*9.001,CYP2B6*1.018,CYP2B6*1.028,CYP2B6*2.002,CYP2B6*38,CYP2B6*1.007,CYP2B6*39,CYP2B6*1.003,CYP2B6*1,CYP2B6*21,CYP2B6*8.001,CYP2B6*1.024,CYP2B6*11.001,CYP2B6*32,CYP2B6*17 


CYP1A2 hete - **** - 


NUDT15 hete - **** - 


CYP3A4 hete CYP3A4*13,CYP3A4*1.012,CYP3A4*21,CYP3A4*22,CYP3A4*24.001,CYP3A4*4.001,CYP3A4*34,CYP3A4*49,CYP3A4*24,CYP3A4*14,CYP3A4*3.001,CYP3A4*17.001,CYP3A4*32,CYP3A4*26.001,CYP3A4*2.001,CYP3A4*5,CYP3A4*18.001,CYP3A4*6,CYP3A4*34.001 **** CYP3A4*47,CYP3A4*13,CYP3A4*38,CYP3A4*45.001,CYP3A4*12,CYP3A4*14.001,CYP3A4*44,CYP3A4*39.001,CYP3A4*9.001,CYP3A4*49.001,CYP3A4*20,CYP3A4*43.001,CYP3A4*1.003 


CYP2A6 hete - **** - 


CYP2C9 hete CYP2C9*19.001,CYP2C9*28.001,CYP2C9*81.001,CYP2C9*54.001,CYP2C9*35.001,CYP2C9*61,CYP2C9*79.001,CYP2C9*13,CYP2C9*50,CYP2C9*66.001,CYP2C9*21,CYP2C9*80,CYP2C9*81,CYP2C9*60.001,CYP2C9*31.001,CYP2C9*10,CYP2C9*86,CYP2C9*15,CYP2C9*16.001,CYP2C9*1.001,CYP2C9*11.002,CYP2C9*4.001,CYP2C9*58.001,CYP2C9*3.001,CYP2C9*74,CYP2C9*31,CYP2C9*70,CYP2C9*1.005,CYP2C9*1.009,CYP2C9*45.001 **** CYP2C9*1.002 


SLCO1B1 hete SLCO1B1*43.002,SLCO1B1*53,SLCO1B1*56,SLCO1B1*45.002,SLCO1B1*28.001,SLCO1B1*54.001,SLCO1B1*30,SLCO1B1*15,SLCO1B1*9,SLCO1B1*32,SLCO1B1*24,SLCO1B1*26.001,SLCO1B1*37.008,SLCO1B1*2,SLCO1B1*58,SLCO1B1*11,SLCO1B1*57.001,SLCO1B1*11.001,SLCO1B1*45.001,SLCO1B1*5,SLCO1B1*15.001,SLCO1B1*37.009,SLCO1B1*1.001,SLCO1B1*2.001,SLCO1B1*36,SLCO1B1*37.006,SLCO1B1*44,SLCO1B1*24.001,SLCO1B1*31.003,SLCO1B1*20 **** SLCO1B1*31.001 


NAT2 hete - **** - 


CYP4F2 hete - **** - 


CYP3A5 hete CYP3A5*1.002,CYP3A5*3.013,CYP3A5*1.006,CYP3A5*3.009,CYP3A5*1.005,CYP3A5*3.001,CYP3A5*3.019,CYP3A5*7,CYP3A5*3.005,CYP3A5*3.016,CYP3A5*3.012,CYP3A5*3.002,CYP3A5*3.008,CYP3A5*3.021,CYP3A5*3.017,CYP3A5*7.001,CYP3A5*1,CYP3A5*9.001,CYP3A5*8.001 **** CYP3A5*3.006,CYP3A5*1.002,CYP3A5*6.001,CYP3A5*3.007,CYP3A5*3.010,CYP3A5*3.015,CYP3A5*8,CYP3A5*1.009,CYP3A5*3.014,CYP3A5*1.007,CYP3A5*1.008,CYP3A5*3.003,CYP3A5*3.020 


result is /project/home/pouria/opt/src/SpecImmune/runs/ont_chr22/20230501_PAO22333_barcode13.original_ref/20230501_PAO22333_barcode13.original_ref/20230501_PAO22333_barcode13.original_ref.CYP.type.result.txt
{'r': '/project/home/pouria/opt/src/SpecImmune/runs/ont_chr22/20230501_PAO22333_barcode13.original_ref/20230501_PAO22333_barcode13.original_ref.fastq.gz', 'n': '20230501_PAO22333_barcode13.original_ref', 'o': '/project/home/pouria/opt/src/SpecImmune/runs/ont_chr22/20230501_PAO22333_barcode13.original_ref', 'i': 'CYP', 'j': 12, 'k': 5, 'y': 'nanopore', 'db': '/project/home/pouria/opt/src/SpecImmune/scripts/../db/', 'hg38': '/project/shared/inumanag-aldy-ont/GRCh38_no_alts.fa', 'first_run': True, 'min_identity': 0.85, 'hete_p': 0.3, 'candidate_allele_num': 200, 'min_read_num': 2, 'max_read_num': 500, 'RNA_type': 'traditional', 'seq_tech': 'wgs', 'align_method_1': 'bwa', 'align_method_2': 'minimap2', 'iteration': 1, 'dv_sif': None, 'snv_tool': 'longshot', 'drug_recommendation': False, 'visualization': True, 'version': False}
iteration 1
processing CYP2C8 CYP2C8*1.009 1
Contig name replaced successfully.
processing CYP2C8 CYP2C8*15 2
Contig name replaced successfully.
processing CYP2C19 CYP2C19*2 1
Contig name replaced successfully.
processing CYP2C19 CYP2C19*1.016 2
Contig name replaced successfully.
processing CYP2B6 CYP2B6*9.001 1
Contig name replaced successfully.
processing CYP2B6 CYP2B6*6.008 2
Contig name replaced successfully.
processing CYP3A4 CYP3A4*13 1
Contig name replaced successfully.
processing CYP3A4 CYP3A4*47 2
Contig name replaced successfully.
processing CYP2C9 CYP2C9*19.001 1
Contig name replaced successfully.
processing CYP2C9 CYP2C9*1.002 2
Contig name replaced successfully.
processing SLCO1B1 SLCO1B1*43.002 1
Contig name replaced successfully.
processing SLCO1B1 SLCO1B1*31.001 2
Contig name replaced successfully.
processing CYP3A5 CYP3A5*1.002 1
Contig name replaced successfully.
processing CYP3A5 CYP3A5*3.006 2
Contig name replaced successfully.
processing alignment for CYP2C8
processing alignment for CYP2C19
processing alignment for CYP2B6
processing alignment for CYP3A4
processing alignment for CYP2C9
processing alignment for SLCO1B1
processing alignment for CYP3A5
WARNING: hg38 not provided, cannot type CYP genes
start variant pipeline ...
Processing homo CYP2D6
/project/home/pouria/opt/src/SpecImmune/runs/ont_chr22/20230501_PAO22333_barcode13.original_ref/20230501_PAO22333_barcode13.original_ref/Genes_step2//CYP2D6.bam does not exist
Processing homo CYP2A13
/project/home/pouria/opt/src/SpecImmune/runs/ont_chr22/20230501_PAO22333_barcode13.original_ref/20230501_PAO22333_barcode13.original_ref/Genes_step2//CYP2A13.bam does not exist
Processing hete CYP2C8
downsample ratio is 1 for CYP2C8
detect low depth regions...
Mean depth {'CYP2C8_ref1': 4}
Error executing call phase for CYP2C8.0: Command '
        samtools index /project/home/pouria/opt/src/SpecImmune/runs/ont_chr22/20230501_PAO22333_barcode13.original_ref/20230501_PAO22333_barcode13.original_ref/Genes_step2//CYP2C8.0.bam
        python3 /project/home/pouria/opt/src/SpecImmune/scripts/mask_low_depth_region.py -f False -c /project/home/pouria/opt/src/SpecImmune/runs/ont_chr22/20230501_PAO22333_barcode13.original_ref/20230501_PAO22333_barcode13.original_ref/Genes_step2//CYP2C8.0.depth -b /project/home/pouria/opt/src/SpecImmune/runs/ont_chr22/20230501_PAO22333_barcode13.original_ref/20230501_PAO22333_barcode13.original_ref/Genes_step2//CYP2C8.0.low_depth.bed -w 10 -d 1
        
        longshot -F -c 1 -C 100000 -P 0.01 -r CYP2C8_ref1 --bam /project/home/pouria/opt/src/SpecImmune/runs/ont_chr22/20230501_PAO22333_barcode13.original_ref/20230501_PAO22333_barcode13.original_ref/Genes_step2//CYP2C8.0.bam --ref /project/home/pouria/opt/src/SpecImmune/runs/ont_chr22/20230501_PAO22333_barcode13.original_ref/20230501_PAO22333_barcode13.original_ref/individual_ref/CYP2C8/CYP2C8.1.fasta --out /project/home/pouria/opt/src/SpecImmune/runs/ont_chr22/20230501_PAO22333_barcode13.original_ref/20230501_PAO22333_barcode13.original_ref/Genes_step2//20230501_PAO22333_barcode13.original_ref.CYP2C8.0.longshot.vcf
        bgzip -f /project/home/pouria/opt/src/SpecImmune/runs/ont_chr22/20230501_PAO22333_barcode13.original_ref/20230501_PAO22333_barcode13.original_ref/Genes_step2//20230501_PAO22333_barcode13.original_ref.CYP2C8.0.longshot.vcf
        tabix -f /project/home/pouria/opt/src/SpecImmune/runs/ont_chr22/20230501_PAO22333_barcode13.original_ref/20230501_PAO22333_barcode13.original_ref/Genes_step2//20230501_PAO22333_barcode13.original_ref.CYP2C8.0.longshot.vcf.gz

        # samtools dict /project/home/pouria/opt/src/SpecImmune/runs/ont_chr22/20230501_PAO22333_barcode13.original_ref/20230501_PAO22333_barcode13.original_ref/individual_ref/CYP2C8/CYP2C8.1.fasta > /project/home/pouria/opt/src/SpecImmune/runs/ont_chr22/20230501_PAO22333_barcode13.original_ref/20230501_PAO22333_barcode13.original_ref/individual_ref/CYP2C8/CYP2C8.1.dict
        # java -Xmx5g -jar /project/home/pouria/opt/src/SpecImmune/scripts/../packages/GenomeAnalysisTK.jar -T HaplotypeCaller -R /project/home/pouria/opt/src/SpecImmune/runs/ont_chr22/20230501_PAO22333_barcode13.original_ref/20230501_PAO22333_barcode13.original_ref/individual_ref/CYP2C8/CYP2C8.1.fasta -I /project/home/pouria/opt/src/SpecImmune/runs/ont_chr22/20230501_PAO22333_barcode13.original_ref/20230501_PAO22333_barcode13.original_ref/Genes_step2//CYP2C8.0.bam -o /project/home/pouria/opt/src/SpecImmune/runs/ont_chr22/20230501_PAO22333_barcode13.original_ref/20230501_PAO22333_barcode13.original_ref/Genes_step2//20230501_PAO22333_barcode13.original_ref.CYP2C8.0.longshot.raw.vcf.gz  -L CYP2C8_ref1
        # whatshap phase -o /project/home/pouria/opt/src/SpecImmune/runs/ont_chr22/20230501_PAO22333_barcode13.original_ref/20230501_PAO22333_barcode13.original_ref/Genes_step2//20230501_PAO22333_barcode13.original_ref.CYP2C8.0.longshot.vcf.gz -r /project/home/pouria/opt/src/SpecImmune/runs/ont_chr22/20230501_PAO22333_barcode13.original_ref/20230501_PAO22333_barcode13.original_ref/individual_ref/CYP2C8/CYP2C8.1.fasta --indels /project/home/pouria/opt/src/SpecImmune/runs/ont_chr22/20230501_PAO22333_barcode13.original_ref/20230501_PAO22333_barcode13.original_ref/Genes_step2//20230501_PAO22333_barcode13.original_ref.CYP2C8.0.longshot.raw.vcf.gz /project/home/pouria/opt/src/SpecImmune/runs/ont_chr22/20230501_PAO22333_barcode13.original_ref/20230501_PAO22333_barcode13.original_ref/Genes_step2//CYP2C8.0.bam
        # tabix -f /project/home/pouria/opt/src/SpecImmune/runs/ont_chr22/20230501_PAO22333_barcode13.original_ref/20230501_PAO22333_barcode13.original_ref/Genes_step2//20230501_PAO22333_barcode13.original_ref.CYP2C8.0.longshot.vcf.gz
        

        zcat /project/home/pouria/opt/src/SpecImmune/runs/ont_chr22/20230501_PAO22333_barcode13.original_ref/20230501_PAO22333_barcode13.original_ref/Genes_step2//20230501_PAO22333_barcode13.original_ref.CYP2C8.0.longshot.vcf.gz > /project/home/pouria/opt/src/SpecImmune/runs/ont_chr22/20230501_PAO22333_barcode13.original_ref/20230501_PAO22333_barcode13.original_ref/Genes_step2//20230501_PAO22333_barcode13.original_ref.CYP2C8.0.phased.vcf
        bgzip -f /project/home/pouria/opt/src/SpecImmune/runs/ont_chr22/20230501_PAO22333_barcode13.original_ref/20230501_PAO22333_barcode13.original_ref/Genes_step2//20230501_PAO22333_barcode13.original_ref.CYP2C8.0.phased.vcf
        tabix -f /project/home/pouria/opt/src/SpecImmune/runs/ont_chr22/20230501_PAO22333_barcode13.original_ref/20230501_PAO22333_barcode13.original_ref/Genes_step2//20230501_PAO22333_barcode13.original_ref.CYP2C8.0.phased.vcf.gz
        ' returned non-zero exit status 127.

            python3 /project/home/pouria/opt/src/SpecImmune/scripts/remap.py 20230501_PAO22333_barcode13.original_ref CYP /project/home/pouria/opt/src/SpecImmune/runs/ont_chr22/20230501_PAO22333_barcode13.original_ref nanopore wgs traditional 12 /project/home/pouria/opt/src/SpecImmune/scripts/../db//CYP/CYP.full.fasta
            
CYP2D6	1	-	0	False	NA	-
alleles_str ['-']
result : CYP2D6 -
CYP2D6	2	-	0	False	NA	-
alleles_str ['-']
result : CYP2D6 -
CYP2A13	1	-	0	False	NA	-
alleles_str ['-']
result : CYP2A13 -
CYP2A13	2	-	0	False	NA	-
alleles_str ['-']
result : CYP2A13 -
CYP2C8	1	CYP2C8*1.009;CYP2C8*1.001;CYP2C8*13.001;CYP2C8*1.014;CYP2C8*7;CYP2C8*10;CYP2C8*15.001;CYP2C8*8.001;CYP2C8*1.012;CYP2C8*1.010;CYP2C8*1.006;CYP2C8*4.002;CYP2C8*9.001;CYP2C8*6;CYP2C8*1.013;CYP2C8*4;CYP2C8*18;CYP2C8*14.001;CYP2C8*2.001;CYP2C8*16.001;CYP2C8*3.001;CYP2C8*5;CYP2C8*12.001;CYP2C8*17.001;CYP2C8*6.001;CYP2C8*2;CYP2C8*10.001;CYP2C8*3.002;CYP2C8*16;CYP2C8*1.017	16	False	0.5	CYP2C8*1.009;CYP2C8*1.001;CYP2C8*13.001;CYP2C8*1.014;CYP2C8*7;CYP2C8*10;CYP2C8*15.001;CYP2C8*8.001;CYP2C8*1.012;CYP2C8*1.010;CYP2C8*1.006;CYP2C8*4.002;CYP2C8*9.001;CYP2C8*6;CYP2C8*1.013;CYP2C8*4;CYP2C8*18;CYP2C8*14.001;CYP2C8*2.001;CYP2C8*16.001;CYP2C8*3.001;CYP2C8*5;CYP2C8*12.001;CYP2C8*17.001;CYP2C8*6.001;CYP2C8*2;CYP2C8*10.001;CYP2C8*3.002;CYP2C8*16;CYP2C8*1.017
alleles_str ['CYP2C8*1.009', 'CYP2C8*1.001', 'CYP2C8*13.001', 'CYP2C8*1.014', 'CYP2C8*7', 'CYP2C8*10', 'CYP2C8*15.001', 'CYP2C8*8.001', 'CYP2C8*1.012', 'CYP2C8*1.010', 'CYP2C8*1.006', 'CYP2C8*4.002', 'CYP2C8*9.001', 'CYP2C8*6', 'CYP2C8*1.013', 'CYP2C8*4', 'CYP2C8*18', 'CYP2C8*14.001', 'CYP2C8*2.001', 'CYP2C8*16.001', 'CYP2C8*3.001', 'CYP2C8*5', 'CYP2C8*12.001', 'CYP2C8*17.001', 'CYP2C8*6.001', 'CYP2C8*2', 'CYP2C8*10.001', 'CYP2C8*3.002', 'CYP2C8*16', 'CYP2C8*1.017']
result : CYP2C8 CYP2C8*1.009
CYP2C8	2	CYP2C8*15	16	False	0.5	CYP2C8*15
alleles_str ['CYP2C8*15']
result : CYP2C8 CYP2C8*15
CYP2C19	1	CYP2C19*2;CYP2C19*35.002;CYP2C19*9;CYP2C19*2.006;CYP2C19*7.001;CYP2C19*31;CYP2C19*32;CYP2C19*15.002;CYP2C19*3.002;CYP2C19*12.001;CYP2C19*26.001;CYP2C19*9.003;CYP2C19*2.008;CYP2C19*9.001;CYP2C19*1.004;CYP2C19*38.005;CYP2C19*22.001;CYP2C19*13.002;CYP2C19*12;CYP2C19*1.018;CYP2C19*10.001;CYP2C19*1.014;CYP2C19*15;CYP2C19*22;CYP2C19*35;CYP2C19*2.003;CYP2C19*18;CYP2C19*11.001;CYP2C19*2.004;CYP2C19*38	92	False	0.5	CYP2C19*2;CYP2C19*35.002;CYP2C19*9;CYP2C19*2.006;CYP2C19*7.001;CYP2C19*31;CYP2C19*32;CYP2C19*15.002;CYP2C19*3.002;CYP2C19*12.001;CYP2C19*26.001;CYP2C19*9.003;CYP2C19*2.008;CYP2C19*9.001;CYP2C19*1.004;CYP2C19*38.005;CYP2C19*22.001;CYP2C19*13.002;CYP2C19*12;CYP2C19*1.018;CYP2C19*10.001;CYP2C19*1.014;CYP2C19*15;CYP2C19*22;CYP2C19*35;CYP2C19*2.003;CYP2C19*18;CYP2C19*11.001;CYP2C19*2.004;CYP2C19*38
alleles_str ['CYP2C19*2', 'CYP2C19*35.002', 'CYP2C19*9', 'CYP2C19*2.006', 'CYP2C19*7.001', 'CYP2C19*31', 'CYP2C19*32', 'CYP2C19*15.002', 'CYP2C19*3.002', 'CYP2C19*12.001', 'CYP2C19*26.001', 'CYP2C19*9.003', 'CYP2C19*2.008', 'CYP2C19*9.001', 'CYP2C19*1.004', 'CYP2C19*38.005', 'CYP2C19*22.001', 'CYP2C19*13.002', 'CYP2C19*12', 'CYP2C19*1.018', 'CYP2C19*10.001', 'CYP2C19*1.014', 'CYP2C19*15', 'CYP2C19*22', 'CYP2C19*35', 'CYP2C19*2.003', 'CYP2C19*18', 'CYP2C19*11.001', 'CYP2C19*2.004', 'CYP2C19*38']
result : CYP2C19 CYP2C19*2
CYP2C19	2	CYP2C19*1.016	92	False	0.5	CYP2C19*1.016
alleles_str ['CYP2C19*1.016']
result : CYP2C19 CYP2C19*1.016
CYP2B6	1	CYP2B6*9.001;CYP2B6*41;CYP2B6*1.009;CYP2B6*28;CYP2B6*24;CYP2B6*27.001;CYP2B6*47.001;CYP2B6*36.001;CYP2B6*1.026;CYP2B6*1.038;CYP2B6*6.007;CYP2B6*45;CYP2B6*6.012;CYP2B6*1.023;CYP2B6*44.001;CYP2B6*19.001	7	False	0.5	CYP2B6*9.001;CYP2B6*41;CYP2B6*1.009;CYP2B6*28;CYP2B6*24;CYP2B6*27.001;CYP2B6*47.001;CYP2B6*36.001;CYP2B6*1.026;CYP2B6*1.038;CYP2B6*6.007;CYP2B6*45;CYP2B6*6.012;CYP2B6*1.023;CYP2B6*44.001;CYP2B6*19.001
alleles_str ['CYP2B6*9.001', 'CYP2B6*41', 'CYP2B6*1.009', 'CYP2B6*28', 'CYP2B6*24', 'CYP2B6*27.001', 'CYP2B6*47.001', 'CYP2B6*36.001', 'CYP2B6*1.026', 'CYP2B6*1.038', 'CYP2B6*6.007', 'CYP2B6*45', 'CYP2B6*6.012', 'CYP2B6*1.023', 'CYP2B6*44.001', 'CYP2B6*19.001']
result : CYP2B6 CYP2B6*9.001
CYP2B6	2	CYP2B6*6.008;CYP2B6*9.001;CYP2B6*1.018;CYP2B6*1.028;CYP2B6*2.002;CYP2B6*38;CYP2B6*1.007;CYP2B6*39;CYP2B6*1.003;CYP2B6*1;CYP2B6*21;CYP2B6*8.001;CYP2B6*1.024;CYP2B6*11.001;CYP2B6*32;CYP2B6*17	7	False	0.5	CYP2B6*6.008;CYP2B6*9.001;CYP2B6*1.018;CYP2B6*1.028;CYP2B6*2.002;CYP2B6*38;CYP2B6*1.007;CYP2B6*39;CYP2B6*1.003;CYP2B6*1;CYP2B6*21;CYP2B6*8.001;CYP2B6*1.024;CYP2B6*11.001;CYP2B6*32;CYP2B6*17
alleles_str ['CYP2B6*6.008', 'CYP2B6*9.001', 'CYP2B6*1.018', 'CYP2B6*1.028', 'CYP2B6*2.002', 'CYP2B6*38', 'CYP2B6*1.007', 'CYP2B6*39', 'CYP2B6*1.003', 'CYP2B6*1', 'CYP2B6*21', 'CYP2B6*8.001', 'CYP2B6*1.024', 'CYP2B6*11.001', 'CYP2B6*32', 'CYP2B6*17']
result : CYP2B6 CYP2B6*6.008
CYP1A2	1	-	0	False	NA	-
alleles_str ['-']
result : CYP1A2 -
CYP1A2	2	-	0	False	NA	-
alleles_str ['-']
result : CYP1A2 -
NUDT15	1	-	0	False	NA	-
alleles_str ['-']
result : NUDT15 -
NUDT15	2	-	0	False	NA	-
alleles_str ['-']
result : NUDT15 -
CYP3A4	1	CYP3A4*13;CYP3A4*1.012;CYP3A4*21;CYP3A4*22;CYP3A4*24.001;CYP3A4*4.001;CYP3A4*34;CYP3A4*49;CYP3A4*24;CYP3A4*14;CYP3A4*3.001;CYP3A4*17.001;CYP3A4*32;CYP3A4*26.001;CYP3A4*2.001;CYP3A4*5;CYP3A4*18.001;CYP3A4*6;CYP3A4*34.001	14	False	0.5	CYP3A4*13;CYP3A4*1.012;CYP3A4*21;CYP3A4*22;CYP3A4*24.001;CYP3A4*4.001;CYP3A4*34;CYP3A4*49;CYP3A4*24;CYP3A4*14;CYP3A4*3.001;CYP3A4*17.001;CYP3A4*32;CYP3A4*26.001;CYP3A4*2.001;CYP3A4*5;CYP3A4*18.001;CYP3A4*6;CYP3A4*34.001
alleles_str ['CYP3A4*13', 'CYP3A4*1.012', 'CYP3A4*21', 'CYP3A4*22', 'CYP3A4*24.001', 'CYP3A4*4.001', 'CYP3A4*34', 'CYP3A4*49', 'CYP3A4*24', 'CYP3A4*14', 'CYP3A4*3.001', 'CYP3A4*17.001', 'CYP3A4*32', 'CYP3A4*26.001', 'CYP3A4*2.001', 'CYP3A4*5', 'CYP3A4*18.001', 'CYP3A4*6', 'CYP3A4*34.001']
result : CYP3A4 CYP3A4*13
CYP3A4	2	CYP3A4*47;CYP3A4*13;CYP3A4*38;CYP3A4*45.001;CYP3A4*12;CYP3A4*14.001;CYP3A4*44;CYP3A4*39.001;CYP3A4*9.001;CYP3A4*49.001;CYP3A4*20;CYP3A4*43.001;CYP3A4*1.003	14	False	0.5	CYP3A4*47;CYP3A4*13;CYP3A4*38;CYP3A4*45.001;CYP3A4*12;CYP3A4*14.001;CYP3A4*44;CYP3A4*39.001;CYP3A4*9.001;CYP3A4*49.001;CYP3A4*20;CYP3A4*43.001;CYP3A4*1.003
alleles_str ['CYP3A4*47', 'CYP3A4*13', 'CYP3A4*38', 'CYP3A4*45.001', 'CYP3A4*12', 'CYP3A4*14.001', 'CYP3A4*44', 'CYP3A4*39.001', 'CYP3A4*9.001', 'CYP3A4*49.001', 'CYP3A4*20', 'CYP3A4*43.001', 'CYP3A4*1.003']
result : CYP3A4 CYP3A4*47
CYP2A6	1	-	0	False	NA	-
alleles_str ['-']
result : CYP2A6 -
CYP2A6	2	-	0	False	NA	-
alleles_str ['-']
result : CYP2A6 -
CYP2C9	1	CYP2C9*19.001;CYP2C9*28.001;CYP2C9*81.001;CYP2C9*54.001;CYP2C9*35.001;CYP2C9*61;CYP2C9*79.001;CYP2C9*13;CYP2C9*50;CYP2C9*66.001;CYP2C9*21;CYP2C9*80;CYP2C9*81;CYP2C9*60.001;CYP2C9*31.001;CYP2C9*10;CYP2C9*86;CYP2C9*15;CYP2C9*16.001;CYP2C9*1.001;CYP2C9*11.002;CYP2C9*4.001;CYP2C9*58.001;CYP2C9*3.001;CYP2C9*74;CYP2C9*31;CYP2C9*70;CYP2C9*1.005;CYP2C9*1.009;CYP2C9*45.001	12	False	0.5	CYP2C9*19.001;CYP2C9*28.001;CYP2C9*81.001;CYP2C9*54.001;CYP2C9*35.001;CYP2C9*61;CYP2C9*79.001;CYP2C9*13;CYP2C9*50;CYP2C9*66.001;CYP2C9*21;CYP2C9*80;CYP2C9*81;CYP2C9*60.001;CYP2C9*31.001;CYP2C9*10;CYP2C9*86;CYP2C9*15;CYP2C9*16.001;CYP2C9*1.001;CYP2C9*11.002;CYP2C9*4.001;CYP2C9*58.001;CYP2C9*3.001;CYP2C9*74;CYP2C9*31;CYP2C9*70;CYP2C9*1.005;CYP2C9*1.009;CYP2C9*45.001
alleles_str ['CYP2C9*19.001', 'CYP2C9*28.001', 'CYP2C9*81.001', 'CYP2C9*54.001', 'CYP2C9*35.001', 'CYP2C9*61', 'CYP2C9*79.001', 'CYP2C9*13', 'CYP2C9*50', 'CYP2C9*66.001', 'CYP2C9*21', 'CYP2C9*80', 'CYP2C9*81', 'CYP2C9*60.001', 'CYP2C9*31.001', 'CYP2C9*10', 'CYP2C9*86', 'CYP2C9*15', 'CYP2C9*16.001', 'CYP2C9*1.001', 'CYP2C9*11.002', 'CYP2C9*4.001', 'CYP2C9*58.001', 'CYP2C9*3.001', 'CYP2C9*74', 'CYP2C9*31', 'CYP2C9*70', 'CYP2C9*1.005', 'CYP2C9*1.009', 'CYP2C9*45.001']
result : CYP2C9 CYP2C9*19.001
CYP2C9	2	CYP2C9*1.002	12	False	0.5	CYP2C9*1.002
alleles_str ['CYP2C9*1.002']
result : CYP2C9 CYP2C9*1.002
SLCO1B1	1	SLCO1B1*43.002;SLCO1B1*53;SLCO1B1*56;SLCO1B1*45.002;SLCO1B1*28.001;SLCO1B1*54.001;SLCO1B1*30;SLCO1B1*15;SLCO1B1*9;SLCO1B1*32;SLCO1B1*24;SLCO1B1*26.001;SLCO1B1*37.008;SLCO1B1*2;SLCO1B1*58;SLCO1B1*11;SLCO1B1*57.001;SLCO1B1*11.001;SLCO1B1*45.001;SLCO1B1*5;SLCO1B1*15.001;SLCO1B1*37.009;SLCO1B1*1.001;SLCO1B1*2.001;SLCO1B1*36;SLCO1B1*37.006;SLCO1B1*44;SLCO1B1*24.001;SLCO1B1*31.003;SLCO1B1*20	27	False	0.5	SLCO1B1*43.002;SLCO1B1*53;SLCO1B1*56;SLCO1B1*45.002;SLCO1B1*28.001;SLCO1B1*54.001;SLCO1B1*30;SLCO1B1*15;SLCO1B1*9;SLCO1B1*32;SLCO1B1*24;SLCO1B1*26.001;SLCO1B1*37.008;SLCO1B1*2;SLCO1B1*58;SLCO1B1*11;SLCO1B1*57.001;SLCO1B1*11.001;SLCO1B1*45.001;SLCO1B1*5;SLCO1B1*15.001;SLCO1B1*37.009;SLCO1B1*1.001;SLCO1B1*2.001;SLCO1B1*36;SLCO1B1*37.006;SLCO1B1*44;SLCO1B1*24.001;SLCO1B1*31.003;SLCO1B1*20
alleles_str ['SLCO1B1*43.002', 'SLCO1B1*53', 'SLCO1B1*56', 'SLCO1B1*45.002', 'SLCO1B1*28.001', 'SLCO1B1*54.001', 'SLCO1B1*30', 'SLCO1B1*15', 'SLCO1B1*9', 'SLCO1B1*32', 'SLCO1B1*24', 'SLCO1B1*26.001', 'SLCO1B1*37.008', 'SLCO1B1*2', 'SLCO1B1*58', 'SLCO1B1*11', 'SLCO1B1*57.001', 'SLCO1B1*11.001', 'SLCO1B1*45.001', 'SLCO1B1*5', 'SLCO1B1*15.001', 'SLCO1B1*37.009', 'SLCO1B1*1.001', 'SLCO1B1*2.001', 'SLCO1B1*36', 'SLCO1B1*37.006', 'SLCO1B1*44', 'SLCO1B1*24.001', 'SLCO1B1*31.003', 'SLCO1B1*20']
result : SLCO1B1 SLCO1B1*43.002
SLCO1B1	2	SLCO1B1*31.001	27	False	0.5	SLCO1B1*31.001
alleles_str ['SLCO1B1*31.001']
result : SLCO1B1 SLCO1B1*31.001
NAT2	1	-	0	False	NA	-
alleles_str ['-']
result : NAT2 -
NAT2	2	-	0	False	NA	-
alleles_str ['-']
result : NAT2 -
CYP4F2	1	-	0	False	NA	-
alleles_str ['-']
result : CYP4F2 -
CYP4F2	2	-	0	False	NA	-
alleles_str ['-']
result : CYP4F2 -
CYP3A5	1	CYP3A5*1.002;CYP3A5*3.013;CYP3A5*1.006;CYP3A5*3.009;CYP3A5*1.005;CYP3A5*3.001;CYP3A5*3.019;CYP3A5*7;CYP3A5*3.005;CYP3A5*3.016;CYP3A5*3.012;CYP3A5*3.002;CYP3A5*3.008;CYP3A5*3.021;CYP3A5*3.017;CYP3A5*7.001;CYP3A5*1;CYP3A5*9.001;CYP3A5*8.001	50	False	0.5	CYP3A5*1.002;CYP3A5*3.013;CYP3A5*1.006;CYP3A5*3.009;CYP3A5*1.005;CYP3A5*3.001;CYP3A5*3.019;CYP3A5*7;CYP3A5*3.005;CYP3A5*3.016;CYP3A5*3.012;CYP3A5*3.002;CYP3A5*3.008;CYP3A5*3.021;CYP3A5*3.017;CYP3A5*7.001;CYP3A5*1;CYP3A5*9.001;CYP3A5*8.001
alleles_str ['CYP3A5*1.002', 'CYP3A5*3.013', 'CYP3A5*1.006', 'CYP3A5*3.009', 'CYP3A5*1.005', 'CYP3A5*3.001', 'CYP3A5*3.019', 'CYP3A5*7', 'CYP3A5*3.005', 'CYP3A5*3.016', 'CYP3A5*3.012', 'CYP3A5*3.002', 'CYP3A5*3.008', 'CYP3A5*3.021', 'CYP3A5*3.017', 'CYP3A5*7.001', 'CYP3A5*1', 'CYP3A5*9.001', 'CYP3A5*8.001']
result : CYP3A5 CYP3A5*1.002
CYP3A5	2	CYP3A5*3.006;CYP3A5*1.002;CYP3A5*6.001;CYP3A5*3.007;CYP3A5*3.010;CYP3A5*3.015;CYP3A5*8;CYP3A5*1.009;CYP3A5*3.014;CYP3A5*1.007;CYP3A5*1.008;CYP3A5*3.003;CYP3A5*3.020	50	False	0.5	CYP3A5*3.006;CYP3A5*1.002;CYP3A5*6.001;CYP3A5*3.007;CYP3A5*3.010;CYP3A5*3.015;CYP3A5*8;CYP3A5*1.009;CYP3A5*3.014;CYP3A5*1.007;CYP3A5*1.008;CYP3A5*3.003;CYP3A5*3.020
alleles_str ['CYP3A5*3.006', 'CYP3A5*1.002', 'CYP3A5*6.001', 'CYP3A5*3.007', 'CYP3A5*3.010', 'CYP3A5*3.015', 'CYP3A5*8', 'CYP3A5*1.009', 'CYP3A5*3.014', 'CYP3A5*1.007', 'CYP3A5*1.008', 'CYP3A5*3.003', 'CYP3A5*3.020']
result : CYP3A5 CYP3A5*3.006

            python3 /project/home/pouria/opt/src/SpecImmune/scripts/remap_allele.py 20230501_PAO22333_barcode13.original_ref CYP /project/home/pouria/opt/src/SpecImmune/runs/ont_chr22/20230501_PAO22333_barcode13.original_ref nanopore wgs traditional 12 /project/home/pouria/opt/src/SpecImmune/scripts/../db//CYP/CYP.full.fasta
            

            python3 /project/home/pouria/opt/src/SpecImmune/scripts/visualization.py 20230501_PAO22333_barcode13.original_ref CYP /project/home/pouria/opt/src/SpecImmune/runs/ont_chr22/20230501_PAO22333_barcode13.original_ref nanopore wgs traditional 12 /project/home/pouria/opt/src/SpecImmune/scripts/../db//CYP/CYP.full.fasta
            
alleles_str ['-']
result : CYP2D6 -
alleles_str ['-']
result : CYP2D6 -
alleles_str ['-']
result : CYP2A13 -
alleles_str ['-']
result : CYP2A13 -
alleles_str ['CYP2C8*1.009', 'CYP2C8*1.001', 'CYP2C8*13.001', 'CYP2C8*1.014', 'CYP2C8*7', 'CYP2C8*10', 'CYP2C8*15.001', 'CYP2C8*8.001', 'CYP2C8*1.012', 'CYP2C8*1.010', 'CYP2C8*1.006', 'CYP2C8*4.002', 'CYP2C8*9.001', 'CYP2C8*6', 'CYP2C8*1.013', 'CYP2C8*4', 'CYP2C8*18', 'CYP2C8*14.001', 'CYP2C8*2.001', 'CYP2C8*16.001', 'CYP2C8*3.001', 'CYP2C8*5', 'CYP2C8*12.001', 'CYP2C8*17.001', 'CYP2C8*6.001', 'CYP2C8*2', 'CYP2C8*10.001', 'CYP2C8*3.002', 'CYP2C8*16', 'CYP2C8*1.017']
result : CYP2C8 CYP2C8*1.009
alleles_str ['CYP2C8*15']
result : CYP2C8 CYP2C8*15
alleles_str ['CYP2C19*2', 'CYP2C19*35.002', 'CYP2C19*9', 'CYP2C19*2.006', 'CYP2C19*7.001', 'CYP2C19*31', 'CYP2C19*32', 'CYP2C19*15.002', 'CYP2C19*3.002', 'CYP2C19*12.001', 'CYP2C19*26.001', 'CYP2C19*9.003', 'CYP2C19*2.008', 'CYP2C19*9.001', 'CYP2C19*1.004', 'CYP2C19*38.005', 'CYP2C19*22.001', 'CYP2C19*13.002', 'CYP2C19*12', 'CYP2C19*1.018', 'CYP2C19*10.001', 'CYP2C19*1.014', 'CYP2C19*15', 'CYP2C19*22', 'CYP2C19*35', 'CYP2C19*2.003', 'CYP2C19*18', 'CYP2C19*11.001', 'CYP2C19*2.004', 'CYP2C19*38']
result : CYP2C19 CYP2C19*2
alleles_str ['CYP2C19*1.016']
result : CYP2C19 CYP2C19*1.016
alleles_str ['CYP2B6*9.001', 'CYP2B6*41', 'CYP2B6*1.009', 'CYP2B6*28', 'CYP2B6*24', 'CYP2B6*27.001', 'CYP2B6*47.001', 'CYP2B6*36.001', 'CYP2B6*1.026', 'CYP2B6*1.038', 'CYP2B6*6.007', 'CYP2B6*45', 'CYP2B6*6.012', 'CYP2B6*1.023', 'CYP2B6*44.001', 'CYP2B6*19.001']
result : CYP2B6 CYP2B6*9.001
alleles_str ['CYP2B6*6.008', 'CYP2B6*9.001', 'CYP2B6*1.018', 'CYP2B6*1.028', 'CYP2B6*2.002', 'CYP2B6*38', 'CYP2B6*1.007', 'CYP2B6*39', 'CYP2B6*1.003', 'CYP2B6*1', 'CYP2B6*21', 'CYP2B6*8.001', 'CYP2B6*1.024', 'CYP2B6*11.001', 'CYP2B6*32', 'CYP2B6*17']
result : CYP2B6 CYP2B6*6.008
alleles_str ['-']
result : CYP1A2 -
alleles_str ['-']
result : CYP1A2 -
alleles_str ['-']
result : NUDT15 -
alleles_str ['-']
result : NUDT15 -
alleles_str ['CYP3A4*13', 'CYP3A4*1.012', 'CYP3A4*21', 'CYP3A4*22', 'CYP3A4*24.001', 'CYP3A4*4.001', 'CYP3A4*34', 'CYP3A4*49', 'CYP3A4*24', 'CYP3A4*14', 'CYP3A4*3.001', 'CYP3A4*17.001', 'CYP3A4*32', 'CYP3A4*26.001', 'CYP3A4*2.001', 'CYP3A4*5', 'CYP3A4*18.001', 'CYP3A4*6', 'CYP3A4*34.001']
result : CYP3A4 CYP3A4*13
alleles_str ['CYP3A4*47', 'CYP3A4*13', 'CYP3A4*38', 'CYP3A4*45.001', 'CYP3A4*12', 'CYP3A4*14.001', 'CYP3A4*44', 'CYP3A4*39.001', 'CYP3A4*9.001', 'CYP3A4*49.001', 'CYP3A4*20', 'CYP3A4*43.001', 'CYP3A4*1.003']
result : CYP3A4 CYP3A4*47
alleles_str ['-']
result : CYP2A6 -
alleles_str ['-']
result : CYP2A6 -
alleles_str ['CYP2C9*19.001', 'CYP2C9*28.001', 'CYP2C9*81.001', 'CYP2C9*54.001', 'CYP2C9*35.001', 'CYP2C9*61', 'CYP2C9*79.001', 'CYP2C9*13', 'CYP2C9*50', 'CYP2C9*66.001', 'CYP2C9*21', 'CYP2C9*80', 'CYP2C9*81', 'CYP2C9*60.001', 'CYP2C9*31.001', 'CYP2C9*10', 'CYP2C9*86', 'CYP2C9*15', 'CYP2C9*16.001', 'CYP2C9*1.001', 'CYP2C9*11.002', 'CYP2C9*4.001', 'CYP2C9*58.001', 'CYP2C9*3.001', 'CYP2C9*74', 'CYP2C9*31', 'CYP2C9*70', 'CYP2C9*1.005', 'CYP2C9*1.009', 'CYP2C9*45.001']
result : CYP2C9 CYP2C9*19.001
alleles_str ['CYP2C9*1.002']
result : CYP2C9 CYP2C9*1.002
alleles_str ['SLCO1B1*43.002', 'SLCO1B1*53', 'SLCO1B1*56', 'SLCO1B1*45.002', 'SLCO1B1*28.001', 'SLCO1B1*54.001', 'SLCO1B1*30', 'SLCO1B1*15', 'SLCO1B1*9', 'SLCO1B1*32', 'SLCO1B1*24', 'SLCO1B1*26.001', 'SLCO1B1*37.008', 'SLCO1B1*2', 'SLCO1B1*58', 'SLCO1B1*11', 'SLCO1B1*57.001', 'SLCO1B1*11.001', 'SLCO1B1*45.001', 'SLCO1B1*5', 'SLCO1B1*15.001', 'SLCO1B1*37.009', 'SLCO1B1*1.001', 'SLCO1B1*2.001', 'SLCO1B1*36', 'SLCO1B1*37.006', 'SLCO1B1*44', 'SLCO1B1*24.001', 'SLCO1B1*31.003', 'SLCO1B1*20']
result : SLCO1B1 SLCO1B1*43.002
alleles_str ['SLCO1B1*31.001']
result : SLCO1B1 SLCO1B1*31.001
alleles_str ['-']
result : NAT2 -
alleles_str ['-']
result : NAT2 -
alleles_str ['-']
result : CYP4F2 -
alleles_str ['-']
result : CYP4F2 -
alleles_str ['CYP3A5*1.002', 'CYP3A5*3.013', 'CYP3A5*1.006', 'CYP3A5*3.009', 'CYP3A5*1.005', 'CYP3A5*3.001', 'CYP3A5*3.019', 'CYP3A5*7', 'CYP3A5*3.005', 'CYP3A5*3.016', 'CYP3A5*3.012', 'CYP3A5*3.002', 'CYP3A5*3.008', 'CYP3A5*3.021', 'CYP3A5*3.017', 'CYP3A5*7.001', 'CYP3A5*1', 'CYP3A5*9.001', 'CYP3A5*8.001']
result : CYP3A5 CYP3A5*1.002
alleles_str ['CYP3A5*3.006', 'CYP3A5*1.002', 'CYP3A5*6.001', 'CYP3A5*3.007', 'CYP3A5*3.010', 'CYP3A5*3.015', 'CYP3A5*8', 'CYP3A5*1.009', 'CYP3A5*3.014', 'CYP3A5*1.007', 'CYP3A5*1.008', 'CYP3A5*3.003', 'CYP3A5*3.020']
result : CYP3A5 CYP3A5*3.006
refine bam...
2026-01-07 19:33:49,422 | INFO | Processing /project/home/pouria/opt/src/SpecImmune/runs/ont_chr22/20230501_PAO22333_barcode13.original_ref/20230501_PAO22333_barcode13.original_ref/20230501_PAO22333_barcode13.original_ref.refined.sorted.bam
2026-01-07 19:33:57,073 | WARNING | Query names do not look like HiFi reads -- use "consensus" mode for consensus
2026-01-07 19:33:57,074 | INFO | Identifying SV signatures
2026-01-07 19:34:00,413 | INFO | Phasing and Calling Alleles
2026-01-07 19:34:00,414 | DEBUG | Calling noSV
2026-01-07 19:34:00,414 | INFO | Calling noSV
2026-01-07 19:34:00,414 | INFO | Attempting to phase 99 noSV reads
2026-01-07 19:34:00,414 | DEBUG | Reseting HP for 99 noSV  reads
2026-01-07 19:34:02,086 | DEBUG | Positions used for read clustering: [42120523, 42120617, 42121411, 42121451, 42121684, 42122242, 42122403, 42122682, 42123597, 42123598, 42123630, 42123642, 42123651, 42124034, 42124105, 42124381, 42124432, 42124640, 42124683, 42124797, 42125138, 42125187, 42125200, 42125204, 42125248, 42125251, 42125310, 42125418, 42125420, 42125619, 42125629, 42125639, 42125737, 42125785, 42125786, 42126085, 42126112, 42126115, 42126117, 42126131, 42126267, 42126269, 42126299, 42126309, 42126379, 42126499, 42126500, 42126559, 42126560, 42126561, 42126695, 42126697, 42126773, 42126777, 42126822, 42126829, 42126927, 42126936, 42126979, 42126985, 42127000, 42127031, 42127206, 42127244, 42127252, 42127342, 42127343, 42127365, 42127416, 42127461, 42127505, 42127607, 42127655, 42127663, 42127678, 42127720, 42127721, 42127794, 42127838, 42127985, 42128002, 42128086, 42128095, 42128498, 42128527, 42128575, 42128667, 42128754, 42128767, 42128770, 42128779, 42128825, 42128859, 42128932, 42128935, 42128941, 42128977, 42129016, 42129107, 42129131, 42129137, 42129168, 42129316, 42129361, 42129366, 42129477, 42129569, 42129571, 42129603, 42129757, 42129799, 42129820, 42129846, 42129910, 42129932, 42129938, 42129973, 42129976, 42129988, 42129989, 42129996, 42130065, 42130066, 42130104, 42130123, 42130126, 42130131, 42130138, 42130344, 42130355, 42130441, 42130503, 42130546, 42130558, 42130559, 42130564, 42130568, 42130570, 42130577, 42130738, 42130782, 42130875, 42130966, 42130981, 42131004, 42131028, 42131072, 42131073, 42131074, 42131075, 42131083, 42131116, 42131135, 42131144, 42131151, 42131211, 42131310, 42131376, 42131449, 42131468, 42131538, 42131586, 42131639, 42131692, 42131694, 42131846, 42131872, 42131894, 42132085, 42132198, 42132208, 42132374, 42132384, 42132417, 42132480, 42132482, 42132543, 42132560, 42132912, 42132968, 42132974, 42133322, 42133329, 42133467, 42133574, 42133905, 42134676, 42135057, 42135082, 42135335, 42136257]
clusters hifi_read                             is_primary
ae807e58-4e25-41a2-b096-6f643ca565c3  True          0
c42df17f-23b0-4a7d-a1fa-c4c5206c342f  True          0
763ecd4e-068c-4bda-a9b7-9d651c536ded  True          0
d38516d8-ce91-40f1-ae6f-e1a195ee9fa7  True          0
7a33aa84-b6b4-4471-8396-d99ec7525510  True          0
                                                   ..
015e52af-1550-4d60-a36d-b2015aecf563  True          0
99989d3f-65bf-4127-b9a8-b068bc3a5710  True          0
f6e5f52f-cb9f-40ca-bae7-27763996e6b7  True          0
44fbd6dc-3836-4e4c-9ee4-13c491181380  True          0
6d18fad3-ecd3-4b58-9e2f-8b6c6c3b8cd0  True          0
Name: HP, Length: 99, dtype: int64
2026-01-07 19:34:05,228 | DEBUG | Calling duplicate
2026-01-07 19:34:05,228 | INFO | Calling duplicate
2026-01-07 19:34:05,229 | INFO | Attempting to phase 8 duplicate reads
2026-01-07 19:34:05,229 | DEBUG | Reseting HP for 8 duplicate  reads
2026-01-07 19:34:05,265 | DEBUG | Positions used for read clustering: [42134424]
2026-01-07 19:34:05,275 | INFO | Rejecting phasing because 2 group(s) cover < 0.9 of the gene at >=3 reads
clusters None
2026-01-07 19:34:06,457 | WARNING | LOW COVERAGE VARIANTS CALLED
2026-01-07 19:34:06,479 | DEBUG | Reseting HP for 8 duplicate  reads
2026-01-07 19:34:06,519 | DEBUG | Positions used for read clustering: [42134424]
2026-01-07 19:34:06,529 | INFO | Rejecting phasing because 2 group(s) cover < 0.9 of the gene at >=3 reads
2026-01-07 19:34:06,530 | DEBUG | Alleles Identified: {'noSV': {'noSV_0': ('*29', '*2', '*34', '*39', '*107'), 'noSV_1': ('*2', '*34', '*39'), 'noSV_2': ('*1',)}, 'duplicate': {'duplicate_1': ('*1',)}}
2026-01-07 19:34:06,530 | INFO | Calling Diplotype
2026-01-07 19:34:06,530 | DEBUG | Hybrid calls: Counter() self.haplotypes [('*1x2', ['duplicate_1', 'noSV_2'])]
2026-01-07 19:34:06,530 | DEBUG | self.haplotypes [('*1x2', ['duplicate_1', 'noSV_2'])]
2026-01-07 19:34:06,530 | ERROR | Extra haplotypes called: [('*1x2', ['duplicate_1', 'noSV_2']), ('*2', ['noSV_1']), ('*29', ['noSV_0'])]
2026-01-07 19:34:06,531 | INFO | Diplotype called: CYP2D6 *1x2/*2/*29
2026-01-07 19:34:07,754 | WARNING | 3589 bases in variant region with no coverage
2026-01-07 19:34:07,754 | WARNING | 3900 bases in variant region with coverage < 3
2026-01-07 19:34:10,293 | WARNING | No reads assigned to the label noSV_2 for *1
2026-01-07 19:34:10,299 | INFO | Exporting /project/home/pouria/opt/src/SpecImmune/runs/ont_chr22/20230501_PAO22333_barcode13.original_ref/20230501_PAO22333_barcode13.original_ref/20230501_PAO22333_barcode13.original_ref_labeledReads.bam
{'CYP2D6', 'haplotype_2_2', 'haplotype_1a_1', 'No_Label', 'haplotype_3_29'}
{'noSV_0', 'noSV_1', 'duplicate_1', 'noHap'}
[OK] Finished 20230501_PAO22333_barcode13.original_ref
