[M::bam2fq_mainloop] discarded 0 singletons
[M::bam2fq_mainloop] processed 14256 reads
[M::mm_idx_gen::0.228*1.01] collected minimizers
[M::mm_idx_gen::0.251*1.82] sorted minimizers
[M::main::0.251*1.82] loaded/built the index for 553 target sequence(s)
[M::mm_mapopt_update::0.252*1.81] mid_occ = 2213
[M::mm_idx_stat] kmer size: 15; skip: 10; is_hpc: 0; #seq: 553
[M::mm_idx_stat::0.252*1.81] distinct minimizers: 3211 (13.77% are singletons); average occurrences: 357.246; average spacing: 5.453; total length: 6255536
[M::main] Version: 2.24-r1122
[M::main] CMD: minimap2 -t 12 -x map-ont -E 8,4 -p 0.1 -N 100000 -a /project/home/pouria/opt/src/SpecImmune/scripts/../db//CYP/CYP2D6/CYP2D6.fasta /project/home/pouria/opt/src/SpecImmune/runs/ont_chr22/20230501_PAO22333_barcode14/20230501_PAO22333_barcode14/Reads//CYP2D6.long_read.sub.fq
[M::main] Real time: 0.259 sec; CPU: 0.464 sec; Peak RSS: 0.052 GB
[M::mm_idx_gen::0.034*1.16] collected minimizers
[M::mm_idx_gen::0.040*2.21] sorted minimizers
[M::main::0.040*2.21] loaded/built the index for 31 target sequence(s)
[M::mm_mapopt_update::0.040*2.19] mid_occ = 838
[M::mm_idx_stat] kmer size: 15; skip: 10; is_hpc: 0; #seq: 31
[M::mm_idx_stat::0.041*2.18] distinct minimizers: 2845 (1.51% are singletons); average occurrences: 30.637; average spacing: 5.240; total length: 456698
[M::main] Version: 2.24-r1122
[M::main] CMD: minimap2 -t 12 -x map-ont -E 8,4 -p 0.1 -N 100000 -a /project/home/pouria/opt/src/SpecImmune/scripts/../db//CYP/CYP2A13/CYP2A13.fasta /project/home/pouria/opt/src/SpecImmune/runs/ont_chr22/20230501_PAO22333_barcode14/20230501_PAO22333_barcode14/Reads//CYP2A13.long_read.sub.fq
[M::main] Real time: 0.043 sec; CPU: 0.091 sec; Peak RSS: 0.005 GB
[M::mm_idx_gen::0.117*1.04] collected minimizers
[M::mm_idx_gen::0.131*1.87] sorted minimizers
[M::main::0.131*1.86] loaded/built the index for 56 target sequence(s)
[M::mm_mapopt_update::0.132*1.86] mid_occ = 785
[M::mm_idx_stat] kmer size: 15; skip: 10; is_hpc: 0; #seq: 56
[M::mm_idx_stat::0.133*1.85] distinct minimizers: 7510 (0.36% are singletons); average occurrences: 55.735; average spacing: 5.315; total length: 2224652
[M::main] Version: 2.24-r1122
[M::main] CMD: minimap2 -t 12 -x map-ont -E 8,4 -p 0.1 -N 100000 -a /project/home/pouria/opt/src/SpecImmune/scripts/../db//CYP/CYP2C8/CYP2C8.fasta /project/home/pouria/opt/src/SpecImmune/runs/ont_chr22/20230501_PAO22333_barcode14/20230501_PAO22333_barcode14/Reads//CYP2C8.long_read.sub.fq
[M::main] Real time: 0.136 sec; CPU: 0.249 sec; Peak RSS: 0.019 GB
[M::mm_idx_gen::0.367*1.01] collected minimizers
[M::mm_idx_gen::0.439*2.72] sorted minimizers
[M::main::0.439*2.71] loaded/built the index for 120 target sequence(s)
[M::mm_mapopt_update::0.441*2.71] mid_occ = 721
[M::mm_idx_stat] kmer size: 15; skip: 10; is_hpc: 0; #seq: 120
[M::mm_idx_stat::0.442*2.70] distinct minimizers: 17310 (0.78% are singletons); average occurrences: 131.008; average spacing: 5.285; total length: 11984512
[M::main] Version: 2.24-r1122
[M::main] CMD: minimap2 -t 12 -x map-ont -E 8,4 -p 0.1 -N 100000 -a /project/home/pouria/opt/src/SpecImmune/scripts/../db//CYP/CYP2C19/CYP2C19.fasta /project/home/pouria/opt/src/SpecImmune/runs/ont_chr22/20230501_PAO22333_barcode14/20230501_PAO22333_barcode14/Reads//CYP2C19.long_read.sub.fq
[M::main] Real time: 0.448 sec; CPU: 1.201 sec; Peak RSS: 0.088 GB
[M::mm_idx_gen::0.220*1.02] collected minimizers
[M::mm_idx_gen::0.257*2.48] sorted minimizers
[M::main::0.257*2.47] loaded/built the index for 158 target sequence(s)
[M::mm_mapopt_update::0.258*2.47] mid_occ = 1581
[M::mm_idx_stat] kmer size: 15; skip: 10; is_hpc: 0; #seq: 158
[M::mm_idx_stat::0.259*2.46] distinct minimizers: 6595 (1.24% are singletons); average occurrences: 155.282; average spacing: 5.261; total length: 5387484
[M::main] Version: 2.24-r1122
[M::main] CMD: minimap2 -t 12 -x map-ont -E 8,4 -p 0.1 -N 100000 -a /project/home/pouria/opt/src/SpecImmune/scripts/../db//CYP/CYP2B6/CYP2B6.fasta /project/home/pouria/opt/src/SpecImmune/runs/ont_chr22/20230501_PAO22333_barcode14/20230501_PAO22333_barcode14/Reads//CYP2B6.long_read.sub.fq
[M::main] Real time: 0.263 sec; CPU: 0.641 sec; Peak RSS: 0.046 GB
[M::mm_idx_gen::0.105*1.04] collected minimizers
[M::mm_idx_gen::0.122*2.42] sorted minimizers
[M::main::0.122*2.42] loaded/built the index for 125 target sequence(s)
[M::mm_mapopt_update::0.123*2.41] mid_occ = 1251
[M::mm_idx_stat] kmer size: 15; skip: 10; is_hpc: 0; #seq: 125
[M::mm_idx_stat::0.124*2.41] distinct minimizers: 2883 (3.12% are singletons); average occurrences: 120.729; average spacing: 5.302; total length: 1845372
[M::main] Version: 2.24-r1122
[M::main] CMD: minimap2 -t 12 -x map-ont -E 8,4 -p 0.1 -N 100000 -a /project/home/pouria/opt/src/SpecImmune/scripts/../db//CYP/CYP1A2/CYP1A2.fasta /project/home/pouria/opt/src/SpecImmune/runs/ont_chr22/20230501_PAO22333_barcode14/20230501_PAO22333_barcode14/Reads//CYP1A2.long_read.sub.fq
[M::main] Real time: 0.126 sec; CPU: 0.299 sec; Peak RSS: 0.016 GB
[M::mm_idx_gen::0.065*1.07] collected minimizers
[M::mm_idx_gen::0.074*2.02] sorted minimizers
[M::main::0.074*2.01] loaded/built the index for 52 target sequence(s)
[M::mm_mapopt_update::0.075*2.00] mid_occ = 573
[M::mm_idx_stat] kmer size: 15; skip: 10; is_hpc: 0; #seq: 52
[M::mm_idx_stat::0.076*1.99] distinct minimizers: 4151 (0.63% are singletons); average occurrences: 52.199; average spacing: 5.322; total length: 1153172
[M::main] Version: 2.24-r1122
[M::main] CMD: minimap2 -t 12 -x map-ont -E 8,4 -p 0.1 -N 100000 -a /project/home/pouria/opt/src/SpecImmune/scripts/../db//CYP/NUDT15/NUDT15.fasta /project/home/pouria/opt/src/SpecImmune/runs/ont_chr22/20230501_PAO22333_barcode14/20230501_PAO22333_barcode14/Reads//NUDT15.long_read.sub.fq
[M::main] Real time: 0.078 sec; CPU: 0.154 sec; Peak RSS: 0.010 GB
[M::mm_idx_gen::0.168*1.02] collected minimizers
[M::mm_idx_gen::0.196*2.45] sorted minimizers
[M::main::0.196*2.45] loaded/built the index for 106 target sequence(s)
[M::mm_mapopt_update::0.197*2.44] mid_occ = 319
[M::mm_idx_stat] kmer size: 15; skip: 10; is_hpc: 0; #seq: 106
[M::mm_idx_stat::0.198*2.43] distinct minimizers: 6552 (0.60% are singletons); average occurrences: 103.899; average spacing: 5.326; total length: 3625734
[M::main] Version: 2.24-r1122
[M::main] CMD: minimap2 -t 12 -x map-ont -E 8,4 -p 0.1 -N 100000 -a /project/home/pouria/opt/src/SpecImmune/scripts/../db//CYP/CYP3A4/CYP3A4.fasta /project/home/pouria/opt/src/SpecImmune/runs/ont_chr22/20230501_PAO22333_barcode14/20230501_PAO22333_barcode14/Reads//CYP3A4.long_read.sub.fq
[M::main] Real time: 0.201 sec; CPU: 0.484 sec; Peak RSS: 0.030 GB
[M::mm_idx_gen::0.103*1.04] collected minimizers
[M::mm_idx_gen::0.120*2.44] sorted minimizers
[M::main::0.120*2.44] loaded/built the index for 128 target sequence(s)
[M::mm_mapopt_update::0.120*2.43] mid_occ = 4093
[M::mm_idx_stat] kmer size: 15; skip: 10; is_hpc: 0; #seq: 128
[M::mm_idx_stat::0.120*2.43] distinct minimizers: 3051 (4.65% are singletons); average occurrences: 110.183; average spacing: 5.296; total length: 1780337
[M::main] Version: 2.24-r1122
[M::main] CMD: minimap2 -t 12 -x map-ont -E 8,4 -p 0.1 -N 100000 -a /project/home/pouria/opt/src/SpecImmune/scripts/../db//CYP/CYP2A6/CYP2A6.fasta /project/home/pouria/opt/src/SpecImmune/runs/ont_chr22/20230501_PAO22333_barcode14/20230501_PAO22333_barcode14/Reads//CYP2A6.long_read.sub.fq
[M::main] Real time: 0.122 sec; CPU: 0.294 sec; Peak RSS: 0.016 GB
[M::mm_idx_gen::0.426*1.01] collected minimizers
[M::mm_idx_gen::0.492*2.39] sorted minimizers
[M::main::0.492*2.39] loaded/built the index for 204 target sequence(s)
[M::mm_mapopt_update::0.494*2.38] mid_occ = 1225
[M::mm_idx_stat] kmer size: 15; skip: 10; is_hpc: 0; #seq: 204
[M::mm_idx_stat::0.495*2.38] distinct minimizers: 11099 (0.52% are singletons); average occurrences: 202.367; average spacing: 5.353; total length: 12022511
[M::main] Version: 2.24-r1122
[M::main] CMD: minimap2 -t 12 -x map-ont -E 8,4 -p 0.1 -N 100000 -a /project/home/pouria/opt/src/SpecImmune/scripts/../db//CYP/CYP2C9/CYP2C9.fasta /project/home/pouria/opt/src/SpecImmune/runs/ont_chr22/20230501_PAO22333_barcode14/20230501_PAO22333_barcode14/Reads//CYP2C9.long_read.sub.fq
[M::main] Real time: 0.503 sec; CPU: 1.186 sec; Peak RSS: 0.090 GB
[M::mm_idx_gen::0.454*1.00] collected minimizers
[M::mm_idx_gen::0.539*2.64] sorted minimizers
[M::main::0.539*2.64] loaded/built the index for 122 target sequence(s)
[M::mm_mapopt_update::0.541*2.63] mid_occ = 855
[M::mm_idx_stat] kmer size: 15; skip: 10; is_hpc: 0; #seq: 122
[M::mm_idx_stat::0.543*2.63] distinct minimizers: 21086 (0.10% are singletons); average occurrences: 125.608; average spacing: 5.325; total length: 14103566
[M::main] Version: 2.24-r1122
[M::main] CMD: minimap2 -t 12 -x map-ont -E 8,4 -p 0.1 -N 100000 -a /project/home/pouria/opt/src/SpecImmune/scripts/../db//CYP/SLCO1B1/SLCO1B1.fasta /project/home/pouria/opt/src/SpecImmune/runs/ont_chr22/20230501_PAO22333_barcode14/20230501_PAO22333_barcode14/Reads//SLCO1B1.long_read.sub.fq
[M::main] Real time: 0.548 sec; CPU: 1.432 sec; Peak RSS: 0.100 GB
[M::mm_idx_gen::0.137*1.04] collected minimizers
[M::mm_idx_gen::0.159*2.44] sorted minimizers
[M::main::0.159*2.44] loaded/built the index for 156 target sequence(s)
[M::mm_mapopt_update::0.160*2.44] mid_occ = 313
[M::mm_idx_stat] kmer size: 15; skip: 10; is_hpc: 0; #seq: 156
[M::mm_idx_stat::0.160*2.43] distinct minimizers: 3476 (2.22% are singletons); average occurrences: 146.167; average spacing: 5.210; total length: 2647164
[M::main] Version: 2.24-r1122
[M::main] CMD: minimap2 -t 12 -x map-ont -E 8,4 -p 0.1 -N 100000 -a /project/home/pouria/opt/src/SpecImmune/scripts/../db//CYP/NAT2/NAT2.fasta /project/home/pouria/opt/src/SpecImmune/runs/ont_chr22/20230501_PAO22333_barcode14/20230501_PAO22333_barcode14/Reads//NAT2.long_read.sub.fq
[M::main] Real time: 0.162 sec; CPU: 0.392 sec; Peak RSS: 0.024 GB
[M::mm_idx_gen::0.107*1.04] collected minimizers
[M::mm_idx_gen::0.128*2.66] sorted minimizers
[M::main::0.128*2.66] loaded/built the index for 66 target sequence(s)
[M::mm_mapopt_update::0.129*2.65] mid_occ = 925
[M::mm_idx_stat] kmer size: 15; skip: 10; is_hpc: 0; #seq: 66
[M::mm_idx_stat::0.130*2.64] distinct minimizers: 5004 (0.56% are singletons); average occurrences: 67.959; average spacing: 5.250; total length: 1785366
[M::main] Version: 2.24-r1122
[M::main] CMD: minimap2 -t 12 -x map-ont -E 8,4 -p 0.1 -N 100000 -a /project/home/pouria/opt/src/SpecImmune/scripts/../db//CYP/CYP4F2/CYP4F2.fasta /project/home/pouria/opt/src/SpecImmune/runs/ont_chr22/20230501_PAO22333_barcode14/20230501_PAO22333_barcode14/Reads//CYP4F2.long_read.sub.fq
[M::main] Real time: 0.132 sec; CPU: 0.345 sec; Peak RSS: 0.020 GB
[M::mm_idx_gen::0.086*1.05] collected minimizers
[M::mm_idx_gen::0.100*2.21] sorted minimizers
[M::main::0.100*2.21] loaded/built the index for 37 target sequence(s)
[M::mm_mapopt_update::0.101*2.20] mid_occ = 630
[M::mm_idx_stat] kmer size: 15; skip: 10; is_hpc: 0; #seq: 37
[M::mm_idx_stat::0.102*2.19] distinct minimizers: 7283 (0.96% are singletons); average occurrences: 37.011; average spacing: 5.327; total length: 1435788
[M::main] Version: 2.24-r1122
[M::main] CMD: minimap2 -t 12 -x map-ont -E 8,4 -p 0.1 -N 100000 -a /project/home/pouria/opt/src/SpecImmune/scripts/../db//CYP/CYP3A5/CYP3A5.fasta /project/home/pouria/opt/src/SpecImmune/runs/ont_chr22/20230501_PAO22333_barcode14/20230501_PAO22333_barcode14/Reads//CYP3A5.long_read.sub.fq
[M::main] Real time: 0.105 sec; CPU: 0.226 sec; Peak RSS: 0.015 GB
[M::mm_idx_gen::50.197*1.67] collected minimizers
[M::mm_idx_gen::55.496*2.45] sorted minimizers
[M::main::55.496*2.45] loaded/built the index for 25 target sequence(s)
[M::mm_mapopt_update::58.278*2.38] mid_occ = 702
[M::mm_idx_stat] kmer size: 15; skip: 10; is_hpc: 0; #seq: 25
[M::mm_idx_stat::59.871*2.34] distinct minimizers: 100128857 (38.82% are singletons); average occurrences: 5.521; average spacing: 5.586; total length: 3088286401
[M::worker_pipeline::63.569*2.66] mapped 14256 sequences
[M::main] Version: 2.24-r1122
[M::main] CMD: minimap2 -R @RG\tID:20230501_PAO22333_barcode14\tSM:20230501_PAO22333_barcode14 -t 12 -a /project/shared/inumanag-aldy-ont/GRCh38_no_alts.fa /project/home/pouria/opt/src/SpecImmune/runs/ont_chr22/20230501_PAO22333_barcode14/20230501_PAO22333_barcode14.fastq.gz
[M::main] Real time: 63.787 sec; CPU: 169.462 sec; Peak RSS: 11.343 GB
