[M::bam2fq_mainloop] discarded 0 singletons
[M::bam2fq_mainloop] processed 23458 reads
[M::mm_idx_gen::0.151*1.02] collected minimizers
[M::mm_idx_gen::0.174*2.27] sorted minimizers
[M::main::0.174*2.27] loaded/built the index for 553 target sequence(s)
[M::mm_mapopt_update::0.175*2.26] mid_occ = 2213
[M::mm_idx_stat] kmer size: 15; skip: 10; is_hpc: 0; #seq: 553
[M::mm_idx_stat::0.175*2.26] distinct minimizers: 3211 (13.77% are singletons); average occurrences: 357.246; average spacing: 5.453; total length: 6255536
[M::main] Version: 2.24-r1122
[M::main] CMD: minimap2 -t 12 -x map-ont -E 8,4 -p 0.1 -N 100000 -a /project/home/pouria/opt/src/SpecImmune/scripts/../db//CYP/CYP2D6/CYP2D6.fasta /project/home/pouria/opt/src/SpecImmune/runs/ont_chr22/20230815_PAS02078_barcode17/20230815_PAS02078_barcode17/Reads//CYP2D6.long_read.sub.fq
[M::main] Real time: 0.179 sec; CPU: 0.400 sec; Peak RSS: 0.054 GB
[M::mm_idx_gen::0.028*1.15] collected minimizers
[M::mm_idx_gen::0.035*2.39] sorted minimizers
[M::main::0.035*2.38] loaded/built the index for 31 target sequence(s)
[M::mm_mapopt_update::0.035*2.36] mid_occ = 838
[M::mm_idx_stat] kmer size: 15; skip: 10; is_hpc: 0; #seq: 31
[M::mm_idx_stat::0.036*2.34] distinct minimizers: 2845 (1.51% are singletons); average occurrences: 30.637; average spacing: 5.240; total length: 456698
[M::main] Version: 2.24-r1122
[M::main] CMD: minimap2 -t 12 -x map-ont -E 8,4 -p 0.1 -N 100000 -a /project/home/pouria/opt/src/SpecImmune/scripts/../db//CYP/CYP2A13/CYP2A13.fasta /project/home/pouria/opt/src/SpecImmune/runs/ont_chr22/20230815_PAS02078_barcode17/20230815_PAS02078_barcode17/Reads//CYP2A13.long_read.sub.fq
[M::main] Real time: 0.038 sec; CPU: 0.086 sec; Peak RSS: 0.007 GB
[M::mm_idx_gen::0.123*1.04] collected minimizers
[M::mm_idx_gen::0.138*1.91] sorted minimizers
[M::main::0.139*1.91] loaded/built the index for 56 target sequence(s)
[M::mm_mapopt_update::0.140*1.90] mid_occ = 785
[M::mm_idx_stat] kmer size: 15; skip: 10; is_hpc: 0; #seq: 56
[M::mm_idx_stat::0.141*1.90] distinct minimizers: 7510 (0.36% are singletons); average occurrences: 55.735; average spacing: 5.315; total length: 2224652
[M::main] Version: 2.24-r1122
[M::main] CMD: minimap2 -t 12 -x map-ont -E 8,4 -p 0.1 -N 100000 -a /project/home/pouria/opt/src/SpecImmune/scripts/../db//CYP/CYP2C8/CYP2C8.fasta /project/home/pouria/opt/src/SpecImmune/runs/ont_chr22/20230815_PAS02078_barcode17/20230815_PAS02078_barcode17/Reads//CYP2C8.long_read.sub.fq
[M::main] Real time: 0.144 sec; CPU: 0.271 sec; Peak RSS: 0.019 GB
[M::mm_idx_gen::0.401*1.01] collected minimizers
[M::mm_idx_gen::0.471*2.53] sorted minimizers
[M::main::0.471*2.53] loaded/built the index for 120 target sequence(s)
[M::mm_mapopt_update::0.473*2.52] mid_occ = 721
[M::mm_idx_stat] kmer size: 15; skip: 10; is_hpc: 0; #seq: 120
[M::mm_idx_stat::0.475*2.52] distinct minimizers: 17310 (0.78% are singletons); average occurrences: 131.008; average spacing: 5.285; total length: 11984512
[M::main] Version: 2.24-r1122
[M::main] CMD: minimap2 -t 12 -x map-ont -E 8,4 -p 0.1 -N 100000 -a /project/home/pouria/opt/src/SpecImmune/scripts/../db//CYP/CYP2C19/CYP2C19.fasta /project/home/pouria/opt/src/SpecImmune/runs/ont_chr22/20230815_PAS02078_barcode17/20230815_PAS02078_barcode17/Reads//CYP2C19.long_read.sub.fq
[M::main] Real time: 0.480 sec; CPU: 1.201 sec; Peak RSS: 0.087 GB
[M::mm_idx_gen::0.196*1.02] collected minimizers
[M::mm_idx_gen::0.231*2.54] sorted minimizers
[M::main::0.232*2.54] loaded/built the index for 158 target sequence(s)
[M::mm_mapopt_update::0.233*2.54] mid_occ = 1581
[M::mm_idx_stat] kmer size: 15; skip: 10; is_hpc: 0; #seq: 158
[M::mm_idx_stat::0.234*2.53] distinct minimizers: 6595 (1.24% are singletons); average occurrences: 155.282; average spacing: 5.261; total length: 5387484
[M::main] Version: 2.24-r1122
[M::main] CMD: minimap2 -t 12 -x map-ont -E 8,4 -p 0.1 -N 100000 -a /project/home/pouria/opt/src/SpecImmune/scripts/../db//CYP/CYP2B6/CYP2B6.fasta /project/home/pouria/opt/src/SpecImmune/runs/ont_chr22/20230815_PAS02078_barcode17/20230815_PAS02078_barcode17/Reads//CYP2B6.long_read.sub.fq
[M::main] Real time: 0.237 sec; CPU: 0.595 sec; Peak RSS: 0.046 GB
[M::mm_idx_gen::0.105*1.04] collected minimizers
[M::mm_idx_gen::0.123*2.47] sorted minimizers
[M::main::0.123*2.47] loaded/built the index for 125 target sequence(s)
[M::mm_mapopt_update::0.124*2.46] mid_occ = 1251
[M::mm_idx_stat] kmer size: 15; skip: 10; is_hpc: 0; #seq: 125
[M::mm_idx_stat::0.124*2.46] distinct minimizers: 2883 (3.12% are singletons); average occurrences: 120.729; average spacing: 5.302; total length: 1845372
[M::main] Version: 2.24-r1122
[M::main] CMD: minimap2 -t 12 -x map-ont -E 8,4 -p 0.1 -N 100000 -a /project/home/pouria/opt/src/SpecImmune/scripts/../db//CYP/CYP1A2/CYP1A2.fasta /project/home/pouria/opt/src/SpecImmune/runs/ont_chr22/20230815_PAS02078_barcode17/20230815_PAS02078_barcode17/Reads//CYP1A2.long_read.sub.fq
[M::main] Real time: 0.126 sec; CPU: 0.308 sec; Peak RSS: 0.016 GB
[M::mm_idx_gen::0.073*1.05] collected minimizers
[M::mm_idx_gen::0.083*1.96] sorted minimizers
[M::main::0.083*1.96] loaded/built the index for 52 target sequence(s)
[M::mm_mapopt_update::0.084*1.95] mid_occ = 573
[M::mm_idx_stat] kmer size: 15; skip: 10; is_hpc: 0; #seq: 52
[M::mm_idx_stat::0.084*1.94] distinct minimizers: 4151 (0.63% are singletons); average occurrences: 52.199; average spacing: 5.322; total length: 1153172
[M::main] Version: 2.24-r1122
[M::main] CMD: minimap2 -t 12 -x map-ont -E 8,4 -p 0.1 -N 100000 -a /project/home/pouria/opt/src/SpecImmune/scripts/../db//CYP/NUDT15/NUDT15.fasta /project/home/pouria/opt/src/SpecImmune/runs/ont_chr22/20230815_PAS02078_barcode17/20230815_PAS02078_barcode17/Reads//NUDT15.long_read.sub.fq
[M::main] Real time: 0.086 sec; CPU: 0.166 sec; Peak RSS: 0.010 GB
[M::mm_idx_gen::0.158*1.03] collected minimizers
[M::mm_idx_gen::0.183*2.44] sorted minimizers
[M::main::0.183*2.44] loaded/built the index for 106 target sequence(s)
[M::mm_mapopt_update::0.184*2.43] mid_occ = 319
[M::mm_idx_stat] kmer size: 15; skip: 10; is_hpc: 0; #seq: 106
[M::mm_idx_stat::0.185*2.42] distinct minimizers: 6552 (0.60% are singletons); average occurrences: 103.899; average spacing: 5.326; total length: 3625734
[M::main] Version: 2.24-r1122
[M::main] CMD: minimap2 -t 12 -x map-ont -E 8,4 -p 0.1 -N 100000 -a /project/home/pouria/opt/src/SpecImmune/scripts/../db//CYP/CYP3A4/CYP3A4.fasta /project/home/pouria/opt/src/SpecImmune/runs/ont_chr22/20230815_PAS02078_barcode17/20230815_PAS02078_barcode17/Reads//CYP3A4.long_read.sub.fq
[M::main] Real time: 0.189 sec; CPU: 0.452 sec; Peak RSS: 0.027 GB
[M::mm_idx_gen::0.099*1.05] collected minimizers
[M::mm_idx_gen::0.114*2.36] sorted minimizers
[M::main::0.114*2.36] loaded/built the index for 128 target sequence(s)
[M::mm_mapopt_update::0.115*2.35] mid_occ = 4093
[M::mm_idx_stat] kmer size: 15; skip: 10; is_hpc: 0; #seq: 128
[M::mm_idx_stat::0.115*2.35] distinct minimizers: 3051 (4.65% are singletons); average occurrences: 110.183; average spacing: 5.296; total length: 1780337
[M::main] Version: 2.24-r1122
[M::main] CMD: minimap2 -t 12 -x map-ont -E 8,4 -p 0.1 -N 100000 -a /project/home/pouria/opt/src/SpecImmune/scripts/../db//CYP/CYP2A6/CYP2A6.fasta /project/home/pouria/opt/src/SpecImmune/runs/ont_chr22/20230815_PAS02078_barcode17/20230815_PAS02078_barcode17/Reads//CYP2A6.long_read.sub.fq
[M::main] Real time: 0.116 sec; CPU: 0.272 sec; Peak RSS: 0.017 GB
[M::mm_idx_gen::0.337*1.01] collected minimizers
[M::mm_idx_gen::0.392*2.40] sorted minimizers
[M::main::0.393*2.40] loaded/built the index for 204 target sequence(s)
[M::mm_mapopt_update::0.394*2.40] mid_occ = 1225
[M::mm_idx_stat] kmer size: 15; skip: 10; is_hpc: 0; #seq: 204
[M::mm_idx_stat::0.396*2.39] distinct minimizers: 11099 (0.52% are singletons); average occurrences: 202.367; average spacing: 5.353; total length: 12022511
[M::main] Version: 2.24-r1122
[M::main] CMD: minimap2 -t 12 -x map-ont -E 8,4 -p 0.1 -N 100000 -a /project/home/pouria/opt/src/SpecImmune/scripts/../db//CYP/CYP2C9/CYP2C9.fasta /project/home/pouria/opt/src/SpecImmune/runs/ont_chr22/20230815_PAS02078_barcode17/20230815_PAS02078_barcode17/Reads//CYP2C9.long_read.sub.fq
[M::main] Real time: 0.404 sec; CPU: 0.955 sec; Peak RSS: 0.090 GB
[M::mm_idx_gen::0.440*1.01] collected minimizers
[M::mm_idx_gen::0.531*2.78] sorted minimizers
[M::main::0.531*2.78] loaded/built the index for 122 target sequence(s)
[M::mm_mapopt_update::0.533*2.77] mid_occ = 855
[M::mm_idx_stat] kmer size: 15; skip: 10; is_hpc: 0; #seq: 122
[M::mm_idx_stat::0.535*2.77] distinct minimizers: 21086 (0.10% are singletons); average occurrences: 125.608; average spacing: 5.325; total length: 14103566
[M::main] Version: 2.24-r1122
[M::main] CMD: minimap2 -t 12 -x map-ont -E 8,4 -p 0.1 -N 100000 -a /project/home/pouria/opt/src/SpecImmune/scripts/../db//CYP/SLCO1B1/SLCO1B1.fasta /project/home/pouria/opt/src/SpecImmune/runs/ont_chr22/20230815_PAS02078_barcode17/20230815_PAS02078_barcode17/Reads//SLCO1B1.long_read.sub.fq
[M::main] Real time: 0.545 sec; CPU: 1.490 sec; Peak RSS: 0.099 GB
[M::mm_idx_gen::0.117*1.03] collected minimizers
[M::mm_idx_gen::0.137*2.42] sorted minimizers
[M::main::0.137*2.42] loaded/built the index for 156 target sequence(s)
[M::mm_mapopt_update::0.137*2.41] mid_occ = 313
[M::mm_idx_stat] kmer size: 15; skip: 10; is_hpc: 0; #seq: 156
[M::mm_idx_stat::0.138*2.40] distinct minimizers: 3476 (2.22% are singletons); average occurrences: 146.167; average spacing: 5.210; total length: 2647164
[M::main] Version: 2.24-r1122
[M::main] CMD: minimap2 -t 12 -x map-ont -E 8,4 -p 0.1 -N 100000 -a /project/home/pouria/opt/src/SpecImmune/scripts/../db//CYP/NAT2/NAT2.fasta /project/home/pouria/opt/src/SpecImmune/runs/ont_chr22/20230815_PAS02078_barcode17/20230815_PAS02078_barcode17/Reads//NAT2.long_read.sub.fq
[M::main] Real time: 0.140 sec; CPU: 0.334 sec; Peak RSS: 0.024 GB
[M::mm_idx_gen::0.101*1.06] collected minimizers
[M::mm_idx_gen::0.125*3.04] sorted minimizers
[M::main::0.125*3.04] loaded/built the index for 66 target sequence(s)
[M::mm_mapopt_update::0.126*3.03] mid_occ = 925
[M::mm_idx_stat] kmer size: 15; skip: 10; is_hpc: 0; #seq: 66
[M::mm_idx_stat::0.126*3.02] distinct minimizers: 5004 (0.56% are singletons); average occurrences: 67.959; average spacing: 5.250; total length: 1785366
[M::main] Version: 2.24-r1122
[M::main] CMD: minimap2 -t 12 -x map-ont -E 8,4 -p 0.1 -N 100000 -a /project/home/pouria/opt/src/SpecImmune/scripts/../db//CYP/CYP4F2/CYP4F2.fasta /project/home/pouria/opt/src/SpecImmune/runs/ont_chr22/20230815_PAS02078_barcode17/20230815_PAS02078_barcode17/Reads//CYP4F2.long_read.sub.fq
[M::main] Real time: 0.129 sec; CPU: 0.384 sec; Peak RSS: 0.018 GB
[M::mm_idx_gen::0.089*1.03] collected minimizers
[M::mm_idx_gen::0.103*2.15] sorted minimizers
[M::main::0.103*2.15] loaded/built the index for 37 target sequence(s)
[M::mm_mapopt_update::0.104*2.14] mid_occ = 630
[M::mm_idx_stat] kmer size: 15; skip: 10; is_hpc: 0; #seq: 37
[M::mm_idx_stat::0.105*2.14] distinct minimizers: 7283 (0.96% are singletons); average occurrences: 37.011; average spacing: 5.327; total length: 1435788
[M::main] Version: 2.24-r1122
[M::main] CMD: minimap2 -t 12 -x map-ont -E 8,4 -p 0.1 -N 100000 -a /project/home/pouria/opt/src/SpecImmune/scripts/../db//CYP/CYP3A5/CYP3A5.fasta /project/home/pouria/opt/src/SpecImmune/runs/ont_chr22/20230815_PAS02078_barcode17/20230815_PAS02078_barcode17/Reads//CYP3A5.long_read.sub.fq
[M::main] Real time: 0.107 sec; CPU: 0.225 sec; Peak RSS: 0.017 GB
[M::mm_idx_gen::51.285*1.71] collected minimizers
[M::mm_idx_gen::57.722*2.58] sorted minimizers
[M::main::57.722*2.58] loaded/built the index for 25 target sequence(s)
[M::mm_mapopt_update::60.569*2.51] mid_occ = 702
[M::mm_idx_stat] kmer size: 15; skip: 10; is_hpc: 0; #seq: 25
[M::mm_idx_stat::62.005*2.47] distinct minimizers: 100128857 (38.82% are singletons); average occurrences: 5.521; average spacing: 5.586; total length: 3088286401
[M::worker_pipeline::68.299*2.95] mapped 23458 sequences
[M::main] Version: 2.24-r1122
[M::main] CMD: minimap2 -R @RG\tID:20230815_PAS02078_barcode17\tSM:20230815_PAS02078_barcode17 -t 12 -a /project/shared/inumanag-aldy-ont/GRCh38_no_alts.fa /project/home/pouria/opt/src/SpecImmune/runs/ont_chr22/20230815_PAS02078_barcode17/20230815_PAS02078_barcode17.fastq.gz
[M::main] Real time: 68.538 sec; CPU: 201.892 sec; Peak RSS: 11.339 GB
