read binning...
start read binning...
WARNING: hg38 not provided, cannot type CYP genes
/project/home/pouria/opt/src/SpecImmune/runs/ont_chr22/20230829_PAQ84885_NA19226/20230829_PAQ84885_NA19226/20230829_PAQ84885_NA19226.db.bam is detected, skip the alignment.
reads-binning done.
Finished.
alignment done.
alignment done.
alignment done.
alignment done.
alignment done.
alignment done.
alignment done.
alignment done.
alignment done.
alignment done.
alignment done.
alignment done.
alignment done.
alignment done.
WARNING: hg38 not provided, cannot type CYP genes
start type CYP2D6 for 20230829_PAQ84885_NA19226...

finish matrix construction
CYP2D6 read num: 0 mapped allele num: 0
support read number is too low or the mapped allele num is too low for CYP2D6, skip typing
start type CYP2A13 for 20230829_PAQ84885_NA19226...

finish matrix construction
CYP2A13 read num: 0 mapped allele num: 0
support read number is too low or the mapped allele num is too low for CYP2A13, skip typing
start type CYP2C8 for 20230829_PAQ84885_NA19226...

finish matrix construction
CYP2C8 read num: 0 mapped allele num: 0
support read number is too low or the mapped allele num is too low for CYP2C8, skip typing
start type CYP2C19 for 20230829_PAQ84885_NA19226...

finish matrix construction
CYP2C19 read num: 0 mapped allele num: 0
support read number is too low or the mapped allele num is too low for CYP2C19, skip typing
start type CYP2B6 for 20230829_PAQ84885_NA19226...

finish matrix construction
CYP2B6 read num: 0 mapped allele num: 0
support read number is too low or the mapped allele num is too low for CYP2B6, skip typing
start type CYP1A2 for 20230829_PAQ84885_NA19226...

finish matrix construction
CYP1A2 read num: 0 mapped allele num: 0
support read number is too low or the mapped allele num is too low for CYP1A2, skip typing
start type NUDT15 for 20230829_PAQ84885_NA19226...

finish matrix construction
NUDT15 read num: 0 mapped allele num: 0
support read number is too low or the mapped allele num is too low for NUDT15, skip typing
start type CYP3A4 for 20230829_PAQ84885_NA19226...

finish matrix construction
CYP3A4 read num: 0 mapped allele num: 0
support read number is too low or the mapped allele num is too low for CYP3A4, skip typing
start type CYP2A6 for 20230829_PAQ84885_NA19226...

finish matrix construction
CYP2A6 read num: 0 mapped allele num: 0
support read number is too low or the mapped allele num is too low for CYP2A6, skip typing
start type CYP2C9 for 20230829_PAQ84885_NA19226...

finish matrix construction
CYP2C9 read num: 0 mapped allele num: 0
support read number is too low or the mapped allele num is too low for CYP2C9, skip typing
start type SLCO1B1 for 20230829_PAQ84885_NA19226...

finish matrix construction
SLCO1B1 read num: 0 mapped allele num: 0
support read number is too low or the mapped allele num is too low for SLCO1B1, skip typing
start type NAT2 for 20230829_PAQ84885_NA19226...

finish matrix construction
NAT2 read num: 0 mapped allele num: 0
support read number is too low or the mapped allele num is too low for NAT2, skip typing
start type CYP4F2 for 20230829_PAQ84885_NA19226...

finish matrix construction
CYP4F2 read num: 0 mapped allele num: 0
support read number is too low or the mapped allele num is too low for CYP4F2, skip typing
start type CYP3A5 for 20230829_PAQ84885_NA19226...

finish matrix construction
CYP3A5 read num: 0 mapped allele num: 0
support read number is too low or the mapped allele num is too low for CYP3A5, skip typing
CYP2D6 hete - **** - 


CYP2A13 hete - **** - 


CYP2C8 hete - **** - 


CYP2C19 hete - **** - 


CYP2B6 hete - **** - 


CYP1A2 hete - **** - 


NUDT15 hete - **** - 


CYP3A4 hete - **** - 


CYP2A6 hete - **** - 


CYP2C9 hete - **** - 


SLCO1B1 hete - **** - 


NAT2 hete - **** - 


CYP4F2 hete - **** - 


CYP3A5 hete - **** - 


result is /project/home/pouria/opt/src/SpecImmune/runs/ont_chr22/20230829_PAQ84885_NA19226/20230829_PAQ84885_NA19226/20230829_PAQ84885_NA19226.CYP.type.result.txt
{'r': '/project/home/pouria/opt/src/SpecImmune/runs/ont_chr22/20230829_PAQ84885_NA19226/20230829_PAQ84885_NA19226.fastq.gz', 'n': '20230829_PAQ84885_NA19226', 'o': '/project/home/pouria/opt/src/SpecImmune/runs/ont_chr22/20230829_PAQ84885_NA19226', 'i': 'CYP', 'j': 12, 'k': 5, 'y': 'nanopore', 'db': '/project/home/pouria/opt/src/SpecImmune/scripts/../db/', 'hg38': '/project/shared/inumanag-aldy-ont/GRCh38_no_alts.fa', 'first_run': True, 'min_identity': 0.85, 'hete_p': 0.3, 'candidate_allele_num': 200, 'min_read_num': 2, 'max_read_num': 500, 'RNA_type': 'traditional', 'seq_tech': 'wgs', 'align_method_1': 'bwa', 'align_method_2': 'minimap2', 'iteration': 1, 'dv_sif': None, 'snv_tool': 'longshot', 'drug_recommendation': False, 'visualization': True, 'version': False}
iteration 1
WARNING: hg38 not provided, cannot type CYP genes
start variant pipeline ...
Processing homo CYP2D6
/project/home/pouria/opt/src/SpecImmune/runs/ont_chr22/20230829_PAQ84885_NA19226/20230829_PAQ84885_NA19226/Genes_step2//CYP2D6.bam does not exist
Processing homo CYP2A13
/project/home/pouria/opt/src/SpecImmune/runs/ont_chr22/20230829_PAQ84885_NA19226/20230829_PAQ84885_NA19226/Genes_step2//CYP2A13.bam does not exist
Processing homo CYP2C8
/project/home/pouria/opt/src/SpecImmune/runs/ont_chr22/20230829_PAQ84885_NA19226/20230829_PAQ84885_NA19226/Genes_step2//CYP2C8.bam does not exist
Processing homo CYP2C19
/project/home/pouria/opt/src/SpecImmune/runs/ont_chr22/20230829_PAQ84885_NA19226/20230829_PAQ84885_NA19226/Genes_step2//CYP2C19.bam does not exist
Processing homo CYP2B6
/project/home/pouria/opt/src/SpecImmune/runs/ont_chr22/20230829_PAQ84885_NA19226/20230829_PAQ84885_NA19226/Genes_step2//CYP2B6.bam does not exist
Processing homo CYP1A2
/project/home/pouria/opt/src/SpecImmune/runs/ont_chr22/20230829_PAQ84885_NA19226/20230829_PAQ84885_NA19226/Genes_step2//CYP1A2.bam does not exist
Processing homo NUDT15
/project/home/pouria/opt/src/SpecImmune/runs/ont_chr22/20230829_PAQ84885_NA19226/20230829_PAQ84885_NA19226/Genes_step2//NUDT15.bam does not exist
Processing homo CYP3A4
/project/home/pouria/opt/src/SpecImmune/runs/ont_chr22/20230829_PAQ84885_NA19226/20230829_PAQ84885_NA19226/Genes_step2//CYP3A4.bam does not exist
Processing homo CYP2A6
/project/home/pouria/opt/src/SpecImmune/runs/ont_chr22/20230829_PAQ84885_NA19226/20230829_PAQ84885_NA19226/Genes_step2//CYP2A6.bam does not exist
Processing homo CYP2C9
/project/home/pouria/opt/src/SpecImmune/runs/ont_chr22/20230829_PAQ84885_NA19226/20230829_PAQ84885_NA19226/Genes_step2//CYP2C9.bam does not exist
Processing homo SLCO1B1
/project/home/pouria/opt/src/SpecImmune/runs/ont_chr22/20230829_PAQ84885_NA19226/20230829_PAQ84885_NA19226/Genes_step2//SLCO1B1.bam does not exist
Processing homo NAT2
/project/home/pouria/opt/src/SpecImmune/runs/ont_chr22/20230829_PAQ84885_NA19226/20230829_PAQ84885_NA19226/Genes_step2//NAT2.bam does not exist
Processing homo CYP4F2
/project/home/pouria/opt/src/SpecImmune/runs/ont_chr22/20230829_PAQ84885_NA19226/20230829_PAQ84885_NA19226/Genes_step2//CYP4F2.bam does not exist
Processing homo CYP3A5
/project/home/pouria/opt/src/SpecImmune/runs/ont_chr22/20230829_PAQ84885_NA19226/20230829_PAQ84885_NA19226/Genes_step2//CYP3A5.bam does not exist
parameter:	sample:20230829_PAQ84885_NA19226	dir:/project/home/pouria/opt/src/SpecImmune/runs/ont_chr22/20230829_PAQ84885_NA19226/20230829_PAQ84885_NA19226/Sequences/	pop:Unknown	wxs:tgs	G_nom:0
/project/home/pouria/opt/src/SpecImmune/runs/ont_chr22/20230829_PAQ84885_NA19226/20230829_PAQ84885_NA19226/Sequences//CYP.allele.1.CYP2A13.fasta
/project/home/pouria/opt/src/SpecImmune/runs/ont_chr22/20230829_PAQ84885_NA19226/20230829_PAQ84885_NA19226/Sequences//CYP.allele.2.CYP2A13.fasta
/project/home/pouria/opt/src/SpecImmune/runs/ont_chr22/20230829_PAQ84885_NA19226/20230829_PAQ84885_NA19226/Sequences//CYP.allele.1.CYP2A6.fasta
/project/home/pouria/opt/src/SpecImmune/runs/ont_chr22/20230829_PAQ84885_NA19226/20230829_PAQ84885_NA19226/Sequences//CYP.allele.2.CYP2A6.fasta
/project/home/pouria/opt/src/SpecImmune/runs/ont_chr22/20230829_PAQ84885_NA19226/20230829_PAQ84885_NA19226/Sequences//CYP.allele.1.CYP2B6.fasta
/project/home/pouria/opt/src/SpecImmune/runs/ont_chr22/20230829_PAQ84885_NA19226/20230829_PAQ84885_NA19226/Sequences//CYP.allele.2.CYP2B6.fasta
/project/home/pouria/opt/src/SpecImmune/runs/ont_chr22/20230829_PAQ84885_NA19226/20230829_PAQ84885_NA19226/Sequences//CYP.allele.1.CYP2C19.fasta
/project/home/pouria/opt/src/SpecImmune/runs/ont_chr22/20230829_PAQ84885_NA19226/20230829_PAQ84885_NA19226/Sequences//CYP.allele.2.CYP2C19.fasta
/project/home/pouria/opt/src/SpecImmune/runs/ont_chr22/20230829_PAQ84885_NA19226/20230829_PAQ84885_NA19226/Sequences//CYP.allele.1.CYP2C8.fasta
/project/home/pouria/opt/src/SpecImmune/runs/ont_chr22/20230829_PAQ84885_NA19226/20230829_PAQ84885_NA19226/Sequences//CYP.allele.2.CYP2C8.fasta
/project/home/pouria/opt/src/SpecImmune/runs/ont_chr22/20230829_PAQ84885_NA19226/20230829_PAQ84885_NA19226/Sequences//CYP.allele.1.CYP2C9.fasta
/project/home/pouria/opt/src/SpecImmune/runs/ont_chr22/20230829_PAQ84885_NA19226/20230829_PAQ84885_NA19226/Sequences//CYP.allele.2.CYP2C9.fasta
/project/home/pouria/opt/src/SpecImmune/runs/ont_chr22/20230829_PAQ84885_NA19226/20230829_PAQ84885_NA19226/Sequences//CYP.allele.1.CYP2D6.fasta
/project/home/pouria/opt/src/SpecImmune/runs/ont_chr22/20230829_PAQ84885_NA19226/20230829_PAQ84885_NA19226/Sequences//CYP.allele.2.CYP2D6.fasta
/project/home/pouria/opt/src/SpecImmune/runs/ont_chr22/20230829_PAQ84885_NA19226/20230829_PAQ84885_NA19226/Sequences//CYP.allele.1.CYP3A4.fasta
/project/home/pouria/opt/src/SpecImmune/runs/ont_chr22/20230829_PAQ84885_NA19226/20230829_PAQ84885_NA19226/Sequences//CYP.allele.2.CYP3A4.fasta
/project/home/pouria/opt/src/SpecImmune/runs/ont_chr22/20230829_PAQ84885_NA19226/20230829_PAQ84885_NA19226/Sequences//CYP.allele.1.CYP3A5.fasta
/project/home/pouria/opt/src/SpecImmune/runs/ont_chr22/20230829_PAQ84885_NA19226/20230829_PAQ84885_NA19226/Sequences//CYP.allele.2.CYP3A5.fasta
/project/home/pouria/opt/src/SpecImmune/runs/ont_chr22/20230829_PAQ84885_NA19226/20230829_PAQ84885_NA19226/Sequences//CYP.allele.1.CYP4F2.fasta
/project/home/pouria/opt/src/SpecImmune/runs/ont_chr22/20230829_PAQ84885_NA19226/20230829_PAQ84885_NA19226/Sequences//CYP.allele.2.CYP4F2.fasta
/project/home/pouria/opt/src/SpecImmune/runs/ont_chr22/20230829_PAQ84885_NA19226/20230829_PAQ84885_NA19226/Sequences//CYP.allele.1.NAT2.fasta
/project/home/pouria/opt/src/SpecImmune/runs/ont_chr22/20230829_PAQ84885_NA19226/20230829_PAQ84885_NA19226/Sequences//CYP.allele.2.NAT2.fasta
/project/home/pouria/opt/src/SpecImmune/runs/ont_chr22/20230829_PAQ84885_NA19226/20230829_PAQ84885_NA19226/Sequences//CYP.allele.1.NUDT15.fasta
/project/home/pouria/opt/src/SpecImmune/runs/ont_chr22/20230829_PAQ84885_NA19226/20230829_PAQ84885_NA19226/Sequences//CYP.allele.2.NUDT15.fasta
/project/home/pouria/opt/src/SpecImmune/runs/ont_chr22/20230829_PAQ84885_NA19226/20230829_PAQ84885_NA19226/Sequences//CYP.allele.1.SLCO1B1.fasta
/project/home/pouria/opt/src/SpecImmune/runs/ont_chr22/20230829_PAQ84885_NA19226/20230829_PAQ84885_NA19226/Sequences//CYP.allele.2.SLCO1B1.fasta
WARNING: hg38 not provided, cannot type CYP genes
optimize typing results by balancing alignment length and identity 
The refined typing results is in /project/home/pouria/opt/src/SpecImmune/runs/ont_chr22/20230829_PAQ84885_NA19226/20230829_PAQ84885_NA19226/20230829_PAQ84885_NA19226.CYP.final.type.result.formatted.txt
Sequence is reconstructed, start annotation...
Finished.

            python3 /project/home/pouria/opt/src/SpecImmune/scripts/remap.py 20230829_PAQ84885_NA19226 CYP /project/home/pouria/opt/src/SpecImmune/runs/ont_chr22/20230829_PAQ84885_NA19226 nanopore wgs traditional 12 /project/home/pouria/opt/src/SpecImmune/scripts/../db//CYP/CYP.full.fasta
            
CYP2D6	1	-	0	False	NA	-
alleles_str ['-']
result : CYP2D6 -
CYP2D6	2	-	0	False	NA	-
alleles_str ['-']
result : CYP2D6 -
CYP2A13	1	-	0	False	NA	-
alleles_str ['-']
result : CYP2A13 -
CYP2A13	2	-	0	False	NA	-
alleles_str ['-']
result : CYP2A13 -
CYP2C8	1	-	0	False	NA	-
alleles_str ['-']
result : CYP2C8 -
CYP2C8	2	-	0	False	NA	-
alleles_str ['-']
result : CYP2C8 -
CYP2C19	1	-	0	False	NA	-
alleles_str ['-']
result : CYP2C19 -
CYP2C19	2	-	0	False	NA	-
alleles_str ['-']
result : CYP2C19 -
CYP2B6	1	-	0	False	NA	-
alleles_str ['-']
result : CYP2B6 -
CYP2B6	2	-	0	False	NA	-
alleles_str ['-']
result : CYP2B6 -
CYP1A2	1	-	0	False	NA	-
alleles_str ['-']
result : CYP1A2 -
CYP1A2	2	-	0	False	NA	-
alleles_str ['-']
result : CYP1A2 -
NUDT15	1	-	0	False	NA	-
alleles_str ['-']
result : NUDT15 -
NUDT15	2	-	0	False	NA	-
alleles_str ['-']
result : NUDT15 -
CYP3A4	1	-	0	False	NA	-
alleles_str ['-']
result : CYP3A4 -
CYP3A4	2	-	0	False	NA	-
alleles_str ['-']
result : CYP3A4 -
CYP2A6	1	-	0	False	NA	-
alleles_str ['-']
result : CYP2A6 -
CYP2A6	2	-	0	False	NA	-
alleles_str ['-']
result : CYP2A6 -
CYP2C9	1	-	0	False	NA	-
alleles_str ['-']
result : CYP2C9 -
CYP2C9	2	-	0	False	NA	-
alleles_str ['-']
result : CYP2C9 -
SLCO1B1	1	-	0	False	NA	-
alleles_str ['-']
result : SLCO1B1 -
SLCO1B1	2	-	0	False	NA	-
alleles_str ['-']
result : SLCO1B1 -
NAT2	1	-	0	False	NA	-
alleles_str ['-']
result : NAT2 -
NAT2	2	-	0	False	NA	-
alleles_str ['-']
result : NAT2 -
CYP4F2	1	-	0	False	NA	-
alleles_str ['-']
result : CYP4F2 -
CYP4F2	2	-	0	False	NA	-
alleles_str ['-']
result : CYP4F2 -
CYP3A5	1	-	0	False	NA	-
alleles_str ['-']
result : CYP3A5 -
CYP3A5	2	-	0	False	NA	-
alleles_str ['-']
result : CYP3A5 -
CYP2D6	1	NA	NA	0	-	NA
alleles_str ['NA']
result : CYP2D6 NA
CYP2D6	2	NA	NA	0	-	NA
alleles_str ['NA']
result : CYP2D6 NA
CYP2A13	1	NA	NA	0	-	NA
alleles_str ['NA']
result : CYP2A13 NA
CYP2A13	2	NA	NA	0	-	NA
alleles_str ['NA']
result : CYP2A13 NA
CYP2C8	1	NA	NA	0	-	NA
alleles_str ['NA']
result : CYP2C8 NA
CYP2C8	2	NA	NA	0	-	NA
alleles_str ['NA']
result : CYP2C8 NA
CYP2C19	1	NA	NA	0	-	NA
alleles_str ['NA']
result : CYP2C19 NA
CYP2C19	2	NA	NA	0	-	NA
alleles_str ['NA']
result : CYP2C19 NA
CYP2B6	1	NA	NA	0	-	NA
alleles_str ['NA']
result : CYP2B6 NA
CYP2B6	2	NA	NA	0	-	NA
alleles_str ['NA']
result : CYP2B6 NA
CYP1A2	1	NA	NA	0	-	NA
alleles_str ['NA']
result : CYP1A2 NA
CYP1A2	2	NA	NA	0	-	NA
alleles_str ['NA']
result : CYP1A2 NA
NUDT15	1	NA	NA	0	-	NA
alleles_str ['NA']
result : NUDT15 NA
NUDT15	2	NA	NA	0	-	NA
alleles_str ['NA']
result : NUDT15 NA
CYP3A4	1	NA	NA	0	-	NA
alleles_str ['NA']
result : CYP3A4 NA
CYP3A4	2	NA	NA	0	-	NA
alleles_str ['NA']
result : CYP3A4 NA
CYP2A6	1	NA	NA	0	-	NA
alleles_str ['NA']
result : CYP2A6 NA
CYP2A6	2	NA	NA	0	-	NA
alleles_str ['NA']
result : CYP2A6 NA
CYP2C9	1	NA	NA	0	-	NA
alleles_str ['NA']
result : CYP2C9 NA
CYP2C9	2	NA	NA	0	-	NA
alleles_str ['NA']
result : CYP2C9 NA
SLCO1B1	1	NA	NA	0	-	NA
alleles_str ['NA']
result : SLCO1B1 NA
SLCO1B1	2	NA	NA	0	-	NA
alleles_str ['NA']
result : SLCO1B1 NA
NAT2	1	NA	NA	0	-	NA
alleles_str ['NA']
result : NAT2 NA
NAT2	2	NA	NA	0	-	NA
alleles_str ['NA']
result : NAT2 NA
CYP4F2	1	NA	NA	0	-	NA
alleles_str ['NA']
result : CYP4F2 NA
CYP4F2	2	NA	NA	0	-	NA
alleles_str ['NA']
result : CYP4F2 NA
CYP3A5	1	NA	NA	0	-	NA
alleles_str ['NA']
result : CYP3A5 NA
CYP3A5	2	NA	NA	0	-	NA
alleles_str ['NA']
result : CYP3A5 NA

            python3 /project/home/pouria/opt/src/SpecImmune/scripts/remap_allele.py 20230829_PAQ84885_NA19226 CYP /project/home/pouria/opt/src/SpecImmune/runs/ont_chr22/20230829_PAQ84885_NA19226 nanopore wgs traditional 12 /project/home/pouria/opt/src/SpecImmune/scripts/../db//CYP/CYP.full.fasta
            

            python3 /project/home/pouria/opt/src/SpecImmune/scripts/visualization.py 20230829_PAQ84885_NA19226 CYP /project/home/pouria/opt/src/SpecImmune/runs/ont_chr22/20230829_PAQ84885_NA19226 nanopore wgs traditional 12 /project/home/pouria/opt/src/SpecImmune/scripts/../db//CYP/CYP.full.fasta
            
alleles_str ['-']
result : CYP2D6 -
alleles_str ['-']
result : CYP2D6 -
alleles_str ['-']
result : CYP2A13 -
alleles_str ['-']
result : CYP2A13 -
alleles_str ['-']
result : CYP2C8 -
alleles_str ['-']
result : CYP2C8 -
alleles_str ['-']
result : CYP2C19 -
alleles_str ['-']
result : CYP2C19 -
alleles_str ['-']
result : CYP2B6 -
alleles_str ['-']
result : CYP2B6 -
alleles_str ['-']
result : CYP1A2 -
alleles_str ['-']
result : CYP1A2 -
alleles_str ['-']
result : NUDT15 -
alleles_str ['-']
result : NUDT15 -
alleles_str ['-']
result : CYP3A4 -
alleles_str ['-']
result : CYP3A4 -
alleles_str ['-']
result : CYP2A6 -
alleles_str ['-']
result : CYP2A6 -
alleles_str ['-']
result : CYP2C9 -
alleles_str ['-']
result : CYP2C9 -
alleles_str ['-']
result : SLCO1B1 -
alleles_str ['-']
result : SLCO1B1 -
alleles_str ['-']
result : NAT2 -
alleles_str ['-']
result : NAT2 -
alleles_str ['-']
result : CYP4F2 -
alleles_str ['-']
result : CYP4F2 -
alleles_str ['-']
result : CYP3A5 -
alleles_str ['-']
result : CYP3A5 -
alleles_str ['NA']
result : CYP2D6 NA
alleles_str ['NA']
result : CYP2D6 NA
alleles_str ['NA']
result : CYP2A13 NA
alleles_str ['NA']
result : CYP2A13 NA
alleles_str ['NA']
result : CYP2C8 NA
alleles_str ['NA']
result : CYP2C8 NA
alleles_str ['NA']
result : CYP2C19 NA
alleles_str ['NA']
result : CYP2C19 NA
alleles_str ['NA']
result : CYP2B6 NA
alleles_str ['NA']
result : CYP2B6 NA
alleles_str ['NA']
result : CYP1A2 NA
alleles_str ['NA']
result : CYP1A2 NA
alleles_str ['NA']
result : NUDT15 NA
alleles_str ['NA']
result : NUDT15 NA
alleles_str ['NA']
result : CYP3A4 NA
alleles_str ['NA']
result : CYP3A4 NA
alleles_str ['NA']
result : CYP2A6 NA
alleles_str ['NA']
result : CYP2A6 NA
alleles_str ['NA']
result : CYP2C9 NA
alleles_str ['NA']
result : CYP2C9 NA
alleles_str ['NA']
result : SLCO1B1 NA
alleles_str ['NA']
result : SLCO1B1 NA
alleles_str ['NA']
result : NAT2 NA
alleles_str ['NA']
result : NAT2 NA
alleles_str ['NA']
result : CYP4F2 NA
alleles_str ['NA']
result : CYP4F2 NA
alleles_str ['NA']
result : CYP3A5 NA
alleles_str ['NA']
result : CYP3A5 NA
CYP2D6	1	NA	NA	0	-	NA
alleles_str ['NA']
result : CYP2D6 NA
CYP2D6	2	NA	NA	0	-	NA
alleles_str ['NA']
result : CYP2D6 NA
CYP2A13	1	NA	NA	0	-	NA
alleles_str ['NA']
result : CYP2A13 NA
CYP2A13	2	NA	NA	0	-	NA
alleles_str ['NA']
result : CYP2A13 NA
CYP2C8	1	NA	NA	0	-	NA
alleles_str ['NA']
result : CYP2C8 NA
CYP2C8	2	NA	NA	0	-	NA
alleles_str ['NA']
result : CYP2C8 NA
CYP2C19	1	NA	NA	0	-	NA
alleles_str ['NA']
result : CYP2C19 NA
CYP2C19	2	NA	NA	0	-	NA
alleles_str ['NA']
result : CYP2C19 NA
CYP2B6	1	NA	NA	0	-	NA
alleles_str ['NA']
result : CYP2B6 NA
CYP2B6	2	NA	NA	0	-	NA
alleles_str ['NA']
result : CYP2B6 NA
CYP1A2	1	NA	NA	0	-	NA
alleles_str ['NA']
result : CYP1A2 NA
CYP1A2	2	NA	NA	0	-	NA
alleles_str ['NA']
result : CYP1A2 NA
NUDT15	1	NA	NA	0	-	NA
alleles_str ['NA']
result : NUDT15 NA
NUDT15	2	NA	NA	0	-	NA
alleles_str ['NA']
result : NUDT15 NA
CYP3A4	1	NA	NA	0	-	NA
alleles_str ['NA']
result : CYP3A4 NA
CYP3A4	2	NA	NA	0	-	NA
alleles_str ['NA']
result : CYP3A4 NA
CYP2A6	1	NA	NA	0	-	NA
alleles_str ['NA']
result : CYP2A6 NA
CYP2A6	2	NA	NA	0	-	NA
alleles_str ['NA']
result : CYP2A6 NA
CYP2C9	1	NA	NA	0	-	NA
alleles_str ['NA']
result : CYP2C9 NA
CYP2C9	2	NA	NA	0	-	NA
alleles_str ['NA']
result : CYP2C9 NA
SLCO1B1	1	NA	NA	0	-	NA
alleles_str ['NA']
result : SLCO1B1 NA
SLCO1B1	2	NA	NA	0	-	NA
alleles_str ['NA']
result : SLCO1B1 NA
NAT2	1	NA	NA	0	-	NA
alleles_str ['NA']
result : NAT2 NA
NAT2	2	NA	NA	0	-	NA
alleles_str ['NA']
result : NAT2 NA
CYP4F2	1	NA	NA	0	-	NA
alleles_str ['NA']
result : CYP4F2 NA
CYP4F2	2	NA	NA	0	-	NA
alleles_str ['NA']
result : CYP4F2 NA
CYP3A5	1	NA	NA	0	-	NA
alleles_str ['NA']
result : CYP3A5 NA
CYP3A5	2	NA	NA	0	-	NA
alleles_str ['NA']
result : CYP3A5 NA
refine bam...
2026-01-07 19:54:18,496 | INFO | Processing /project/home/pouria/opt/src/SpecImmune/runs/ont_chr22/20230829_PAQ84885_NA19226/20230829_PAQ84885_NA19226/20230829_PAQ84885_NA19226.refined.sorted.bam
2026-01-07 19:54:26,759 | WARNING | Query names do not look like HiFi reads -- use "consensus" mode for consensus
2026-01-07 19:54:26,759 | INFO | Identifying SV signatures
lbl 2D7_2D6 patt re.compile('111x22') 11111111111x111211111x22111111111111111111x111x1111111x111111x1111xxxxxxxxxxxxxxxxxxxxxxxxxxxxxxxx
lbl 2D6_2D7 patt re.compile('x22111') 11111111111x111211111x22111111111111111111x111x1111111x111111x1111xxxxxxxxxxxxxxxxxxxxxxxxxxxxxxxx
lbl 2D7_2D6 patt re.compile('1112x2') 111111111111111111111x2x111112x2111111111112x111111111111111111111xx111111111111111111111111111111
lbl 2D6_2D7 patt re.compile('2x2111') 111111111111111111111x2x111112x2111111111112x111111111111111111111xx111111111111111111111111111111
2026-01-07 19:54:30,594 | WARNING | Unlabeled Clipped Reads
41e0d4c6-f18e-4e82-b8f3-b507c01de134
c3308312-115a-4841-99c1-441c2fc412db
229417a1-23ac-4ed5-8f92-30a76ea29e3b
a05b59dc-7e3f-42dc-9e10-1c791edcd25f
a1facb4c-6876-4ebc-ad2a-03515e06082f
2026-01-07 19:54:30,594 | INFO | Phasing and Calling Alleles
2026-01-07 19:54:30,594 | DEBUG | Calling noSV
2026-01-07 19:54:30,594 | INFO | Calling noSV
2026-01-07 19:54:30,595 | INFO | Attempting to phase 66 noSV reads
2026-01-07 19:54:30,595 | DEBUG | Reseting HP for 66 noSV  reads
2026-01-07 19:54:31,108 | DEBUG | Positions used for read clustering: [42120765, 42121367, 42121684, 42122403, 42124075, 42124230, 42124320, 42125123, 42125200, 42125592, 42126184, 42126379, 42126449, 42126493, 42126559, 42126560, 42126829, 42126838, 42126839, 42127776, 42127949, 42128066, 42128342, 42128513, 42128767, 42129179, 42129196, 42129613, 42129642, 42129995, 42130928, 42131083, 42131121, 42131151, 42132566, 42133329]
clusters hifi_read                             is_primary
045a7765-c4d3-4019-af3c-c592de17cc0d  True          0
dcdb579f-138b-4922-b179-1baa69b69678  True          0
7c58e5b5-2b93-457f-ba2f-0a99c6032f55  True          1
11308add-f118-42cc-afb1-3db6acb51cb2  True          0
00e55752-fba7-4c47-a76b-3d5220fad47c  True          0
                                                   ..
007f75a2-df21-43e9-a411-d57ab0f5ab8e  True          1
832863ed-9cc7-4409-9b7e-c47a97492218  True          1
a00ae09a-a6a1-4e06-9ebb-4744ee75c7c7  True          1
4ce28e23-aaeb-4a03-951d-1b07c4c4bafb  True          1
bebc862d-754a-419c-8719-4486a129c4a2  True          1
Name: HP, Length: 66, dtype: int64
2026-01-07 19:54:33,911 | DEBUG | Calling duplicate
2026-01-07 19:54:33,911 | INFO | Calling duplicate
2026-01-07 19:54:33,912 | INFO | Attempting to phase 12 duplicate reads
2026-01-07 19:54:33,912 | DEBUG | Reseting HP for 12 duplicate  reads
2026-01-07 19:54:33,987 | DEBUG | Positions used for read clustering: [42129551]
clusters hifi_read                             is_primary
faf4aa0d-1f91-444d-8d6b-4db9d091f439  True          1
f1b1bafe-d0d7-4747-9b72-b3003bafe277  True          1
ef2ef285-db22-4fb1-80f0-6219230409ae  True          0
e5e25f2c-9b67-45f1-a82c-b183da326495  True          1
51a0c03f-260c-4d3c-9727-74d4af5ed570  True          0
c1591997-21cf-4f02-9d2d-410e9925aed0  True          0
63fac22e-3ab5-4d2e-8872-427f5504e99c  True          1
476893b1-5fb9-40db-b102-7b5518cadecd  True          1
afb9901d-fe3b-4253-bd11-946fa3564bb2  True          1
7348bcc1-06b1-4789-b650-e692ca8d0d5f  True          1
5ab071a3-724b-41e1-83c4-e08911d0e9b3  True          1
0e0d4267-2fb6-404a-ae52-be88f955374a  True          1
Name: HP, dtype: int64
2026-01-07 19:54:36,601 | DEBUG | Reseting HP for 24 noSV  reads
2026-01-07 19:54:36,710 | DEBUG | Positions used for read clustering: [42128513, 42129613, 42129642, 42130928, 42131883, 42133329]
2026-01-07 19:54:36,732 | DEBUG | Reseting HP for 54 duplicate  reads
2026-01-07 19:54:37,099 | DEBUG | Positions used for read clustering: [42124075, 42124230, 42124320, 42125123, 42125200, 42125592, 42126184, 42126379, 42126493, 42126559, 42126560, 42127949, 42129179, 42129613, 42129642, 42130928, 42131083, 42133329, 42133407]
2026-01-07 19:54:37,150 | DEBUG | Rejecting dup phasing because at least one subset has <3 reads with SV signature
2026-01-07 19:54:37,151 | DEBUG | Alleles Identified: {'noSV': {'noSV_2': ('*2', '*34', '*39'), 'noSV_3': ('*2', '*34', '*39')}, 'duplicate': {'duplicate_2': ('*2', '*34', '*39')}}
2026-01-07 19:54:37,151 | INFO | Calling Diplotype
2026-01-07 19:54:37,151 | DEBUG | Hybrid calls: Counter() self.haplotypes [('*2x2', ['duplicate_2', 'noSV_3'])]
2026-01-07 19:54:37,151 | DEBUG | self.haplotypes [('*2x2', ['duplicate_2', 'noSV_3'])]
2026-01-07 19:54:37,151 | INFO | Diplotype called: CYP2D6 *2x2/*2
2026-01-07 19:54:40,883 | INFO | Exporting /project/home/pouria/opt/src/SpecImmune/runs/ont_chr22/20230829_PAQ84885_NA19226/20230829_PAQ84885_NA19226/20230829_PAQ84885_NA19226_labeledReads.bam
{'CYP2D6', 'haplotype_1b_2', 'haplotype_2_2', 'haplotype_1a_2', 'No_Label'}
{'noSV_3', 'duplicate_2', 'noHap', 'noSV_2'}
filtered diplotype *2x2/*2 {'*2'} CYP2D6 *2x2/*2
no cnv detected, use spec result
['-', '-']
['-', '-'] ['NA', 'NA']
*2x2/*2 NA
[OK] Finished 20230829_PAQ84885_NA19226
