read binning...
alignment done.
start read binning...
WARNING: hg38 not provided, cannot type CYP genes
reads-binning done.
Finished.
alignment done.
alignment done.
alignment done.
alignment done.
alignment done.
alignment done.
alignment done.
alignment done.
alignment done.
alignment done.
alignment done.
alignment done.
alignment done.
alignment done.
WARNING: hg38 not provided, cannot type CYP genes
start type CYP2D6 for 20230815_PAS02078_barcode17.original_ref...

finish matrix construction
CYP2D6 read num: 0 mapped allele num: 0
support read number is too low or the mapped allele num is too low for CYP2D6, skip typing
start type CYP2A13 for 20230815_PAS02078_barcode17.original_ref...

finish matrix construction
CYP2A13 read num: 0 mapped allele num: 0
support read number is too low or the mapped allele num is too low for CYP2A13, skip typing
start type CYP2C8 for 20230815_PAS02078_barcode17.original_ref...

finish matrix construction
CYP2C8 read num: 16 mapped allele num: 56
# allele pairs that pass match len cutoff 1540
identity ('CYP2C8*15&CYP2C8*1.009', 0.9205733291099145)
identity ('CYP2C8*15&CYP2C8*1.001', 0.9205733291099145)
identity ('CYP2C8*15&CYP2C8*13.001', 0.9205733291099145)
identity ('CYP2C8*15&CYP2C8*1.014', 0.9205733291099145)
identity ('CYP2C8*15&CYP2C8*7', 0.9205733291099145)
identity ('CYP2C8*15&CYP2C8*10', 0.9205733291099145)
identity ('CYP2C8*15&CYP2C8*15.001', 0.9205733291099145)
identity ('CYP2C8*15&CYP2C8*8.001', 0.9205733291099145)
identity ('CYP2C8*15&CYP2C8*1.012', 0.9205733291099145)
identity ('CYP2C8*15&CYP2C8*1.010', 0.9205733291099145)
identity ('CYP2C8*15&CYP2C8*1.006', 0.9205733291099145)
identity ('CYP2C8*15&CYP2C8*4.002', 0.9205733291099145)
identity ('CYP2C8*15&CYP2C8*9.001', 0.9205733291099145)
identity ('CYP2C8*15&CYP2C8*6', 0.9205733291099145)
identity ('CYP2C8*15&CYP2C8*1.013', 0.9205733291099145)
identity ('CYP2C8*15&CYP2C8*4', 0.9205733291099145)
identity ('CYP2C8*15&CYP2C8*18', 0.9205733291099145)
identity ('CYP2C8*15&CYP2C8*14.001', 0.9205733291099145)
identity ('CYP2C8*15&CYP2C8*2.001', 0.9205733291099145)
identity ('CYP2C8*15&CYP2C8*16.001', 0.9205733291099145)
identity ('CYP2C8*15&CYP2C8*3.001', 0.9205733291099145)
identity ('CYP2C8*15&CYP2C8*5', 0.9205733291099145)
identity ('CYP2C8*15&CYP2C8*12.001', 0.9205733291099145)
identity ('CYP2C8*15&CYP2C8*17.001', 0.9205733291099145)
identity ('CYP2C8*15&CYP2C8*6.001', 0.9205733291099145)
identity ('CYP2C8*15&CYP2C8*2', 0.9205733291099145)
identity ('CYP2C8*15&CYP2C8*10.001', 0.9205733291099145)
identity ('CYP2C8*15&CYP2C8*3.002', 0.9205733291099145)
identity ('CYP2C8*15&CYP2C8*16', 0.9205733291099145)
identity ('CYP2C8*15&CYP2C8*1.017', 0.9205733291099145)
CYP2C8 ['CYP2C8*1.009,CYP2C8*1.001,CYP2C8*13.001,CYP2C8*1.014,CYP2C8*7,CYP2C8*10,CYP2C8*15.001,CYP2C8*8.001,CYP2C8*1.012,CYP2C8*1.010,CYP2C8*1.006,CYP2C8*4.002,CYP2C8*9.001,CYP2C8*6,CYP2C8*1.013,CYP2C8*4,CYP2C8*18,CYP2C8*14.001,CYP2C8*2.001,CYP2C8*16.001,CYP2C8*3.001,CYP2C8*5,CYP2C8*12.001,CYP2C8*17.001,CYP2C8*6.001,CYP2C8*2,CYP2C8*10.001,CYP2C8*3.002,CYP2C8*16,CYP2C8*1.017', 'CYP2C8*15'] 


0 0 0.5
start type CYP2C19 for 20230815_PAS02078_barcode17.original_ref...

finish matrix construction
CYP2C19 read num: 136 mapped allele num: 120
# allele pairs that pass match len cutoff 7140
identity ('CYP2C19*1.016&CYP2C19*2', 0.8871272015091949)
identity ('CYP2C19*1.016&CYP2C19*35.002', 0.8871272015091949)
identity ('CYP2C19*1.016&CYP2C19*9', 0.8871272015091949)
identity ('CYP2C19*1.016&CYP2C19*2.006', 0.8871272015091949)
identity ('CYP2C19*1.016&CYP2C19*7.001', 0.8871272015091949)
identity ('CYP2C19*1.016&CYP2C19*31', 0.8871272015091949)
identity ('CYP2C19*1.016&CYP2C19*32', 0.8871272015091949)
identity ('CYP2C19*1.016&CYP2C19*15.002', 0.8871272015091949)
identity ('CYP2C19*1.016&CYP2C19*3.002', 0.8871272015091949)
identity ('CYP2C19*1.016&CYP2C19*12.001', 0.8871272015091949)
identity ('CYP2C19*1.016&CYP2C19*26.001', 0.8871272015091949)
identity ('CYP2C19*1.016&CYP2C19*9.003', 0.8871272015091949)
identity ('CYP2C19*1.016&CYP2C19*2.008', 0.8871272015091949)
identity ('CYP2C19*1.016&CYP2C19*9.001', 0.8871272015091949)
identity ('CYP2C19*1.016&CYP2C19*1.004', 0.8871272015091949)
identity ('CYP2C19*1.016&CYP2C19*38.005', 0.8871272015091949)
identity ('CYP2C19*1.016&CYP2C19*22.001', 0.8871272015091949)
identity ('CYP2C19*1.016&CYP2C19*13.002', 0.8871272015091949)
identity ('CYP2C19*1.016&CYP2C19*12', 0.8871272015091949)
identity ('CYP2C19*1.016&CYP2C19*1.018', 0.8871272015091949)
identity ('CYP2C19*1.016&CYP2C19*10.001', 0.8871272015091949)
identity ('CYP2C19*1.016&CYP2C19*1.014', 0.8871272015091949)
identity ('CYP2C19*1.016&CYP2C19*15', 0.8871272015091949)
identity ('CYP2C19*1.016&CYP2C19*22', 0.8871272015091949)
identity ('CYP2C19*1.016&CYP2C19*35', 0.8871272015091949)
identity ('CYP2C19*1.016&CYP2C19*2.003', 0.8871272015091949)
identity ('CYP2C19*1.016&CYP2C19*18', 0.8871272015091949)
identity ('CYP2C19*1.016&CYP2C19*11.001', 0.8871272015091949)
identity ('CYP2C19*1.016&CYP2C19*2.004', 0.8871272015091949)
identity ('CYP2C19*1.016&CYP2C19*38', 0.8871272015091949)
CYP2C19 ['CYP2C19*2,CYP2C19*35.002,CYP2C19*9,CYP2C19*2.006,CYP2C19*7.001,CYP2C19*31,CYP2C19*32,CYP2C19*15.002,CYP2C19*3.002,CYP2C19*12.001,CYP2C19*26.001,CYP2C19*9.003,CYP2C19*2.008,CYP2C19*9.001,CYP2C19*1.004,CYP2C19*38.005,CYP2C19*22.001,CYP2C19*13.002,CYP2C19*12,CYP2C19*1.018,CYP2C19*10.001,CYP2C19*1.014,CYP2C19*15,CYP2C19*22,CYP2C19*35,CYP2C19*2.003,CYP2C19*18,CYP2C19*11.001,CYP2C19*2.004,CYP2C19*38', 'CYP2C19*1.016'] 


1 1 0.5
start type CYP2B6 for 20230815_PAS02078_barcode17.original_ref...

finish matrix construction
CYP2B6 read num: 15 mapped allele num: 158
# allele pairs that pass match len cutoff 12403
identity ('CYP2B6*9.001&CYP2B6*6.008', 0.9483503981797498)
identity ('CYP2B6*9.001&CYP2B6*41', 0.9483503981797498)
identity ('CYP2B6*9.001&CYP2B6*1.009', 0.9483503981797498)
identity ('CYP2B6*9.001&CYP2B6*1.018', 0.9483503981797498)
identity ('CYP2B6*9.001&CYP2B6*1.028', 0.9483503981797498)
identity ('CYP2B6*9.001&CYP2B6*2.002', 0.9483503981797498)
identity ('CYP2B6*9.001&CYP2B6*28', 0.9483503981797498)
identity ('CYP2B6*9.001&CYP2B6*24', 0.9483503981797498)
identity ('CYP2B6*9.001&CYP2B6*27.001', 0.9483503981797498)
identity ('CYP2B6*9.001&CYP2B6*38', 0.9483503981797498)
identity ('CYP2B6*9.001&CYP2B6*47.001', 0.9483503981797498)
identity ('CYP2B6*9.001&CYP2B6*1.007', 0.9483503981797498)
identity ('CYP2B6*9.001&CYP2B6*36.001', 0.9483503981797498)
identity ('CYP2B6*9.001&CYP2B6*39', 0.9483503981797498)
identity ('CYP2B6*9.001&CYP2B6*1.026', 0.9483503981797498)
identity ('CYP2B6*9.001&CYP2B6*1.003', 0.9483503981797498)
identity ('CYP2B6*9.001&CYP2B6*1', 0.9483503981797498)
identity ('CYP2B6*9.001&CYP2B6*1.038', 0.9483503981797498)
identity ('CYP2B6*9.001&CYP2B6*21', 0.9483503981797498)
identity ('CYP2B6*9.001&CYP2B6*6.007', 0.9483503981797498)
identity ('CYP2B6*9.001&CYP2B6*45', 0.9483503981797498)
identity ('CYP2B6*9.001&CYP2B6*8.001', 0.9483503981797498)
identity ('CYP2B6*9.001&CYP2B6*6.012', 0.9483503981797498)
identity ('CYP2B6*9.001&CYP2B6*1.024', 0.9483503981797498)
identity ('CYP2B6*9.001&CYP2B6*11.001', 0.9483503981797498)
identity ('CYP2B6*9.001&CYP2B6*1.023', 0.9483503981797498)
identity ('CYP2B6*9.001&CYP2B6*44.001', 0.9483503981797498)
identity ('CYP2B6*9.001&CYP2B6*19.001', 0.9483503981797498)
identity ('CYP2B6*9.001&CYP2B6*32', 0.9483503981797498)
identity ('CYP2B6*9.001&CYP2B6*17', 0.9483503981797498)
CYP2B6 ['CYP2B6*6.008,CYP2B6*41,CYP2B6*1.009,CYP2B6*1.018,CYP2B6*1.028,CYP2B6*2.002,CYP2B6*28,CYP2B6*24,CYP2B6*27.001,CYP2B6*38,CYP2B6*47.001,CYP2B6*1.007,CYP2B6*36.001,CYP2B6*39,CYP2B6*1.026,CYP2B6*1.003,CYP2B6*1,CYP2B6*1.038,CYP2B6*21,CYP2B6*6.007,CYP2B6*45,CYP2B6*8.001,CYP2B6*6.012,CYP2B6*1.024,CYP2B6*11.001,CYP2B6*1.023,CYP2B6*44.001,CYP2B6*19.001,CYP2B6*32,CYP2B6*17', 'CYP2B6*9.001'] 


0 0 0.5
start type CYP1A2 for 20230815_PAS02078_barcode17.original_ref...

finish matrix construction
CYP1A2 read num: 0 mapped allele num: 0
support read number is too low or the mapped allele num is too low for CYP1A2, skip typing
start type NUDT15 for 20230815_PAS02078_barcode17.original_ref...

finish matrix construction
NUDT15 read num: 0 mapped allele num: 0
support read number is too low or the mapped allele num is too low for NUDT15, skip typing
start type CYP3A4 for 20230815_PAS02078_barcode17.original_ref...

finish matrix construction
CYP3A4 read num: 15 mapped allele num: 106
# allele pairs that pass match len cutoff 5565
identity ('CYP3A4*13&CYP3A4*47', 0.8739874739039666)
identity ('CYP3A4*13&CYP3A4*1.012', 0.8739874739039666)
identity ('CYP3A4*13&CYP3A4*21', 0.8739874739039666)
identity ('CYP3A4*13&CYP3A4*22', 0.8739874739039666)
identity ('CYP3A4*13&CYP3A4*24.001', 0.8739874739039666)
identity ('CYP3A4*13&CYP3A4*38', 0.8739874739039666)
identity ('CYP3A4*13&CYP3A4*4.001', 0.8739874739039666)
identity ('CYP3A4*13&CYP3A4*34', 0.8739874739039666)
identity ('CYP3A4*13&CYP3A4*49', 0.8739874739039666)
identity ('CYP3A4*13&CYP3A4*45.001', 0.8739874739039666)
identity ('CYP3A4*13&CYP3A4*12', 0.8739874739039666)
identity ('CYP3A4*13&CYP3A4*14.001', 0.8739874739039666)
identity ('CYP3A4*13&CYP3A4*24', 0.8739874739039666)
identity ('CYP3A4*13&CYP3A4*14', 0.8739874739039666)
identity ('CYP3A4*13&CYP3A4*3.001', 0.8739874739039666)
identity ('CYP3A4*13&CYP3A4*44', 0.8739874739039666)
identity ('CYP3A4*13&CYP3A4*17.001', 0.8739874739039666)
identity ('CYP3A4*13&CYP3A4*32', 0.8739874739039666)
identity ('CYP3A4*13&CYP3A4*26.001', 0.8739874739039666)
identity ('CYP3A4*13&CYP3A4*2.001', 0.8739874739039666)
identity ('CYP3A4*13&CYP3A4*39.001', 0.8739874739039666)
identity ('CYP3A4*13&CYP3A4*5', 0.8739874739039666)
identity ('CYP3A4*13&CYP3A4*9.001', 0.8739874739039666)
identity ('CYP3A4*13&CYP3A4*49.001', 0.8739874739039666)
identity ('CYP3A4*13&CYP3A4*20', 0.8739874739039666)
identity ('CYP3A4*13&CYP3A4*18.001', 0.8739874739039666)
identity ('CYP3A4*13&CYP3A4*43.001', 0.8739874739039666)
identity ('CYP3A4*13&CYP3A4*6', 0.8739874739039666)
identity ('CYP3A4*13&CYP3A4*1.003', 0.8739874739039666)
identity ('CYP3A4*13&CYP3A4*34.001', 0.8739874739039666)
CYP3A4 ['CYP3A4*47,CYP3A4*1.012,CYP3A4*21,CYP3A4*22,CYP3A4*24.001,CYP3A4*38,CYP3A4*4.001,CYP3A4*34,CYP3A4*49,CYP3A4*45.001,CYP3A4*12,CYP3A4*14.001,CYP3A4*24,CYP3A4*14,CYP3A4*3.001,CYP3A4*44,CYP3A4*17.001,CYP3A4*32,CYP3A4*26.001,CYP3A4*2.001,CYP3A4*39.001,CYP3A4*5,CYP3A4*9.001,CYP3A4*49.001,CYP3A4*20,CYP3A4*18.001,CYP3A4*43.001,CYP3A4*6,CYP3A4*1.003,CYP3A4*34.001', 'CYP3A4*13'] 


0 0 0.5
start type CYP2A6 for 20230815_PAS02078_barcode17.original_ref...

finish matrix construction
CYP2A6 read num: 0 mapped allele num: 0
support read number is too low or the mapped allele num is too low for CYP2A6, skip typing
start type CYP2C9 for 20230815_PAS02078_barcode17.original_ref...

finish matrix construction
CYP2C9 read num: 19 mapped allele num: 200
# allele pairs that pass match len cutoff 19900
identity ('CYP2C9*1.002&CYP2C9*19.001', 0.9250823026959694)
identity ('CYP2C9*1.002&CYP2C9*28.001', 0.9250823026959694)
identity ('CYP2C9*1.002&CYP2C9*81.001', 0.9250823026959694)
identity ('CYP2C9*1.002&CYP2C9*54.001', 0.9250823026959694)
identity ('CYP2C9*1.002&CYP2C9*35.001', 0.9250823026959694)
identity ('CYP2C9*1.002&CYP2C9*61', 0.9250823026959694)
identity ('CYP2C9*1.002&CYP2C9*79.001', 0.9250823026959694)
identity ('CYP2C9*1.002&CYP2C9*13', 0.9250823026959694)
identity ('CYP2C9*1.002&CYP2C9*50', 0.9250823026959694)
identity ('CYP2C9*1.002&CYP2C9*66.001', 0.9250823026959694)
identity ('CYP2C9*1.002&CYP2C9*21', 0.9250823026959694)
identity ('CYP2C9*1.002&CYP2C9*80', 0.9250823026959694)
identity ('CYP2C9*1.002&CYP2C9*81', 0.9250823026959694)
identity ('CYP2C9*1.002&CYP2C9*60.001', 0.9250823026959694)
identity ('CYP2C9*1.002&CYP2C9*31.001', 0.9250823026959694)
identity ('CYP2C9*1.002&CYP2C9*10', 0.9250823026959694)
identity ('CYP2C9*1.002&CYP2C9*86', 0.9250823026959694)
identity ('CYP2C9*1.002&CYP2C9*15', 0.9250823026959694)
identity ('CYP2C9*1.002&CYP2C9*16.001', 0.9250823026959694)
identity ('CYP2C9*1.002&CYP2C9*1.001', 0.9250823026959694)
identity ('CYP2C9*1.002&CYP2C9*11.002', 0.9250823026959694)
identity ('CYP2C9*1.002&CYP2C9*4.001', 0.9250823026959694)
identity ('CYP2C9*1.002&CYP2C9*58.001', 0.9250823026959694)
identity ('CYP2C9*1.002&CYP2C9*3.001', 0.9250823026959694)
identity ('CYP2C9*1.002&CYP2C9*74', 0.9250823026959694)
identity ('CYP2C9*1.002&CYP2C9*31', 0.9250823026959694)
identity ('CYP2C9*1.002&CYP2C9*70', 0.9250823026959694)
identity ('CYP2C9*1.002&CYP2C9*1.005', 0.9250823026959694)
identity ('CYP2C9*1.002&CYP2C9*1.009', 0.9250823026959694)
identity ('CYP2C9*1.002&CYP2C9*45.001', 0.9250823026959694)
CYP2C9 ['CYP2C9*19.001,CYP2C9*28.001,CYP2C9*81.001,CYP2C9*54.001,CYP2C9*35.001,CYP2C9*61,CYP2C9*79.001,CYP2C9*13,CYP2C9*50,CYP2C9*66.001,CYP2C9*21,CYP2C9*80,CYP2C9*81,CYP2C9*60.001,CYP2C9*31.001,CYP2C9*10,CYP2C9*86,CYP2C9*15,CYP2C9*16.001,CYP2C9*1.001,CYP2C9*11.002,CYP2C9*4.001,CYP2C9*58.001,CYP2C9*3.001,CYP2C9*74,CYP2C9*31,CYP2C9*70,CYP2C9*1.005,CYP2C9*1.009,CYP2C9*45.001', 'CYP2C9*1.002'] 


0 0 0.5
start type SLCO1B1 for 20230815_PAS02078_barcode17.original_ref...

finish matrix construction
SLCO1B1 read num: 28 mapped allele num: 122
# allele pairs that pass match len cutoff 7381
identity ('SLCO1B1*31.001&SLCO1B1*43.002', 0.8901975683890577)
identity ('SLCO1B1*31.001&SLCO1B1*53', 0.8901975683890577)
identity ('SLCO1B1*31.001&SLCO1B1*56', 0.8901975683890577)
identity ('SLCO1B1*31.001&SLCO1B1*45.002', 0.8901975683890577)
identity ('SLCO1B1*31.001&SLCO1B1*28.001', 0.8901975683890577)
identity ('SLCO1B1*31.001&SLCO1B1*54.001', 0.8901975683890577)
identity ('SLCO1B1*31.001&SLCO1B1*30', 0.8901975683890577)
identity ('SLCO1B1*31.001&SLCO1B1*15', 0.8901975683890577)
identity ('SLCO1B1*31.001&SLCO1B1*9', 0.8901975683890577)
identity ('SLCO1B1*31.001&SLCO1B1*32', 0.8901975683890577)
identity ('SLCO1B1*31.001&SLCO1B1*24', 0.8901975683890577)
identity ('SLCO1B1*31.001&SLCO1B1*26.001', 0.8901975683890577)
identity ('SLCO1B1*31.001&SLCO1B1*37.008', 0.8901975683890577)
identity ('SLCO1B1*31.001&SLCO1B1*2', 0.8901975683890577)
identity ('SLCO1B1*31.001&SLCO1B1*58', 0.8901975683890577)
identity ('SLCO1B1*31.001&SLCO1B1*11', 0.8901975683890577)
identity ('SLCO1B1*31.001&SLCO1B1*57.001', 0.8901975683890577)
identity ('SLCO1B1*31.001&SLCO1B1*11.001', 0.8901975683890577)
identity ('SLCO1B1*31.001&SLCO1B1*45.001', 0.8901975683890577)
identity ('SLCO1B1*31.001&SLCO1B1*5', 0.8901975683890577)
identity ('SLCO1B1*31.001&SLCO1B1*15.001', 0.8901975683890577)
identity ('SLCO1B1*31.001&SLCO1B1*37.009', 0.8901975683890577)
identity ('SLCO1B1*31.001&SLCO1B1*1.001', 0.8901975683890577)
identity ('SLCO1B1*31.001&SLCO1B1*2.001', 0.8901975683890577)
identity ('SLCO1B1*31.001&SLCO1B1*36', 0.8901975683890577)
identity ('SLCO1B1*31.001&SLCO1B1*37.006', 0.8901975683890577)
identity ('SLCO1B1*31.001&SLCO1B1*44', 0.8901975683890577)
identity ('SLCO1B1*31.001&SLCO1B1*24.001', 0.8901975683890577)
identity ('SLCO1B1*31.001&SLCO1B1*31.003', 0.8901975683890577)
identity ('SLCO1B1*31.001&SLCO1B1*20', 0.8901975683890577)
SLCO1B1 ['SLCO1B1*31.001,SLCO1B1*53,SLCO1B1*56,SLCO1B1*54.001,SLCO1B1*9,SLCO1B1*32,SLCO1B1*58,SLCO1B1*57.001,SLCO1B1*15.001,SLCO1B1*2.001,SLCO1B1*36,SLCO1B1*24.001,SLCO1B1*31.003,SLCO1B1*20', 'SLCO1B1*43.002,SLCO1B1*31.001,SLCO1B1*45.002,SLCO1B1*28.001,SLCO1B1*30,SLCO1B1*15,SLCO1B1*24,SLCO1B1*26.001,SLCO1B1*37.008,SLCO1B1*2,SLCO1B1*11,SLCO1B1*11.001,SLCO1B1*45.001,SLCO1B1*5,SLCO1B1*37.009,SLCO1B1*1.001,SLCO1B1*37.006,SLCO1B1*44'] 


0 0 0.5
start type NAT2 for 20230815_PAS02078_barcode17.original_ref...

finish matrix construction
NAT2 read num: 0 mapped allele num: 0
support read number is too low or the mapped allele num is too low for NAT2, skip typing
start type CYP4F2 for 20230815_PAS02078_barcode17.original_ref...

finish matrix construction
CYP4F2 read num: 0 mapped allele num: 0
support read number is too low or the mapped allele num is too low for CYP4F2, skip typing
start type CYP3A5 for 20230815_PAS02078_barcode17.original_ref...

finish matrix construction
CYP3A5 read num: 102 mapped allele num: 37
# allele pairs that pass match len cutoff 666
identity ('CYP3A5*1.002&CYP3A5*3.006', 0.8810650887573964)
identity ('CYP3A5*1.002&CYP3A5*3.013', 0.8810650887573964)
identity ('CYP3A5*1.002&CYP3A5*1.006', 0.8810650887573964)
identity ('CYP3A5*1.002&CYP3A5*3.009', 0.8810650887573964)
identity ('CYP3A5*1.002&CYP3A5*1.005', 0.8810650887573964)
identity ('CYP3A5*1.002&CYP3A5*3.001', 0.8810650887573964)
identity ('CYP3A5*1.002&CYP3A5*6.001', 0.8810650887573964)
identity ('CYP3A5*1.002&CYP3A5*3.019', 0.8810650887573964)
identity ('CYP3A5*1.002&CYP3A5*3.007', 0.8810650887573964)
identity ('CYP3A5*1.002&CYP3A5*7', 0.8810650887573964)
identity ('CYP3A5*1.002&CYP3A5*3.005', 0.8810650887573964)
identity ('CYP3A5*1.002&CYP3A5*3.016', 0.8810650887573964)
identity ('CYP3A5*1.002&CYP3A5*3.010', 0.8810650887573964)
identity ('CYP3A5*1.002&CYP3A5*3.012', 0.8810650887573964)
identity ('CYP3A5*1.002&CYP3A5*3.015', 0.8810650887573964)
identity ('CYP3A5*1.002&CYP3A5*3.002', 0.8810650887573964)
identity ('CYP3A5*1.002&CYP3A5*8', 0.8810650887573964)
identity ('CYP3A5*1.002&CYP3A5*1.009', 0.8810650887573964)
identity ('CYP3A5*1.002&CYP3A5*6', 0.8810650887573964)
identity ('CYP3A5*1.002&CYP3A5*3.014', 0.8810650887573964)
identity ('CYP3A5*1.002&CYP3A5*3.008', 0.8810650887573964)
identity ('CYP3A5*1.002&CYP3A5*3.021', 0.8810650887573964)
identity ('CYP3A5*1.002&CYP3A5*1.007', 0.8810650887573964)
identity ('CYP3A5*1.002&CYP3A5*3.017', 0.8810650887573964)
identity ('CYP3A5*1.002&CYP3A5*7.001', 0.8810650887573964)
identity ('CYP3A5*1.002&CYP3A5*1.008', 0.8810650887573964)
identity ('CYP3A5*1.002&CYP3A5*3.003', 0.8810650887573964)
identity ('CYP3A5*1.002&CYP3A5*9.001', 0.8810650887573964)
identity ('CYP3A5*1.002&CYP3A5*3.020', 0.8810650887573964)
identity ('CYP3A5*1.002&CYP3A5*8.001', 0.8810650887573964)
CYP3A5 ['CYP3A5*1.002,CYP3A5*3.013,CYP3A5*3.001,CYP3A5*6.001,CYP3A5*7,CYP3A5*3.016,CYP3A5*3.010,CYP3A5*3.002,CYP3A5*8,CYP3A5*3.014,CYP3A5*3.021,CYP3A5*1.007,CYP3A5*3.017,CYP3A5*9.001,CYP3A5*8.001', 'CYP3A5*3.006,CYP3A5*1.002,CYP3A5*1.006,CYP3A5*3.009,CYP3A5*1.005,CYP3A5*3.019,CYP3A5*3.007,CYP3A5*3.005,CYP3A5*3.012,CYP3A5*3.015,CYP3A5*1.009,CYP3A5*6,CYP3A5*3.008,CYP3A5*7.001,CYP3A5*1.008,CYP3A5*3.003,CYP3A5*3.020'] 


2 2 0.5
CYP2D6 hete - **** - 


CYP2A13 hete - **** - 


CYP2C8 hete CYP2C8*1.009,CYP2C8*1.001,CYP2C8*13.001,CYP2C8*1.014,CYP2C8*7,CYP2C8*10,CYP2C8*15.001,CYP2C8*8.001,CYP2C8*1.012,CYP2C8*1.010,CYP2C8*1.006,CYP2C8*4.002,CYP2C8*9.001,CYP2C8*6,CYP2C8*1.013,CYP2C8*4,CYP2C8*18,CYP2C8*14.001,CYP2C8*2.001,CYP2C8*16.001,CYP2C8*3.001,CYP2C8*5,CYP2C8*12.001,CYP2C8*17.001,CYP2C8*6.001,CYP2C8*2,CYP2C8*10.001,CYP2C8*3.002,CYP2C8*16,CYP2C8*1.017 **** CYP2C8*15 


CYP2C19 hete CYP2C19*2,CYP2C19*35.002,CYP2C19*9,CYP2C19*2.006,CYP2C19*7.001,CYP2C19*31,CYP2C19*32,CYP2C19*15.002,CYP2C19*3.002,CYP2C19*12.001,CYP2C19*26.001,CYP2C19*9.003,CYP2C19*2.008,CYP2C19*9.001,CYP2C19*1.004,CYP2C19*38.005,CYP2C19*22.001,CYP2C19*13.002,CYP2C19*12,CYP2C19*1.018,CYP2C19*10.001,CYP2C19*1.014,CYP2C19*15,CYP2C19*22,CYP2C19*35,CYP2C19*2.003,CYP2C19*18,CYP2C19*11.001,CYP2C19*2.004,CYP2C19*38 **** CYP2C19*1.016 


CYP2B6 hete CYP2B6*6.008,CYP2B6*41,CYP2B6*1.009,CYP2B6*1.018,CYP2B6*1.028,CYP2B6*2.002,CYP2B6*28,CYP2B6*24,CYP2B6*27.001,CYP2B6*38,CYP2B6*47.001,CYP2B6*1.007,CYP2B6*36.001,CYP2B6*39,CYP2B6*1.026,CYP2B6*1.003,CYP2B6*1,CYP2B6*1.038,CYP2B6*21,CYP2B6*6.007,CYP2B6*45,CYP2B6*8.001,CYP2B6*6.012,CYP2B6*1.024,CYP2B6*11.001,CYP2B6*1.023,CYP2B6*44.001,CYP2B6*19.001,CYP2B6*32,CYP2B6*17 **** CYP2B6*9.001 


CYP1A2 hete - **** - 


NUDT15 hete - **** - 


CYP3A4 hete CYP3A4*47,CYP3A4*1.012,CYP3A4*21,CYP3A4*22,CYP3A4*24.001,CYP3A4*38,CYP3A4*4.001,CYP3A4*34,CYP3A4*49,CYP3A4*45.001,CYP3A4*12,CYP3A4*14.001,CYP3A4*24,CYP3A4*14,CYP3A4*3.001,CYP3A4*44,CYP3A4*17.001,CYP3A4*32,CYP3A4*26.001,CYP3A4*2.001,CYP3A4*39.001,CYP3A4*5,CYP3A4*9.001,CYP3A4*49.001,CYP3A4*20,CYP3A4*18.001,CYP3A4*43.001,CYP3A4*6,CYP3A4*1.003,CYP3A4*34.001 **** CYP3A4*13 


CYP2A6 hete - **** - 


CYP2C9 hete CYP2C9*19.001,CYP2C9*28.001,CYP2C9*81.001,CYP2C9*54.001,CYP2C9*35.001,CYP2C9*61,CYP2C9*79.001,CYP2C9*13,CYP2C9*50,CYP2C9*66.001,CYP2C9*21,CYP2C9*80,CYP2C9*81,CYP2C9*60.001,CYP2C9*31.001,CYP2C9*10,CYP2C9*86,CYP2C9*15,CYP2C9*16.001,CYP2C9*1.001,CYP2C9*11.002,CYP2C9*4.001,CYP2C9*58.001,CYP2C9*3.001,CYP2C9*74,CYP2C9*31,CYP2C9*70,CYP2C9*1.005,CYP2C9*1.009,CYP2C9*45.001 **** CYP2C9*1.002 


SLCO1B1 hete SLCO1B1*31.001,SLCO1B1*53,SLCO1B1*56,SLCO1B1*54.001,SLCO1B1*9,SLCO1B1*32,SLCO1B1*58,SLCO1B1*57.001,SLCO1B1*15.001,SLCO1B1*2.001,SLCO1B1*36,SLCO1B1*24.001,SLCO1B1*31.003,SLCO1B1*20 **** SLCO1B1*43.002,SLCO1B1*31.001,SLCO1B1*45.002,SLCO1B1*28.001,SLCO1B1*30,SLCO1B1*15,SLCO1B1*24,SLCO1B1*26.001,SLCO1B1*37.008,SLCO1B1*2,SLCO1B1*11,SLCO1B1*11.001,SLCO1B1*45.001,SLCO1B1*5,SLCO1B1*37.009,SLCO1B1*1.001,SLCO1B1*37.006,SLCO1B1*44 


NAT2 hete - **** - 


CYP4F2 hete - **** - 


CYP3A5 hete CYP3A5*1.002,CYP3A5*3.013,CYP3A5*3.001,CYP3A5*6.001,CYP3A5*7,CYP3A5*3.016,CYP3A5*3.010,CYP3A5*3.002,CYP3A5*8,CYP3A5*3.014,CYP3A5*3.021,CYP3A5*1.007,CYP3A5*3.017,CYP3A5*9.001,CYP3A5*8.001 **** CYP3A5*3.006,CYP3A5*1.002,CYP3A5*1.006,CYP3A5*3.009,CYP3A5*1.005,CYP3A5*3.019,CYP3A5*3.007,CYP3A5*3.005,CYP3A5*3.012,CYP3A5*3.015,CYP3A5*1.009,CYP3A5*6,CYP3A5*3.008,CYP3A5*7.001,CYP3A5*1.008,CYP3A5*3.003,CYP3A5*3.020 


result is /project/home/pouria/opt/src/SpecImmune/runs/ont_chr22/20230815_PAS02078_barcode17.original_ref/20230815_PAS02078_barcode17.original_ref/20230815_PAS02078_barcode17.original_ref.CYP.type.result.txt
{'r': '/project/home/pouria/opt/src/SpecImmune/runs/ont_chr22/20230815_PAS02078_barcode17.original_ref/20230815_PAS02078_barcode17.original_ref.fastq.gz', 'n': '20230815_PAS02078_barcode17.original_ref', 'o': '/project/home/pouria/opt/src/SpecImmune/runs/ont_chr22/20230815_PAS02078_barcode17.original_ref', 'i': 'CYP', 'j': 12, 'k': 5, 'y': 'nanopore', 'db': '/project/home/pouria/opt/src/SpecImmune/scripts/../db/', 'hg38': '/project/shared/inumanag-aldy-ont/GRCh38_no_alts.fa', 'first_run': True, 'min_identity': 0.85, 'hete_p': 0.3, 'candidate_allele_num': 200, 'min_read_num': 2, 'max_read_num': 500, 'RNA_type': 'traditional', 'seq_tech': 'wgs', 'align_method_1': 'bwa', 'align_method_2': 'minimap2', 'iteration': 1, 'dv_sif': None, 'snv_tool': 'longshot', 'drug_recommendation': False, 'visualization': True, 'version': False}
iteration 1
processing CYP2C8 CYP2C8*1.009 1
Contig name replaced successfully.
processing CYP2C8 CYP2C8*15 2
Contig name replaced successfully.
processing CYP2C19 CYP2C19*2 1
Contig name replaced successfully.
processing CYP2C19 CYP2C19*1.016 2
Contig name replaced successfully.
processing CYP2B6 CYP2B6*6.008 1
Contig name replaced successfully.
processing CYP2B6 CYP2B6*9.001 2
Contig name replaced successfully.
processing CYP3A4 CYP3A4*47 1
Contig name replaced successfully.
processing CYP3A4 CYP3A4*13 2
Contig name replaced successfully.
processing CYP2C9 CYP2C9*19.001 1
Contig name replaced successfully.
processing CYP2C9 CYP2C9*1.002 2
Contig name replaced successfully.
processing SLCO1B1 SLCO1B1*31.001 1
Contig name replaced successfully.
processing SLCO1B1 SLCO1B1*43.002 2
Contig name replaced successfully.
processing CYP3A5 CYP3A5*1.002 1
Contig name replaced successfully.
processing CYP3A5 CYP3A5*3.006 2
Contig name replaced successfully.
processing alignment for CYP2C8
processing alignment for CYP2C19
processing alignment for CYP2B6
processing alignment for CYP3A4
processing alignment for CYP2C9
processing alignment for SLCO1B1
processing alignment for CYP3A5
WARNING: hg38 not provided, cannot type CYP genes
start variant pipeline ...
Processing homo CYP2D6
/project/home/pouria/opt/src/SpecImmune/runs/ont_chr22/20230815_PAS02078_barcode17.original_ref/20230815_PAS02078_barcode17.original_ref/Genes_step2//CYP2D6.bam does not exist
Processing homo CYP2A13
/project/home/pouria/opt/src/SpecImmune/runs/ont_chr22/20230815_PAS02078_barcode17.original_ref/20230815_PAS02078_barcode17.original_ref/Genes_step2//CYP2A13.bam does not exist
Processing hete CYP2C8
downsample ratio is 1 for CYP2C8
detect low depth regions...
Mean depth {'CYP2C8_ref1': 3}
Error executing call phase for CYP2C8.0: Command '
        samtools index /project/home/pouria/opt/src/SpecImmune/runs/ont_chr22/20230815_PAS02078_barcode17.original_ref/20230815_PAS02078_barcode17.original_ref/Genes_step2//CYP2C8.0.bam
        python3 /project/home/pouria/opt/src/SpecImmune/scripts/mask_low_depth_region.py -f False -c /project/home/pouria/opt/src/SpecImmune/runs/ont_chr22/20230815_PAS02078_barcode17.original_ref/20230815_PAS02078_barcode17.original_ref/Genes_step2//CYP2C8.0.depth -b /project/home/pouria/opt/src/SpecImmune/runs/ont_chr22/20230815_PAS02078_barcode17.original_ref/20230815_PAS02078_barcode17.original_ref/Genes_step2//CYP2C8.0.low_depth.bed -w 10 -d 1
        
        longshot -F -c 1 -C 100000 -P 0.01 -r CYP2C8_ref1 --bam /project/home/pouria/opt/src/SpecImmune/runs/ont_chr22/20230815_PAS02078_barcode17.original_ref/20230815_PAS02078_barcode17.original_ref/Genes_step2//CYP2C8.0.bam --ref /project/home/pouria/opt/src/SpecImmune/runs/ont_chr22/20230815_PAS02078_barcode17.original_ref/20230815_PAS02078_barcode17.original_ref/individual_ref/CYP2C8/CYP2C8.1.fasta --out /project/home/pouria/opt/src/SpecImmune/runs/ont_chr22/20230815_PAS02078_barcode17.original_ref/20230815_PAS02078_barcode17.original_ref/Genes_step2//20230815_PAS02078_barcode17.original_ref.CYP2C8.0.longshot.vcf
        bgzip -f /project/home/pouria/opt/src/SpecImmune/runs/ont_chr22/20230815_PAS02078_barcode17.original_ref/20230815_PAS02078_barcode17.original_ref/Genes_step2//20230815_PAS02078_barcode17.original_ref.CYP2C8.0.longshot.vcf
        tabix -f /project/home/pouria/opt/src/SpecImmune/runs/ont_chr22/20230815_PAS02078_barcode17.original_ref/20230815_PAS02078_barcode17.original_ref/Genes_step2//20230815_PAS02078_barcode17.original_ref.CYP2C8.0.longshot.vcf.gz

        # samtools dict /project/home/pouria/opt/src/SpecImmune/runs/ont_chr22/20230815_PAS02078_barcode17.original_ref/20230815_PAS02078_barcode17.original_ref/individual_ref/CYP2C8/CYP2C8.1.fasta > /project/home/pouria/opt/src/SpecImmune/runs/ont_chr22/20230815_PAS02078_barcode17.original_ref/20230815_PAS02078_barcode17.original_ref/individual_ref/CYP2C8/CYP2C8.1.dict
        # java -Xmx5g -jar /project/home/pouria/opt/src/SpecImmune/scripts/../packages/GenomeAnalysisTK.jar -T HaplotypeCaller -R /project/home/pouria/opt/src/SpecImmune/runs/ont_chr22/20230815_PAS02078_barcode17.original_ref/20230815_PAS02078_barcode17.original_ref/individual_ref/CYP2C8/CYP2C8.1.fasta -I /project/home/pouria/opt/src/SpecImmune/runs/ont_chr22/20230815_PAS02078_barcode17.original_ref/20230815_PAS02078_barcode17.original_ref/Genes_step2//CYP2C8.0.bam -o /project/home/pouria/opt/src/SpecImmune/runs/ont_chr22/20230815_PAS02078_barcode17.original_ref/20230815_PAS02078_barcode17.original_ref/Genes_step2//20230815_PAS02078_barcode17.original_ref.CYP2C8.0.longshot.raw.vcf.gz  -L CYP2C8_ref1
        # whatshap phase -o /project/home/pouria/opt/src/SpecImmune/runs/ont_chr22/20230815_PAS02078_barcode17.original_ref/20230815_PAS02078_barcode17.original_ref/Genes_step2//20230815_PAS02078_barcode17.original_ref.CYP2C8.0.longshot.vcf.gz -r /project/home/pouria/opt/src/SpecImmune/runs/ont_chr22/20230815_PAS02078_barcode17.original_ref/20230815_PAS02078_barcode17.original_ref/individual_ref/CYP2C8/CYP2C8.1.fasta --indels /project/home/pouria/opt/src/SpecImmune/runs/ont_chr22/20230815_PAS02078_barcode17.original_ref/20230815_PAS02078_barcode17.original_ref/Genes_step2//20230815_PAS02078_barcode17.original_ref.CYP2C8.0.longshot.raw.vcf.gz /project/home/pouria/opt/src/SpecImmune/runs/ont_chr22/20230815_PAS02078_barcode17.original_ref/20230815_PAS02078_barcode17.original_ref/Genes_step2//CYP2C8.0.bam
        # tabix -f /project/home/pouria/opt/src/SpecImmune/runs/ont_chr22/20230815_PAS02078_barcode17.original_ref/20230815_PAS02078_barcode17.original_ref/Genes_step2//20230815_PAS02078_barcode17.original_ref.CYP2C8.0.longshot.vcf.gz
        

        zcat /project/home/pouria/opt/src/SpecImmune/runs/ont_chr22/20230815_PAS02078_barcode17.original_ref/20230815_PAS02078_barcode17.original_ref/Genes_step2//20230815_PAS02078_barcode17.original_ref.CYP2C8.0.longshot.vcf.gz > /project/home/pouria/opt/src/SpecImmune/runs/ont_chr22/20230815_PAS02078_barcode17.original_ref/20230815_PAS02078_barcode17.original_ref/Genes_step2//20230815_PAS02078_barcode17.original_ref.CYP2C8.0.phased.vcf
        bgzip -f /project/home/pouria/opt/src/SpecImmune/runs/ont_chr22/20230815_PAS02078_barcode17.original_ref/20230815_PAS02078_barcode17.original_ref/Genes_step2//20230815_PAS02078_barcode17.original_ref.CYP2C8.0.phased.vcf
        tabix -f /project/home/pouria/opt/src/SpecImmune/runs/ont_chr22/20230815_PAS02078_barcode17.original_ref/20230815_PAS02078_barcode17.original_ref/Genes_step2//20230815_PAS02078_barcode17.original_ref.CYP2C8.0.phased.vcf.gz
        ' returned non-zero exit status 127.

            python3 /project/home/pouria/opt/src/SpecImmune/scripts/remap.py 20230815_PAS02078_barcode17.original_ref CYP /project/home/pouria/opt/src/SpecImmune/runs/ont_chr22/20230815_PAS02078_barcode17.original_ref nanopore wgs traditional 12 /project/home/pouria/opt/src/SpecImmune/scripts/../db//CYP/CYP.full.fasta
            
CYP2D6	1	-	0	False	NA	-
alleles_str ['-']
result : CYP2D6 -
CYP2D6	2	-	0	False	NA	-
alleles_str ['-']
result : CYP2D6 -
CYP2A13	1	-	0	False	NA	-
alleles_str ['-']
result : CYP2A13 -
CYP2A13	2	-	0	False	NA	-
alleles_str ['-']
result : CYP2A13 -
CYP2C8	1	CYP2C8*1.009;CYP2C8*1.001;CYP2C8*13.001;CYP2C8*1.014;CYP2C8*7;CYP2C8*10;CYP2C8*15.001;CYP2C8*8.001;CYP2C8*1.012;CYP2C8*1.010;CYP2C8*1.006;CYP2C8*4.002;CYP2C8*9.001;CYP2C8*6;CYP2C8*1.013;CYP2C8*4;CYP2C8*18;CYP2C8*14.001;CYP2C8*2.001;CYP2C8*16.001;CYP2C8*3.001;CYP2C8*5;CYP2C8*12.001;CYP2C8*17.001;CYP2C8*6.001;CYP2C8*2;CYP2C8*10.001;CYP2C8*3.002;CYP2C8*16;CYP2C8*1.017	16	False	0.5	CYP2C8*1.009;CYP2C8*1.001;CYP2C8*13.001;CYP2C8*1.014;CYP2C8*7;CYP2C8*10;CYP2C8*15.001;CYP2C8*8.001;CYP2C8*1.012;CYP2C8*1.010;CYP2C8*1.006;CYP2C8*4.002;CYP2C8*9.001;CYP2C8*6;CYP2C8*1.013;CYP2C8*4;CYP2C8*18;CYP2C8*14.001;CYP2C8*2.001;CYP2C8*16.001;CYP2C8*3.001;CYP2C8*5;CYP2C8*12.001;CYP2C8*17.001;CYP2C8*6.001;CYP2C8*2;CYP2C8*10.001;CYP2C8*3.002;CYP2C8*16;CYP2C8*1.017
alleles_str ['CYP2C8*1.009', 'CYP2C8*1.001', 'CYP2C8*13.001', 'CYP2C8*1.014', 'CYP2C8*7', 'CYP2C8*10', 'CYP2C8*15.001', 'CYP2C8*8.001', 'CYP2C8*1.012', 'CYP2C8*1.010', 'CYP2C8*1.006', 'CYP2C8*4.002', 'CYP2C8*9.001', 'CYP2C8*6', 'CYP2C8*1.013', 'CYP2C8*4', 'CYP2C8*18', 'CYP2C8*14.001', 'CYP2C8*2.001', 'CYP2C8*16.001', 'CYP2C8*3.001', 'CYP2C8*5', 'CYP2C8*12.001', 'CYP2C8*17.001', 'CYP2C8*6.001', 'CYP2C8*2', 'CYP2C8*10.001', 'CYP2C8*3.002', 'CYP2C8*16', 'CYP2C8*1.017']
result : CYP2C8 CYP2C8*1.009
CYP2C8	2	CYP2C8*15	16	False	0.5	CYP2C8*15
alleles_str ['CYP2C8*15']
result : CYP2C8 CYP2C8*15
CYP2C19	1	CYP2C19*2;CYP2C19*35.002;CYP2C19*9;CYP2C19*2.006;CYP2C19*7.001;CYP2C19*31;CYP2C19*32;CYP2C19*15.002;CYP2C19*3.002;CYP2C19*12.001;CYP2C19*26.001;CYP2C19*9.003;CYP2C19*2.008;CYP2C19*9.001;CYP2C19*1.004;CYP2C19*38.005;CYP2C19*22.001;CYP2C19*13.002;CYP2C19*12;CYP2C19*1.018;CYP2C19*10.001;CYP2C19*1.014;CYP2C19*15;CYP2C19*22;CYP2C19*35;CYP2C19*2.003;CYP2C19*18;CYP2C19*11.001;CYP2C19*2.004;CYP2C19*38	136	False	0.5	CYP2C19*2;CYP2C19*35.002;CYP2C19*9;CYP2C19*2.006;CYP2C19*7.001;CYP2C19*31;CYP2C19*32;CYP2C19*15.002;CYP2C19*3.002;CYP2C19*12.001;CYP2C19*26.001;CYP2C19*9.003;CYP2C19*2.008;CYP2C19*9.001;CYP2C19*1.004;CYP2C19*38.005;CYP2C19*22.001;CYP2C19*13.002;CYP2C19*12;CYP2C19*1.018;CYP2C19*10.001;CYP2C19*1.014;CYP2C19*15;CYP2C19*22;CYP2C19*35;CYP2C19*2.003;CYP2C19*18;CYP2C19*11.001;CYP2C19*2.004;CYP2C19*38
alleles_str ['CYP2C19*2', 'CYP2C19*35.002', 'CYP2C19*9', 'CYP2C19*2.006', 'CYP2C19*7.001', 'CYP2C19*31', 'CYP2C19*32', 'CYP2C19*15.002', 'CYP2C19*3.002', 'CYP2C19*12.001', 'CYP2C19*26.001', 'CYP2C19*9.003', 'CYP2C19*2.008', 'CYP2C19*9.001', 'CYP2C19*1.004', 'CYP2C19*38.005', 'CYP2C19*22.001', 'CYP2C19*13.002', 'CYP2C19*12', 'CYP2C19*1.018', 'CYP2C19*10.001', 'CYP2C19*1.014', 'CYP2C19*15', 'CYP2C19*22', 'CYP2C19*35', 'CYP2C19*2.003', 'CYP2C19*18', 'CYP2C19*11.001', 'CYP2C19*2.004', 'CYP2C19*38']
result : CYP2C19 CYP2C19*2
CYP2C19	2	CYP2C19*1.016	136	False	0.5	CYP2C19*1.016
alleles_str ['CYP2C19*1.016']
result : CYP2C19 CYP2C19*1.016
CYP2B6	1	CYP2B6*6.008;CYP2B6*41;CYP2B6*1.009;CYP2B6*1.018;CYP2B6*1.028;CYP2B6*2.002;CYP2B6*28;CYP2B6*24;CYP2B6*27.001;CYP2B6*38;CYP2B6*47.001;CYP2B6*1.007;CYP2B6*36.001;CYP2B6*39;CYP2B6*1.026;CYP2B6*1.003;CYP2B6*1;CYP2B6*1.038;CYP2B6*21;CYP2B6*6.007;CYP2B6*45;CYP2B6*8.001;CYP2B6*6.012;CYP2B6*1.024;CYP2B6*11.001;CYP2B6*1.023;CYP2B6*44.001;CYP2B6*19.001;CYP2B6*32;CYP2B6*17	15	False	0.5	CYP2B6*6.008;CYP2B6*41;CYP2B6*1.009;CYP2B6*1.018;CYP2B6*1.028;CYP2B6*2.002;CYP2B6*28;CYP2B6*24;CYP2B6*27.001;CYP2B6*38;CYP2B6*47.001;CYP2B6*1.007;CYP2B6*36.001;CYP2B6*39;CYP2B6*1.026;CYP2B6*1.003;CYP2B6*1;CYP2B6*1.038;CYP2B6*21;CYP2B6*6.007;CYP2B6*45;CYP2B6*8.001;CYP2B6*6.012;CYP2B6*1.024;CYP2B6*11.001;CYP2B6*1.023;CYP2B6*44.001;CYP2B6*19.001;CYP2B6*32;CYP2B6*17
alleles_str ['CYP2B6*6.008', 'CYP2B6*41', 'CYP2B6*1.009', 'CYP2B6*1.018', 'CYP2B6*1.028', 'CYP2B6*2.002', 'CYP2B6*28', 'CYP2B6*24', 'CYP2B6*27.001', 'CYP2B6*38', 'CYP2B6*47.001', 'CYP2B6*1.007', 'CYP2B6*36.001', 'CYP2B6*39', 'CYP2B6*1.026', 'CYP2B6*1.003', 'CYP2B6*1', 'CYP2B6*1.038', 'CYP2B6*21', 'CYP2B6*6.007', 'CYP2B6*45', 'CYP2B6*8.001', 'CYP2B6*6.012', 'CYP2B6*1.024', 'CYP2B6*11.001', 'CYP2B6*1.023', 'CYP2B6*44.001', 'CYP2B6*19.001', 'CYP2B6*32', 'CYP2B6*17']
result : CYP2B6 CYP2B6*6.008
CYP2B6	2	CYP2B6*9.001	15	False	0.5	CYP2B6*9.001
alleles_str ['CYP2B6*9.001']
result : CYP2B6 CYP2B6*9.001
CYP1A2	1	-	0	False	NA	-
alleles_str ['-']
result : CYP1A2 -
CYP1A2	2	-	0	False	NA	-
alleles_str ['-']
result : CYP1A2 -
NUDT15	1	-	0	False	NA	-
alleles_str ['-']
result : NUDT15 -
NUDT15	2	-	0	False	NA	-
alleles_str ['-']
result : NUDT15 -
CYP3A4	1	CYP3A4*47;CYP3A4*1.012;CYP3A4*21;CYP3A4*22;CYP3A4*24.001;CYP3A4*38;CYP3A4*4.001;CYP3A4*34;CYP3A4*49;CYP3A4*45.001;CYP3A4*12;CYP3A4*14.001;CYP3A4*24;CYP3A4*14;CYP3A4*3.001;CYP3A4*44;CYP3A4*17.001;CYP3A4*32;CYP3A4*26.001;CYP3A4*2.001;CYP3A4*39.001;CYP3A4*5;CYP3A4*9.001;CYP3A4*49.001;CYP3A4*20;CYP3A4*18.001;CYP3A4*43.001;CYP3A4*6;CYP3A4*1.003;CYP3A4*34.001	15	False	0.5	CYP3A4*47;CYP3A4*1.012;CYP3A4*21;CYP3A4*22;CYP3A4*24.001;CYP3A4*38;CYP3A4*4.001;CYP3A4*34;CYP3A4*49;CYP3A4*45.001;CYP3A4*12;CYP3A4*14.001;CYP3A4*24;CYP3A4*14;CYP3A4*3.001;CYP3A4*44;CYP3A4*17.001;CYP3A4*32;CYP3A4*26.001;CYP3A4*2.001;CYP3A4*39.001;CYP3A4*5;CYP3A4*9.001;CYP3A4*49.001;CYP3A4*20;CYP3A4*18.001;CYP3A4*43.001;CYP3A4*6;CYP3A4*1.003;CYP3A4*34.001
alleles_str ['CYP3A4*47', 'CYP3A4*1.012', 'CYP3A4*21', 'CYP3A4*22', 'CYP3A4*24.001', 'CYP3A4*38', 'CYP3A4*4.001', 'CYP3A4*34', 'CYP3A4*49', 'CYP3A4*45.001', 'CYP3A4*12', 'CYP3A4*14.001', 'CYP3A4*24', 'CYP3A4*14', 'CYP3A4*3.001', 'CYP3A4*44', 'CYP3A4*17.001', 'CYP3A4*32', 'CYP3A4*26.001', 'CYP3A4*2.001', 'CYP3A4*39.001', 'CYP3A4*5', 'CYP3A4*9.001', 'CYP3A4*49.001', 'CYP3A4*20', 'CYP3A4*18.001', 'CYP3A4*43.001', 'CYP3A4*6', 'CYP3A4*1.003', 'CYP3A4*34.001']
result : CYP3A4 CYP3A4*47
CYP3A4	2	CYP3A4*13	15	False	0.5	CYP3A4*13
alleles_str ['CYP3A4*13']
result : CYP3A4 CYP3A4*13
CYP2A6	1	-	0	False	NA	-
alleles_str ['-']
result : CYP2A6 -
CYP2A6	2	-	0	False	NA	-
alleles_str ['-']
result : CYP2A6 -
CYP2C9	1	CYP2C9*19.001;CYP2C9*28.001;CYP2C9*81.001;CYP2C9*54.001;CYP2C9*35.001;CYP2C9*61;CYP2C9*79.001;CYP2C9*13;CYP2C9*50;CYP2C9*66.001;CYP2C9*21;CYP2C9*80;CYP2C9*81;CYP2C9*60.001;CYP2C9*31.001;CYP2C9*10;CYP2C9*86;CYP2C9*15;CYP2C9*16.001;CYP2C9*1.001;CYP2C9*11.002;CYP2C9*4.001;CYP2C9*58.001;CYP2C9*3.001;CYP2C9*74;CYP2C9*31;CYP2C9*70;CYP2C9*1.005;CYP2C9*1.009;CYP2C9*45.001	19	False	0.5	CYP2C9*19.001;CYP2C9*28.001;CYP2C9*81.001;CYP2C9*54.001;CYP2C9*35.001;CYP2C9*61;CYP2C9*79.001;CYP2C9*13;CYP2C9*50;CYP2C9*66.001;CYP2C9*21;CYP2C9*80;CYP2C9*81;CYP2C9*60.001;CYP2C9*31.001;CYP2C9*10;CYP2C9*86;CYP2C9*15;CYP2C9*16.001;CYP2C9*1.001;CYP2C9*11.002;CYP2C9*4.001;CYP2C9*58.001;CYP2C9*3.001;CYP2C9*74;CYP2C9*31;CYP2C9*70;CYP2C9*1.005;CYP2C9*1.009;CYP2C9*45.001
alleles_str ['CYP2C9*19.001', 'CYP2C9*28.001', 'CYP2C9*81.001', 'CYP2C9*54.001', 'CYP2C9*35.001', 'CYP2C9*61', 'CYP2C9*79.001', 'CYP2C9*13', 'CYP2C9*50', 'CYP2C9*66.001', 'CYP2C9*21', 'CYP2C9*80', 'CYP2C9*81', 'CYP2C9*60.001', 'CYP2C9*31.001', 'CYP2C9*10', 'CYP2C9*86', 'CYP2C9*15', 'CYP2C9*16.001', 'CYP2C9*1.001', 'CYP2C9*11.002', 'CYP2C9*4.001', 'CYP2C9*58.001', 'CYP2C9*3.001', 'CYP2C9*74', 'CYP2C9*31', 'CYP2C9*70', 'CYP2C9*1.005', 'CYP2C9*1.009', 'CYP2C9*45.001']
result : CYP2C9 CYP2C9*19.001
CYP2C9	2	CYP2C9*1.002	19	False	0.5	CYP2C9*1.002
alleles_str ['CYP2C9*1.002']
result : CYP2C9 CYP2C9*1.002
SLCO1B1	1	SLCO1B1*31.001;SLCO1B1*53;SLCO1B1*56;SLCO1B1*54.001;SLCO1B1*9;SLCO1B1*32;SLCO1B1*58;SLCO1B1*57.001;SLCO1B1*15.001;SLCO1B1*2.001;SLCO1B1*36;SLCO1B1*24.001;SLCO1B1*31.003;SLCO1B1*20	28	False	0.5	SLCO1B1*31.001;SLCO1B1*53;SLCO1B1*56;SLCO1B1*54.001;SLCO1B1*9;SLCO1B1*32;SLCO1B1*58;SLCO1B1*57.001;SLCO1B1*15.001;SLCO1B1*2.001;SLCO1B1*36;SLCO1B1*24.001;SLCO1B1*31.003;SLCO1B1*20
alleles_str ['SLCO1B1*31.001', 'SLCO1B1*53', 'SLCO1B1*56', 'SLCO1B1*54.001', 'SLCO1B1*9', 'SLCO1B1*32', 'SLCO1B1*58', 'SLCO1B1*57.001', 'SLCO1B1*15.001', 'SLCO1B1*2.001', 'SLCO1B1*36', 'SLCO1B1*24.001', 'SLCO1B1*31.003', 'SLCO1B1*20']
result : SLCO1B1 SLCO1B1*31.001
SLCO1B1	2	SLCO1B1*43.002;SLCO1B1*31.001;SLCO1B1*45.002;SLCO1B1*28.001;SLCO1B1*30;SLCO1B1*15;SLCO1B1*24;SLCO1B1*26.001;SLCO1B1*37.008;SLCO1B1*2;SLCO1B1*11;SLCO1B1*11.001;SLCO1B1*45.001;SLCO1B1*5;SLCO1B1*37.009;SLCO1B1*1.001;SLCO1B1*37.006;SLCO1B1*44	28	False	0.5	SLCO1B1*43.002;SLCO1B1*31.001;SLCO1B1*45.002;SLCO1B1*28.001;SLCO1B1*30;SLCO1B1*15;SLCO1B1*24;SLCO1B1*26.001;SLCO1B1*37.008;SLCO1B1*2;SLCO1B1*11;SLCO1B1*11.001;SLCO1B1*45.001;SLCO1B1*5;SLCO1B1*37.009;SLCO1B1*1.001;SLCO1B1*37.006;SLCO1B1*44
alleles_str ['SLCO1B1*43.002', 'SLCO1B1*31.001', 'SLCO1B1*45.002', 'SLCO1B1*28.001', 'SLCO1B1*30', 'SLCO1B1*15', 'SLCO1B1*24', 'SLCO1B1*26.001', 'SLCO1B1*37.008', 'SLCO1B1*2', 'SLCO1B1*11', 'SLCO1B1*11.001', 'SLCO1B1*45.001', 'SLCO1B1*5', 'SLCO1B1*37.009', 'SLCO1B1*1.001', 'SLCO1B1*37.006', 'SLCO1B1*44']
result : SLCO1B1 SLCO1B1*43.002
NAT2	1	-	0	False	NA	-
alleles_str ['-']
result : NAT2 -
NAT2	2	-	0	False	NA	-
alleles_str ['-']
result : NAT2 -
CYP4F2	1	-	0	False	NA	-
alleles_str ['-']
result : CYP4F2 -
CYP4F2	2	-	0	False	NA	-
alleles_str ['-']
result : CYP4F2 -
CYP3A5	1	CYP3A5*1.002;CYP3A5*3.013;CYP3A5*3.001;CYP3A5*6.001;CYP3A5*7;CYP3A5*3.016;CYP3A5*3.010;CYP3A5*3.002;CYP3A5*8;CYP3A5*3.014;CYP3A5*3.021;CYP3A5*1.007;CYP3A5*3.017;CYP3A5*9.001;CYP3A5*8.001	102	False	0.5	CYP3A5*1.002;CYP3A5*3.013;CYP3A5*3.001;CYP3A5*6.001;CYP3A5*7;CYP3A5*3.016;CYP3A5*3.010;CYP3A5*3.002;CYP3A5*8;CYP3A5*3.014;CYP3A5*3.021;CYP3A5*1.007;CYP3A5*3.017;CYP3A5*9.001;CYP3A5*8.001
alleles_str ['CYP3A5*1.002', 'CYP3A5*3.013', 'CYP3A5*3.001', 'CYP3A5*6.001', 'CYP3A5*7', 'CYP3A5*3.016', 'CYP3A5*3.010', 'CYP3A5*3.002', 'CYP3A5*8', 'CYP3A5*3.014', 'CYP3A5*3.021', 'CYP3A5*1.007', 'CYP3A5*3.017', 'CYP3A5*9.001', 'CYP3A5*8.001']
result : CYP3A5 CYP3A5*1.002
CYP3A5	2	CYP3A5*3.006;CYP3A5*1.002;CYP3A5*1.006;CYP3A5*3.009;CYP3A5*1.005;CYP3A5*3.019;CYP3A5*3.007;CYP3A5*3.005;CYP3A5*3.012;CYP3A5*3.015;CYP3A5*1.009;CYP3A5*6;CYP3A5*3.008;CYP3A5*7.001;CYP3A5*1.008;CYP3A5*3.003;CYP3A5*3.020	102	False	0.5	CYP3A5*3.006;CYP3A5*1.002;CYP3A5*1.006;CYP3A5*3.009;CYP3A5*1.005;CYP3A5*3.019;CYP3A5*3.007;CYP3A5*3.005;CYP3A5*3.012;CYP3A5*3.015;CYP3A5*1.009;CYP3A5*6;CYP3A5*3.008;CYP3A5*7.001;CYP3A5*1.008;CYP3A5*3.003;CYP3A5*3.020
alleles_str ['CYP3A5*3.006', 'CYP3A5*1.002', 'CYP3A5*1.006', 'CYP3A5*3.009', 'CYP3A5*1.005', 'CYP3A5*3.019', 'CYP3A5*3.007', 'CYP3A5*3.005', 'CYP3A5*3.012', 'CYP3A5*3.015', 'CYP3A5*1.009', 'CYP3A5*6', 'CYP3A5*3.008', 'CYP3A5*7.001', 'CYP3A5*1.008', 'CYP3A5*3.003', 'CYP3A5*3.020']
result : CYP3A5 CYP3A5*3.006

            python3 /project/home/pouria/opt/src/SpecImmune/scripts/remap_allele.py 20230815_PAS02078_barcode17.original_ref CYP /project/home/pouria/opt/src/SpecImmune/runs/ont_chr22/20230815_PAS02078_barcode17.original_ref nanopore wgs traditional 12 /project/home/pouria/opt/src/SpecImmune/scripts/../db//CYP/CYP.full.fasta
            

            python3 /project/home/pouria/opt/src/SpecImmune/scripts/visualization.py 20230815_PAS02078_barcode17.original_ref CYP /project/home/pouria/opt/src/SpecImmune/runs/ont_chr22/20230815_PAS02078_barcode17.original_ref nanopore wgs traditional 12 /project/home/pouria/opt/src/SpecImmune/scripts/../db//CYP/CYP.full.fasta
            
alleles_str ['-']
result : CYP2D6 -
alleles_str ['-']
result : CYP2D6 -
alleles_str ['-']
result : CYP2A13 -
alleles_str ['-']
result : CYP2A13 -
alleles_str ['CYP2C8*1.009', 'CYP2C8*1.001', 'CYP2C8*13.001', 'CYP2C8*1.014', 'CYP2C8*7', 'CYP2C8*10', 'CYP2C8*15.001', 'CYP2C8*8.001', 'CYP2C8*1.012', 'CYP2C8*1.010', 'CYP2C8*1.006', 'CYP2C8*4.002', 'CYP2C8*9.001', 'CYP2C8*6', 'CYP2C8*1.013', 'CYP2C8*4', 'CYP2C8*18', 'CYP2C8*14.001', 'CYP2C8*2.001', 'CYP2C8*16.001', 'CYP2C8*3.001', 'CYP2C8*5', 'CYP2C8*12.001', 'CYP2C8*17.001', 'CYP2C8*6.001', 'CYP2C8*2', 'CYP2C8*10.001', 'CYP2C8*3.002', 'CYP2C8*16', 'CYP2C8*1.017']
result : CYP2C8 CYP2C8*1.009
alleles_str ['CYP2C8*15']
result : CYP2C8 CYP2C8*15
alleles_str ['CYP2C19*2', 'CYP2C19*35.002', 'CYP2C19*9', 'CYP2C19*2.006', 'CYP2C19*7.001', 'CYP2C19*31', 'CYP2C19*32', 'CYP2C19*15.002', 'CYP2C19*3.002', 'CYP2C19*12.001', 'CYP2C19*26.001', 'CYP2C19*9.003', 'CYP2C19*2.008', 'CYP2C19*9.001', 'CYP2C19*1.004', 'CYP2C19*38.005', 'CYP2C19*22.001', 'CYP2C19*13.002', 'CYP2C19*12', 'CYP2C19*1.018', 'CYP2C19*10.001', 'CYP2C19*1.014', 'CYP2C19*15', 'CYP2C19*22', 'CYP2C19*35', 'CYP2C19*2.003', 'CYP2C19*18', 'CYP2C19*11.001', 'CYP2C19*2.004', 'CYP2C19*38']
result : CYP2C19 CYP2C19*2
alleles_str ['CYP2C19*1.016']
result : CYP2C19 CYP2C19*1.016
alleles_str ['CYP2B6*6.008', 'CYP2B6*41', 'CYP2B6*1.009', 'CYP2B6*1.018', 'CYP2B6*1.028', 'CYP2B6*2.002', 'CYP2B6*28', 'CYP2B6*24', 'CYP2B6*27.001', 'CYP2B6*38', 'CYP2B6*47.001', 'CYP2B6*1.007', 'CYP2B6*36.001', 'CYP2B6*39', 'CYP2B6*1.026', 'CYP2B6*1.003', 'CYP2B6*1', 'CYP2B6*1.038', 'CYP2B6*21', 'CYP2B6*6.007', 'CYP2B6*45', 'CYP2B6*8.001', 'CYP2B6*6.012', 'CYP2B6*1.024', 'CYP2B6*11.001', 'CYP2B6*1.023', 'CYP2B6*44.001', 'CYP2B6*19.001', 'CYP2B6*32', 'CYP2B6*17']
result : CYP2B6 CYP2B6*6.008
alleles_str ['CYP2B6*9.001']
result : CYP2B6 CYP2B6*9.001
alleles_str ['-']
result : CYP1A2 -
alleles_str ['-']
result : CYP1A2 -
alleles_str ['-']
result : NUDT15 -
alleles_str ['-']
result : NUDT15 -
alleles_str ['CYP3A4*47', 'CYP3A4*1.012', 'CYP3A4*21', 'CYP3A4*22', 'CYP3A4*24.001', 'CYP3A4*38', 'CYP3A4*4.001', 'CYP3A4*34', 'CYP3A4*49', 'CYP3A4*45.001', 'CYP3A4*12', 'CYP3A4*14.001', 'CYP3A4*24', 'CYP3A4*14', 'CYP3A4*3.001', 'CYP3A4*44', 'CYP3A4*17.001', 'CYP3A4*32', 'CYP3A4*26.001', 'CYP3A4*2.001', 'CYP3A4*39.001', 'CYP3A4*5', 'CYP3A4*9.001', 'CYP3A4*49.001', 'CYP3A4*20', 'CYP3A4*18.001', 'CYP3A4*43.001', 'CYP3A4*6', 'CYP3A4*1.003', 'CYP3A4*34.001']
result : CYP3A4 CYP3A4*47
alleles_str ['CYP3A4*13']
result : CYP3A4 CYP3A4*13
alleles_str ['-']
result : CYP2A6 -
alleles_str ['-']
result : CYP2A6 -
alleles_str ['CYP2C9*19.001', 'CYP2C9*28.001', 'CYP2C9*81.001', 'CYP2C9*54.001', 'CYP2C9*35.001', 'CYP2C9*61', 'CYP2C9*79.001', 'CYP2C9*13', 'CYP2C9*50', 'CYP2C9*66.001', 'CYP2C9*21', 'CYP2C9*80', 'CYP2C9*81', 'CYP2C9*60.001', 'CYP2C9*31.001', 'CYP2C9*10', 'CYP2C9*86', 'CYP2C9*15', 'CYP2C9*16.001', 'CYP2C9*1.001', 'CYP2C9*11.002', 'CYP2C9*4.001', 'CYP2C9*58.001', 'CYP2C9*3.001', 'CYP2C9*74', 'CYP2C9*31', 'CYP2C9*70', 'CYP2C9*1.005', 'CYP2C9*1.009', 'CYP2C9*45.001']
result : CYP2C9 CYP2C9*19.001
alleles_str ['CYP2C9*1.002']
result : CYP2C9 CYP2C9*1.002
alleles_str ['SLCO1B1*31.001', 'SLCO1B1*53', 'SLCO1B1*56', 'SLCO1B1*54.001', 'SLCO1B1*9', 'SLCO1B1*32', 'SLCO1B1*58', 'SLCO1B1*57.001', 'SLCO1B1*15.001', 'SLCO1B1*2.001', 'SLCO1B1*36', 'SLCO1B1*24.001', 'SLCO1B1*31.003', 'SLCO1B1*20']
result : SLCO1B1 SLCO1B1*31.001
alleles_str ['SLCO1B1*43.002', 'SLCO1B1*31.001', 'SLCO1B1*45.002', 'SLCO1B1*28.001', 'SLCO1B1*30', 'SLCO1B1*15', 'SLCO1B1*24', 'SLCO1B1*26.001', 'SLCO1B1*37.008', 'SLCO1B1*2', 'SLCO1B1*11', 'SLCO1B1*11.001', 'SLCO1B1*45.001', 'SLCO1B1*5', 'SLCO1B1*37.009', 'SLCO1B1*1.001', 'SLCO1B1*37.006', 'SLCO1B1*44']
result : SLCO1B1 SLCO1B1*43.002
alleles_str ['-']
result : NAT2 -
alleles_str ['-']
result : NAT2 -
alleles_str ['-']
result : CYP4F2 -
alleles_str ['-']
result : CYP4F2 -
alleles_str ['CYP3A5*1.002', 'CYP3A5*3.013', 'CYP3A5*3.001', 'CYP3A5*6.001', 'CYP3A5*7', 'CYP3A5*3.016', 'CYP3A5*3.010', 'CYP3A5*3.002', 'CYP3A5*8', 'CYP3A5*3.014', 'CYP3A5*3.021', 'CYP3A5*1.007', 'CYP3A5*3.017', 'CYP3A5*9.001', 'CYP3A5*8.001']
result : CYP3A5 CYP3A5*1.002
alleles_str ['CYP3A5*3.006', 'CYP3A5*1.002', 'CYP3A5*1.006', 'CYP3A5*3.009', 'CYP3A5*1.005', 'CYP3A5*3.019', 'CYP3A5*3.007', 'CYP3A5*3.005', 'CYP3A5*3.012', 'CYP3A5*3.015', 'CYP3A5*1.009', 'CYP3A5*6', 'CYP3A5*3.008', 'CYP3A5*7.001', 'CYP3A5*1.008', 'CYP3A5*3.003', 'CYP3A5*3.020']
result : CYP3A5 CYP3A5*3.006
refine bam...
2026-01-07 20:01:16,670 | INFO | Processing /project/home/pouria/opt/src/SpecImmune/runs/ont_chr22/20230815_PAS02078_barcode17.original_ref/20230815_PAS02078_barcode17.original_ref/20230815_PAS02078_barcode17.original_ref.refined.sorted.bam
2026-01-07 20:01:23,318 | WARNING | Query names do not look like HiFi reads -- use "consensus" mode for consensus
2026-01-07 20:01:23,318 | INFO | Identifying SV signatures
2026-01-07 20:01:26,375 | INFO | Phasing and Calling Alleles
2026-01-07 20:01:26,375 | DEBUG | Calling noSV
2026-01-07 20:01:26,375 | INFO | Calling noSV
2026-01-07 20:01:26,376 | INFO | Attempting to phase 50 noSV reads
2026-01-07 20:01:26,376 | DEBUG | Reseting HP for 50 noSV  reads
2026-01-07 20:01:26,748 | DEBUG | Positions used for read clustering: [42126352, 42126557, 42126559, 42126560, 42127102, 42127137, 42127894, 42128825, 42128935, 42128944, 42128951, 42129015, 42129166, 42129180, 42129424, 42129537, 42129882, 42130094, 42131075, 42131080, 42131558, 42131681, 42133065, 42133368]
clusters hifi_read                             is_primary
b48e14e0-2edb-4ee9-9a40-e1844418027d  True          1
6d294300-53fe-4b97-88e4-b563a5f1780d  True          0
982d515a-1430-4f1c-afc9-825869443278  True          1
c4e027d7-2310-4b1c-bc4a-09507d04068c  True          0
d5c89244-c1c4-4b6a-ae2c-1e8d890c8757  True          0
a282a13e-92ea-40b4-962e-4a00917a02f7  True          0
4ac5be4d-3e4f-4e72-9093-8ad0146f6ccd  True          0
bfa44307-51da-4769-b96b-3e41a2de77e6  True          1
59a50c58-9390-4a9b-9e38-919b0e89ad58  True          0
460a8dce-8581-4237-a0af-d1dc430625e7  True          1
1797ed95-f2e4-4425-9bc3-632f494915a6  True          0
f02e0c6a-f536-4771-92e2-8f1cc6934f36  True          0
97e1beba-00f6-4d14-a147-4101db192cd1  True          0
6f180533-32d8-47fb-8a43-3249252d42c3  True          0
ba2c0868-f7af-4fb7-8666-861bb442dd9d  True          0
d5de7d34-bb91-4878-aaad-090dddf1efe4  True          0
b4ca8950-59e5-44ea-8190-d7e70b283b90  True          0
c60b7b79-90f4-4e7e-917b-e6fd91722de5  True          1
9b887e27-aa1a-42bf-9e0d-65098c84ea20  True          0
c5d41dfc-0a4f-4e7f-a7eb-465fb8c8916e  True          0
e3c0b6da-9d3c-4871-b2db-7173b2e352d3  True          0
77b29377-464d-4868-88a3-9088f4993fb4  True          0
92b4b798-9c1e-4b97-9755-c443e92a78a3  True          0
e191ac60-2e09-496c-903e-e8153fc1323d  True          1
1bed7c29-4852-4f48-9dc5-f258aaa9ad92  True          0
78d5dc49-ac04-4bba-838a-6772f6fff0c3  True          1
41f615d0-b1bb-4ea4-88bd-f9843bb57b2a  True          0
753e22f2-e276-4009-a9d8-c6177ed3e012  True          0
019ed0f8-9e8e-453f-9a08-c3bcc331242d  True          0
77189ce4-ebda-4d71-8a17-d812cbf26041  True          0
f674bbaf-149b-4872-a880-c26b267a280f  True          1
515d08d1-2e42-45ae-87dc-4bb1d8d09336  True          0
606fdfa0-1a5d-4f63-ae51-93c9671b9658  True          1
e6a4595d-89b7-4fb8-a0c3-abdb0ac6b784  True          1
c4dc0629-fccf-4192-acac-deda83af8b9a  True          0
a2d105d4-ec2a-4e69-9af5-1b2bb2281cb3  True          1
39e101d6-a43b-45ad-95e6-c63a032ca2fa  True          1
f265f2e7-22d2-4b3f-9354-f3a8769b0a09  True          1
7d50a37d-82cf-4dd8-8e3d-bfbae9329237  True          1
369af056-470a-4f13-a593-a66861c5c7aa  True          1
18d260f0-3c7a-400b-8981-8263f5c9b8ba  True          1
cdfdd140-f0bd-4539-8b65-4be5e898d653  True          1
d26fb864-9867-4dd8-8226-35b3623bee9a  True          1
248e5215-ab47-4dc1-80f3-30b85ca59138  True          1
06f7fa04-1bbd-4fa0-a224-1ffe6aaa094a  True          1
cb46c140-5eb0-403e-bb1b-b565d8b88503  True          1
4f1f9e3a-9819-4211-b829-e02df22e4a4d  True          1
7507dcf9-5d70-4434-bcd4-da6df1769de6  True          1
0d5f31e6-da7a-4a11-8956-5c4044ac29e9  True          1
91e412b8-cee7-4200-ba57-0769146f46a1  True          1
Name: HP, dtype: int64
2026-01-07 20:01:29,401 | DEBUG | Calling deletion
2026-01-07 20:01:29,401 | INFO | Calling deletion
2026-01-07 20:01:29,402 | INFO | Attempting to phase 10 deletion reads
2026-01-07 20:01:29,402 | DEBUG | Reseting HP for 10 deletion  reads
2026-01-07 20:01:29,440 | DEBUG | No variable positions found for 10 deletion reads. Exiting updateHaplotypes
clusters None
2026-01-07 20:01:29,441 | DEBUG | Alleles Identified: {'noSV': {'noSV_0': ('*4', '*10', '*39', '*74'), 'noSV_1': ('*4', '*10', '*39', '*74')}, 'deletion': {'deletion_0': ('*5',)}}
2026-01-07 20:01:29,441 | INFO | Calling Diplotype
2026-01-07 20:01:29,441 | DEBUG | Hybrid calls: Counter() self.haplotypes []
2026-01-07 20:01:29,441 | DEBUG | self.haplotypes []
2026-01-07 20:01:29,442 | ERROR | Extra haplotypes called: [('*4', ['noSV_0']), ('*4', ['noSV_1']), ('*5', ['deletion_0'])]
2026-01-07 20:01:29,442 | INFO | Diplotype called: CYP2D6 *4/*4/*5
2026-01-07 20:01:32,597 | INFO | Exporting /project/home/pouria/opt/src/SpecImmune/runs/ont_chr22/20230815_PAS02078_barcode17.original_ref/20230815_PAS02078_barcode17.original_ref/20230815_PAS02078_barcode17.original_ref_labeledReads.bam
{'CYP2D6', 'No_Label', 'haplotype_1_4', 'haplotype_2_4', 'haplotype_3_5'}
{'deletion_0', 'noSV_0', 'noSV_1', 'noHap'}
[OK] Finished 20230815_PAS02078_barcode17.original_ref
