[M::bam2fq_mainloop] discarded 0 singletons
[M::bam2fq_mainloop] processed 33408 reads
[M::mm_idx_gen::0.166*1.03] collected minimizers
[M::mm_idx_gen::0.190*2.22] sorted minimizers
[M::main::0.191*2.22] loaded/built the index for 553 target sequence(s)
[M::mm_mapopt_update::0.191*2.22] mid_occ = 2213
[M::mm_idx_stat] kmer size: 15; skip: 10; is_hpc: 0; #seq: 553
[M::mm_idx_stat::0.192*2.21] distinct minimizers: 3211 (13.77% are singletons); average occurrences: 357.246; average spacing: 5.453; total length: 6255536
[M::main] Version: 2.24-r1122
[M::main] CMD: minimap2 -t 12 -x map-ont -E 8,4 -p 0.1 -N 100000 -a /project/home/pouria/opt/src/SpecImmune/scripts/../db//CYP/CYP2D6/CYP2D6.fasta /project/home/pouria/opt/src/SpecImmune/runs/ont_chr22/20230726_PAQ25595_barcode12/20230726_PAQ25595_barcode12/Reads//CYP2D6.long_read.sub.fq
[M::main] Real time: 0.199 sec; CPU: 0.432 sec; Peak RSS: 0.052 GB
[M::mm_idx_gen::0.032*1.14] collected minimizers
[M::mm_idx_gen::0.038*2.19] sorted minimizers
[M::main::0.038*2.19] loaded/built the index for 31 target sequence(s)
[M::mm_mapopt_update::0.039*2.17] mid_occ = 838
[M::mm_idx_stat] kmer size: 15; skip: 10; is_hpc: 0; #seq: 31
[M::mm_idx_stat::0.040*2.15] distinct minimizers: 2845 (1.51% are singletons); average occurrences: 30.637; average spacing: 5.240; total length: 456698
[M::main] Version: 2.24-r1122
[M::main] CMD: minimap2 -t 12 -x map-ont -E 8,4 -p 0.1 -N 100000 -a /project/home/pouria/opt/src/SpecImmune/scripts/../db//CYP/CYP2A13/CYP2A13.fasta /project/home/pouria/opt/src/SpecImmune/runs/ont_chr22/20230726_PAQ25595_barcode12/20230726_PAQ25595_barcode12/Reads//CYP2A13.long_read.sub.fq
[M::main] Real time: 0.041 sec; CPU: 0.087 sec; Peak RSS: 0.008 GB
[M::mm_idx_gen::0.059*1.06] collected minimizers
[M::mm_idx_gen::0.074*2.68] sorted minimizers
[M::main::0.074*2.68] loaded/built the index for 56 target sequence(s)
[M::mm_mapopt_update::0.075*2.65] mid_occ = 785
[M::mm_idx_stat] kmer size: 15; skip: 10; is_hpc: 0; #seq: 56
[M::mm_idx_stat::0.076*2.63] distinct minimizers: 7510 (0.36% are singletons); average occurrences: 55.735; average spacing: 5.315; total length: 2224652
[M::main] Version: 2.24-r1122
[M::main] CMD: minimap2 -t 12 -x map-ont -E 8,4 -p 0.1 -N 100000 -a /project/home/pouria/opt/src/SpecImmune/scripts/../db//CYP/CYP2C8/CYP2C8.fasta /project/home/pouria/opt/src/SpecImmune/runs/ont_chr22/20230726_PAQ25595_barcode12/20230726_PAQ25595_barcode12/Reads//CYP2C8.long_read.sub.fq
[M::main] Real time: 0.080 sec; CPU: 0.204 sec; Peak RSS: 0.019 GB
[M::mm_idx_gen::0.478*1.01] collected minimizers
[M::mm_idx_gen::0.540*2.19] sorted minimizers
[M::main::0.541*2.18] loaded/built the index for 120 target sequence(s)
[M::mm_mapopt_update::0.543*2.18] mid_occ = 721
[M::mm_idx_stat] kmer size: 15; skip: 10; is_hpc: 0; #seq: 120
[M::mm_idx_stat::0.545*2.18] distinct minimizers: 17310 (0.78% are singletons); average occurrences: 131.008; average spacing: 5.285; total length: 11984512
[M::main] Version: 2.24-r1122
[M::main] CMD: minimap2 -t 12 -x map-ont -E 8,4 -p 0.1 -N 100000 -a /project/home/pouria/opt/src/SpecImmune/scripts/../db//CYP/CYP2C19/CYP2C19.fasta /project/home/pouria/opt/src/SpecImmune/runs/ont_chr22/20230726_PAQ25595_barcode12/20230726_PAQ25595_barcode12/Reads//CYP2C19.long_read.sub.fq
[M::main] Real time: 0.551 sec; CPU: 1.192 sec; Peak RSS: 0.087 GB
[M::mm_idx_gen::0.182*1.02] collected minimizers
[M::mm_idx_gen::0.218*2.69] sorted minimizers
[M::main::0.218*2.69] loaded/built the index for 158 target sequence(s)
[M::mm_mapopt_update::0.219*2.68] mid_occ = 1581
[M::mm_idx_stat] kmer size: 15; skip: 10; is_hpc: 0; #seq: 158
[M::mm_idx_stat::0.220*2.67] distinct minimizers: 6595 (1.24% are singletons); average occurrences: 155.282; average spacing: 5.261; total length: 5387484
[M::main] Version: 2.24-r1122
[M::main] CMD: minimap2 -t 12 -x map-ont -E 8,4 -p 0.1 -N 100000 -a /project/home/pouria/opt/src/SpecImmune/scripts/../db//CYP/CYP2B6/CYP2B6.fasta /project/home/pouria/opt/src/SpecImmune/runs/ont_chr22/20230726_PAQ25595_barcode12/20230726_PAQ25595_barcode12/Reads//CYP2B6.long_read.sub.fq
[M::main] Real time: 0.224 sec; CPU: 0.592 sec; Peak RSS: 0.046 GB
[M::mm_idx_gen::0.091*1.05] collected minimizers
[M::mm_idx_gen::0.107*2.60] sorted minimizers
[M::main::0.107*2.60] loaded/built the index for 125 target sequence(s)
[M::mm_mapopt_update::0.108*2.59] mid_occ = 1251
[M::mm_idx_stat] kmer size: 15; skip: 10; is_hpc: 0; #seq: 125
[M::mm_idx_stat::0.108*2.58] distinct minimizers: 2883 (3.12% are singletons); average occurrences: 120.729; average spacing: 5.302; total length: 1845372
[M::main] Version: 2.24-r1122
[M::main] CMD: minimap2 -t 12 -x map-ont -E 8,4 -p 0.1 -N 100000 -a /project/home/pouria/opt/src/SpecImmune/scripts/../db//CYP/CYP1A2/CYP1A2.fasta /project/home/pouria/opt/src/SpecImmune/runs/ont_chr22/20230726_PAQ25595_barcode12/20230726_PAQ25595_barcode12/Reads//CYP1A2.long_read.sub.fq
[M::main] Real time: 0.110 sec; CPU: 0.281 sec; Peak RSS: 0.015 GB
[M::mm_idx_gen::0.077*1.05] collected minimizers
[M::mm_idx_gen::0.086*1.88] sorted minimizers
[M::main::0.086*1.88] loaded/built the index for 52 target sequence(s)
[M::mm_mapopt_update::0.087*1.87] mid_occ = 573
[M::mm_idx_stat] kmer size: 15; skip: 10; is_hpc: 0; #seq: 52
[M::mm_idx_stat::0.087*1.86] distinct minimizers: 4151 (0.63% are singletons); average occurrences: 52.199; average spacing: 5.322; total length: 1153172
[M::main] Version: 2.24-r1122
[M::main] CMD: minimap2 -t 12 -x map-ont -E 8,4 -p 0.1 -N 100000 -a /project/home/pouria/opt/src/SpecImmune/scripts/../db//CYP/NUDT15/NUDT15.fasta /project/home/pouria/opt/src/SpecImmune/runs/ont_chr22/20230726_PAQ25595_barcode12/20230726_PAQ25595_barcode12/Reads//NUDT15.long_read.sub.fq
[M::main] Real time: 0.090 sec; CPU: 0.165 sec; Peak RSS: 0.011 GB
[M::mm_idx_gen::0.157*1.03] collected minimizers
[M::mm_idx_gen::0.191*2.84] sorted minimizers
[M::main::0.191*2.84] loaded/built the index for 106 target sequence(s)
[M::mm_mapopt_update::0.192*2.83] mid_occ = 319
[M::mm_idx_stat] kmer size: 15; skip: 10; is_hpc: 0; #seq: 106
[M::mm_idx_stat::0.193*2.82] distinct minimizers: 6552 (0.60% are singletons); average occurrences: 103.899; average spacing: 5.326; total length: 3625734
[M::main] Version: 2.24-r1122
[M::main] CMD: minimap2 -t 12 -x map-ont -E 8,4 -p 0.1 -N 100000 -a /project/home/pouria/opt/src/SpecImmune/scripts/../db//CYP/CYP3A4/CYP3A4.fasta /project/home/pouria/opt/src/SpecImmune/runs/ont_chr22/20230726_PAQ25595_barcode12/20230726_PAQ25595_barcode12/Reads//CYP3A4.long_read.sub.fq
[M::main] Real time: 0.197 sec; CPU: 0.549 sec; Peak RSS: 0.028 GB
[M::mm_idx_gen::0.091*1.04] collected minimizers
[M::mm_idx_gen::0.110*2.69] sorted minimizers
[M::main::0.110*2.69] loaded/built the index for 128 target sequence(s)
[M::mm_mapopt_update::0.110*2.68] mid_occ = 4093
[M::mm_idx_stat] kmer size: 15; skip: 10; is_hpc: 0; #seq: 128
[M::mm_idx_stat::0.111*2.67] distinct minimizers: 3051 (4.65% are singletons); average occurrences: 110.183; average spacing: 5.296; total length: 1780337
[M::main] Version: 2.24-r1122
[M::main] CMD: minimap2 -t 12 -x map-ont -E 8,4 -p 0.1 -N 100000 -a /project/home/pouria/opt/src/SpecImmune/scripts/../db//CYP/CYP2A6/CYP2A6.fasta /project/home/pouria/opt/src/SpecImmune/runs/ont_chr22/20230726_PAQ25595_barcode12/20230726_PAQ25595_barcode12/Reads//CYP2A6.long_read.sub.fq
[M::main] Real time: 0.113 sec; CPU: 0.298 sec; Peak RSS: 0.015 GB
[M::mm_idx_gen::0.310*1.01] collected minimizers
[M::mm_idx_gen::0.356*2.27] sorted minimizers
[M::main::0.356*2.27] loaded/built the index for 204 target sequence(s)
[M::mm_mapopt_update::0.357*2.26] mid_occ = 1225
[M::mm_idx_stat] kmer size: 15; skip: 10; is_hpc: 0; #seq: 204
[M::mm_idx_stat::0.358*2.26] distinct minimizers: 11099 (0.52% are singletons); average occurrences: 202.367; average spacing: 5.353; total length: 12022511
[M::main] Version: 2.24-r1122
[M::main] CMD: minimap2 -t 12 -x map-ont -E 8,4 -p 0.1 -N 100000 -a /project/home/pouria/opt/src/SpecImmune/scripts/../db//CYP/CYP2C9/CYP2C9.fasta /project/home/pouria/opt/src/SpecImmune/runs/ont_chr22/20230726_PAQ25595_barcode12/20230726_PAQ25595_barcode12/Reads//CYP2C9.long_read.sub.fq
[M::main] Real time: 0.365 sec; CPU: 0.817 sec; Peak RSS: 0.090 GB
[M::mm_idx_gen::0.462*1.01] collected minimizers
[M::mm_idx_gen::0.548*2.64] sorted minimizers
[M::main::0.548*2.64] loaded/built the index for 122 target sequence(s)
[M::mm_mapopt_update::0.551*2.63] mid_occ = 855
[M::mm_idx_stat] kmer size: 15; skip: 10; is_hpc: 0; #seq: 122
[M::mm_idx_stat::0.553*2.63] distinct minimizers: 21086 (0.10% are singletons); average occurrences: 125.608; average spacing: 5.325; total length: 14103566
[M::main] Version: 2.24-r1122
[M::main] CMD: minimap2 -t 12 -x map-ont -E 8,4 -p 0.1 -N 100000 -a /project/home/pouria/opt/src/SpecImmune/scripts/../db//CYP/SLCO1B1/SLCO1B1.fasta /project/home/pouria/opt/src/SpecImmune/runs/ont_chr22/20230726_PAQ25595_barcode12/20230726_PAQ25595_barcode12/Reads//SLCO1B1.long_read.sub.fq
[M::main] Real time: 0.563 sec; CPU: 1.463 sec; Peak RSS: 0.100 GB
[M::mm_idx_gen::0.146*1.03] collected minimizers
[M::mm_idx_gen::0.165*2.17] sorted minimizers
[M::main::0.165*2.17] loaded/built the index for 156 target sequence(s)
[M::mm_mapopt_update::0.165*2.17] mid_occ = 313
[M::mm_idx_stat] kmer size: 15; skip: 10; is_hpc: 0; #seq: 156
[M::mm_idx_stat::0.166*2.16] distinct minimizers: 3476 (2.22% are singletons); average occurrences: 146.167; average spacing: 5.210; total length: 2647164
[M::main] Version: 2.24-r1122
[M::main] CMD: minimap2 -t 12 -x map-ont -E 8,4 -p 0.1 -N 100000 -a /project/home/pouria/opt/src/SpecImmune/scripts/../db//CYP/NAT2/NAT2.fasta /project/home/pouria/opt/src/SpecImmune/runs/ont_chr22/20230726_PAQ25595_barcode12/20230726_PAQ25595_barcode12/Reads//NAT2.long_read.sub.fq
[M::main] Real time: 0.168 sec; CPU: 0.361 sec; Peak RSS: 0.024 GB
[M::mm_idx_gen::0.097*1.03] collected minimizers
[M::mm_idx_gen::0.123*3.13] sorted minimizers
[M::main::0.123*3.13] loaded/built the index for 66 target sequence(s)
[M::mm_mapopt_update::0.124*3.12] mid_occ = 925
[M::mm_idx_stat] kmer size: 15; skip: 10; is_hpc: 0; #seq: 66
[M::mm_idx_stat::0.124*3.11] distinct minimizers: 5004 (0.56% are singletons); average occurrences: 67.959; average spacing: 5.250; total length: 1785366
[M::main] Version: 2.24-r1122
[M::main] CMD: minimap2 -t 12 -x map-ont -E 8,4 -p 0.1 -N 100000 -a /project/home/pouria/opt/src/SpecImmune/scripts/../db//CYP/CYP4F2/CYP4F2.fasta /project/home/pouria/opt/src/SpecImmune/runs/ont_chr22/20230726_PAQ25595_barcode12/20230726_PAQ25595_barcode12/Reads//CYP4F2.long_read.sub.fq
[M::main] Real time: 0.127 sec; CPU: 0.388 sec; Peak RSS: 0.018 GB
[M::mm_idx_gen::0.085*1.03] collected minimizers
[M::mm_idx_gen::0.100*2.17] sorted minimizers
[M::main::0.100*2.17] loaded/built the index for 37 target sequence(s)
[M::mm_mapopt_update::0.101*2.16] mid_occ = 630
[M::mm_idx_stat] kmer size: 15; skip: 10; is_hpc: 0; #seq: 37
[M::mm_idx_stat::0.102*2.15] distinct minimizers: 7283 (0.96% are singletons); average occurrences: 37.011; average spacing: 5.327; total length: 1435788
[M::main] Version: 2.24-r1122
[M::main] CMD: minimap2 -t 12 -x map-ont -E 8,4 -p 0.1 -N 100000 -a /project/home/pouria/opt/src/SpecImmune/scripts/../db//CYP/CYP3A5/CYP3A5.fasta /project/home/pouria/opt/src/SpecImmune/runs/ont_chr22/20230726_PAQ25595_barcode12/20230726_PAQ25595_barcode12/Reads//CYP3A5.long_read.sub.fq
[M::main] Real time: 0.105 sec; CPU: 0.221 sec; Peak RSS: 0.016 GB
[M::mm_idx_gen::51.075*1.71] collected minimizers
[M::mm_idx_gen::57.084*2.54] sorted minimizers
[M::main::57.084*2.54] loaded/built the index for 25 target sequence(s)
[M::mm_mapopt_update::59.412*2.48] mid_occ = 702
[M::mm_idx_stat] kmer size: 15; skip: 10; is_hpc: 0; #seq: 25
[M::mm_idx_stat::60.665*2.45] distinct minimizers: 100128857 (38.82% are singletons); average occurrences: 5.521; average spacing: 5.586; total length: 3088286401
[M::worker_pipeline::69.010*3.08] mapped 33408 sequences
[M::main] Version: 2.24-r1122
[M::main] CMD: minimap2 -R @RG\tID:20230726_PAQ25595_barcode12\tSM:20230726_PAQ25595_barcode12 -t 12 -a /project/shared/inumanag-aldy-ont/GRCh38_no_alts.fa /project/home/pouria/opt/src/SpecImmune/runs/ont_chr22/20230726_PAQ25595_barcode12/20230726_PAQ25595_barcode12.fastq.gz
[M::main] Real time: 69.233 sec; CPU: 212.876 sec; Peak RSS: 11.343 GB
