read binning...
start read binning...
WARNING: hg38 not provided, cannot type CYP genes
/project/home/pouria/opt/src/SpecImmune/runs/ont_chr22/20230829_PAQ96827_NA19239/20230829_PAQ96827_NA19239/20230829_PAQ96827_NA19239.db.bam is detected, skip the alignment.
reads-binning done.
Finished.
alignment done.
alignment done.
alignment done.
alignment done.
alignment done.
alignment done.
alignment done.
alignment done.
alignment done.
alignment done.
alignment done.
alignment done.
alignment done.
alignment done.
WARNING: hg38 not provided, cannot type CYP genes
start type CYP2D6 for 20230829_PAQ96827_NA19239...

finish matrix construction
CYP2D6 read num: 0 mapped allele num: 0
support read number is too low or the mapped allele num is too low for CYP2D6, skip typing
start type CYP2A13 for 20230829_PAQ96827_NA19239...

finish matrix construction
CYP2A13 read num: 0 mapped allele num: 0
support read number is too low or the mapped allele num is too low for CYP2A13, skip typing
start type CYP2C8 for 20230829_PAQ96827_NA19239...

finish matrix construction
CYP2C8 read num: 0 mapped allele num: 0
support read number is too low or the mapped allele num is too low for CYP2C8, skip typing
start type CYP2C19 for 20230829_PAQ96827_NA19239...

finish matrix construction
CYP2C19 read num: 0 mapped allele num: 0
support read number is too low or the mapped allele num is too low for CYP2C19, skip typing
start type CYP2B6 for 20230829_PAQ96827_NA19239...

finish matrix construction
CYP2B6 read num: 0 mapped allele num: 0
support read number is too low or the mapped allele num is too low for CYP2B6, skip typing
start type CYP1A2 for 20230829_PAQ96827_NA19239...

finish matrix construction
CYP1A2 read num: 0 mapped allele num: 0
support read number is too low or the mapped allele num is too low for CYP1A2, skip typing
start type NUDT15 for 20230829_PAQ96827_NA19239...

finish matrix construction
NUDT15 read num: 0 mapped allele num: 0
support read number is too low or the mapped allele num is too low for NUDT15, skip typing
start type CYP3A4 for 20230829_PAQ96827_NA19239...

finish matrix construction
CYP3A4 read num: 0 mapped allele num: 0
support read number is too low or the mapped allele num is too low for CYP3A4, skip typing
start type CYP2A6 for 20230829_PAQ96827_NA19239...

finish matrix construction
CYP2A6 read num: 0 mapped allele num: 0
support read number is too low or the mapped allele num is too low for CYP2A6, skip typing
start type CYP2C9 for 20230829_PAQ96827_NA19239...

finish matrix construction
CYP2C9 read num: 0 mapped allele num: 0
support read number is too low or the mapped allele num is too low for CYP2C9, skip typing
start type SLCO1B1 for 20230829_PAQ96827_NA19239...

finish matrix construction
SLCO1B1 read num: 0 mapped allele num: 0
support read number is too low or the mapped allele num is too low for SLCO1B1, skip typing
start type NAT2 for 20230829_PAQ96827_NA19239...

finish matrix construction
NAT2 read num: 0 mapped allele num: 0
support read number is too low or the mapped allele num is too low for NAT2, skip typing
start type CYP4F2 for 20230829_PAQ96827_NA19239...

finish matrix construction
CYP4F2 read num: 0 mapped allele num: 0
support read number is too low or the mapped allele num is too low for CYP4F2, skip typing
start type CYP3A5 for 20230829_PAQ96827_NA19239...

finish matrix construction
CYP3A5 read num: 0 mapped allele num: 0
support read number is too low or the mapped allele num is too low for CYP3A5, skip typing
CYP2D6 hete - **** - 


CYP2A13 hete - **** - 


CYP2C8 hete - **** - 


CYP2C19 hete - **** - 


CYP2B6 hete - **** - 


CYP1A2 hete - **** - 


NUDT15 hete - **** - 


CYP3A4 hete - **** - 


CYP2A6 hete - **** - 


CYP2C9 hete - **** - 


SLCO1B1 hete - **** - 


NAT2 hete - **** - 


CYP4F2 hete - **** - 


CYP3A5 hete - **** - 


result is /project/home/pouria/opt/src/SpecImmune/runs/ont_chr22/20230829_PAQ96827_NA19239/20230829_PAQ96827_NA19239/20230829_PAQ96827_NA19239.CYP.type.result.txt
{'r': '/project/home/pouria/opt/src/SpecImmune/runs/ont_chr22/20230829_PAQ96827_NA19239/20230829_PAQ96827_NA19239.fastq.gz', 'n': '20230829_PAQ96827_NA19239', 'o': '/project/home/pouria/opt/src/SpecImmune/runs/ont_chr22/20230829_PAQ96827_NA19239', 'i': 'CYP', 'j': 12, 'k': 5, 'y': 'nanopore', 'db': '/project/home/pouria/opt/src/SpecImmune/scripts/../db/', 'hg38': '/project/shared/inumanag-aldy-ont/GRCh38_no_alts.fa', 'first_run': True, 'min_identity': 0.85, 'hete_p': 0.3, 'candidate_allele_num': 200, 'min_read_num': 2, 'max_read_num': 500, 'RNA_type': 'traditional', 'seq_tech': 'wgs', 'align_method_1': 'bwa', 'align_method_2': 'minimap2', 'iteration': 1, 'dv_sif': None, 'snv_tool': 'longshot', 'drug_recommendation': False, 'visualization': True, 'version': False}
iteration 1
WARNING: hg38 not provided, cannot type CYP genes
start variant pipeline ...
Processing homo CYP2D6
/project/home/pouria/opt/src/SpecImmune/runs/ont_chr22/20230829_PAQ96827_NA19239/20230829_PAQ96827_NA19239/Genes_step2//CYP2D6.bam does not exist
Processing homo CYP2A13
/project/home/pouria/opt/src/SpecImmune/runs/ont_chr22/20230829_PAQ96827_NA19239/20230829_PAQ96827_NA19239/Genes_step2//CYP2A13.bam does not exist
Processing homo CYP2C8
/project/home/pouria/opt/src/SpecImmune/runs/ont_chr22/20230829_PAQ96827_NA19239/20230829_PAQ96827_NA19239/Genes_step2//CYP2C8.bam does not exist
Processing homo CYP2C19
/project/home/pouria/opt/src/SpecImmune/runs/ont_chr22/20230829_PAQ96827_NA19239/20230829_PAQ96827_NA19239/Genes_step2//CYP2C19.bam does not exist
Processing homo CYP2B6
/project/home/pouria/opt/src/SpecImmune/runs/ont_chr22/20230829_PAQ96827_NA19239/20230829_PAQ96827_NA19239/Genes_step2//CYP2B6.bam does not exist
Processing homo CYP1A2
/project/home/pouria/opt/src/SpecImmune/runs/ont_chr22/20230829_PAQ96827_NA19239/20230829_PAQ96827_NA19239/Genes_step2//CYP1A2.bam does not exist
Processing homo NUDT15
/project/home/pouria/opt/src/SpecImmune/runs/ont_chr22/20230829_PAQ96827_NA19239/20230829_PAQ96827_NA19239/Genes_step2//NUDT15.bam does not exist
Processing homo CYP3A4
/project/home/pouria/opt/src/SpecImmune/runs/ont_chr22/20230829_PAQ96827_NA19239/20230829_PAQ96827_NA19239/Genes_step2//CYP3A4.bam does not exist
Processing homo CYP2A6
/project/home/pouria/opt/src/SpecImmune/runs/ont_chr22/20230829_PAQ96827_NA19239/20230829_PAQ96827_NA19239/Genes_step2//CYP2A6.bam does not exist
Processing homo CYP2C9
/project/home/pouria/opt/src/SpecImmune/runs/ont_chr22/20230829_PAQ96827_NA19239/20230829_PAQ96827_NA19239/Genes_step2//CYP2C9.bam does not exist
Processing homo SLCO1B1
/project/home/pouria/opt/src/SpecImmune/runs/ont_chr22/20230829_PAQ96827_NA19239/20230829_PAQ96827_NA19239/Genes_step2//SLCO1B1.bam does not exist
Processing homo NAT2
/project/home/pouria/opt/src/SpecImmune/runs/ont_chr22/20230829_PAQ96827_NA19239/20230829_PAQ96827_NA19239/Genes_step2//NAT2.bam does not exist
Processing homo CYP4F2
/project/home/pouria/opt/src/SpecImmune/runs/ont_chr22/20230829_PAQ96827_NA19239/20230829_PAQ96827_NA19239/Genes_step2//CYP4F2.bam does not exist
Processing homo CYP3A5
/project/home/pouria/opt/src/SpecImmune/runs/ont_chr22/20230829_PAQ96827_NA19239/20230829_PAQ96827_NA19239/Genes_step2//CYP3A5.bam does not exist
parameter:	sample:20230829_PAQ96827_NA19239	dir:/project/home/pouria/opt/src/SpecImmune/runs/ont_chr22/20230829_PAQ96827_NA19239/20230829_PAQ96827_NA19239/Sequences/	pop:Unknown	wxs:tgs	G_nom:0
/project/home/pouria/opt/src/SpecImmune/runs/ont_chr22/20230829_PAQ96827_NA19239/20230829_PAQ96827_NA19239/Sequences//CYP.allele.1.CYP2A13.fasta
/project/home/pouria/opt/src/SpecImmune/runs/ont_chr22/20230829_PAQ96827_NA19239/20230829_PAQ96827_NA19239/Sequences//CYP.allele.2.CYP2A13.fasta
/project/home/pouria/opt/src/SpecImmune/runs/ont_chr22/20230829_PAQ96827_NA19239/20230829_PAQ96827_NA19239/Sequences//CYP.allele.1.CYP2A6.fasta
/project/home/pouria/opt/src/SpecImmune/runs/ont_chr22/20230829_PAQ96827_NA19239/20230829_PAQ96827_NA19239/Sequences//CYP.allele.2.CYP2A6.fasta
/project/home/pouria/opt/src/SpecImmune/runs/ont_chr22/20230829_PAQ96827_NA19239/20230829_PAQ96827_NA19239/Sequences//CYP.allele.1.CYP2B6.fasta
/project/home/pouria/opt/src/SpecImmune/runs/ont_chr22/20230829_PAQ96827_NA19239/20230829_PAQ96827_NA19239/Sequences//CYP.allele.2.CYP2B6.fasta
/project/home/pouria/opt/src/SpecImmune/runs/ont_chr22/20230829_PAQ96827_NA19239/20230829_PAQ96827_NA19239/Sequences//CYP.allele.1.CYP2C19.fasta
/project/home/pouria/opt/src/SpecImmune/runs/ont_chr22/20230829_PAQ96827_NA19239/20230829_PAQ96827_NA19239/Sequences//CYP.allele.2.CYP2C19.fasta
/project/home/pouria/opt/src/SpecImmune/runs/ont_chr22/20230829_PAQ96827_NA19239/20230829_PAQ96827_NA19239/Sequences//CYP.allele.1.CYP2C8.fasta
/project/home/pouria/opt/src/SpecImmune/runs/ont_chr22/20230829_PAQ96827_NA19239/20230829_PAQ96827_NA19239/Sequences//CYP.allele.2.CYP2C8.fasta
/project/home/pouria/opt/src/SpecImmune/runs/ont_chr22/20230829_PAQ96827_NA19239/20230829_PAQ96827_NA19239/Sequences//CYP.allele.1.CYP2C9.fasta
/project/home/pouria/opt/src/SpecImmune/runs/ont_chr22/20230829_PAQ96827_NA19239/20230829_PAQ96827_NA19239/Sequences//CYP.allele.2.CYP2C9.fasta
/project/home/pouria/opt/src/SpecImmune/runs/ont_chr22/20230829_PAQ96827_NA19239/20230829_PAQ96827_NA19239/Sequences//CYP.allele.1.CYP2D6.fasta
/project/home/pouria/opt/src/SpecImmune/runs/ont_chr22/20230829_PAQ96827_NA19239/20230829_PAQ96827_NA19239/Sequences//CYP.allele.2.CYP2D6.fasta
/project/home/pouria/opt/src/SpecImmune/runs/ont_chr22/20230829_PAQ96827_NA19239/20230829_PAQ96827_NA19239/Sequences//CYP.allele.1.CYP3A4.fasta
/project/home/pouria/opt/src/SpecImmune/runs/ont_chr22/20230829_PAQ96827_NA19239/20230829_PAQ96827_NA19239/Sequences//CYP.allele.2.CYP3A4.fasta
/project/home/pouria/opt/src/SpecImmune/runs/ont_chr22/20230829_PAQ96827_NA19239/20230829_PAQ96827_NA19239/Sequences//CYP.allele.1.CYP3A5.fasta
/project/home/pouria/opt/src/SpecImmune/runs/ont_chr22/20230829_PAQ96827_NA19239/20230829_PAQ96827_NA19239/Sequences//CYP.allele.2.CYP3A5.fasta
/project/home/pouria/opt/src/SpecImmune/runs/ont_chr22/20230829_PAQ96827_NA19239/20230829_PAQ96827_NA19239/Sequences//CYP.allele.1.CYP4F2.fasta
/project/home/pouria/opt/src/SpecImmune/runs/ont_chr22/20230829_PAQ96827_NA19239/20230829_PAQ96827_NA19239/Sequences//CYP.allele.2.CYP4F2.fasta
/project/home/pouria/opt/src/SpecImmune/runs/ont_chr22/20230829_PAQ96827_NA19239/20230829_PAQ96827_NA19239/Sequences//CYP.allele.1.NAT2.fasta
/project/home/pouria/opt/src/SpecImmune/runs/ont_chr22/20230829_PAQ96827_NA19239/20230829_PAQ96827_NA19239/Sequences//CYP.allele.2.NAT2.fasta
/project/home/pouria/opt/src/SpecImmune/runs/ont_chr22/20230829_PAQ96827_NA19239/20230829_PAQ96827_NA19239/Sequences//CYP.allele.1.NUDT15.fasta
/project/home/pouria/opt/src/SpecImmune/runs/ont_chr22/20230829_PAQ96827_NA19239/20230829_PAQ96827_NA19239/Sequences//CYP.allele.2.NUDT15.fasta
/project/home/pouria/opt/src/SpecImmune/runs/ont_chr22/20230829_PAQ96827_NA19239/20230829_PAQ96827_NA19239/Sequences//CYP.allele.1.SLCO1B1.fasta
/project/home/pouria/opt/src/SpecImmune/runs/ont_chr22/20230829_PAQ96827_NA19239/20230829_PAQ96827_NA19239/Sequences//CYP.allele.2.SLCO1B1.fasta
WARNING: hg38 not provided, cannot type CYP genes
optimize typing results by balancing alignment length and identity 
The refined typing results is in /project/home/pouria/opt/src/SpecImmune/runs/ont_chr22/20230829_PAQ96827_NA19239/20230829_PAQ96827_NA19239/20230829_PAQ96827_NA19239.CYP.final.type.result.formatted.txt
Sequence is reconstructed, start annotation...
Finished.

            python3 /project/home/pouria/opt/src/SpecImmune/scripts/remap.py 20230829_PAQ96827_NA19239 CYP /project/home/pouria/opt/src/SpecImmune/runs/ont_chr22/20230829_PAQ96827_NA19239 nanopore wgs traditional 12 /project/home/pouria/opt/src/SpecImmune/scripts/../db//CYP/CYP.full.fasta
            
CYP2D6	1	-	0	False	NA	-
alleles_str ['-']
result : CYP2D6 -
CYP2D6	2	-	0	False	NA	-
alleles_str ['-']
result : CYP2D6 -
CYP2A13	1	-	0	False	NA	-
alleles_str ['-']
result : CYP2A13 -
CYP2A13	2	-	0	False	NA	-
alleles_str ['-']
result : CYP2A13 -
CYP2C8	1	-	0	False	NA	-
alleles_str ['-']
result : CYP2C8 -
CYP2C8	2	-	0	False	NA	-
alleles_str ['-']
result : CYP2C8 -
CYP2C19	1	-	0	False	NA	-
alleles_str ['-']
result : CYP2C19 -
CYP2C19	2	-	0	False	NA	-
alleles_str ['-']
result : CYP2C19 -
CYP2B6	1	-	0	False	NA	-
alleles_str ['-']
result : CYP2B6 -
CYP2B6	2	-	0	False	NA	-
alleles_str ['-']
result : CYP2B6 -
CYP1A2	1	-	0	False	NA	-
alleles_str ['-']
result : CYP1A2 -
CYP1A2	2	-	0	False	NA	-
alleles_str ['-']
result : CYP1A2 -
NUDT15	1	-	0	False	NA	-
alleles_str ['-']
result : NUDT15 -
NUDT15	2	-	0	False	NA	-
alleles_str ['-']
result : NUDT15 -
CYP3A4	1	-	0	False	NA	-
alleles_str ['-']
result : CYP3A4 -
CYP3A4	2	-	0	False	NA	-
alleles_str ['-']
result : CYP3A4 -
CYP2A6	1	-	0	False	NA	-
alleles_str ['-']
result : CYP2A6 -
CYP2A6	2	-	0	False	NA	-
alleles_str ['-']
result : CYP2A6 -
CYP2C9	1	-	0	False	NA	-
alleles_str ['-']
result : CYP2C9 -
CYP2C9	2	-	0	False	NA	-
alleles_str ['-']
result : CYP2C9 -
SLCO1B1	1	-	0	False	NA	-
alleles_str ['-']
result : SLCO1B1 -
SLCO1B1	2	-	0	False	NA	-
alleles_str ['-']
result : SLCO1B1 -
NAT2	1	-	0	False	NA	-
alleles_str ['-']
result : NAT2 -
NAT2	2	-	0	False	NA	-
alleles_str ['-']
result : NAT2 -
CYP4F2	1	-	0	False	NA	-
alleles_str ['-']
result : CYP4F2 -
CYP4F2	2	-	0	False	NA	-
alleles_str ['-']
result : CYP4F2 -
CYP3A5	1	-	0	False	NA	-
alleles_str ['-']
result : CYP3A5 -
CYP3A5	2	-	0	False	NA	-
alleles_str ['-']
result : CYP3A5 -
CYP2D6	1	NA	NA	0	-	NA
alleles_str ['NA']
result : CYP2D6 NA
CYP2D6	2	NA	NA	0	-	NA
alleles_str ['NA']
result : CYP2D6 NA
CYP2A13	1	NA	NA	0	-	NA
alleles_str ['NA']
result : CYP2A13 NA
CYP2A13	2	NA	NA	0	-	NA
alleles_str ['NA']
result : CYP2A13 NA
CYP2C8	1	NA	NA	0	-	NA
alleles_str ['NA']
result : CYP2C8 NA
CYP2C8	2	NA	NA	0	-	NA
alleles_str ['NA']
result : CYP2C8 NA
CYP2C19	1	NA	NA	0	-	NA
alleles_str ['NA']
result : CYP2C19 NA
CYP2C19	2	NA	NA	0	-	NA
alleles_str ['NA']
result : CYP2C19 NA
CYP2B6	1	NA	NA	0	-	NA
alleles_str ['NA']
result : CYP2B6 NA
CYP2B6	2	NA	NA	0	-	NA
alleles_str ['NA']
result : CYP2B6 NA
CYP1A2	1	NA	NA	0	-	NA
alleles_str ['NA']
result : CYP1A2 NA
CYP1A2	2	NA	NA	0	-	NA
alleles_str ['NA']
result : CYP1A2 NA
NUDT15	1	NA	NA	0	-	NA
alleles_str ['NA']
result : NUDT15 NA
NUDT15	2	NA	NA	0	-	NA
alleles_str ['NA']
result : NUDT15 NA
CYP3A4	1	NA	NA	0	-	NA
alleles_str ['NA']
result : CYP3A4 NA
CYP3A4	2	NA	NA	0	-	NA
alleles_str ['NA']
result : CYP3A4 NA
CYP2A6	1	NA	NA	0	-	NA
alleles_str ['NA']
result : CYP2A6 NA
CYP2A6	2	NA	NA	0	-	NA
alleles_str ['NA']
result : CYP2A6 NA
CYP2C9	1	NA	NA	0	-	NA
alleles_str ['NA']
result : CYP2C9 NA
CYP2C9	2	NA	NA	0	-	NA
alleles_str ['NA']
result : CYP2C9 NA
SLCO1B1	1	NA	NA	0	-	NA
alleles_str ['NA']
result : SLCO1B1 NA
SLCO1B1	2	NA	NA	0	-	NA
alleles_str ['NA']
result : SLCO1B1 NA
NAT2	1	NA	NA	0	-	NA
alleles_str ['NA']
result : NAT2 NA
NAT2	2	NA	NA	0	-	NA
alleles_str ['NA']
result : NAT2 NA
CYP4F2	1	NA	NA	0	-	NA
alleles_str ['NA']
result : CYP4F2 NA
CYP4F2	2	NA	NA	0	-	NA
alleles_str ['NA']
result : CYP4F2 NA
CYP3A5	1	NA	NA	0	-	NA
alleles_str ['NA']
result : CYP3A5 NA
CYP3A5	2	NA	NA	0	-	NA
alleles_str ['NA']
result : CYP3A5 NA

            python3 /project/home/pouria/opt/src/SpecImmune/scripts/remap_allele.py 20230829_PAQ96827_NA19239 CYP /project/home/pouria/opt/src/SpecImmune/runs/ont_chr22/20230829_PAQ96827_NA19239 nanopore wgs traditional 12 /project/home/pouria/opt/src/SpecImmune/scripts/../db//CYP/CYP.full.fasta
            

            python3 /project/home/pouria/opt/src/SpecImmune/scripts/visualization.py 20230829_PAQ96827_NA19239 CYP /project/home/pouria/opt/src/SpecImmune/runs/ont_chr22/20230829_PAQ96827_NA19239 nanopore wgs traditional 12 /project/home/pouria/opt/src/SpecImmune/scripts/../db//CYP/CYP.full.fasta
            
alleles_str ['-']
result : CYP2D6 -
alleles_str ['-']
result : CYP2D6 -
alleles_str ['-']
result : CYP2A13 -
alleles_str ['-']
result : CYP2A13 -
alleles_str ['-']
result : CYP2C8 -
alleles_str ['-']
result : CYP2C8 -
alleles_str ['-']
result : CYP2C19 -
alleles_str ['-']
result : CYP2C19 -
alleles_str ['-']
result : CYP2B6 -
alleles_str ['-']
result : CYP2B6 -
alleles_str ['-']
result : CYP1A2 -
alleles_str ['-']
result : CYP1A2 -
alleles_str ['-']
result : NUDT15 -
alleles_str ['-']
result : NUDT15 -
alleles_str ['-']
result : CYP3A4 -
alleles_str ['-']
result : CYP3A4 -
alleles_str ['-']
result : CYP2A6 -
alleles_str ['-']
result : CYP2A6 -
alleles_str ['-']
result : CYP2C9 -
alleles_str ['-']
result : CYP2C9 -
alleles_str ['-']
result : SLCO1B1 -
alleles_str ['-']
result : SLCO1B1 -
alleles_str ['-']
result : NAT2 -
alleles_str ['-']
result : NAT2 -
alleles_str ['-']
result : CYP4F2 -
alleles_str ['-']
result : CYP4F2 -
alleles_str ['-']
result : CYP3A5 -
alleles_str ['-']
result : CYP3A5 -
alleles_str ['NA']
result : CYP2D6 NA
alleles_str ['NA']
result : CYP2D6 NA
alleles_str ['NA']
result : CYP2A13 NA
alleles_str ['NA']
result : CYP2A13 NA
alleles_str ['NA']
result : CYP2C8 NA
alleles_str ['NA']
result : CYP2C8 NA
alleles_str ['NA']
result : CYP2C19 NA
alleles_str ['NA']
result : CYP2C19 NA
alleles_str ['NA']
result : CYP2B6 NA
alleles_str ['NA']
result : CYP2B6 NA
alleles_str ['NA']
result : CYP1A2 NA
alleles_str ['NA']
result : CYP1A2 NA
alleles_str ['NA']
result : NUDT15 NA
alleles_str ['NA']
result : NUDT15 NA
alleles_str ['NA']
result : CYP3A4 NA
alleles_str ['NA']
result : CYP3A4 NA
alleles_str ['NA']
result : CYP2A6 NA
alleles_str ['NA']
result : CYP2A6 NA
alleles_str ['NA']
result : CYP2C9 NA
alleles_str ['NA']
result : CYP2C9 NA
alleles_str ['NA']
result : SLCO1B1 NA
alleles_str ['NA']
result : SLCO1B1 NA
alleles_str ['NA']
result : NAT2 NA
alleles_str ['NA']
result : NAT2 NA
alleles_str ['NA']
result : CYP4F2 NA
alleles_str ['NA']
result : CYP4F2 NA
alleles_str ['NA']
result : CYP3A5 NA
alleles_str ['NA']
result : CYP3A5 NA
CYP2D6	1	NA	NA	0	-	NA
alleles_str ['NA']
result : CYP2D6 NA
CYP2D6	2	NA	NA	0	-	NA
alleles_str ['NA']
result : CYP2D6 NA
CYP2A13	1	NA	NA	0	-	NA
alleles_str ['NA']
result : CYP2A13 NA
CYP2A13	2	NA	NA	0	-	NA
alleles_str ['NA']
result : CYP2A13 NA
CYP2C8	1	NA	NA	0	-	NA
alleles_str ['NA']
result : CYP2C8 NA
CYP2C8	2	NA	NA	0	-	NA
alleles_str ['NA']
result : CYP2C8 NA
CYP2C19	1	NA	NA	0	-	NA
alleles_str ['NA']
result : CYP2C19 NA
CYP2C19	2	NA	NA	0	-	NA
alleles_str ['NA']
result : CYP2C19 NA
CYP2B6	1	NA	NA	0	-	NA
alleles_str ['NA']
result : CYP2B6 NA
CYP2B6	2	NA	NA	0	-	NA
alleles_str ['NA']
result : CYP2B6 NA
CYP1A2	1	NA	NA	0	-	NA
alleles_str ['NA']
result : CYP1A2 NA
CYP1A2	2	NA	NA	0	-	NA
alleles_str ['NA']
result : CYP1A2 NA
NUDT15	1	NA	NA	0	-	NA
alleles_str ['NA']
result : NUDT15 NA
NUDT15	2	NA	NA	0	-	NA
alleles_str ['NA']
result : NUDT15 NA
CYP3A4	1	NA	NA	0	-	NA
alleles_str ['NA']
result : CYP3A4 NA
CYP3A4	2	NA	NA	0	-	NA
alleles_str ['NA']
result : CYP3A4 NA
CYP2A6	1	NA	NA	0	-	NA
alleles_str ['NA']
result : CYP2A6 NA
CYP2A6	2	NA	NA	0	-	NA
alleles_str ['NA']
result : CYP2A6 NA
CYP2C9	1	NA	NA	0	-	NA
alleles_str ['NA']
result : CYP2C9 NA
CYP2C9	2	NA	NA	0	-	NA
alleles_str ['NA']
result : CYP2C9 NA
SLCO1B1	1	NA	NA	0	-	NA
alleles_str ['NA']
result : SLCO1B1 NA
SLCO1B1	2	NA	NA	0	-	NA
alleles_str ['NA']
result : SLCO1B1 NA
NAT2	1	NA	NA	0	-	NA
alleles_str ['NA']
result : NAT2 NA
NAT2	2	NA	NA	0	-	NA
alleles_str ['NA']
result : NAT2 NA
CYP4F2	1	NA	NA	0	-	NA
alleles_str ['NA']
result : CYP4F2 NA
CYP4F2	2	NA	NA	0	-	NA
alleles_str ['NA']
result : CYP4F2 NA
CYP3A5	1	NA	NA	0	-	NA
alleles_str ['NA']
result : CYP3A5 NA
CYP3A5	2	NA	NA	0	-	NA
alleles_str ['NA']
result : CYP3A5 NA
refine bam...
2026-01-07 19:54:51,574 | INFO | Processing /project/home/pouria/opt/src/SpecImmune/runs/ont_chr22/20230829_PAQ96827_NA19239/20230829_PAQ96827_NA19239/20230829_PAQ96827_NA19239.refined.sorted.bam
2026-01-07 19:54:55,657 | WARNING | Query names do not look like HiFi reads -- use "consensus" mode for consensus
2026-01-07 19:54:55,657 | INFO | Identifying SV signatures
2026-01-07 19:54:57,432 | WARNING | Unlabeled Clipped Reads
6183e83f-bd95-4bec-b5db-134f1156df65
afd4d649-f2cc-4240-b92a-cbebbefad1de
2026-01-07 19:54:57,433 | INFO | Phasing and Calling Alleles
2026-01-07 19:54:57,433 | DEBUG | Calling noSV
2026-01-07 19:54:57,433 | INFO | Calling noSV
2026-01-07 19:54:57,434 | INFO | Attempting to phase 24 noSV reads
2026-01-07 19:54:57,434 | DEBUG | Reseting HP for 24 noSV  reads
2026-01-07 19:54:57,562 | DEBUG | Positions used for read clustering: [42122377, 42122421, 42122507, 42122991, 42123210, 42123218, 42123225, 42123235, 42123236, 42123242, 42123243, 42123251, 42123253, 42123299, 42123307, 42123310, 42123311, 42123630, 42124105, 42124797, 42125394, 42125859, 42125923, 42126021, 42126068, 42126078, 42126610, 42127000, 42127206, 42127406, 42127940, 42128432, 42128767, 42129129, 42129769, 42129949, 42130481, 42130546, 42130558, 42130559, 42130564, 42130568, 42130570, 42130577, 42130653, 42131530, 42132843, 42132850]
clusters hifi_read                             is_primary
4d75e6cb-64e7-4853-8782-3c53f28e5e20  True          0
ae8bd181-40cd-40e4-b282-557967aaf622  True          1
2b8ece5a-d510-4280-9d9b-d7ccddd22fe2  True          1
e0ff7790-270a-4912-98bd-4b758e7ee62f  True          1
f3ea2143-45c3-44f0-b934-1927fccef79f  True          1
2303a1c0-688e-43d9-9e11-7fdd486acf35  True          0
a67ffcbf-62ec-4843-92f1-15717051ddca  True          1
d83abdcc-3117-4039-9833-5682074cec3f  True          0
6039bf5b-f605-474a-b238-55d0082c26d5  True          0
003c6753-001c-4b8d-bbdf-0a56002b3ad6  True          1
afd4d649-f2cc-4240-b92a-cbebbefad1de  True          0
bc0388cc-5c64-4a97-a6f5-b451f50ebafe  True          1
cc02da29-08f5-4d38-a3d3-2122f4dd9719  True          1
f2bf8c93-9071-4c1e-bd49-73607005980a  True          0
e83a63f6-518c-449a-813b-f1bf6e2fee71  True          1
aff6ed7c-cdb0-411d-bfce-72fee9bfe3a2  True          1
9b116c93-2e6e-4678-a80e-908ae905e42a  True          0
b4399bd4-2d37-4a3f-80a0-045fedb2d5c1  True          0
9f9f447a-e3e8-49de-8222-c40c302a50c0  True          1
dbdc9af9-c5c4-43da-9ad5-203eb06a08c6  True          1
e3770339-dd15-4b29-bfe4-0829928e4732  True          1
81dd8b15-2f4f-4ea7-a191-8bb0eb2327ca  True          0
c1116135-7e42-4c05-8d3b-62f28326a6af  True          1
2dd3b575-26d1-4312-9bce-54448b341dc5  True          1
Name: HP, dtype: int64
2026-01-07 19:55:00,299 | DEBUG | Alleles Identified: {'noSV': {'noSV_0': ('*17', '*2', '*34', '*39'), 'noSV_1': ('*15',)}}
2026-01-07 19:55:00,300 | INFO | Calling Diplotype
2026-01-07 19:55:00,300 | DEBUG | Hybrid calls: Counter() self.haplotypes []
2026-01-07 19:55:00,300 | DEBUG | self.haplotypes []
2026-01-07 19:55:00,300 | INFO | Diplotype called: CYP2D6 *15/*17
2026-01-07 19:55:02,552 | INFO | Exporting /project/home/pouria/opt/src/SpecImmune/runs/ont_chr22/20230829_PAQ96827_NA19239/20230829_PAQ96827_NA19239/20230829_PAQ96827_NA19239_labeledReads.bam
{'CYP2D6', 'haplotype_1_15', 'haplotype_2_17', 'No_Label'}
{'noHap', 'noSV_1', 'noSV_0'}
filtered diplotype *15/*17 {'*15', '*17'} CYP2D6 *15/*17
cnv detected, use pangu result
*15/*17 NA
[OK] Finished 20230829_PAQ96827_NA19239
