2026-05-16 20:52:25.594231: I tensorflow/core/util/port.cc:111] oneDNN custom operations are on. You may see slightly different numerical results due to floating-point round-off errors from different computation orders. To turn them off, set the environment variable `TF_ENABLE_ONEDNN_OPTS=0`.
2026-05-16 20:52:25.634361: E tensorflow/compiler/xla/stream_executor/cuda/cuda_dnn.cc:9342] Unable to register cuDNN factory: Attempting to register factory for plugin cuDNN when one has already been registered
2026-05-16 20:52:25.634518: E tensorflow/compiler/xla/stream_executor/cuda/cuda_fft.cc:609] Unable to register cuFFT factory: Attempting to register factory for plugin cuFFT when one has already been registered
2026-05-16 20:52:25.634689: E tensorflow/compiler/xla/stream_executor/cuda/cuda_blas.cc:1518] Unable to register cuBLAS factory: Attempting to register factory for plugin cuBLAS when one has already been registered
2026-05-16 20:52:25.644145: I tensorflow/core/platform/cpu_feature_guard.cc:182] This TensorFlow binary is optimized to use available CPU instructions in performance-critical operations.
To enable the following instructions: AVX2 AVX512F AVX512_VNNI FMA, in other operations, rebuild TensorFlow with the appropriate compiler flags.
AttributeError: 'MessageFactory' object has no attribute 'GetPrototype'
2026-05-16 20:52:27.143134: W tensorflow/compiler/tf2tensorrt/utils/py_utils.cc:38] TF-TRT Warning: Could not find TensorRT
AttributeError: 'MessageFactory' object has no attribute 'GetPrototype'
[info] total indices 14
[info] total variants 14
2.001 was filtered out as 16008387 A>C needs C but not covered
3.001 was filtered out as 15990430 C>T needs T but not covered
4.1001 was filtered out as 16008387 A>C needs C but not covered
[filter] CYP4F2 1 => 1.001
[filter] valid_alleles=1
Step 0: Loss=0.0500, CN=[1.9000832]
Step 100: Loss=0.0271, CN=[1.7770469]
Step 200: Loss=0.0271, CN=[1.7767401]
Step 300: Loss=0.0271, CN=[1.776745]
Step 400: Loss=0.0271, CN=[1.7767451]

=== Fit ===
Region 0: obs=1.807, exp=1.777, diff=+0.030 
Region 1: obs=2.125, exp=1.777, diff=+0.349 
Region 2: obs=1.536, exp=1.777, diff=-0.241 
Region 3: obs=1.875, exp=1.777, diff=+0.099 
Region 4: obs=1.570, exp=1.777, diff=-0.207 
Region 5: obs=1.816, exp=1.777, diff=+0.040 
Region 6: obs=1.616, exp=1.777, diff=-0.160 
Region 7: obs=1.576, exp=1.777, diff=-0.201 
Region 8: obs=1.300, exp=1.777, diff=-0.477 
Region 9: obs=1.838, exp=1.777, diff=+0.061 
Region 10: obs=2.474, exp=1.777, diff=+0.697 *
Region 11: obs=2.015, exp=1.777, diff=+0.238 
Region 12: obs=1.577, exp=1.777, diff=-0.200 
Region 13: obs=1.852, exp=1.777, diff=+0.075 
Region 14: obs=1.687, exp=1.777, diff=-0.089 
Region 15: obs=1.727, exp=1.777, diff=-0.050 
Region 16: obs=1.806, exp=1.777, diff=+0.029 
Region 17: obs=1.924, exp=1.777, diff=+0.147 
Region 18: obs=1.711, exp=1.777, diff=-0.066 
Region 19: obs=1.937, exp=1.777, diff=+0.160 
Region 20: obs=1.978, exp=1.777, diff=+0.202 
Region 21: obs=1.652, exp=1.777, diff=-0.125 
Region 22: obs=1.372, exp=1.777, diff=-0.405 
Region 23: obs=1.791, exp=1.777, diff=+0.014 
Region 24: obs=1.668, exp=1.777, diff=-0.108 
Region 25: obs=1.891, exp=1.777, diff=+0.115 
Region 26: obs=2.046, exp=1.777, diff=+0.269 

[Gene CN Results]
  CYP4F2: 1.78 → 1.7767449617385864
Using device: cuda

[Raw]:
CYP4F2*1: Normalized=1.0000, Unnormalized=1.00

[Alleles]
CYP4F2*1
CYP4F2*1
	Command being timed: "python cyp.py CYP4F2 /project/shared/aldy-data/wgs/HG00276.wgs.cram"
	User time (seconds): 8.13
	System time (seconds): 2.15
	Percent of CPU this job got: 98%
	Elapsed (wall clock) time (h:mm:ss or m:ss): 0:10.43
	Average shared text size (kbytes): 0
	Average unshared data size (kbytes): 0
	Average stack size (kbytes): 0
	Average total size (kbytes): 0
	Maximum resident set size (kbytes): 2602484
	Average resident set size (kbytes): 0
	Major (requiring I/O) page faults: 0
	Minor (reclaiming a frame) page faults: 635920
	Voluntary context switches: 3685
	Involuntary context switches: 1540
	Swaps: 0
	File system inputs: 0
	File system outputs: 24
	Socket messages sent: 0
	Socket messages received: 0
	Signals delivered: 0
	Page size (bytes): 4096
	Exit status: 0
