2026-05-16 20:55:25.406808: I tensorflow/core/util/port.cc:111] oneDNN custom operations are on. You may see slightly different numerical results due to floating-point round-off errors from different computation orders. To turn them off, set the environment variable `TF_ENABLE_ONEDNN_OPTS=0`.
2026-05-16 20:55:25.445410: E tensorflow/compiler/xla/stream_executor/cuda/cuda_dnn.cc:9342] Unable to register cuDNN factory: Attempting to register factory for plugin cuDNN when one has already been registered
2026-05-16 20:55:25.445584: E tensorflow/compiler/xla/stream_executor/cuda/cuda_fft.cc:609] Unable to register cuFFT factory: Attempting to register factory for plugin cuFFT when one has already been registered
2026-05-16 20:55:25.445726: E tensorflow/compiler/xla/stream_executor/cuda/cuda_blas.cc:1518] Unable to register cuBLAS factory: Attempting to register factory for plugin cuBLAS when one has already been registered
2026-05-16 20:55:25.453813: I tensorflow/core/platform/cpu_feature_guard.cc:182] This TensorFlow binary is optimized to use available CPU instructions in performance-critical operations.
To enable the following instructions: AVX2 AVX512F AVX512_VNNI FMA, in other operations, rebuild TensorFlow with the appropriate compiler flags.
AttributeError: 'MessageFactory' object has no attribute 'GetPrototype'
2026-05-16 20:55:26.654712: W tensorflow/compiler/tf2tensorrt/utils/py_utils.cc:38] TF-TRT Warning: Could not find TensorRT
AttributeError: 'MessageFactory' object has no attribute 'GetPrototype'
[info] total indices 14
[info] total variants 14
2.001 was filtered out as 16008387 A>C needs C but not covered
3.001 was filtered out as 15990430 C>T needs T but not covered
4.1001 was filtered out as 16008387 A>C needs C but not covered
[filter] CYP4F2 1 => 1.001
[filter] valid_alleles=1
Step 0: Loss=0.0794, CN=[2.0999167]
Step 100: Loss=0.0537, CN=[2.2460546]
Step 200: Loss=0.0537, CN=[2.2467535]
Step 300: Loss=0.0537, CN=[2.2467523]
Step 400: Loss=0.0537, CN=[2.2467525]

=== Fit ===
Region 0: obs=2.260, exp=2.247, diff=+0.013 
Region 1: obs=2.039, exp=2.247, diff=-0.208 
Region 2: obs=1.569, exp=2.247, diff=-0.678 *
Region 3: obs=2.367, exp=2.247, diff=+0.120 
Region 4: obs=1.522, exp=2.247, diff=-0.725 *
Region 5: obs=2.372, exp=2.247, diff=+0.125 
Region 6: obs=1.909, exp=2.247, diff=-0.337 
Region 7: obs=2.299, exp=2.247, diff=+0.053 
Region 8: obs=2.548, exp=2.247, diff=+0.301 
Region 9: obs=2.497, exp=2.247, diff=+0.251 
Region 10: obs=2.681, exp=2.247, diff=+0.434 
Region 11: obs=2.145, exp=2.247, diff=-0.102 
Region 12: obs=2.492, exp=2.247, diff=+0.246 
Region 13: obs=2.528, exp=2.247, diff=+0.281 
Region 14: obs=1.837, exp=2.247, diff=-0.410 
Region 15: obs=1.793, exp=2.247, diff=-0.454 
Region 16: obs=2.173, exp=2.247, diff=-0.074 
Region 17: obs=2.581, exp=2.247, diff=+0.334 
Region 18: obs=2.902, exp=2.247, diff=+0.655 *
Region 19: obs=2.693, exp=2.247, diff=+0.446 
Region 20: obs=1.845, exp=2.247, diff=-0.402 
Region 21: obs=2.210, exp=2.247, diff=-0.037 
Region 22: obs=2.024, exp=2.247, diff=-0.223 
Region 23: obs=2.320, exp=2.247, diff=+0.074 
Region 24: obs=2.225, exp=2.247, diff=-0.022 
Region 25: obs=2.276, exp=2.247, diff=+0.030 
Region 26: obs=2.309, exp=2.247, diff=+0.062 

[Gene CN Results]
  CYP4F2: 2.25 → 2.2467525005340576
Using device: cuda

[Raw]:
CYP4F2*1: Normalized=1.0000, Unnormalized=1.00

[Alleles]
CYP4F2*1
CYP4F2*1
	Command being timed: "python cyp.py CYP4F2 /project/shared/aldy-data/wgs/NA11832.wgs.cram"
	User time (seconds): 7.31
	System time (seconds): 1.79
	Percent of CPU this job got: 97%
	Elapsed (wall clock) time (h:mm:ss or m:ss): 0:09.33
	Average shared text size (kbytes): 0
	Average unshared data size (kbytes): 0
	Average stack size (kbytes): 0
	Average total size (kbytes): 0
	Maximum resident set size (kbytes): 2587196
	Average resident set size (kbytes): 0
	Major (requiring I/O) page faults: 0
	Minor (reclaiming a frame) page faults: 663272
	Voluntary context switches: 3224
	Involuntary context switches: 122
	Swaps: 0
	File system inputs: 0
	File system outputs: 24
	Socket messages sent: 0
	Socket messages received: 0
	Signals delivered: 0
	Page size (bytes): 4096
	Exit status: 0
