2026-05-16 20:55:34.763696: I tensorflow/core/util/port.cc:111] oneDNN custom operations are on. You may see slightly different numerical results due to floating-point round-off errors from different computation orders. To turn them off, set the environment variable `TF_ENABLE_ONEDNN_OPTS=0`.
2026-05-16 20:55:34.802106: E tensorflow/compiler/xla/stream_executor/cuda/cuda_dnn.cc:9342] Unable to register cuDNN factory: Attempting to register factory for plugin cuDNN when one has already been registered
2026-05-16 20:55:34.802180: E tensorflow/compiler/xla/stream_executor/cuda/cuda_fft.cc:609] Unable to register cuFFT factory: Attempting to register factory for plugin cuFFT when one has already been registered
2026-05-16 20:55:34.802300: E tensorflow/compiler/xla/stream_executor/cuda/cuda_blas.cc:1518] Unable to register cuBLAS factory: Attempting to register factory for plugin cuBLAS when one has already been registered
2026-05-16 20:55:34.810644: I tensorflow/core/platform/cpu_feature_guard.cc:182] This TensorFlow binary is optimized to use available CPU instructions in performance-critical operations.
To enable the following instructions: AVX2 AVX512F AVX512_VNNI FMA, in other operations, rebuild TensorFlow with the appropriate compiler flags.
AttributeError: 'MessageFactory' object has no attribute 'GetPrototype'
2026-05-16 20:55:36.204048: W tensorflow/compiler/tf2tensorrt/utils/py_utils.cc:38] TF-TRT Warning: Could not find TensorRT
AttributeError: 'MessageFactory' object has no attribute 'GetPrototype'
[info] total indices 14
[info] total variants 14
2.001 was filtered out as 16008387 A>C needs C but not covered
3.001 was filtered out as 15990430 C>T needs T but not covered
4.1001 was filtered out as 16008387 A>C needs C but not covered
[filter] CYP4F2 1 => 1.001
[filter] valid_alleles=1
Step 0: Loss=0.0229, CN=[1.9000832]
Step 100: Loss=0.0218, CN=[1.9539286]
Step 200: Loss=0.0218, CN=[1.9542217]
Step 300: Loss=0.0218, CN=[1.9542208]
Step 400: Loss=0.0218, CN=[1.9542212]

=== Fit ===
Region 0: obs=1.989, exp=1.954, diff=+0.035 
Region 1: obs=1.722, exp=1.954, diff=-0.233 
Region 2: obs=1.928, exp=1.954, diff=-0.026 
Region 3: obs=2.242, exp=1.954, diff=+0.288 
Region 4: obs=1.725, exp=1.954, diff=-0.229 
Region 5: obs=2.168, exp=1.954, diff=+0.214 
Region 6: obs=1.857, exp=1.954, diff=-0.098 
Region 7: obs=1.966, exp=1.954, diff=+0.011 
Region 8: obs=2.181, exp=1.954, diff=+0.227 
Region 9: obs=2.254, exp=1.954, diff=+0.300 
Region 10: obs=1.861, exp=1.954, diff=-0.094 
Region 11: obs=2.000, exp=1.954, diff=+0.046 
Region 12: obs=2.091, exp=1.954, diff=+0.136 
Region 13: obs=2.285, exp=1.954, diff=+0.331 
Region 14: obs=1.610, exp=1.954, diff=-0.344 
Region 15: obs=2.028, exp=1.954, diff=+0.074 
Region 16: obs=1.989, exp=1.954, diff=+0.035 
Region 17: obs=2.196, exp=1.954, diff=+0.242 
Region 18: obs=1.583, exp=1.954, diff=-0.372 
Region 19: obs=1.689, exp=1.954, diff=-0.265 
Region 20: obs=1.557, exp=1.954, diff=-0.398 
Region 21: obs=2.005, exp=1.954, diff=+0.051 
Region 22: obs=1.778, exp=1.954, diff=-0.176 
Region 23: obs=2.042, exp=1.954, diff=+0.087 
Region 24: obs=1.828, exp=1.954, diff=-0.126 
Region 25: obs=2.049, exp=1.954, diff=+0.095 
Region 26: obs=2.144, exp=1.954, diff=+0.190 

[Gene CN Results]
  CYP4F2: 1.95 → 1.9542207717895508
Using device: cuda

[Raw]:
CYP4F2*1: Normalized=1.0000, Unnormalized=1.00

[Alleles]
CYP4F2*1
CYP4F2*1
	Command being timed: "python cyp.py CYP4F2 /project/shared/aldy-data/wgs/NA12145.wgs.cram"
	User time (seconds): 7.84
	System time (seconds): 1.73
	Percent of CPU this job got: 97%
	Elapsed (wall clock) time (h:mm:ss or m:ss): 0:09.81
	Average shared text size (kbytes): 0
	Average unshared data size (kbytes): 0
	Average stack size (kbytes): 0
	Average total size (kbytes): 0
	Maximum resident set size (kbytes): 2592844
	Average resident set size (kbytes): 0
	Major (requiring I/O) page faults: 0
	Minor (reclaiming a frame) page faults: 684627
	Voluntary context switches: 3231
	Involuntary context switches: 46
	Swaps: 0
	File system inputs: 0
	File system outputs: 24
	Socket messages sent: 0
	Socket messages received: 0
	Signals delivered: 0
	Page size (bytes): 4096
	Exit status: 0
