2026-05-16 21:05:56.491777: I tensorflow/core/util/port.cc:111] oneDNN custom operations are on. You may see slightly different numerical results due to floating-point round-off errors from different computation orders. To turn them off, set the environment variable `TF_ENABLE_ONEDNN_OPTS=0`.
2026-05-16 21:05:56.529043: E tensorflow/compiler/xla/stream_executor/cuda/cuda_dnn.cc:9342] Unable to register cuDNN factory: Attempting to register factory for plugin cuDNN when one has already been registered
2026-05-16 21:05:56.529198: E tensorflow/compiler/xla/stream_executor/cuda/cuda_fft.cc:609] Unable to register cuFFT factory: Attempting to register factory for plugin cuFFT when one has already been registered
2026-05-16 21:05:56.529383: E tensorflow/compiler/xla/stream_executor/cuda/cuda_blas.cc:1518] Unable to register cuBLAS factory: Attempting to register factory for plugin cuBLAS when one has already been registered
2026-05-16 21:05:56.538010: I tensorflow/core/platform/cpu_feature_guard.cc:182] This TensorFlow binary is optimized to use available CPU instructions in performance-critical operations.
To enable the following instructions: AVX2 AVX512F AVX512_VNNI FMA, in other operations, rebuild TensorFlow with the appropriate compiler flags.
AttributeError: 'MessageFactory' object has no attribute 'GetPrototype'
2026-05-16 21:05:57.594425: W tensorflow/compiler/tf2tensorrt/utils/py_utils.cc:38] TF-TRT Warning: Could not find TensorRT
AttributeError: 'MessageFactory' object has no attribute 'GetPrototype'
[info] total indices 14
[info] total variants 14
2.001 was filtered out as 16008387 A>C needs C but not covered
3.001 was filtered out as 15990430 C>T needs T but not covered
4.1001 was filtered out as 16008387 A>C needs C but not covered
[filter] CYP4F2 1 => 1.001
[filter] valid_alleles=1
Step 0: Loss=0.0202, CN=[1.9000834]
Step 100: Loss=0.0200, CN=[1.98295]
Step 200: Loss=0.0200, CN=[1.9827226]
Step 300: Loss=0.0200, CN=[1.9827245]
Step 400: Loss=0.0200, CN=[1.9827241]

=== Fit ===
Region 0: obs=1.844, exp=1.983, diff=-0.138 
Region 1: obs=1.994, exp=1.983, diff=+0.011 
Region 2: obs=1.837, exp=1.983, diff=-0.146 
Region 3: obs=1.897, exp=1.983, diff=-0.085 
Region 4: obs=1.933, exp=1.983, diff=-0.050 
Region 5: obs=1.827, exp=1.983, diff=-0.156 
Region 6: obs=2.049, exp=1.983, diff=+0.067 
Region 7: obs=2.189, exp=1.983, diff=+0.206 
Region 8: obs=1.998, exp=1.983, diff=+0.015 
Region 9: obs=1.995, exp=1.983, diff=+0.012 
Region 10: obs=1.600, exp=1.983, diff=-0.383 
Region 11: obs=1.913, exp=1.983, diff=-0.069 
Region 12: obs=2.053, exp=1.983, diff=+0.070 
Region 13: obs=1.701, exp=1.983, diff=-0.282 
Region 14: obs=2.091, exp=1.983, diff=+0.109 
Region 15: obs=1.695, exp=1.983, diff=-0.288 
Region 16: obs=1.765, exp=1.983, diff=-0.218 
Region 17: obs=2.031, exp=1.983, diff=+0.049 
Region 18: obs=2.181, exp=1.983, diff=+0.198 
Region 19: obs=2.015, exp=1.983, diff=+0.032 
Region 20: obs=1.778, exp=1.983, diff=-0.205 
Region 21: obs=2.369, exp=1.983, diff=+0.387 
Region 22: obs=2.171, exp=1.983, diff=+0.188 
Region 23: obs=2.123, exp=1.983, diff=+0.140 
Region 24: obs=2.486, exp=1.983, diff=+0.504 *
Region 25: obs=2.142, exp=1.983, diff=+0.159 
Region 26: obs=1.859, exp=1.983, diff=-0.124 

[Gene CN Results]
  CYP4F2: 1.98 → 1.9827243089675903
Using device: cuda

[Raw]:
CYP4F2*1: Normalized=1.0000, Unnormalized=1.00

[Alleles]
CYP4F2*1
CYP4F2*1
	Command being timed: "python cyp.py CYP4F2 /project/shared/aldy-data/wgs/NA18855.wgs.cram"
	User time (seconds): 7.62
	System time (seconds): 1.76
	Percent of CPU this job got: 89%
	Elapsed (wall clock) time (h:mm:ss or m:ss): 0:10.52
	Average shared text size (kbytes): 0
	Average unshared data size (kbytes): 0
	Average stack size (kbytes): 0
	Average total size (kbytes): 0
	Maximum resident set size (kbytes): 2609344
	Average resident set size (kbytes): 0
	Major (requiring I/O) page faults: 0
	Minor (reclaiming a frame) page faults: 657067
	Voluntary context switches: 3219
	Involuntary context switches: 37
	Swaps: 0
	File system inputs: 0
	File system outputs: 32
	Socket messages sent: 0
	Socket messages received: 0
	Signals delivered: 0
	Page size (bytes): 4096
	Exit status: 0
