2026-05-16 21:05:27.094645: I tensorflow/core/util/port.cc:111] oneDNN custom operations are on. You may see slightly different numerical results due to floating-point round-off errors from different computation orders. To turn them off, set the environment variable `TF_ENABLE_ONEDNN_OPTS=0`.
2026-05-16 21:05:27.140514: E tensorflow/compiler/xla/stream_executor/cuda/cuda_dnn.cc:9342] Unable to register cuDNN factory: Attempting to register factory for plugin cuDNN when one has already been registered
2026-05-16 21:05:27.140708: E tensorflow/compiler/xla/stream_executor/cuda/cuda_fft.cc:609] Unable to register cuFFT factory: Attempting to register factory for plugin cuFFT when one has already been registered
2026-05-16 21:05:27.140923: E tensorflow/compiler/xla/stream_executor/cuda/cuda_blas.cc:1518] Unable to register cuBLAS factory: Attempting to register factory for plugin cuBLAS when one has already been registered
2026-05-16 21:05:27.158613: I tensorflow/core/platform/cpu_feature_guard.cc:182] This TensorFlow binary is optimized to use available CPU instructions in performance-critical operations.
To enable the following instructions: AVX2 AVX512F AVX512_VNNI FMA, in other operations, rebuild TensorFlow with the appropriate compiler flags.
AttributeError: 'MessageFactory' object has no attribute 'GetPrototype'
2026-05-16 21:05:35.386287: W tensorflow/compiler/tf2tensorrt/utils/py_utils.cc:38] TF-TRT Warning: Could not find TensorRT
AttributeError: 'MessageFactory' object has no attribute 'GetPrototype'
[info] total indices 14
[info] total variants 14
2.001 was filtered out as 16008387 A>C needs C but not covered
3.001 was filtered out as 15990430 C>T needs T but not covered
4.1001 was filtered out as 16008387 A>C needs C but not covered
[filter] CYP4F2 1 => 1.001
[filter] valid_alleles=1
Step 0: Loss=0.0583, CN=[2.0999167]
Step 100: Loss=0.0242, CN=[2.26944]
Step 200: Loss=0.0242, CN=[2.268371]
Step 300: Loss=0.0242, CN=[2.2683716]
Step 400: Loss=0.0242, CN=[2.2683718]

=== Fit ===
Region 0: obs=2.117, exp=2.268, diff=-0.151 
Region 1: obs=2.193, exp=2.268, diff=-0.075 
Region 2: obs=2.362, exp=2.268, diff=+0.093 
Region 3: obs=2.347, exp=2.268, diff=+0.079 
Region 4: obs=2.237, exp=2.268, diff=-0.031 
Region 5: obs=2.392, exp=2.268, diff=+0.124 
Region 6: obs=2.180, exp=2.268, diff=-0.088 
Region 7: obs=2.504, exp=2.268, diff=+0.236 
Region 8: obs=2.646, exp=2.268, diff=+0.377 
Region 9: obs=2.363, exp=2.268, diff=+0.094 
Region 10: obs=2.276, exp=2.268, diff=+0.007 
Region 11: obs=2.403, exp=2.268, diff=+0.135 
Region 12: obs=2.382, exp=2.268, diff=+0.114 
Region 13: obs=2.757, exp=2.268, diff=+0.489 
Region 14: obs=2.227, exp=2.268, diff=-0.041 
Region 15: obs=2.109, exp=2.268, diff=-0.160 
Region 16: obs=2.378, exp=2.268, diff=+0.109 
Region 17: obs=2.328, exp=2.268, diff=+0.059 
Region 18: obs=1.981, exp=2.268, diff=-0.288 
Region 19: obs=2.159, exp=2.268, diff=-0.110 
Region 20: obs=1.743, exp=2.268, diff=-0.525 *
Region 21: obs=2.059, exp=2.268, diff=-0.209 
Region 22: obs=1.864, exp=2.268, diff=-0.404 
Region 23: obs=2.357, exp=2.268, diff=+0.089 
Region 24: obs=2.017, exp=2.268, diff=-0.251 
Region 25: obs=2.310, exp=2.268, diff=+0.042 
Region 26: obs=2.529, exp=2.268, diff=+0.261 

[Gene CN Results]
  CYP4F2: 2.27 → 2.26837158203125
Using device: cuda

[Raw]:
CYP4F2*1: Normalized=1.0000, Unnormalized=1.00

[Alleles]
CYP4F2*1
CYP4F2*1
	Command being timed: "python cyp.py CYP4F2 /project/shared/aldy-data/wgs/NA18544.wgs.cram"
	User time (seconds): 10.72
	System time (seconds): 5.39
	Percent of CPU this job got: 40%
	Elapsed (wall clock) time (h:mm:ss or m:ss): 0:39.65
	Average shared text size (kbytes): 0
	Average unshared data size (kbytes): 0
	Average stack size (kbytes): 0
	Average total size (kbytes): 0
	Maximum resident set size (kbytes): 2593416
	Average resident set size (kbytes): 0
	Major (requiring I/O) page faults: 0
	Minor (reclaiming a frame) page faults: 640957
	Voluntary context switches: 11105
	Involuntary context switches: 1654
	Swaps: 0
	File system inputs: 0
	File system outputs: 32
	Socket messages sent: 0
	Socket messages received: 0
	Signals delivered: 0
	Page size (bytes): 4096
	Exit status: 0
