2026-05-16 21:06:05.437588: I tensorflow/core/util/port.cc:111] oneDNN custom operations are on. You may see slightly different numerical results due to floating-point round-off errors from different computation orders. To turn them off, set the environment variable `TF_ENABLE_ONEDNN_OPTS=0`.
2026-05-16 21:06:05.474896: E tensorflow/compiler/xla/stream_executor/cuda/cuda_dnn.cc:9342] Unable to register cuDNN factory: Attempting to register factory for plugin cuDNN when one has already been registered
2026-05-16 21:06:05.474976: E tensorflow/compiler/xla/stream_executor/cuda/cuda_fft.cc:609] Unable to register cuFFT factory: Attempting to register factory for plugin cuFFT when one has already been registered
2026-05-16 21:06:05.475121: E tensorflow/compiler/xla/stream_executor/cuda/cuda_blas.cc:1518] Unable to register cuBLAS factory: Attempting to register factory for plugin cuBLAS when one has already been registered
2026-05-16 21:06:05.483514: I tensorflow/core/platform/cpu_feature_guard.cc:182] This TensorFlow binary is optimized to use available CPU instructions in performance-critical operations.
To enable the following instructions: AVX2 AVX512F AVX512_VNNI FMA, in other operations, rebuild TensorFlow with the appropriate compiler flags.
AttributeError: 'MessageFactory' object has no attribute 'GetPrototype'
2026-05-16 21:06:06.474807: W tensorflow/compiler/tf2tensorrt/utils/py_utils.cc:38] TF-TRT Warning: Could not find TensorRT
AttributeError: 'MessageFactory' object has no attribute 'GetPrototype'
[info] total indices 14
[info] total variants 14
2.001 was filtered out as 16008387 A>C needs C but not covered
3.001 was filtered out as 15990430 C>T needs T but not covered
4.1001 was filtered out as 16008387 A>C needs C but not covered
[filter] CYP4F2 1 => 1.001
[filter] valid_alleles=1
Step 0: Loss=0.0309, CN=[2.0999167]
Step 100: Loss=0.0285, CN=[2.0707285]
Step 200: Loss=0.0285, CN=[2.070906]
Step 300: Loss=0.0285, CN=[2.0709069]
Step 400: Loss=0.0285, CN=[2.0709069]

=== Fit ===
Region 0: obs=2.146, exp=2.071, diff=+0.075 
Region 1: obs=2.186, exp=2.071, diff=+0.115 
Region 2: obs=2.024, exp=2.071, diff=-0.047 
Region 3: obs=1.714, exp=2.071, diff=-0.357 
Region 4: obs=1.576, exp=2.071, diff=-0.495 
Region 5: obs=2.153, exp=2.071, diff=+0.082 
Region 6: obs=1.973, exp=2.071, diff=-0.098 
Region 7: obs=2.197, exp=2.071, diff=+0.126 
Region 8: obs=2.250, exp=2.071, diff=+0.179 
Region 9: obs=2.290, exp=2.071, diff=+0.219 
Region 10: obs=2.282, exp=2.071, diff=+0.211 
Region 11: obs=1.943, exp=2.071, diff=-0.128 
Region 12: obs=2.336, exp=2.071, diff=+0.265 
Region 13: obs=2.546, exp=2.071, diff=+0.475 
Region 14: obs=2.115, exp=2.071, diff=+0.044 
Region 15: obs=1.927, exp=2.071, diff=-0.143 
Region 16: obs=1.704, exp=2.071, diff=-0.367 
Region 17: obs=2.470, exp=2.071, diff=+0.399 
Region 18: obs=2.028, exp=2.071, diff=-0.043 
Region 19: obs=2.133, exp=2.071, diff=+0.062 
Region 20: obs=1.862, exp=2.071, diff=-0.208 
Region 21: obs=2.045, exp=2.071, diff=-0.026 
Region 22: obs=1.949, exp=2.071, diff=-0.122 
Region 23: obs=1.605, exp=2.071, diff=-0.466 
Region 24: obs=2.009, exp=2.071, diff=-0.062 
Region 25: obs=2.116, exp=2.071, diff=+0.046 
Region 26: obs=2.335, exp=2.071, diff=+0.264 

[Gene CN Results]
  CYP4F2: 2.07 → 2.070906400680542
Using device: cuda

[Raw]:
CYP4F2*1: Normalized=1.0000, Unnormalized=1.00

[Alleles]
CYP4F2*1
CYP4F2*1
	Command being timed: "python cyp.py CYP4F2 /project/shared/aldy-data/wgs/NA18861.wgs.cram"
	User time (seconds): 7.40
	System time (seconds): 1.53
	Percent of CPU this job got: 96%
	Elapsed (wall clock) time (h:mm:ss or m:ss): 0:09.25
	Average shared text size (kbytes): 0
	Average unshared data size (kbytes): 0
	Average stack size (kbytes): 0
	Average total size (kbytes): 0
	Maximum resident set size (kbytes): 2589772
	Average resident set size (kbytes): 0
	Major (requiring I/O) page faults: 0
	Minor (reclaiming a frame) page faults: 605673
	Voluntary context switches: 3233
	Involuntary context switches: 32
	Swaps: 0
	File system inputs: 0
	File system outputs: 24
	Socket messages sent: 0
	Socket messages received: 0
	Signals delivered: 0
	Page size (bytes): 4096
	Exit status: 0
