2026-05-16 21:08:21.826768: I tensorflow/core/util/port.cc:111] oneDNN custom operations are on. You may see slightly different numerical results due to floating-point round-off errors from different computation orders. To turn them off, set the environment variable `TF_ENABLE_ONEDNN_OPTS=0`.
2026-05-16 21:08:21.865464: E tensorflow/compiler/xla/stream_executor/cuda/cuda_dnn.cc:9342] Unable to register cuDNN factory: Attempting to register factory for plugin cuDNN when one has already been registered
2026-05-16 21:08:21.865539: E tensorflow/compiler/xla/stream_executor/cuda/cuda_fft.cc:609] Unable to register cuFFT factory: Attempting to register factory for plugin cuFFT when one has already been registered
2026-05-16 21:08:21.865680: E tensorflow/compiler/xla/stream_executor/cuda/cuda_blas.cc:1518] Unable to register cuBLAS factory: Attempting to register factory for plugin cuBLAS when one has already been registered
2026-05-16 21:08:21.874677: I tensorflow/core/platform/cpu_feature_guard.cc:182] This TensorFlow binary is optimized to use available CPU instructions in performance-critical operations.
To enable the following instructions: AVX2 AVX512F AVX512_VNNI FMA, in other operations, rebuild TensorFlow with the appropriate compiler flags.
AttributeError: 'MessageFactory' object has no attribute 'GetPrototype'
2026-05-16 21:08:22.956078: W tensorflow/compiler/tf2tensorrt/utils/py_utils.cc:38] TF-TRT Warning: Could not find TensorRT
AttributeError: 'MessageFactory' object has no attribute 'GetPrototype'
[info] total indices 14
[info] total variants 14
2.001 was filtered out as 16008387 A>C needs C but not covered
4.1001 was filtered out as 16008387 A>C needs C but not covered
[filter] CYP4F2 1 => 1.001
[filter] CYP4F2 3 => 3.001
[filter] valid_alleles=2
Step 0: Loss=0.0768, CN=[2.0999167]
Step 100: Loss=0.0597, CN=[2.1980946]
Step 200: Loss=0.0597, CN=[2.1972446]
Step 300: Loss=0.0597, CN=[2.1972482]
Step 400: Loss=0.0597, CN=[2.197248]

=== Fit ===
Region 0: obs=2.121, exp=2.197, diff=-0.077 
Region 1: obs=2.021, exp=2.197, diff=-0.176 
Region 2: obs=2.542, exp=2.197, diff=+0.344 
Region 3: obs=2.463, exp=2.197, diff=+0.266 
Region 4: obs=2.384, exp=2.197, diff=+0.187 
Region 5: obs=2.136, exp=2.197, diff=-0.061 
Region 6: obs=1.485, exp=2.197, diff=-0.712 *
Region 7: obs=1.834, exp=2.197, diff=-0.363 
Region 8: obs=2.310, exp=2.197, diff=+0.113 
Region 9: obs=2.257, exp=2.197, diff=+0.060 
Region 10: obs=1.807, exp=2.197, diff=-0.390 
Region 11: obs=2.395, exp=2.197, diff=+0.198 
Region 12: obs=2.401, exp=2.197, diff=+0.203 
Region 13: obs=2.447, exp=2.197, diff=+0.249 
Region 14: obs=1.691, exp=2.197, diff=-0.506 *
Region 15: obs=1.833, exp=2.197, diff=-0.364 
Region 16: obs=1.531, exp=2.197, diff=-0.667 *
Region 17: obs=2.510, exp=2.197, diff=+0.313 
Region 18: obs=2.384, exp=2.197, diff=+0.187 
Region 19: obs=2.989, exp=2.197, diff=+0.791 *
Region 20: obs=2.602, exp=2.197, diff=+0.404 
Region 21: obs=1.985, exp=2.197, diff=-0.213 
Region 22: obs=1.771, exp=2.197, diff=-0.427 
Region 23: obs=2.229, exp=2.197, diff=+0.031 
Region 24: obs=2.115, exp=2.197, diff=-0.082 
Region 25: obs=2.491, exp=2.197, diff=+0.294 
Region 26: obs=2.499, exp=2.197, diff=+0.302 

[Gene CN Results]
  CYP4F2: 2.20 → 2.1972482204437256
Using device: cuda

=== Running VAE with seed 42 ===
Global Pooled JS: 0.022150
Seed 42, Step    0: Loss = 154.95 (Recon: 6.56, Allele KL: 0.11, Base KL: 2.58, Functional KL: 0.02
Global Pooled JS: 0.008304
Seed 42, Step  500: Loss = 67.56 (Recon: 3.87, Allele KL: 3.75, Base KL: 7149.30, Functional KL: 0.01
Global Pooled JS: 0.000790
Seed 42, Step 1000: Loss = 20.71 (Recon: 2.32, Allele KL: 3.38, Base KL: 7202.66, Functional KL: 0.00
Global Pooled JS: 0.004751
Seed 42, Step 1500: Loss = 45.67 (Recon: 3.14, Allele KL: 4.01, Base KL: 7000.29, Functional KL: 0.00
Global Pooled JS: 0.002167
Seed 42, Step 2000: Loss = 29.88 (Recon: 2.60, Allele KL: 4.01, Base KL: 7238.14, Functional KL: 0.00
Global Pooled JS: 0.000692
Seed 42, Step 2500: Loss = 20.09 (Recon: 2.30, Allele KL: 3.49, Base KL: 7136.96, Functional KL: 0.00

Top Variants with Coverage Mismatches:
Rank   Variant                        Expected     Observed     Diff       |Div|       
------------------------------------------------------------------------------------------
1      CYP4F2:15990430→P              0.02         0.00         0.02       0.000132    
2      CYP4F2:15990430→G              0.02         0.00         0.02       0.000131    
3      CYP4F2:15990430→N              0.02         0.00         0.02       0.000131    
4      CYP4F2:15990430→M              0.02         0.00         0.02       0.000131    
5      CYP4F2:15990430→A              0.02         0.00         0.02       0.000128    
6      CYP4F2:15990430→T              24.94        26.00        -1.06      0.000109    
7      CYP4F2:15990430→C              25.97        25.00        0.97       0.000090    
New best model with final loss: 21.45

=== Running VAE with seed 123 ===
Global Pooled JS: 0.044969
Seed 123, Step    0: Loss = 296.80 (Recon: 11.86, Allele KL: 0.09, Base KL: 2.58, Functional KL: 0.04
Global Pooled JS: 0.000769
Seed 123, Step  500: Loss = 21.10 (Recon: 2.31, Allele KL: 4.01, Base KL: 7075.76, Functional KL: 0.00
Global Pooled JS: 0.000734
Seed 123, Step 1000: Loss = 20.89 (Recon: 2.31, Allele KL: 4.01, Base KL: 7080.75, Functional KL: 0.00
Global Pooled JS: 0.000904
Seed 123, Step 1500: Loss = 21.94 (Recon: 2.34, Allele KL: 4.01, Base KL: 7090.49, Functional KL: 0.00
Global Pooled JS: 0.000783
Seed 123, Step 2000: Loss = 21.24 (Recon: 2.32, Allele KL: 4.01, Base KL: 7132.95, Functional KL: 0.00
Global Pooled JS: 0.002180
Seed 123, Step 2500: Loss = 29.88 (Recon: 2.61, Allele KL: 4.01, Base KL: 7102.90, Functional KL: 0.00

Top Variants with Coverage Mismatches:
Rank   Variant                        Expected     Observed     Diff       |Div|       
------------------------------------------------------------------------------------------
1      CYP4F2:15990430→A              0.02         0.00         0.02       0.000130    
2      CYP4F2:15990430→N              0.02         0.00         0.02       0.000130    
3      CYP4F2:15990430→G              0.02         0.00         0.02       0.000130    
4      CYP4F2:15990430→M              0.02         0.00         0.02       0.000129    
5      CYP4F2:15990430→P              0.02         0.00         0.02       0.000129    
6      CYP4F2:15990430→T              24.99        26.00        -1.01      0.000098    
7      CYP4F2:15990430→C              25.92        25.00        0.92       0.000081    

=== Running VAE with seed 456 ===
Global Pooled JS: 0.157897
Seed 456, Step    0: Loss = 1013.30 (Recon: 51.57, Allele KL: 0.21, Base KL: 3.21, Functional KL: 0.16
Global Pooled JS: 0.002055
Seed 456, Step  500: Loss = 28.28 (Recon: 2.57, Allele KL: 3.31, Base KL: 6749.77, Functional KL: 0.00
Global Pooled JS: 0.000743
Seed 456, Step 1000: Loss = 20.89 (Recon: 2.31, Allele KL: 4.01, Base KL: 7096.51, Functional KL: 0.00
Global Pooled JS: 0.001455
Seed 456, Step 1500: Loss = 25.27 (Recon: 2.45, Allele KL: 4.01, Base KL: 7000.59, Functional KL: 0.00
Global Pooled JS: 0.000759
Seed 456, Step 2000: Loss = 21.07 (Recon: 2.31, Allele KL: 4.01, Base KL: 7120.31, Functional KL: 0.00
Global Pooled JS: 0.000780
Seed 456, Step 2500: Loss = 20.84 (Recon: 2.32, Allele KL: 3.67, Base KL: 7108.19, Functional KL: 0.00

Top Variants with Coverage Mismatches:
Rank   Variant                        Expected     Observed     Diff       |Div|       
------------------------------------------------------------------------------------------
1      CYP4F2:15990430→G              0.02         0.00         0.02       0.000136    
2      CYP4F2:15990430→M              0.02         0.00         0.02       0.000135    
3      CYP4F2:15990430→P              0.02         0.00         0.02       0.000135    
4      CYP4F2:15990430→N              0.02         0.00         0.02       0.000133    
5      CYP4F2:15990430→A              0.02         0.00         0.02       0.000132    
6      CYP4F2:15990430→T              25.41        26.00        -0.59      0.000033    
7      CYP4F2:15990430→C              25.49        25.00        0.49       0.000023    

=== Multi-Seed VAE Results ===
Best model had seed 42 with final loss: 21.45
All seeds final losses:
  Seed 42: Total=21.45 (Recon=2.35, A_KL=3.20, B_KL=7131.55) <- Best
  Seed 123: Total=26.93 (Recon=2.51, A_KL=3.88, B_KL=7167.92)
  Seed 456: Total=21.72 (Recon=2.34, A_KL=3.68, B_KL=7168.67)
[time] run_vae took 146.58s (2,571.12890625 MB; 2,571.12890625 MB)

[Raw]:
CYP4F2*1: Normalized=0.5087, Unnormalized=0.51
CYP4F2*3: Normalized=0.4913, Unnormalized=0.49

[Alleles]
CYP4F2*1
CYP4F2*3
	Command being timed: "python cyp.py CYP4F2 /project/shared/aldy-data/wgs/NA19095.wgs.cram"
	User time (seconds): 132.72
	System time (seconds): 22.16
	Percent of CPU this job got: 99%
	Elapsed (wall clock) time (h:mm:ss or m:ss): 2:35.65
	Average shared text size (kbytes): 0
	Average unshared data size (kbytes): 0
	Average stack size (kbytes): 0
	Average total size (kbytes): 0
	Maximum resident set size (kbytes): 2632876
	Average resident set size (kbytes): 0
	Major (requiring I/O) page faults: 0
	Minor (reclaiming a frame) page faults: 733141
	Voluntary context switches: 24772
	Involuntary context switches: 4125
	Swaps: 0
	File system inputs: 0
	File system outputs: 40
	Socket messages sent: 0
	Socket messages received: 0
	Signals delivered: 0
	Page size (bytes): 4096
	Exit status: 0
