2026-05-16 21:08:57.817706: I tensorflow/core/util/port.cc:111] oneDNN custom operations are on. You may see slightly different numerical results due to floating-point round-off errors from different computation orders. To turn them off, set the environment variable `TF_ENABLE_ONEDNN_OPTS=0`.
2026-05-16 21:08:57.856422: E tensorflow/compiler/xla/stream_executor/cuda/cuda_dnn.cc:9342] Unable to register cuDNN factory: Attempting to register factory for plugin cuDNN when one has already been registered
2026-05-16 21:08:57.856582: E tensorflow/compiler/xla/stream_executor/cuda/cuda_fft.cc:609] Unable to register cuFFT factory: Attempting to register factory for plugin cuFFT when one has already been registered
2026-05-16 21:08:57.856718: E tensorflow/compiler/xla/stream_executor/cuda/cuda_blas.cc:1518] Unable to register cuBLAS factory: Attempting to register factory for plugin cuBLAS when one has already been registered
2026-05-16 21:08:57.865108: I tensorflow/core/platform/cpu_feature_guard.cc:182] This TensorFlow binary is optimized to use available CPU instructions in performance-critical operations.
To enable the following instructions: AVX2 AVX512F AVX512_VNNI FMA, in other operations, rebuild TensorFlow with the appropriate compiler flags.
AttributeError: 'MessageFactory' object has no attribute 'GetPrototype'
2026-05-16 21:08:59.059914: W tensorflow/compiler/tf2tensorrt/utils/py_utils.cc:38] TF-TRT Warning: Could not find TensorRT
AttributeError: 'MessageFactory' object has no attribute 'GetPrototype'
[info] total indices 14
[info] total variants 14
3.001 was filtered out as 15990430 C>T needs T but not covered
4.1001 was filtered out as 15990430 C>T needs T but not covered
[filter] CYP4F2 1 => 1.001
[filter] CYP4F2 2 => 2.001
[filter] valid_alleles=2
Step 0: Loss=0.0719, CN=[2.0999167]
Step 100: Loss=0.0419, CN=[2.2603211]
Step 200: Loss=0.0419, CN=[2.2596383]
Step 300: Loss=0.0419, CN=[2.2596405]
Step 400: Loss=0.0419, CN=[2.2596407]

=== Fit ===
Region 0: obs=2.310, exp=2.260, diff=+0.050 
Region 1: obs=2.482, exp=2.260, diff=+0.222 
Region 2: obs=2.159, exp=2.260, diff=-0.100 
Region 3: obs=2.535, exp=2.260, diff=+0.275 
Region 4: obs=2.053, exp=2.260, diff=-0.207 
Region 5: obs=2.487, exp=2.260, diff=+0.227 
Region 6: obs=1.831, exp=2.260, diff=-0.428 
Region 7: obs=2.135, exp=2.260, diff=-0.125 
Region 8: obs=2.182, exp=2.260, diff=-0.078 
Region 9: obs=2.032, exp=2.260, diff=-0.228 
Region 10: obs=2.065, exp=2.260, diff=-0.195 
Region 11: obs=2.367, exp=2.260, diff=+0.107 
Region 12: obs=2.619, exp=2.260, diff=+0.360 
Region 13: obs=2.631, exp=2.260, diff=+0.372 
Region 14: obs=2.669, exp=2.260, diff=+0.409 
Region 15: obs=1.655, exp=2.260, diff=-0.604 *
Region 16: obs=2.106, exp=2.260, diff=-0.153 
Region 17: obs=2.508, exp=2.260, diff=+0.248 
Region 18: obs=2.022, exp=2.260, diff=-0.238 
Region 19: obs=2.338, exp=2.260, diff=+0.078 
Region 20: obs=2.348, exp=2.260, diff=+0.088 
Region 21: obs=1.883, exp=2.260, diff=-0.377 
Region 22: obs=1.606, exp=2.260, diff=-0.654 *
Region 23: obs=2.254, exp=2.260, diff=-0.005 
Region 24: obs=2.694, exp=2.260, diff=+0.434 
Region 25: obs=2.465, exp=2.260, diff=+0.205 
Region 26: obs=2.318, exp=2.260, diff=+0.058 

[Gene CN Results]
  CYP4F2: 2.26 → 2.2596404552459717
Using device: cuda

=== Running VAE with seed 42 ===
Global Pooled JS: 0.007672
Seed 42, Step    0: Loss = 64.82 (Recon: 3.20, Allele KL: 0.07, Base KL: 3.16, Functional KL: 0.01
Global Pooled JS: 0.006431
Seed 42, Step  500: Loss = 55.25 (Recon: 3.23, Allele KL: 4.05, Base KL: 6043.90, Functional KL: 0.01
Global Pooled JS: 0.000622
Seed 42, Step 1000: Loss = 18.32 (Recon: 2.18, Allele KL: 3.09, Base KL: 5997.39, Functional KL: 0.00
Global Pooled JS: 0.008962
Seed 42, Step 1500: Loss = 69.77 (Recon: 3.80, Allele KL: 3.08, Base KL: 5921.35, Functional KL: 0.01
Global Pooled JS: 0.002801
Seed 42, Step 2000: Loss = 31.55 (Recon: 2.60, Allele KL: 2.98, Base KL: 5987.71, Functional KL: 0.00
Global Pooled JS: 0.000643
Seed 42, Step 2500: Loss = 19.34 (Recon: 2.19, Allele KL: 3.83, Base KL: 6225.52, Functional KL: 0.00

Top Variants with Coverage Mismatches:
Rank   Variant                        Expected     Observed     Diff       |Div|       
------------------------------------------------------------------------------------------
1      CYP4F2:16008387→T              0.02         0.00         0.02       0.000114    
2      CYP4F2:16008387→P              0.01         0.00         0.01       0.000112    
3      CYP4F2:16008387→G              0.01         0.00         0.01       0.000112    
4      CYP4F2:16008387→N              0.01         0.00         0.01       0.000112    
5      CYP4F2:16008387→M              0.01         0.00         0.01       0.000112    
6      CYP4F2:16008387→A              29.87        30.00        -0.13      0.000001    
7      CYP4F2:16008387→C              16.05        16.00        0.05       0.000000    
New best model with final loss: 18.28

=== Running VAE with seed 123 ===
Global Pooled JS: 0.007663
Seed 123, Step    0: Loss = 64.19 (Recon: 3.33, Allele KL: 0.12, Base KL: 2.26, Functional KL: 0.01
Global Pooled JS: 0.000587
Seed 123, Step  500: Loss = 19.18 (Recon: 2.18, Allele KL: 4.09, Base KL: 6160.00, Functional KL: 0.00
Global Pooled JS: 0.000584
Seed 123, Step 1000: Loss = 18.80 (Recon: 2.18, Allele KL: 3.84, Base KL: 5973.46, Functional KL: 0.00
Global Pooled JS: 0.000727
Seed 123, Step 1500: Loss = 19.18 (Recon: 2.20, Allele KL: 3.26, Base KL: 6070.33, Functional KL: 0.00
Global Pooled JS: 0.000579
Seed 123, Step 2000: Loss = 18.83 (Recon: 2.18, Allele KL: 3.86, Base KL: 6071.48, Functional KL: 0.00
Global Pooled JS: 0.002070
Seed 123, Step 2500: Loss = 28.23 (Recon: 2.46, Allele KL: 4.07, Base KL: 5983.87, Functional KL: 0.00

Top Variants with Coverage Mismatches:
Rank   Variant                        Expected     Observed     Diff       |Div|       
------------------------------------------------------------------------------------------
1      CYP4F2:16008387→C              15.12        16.00        -0.88      0.000136    
2      CYP4F2:16008387→T              0.01         0.00         0.01       0.000113    
3      CYP4F2:16008387→G              0.01         0.00         0.01       0.000111    
4      CYP4F2:16008387→N              0.01         0.00         0.01       0.000111    
5      CYP4F2:16008387→M              0.01         0.00         0.01       0.000110    
6      CYP4F2:16008387→P              0.01         0.00         0.01       0.000110    
7      CYP4F2:16008387→A              30.81        30.00        0.81       0.000058    

=== Running VAE with seed 456 ===
Global Pooled JS: 0.091155
Seed 456, Step    0: Loss = 589.51 (Recon: 27.78, Allele KL: 0.27, Base KL: 3.64, Functional KL: 0.09
Global Pooled JS: 0.000598
Seed 456, Step  500: Loss = 16.83 (Recon: 2.18, Allele KL: 1.77, Base KL: 5897.06, Functional KL: 0.00
Global Pooled JS: 0.000726
Seed 456, Step 1000: Loss = 19.97 (Recon: 2.20, Allele KL: 4.01, Base KL: 6057.36, Functional KL: 0.00
Global Pooled JS: 0.001094
Seed 456, Step 1500: Loss = 21.78 (Recon: 2.27, Allele KL: 3.48, Base KL: 6117.59, Functional KL: 0.00
Global Pooled JS: 0.000590
Seed 456, Step 2000: Loss = 19.12 (Recon: 2.18, Allele KL: 3.94, Base KL: 6183.61, Functional KL: 0.00
Global Pooled JS: 0.000677
Seed 456, Step 2500: Loss = 19.22 (Recon: 2.19, Allele KL: 3.59, Base KL: 6079.03, Functional KL: 0.00

Top Variants with Coverage Mismatches:
Rank   Variant                        Expected     Observed     Diff       |Div|       
------------------------------------------------------------------------------------------
1      CYP4F2:16008387→G              0.01         0.00         0.01       0.000108    
2      CYP4F2:16008387→T              0.01         0.00         0.01       0.000107    
3      CYP4F2:16008387→P              0.01         0.00         0.01       0.000107    
4      CYP4F2:16008387→M              0.01         0.00         0.01       0.000107    
5      CYP4F2:16008387→N              0.01         0.00         0.01       0.000105    
6      CYP4F2:16008387→C              15.29        16.00        -0.71      0.000089    
7      CYP4F2:16008387→A              30.64        30.00        0.64       0.000037    

=== Multi-Seed VAE Results ===
Best model had seed 42 with final loss: 18.28
All seeds final losses:
  Seed 42: Total=18.28 (Recon=2.18, A_KL=3.20, B_KL=5958.50) <- Best
  Seed 123: Total=25.69 (Recon=2.39, A_KL=3.76, B_KL=5992.21)
  Seed 456: Total=19.89 (Recon=2.20, A_KL=3.93, B_KL=6079.88)
[time] run_vae took 155.17s (2,557.99609375 MB; 2,557.99609375 MB)

[Raw]:
CYP4F2*1: Normalized=0.6490, Unnormalized=0.65
CYP4F2*2: Normalized=0.3510, Unnormalized=0.35

[Alleles]
CYP4F2*1
CYP4F2*2
	Command being timed: "python cyp.py CYP4F2 /project/shared/aldy-data/wgs/NA19226.wgs.cram"
	User time (seconds): 138.22
	System time (seconds): 24.89
	Percent of CPU this job got: 99%
	Elapsed (wall clock) time (h:mm:ss or m:ss): 2:44.41
	Average shared text size (kbytes): 0
	Average unshared data size (kbytes): 0
	Average stack size (kbytes): 0
	Average total size (kbytes): 0
	Maximum resident set size (kbytes): 2619428
	Average resident set size (kbytes): 0
	Major (requiring I/O) page faults: 0
	Minor (reclaiming a frame) page faults: 757571
	Voluntary context switches: 22770
	Involuntary context switches: 220
	Swaps: 0
	File system inputs: 0
	File system outputs: 40
	Socket messages sent: 0
	Socket messages received: 0
	Signals delivered: 0
	Page size (bytes): 4096
	Exit status: 0
