2026-05-16 21:08:53.030971: I tensorflow/core/util/port.cc:111] oneDNN custom operations are on. You may see slightly different numerical results due to floating-point round-off errors from different computation orders. To turn them off, set the environment variable `TF_ENABLE_ONEDNN_OPTS=0`.
2026-05-16 21:08:53.069362: E tensorflow/compiler/xla/stream_executor/cuda/cuda_dnn.cc:9342] Unable to register cuDNN factory: Attempting to register factory for plugin cuDNN when one has already been registered
2026-05-16 21:08:53.069533: E tensorflow/compiler/xla/stream_executor/cuda/cuda_fft.cc:609] Unable to register cuFFT factory: Attempting to register factory for plugin cuFFT when one has already been registered
2026-05-16 21:08:53.069673: E tensorflow/compiler/xla/stream_executor/cuda/cuda_blas.cc:1518] Unable to register cuBLAS factory: Attempting to register factory for plugin cuBLAS when one has already been registered
2026-05-16 21:08:53.078398: I tensorflow/core/platform/cpu_feature_guard.cc:182] This TensorFlow binary is optimized to use available CPU instructions in performance-critical operations.
To enable the following instructions: AVX2 AVX512F AVX512_VNNI FMA, in other operations, rebuild TensorFlow with the appropriate compiler flags.
AttributeError: 'MessageFactory' object has no attribute 'GetPrototype'
2026-05-16 21:08:54.167353: W tensorflow/compiler/tf2tensorrt/utils/py_utils.cc:38] TF-TRT Warning: Could not find TensorRT
AttributeError: 'MessageFactory' object has no attribute 'GetPrototype'
[info] total indices 14
[info] total variants 14
2.001 was filtered out as 16008387 A>C needs C but not covered
3.001 was filtered out as 15990430 C>T needs T but not covered
4.1001 was filtered out as 16008387 A>C needs C but not covered
[filter] CYP4F2 1 => 1.001
[filter] valid_alleles=1
Step 0: Loss=0.0293, CN=[1.9000832]
Step 100: Loss=0.0195, CN=[1.8572577]
Step 200: Loss=0.0195, CN=[1.8567404]
Step 300: Loss=0.0195, CN=[1.8567415]
Step 400: Loss=0.0195, CN=[1.8567415]

=== Fit ===
Region 0: obs=1.853, exp=1.857, diff=-0.004 
Region 1: obs=1.813, exp=1.857, diff=-0.044 
Region 2: obs=1.803, exp=1.857, diff=-0.054 
Region 3: obs=2.090, exp=1.857, diff=+0.234 
Region 4: obs=1.837, exp=1.857, diff=-0.020 
Region 5: obs=1.862, exp=1.857, diff=+0.006 
Region 6: obs=1.953, exp=1.857, diff=+0.096 
Region 7: obs=1.676, exp=1.857, diff=-0.181 
Region 8: obs=2.074, exp=1.857, diff=+0.217 
Region 9: obs=1.636, exp=1.857, diff=-0.221 
Region 10: obs=1.418, exp=1.857, diff=-0.439 
Region 11: obs=1.872, exp=1.857, diff=+0.016 
Region 12: obs=1.766, exp=1.857, diff=-0.091 
Region 13: obs=1.716, exp=1.857, diff=-0.141 
Region 14: obs=1.643, exp=1.857, diff=-0.214 
Region 15: obs=1.968, exp=1.857, diff=+0.111 
Region 16: obs=1.834, exp=1.857, diff=-0.023 
Region 17: obs=1.847, exp=1.857, diff=-0.010 
Region 18: obs=1.779, exp=1.857, diff=-0.078 
Region 19: obs=2.528, exp=1.857, diff=+0.671 *
Region 20: obs=2.099, exp=1.857, diff=+0.242 
Region 21: obs=2.102, exp=1.857, diff=+0.246 
Region 22: obs=1.886, exp=1.857, diff=+0.030 
Region 23: obs=1.815, exp=1.857, diff=-0.042 
Region 24: obs=1.813, exp=1.857, diff=-0.044 
Region 25: obs=1.915, exp=1.857, diff=+0.058 
Region 26: obs=1.707, exp=1.857, diff=-0.150 

[Gene CN Results]
  CYP4F2: 1.86 → 1.8567413091659546
Using device: cuda

[Raw]:
CYP4F2*1: Normalized=1.0000, Unnormalized=1.00

[Alleles]
CYP4F2*1
CYP4F2*1
	Command being timed: "python cyp.py CYP4F2 /project/shared/aldy-data/wgs/NA19207.wgs.cram"
	User time (seconds): 7.47
	System time (seconds): 1.68
	Percent of CPU this job got: 97%
	Elapsed (wall clock) time (h:mm:ss or m:ss): 0:09.37
	Average shared text size (kbytes): 0
	Average unshared data size (kbytes): 0
	Average stack size (kbytes): 0
	Average total size (kbytes): 0
	Maximum resident set size (kbytes): 2594672
	Average resident set size (kbytes): 0
	Major (requiring I/O) page faults: 0
	Minor (reclaiming a frame) page faults: 608712
	Voluntary context switches: 3223
	Involuntary context switches: 40
	Swaps: 0
	File system inputs: 0
	File system outputs: 24
	Socket messages sent: 0
	Socket messages received: 0
	Signals delivered: 0
	Page size (bytes): 4096
	Exit status: 0
