2026-05-16 21:11:22.860665: I tensorflow/core/util/port.cc:111] oneDNN custom operations are on. You may see slightly different numerical results due to floating-point round-off errors from different computation orders. To turn them off, set the environment variable `TF_ENABLE_ONEDNN_OPTS=0`.
2026-05-16 21:11:22.896552: E tensorflow/compiler/xla/stream_executor/cuda/cuda_dnn.cc:9342] Unable to register cuDNN factory: Attempting to register factory for plugin cuDNN when one has already been registered
2026-05-16 21:11:22.896709: E tensorflow/compiler/xla/stream_executor/cuda/cuda_fft.cc:609] Unable to register cuFFT factory: Attempting to register factory for plugin cuFFT when one has already been registered
2026-05-16 21:11:22.896842: E tensorflow/compiler/xla/stream_executor/cuda/cuda_blas.cc:1518] Unable to register cuBLAS factory: Attempting to register factory for plugin cuBLAS when one has already been registered
2026-05-16 21:11:22.905213: I tensorflow/core/platform/cpu_feature_guard.cc:182] This TensorFlow binary is optimized to use available CPU instructions in performance-critical operations.
To enable the following instructions: AVX2 AVX512F AVX512_VNNI FMA, in other operations, rebuild TensorFlow with the appropriate compiler flags.
AttributeError: 'MessageFactory' object has no attribute 'GetPrototype'
2026-05-16 21:11:24.125750: W tensorflow/compiler/tf2tensorrt/utils/py_utils.cc:38] TF-TRT Warning: Could not find TensorRT
AttributeError: 'MessageFactory' object has no attribute 'GetPrototype'
[info] total indices 14
[info] total variants 14
2.001 was filtered out as 16008387 A>C needs C but not covered
3.001 was filtered out as 15990430 C>T needs T but not covered
4.1001 was filtered out as 16008387 A>C needs C but not covered
[filter] CYP4F2 1 => 1.001
[filter] valid_alleles=1
Step 0: Loss=0.1914, CN=[2.0999167]
Step 100: Loss=0.0688, CN=[2.5778186]
Step 200: Loss=0.0688, CN=[2.578574]
Step 300: Loss=0.0688, CN=[2.5785716]
Step 400: Loss=0.0688, CN=[2.5785716]

=== Fit ===
Region 0: obs=2.376, exp=2.579, diff=-0.202 
Region 1: obs=2.636, exp=2.579, diff=+0.057 
Region 2: obs=2.391, exp=2.579, diff=-0.187 
Region 3: obs=2.732, exp=2.579, diff=+0.154 
Region 4: obs=2.664, exp=2.579, diff=+0.085 
Region 5: obs=2.543, exp=2.579, diff=-0.036 
Region 6: obs=1.353, exp=2.579, diff=-1.225 *
Region 7: obs=1.666, exp=2.579, diff=-0.913 *
Region 8: obs=2.517, exp=2.579, diff=-0.062 
Region 9: obs=2.883, exp=2.579, diff=+0.304 
Region 10: obs=2.040, exp=2.579, diff=-0.538 *
Region 11: obs=2.130, exp=2.579, diff=-0.449 
Region 12: obs=2.465, exp=2.579, diff=-0.114 
Region 13: obs=2.537, exp=2.579, diff=-0.042 
Region 14: obs=2.937, exp=2.579, diff=+0.359 
Region 15: obs=2.733, exp=2.579, diff=+0.154 
Region 16: obs=2.899, exp=2.579, diff=+0.320 
Region 17: obs=2.664, exp=2.579, diff=+0.085 
Region 18: obs=2.164, exp=2.579, diff=-0.415 
Region 19: obs=2.328, exp=2.579, diff=-0.251 
Region 20: obs=3.207, exp=2.579, diff=+0.629 *
Region 21: obs=2.831, exp=2.579, diff=+0.252 
Region 22: obs=3.030, exp=2.579, diff=+0.451 
Region 23: obs=2.799, exp=2.579, diff=+0.221 
Region 24: obs=2.961, exp=2.579, diff=+0.383 
Region 25: obs=2.436, exp=2.579, diff=-0.142 
Region 26: obs=2.653, exp=2.579, diff=+0.074 

[Gene CN Results]
  CYP4F2: 2.58 → 2.5785715579986572
Using device: cuda

[Raw]:
CYP4F2*1: Normalized=1.0000, Unnormalized=1.00

[Alleles]
CYP4F2*1
CYP4F2*1
	Command being timed: "python cyp.py CYP4F2 /project/shared/aldy-data/wgs/NA20509.wgs.cram"
	User time (seconds): 8.02
	System time (seconds): 1.75
	Percent of CPU this job got: 97%
	Elapsed (wall clock) time (h:mm:ss or m:ss): 0:10.01
	Average shared text size (kbytes): 0
	Average unshared data size (kbytes): 0
	Average stack size (kbytes): 0
	Average total size (kbytes): 0
	Maximum resident set size (kbytes): 2592340
	Average resident set size (kbytes): 0
	Major (requiring I/O) page faults: 0
	Minor (reclaiming a frame) page faults: 632986
	Voluntary context switches: 3227
	Involuntary context switches: 39
	Swaps: 0
	File system inputs: 0
	File system outputs: 32
	Socket messages sent: 0
	Socket messages received: 0
	Signals delivered: 0
	Page size (bytes): 4096
	Exit status: 0
