2026-05-16 00:11:42.876490: I tensorflow/core/util/port.cc:111] oneDNN custom operations are on. You may see slightly different numerical results due to floating-point round-off errors from different computation orders. To turn them off, set the environment variable `TF_ENABLE_ONEDNN_OPTS=0`.
2026-05-16 00:11:42.913916: E tensorflow/compiler/xla/stream_executor/cuda/cuda_dnn.cc:9342] Unable to register cuDNN factory: Attempting to register factory for plugin cuDNN when one has already been registered
2026-05-16 00:11:42.914086: E tensorflow/compiler/xla/stream_executor/cuda/cuda_fft.cc:609] Unable to register cuFFT factory: Attempting to register factory for plugin cuFFT when one has already been registered
2026-05-16 00:11:42.914227: E tensorflow/compiler/xla/stream_executor/cuda/cuda_blas.cc:1518] Unable to register cuBLAS factory: Attempting to register factory for plugin cuBLAS when one has already been registered
2026-05-16 00:11:42.922736: I tensorflow/core/platform/cpu_feature_guard.cc:182] This TensorFlow binary is optimized to use available CPU instructions in performance-critical operations.
To enable the following instructions: AVX2 AVX512F AVX512_VNNI FMA, in other operations, rebuild TensorFlow with the appropriate compiler flags.
AttributeError: 'MessageFactory' object has no attribute 'GetPrototype'
2026-05-16 00:11:44.061611: W tensorflow/compiler/tf2tensorrt/utils/py_utils.cc:38] TF-TRT Warning: Could not find TensorRT
AttributeError: 'MessageFactory' object has no attribute 'GetPrototype'
[info] total indices 497
[info] total variants 497
2.001 was filtered out as 96535123 A>G needs G but not covered
2.004 was filtered out as 96535123 A>G needs G but not covered
2.005 was filtered out as 96535123 A>G needs G but not covered
2.006 was filtered out as 96535123 A>G needs G but not covered
2.007 was filtered out as 96535123 A>G needs G but not covered
2.008 was filtered out as 96535123 A>G needs G but not covered
2.009 was filtered out as 96535123 A>G needs G but not covered
2.011 was filtered out as 96535123 A>G needs G but not covered
2.002 was filtered out as 96535123 A>G needs G but not covered
2.003 was filtered out as 96535123 A>G needs G but not covered
2.010 was filtered out as 96535123 A>G needs G but not covered
3.001 was filtered out as 96540409 G>A needs A but not covered
3.004 was filtered out as 96540409 G>A needs A but not covered
3.002 was filtered out as 96540409 G>A needs A but not covered
3.003 was filtered out as 96540409 G>A needs A but not covered
4.001 was filtered out as 96522462 A>G needs G but not covered
4.002 was filtered out as 96522462 A>G needs G but not covered
5.001 was filtered out as 96602622 A>G needs A but not covered
5.002 was filtered out as 96612494 C>T needs T but not covered
6.001 was filtered out as 96535209 G>A needs A but not covered
7.001 was filtered out as 96602622 A>G needs A but not covered
8.001 was filtered out as 96602622 A>G needs A but not covered
8.002 was filtered out as 96535172 T>C needs C but not covered
9.001 was filtered out as 96535245 G>A needs A but not covered
9.002 was filtered out as 96535245 G>A needs A but not covered
10.001 was filtered out as 96541614 C>T needs T but not covered
11.001 was filtered out as 96535263 G>A needs A but not covered
12.001 was filtered out as 96612670 A>C needs C but not covered
13.001 was filtered out as 96609751 C>T needs T but not covered
13.002 was filtered out as 96609751 C>T needs T but not covered
14.001 was filtered out as 96522511 T>C needs C but not covered
15.001 was filtered out as 96522516 A>C needs C but not covered
15.002 was filtered out as 96522516 A>C needs C but not covered
16.001 was filtered out as 96602622 A>G needs A but not covered
17.001 was filtered out as 96521656 C>T needs T but not covered
18.001 was filtered out as 96602617 G>A needs A but not covered
19.001 was filtered out as 96522612 A>G needs G but not covered
22.001 was filtered out as 96540330 G>C needs C but not covered
23.001 was filtered out as 96534916 G>C needs C but not covered
24.001 was filtered out as 96602635 G>A needs A but not covered
25.001 was filtered out as 96612541 C>G needs G but not covered
26.001 was filtered out as 96541700 G>A needs A but not covered
28.001 was filtered out as 96522516 A>C needs C but not covered
29.001 was filtered out as 96522544 A>T needs T but not covered
30.001 was filtered out as 96602622 A>G needs A but not covered
31.001 was filtered out as 96534877 C>T needs T but not covered
32.001 was filtered out as 96534941 A>G needs G but not covered
33.001 was filtered out as 96540335 G>A needs A but not covered
34.001 was filtered out as 96602622 A>G needs A but not covered
35.001 was filtered out as 96535123 A>G needs G but not covered
35.002 was filtered out as 96535123 A>G needs G but not covered
38.001 was filtered out as 96602622 A>G needs A but not covered
38.002 was filtered out as 96602622 A>G needs A but not covered
38.003 was filtered out as 96602622 A>G needs A but not covered
39.001 was filtered out as 96522516 A>C needs C but not covered
[filter] CYP2C19 1.002 => 1.002; 1.003; 1.004; 1.005; 1.006; 1.007; 1.008; 1.009; 1.010
[filter] valid_alleles=9
Step 0: Loss=0.0617, CN=[1.9000832]
Step 100: Loss=0.0085, CN=[1.6724982]
Step 200: Loss=0.0085, CN=[1.6725985]
Step 300: Loss=0.0085, CN=[1.6725936]
Step 400: Loss=0.0085, CN=[1.6725937]

=== Fit ===
Region 0: obs=1.763, exp=1.673, diff=+0.091 
Region 1: obs=1.441, exp=1.673, diff=-0.232 
Region 2: obs=1.709, exp=1.673, diff=+0.036 
Region 3: obs=1.771, exp=1.673, diff=+0.099 
Region 4: obs=1.712, exp=1.673, diff=+0.039 
Region 5: obs=1.478, exp=1.673, diff=-0.195 
Region 6: obs=1.396, exp=1.673, diff=-0.277 
Region 7: obs=1.723, exp=1.673, diff=+0.050 
Region 8: obs=1.643, exp=1.673, diff=-0.030 
Region 9: obs=1.579, exp=1.673, diff=-0.094 
Region 10: obs=1.775, exp=1.673, diff=+0.103 
Region 11: obs=1.649, exp=1.673, diff=-0.024 
Region 12: obs=1.718, exp=1.673, diff=+0.045 
Region 13: obs=1.712, exp=1.673, diff=+0.040 
Region 14: obs=1.513, exp=1.673, diff=-0.160 
Region 15: obs=1.681, exp=1.673, diff=+0.009 
Region 16: obs=1.570, exp=1.673, diff=-0.103 
Region 17: obs=1.761, exp=1.673, diff=+0.089 
Region 18: obs=1.794, exp=1.673, diff=+0.122 
Region 19: obs=1.918, exp=1.673, diff=+0.246 
Region 20: obs=1.820, exp=1.673, diff=+0.147 

[Gene CN Results]
  CYP2C19: 1.67 → 1.672593593597412
Using device: cuda

=== Running VAE with seed 42 ===
Global Pooled JS: 0.017519
Seed 42, Step    0: Loss = 262.93 (Recon: 223.00, Allele KL: 14.37, Base KL: 454.49, Functional KL: 0.02
Global Pooled JS: 0.012774
Seed 42, Step  500: Loss = 106.25 (Recon: 71.15, Allele KL: 8.37, Base KL: 4232.53, Functional KL: 0.01
Global Pooled JS: 0.011471
Seed 42, Step 1000: Loss = 90.24 (Recon: 54.85, Allele KL: 9.98, Base KL: 4186.15, Functional KL: 0.01
Global Pooled JS: 0.010949
Seed 42, Step 1500: Loss = 83.72 (Recon: 46.09, Allele KL: 12.81, Base KL: 4106.33, Functional KL: 0.01
Global Pooled JS: 0.011081
Seed 42, Step 2000: Loss = 85.95 (Recon: 45.53, Allele KL: 15.64, Base KL: 4090.11, Functional KL: 0.01
Global Pooled JS: 0.010854
Seed 42, Step 2500: Loss = 96.34 (Recon: 45.49, Allele KL: 25.90, Base KL: 4270.18, Functional KL: 0.01

Top Variants with Coverage Mismatches:
Rank   Variant                        Expected     Observed     Diff       |Div|       
------------------------------------------------------------------------------------------
1      CYP2C19:96602622→T             0.22         0.00         0.22       0.001830    
2      CYP2C19:96602622→M             0.22         0.00         0.22       0.001829    
3      CYP2C19:96602622→P             0.22         0.00         0.22       0.001820    
4      CYP2C19:96602622→A             0.22         0.00         0.22       0.001784    
5      CYP2C19:96602622→N             0.22         0.00         0.22       0.001783    
6      CYP2C19:96602622→C             0.22         0.00         0.22       0.001779    
7      CYP2C19:96602622→G             41.22        35.00        6.22       0.000124    
New best model with final loss: 89.34

=== Running VAE with seed 123 ===
Global Pooled JS: 0.017150
Seed 123, Step    0: Loss = 334.55 (Recon: 302.80, Allele KL: 5.76, Base KL: 684.64, Functional KL: 0.02
Global Pooled JS: 0.010884
Seed 123, Step  500: Loss = 86.72 (Recon: 47.39, Allele KL: 14.23, Base KL: 4200.82, Functional KL: 0.01
Global Pooled JS: 0.011498
Seed 123, Step 1000: Loss = 88.31 (Recon: 52.47, Allele KL: 10.30, Base KL: 4173.63, Functional KL: 0.01
Global Pooled JS: 0.011309
Seed 123, Step 1500: Loss = 88.63 (Recon: 48.81, Allele KL: 14.48, Base KL: 4188.57, Functional KL: 0.01
Global Pooled JS: 0.011465
Seed 123, Step 2000: Loss = 87.47 (Recon: 47.34, Allele KL: 15.05, Base KL: 4219.48, Functional KL: 0.01
Global Pooled JS: 0.010936
Seed 123, Step 2500: Loss = 87.94 (Recon: 46.87, Allele KL: 15.94, Base KL: 4224.95, Functional KL: 0.01

Top Variants with Coverage Mismatches:
Rank   Variant                        Expected     Observed     Diff       |Div|       
------------------------------------------------------------------------------------------
1      CYP2C19:96602622→C             0.23         0.00         0.23       0.001866    
2      CYP2C19:96602622→T             0.23         0.00         0.23       0.001851    
3      CYP2C19:96602622→N             0.23         0.00         0.23       0.001839    
4      CYP2C19:96602622→A             0.23         0.00         0.23       0.001838    
5      CYP2C19:96602622→P             0.23         0.00         0.23       0.001834    
6      CYP2C19:96602622→M             0.22         0.00         0.22       0.001810    
7      CYP2C19:96602622→G             41.19        35.00        6.19       0.000129    

=== Running VAE with seed 456 ===
Global Pooled JS: 0.016718
Seed 456, Step    0: Loss = 481.43 (Recon: 440.46, Allele KL: 16.06, Base KL: 600.82, Functional KL: 0.02
Global Pooled JS: 0.011192
Seed 456, Step  500: Loss = 86.49 (Recon: 47.54, Allele KL: 13.80, Base KL: 4212.44, Functional KL: 0.01
Global Pooled JS: 0.011143
Seed 456, Step 1000: Loss = 88.84 (Recon: 47.41, Allele KL: 16.29, Base KL: 4163.66, Functional KL: 0.01
Global Pooled JS: 0.012118
Seed 456, Step 1500: Loss = 98.62 (Recon: 60.29, Allele KL: 12.25, Base KL: 4182.07, Functional KL: 0.01
Global Pooled JS: 0.011587
Seed 456, Step 2000: Loss = 89.38 (Recon: 55.02, Allele KL: 8.69, Base KL: 4187.26, Functional KL: 0.01
Global Pooled JS: 0.011422
Seed 456, Step 2500: Loss = 92.83 (Recon: 54.53, Allele KL: 12.41, Base KL: 4352.21, Functional KL: 0.01

Top Variants with Coverage Mismatches:
Rank   Variant                        Expected     Observed     Diff       |Div|       
------------------------------------------------------------------------------------------
1      CYP2C19:96602622→M             0.24         0.00         0.24       0.001959    
2      CYP2C19:96602622→C             0.24         0.00         0.24       0.001928    
3      CYP2C19:96602622→P             0.24         0.00         0.24       0.001925    
4      CYP2C19:96602622→T             0.24         0.00         0.24       0.001922    
5      CYP2C19:96602622→A             0.24         0.00         0.24       0.001920    
6      CYP2C19:96602622→N             0.23         0.00         0.23       0.001910    
7      CYP2C19:96602622→G             41.13        35.00        6.13       0.000142    

=== Multi-Seed VAE Results ===
Best model had seed 42 with final loss: 89.34
All seeds final losses:
  Seed 42: Total=89.34 (Recon=51.34, A_KL=12.62, B_KL=4222.69) <- Best
  Seed 123: Total=90.26 (Recon=53.94, A_KL=10.69, B_KL=4270.03)
  Seed 456: Total=95.14 (Recon=55.43, A_KL=14.33, B_KL=4016.71)
[time] run_vae took 197.76s (2,886.953125 MB; 2,886.953125 MB)

[Raw]:
CYP2C19*1: Normalized=1.0000, Unnormalized=1.00

[Alleles]
CYP2C19*1
CYP2C19*1
	Command being timed: "python cyp.py CYP2C19 /project/shared/aldy-data/wgs/NA12006.wgs.cram"
	User time (seconds): 175.88
	System time (seconds): 36.14
	Percent of CPU this job got: 99%
	Elapsed (wall clock) time (h:mm:ss or m:ss): 3:32.79
	Average shared text size (kbytes): 0
	Average unshared data size (kbytes): 0
	Average stack size (kbytes): 0
	Average total size (kbytes): 0
	Maximum resident set size (kbytes): 2956432
	Average resident set size (kbytes): 0
	Major (requiring I/O) page faults: 0
	Minor (reclaiming a frame) page faults: 911543
	Voluntary context switches: 23207
	Involuntary context switches: 196
	Swaps: 0
	File system inputs: 0
	File system outputs: 40
	Socket messages sent: 0
	Socket messages received: 0
	Signals delivered: 0
	Page size (bytes): 4096
	Exit status: 0
