2026-05-16 00:46:52.285086: I tensorflow/core/util/port.cc:111] oneDNN custom operations are on. You may see slightly different numerical results due to floating-point round-off errors from different computation orders. To turn them off, set the environment variable `TF_ENABLE_ONEDNN_OPTS=0`.
2026-05-16 00:46:52.320825: E tensorflow/compiler/xla/stream_executor/cuda/cuda_dnn.cc:9342] Unable to register cuDNN factory: Attempting to register factory for plugin cuDNN when one has already been registered
2026-05-16 00:46:52.320982: E tensorflow/compiler/xla/stream_executor/cuda/cuda_fft.cc:609] Unable to register cuFFT factory: Attempting to register factory for plugin cuFFT when one has already been registered
2026-05-16 00:46:52.321112: E tensorflow/compiler/xla/stream_executor/cuda/cuda_blas.cc:1518] Unable to register cuBLAS factory: Attempting to register factory for plugin cuBLAS when one has already been registered
2026-05-16 00:46:52.328904: I tensorflow/core/platform/cpu_feature_guard.cc:182] This TensorFlow binary is optimized to use available CPU instructions in performance-critical operations.
To enable the following instructions: AVX2 AVX512F AVX512_VNNI FMA, in other operations, rebuild TensorFlow with the appropriate compiler flags.
AttributeError: 'MessageFactory' object has no attribute 'GetPrototype'
2026-05-16 00:46:53.321186: W tensorflow/compiler/tf2tensorrt/utils/py_utils.cc:38] TF-TRT Warning: Could not find TensorRT
AttributeError: 'MessageFactory' object has no attribute 'GetPrototype'
[info] total indices 497
[info] total variants 497
2.001 was filtered out as 96535123 A>G needs G but not covered
2.004 was filtered out as 96535123 A>G needs G but not covered
2.005 was filtered out as 96535123 A>G needs G but not covered
2.006 was filtered out as 96535123 A>G needs G but not covered
2.007 was filtered out as 96535123 A>G needs G but not covered
2.008 was filtered out as 96535123 A>G needs G but not covered
2.009 was filtered out as 96535123 A>G needs G but not covered
2.011 was filtered out as 96535123 A>G needs G but not covered
2.002 was filtered out as 96535123 A>G needs G but not covered
2.003 was filtered out as 96535123 A>G needs G but not covered
2.010 was filtered out as 96535123 A>G needs G but not covered
3.001 was filtered out as 96540409 G>A needs A but not covered
3.004 was filtered out as 96540409 G>A needs A but not covered
3.002 was filtered out as 96540409 G>A needs A but not covered
3.003 was filtered out as 96540409 G>A needs A but not covered
4.001 was filtered out as 96522462 A>G needs G but not covered
4.002 was filtered out as 96522462 A>G needs G but not covered
5.001 was filtered out as 96602622 A>G needs A but not covered
5.002 was filtered out as 96612494 C>T needs T but not covered
6.001 was filtered out as 96535209 G>A needs A but not covered
7.001 was filtered out as 96602622 A>G needs A but not covered
8.001 was filtered out as 96602622 A>G needs A but not covered
8.002 was filtered out as 96535172 T>C needs C but not covered
9.001 was filtered out as 96535245 G>A needs A but not covered
9.002 was filtered out as 96535245 G>A needs A but not covered
10.001 was filtered out as 96541614 C>T needs T but not covered
11.001 was filtered out as 96535263 G>A needs A but not covered
12.001 was filtered out as 96612670 A>C needs C but not covered
13.001 was filtered out as 96609751 C>T needs T but not covered
13.002 was filtered out as 96609751 C>T needs T but not covered
14.001 was filtered out as 96522511 T>C needs C but not covered
15.001 was filtered out as 96522516 A>C needs C but not covered
15.002 was filtered out as 96522516 A>C needs C but not covered
16.001 was filtered out as 96602622 A>G needs A but not covered
17.001 was filtered out as 96521656 C>T needs T but not covered
18.001 was filtered out as 96602617 G>A needs A but not covered
19.001 was filtered out as 96522612 A>G needs G but not covered
22.001 was filtered out as 96540330 G>C needs C but not covered
23.001 was filtered out as 96534916 G>C needs C but not covered
24.001 was filtered out as 96602635 G>A needs A but not covered
25.001 was filtered out as 96612541 C>G needs G but not covered
26.001 was filtered out as 96541700 G>A needs A but not covered
28.001 was filtered out as 96522516 A>C needs C but not covered
29.001 was filtered out as 96522544 A>T needs T but not covered
30.001 was filtered out as 96602622 A>G needs A but not covered
31.001 was filtered out as 96534877 C>T needs T but not covered
32.001 was filtered out as 96534941 A>G needs G but not covered
33.001 was filtered out as 96540335 G>A needs A but not covered
34.001 was filtered out as 96602622 A>G needs A but not covered
35.001 was filtered out as 96535123 A>G needs G but not covered
35.002 was filtered out as 96535123 A>G needs G but not covered
38.001 was filtered out as 96602622 A>G needs A but not covered
38.002 was filtered out as 96602622 A>G needs A but not covered
38.003 was filtered out as 96602622 A>G needs A but not covered
39.001 was filtered out as 96522516 A>C needs C but not covered
[filter] CYP2C19 1.002 => 1.002; 1.003; 1.004; 1.005; 1.006; 1.007; 1.008; 1.009; 1.010
[filter] valid_alleles=9
Step 0: Loss=0.2002, CN=[2.0999167]
Step 100: Loss=0.0307, CN=[2.637401]
Step 200: Loss=0.0307, CN=[2.6390288]
Step 300: Loss=0.0307, CN=[2.6390436]
Step 400: Loss=0.0307, CN=[2.6390436]

=== Fit ===
Region 0: obs=2.634, exp=2.639, diff=-0.005 
Region 1: obs=1.931, exp=2.639, diff=-0.708 *
Region 2: obs=2.738, exp=2.639, diff=+0.099 
Region 3: obs=2.614, exp=2.639, diff=-0.025 
Region 4: obs=2.825, exp=2.639, diff=+0.186 
Region 5: obs=2.447, exp=2.639, diff=-0.192 
Region 6: obs=2.538, exp=2.639, diff=-0.101 
Region 7: obs=2.842, exp=2.639, diff=+0.203 
Region 8: obs=2.763, exp=2.639, diff=+0.124 
Region 9: obs=3.071, exp=2.639, diff=+0.432 
Region 10: obs=2.664, exp=2.639, diff=+0.025 
Region 11: obs=2.540, exp=2.639, diff=-0.099 
Region 12: obs=2.808, exp=2.639, diff=+0.169 
Region 13: obs=2.505, exp=2.639, diff=-0.134 
Region 14: obs=2.171, exp=2.639, diff=-0.468 
Region 15: obs=2.701, exp=2.639, diff=+0.062 
Region 16: obs=2.862, exp=2.639, diff=+0.223 
Region 17: obs=2.391, exp=2.639, diff=-0.248 
Region 18: obs=2.632, exp=2.639, diff=-0.007 
Region 19: obs=2.955, exp=2.639, diff=+0.316 
Region 20: obs=2.580, exp=2.639, diff=-0.059 

[Gene CN Results]
  CYP2C19: 2.64 → 2.6390435695648193
Using device: cuda

=== Running VAE with seed 42 ===
Global Pooled JS: 0.017514
Seed 42, Step    0: Loss = 274.36 (Recon: 233.18, Allele KL: 15.67, Base KL: 452.82, Functional KL: 0.02
Global Pooled JS: 0.012546
Seed 42, Step  500: Loss = 105.35 (Recon: 70.51, Allele KL: 7.92, Base KL: 4483.80, Functional KL: 0.01
Global Pooled JS: 0.010847
Seed 42, Step 1000: Loss = 88.88 (Recon: 45.70, Allele KL: 18.07, Base KL: 4370.76, Functional KL: 0.01
Global Pooled JS: 0.010615
Seed 42, Step 1500: Loss = 80.46 (Recon: 45.06, Allele KL: 10.30, Base KL: 4387.57, Functional KL: 0.01
Global Pooled JS: 0.010798
Seed 42, Step 2000: Loss = 86.23 (Recon: 43.97, Allele KL: 17.28, Base KL: 4327.53, Functional KL: 0.01
Global Pooled JS: 0.010555
Seed 42, Step 2500: Loss = 89.88 (Recon: 44.89, Allele KL: 19.68, Base KL: 4526.28, Functional KL: 0.01

Top Variants with Coverage Mismatches:
Rank   Variant                        Expected     Observed     Diff       |Div|       
------------------------------------------------------------------------------------------
1      CYP2C19:96602622→T             0.24         0.00         0.24       0.001804    
2      CYP2C19:96602622→M             0.23         0.00         0.23       0.001799    
3      CYP2C19:96602622→P             0.23         0.00         0.23       0.001798    
4      CYP2C19:96602622→A             0.23         0.00         0.23       0.001758    
5      CYP2C19:96602622→N             0.23         0.00         0.23       0.001756    
6      CYP2C19:96602622→C             0.23         0.00         0.23       0.001750    
7      CYP2C19:96602622→G             43.79        39.00        4.79       0.000120    
New best model with final loss: 90.36

=== Running VAE with seed 123 ===
Global Pooled JS: 0.016966
Seed 123, Step    0: Loss = 404.61 (Recon: 372.46, Allele KL: 6.33, Base KL: 783.65, Functional KL: 0.02
Global Pooled JS: 0.010594
Seed 123, Step  500: Loss = 85.45 (Recon: 47.06, Allele KL: 12.97, Base KL: 4457.02, Functional KL: 0.01
Global Pooled JS: 0.011055
Seed 123, Step 1000: Loss = 86.60 (Recon: 49.19, Allele KL: 11.79, Base KL: 4430.33, Functional KL: 0.01
Global Pooled JS: 0.011209
Seed 123, Step 1500: Loss = 87.76 (Recon: 49.87, Allele KL: 12.18, Base KL: 4370.52, Functional KL: 0.01
Global Pooled JS: 0.011114
Seed 123, Step 2000: Loss = 88.50 (Recon: 45.06, Allele KL: 18.27, Base KL: 4423.83, Functional KL: 0.01
Global Pooled JS: 0.010580
Seed 123, Step 2500: Loss = 88.19 (Recon: 44.97, Allele KL: 17.93, Base KL: 4461.90, Functional KL: 0.01

Top Variants with Coverage Mismatches:
Rank   Variant                        Expected     Observed     Diff       |Div|       
------------------------------------------------------------------------------------------
1      CYP2C19:96602622→C             0.24         0.00         0.24       0.001808    
2      CYP2C19:96602622→T             0.23         0.00         0.23       0.001793    
3      CYP2C19:96602622→N             0.23         0.00         0.23       0.001786    
4      CYP2C19:96602622→A             0.23         0.00         0.23       0.001783    
5      CYP2C19:96602622→P             0.23         0.00         0.23       0.001779    
6      CYP2C19:96602622→M             0.23         0.00         0.23       0.001754    
7      CYP2C19:96602622→G             43.79        39.00        4.79       0.000121    
New best model with final loss: 89.91

=== Running VAE with seed 456 ===
Global Pooled JS: 0.016734
Seed 456, Step    0: Loss = 514.81 (Recon: 472.42, Allele KL: 17.45, Base KL: 637.82, Functional KL: 0.02
Global Pooled JS: 0.010940
Seed 456, Step  500: Loss = 84.06 (Recon: 46.78, Allele KL: 11.87, Base KL: 4407.89, Functional KL: 0.01
Global Pooled JS: 0.010858
Seed 456, Step 1000: Loss = 87.47 (Recon: 46.24, Allele KL: 15.85, Base KL: 4400.29, Functional KL: 0.01
Global Pooled JS: 0.011806
Seed 456, Step 1500: Loss = 97.31 (Recon: 58.35, Allele KL: 12.69, Base KL: 4438.61, Functional KL: 0.01
Global Pooled JS: 0.011243
Seed 456, Step 2000: Loss = 87.85 (Recon: 52.40, Allele KL: 9.72, Base KL: 4403.80, Functional KL: 0.01
Global Pooled JS: 0.011052
Seed 456, Step 2500: Loss = 89.87 (Recon: 51.71, Allele KL: 12.31, Base KL: 4476.60, Functional KL: 0.01

Top Variants with Coverage Mismatches:
Rank   Variant                        Expected     Observed     Diff       |Div|       
------------------------------------------------------------------------------------------
1      CYP2C19:96602622→M             0.24         0.00         0.24       0.001868    
2      CYP2C19:96602622→P             0.24         0.00         0.24       0.001841    
3      CYP2C19:96602622→C             0.24         0.00         0.24       0.001839    
4      CYP2C19:96602622→T             0.24         0.00         0.24       0.001836    
5      CYP2C19:96602622→A             0.24         0.00         0.24       0.001831    
6      CYP2C19:96602622→N             0.24         0.00         0.24       0.001822    
7      CYP2C19:96602622→G             43.74        39.00        4.74       0.000129    

=== Multi-Seed VAE Results ===
Best model had seed 123 with final loss: 89.91
All seeds final losses:
  Seed 42: Total=90.36 (Recon=53.67, A_KL=10.98, B_KL=4405.10)
  Seed 123: Total=89.91 (Recon=53.30, A_KL=10.72, B_KL=4525.94) <- Best
  Seed 456: Total=94.14 (Recon=52.97, A_KL=15.50, B_KL=4402.00)
[time] run_vae took 123.74s (2,871.08203125 MB; 2,871.08203125 MB)

[Raw]:
CYP2C19*1: Normalized=1.0000, Unnormalized=1.00

[Alleles]
CYP2C19*1
CYP2C19*1
	Command being timed: "python cyp.py CYP2C19 /project/shared/aldy-data/wgs/NA18973.wgs.cram"
	User time (seconds): 119.31
	System time (seconds): 16.90
	Percent of CPU this job got: 99%
	Elapsed (wall clock) time (h:mm:ss or m:ss): 2:17.02
	Average shared text size (kbytes): 0
	Average unshared data size (kbytes): 0
	Average stack size (kbytes): 0
	Average total size (kbytes): 0
	Maximum resident set size (kbytes): 2940008
	Average resident set size (kbytes): 0
	Major (requiring I/O) page faults: 0
	Minor (reclaiming a frame) page faults: 907300
	Voluntary context switches: 22454
	Involuntary context switches: 174
	Swaps: 0
	File system inputs: 0
	File system outputs: 48
	Socket messages sent: 0
	Socket messages received: 0
	Signals delivered: 0
	Page size (bytes): 4096
	Exit status: 0
