2026-05-16 00:25:00.465503: I tensorflow/core/util/port.cc:111] oneDNN custom operations are on. You may see slightly different numerical results due to floating-point round-off errors from different computation orders. To turn them off, set the environment variable `TF_ENABLE_ONEDNN_OPTS=0`.
2026-05-16 00:25:00.503763: E tensorflow/compiler/xla/stream_executor/cuda/cuda_dnn.cc:9342] Unable to register cuDNN factory: Attempting to register factory for plugin cuDNN when one has already been registered
2026-05-16 00:25:00.503844: E tensorflow/compiler/xla/stream_executor/cuda/cuda_fft.cc:609] Unable to register cuFFT factory: Attempting to register factory for plugin cuFFT when one has already been registered
2026-05-16 00:25:00.503898: E tensorflow/compiler/xla/stream_executor/cuda/cuda_blas.cc:1518] Unable to register cuBLAS factory: Attempting to register factory for plugin cuBLAS when one has already been registered
2026-05-16 00:25:00.512420: I tensorflow/core/platform/cpu_feature_guard.cc:182] This TensorFlow binary is optimized to use available CPU instructions in performance-critical operations.
To enable the following instructions: AVX2 AVX512F AVX512_VNNI FMA, in other operations, rebuild TensorFlow with the appropriate compiler flags.
AttributeError: 'MessageFactory' object has no attribute 'GetPrototype'
2026-05-16 00:25:01.530352: W tensorflow/compiler/tf2tensorrt/utils/py_utils.cc:38] TF-TRT Warning: Could not find TensorRT
AttributeError: 'MessageFactory' object has no attribute 'GetPrototype'
[info] total indices 497
[info] total variants 497
2.002 was filtered out as 96534921 G>C needs C but not covered
2.003 was filtered out as 96535295 G>C needs C but not covered
2.010 was filtered out as 96534921 G>C needs C but not covered
3.001 was filtered out as 96540409 G>A needs A but not covered
3.004 was filtered out as 96540409 G>A needs A but not covered
3.002 was filtered out as 96540409 G>A needs A but not covered
3.003 was filtered out as 96540409 G>A needs A but not covered
4.001 was filtered out as 96522462 A>G needs G but not covered
4.002 was filtered out as 96522462 A>G needs G but not covered
5.001 was filtered out as 96602622 A>G needs A but not covered
5.002 was filtered out as 96612494 C>T needs T but not covered
6.001 was filtered out as 96535209 G>A needs A but not covered
7.001 was filtered out as 96602622 A>G needs A but not covered
8.001 was filtered out as 96602622 A>G needs A but not covered
8.002 was filtered out as 96535172 T>C needs C but not covered
9.001 was filtered out as 96535245 G>A needs A but not covered
9.002 was filtered out as 96535245 G>A needs A but not covered
10.001 was filtered out as 96541614 C>T needs T but not covered
11.001 was filtered out as 96535263 G>A needs A but not covered
12.001 was filtered out as 96612670 A>C needs C but not covered
13.001 was filtered out as 96609751 C>T needs T but not covered
13.002 was filtered out as 96609751 C>T needs T but not covered
14.001 was filtered out as 96522511 T>C needs C but not covered
15.001 was filtered out as 96522516 A>C needs C but not covered
15.002 was filtered out as 96522516 A>C needs C but not covered
16.001 was filtered out as 96602622 A>G needs A but not covered
18.001 was filtered out as 96602617 G>A needs A but not covered
19.001 was filtered out as 96522612 A>G needs G but not covered
22.001 was filtered out as 96540330 G>C needs C but not covered
23.001 was filtered out as 96534916 G>C needs C but not covered
24.001 was filtered out as 96602635 G>A needs A but not covered
25.001 was filtered out as 96612541 C>G needs G but not covered
26.001 was filtered out as 96541700 G>A needs A but not covered
28.001 was filtered out as 96522516 A>C needs C but not covered
29.001 was filtered out as 96522544 A>T needs T but not covered
30.001 was filtered out as 96602622 A>G needs A but not covered
31.001 was filtered out as 96534877 C>T needs T but not covered
32.001 was filtered out as 96534941 A>G needs G but not covered
33.001 was filtered out as 96540335 G>A needs A but not covered
34.001 was filtered out as 96602622 A>G needs A but not covered
35.002 was filtered out as 96522516 A>C needs C but not covered
38.001 was filtered out as 96602622 A>G needs A but not covered
38.002 was filtered out as 96602622 A>G needs A but not covered
38.003 was filtered out as 96602622 A>G needs A but not covered
39.001 was filtered out as 96522516 A>C needs C but not covered
[filter] CYP2C19 1.002 => 1.002; 1.003; 1.004; 1.005; 1.006; 1.007; 1.008; 1.009; 1.010
[filter] CYP2C19 2.001 => 2.001; 2.004; 2.005; 2.006; 2.007; 2.008; 2.009; 2.011
[filter] CYP2C19 17.001 => 17.001
[filter] CYP2C19 35.001 => 35.001
[filter] valid_alleles=19
Step 0: Loss=0.0630, CN=[2.0999167]
Step 100: Loss=0.0400, CN=[2.2199252]
Step 200: Loss=0.0400, CN=[2.220861]
Step 300: Loss=0.0400, CN=[2.2208662]
Step 400: Loss=0.0400, CN=[2.2208662]

=== Fit ===
Region 0: obs=2.210, exp=2.221, diff=-0.011 
Region 1: obs=1.854, exp=2.221, diff=-0.367 
Region 2: obs=2.160, exp=2.221, diff=-0.060 
Region 3: obs=2.348, exp=2.221, diff=+0.127 
Region 4: obs=1.832, exp=2.221, diff=-0.389 
Region 5: obs=2.095, exp=2.221, diff=-0.126 
Region 6: obs=2.538, exp=2.221, diff=+0.317 
Region 7: obs=2.183, exp=2.221, diff=-0.038 
Region 8: obs=1.706, exp=2.221, diff=-0.515 *
Region 9: obs=2.417, exp=2.221, diff=+0.196 
Region 10: obs=2.990, exp=2.221, diff=+0.769 *
Region 11: obs=2.188, exp=2.221, diff=-0.033 
Region 12: obs=1.851, exp=2.221, diff=-0.370 
Region 13: obs=2.200, exp=2.221, diff=-0.021 
Region 14: obs=2.342, exp=2.221, diff=+0.121 
Region 15: obs=2.422, exp=2.221, diff=+0.201 
Region 16: obs=2.279, exp=2.221, diff=+0.058 
Region 17: obs=1.947, exp=2.221, diff=-0.274 
Region 18: obs=2.478, exp=2.221, diff=+0.257 
Region 19: obs=2.501, exp=2.221, diff=+0.280 
Region 20: obs=2.352, exp=2.221, diff=+0.131 

[Gene CN Results]
  CYP2C19: 2.22 → 2.2208659648895264
Using device: cuda

=== Running VAE with seed 42 ===
Global Pooled JS: 0.099608
Seed 42, Step    0: Loss = 415.09 (Recon: 375.56, Allele KL: 11.98, Base KL: 2708.96, Functional KL: 0.10
Global Pooled JS: 0.012264
Seed 42, Step  500: Loss = 172.64 (Recon: 126.07, Allele KL: 18.02, Base KL: 3757.60, Functional KL: 0.01
Global Pooled JS: 0.009668
Seed 42, Step 1000: Loss = 160.84 (Recon: 113.69, Allele KL: 19.45, Base KL: 3683.81, Functional KL: 0.01
Global Pooled JS: 0.013869
Seed 42, Step 1500: Loss = 168.10 (Recon: 120.17, Allele KL: 19.88, Base KL: 3748.58, Functional KL: 0.01
Global Pooled JS: 0.009484
Seed 42, Step 2000: Loss = 163.39 (Recon: 112.72, Allele KL: 22.77, Base KL: 3858.95, Functional KL: 0.01
Global Pooled JS: 0.021003
Seed 42, Step 2500: Loss = 169.04 (Recon: 123.05, Allele KL: 18.14, Base KL: 3745.09, Functional KL: 0.02

Top Variants with Coverage Mismatches:
Rank   Variant                        Expected     Observed     Diff       |Div|       
------------------------------------------------------------------------------------------
1      CYP2C19:96541615→G             19.80        28.00        -8.20      0.000954    
2      CYP2C19:96602622→G             37.56        48.00        -10.44     0.000546    
3      CYP2C19:96602622→P             0.24         0.00         0.24       0.000542    
4      CYP2C19:96602622→M             0.24         0.00         0.24       0.000540    
5      CYP2C19:96602622→N             0.24         0.00         0.24       0.000537    
6      CYP2C19:96602622→T             0.24         0.00         0.24       0.000534    
7      CYP2C19:96602622→C             0.24         0.00         0.24       0.000527    
8      CYP2C19:96602622→A             0.24         0.00         0.24       0.000526    
9      CYP2C19:96521656→C             20.74        20.00        0.74       0.000353    
10     CYP2C19:96535123→M             0.13         0.00         0.13       0.000298    
11     CYP2C19:96535123→C             0.13         0.00         0.13       0.000291    
12     CYP2C19:96535123→N             0.13         0.00         0.13       0.000289    
13     CYP2C19:96535123→P             0.13         0.00         0.13       0.000288    
14     CYP2C19:96541615→T             0.13         0.00         0.13       0.000283    
15     CYP2C19:96541615→N             0.13         0.00         0.13       0.000282    
16     CYP2C19:96541615→P             0.13         0.00         0.13       0.000281    
17     CYP2C19:96535123→T             0.13         0.00         0.13       0.000278    
18     CYP2C19:96541615→C             0.12         0.00         0.12       0.000277    
19     CYP2C19:96541615→M             0.12         0.00         0.12       0.000269    
20     CYP2C19:96521656→M             0.12         0.00         0.12       0.000266    
21     CYP2C19:96521656→G             0.12         0.00         0.12       0.000266    
22     CYP2C19:96521656→A             0.12         0.00         0.12       0.000262    
23     CYP2C19:96521656→N             0.12         0.00         0.12       0.000258    
24     CYP2C19:96521656→P             0.11         0.00         0.11       0.000254    
25     CYP2C19:96521656→T             17.67        18.00        -0.33      0.000126    
26     CYP2C19:96535123→A             19.68        21.00        -1.32      0.000039    
27     CYP2C19:96535123→G             18.67        20.00        -1.33      0.000031    
28     CYP2C19:96541615→A             18.57        20.00        -1.43      0.000024    
New best model with final loss: 162.98

=== Running VAE with seed 123 ===
Global Pooled JS: 0.039399
Seed 123, Step    0: Loss = 338.76 (Recon: 282.23, Allele KL: 29.33, Base KL: 1703.99, Functional KL: 0.04
Global Pooled JS: 0.010516
Seed 123, Step  500: Loss = 160.90 (Recon: 111.16, Allele KL: 22.23, Base KL: 3712.90, Functional KL: 0.01
Global Pooled JS: 0.009065
Seed 123, Step 1000: Loss = 161.99 (Recon: 109.25, Allele KL: 25.51, Base KL: 3625.76, Functional KL: 0.01
Global Pooled JS: 0.009707
Seed 123, Step 1500: Loss = 162.61 (Recon: 115.55, Allele KL: 19.17, Base KL: 3717.72, Functional KL: 0.01
Global Pooled JS: 0.009202
Seed 123, Step 2000: Loss = 159.06 (Recon: 113.30, Allele KL: 17.85, Base KL: 3757.57, Functional KL: 0.01
Global Pooled JS: 0.009186
Seed 123, Step 2500: Loss = 161.62 (Recon: 112.79, Allele KL: 20.97, Base KL: 3735.83, Functional KL: 0.01

Top Variants with Coverage Mismatches:
Rank   Variant                        Expected     Observed     Diff       |Div|       
------------------------------------------------------------------------------------------
1      CYP2C19:96602622→G             37.54        48.00        -10.46     0.000549    
2      CYP2C19:96602622→P             0.25         0.00         0.25       0.000545    
3      CYP2C19:96602622→M             0.24         0.00         0.24       0.000544    
4      CYP2C19:96602622→T             0.24         0.00         0.24       0.000542    
5      CYP2C19:96602622→A             0.24         0.00         0.24       0.000537    
6      CYP2C19:96602622→N             0.24         0.00         0.24       0.000536    
7      CYP2C19:96602622→C             0.24         0.00         0.24       0.000535    
8      CYP2C19:96521656→T             18.97        18.00        0.97       0.000393    
9      CYP2C19:96541615→G             21.82        28.00        -6.18      0.000338    
10     CYP2C19:96535123→A             21.57        21.00        0.57       0.000323    
11     CYP2C19:96521656→M             0.13         0.00         0.13       0.000279    
12     CYP2C19:96521656→A             0.12         0.00         0.12       0.000276    
13     CYP2C19:96521656→N             0.12         0.00         0.12       0.000272    
14     CYP2C19:96521656→G             0.12         0.00         0.12       0.000270    
15     CYP2C19:96521656→P             0.12         0.00         0.12       0.000269    
16     CYP2C19:96535123→N             0.12         0.00         0.12       0.000265    
17     CYP2C19:96535123→M             0.12         0.00         0.12       0.000258    
18     CYP2C19:96535123→P             0.12         0.00         0.12       0.000258    
19     CYP2C19:96535123→T             0.12         0.00         0.12       0.000256    
20     CYP2C19:96541615→P             0.11         0.00         0.11       0.000255    
21     CYP2C19:96541615→N             0.11         0.00         0.11       0.000254    
22     CYP2C19:96535123→C             0.11         0.00         0.11       0.000252    
23     CYP2C19:96541615→M             0.11         0.00         0.11       0.000251    
24     CYP2C19:96541615→T             0.11         0.00         0.11       0.000250    
25     CYP2C19:96541615→C             0.11         0.00         0.11       0.000248    
26     CYP2C19:96521656→C             19.41        20.00        -0.59      0.000108    
27     CYP2C19:96541615→A             16.62        20.00        -3.38      0.000068    
28     CYP2C19:96535123→G             16.85        20.00        -3.15      0.000044    
New best model with final loss: 162.05

=== Running VAE with seed 456 ===
Global Pooled JS: 0.058074
Seed 456, Step    0: Loss = 367.77 (Recon: 317.72, Allele KL: 20.18, Base KL: 3388.31, Functional KL: 0.06
Global Pooled JS: 0.024904
Seed 456, Step  500: Loss = 176.07 (Recon: 130.78, Allele KL: 17.12, Base KL: 3732.82, Functional KL: 0.02
Global Pooled JS: 0.009289
Seed 456, Step 1000: Loss = 160.11 (Recon: 111.07, Allele KL: 21.40, Base KL: 3792.08, Functional KL: 0.01
Global Pooled JS: 0.013285
Seed 456, Step 1500: Loss = 165.35 (Recon: 116.48, Allele KL: 20.95, Base KL: 3815.73, Functional KL: 0.01
Global Pooled JS: 0.010001
Seed 456, Step 2000: Loss = 161.26 (Recon: 109.58, Allele KL: 24.19, Base KL: 3730.18, Functional KL: 0.01
Global Pooled JS: 0.016794
Seed 456, Step 2500: Loss = 164.33 (Recon: 118.30, Allele KL: 18.23, Base KL: 3762.88, Functional KL: 0.02

Top Variants with Coverage Mismatches:
Rank   Variant                        Expected     Observed     Diff       |Div|       
------------------------------------------------------------------------------------------
1      CYP2C19:96541615→G             20.26        28.00        -7.74      0.000785    
2      CYP2C19:96602622→G             37.57        48.00        -10.43     0.000543    
3      CYP2C19:96602622→T             0.24         0.00         0.24       0.000534    
4      CYP2C19:96602622→N             0.24         0.00         0.24       0.000532    
5      CYP2C19:96602622→M             0.24         0.00         0.24       0.000530    
6      CYP2C19:96602622→P             0.24         0.00         0.24       0.000527    
7      CYP2C19:96602622→C             0.24         0.00         0.24       0.000526    
8      CYP2C19:96602622→A             0.24         0.00         0.24       0.000523    
9      CYP2C19:96521656→C             20.90        20.00        0.90       0.000392    
10     CYP2C19:96535123→N             0.13         0.00         0.13       0.000290    
11     CYP2C19:96535123→M             0.13         0.00         0.13       0.000284    
12     CYP2C19:96535123→C             0.13         0.00         0.13       0.000283    
13     CYP2C19:96541615→N             0.13         0.00         0.13       0.000282    
14     CYP2C19:96535123→P             0.13         0.00         0.13       0.000282    
15     CYP2C19:96541615→T             0.13         0.00         0.13       0.000280    
16     CYP2C19:96541615→P             0.12         0.00         0.12       0.000277    
17     CYP2C19:96541615→M             0.12         0.00         0.12       0.000277    
18     CYP2C19:96535123→T             0.12         0.00         0.12       0.000276    
19     CYP2C19:96541615→C             0.12         0.00         0.12       0.000274    
20     CYP2C19:96521656→N             0.12         0.00         0.12       0.000262    
21     CYP2C19:96521656→A             0.12         0.00         0.12       0.000261    
22     CYP2C19:96521656→P             0.12         0.00         0.12       0.000260    
23     CYP2C19:96521656→G             0.12         0.00         0.12       0.000259    
24     CYP2C19:96521656→M             0.12         0.00         0.12       0.000257    
25     CYP2C19:96521656→T             17.51        18.00        -0.49      0.000103    
26     CYP2C19:96535123→A             20.04        21.00        -0.96      0.000073    
27     CYP2C19:96535123→G             18.32        20.00        -1.68      0.000011    
28     CYP2C19:96541615→A             18.12        20.00        -1.88      0.000004    

=== Multi-Seed VAE Results ===
Best model had seed 123 with final loss: 162.05
All seeds final losses:
  Seed 42: Total=162.98 (Recon=110.94, A_KL=24.47, B_KL=3676.81)
  Seed 123: Total=162.05 (Recon=112.46, A_KL=22.00, B_KL=3752.68) <- Best
  Seed 456: Total=165.68 (Recon=116.46, A_KL=21.33, B_KL=3773.27)
[time] run_vae took 162.15s (2,815.98828125 MB; 2,815.98828125 MB)

[Raw]:
CYP2C19*17: Normalized=0.5055, Unnormalized=0.51
CYP2C19*2: Normalized=0.4436, Unnormalized=0.44

[Alleles]
CYP2C19*17
CYP2C19*2
	Command being timed: "python cyp.py CYP2C19 /project/shared/aldy-data/wgs/NA18518.wgs.cram"
	User time (seconds): 146.88
	System time (seconds): 26.16
	Percent of CPU this job got: 99%
	Elapsed (wall clock) time (h:mm:ss or m:ss): 2:54.49
	Average shared text size (kbytes): 0
	Average unshared data size (kbytes): 0
	Average stack size (kbytes): 0
	Average total size (kbytes): 0
	Maximum resident set size (kbytes): 2883600
	Average resident set size (kbytes): 0
	Major (requiring I/O) page faults: 0
	Minor (reclaiming a frame) page faults: 853713
	Voluntary context switches: 24929
	Involuntary context switches: 4113
	Swaps: 0
	File system inputs: 0
	File system outputs: 56
	Socket messages sent: 0
	Socket messages received: 0
	Signals delivered: 0
	Page size (bytes): 4096
	Exit status: 0
