2026-05-16 01:05:10.468243: I tensorflow/core/util/port.cc:111] oneDNN custom operations are on. You may see slightly different numerical results due to floating-point round-off errors from different computation orders. To turn them off, set the environment variable `TF_ENABLE_ONEDNN_OPTS=0`.
2026-05-16 01:05:10.508233: E tensorflow/compiler/xla/stream_executor/cuda/cuda_dnn.cc:9342] Unable to register cuDNN factory: Attempting to register factory for plugin cuDNN when one has already been registered
2026-05-16 01:05:10.508410: E tensorflow/compiler/xla/stream_executor/cuda/cuda_fft.cc:609] Unable to register cuFFT factory: Attempting to register factory for plugin cuFFT when one has already been registered
2026-05-16 01:05:10.508610: E tensorflow/compiler/xla/stream_executor/cuda/cuda_blas.cc:1518] Unable to register cuBLAS factory: Attempting to register factory for plugin cuBLAS when one has already been registered
2026-05-16 01:05:10.518624: I tensorflow/core/platform/cpu_feature_guard.cc:182] This TensorFlow binary is optimized to use available CPU instructions in performance-critical operations.
To enable the following instructions: AVX2 AVX512F AVX512_VNNI FMA, in other operations, rebuild TensorFlow with the appropriate compiler flags.
AttributeError: 'MessageFactory' object has no attribute 'GetPrototype'
2026-05-16 01:05:27.437459: W tensorflow/compiler/tf2tensorrt/utils/py_utils.cc:38] TF-TRT Warning: Could not find TensorRT
AttributeError: 'MessageFactory' object has no attribute 'GetPrototype'
[info] total indices 497
[info] total variants 497
2.002 was filtered out as 96534921 G>C needs C but not covered
2.003 was filtered out as 96535295 G>C needs C but not covered
2.010 was filtered out as 96534921 G>C needs C but not covered
3.001 was filtered out as 96540409 G>A needs A but not covered
3.004 was filtered out as 96540409 G>A needs A but not covered
3.002 was filtered out as 96540409 G>A needs A but not covered
3.003 was filtered out as 96540409 G>A needs A but not covered
4.001 was filtered out as 96522462 A>G needs G but not covered
4.002 was filtered out as 96522462 A>G needs G but not covered
5.001 was filtered out as 96602622 A>G needs A but not covered
5.002 was filtered out as 96612494 C>T needs T but not covered
6.001 was filtered out as 96535209 G>A needs A but not covered
7.001 was filtered out as 96602622 A>G needs A but not covered
8.001 was filtered out as 96602622 A>G needs A but not covered
8.002 was filtered out as 96535172 T>C needs C but not covered
9.001 was filtered out as 96535245 G>A needs A but not covered
9.002 was filtered out as 96535245 G>A needs A but not covered
10.001 was filtered out as 96541614 C>T needs T but not covered
11.001 was filtered out as 96535263 G>A needs A but not covered
12.001 was filtered out as 96612670 A>C needs C but not covered
13.001 was filtered out as 96609751 C>T needs T but not covered
13.002 was filtered out as 96609751 C>T needs T but not covered
14.001 was filtered out as 96522511 T>C needs C but not covered
15.001 was filtered out as 96522516 A>C needs C but not covered
15.002 was filtered out as 96522516 A>C needs C but not covered
16.001 was filtered out as 96602622 A>G needs A but not covered
18.001 was filtered out as 96602617 G>A needs A but not covered
19.001 was filtered out as 96522612 A>G needs G but not covered
22.001 was filtered out as 96540330 G>C needs C but not covered
23.001 was filtered out as 96534916 G>C needs C but not covered
24.001 was filtered out as 96602635 G>A needs A but not covered
25.001 was filtered out as 96612541 C>G needs G but not covered
26.001 was filtered out as 96541700 G>A needs A but not covered
28.001 was filtered out as 96522516 A>C needs C but not covered
29.001 was filtered out as 96522544 A>T needs T but not covered
30.001 was filtered out as 96602622 A>G needs A but not covered
31.001 was filtered out as 96534877 C>T needs T but not covered
32.001 was filtered out as 96534941 A>G needs G but not covered
33.001 was filtered out as 96540335 G>A needs A but not covered
34.001 was filtered out as 96602622 A>G needs A but not covered
35.002 was filtered out as 96522516 A>C needs C but not covered
38.001 was filtered out as 96602622 A>G needs A but not covered
38.002 was filtered out as 96602622 A>G needs A but not covered
38.003 was filtered out as 96602622 A>G needs A but not covered
39.001 was filtered out as 96522516 A>C needs C but not covered
[filter] CYP2C19 1.002 => 1.002; 1.003; 1.004; 1.005; 1.006; 1.007; 1.008; 1.009; 1.010
[filter] CYP2C19 2.001 => 2.001; 2.004; 2.005; 2.006; 2.007; 2.008; 2.009; 2.011
[filter] CYP2C19 17.001 => 17.001
[filter] CYP2C19 35.001 => 35.001
[filter] valid_alleles=19
Step 0: Loss=0.0413, CN=[1.9000832]
Step 100: Loss=0.0133, CN=[1.7603194]
Step 200: Loss=0.0133, CN=[1.7595413]
Step 300: Loss=0.0133, CN=[1.7595409]
Step 400: Loss=0.0133, CN=[1.7595409]

=== Fit ===
Region 0: obs=1.946, exp=1.760, diff=+0.187 
Region 1: obs=1.549, exp=1.760, diff=-0.210 
Region 2: obs=1.839, exp=1.760, diff=+0.080 
Region 3: obs=1.880, exp=1.760, diff=+0.121 
Region 4: obs=1.924, exp=1.760, diff=+0.164 
Region 5: obs=1.880, exp=1.760, diff=+0.120 
Region 6: obs=1.541, exp=1.760, diff=-0.218 
Region 7: obs=1.952, exp=1.760, diff=+0.192 
Region 8: obs=1.657, exp=1.760, diff=-0.103 
Region 9: obs=1.805, exp=1.760, diff=+0.045 
Region 10: obs=1.842, exp=1.760, diff=+0.082 
Region 11: obs=1.746, exp=1.760, diff=-0.014 
Region 12: obs=1.752, exp=1.760, diff=-0.007 
Region 13: obs=1.766, exp=1.760, diff=+0.007 
Region 14: obs=1.920, exp=1.760, diff=+0.160 
Region 15: obs=1.920, exp=1.760, diff=+0.160 
Region 16: obs=1.547, exp=1.760, diff=-0.213 
Region 17: obs=1.757, exp=1.760, diff=-0.002 
Region 18: obs=1.298, exp=1.760, diff=-0.461 
Region 19: obs=1.724, exp=1.760, diff=-0.036 
Region 20: obs=1.705, exp=1.760, diff=-0.054 

[Gene CN Results]
  CYP2C19: 1.76 → 1.7595409154891968
Using device: cuda

=== Running VAE with seed 42 ===
Global Pooled JS: 0.137809
Seed 42, Step    0: Loss = 601.96 (Recon: 556.44, Allele KL: 16.96, Base KL: 3595.32, Functional KL: 0.14
Global Pooled JS: 0.012553
Seed 42, Step  500: Loss = 185.07 (Recon: 120.21, Allele KL: 36.28, Base KL: 5018.61, Functional KL: 0.01
Global Pooled JS: 0.019948
Seed 42, Step 1000: Loss = 179.96 (Recon: 137.16, Allele KL: 13.56, Base KL: 4795.67, Functional KL: 0.02
Global Pooled JS: 0.015869
Seed 42, Step 1500: Loss = 180.68 (Recon: 131.56, Allele KL: 19.78, Base KL: 5127.07, Functional KL: 0.02
Global Pooled JS: 0.013254
Seed 42, Step 2000: Loss = 177.49 (Recon: 123.07, Allele KL: 25.51, Base KL: 5137.29, Functional KL: 0.01
Global Pooled JS: 0.027172
Seed 42, Step 2500: Loss = 189.83 (Recon: 140.29, Allele KL: 20.46, Base KL: 5377.28, Functional KL: 0.03

Top Variants with Coverage Mismatches:
Rank   Variant                        Expected     Observed     Diff       |Div|       
------------------------------------------------------------------------------------------
1      CYP2C19:96521656→T             18.54        28.00        -9.46      0.002432    
2      CYP2C19:96535123→A             21.07        16.00        5.07       0.000979    
3      CYP2C19:96535123→G             25.44        32.00        -6.56      0.000909    
4      CYP2C19:96541615→A             25.12        20.00        5.12       0.000829    
5      CYP2C19:96602622→P             0.30         0.00         0.30       0.000545    
6      CYP2C19:96602622→M             0.30         0.00         0.30       0.000543    
7      CYP2C19:96602622→N             0.29         0.00         0.29       0.000540    
8      CYP2C19:96602622→T             0.29         0.00         0.29       0.000538    
9      CYP2C19:96602622→C             0.29         0.00         0.29       0.000531    
10     CYP2C19:96602622→A             0.29         0.00         0.29       0.000529    
11     CYP2C19:96541615→T             0.17         0.00         0.17       0.000315    
12     CYP2C19:96541615→N             0.17         0.00         0.17       0.000314    
13     CYP2C19:96541615→P             0.17         0.00         0.17       0.000313    
14     CYP2C19:96541615→C             0.17         0.00         0.17       0.000309    
15     CYP2C19:96541615→M             0.16         0.00         0.16       0.000300    
16     CYP2C19:96535123→M             0.16         0.00         0.16       0.000299    
17     CYP2C19:96535123→C             0.16         0.00         0.16       0.000293    
18     CYP2C19:96535123→N             0.16         0.00         0.16       0.000291    
19     CYP2C19:96535123→P             0.16         0.00         0.16       0.000290    
20     CYP2C19:96535123→T             0.15         0.00         0.15       0.000280    
21     CYP2C19:96521656→M             0.11         0.00         0.11       0.000206    
22     CYP2C19:96521656→G             0.11         0.00         0.11       0.000206    
23     CYP2C19:96521656→A             0.11         0.00         0.11       0.000203    
24     CYP2C19:96521656→N             0.11         0.00         0.11       0.000200    
25     CYP2C19:96521656→P             0.11         0.00         0.11       0.000196    
26     CYP2C19:96521656→C             28.21        27.00        1.21       0.000052    
27     CYP2C19:96541615→G             21.34        22.00        -0.66      0.000006    
28     CYP2C19:96602622→G             45.54        46.00        -0.46      0.000000    
New best model with final loss: 176.57

=== Running VAE with seed 123 ===
Global Pooled JS: 0.072196
Seed 123, Step    0: Loss = 459.09 (Recon: 391.92, Allele KL: 39.03, Base KL: 2632.17, Functional KL: 0.07
Global Pooled JS: 0.014657
Seed 123, Step  500: Loss = 176.61 (Recon: 123.34, Allele KL: 24.63, Base KL: 5086.62, Functional KL: 0.01
Global Pooled JS: 0.012277
Seed 123, Step 1000: Loss = 174.61 (Recon: 120.49, Allele KL: 25.66, Base KL: 4935.01, Functional KL: 0.01
Global Pooled JS: 0.012883
Seed 123, Step 1500: Loss = 174.84 (Recon: 124.16, Allele KL: 21.61, Base KL: 5124.13, Functional KL: 0.01
Global Pooled JS: 0.013628
Seed 123, Step 2000: Loss = 172.65 (Recon: 126.58, Allele KL: 16.74, Base KL: 5115.28, Functional KL: 0.01
Global Pooled JS: 0.013406
Seed 123, Step 2500: Loss = 174.49 (Recon: 123.61, Allele KL: 21.69, Base KL: 5133.85, Functional KL: 0.01

Top Variants with Coverage Mismatches:
Rank   Variant                        Expected     Observed     Diff       |Div|       
------------------------------------------------------------------------------------------
1      CYP2C19:96521656→T             19.23        28.00        -8.77      0.002048    
2      CYP2C19:96535123→A             22.26        16.00        6.26       0.001430    
3      CYP2C19:96535123→G             24.30        32.00        -7.70      0.001297    
4      CYP2C19:96602622→P             0.30         0.00         0.30       0.000549    
5      CYP2C19:96602622→M             0.30         0.00         0.30       0.000548    
6      CYP2C19:96602622→T             0.30         0.00         0.30       0.000545    
7      CYP2C19:96602622→A             0.30         0.00         0.30       0.000541    
8      CYP2C19:96602622→N             0.29         0.00         0.29       0.000538    
9      CYP2C19:96602622→C             0.29         0.00         0.29       0.000538    
10     CYP2C19:96541615→A             23.87        20.00        3.87       0.000498    
11     CYP2C19:96541615→P             0.16         0.00         0.16       0.000301    
12     CYP2C19:96541615→N             0.16         0.00         0.16       0.000300    
13     CYP2C19:96541615→M             0.16         0.00         0.16       0.000297    
14     CYP2C19:96541615→T             0.16         0.00         0.16       0.000295    
15     CYP2C19:96541615→C             0.16         0.00         0.16       0.000293    
16     CYP2C19:96535123→N             0.15         0.00         0.15       0.000283    
17     CYP2C19:96535123→P             0.15         0.00         0.15       0.000275    
18     CYP2C19:96535123→M             0.15         0.00         0.15       0.000275    
19     CYP2C19:96535123→T             0.15         0.00         0.15       0.000273    
20     CYP2C19:96535123→C             0.15         0.00         0.15       0.000269    
21     CYP2C19:96521656→M             0.11         0.00         0.11       0.000209    
22     CYP2C19:96521656→A             0.11         0.00         0.11       0.000208    
23     CYP2C19:96521656→N             0.11         0.00         0.11       0.000204    
24     CYP2C19:96521656→G             0.11         0.00         0.11       0.000203    
25     CYP2C19:96521656→P             0.11         0.00         0.11       0.000202    
26     CYP2C19:96541615→G             22.63        22.00        0.63       0.000021    
27     CYP2C19:96521656→C             27.51        27.00        0.51       0.000014    
28     CYP2C19:96602622→G             45.53        46.00        -0.47      0.000000    
New best model with final loss: 174.60

=== Running VAE with seed 456 ===
Global Pooled JS: 0.086873
Seed 456, Step    0: Loss = 515.52 (Recon: 456.04, Allele KL: 28.42, Base KL: 4589.29, Functional KL: 0.09
Global Pooled JS: 0.023281
Seed 456, Step  500: Loss = 187.67 (Recon: 138.88, Allele KL: 19.62, Base KL: 5089.10, Functional KL: 0.02
Global Pooled JS: 0.012995
Seed 456, Step 1000: Loss = 174.35 (Recon: 120.51, Allele KL: 25.13, Base KL: 5141.04, Functional KL: 0.01
Global Pooled JS: 0.014358
Seed 456, Step 1500: Loss = 177.38 (Recon: 125.88, Allele KL: 22.38, Base KL: 5202.50, Functional KL: 0.01
Global Pooled JS: 0.012460
Seed 456, Step 2000: Loss = 174.94 (Recon: 118.80, Allele KL: 27.34, Base KL: 5259.14, Functional KL: 0.01
Global Pooled JS: 0.016814
Seed 456, Step 2500: Loss = 176.25 (Recon: 126.12, Allele KL: 21.23, Base KL: 5167.22, Functional KL: 0.02

Top Variants with Coverage Mismatches:
Rank   Variant                        Expected     Observed     Diff       |Div|       
------------------------------------------------------------------------------------------
1      CYP2C19:96521656→T             18.66        28.00        -9.34      0.002361    
2      CYP2C19:96535123→A             21.30        16.00        5.30       0.001059    
3      CYP2C19:96535123→G             25.22        32.00        -6.78      0.000976    
4      CYP2C19:96541615→A             24.89        20.00        4.89       0.000764    
5      CYP2C19:96602622→T             0.29         0.00         0.29       0.000536    
6      CYP2C19:96602622→N             0.29         0.00         0.29       0.000535    
7      CYP2C19:96602622→M             0.29         0.00         0.29       0.000532    
8      CYP2C19:96602622→P             0.29         0.00         0.29       0.000528    
9      CYP2C19:96602622→C             0.29         0.00         0.29       0.000527    
10     CYP2C19:96602622→A             0.29         0.00         0.29       0.000525    
11     CYP2C19:96541615→N             0.17         0.00         0.17       0.000318    
12     CYP2C19:96541615→T             0.17         0.00         0.17       0.000316    
13     CYP2C19:96541615→P             0.17         0.00         0.17       0.000313    
14     CYP2C19:96541615→M             0.17         0.00         0.17       0.000312    
15     CYP2C19:96541615→C             0.17         0.00         0.17       0.000309    
16     CYP2C19:96535123→N             0.16         0.00         0.16       0.000295    
17     CYP2C19:96535123→M             0.16         0.00         0.16       0.000289    
18     CYP2C19:96535123→C             0.16         0.00         0.16       0.000287    
19     CYP2C19:96535123→P             0.16         0.00         0.16       0.000287    
20     CYP2C19:96535123→T             0.15         0.00         0.15       0.000281    
21     CYP2C19:96521656→N             0.11         0.00         0.11       0.000207    
22     CYP2C19:96521656→A             0.11         0.00         0.11       0.000206    
23     CYP2C19:96521656→P             0.11         0.00         0.11       0.000205    
24     CYP2C19:96521656→G             0.11         0.00         0.11       0.000204    
25     CYP2C19:96521656→M             0.11         0.00         0.11       0.000203    
26     CYP2C19:96521656→C             28.08        27.00        1.08       0.000043    
27     CYP2C19:96541615→G             21.55        22.00        -0.45      0.000002    
28     CYP2C19:96602622→G             45.57        46.00        -0.43      0.000000    

=== Multi-Seed VAE Results ===
Best model had seed 123 with final loss: 174.60
All seeds final losses:
  Seed 42: Total=176.57 (Recon=125.40, A_KL=22.06, B_KL=5156.85)
  Seed 123: Total=174.60 (Recon=126.22, A_KL=19.15, B_KL=5283.50) <- Best
  Seed 456: Total=177.93 (Recon=126.32, A_KL=22.38, B_KL=5182.63)
[time] run_vae took 144.17s (2,877.02734375 MB; 2,877.02734375 MB)

[Raw]:
CYP2C19*2: Normalized=0.5252, Unnormalized=0.53
CYP2C19*17: Normalized=0.4208, Unnormalized=0.42

[Alleles]
CYP2C19*2
CYP2C19*17
	Command being timed: "python cyp.py CYP2C19 /project/shared/aldy-data/wgs/NA19207.wgs.cram"
	User time (seconds): 140.89
	System time (seconds): 23.91
	Percent of CPU this job got: 76%
	Elapsed (wall clock) time (h:mm:ss or m:ss): 3:34.67
	Average shared text size (kbytes): 0
	Average unshared data size (kbytes): 0
	Average stack size (kbytes): 0
	Average total size (kbytes): 0
	Maximum resident set size (kbytes): 2946348
	Average resident set size (kbytes): 0
	Major (requiring I/O) page faults: 0
	Minor (reclaiming a frame) page faults: 1465276
	Voluntary context switches: 31047
	Involuntary context switches: 3522
	Swaps: 0
	File system inputs: 0
	File system outputs: 72
	Socket messages sent: 0
	Socket messages received: 0
	Signals delivered: 0
	Page size (bytes): 4096
	Exit status: 0
