2026-03-11 04:23:14.084496: I tensorflow/core/util/port.cc:111] oneDNN custom operations are on. You may see slightly different numerical results due to floating-point round-off errors from different computation orders. To turn them off, set the environment variable `TF_ENABLE_ONEDNN_OPTS=0`.
2026-03-11 04:23:14.133056: E tensorflow/compiler/xla/stream_executor/cuda/cuda_dnn.cc:9342] Unable to register cuDNN factory: Attempting to register factory for plugin cuDNN when one has already been registered
2026-03-11 04:23:14.133224: E tensorflow/compiler/xla/stream_executor/cuda/cuda_fft.cc:609] Unable to register cuFFT factory: Attempting to register factory for plugin cuFFT when one has already been registered
2026-03-11 04:23:14.133401: E tensorflow/compiler/xla/stream_executor/cuda/cuda_blas.cc:1518] Unable to register cuBLAS factory: Attempting to register factory for plugin cuBLAS when one has already been registered
2026-03-11 04:23:14.148034: I tensorflow/core/platform/cpu_feature_guard.cc:182] This TensorFlow binary is optimized to use available CPU instructions in performance-critical operations.
To enable the following instructions: AVX2 AVX512F AVX512_VNNI FMA, in other operations, rebuild TensorFlow with the appropriate compiler flags.
AttributeError: 'MessageFactory' object has no attribute 'GetPrototype'
2026-03-11 04:23:15.603365: W tensorflow/compiler/tf2tensorrt/utils/py_utils.cc:38] TF-TRT Warning: Could not find TensorRT
AttributeError: 'MessageFactory' object has no attribute 'GetPrototype'
[info] total indices 749
[info] total variants 749
3.001 was filtered out as 96741052 A>C needs C but not covered
3.002 was filtered out as 96741052 A>C needs C but not covered
4.001 was filtered out as 96741053 T>C needs C but not covered
5.001 was filtered out as 96741057 C>G needs G but not covered
6.001 was filtered out as 96709039 delA needs N but not covered
7.001 was filtered out as 96698493 C>A needs A but not covered
8.001 was filtered out as 96702065 G>A needs A but not covered
8.002 was filtered out as 96702065 G>A needs A but not covered
8.003 was filtered out as 96702065 G>A needs A but not covered
8.004 was filtered out as 96702065 G>A needs A but not covered
8.005 was filtered out as 96702065 G>A needs A but not covered
9.001 was filtered out as 96708973 A>G needs G but not covered
10.001 was filtered out as 96709036 A>G needs G but not covered
11.001 was filtered out as 96740980 C>T needs T but not covered
11.002 was filtered out as 96740980 C>T needs T but not covered
12.001 was filtered out as 96748776 C>T needs T but not covered
13.001 was filtered out as 96701714 T>C needs C but not covered
14.001 was filtered out as 96701990 G>A needs A but not covered
15.001 was filtered out as 96707538 C>A needs A but not covered
16.001 was filtered out as 96731935 A>G needs G but not covered
17.001 was filtered out as 96741121 C>T needs T but not covered
18.001 was filtered out as 96741052 A>C needs C but not covered
19.001 was filtered out as 96748673 G>C needs C but not covered
20.001 was filtered out as 96701653 G>C needs C but not covered
21.001 was filtered out as 96698527 C>T needs T but not covered
22.001 was filtered out as 96698559 A>G needs G but not covered
23.001 was filtered out as 96701671 G>A needs A but not covered
24.001 was filtered out as 96741037 G>A needs A but not covered
25.001 was filtered out as 96701969 delAGAAATGGAA needs N but not covered
26.001 was filtered out as 96702005 C>G needs G but not covered
27.001 was filtered out as 96702065 G>T needs T but not covered
28.001 was filtered out as 96707694 A>T needs T but not covered
29.001 was filtered out as 96731875 C>A needs A but not covered
30.001 was filtered out as 96748740 G>A needs A but not covered
31.001 was filtered out as 96740957 T>C needs C but not covered
32.001 was filtered out as 96748779 G>T needs T but not covered
33.001 was filtered out as 96702011 G>A needs A but not covered
34.001 was filtered out as 96740981 G>A needs A but not covered
35.001 was filtered out as 96701990 G>T needs T but not covered
36.001 was filtered out as 96698439 A>G needs G but not covered
37.001 was filtered out as 96698584 A>G needs G but not covered
38.001 was filtered out as 96701732 G>C needs C but not covered
39.001 was filtered out as 96701738 G>T needs T but not covered
40.001 was filtered out as 96701774 T>C needs C but not covered
41.001 was filtered out as 96701972 A>G needs G but not covered
42.001 was filtered out as 96701987 G>A needs A but not covered
43.001 was filtered out as 96701986 C>T needs T but not covered
44.001 was filtered out as 96702005 C>T needs T but not covered
45.001 was filtered out as 96702010 C>T needs T but not covered
46.001 was filtered out as 96702061 G>A needs A but not covered
47.001 was filtered out as 96707541 C>T needs T but not covered
48.001 was filtered out as 96707673 T>C needs C but not covered
49.001 was filtered out as 96708885 A>G needs G but not covered
50.001 was filtered out as 96708900 C>T needs T but not covered
51.001 was filtered out as 96731890 A>G needs G but not covered
52.001 was filtered out as 96731936 C>G needs G but not covered
53.001 was filtered out as 96731989 C>T needs T but not covered
54.001 was filtered out as 96741006 C>A needs A but not covered
55.001 was filtered out as 96741058 C>A needs A but not covered
56.001 was filtered out as 96745798 A>G needs G but not covered
57.001 was filtered out as 96707663 A>C needs C but not covered
58.001 was filtered out as 96740986 C>A needs A but not covered
59.001 was filtered out as 96748611 A>T needs T but not covered
60.001 was filtered out as 96748711 T>C needs C but not covered
62.001 was filtered out as 96701989 C>T needs T but not covered
63.001 was filtered out as 96702047 G>A needs A but not covered
64.001 was filtered out as 96731879 C>G needs G but not covered
65.001 was filtered out as 96740955 G>T needs T but not covered
66.001 was filtered out as 96741061 C>G needs G but not covered
67.001 was filtered out as 96748608 C>T needs T but not covered
68.001 was filtered out as 96741052 A>C needs C but not covered
69.001 was filtered out as 96707625 A>G needs G but not covered
70.001 was filtered out as 96748636 G>T needs T but not covered
71.001 was filtered out as 96709036 A>G needs G but not covered
72.001 was filtered out as 96702062 C>T needs T but not covered
73.001 was filtered out as 96702064 C>T needs T but not covered
74.001 was filtered out as 96707695 G>T needs T but not covered
75.001 was filtered out as 96745892 A>C needs C but not covered
76.001 was filtered out as 96698556 G>A needs A but not covered
77.001 was filtered out as 96701731 G>A needs A but not covered
78.001 was filtered out as 96701999 T>G needs G but not covered
79.001 was filtered out as 96741014 C>T needs T but not covered
80.001 was filtered out as 96698475 T>G needs G but not covered
81.001 was filtered out as 96731939 A>T needs T but not covered
82.001 was filtered out as 96708901 C>T needs T but not covered
83.001 was filtered out as 96698544 C>T needs T but not covered
84.001 was filtered out as 96745930 G>C needs C but not covered
85.001 was filtered out as 96708919 delT needs N but not covered
[filter] CYP2C9 1.001 => 1.001; 1.002; 1.005; 1.006; 1.007; 1.008; 1.009; 1.010; 1.011; 1.012; 1.013
[filter] CYP2C9 2.001 => 2.001; 2.003; 2.004
[filter] CYP2C9 61.001 => 61.001; 61.002
[filter] valid_alleles=16
CYP2C9:96696874 → A:0, C*:47, G:0, M:0, N:0, P:0, T:0
CYP2C9:96696902 → A:0, C:0, G*:41, M:0, N:0, P:0, T:0
CYP2C9:96697251 → A:0, C:33, G:0, M:0, N:0, P:0, T*:0
CYP2C9:96697343 → A*:24, C:0, G:17, M:0, N:0, P:0, T:0
CYP2C9:96697360 → A:0, C:0, G*:42, M:0, N:0, P:0, T:0
CYP2C9:96697458 → A:0, C:0, G*:45, M:0, N:0, P:0, T:0
CYP2C9:96697660 → A:0, C*:40, G:0, M:0, N:0, P:0, T:0
CYP2C9:96697758 → A:0, C*:48, G:0, M:0, N:0, P:0, T:0
CYP2C9:96697806 → A:0, C:0, G:0, M:0, N:0, P:0, T*:46
CYP2C9:96697819 → A:0, C:0, G*:33, M:0, N:0, P:0, T:17
CYP2C9:96697929 → A:0, C:0, G*:56, M:0, N:0, P:0, T:0
CYP2C9:96697954 → A:29, C:0, G:0, M:0, N:0, P:0, T*:28
CYP2C9:96697955 → A:29, C*:28, G:0, M:0, N:0, P:0, T:0
CYP2C9:96698006 → A:0, C:0, G:0, M:0, N:0, P:0, T*:58
CYP2C9:96698064 → A:0, C:0, G:0, M:0, N:0, P:0, T*:56
CYP2C9:96698410 → A:0, C:0, G*:47, M:0, N:0, P:0, T:0
CYP2C9:96702006 → A:0, C:0, G*:48, M:0, N:0, P:0, T:0
CYP2C9:96702046^ → A:0, C*:22, G:0, M:0, N:0, P:0, T^:23
CYP2C9:96748634 → A:0, C*:58, G:0, M:0, N:0, P:0, T:0
CYP2C9:96748681^ → A*:31, C:0, G^:27, M:0, N:0, P:0, T:0
CYP2C9:96748700 → A:0, C*:53, G:0, M:0, N:0, P:0, T:0
CYP2C9:96748736 → A*:48, C:0, G:0, M:0, N:0, P:0, T:0
CYP2C9:96748892 → A:0, C*:27, G:20, M:0, N:0, P:0, T:0
Step 0: Loss=0.0706, CN=[2.0999167]
Step 100: Loss=0.0331, CN=[2.283787]
Step 200: Loss=0.0331, CN=[2.2841969]
Step 300: Loss=0.0331, CN=[2.284202]
Step 400: Loss=0.0331, CN=[2.2842019]

=== Fit ===
Region 0: obs=2.374, exp=2.284, diff=+0.090 
Region 1: obs=2.071, exp=2.284, diff=-0.214 
Region 2: obs=1.781, exp=2.284, diff=-0.503 *
Region 3: obs=2.222, exp=2.284, diff=-0.062 
Region 4: obs=2.034, exp=2.284, diff=-0.251 
Region 5: obs=2.439, exp=2.284, diff=+0.155 
Region 6: obs=2.129, exp=2.284, diff=-0.155 
Region 7: obs=2.354, exp=2.284, diff=+0.070 
Region 8: obs=1.873, exp=2.284, diff=-0.412 
Region 9: obs=2.638, exp=2.284, diff=+0.354 
Region 10: obs=2.637, exp=2.284, diff=+0.353 
Region 11: obs=2.282, exp=2.284, diff=-0.002 
Region 12: obs=2.228, exp=2.284, diff=-0.056 
Region 13: obs=2.341, exp=2.284, diff=+0.057 
Region 14: obs=2.110, exp=2.284, diff=-0.174 
Region 15: obs=2.357, exp=2.284, diff=+0.073 
Region 16: obs=2.390, exp=2.284, diff=+0.106 
Region 17: obs=2.240, exp=2.284, diff=-0.044 
Region 18: obs=2.410, exp=2.284, diff=+0.126 
Region 19: obs=2.272, exp=2.284, diff=-0.013 
Region 20: obs=3.008, exp=2.284, diff=+0.723 *

[Gene CN Results]
  CYP2C9: 2.28 → 2.2842018604278564
Using device: cuda
num_sparse_entries: 368
max sparse_flat_index: 2575
expected max: 2575

=== Running VAE with seed 42 ===
Global Pooled JS: 0.143357
Seed 42, Step    0: Loss = 620.05 (Recon: 571.78, Allele KL: 20.01, Base KL: 2521.49, Functional KL: 0.14
Global Pooled JS: 0.018640
Seed 42, Step  500: Loss = 216.53 (Recon: 163.28, Allele KL: 24.53, Base KL: 4547.71, Functional KL: 0.02
Global Pooled JS: 0.013381
Seed 42, Step 1000: Loss = 204.95 (Recon: 155.02, Allele KL: 21.54, Base KL: 4467.54, Functional KL: 0.01
Global Pooled JS: 0.033953
Seed 42, Step 1500: Loss = 219.62 (Recon: 170.85, Allele KL: 20.05, Base KL: 4723.18, Functional KL: 0.03
Global Pooled JS: 0.008237
Seed 42, Step 2000: Loss = 206.80 (Recon: 156.71, Allele KL: 21.74, Base KL: 4512.82, Functional KL: 0.01
Global Pooled JS: 0.010386
Seed 42, Step 2500: Loss = 202.84 (Recon: 153.25, Allele KL: 21.28, Base KL: 4236.99, Functional KL: 0.01

Top Variants with Coverage Mismatches:
Rank   Variant                        Expected     Observed     Diff       |Div|       
------------------------------------------------------------------------------------------
1      CYP2C9:96748681→G              18.70        27.00        -8.30      0.002737    
2      CYP2C9:96702046→T              26.19        23.00        3.19       0.001046    
3      CYP2C9:96702046→A              0.19         0.00         0.19       0.000665    
4      CYP2C9:96702046→N              0.19         0.00         0.19       0.000662    
5      CYP2C9:96702046→P              0.18         0.00         0.18       0.000656    
6      CYP2C9:96702046→G              0.18         0.00         0.18       0.000650    
7      CYP2C9:96702046→M              0.18         0.00         0.18       0.000650    
8      CYP2C9:96748681→C              0.12         0.00         0.12       0.000409    
9      CYP2C9:96748681→M              0.11         0.00         0.11       0.000399    
10     CYP2C9:96748681→P              0.11         0.00         0.11       0.000391    
11     CYP2C9:96748681→T              0.11         0.00         0.11       0.000391    
12     CYP2C9:96748681→N              0.11         0.00         0.11       0.000387    
13     CYP2C9:96702046→C              21.63        22.00        -0.37      0.000040    
14     CYP2C9:96748681→A              29.49        31.00        -1.51      0.000001    
New best model with final loss: 204.47

=== Running VAE with seed 123 ===
Global Pooled JS: 0.184421
Seed 123, Step    0: Loss = 825.08 (Recon: 768.03, Allele KL: 29.51, Base KL: 2807.95, Functional KL: 0.18
Global Pooled JS: 0.008818
Seed 123, Step  500: Loss = 204.19 (Recon: 154.26, Allele KL: 21.53, Base KL: 4500.58, Functional KL: 0.01
Global Pooled JS: 0.009801
Seed 123, Step 1000: Loss = 204.08 (Recon: 155.32, Allele KL: 20.17, Base KL: 4395.27, Functional KL: 0.01
Global Pooled JS: 0.014141
Seed 123, Step 1500: Loss = 209.52 (Recon: 160.00, Allele KL: 20.69, Base KL: 4593.39, Functional KL: 0.01
Global Pooled JS: 0.013402
Seed 123, Step 2000: Loss = 206.24 (Recon: 152.09, Allele KL: 26.06, Base KL: 4233.73, Functional KL: 0.01
Global Pooled JS: 0.018882
Seed 123, Step 2500: Loss = 211.62 (Recon: 165.26, Allele KL: 17.33, Base KL: 4639.23, Functional KL: 0.02

Top Variants with Coverage Mismatches:
Rank   Variant                        Expected     Observed     Diff       |Div|       
------------------------------------------------------------------------------------------
1      CYP2C9:96748681→G              17.90        27.00        -9.10      0.003471    
2      CYP2C9:96702046→T              27.38        23.00        4.38       0.001647    
3      CYP2C9:96702046→A              0.20         0.00         0.20       0.000724    
4      CYP2C9:96702046→P              0.20         0.00         0.20       0.000716    
5      CYP2C9:96702046→G              0.20         0.00         0.20       0.000705    
6      CYP2C9:96702046→M              0.20         0.00         0.20       0.000703    
7      CYP2C9:96702046→N              0.20         0.00         0.20       0.000702    
8      CYP2C9:96748681→N              0.11         0.00         0.11       0.000401    
9      CYP2C9:96748681→T              0.11         0.00         0.11       0.000396    
10     CYP2C9:96748681→M              0.11         0.00         0.11       0.000395    
11     CYP2C9:96748681→C              0.11         0.00         0.11       0.000394    
12     CYP2C9:96748681→P              0.11         0.00         0.11       0.000390    
13     CYP2C9:96748681→A              30.28        31.00        -0.72      0.000038    
14     CYP2C9:96702046→C              20.36        22.00        -1.64      0.000013    
New best model with final loss: 200.69

=== Running VAE with seed 456 ===
Global Pooled JS: 0.123900
Seed 456, Step    0: Loss = 490.19 (Recon: 442.07, Allele KL: 18.47, Base KL: 3672.62, Functional KL: 0.12
Global Pooled JS: 0.020459
Seed 456, Step  500: Loss = 212.89 (Recon: 162.51, Allele KL: 21.60, Base KL: 4586.13, Functional KL: 0.02
Global Pooled JS: 0.020370
Seed 456, Step 1000: Loss = 214.31 (Recon: 162.18, Allele KL: 23.93, Base KL: 4455.22, Functional KL: 0.02
Global Pooled JS: 0.013229
Seed 456, Step 1500: Loss = 204.41 (Recon: 157.05, Allele KL: 18.72, Base KL: 4422.72, Functional KL: 0.01
Global Pooled JS: 0.011904
Seed 456, Step 2000: Loss = 203.02 (Recon: 152.03, Allele KL: 22.56, Base KL: 4399.41, Functional KL: 0.01
Global Pooled JS: 0.011735
Seed 456, Step 2500: Loss = 205.08 (Recon: 152.39, Allele KL: 24.10, Base KL: 4655.71, Functional KL: 0.01

Top Variants with Coverage Mismatches:
Rank   Variant                        Expected     Observed     Diff       |Div|       
------------------------------------------------------------------------------------------
1      CYP2C9:96748681→G              19.54        27.00        -7.46      0.002062    
2      CYP2C9:96702046→T              27.81        23.00        4.81       0.001894    
3      CYP2C9:96702046→P              0.20         0.00         0.20       0.000713    
4      CYP2C9:96702046→N              0.20         0.00         0.20       0.000710    
5      CYP2C9:96702046→A              0.20         0.00         0.20       0.000708    
6      CYP2C9:96702046→M              0.20         0.00         0.20       0.000699    
7      CYP2C9:96702046→G              0.19         0.00         0.19       0.000678    
8      CYP2C9:96748681→P              0.12         0.00         0.12       0.000441    
9      CYP2C9:96748681→T              0.12         0.00         0.12       0.000430    
10     CYP2C9:96748681→M              0.12         0.00         0.12       0.000428    
11     CYP2C9:96748681→N              0.12         0.00         0.12       0.000427    
12     CYP2C9:96748681→C              0.12         0.00         0.12       0.000425    
13     CYP2C9:96702046→C              19.94        22.00        -2.06      0.000048    
14     CYP2C9:96748681→A              28.59        31.00        -2.41      0.000025    

=== Multi-Seed VAE Results ===
Best model had seed 123 with final loss: 200.69
All seeds final losses:
  Seed 42: Total=204.47 (Recon=153.36, A_KL=22.38, B_KL=4614.90)
  Seed 123: Total=200.69 (Recon=150.21, A_KL=22.02, B_KL=4615.97) <- Best
  Seed 456: Total=208.94 (Recon=156.81, A_KL=23.43, B_KL=4496.88)

[Raw]:
CYP2C9*1: Normalized=0.4135, Unnormalized=0.41
CYP2C9*61: Normalized=0.3811, Unnormalized=0.38

[Alleles]
CYP2C9*1
CYP2C9*61
	Command being timed: "python /home/qinghuiz/aidy/push/Neretva/neretva/cyp.py CYP2C9 /project/shared/aldy-data/wgs/HG01190.wgs.cram"
	User time (seconds): 151.50
	System time (seconds): 31.89
	Percent of CPU this job got: 99%
	Elapsed (wall clock) time (h:mm:ss or m:ss): 3:04.56
	Average shared text size (kbytes): 0
	Average unshared data size (kbytes): 0
	Average stack size (kbytes): 0
	Average total size (kbytes): 0
	Maximum resident set size (kbytes): 2786768
	Average resident set size (kbytes): 0
	Major (requiring I/O) page faults: 0
	Minor (reclaiming a frame) page faults: 981704
	Voluntary context switches: 25204
	Involuntary context switches: 158
	Swaps: 0
	File system inputs: 0
	File system outputs: 56
	Socket messages sent: 0
	Socket messages received: 0
	Signals delivered: 0
	Page size (bytes): 4096
	Exit status: 0
