2026-03-11 04:23:14.141867: I tensorflow/core/util/port.cc:111] oneDNN custom operations are on. You may see slightly different numerical results due to floating-point round-off errors from different computation orders. To turn them off, set the environment variable `TF_ENABLE_ONEDNN_OPTS=0`.
2026-03-11 04:23:14.180759: E tensorflow/compiler/xla/stream_executor/cuda/cuda_dnn.cc:9342] Unable to register cuDNN factory: Attempting to register factory for plugin cuDNN when one has already been registered
2026-03-11 04:23:14.180858: E tensorflow/compiler/xla/stream_executor/cuda/cuda_fft.cc:609] Unable to register cuFFT factory: Attempting to register factory for plugin cuFFT when one has already been registered
2026-03-11 04:23:14.181009: E tensorflow/compiler/xla/stream_executor/cuda/cuda_blas.cc:1518] Unable to register cuBLAS factory: Attempting to register factory for plugin cuBLAS when one has already been registered
2026-03-11 04:23:14.189524: I tensorflow/core/platform/cpu_feature_guard.cc:182] This TensorFlow binary is optimized to use available CPU instructions in performance-critical operations.
To enable the following instructions: AVX2 AVX512F AVX512_VNNI FMA, in other operations, rebuild TensorFlow with the appropriate compiler flags.
AttributeError: 'MessageFactory' object has no attribute 'GetPrototype'
2026-03-11 04:23:15.368119: W tensorflow/compiler/tf2tensorrt/utils/py_utils.cc:38] TF-TRT Warning: Could not find TensorRT
AttributeError: 'MessageFactory' object has no attribute 'GetPrototype'
[info] total indices 749
[info] total variants 749
2.001 was filtered out as 96702046 C>T needs T but not covered
2.003 was filtered out as 96702046 C>T needs T but not covered
2.004 was filtered out as 96702046 C>T needs T but not covered
3.001 was filtered out as 96741052 A>C needs C but not covered
3.002 was filtered out as 96741052 A>C needs C but not covered
4.001 was filtered out as 96741053 T>C needs C but not covered
5.001 was filtered out as 96741057 C>G needs G but not covered
6.001 was filtered out as 96709039 delA needs N but not covered
7.001 was filtered out as 96698493 C>A needs A but not covered
8.001 was filtered out as 96702065 G>A needs A but not covered
8.002 was filtered out as 96702065 G>A needs A but not covered
8.003 was filtered out as 96702065 G>A needs A but not covered
8.004 was filtered out as 96702065 G>A needs A but not covered
8.005 was filtered out as 96702065 G>A needs A but not covered
9.001 was filtered out as 96708973 A>G needs G but not covered
10.001 was filtered out as 96709036 A>G needs G but not covered
11.001 was filtered out as 96740980 C>T needs T but not covered
11.002 was filtered out as 96740980 C>T needs T but not covered
12.001 was filtered out as 96748776 C>T needs T but not covered
13.001 was filtered out as 96701714 T>C needs C but not covered
14.001 was filtered out as 96701990 G>A needs A but not covered
15.001 was filtered out as 96707538 C>A needs A but not covered
16.001 was filtered out as 96731935 A>G needs G but not covered
17.001 was filtered out as 96741121 C>T needs T but not covered
18.001 was filtered out as 96741052 A>C needs C but not covered
19.001 was filtered out as 96748673 G>C needs C but not covered
20.001 was filtered out as 96701653 G>C needs C but not covered
21.001 was filtered out as 96698527 C>T needs T but not covered
22.001 was filtered out as 96698559 A>G needs G but not covered
23.001 was filtered out as 96701671 G>A needs A but not covered
24.001 was filtered out as 96741037 G>A needs A but not covered
25.001 was filtered out as 96701969 delAGAAATGGAA needs N but not covered
26.001 was filtered out as 96702005 C>G needs G but not covered
27.001 was filtered out as 96702065 G>T needs T but not covered
28.001 was filtered out as 96707694 A>T needs T but not covered
29.001 was filtered out as 96731875 C>A needs A but not covered
30.001 was filtered out as 96748740 G>A needs A but not covered
31.001 was filtered out as 96740957 T>C needs C but not covered
32.001 was filtered out as 96748779 G>T needs T but not covered
33.001 was filtered out as 96702011 G>A needs A but not covered
34.001 was filtered out as 96740981 G>A needs A but not covered
35.001 was filtered out as 96702046 C>T needs T but not covered
36.001 was filtered out as 96698439 A>G needs G but not covered
37.001 was filtered out as 96698584 A>G needs G but not covered
38.001 was filtered out as 96701732 G>C needs C but not covered
39.001 was filtered out as 96701738 G>T needs T but not covered
40.001 was filtered out as 96701774 T>C needs C but not covered
41.001 was filtered out as 96701972 A>G needs G but not covered
42.001 was filtered out as 96701987 G>A needs A but not covered
43.001 was filtered out as 96701986 C>T needs T but not covered
44.001 was filtered out as 96702005 C>T needs T but not covered
45.001 was filtered out as 96702010 C>T needs T but not covered
46.001 was filtered out as 96702061 G>A needs A but not covered
47.001 was filtered out as 96707541 C>T needs T but not covered
48.001 was filtered out as 96707673 T>C needs C but not covered
49.001 was filtered out as 96708885 A>G needs G but not covered
50.001 was filtered out as 96708900 C>T needs T but not covered
51.001 was filtered out as 96731890 A>G needs G but not covered
52.001 was filtered out as 96731936 C>G needs G but not covered
53.001 was filtered out as 96731989 C>T needs T but not covered
54.001 was filtered out as 96741006 C>A needs A but not covered
55.001 was filtered out as 96741058 C>A needs A but not covered
56.001 was filtered out as 96745798 A>G needs G but not covered
57.001 was filtered out as 96707663 A>C needs C but not covered
58.001 was filtered out as 96740986 C>A needs A but not covered
59.001 was filtered out as 96748611 A>T needs T but not covered
60.001 was filtered out as 96748711 T>C needs C but not covered
61.001 was filtered out as 96702046 C>T needs T but not covered
61.002 was filtered out as 96702046 C>T needs T but not covered
62.001 was filtered out as 96701989 C>T needs T but not covered
63.001 was filtered out as 96702047 G>A needs A but not covered
64.001 was filtered out as 96731879 C>G needs G but not covered
65.001 was filtered out as 96740955 G>T needs T but not covered
66.001 was filtered out as 96741061 C>G needs G but not covered
67.001 was filtered out as 96748608 C>T needs T but not covered
68.001 was filtered out as 96741052 A>C needs C but not covered
69.001 was filtered out as 96707625 A>G needs G but not covered
70.001 was filtered out as 96748636 G>T needs T but not covered
71.001 was filtered out as 96709036 A>G needs G but not covered
72.001 was filtered out as 96702062 C>T needs T but not covered
73.001 was filtered out as 96702064 C>T needs T but not covered
74.001 was filtered out as 96707695 G>T needs T but not covered
75.001 was filtered out as 96745892 A>C needs C but not covered
76.001 was filtered out as 96698556 G>A needs A but not covered
77.001 was filtered out as 96701731 G>A needs A but not covered
78.001 was filtered out as 96701999 T>G needs G but not covered
79.001 was filtered out as 96741014 C>T needs T but not covered
80.001 was filtered out as 96698475 T>G needs G but not covered
81.001 was filtered out as 96731939 A>T needs T but not covered
82.001 was filtered out as 96708901 C>T needs T but not covered
83.001 was filtered out as 96698544 C>T needs T but not covered
84.001 was filtered out as 96745930 G>C needs C but not covered
85.001 was filtered out as 96708919 delT needs N but not covered
[filter] CYP2C9 1.001 => 1.001; 1.002; 1.005; 1.006; 1.007; 1.008; 1.009; 1.010; 1.011; 1.012; 1.013
[filter] valid_alleles=11
CYP2C9:96696874 → A:0, C*:51, G:0, M:0, N:0, P:0, T:0
CYP2C9:96696902 → A:0, C:0, G*:56, M:0, N:0, P:0, T:0
CYP2C9:96697251 → A:0, C:0, G:0, M:0, N:0, P:0, T*:49
CYP2C9:96697360 → A:0, C:0, G*:45, M:0, N:0, P:0, T:0
CYP2C9:96697458 → A:0, C:0, G*:48, M:0, N:0, P:0, T:0
CYP2C9:96697660 → A:0, C*:64, G:0, M:0, N:0, P:0, T:0
CYP2C9:96697758 → A:0, C*:58, G:0, M:0, N:0, P:0, T:0
CYP2C9:96697806 → A:0, C:0, G:0, M:0, N:0, P:0, T*:39
CYP2C9:96697929 → A:0, C:0, G*:40, M:0, N:0, P:0, T:0
CYP2C9:96698006 → A:0, C:0, G:0, M:0, N:0, P:0, T*:46
CYP2C9:96698064 → A:0, C:0, G:0, M:0, N:0, P:0, T*:52
CYP2C9:96698410 → A:0, C:0, G*:53, M:0, N:0, P:0, T:0
CYP2C9:96702006 → A:0, C:0, G*:39, M:0, N:0, P:0, T:0
CYP2C9:96748634 → A:0, C*:41, G:0, M:0, N:0, P:0, T:0
CYP2C9:96748700 → A:0, C*:49, G:0, M:0, N:0, P:0, T:0
CYP2C9:96748736 → A*:53, C:0, G:0, M:0, N:0, P:0, T:0
Step 0: Loss=0.3483, CN=[2.0999167]
Step 100: Loss=0.0411, CN=[2.932097]
Step 200: Loss=0.0411, CN=[2.9341629]
Step 300: Loss=0.0411, CN=[2.9341586]
Step 400: Loss=0.0411, CN=[2.9341586]

=== Fit ===
Region 0: obs=3.236, exp=2.934, diff=+0.302 
Region 1: obs=3.024, exp=2.934, diff=+0.090 
Region 2: obs=2.572, exp=2.934, diff=-0.362 
Region 3: obs=2.857, exp=2.934, diff=-0.077 
Region 4: obs=3.031, exp=2.934, diff=+0.097 
Region 5: obs=2.700, exp=2.934, diff=-0.234 
Region 6: obs=2.454, exp=2.934, diff=-0.480 
Region 7: obs=3.027, exp=2.934, diff=+0.093 
Region 8: obs=2.595, exp=2.934, diff=-0.339 
Region 9: obs=2.755, exp=2.934, diff=-0.180 
Region 10: obs=3.385, exp=2.934, diff=+0.451 
Region 11: obs=2.856, exp=2.934, diff=-0.079 
Region 12: obs=2.954, exp=2.934, diff=+0.019 
Region 13: obs=3.053, exp=2.934, diff=+0.119 
Region 14: obs=3.078, exp=2.934, diff=+0.144 
Region 15: obs=2.981, exp=2.934, diff=+0.047 
Region 16: obs=3.268, exp=2.934, diff=+0.334 
Region 17: obs=2.680, exp=2.934, diff=-0.254 
Region 18: obs=3.051, exp=2.934, diff=+0.116 
Region 19: obs=2.626, exp=2.934, diff=-0.308 
Region 20: obs=3.692, exp=2.934, diff=+0.758 *

[Gene CN Results]
  CYP2C9: 2.93 → 2.9341585636138916
Using device: cuda
num_sparse_entries: 176
max sparse_flat_index: 1231
expected max: 1231

=== Running VAE with seed 42 ===
Global Pooled JS: 0.000000
Seed 42, Step    0: Loss = 181.24 (Recon: 143.68, Allele KL: 10.47, Base KL: 1203.65, Functional KL: 0.00
Global Pooled JS: 0.000000
Seed 42, Step  500: Loss = 146.05 (Recon: 106.63, Allele KL: 8.03, Base KL: 6981.44, Functional KL: 0.00
Global Pooled JS: 0.000000
Seed 42, Step 1000: Loss = 122.05 (Recon: 77.99, Allele KL: 14.48, Base KL: 6811.58, Functional KL: 0.00
Global Pooled JS: 0.000000
Seed 42, Step 1500: Loss = 116.59 (Recon: 74.01, Allele KL: 12.76, Base KL: 7171.88, Functional KL: 0.00
Global Pooled JS: 0.000000
Seed 42, Step 2000: Loss = 121.32 (Recon: 72.62, Allele KL: 19.52, Base KL: 6729.12, Functional KL: 0.00
Global Pooled JS: 0.000000
Seed 42, Step 2500: Loss = 122.41 (Recon: 75.20, Allele KL: 17.33, Base KL: 7160.33, Functional KL: 0.00

Top Variants with Coverage Mismatches:
Rank   Variant                        Expected     Observed     Diff       |Div|       
------------------------------------------------------------------------------------------
New best model with final loss: 128.42

=== Running VAE with seed 123 ===
Global Pooled JS: 0.000000
Seed 123, Step    0: Loss = 267.04 (Recon: 221.82, Allele KL: 18.67, Base KL: 1831.38, Functional KL: 0.00
Global Pooled JS: 0.000000
Seed 123, Step  500: Loss = 120.85 (Recon: 75.99, Allele KL: 15.18, Base KL: 6839.18, Functional KL: 0.00
Global Pooled JS: 0.000000
Seed 123, Step 1000: Loss = 122.98 (Recon: 78.42, Allele KL: 14.90, Base KL: 6831.40, Functional KL: 0.00
Global Pooled JS: 0.000000
Seed 123, Step 1500: Loss = 128.54 (Recon: 83.52, Allele KL: 15.07, Base KL: 6780.79, Functional KL: 0.00
Global Pooled JS: 0.000000
Seed 123, Step 2000: Loss = 121.64 (Recon: 74.92, Allele KL: 17.18, Base KL: 6897.26, Functional KL: 0.00
Global Pooled JS: 0.000000
Seed 123, Step 2500: Loss = 121.29 (Recon: 75.00, Allele KL: 16.71, Base KL: 6905.33, Functional KL: 0.00

Top Variants with Coverage Mismatches:
Rank   Variant                        Expected     Observed     Diff       |Div|       
------------------------------------------------------------------------------------------
New best model with final loss: 124.25

=== Running VAE with seed 456 ===
Global Pooled JS: 0.000000
Seed 456, Step    0: Loss = 239.80 (Recon: 191.88, Allele KL: 18.99, Base KL: 1656.05, Functional KL: 0.00
Global Pooled JS: 0.000000
Seed 456, Step  500: Loss = 122.99 (Recon: 81.37, Allele KL: 11.70, Base KL: 6907.52, Functional KL: 0.00
Global Pooled JS: 0.000000
Seed 456, Step 1000: Loss = 123.60 (Recon: 76.83, Allele KL: 17.15, Base KL: 6784.11, Functional KL: 0.00
Global Pooled JS: 0.000000
Seed 456, Step 1500: Loss = 136.20 (Recon: 91.40, Allele KL: 14.22, Base KL: 7016.18, Functional KL: 0.00
Global Pooled JS: 0.000000
Seed 456, Step 2000: Loss = 124.56 (Recon: 84.32, Allele KL: 10.12, Base KL: 6803.15, Functional KL: 0.00
Global Pooled JS: 0.000000
Seed 456, Step 2500: Loss = 126.20 (Recon: 80.85, Allele KL: 15.46, Base KL: 6923.03, Functional KL: 0.00

Top Variants with Coverage Mismatches:
Rank   Variant                        Expected     Observed     Diff       |Div|       
------------------------------------------------------------------------------------------

=== Multi-Seed VAE Results ===
Best model had seed 123 with final loss: 124.25
All seeds final losses:
  Seed 42: Total=128.42 (Recon=86.07, A_KL=12.08, B_KL=6836.92)
  Seed 123: Total=124.25 (Recon=80.99, A_KL=13.19, B_KL=7020.62) <- Best
  Seed 456: Total=129.71 (Recon=82.13, A_KL=17.65, B_KL=6841.19)

[Raw]:
CYP2C9*1: Normalized=1.0000, Unnormalized=1.00

[Alleles]
CYP2C9*1
CYP2C9*1
	Command being timed: "python /home/qinghuiz/aidy/push/Neretva/neretva/cyp.py CYP2C9 /project/shared/aldy-data/wgs/NA07000.wgs.cram"
	User time (seconds): 148.82
	System time (seconds): 33.32
	Percent of CPU this job got: 99%
	Elapsed (wall clock) time (h:mm:ss or m:ss): 3:03.57
	Average shared text size (kbytes): 0
	Average unshared data size (kbytes): 0
	Average stack size (kbytes): 0
	Average total size (kbytes): 0
	Maximum resident set size (kbytes): 2763420
	Average resident set size (kbytes): 0
	Major (requiring I/O) page faults: 0
	Minor (reclaiming a frame) page faults: 880049
	Voluntary context switches: 26228
	Involuntary context switches: 263
	Swaps: 0
	File system inputs: 0
	File system outputs: 48
	Socket messages sent: 0
	Socket messages received: 0
	Signals delivered: 0
	Page size (bytes): 4096
	Exit status: 0
