2026-03-11 04:29:18.195186: I tensorflow/core/util/port.cc:111] oneDNN custom operations are on. You may see slightly different numerical results due to floating-point round-off errors from different computation orders. To turn them off, set the environment variable `TF_ENABLE_ONEDNN_OPTS=0`.
2026-03-11 04:29:18.236862: E tensorflow/compiler/xla/stream_executor/cuda/cuda_dnn.cc:9342] Unable to register cuDNN factory: Attempting to register factory for plugin cuDNN when one has already been registered
2026-03-11 04:29:18.236946: E tensorflow/compiler/xla/stream_executor/cuda/cuda_fft.cc:609] Unable to register cuFFT factory: Attempting to register factory for plugin cuFFT when one has already been registered
2026-03-11 04:29:18.236999: E tensorflow/compiler/xla/stream_executor/cuda/cuda_blas.cc:1518] Unable to register cuBLAS factory: Attempting to register factory for plugin cuBLAS when one has already been registered
2026-03-11 04:29:18.246273: I tensorflow/core/platform/cpu_feature_guard.cc:182] This TensorFlow binary is optimized to use available CPU instructions in performance-critical operations.
To enable the following instructions: AVX2 AVX512F AVX512_VNNI FMA, in other operations, rebuild TensorFlow with the appropriate compiler flags.
AttributeError: 'MessageFactory' object has no attribute 'GetPrototype'
2026-03-11 04:29:19.472146: W tensorflow/compiler/tf2tensorrt/utils/py_utils.cc:38] TF-TRT Warning: Could not find TensorRT
AttributeError: 'MessageFactory' object has no attribute 'GetPrototype'
[info] total indices 749
[info] total variants 749
2.001 was filtered out as 96702046 C>T needs T but not covered
2.003 was filtered out as 96702046 C>T needs T but not covered
2.004 was filtered out as 96702046 C>T needs T but not covered
3.001 was filtered out as 96741052 A>C needs C but not covered
3.002 was filtered out as 96741052 A>C needs C but not covered
4.001 was filtered out as 96741053 T>C needs C but not covered
5.001 was filtered out as 96741057 C>G needs G but not covered
6.001 was filtered out as 96709039 delA needs N but not covered
7.001 was filtered out as 96698493 C>A needs A but not covered
8.001 was filtered out as 96702065 G>A needs A but not covered
8.002 was filtered out as 96702065 G>A needs A but not covered
8.003 was filtered out as 96702065 G>A needs A but not covered
8.004 was filtered out as 96702065 G>A needs A but not covered
8.005 was filtered out as 96702065 G>A needs A but not covered
9.001 was filtered out as 96708973 A>G needs G but not covered
10.001 was filtered out as 96709036 A>G needs G but not covered
11.001 was filtered out as 96740980 C>T needs T but not covered
11.002 was filtered out as 96740980 C>T needs T but not covered
12.001 was filtered out as 96748776 C>T needs T but not covered
13.001 was filtered out as 96701714 T>C needs C but not covered
14.001 was filtered out as 96701990 G>A needs A but not covered
15.001 was filtered out as 96707538 C>A needs A but not covered
16.001 was filtered out as 96731935 A>G needs G but not covered
17.001 was filtered out as 96741121 C>T needs T but not covered
18.001 was filtered out as 96741052 A>C needs C but not covered
19.001 was filtered out as 96748673 G>C needs C but not covered
20.001 was filtered out as 96701653 G>C needs C but not covered
21.001 was filtered out as 96698527 C>T needs T but not covered
22.001 was filtered out as 96698559 A>G needs G but not covered
23.001 was filtered out as 96701671 G>A needs A but not covered
24.001 was filtered out as 96741037 G>A needs A but not covered
25.001 was filtered out as 96701969 delAGAAATGGAA needs N but not covered
26.001 was filtered out as 96702005 C>G needs G but not covered
27.001 was filtered out as 96702065 G>T needs T but not covered
28.001 was filtered out as 96707694 A>T needs T but not covered
29.001 was filtered out as 96731875 C>A needs A but not covered
30.001 was filtered out as 96748740 G>A needs A but not covered
31.001 was filtered out as 96740957 T>C needs C but not covered
32.001 was filtered out as 96748779 G>T needs T but not covered
33.001 was filtered out as 96702011 G>A needs A but not covered
34.001 was filtered out as 96740981 G>A needs A but not covered
35.001 was filtered out as 96702046 C>T needs T but not covered
36.001 was filtered out as 96698439 A>G needs G but not covered
37.001 was filtered out as 96698584 A>G needs G but not covered
38.001 was filtered out as 96701732 G>C needs C but not covered
39.001 was filtered out as 96701738 G>T needs T but not covered
40.001 was filtered out as 96701774 T>C needs C but not covered
41.001 was filtered out as 96701972 A>G needs G but not covered
42.001 was filtered out as 96701987 G>A needs A but not covered
43.001 was filtered out as 96701986 C>T needs T but not covered
44.001 was filtered out as 96702005 C>T needs T but not covered
45.001 was filtered out as 96702010 C>T needs T but not covered
46.001 was filtered out as 96702061 G>A needs A but not covered
47.001 was filtered out as 96707541 C>T needs T but not covered
48.001 was filtered out as 96707673 T>C needs C but not covered
49.001 was filtered out as 96708885 A>G needs G but not covered
50.001 was filtered out as 96708900 C>T needs T but not covered
51.001 was filtered out as 96731890 A>G needs G but not covered
52.001 was filtered out as 96731936 C>G needs G but not covered
53.001 was filtered out as 96731989 C>T needs T but not covered
54.001 was filtered out as 96741006 C>A needs A but not covered
55.001 was filtered out as 96741058 C>A needs A but not covered
56.001 was filtered out as 96745798 A>G needs G but not covered
57.001 was filtered out as 96707663 A>C needs C but not covered
58.001 was filtered out as 96740986 C>A needs A but not covered
59.001 was filtered out as 96748611 A>T needs T but not covered
60.001 was filtered out as 96748711 T>C needs C but not covered
61.001 was filtered out as 96702046 C>T needs T but not covered
61.002 was filtered out as 96702046 C>T needs T but not covered
62.001 was filtered out as 96701989 C>T needs T but not covered
63.001 was filtered out as 96702047 G>A needs A but not covered
64.001 was filtered out as 96731879 C>G needs G but not covered
65.001 was filtered out as 96740955 G>T needs T but not covered
66.001 was filtered out as 96741061 C>G needs G but not covered
67.001 was filtered out as 96748608 C>T needs T but not covered
68.001 was filtered out as 96741052 A>C needs C but not covered
69.001 was filtered out as 96707625 A>G needs G but not covered
70.001 was filtered out as 96748636 G>T needs T but not covered
71.001 was filtered out as 96709036 A>G needs G but not covered
72.001 was filtered out as 96702062 C>T needs T but not covered
73.001 was filtered out as 96702064 C>T needs T but not covered
74.001 was filtered out as 96707695 G>T needs T but not covered
75.001 was filtered out as 96745892 A>C needs C but not covered
76.001 was filtered out as 96698556 G>A needs A but not covered
77.001 was filtered out as 96701731 G>A needs A but not covered
78.001 was filtered out as 96701999 T>G needs G but not covered
79.001 was filtered out as 96741014 C>T needs T but not covered
80.001 was filtered out as 96698475 T>G needs G but not covered
81.001 was filtered out as 96731939 A>T needs T but not covered
82.001 was filtered out as 96708901 C>T needs T but not covered
83.001 was filtered out as 96698544 C>T needs T but not covered
84.001 was filtered out as 96745930 G>C needs C but not covered
85.001 was filtered out as 96708919 delT needs N but not covered
[filter] CYP2C9 1.001 => 1.001; 1.002; 1.005; 1.006; 1.007; 1.008; 1.009; 1.010; 1.011; 1.012; 1.013
[filter] valid_alleles=11
CYP2C9:96696874 → A:0, C*:40, G:0, M:0, N:0, P:0, T:0
CYP2C9:96696902 → A:0, C:0, G*:42, M:0, N:0, P:0, T:0
CYP2C9:96697251 → A:0, C:20, G:0, M:0, N:0, P:0, T*:17
CYP2C9:96697360 → A:0, C:0, G*:41, M:0, N:0, P:0, T:0
CYP2C9:96697458 → A:0, C:0, G*:40, M:0, N:0, P:0, T:0
CYP2C9:96697660 → A:0, C*:48, G:0, M:0, N:0, P:0, T:0
CYP2C9:96697758 → A:0, C*:37, G:0, M:0, N:0, P:0, T:0
CYP2C9:96697806 → A:0, C:0, G:0, M:0, N:0, P:0, T*:50
CYP2C9:96697929 → A:0, C:0, G*:58, M:0, N:0, P:0, T:0
CYP2C9:96698006 → A:0, C:0, G:0, M:0, N:0, P:0, T*:46
CYP2C9:96698064 → A:0, C:0, G:0, M:0, N:0, P:0, T*:45
CYP2C9:96698410 → A:0, C:0, G*:48, M:0, N:0, P:0, T:0
CYP2C9:96702006 → A:0, C:0, G*:51, M:0, N:0, P:0, T:0
CYP2C9:96748634 → A:0, C*:44, G:0, M:0, N:0, P:0, T:0
CYP2C9:96748700 → A:0, C*:41, G:0, M:0, N:0, P:0, T:0
CYP2C9:96748736 → A*:42, C:0, G:0, M:0, N:0, P:0, T:0
Step 0: Loss=0.1145, CN=[2.0999167]
Step 100: Loss=0.0239, CN=[2.4408886]
Step 200: Loss=0.0239, CN=[2.4414828]
Step 300: Loss=0.0239, CN=[2.441493]
Step 400: Loss=0.0239, CN=[2.4414928]

=== Fit ===
Region 0: obs=2.566, exp=2.441, diff=+0.124 
Region 1: obs=2.057, exp=2.441, diff=-0.385 
Region 2: obs=2.600, exp=2.441, diff=+0.158 
Region 3: obs=2.599, exp=2.441, diff=+0.157 
Region 4: obs=2.396, exp=2.441, diff=-0.045 
Region 5: obs=2.436, exp=2.441, diff=-0.006 
Region 6: obs=2.495, exp=2.441, diff=+0.054 
Region 7: obs=2.413, exp=2.441, diff=-0.028 
Region 8: obs=2.472, exp=2.441, diff=+0.031 
Region 9: obs=2.594, exp=2.441, diff=+0.152 
Region 10: obs=2.072, exp=2.441, diff=-0.370 
Region 11: obs=2.400, exp=2.441, diff=-0.042 
Region 12: obs=2.736, exp=2.441, diff=+0.295 
Region 13: obs=2.573, exp=2.441, diff=+0.131 
Region 14: obs=2.279, exp=2.441, diff=-0.163 
Region 15: obs=2.382, exp=2.441, diff=-0.060 
Region 16: obs=2.333, exp=2.441, diff=-0.108 
Region 17: obs=2.460, exp=2.441, diff=+0.019 
Region 18: obs=2.169, exp=2.441, diff=-0.273 
Region 19: obs=2.299, exp=2.441, diff=-0.143 
Region 20: obs=3.073, exp=2.441, diff=+0.632 *

[Gene CN Results]
  CYP2C9: 2.44 → 2.441492795944214
Using device: cuda
num_sparse_entries: 176
max sparse_flat_index: 1231
expected max: 1231

=== Running VAE with seed 42 ===
Global Pooled JS: 0.000000
Seed 42, Step    0: Loss = 201.90 (Recon: 167.07, Allele KL: 7.28, Base KL: 1142.42, Functional KL: 0.00
Global Pooled JS: 0.000000
Seed 42, Step  500: Loss = 129.19 (Recon: 81.91, Allele KL: 19.38, Base KL: 4641.20, Functional KL: 0.00
Global Pooled JS: 0.000000
Seed 42, Step 1000: Loss = 126.31 (Recon: 77.19, Allele KL: 20.79, Base KL: 4695.21, Functional KL: 0.00
Global Pooled JS: 0.000000
Seed 42, Step 1500: Loss = 144.73 (Recon: 100.33, Allele KL: 16.31, Base KL: 4770.50, Functional KL: 0.00
Global Pooled JS: 0.000000
Seed 42, Step 2000: Loss = 129.18 (Recon: 75.75, Allele KL: 25.32, Base KL: 4582.94, Functional KL: 0.00
Global Pooled JS: 0.000000
Seed 42, Step 2500: Loss = 123.30 (Recon: 78.53, Allele KL: 16.48, Base KL: 4556.91, Functional KL: 0.00

Top Variants with Coverage Mismatches:
Rank   Variant                        Expected     Observed     Diff       |Div|       
------------------------------------------------------------------------------------------
New best model with final loss: 128.59

=== Running VAE with seed 123 ===
Global Pooled JS: 0.000000
Seed 123, Step    0: Loss = 320.73 (Recon: 280.36, Allele KL: 14.11, Base KL: 1445.05, Functional KL: 0.00
Global Pooled JS: 0.000000
Seed 123, Step  500: Loss = 124.89 (Recon: 79.23, Allele KL: 16.95, Base KL: 4733.28, Functional KL: 0.00
Global Pooled JS: 0.000000
Seed 123, Step 1000: Loss = 128.58 (Recon: 87.02, Allele KL: 12.73, Base KL: 4704.70, Functional KL: 0.00
Global Pooled JS: 0.000000
Seed 123, Step 1500: Loss = 128.81 (Recon: 81.83, Allele KL: 18.54, Base KL: 4683.81, Functional KL: 0.00
Global Pooled JS: 0.000000
Seed 123, Step 2000: Loss = 125.17 (Recon: 79.14, Allele KL: 17.69, Base KL: 4612.09, Functional KL: 0.00
Global Pooled JS: 0.000000
Seed 123, Step 2500: Loss = 124.55 (Recon: 79.35, Allele KL: 16.58, Base KL: 4763.61, Functional KL: 0.00

Top Variants with Coverage Mismatches:
Rank   Variant                        Expected     Observed     Diff       |Div|       
------------------------------------------------------------------------------------------

=== Running VAE with seed 456 ===
Global Pooled JS: 0.000000
Seed 456, Step    0: Loss = 194.38 (Recon: 151.84, Allele KL: 14.00, Base KL: 1276.61, Functional KL: 0.00
Global Pooled JS: 0.000000
Seed 456, Step  500: Loss = 126.22 (Recon: 80.77, Allele KL: 16.79, Base KL: 4760.39, Functional KL: 0.00
Global Pooled JS: 0.000000
Seed 456, Step 1000: Loss = 125.11 (Recon: 83.77, Allele KL: 12.48, Base KL: 4781.67, Functional KL: 0.00
Global Pooled JS: 0.000000
Seed 456, Step 1500: Loss = 130.10 (Recon: 85.39, Allele KL: 15.99, Base KL: 4734.60, Functional KL: 0.00
Global Pooled JS: 0.000000
Seed 456, Step 2000: Loss = 122.49 (Recon: 77.97, Allele KL: 16.13, Base KL: 4707.00, Functional KL: 0.00
Global Pooled JS: 0.000000
Seed 456, Step 2500: Loss = 129.46 (Recon: 82.24, Allele KL: 18.57, Base KL: 4701.27, Functional KL: 0.00

Top Variants with Coverage Mismatches:
Rank   Variant                        Expected     Observed     Diff       |Div|       
------------------------------------------------------------------------------------------

=== Multi-Seed VAE Results ===
Best model had seed 42 with final loss: 128.59
All seeds final losses:
  Seed 42: Total=128.59 (Recon=84.40, A_KL=15.21, B_KL=4750.13) <- Best
  Seed 123: Total=129.67 (Recon=84.31, A_KL=16.75, B_KL=4544.49)
  Seed 456: Total=132.45 (Recon=89.26, A_KL=14.17, B_KL=4755.89)

[Raw]:
CYP2C9*1: Normalized=1.0000, Unnormalized=1.00

[Alleles]
CYP2C9*1
CYP2C9*1
	Command being timed: "python /home/qinghuiz/aidy/push/Neretva/neretva/cyp.py CYP2C9 /project/shared/aldy-data/wgs/NA10847.wgs.cram"
	User time (seconds): 148.99
	System time (seconds): 31.87
	Percent of CPU this job got: 99%
	Elapsed (wall clock) time (h:mm:ss or m:ss): 3:01.64
	Average shared text size (kbytes): 0
	Average unshared data size (kbytes): 0
	Average stack size (kbytes): 0
	Average total size (kbytes): 0
	Maximum resident set size (kbytes): 2759680
	Average resident set size (kbytes): 0
	Major (requiring I/O) page faults: 0
	Minor (reclaiming a frame) page faults: 788504
	Voluntary context switches: 22926
	Involuntary context switches: 236
	Swaps: 0
	File system inputs: 0
	File system outputs: 48
	Socket messages sent: 0
	Socket messages received: 0
	Signals delivered: 0
	Page size (bytes): 4096
	Exit status: 0
