2026-03-11 04:32:19.818712: I tensorflow/core/util/port.cc:111] oneDNN custom operations are on. You may see slightly different numerical results due to floating-point round-off errors from different computation orders. To turn them off, set the environment variable `TF_ENABLE_ONEDNN_OPTS=0`.
2026-03-11 04:32:19.858244: E tensorflow/compiler/xla/stream_executor/cuda/cuda_dnn.cc:9342] Unable to register cuDNN factory: Attempting to register factory for plugin cuDNN when one has already been registered
2026-03-11 04:32:19.858395: E tensorflow/compiler/xla/stream_executor/cuda/cuda_fft.cc:609] Unable to register cuFFT factory: Attempting to register factory for plugin cuFFT when one has already been registered
2026-03-11 04:32:19.858527: E tensorflow/compiler/xla/stream_executor/cuda/cuda_blas.cc:1518] Unable to register cuBLAS factory: Attempting to register factory for plugin cuBLAS when one has already been registered
2026-03-11 04:32:19.867358: I tensorflow/core/platform/cpu_feature_guard.cc:182] This TensorFlow binary is optimized to use available CPU instructions in performance-critical operations.
To enable the following instructions: AVX2 AVX512F AVX512_VNNI FMA, in other operations, rebuild TensorFlow with the appropriate compiler flags.
AttributeError: 'MessageFactory' object has no attribute 'GetPrototype'
2026-03-11 04:32:21.409262: W tensorflow/compiler/tf2tensorrt/utils/py_utils.cc:38] TF-TRT Warning: Could not find TensorRT
AttributeError: 'MessageFactory' object has no attribute 'GetPrototype'
[info] total indices 749
[info] total variants 749
2.001 was filtered out as 96702046 C>T needs T but not covered
2.003 was filtered out as 96702046 C>T needs T but not covered
2.004 was filtered out as 96702046 C>T needs T but not covered
3.001 was filtered out as 96741052 A>C needs C but not covered
3.002 was filtered out as 96741052 A>C needs C but not covered
4.001 was filtered out as 96741053 T>C needs C but not covered
5.001 was filtered out as 96741057 C>G needs G but not covered
6.001 was filtered out as 96709039 delA needs N but not covered
7.001 was filtered out as 96698493 C>A needs A but not covered
8.001 was filtered out as 96702065 G>A needs A but not covered
8.002 was filtered out as 96702065 G>A needs A but not covered
8.003 was filtered out as 96702065 G>A needs A but not covered
8.004 was filtered out as 96702065 G>A needs A but not covered
8.005 was filtered out as 96702065 G>A needs A but not covered
9.001 was filtered out as 96708973 A>G needs G but not covered
10.001 was filtered out as 96709036 A>G needs G but not covered
11.001 was filtered out as 96740980 C>T needs T but not covered
11.002 was filtered out as 96740980 C>T needs T but not covered
12.001 was filtered out as 96748776 C>T needs T but not covered
13.001 was filtered out as 96701714 T>C needs C but not covered
14.001 was filtered out as 96701990 G>A needs A but not covered
15.001 was filtered out as 96707538 C>A needs A but not covered
16.001 was filtered out as 96731935 A>G needs G but not covered
17.001 was filtered out as 96741121 C>T needs T but not covered
18.001 was filtered out as 96741052 A>C needs C but not covered
19.001 was filtered out as 96748673 G>C needs C but not covered
20.001 was filtered out as 96701653 G>C needs C but not covered
21.001 was filtered out as 96698527 C>T needs T but not covered
22.001 was filtered out as 96698559 A>G needs G but not covered
23.001 was filtered out as 96701671 G>A needs A but not covered
24.001 was filtered out as 96741037 G>A needs A but not covered
25.001 was filtered out as 96701969 delAGAAATGGAA needs N but not covered
26.001 was filtered out as 96702005 C>G needs G but not covered
27.001 was filtered out as 96702065 G>T needs T but not covered
28.001 was filtered out as 96707694 A>T needs T but not covered
29.001 was filtered out as 96731875 C>A needs A but not covered
30.001 was filtered out as 96748740 G>A needs A but not covered
31.001 was filtered out as 96740957 T>C needs C but not covered
32.001 was filtered out as 96748779 G>T needs T but not covered
33.001 was filtered out as 96702011 G>A needs A but not covered
34.001 was filtered out as 96740981 G>A needs A but not covered
35.001 was filtered out as 96702046 C>T needs T but not covered
36.001 was filtered out as 96698439 A>G needs G but not covered
37.001 was filtered out as 96698584 A>G needs G but not covered
38.001 was filtered out as 96701732 G>C needs C but not covered
39.001 was filtered out as 96701738 G>T needs T but not covered
40.001 was filtered out as 96701774 T>C needs C but not covered
41.001 was filtered out as 96701972 A>G needs G but not covered
42.001 was filtered out as 96701987 G>A needs A but not covered
43.001 was filtered out as 96701986 C>T needs T but not covered
44.001 was filtered out as 96702005 C>T needs T but not covered
45.001 was filtered out as 96702010 C>T needs T but not covered
46.001 was filtered out as 96702061 G>A needs A but not covered
47.001 was filtered out as 96707541 C>T needs T but not covered
48.001 was filtered out as 96707673 T>C needs C but not covered
49.001 was filtered out as 96708885 A>G needs G but not covered
50.001 was filtered out as 96708900 C>T needs T but not covered
51.001 was filtered out as 96731890 A>G needs G but not covered
52.001 was filtered out as 96731936 C>G needs G but not covered
53.001 was filtered out as 96731989 C>T needs T but not covered
54.001 was filtered out as 96741006 C>A needs A but not covered
55.001 was filtered out as 96741058 C>A needs A but not covered
56.001 was filtered out as 96745798 A>G needs G but not covered
57.001 was filtered out as 96707663 A>C needs C but not covered
58.001 was filtered out as 96740986 C>A needs A but not covered
59.001 was filtered out as 96748611 A>T needs T but not covered
60.001 was filtered out as 96748711 T>C needs C but not covered
61.001 was filtered out as 96702046 C>T needs T but not covered
61.002 was filtered out as 96702046 C>T needs T but not covered
62.001 was filtered out as 96701989 C>T needs T but not covered
63.001 was filtered out as 96702047 G>A needs A but not covered
64.001 was filtered out as 96731879 C>G needs G but not covered
65.001 was filtered out as 96740955 G>T needs T but not covered
66.001 was filtered out as 96741061 C>G needs G but not covered
67.001 was filtered out as 96748608 C>T needs T but not covered
68.001 was filtered out as 96741052 A>C needs C but not covered
69.001 was filtered out as 96707625 A>G needs G but not covered
70.001 was filtered out as 96748636 G>T needs T but not covered
71.001 was filtered out as 96709036 A>G needs G but not covered
72.001 was filtered out as 96702062 C>T needs T but not covered
73.001 was filtered out as 96702064 C>T needs T but not covered
74.001 was filtered out as 96707695 G>T needs T but not covered
75.001 was filtered out as 96745892 A>C needs C but not covered
76.001 was filtered out as 96698556 G>A needs A but not covered
77.001 was filtered out as 96701731 G>A needs A but not covered
78.001 was filtered out as 96701999 T>G needs G but not covered
79.001 was filtered out as 96741014 C>T needs T but not covered
80.001 was filtered out as 96698475 T>G needs G but not covered
81.001 was filtered out as 96731939 A>T needs T but not covered
82.001 was filtered out as 96708901 C>T needs T but not covered
83.001 was filtered out as 96698544 C>T needs T but not covered
84.001 was filtered out as 96745930 G>C needs C but not covered
85.001 was filtered out as 96708919 delT needs N but not covered
[filter] CYP2C9 1.001 => 1.001; 1.002; 1.005; 1.006; 1.007; 1.008; 1.009; 1.010; 1.011; 1.012; 1.013
[filter] valid_alleles=11
CYP2C9:96696874 → A:0, C*:46, G:0, M:0, N:0, P:0, T:0
CYP2C9:96696902 → A:0, C:0, G*:50, M:0, N:0, P:0, T:0
CYP2C9:96697251 → A:0, C:0, G:0, M:0, N:0, P:0, T*:46
CYP2C9:96697360 → A:0, C:0, G*:46, M:0, N:0, P:0, T:0
CYP2C9:96697458 → A:0, C:0, G*:45, M:0, N:0, P:0, T:0
CYP2C9:96697660 → A:0, C*:39, G:0, M:0, N:0, P:0, T:0
CYP2C9:96697758 → A:0, C*:43, G:0, M:0, N:0, P:0, T:0
CYP2C9:96697806 → A:0, C:0, G:0, M:0, N:0, P:0, T*:46
CYP2C9:96697929 → A:0, C:0, G*:49, M:0, N:0, P:0, T:0
CYP2C9:96698006 → A:0, C:0, G:0, M:0, N:0, P:0, T*:39
CYP2C9:96698064 → A:0, C:0, G:0, M:0, N:0, P:0, T*:44
CYP2C9:96698410 → A:0, C:0, G*:50, M:0, N:0, P:0, T:0
CYP2C9:96702006 → A:0, C:0, G*:55, M:0, N:0, P:0, T:0
CYP2C9:96748634 → A:0, C*:60, G:0, M:0, N:0, P:0, T:0
CYP2C9:96748700 → A:0, C*:55, G:0, M:0, N:0, P:0, T:0
CYP2C9:96748736 → A*:50, C:0, G:0, M:0, N:0, P:0, T:0
Step 0: Loss=0.1057, CN=[2.0999167]
Step 100: Loss=0.0430, CN=[2.3816576]
Step 200: Loss=0.0430, CN=[2.3829973]
Step 300: Loss=0.0430, CN=[2.3829916]
Step 400: Loss=0.0430, CN=[2.3829916]

=== Fit ===
Region 0: obs=2.436, exp=2.383, diff=+0.053 
Region 1: obs=2.565, exp=2.383, diff=+0.182 
Region 2: obs=2.922, exp=2.383, diff=+0.539 *
Region 3: obs=2.240, exp=2.383, diff=-0.143 
Region 4: obs=1.871, exp=2.383, diff=-0.512 *
Region 5: obs=1.683, exp=2.383, diff=-0.700 *
Region 6: obs=2.494, exp=2.383, diff=+0.111 
Region 7: obs=2.454, exp=2.383, diff=+0.071 
Region 8: obs=2.629, exp=2.383, diff=+0.246 
Region 9: obs=2.170, exp=2.383, diff=-0.213 
Region 10: obs=2.457, exp=2.383, diff=+0.074 
Region 11: obs=2.276, exp=2.383, diff=-0.107 
Region 12: obs=2.118, exp=2.383, diff=-0.265 
Region 13: obs=2.287, exp=2.383, diff=-0.096 
Region 14: obs=2.140, exp=2.383, diff=-0.243 
Region 15: obs=2.193, exp=2.383, diff=-0.190 
Region 16: obs=2.470, exp=2.383, diff=+0.087 
Region 17: obs=2.541, exp=2.383, diff=+0.158 
Region 18: obs=2.588, exp=2.383, diff=+0.205 
Region 19: obs=2.451, exp=2.383, diff=+0.068 
Region 20: obs=2.986, exp=2.383, diff=+0.603 *

[Gene CN Results]
  CYP2C9: 2.38 → 2.3829915523529053
Using device: cuda
num_sparse_entries: 176
max sparse_flat_index: 1231
expected max: 1231

=== Running VAE with seed 42 ===
Global Pooled JS: 0.000000
Seed 42, Step    0: Loss = 226.95 (Recon: 189.92, Allele KL: 9.48, Base KL: 1177.40, Functional KL: 0.00
Global Pooled JS: 0.000000
Seed 42, Step  500: Loss = 140.70 (Recon: 101.68, Allele KL: 7.91, Base KL: 6744.90, Functional KL: 0.00
Global Pooled JS: 0.000000
Seed 42, Step 1000: Loss = 120.02 (Recon: 78.90, Allele KL: 11.46, Base KL: 6689.70, Functional KL: 0.00
Global Pooled JS: 0.000000
Seed 42, Step 1500: Loss = 111.67 (Recon: 70.77, Allele KL: 11.51, Base KL: 6718.21, Functional KL: 0.00
Global Pooled JS: 0.000000
Seed 42, Step 2000: Loss = 116.13 (Recon: 69.36, Allele KL: 17.79, Base KL: 6499.66, Functional KL: 0.00
Global Pooled JS: 0.000000
Seed 42, Step 2500: Loss = 118.71 (Recon: 72.09, Allele KL: 16.94, Base KL: 6916.84, Functional KL: 0.00

Top Variants with Coverage Mismatches:
Rank   Variant                        Expected     Observed     Diff       |Div|       
------------------------------------------------------------------------------------------
New best model with final loss: 124.75

=== Running VAE with seed 123 ===
Global Pooled JS: 0.000000
Seed 123, Step    0: Loss = 285.01 (Recon: 240.31, Allele KL: 18.25, Base KL: 1727.15, Functional KL: 0.00
Global Pooled JS: 0.000000
Seed 123, Step  500: Loss = 118.46 (Recon: 72.47, Allele KL: 16.49, Base KL: 6656.50, Functional KL: 0.00
Global Pooled JS: 0.000000
Seed 123, Step 1000: Loss = 118.07 (Recon: 73.84, Allele KL: 14.75, Base KL: 6693.38, Functional KL: 0.00
Global Pooled JS: 0.000000
Seed 123, Step 1500: Loss = 124.08 (Recon: 78.39, Allele KL: 15.89, Base KL: 6677.55, Functional KL: 0.00
Global Pooled JS: 0.000000
Seed 123, Step 2000: Loss = 118.37 (Recon: 71.35, Allele KL: 17.82, Base KL: 6546.32, Functional KL: 0.00
Global Pooled JS: 0.000000
Seed 123, Step 2500: Loss = 119.50 (Recon: 70.26, Allele KL: 20.02, Base KL: 6642.72, Functional KL: 0.00

Top Variants with Coverage Mismatches:
Rank   Variant                        Expected     Observed     Diff       |Div|       
------------------------------------------------------------------------------------------
New best model with final loss: 120.20

=== Running VAE with seed 456 ===
Global Pooled JS: 0.000000
Seed 456, Step    0: Loss = 227.84 (Recon: 180.64, Allele KL: 18.64, Base KL: 1483.75, Functional KL: 0.00
Global Pooled JS: 0.000000
Seed 456, Step  500: Loss = 118.79 (Recon: 76.37, Allele KL: 12.73, Base KL: 6727.62, Functional KL: 0.00
Global Pooled JS: 0.000000
Seed 456, Step 1000: Loss = 119.99 (Recon: 72.22, Allele KL: 18.46, Base KL: 6560.63, Functional KL: 0.00
Global Pooled JS: 0.000000
Seed 456, Step 1500: Loss = 132.66 (Recon: 87.98, Allele KL: 14.40, Base KL: 6736.37, Functional KL: 0.00
Global Pooled JS: 0.000000
Seed 456, Step 2000: Loss = 117.76 (Recon: 74.92, Allele KL: 13.89, Base KL: 6048.07, Functional KL: 0.00
Global Pooled JS: 0.000000
Seed 456, Step 2500: Loss = 126.77 (Recon: 83.09, Allele KL: 13.90, Base KL: 6531.33, Functional KL: 0.00

Top Variants with Coverage Mismatches:
Rank   Variant                        Expected     Observed     Diff       |Div|       
------------------------------------------------------------------------------------------

=== Multi-Seed VAE Results ===
Best model had seed 123 with final loss: 120.20
All seeds final losses:
  Seed 42: Total=124.75 (Recon=83.12, A_KL=11.50, B_KL=6598.41)
  Seed 123: Total=120.20 (Recon=77.15, A_KL=13.21, B_KL=6786.43) <- Best
  Seed 456: Total=128.69 (Recon=80.94, A_KL=17.88, B_KL=6626.91)

[Raw]:
CYP2C9*1: Normalized=1.0000, Unnormalized=1.00

[Alleles]
CYP2C9*1
CYP2C9*1
	Command being timed: "python /home/qinghuiz/aidy/push/Neretva/neretva/cyp.py CYP2C9 /project/shared/aldy-data/wgs/NA11993.wgs.cram"
	User time (seconds): 149.45
	System time (seconds): 31.54
	Percent of CPU this job got: 99%
	Elapsed (wall clock) time (h:mm:ss or m:ss): 3:02.41
	Average shared text size (kbytes): 0
	Average unshared data size (kbytes): 0
	Average stack size (kbytes): 0
	Average total size (kbytes): 0
	Maximum resident set size (kbytes): 2800096
	Average resident set size (kbytes): 0
	Major (requiring I/O) page faults: 0
	Minor (reclaiming a frame) page faults: 811425
	Voluntary context switches: 24802
	Involuntary context switches: 4313
	Swaps: 0
	File system inputs: 0
	File system outputs: 56
	Socket messages sent: 0
	Socket messages received: 0
	Signals delivered: 0
	Page size (bytes): 4096
	Exit status: 0
