2026-03-11 04:32:24.059459: I tensorflow/core/util/port.cc:111] oneDNN custom operations are on. You may see slightly different numerical results due to floating-point round-off errors from different computation orders. To turn them off, set the environment variable `TF_ENABLE_ONEDNN_OPTS=0`.
2026-03-11 04:32:24.100779: E tensorflow/compiler/xla/stream_executor/cuda/cuda_dnn.cc:9342] Unable to register cuDNN factory: Attempting to register factory for plugin cuDNN when one has already been registered
2026-03-11 04:32:24.100972: E tensorflow/compiler/xla/stream_executor/cuda/cuda_fft.cc:609] Unable to register cuFFT factory: Attempting to register factory for plugin cuFFT when one has already been registered
2026-03-11 04:32:24.101105: E tensorflow/compiler/xla/stream_executor/cuda/cuda_blas.cc:1518] Unable to register cuBLAS factory: Attempting to register factory for plugin cuBLAS when one has already been registered
2026-03-11 04:32:24.109608: I tensorflow/core/platform/cpu_feature_guard.cc:182] This TensorFlow binary is optimized to use available CPU instructions in performance-critical operations.
To enable the following instructions: AVX2 AVX512F AVX512_VNNI FMA, in other operations, rebuild TensorFlow with the appropriate compiler flags.
AttributeError: 'MessageFactory' object has no attribute 'GetPrototype'
2026-03-11 04:32:25.543615: W tensorflow/compiler/tf2tensorrt/utils/py_utils.cc:38] TF-TRT Warning: Could not find TensorRT
AttributeError: 'MessageFactory' object has no attribute 'GetPrototype'
[info] total indices 749
[info] total variants 749
2.001 was filtered out as 96702046 C>T needs T but not covered
2.003 was filtered out as 96702046 C>T needs T but not covered
2.004 was filtered out as 96702046 C>T needs T but not covered
3.001 was filtered out as 96741052 A>C needs C but not covered
3.002 was filtered out as 96741052 A>C needs C but not covered
4.001 was filtered out as 96741053 T>C needs C but not covered
5.001 was filtered out as 96741057 C>G needs G but not covered
6.001 was filtered out as 96709039 delA needs N but not covered
7.001 was filtered out as 96698493 C>A needs A but not covered
8.001 was filtered out as 96702065 G>A needs A but not covered
8.002 was filtered out as 96702065 G>A needs A but not covered
8.003 was filtered out as 96702065 G>A needs A but not covered
8.004 was filtered out as 96702065 G>A needs A but not covered
8.005 was filtered out as 96702065 G>A needs A but not covered
9.001 was filtered out as 96708973 A>G needs G but not covered
10.001 was filtered out as 96709036 A>G needs G but not covered
11.001 was filtered out as 96740980 C>T needs T but not covered
11.002 was filtered out as 96740980 C>T needs T but not covered
12.001 was filtered out as 96748776 C>T needs T but not covered
13.001 was filtered out as 96701714 T>C needs C but not covered
14.001 was filtered out as 96701990 G>A needs A but not covered
15.001 was filtered out as 96707538 C>A needs A but not covered
16.001 was filtered out as 96731935 A>G needs G but not covered
17.001 was filtered out as 96741121 C>T needs T but not covered
18.001 was filtered out as 96741052 A>C needs C but not covered
19.001 was filtered out as 96748673 G>C needs C but not covered
20.001 was filtered out as 96701653 G>C needs C but not covered
21.001 was filtered out as 96698527 C>T needs T but not covered
22.001 was filtered out as 96698559 A>G needs G but not covered
23.001 was filtered out as 96701671 G>A needs A but not covered
24.001 was filtered out as 96741037 G>A needs A but not covered
25.001 was filtered out as 96701969 delAGAAATGGAA needs N but not covered
26.001 was filtered out as 96702005 C>G needs G but not covered
27.001 was filtered out as 96702065 G>T needs T but not covered
28.001 was filtered out as 96707694 A>T needs T but not covered
29.001 was filtered out as 96731875 C>A needs A but not covered
30.001 was filtered out as 96748740 G>A needs A but not covered
31.001 was filtered out as 96740957 T>C needs C but not covered
32.001 was filtered out as 96748779 G>T needs T but not covered
33.001 was filtered out as 96702011 G>A needs A but not covered
34.001 was filtered out as 96740981 G>A needs A but not covered
35.001 was filtered out as 96702046 C>T needs T but not covered
36.001 was filtered out as 96698439 A>G needs G but not covered
37.001 was filtered out as 96698584 A>G needs G but not covered
38.001 was filtered out as 96701732 G>C needs C but not covered
39.001 was filtered out as 96701738 G>T needs T but not covered
40.001 was filtered out as 96701774 T>C needs C but not covered
41.001 was filtered out as 96701972 A>G needs G but not covered
42.001 was filtered out as 96701987 G>A needs A but not covered
43.001 was filtered out as 96701986 C>T needs T but not covered
44.001 was filtered out as 96702005 C>T needs T but not covered
45.001 was filtered out as 96702010 C>T needs T but not covered
46.001 was filtered out as 96702061 G>A needs A but not covered
47.001 was filtered out as 96707541 C>T needs T but not covered
48.001 was filtered out as 96707673 T>C needs C but not covered
49.001 was filtered out as 96708885 A>G needs G but not covered
50.001 was filtered out as 96708900 C>T needs T but not covered
51.001 was filtered out as 96731890 A>G needs G but not covered
52.001 was filtered out as 96731936 C>G needs G but not covered
53.001 was filtered out as 96731989 C>T needs T but not covered
54.001 was filtered out as 96741006 C>A needs A but not covered
55.001 was filtered out as 96741058 C>A needs A but not covered
56.001 was filtered out as 96745798 A>G needs G but not covered
57.001 was filtered out as 96707663 A>C needs C but not covered
58.001 was filtered out as 96740986 C>A needs A but not covered
59.001 was filtered out as 96748611 A>T needs T but not covered
60.001 was filtered out as 96748711 T>C needs C but not covered
61.001 was filtered out as 96702046 C>T needs T but not covered
61.002 was filtered out as 96702046 C>T needs T but not covered
62.001 was filtered out as 96701989 C>T needs T but not covered
63.001 was filtered out as 96702047 G>A needs A but not covered
64.001 was filtered out as 96731879 C>G needs G but not covered
65.001 was filtered out as 96740955 G>T needs T but not covered
66.001 was filtered out as 96741061 C>G needs G but not covered
67.001 was filtered out as 96748608 C>T needs T but not covered
68.001 was filtered out as 96741052 A>C needs C but not covered
69.001 was filtered out as 96707625 A>G needs G but not covered
70.001 was filtered out as 96748636 G>T needs T but not covered
71.001 was filtered out as 96709036 A>G needs G but not covered
72.001 was filtered out as 96702062 C>T needs T but not covered
73.001 was filtered out as 96702064 C>T needs T but not covered
74.001 was filtered out as 96707695 G>T needs T but not covered
75.001 was filtered out as 96745892 A>C needs C but not covered
76.001 was filtered out as 96698556 G>A needs A but not covered
77.001 was filtered out as 96701731 G>A needs A but not covered
78.001 was filtered out as 96701999 T>G needs G but not covered
79.001 was filtered out as 96741014 C>T needs T but not covered
80.001 was filtered out as 96698475 T>G needs G but not covered
81.001 was filtered out as 96731939 A>T needs T but not covered
82.001 was filtered out as 96708901 C>T needs T but not covered
83.001 was filtered out as 96698544 C>T needs T but not covered
84.001 was filtered out as 96745930 G>C needs C but not covered
85.001 was filtered out as 96708919 delT needs N but not covered
[filter] CYP2C9 1.001 => 1.001; 1.002; 1.005; 1.006; 1.007; 1.008; 1.009; 1.010; 1.011; 1.012; 1.013
[filter] valid_alleles=11
CYP2C9:96696874 → A:0, C*:40, G:0, M:0, N:0, P:0, T:0
CYP2C9:96696902 → A:0, C:0, G*:39, M:0, N:0, P:0, T:0
CYP2C9:96697251 → A:0, C:37, G:0, M:0, N:0, P:0, T*:0
CYP2C9:96697360 → A:0, C:0, G*:34, M:0, N:0, P:0, T:0
CYP2C9:96697458 → A:0, C:0, G*:34, M:0, N:0, P:0, T:0
CYP2C9:96697660 → A:0, C*:55, G:0, M:0, N:0, P:0, T:0
CYP2C9:96697758 → A:0, C*:39, G:0, M:0, N:0, P:0, T:0
CYP2C9:96697806 → A:0, C:0, G:0, M:0, N:0, P:0, T*:48
CYP2C9:96697929 → A:0, C:0, G*:56, M:0, N:0, P:0, T:0
CYP2C9:96698006 → A:0, C:0, G:0, M:0, N:0, P:0, T*:44
CYP2C9:96698064 → A:0, C:0, G:0, M:0, N:0, P:0, T*:57
CYP2C9:96698410 → A:0, C:0, G*:46, M:0, N:0, P:0, T:0
CYP2C9:96702006 → A:0, C:0, G*:50, M:0, N:0, P:0, T:0
CYP2C9:96748634 → A:0, C*:40, G:0, M:0, N:0, P:0, T:0
CYP2C9:96748700 → A:0, C*:44, G:0, M:0, N:0, P:0, T:0
CYP2C9:96748736 → A*:49, C:0, G:0, M:0, N:0, P:0, T:0
Step 0: Loss=0.0881, CN=[2.0999167]
Step 100: Loss=0.0471, CN=[2.311748]
Step 200: Loss=0.0471, CN=[2.312009]
Step 300: Loss=0.0471, CN=[2.31201]
Step 400: Loss=0.0471, CN=[2.31201]

=== Fit ===
Region 0: obs=2.406, exp=2.312, diff=+0.094 
Region 1: obs=2.313, exp=2.312, diff=+0.001 
Region 2: obs=2.179, exp=2.312, diff=-0.133 
Region 3: obs=2.195, exp=2.312, diff=-0.117 
Region 4: obs=1.760, exp=2.312, diff=-0.552 *
Region 5: obs=1.905, exp=2.312, diff=-0.407 
Region 6: obs=2.402, exp=2.312, diff=+0.090 
Region 7: obs=2.302, exp=2.312, diff=-0.010 
Region 8: obs=2.059, exp=2.312, diff=-0.253 
Region 9: obs=2.491, exp=2.312, diff=+0.179 
Region 10: obs=2.322, exp=2.312, diff=+0.010 
Region 11: obs=2.355, exp=2.312, diff=+0.043 
Region 12: obs=2.964, exp=2.312, diff=+0.652 *
Region 13: obs=2.352, exp=2.312, diff=+0.040 
Region 14: obs=1.994, exp=2.312, diff=-0.318 
Region 15: obs=2.358, exp=2.312, diff=+0.046 
Region 16: obs=2.917, exp=2.312, diff=+0.605 *
Region 17: obs=2.291, exp=2.312, diff=-0.021 
Region 18: obs=2.129, exp=2.312, diff=-0.183 
Region 19: obs=2.252, exp=2.312, diff=-0.060 
Region 20: obs=3.025, exp=2.312, diff=+0.713 *

[Gene CN Results]
  CYP2C9: 2.31 → 2.3120100498199463
Using device: cuda
num_sparse_entries: 176
max sparse_flat_index: 1231
expected max: 1231

=== Running VAE with seed 42 ===
Global Pooled JS: 0.000000
Seed 42, Step    0: Loss = 237.12 (Recon: 202.32, Allele KL: 7.25, Base KL: 1147.40, Functional KL: 0.00
Global Pooled JS: 0.000000
Seed 42, Step  500: Loss = 123.31 (Recon: 70.76, Allele KL: 24.31, Base KL: 5742.63, Functional KL: 0.00
Global Pooled JS: 0.000000
Seed 42, Step 1000: Loss = 121.43 (Recon: 76.02, Allele KL: 16.67, Base KL: 5796.05, Functional KL: 0.00
Global Pooled JS: 0.000000
Seed 42, Step 1500: Loss = 182.92 (Recon: 137.85, Allele KL: 13.53, Base KL: 5989.83, Functional KL: 0.00
Global Pooled JS: 0.000000
Seed 42, Step 2000: Loss = 122.51 (Recon: 72.01, Allele KL: 21.89, Base KL: 5898.72, Functional KL: 0.00
Global Pooled JS: 0.000000
Seed 42, Step 2500: Loss = 117.92 (Recon: 73.06, Allele KL: 16.37, Base KL: 5709.15, Functional KL: 0.00

Top Variants with Coverage Mismatches:
Rank   Variant                        Expected     Observed     Diff       |Div|       
------------------------------------------------------------------------------------------
New best model with final loss: 122.27

=== Running VAE with seed 123 ===
Global Pooled JS: 0.000000
Seed 123, Step    0: Loss = 412.03 (Recon: 371.50, Allele KL: 14.31, Base KL: 1485.69, Functional KL: 0.00
Global Pooled JS: 0.000000
Seed 123, Step  500: Loss = 119.33 (Recon: 76.82, Allele KL: 13.53, Base KL: 5805.07, Functional KL: 0.00
Global Pooled JS: 0.000000
Seed 123, Step 1000: Loss = 129.58 (Recon: 70.37, Allele KL: 30.79, Base KL: 5831.18, Functional KL: 0.00
Global Pooled JS: 0.000000
Seed 123, Step 1500: Loss = 127.15 (Recon: 77.14, Allele KL: 21.49, Base KL: 5584.28, Functional KL: 0.00
Global Pooled JS: 0.000000
Seed 123, Step 2000: Loss = 118.81 (Recon: 74.59, Allele KL: 15.50, Base KL: 5842.89, Functional KL: 0.00
Global Pooled JS: 0.000000
Seed 123, Step 2500: Loss = 121.88 (Recon: 82.04, Allele KL: 10.54, Base KL: 5828.57, Functional KL: 0.00

Top Variants with Coverage Mismatches:
Rank   Variant                        Expected     Observed     Diff       |Div|       
------------------------------------------------------------------------------------------

=== Running VAE with seed 456 ===
Global Pooled JS: 0.000000
Seed 456, Step    0: Loss = 219.26 (Recon: 179.14, Allele KL: 11.58, Base KL: 1322.26, Functional KL: 0.00
Global Pooled JS: 0.000000
Seed 456, Step  500: Loss = 120.63 (Recon: 74.85, Allele KL: 17.00, Base KL: 5854.96, Functional KL: 0.00
Global Pooled JS: 0.000000
Seed 456, Step 1000: Loss = 119.11 (Recon: 80.17, Allele KL: 9.69, Base KL: 5895.21, Functional KL: 0.00
Global Pooled JS: 0.000000
Seed 456, Step 1500: Loss = 120.68 (Recon: 74.51, Allele KL: 17.43, Base KL: 5880.42, Functional KL: 0.00
Global Pooled JS: 0.000000
Seed 456, Step 2000: Loss = 116.06 (Recon: 72.32, Allele KL: 15.07, Base KL: 5970.28, Functional KL: 0.00
Global Pooled JS: 0.000000
Seed 456, Step 2500: Loss = 126.71 (Recon: 79.88, Allele KL: 17.70, Base KL: 5985.86, Functional KL: 0.00

Top Variants with Coverage Mismatches:
Rank   Variant                        Expected     Observed     Diff       |Div|       
------------------------------------------------------------------------------------------
New best model with final loss: 120.34

=== Multi-Seed VAE Results ===
Best model had seed 456 with final loss: 120.34
All seeds final losses:
  Seed 42: Total=122.27 (Recon=79.45, A_KL=13.56, B_KL=5926.40)
  Seed 123: Total=126.67 (Recon=81.42, A_KL=16.15, B_KL=5808.38)
  Seed 456: Total=120.34 (Recon=75.24, A_KL=16.08, B_KL=6002.42) <- Best

[Raw]:
CYP2C9*1: Normalized=1.0000, Unnormalized=1.00

[Alleles]
CYP2C9*1
CYP2C9*1
	Command being timed: "python /home/qinghuiz/aidy/push/Neretva/neretva/cyp.py CYP2C9 /project/shared/aldy-data/wgs/NA12717.wgs.cram"
	User time (seconds): 149.82
	System time (seconds): 29.55
	Percent of CPU this job got: 99%
	Elapsed (wall clock) time (h:mm:ss or m:ss): 3:00.05
	Average shared text size (kbytes): 0
	Average unshared data size (kbytes): 0
	Average stack size (kbytes): 0
	Average total size (kbytes): 0
	Maximum resident set size (kbytes): 2779476
	Average resident set size (kbytes): 0
	Major (requiring I/O) page faults: 0
	Minor (reclaiming a frame) page faults: 842113
	Voluntary context switches: 22695
	Involuntary context switches: 193
	Swaps: 0
	File system inputs: 0
	File system outputs: 48
	Socket messages sent: 0
	Socket messages received: 0
	Signals delivered: 0
	Page size (bytes): 4096
	Exit status: 0
