2026-03-11 04:35:22.326468: I tensorflow/core/util/port.cc:111] oneDNN custom operations are on. You may see slightly different numerical results due to floating-point round-off errors from different computation orders. To turn them off, set the environment variable `TF_ENABLE_ONEDNN_OPTS=0`.
2026-03-11 04:35:22.367821: E tensorflow/compiler/xla/stream_executor/cuda/cuda_dnn.cc:9342] Unable to register cuDNN factory: Attempting to register factory for plugin cuDNN when one has already been registered
2026-03-11 04:35:22.367902: E tensorflow/compiler/xla/stream_executor/cuda/cuda_fft.cc:609] Unable to register cuFFT factory: Attempting to register factory for plugin cuFFT when one has already been registered
2026-03-11 04:35:22.367959: E tensorflow/compiler/xla/stream_executor/cuda/cuda_blas.cc:1518] Unable to register cuBLAS factory: Attempting to register factory for plugin cuBLAS when one has already been registered
2026-03-11 04:35:22.377606: I tensorflow/core/platform/cpu_feature_guard.cc:182] This TensorFlow binary is optimized to use available CPU instructions in performance-critical operations.
To enable the following instructions: AVX2 AVX512F AVX512_VNNI FMA, in other operations, rebuild TensorFlow with the appropriate compiler flags.
AttributeError: 'MessageFactory' object has no attribute 'GetPrototype'
2026-03-11 04:35:23.677177: W tensorflow/compiler/tf2tensorrt/utils/py_utils.cc:38] TF-TRT Warning: Could not find TensorRT
AttributeError: 'MessageFactory' object has no attribute 'GetPrototype'
[info] total indices 749
[info] total variants 749
2.001 was filtered out as 96702046 C>T needs T but not covered
2.003 was filtered out as 96702046 C>T needs T but not covered
2.004 was filtered out as 96702046 C>T needs T but not covered
3.001 was filtered out as 96741052 A>C needs C but not covered
3.002 was filtered out as 96741052 A>C needs C but not covered
4.001 was filtered out as 96741053 T>C needs C but not covered
5.001 was filtered out as 96741057 C>G needs G but not covered
6.001 was filtered out as 96709039 delA needs N but not covered
7.001 was filtered out as 96698493 C>A needs A but not covered
8.001 was filtered out as 96702065 G>A needs A but not covered
8.002 was filtered out as 96702065 G>A needs A but not covered
8.003 was filtered out as 96702065 G>A needs A but not covered
8.004 was filtered out as 96702065 G>A needs A but not covered
8.005 was filtered out as 96702065 G>A needs A but not covered
9.001 was filtered out as 96708973 A>G needs G but not covered
10.001 was filtered out as 96709036 A>G needs G but not covered
11.001 was filtered out as 96740980 C>T needs T but not covered
11.002 was filtered out as 96740980 C>T needs T but not covered
12.001 was filtered out as 96748776 C>T needs T but not covered
13.001 was filtered out as 96701714 T>C needs C but not covered
14.001 was filtered out as 96701990 G>A needs A but not covered
15.001 was filtered out as 96707538 C>A needs A but not covered
16.001 was filtered out as 96731935 A>G needs G but not covered
17.001 was filtered out as 96741121 C>T needs T but not covered
18.001 was filtered out as 96741052 A>C needs C but not covered
19.001 was filtered out as 96748673 G>C needs C but not covered
20.001 was filtered out as 96701653 G>C needs C but not covered
21.001 was filtered out as 96698527 C>T needs T but not covered
22.001 was filtered out as 96698559 A>G needs G but not covered
23.001 was filtered out as 96701671 G>A needs A but not covered
24.001 was filtered out as 96741037 G>A needs A but not covered
25.001 was filtered out as 96701969 delAGAAATGGAA needs N but not covered
26.001 was filtered out as 96702005 C>G needs G but not covered
27.001 was filtered out as 96702065 G>T needs T but not covered
28.001 was filtered out as 96707694 A>T needs T but not covered
29.001 was filtered out as 96731875 C>A needs A but not covered
30.001 was filtered out as 96748740 G>A needs A but not covered
31.001 was filtered out as 96740957 T>C needs C but not covered
32.001 was filtered out as 96748779 G>T needs T but not covered
33.001 was filtered out as 96702011 G>A needs A but not covered
34.001 was filtered out as 96740981 G>A needs A but not covered
35.001 was filtered out as 96702046 C>T needs T but not covered
36.001 was filtered out as 96698439 A>G needs G but not covered
37.001 was filtered out as 96698584 A>G needs G but not covered
38.001 was filtered out as 96701732 G>C needs C but not covered
39.001 was filtered out as 96701738 G>T needs T but not covered
40.001 was filtered out as 96701774 T>C needs C but not covered
41.001 was filtered out as 96701972 A>G needs G but not covered
42.001 was filtered out as 96701987 G>A needs A but not covered
43.001 was filtered out as 96701986 C>T needs T but not covered
44.001 was filtered out as 96702005 C>T needs T but not covered
45.001 was filtered out as 96702010 C>T needs T but not covered
46.001 was filtered out as 96702061 G>A needs A but not covered
47.001 was filtered out as 96707541 C>T needs T but not covered
48.001 was filtered out as 96707673 T>C needs C but not covered
49.001 was filtered out as 96708885 A>G needs G but not covered
50.001 was filtered out as 96708900 C>T needs T but not covered
51.001 was filtered out as 96731890 A>G needs G but not covered
52.001 was filtered out as 96731936 C>G needs G but not covered
53.001 was filtered out as 96731989 C>T needs T but not covered
54.001 was filtered out as 96741006 C>A needs A but not covered
55.001 was filtered out as 96741058 C>A needs A but not covered
56.001 was filtered out as 96745798 A>G needs G but not covered
57.001 was filtered out as 96707663 A>C needs C but not covered
58.001 was filtered out as 96740986 C>A needs A but not covered
59.001 was filtered out as 96748611 A>T needs T but not covered
60.001 was filtered out as 96748711 T>C needs C but not covered
61.001 was filtered out as 96702046 C>T needs T but not covered
61.002 was filtered out as 96702046 C>T needs T but not covered
62.001 was filtered out as 96701989 C>T needs T but not covered
63.001 was filtered out as 96702047 G>A needs A but not covered
64.001 was filtered out as 96731879 C>G needs G but not covered
65.001 was filtered out as 96740955 G>T needs T but not covered
66.001 was filtered out as 96741061 C>G needs G but not covered
67.001 was filtered out as 96748608 C>T needs T but not covered
68.001 was filtered out as 96741052 A>C needs C but not covered
69.001 was filtered out as 96707625 A>G needs G but not covered
70.001 was filtered out as 96748636 G>T needs T but not covered
71.001 was filtered out as 96709036 A>G needs G but not covered
72.001 was filtered out as 96702062 C>T needs T but not covered
73.001 was filtered out as 96702064 C>T needs T but not covered
74.001 was filtered out as 96707695 G>T needs T but not covered
75.001 was filtered out as 96745892 A>C needs C but not covered
76.001 was filtered out as 96698556 G>A needs A but not covered
77.001 was filtered out as 96701731 G>A needs A but not covered
78.001 was filtered out as 96701999 T>G needs G but not covered
79.001 was filtered out as 96741014 C>T needs T but not covered
80.001 was filtered out as 96698475 T>G needs G but not covered
81.001 was filtered out as 96731939 A>T needs T but not covered
82.001 was filtered out as 96708901 C>T needs T but not covered
83.001 was filtered out as 96698544 C>T needs T but not covered
84.001 was filtered out as 96745930 G>C needs C but not covered
85.001 was filtered out as 96708919 delT needs N but not covered
[filter] CYP2C9 1.001 => 1.001; 1.002; 1.005; 1.006; 1.007; 1.008; 1.009; 1.010; 1.011; 1.012; 1.013
[filter] valid_alleles=11
CYP2C9:96696874 → A:0, C*:51, G:0, M:0, N:0, P:0, T:0
CYP2C9:96696902 → A:0, C:0, G*:50, M:0, N:0, P:0, T:0
CYP2C9:96697251 → A:0, C:0, G:0, M:0, N:0, P:0, T*:31
CYP2C9:96697360 → A:0, C:0, G*:35, M:0, N:0, P:0, T:0
CYP2C9:96697458 → A:0, C:0, G*:40, M:0, N:0, P:0, T:0
CYP2C9:96697660 → A:0, C*:41, G:0, M:0, N:0, P:0, T:0
CYP2C9:96697758 → A:0, C*:44, G:0, M:0, N:0, P:0, T:0
CYP2C9:96697806 → A:0, C:0, G:0, M:0, N:0, P:0, T*:43
CYP2C9:96697929 → A:0, C:0, G*:61, M:0, N:0, P:0, T:0
CYP2C9:96698006 → A:0, C:0, G:0, M:0, N:0, P:0, T*:43
CYP2C9:96698064 → A:0, C:0, G:0, M:0, N:0, P:0, T*:35
CYP2C9:96698410 → A:0, C:0, G*:41, M:0, N:0, P:0, T:0
CYP2C9:96702006 → A:0, C:0, G*:54, M:0, N:0, P:0, T:0
CYP2C9:96748634 → A:0, C*:48, G:0, M:0, N:0, P:0, T:0
CYP2C9:96748700 → A:0, C*:49, G:0, M:0, N:0, P:0, T:0
CYP2C9:96748736 → A*:48, C:0, G:0, M:0, N:0, P:0, T:0
Step 0: Loss=0.3274, CN=[2.0999167]
Step 100: Loss=0.1043, CN=[2.836176]
Step 200: Loss=0.1043, CN=[2.8396935]
Step 300: Loss=0.1043, CN=[2.8397117]
Step 400: Loss=0.1043, CN=[2.8397121]

=== Fit ===
Region 0: obs=2.934, exp=2.840, diff=+0.095 
Region 1: obs=2.395, exp=2.840, diff=-0.444 
Region 2: obs=2.214, exp=2.840, diff=-0.625 *
Region 3: obs=2.648, exp=2.840, diff=-0.192 
Region 4: obs=2.429, exp=2.840, diff=-0.410 
Region 5: obs=2.786, exp=2.840, diff=-0.054 
Region 6: obs=3.195, exp=2.840, diff=+0.355 
Region 7: obs=3.246, exp=2.840, diff=+0.407 
Region 8: obs=2.326, exp=2.840, diff=-0.514 *
Region 9: obs=2.599, exp=2.840, diff=-0.241 
Region 10: obs=3.459, exp=2.840, diff=+0.619 *
Region 11: obs=2.819, exp=2.840, diff=-0.020 
Region 12: obs=2.189, exp=2.840, diff=-0.651 *
Region 13: obs=3.063, exp=2.840, diff=+0.224 
Region 14: obs=2.391, exp=2.840, diff=-0.449 
Region 15: obs=3.034, exp=2.840, diff=+0.194 
Region 16: obs=4.053, exp=2.840, diff=+1.213 *
Region 17: obs=2.965, exp=2.840, diff=+0.125 
Region 18: obs=3.143, exp=2.840, diff=+0.303 
Region 19: obs=2.949, exp=2.840, diff=+0.109 
Region 20: obs=3.926, exp=2.840, diff=+1.086 *

[Gene CN Results]
  CYP2C9: 2.84 → 2.839712142944336
Using device: cuda
num_sparse_entries: 176
max sparse_flat_index: 1231
expected max: 1231

=== Running VAE with seed 42 ===
Global Pooled JS: 0.000000
Seed 42, Step    0: Loss = 217.71 (Recon: 181.87, Allele KL: 8.28, Base KL: 1135.33, Functional KL: 0.00
Global Pooled JS: 0.000000
Seed 42, Step  500: Loss = 167.33 (Recon: 127.13, Allele KL: 8.80, Base KL: 6226.22, Functional KL: 0.00
Global Pooled JS: 0.000000
Seed 42, Step 1000: Loss = 131.90 (Recon: 89.97, Allele KL: 12.33, Base KL: 6053.08, Functional KL: 0.00
Global Pooled JS: 0.000000
Seed 42, Step 1500: Loss = 115.96 (Recon: 73.42, Allele KL: 13.64, Base KL: 6255.63, Functional KL: 0.00
Global Pooled JS: 0.000000
Seed 42, Step 2000: Loss = 118.74 (Recon: 72.76, Allele KL: 17.48, Base KL: 5984.23, Functional KL: 0.00
Global Pooled JS: 0.000000
Seed 42, Step 2500: Loss = 120.74 (Recon: 76.21, Allele KL: 15.44, Base KL: 6187.95, Functional KL: 0.00

Top Variants with Coverage Mismatches:
Rank   Variant                        Expected     Observed     Diff       |Div|       
------------------------------------------------------------------------------------------
New best model with final loss: 124.90

=== Running VAE with seed 123 ===
Global Pooled JS: 0.000000
Seed 123, Step    0: Loss = 269.61 (Recon: 227.08, Allele KL: 16.25, Base KL: 1530.42, Functional KL: 0.00
Global Pooled JS: 0.000000
Seed 123, Step  500: Loss = 119.84 (Recon: 76.66, Allele KL: 14.05, Base KL: 6133.03, Functional KL: 0.00
Global Pooled JS: 0.000000
Seed 123, Step 1000: Loss = 120.46 (Recon: 76.50, Allele KL: 15.02, Base KL: 6149.60, Functional KL: 0.00
Global Pooled JS: 0.000000
Seed 123, Step 1500: Loss = 126.85 (Recon: 82.02, Allele KL: 15.40, Base KL: 6247.51, Functional KL: 0.00
Global Pooled JS: 0.000000
Seed 123, Step 2000: Loss = 121.82 (Recon: 74.22, Allele KL: 18.88, Base KL: 6081.27, Functional KL: 0.00
Global Pooled JS: 0.000000
Seed 123, Step 2500: Loss = 119.34 (Recon: 75.53, Allele KL: 14.78, Base KL: 6229.46, Functional KL: 0.00

Top Variants with Coverage Mismatches:
Rank   Variant                        Expected     Observed     Diff       |Div|       
------------------------------------------------------------------------------------------
New best model with final loss: 123.42

=== Running VAE with seed 456 ===
Global Pooled JS: 0.000000
Seed 456, Step    0: Loss = 212.74 (Recon: 166.91, Allele KL: 17.40, Base KL: 1368.35, Functional KL: 0.00
Global Pooled JS: 0.000000
Seed 456, Step  500: Loss = 119.98 (Recon: 77.07, Allele KL: 13.86, Base KL: 6189.72, Functional KL: 0.00
Global Pooled JS: 0.000000
Seed 456, Step 1000: Loss = 122.65 (Recon: 75.19, Allele KL: 18.62, Base KL: 6071.26, Functional KL: 0.00
Global Pooled JS: 0.000000
Seed 456, Step 1500: Loss = 133.97 (Recon: 90.34, Allele KL: 13.77, Base KL: 6208.51, Functional KL: 0.00
Global Pooled JS: 0.000000
Seed 456, Step 2000: Loss = 121.11 (Recon: 81.00, Allele KL: 10.71, Base KL: 6136.76, Functional KL: 0.00
Global Pooled JS: 0.000000
Seed 456, Step 2500: Loss = 130.61 (Recon: 87.85, Allele KL: 13.22, Base KL: 6143.61, Functional KL: 0.00

Top Variants with Coverage Mismatches:
Rank   Variant                        Expected     Observed     Diff       |Div|       
------------------------------------------------------------------------------------------

=== Multi-Seed VAE Results ===
Best model had seed 123 with final loss: 123.42
All seeds final losses:
  Seed 42: Total=124.90 (Recon=82.36, A_KL=12.90, B_KL=6218.02)
  Seed 123: Total=123.42 (Recon=81.98, A_KL=11.94, B_KL=6302.96) <- Best
  Seed 456: Total=132.06 (Recon=85.62, A_KL=16.84, B_KL=6207.54)

[Raw]:
CYP2C9*1: Normalized=1.0000, Unnormalized=1.00

[Alleles]
CYP2C9*1
CYP2C9*1
	Command being timed: "python /home/qinghuiz/aidy/push/Neretva/neretva/cyp.py CYP2C9 /project/shared/aldy-data/wgs/NA12873.wgs.cram"
	User time (seconds): 151.00
	System time (seconds): 30.68
	Percent of CPU this job got: 99%
	Elapsed (wall clock) time (h:mm:ss or m:ss): 3:03.37
	Average shared text size (kbytes): 0
	Average unshared data size (kbytes): 0
	Average stack size (kbytes): 0
	Average total size (kbytes): 0
	Maximum resident set size (kbytes): 2762256
	Average resident set size (kbytes): 0
	Major (requiring I/O) page faults: 0
	Minor (reclaiming a frame) page faults: 845442
	Voluntary context switches: 22982
	Involuntary context switches: 440
	Swaps: 0
	File system inputs: 0
	File system outputs: 56
	Socket messages sent: 0
	Socket messages received: 0
	Signals delivered: 0
	Page size (bytes): 4096
	Exit status: 0
