2026-03-11 04:38:25.762233: I tensorflow/core/util/port.cc:111] oneDNN custom operations are on. You may see slightly different numerical results due to floating-point round-off errors from different computation orders. To turn them off, set the environment variable `TF_ENABLE_ONEDNN_OPTS=0`.
2026-03-11 04:38:25.799813: E tensorflow/compiler/xla/stream_executor/cuda/cuda_dnn.cc:9342] Unable to register cuDNN factory: Attempting to register factory for plugin cuDNN when one has already been registered
2026-03-11 04:38:25.799903: E tensorflow/compiler/xla/stream_executor/cuda/cuda_fft.cc:609] Unable to register cuFFT factory: Attempting to register factory for plugin cuFFT when one has already been registered
2026-03-11 04:38:25.799964: E tensorflow/compiler/xla/stream_executor/cuda/cuda_blas.cc:1518] Unable to register cuBLAS factory: Attempting to register factory for plugin cuBLAS when one has already been registered
2026-03-11 04:38:25.808630: I tensorflow/core/platform/cpu_feature_guard.cc:182] This TensorFlow binary is optimized to use available CPU instructions in performance-critical operations.
To enable the following instructions: AVX2 AVX512F AVX512_VNNI FMA, in other operations, rebuild TensorFlow with the appropriate compiler flags.
AttributeError: 'MessageFactory' object has no attribute 'GetPrototype'
2026-03-11 04:38:26.925942: W tensorflow/compiler/tf2tensorrt/utils/py_utils.cc:38] TF-TRT Warning: Could not find TensorRT
AttributeError: 'MessageFactory' object has no attribute 'GetPrototype'
[info] total indices 749
[info] total variants 749
2.001 was filtered out as 96702046 C>T needs T but not covered
2.003 was filtered out as 96702046 C>T needs T but not covered
2.004 was filtered out as 96702046 C>T needs T but not covered
3.001 was filtered out as 96741052 A>C needs C but not covered
3.002 was filtered out as 96741052 A>C needs C but not covered
4.001 was filtered out as 96741053 T>C needs C but not covered
5.001 was filtered out as 96741057 C>G needs G but not covered
6.001 was filtered out as 96709039 delA needs N but not covered
7.001 was filtered out as 96698493 C>A needs A but not covered
8.001 was filtered out as 96702065 G>A needs A but not covered
8.002 was filtered out as 96702065 G>A needs A but not covered
8.003 was filtered out as 96702065 G>A needs A but not covered
8.004 was filtered out as 96702065 G>A needs A but not covered
8.005 was filtered out as 96702065 G>A needs A but not covered
9.001 was filtered out as 96708973 A>G needs G but not covered
10.001 was filtered out as 96709036 A>G needs G but not covered
11.001 was filtered out as 96740980 C>T needs T but not covered
11.002 was filtered out as 96740980 C>T needs T but not covered
12.001 was filtered out as 96748776 C>T needs T but not covered
13.001 was filtered out as 96701714 T>C needs C but not covered
14.001 was filtered out as 96701990 G>A needs A but not covered
15.001 was filtered out as 96707538 C>A needs A but not covered
16.001 was filtered out as 96731935 A>G needs G but not covered
17.001 was filtered out as 96741121 C>T needs T but not covered
18.001 was filtered out as 96741052 A>C needs C but not covered
19.001 was filtered out as 96748673 G>C needs C but not covered
20.001 was filtered out as 96701653 G>C needs C but not covered
21.001 was filtered out as 96698527 C>T needs T but not covered
22.001 was filtered out as 96698559 A>G needs G but not covered
23.001 was filtered out as 96701671 G>A needs A but not covered
24.001 was filtered out as 96741037 G>A needs A but not covered
25.001 was filtered out as 96701969 delAGAAATGGAA needs N but not covered
26.001 was filtered out as 96702005 C>G needs G but not covered
27.001 was filtered out as 96702065 G>T needs T but not covered
28.001 was filtered out as 96707694 A>T needs T but not covered
29.001 was filtered out as 96731875 C>A needs A but not covered
30.001 was filtered out as 96748740 G>A needs A but not covered
31.001 was filtered out as 96740957 T>C needs C but not covered
32.001 was filtered out as 96748779 G>T needs T but not covered
33.001 was filtered out as 96702011 G>A needs A but not covered
34.001 was filtered out as 96740981 G>A needs A but not covered
35.001 was filtered out as 96702046 C>T needs T but not covered
36.001 was filtered out as 96698439 A>G needs G but not covered
37.001 was filtered out as 96698584 A>G needs G but not covered
38.001 was filtered out as 96701732 G>C needs C but not covered
39.001 was filtered out as 96701738 G>T needs T but not covered
40.001 was filtered out as 96701774 T>C needs C but not covered
41.001 was filtered out as 96701972 A>G needs G but not covered
42.001 was filtered out as 96701987 G>A needs A but not covered
43.001 was filtered out as 96701986 C>T needs T but not covered
44.001 was filtered out as 96702005 C>T needs T but not covered
45.001 was filtered out as 96702010 C>T needs T but not covered
46.001 was filtered out as 96702061 G>A needs A but not covered
47.001 was filtered out as 96707541 C>T needs T but not covered
48.001 was filtered out as 96707673 T>C needs C but not covered
49.001 was filtered out as 96708885 A>G needs G but not covered
50.001 was filtered out as 96708900 C>T needs T but not covered
51.001 was filtered out as 96731890 A>G needs G but not covered
52.001 was filtered out as 96731936 C>G needs G but not covered
53.001 was filtered out as 96731989 C>T needs T but not covered
54.001 was filtered out as 96741006 C>A needs A but not covered
55.001 was filtered out as 96741058 C>A needs A but not covered
56.001 was filtered out as 96745798 A>G needs G but not covered
57.001 was filtered out as 96707663 A>C needs C but not covered
58.001 was filtered out as 96740986 C>A needs A but not covered
59.001 was filtered out as 96748611 A>T needs T but not covered
60.001 was filtered out as 96748711 T>C needs C but not covered
61.001 was filtered out as 96702046 C>T needs T but not covered
61.002 was filtered out as 96702046 C>T needs T but not covered
62.001 was filtered out as 96701989 C>T needs T but not covered
63.001 was filtered out as 96702047 G>A needs A but not covered
64.001 was filtered out as 96731879 C>G needs G but not covered
65.001 was filtered out as 96740955 G>T needs T but not covered
66.001 was filtered out as 96741061 C>G needs G but not covered
67.001 was filtered out as 96748608 C>T needs T but not covered
68.001 was filtered out as 96741052 A>C needs C but not covered
69.001 was filtered out as 96707625 A>G needs G but not covered
70.001 was filtered out as 96748636 G>T needs T but not covered
71.001 was filtered out as 96709036 A>G needs G but not covered
72.001 was filtered out as 96702062 C>T needs T but not covered
73.001 was filtered out as 96702064 C>T needs T but not covered
74.001 was filtered out as 96707695 G>T needs T but not covered
75.001 was filtered out as 96745892 A>C needs C but not covered
76.001 was filtered out as 96698556 G>A needs A but not covered
77.001 was filtered out as 96701731 G>A needs A but not covered
78.001 was filtered out as 96701999 T>G needs G but not covered
79.001 was filtered out as 96741014 C>T needs T but not covered
80.001 was filtered out as 96698475 T>G needs G but not covered
81.001 was filtered out as 96731939 A>T needs T but not covered
82.001 was filtered out as 96708901 C>T needs T but not covered
83.001 was filtered out as 96698544 C>T needs T but not covered
84.001 was filtered out as 96745930 G>C needs C but not covered
85.001 was filtered out as 96708919 delT needs N but not covered
[filter] CYP2C9 1.001 => 1.001; 1.002; 1.005; 1.006; 1.007; 1.008; 1.009; 1.010; 1.011; 1.012; 1.013
[filter] valid_alleles=11
CYP2C9:96696874 → A:0, C*:40, G:0, M:0, N:0, P:0, T:0
CYP2C9:96696902 → A:0, C:0, G*:42, M:0, N:0, P:0, T:0
CYP2C9:96697251 → A:0, C:0, G:0, M:0, N:0, P:0, T*:38
CYP2C9:96697360 → A:0, C:0, G*:33, M:0, N:0, P:0, T:0
CYP2C9:96697458 → A:0, C:0, G*:47, M:0, N:0, P:0, T:0
CYP2C9:96697660 → A:0, C*:46, G:0, M:0, N:0, P:0, T:0
CYP2C9:96697758 → A:0, C*:53, G:0, M:0, N:0, P:0, T:0
CYP2C9:96697806 → A:0, C:0, G:0, M:0, N:0, P:0, T*:45
CYP2C9:96697929 → A:0, C:0, G*:51, M:0, N:0, P:0, T:0
CYP2C9:96698006 → A:0, C:0, G:0, M:0, N:0, P:0, T*:56
CYP2C9:96698064 → A:0, C:0, G:0, M:0, N:0, P:0, T*:56
CYP2C9:96698410 → A:0, C:0, G*:40, M:0, N:0, P:0, T:0
CYP2C9:96702006 → A:0, C:0, G*:41, M:0, N:0, P:0, T:0
CYP2C9:96748634 → A:0, C*:56, G:0, M:0, N:0, P:0, T:0
CYP2C9:96748700 → A:0, C*:51, G:0, M:0, N:0, P:0, T:0
CYP2C9:96748736 → A*:40, C:0, G:0, M:0, N:0, P:0, T:0
Step 0: Loss=0.0509, CN=[2.0999167]
Step 100: Loss=0.0286, CN=[2.2148192]
Step 200: Loss=0.0286, CN=[2.2142973]
Step 300: Loss=0.0286, CN=[2.2142985]
Step 400: Loss=0.0286, CN=[2.2142985]

=== Fit ===
Region 0: obs=2.278, exp=2.214, diff=+0.064 
Region 1: obs=2.144, exp=2.214, diff=-0.070 
Region 2: obs=2.383, exp=2.214, diff=+0.168 
Region 3: obs=2.004, exp=2.214, diff=-0.211 
Region 4: obs=2.459, exp=2.214, diff=+0.245 
Region 5: obs=1.927, exp=2.214, diff=-0.287 
Region 6: obs=1.751, exp=2.214, diff=-0.463 
Region 7: obs=2.245, exp=2.214, diff=+0.031 
Region 8: obs=2.541, exp=2.214, diff=+0.326 
Region 9: obs=1.956, exp=2.214, diff=-0.258 
Region 10: obs=2.487, exp=2.214, diff=+0.273 
Region 11: obs=2.058, exp=2.214, diff=-0.156 
Region 12: obs=2.197, exp=2.214, diff=-0.017 
Region 13: obs=2.162, exp=2.214, diff=-0.052 
Region 14: obs=1.925, exp=2.214, diff=-0.289 
Region 15: obs=2.244, exp=2.214, diff=+0.030 
Region 16: obs=1.934, exp=2.214, diff=-0.280 
Region 17: obs=2.292, exp=2.214, diff=+0.078 
Region 18: obs=2.299, exp=2.214, diff=+0.085 
Region 19: obs=2.626, exp=2.214, diff=+0.412 
Region 20: obs=2.587, exp=2.214, diff=+0.373 

[Gene CN Results]
  CYP2C9: 2.21 → 2.2142982482910156
Using device: cuda
num_sparse_entries: 176
max sparse_flat_index: 1231
expected max: 1231

=== Running VAE with seed 42 ===
Global Pooled JS: 0.000000
Seed 42, Step    0: Loss = 187.96 (Recon: 150.48, Allele KL: 10.33, Base KL: 1055.88, Functional KL: 0.00
Global Pooled JS: 0.000000
Seed 42, Step  500: Loss = 146.60 (Recon: 107.97, Allele KL: 7.51, Base KL: 6444.25, Functional KL: 0.00
Global Pooled JS: 0.000000
Seed 42, Step 1000: Loss = 122.04 (Recon: 81.62, Allele KL: 10.94, Base KL: 6391.44, Functional KL: 0.00
Global Pooled JS: 0.000000
Seed 42, Step 1500: Loss = 115.52 (Recon: 73.25, Allele KL: 13.08, Base KL: 6505.18, Functional KL: 0.00
Global Pooled JS: 0.000000
Seed 42, Step 2000: Loss = 117.08 (Recon: 72.02, Allele KL: 16.39, Base KL: 6167.60, Functional KL: 0.00
Global Pooled JS: 0.000000
Seed 42, Step 2500: Loss = 121.19 (Recon: 74.27, Allele KL: 17.51, Base KL: 6597.56, Functional KL: 0.00

Top Variants with Coverage Mismatches:
Rank   Variant                        Expected     Observed     Diff       |Div|       
------------------------------------------------------------------------------------------
New best model with final loss: 128.45

=== Running VAE with seed 123 ===
Global Pooled JS: 0.000000
Seed 123, Step    0: Loss = 279.22 (Recon: 236.01, Allele KL: 16.84, Base KL: 1636.29, Functional KL: 0.00
Global Pooled JS: 0.000000
Seed 123, Step  500: Loss = 120.37 (Recon: 77.61, Allele KL: 13.30, Base KL: 6388.61, Functional KL: 0.00
Global Pooled JS: 0.000000
Seed 123, Step 1000: Loss = 121.69 (Recon: 78.70, Allele KL: 13.73, Base KL: 6348.24, Functional KL: 0.00
Global Pooled JS: 0.000000
Seed 123, Step 1500: Loss = 125.89 (Recon: 80.60, Allele KL: 15.81, Base KL: 6388.13, Functional KL: 0.00
Global Pooled JS: 0.000000
Seed 123, Step 2000: Loss = 120.51 (Recon: 73.85, Allele KL: 17.65, Base KL: 6342.70, Functional KL: 0.00
Global Pooled JS: 0.000000
Seed 123, Step 2500: Loss = 121.27 (Recon: 73.02, Allele KL: 19.29, Base KL: 6355.79, Functional KL: 0.00

Top Variants with Coverage Mismatches:
Rank   Variant                        Expected     Observed     Diff       |Div|       
------------------------------------------------------------------------------------------
New best model with final loss: 122.31

=== Running VAE with seed 456 ===
Global Pooled JS: 0.000000
Seed 456, Step    0: Loss = 220.30 (Recon: 171.86, Allele KL: 19.82, Base KL: 1508.80, Functional KL: 0.00
Global Pooled JS: 0.000000
Seed 456, Step  500: Loss = 120.21 (Recon: 77.80, Allele KL: 13.07, Base KL: 6403.37, Functional KL: 0.00
Global Pooled JS: 0.000000
Seed 456, Step 1000: Loss = 122.17 (Recon: 75.06, Allele KL: 18.03, Base KL: 6304.08, Functional KL: 0.00
Global Pooled JS: 0.000000
Seed 456, Step 1500: Loss = 128.89 (Recon: 82.86, Allele KL: 16.30, Base KL: 6462.04, Functional KL: 0.00
Global Pooled JS: 0.000000
Seed 456, Step 2000: Loss = 119.93 (Recon: 78.03, Allele KL: 12.43, Base KL: 6428.03, Functional KL: 0.00
Global Pooled JS: 0.000000
Seed 456, Step 2500: Loss = 125.22 (Recon: 78.75, Allele KL: 17.14, Base KL: 6397.70, Functional KL: 0.00

Top Variants with Coverage Mismatches:
Rank   Variant                        Expected     Observed     Diff       |Div|       
------------------------------------------------------------------------------------------

=== Multi-Seed VAE Results ===
Best model had seed 123 with final loss: 122.31
All seeds final losses:
  Seed 42: Total=128.45 (Recon=87.86, A_KL=10.59, B_KL=6354.04)
  Seed 123: Total=122.31 (Recon=79.71, A_KL=12.99, B_KL=6504.05) <- Best
  Seed 456: Total=131.31 (Recon=85.92, A_KL=15.65, B_KL=6288.04)

[Raw]:
CYP2C9*1: Normalized=1.0000, Unnormalized=1.00

[Alleles]
CYP2C9*1
CYP2C9*1
	Command being timed: "python /home/qinghuiz/aidy/push/Neretva/neretva/cyp.py CYP2C9 /project/shared/aldy-data/wgs/NA18552.wgs.cram"
	User time (seconds): 148.38
	System time (seconds): 31.41
	Percent of CPU this job got: 99%
	Elapsed (wall clock) time (h:mm:ss or m:ss): 3:01.53
	Average shared text size (kbytes): 0
	Average unshared data size (kbytes): 0
	Average stack size (kbytes): 0
	Average total size (kbytes): 0
	Maximum resident set size (kbytes): 2775672
	Average resident set size (kbytes): 0
	Major (requiring I/O) page faults: 0
	Minor (reclaiming a frame) page faults: 847527
	Voluntary context switches: 23198
	Involuntary context switches: 385
	Swaps: 0
	File system inputs: 0
	File system outputs: 56
	Socket messages sent: 0
	Socket messages received: 0
	Signals delivered: 0
	Page size (bytes): 4096
	Exit status: 0
