2026-03-11 04:38:24.691330: I tensorflow/core/util/port.cc:111] oneDNN custom operations are on. You may see slightly different numerical results due to floating-point round-off errors from different computation orders. To turn them off, set the environment variable `TF_ENABLE_ONEDNN_OPTS=0`.
2026-03-11 04:38:24.730297: E tensorflow/compiler/xla/stream_executor/cuda/cuda_dnn.cc:9342] Unable to register cuDNN factory: Attempting to register factory for plugin cuDNN when one has already been registered
2026-03-11 04:38:24.730372: E tensorflow/compiler/xla/stream_executor/cuda/cuda_fft.cc:609] Unable to register cuFFT factory: Attempting to register factory for plugin cuFFT when one has already been registered
2026-03-11 04:38:24.730429: E tensorflow/compiler/xla/stream_executor/cuda/cuda_blas.cc:1518] Unable to register cuBLAS factory: Attempting to register factory for plugin cuBLAS when one has already been registered
2026-03-11 04:38:24.739395: I tensorflow/core/platform/cpu_feature_guard.cc:182] This TensorFlow binary is optimized to use available CPU instructions in performance-critical operations.
To enable the following instructions: AVX2 AVX512F AVX512_VNNI FMA, in other operations, rebuild TensorFlow with the appropriate compiler flags.
AttributeError: 'MessageFactory' object has no attribute 'GetPrototype'
2026-03-11 04:38:26.267702: W tensorflow/compiler/tf2tensorrt/utils/py_utils.cc:38] TF-TRT Warning: Could not find TensorRT
AttributeError: 'MessageFactory' object has no attribute 'GetPrototype'
[info] total indices 749
[info] total variants 749
2.001 was filtered out as 96702046 C>T needs T but not covered
2.003 was filtered out as 96702046 C>T needs T but not covered
2.004 was filtered out as 96702046 C>T needs T but not covered
4.001 was filtered out as 96741053 T>C needs C but not covered
5.001 was filtered out as 96741057 C>G needs G but not covered
6.001 was filtered out as 96709039 delA needs N but not covered
7.001 was filtered out as 96698493 C>A needs A but not covered
8.001 was filtered out as 96702065 G>A needs A but not covered
8.002 was filtered out as 96702065 G>A needs A but not covered
8.003 was filtered out as 96702065 G>A needs A but not covered
8.004 was filtered out as 96702065 G>A needs A but not covered
8.005 was filtered out as 96702065 G>A needs A but not covered
9.001 was filtered out as 96708973 A>G needs G but not covered
10.001 was filtered out as 96709036 A>G needs G but not covered
11.001 was filtered out as 96740980 C>T needs T but not covered
11.002 was filtered out as 96740980 C>T needs T but not covered
12.001 was filtered out as 96748776 C>T needs T but not covered
13.001 was filtered out as 96701714 T>C needs C but not covered
14.001 was filtered out as 96701990 G>A needs A but not covered
15.001 was filtered out as 96707538 C>A needs A but not covered
16.001 was filtered out as 96731935 A>G needs G but not covered
17.001 was filtered out as 96741121 C>T needs T but not covered
18.001 was filtered out as 96745829 A>C needs C but not covered
19.001 was filtered out as 96748673 G>C needs C but not covered
20.001 was filtered out as 96701653 G>C needs C but not covered
21.001 was filtered out as 96698527 C>T needs T but not covered
22.001 was filtered out as 96698559 A>G needs G but not covered
23.001 was filtered out as 96701671 G>A needs A but not covered
24.001 was filtered out as 96741037 G>A needs A but not covered
25.001 was filtered out as 96701969 delAGAAATGGAA needs N but not covered
26.001 was filtered out as 96702005 C>G needs G but not covered
27.001 was filtered out as 96702065 G>T needs T but not covered
28.001 was filtered out as 96707694 A>T needs T but not covered
29.001 was filtered out as 96731875 C>A needs A but not covered
30.001 was filtered out as 96748740 G>A needs A but not covered
31.001 was filtered out as 96740957 T>C needs C but not covered
32.001 was filtered out as 96748779 G>T needs T but not covered
33.001 was filtered out as 96702011 G>A needs A but not covered
34.001 was filtered out as 96740981 G>A needs A but not covered
35.001 was filtered out as 96702046 C>T needs T but not covered
36.001 was filtered out as 96698439 A>G needs G but not covered
37.001 was filtered out as 96698584 A>G needs G but not covered
38.001 was filtered out as 96701732 G>C needs C but not covered
39.001 was filtered out as 96701738 G>T needs T but not covered
40.001 was filtered out as 96701774 T>C needs C but not covered
41.001 was filtered out as 96701972 A>G needs G but not covered
42.001 was filtered out as 96701987 G>A needs A but not covered
43.001 was filtered out as 96701986 C>T needs T but not covered
44.001 was filtered out as 96702005 C>T needs T but not covered
45.001 was filtered out as 96702010 C>T needs T but not covered
46.001 was filtered out as 96702061 G>A needs A but not covered
47.001 was filtered out as 96707541 C>T needs T but not covered
48.001 was filtered out as 96707673 T>C needs C but not covered
49.001 was filtered out as 96708885 A>G needs G but not covered
50.001 was filtered out as 96708900 C>T needs T but not covered
51.001 was filtered out as 96731890 A>G needs G but not covered
52.001 was filtered out as 96731936 C>G needs G but not covered
53.001 was filtered out as 96731989 C>T needs T but not covered
54.001 was filtered out as 96741006 C>A needs A but not covered
55.001 was filtered out as 96741058 C>A needs A but not covered
56.001 was filtered out as 96745798 A>G needs G but not covered
57.001 was filtered out as 96707663 A>C needs C but not covered
58.001 was filtered out as 96740986 C>A needs A but not covered
59.001 was filtered out as 96748611 A>T needs T but not covered
60.001 was filtered out as 96748711 T>C needs C but not covered
61.001 was filtered out as 96702046 C>T needs T but not covered
61.002 was filtered out as 96702046 C>T needs T but not covered
62.001 was filtered out as 96701989 C>T needs T but not covered
63.001 was filtered out as 96702047 G>A needs A but not covered
64.001 was filtered out as 96731879 C>G needs G but not covered
65.001 was filtered out as 96740955 G>T needs T but not covered
66.001 was filtered out as 96741061 C>G needs G but not covered
67.001 was filtered out as 96748608 C>T needs T but not covered
68.001 was filtered out as 96741127 G>A needs A but not covered
69.001 was filtered out as 96707625 A>G needs G but not covered
70.001 was filtered out as 96748636 G>T needs T but not covered
71.001 was filtered out as 96709036 A>G needs G but not covered
72.001 was filtered out as 96702062 C>T needs T but not covered
73.001 was filtered out as 96702064 C>T needs T but not covered
74.001 was filtered out as 96707695 G>T needs T but not covered
75.001 was filtered out as 96745892 A>C needs C but not covered
76.001 was filtered out as 96698556 G>A needs A but not covered
77.001 was filtered out as 96701731 G>A needs A but not covered
78.001 was filtered out as 96701999 T>G needs G but not covered
79.001 was filtered out as 96741014 C>T needs T but not covered
80.001 was filtered out as 96698475 T>G needs G but not covered
81.001 was filtered out as 96731939 A>T needs T but not covered
82.001 was filtered out as 96708901 C>T needs T but not covered
83.001 was filtered out as 96698544 C>T needs T but not covered
84.001 was filtered out as 96745930 G>C needs C but not covered
85.001 was filtered out as 96708919 delT needs N but not covered
[filter] CYP2C9 1.001 => 1.001; 1.002; 1.005; 1.006; 1.007; 1.008; 1.009; 1.010; 1.011; 1.012; 1.013
[filter] CYP2C9 3.001 => 3.001; 3.002
[filter] valid_alleles=13
CYP2C9:96696874 → A:0, C*:49, G:0, M:0, N:0, P:0, T:0
CYP2C9:96696902 → A:18, C:0, G*:25, M:0, N:0, P:0, T:0
CYP2C9:96697251 → A:0, C:35, G:0, M:0, N:0, P:0, T*:0
CYP2C9:96697360 → A:0, C:0, G*:47, M:0, N:0, P:0, T:0
CYP2C9:96697458 → A:20, C:0, G*:28, M:0, N:0, P:0, T:0
CYP2C9:96697660 → A:0, C*:52, G:0, M:0, N:0, P:0, T:0
CYP2C9:96697758 → A:0, C*:45, G:0, M:0, N:0, P:0, T:0
CYP2C9:96697806 → A:0, C:0, G:0, M:0, N:0, P:0, T*:50
CYP2C9:96697929 → A:0, C:0, G*:49, M:0, N:0, P:0, T:0
CYP2C9:96698006 → A:0, C:0, G:0, M:0, N:0, P:0, T*:60
CYP2C9:96698064 → A:0, C:0, G:0, M:0, N:0, P:0, T*:63
CYP2C9:96698410 → A:0, C:0, G*:58, M:0, N:0, P:0, T:0
CYP2C9:96702006 → A:0, C:0, G*:45, M:0, N:0, P:0, T:0
CYP2C9:96741052^ → A*:28, C^:19, G:0, M:0, N:0, P:0, T:0
CYP2C9:96748634 → A:0, C*:56, G:0, M:0, N:0, P:0, T:0
CYP2C9:96748700 → A:0, C*:58, G:0, M:0, N:0, P:0, T:0
CYP2C9:96748736 → A*:31, C:0, G:0, M:0, N:0, P:0, T:28
Step 0: Loss=0.3893, CN=[2.0999167]
Step 100: Loss=0.0606, CN=[3.0253668]
Step 200: Loss=0.0606, CN=[3.0209627]
Step 300: Loss=0.0606, CN=[3.0209877]
Step 400: Loss=0.0606, CN=[3.0209877]

=== Fit ===
Region 0: obs=2.900, exp=3.021, diff=-0.121 
Region 1: obs=3.197, exp=3.021, diff=+0.176 
Region 2: obs=2.544, exp=3.021, diff=-0.477 
Region 3: obs=2.748, exp=3.021, diff=-0.273 
Region 4: obs=2.345, exp=3.021, diff=-0.676 *
Region 5: obs=2.917, exp=3.021, diff=-0.104 
Region 6: obs=2.791, exp=3.021, diff=-0.230 
Region 7: obs=3.082, exp=3.021, diff=+0.061 
Region 8: obs=3.645, exp=3.021, diff=+0.624 *
Region 9: obs=3.435, exp=3.021, diff=+0.414 
Region 10: obs=3.330, exp=3.021, diff=+0.309 
Region 11: obs=2.820, exp=3.021, diff=-0.201 
Region 12: obs=3.195, exp=3.021, diff=+0.174 
Region 13: obs=2.815, exp=3.021, diff=-0.206 
Region 14: obs=3.010, exp=3.021, diff=-0.010 
Region 15: obs=3.247, exp=3.021, diff=+0.226 
Region 16: obs=2.630, exp=3.021, diff=-0.391 
Region 17: obs=2.636, exp=3.021, diff=-0.385 
Region 18: obs=3.375, exp=3.021, diff=+0.354 
Region 19: obs=3.206, exp=3.021, diff=+0.185 
Region 20: obs=3.707, exp=3.021, diff=+0.686 *

[Gene CN Results]
  CYP2C9: 3.02 → 3.0209877490997314
Using device: cuda
num_sparse_entries: 221
max sparse_flat_index: 1546
expected max: 1546

=== Running VAE with seed 42 ===
Global Pooled JS: 0.005906
Seed 42, Step    0: Loss = 238.49 (Recon: 190.84, Allele KL: 20.50, Base KL: 1534.51, Functional KL: 0.01
Global Pooled JS: 0.005373
Seed 42, Step  500: Loss = 139.45 (Recon: 93.38, Allele KL: 18.91, Base KL: 4628.90, Functional KL: 0.01
Global Pooled JS: 0.006272
Seed 42, Step 1000: Loss = 141.64 (Recon: 93.08, Allele KL: 21.09, Base KL: 4786.24, Functional KL: 0.01
Global Pooled JS: 0.019004
Seed 42, Step 1500: Loss = 161.74 (Recon: 121.19, Allele KL: 11.96, Base KL: 4902.99, Functional KL: 0.02
Global Pooled JS: 0.005000
Seed 42, Step 2000: Loss = 142.22 (Recon: 97.20, Allele KL: 17.01, Base KL: 4952.71, Functional KL: 0.01
Global Pooled JS: 0.005911
Seed 42, Step 2500: Loss = 142.39 (Recon: 94.03, Allele KL: 21.09, Base KL: 4629.22, Functional KL: 0.01

Top Variants with Coverage Mismatches:
Rank   Variant                        Expected     Observed     Diff       |Div|       
------------------------------------------------------------------------------------------
1      CYP2C9:96741052→M              0.14         0.00         0.14       0.000981    
2      CYP2C9:96741052→N              0.14         0.00         0.14       0.000977    
3      CYP2C9:96741052→T              0.14         0.00         0.14       0.000967    
4      CYP2C9:96741052→P              0.14         0.00         0.14       0.000967    
5      CYP2C9:96741052→G              0.14         0.00         0.14       0.000932    
6      CYP2C9:96741052→A              29.11        28.00        1.11       0.000114    
7      CYP2C9:96741052→C              21.01        19.00        2.01       0.000026    
New best model with final loss: 145.80

=== Running VAE with seed 123 ===
Global Pooled JS: 0.030276
Seed 123, Step    0: Loss = 225.25 (Recon: 180.61, Allele KL: 16.54, Base KL: 2171.40, Functional KL: 0.03
Global Pooled JS: 0.005179
Seed 123, Step  500: Loss = 144.56 (Recon: 95.37, Allele KL: 21.42, Base KL: 4908.77, Functional KL: 0.01
Global Pooled JS: 0.005319
Seed 123, Step 1000: Loss = 148.92 (Recon: 101.80, Allele KL: 19.22, Base KL: 4839.29, Functional KL: 0.01
Global Pooled JS: 0.005848
Seed 123, Step 1500: Loss = 144.93 (Recon: 99.01, Allele KL: 18.02, Base KL: 4874.36, Functional KL: 0.01
Global Pooled JS: 0.010338
Seed 123, Step 2000: Loss = 146.71 (Recon: 100.94, Allele KL: 18.14, Base KL: 4710.00, Functional KL: 0.01
Global Pooled JS: 0.006637
Seed 123, Step 2500: Loss = 141.02 (Recon: 96.91, Allele KL: 16.22, Base KL: 4879.39, Functional KL: 0.01

Top Variants with Coverage Mismatches:
Rank   Variant                        Expected     Observed     Diff       |Div|       
------------------------------------------------------------------------------------------
1      CYP2C9:96741052→N              0.15         0.00         0.15       0.001021    
2      CYP2C9:96741052→T              0.15         0.00         0.15       0.001001    
3      CYP2C9:96741052→G              0.15         0.00         0.15       0.000999    
4      CYP2C9:96741052→P              0.14         0.00         0.14       0.000979    
5      CYP2C9:96741052→M              0.14         0.00         0.14       0.000965    
6      CYP2C9:96741052→A              27.57        28.00        -0.43      0.000624    
7      CYP2C9:96741052→C              22.53        19.00        3.53       0.000448    

=== Running VAE with seed 456 ===
Global Pooled JS: 0.133114
Seed 456, Step    0: Loss = 502.02 (Recon: 450.80, Allele KL: 25.06, Base KL: 2234.71, Functional KL: 0.13
Global Pooled JS: 0.008182
Seed 456, Step  500: Loss = 152.17 (Recon: 110.16, Allele KL: 14.03, Base KL: 4748.06, Functional KL: 0.01
Global Pooled JS: 0.004545
Seed 456, Step 1000: Loss = 140.60 (Recon: 96.96, Allele KL: 15.65, Base KL: 4922.42, Functional KL: 0.00
Global Pooled JS: 0.011564
Seed 456, Step 1500: Loss = 150.51 (Recon: 105.47, Allele KL: 17.06, Base KL: 4942.65, Functional KL: 0.01
Global Pooled JS: 0.005303
Seed 456, Step 2000: Loss = 140.25 (Recon: 92.57, Allele KL: 20.20, Base KL: 4829.91, Functional KL: 0.01
Global Pooled JS: 0.006130
Seed 456, Step 2500: Loss = 145.67 (Recon: 100.24, Allele KL: 17.53, Base KL: 4850.06, Functional KL: 0.01

Top Variants with Coverage Mismatches:
Rank   Variant                        Expected     Observed     Diff       |Div|       
------------------------------------------------------------------------------------------
1      CYP2C9:96741052→M              0.13         0.00         0.13       0.000912    
2      CYP2C9:96741052→G              0.13         0.00         0.13       0.000910    
3      CYP2C9:96741052→P              0.13         0.00         0.13       0.000904    
4      CYP2C9:96741052→T              0.13         0.00         0.13       0.000900    
5      CYP2C9:96741052→N              0.13         0.00         0.13       0.000896    
6      CYP2C9:96741052→A              29.82        28.00        1.82       0.000017    
7      CYP2C9:96741052→C              20.34        19.00        1.34       0.000005    
New best model with final loss: 142.85

=== Multi-Seed VAE Results ===
Best model had seed 456 with final loss: 142.85
All seeds final losses:
  Seed 42: Total=145.80 (Recon=104.27, A_KL=13.46, B_KL=4875.55)
  Seed 123: Total=148.18 (Recon=101.41, A_KL=19.09, B_KL=4662.47)
  Seed 456: Total=142.85 (Recon=97.19, A_KL=17.70, B_KL=4866.46) <- Best

[Raw]:
CYP2C9*1: Normalized=0.5840, Unnormalized=0.58
CYP2C9*3: Normalized=0.4160, Unnormalized=0.42

[Alleles]
CYP2C9*1
CYP2C9*3
	Command being timed: "python /home/qinghuiz/aidy/push/Neretva/neretva/cyp.py CYP2C9 /project/shared/aldy-data/wgs/NA18524.wgs.cram"
	User time (seconds): 148.63
	System time (seconds): 31.41
	Percent of CPU this job got: 99%
	Elapsed (wall clock) time (h:mm:ss or m:ss): 3:00.94
	Average shared text size (kbytes): 0
	Average unshared data size (kbytes): 0
	Average stack size (kbytes): 0
	Average total size (kbytes): 0
	Maximum resident set size (kbytes): 2807696
	Average resident set size (kbytes): 0
	Major (requiring I/O) page faults: 0
	Minor (reclaiming a frame) page faults: 820786
	Voluntary context switches: 25220
	Involuntary context switches: 4333
	Swaps: 0
	File system inputs: 0
	File system outputs: 56
	Socket messages sent: 0
	Socket messages received: 0
	Signals delivered: 0
	Page size (bytes): 4096
	Exit status: 0
