2026-05-15 23:02:35.906558: I tensorflow/core/util/port.cc:111] oneDNN custom operations are on. You may see slightly different numerical results due to floating-point round-off errors from different computation orders. To turn them off, set the environment variable `TF_ENABLE_ONEDNN_OPTS=0`.
2026-05-15 23:02:35.943147: E tensorflow/compiler/xla/stream_executor/cuda/cuda_dnn.cc:9342] Unable to register cuDNN factory: Attempting to register factory for plugin cuDNN when one has already been registered
2026-05-15 23:02:35.943317: E tensorflow/compiler/xla/stream_executor/cuda/cuda_fft.cc:609] Unable to register cuFFT factory: Attempting to register factory for plugin cuFFT when one has already been registered
2026-05-15 23:02:35.943376: E tensorflow/compiler/xla/stream_executor/cuda/cuda_blas.cc:1518] Unable to register cuBLAS factory: Attempting to register factory for plugin cuBLAS when one has already been registered
2026-05-15 23:02:35.951657: I tensorflow/core/platform/cpu_feature_guard.cc:182] This TensorFlow binary is optimized to use available CPU instructions in performance-critical operations.
To enable the following instructions: AVX2 AVX512F AVX512_VNNI FMA, in other operations, rebuild TensorFlow with the appropriate compiler flags.
AttributeError: 'MessageFactory' object has no attribute 'GetPrototype'
2026-05-15 23:02:36.954757: W tensorflow/compiler/tf2tensorrt/utils/py_utils.cc:38] TF-TRT Warning: Could not find TensorRT
AttributeError: 'MessageFactory' object has no attribute 'GetPrototype'
[info] total indices 749
[info] total variants 749
2.001 was filtered out as 96702046 C>T needs T but not covered
2.003 was filtered out as 96702046 C>T needs T but not covered
2.004 was filtered out as 96702046 C>T needs T but not covered
3.001 was filtered out as 96741052 A>C needs C but not covered
3.002 was filtered out as 96741052 A>C needs C but not covered
4.001 was filtered out as 96741053 T>C needs C but not covered
5.001 was filtered out as 96741057 C>G needs G but not covered
6.001 was filtered out as 96709039 delA needs N but not covered
7.001 was filtered out as 96698493 C>A needs A but not covered
8.001 was filtered out as 96702065 G>A needs A but not covered
8.002 was filtered out as 96702065 G>A needs A but not covered
8.003 was filtered out as 96702065 G>A needs A but not covered
8.004 was filtered out as 96702065 G>A needs A but not covered
8.005 was filtered out as 96702065 G>A needs A but not covered
9.001 was filtered out as 96708973 A>G needs G but not covered
10.001 was filtered out as 96709036 A>G needs G but not covered
11.001 was filtered out as 96740980 C>T needs T but not covered
11.002 was filtered out as 96740980 C>T needs T but not covered
12.001 was filtered out as 96748776 C>T needs T but not covered
13.001 was filtered out as 96701714 T>C needs C but not covered
14.001 was filtered out as 96701990 G>A needs A but not covered
15.001 was filtered out as 96707538 C>A needs A but not covered
16.001 was filtered out as 96731935 A>G needs G but not covered
17.001 was filtered out as 96741121 C>T needs T but not covered
18.001 was filtered out as 96741052 A>C needs C but not covered
19.001 was filtered out as 96748673 G>C needs C but not covered
20.001 was filtered out as 96701653 G>C needs C but not covered
21.001 was filtered out as 96698527 C>T needs T but not covered
22.001 was filtered out as 96698559 A>G needs G but not covered
23.001 was filtered out as 96701671 G>A needs A but not covered
24.001 was filtered out as 96741037 G>A needs A but not covered
25.001 was filtered out as 96701969 delAGAAATGGAA needs N but not covered
26.001 was filtered out as 96702005 C>G needs G but not covered
27.001 was filtered out as 96702065 G>T needs T but not covered
28.001 was filtered out as 96707694 A>T needs T but not covered
29.001 was filtered out as 96731875 C>A needs A but not covered
30.001 was filtered out as 96748740 G>A needs A but not covered
31.001 was filtered out as 96740957 T>C needs C but not covered
32.001 was filtered out as 96748779 G>T needs T but not covered
33.001 was filtered out as 96702011 G>A needs A but not covered
34.001 was filtered out as 96740981 G>A needs A but not covered
35.001 was filtered out as 96702046 C>T needs T but not covered
36.001 was filtered out as 96698439 A>G needs G but not covered
37.001 was filtered out as 96698584 A>G needs G but not covered
38.001 was filtered out as 96701732 G>C needs C but not covered
39.001 was filtered out as 96701738 G>T needs T but not covered
40.001 was filtered out as 96701774 T>C needs C but not covered
41.001 was filtered out as 96701972 A>G needs G but not covered
42.001 was filtered out as 96701987 G>A needs A but not covered
43.001 was filtered out as 96701986 C>T needs T but not covered
44.001 was filtered out as 96702005 C>T needs T but not covered
45.001 was filtered out as 96702010 C>T needs T but not covered
46.001 was filtered out as 96702061 G>A needs A but not covered
47.001 was filtered out as 96707541 C>T needs T but not covered
48.001 was filtered out as 96707673 T>C needs C but not covered
49.001 was filtered out as 96708885 A>G needs G but not covered
50.001 was filtered out as 96708900 C>T needs T but not covered
51.001 was filtered out as 96731890 A>G needs G but not covered
52.001 was filtered out as 96731936 C>G needs G but not covered
53.001 was filtered out as 96731989 C>T needs T but not covered
54.001 was filtered out as 96741006 C>A needs A but not covered
55.001 was filtered out as 96741058 C>A needs A but not covered
56.001 was filtered out as 96745798 A>G needs G but not covered
57.001 was filtered out as 96707663 A>C needs C but not covered
58.001 was filtered out as 96740986 C>A needs A but not covered
59.001 was filtered out as 96748611 A>T needs T but not covered
60.001 was filtered out as 96748711 T>C needs C but not covered
61.001 was filtered out as 96702046 C>T needs T but not covered
61.002 was filtered out as 96702046 C>T needs T but not covered
62.001 was filtered out as 96701989 C>T needs T but not covered
63.001 was filtered out as 96702047 G>A needs A but not covered
64.001 was filtered out as 96731879 C>G needs G but not covered
65.001 was filtered out as 96740955 G>T needs T but not covered
66.001 was filtered out as 96741061 C>G needs G but not covered
67.001 was filtered out as 96748608 C>T needs T but not covered
68.001 was filtered out as 96741052 A>C needs C but not covered
69.001 was filtered out as 96707625 A>G needs G but not covered
70.001 was filtered out as 96748636 G>T needs T but not covered
71.001 was filtered out as 96709036 A>G needs G but not covered
72.001 was filtered out as 96702062 C>T needs T but not covered
73.001 was filtered out as 96702064 C>T needs T but not covered
74.001 was filtered out as 96707695 G>T needs T but not covered
75.001 was filtered out as 96745892 A>C needs C but not covered
76.001 was filtered out as 96698556 G>A needs A but not covered
77.001 was filtered out as 96701731 G>A needs A but not covered
78.001 was filtered out as 96701999 T>G needs G but not covered
79.001 was filtered out as 96741014 C>T needs T but not covered
80.001 was filtered out as 96698475 T>G needs G but not covered
81.001 was filtered out as 96731939 A>T needs T but not covered
82.001 was filtered out as 96708901 C>T needs T but not covered
83.001 was filtered out as 96698544 C>T needs T but not covered
84.001 was filtered out as 96745930 G>C needs C but not covered
85.001 was filtered out as 96708919 delT needs N but not covered
[filter] CYP2C9 1.001 => 1.001; 1.002; 1.005; 1.006; 1.007; 1.008; 1.009; 1.010; 1.011; 1.012; 1.013
[filter] valid_alleles=11
Step 0: Loss=0.2590, CN=[2.0999167]
Step 100: Loss=0.0524, CN=[2.7539139]
Step 200: Loss=0.0524, CN=[2.7509744]
Step 300: Loss=0.0524, CN=[2.7509913]
Step 400: Loss=0.0524, CN=[2.750991]

=== Fit ===
Region 0: obs=2.948, exp=2.751, diff=+0.197 
Region 1: obs=2.348, exp=2.751, diff=-0.403 
Region 2: obs=2.484, exp=2.751, diff=-0.267 
Region 3: obs=2.749, exp=2.751, diff=-0.002 
Region 4: obs=2.628, exp=2.751, diff=-0.123 
Region 5: obs=2.347, exp=2.751, diff=-0.404 
Region 6: obs=2.625, exp=2.751, diff=-0.126 
Region 7: obs=2.944, exp=2.751, diff=+0.193 
Region 8: obs=3.201, exp=2.751, diff=+0.450 
Region 9: obs=2.660, exp=2.751, diff=-0.091 
Region 10: obs=2.816, exp=2.751, diff=+0.065 
Region 11: obs=2.624, exp=2.751, diff=-0.127 
Region 12: obs=3.212, exp=2.751, diff=+0.461 
Region 13: obs=2.714, exp=2.751, diff=-0.037 
Region 14: obs=2.629, exp=2.751, diff=-0.122 
Region 15: obs=3.024, exp=2.751, diff=+0.273 
Region 16: obs=3.458, exp=2.751, diff=+0.707 *
Region 17: obs=2.805, exp=2.751, diff=+0.054 
Region 18: obs=2.242, exp=2.751, diff=-0.509 *
Region 19: obs=2.286, exp=2.751, diff=-0.465 
Region 20: obs=3.225, exp=2.751, diff=+0.474 

[Gene CN Results]
  CYP2C9: 2.75 → 2.750991106033325
Using device: cuda

=== Running VAE with seed 42 ===
Global Pooled JS: 0.000000
Seed 42, Step    0: Loss = 205.28 (Recon: 171.97, Allele KL: 5.85, Base KL: 763.08, Functional KL: 0.00
Global Pooled JS: 0.000000
Seed 42, Step  500: Loss = 127.30 (Recon: 82.13, Allele KL: 17.74, Base KL: 3881.20, Functional KL: 0.00
Global Pooled JS: 0.000000
Seed 42, Step 1000: Loss = 124.31 (Recon: 80.58, Allele KL: 15.90, Base KL: 3861.98, Functional KL: 0.00
Global Pooled JS: 0.000000
Seed 42, Step 1500: Loss = 143.93 (Recon: 101.41, Allele KL: 14.96, Base KL: 3976.40, Functional KL: 0.00
Global Pooled JS: 0.000000
Seed 42, Step 2000: Loss = 123.85 (Recon: 81.90, Allele KL: 14.35, Base KL: 3744.17, Functional KL: 0.00
Global Pooled JS: 0.000000
Seed 42, Step 2500: Loss = 122.32 (Recon: 79.11, Allele KL: 15.44, Base KL: 3805.66, Functional KL: 0.00

Top Variants with Coverage Mismatches:
Rank   Variant                        Expected     Observed     Diff       |Div|       
------------------------------------------------------------------------------------------
New best model with final loss: 127.29

=== Running VAE with seed 123 ===
Global Pooled JS: 0.000000
Seed 123, Step    0: Loss = 249.23 (Recon: 212.41, Allele KL: 10.54, Base KL: 1051.22, Functional KL: 0.00
Global Pooled JS: 0.000000
Seed 123, Step  500: Loss = 124.24 (Recon: 79.05, Allele KL: 17.19, Base KL: 3907.99, Functional KL: 0.00
Global Pooled JS: 0.000000
Seed 123, Step 1000: Loss = 128.57 (Recon: 88.83, Allele KL: 11.49, Base KL: 3878.89, Functional KL: 0.00
Global Pooled JS: 0.000000
Seed 123, Step 1500: Loss = 127.50 (Recon: 82.24, Allele KL: 17.36, Base KL: 3888.36, Functional KL: 0.00
Global Pooled JS: 0.000000
Seed 123, Step 2000: Loss = 123.79 (Recon: 80.34, Allele KL: 15.71, Base KL: 3800.60, Functional KL: 0.00
Global Pooled JS: 0.000000
Seed 123, Step 2500: Loss = 123.83 (Recon: 80.15, Allele KL: 15.71, Base KL: 3928.26, Functional KL: 0.00

Top Variants with Coverage Mismatches:
Rank   Variant                        Expected     Observed     Diff       |Div|       
------------------------------------------------------------------------------------------

=== Running VAE with seed 456 ===
Global Pooled JS: 0.000000
Seed 456, Step    0: Loss = 186.02 (Recon: 145.02, Allele KL: 12.72, Base KL: 973.52, Functional KL: 0.00
Global Pooled JS: 0.000000
Seed 456, Step  500: Loss = 125.15 (Recon: 80.40, Allele KL: 16.80, Base KL: 3922.06, Functional KL: 0.00
Global Pooled JS: 0.000000
Seed 456, Step 1000: Loss = 123.84 (Recon: 83.88, Allele KL: 11.71, Base KL: 3937.36, Functional KL: 0.00
Global Pooled JS: 0.000000
Seed 456, Step 1500: Loss = 129.62 (Recon: 86.60, Allele KL: 14.86, Base KL: 3943.10, Functional KL: 0.00
Global Pooled JS: 0.000000
Seed 456, Step 2000: Loss = 121.88 (Recon: 78.21, Allele KL: 15.93, Base KL: 3889.24, Functional KL: 0.00
Global Pooled JS: 0.000000
Seed 456, Step 2500: Loss = 128.06 (Recon: 82.84, Allele KL: 17.18, Base KL: 3885.81, Functional KL: 0.00

Top Variants with Coverage Mismatches:
Rank   Variant                        Expected     Observed     Diff       |Div|       
------------------------------------------------------------------------------------------

=== Multi-Seed VAE Results ===
Best model had seed 42 with final loss: 127.29
All seeds final losses:
  Seed 42: Total=127.29 (Recon=84.23, A_KL=14.70, B_KL=3986.61) <- Best
  Seed 123: Total=130.45 (Recon=88.01, A_KL=14.24, B_KL=3825.53)
  Seed 456: Total=128.94 (Recon=83.83, A_KL=16.97, B_KL=3933.18)
[time] run_vae took 122.08s (2,662.30859375 MB; 2,662.30859375 MB)

[Raw]:
CYP2C9*1: Normalized=1.0000, Unnormalized=1.00

[Alleles]
CYP2C9*1
CYP2C9*1
	Command being timed: "python cyp.py CYP2C9 /project/shared/aldy-data/wgs/NA18540.wgs.cram"
	User time (seconds): 116.03
	System time (seconds): 16.44
	Percent of CPU this job got: 99%
	Elapsed (wall clock) time (h:mm:ss or m:ss): 2:13.52
	Average shared text size (kbytes): 0
	Average unshared data size (kbytes): 0
	Average stack size (kbytes): 0
	Average total size (kbytes): 0
	Maximum resident set size (kbytes): 2726224
	Average resident set size (kbytes): 0
	Major (requiring I/O) page faults: 0
	Minor (reclaiming a frame) page faults: 857433
	Voluntary context switches: 22439
	Involuntary context switches: 210
	Swaps: 0
	File system inputs: 0
	File system outputs: 48
	Socket messages sent: 0
	Socket messages received: 0
	Signals delivered: 0
	Page size (bytes): 4096
	Exit status: 0
