2026-05-15 23:11:01.387874: I tensorflow/core/util/port.cc:111] oneDNN custom operations are on. You may see slightly different numerical results due to floating-point round-off errors from different computation orders. To turn them off, set the environment variable `TF_ENABLE_ONEDNN_OPTS=0`.
2026-05-15 23:11:01.481199: E tensorflow/compiler/xla/stream_executor/cuda/cuda_dnn.cc:9342] Unable to register cuDNN factory: Attempting to register factory for plugin cuDNN when one has already been registered
2026-05-15 23:11:01.481406: E tensorflow/compiler/xla/stream_executor/cuda/cuda_fft.cc:609] Unable to register cuFFT factory: Attempting to register factory for plugin cuFFT when one has already been registered
2026-05-15 23:11:01.481607: E tensorflow/compiler/xla/stream_executor/cuda/cuda_blas.cc:1518] Unable to register cuBLAS factory: Attempting to register factory for plugin cuBLAS when one has already been registered
2026-05-15 23:11:01.497381: I tensorflow/core/platform/cpu_feature_guard.cc:182] This TensorFlow binary is optimized to use available CPU instructions in performance-critical operations.
To enable the following instructions: AVX2 AVX512F AVX512_VNNI FMA, in other operations, rebuild TensorFlow with the appropriate compiler flags.
AttributeError: 'MessageFactory' object has no attribute 'GetPrototype'
2026-05-15 23:11:02.833763: W tensorflow/compiler/tf2tensorrt/utils/py_utils.cc:38] TF-TRT Warning: Could not find TensorRT
AttributeError: 'MessageFactory' object has no attribute 'GetPrototype'
[info] total indices 749
[info] total variants 749
2.001 was filtered out as 96702046 C>T needs T but not covered
2.003 was filtered out as 96702046 C>T needs T but not covered
2.004 was filtered out as 96702046 C>T needs T but not covered
3.001 was filtered out as 96741052 A>C needs C but not covered
3.002 was filtered out as 96741052 A>C needs C but not covered
4.001 was filtered out as 96741053 T>C needs C but not covered
5.001 was filtered out as 96741057 C>G needs G but not covered
6.001 was filtered out as 96709039 delA needs N but not covered
7.001 was filtered out as 96698493 C>A needs A but not covered
8.001 was filtered out as 96702065 G>A needs A but not covered
8.002 was filtered out as 96702065 G>A needs A but not covered
8.003 was filtered out as 96702065 G>A needs A but not covered
8.004 was filtered out as 96702065 G>A needs A but not covered
8.005 was filtered out as 96702065 G>A needs A but not covered
9.001 was filtered out as 96708973 A>G needs G but not covered
10.001 was filtered out as 96709036 A>G needs G but not covered
11.001 was filtered out as 96740980 C>T needs T but not covered
11.002 was filtered out as 96740980 C>T needs T but not covered
12.001 was filtered out as 96748776 C>T needs T but not covered
13.001 was filtered out as 96701714 T>C needs C but not covered
14.001 was filtered out as 96701990 G>A needs A but not covered
15.001 was filtered out as 96707538 C>A needs A but not covered
16.001 was filtered out as 96731935 A>G needs G but not covered
17.001 was filtered out as 96741121 C>T needs T but not covered
18.001 was filtered out as 96741052 A>C needs C but not covered
19.001 was filtered out as 96748673 G>C needs C but not covered
20.001 was filtered out as 96701653 G>C needs C but not covered
21.001 was filtered out as 96698527 C>T needs T but not covered
22.001 was filtered out as 96698559 A>G needs G but not covered
23.001 was filtered out as 96701671 G>A needs A but not covered
24.001 was filtered out as 96741037 G>A needs A but not covered
25.001 was filtered out as 96701969 delAGAAATGGAA needs N but not covered
26.001 was filtered out as 96702005 C>G needs G but not covered
27.001 was filtered out as 96702065 G>T needs T but not covered
28.001 was filtered out as 96707694 A>T needs T but not covered
29.001 was filtered out as 96731875 C>A needs A but not covered
30.001 was filtered out as 96748740 G>A needs A but not covered
31.001 was filtered out as 96740957 T>C needs C but not covered
32.001 was filtered out as 96748779 G>T needs T but not covered
33.001 was filtered out as 96702011 G>A needs A but not covered
34.001 was filtered out as 96740981 G>A needs A but not covered
35.001 was filtered out as 96702046 C>T needs T but not covered
36.001 was filtered out as 96698439 A>G needs G but not covered
37.001 was filtered out as 96698584 A>G needs G but not covered
38.001 was filtered out as 96701732 G>C needs C but not covered
39.001 was filtered out as 96701738 G>T needs T but not covered
40.001 was filtered out as 96701774 T>C needs C but not covered
41.001 was filtered out as 96701972 A>G needs G but not covered
42.001 was filtered out as 96701987 G>A needs A but not covered
43.001 was filtered out as 96701986 C>T needs T but not covered
44.001 was filtered out as 96702005 C>T needs T but not covered
45.001 was filtered out as 96702010 C>T needs T but not covered
46.001 was filtered out as 96702061 G>A needs A but not covered
47.001 was filtered out as 96707541 C>T needs T but not covered
48.001 was filtered out as 96707673 T>C needs C but not covered
49.001 was filtered out as 96708885 A>G needs G but not covered
50.001 was filtered out as 96708900 C>T needs T but not covered
51.001 was filtered out as 96731890 A>G needs G but not covered
52.001 was filtered out as 96731936 C>G needs G but not covered
53.001 was filtered out as 96731989 C>T needs T but not covered
54.001 was filtered out as 96741006 C>A needs A but not covered
55.001 was filtered out as 96741058 C>A needs A but not covered
56.001 was filtered out as 96745798 A>G needs G but not covered
57.001 was filtered out as 96707663 A>C needs C but not covered
58.001 was filtered out as 96740986 C>A needs A but not covered
59.001 was filtered out as 96748611 A>T needs T but not covered
60.001 was filtered out as 96748711 T>C needs C but not covered
61.001 was filtered out as 96702046 C>T needs T but not covered
61.002 was filtered out as 96702046 C>T needs T but not covered
62.001 was filtered out as 96701989 C>T needs T but not covered
63.001 was filtered out as 96702047 G>A needs A but not covered
64.001 was filtered out as 96731879 C>G needs G but not covered
65.001 was filtered out as 96740955 G>T needs T but not covered
66.001 was filtered out as 96741061 C>G needs G but not covered
67.001 was filtered out as 96748608 C>T needs T but not covered
68.001 was filtered out as 96741052 A>C needs C but not covered
69.001 was filtered out as 96707625 A>G needs G but not covered
70.001 was filtered out as 96748636 G>T needs T but not covered
71.001 was filtered out as 96709036 A>G needs G but not covered
72.001 was filtered out as 96702062 C>T needs T but not covered
73.001 was filtered out as 96702064 C>T needs T but not covered
74.001 was filtered out as 96707695 G>T needs T but not covered
75.001 was filtered out as 96745892 A>C needs C but not covered
76.001 was filtered out as 96698556 G>A needs A but not covered
77.001 was filtered out as 96701731 G>A needs A but not covered
78.001 was filtered out as 96701999 T>G needs G but not covered
79.001 was filtered out as 96741014 C>T needs T but not covered
80.001 was filtered out as 96698475 T>G needs G but not covered
81.001 was filtered out as 96731939 A>T needs T but not covered
82.001 was filtered out as 96708901 C>T needs T but not covered
83.001 was filtered out as 96698544 C>T needs T but not covered
84.001 was filtered out as 96745930 G>C needs C but not covered
85.001 was filtered out as 96708919 delT needs N but not covered
[filter] CYP2C9 1.001 => 1.001; 1.002; 1.005; 1.006; 1.007; 1.008; 1.009; 1.010; 1.011; 1.012; 1.013
[filter] valid_alleles=11
Step 0: Loss=0.1293, CN=[2.0999167]
Step 100: Loss=0.0561, CN=[2.4163165]
Step 200: Loss=0.0561, CN=[2.4181004]
Step 300: Loss=0.0561, CN=[2.4180899]
Step 400: Loss=0.0561, CN=[2.41809]

=== Fit ===
Region 0: obs=2.724, exp=2.418, diff=+0.305 
Region 1: obs=2.535, exp=2.418, diff=+0.117 
Region 2: obs=2.574, exp=2.418, diff=+0.156 
Region 3: obs=2.621, exp=2.418, diff=+0.203 
Region 4: obs=1.991, exp=2.418, diff=-0.427 
Region 5: obs=1.957, exp=2.418, diff=-0.462 
Region 6: obs=1.967, exp=2.418, diff=-0.451 
Region 7: obs=2.418, exp=2.418, diff=-0.001 
Region 8: obs=2.472, exp=2.418, diff=+0.054 
Region 9: obs=2.425, exp=2.418, diff=+0.007 
Region 10: obs=3.136, exp=2.418, diff=+0.718 *
Region 11: obs=2.440, exp=2.418, diff=+0.022 
Region 12: obs=2.289, exp=2.418, diff=-0.129 
Region 13: obs=2.590, exp=2.418, diff=+0.171 
Region 14: obs=2.104, exp=2.418, diff=-0.314 
Region 15: obs=2.489, exp=2.418, diff=+0.071 
Region 16: obs=2.762, exp=2.418, diff=+0.344 
Region 17: obs=2.531, exp=2.418, diff=+0.112 
Region 18: obs=1.778, exp=2.418, diff=-0.640 *
Region 19: obs=2.137, exp=2.418, diff=-0.281 
Region 20: obs=3.031, exp=2.418, diff=+0.613 *

[Gene CN Results]
  CYP2C9: 2.42 → 2.4180898666381836
Using device: cuda

=== Running VAE with seed 42 ===
Global Pooled JS: 0.000000
Seed 42, Step    0: Loss = 224.83 (Recon: 189.08, Allele KL: 8.22, Base KL: 1122.92, Functional KL: 0.00
Global Pooled JS: 0.000000
Seed 42, Step  500: Loss = 135.49 (Recon: 91.23, Allele KL: 15.47, Base KL: 4438.91, Functional KL: 0.00
Global Pooled JS: 0.000000
Seed 42, Step 1000: Loss = 135.55 (Recon: 85.26, Allele KL: 22.33, Base KL: 4402.75, Functional KL: 0.00
Global Pooled JS: 0.000000
Seed 42, Step 1500: Loss = 133.33 (Recon: 87.02, Allele KL: 17.96, Base KL: 4618.11, Functional KL: 0.00
Global Pooled JS: 0.000000
Seed 42, Step 2000: Loss = 136.45 (Recon: 86.17, Allele KL: 22.21, Base KL: 4321.76, Functional KL: 0.00
Global Pooled JS: 0.000000
Seed 42, Step 2500: Loss = 136.20 (Recon: 91.91, Allele KL: 15.78, Base KL: 4364.04, Functional KL: 0.00

Top Variants with Coverage Mismatches:
Rank   Variant                        Expected     Observed     Diff       |Div|       
------------------------------------------------------------------------------------------
New best model with final loss: 136.14

=== Running VAE with seed 123 ===
Global Pooled JS: 0.000000
Seed 123, Step    0: Loss = 323.55 (Recon: 282.85, Allele KL: 14.31, Base KL: 1472.40, Functional KL: 0.00
Global Pooled JS: 0.000000
Seed 123, Step  500: Loss = 133.48 (Recon: 88.66, Allele KL: 16.38, Base KL: 4405.98, Functional KL: 0.00
Global Pooled JS: 0.000000
Seed 123, Step 1000: Loss = 136.05 (Recon: 92.94, Allele KL: 14.51, Base KL: 4446.11, Functional KL: 0.00
Global Pooled JS: 0.000000
Seed 123, Step 1500: Loss = 140.68 (Recon: 97.82, Allele KL: 14.07, Base KL: 4477.84, Functional KL: 0.00
Global Pooled JS: 0.000000
Seed 123, Step 2000: Loss = 135.40 (Recon: 92.56, Allele KL: 14.36, Base KL: 4447.26, Functional KL: 0.00
Global Pooled JS: 0.000000
Seed 123, Step 2500: Loss = 133.27 (Recon: 85.79, Allele KL: 19.41, Base KL: 4392.20, Functional KL: 0.00

Top Variants with Coverage Mismatches:
Rank   Variant                        Expected     Observed     Diff       |Div|       
------------------------------------------------------------------------------------------

=== Running VAE with seed 456 ===
Global Pooled JS: 0.000000
Seed 456, Step    0: Loss = 204.13 (Recon: 160.47, Allele KL: 15.01, Base KL: 1293.62, Functional KL: 0.00
Global Pooled JS: 0.000000
Seed 456, Step  500: Loss = 135.34 (Recon: 91.19, Allele KL: 15.65, Base KL: 4445.65, Functional KL: 0.00
Global Pooled JS: 0.000000
Seed 456, Step 1000: Loss = 133.47 (Recon: 88.91, Allele KL: 16.06, Base KL: 4430.31, Functional KL: 0.00
Global Pooled JS: 0.000000
Seed 456, Step 1500: Loss = 140.96 (Recon: 94.67, Allele KL: 17.91, Base KL: 4341.76, Functional KL: 0.00
Global Pooled JS: 0.000000
Seed 456, Step 2000: Loss = 132.66 (Recon: 86.38, Allele KL: 17.91, Base KL: 4583.69, Functional KL: 0.00
Global Pooled JS: 0.000000
Seed 456, Step 2500: Loss = 137.31 (Recon: 92.20, Allele KL: 16.55, Base KL: 4519.63, Functional KL: 0.00

Top Variants with Coverage Mismatches:
Rank   Variant                        Expected     Observed     Diff       |Div|       
------------------------------------------------------------------------------------------

=== Multi-Seed VAE Results ===
Best model had seed 42 with final loss: 136.14
All seeds final losses:
  Seed 42: Total=136.14 (Recon=92.05, A_KL=15.67, B_KL=4563.57) <- Best
  Seed 123: Total=137.68 (Recon=94.36, A_KL=14.56, B_KL=4534.98)
  Seed 456: Total=137.57 (Recon=94.34, A_KL=15.05, B_KL=4327.14)
[time] run_vae took 113.39s (2,700.5078125 MB; 2,700.5078125 MB)

[Raw]:
CYP2C9*1: Normalized=1.0000, Unnormalized=1.00

[Alleles]
CYP2C9*1
CYP2C9*1
	Command being timed: "python cyp.py CYP2C9 /project/shared/aldy-data/wgs/NA18868.wgs.cram"
	User time (seconds): 108.31
	System time (seconds): 16.76
	Percent of CPU this job got: 99%
	Elapsed (wall clock) time (h:mm:ss or m:ss): 2:05.68
	Average shared text size (kbytes): 0
	Average unshared data size (kbytes): 0
	Average stack size (kbytes): 0
	Average total size (kbytes): 0
	Maximum resident set size (kbytes): 2765340
	Average resident set size (kbytes): 0
	Major (requiring I/O) page faults: 1
	Minor (reclaiming a frame) page faults: 905826
	Voluntary context switches: 24385
	Involuntary context switches: 157
	Swaps: 0
	File system inputs: 0
	File system outputs: 48
	Socket messages sent: 0
	Socket messages received: 0
	Signals delivered: 0
	Page size (bytes): 4096
	Exit status: 0
