2026-03-11 04:44:24.352603: I tensorflow/core/util/port.cc:111] oneDNN custom operations are on. You may see slightly different numerical results due to floating-point round-off errors from different computation orders. To turn them off, set the environment variable `TF_ENABLE_ONEDNN_OPTS=0`.
2026-03-11 04:44:24.393903: E tensorflow/compiler/xla/stream_executor/cuda/cuda_dnn.cc:9342] Unable to register cuDNN factory: Attempting to register factory for plugin cuDNN when one has already been registered
2026-03-11 04:44:24.394071: E tensorflow/compiler/xla/stream_executor/cuda/cuda_fft.cc:609] Unable to register cuFFT factory: Attempting to register factory for plugin cuFFT when one has already been registered
2026-03-11 04:44:24.394315: E tensorflow/compiler/xla/stream_executor/cuda/cuda_blas.cc:1518] Unable to register cuBLAS factory: Attempting to register factory for plugin cuBLAS when one has already been registered
2026-03-11 04:44:24.403792: I tensorflow/core/platform/cpu_feature_guard.cc:182] This TensorFlow binary is optimized to use available CPU instructions in performance-critical operations.
To enable the following instructions: AVX2 AVX512F AVX512_VNNI FMA, in other operations, rebuild TensorFlow with the appropriate compiler flags.
AttributeError: 'MessageFactory' object has no attribute 'GetPrototype'
2026-03-11 04:44:25.554494: W tensorflow/compiler/tf2tensorrt/utils/py_utils.cc:38] TF-TRT Warning: Could not find TensorRT
AttributeError: 'MessageFactory' object has no attribute 'GetPrototype'
[info] total indices 749
[info] total variants 749
2.001 was filtered out as 96702046 C>T needs T but not covered
2.003 was filtered out as 96702046 C>T needs T but not covered
2.004 was filtered out as 96702046 C>T needs T but not covered
3.001 was filtered out as 96741052 A>C needs C but not covered
3.002 was filtered out as 96741052 A>C needs C but not covered
4.001 was filtered out as 96741053 T>C needs C but not covered
5.001 was filtered out as 96741057 C>G needs G but not covered
6.001 was filtered out as 96709039 delA needs N but not covered
7.001 was filtered out as 96698493 C>A needs A but not covered
8.001 was filtered out as 96702065 G>A needs A but not covered
8.002 was filtered out as 96702065 G>A needs A but not covered
8.003 was filtered out as 96702065 G>A needs A but not covered
8.004 was filtered out as 96702065 G>A needs A but not covered
8.005 was filtered out as 96702065 G>A needs A but not covered
9.001 was filtered out as 96708973 A>G needs G but not covered
10.001 was filtered out as 96709036 A>G needs G but not covered
11.001 was filtered out as 96740980 C>T needs T but not covered
11.002 was filtered out as 96740980 C>T needs T but not covered
12.001 was filtered out as 96748776 C>T needs T but not covered
13.001 was filtered out as 96701714 T>C needs C but not covered
14.001 was filtered out as 96701990 G>A needs A but not covered
15.001 was filtered out as 96707538 C>A needs A but not covered
16.001 was filtered out as 96731935 A>G needs G but not covered
17.001 was filtered out as 96741121 C>T needs T but not covered
18.001 was filtered out as 96741052 A>C needs C but not covered
19.001 was filtered out as 96748673 G>C needs C but not covered
20.001 was filtered out as 96701653 G>C needs C but not covered
21.001 was filtered out as 96698527 C>T needs T but not covered
22.001 was filtered out as 96698559 A>G needs G but not covered
23.001 was filtered out as 96701671 G>A needs A but not covered
24.001 was filtered out as 96741037 G>A needs A but not covered
25.001 was filtered out as 96701969 delAGAAATGGAA needs N but not covered
26.001 was filtered out as 96702005 C>G needs G but not covered
27.001 was filtered out as 96702065 G>T needs T but not covered
28.001 was filtered out as 96707694 A>T needs T but not covered
29.001 was filtered out as 96731875 C>A needs A but not covered
30.001 was filtered out as 96748740 G>A needs A but not covered
31.001 was filtered out as 96740957 T>C needs C but not covered
32.001 was filtered out as 96748779 G>T needs T but not covered
33.001 was filtered out as 96702011 G>A needs A but not covered
34.001 was filtered out as 96740981 G>A needs A but not covered
35.001 was filtered out as 96702046 C>T needs T but not covered
36.001 was filtered out as 96698439 A>G needs G but not covered
37.001 was filtered out as 96698584 A>G needs G but not covered
38.001 was filtered out as 96701732 G>C needs C but not covered
39.001 was filtered out as 96701738 G>T needs T but not covered
40.001 was filtered out as 96701774 T>C needs C but not covered
41.001 was filtered out as 96701972 A>G needs G but not covered
42.001 was filtered out as 96701987 G>A needs A but not covered
43.001 was filtered out as 96701986 C>T needs T but not covered
44.001 was filtered out as 96702005 C>T needs T but not covered
45.001 was filtered out as 96702010 C>T needs T but not covered
46.001 was filtered out as 96702061 G>A needs A but not covered
47.001 was filtered out as 96707541 C>T needs T but not covered
48.001 was filtered out as 96707673 T>C needs C but not covered
49.001 was filtered out as 96708885 A>G needs G but not covered
50.001 was filtered out as 96708900 C>T needs T but not covered
51.001 was filtered out as 96731890 A>G needs G but not covered
52.001 was filtered out as 96731936 C>G needs G but not covered
53.001 was filtered out as 96731989 C>T needs T but not covered
54.001 was filtered out as 96741006 C>A needs A but not covered
55.001 was filtered out as 96741058 C>A needs A but not covered
56.001 was filtered out as 96745798 A>G needs G but not covered
57.001 was filtered out as 96707663 A>C needs C but not covered
58.001 was filtered out as 96740986 C>A needs A but not covered
59.001 was filtered out as 96748611 A>T needs T but not covered
60.001 was filtered out as 96748711 T>C needs C but not covered
61.001 was filtered out as 96702046 C>T needs T but not covered
61.002 was filtered out as 96702046 C>T needs T but not covered
62.001 was filtered out as 96701989 C>T needs T but not covered
63.001 was filtered out as 96702047 G>A needs A but not covered
64.001 was filtered out as 96731879 C>G needs G but not covered
65.001 was filtered out as 96740955 G>T needs T but not covered
66.001 was filtered out as 96741061 C>G needs G but not covered
67.001 was filtered out as 96748608 C>T needs T but not covered
68.001 was filtered out as 96741052 A>C needs C but not covered
69.001 was filtered out as 96707625 A>G needs G but not covered
70.001 was filtered out as 96748636 G>T needs T but not covered
71.001 was filtered out as 96709036 A>G needs G but not covered
72.001 was filtered out as 96702062 C>T needs T but not covered
73.001 was filtered out as 96702064 C>T needs T but not covered
74.001 was filtered out as 96707695 G>T needs T but not covered
75.001 was filtered out as 96745892 A>C needs C but not covered
76.001 was filtered out as 96698556 G>A needs A but not covered
77.001 was filtered out as 96701731 G>A needs A but not covered
78.001 was filtered out as 96701999 T>G needs G but not covered
79.001 was filtered out as 96741014 C>T needs T but not covered
80.001 was filtered out as 96698475 T>G needs G but not covered
81.001 was filtered out as 96731939 A>T needs T but not covered
82.001 was filtered out as 96708901 C>T needs T but not covered
83.001 was filtered out as 96698544 C>T needs T but not covered
84.001 was filtered out as 96745930 G>C needs C but not covered
85.001 was filtered out as 96708919 delT needs N but not covered
[filter] CYP2C9 1.001 => 1.001; 1.002; 1.005; 1.006; 1.007; 1.008; 1.009; 1.010; 1.011; 1.012; 1.013
[filter] valid_alleles=11
CYP2C9:96696874 → A:0, C*:35, G:0, M:0, N:0, P:0, T:0
CYP2C9:96696902 → A:0, C:0, G*:34, M:0, N:0, P:0, T:0
CYP2C9:96697251 → A:0, C:21, G:0, M:0, N:0, P:0, T*:23
CYP2C9:96697360 → A:0, C:0, G*:49, M:0, N:0, P:0, T:0
CYP2C9:96697458 → A:0, C:0, G*:70, M:0, N:0, P:0, T:0
CYP2C9:96697660 → A:0, C*:41, G:0, M:0, N:0, P:0, T:0
CYP2C9:96697758 → A:0, C*:50, G:0, M:0, N:0, P:0, T:0
CYP2C9:96697806 → A:0, C:0, G:0, M:0, N:0, P:0, T*:49
CYP2C9:96697929 → A:0, C:0, G*:53, M:0, N:0, P:0, T:0
CYP2C9:96698006 → A:0, C:0, G:0, M:0, N:0, P:0, T*:52
CYP2C9:96698064 → A:0, C:0, G:0, M:0, N:0, P:0, T*:59
CYP2C9:96698410 → A:0, C:0, G*:43, M:0, N:0, P:0, T:0
CYP2C9:96702006 → A:0, C:0, G*:57, M:0, N:0, P:0, T:0
CYP2C9:96748634 → A:0, C*:47, G:0, M:0, N:0, P:0, T:0
CYP2C9:96748700 → A:0, C*:37, G:0, M:0, N:0, P:0, T:0
CYP2C9:96748736 → A*:32, C:0, G:0, M:0, N:0, P:0, T:0
Step 0: Loss=0.0398, CN=[2.0999167]
Step 100: Loss=0.0315, CN=[2.1316576]
Step 200: Loss=0.0315, CN=[2.1322083]
Step 300: Loss=0.0315, CN=[2.132209]
Step 400: Loss=0.0315, CN=[2.1322088]

=== Fit ===
Region 0: obs=2.244, exp=2.132, diff=+0.112 
Region 1: obs=1.630, exp=2.132, diff=-0.502 *
Region 2: obs=1.880, exp=2.132, diff=-0.252 
Region 3: obs=2.183, exp=2.132, diff=+0.051 
Region 4: obs=2.294, exp=2.132, diff=+0.162 
Region 5: obs=2.054, exp=2.132, diff=-0.078 
Region 6: obs=2.175, exp=2.132, diff=+0.043 
Region 7: obs=2.178, exp=2.132, diff=+0.046 
Region 8: obs=2.404, exp=2.132, diff=+0.272 
Region 9: obs=2.186, exp=2.132, diff=+0.054 
Region 10: obs=2.306, exp=2.132, diff=+0.174 
Region 11: obs=2.075, exp=2.132, diff=-0.057 
Region 12: obs=2.395, exp=2.132, diff=+0.263 
Region 13: obs=1.983, exp=2.132, diff=-0.150 
Region 14: obs=2.132, exp=2.132, diff=-0.000 
Region 15: obs=2.092, exp=2.132, diff=-0.040 
Region 16: obs=2.387, exp=2.132, diff=+0.255 
Region 17: obs=2.015, exp=2.132, diff=-0.117 
Region 18: obs=1.630, exp=2.132, diff=-0.503 *
Region 19: obs=1.895, exp=2.132, diff=-0.237 
Region 20: obs=2.748, exp=2.132, diff=+0.615 *

[Gene CN Results]
  CYP2C9: 2.13 → 2.132209062576294
Using device: cuda
num_sparse_entries: 176
max sparse_flat_index: 1231
expected max: 1231

=== Running VAE with seed 42 ===
Global Pooled JS: 0.000000
Seed 42, Step    0: Loss = 223.21 (Recon: 186.39, Allele KL: 9.32, Base KL: 1097.57, Functional KL: 0.00
Global Pooled JS: 0.000000
Seed 42, Step  500: Loss = 140.00 (Recon: 97.59, Allele KL: 13.74, Base KL: 5104.58, Functional KL: 0.00
Global Pooled JS: 0.000000
Seed 42, Step 1000: Loss = 138.75 (Recon: 90.56, Allele KL: 19.48, Base KL: 5056.07, Functional KL: 0.00
Global Pooled JS: 0.000000
Seed 42, Step 1500: Loss = 155.25 (Recon: 111.54, Allele KL: 15.21, Base KL: 5245.17, Functional KL: 0.00
Global Pooled JS: 0.000000
Seed 42, Step 2000: Loss = 139.17 (Recon: 92.34, Allele KL: 18.49, Base KL: 4831.08, Functional KL: 0.00
Global Pooled JS: 0.000000
Seed 42, Step 2500: Loss = 136.51 (Recon: 91.28, Allele KL: 16.53, Base KL: 4960.15, Functional KL: 0.00

Top Variants with Coverage Mismatches:
Rank   Variant                        Expected     Observed     Diff       |Div|       
------------------------------------------------------------------------------------------
New best model with final loss: 141.88

=== Running VAE with seed 123 ===
Global Pooled JS: 0.000000
Seed 123, Step    0: Loss = 312.14 (Recon: 270.85, Allele KL: 14.86, Base KL: 1522.82, Functional KL: 0.00
Global Pooled JS: 0.000000
Seed 123, Step  500: Loss = 138.34 (Recon: 91.97, Allele KL: 17.32, Base KL: 5123.31, Functional KL: 0.00
Global Pooled JS: 0.000000
Seed 123, Step 1000: Loss = 142.07 (Recon: 100.17, Allele KL: 12.70, Base KL: 5121.60, Functional KL: 0.00
Global Pooled JS: 0.000000
Seed 123, Step 1500: Loss = 142.19 (Recon: 93.31, Allele KL: 20.09, Base KL: 5049.07, Functional KL: 0.00
Global Pooled JS: 0.000000
Seed 123, Step 2000: Loss = 138.55 (Recon: 91.56, Allele KL: 18.37, Base KL: 5004.40, Functional KL: 0.00
Global Pooled JS: 0.000000
Seed 123, Step 2500: Loss = 137.91 (Recon: 92.85, Allele KL: 16.14, Base KL: 5104.84, Functional KL: 0.00

Top Variants with Coverage Mismatches:
Rank   Variant                        Expected     Observed     Diff       |Div|       
------------------------------------------------------------------------------------------

=== Running VAE with seed 456 ===
Global Pooled JS: 0.000000
Seed 456, Step    0: Loss = 217.63 (Recon: 170.20, Allele KL: 18.73, Base KL: 1477.92, Functional KL: 0.00
Global Pooled JS: 0.000000
Seed 456, Step  500: Loss = 139.51 (Recon: 92.94, Allele KL: 17.65, Base KL: 5109.09, Functional KL: 0.00
Global Pooled JS: 0.000000
Seed 456, Step 1000: Loss = 138.97 (Recon: 97.99, Allele KL: 11.79, Base KL: 5011.91, Functional KL: 0.00
Global Pooled JS: 0.000000
Seed 456, Step 1500: Loss = 145.16 (Recon: 100.24, Allele KL: 15.71, Base KL: 5097.83, Functional KL: 0.00
Global Pooled JS: 0.000000
Seed 456, Step 2000: Loss = 136.16 (Recon: 90.35, Allele KL: 16.98, Base KL: 5164.80, Functional KL: 0.00
Global Pooled JS: 0.000000
Seed 456, Step 2500: Loss = 143.41 (Recon: 97.02, Allele KL: 17.42, Base KL: 5013.78, Functional KL: 0.00

Top Variants with Coverage Mismatches:
Rank   Variant                        Expected     Observed     Diff       |Div|       
------------------------------------------------------------------------------------------

=== Multi-Seed VAE Results ===
Best model had seed 42 with final loss: 141.88
All seeds final losses:
  Seed 42: Total=141.88 (Recon=96.84, A_KL=15.72, B_KL=5235.59) <- Best
  Seed 123: Total=144.06 (Recon=100.11, A_KL=14.70, B_KL=5180.49)
  Seed 456: Total=143.12 (Recon=95.62, A_KL=18.38, B_KL=5071.47)

[Raw]:
CYP2C9*1: Normalized=1.0000, Unnormalized=1.00

[Alleles]
CYP2C9*1
CYP2C9*1
	Command being timed: "python /home/qinghuiz/aidy/push/Neretva/neretva/cyp.py CYP2C9 /project/shared/aldy-data/wgs/NA18952.wgs.cram"
	User time (seconds): 147.51
	System time (seconds): 31.55
	Percent of CPU this job got: 99%
	Elapsed (wall clock) time (h:mm:ss or m:ss): 2:59.69
	Average shared text size (kbytes): 0
	Average unshared data size (kbytes): 0
	Average stack size (kbytes): 0
	Average total size (kbytes): 0
	Maximum resident set size (kbytes): 2801492
	Average resident set size (kbytes): 0
	Major (requiring I/O) page faults: 0
	Minor (reclaiming a frame) page faults: 967606
	Voluntary context switches: 24651
	Involuntary context switches: 4301
	Swaps: 0
	File system inputs: 0
	File system outputs: 48
	Socket messages sent: 0
	Socket messages received: 0
	Signals delivered: 0
	Page size (bytes): 4096
	Exit status: 0
