2026-03-11 04:41:27.734638: I tensorflow/core/util/port.cc:111] oneDNN custom operations are on. You may see slightly different numerical results due to floating-point round-off errors from different computation orders. To turn them off, set the environment variable `TF_ENABLE_ONEDNN_OPTS=0`.
2026-03-11 04:41:27.782845: E tensorflow/compiler/xla/stream_executor/cuda/cuda_dnn.cc:9342] Unable to register cuDNN factory: Attempting to register factory for plugin cuDNN when one has already been registered
2026-03-11 04:41:27.782960: E tensorflow/compiler/xla/stream_executor/cuda/cuda_fft.cc:609] Unable to register cuFFT factory: Attempting to register factory for plugin cuFFT when one has already been registered
2026-03-11 04:41:27.783101: E tensorflow/compiler/xla/stream_executor/cuda/cuda_blas.cc:1518] Unable to register cuBLAS factory: Attempting to register factory for plugin cuBLAS when one has already been registered
2026-03-11 04:41:27.793930: I tensorflow/core/platform/cpu_feature_guard.cc:182] This TensorFlow binary is optimized to use available CPU instructions in performance-critical operations.
To enable the following instructions: AVX2 AVX512F AVX512_VNNI FMA, in other operations, rebuild TensorFlow with the appropriate compiler flags.
AttributeError: 'MessageFactory' object has no attribute 'GetPrototype'
2026-03-11 04:41:29.159895: W tensorflow/compiler/tf2tensorrt/utils/py_utils.cc:38] TF-TRT Warning: Could not find TensorRT
AttributeError: 'MessageFactory' object has no attribute 'GetPrototype'
[info] total indices 749
[info] total variants 749
2.001 was filtered out as 96702046 C>T needs T but not covered
2.003 was filtered out as 96702046 C>T needs T but not covered
2.004 was filtered out as 96702046 C>T needs T but not covered
3.001 was filtered out as 96741052 A>C needs C but not covered
3.002 was filtered out as 96741052 A>C needs C but not covered
4.001 was filtered out as 96741053 T>C needs C but not covered
5.001 was filtered out as 96741057 C>G needs G but not covered
6.001 was filtered out as 96709039 delA needs N but not covered
7.001 was filtered out as 96698493 C>A needs A but not covered
8.001 was filtered out as 96702065 G>A needs A but not covered
8.002 was filtered out as 96702065 G>A needs A but not covered
8.003 was filtered out as 96702065 G>A needs A but not covered
8.004 was filtered out as 96702065 G>A needs A but not covered
8.005 was filtered out as 96702065 G>A needs A but not covered
9.001 was filtered out as 96708973 A>G needs G but not covered
10.001 was filtered out as 96709036 A>G needs G but not covered
11.001 was filtered out as 96740980 C>T needs T but not covered
11.002 was filtered out as 96740980 C>T needs T but not covered
12.001 was filtered out as 96748776 C>T needs T but not covered
13.001 was filtered out as 96701714 T>C needs C but not covered
14.001 was filtered out as 96701990 G>A needs A but not covered
15.001 was filtered out as 96707538 C>A needs A but not covered
16.001 was filtered out as 96731935 A>G needs G but not covered
17.001 was filtered out as 96741121 C>T needs T but not covered
18.001 was filtered out as 96741052 A>C needs C but not covered
19.001 was filtered out as 96748673 G>C needs C but not covered
20.001 was filtered out as 96701653 G>C needs C but not covered
21.001 was filtered out as 96698527 C>T needs T but not covered
22.001 was filtered out as 96698559 A>G needs G but not covered
23.001 was filtered out as 96701671 G>A needs A but not covered
24.001 was filtered out as 96741037 G>A needs A but not covered
25.001 was filtered out as 96701969 delAGAAATGGAA needs N but not covered
26.001 was filtered out as 96702005 C>G needs G but not covered
27.001 was filtered out as 96702065 G>T needs T but not covered
28.001 was filtered out as 96707694 A>T needs T but not covered
29.001 was filtered out as 96731875 C>A needs A but not covered
30.001 was filtered out as 96748740 G>A needs A but not covered
31.001 was filtered out as 96740957 T>C needs C but not covered
32.001 was filtered out as 96748779 G>T needs T but not covered
33.001 was filtered out as 96702011 G>A needs A but not covered
34.001 was filtered out as 96740981 G>A needs A but not covered
35.001 was filtered out as 96702046 C>T needs T but not covered
36.001 was filtered out as 96698439 A>G needs G but not covered
37.001 was filtered out as 96698584 A>G needs G but not covered
38.001 was filtered out as 96701732 G>C needs C but not covered
39.001 was filtered out as 96701738 G>T needs T but not covered
40.001 was filtered out as 96701774 T>C needs C but not covered
41.001 was filtered out as 96701972 A>G needs G but not covered
42.001 was filtered out as 96701987 G>A needs A but not covered
43.001 was filtered out as 96701986 C>T needs T but not covered
44.001 was filtered out as 96702005 C>T needs T but not covered
45.001 was filtered out as 96702010 C>T needs T but not covered
46.001 was filtered out as 96702061 G>A needs A but not covered
47.001 was filtered out as 96707541 C>T needs T but not covered
48.001 was filtered out as 96707673 T>C needs C but not covered
49.001 was filtered out as 96708885 A>G needs G but not covered
50.001 was filtered out as 96708900 C>T needs T but not covered
51.001 was filtered out as 96731890 A>G needs G but not covered
52.001 was filtered out as 96731936 C>G needs G but not covered
53.001 was filtered out as 96731989 C>T needs T but not covered
54.001 was filtered out as 96741006 C>A needs A but not covered
55.001 was filtered out as 96741058 C>A needs A but not covered
56.001 was filtered out as 96745798 A>G needs G but not covered
57.001 was filtered out as 96707663 A>C needs C but not covered
58.001 was filtered out as 96740986 C>A needs A but not covered
59.001 was filtered out as 96748611 A>T needs T but not covered
60.001 was filtered out as 96748711 T>C needs C but not covered
61.001 was filtered out as 96702046 C>T needs T but not covered
61.002 was filtered out as 96702046 C>T needs T but not covered
62.001 was filtered out as 96701989 C>T needs T but not covered
63.001 was filtered out as 96702047 G>A needs A but not covered
64.001 was filtered out as 96731879 C>G needs G but not covered
65.001 was filtered out as 96740955 G>T needs T but not covered
66.001 was filtered out as 96741061 C>G needs G but not covered
67.001 was filtered out as 96748608 C>T needs T but not covered
68.001 was filtered out as 96741052 A>C needs C but not covered
69.001 was filtered out as 96707625 A>G needs G but not covered
70.001 was filtered out as 96748636 G>T needs T but not covered
71.001 was filtered out as 96709036 A>G needs G but not covered
72.001 was filtered out as 96702062 C>T needs T but not covered
73.001 was filtered out as 96702064 C>T needs T but not covered
74.001 was filtered out as 96707695 G>T needs T but not covered
75.001 was filtered out as 96745892 A>C needs C but not covered
76.001 was filtered out as 96698556 G>A needs A but not covered
77.001 was filtered out as 96701731 G>A needs A but not covered
78.001 was filtered out as 96701999 T>G needs G but not covered
79.001 was filtered out as 96741014 C>T needs T but not covered
80.001 was filtered out as 96698475 T>G needs G but not covered
81.001 was filtered out as 96731939 A>T needs T but not covered
82.001 was filtered out as 96708901 C>T needs T but not covered
83.001 was filtered out as 96698544 C>T needs T but not covered
84.001 was filtered out as 96745930 G>C needs C but not covered
85.001 was filtered out as 96708919 delT needs N but not covered
[filter] CYP2C9 1.001 => 1.001; 1.002; 1.005; 1.006; 1.007; 1.008; 1.009; 1.010; 1.011; 1.012; 1.013
[filter] valid_alleles=11
CYP2C9:96696874 → A:0, C*:30, G:0, M:0, N:0, P:0, T:0
CYP2C9:96696902 → A:0, C:0, G*:36, M:0, N:0, P:0, T:0
CYP2C9:96697251 → A:0, C:0, G:0, M:0, N:0, P:0, T*:51
CYP2C9:96697360 → A:0, C:0, G*:45, M:0, N:0, P:0, T:0
CYP2C9:96697458 → A:0, C:0, G*:59, M:0, N:0, P:0, T:0
CYP2C9:96697660 → A:0, C*:49, G:0, M:0, N:0, P:0, T:0
CYP2C9:96697758 → A:0, C*:46, G:0, M:0, N:0, P:0, T:0
CYP2C9:96697806 → A:0, C:0, G:0, M:0, N:0, P:0, T*:43
CYP2C9:96697929 → A:0, C:0, G*:39, M:0, N:0, P:0, T:0
CYP2C9:96698006 → A:0, C:0, G:0, M:0, N:0, P:0, T*:35
CYP2C9:96698064 → A:0, C:0, G:0, M:0, N:0, P:0, T*:35
CYP2C9:96698410 → A:0, C:0, G*:43, M:0, N:0, P:0, T:0
CYP2C9:96702006 → A:0, C:0, G*:41, M:0, N:0, P:0, T:0
CYP2C9:96748634 → A:0, C*:56, G:0, M:0, N:0, P:0, T:0
CYP2C9:96748700 → A:0, C*:45, G:0, M:0, N:0, P:0, T:0
CYP2C9:96748736 → A*:39, C:0, G:0, M:0, N:0, P:0, T:0
Step 0: Loss=0.2920, CN=[2.0999167]
Step 100: Loss=0.0655, CN=[2.8089151]
Step 200: Loss=0.0655, CN=[2.8097446]
Step 300: Loss=0.0655, CN=[2.8097258]
Step 400: Loss=0.0655, CN=[2.8097258]

=== Fit ===
Region 0: obs=3.161, exp=2.810, diff=+0.351 
Region 1: obs=2.221, exp=2.810, diff=-0.589 *
Region 2: obs=2.851, exp=2.810, diff=+0.042 
Region 3: obs=2.800, exp=2.810, diff=-0.010 
Region 4: obs=1.906, exp=2.810, diff=-0.903 *
Region 5: obs=2.435, exp=2.810, diff=-0.375 
Region 6: obs=2.343, exp=2.810, diff=-0.466 
Region 7: obs=3.207, exp=2.810, diff=+0.397 
Region 8: obs=3.134, exp=2.810, diff=+0.325 
Region 9: obs=2.568, exp=2.810, diff=-0.242 
Region 10: obs=2.832, exp=2.810, diff=+0.023 
Region 11: obs=2.996, exp=2.810, diff=+0.186 
Region 12: obs=2.590, exp=2.810, diff=-0.220 
Region 13: obs=2.994, exp=2.810, diff=+0.184 
Region 14: obs=2.922, exp=2.810, diff=+0.112 
Region 15: obs=2.786, exp=2.810, diff=-0.024 
Region 16: obs=2.909, exp=2.810, diff=+0.100 
Region 17: obs=2.867, exp=2.810, diff=+0.057 
Region 18: obs=2.937, exp=2.810, diff=+0.127 
Region 19: obs=2.742, exp=2.810, diff=-0.067 
Region 20: obs=3.851, exp=2.810, diff=+1.041 *

[Gene CN Results]
  CYP2C9: 2.81 → 2.809725761413574
Using device: cuda
num_sparse_entries: 176
max sparse_flat_index: 1231
expected max: 1231

=== Running VAE with seed 42 ===
Global Pooled JS: 0.000000
Seed 42, Step    0: Loss = 200.93 (Recon: 164.96, Allele KL: 8.70, Base KL: 941.52, Functional KL: 0.00
Global Pooled JS: 0.000000
Seed 42, Step  500: Loss = 179.64 (Recon: 139.96, Allele KL: 8.32, Base KL: 6098.41, Functional KL: 0.00
Global Pooled JS: 0.000000
Seed 42, Step 1000: Loss = 121.03 (Recon: 80.08, Allele KL: 12.02, Base KL: 5920.58, Functional KL: 0.00
Global Pooled JS: 0.000000
Seed 42, Step 1500: Loss = 117.21 (Recon: 72.68, Allele KL: 15.88, Base KL: 6058.93, Functional KL: 0.00
Global Pooled JS: 0.000000
Seed 42, Step 2000: Loss = 119.22 (Recon: 72.87, Allele KL: 17.86, Base KL: 5912.54, Functional KL: 0.00
Global Pooled JS: 0.000000
Seed 42, Step 2500: Loss = 120.61 (Recon: 75.95, Allele KL: 15.82, Base KL: 5953.34, Functional KL: 0.00

Top Variants with Coverage Mismatches:
Rank   Variant                        Expected     Observed     Diff       |Div|       
------------------------------------------------------------------------------------------
New best model with final loss: 122.99

=== Running VAE with seed 123 ===
Global Pooled JS: 0.000000
Seed 123, Step    0: Loss = 247.69 (Recon: 204.53, Allele KL: 16.80, Base KL: 1366.60, Functional KL: 0.00
Global Pooled JS: 0.000000
Seed 123, Step  500: Loss = 119.86 (Recon: 75.30, Allele KL: 15.79, Base KL: 5893.39, Functional KL: 0.00
Global Pooled JS: 0.000000
Seed 123, Step 1000: Loss = 119.94 (Recon: 74.76, Allele KL: 16.52, Base KL: 5936.18, Functional KL: 0.00
Global Pooled JS: 0.000000
Seed 123, Step 1500: Loss = 126.05 (Recon: 79.97, Allele KL: 16.90, Base KL: 6079.55, Functional KL: 0.00
Global Pooled JS: 0.000000
Seed 123, Step 2000: Loss = 119.55 (Recon: 75.54, Allele KL: 15.33, Base KL: 5893.69, Functional KL: 0.00
Global Pooled JS: 0.000000
Seed 123, Step 2500: Loss = 118.94 (Recon: 75.37, Allele KL: 14.73, Base KL: 6035.03, Functional KL: 0.00

Top Variants with Coverage Mismatches:
Rank   Variant                        Expected     Observed     Diff       |Div|       
------------------------------------------------------------------------------------------

=== Running VAE with seed 456 ===
Global Pooled JS: 0.000000
Seed 456, Step    0: Loss = 221.86 (Recon: 175.93, Allele KL: 17.37, Base KL: 1317.34, Functional KL: 0.00
Global Pooled JS: 0.000000
Seed 456, Step  500: Loss = 120.10 (Recon: 77.01, Allele KL: 14.22, Base KL: 5946.54, Functional KL: 0.00
Global Pooled JS: 0.000000
Seed 456, Step 1000: Loss = 121.83 (Recon: 76.92, Allele KL: 16.09, Base KL: 5865.00, Functional KL: 0.00
Global Pooled JS: 0.000000
Seed 456, Step 1500: Loss = 132.46 (Recon: 88.07, Allele KL: 14.86, Base KL: 5992.88, Functional KL: 0.00
Global Pooled JS: 0.000000
Seed 456, Step 2000: Loss = 120.27 (Recon: 76.12, Allele KL: 15.27, Base KL: 5965.40, Functional KL: 0.00
Global Pooled JS: 0.000000
Seed 456, Step 2500: Loss = 127.09 (Recon: 83.41, Allele KL: 14.60, Base KL: 5875.85, Functional KL: 0.00

Top Variants with Coverage Mismatches:
Rank   Variant                        Expected     Observed     Diff       |Div|       
------------------------------------------------------------------------------------------

=== Multi-Seed VAE Results ===
Best model had seed 42 with final loss: 122.99
All seeds final losses:
  Seed 42: Total=122.99 (Recon=78.23, A_KL=15.51, B_KL=6104.10) <- Best
  Seed 123: Total=123.59 (Recon=82.82, A_KL=11.59, B_KL=5917.61)
  Seed 456: Total=130.10 (Recon=84.00, A_KL=16.94, B_KL=5871.13)

[Raw]:
CYP2C9*1: Normalized=1.0000, Unnormalized=1.00

[Alleles]
CYP2C9*1
CYP2C9*1
	Command being timed: "python /home/qinghuiz/aidy/push/Neretva/neretva/cyp.py CYP2C9 /project/shared/aldy-data/wgs/NA18942.wgs.cram"
	User time (seconds): 150.44
	System time (seconds): 28.61
	Percent of CPU this job got: 99%
	Elapsed (wall clock) time (h:mm:ss or m:ss): 2:59.54
	Average shared text size (kbytes): 0
	Average unshared data size (kbytes): 0
	Average stack size (kbytes): 0
	Average total size (kbytes): 0
	Maximum resident set size (kbytes): 2748928
	Average resident set size (kbytes): 0
	Major (requiring I/O) page faults: 0
	Minor (reclaiming a frame) page faults: 994029
	Voluntary context switches: 22691
	Involuntary context switches: 143
	Swaps: 0
	File system inputs: 0
	File system outputs: 48
	Socket messages sent: 0
	Socket messages received: 0
	Signals delivered: 0
	Page size (bytes): 4096
	Exit status: 0
