2026-03-11 04:50:27.073630: I tensorflow/core/util/port.cc:111] oneDNN custom operations are on. You may see slightly different numerical results due to floating-point round-off errors from different computation orders. To turn them off, set the environment variable `TF_ENABLE_ONEDNN_OPTS=0`.
2026-03-11 04:50:27.118967: E tensorflow/compiler/xla/stream_executor/cuda/cuda_dnn.cc:9342] Unable to register cuDNN factory: Attempting to register factory for plugin cuDNN when one has already been registered
2026-03-11 04:50:27.119148: E tensorflow/compiler/xla/stream_executor/cuda/cuda_fft.cc:609] Unable to register cuFFT factory: Attempting to register factory for plugin cuFFT when one has already been registered
2026-03-11 04:50:27.119294: E tensorflow/compiler/xla/stream_executor/cuda/cuda_blas.cc:1518] Unable to register cuBLAS factory: Attempting to register factory for plugin cuBLAS when one has already been registered
2026-03-11 04:50:27.129506: I tensorflow/core/platform/cpu_feature_guard.cc:182] This TensorFlow binary is optimized to use available CPU instructions in performance-critical operations.
To enable the following instructions: AVX2 AVX512F AVX512_VNNI FMA, in other operations, rebuild TensorFlow with the appropriate compiler flags.
AttributeError: 'MessageFactory' object has no attribute 'GetPrototype'
2026-03-11 04:50:28.495191: W tensorflow/compiler/tf2tensorrt/utils/py_utils.cc:38] TF-TRT Warning: Could not find TensorRT
AttributeError: 'MessageFactory' object has no attribute 'GetPrototype'
[info] total indices 749
[info] total variants 749
2.001 was filtered out as 96702046 C>T needs T but not covered
2.003 was filtered out as 96702046 C>T needs T but not covered
2.004 was filtered out as 96702046 C>T needs T but not covered
3.001 was filtered out as 96741052 A>C needs C but not covered
3.002 was filtered out as 96741052 A>C needs C but not covered
4.001 was filtered out as 96741053 T>C needs C but not covered
5.001 was filtered out as 96741057 C>G needs G but not covered
6.001 was filtered out as 96709039 delA needs N but not covered
7.001 was filtered out as 96698493 C>A needs A but not covered
8.001 was filtered out as 96702065 G>A needs A but not covered
8.002 was filtered out as 96702065 G>A needs A but not covered
8.003 was filtered out as 96702065 G>A needs A but not covered
8.004 was filtered out as 96702065 G>A needs A but not covered
8.005 was filtered out as 96702065 G>A needs A but not covered
9.001 was filtered out as 96708973 A>G needs G but not covered
10.001 was filtered out as 96709036 A>G needs G but not covered
11.001 was filtered out as 96740980 C>T needs T but not covered
11.002 was filtered out as 96740980 C>T needs T but not covered
12.001 was filtered out as 96748776 C>T needs T but not covered
13.001 was filtered out as 96701714 T>C needs C but not covered
14.001 was filtered out as 96701990 G>A needs A but not covered
15.001 was filtered out as 96707538 C>A needs A but not covered
16.001 was filtered out as 96731935 A>G needs G but not covered
17.001 was filtered out as 96741121 C>T needs T but not covered
18.001 was filtered out as 96741052 A>C needs C but not covered
19.001 was filtered out as 96748673 G>C needs C but not covered
20.001 was filtered out as 96701653 G>C needs C but not covered
21.001 was filtered out as 96698527 C>T needs T but not covered
22.001 was filtered out as 96698559 A>G needs G but not covered
23.001 was filtered out as 96701671 G>A needs A but not covered
24.001 was filtered out as 96741037 G>A needs A but not covered
25.001 was filtered out as 96701969 delAGAAATGGAA needs N but not covered
26.001 was filtered out as 96702005 C>G needs G but not covered
27.001 was filtered out as 96702065 G>T needs T but not covered
28.001 was filtered out as 96707694 A>T needs T but not covered
29.001 was filtered out as 96731875 C>A needs A but not covered
30.001 was filtered out as 96748740 G>A needs A but not covered
31.001 was filtered out as 96740957 T>C needs C but not covered
32.001 was filtered out as 96748779 G>T needs T but not covered
33.001 was filtered out as 96702011 G>A needs A but not covered
34.001 was filtered out as 96740981 G>A needs A but not covered
35.001 was filtered out as 96702046 C>T needs T but not covered
36.001 was filtered out as 96698439 A>G needs G but not covered
37.001 was filtered out as 96698584 A>G needs G but not covered
38.001 was filtered out as 96701732 G>C needs C but not covered
39.001 was filtered out as 96701738 G>T needs T but not covered
40.001 was filtered out as 96701774 T>C needs C but not covered
41.001 was filtered out as 96701972 A>G needs G but not covered
42.001 was filtered out as 96701987 G>A needs A but not covered
43.001 was filtered out as 96701986 C>T needs T but not covered
44.001 was filtered out as 96702005 C>T needs T but not covered
45.001 was filtered out as 96702010 C>T needs T but not covered
46.001 was filtered out as 96702061 G>A needs A but not covered
47.001 was filtered out as 96707541 C>T needs T but not covered
48.001 was filtered out as 96707673 T>C needs C but not covered
49.001 was filtered out as 96708885 A>G needs G but not covered
50.001 was filtered out as 96708900 C>T needs T but not covered
51.001 was filtered out as 96731890 A>G needs G but not covered
52.001 was filtered out as 96731936 C>G needs G but not covered
53.001 was filtered out as 96731989 C>T needs T but not covered
54.001 was filtered out as 96741006 C>A needs A but not covered
55.001 was filtered out as 96741058 C>A needs A but not covered
56.001 was filtered out as 96745798 A>G needs G but not covered
57.001 was filtered out as 96707663 A>C needs C but not covered
58.001 was filtered out as 96740986 C>A needs A but not covered
59.001 was filtered out as 96748611 A>T needs T but not covered
60.001 was filtered out as 96748711 T>C needs C but not covered
61.001 was filtered out as 96702046 C>T needs T but not covered
61.002 was filtered out as 96702046 C>T needs T but not covered
62.001 was filtered out as 96701989 C>T needs T but not covered
63.001 was filtered out as 96702047 G>A needs A but not covered
64.001 was filtered out as 96731879 C>G needs G but not covered
65.001 was filtered out as 96740955 G>T needs T but not covered
66.001 was filtered out as 96741061 C>G needs G but not covered
67.001 was filtered out as 96748608 C>T needs T but not covered
68.001 was filtered out as 96741052 A>C needs C but not covered
69.001 was filtered out as 96707625 A>G needs G but not covered
70.001 was filtered out as 96748636 G>T needs T but not covered
71.001 was filtered out as 96709036 A>G needs G but not covered
72.001 was filtered out as 96702062 C>T needs T but not covered
73.001 was filtered out as 96702064 C>T needs T but not covered
74.001 was filtered out as 96707695 G>T needs T but not covered
75.001 was filtered out as 96745892 A>C needs C but not covered
76.001 was filtered out as 96698556 G>A needs A but not covered
77.001 was filtered out as 96701731 G>A needs A but not covered
78.001 was filtered out as 96701999 T>G needs G but not covered
79.001 was filtered out as 96741014 C>T needs T but not covered
80.001 was filtered out as 96698475 T>G needs G but not covered
81.001 was filtered out as 96731939 A>T needs T but not covered
83.001 was filtered out as 96698544 C>T needs T but not covered
84.001 was filtered out as 96745930 G>C needs C but not covered
85.001 was filtered out as 96708919 delT needs N but not covered
[filter] CYP2C9 1.001 => 1.001; 1.002; 1.005; 1.006; 1.007; 1.008; 1.009; 1.010; 1.011; 1.012; 1.013
[filter] CYP2C9 82.001 => 82.001
[filter] valid_alleles=12
CYP2C9:96696874 → A:0, C*:30, G:0, M:0, N:0, P:0, T:17
CYP2C9:96696902 → A:0, C:0, G*:48, M:0, N:0, P:0, T:0
CYP2C9:96697251 → A:0, C:28, G:0, M:0, N:0, P:0, T*:11
CYP2C9:96697360 → A:0, C:0, G*:61, M:0, N:0, P:0, T:0
CYP2C9:96697458 → A:0, C:0, G*:65, M:0, N:0, P:0, T:0
CYP2C9:96697660 → A:0, C*:44, G:0, M:0, N:0, P:0, T:0
CYP2C9:96697758 → A:0, C*:50, G:0, M:0, N:0, P:0, T:0
CYP2C9:96697806 → A:0, C:0, G:0, M:0, N:22, P:0, T*:48
CYP2C9:96697929 → A:0, C:0, G*:62, M:0, N:0, P:0, T:0
CYP2C9:96698006 → A:0, C:0, G:0, M:0, N:0, P:0, T*:56
CYP2C9:96698064 → A:0, C:0, G:0, M:0, N:0, P:0, T*:53
CYP2C9:96698410 → A:0, C:0, G*:59, M:0, N:0, P:0, T:0
CYP2C9:96702006 → A:0, C:0, G*:48, M:0, N:0, P:0, T:0
CYP2C9:96708901^ → A:0, C*:70, G:0, M:0, N:0, P:0, T^:0
CYP2C9:96748634 → A:0, C*:59, G:0, M:0, N:0, P:0, T:0
CYP2C9:96748700 → A:0, C*:59, G:0, M:0, N:0, P:0, T:0
CYP2C9:96748736 → A*:54, C:0, G:0, M:0, N:0, P:0, T:0
Step 0: Loss=0.0330, CN=[2.0999167]
Step 100: Loss=0.0327, CN=[2.0225208]
Step 200: Loss=0.0327, CN=[2.02288]
Step 300: Loss=0.0327, CN=[2.0228815]
Step 400: Loss=0.0327, CN=[2.0228817]

=== Fit ===
Region 0: obs=1.949, exp=2.023, diff=-0.074 
Region 1: obs=2.304, exp=2.023, diff=+0.281 
Region 2: obs=2.314, exp=2.023, diff=+0.291 
Region 3: obs=1.904, exp=2.023, diff=-0.119 
Region 4: obs=1.631, exp=2.023, diff=-0.392 
Region 5: obs=2.151, exp=2.023, diff=+0.128 
Region 6: obs=1.979, exp=2.023, diff=-0.044 
Region 7: obs=1.892, exp=2.023, diff=-0.131 
Region 8: obs=1.709, exp=2.023, diff=-0.313 
Region 9: obs=1.922, exp=2.023, diff=-0.101 
Region 10: obs=2.582, exp=2.023, diff=+0.559 *
Region 11: obs=1.910, exp=2.023, diff=-0.113 
Region 12: obs=2.223, exp=2.023, diff=+0.200 
Region 13: obs=1.834, exp=2.023, diff=-0.189 
Region 14: obs=1.654, exp=2.023, diff=-0.369 
Region 15: obs=1.819, exp=2.023, diff=-0.204 
Region 16: obs=2.526, exp=2.023, diff=+0.503 *
Region 17: obs=1.890, exp=2.023, diff=-0.133 
Region 18: obs=2.179, exp=2.023, diff=+0.157 
Region 19: obs=1.998, exp=2.023, diff=-0.025 
Region 20: obs=2.174, exp=2.023, diff=+0.151 

[Gene CN Results]
  CYP2C9: 2.02 → 2.022881269454956
Using device: cuda
num_sparse_entries: 204
max sparse_flat_index: 1427
expected max: 1427

=== Running VAE with seed 42 ===
Global Pooled JS: 0.153826
Seed 42, Step    0: Loss = 332.11 (Recon: 286.43, Allele KL: 17.80, Base KL: 1816.36, Functional KL: 0.15
Global Pooled JS: 0.002334
Seed 42, Step  500: Loss = 150.14 (Recon: 98.94, Allele KL: 23.07, Base KL: 4800.51, Functional KL: 0.00
Global Pooled JS: 0.001062
Seed 42, Step 1000: Loss = 150.94 (Recon: 101.09, Allele KL: 21.96, Base KL: 4744.70, Functional KL: 0.00
Global Pooled JS: 0.004328
Seed 42, Step 1500: Loss = 152.75 (Recon: 105.66, Allele KL: 18.80, Base KL: 4881.91, Functional KL: 0.00
Global Pooled JS: 0.000626
Seed 42, Step 2000: Loss = 150.37 (Recon: 102.08, Allele KL: 19.74, Base KL: 4923.85, Functional KL: 0.00
Global Pooled JS: 0.010227
Seed 42, Step 2500: Loss = 154.09 (Recon: 109.32, Allele KL: 16.07, Base KL: 4919.94, Functional KL: 0.01

Top Variants with Coverage Mismatches:
Rank   Variant                        Expected     Observed     Diff       |Div|       
------------------------------------------------------------------------------------------
1      CYP2C9:96708901→T              0.53         0.00         0.53       0.003318    
2      CYP2C9:96708901→G              0.00         0.00         0.00       0.000029    
3      CYP2C9:96708901→P              0.00         0.00         0.00       0.000029    
4      CYP2C9:96708901→N              0.00         0.00         0.00       0.000028    
5      CYP2C9:96708901→A              0.00         0.00         0.00       0.000028    
6      CYP2C9:96708901→M              0.00         0.00         0.00       0.000028    
7      CYP2C9:96708901→C              54.98        70.00        -15.02     0.000013    
New best model with final loss: 155.89

=== Running VAE with seed 123 ===
Global Pooled JS: 0.011832
Seed 123, Step    0: Loss = 256.72 (Recon: 217.41, Allele KL: 11.04, Base KL: 2408.60, Functional KL: 0.01
Global Pooled JS: 0.003105
Seed 123, Step  500: Loss = 154.11 (Recon: 101.96, Allele KL: 24.27, Base KL: 4702.78, Functional KL: 0.00
Global Pooled JS: 0.001136
Seed 123, Step 1000: Loss = 151.67 (Recon: 107.09, Allele KL: 15.96, Base KL: 5007.62, Functional KL: 0.00
Global Pooled JS: 0.007991
Seed 123, Step 1500: Loss = 156.73 (Recon: 111.38, Allele KL: 16.55, Base KL: 4887.28, Functional KL: 0.01
Global Pooled JS: 0.001775
Seed 123, Step 2000: Loss = 149.04 (Recon: 103.39, Allele KL: 17.16, Base KL: 4884.95, Functional KL: 0.00
Global Pooled JS: 0.002100
Seed 123, Step 2500: Loss = 148.25 (Recon: 101.79, Allele KL: 18.30, Base KL: 4700.47, Functional KL: 0.00

Top Variants with Coverage Mismatches:
Rank   Variant                        Expected     Observed     Diff       |Div|       
------------------------------------------------------------------------------------------
1      CYP2C9:96708901→T              0.60         0.00         0.60       0.003734    
2      CYP2C9:96708901→M              0.01         0.00         0.01       0.000032    
3      CYP2C9:96708901→G              0.00         0.00         0.00       0.000031    
4      CYP2C9:96708901→A              0.00         0.00         0.00       0.000031    
5      CYP2C9:96708901→N              0.00         0.00         0.00       0.000031    
6      CYP2C9:96708901→P              0.00         0.00         0.00       0.000030    
7      CYP2C9:96708901→C              54.91        70.00        -15.09     0.000016    
New best model with final loss: 152.48

=== Running VAE with seed 456 ===
Global Pooled JS: 0.007561
Seed 456, Step    0: Loss = 256.33 (Recon: 197.78, Allele KL: 30.05, Base KL: 2645.22, Functional KL: 0.01
Global Pooled JS: 0.002184
Seed 456, Step  500: Loss = 152.70 (Recon: 108.39, Allele KL: 15.91, Base KL: 4722.25, Functional KL: 0.00
Global Pooled JS: 0.003675
Seed 456, Step 1000: Loss = 151.30 (Recon: 103.89, Allele KL: 19.01, Base KL: 4738.79, Functional KL: 0.00
Global Pooled JS: 0.001790
Seed 456, Step 1500: Loss = 157.91 (Recon: 112.53, Allele KL: 16.84, Base KL: 4840.02, Functional KL: 0.00
Global Pooled JS: 0.001333
Seed 456, Step 2000: Loss = 145.79 (Recon: 103.03, Allele KL: 14.08, Base KL: 5049.17, Functional KL: 0.00
Global Pooled JS: 0.011314
Seed 456, Step 2500: Loss = 161.41 (Recon: 120.10, Allele KL: 12.52, Base KL: 4984.35, Functional KL: 0.01

Top Variants with Coverage Mismatches:
Rank   Variant                        Expected     Observed     Diff       |Div|       
------------------------------------------------------------------------------------------
1      CYP2C9:96708901→T              0.71         0.00         0.71       0.004433    
2      CYP2C9:96708901→G              0.01         0.00         0.01       0.000039    
3      CYP2C9:96708901→N              0.01         0.00         0.01       0.000038    
4      CYP2C9:96708901→M              0.01         0.00         0.01       0.000038    
5      CYP2C9:96708901→P              0.01         0.00         0.01       0.000037    
6      CYP2C9:96708901→A              0.01         0.00         0.01       0.000037    
7      CYP2C9:96708901→C              54.79        70.00        -15.21     0.000022    
New best model with final loss: 149.22

=== Multi-Seed VAE Results ===
Best model had seed 456 with final loss: 149.22
All seeds final losses:
  Seed 42: Total=155.89 (Recon=111.19, A_KL=16.51, B_KL=4859.37)
  Seed 123: Total=152.48 (Recon=105.59, A_KL=18.42, B_KL=5056.22)
  Seed 456: Total=149.22 (Recon=105.48, A_KL=15.57, B_KL=4768.35) <- Best

[Raw]:
CYP2C9*1: Normalized=0.9866, Unnormalized=0.99

[Alleles]
CYP2C9*1
CYP2C9*1
	Command being timed: "python /home/qinghuiz/aidy/push/Neretva/neretva/cyp.py CYP2C9 /project/shared/aldy-data/wgs/NA19207.wgs.cram"
	User time (seconds): 150.39
	System time (seconds): 30.28
	Percent of CPU this job got: 99%
	Elapsed (wall clock) time (h:mm:ss or m:ss): 3:01.14
	Average shared text size (kbytes): 0
	Average unshared data size (kbytes): 0
	Average stack size (kbytes): 0
	Average total size (kbytes): 0
	Maximum resident set size (kbytes): 2762224
	Average resident set size (kbytes): 0
	Major (requiring I/O) page faults: 0
	Minor (reclaiming a frame) page faults: 892047
	Voluntary context switches: 22718
	Involuntary context switches: 241
	Swaps: 0
	File system inputs: 0
	File system outputs: 48
	Socket messages sent: 0
	Socket messages received: 0
	Signals delivered: 0
	Page size (bytes): 4096
	Exit status: 0
