2026-05-15 23:25:07.126627: I tensorflow/core/util/port.cc:111] oneDNN custom operations are on. You may see slightly different numerical results due to floating-point round-off errors from different computation orders. To turn them off, set the environment variable `TF_ENABLE_ONEDNN_OPTS=0`.
2026-05-15 23:25:07.163163: E tensorflow/compiler/xla/stream_executor/cuda/cuda_dnn.cc:9342] Unable to register cuDNN factory: Attempting to register factory for plugin cuDNN when one has already been registered
2026-05-15 23:25:07.163336: E tensorflow/compiler/xla/stream_executor/cuda/cuda_fft.cc:609] Unable to register cuFFT factory: Attempting to register factory for plugin cuFFT when one has already been registered
2026-05-15 23:25:07.163489: E tensorflow/compiler/xla/stream_executor/cuda/cuda_blas.cc:1518] Unable to register cuBLAS factory: Attempting to register factory for plugin cuBLAS when one has already been registered
2026-05-15 23:25:07.171501: I tensorflow/core/platform/cpu_feature_guard.cc:182] This TensorFlow binary is optimized to use available CPU instructions in performance-critical operations.
To enable the following instructions: AVX2 AVX512F AVX512_VNNI FMA, in other operations, rebuild TensorFlow with the appropriate compiler flags.
AttributeError: 'MessageFactory' object has no attribute 'GetPrototype'
2026-05-15 23:25:08.193813: W tensorflow/compiler/tf2tensorrt/utils/py_utils.cc:38] TF-TRT Warning: Could not find TensorRT
AttributeError: 'MessageFactory' object has no attribute 'GetPrototype'
[info] total indices 749
[info] total variants 749
2.001 was filtered out as 96702046 C>T needs T but not covered
2.003 was filtered out as 96702046 C>T needs T but not covered
2.004 was filtered out as 96702046 C>T needs T but not covered
3.001 was filtered out as 96741052 A>C needs C but not covered
3.002 was filtered out as 96741052 A>C needs C but not covered
4.001 was filtered out as 96741053 T>C needs C but not covered
5.001 was filtered out as 96741057 C>G needs G but not covered
7.001 was filtered out as 96698493 C>A needs A but not covered
8.001 was filtered out as 96702065 G>A needs A but not covered
8.002 was filtered out as 96702065 G>A needs A but not covered
8.003 was filtered out as 96702065 G>A needs A but not covered
8.004 was filtered out as 96702065 G>A needs A but not covered
8.005 was filtered out as 96702065 G>A needs A but not covered
9.001 was filtered out as 96708973 A>G needs G but not covered
10.001 was filtered out as 96709036 A>G needs G but not covered
11.001 was filtered out as 96740980 C>T needs T but not covered
11.002 was filtered out as 96740980 C>T needs T but not covered
12.001 was filtered out as 96748776 C>T needs T but not covered
13.001 was filtered out as 96701714 T>C needs C but not covered
14.001 was filtered out as 96701990 G>A needs A but not covered
15.001 was filtered out as 96707538 C>A needs A but not covered
16.001 was filtered out as 96731935 A>G needs G but not covered
17.001 was filtered out as 96741121 C>T needs T but not covered
18.001 was filtered out as 96741052 A>C needs C but not covered
19.001 was filtered out as 96748673 G>C needs C but not covered
20.001 was filtered out as 96701653 G>C needs C but not covered
21.001 was filtered out as 96698527 C>T needs T but not covered
22.001 was filtered out as 96698559 A>G needs G but not covered
23.001 was filtered out as 96701671 G>A needs A but not covered
24.001 was filtered out as 96741037 G>A needs A but not covered
25.001 was filtered out as 96701969 delAGAAATGGAA needs N but not covered
26.001 was filtered out as 96702005 C>G needs G but not covered
27.001 was filtered out as 96702065 G>T needs T but not covered
28.001 was filtered out as 96707694 A>T needs T but not covered
29.001 was filtered out as 96731875 C>A needs A but not covered
30.001 was filtered out as 96748740 G>A needs A but not covered
31.001 was filtered out as 96740957 T>C needs C but not covered
32.001 was filtered out as 96748779 G>T needs T but not covered
33.001 was filtered out as 96702011 G>A needs A but not covered
34.001 was filtered out as 96740981 G>A needs A but not covered
35.001 was filtered out as 96702046 C>T needs T but not covered
36.001 was filtered out as 96698439 A>G needs G but not covered
37.001 was filtered out as 96698584 A>G needs G but not covered
38.001 was filtered out as 96701732 G>C needs C but not covered
39.001 was filtered out as 96701738 G>T needs T but not covered
40.001 was filtered out as 96701774 T>C needs C but not covered
41.001 was filtered out as 96701972 A>G needs G but not covered
42.001 was filtered out as 96701987 G>A needs A but not covered
43.001 was filtered out as 96701986 C>T needs T but not covered
44.001 was filtered out as 96702005 C>T needs T but not covered
45.001 was filtered out as 96702010 C>T needs T but not covered
46.001 was filtered out as 96702061 G>A needs A but not covered
47.001 was filtered out as 96707541 C>T needs T but not covered
48.001 was filtered out as 96707673 T>C needs C but not covered
49.001 was filtered out as 96708885 A>G needs G but not covered
50.001 was filtered out as 96708900 C>T needs T but not covered
51.001 was filtered out as 96731890 A>G needs G but not covered
52.001 was filtered out as 96731936 C>G needs G but not covered
53.001 was filtered out as 96731989 C>T needs T but not covered
54.001 was filtered out as 96741006 C>A needs A but not covered
55.001 was filtered out as 96741058 C>A needs A but not covered
56.001 was filtered out as 96745798 A>G needs G but not covered
57.001 was filtered out as 96707663 A>C needs C but not covered
58.001 was filtered out as 96740986 C>A needs A but not covered
59.001 was filtered out as 96748611 A>T needs T but not covered
60.001 was filtered out as 96748711 T>C needs C but not covered
61.001 was filtered out as 96702046 C>T needs T but not covered
61.002 was filtered out as 96702046 C>T needs T but not covered
62.001 was filtered out as 96701989 C>T needs T but not covered
63.001 was filtered out as 96702047 G>A needs A but not covered
64.001 was filtered out as 96731879 C>G needs G but not covered
65.001 was filtered out as 96740955 G>T needs T but not covered
66.001 was filtered out as 96741061 C>G needs G but not covered
67.001 was filtered out as 96748608 C>T needs T but not covered
68.001 was filtered out as 96741052 A>C needs C but not covered
69.001 was filtered out as 96707625 A>G needs G but not covered
70.001 was filtered out as 96748636 G>T needs T but not covered
71.001 was filtered out as 96709036 A>G needs G but not covered
72.001 was filtered out as 96702062 C>T needs T but not covered
73.001 was filtered out as 96702064 C>T needs T but not covered
74.001 was filtered out as 96707695 G>T needs T but not covered
75.001 was filtered out as 96745892 A>C needs C but not covered
76.001 was filtered out as 96698556 G>A needs A but not covered
77.001 was filtered out as 96701731 G>A needs A but not covered
78.001 was filtered out as 96701999 T>G needs G but not covered
79.001 was filtered out as 96741014 C>T needs T but not covered
80.001 was filtered out as 96698475 T>G needs G but not covered
81.001 was filtered out as 96731939 A>T needs T but not covered
82.001 was filtered out as 96708901 C>T needs T but not covered
83.001 was filtered out as 96698544 C>T needs T but not covered
84.001 was filtered out as 96745930 G>C needs C but not covered
85.001 was filtered out as 96708919 delT needs N but not covered
[filter] CYP2C9 1.001 => 1.001; 1.002; 1.005; 1.006; 1.007; 1.008; 1.009; 1.010; 1.011; 1.012; 1.013
[filter] CYP2C9 6.001 => 6.001
[filter] valid_alleles=12
Step 0: Loss=0.2295, CN=[2.0999167]
Step 100: Loss=0.0554, CN=[2.6853611]
Step 200: Loss=0.0554, CN=[2.682605]
Step 300: Loss=0.0554, CN=[2.6826026]
Step 400: Loss=0.0554, CN=[2.6826024]

=== Fit ===
Region 0: obs=2.668, exp=2.683, diff=-0.015 
Region 1: obs=2.515, exp=2.683, diff=-0.168 
Region 2: obs=2.133, exp=2.683, diff=-0.549 *
Region 3: obs=2.526, exp=2.683, diff=-0.157 
Region 4: obs=3.258, exp=2.683, diff=+0.575 *
Region 5: obs=3.141, exp=2.683, diff=+0.458 
Region 6: obs=2.386, exp=2.683, diff=-0.296 
Region 7: obs=2.717, exp=2.683, diff=+0.035 
Region 8: obs=2.768, exp=2.683, diff=+0.085 
Region 9: obs=2.801, exp=2.683, diff=+0.119 
Region 10: obs=2.990, exp=2.683, diff=+0.307 
Region 11: obs=2.761, exp=2.683, diff=+0.079 
Region 12: obs=2.852, exp=2.683, diff=+0.170 
Region 13: obs=2.527, exp=2.683, diff=-0.155 
Region 14: obs=2.151, exp=2.683, diff=-0.531 *
Region 15: obs=2.892, exp=2.683, diff=+0.210 
Region 16: obs=2.874, exp=2.683, diff=+0.192 
Region 17: obs=2.744, exp=2.683, diff=+0.062 
Region 18: obs=2.226, exp=2.683, diff=-0.456 
Region 19: obs=2.214, exp=2.683, diff=-0.468 
Region 20: obs=3.316, exp=2.683, diff=+0.633 *

[Gene CN Results]
  CYP2C9: 2.68 → 2.6826024055480957
Using device: cuda

=== Running VAE with seed 42 ===
Global Pooled JS: 0.004578
Seed 42, Step    0: Loss = 183.43 (Recon: 142.97, Allele KL: 12.99, Base KL: 1145.04, Functional KL: 0.00
Global Pooled JS: 0.007097
Seed 42, Step  500: Loss = 139.13 (Recon: 101.78, Allele KL: 10.57, Base KL: 3476.41, Functional KL: 0.01
Global Pooled JS: 0.005353
Seed 42, Step 1000: Loss = 142.69 (Recon: 98.99, Allele KL: 16.71, Base KL: 3547.93, Functional KL: 0.01
Global Pooled JS: 0.019350
Seed 42, Step 1500: Loss = 150.14 (Recon: 107.92, Allele KL: 14.61, Base KL: 3631.44, Functional KL: 0.02
Global Pooled JS: 0.007715
Seed 42, Step 2000: Loss = 144.13 (Recon: 98.28, Allele KL: 18.48, Base KL: 3726.86, Functional KL: 0.01
Global Pooled JS: 0.011531
Seed 42, Step 2500: Loss = 141.40 (Recon: 96.00, Allele KL: 18.44, Base KL: 3781.00, Functional KL: 0.01

Top Variants with Coverage Mismatches:
Rank   Variant                        Expected     Observed     Diff       |Div|       
------------------------------------------------------------------------------------------
1      CYP2C9:96709039→G              0.09         0.00         0.09       0.000802    
2      CYP2C9:96709039→C              0.09         0.00         0.09       0.000799    
3      CYP2C9:96709039→P              0.09         0.00         0.09       0.000792    
4      CYP2C9:96709039→M              0.09         0.00         0.09       0.000771    
5      CYP2C9:96709039→T              0.09         0.00         0.09       0.000764    
6      CYP2C9:96709039→N              14.42        23.00        -8.58      0.000363    
7      CYP2C9:96709039→A              25.71        48.00        -22.29     0.000349    
New best model with final loss: 154.27

=== Running VAE with seed 123 ===
Global Pooled JS: 0.056923
Seed 123, Step    0: Loss = 231.11 (Recon: 197.20, Allele KL: 6.34, Base KL: 1347.68, Functional KL: 0.06
Global Pooled JS: 0.005256
Seed 123, Step  500: Loss = 141.23 (Recon: 99.94, Allele KL: 13.74, Base KL: 3716.60, Functional KL: 0.01
Global Pooled JS: 0.012809
Seed 123, Step 1000: Loss = 152.25 (Recon: 112.51, Allele KL: 12.00, Base KL: 3770.42, Functional KL: 0.01
Global Pooled JS: 0.008086
Seed 123, Step 1500: Loss = 143.47 (Recon: 100.17, Allele KL: 16.19, Base KL: 3651.13, Functional KL: 0.01
Global Pooled JS: 0.003584
Seed 123, Step 2000: Loss = 142.29 (Recon: 100.09, Allele KL: 15.03, Base KL: 3680.38, Functional KL: 0.00
Global Pooled JS: 0.003748
Seed 123, Step 2500: Loss = 141.56 (Recon: 99.69, Allele KL: 14.31, Base KL: 3815.91, Functional KL: 0.00

Top Variants with Coverage Mismatches:
Rank   Variant                        Expected     Observed     Diff       |Div|       
------------------------------------------------------------------------------------------
1      CYP2C9:96709039→N              17.30        23.00        -5.70      0.003491    
2      CYP2C9:96709039→A              22.74        48.00        -25.26     0.002718    
3      CYP2C9:96709039→M              0.11         0.00         0.11       0.000972    
4      CYP2C9:96709039→C              0.11         0.00         0.11       0.000960    
5      CYP2C9:96709039→G              0.11         0.00         0.11       0.000945    
6      CYP2C9:96709039→T              0.11         0.00         0.11       0.000942    
7      CYP2C9:96709039→P              0.11         0.00         0.11       0.000919    
New best model with final loss: 147.52

=== Running VAE with seed 456 ===
Global Pooled JS: 0.080515
Seed 456, Step    0: Loss = 233.30 (Recon: 191.85, Allele KL: 13.82, Base KL: 1311.86, Functional KL: 0.08
Global Pooled JS: 0.004270
Seed 456, Step  500: Loss = 143.76 (Recon: 99.11, Allele KL: 17.30, Base KL: 3777.53, Functional KL: 0.00
Global Pooled JS: 0.003630
Seed 456, Step 1000: Loss = 140.02 (Recon: 101.33, Allele KL: 11.26, Base KL: 3603.86, Functional KL: 0.00
Global Pooled JS: 0.006485
Seed 456, Step 1500: Loss = 147.54 (Recon: 106.96, Allele KL: 13.00, Base KL: 3873.44, Functional KL: 0.01
Global Pooled JS: 0.004845
Seed 456, Step 2000: Loss = 142.49 (Recon: 99.02, Allele KL: 16.57, Base KL: 3606.53, Functional KL: 0.00
Global Pooled JS: 0.024723
Seed 456, Step 2500: Loss = 147.37 (Recon: 103.87, Allele KL: 16.46, Base KL: 3683.46, Functional KL: 0.02

Top Variants with Coverage Mismatches:
Rank   Variant                        Expected     Observed     Diff       |Div|       
------------------------------------------------------------------------------------------
1      CYP2C9:96709039→G              0.10         0.00         0.10       0.000824    
2      CYP2C9:96709039→C              0.10         0.00         0.10       0.000820    
3      CYP2C9:96709039→M              0.09         0.00         0.09       0.000804    
4      CYP2C9:96709039→P              0.09         0.00         0.09       0.000795    
5      CYP2C9:96709039→T              0.09         0.00         0.09       0.000779    
6      CYP2C9:96709039→N              14.93        23.00        -8.07      0.000699    
7      CYP2C9:96709039→A              25.18        48.00        -22.82     0.000596    
New best model with final loss: 143.65

=== Multi-Seed VAE Results ===
Best model had seed 456 with final loss: 143.65
All seeds final losses:
  Seed 42: Total=154.27 (Recon=115.82, A_KL=10.49, B_KL=3713.95)
  Seed 123: Total=147.52 (Recon=104.50, A_KL=15.50, B_KL=3560.95)
  Seed 456: Total=143.65 (Recon=100.65, A_KL=15.80, B_KL=3640.41) <- Best
[time] run_vae took 111.59s (2,698.1328125 MB; 2,698.1328125 MB)

[Raw]:
CYP2C9*1: Normalized=0.6181, Unnormalized=0.62
CYP2C9*6: Normalized=0.3819, Unnormalized=0.38

[Alleles]
CYP2C9*1
CYP2C9*6
	Command being timed: "python cyp.py CYP2C9 /project/shared/aldy-data/wgs/NA19143.wgs.cram"
	User time (seconds): 105.54
	System time (seconds): 16.06
	Percent of CPU this job got: 99%
	Elapsed (wall clock) time (h:mm:ss or m:ss): 2:01.93
	Average shared text size (kbytes): 0
	Average unshared data size (kbytes): 0
	Average stack size (kbytes): 0
	Average total size (kbytes): 0
	Maximum resident set size (kbytes): 2762920
	Average resident set size (kbytes): 0
	Major (requiring I/O) page faults: 0
	Minor (reclaiming a frame) page faults: 786748
	Voluntary context switches: 22335
	Involuntary context switches: 150
	Swaps: 0
	File system inputs: 0
	File system outputs: 48
	Socket messages sent: 0
	Socket messages received: 0
	Signals delivered: 0
	Page size (bytes): 4096
	Exit status: 0
