2026-05-15 23:36:52.947339: I tensorflow/core/util/port.cc:111] oneDNN custom operations are on. You may see slightly different numerical results due to floating-point round-off errors from different computation orders. To turn them off, set the environment variable `TF_ENABLE_ONEDNN_OPTS=0`.
2026-05-15 23:36:52.983376: E tensorflow/compiler/xla/stream_executor/cuda/cuda_dnn.cc:9342] Unable to register cuDNN factory: Attempting to register factory for plugin cuDNN when one has already been registered
2026-05-15 23:36:52.983556: E tensorflow/compiler/xla/stream_executor/cuda/cuda_fft.cc:609] Unable to register cuFFT factory: Attempting to register factory for plugin cuFFT when one has already been registered
2026-05-15 23:36:52.983688: E tensorflow/compiler/xla/stream_executor/cuda/cuda_blas.cc:1518] Unable to register cuBLAS factory: Attempting to register factory for plugin cuBLAS when one has already been registered
2026-05-15 23:36:52.991647: I tensorflow/core/platform/cpu_feature_guard.cc:182] This TensorFlow binary is optimized to use available CPU instructions in performance-critical operations.
To enable the following instructions: AVX2 AVX512F AVX512_VNNI FMA, in other operations, rebuild TensorFlow with the appropriate compiler flags.
AttributeError: 'MessageFactory' object has no attribute 'GetPrototype'
2026-05-15 23:36:53.974696: W tensorflow/compiler/tf2tensorrt/utils/py_utils.cc:38] TF-TRT Warning: Could not find TensorRT
AttributeError: 'MessageFactory' object has no attribute 'GetPrototype'
[info] total indices 749
[info] total variants 749
2.001 was filtered out as 96702046 C>T needs T but not covered
2.003 was filtered out as 96702046 C>T needs T but not covered
2.004 was filtered out as 96702046 C>T needs T but not covered
3.001 was filtered out as 96741052 A>C needs C but not covered
3.002 was filtered out as 96741052 A>C needs C but not covered
4.001 was filtered out as 96741053 T>C needs C but not covered
6.001 was filtered out as 96709039 delA needs N but not covered
7.001 was filtered out as 96698493 C>A needs A but not covered
8.001 was filtered out as 96702065 G>A needs A but not covered
8.002 was filtered out as 96702065 G>A needs A but not covered
8.003 was filtered out as 96702065 G>A needs A but not covered
8.004 was filtered out as 96702065 G>A needs A but not covered
8.005 was filtered out as 96702065 G>A needs A but not covered
9.001 was filtered out as 96708973 A>G needs G but not covered
10.001 was filtered out as 96709036 A>G needs G but not covered
11.001 was filtered out as 96740980 C>T needs T but not covered
11.002 was filtered out as 96740980 C>T needs T but not covered
12.001 was filtered out as 96748776 C>T needs T but not covered
13.001 was filtered out as 96701714 T>C needs C but not covered
14.001 was filtered out as 96701990 G>A needs A but not covered
15.001 was filtered out as 96707538 C>A needs A but not covered
16.001 was filtered out as 96731935 A>G needs G but not covered
17.001 was filtered out as 96741121 C>T needs T but not covered
18.001 was filtered out as 96741052 A>C needs C but not covered
19.001 was filtered out as 96748673 G>C needs C but not covered
20.001 was filtered out as 96701653 G>C needs C but not covered
21.001 was filtered out as 96698527 C>T needs T but not covered
22.001 was filtered out as 96698559 A>G needs G but not covered
23.001 was filtered out as 96701671 G>A needs A but not covered
24.001 was filtered out as 96741037 G>A needs A but not covered
25.001 was filtered out as 96701969 delAGAAATGGAA needs N but not covered
26.001 was filtered out as 96702005 C>G needs G but not covered
27.001 was filtered out as 96702065 G>T needs T but not covered
28.001 was filtered out as 96707694 A>T needs T but not covered
29.001 was filtered out as 96731875 C>A needs A but not covered
30.001 was filtered out as 96748740 G>A needs A but not covered
31.001 was filtered out as 96740957 T>C needs C but not covered
32.001 was filtered out as 96748779 G>T needs T but not covered
33.001 was filtered out as 96702011 G>A needs A but not covered
34.001 was filtered out as 96740981 G>A needs A but not covered
35.001 was filtered out as 96702046 C>T needs T but not covered
36.001 was filtered out as 96698439 A>G needs G but not covered
37.001 was filtered out as 96698584 A>G needs G but not covered
38.001 was filtered out as 96701732 G>C needs C but not covered
39.001 was filtered out as 96701738 G>T needs T but not covered
40.001 was filtered out as 96701774 T>C needs C but not covered
41.001 was filtered out as 96701972 A>G needs G but not covered
42.001 was filtered out as 96701987 G>A needs A but not covered
43.001 was filtered out as 96701986 C>T needs T but not covered
44.001 was filtered out as 96702005 C>T needs T but not covered
45.001 was filtered out as 96702010 C>T needs T but not covered
46.001 was filtered out as 96702061 G>A needs A but not covered
47.001 was filtered out as 96707541 C>T needs T but not covered
48.001 was filtered out as 96707673 T>C needs C but not covered
49.001 was filtered out as 96708885 A>G needs G but not covered
50.001 was filtered out as 96708900 C>T needs T but not covered
51.001 was filtered out as 96731890 A>G needs G but not covered
52.001 was filtered out as 96731936 C>G needs G but not covered
53.001 was filtered out as 96731989 C>T needs T but not covered
54.001 was filtered out as 96741006 C>A needs A but not covered
55.001 was filtered out as 96741058 C>A needs A but not covered
56.001 was filtered out as 96745798 A>G needs G but not covered
57.001 was filtered out as 96707663 A>C needs C but not covered
58.001 was filtered out as 96740986 C>A needs A but not covered
59.001 was filtered out as 96748611 A>T needs T but not covered
60.001 was filtered out as 96748711 T>C needs C but not covered
61.001 was filtered out as 96702046 C>T needs T but not covered
61.002 was filtered out as 96702046 C>T needs T but not covered
62.001 was filtered out as 96701989 C>T needs T but not covered
63.001 was filtered out as 96702047 G>A needs A but not covered
64.001 was filtered out as 96731879 C>G needs G but not covered
65.001 was filtered out as 96740955 G>T needs T but not covered
66.001 was filtered out as 96741061 C>G needs G but not covered
67.001 was filtered out as 96748608 C>T needs T but not covered
68.001 was filtered out as 96741052 A>C needs C but not covered
69.001 was filtered out as 96707625 A>G needs G but not covered
70.001 was filtered out as 96748636 G>T needs T but not covered
71.001 was filtered out as 96709036 A>G needs G but not covered
72.001 was filtered out as 96702062 C>T needs T but not covered
73.001 was filtered out as 96702064 C>T needs T but not covered
74.001 was filtered out as 96707695 G>T needs T but not covered
75.001 was filtered out as 96745892 A>C needs C but not covered
76.001 was filtered out as 96698556 G>A needs A but not covered
77.001 was filtered out as 96701731 G>A needs A but not covered
78.001 was filtered out as 96701999 T>G needs G but not covered
79.001 was filtered out as 96741014 C>T needs T but not covered
80.001 was filtered out as 96698475 T>G needs G but not covered
81.001 was filtered out as 96731939 A>T needs T but not covered
82.001 was filtered out as 96708901 C>T needs T but not covered
83.001 was filtered out as 96698544 C>T needs T but not covered
84.001 was filtered out as 96745930 G>C needs C but not covered
85.001 was filtered out as 96708919 delT needs N but not covered
[filter] CYP2C9 1.001 => 1.001; 1.002; 1.005; 1.006; 1.007; 1.008; 1.009; 1.010; 1.011; 1.012; 1.013
[filter] CYP2C9 5.001 => 5.001
[filter] valid_alleles=12
Step 0: Loss=0.1140, CN=[2.0999167]
Step 100: Loss=0.0493, CN=[2.3893824]
Step 200: Loss=0.0493, CN=[2.3902948]
Step 300: Loss=0.0493, CN=[2.3903005]
Step 400: Loss=0.0493, CN=[2.3903005]

=== Fit ===
Region 0: obs=2.562, exp=2.390, diff=+0.171 
Region 1: obs=2.393, exp=2.390, diff=+0.003 
Region 2: obs=2.480, exp=2.390, diff=+0.090 
Region 3: obs=2.167, exp=2.390, diff=-0.224 
Region 4: obs=2.106, exp=2.390, diff=-0.284 
Region 5: obs=1.927, exp=2.390, diff=-0.463 
Region 6: obs=1.765, exp=2.390, diff=-0.625 *
Region 7: obs=2.426, exp=2.390, diff=+0.036 
Region 8: obs=2.153, exp=2.390, diff=-0.237 
Region 9: obs=2.370, exp=2.390, diff=-0.020 
Region 10: obs=2.757, exp=2.390, diff=+0.367 
Region 11: obs=2.365, exp=2.390, diff=-0.025 
Region 12: obs=2.375, exp=2.390, diff=-0.015 
Region 13: obs=2.376, exp=2.390, diff=-0.014 
Region 14: obs=2.095, exp=2.390, diff=-0.295 
Region 15: obs=2.515, exp=2.390, diff=+0.124 
Region 16: obs=3.201, exp=2.390, diff=+0.811 *
Region 17: obs=2.386, exp=2.390, diff=-0.004 
Region 18: obs=2.648, exp=2.390, diff=+0.258 
Region 19: obs=2.423, exp=2.390, diff=+0.033 
Region 20: obs=3.027, exp=2.390, diff=+0.637 *

[Gene CN Results]
  CYP2C9: 2.39 → 2.3903005123138428
Using device: cuda

=== Running VAE with seed 42 ===
Global Pooled JS: 0.012772
Seed 42, Step    0: Loss = 198.08 (Recon: 154.00, Allele KL: 16.55, Base KL: 1705.89, Functional KL: 0.01
Global Pooled JS: 0.013533
Seed 42, Step  500: Loss = 146.88 (Recon: 98.00, Allele KL: 20.53, Base KL: 5568.73, Functional KL: 0.01
Global Pooled JS: 0.007203
Seed 42, Step 1000: Loss = 143.64 (Recon: 95.76, Allele KL: 19.42, Base KL: 5671.83, Functional KL: 0.01
Global Pooled JS: 0.006860
Seed 42, Step 1500: Loss = 142.91 (Recon: 94.31, Allele KL: 19.87, Base KL: 5882.45, Functional KL: 0.01
Global Pooled JS: 0.026693
Seed 42, Step 2000: Loss = 151.30 (Recon: 102.38, Allele KL: 20.36, Base KL: 5773.65, Functional KL: 0.03
Global Pooled JS: 0.011120
Seed 42, Step 2500: Loss = 147.27 (Recon: 93.64, Allele KL: 25.36, Base KL: 5674.27, Functional KL: 0.01

Top Variants with Coverage Mismatches:
Rank   Variant                        Expected     Observed     Diff       |Div|       
------------------------------------------------------------------------------------------
1      CYP2C9:96741057→P              0.15         0.00         0.15       0.001024    
2      CYP2C9:96741057→N              0.15         0.00         0.15       0.001012    
3      CYP2C9:96741057→A              0.15         0.00         0.15       0.000998    
4      CYP2C9:96741057→M              0.15         0.00         0.15       0.000995    
5      CYP2C9:96741057→T              0.15         0.00         0.15       0.000988    
6      CYP2C9:96741057→G              25.13        26.00        -0.87      0.000268    
7      CYP2C9:96741057→C              25.71        24.00        1.71       0.000086    
New best model with final loss: 155.08

=== Running VAE with seed 123 ===
Global Pooled JS: 0.158763
Seed 123, Step    0: Loss = 320.57 (Recon: 283.53, Allele KL: 9.12, Base KL: 2280.28, Functional KL: 0.16
Global Pooled JS: 0.005340
Seed 123, Step  500: Loss = 142.81 (Recon: 98.13, Allele KL: 15.88, Base KL: 5697.69, Functional KL: 0.01
Global Pooled JS: 0.023594
Seed 123, Step 1000: Loss = 154.83 (Recon: 110.23, Allele KL: 15.56, Base KL: 5737.32, Functional KL: 0.02
Global Pooled JS: 0.013800
Seed 123, Step 1500: Loss = 148.65 (Recon: 97.22, Allele KL: 23.01, Base KL: 5743.91, Functional KL: 0.01
Global Pooled JS: 0.013132
Seed 123, Step 2000: Loss = 145.98 (Recon: 98.47, Allele KL: 18.89, Base KL: 5727.18, Functional KL: 0.01
Global Pooled JS: 0.011077
Seed 123, Step 2500: Loss = 144.31 (Recon: 100.20, Allele KL: 15.24, Base KL: 5749.53, Functional KL: 0.01

Top Variants with Coverage Mismatches:
Rank   Variant                        Expected     Observed     Diff       |Div|       
------------------------------------------------------------------------------------------
1      CYP2C9:96741057→C              20.01        24.00        -3.99      0.002452    
2      CYP2C9:96741057→M              0.19         0.00         0.19       0.001289    
3      CYP2C9:96741057→A              0.19         0.00         0.19       0.001253    
4      CYP2C9:96741057→T              0.19         0.00         0.19       0.001250    
5      CYP2C9:96741057→N              0.18         0.00         0.18       0.001237    
6      CYP2C9:96741057→G              30.65        26.00        4.65       0.001235    
7      CYP2C9:96741057→P              0.18         0.00         0.18       0.001219    
New best model with final loss: 148.70

=== Running VAE with seed 456 ===
Global Pooled JS: 0.197015
Seed 456, Step    0: Loss = 329.17 (Recon: 272.23, Allele KL: 29.01, Base KL: 2277.46, Functional KL: 0.20
Global Pooled JS: 0.006079
Seed 456, Step  500: Loss = 145.62 (Recon: 96.30, Allele KL: 20.75, Base KL: 5699.08, Functional KL: 0.01
Global Pooled JS: 0.006022
Seed 456, Step 1000: Loss = 141.86 (Recon: 96.27, Allele KL: 16.89, Base KL: 5664.78, Functional KL: 0.01
Global Pooled JS: 0.005816
Seed 456, Step 1500: Loss = 148.86 (Recon: 100.37, Allele KL: 19.64, Base KL: 5752.48, Functional KL: 0.01
Global Pooled JS: 0.007693
Seed 456, Step 2000: Loss = 143.55 (Recon: 95.05, Allele KL: 19.86, Base KL: 5765.96, Functional KL: 0.01
Global Pooled JS: 0.013606
Seed 456, Step 2500: Loss = 146.54 (Recon: 100.77, Allele KL: 17.33, Base KL: 5716.26, Functional KL: 0.01

Top Variants with Coverage Mismatches:
Rank   Variant                        Expected     Observed     Diff       |Div|       
------------------------------------------------------------------------------------------
1      CYP2C9:96741057→N              0.16         0.00         0.16       0.001053    
2      CYP2C9:96741057→M              0.16         0.00         0.16       0.001049    
3      CYP2C9:96741057→P              0.15         0.00         0.15       0.001033    
4      CYP2C9:96741057→A              0.15         0.00         0.15       0.001026    
5      CYP2C9:96741057→T              0.15         0.00         0.15       0.001015    
6      CYP2C9:96741057→C              24.33        24.00        0.33       0.000018    
7      CYP2C9:96741057→G              26.48        26.00        0.48       0.000011    
New best model with final loss: 147.97

=== Multi-Seed VAE Results ===
Best model had seed 456 with final loss: 147.97
All seeds final losses:
  Seed 42: Total=155.08 (Recon=110.26, A_KL=15.64, B_KL=5765.35)
  Seed 123: Total=148.70 (Recon=97.37, A_KL=22.61, B_KL=5714.00)
  Seed 456: Total=147.97 (Recon=98.53, A_KL=20.66, B_KL=5885.87) <- Best
[time] run_vae took 110.62s (2,708.9609375 MB; 2,708.9609375 MB)

[Raw]:
CYP2C9*5: Normalized=0.5315, Unnormalized=0.53
CYP2C9*1: Normalized=0.4685, Unnormalized=0.47

[Alleles]
CYP2C9*5
CYP2C9*1
	Command being timed: "python cyp.py CYP2C9 /project/shared/aldy-data/wgs/NA19908.wgs.cram"
	User time (seconds): 105.57
	System time (seconds): 15.81
	Percent of CPU this job got: 99%
	Elapsed (wall clock) time (h:mm:ss or m:ss): 2:01.95
	Average shared text size (kbytes): 0
	Average unshared data size (kbytes): 0
	Average stack size (kbytes): 0
	Average total size (kbytes): 0
	Maximum resident set size (kbytes): 2774008
	Average resident set size (kbytes): 0
	Major (requiring I/O) page faults: 0
	Minor (reclaiming a frame) page faults: 799109
	Voluntary context switches: 24399
	Involuntary context switches: 118
	Swaps: 0
	File system inputs: 0
	File system outputs: 48
	Socket messages sent: 0
	Socket messages received: 0
	Signals delivered: 0
	Page size (bytes): 4096
	Exit status: 0
