2026-05-15 21:19:45.135085: I tensorflow/core/util/port.cc:111] oneDNN custom operations are on. You may see slightly different numerical results due to floating-point round-off errors from different computation orders. To turn them off, set the environment variable `TF_ENABLE_ONEDNN_OPTS=0`.
2026-05-15 21:19:45.173271: E tensorflow/compiler/xla/stream_executor/cuda/cuda_dnn.cc:9342] Unable to register cuDNN factory: Attempting to register factory for plugin cuDNN when one has already been registered
2026-05-15 21:19:45.173436: E tensorflow/compiler/xla/stream_executor/cuda/cuda_fft.cc:609] Unable to register cuFFT factory: Attempting to register factory for plugin cuFFT when one has already been registered
2026-05-15 21:19:45.173577: E tensorflow/compiler/xla/stream_executor/cuda/cuda_blas.cc:1518] Unable to register cuBLAS factory: Attempting to register factory for plugin cuBLAS when one has already been registered
2026-05-15 21:19:45.182250: I tensorflow/core/platform/cpu_feature_guard.cc:182] This TensorFlow binary is optimized to use available CPU instructions in performance-critical operations.
To enable the following instructions: AVX2 AVX512F AVX512_VNNI FMA, in other operations, rebuild TensorFlow with the appropriate compiler flags.
AttributeError: 'MessageFactory' object has no attribute 'GetPrototype'
2026-05-15 21:19:46.340874: W tensorflow/compiler/tf2tensorrt/utils/py_utils.cc:38] TF-TRT Warning: Could not find TensorRT
AttributeError: 'MessageFactory' object has no attribute 'GetPrototype'
[info] total indices 224
[info] total variants 224
2.001 was filtered out as 96818105 T>A needs A but not covered
2.002 was filtered out as 96818105 T>A needs A but not covered
3.001 was filtered out as 96827029 C>T needs T but not covered
3.002 was filtered out as 96827029 C>T needs T but not covered
4.001 was filtered out as 96818118 G>C needs C but not covered
4.002 was filtered out as 96818118 G>C needs C but not covered
5.001 was filtered out as 96826970 delT needs N but not covered
6.001 was filtered out as 96824687 C>T needs T but not covered
7.001 was filtered out as 96824642 G>A needs A but not covered
8.001 was filtered out as 96824642 G>C needs C but not covered
9.001 was filtered out as 96818170 T>C needs C but not covered
10.001 was filtered out as 96802646 C>A needs A but not covered
11.001 was filtered out as 96805707 C>A needs A but not covered
12.001 was filtered out as 96796973 delCAA needs N but not covered
13.001 was filtered out as 96818241 A>C needs C but not covered
14.001 was filtered out as 96818198 C>G needs G but not covered
15.001 was filtered out as 96824657 C>T needs T but not covered
16.001 was filtered out as 96802803 A>G needs G but not covered
17.001 was filtered out as 96818180 T>C needs C but not covered
18.001 was filtered out as 96802714 G>A needs A but not covered
[filter] CYP2C8 1.001 => 1.001; 1.002; 1.003; 1.004; 1.005; 1.006; 1.007; 1.008; 1.009; 1.010; 1.011; 1.012; 1.013; 1.014; 1.015; 1.016; 1.017; 1.018
[filter] valid_alleles=18
Step 0: Loss=0.1895, CN=[2.0999167]
Step 100: Loss=0.0194, CN=[2.6196656]
Step 200: Loss=0.0194, CN=[2.622019]
Step 300: Loss=0.0194, CN=[2.62203]
Step 400: Loss=0.0194, CN=[2.62203]

=== Fit ===
Region 0: obs=2.977, exp=2.622, diff=+0.355 
Region 1: obs=2.340, exp=2.622, diff=-0.282 
Region 2: obs=2.552, exp=2.622, diff=-0.070 
Region 3: obs=2.905, exp=2.622, diff=+0.283 
Region 4: obs=2.726, exp=2.622, diff=+0.104 
Region 5: obs=2.455, exp=2.622, diff=-0.167 
Region 6: obs=2.725, exp=2.622, diff=+0.103 
Region 7: obs=2.574, exp=2.622, diff=-0.048 
Region 8: obs=2.633, exp=2.622, diff=+0.011 
Region 9: obs=2.485, exp=2.622, diff=-0.137 
Region 10: obs=2.999, exp=2.622, diff=+0.377 
Region 11: obs=2.611, exp=2.622, diff=-0.011 
Region 12: obs=2.291, exp=2.622, diff=-0.331 
Region 13: obs=2.658, exp=2.622, diff=+0.036 
Region 14: obs=2.547, exp=2.622, diff=-0.075 
Region 15: obs=2.661, exp=2.622, diff=+0.039 
Region 16: obs=2.588, exp=2.622, diff=-0.034 
Region 17: obs=2.230, exp=2.622, diff=-0.392 
Region 18: obs=2.794, exp=2.622, diff=+0.172 
Region 19: obs=2.718, exp=2.622, diff=+0.096 
Region 20: obs=2.592, exp=2.622, diff=-0.030 

[Gene CN Results]
  CYP2C8: 2.62 → 2.622030019760132
Using device: cuda
num_sparse_entries: 252
max sparse_flat_index: 1763
expected max: 1763

=== Running VAE with seed 42 ===
Global Pooled JS: 0.000000
Seed 42, Step    0: Loss = 193.87 (Recon: 149.54, Allele KL: 15.48, Base KL: 1404.81, Functional KL: 0.00
Global Pooled JS: 0.000000
Seed 42, Step  500: Loss = 147.30 (Recon: 99.19, Allele KL: 20.50, Base KL: 3633.71, Functional KL: 0.00
Global Pooled JS: 0.000000
Seed 42, Step 1000: Loss = 122.32 (Recon: 76.42, Allele KL: 17.40, Base KL: 3632.09, Functional KL: 0.00
Global Pooled JS: 0.000000
Seed 42, Step 1500: Loss = 155.38 (Recon: 112.98, Allele KL: 12.58, Base KL: 3864.75, Functional KL: 0.00
Global Pooled JS: 0.000000
Seed 42, Step 2000: Loss = 127.16 (Recon: 73.84, Allele KL: 24.81, Base KL: 3470.08, Functional KL: 0.00
Global Pooled JS: 0.000000
Seed 42, Step 2500: Loss = 129.45 (Recon: 79.64, Allele KL: 21.56, Base KL: 3795.13, Functional KL: 0.00

Top Variants with Coverage Mismatches:
Rank   Variant                        Expected     Observed     Diff       |Div|       
------------------------------------------------------------------------------------------
New best model with final loss: 126.57

=== Running VAE with seed 123 ===
Global Pooled JS: 0.000000
Seed 123, Step    0: Loss = 313.22 (Recon: 266.12, Allele KL: 17.96, Base KL: 1620.41, Functional KL: 0.00
Global Pooled JS: 0.000000
Seed 123, Step  500: Loss = 124.95 (Recon: 73.84, Allele KL: 22.87, Base KL: 3689.56, Functional KL: 0.00
Global Pooled JS: 0.000000
Seed 123, Step 1000: Loss = 121.83 (Recon: 76.89, Allele KL: 16.25, Base KL: 3789.63, Functional KL: 0.00
Global Pooled JS: 0.000000
Seed 123, Step 1500: Loss = 125.91 (Recon: 79.28, Allele KL: 17.90, Base KL: 3711.48, Functional KL: 0.00
Global Pooled JS: 0.000000
Seed 123, Step 2000: Loss = 130.53 (Recon: 73.16, Allele KL: 29.52, Base KL: 3544.61, Functional KL: 0.00
Global Pooled JS: 0.000000
Seed 123, Step 2500: Loss = 127.86 (Recon: 82.58, Allele KL: 16.39, Base KL: 3704.95, Functional KL: 0.00

Top Variants with Coverage Mismatches:
Rank   Variant                        Expected     Observed     Diff       |Div|       
------------------------------------------------------------------------------------------

=== Running VAE with seed 456 ===
Global Pooled JS: 0.000000
Seed 456, Step    0: Loss = 191.79 (Recon: 144.08, Allele KL: 18.45, Base KL: 1769.82, Functional KL: 0.00
Global Pooled JS: 0.000000
Seed 456, Step  500: Loss = 120.67 (Recon: 75.65, Allele KL: 16.34, Base KL: 3657.27, Functional KL: 0.00
Global Pooled JS: 0.000000
Seed 456, Step 1000: Loss = 127.01 (Recon: 86.82, Allele KL: 10.77, Base KL: 3860.59, Functional KL: 0.00
Global Pooled JS: 0.000000
Seed 456, Step 1500: Loss = 128.52 (Recon: 84.61, Allele KL: 14.88, Base KL: 3782.56, Functional KL: 0.00
Global Pooled JS: 0.000000
Seed 456, Step 2000: Loss = 123.06 (Recon: 77.00, Allele KL: 17.75, Base KL: 3659.86, Functional KL: 0.00
Global Pooled JS: 0.000000
Seed 456, Step 2500: Loss = 126.64 (Recon: 78.29, Allele KL: 19.68, Base KL: 3695.26, Functional KL: 0.00

Top Variants with Coverage Mismatches:
Rank   Variant                        Expected     Observed     Diff       |Div|       
------------------------------------------------------------------------------------------
New best model with final loss: 124.16

=== Multi-Seed VAE Results ===
Best model had seed 456 with final loss: 124.16
All seeds final losses:
  Seed 42: Total=126.57 (Recon=80.46, A_KL=17.43, B_KL=3768.45)
  Seed 123: Total=127.23 (Recon=81.81, A_KL=16.38, B_KL=3525.96)
  Seed 456: Total=124.16 (Recon=81.14, A_KL=14.17, B_KL=3828.55) <- Best
[time] run_vae took 118.88s (2,599.81640625 MB; 2,599.81640625 MB)

[Raw]:
CYP2C8*1: Normalized=1.0000, Unnormalized=1.00

[Alleles]
CYP2C8*1
CYP2C8*1
	Command being timed: "python cyp.py CYP2C8 /project/shared/aldy-data/wgs/NA06991.wgs.cram"
	User time (seconds): 111.24
	System time (seconds): 19.50
	Percent of CPU this job got: 99%
	Elapsed (wall clock) time (h:mm:ss or m:ss): 2:11.11
	Average shared text size (kbytes): 0
	Average unshared data size (kbytes): 0
	Average stack size (kbytes): 0
	Average total size (kbytes): 0
	Maximum resident set size (kbytes): 2662224
	Average resident set size (kbytes): 0
	Major (requiring I/O) page faults: 0
	Minor (reclaiming a frame) page faults: 756953
	Voluntary context switches: 22879
	Involuntary context switches: 123
	Swaps: 0
	File system inputs: 0
	File system outputs: 40
	Socket messages sent: 0
	Socket messages received: 0
	Signals delivered: 0
	Page size (bytes): 4096
	Exit status: 0
