2026-03-11 03:50:45.764190: I tensorflow/core/util/port.cc:111] oneDNN custom operations are on. You may see slightly different numerical results due to floating-point round-off errors from different computation orders. To turn them off, set the environment variable `TF_ENABLE_ONEDNN_OPTS=0`.
2026-03-11 03:50:45.803457: E tensorflow/compiler/xla/stream_executor/cuda/cuda_dnn.cc:9342] Unable to register cuDNN factory: Attempting to register factory for plugin cuDNN when one has already been registered
2026-03-11 03:50:45.803615: E tensorflow/compiler/xla/stream_executor/cuda/cuda_fft.cc:609] Unable to register cuFFT factory: Attempting to register factory for plugin cuFFT when one has already been registered
2026-03-11 03:50:45.803766: E tensorflow/compiler/xla/stream_executor/cuda/cuda_blas.cc:1518] Unable to register cuBLAS factory: Attempting to register factory for plugin cuBLAS when one has already been registered
2026-03-11 03:50:45.813149: I tensorflow/core/platform/cpu_feature_guard.cc:182] This TensorFlow binary is optimized to use available CPU instructions in performance-critical operations.
To enable the following instructions: AVX2 AVX512F AVX512_VNNI FMA, in other operations, rebuild TensorFlow with the appropriate compiler flags.
AttributeError: 'MessageFactory' object has no attribute 'GetPrototype'
2026-03-11 03:50:46.942990: W tensorflow/compiler/tf2tensorrt/utils/py_utils.cc:38] TF-TRT Warning: Could not find TensorRT
AttributeError: 'MessageFactory' object has no attribute 'GetPrototype'
[info] total indices 224
[info] total variants 224
2.001 was filtered out as 96818105 T>A needs A but not covered
2.002 was filtered out as 96818105 T>A needs A but not covered
3.001 was filtered out as 96827029 C>T needs T but not covered
3.002 was filtered out as 96827029 C>T needs T but not covered
4.001 was filtered out as 96818118 G>C needs C but not covered
4.002 was filtered out as 96818118 G>C needs C but not covered
5.001 was filtered out as 96826970 delT needs N but not covered
6.001 was filtered out as 96824687 C>T needs T but not covered
7.001 was filtered out as 96824642 G>A needs A but not covered
8.001 was filtered out as 96824642 G>C needs C but not covered
9.001 was filtered out as 96818170 T>C needs C but not covered
10.001 was filtered out as 96802646 C>A needs A but not covered
11.001 was filtered out as 96805707 C>A needs A but not covered
12.001 was filtered out as 96796973 delCAA needs N but not covered
13.001 was filtered out as 96818241 A>C needs C but not covered
14.001 was filtered out as 96818198 C>G needs G but not covered
15.001 was filtered out as 96824657 C>T needs T but not covered
16.001 was filtered out as 96802803 A>G needs G but not covered
17.001 was filtered out as 96818180 T>C needs C but not covered
18.001 was filtered out as 96802714 G>A needs A but not covered
[filter] CYP2C8 1.001 => 1.001; 1.002; 1.003; 1.004; 1.005; 1.006; 1.007; 1.008; 1.009; 1.010; 1.011; 1.012; 1.013; 1.014; 1.015; 1.016; 1.017; 1.018
[filter] valid_alleles=18
CYP2C8:96796795 → A:0, C:0, G*:40, M:0, N:0, P:0, T:0
CYP2C8:96796830 → A:0, C:0, G:0, M:0, N:0, P:0, T*:45
CYP2C8:96796860 → A:0, C:0, G*:43, M:0, N:0, P:0, T:0
CYP2C8:96798714 → A:0, C:0, G*:54, M:0, N:0, P:0, T:0
CYP2C8:96802736 → A:0, C:0, G*:41, M:0, N:0, P:0, T:0
CYP2C8:96805591 → A:0, C:0, G*:36, M:0, N:0, P:0, T:0
CYP2C8:96826965 → A:0, C*:32, G:0, M:0, N:0, P:0, T:0
CYP2C8:96829244 → A:0, C:0, G:0, M:0, N:0, P:0, T*:57
CYP2C8:96829280 → A:0, C:0, G:0, M:0, N:0, P:0, T*:56
CYP2C8:96829291 → A:0, C:0, G:0, M:0, N:0, P:0, T*:57
CYP2C8:96829405 → A*:48, C:0, G:0, M:0, N:0, P:0, T:0
CYP2C8:96829429 → A:0, C:0, G*:22, M:0, N:0, P:0, T:21
CYP2C8:96829528 → A*:41, C:0, G:0, M:0, N:0, P:0, T:0
CYP2C8:96829569 → A:43, C:0, G*:0, M:0, N:0, P:0, T:0
Step 0: Loss=0.0297, CN=[1.9000832]
Step 100: Loss=0.0193, CN=[1.8541569]
Step 200: Loss=0.0193, CN=[1.8537468]
Step 300: Loss=0.0193, CN=[1.8537457]
Step 400: Loss=0.0193, CN=[1.8537459]

=== Fit ===
Region 0: obs=1.820, exp=1.854, diff=-0.034 
Region 1: obs=2.062, exp=1.854, diff=+0.208 
Region 2: obs=1.691, exp=1.854, diff=-0.162 
Region 3: obs=1.916, exp=1.854, diff=+0.062 
Region 4: obs=1.389, exp=1.854, diff=-0.465 
Region 5: obs=2.243, exp=1.854, diff=+0.390 
Region 6: obs=1.610, exp=1.854, diff=-0.244 
Region 7: obs=2.089, exp=1.854, diff=+0.235 
Region 8: obs=2.149, exp=1.854, diff=+0.296 
Region 9: obs=1.808, exp=1.854, diff=-0.046 
Region 10: obs=1.953, exp=1.854, diff=+0.099 
Region 11: obs=1.896, exp=1.854, diff=+0.043 
Region 12: obs=1.798, exp=1.854, diff=-0.056 
Region 13: obs=2.011, exp=1.854, diff=+0.157 
Region 14: obs=1.676, exp=1.854, diff=-0.177 
Region 15: obs=1.895, exp=1.854, diff=+0.041 
Region 16: obs=1.845, exp=1.854, diff=-0.009 
Region 17: obs=1.763, exp=1.854, diff=-0.090 
Region 18: obs=1.567, exp=1.854, diff=-0.287 
Region 19: obs=1.863, exp=1.854, diff=+0.009 
Region 20: obs=1.885, exp=1.854, diff=+0.031 

[Gene CN Results]
  CYP2C8: 1.85 → 1.853745460510254
Using device: cuda
num_sparse_entries: 252
max sparse_flat_index: 1763
expected max: 1763

=== Running VAE with seed 42 ===
Global Pooled JS: 0.000000
Seed 42, Step    0: Loss = 205.47 (Recon: 161.32, Allele KL: 15.52, Base KL: 1539.65, Functional KL: 0.00
Global Pooled JS: 0.000000
Seed 42, Step  500: Loss = 128.49 (Recon: 76.46, Allele KL: 23.95, Base KL: 3533.68, Functional KL: 0.00
Global Pooled JS: 0.000000
Seed 42, Step 1000: Loss = 119.85 (Recon: 71.58, Allele KL: 20.29, Base KL: 3478.72, Functional KL: 0.00
Global Pooled JS: 0.000000
Seed 42, Step 1500: Loss = 125.77 (Recon: 82.97, Allele KL: 13.84, Base KL: 3623.03, Functional KL: 0.00
Global Pooled JS: 0.000000
Seed 42, Step 2000: Loss = 125.22 (Recon: 79.29, Allele KL: 18.00, Base KL: 3538.21, Functional KL: 0.00
Global Pooled JS: 0.000000
Seed 42, Step 2500: Loss = 127.54 (Recon: 81.16, Allele KL: 18.13, Base KL: 3524.81, Functional KL: 0.00

Top Variants with Coverage Mismatches:
Rank   Variant                        Expected     Observed     Diff       |Div|       
------------------------------------------------------------------------------------------
New best model with final loss: 127.99

=== Running VAE with seed 123 ===
Global Pooled JS: 0.000000
Seed 123, Step    0: Loss = 270.66 (Recon: 225.70, Allele KL: 16.65, Base KL: 1378.75, Functional KL: 0.00
Global Pooled JS: 0.000000
Seed 123, Step  500: Loss = 124.42 (Recon: 78.47, Allele KL: 17.68, Base KL: 3546.97, Functional KL: 0.00
Global Pooled JS: 0.000000
Seed 123, Step 1000: Loss = 127.35 (Recon: 75.30, Allele KL: 23.88, Base KL: 3569.69, Functional KL: 0.00
Global Pooled JS: 0.000000
Seed 123, Step 1500: Loss = 125.78 (Recon: 74.23, Allele KL: 23.28, Base KL: 3556.54, Functional KL: 0.00
Global Pooled JS: 0.000000
Seed 123, Step 2000: Loss = 132.08 (Recon: 86.46, Allele KL: 16.56, Base KL: 3578.71, Functional KL: 0.00
Global Pooled JS: 0.000000
Seed 123, Step 2500: Loss = 125.38 (Recon: 77.69, Allele KL: 19.44, Base KL: 3363.49, Functional KL: 0.00

Top Variants with Coverage Mismatches:
Rank   Variant                        Expected     Observed     Diff       |Div|       
------------------------------------------------------------------------------------------
New best model with final loss: 124.13

=== Running VAE with seed 456 ===
Global Pooled JS: 0.000000
Seed 456, Step    0: Loss = 196.46 (Recon: 145.12, Allele KL: 22.25, Base KL: 1702.05, Functional KL: 0.00
Global Pooled JS: 0.000000
Seed 456, Step  500: Loss = 116.78 (Recon: 76.30, Allele KL: 12.21, Base KL: 3556.91, Functional KL: 0.00
Global Pooled JS: 0.000000
Seed 456, Step 1000: Loss = 129.05 (Recon: 73.13, Allele KL: 28.23, Base KL: 3484.27, Functional KL: 0.00
Global Pooled JS: 0.000000
Seed 456, Step 1500: Loss = 132.68 (Recon: 89.46, Allele KL: 14.19, Base KL: 3515.37, Functional KL: 0.00
Global Pooled JS: 0.000000
Seed 456, Step 2000: Loss = 124.44 (Recon: 80.20, Allele KL: 15.84, Base KL: 3349.29, Functional KL: 0.00
Global Pooled JS: 0.000000
Seed 456, Step 2500: Loss = 126.10 (Recon: 77.04, Allele KL: 21.03, Base KL: 3674.91, Functional KL: 0.00

Top Variants with Coverage Mismatches:
Rank   Variant                        Expected     Observed     Diff       |Div|       
------------------------------------------------------------------------------------------
New best model with final loss: 121.36

=== Multi-Seed VAE Results ===
Best model had seed 456 with final loss: 121.36
All seeds final losses:
  Seed 42: Total=127.99 (Recon=80.59, A_KL=19.27, B_KL=3607.43)
  Seed 123: Total=124.13 (Recon=78.11, A_KL=18.00, B_KL=3319.01)
  Seed 456: Total=121.36 (Recon=75.74, A_KL=17.58, B_KL=3580.68) <- Best

[Raw]:
CYP2C8*1: Normalized=1.0000, Unnormalized=1.00

[Alleles]
CYP2C8*1
CYP2C8*1
	Command being timed: "python /home/qinghuiz/aidy/push/Neretva/neretva/cyp.py CYP2C8 /project/shared/aldy-data/wgs/NA07056.wgs.cram"
	User time (seconds): 150.40
	System time (seconds): 31.51
	Percent of CPU this job got: 99%
	Elapsed (wall clock) time (h:mm:ss or m:ss): 3:02.85
	Average shared text size (kbytes): 0
	Average unshared data size (kbytes): 0
	Average stack size (kbytes): 0
	Average total size (kbytes): 0
	Maximum resident set size (kbytes): 2683880
	Average resident set size (kbytes): 0
	Major (requiring I/O) page faults: 0
	Minor (reclaiming a frame) page faults: 757453
	Voluntary context switches: 23095
	Involuntary context switches: 180
	Swaps: 0
	File system inputs: 0
	File system outputs: 40
	Socket messages sent: 0
	Socket messages received: 0
	Signals delivered: 0
	Page size (bytes): 4096
	Exit status: 0
