2026-03-11 03:50:45.672400: I tensorflow/core/util/port.cc:111] oneDNN custom operations are on. You may see slightly different numerical results due to floating-point round-off errors from different computation orders. To turn them off, set the environment variable `TF_ENABLE_ONEDNN_OPTS=0`.
2026-03-11 03:50:45.714670: E tensorflow/compiler/xla/stream_executor/cuda/cuda_dnn.cc:9342] Unable to register cuDNN factory: Attempting to register factory for plugin cuDNN when one has already been registered
2026-03-11 03:50:45.714830: E tensorflow/compiler/xla/stream_executor/cuda/cuda_fft.cc:609] Unable to register cuFFT factory: Attempting to register factory for plugin cuFFT when one has already been registered
2026-03-11 03:50:45.715012: E tensorflow/compiler/xla/stream_executor/cuda/cuda_blas.cc:1518] Unable to register cuBLAS factory: Attempting to register factory for plugin cuBLAS when one has already been registered
2026-03-11 03:50:45.732271: I tensorflow/core/platform/cpu_feature_guard.cc:182] This TensorFlow binary is optimized to use available CPU instructions in performance-critical operations.
To enable the following instructions: AVX2 AVX512F AVX512_VNNI FMA, in other operations, rebuild TensorFlow with the appropriate compiler flags.
AttributeError: 'MessageFactory' object has no attribute 'GetPrototype'
2026-03-11 03:50:47.119959: W tensorflow/compiler/tf2tensorrt/utils/py_utils.cc:38] TF-TRT Warning: Could not find TensorRT
AttributeError: 'MessageFactory' object has no attribute 'GetPrototype'
[info] total indices 224
[info] total variants 224
2.001 was filtered out as 96818105 T>A needs A but not covered
2.002 was filtered out as 96818105 T>A needs A but not covered
4.001 was filtered out as 96818118 G>C needs C but not covered
4.002 was filtered out as 96818118 G>C needs C but not covered
5.001 was filtered out as 96826970 delT needs N but not covered
6.001 was filtered out as 96824687 C>T needs T but not covered
7.001 was filtered out as 96824642 G>A needs A but not covered
8.001 was filtered out as 96824642 G>C needs C but not covered
9.001 was filtered out as 96818170 T>C needs C but not covered
10.001 was filtered out as 96802646 C>A needs A but not covered
11.001 was filtered out as 96805707 C>A needs A but not covered
12.001 was filtered out as 96796973 delCAA needs N but not covered
13.001 was filtered out as 96818241 A>C needs C but not covered
14.001 was filtered out as 96818198 C>G needs G but not covered
15.001 was filtered out as 96824657 C>T needs T but not covered
16.001 was filtered out as 96802803 A>G needs G but not covered
17.001 was filtered out as 96818180 T>C needs C but not covered
18.001 was filtered out as 96802714 G>A needs A but not covered
[filter] CYP2C8 1.001 => 1.001; 1.002; 1.003; 1.004; 1.005; 1.006; 1.007; 1.008; 1.009; 1.010; 1.011; 1.012; 1.013; 1.014; 1.015; 1.016; 1.017; 1.018
[filter] CYP2C8 3.001 => 3.001; 3.002
[filter] valid_alleles=20
CYP2C8:96796795 → A:0, C:0, G*:36, M:0, N:0, P:0, T:0
CYP2C8:96796830 → A:0, C:0, G:0, M:0, N:0, P:0, T*:32
CYP2C8:96796860 → A:0, C:0, G*:42, M:0, N:0, P:0, T:0
CYP2C8:96798714 → A:0, C:0, G*:42, M:0, N:0, P:0, T:0
CYP2C8:96798748^ → A:0, C^:20, G:0, M:0, N:0, P:0, T*:25
CYP2C8:96802736 → A:0, C:0, G*:44, M:0, N:0, P:0, T:0
CYP2C8:96805591 → A:0, C:0, G*:46, M:0, N:0, P:0, T:0
CYP2C8:96826965 → A:0, C*:35, G:0, M:0, N:0, P:0, T:0
CYP2C8:96827029^ → A:0, C*:23, G:0, M:0, N:0, P:0, T^:18
CYP2C8:96829244 → A:0, C:0, G:0, M:0, N:0, P:0, T*:49
CYP2C8:96829280 → A:0, C:0, G:0, M:0, N:0, P:0, T*:47
CYP2C8:96829291 → A:0, C:0, G:0, M:0, N:0, P:0, T*:52
CYP2C8:96829405 → A*:33, C:0, G:0, M:0, N:0, P:0, T:0
CYP2C8:96829429 → A:0, C:0, G*:44, M:0, N:0, P:0, T:0
CYP2C8:96829528 → A*:61, C:0, G:0, M:0, N:0, P:0, T:0
CYP2C8:96829569 → A:51, C:0, G*:0, M:0, N:0, P:0, T:0
Step 0: Loss=0.0257, CN=[2.0999167]
Step 100: Loss=0.0100, CN=[2.176313]
Step 200: Loss=0.0100, CN=[2.1770716]
Step 300: Loss=0.0100, CN=[2.1770718]
Step 400: Loss=0.0100, CN=[2.1770723]

=== Fit ===
Region 0: obs=2.183, exp=2.177, diff=+0.006 
Region 1: obs=2.271, exp=2.177, diff=+0.094 
Region 2: obs=1.768, exp=2.177, diff=-0.409 
Region 3: obs=2.368, exp=2.177, diff=+0.191 
Region 4: obs=2.029, exp=2.177, diff=-0.148 
Region 5: obs=2.156, exp=2.177, diff=-0.021 
Region 6: obs=2.034, exp=2.177, diff=-0.143 
Region 7: obs=2.339, exp=2.177, diff=+0.162 
Region 8: obs=2.099, exp=2.177, diff=-0.078 
Region 9: obs=2.212, exp=2.177, diff=+0.035 
Region 10: obs=2.299, exp=2.177, diff=+0.122 
Region 11: obs=2.176, exp=2.177, diff=-0.001 
Region 12: obs=2.363, exp=2.177, diff=+0.186 
Region 13: obs=2.274, exp=2.177, diff=+0.097 
Region 14: obs=1.994, exp=2.177, diff=-0.184 
Region 15: obs=2.274, exp=2.177, diff=+0.097 
Region 16: obs=2.160, exp=2.177, diff=-0.017 
Region 17: obs=2.326, exp=2.177, diff=+0.149 
Region 18: obs=2.114, exp=2.177, diff=-0.063 
Region 19: obs=2.164, exp=2.177, diff=-0.013 
Region 20: obs=2.118, exp=2.177, diff=-0.059 

[Gene CN Results]
  CYP2C8: 2.18 → 2.177072048187256
Using device: cuda
num_sparse_entries: 320
max sparse_flat_index: 2239
expected max: 2239

=== Running VAE with seed 42 ===
Global Pooled JS: 0.148891
Seed 42, Step    0: Loss = 269.88 (Recon: 230.79, Allele KL: 13.29, Base KL: 1713.47, Functional KL: 0.15
Global Pooled JS: 0.013841
Seed 42, Step  500: Loss = 140.62 (Recon: 97.78, Allele KL: 16.33, Base KL: 3423.27, Functional KL: 0.01
Global Pooled JS: 0.022011
Seed 42, Step 1000: Loss = 135.63 (Recon: 89.81, Allele KL: 20.01, Base KL: 3400.79, Functional KL: 0.02
Global Pooled JS: 0.012886
Seed 42, Step 1500: Loss = 135.87 (Recon: 90.56, Allele KL: 18.88, Base KL: 3467.87, Functional KL: 0.01
Global Pooled JS: 0.005346
Seed 42, Step 2000: Loss = 135.85 (Recon: 88.90, Allele KL: 20.65, Base KL: 3387.91, Functional KL: 0.01
Global Pooled JS: 0.009320
Seed 42, Step 2500: Loss = 136.45 (Recon: 85.28, Allele KL: 25.13, Base KL: 3527.25, Functional KL: 0.01

Top Variants with Coverage Mismatches:
Rank   Variant                        Expected     Observed     Diff       |Div|       
------------------------------------------------------------------------------------------
1      CYP2C8:96827029→A              0.13         0.00         0.13       0.000509    
2      CYP2C8:96827029→P              0.13         0.00         0.13       0.000506    
3      CYP2C8:96827029→G              0.13         0.00         0.13       0.000502    
4      CYP2C8:96827029→M              0.13         0.00         0.13       0.000502    
5      CYP2C8:96827029→N              0.13         0.00         0.13       0.000501    
6      CYP2C8:96798748→G              0.12         0.00         0.12       0.000486    
7      CYP2C8:96798748→P              0.12         0.00         0.12       0.000481    
8      CYP2C8:96798748→N              0.12         0.00         0.12       0.000480    
9      CYP2C8:96798748→A              0.12         0.00         0.12       0.000478    
10     CYP2C8:96798748→M              0.12         0.00         0.12       0.000478    
11     CYP2C8:96798748→C              18.85        20.00        -1.15      0.000164    
12     CYP2C8:96798748→T              24.29        25.00        -0.71      0.000075    
13     CYP2C8:96827029→C              24.30        23.00        1.30       0.000048    
14     CYP2C8:96827029→T              18.82        18.00        0.82       0.000019    
New best model with final loss: 138.46

=== Running VAE with seed 123 ===
Global Pooled JS: 0.153725
Seed 123, Step    0: Loss = 323.46 (Recon: 275.43, Allele KL: 20.66, Base KL: 2344.31, Functional KL: 0.15
Global Pooled JS: 0.006657
Seed 123, Step  500: Loss = 130.76 (Recon: 87.98, Allele KL: 16.48, Base KL: 3474.48, Functional KL: 0.01
Global Pooled JS: 0.007894
Seed 123, Step 1000: Loss = 135.62 (Recon: 88.57, Allele KL: 20.78, Base KL: 3508.73, Functional KL: 0.01
Global Pooled JS: 0.017864
Seed 123, Step 1500: Loss = 138.14 (Recon: 85.88, Allele KL: 26.46, Base KL: 3464.10, Functional KL: 0.02
Global Pooled JS: 0.006020
Seed 123, Step 2000: Loss = 134.37 (Recon: 87.91, Allele KL: 20.19, Base KL: 3432.96, Functional KL: 0.01
Global Pooled JS: 0.007843
Seed 123, Step 2500: Loss = 133.51 (Recon: 82.68, Allele KL: 25.00, Base KL: 3426.23, Functional KL: 0.01

Top Variants with Coverage Mismatches:
Rank   Variant                        Expected     Observed     Diff       |Div|       
------------------------------------------------------------------------------------------
1      CYP2C8:96798748→A              0.12         0.00         0.12       0.000486    
2      CYP2C8:96798748→N              0.12         0.00         0.12       0.000485    
3      CYP2C8:96798748→M              0.12         0.00         0.12       0.000477    
4      CYP2C8:96798748→G              0.12         0.00         0.12       0.000475    
5      CYP2C8:96827029→N              0.12         0.00         0.12       0.000471    
6      CYP2C8:96798748→P              0.12         0.00         0.12       0.000468    
7      CYP2C8:96827029→A              0.12         0.00         0.12       0.000468    
8      CYP2C8:96827029→G              0.12         0.00         0.12       0.000462    
9      CYP2C8:96798748→C              17.87        20.00        -2.13      0.000460    
10     CYP2C8:96827029→M              0.12         0.00         0.12       0.000459    
11     CYP2C8:96827029→P              0.11         0.00         0.11       0.000455    
12     CYP2C8:96827029→C              25.28        23.00        2.28       0.000206    
13     CYP2C8:96827029→T              17.89        18.00        -0.11      0.000014    
14     CYP2C8:96798748→T              25.28        25.00        0.28       0.000001    
New best model with final loss: 138.45

=== Running VAE with seed 456 ===
Global Pooled JS: 0.140823
Seed 456, Step    0: Loss = 276.46 (Recon: 219.01, Allele KL: 30.82, Base KL: 1876.25, Functional KL: 0.14
Global Pooled JS: 0.005254
Seed 456, Step  500: Loss = 129.43 (Recon: 87.56, Allele KL: 15.42, Base KL: 3424.73, Functional KL: 0.01
Global Pooled JS: 0.005710
Seed 456, Step 1000: Loss = 132.92 (Recon: 86.16, Allele KL: 20.62, Base KL: 3403.17, Functional KL: 0.01
Global Pooled JS: 0.010868
Seed 456, Step 1500: Loss = 140.37 (Recon: 97.04, Allele KL: 16.68, Base KL: 3460.79, Functional KL: 0.01
Global Pooled JS: 0.005326
Seed 456, Step 2000: Loss = 132.98 (Recon: 90.27, Allele KL: 16.29, Base KL: 3485.36, Functional KL: 0.01
Global Pooled JS: 0.014994
Seed 456, Step 2500: Loss = 134.01 (Recon: 88.35, Allele KL: 19.61, Base KL: 3465.68, Functional KL: 0.01

Top Variants with Coverage Mismatches:
Rank   Variant                        Expected     Observed     Diff       |Div|       
------------------------------------------------------------------------------------------
1      CYP2C8:96798748→M              0.14         0.00         0.14       0.000544    
2      CYP2C8:96798748→P              0.14         0.00         0.14       0.000544    
3      CYP2C8:96827029→G              0.14         0.00         0.14       0.000544    
4      CYP2C8:96798748→G              0.14         0.00         0.14       0.000541    
5      CYP2C8:96798748→N              0.14         0.00         0.14       0.000539    
6      CYP2C8:96798748→A              0.14         0.00         0.14       0.000536    
7      CYP2C8:96827029→P              0.14         0.00         0.14       0.000535    
8      CYP2C8:96827029→N              0.13         0.00         0.13       0.000533    
9      CYP2C8:96827029→A              0.13         0.00         0.13       0.000519    
10     CYP2C8:96827029→M              0.13         0.00         0.13       0.000513    
11     CYP2C8:96798748→T              22.93        25.00        -2.07      0.000372    
12     CYP2C8:96827029→T              20.16        18.00        2.16       0.000252    
13     CYP2C8:96827029→C              22.93        23.00        -0.07      0.000014    
14     CYP2C8:96798748→C              20.14        20.00        0.14       0.000003    
New best model with final loss: 136.75

=== Multi-Seed VAE Results ===
Best model had seed 456 with final loss: 136.75
All seeds final losses:
  Seed 42: Total=138.46 (Recon=94.37, A_KL=18.01, B_KL=3423.02)
  Seed 123: Total=138.45 (Recon=91.32, A_KL=20.72, B_KL=3434.90)
  Seed 456: Total=136.75 (Recon=90.94, A_KL=19.87, B_KL=3561.77) <- Best

[Raw]:
CYP2C8*1: Normalized=0.5208, Unnormalized=0.52
CYP2C8*3: Normalized=0.4792, Unnormalized=0.48

[Alleles]
CYP2C8*1
CYP2C8*3
	Command being timed: "python /home/qinghuiz/aidy/push/Neretva/neretva/cyp.py CYP2C8 /project/shared/aldy-data/wgs/NA07029.wgs.cram"
	User time (seconds): 153.67
	System time (seconds): 30.64
	Percent of CPU this job got: 99%
	Elapsed (wall clock) time (h:mm:ss or m:ss): 3:05.63
	Average shared text size (kbytes): 0
	Average unshared data size (kbytes): 0
	Average stack size (kbytes): 0
	Average total size (kbytes): 0
	Maximum resident set size (kbytes): 2687060
	Average resident set size (kbytes): 0
	Major (requiring I/O) page faults: 0
	Minor (reclaiming a frame) page faults: 832547
	Voluntary context switches: 22792
	Involuntary context switches: 380
	Swaps: 0
	File system inputs: 0
	File system outputs: 48
	Socket messages sent: 0
	Socket messages received: 0
	Signals delivered: 0
	Page size (bytes): 4096
	Exit status: 0
