2026-05-15 21:24:08.092133: I tensorflow/core/util/port.cc:111] oneDNN custom operations are on. You may see slightly different numerical results due to floating-point round-off errors from different computation orders. To turn them off, set the environment variable `TF_ENABLE_ONEDNN_OPTS=0`.
2026-05-15 21:24:08.129821: E tensorflow/compiler/xla/stream_executor/cuda/cuda_dnn.cc:9342] Unable to register cuDNN factory: Attempting to register factory for plugin cuDNN when one has already been registered
2026-05-15 21:24:08.129996: E tensorflow/compiler/xla/stream_executor/cuda/cuda_fft.cc:609] Unable to register cuFFT factory: Attempting to register factory for plugin cuFFT when one has already been registered
2026-05-15 21:24:08.130213: E tensorflow/compiler/xla/stream_executor/cuda/cuda_blas.cc:1518] Unable to register cuBLAS factory: Attempting to register factory for plugin cuBLAS when one has already been registered
2026-05-15 21:24:08.138961: I tensorflow/core/platform/cpu_feature_guard.cc:182] This TensorFlow binary is optimized to use available CPU instructions in performance-critical operations.
To enable the following instructions: AVX2 AVX512F AVX512_VNNI FMA, in other operations, rebuild TensorFlow with the appropriate compiler flags.
AttributeError: 'MessageFactory' object has no attribute 'GetPrototype'
2026-05-15 21:24:09.151104: W tensorflow/compiler/tf2tensorrt/utils/py_utils.cc:38] TF-TRT Warning: Could not find TensorRT
AttributeError: 'MessageFactory' object has no attribute 'GetPrototype'
[info] total indices 224
[info] total variants 224
2.001 was filtered out as 96818105 T>A needs A but not covered
2.002 was filtered out as 96818105 T>A needs A but not covered
3.001 was filtered out as 96827029 C>T needs T but not covered
3.002 was filtered out as 96827029 C>T needs T but not covered
4.001 was filtered out as 96818118 G>C needs C but not covered
4.002 was filtered out as 96818118 G>C needs C but not covered
5.001 was filtered out as 96826970 delT needs N but not covered
6.001 was filtered out as 96824687 C>T needs T but not covered
7.001 was filtered out as 96824642 G>A needs A but not covered
8.001 was filtered out as 96824642 G>C needs C but not covered
9.001 was filtered out as 96818170 T>C needs C but not covered
10.001 was filtered out as 96802646 C>A needs A but not covered
11.001 was filtered out as 96805707 C>A needs A but not covered
12.001 was filtered out as 96796973 delCAA needs N but not covered
13.001 was filtered out as 96818241 A>C needs C but not covered
14.001 was filtered out as 96818198 C>G needs G but not covered
15.001 was filtered out as 96824657 C>T needs T but not covered
16.001 was filtered out as 96802803 A>G needs G but not covered
17.001 was filtered out as 96818180 T>C needs C but not covered
18.001 was filtered out as 96802714 G>A needs A but not covered
[filter] CYP2C8 1.001 => 1.001; 1.002; 1.003; 1.004; 1.005; 1.006; 1.007; 1.008; 1.009; 1.010; 1.011; 1.012; 1.013; 1.014; 1.015; 1.016; 1.017; 1.018
[filter] valid_alleles=18
Step 0: Loss=0.0950, CN=[2.0999167]
Step 100: Loss=0.0410, CN=[2.3424447]
Step 200: Loss=0.0410, CN=[2.341523]
Step 300: Loss=0.0410, CN=[2.3415306]
Step 400: Loss=0.0410, CN=[2.3415303]

=== Fit ===
Region 0: obs=2.497, exp=2.342, diff=+0.156 
Region 1: obs=3.402, exp=2.342, diff=+1.060 *
Region 2: obs=2.454, exp=2.342, diff=+0.112 
Region 3: obs=2.283, exp=2.342, diff=-0.059 
Region 4: obs=2.436, exp=2.342, diff=+0.094 
Region 5: obs=1.917, exp=2.342, diff=-0.424 
Region 6: obs=1.925, exp=2.342, diff=-0.416 
Region 7: obs=2.258, exp=2.342, diff=-0.083 
Region 8: obs=2.751, exp=2.342, diff=+0.410 
Region 9: obs=2.340, exp=2.342, diff=-0.002 
Region 10: obs=2.326, exp=2.342, diff=-0.016 
Region 11: obs=2.279, exp=2.342, diff=-0.062 
Region 12: obs=2.471, exp=2.342, diff=+0.129 
Region 13: obs=2.497, exp=2.342, diff=+0.156 
Region 14: obs=2.510, exp=2.342, diff=+0.169 
Region 15: obs=2.449, exp=2.342, diff=+0.108 
Region 16: obs=1.997, exp=2.342, diff=-0.345 
Region 17: obs=2.034, exp=2.342, diff=-0.307 
Region 18: obs=2.301, exp=2.342, diff=-0.040 
Region 19: obs=2.425, exp=2.342, diff=+0.084 
Region 20: obs=2.180, exp=2.342, diff=-0.162 

[Gene CN Results]
  CYP2C8: 2.34 → 2.3415305614471436
Using device: cuda
num_sparse_entries: 252
max sparse_flat_index: 1763
expected max: 1763

=== Running VAE with seed 42 ===
Global Pooled JS: 0.000000
Seed 42, Step    0: Loss = 161.96 (Recon: 115.92, Allele KL: 17.34, Base KL: 1587.52, Functional KL: 0.00
Global Pooled JS: 0.000000
Seed 42, Step  500: Loss = 144.07 (Recon: 102.51, Allele KL: 11.33, Base KL: 4350.53, Functional KL: 0.00
Global Pooled JS: 0.000000
Seed 42, Step 1000: Loss = 128.40 (Recon: 71.50, Allele KL: 28.41, Base KL: 4302.90, Functional KL: 0.00
Global Pooled JS: 0.000000
Seed 42, Step 1500: Loss = 121.87 (Recon: 78.62, Allele KL: 14.47, Base KL: 4380.92, Functional KL: 0.00
Global Pooled JS: 0.000000
Seed 42, Step 2000: Loss = 131.46 (Recon: 75.32, Allele KL: 27.97, Base KL: 4017.16, Functional KL: 0.00
Global Pooled JS: 0.000000
Seed 42, Step 2500: Loss = 130.22 (Recon: 81.29, Allele KL: 20.15, Base KL: 4287.01, Functional KL: 0.00

Top Variants with Coverage Mismatches:
Rank   Variant                        Expected     Observed     Diff       |Div|       
------------------------------------------------------------------------------------------
New best model with final loss: 125.75

=== Running VAE with seed 123 ===
Global Pooled JS: 0.000000
Seed 123, Step    0: Loss = 249.74 (Recon: 202.12, Allele KL: 18.48, Base KL: 1769.98, Functional KL: 0.00
Global Pooled JS: 0.000000
Seed 123, Step  500: Loss = 123.66 (Recon: 76.09, Allele KL: 18.62, Base KL: 4345.43, Functional KL: 0.00
Global Pooled JS: 0.000000
Seed 123, Step 1000: Loss = 121.83 (Recon: 79.04, Allele KL: 13.54, Base KL: 4470.94, Functional KL: 0.00
Global Pooled JS: 0.000000
Seed 123, Step 1500: Loss = 130.44 (Recon: 82.01, Allele KL: 19.09, Base KL: 4270.44, Functional KL: 0.00
Global Pooled JS: 0.000000
Seed 123, Step 2000: Loss = 130.20 (Recon: 79.30, Allele KL: 22.55, Base KL: 4129.76, Functional KL: 0.00
Global Pooled JS: 0.000000
Seed 123, Step 2500: Loss = 126.67 (Recon: 74.92, Allele KL: 23.06, Base KL: 4196.30, Functional KL: 0.00

Top Variants with Coverage Mismatches:
Rank   Variant                        Expected     Observed     Diff       |Div|       
------------------------------------------------------------------------------------------

=== Running VAE with seed 456 ===
Global Pooled JS: 0.000000
Seed 456, Step    0: Loss = 181.92 (Recon: 132.70, Allele KL: 20.05, Base KL: 1882.69, Functional KL: 0.00
Global Pooled JS: 0.000000
Seed 456, Step  500: Loss = 123.67 (Recon: 75.04, Allele KL: 19.92, Base KL: 4277.26, Functional KL: 0.00
Global Pooled JS: 0.000000
Seed 456, Step 1000: Loss = 126.93 (Recon: 78.49, Allele KL: 19.36, Base KL: 4358.76, Functional KL: 0.00
Global Pooled JS: 0.000000
Seed 456, Step 1500: Loss = 133.36 (Recon: 84.68, Allele KL: 19.33, Base KL: 4262.30, Functional KL: 0.00
Global Pooled JS: 0.000000
Seed 456, Step 2000: Loss = 126.27 (Recon: 79.23, Allele KL: 17.79, Base KL: 4446.17, Functional KL: 0.00
Global Pooled JS: 0.000000
Seed 456, Step 2500: Loss = 128.73 (Recon: 80.78, Allele KL: 18.66, Base KL: 4386.08, Functional KL: 0.00

Top Variants with Coverage Mismatches:
Rank   Variant                        Expected     Observed     Diff       |Div|       
------------------------------------------------------------------------------------------

=== Multi-Seed VAE Results ===
Best model had seed 42 with final loss: 125.75
All seeds final losses:
  Seed 42: Total=125.75 (Recon=78.52, A_KL=18.23, B_KL=4244.96) <- Best
  Seed 123: Total=130.84 (Recon=87.88, A_KL=13.23, B_KL=4387.67)
  Seed 456: Total=129.06 (Recon=81.22, A_KL=18.92, B_KL=4340.66)
[time] run_vae took 118.27s (2,604.41015625 MB; 2,604.41015625 MB)

[Raw]:
CYP2C8*1: Normalized=1.0000, Unnormalized=1.00

[Alleles]
CYP2C8*1
CYP2C8*1
	Command being timed: "python cyp.py CYP2C8 /project/shared/aldy-data/wgs/NA07055.wgs.cram"
	User time (seconds): 110.89
	System time (seconds): 18.29
	Percent of CPU this job got: 99%
	Elapsed (wall clock) time (h:mm:ss or m:ss): 2:09.64
	Average shared text size (kbytes): 0
	Average unshared data size (kbytes): 0
	Average stack size (kbytes): 0
	Average total size (kbytes): 0
	Maximum resident set size (kbytes): 2666928
	Average resident set size (kbytes): 0
	Major (requiring I/O) page faults: 0
	Minor (reclaiming a frame) page faults: 820429
	Voluntary context switches: 22621
	Involuntary context switches: 136
	Swaps: 0
	File system inputs: 0
	File system outputs: 40
	Socket messages sent: 0
	Socket messages received: 0
	Signals delivered: 0
	Page size (bytes): 4096
	Exit status: 0
