2026-05-15 21:21:56.302415: I tensorflow/core/util/port.cc:111] oneDNN custom operations are on. You may see slightly different numerical results due to floating-point round-off errors from different computation orders. To turn them off, set the environment variable `TF_ENABLE_ONEDNN_OPTS=0`.
2026-05-15 21:21:56.341384: E tensorflow/compiler/xla/stream_executor/cuda/cuda_dnn.cc:9342] Unable to register cuDNN factory: Attempting to register factory for plugin cuDNN when one has already been registered
2026-05-15 21:21:56.341551: E tensorflow/compiler/xla/stream_executor/cuda/cuda_fft.cc:609] Unable to register cuFFT factory: Attempting to register factory for plugin cuFFT when one has already been registered
2026-05-15 21:21:56.341721: E tensorflow/compiler/xla/stream_executor/cuda/cuda_blas.cc:1518] Unable to register cuBLAS factory: Attempting to register factory for plugin cuBLAS when one has already been registered
2026-05-15 21:21:56.350294: I tensorflow/core/platform/cpu_feature_guard.cc:182] This TensorFlow binary is optimized to use available CPU instructions in performance-critical operations.
To enable the following instructions: AVX2 AVX512F AVX512_VNNI FMA, in other operations, rebuild TensorFlow with the appropriate compiler flags.
AttributeError: 'MessageFactory' object has no attribute 'GetPrototype'
2026-05-15 21:21:57.684399: W tensorflow/compiler/tf2tensorrt/utils/py_utils.cc:38] TF-TRT Warning: Could not find TensorRT
AttributeError: 'MessageFactory' object has no attribute 'GetPrototype'
[info] total indices 224
[info] total variants 224
2.001 was filtered out as 96818105 T>A needs A but not covered
2.002 was filtered out as 96818105 T>A needs A but not covered
3.001 was filtered out as 96827029 C>T needs T but not covered
3.002 was filtered out as 96827029 C>T needs T but not covered
4.001 was filtered out as 96818118 G>C needs C but not covered
4.002 was filtered out as 96818118 G>C needs C but not covered
5.001 was filtered out as 96826970 delT needs N but not covered
6.001 was filtered out as 96824687 C>T needs T but not covered
7.001 was filtered out as 96824642 G>A needs A but not covered
8.001 was filtered out as 96824642 G>C needs C but not covered
9.001 was filtered out as 96818170 T>C needs C but not covered
10.001 was filtered out as 96802646 C>A needs A but not covered
11.001 was filtered out as 96805707 C>A needs A but not covered
12.001 was filtered out as 96796973 delCAA needs N but not covered
13.001 was filtered out as 96818241 A>C needs C but not covered
14.001 was filtered out as 96818198 C>G needs G but not covered
15.001 was filtered out as 96824657 C>T needs T but not covered
16.001 was filtered out as 96802803 A>G needs G but not covered
17.001 was filtered out as 96818180 T>C needs C but not covered
18.001 was filtered out as 96802714 G>A needs A but not covered
[filter] CYP2C8 1.001 => 1.001; 1.002; 1.003; 1.004; 1.005; 1.006; 1.007; 1.008; 1.009; 1.010; 1.011; 1.012; 1.013; 1.014; 1.015; 1.016; 1.017; 1.018
[filter] valid_alleles=18
Step 0: Loss=0.0883, CN=[2.0999167]
Step 100: Loss=0.0243, CN=[2.3716652]
Step 200: Loss=0.0243, CN=[2.3706698]
Step 300: Loss=0.0243, CN=[2.3706672]
Step 400: Loss=0.0243, CN=[2.370667]

=== Fit ===
Region 0: obs=2.626, exp=2.371, diff=+0.255 
Region 1: obs=2.463, exp=2.371, diff=+0.093 
Region 2: obs=2.083, exp=2.371, diff=-0.288 
Region 3: obs=2.205, exp=2.371, diff=-0.165 
Region 4: obs=2.008, exp=2.371, diff=-0.363 
Region 5: obs=2.304, exp=2.371, diff=-0.067 
Region 6: obs=2.305, exp=2.371, diff=-0.065 
Region 7: obs=2.442, exp=2.371, diff=+0.071 
Region 8: obs=2.582, exp=2.371, diff=+0.211 
Region 9: obs=2.147, exp=2.371, diff=-0.223 
Region 10: obs=2.158, exp=2.371, diff=-0.213 
Region 11: obs=2.387, exp=2.371, diff=+0.016 
Region 12: obs=2.257, exp=2.371, diff=-0.114 
Region 13: obs=2.283, exp=2.371, diff=-0.088 
Region 14: obs=2.964, exp=2.371, diff=+0.593 *
Region 15: obs=2.543, exp=2.371, diff=+0.173 
Region 16: obs=2.499, exp=2.371, diff=+0.128 
Region 17: obs=2.171, exp=2.371, diff=-0.200 
Region 18: obs=2.402, exp=2.371, diff=+0.032 
Region 19: obs=2.687, exp=2.371, diff=+0.316 
Region 20: obs=2.362, exp=2.371, diff=-0.008 

[Gene CN Results]
  CYP2C8: 2.37 → 2.370666980743408
Using device: cuda
num_sparse_entries: 252
max sparse_flat_index: 1763
expected max: 1763

=== Running VAE with seed 42 ===
Global Pooled JS: 0.000000
Seed 42, Step    0: Loss = 220.19 (Recon: 175.30, Allele KL: 16.27, Base KL: 1474.18, Functional KL: 0.00
Global Pooled JS: 0.000000
Seed 42, Step  500: Loss = 134.66 (Recon: 75.63, Allele KL: 31.07, Base KL: 3643.17, Functional KL: 0.00
Global Pooled JS: 0.000000
Seed 42, Step 1000: Loss = 122.12 (Recon: 72.51, Allele KL: 21.61, Base KL: 3585.98, Functional KL: 0.00
Global Pooled JS: 0.000000
Seed 42, Step 1500: Loss = 128.03 (Recon: 84.62, Allele KL: 14.34, Base KL: 3747.47, Functional KL: 0.00
Global Pooled JS: 0.000000
Seed 42, Step 2000: Loss = 127.65 (Recon: 80.50, Allele KL: 18.99, Base KL: 3691.23, Functional KL: 0.00
Global Pooled JS: 0.000000
Seed 42, Step 2500: Loss = 128.90 (Recon: 81.93, Allele KL: 18.58, Base KL: 3551.78, Functional KL: 0.00

Top Variants with Coverage Mismatches:
Rank   Variant                        Expected     Observed     Diff       |Div|       
------------------------------------------------------------------------------------------
New best model with final loss: 130.05

=== Running VAE with seed 123 ===
Global Pooled JS: 0.000000
Seed 123, Step    0: Loss = 296.12 (Recon: 246.94, Allele KL: 20.43, Base KL: 1718.61, Functional KL: 0.00
Global Pooled JS: 0.000000
Seed 123, Step  500: Loss = 128.02 (Recon: 75.07, Allele KL: 24.72, Base KL: 3709.57, Functional KL: 0.00
Global Pooled JS: 0.000000
Seed 123, Step 1000: Loss = 130.91 (Recon: 83.20, Allele KL: 19.13, Base KL: 3735.31, Functional KL: 0.00
Global Pooled JS: 0.000000
Seed 123, Step 1500: Loss = 127.65 (Recon: 81.29, Allele KL: 17.55, Base KL: 3669.66, Functional KL: 0.00
Global Pooled JS: 0.000000
Seed 123, Step 2000: Loss = 134.05 (Recon: 87.76, Allele KL: 17.21, Base KL: 3690.79, Functional KL: 0.00
Global Pooled JS: 0.000000
Seed 123, Step 2500: Loss = 127.26 (Recon: 77.21, Allele KL: 21.73, Base KL: 3561.18, Functional KL: 0.00

Top Variants with Coverage Mismatches:
Rank   Variant                        Expected     Observed     Diff       |Div|       
------------------------------------------------------------------------------------------
New best model with final loss: 125.83

=== Running VAE with seed 456 ===
Global Pooled JS: 0.000000
Seed 456, Step    0: Loss = 211.26 (Recon: 156.47, Allele KL: 25.76, Base KL: 1744.83, Functional KL: 0.00
Global Pooled JS: 0.000000
Seed 456, Step  500: Loss = 119.93 (Recon: 78.56, Allele KL: 12.99, Base KL: 3693.76, Functional KL: 0.00
Global Pooled JS: 0.000000
Seed 456, Step 1000: Loss = 129.22 (Recon: 75.62, Allele KL: 25.71, Base KL: 3620.80, Functional KL: 0.00
Global Pooled JS: 0.000000
Seed 456, Step 1500: Loss = 138.31 (Recon: 95.16, Allele KL: 13.97, Base KL: 3678.67, Functional KL: 0.00
Global Pooled JS: 0.000000
Seed 456, Step 2000: Loss = 126.12 (Recon: 77.26, Allele KL: 20.57, Base KL: 3592.84, Functional KL: 0.00
Global Pooled JS: 0.000000
Seed 456, Step 2500: Loss = 126.18 (Recon: 80.11, Allele KL: 17.78, Base KL: 3707.02, Functional KL: 0.00

Top Variants with Coverage Mismatches:
Rank   Variant                        Expected     Observed     Diff       |Div|       
------------------------------------------------------------------------------------------
New best model with final loss: 122.52

=== Multi-Seed VAE Results ===
Best model had seed 456 with final loss: 122.52
All seeds final losses:
  Seed 42: Total=130.05 (Recon=82.15, A_KL=19.65, B_KL=3710.09)
  Seed 123: Total=125.83 (Recon=78.07, A_KL=19.56, B_KL=3492.17)
  Seed 456: Total=122.52 (Recon=75.06, A_KL=19.22, B_KL=3709.89) <- Best
[time] run_vae took 122.07s (2,602.1171875 MB; 2,602.1171875 MB)

[Raw]:
CYP2C8*1: Normalized=1.0000, Unnormalized=1.00

[Alleles]
CYP2C8*1
CYP2C8*1
	Command being timed: "python cyp.py CYP2C8 /project/shared/aldy-data/wgs/NA07019.wgs.cram"
	User time (seconds): 116.68
	System time (seconds): 16.98
	Percent of CPU this job got: 98%
	Elapsed (wall clock) time (h:mm:ss or m:ss): 2:15.34
	Average shared text size (kbytes): 0
	Average unshared data size (kbytes): 0
	Average stack size (kbytes): 0
	Average total size (kbytes): 0
	Maximum resident set size (kbytes): 2664580
	Average resident set size (kbytes): 0
	Major (requiring I/O) page faults: 0
	Minor (reclaiming a frame) page faults: 878617
	Voluntary context switches: 24617
	Involuntary context switches: 4244
	Swaps: 0
	File system inputs: 0
	File system outputs: 32
	Socket messages sent: 0
	Socket messages received: 0
	Signals delivered: 0
	Page size (bytes): 4096
	Exit status: 0
