2026-05-15 21:41:15.448212: I tensorflow/core/util/port.cc:111] oneDNN custom operations are on. You may see slightly different numerical results due to floating-point round-off errors from different computation orders. To turn them off, set the environment variable `TF_ENABLE_ONEDNN_OPTS=0`.
2026-05-15 21:41:15.485925: E tensorflow/compiler/xla/stream_executor/cuda/cuda_dnn.cc:9342] Unable to register cuDNN factory: Attempting to register factory for plugin cuDNN when one has already been registered
2026-05-15 21:41:15.486091: E tensorflow/compiler/xla/stream_executor/cuda/cuda_fft.cc:609] Unable to register cuFFT factory: Attempting to register factory for plugin cuFFT when one has already been registered
2026-05-15 21:41:15.486227: E tensorflow/compiler/xla/stream_executor/cuda/cuda_blas.cc:1518] Unable to register cuBLAS factory: Attempting to register factory for plugin cuBLAS when one has already been registered
2026-05-15 21:41:15.494794: I tensorflow/core/platform/cpu_feature_guard.cc:182] This TensorFlow binary is optimized to use available CPU instructions in performance-critical operations.
To enable the following instructions: AVX2 AVX512F AVX512_VNNI FMA, in other operations, rebuild TensorFlow with the appropriate compiler flags.
AttributeError: 'MessageFactory' object has no attribute 'GetPrototype'
2026-05-15 21:41:16.518619: W tensorflow/compiler/tf2tensorrt/utils/py_utils.cc:38] TF-TRT Warning: Could not find TensorRT
AttributeError: 'MessageFactory' object has no attribute 'GetPrototype'
[info] total indices 224
[info] total variants 224
2.001 was filtered out as 96818105 T>A needs A but not covered
2.002 was filtered out as 96818105 T>A needs A but not covered
3.001 was filtered out as 96827029 C>T needs T but not covered
3.002 was filtered out as 96827029 C>T needs T but not covered
4.001 was filtered out as 96818118 G>C needs C but not covered
4.002 was filtered out as 96818118 G>C needs C but not covered
5.001 was filtered out as 96826970 delT needs N but not covered
6.001 was filtered out as 96824687 C>T needs T but not covered
7.001 was filtered out as 96824642 G>A needs A but not covered
8.001 was filtered out as 96824642 G>C needs C but not covered
9.001 was filtered out as 96818170 T>C needs C but not covered
10.001 was filtered out as 96802646 C>A needs A but not covered
11.001 was filtered out as 96805707 C>A needs A but not covered
12.001 was filtered out as 96796973 delCAA needs N but not covered
13.001 was filtered out as 96818241 A>C needs C but not covered
14.001 was filtered out as 96818198 C>G needs G but not covered
15.001 was filtered out as 96824657 C>T needs T but not covered
16.001 was filtered out as 96802803 A>G needs G but not covered
17.001 was filtered out as 96818180 T>C needs C but not covered
18.001 was filtered out as 96802714 G>A needs A but not covered
[filter] CYP2C8 1.001 => 1.001; 1.002; 1.003; 1.004; 1.005; 1.006; 1.007; 1.008; 1.009; 1.010; 1.011; 1.012; 1.013; 1.014; 1.015; 1.016; 1.017; 1.018
[filter] valid_alleles=18
Step 0: Loss=0.1811, CN=[2.0999167]
Step 100: Loss=0.0788, CN=[2.5291312]
Step 200: Loss=0.0788, CN=[2.5275893]
Step 300: Loss=0.0788, CN=[2.5275998]
Step 400: Loss=0.0788, CN=[2.5275998]

=== Fit ===
Region 0: obs=2.470, exp=2.528, diff=-0.058 
Region 1: obs=2.842, exp=2.528, diff=+0.315 
Region 2: obs=2.842, exp=2.528, diff=+0.314 
Region 3: obs=2.245, exp=2.528, diff=-0.283 
Region 4: obs=1.928, exp=2.528, diff=-0.600 *
Region 5: obs=2.155, exp=2.528, diff=-0.373 
Region 6: obs=2.553, exp=2.528, diff=+0.025 
Region 7: obs=2.658, exp=2.528, diff=+0.131 
Region 8: obs=1.640, exp=2.528, diff=-0.888 *
Region 9: obs=2.314, exp=2.528, diff=-0.214 
Region 10: obs=2.566, exp=2.528, diff=+0.038 
Region 11: obs=2.485, exp=2.528, diff=-0.043 
Region 12: obs=2.174, exp=2.528, diff=-0.353 
Region 13: obs=2.454, exp=2.528, diff=-0.074 
Region 14: obs=2.300, exp=2.528, diff=-0.228 
Region 15: obs=2.665, exp=2.528, diff=+0.138 
Region 16: obs=3.490, exp=2.528, diff=+0.962 *
Region 17: obs=2.418, exp=2.528, diff=-0.109 
Region 18: obs=2.953, exp=2.528, diff=+0.426 
Region 19: obs=3.386, exp=2.528, diff=+0.858 *
Region 20: obs=2.876, exp=2.528, diff=+0.348 

[Gene CN Results]
  CYP2C8: 2.53 → 2.527599811553955
Using device: cuda
num_sparse_entries: 252
max sparse_flat_index: 1763
expected max: 1763

=== Running VAE with seed 42 ===
Global Pooled JS: 0.000000
Seed 42, Step    0: Loss = 295.94 (Recon: 241.54, Allele KL: 25.64, Base KL: 2086.69, Functional KL: 0.00
Global Pooled JS: 0.000000
Seed 42, Step  500: Loss = 137.97 (Recon: 92.32, Allele KL: 16.08, Base KL: 4565.71, Functional KL: 0.00
Global Pooled JS: 0.000000
Seed 42, Step 1000: Loss = 132.09 (Recon: 86.20, Allele KL: 16.33, Base KL: 4764.26, Functional KL: 0.00
Global Pooled JS: 0.000000
Seed 42, Step 1500: Loss = 129.76 (Recon: 82.44, Allele KL: 18.25, Base KL: 4659.60, Functional KL: 0.00
Global Pooled JS: 0.000000
Seed 42, Step 2000: Loss = 138.16 (Recon: 82.76, Allele KL: 26.33, Base KL: 4428.33, Functional KL: 0.00
Global Pooled JS: 0.000000
Seed 42, Step 2500: Loss = 138.40 (Recon: 85.40, Allele KL: 24.39, Base KL: 4387.41, Functional KL: 0.00

Top Variants with Coverage Mismatches:
Rank   Variant                        Expected     Observed     Diff       |Div|       
------------------------------------------------------------------------------------------
New best model with final loss: 129.70

=== Running VAE with seed 123 ===
Global Pooled JS: 0.000000
Seed 123, Step    0: Loss = 227.44 (Recon: 175.67, Allele KL: 23.34, Base KL: 1916.87, Functional KL: 0.00
Global Pooled JS: 0.000000
Seed 123, Step  500: Loss = 128.63 (Recon: 80.55, Allele KL: 19.41, Base KL: 4474.24, Functional KL: 0.00
Global Pooled JS: 0.000000
Seed 123, Step 1000: Loss = 135.62 (Recon: 93.18, Allele KL: 12.68, Base KL: 4546.32, Functional KL: 0.00
Global Pooled JS: 0.000000
Seed 123, Step 1500: Loss = 136.70 (Recon: 92.04, Allele KL: 14.88, Base KL: 4653.88, Functional KL: 0.00
Global Pooled JS: 0.000000
Seed 123, Step 2000: Loss = 135.11 (Recon: 82.21, Allele KL: 23.93, Base KL: 4578.14, Functional KL: 0.00
Global Pooled JS: 0.000000
Seed 123, Step 2500: Loss = 130.29 (Recon: 80.44, Allele KL: 20.83, Base KL: 4501.52, Functional KL: 0.00

Top Variants with Coverage Mismatches:
Rank   Variant                        Expected     Observed     Diff       |Div|       
------------------------------------------------------------------------------------------

=== Running VAE with seed 456 ===
Global Pooled JS: 0.000000
Seed 456, Step    0: Loss = 256.69 (Recon: 194.46, Allele KL: 32.86, Base KL: 2328.18, Functional KL: 0.00
Global Pooled JS: 0.000000
Seed 456, Step  500: Loss = 129.86 (Recon: 81.63, Allele KL: 18.99, Base KL: 4597.83, Functional KL: 0.00
Global Pooled JS: 0.000000
Seed 456, Step 1000: Loss = 131.31 (Recon: 84.97, Allele KL: 17.07, Base KL: 4632.96, Functional KL: 0.00
Global Pooled JS: 0.000000
Seed 456, Step 1500: Loss = 136.81 (Recon: 87.51, Allele KL: 19.83, Base KL: 4574.48, Functional KL: 0.00
Global Pooled JS: 0.000000
Seed 456, Step 2000: Loss = 132.97 (Recon: 86.70, Allele KL: 16.76, Base KL: 4661.17, Functional KL: 0.00
Global Pooled JS: 0.000000
Seed 456, Step 2500: Loss = 136.55 (Recon: 81.92, Allele KL: 25.96, Base KL: 4440.98, Functional KL: 0.00

Top Variants with Coverage Mismatches:
Rank   Variant                        Expected     Observed     Diff       |Div|       
------------------------------------------------------------------------------------------
New best model with final loss: 126.27

=== Multi-Seed VAE Results ===
Best model had seed 456 with final loss: 126.27
All seeds final losses:
  Seed 42: Total=129.70 (Recon=79.75, A_KL=20.87, B_KL=4631.74)
  Seed 123: Total=135.34 (Recon=88.35, A_KL=17.16, B_KL=4838.98)
  Seed 456: Total=126.27 (Recon=79.06, A_KL=18.31, B_KL=4571.05) <- Best
[time] run_vae took 112.09s (2,612.40625 MB; 2,612.40625 MB)

[Raw]:
CYP2C8*1: Normalized=1.0000, Unnormalized=1.00

[Alleles]
CYP2C8*1
CYP2C8*1
	Command being timed: "python cyp.py CYP2C8 /project/shared/aldy-data/wgs/NA12813.wgs.cram"
	User time (seconds): 105.16
	System time (seconds): 15.91
	Percent of CPU this job got: 99%
	Elapsed (wall clock) time (h:mm:ss or m:ss): 2:01.54
	Average shared text size (kbytes): 0
	Average unshared data size (kbytes): 0
	Average stack size (kbytes): 0
	Average total size (kbytes): 0
	Maximum resident set size (kbytes): 2675116
	Average resident set size (kbytes): 0
	Major (requiring I/O) page faults: 0
	Minor (reclaiming a frame) page faults: 781362
	Voluntary context switches: 24419
	Involuntary context switches: 4024
	Swaps: 0
	File system inputs: 0
	File system outputs: 32
	Socket messages sent: 0
	Socket messages received: 0
	Signals delivered: 0
	Page size (bytes): 4096
	Exit status: 0
