2026-05-15 21:54:03.102070: I tensorflow/core/util/port.cc:111] oneDNN custom operations are on. You may see slightly different numerical results due to floating-point round-off errors from different computation orders. To turn them off, set the environment variable `TF_ENABLE_ONEDNN_OPTS=0`.
2026-05-15 21:54:03.140396: E tensorflow/compiler/xla/stream_executor/cuda/cuda_dnn.cc:9342] Unable to register cuDNN factory: Attempting to register factory for plugin cuDNN when one has already been registered
2026-05-15 21:54:03.140586: E tensorflow/compiler/xla/stream_executor/cuda/cuda_fft.cc:609] Unable to register cuFFT factory: Attempting to register factory for plugin cuFFT when one has already been registered
2026-05-15 21:54:03.140731: E tensorflow/compiler/xla/stream_executor/cuda/cuda_blas.cc:1518] Unable to register cuBLAS factory: Attempting to register factory for plugin cuBLAS when one has already been registered
2026-05-15 21:54:03.149404: I tensorflow/core/platform/cpu_feature_guard.cc:182] This TensorFlow binary is optimized to use available CPU instructions in performance-critical operations.
To enable the following instructions: AVX2 AVX512F AVX512_VNNI FMA, in other operations, rebuild TensorFlow with the appropriate compiler flags.
AttributeError: 'MessageFactory' object has no attribute 'GetPrototype'
2026-05-15 21:54:04.221459: W tensorflow/compiler/tf2tensorrt/utils/py_utils.cc:38] TF-TRT Warning: Could not find TensorRT
AttributeError: 'MessageFactory' object has no attribute 'GetPrototype'
[info] total indices 224
[info] total variants 224
2.001 was filtered out as 96818105 T>A needs A but not covered
2.002 was filtered out as 96818105 T>A needs A but not covered
3.001 was filtered out as 96827029 C>T needs T but not covered
3.002 was filtered out as 96827029 C>T needs T but not covered
4.001 was filtered out as 96818118 G>C needs C but not covered
4.002 was filtered out as 96818118 G>C needs C but not covered
5.001 was filtered out as 96826970 delT needs N but not covered
6.001 was filtered out as 96824687 C>T needs T but not covered
7.001 was filtered out as 96824642 G>A needs A but not covered
8.001 was filtered out as 96824642 G>C needs C but not covered
9.001 was filtered out as 96818170 T>C needs C but not covered
10.001 was filtered out as 96802646 C>A needs A but not covered
11.001 was filtered out as 96805707 C>A needs A but not covered
12.001 was filtered out as 96796973 delCAA needs N but not covered
13.001 was filtered out as 96818241 A>C needs C but not covered
14.001 was filtered out as 96818198 C>G needs G but not covered
15.001 was filtered out as 96824657 C>T needs T but not covered
16.001 was filtered out as 96802803 A>G needs G but not covered
17.001 was filtered out as 96818180 T>C needs C but not covered
18.001 was filtered out as 96802714 G>A needs A but not covered
[filter] CYP2C8 1.001 => 1.001; 1.002; 1.003; 1.004; 1.005; 1.006; 1.007; 1.008; 1.009; 1.010; 1.011; 1.012; 1.013; 1.014; 1.015; 1.016; 1.017; 1.018
[filter] valid_alleles=18
Step 0: Loss=0.0991, CN=[2.0999167]
Step 100: Loss=0.0255, CN=[2.4024975]
Step 200: Loss=0.0255, CN=[2.4025345]
Step 300: Loss=0.0255, CN=[2.4025435]
Step 400: Loss=0.0255, CN=[2.4025435]

=== Fit ===
Region 0: obs=2.306, exp=2.403, diff=-0.097 
Region 1: obs=2.212, exp=2.403, diff=-0.190 
Region 2: obs=2.729, exp=2.403, diff=+0.327 
Region 3: obs=2.401, exp=2.403, diff=-0.001 
Region 4: obs=2.450, exp=2.403, diff=+0.047 
Region 5: obs=2.652, exp=2.403, diff=+0.249 
Region 6: obs=2.565, exp=2.403, diff=+0.163 
Region 7: obs=2.329, exp=2.403, diff=-0.074 
Region 8: obs=2.141, exp=2.403, diff=-0.262 
Region 9: obs=2.280, exp=2.403, diff=-0.122 
Region 10: obs=2.562, exp=2.403, diff=+0.159 
Region 11: obs=2.443, exp=2.403, diff=+0.040 
Region 12: obs=2.036, exp=2.403, diff=-0.367 
Region 13: obs=2.430, exp=2.403, diff=+0.028 
Region 14: obs=2.072, exp=2.403, diff=-0.331 
Region 15: obs=2.304, exp=2.403, diff=-0.098 
Region 16: obs=2.126, exp=2.403, diff=-0.277 
Region 17: obs=2.366, exp=2.403, diff=-0.036 
Region 18: obs=2.805, exp=2.403, diff=+0.402 
Region 19: obs=2.868, exp=2.403, diff=+0.466 
Region 20: obs=2.378, exp=2.403, diff=-0.025 

[Gene CN Results]
  CYP2C8: 2.40 → 2.402543544769287
Using device: cuda

=== Running VAE with seed 42 ===
Global Pooled JS: 0.000000
Seed 42, Step    0: Loss = 215.85 (Recon: 168.63, Allele KL: 18.98, Base KL: 1607.69, Functional KL: 0.00
Global Pooled JS: 0.000000
Seed 42, Step  500: Loss = 141.31 (Recon: 95.68, Allele KL: 16.76, Base KL: 3784.97, Functional KL: 0.00
Global Pooled JS: 0.000000
Seed 42, Step 1000: Loss = 130.47 (Recon: 81.67, Allele KL: 20.20, Base KL: 3893.25, Functional KL: 0.00
Global Pooled JS: 0.000000
Seed 42, Step 1500: Loss = 132.34 (Recon: 84.38, Allele KL: 19.50, Base KL: 3805.60, Functional KL: 0.00
Global Pooled JS: 0.000000
Seed 42, Step 2000: Loss = 135.80 (Recon: 88.93, Allele KL: 18.05, Base KL: 3829.94, Functional KL: 0.00
Global Pooled JS: 0.000000
Seed 42, Step 2500: Loss = 132.08 (Recon: 83.22, Allele KL: 20.23, Base KL: 3938.98, Functional KL: 0.00

Top Variants with Coverage Mismatches:
Rank   Variant                        Expected     Observed     Diff       |Div|       
------------------------------------------------------------------------------------------
New best model with final loss: 137.97

=== Running VAE with seed 123 ===
Global Pooled JS: 0.000000
Seed 123, Step    0: Loss = 196.85 (Recon: 150.70, Allele KL: 17.31, Base KL: 1585.63, Functional KL: 0.00
Global Pooled JS: 0.000000
Seed 123, Step  500: Loss = 131.66 (Recon: 82.30, Allele KL: 20.79, Base KL: 3809.86, Functional KL: 0.00
Global Pooled JS: 0.000000
Seed 123, Step 1000: Loss = 132.68 (Recon: 91.21, Allele KL: 12.23, Base KL: 3815.04, Functional KL: 0.00
Global Pooled JS: 0.000000
Seed 123, Step 1500: Loss = 137.00 (Recon: 89.84, Allele KL: 18.17, Base KL: 3803.36, Functional KL: 0.00
Global Pooled JS: 0.000000
Seed 123, Step 2000: Loss = 132.23 (Recon: 83.29, Allele KL: 20.55, Base KL: 3765.63, Functional KL: 0.00
Global Pooled JS: 0.000000
Seed 123, Step 2500: Loss = 135.23 (Recon: 89.82, Allele KL: 16.37, Base KL: 3836.38, Functional KL: 0.00

Top Variants with Coverage Mismatches:
Rank   Variant                        Expected     Observed     Diff       |Div|       
------------------------------------------------------------------------------------------
New best model with final loss: 133.06

=== Running VAE with seed 456 ===
Global Pooled JS: 0.000000
Seed 456, Step    0: Loss = 218.41 (Recon: 173.10, Allele KL: 15.94, Base KL: 1802.55, Functional KL: 0.00
Global Pooled JS: 0.000000
Seed 456, Step  500: Loss = 138.99 (Recon: 93.18, Allele KL: 17.00, Base KL: 3592.11, Functional KL: 0.00
Global Pooled JS: 0.000000
Seed 456, Step 1000: Loss = 137.44 (Recon: 93.06, Allele KL: 15.38, Base KL: 3715.42, Functional KL: 0.00
Global Pooled JS: 0.000000
Seed 456, Step 1500: Loss = 139.18 (Recon: 93.00, Allele KL: 17.42, Base KL: 3756.99, Functional KL: 0.00
Global Pooled JS: 0.000000
Seed 456, Step 2000: Loss = 134.91 (Recon: 87.98, Allele KL: 18.32, Base KL: 3680.68, Functional KL: 0.00
Global Pooled JS: 0.000000
Seed 456, Step 2500: Loss = 135.92 (Recon: 90.69, Allele KL: 16.40, Base KL: 3711.14, Functional KL: 0.00

Top Variants with Coverage Mismatches:
Rank   Variant                        Expected     Observed     Diff       |Div|       
------------------------------------------------------------------------------------------
New best model with final loss: 132.89

=== Multi-Seed VAE Results ===
Best model had seed 456 with final loss: 132.89
All seeds final losses:
  Seed 42: Total=137.97 (Recon=89.72, A_KL=19.16, B_KL=3957.22)
  Seed 123: Total=133.06 (Recon=83.84, A_KL=20.34, B_KL=4049.19)
  Seed 456: Total=132.89 (Recon=85.74, A_KL=18.70, B_KL=3665.87) <- Best
[time] run_vae took 114.51s (2,626.20703125 MB; 2,626.20703125 MB)

[Raw]:
CYP2C8*1: Normalized=1.0000, Unnormalized=1.00

[Alleles]
CYP2C8*1
CYP2C8*1
	Command being timed: "python cyp.py CYP2C8 /project/shared/aldy-data/wgs/NA18617.wgs.cram"
	User time (seconds): 108.50
	System time (seconds): 14.97
	Percent of CPU this job got: 99%
	Elapsed (wall clock) time (h:mm:ss or m:ss): 2:04.69
	Average shared text size (kbytes): 0
	Average unshared data size (kbytes): 0
	Average stack size (kbytes): 0
	Average total size (kbytes): 0
	Maximum resident set size (kbytes): 2689260
	Average resident set size (kbytes): 0
	Major (requiring I/O) page faults: 0
	Minor (reclaiming a frame) page faults: 729750
	Voluntary context switches: 22368
	Involuntary context switches: 2182
	Swaps: 0
	File system inputs: 0
	File system outputs: 32
	Socket messages sent: 0
	Socket messages received: 0
	Signals delivered: 0
	Page size (bytes): 4096
	Exit status: 0
