2026-03-11 04:02:57.363379: I tensorflow/core/util/port.cc:111] oneDNN custom operations are on. You may see slightly different numerical results due to floating-point round-off errors from different computation orders. To turn them off, set the environment variable `TF_ENABLE_ONEDNN_OPTS=0`.
2026-03-11 04:02:57.403029: E tensorflow/compiler/xla/stream_executor/cuda/cuda_dnn.cc:9342] Unable to register cuDNN factory: Attempting to register factory for plugin cuDNN when one has already been registered
2026-03-11 04:02:57.403219: E tensorflow/compiler/xla/stream_executor/cuda/cuda_fft.cc:609] Unable to register cuFFT factory: Attempting to register factory for plugin cuFFT when one has already been registered
2026-03-11 04:02:57.403387: E tensorflow/compiler/xla/stream_executor/cuda/cuda_blas.cc:1518] Unable to register cuBLAS factory: Attempting to register factory for plugin cuBLAS when one has already been registered
2026-03-11 04:02:57.412402: I tensorflow/core/platform/cpu_feature_guard.cc:182] This TensorFlow binary is optimized to use available CPU instructions in performance-critical operations.
To enable the following instructions: AVX2 AVX512F AVX512_VNNI FMA, in other operations, rebuild TensorFlow with the appropriate compiler flags.
AttributeError: 'MessageFactory' object has no attribute 'GetPrototype'
2026-03-11 04:02:58.888531: W tensorflow/compiler/tf2tensorrt/utils/py_utils.cc:38] TF-TRT Warning: Could not find TensorRT
AttributeError: 'MessageFactory' object has no attribute 'GetPrototype'
[info] total indices 224
[info] total variants 224
2.001 was filtered out as 96818105 T>A needs A but not covered
2.002 was filtered out as 96818105 T>A needs A but not covered
3.001 was filtered out as 96827029 C>T needs T but not covered
3.002 was filtered out as 96827029 C>T needs T but not covered
4.001 was filtered out as 96818118 G>C needs C but not covered
4.002 was filtered out as 96818118 G>C needs C but not covered
5.001 was filtered out as 96826970 delT needs N but not covered
6.001 was filtered out as 96824687 C>T needs T but not covered
7.001 was filtered out as 96824642 G>A needs A but not covered
8.001 was filtered out as 96824642 G>C needs C but not covered
9.001 was filtered out as 96818170 T>C needs C but not covered
10.001 was filtered out as 96802646 C>A needs A but not covered
11.001 was filtered out as 96805707 C>A needs A but not covered
12.001 was filtered out as 96796973 delCAA needs N but not covered
13.001 was filtered out as 96818241 A>C needs C but not covered
14.001 was filtered out as 96818198 C>G needs G but not covered
15.001 was filtered out as 96824657 C>T needs T but not covered
16.001 was filtered out as 96802803 A>G needs G but not covered
17.001 was filtered out as 96818180 T>C needs C but not covered
18.001 was filtered out as 96802714 G>A needs A but not covered
[filter] CYP2C8 1.001 => 1.001; 1.002; 1.003; 1.004; 1.005; 1.006; 1.007; 1.008; 1.009; 1.010; 1.011; 1.012; 1.013; 1.014; 1.015; 1.016; 1.017; 1.018
[filter] valid_alleles=18
CYP2C8:96796795 → A:0, C:0, G*:37, M:0, N:0, P:0, T:0
CYP2C8:96796830 → A:0, C:0, G:0, M:0, N:0, P:0, T*:45
CYP2C8:96796860 → A:0, C:0, G*:54, M:0, N:0, P:0, T:0
CYP2C8:96798714 → A:0, C:0, G*:34, M:0, N:0, P:0, T:0
CYP2C8:96802736 → A:0, C:0, G*:37, M:0, N:0, P:0, T:0
CYP2C8:96805591 → A:0, C:0, G*:31, M:0, N:0, P:0, T:0
CYP2C8:96826965 → A:0, C*:45, G:0, M:0, N:0, P:0, T:0
CYP2C8:96829244 → A:0, C:0, G:0, M:0, N:0, P:0, T*:52
CYP2C8:96829280 → A:0, C:0, G:0, M:0, N:0, P:0, T*:60
CYP2C8:96829291 → A:0, C:0, G:0, M:0, N:0, P:0, T*:53
CYP2C8:96829405 → A*:51, C:0, G:0, M:0, N:0, P:0, T:0
CYP2C8:96829429 → A:0, C:0, G*:44, M:0, N:0, P:0, T:0
CYP2C8:96829528 → A*:52, C:0, G:0, M:0, N:0, P:0, T:0
CYP2C8:96829569 → A:0, C:0, G*:47, M:0, N:0, P:0, T:0
Step 0: Loss=0.3039, CN=[2.0999167]
Step 100: Loss=0.0682, CN=[2.8223352]
Step 200: Loss=0.0682, CN=[2.8256364]
Step 300: Loss=0.0682, CN=[2.8256452]
Step 400: Loss=0.0682, CN=[2.8256454]

=== Fit ===
Region 0: obs=2.930, exp=2.826, diff=+0.104 
Region 1: obs=2.480, exp=2.826, diff=-0.346 
Region 2: obs=2.683, exp=2.826, diff=-0.143 
Region 3: obs=2.854, exp=2.826, diff=+0.028 
Region 4: obs=2.635, exp=2.826, diff=-0.190 
Region 5: obs=2.900, exp=2.826, diff=+0.074 
Region 6: obs=3.756, exp=2.826, diff=+0.930 *
Region 7: obs=2.924, exp=2.826, diff=+0.098 
Region 8: obs=2.798, exp=2.826, diff=-0.028 
Region 9: obs=2.864, exp=2.826, diff=+0.039 
Region 10: obs=2.368, exp=2.826, diff=-0.458 
Region 11: obs=2.668, exp=2.826, diff=-0.157 
Region 12: obs=2.092, exp=2.826, diff=-0.734 *
Region 13: obs=3.100, exp=2.826, diff=+0.274 
Region 14: obs=2.513, exp=2.826, diff=-0.313 
Region 15: obs=3.153, exp=2.826, diff=+0.327 
Region 16: obs=2.396, exp=2.826, diff=-0.430 
Region 17: obs=2.831, exp=2.826, diff=+0.006 
Region 18: obs=3.591, exp=2.826, diff=+0.766 *
Region 19: obs=3.343, exp=2.826, diff=+0.517 *
Region 20: obs=2.940, exp=2.826, diff=+0.115 

[Gene CN Results]
  CYP2C8: 2.83 → 2.8256454467773438
Using device: cuda
num_sparse_entries: 252
max sparse_flat_index: 1763
expected max: 1763

=== Running VAE with seed 42 ===
Global Pooled JS: 0.000000
Seed 42, Step    0: Loss = 167.44 (Recon: 124.21, Allele KL: 14.91, Base KL: 1465.15, Functional KL: 0.00
Global Pooled JS: 0.000000
Seed 42, Step  500: Loss = 167.34 (Recon: 121.04, Allele KL: 14.97, Base KL: 5487.73, Functional KL: 0.00
Global Pooled JS: 0.000000
Seed 42, Step 1000: Loss = 124.56 (Recon: 79.60, Allele KL: 15.41, Base KL: 5296.46, Functional KL: 0.00
Global Pooled JS: 0.000000
Seed 42, Step 1500: Loss = 111.54 (Recon: 67.10, Allele KL: 15.80, Base KL: 5392.07, Functional KL: 0.00
Global Pooled JS: 0.000000
Seed 42, Step 2000: Loss = 115.04 (Recon: 65.62, Allele KL: 21.05, Base KL: 5251.99, Functional KL: 0.00
Global Pooled JS: 0.000000
Seed 42, Step 2500: Loss = 119.53 (Recon: 68.40, Allele KL: 22.28, Base KL: 5467.97, Functional KL: 0.00

Top Variants with Coverage Mismatches:
Rank   Variant                        Expected     Observed     Diff       |Div|       
------------------------------------------------------------------------------------------
New best model with final loss: 121.23

=== Running VAE with seed 123 ===
Global Pooled JS: 0.000000
Seed 123, Step    0: Loss = 314.81 (Recon: 267.92, Allele KL: 17.80, Base KL: 1583.96, Functional KL: 0.00
Global Pooled JS: 0.000000
Seed 123, Step  500: Loss = 117.44 (Recon: 68.83, Allele KL: 19.84, Base KL: 5299.59, Functional KL: 0.00
Global Pooled JS: 0.000000
Seed 123, Step 1000: Loss = 114.14 (Recon: 67.21, Allele KL: 18.11, Base KL: 5501.30, Functional KL: 0.00
Global Pooled JS: 0.000000
Seed 123, Step 1500: Loss = 125.51 (Recon: 79.40, Allele KL: 16.73, Base KL: 5299.09, Functional KL: 0.00
Global Pooled JS: 0.000000
Seed 123, Step 2000: Loss = 118.10 (Recon: 67.84, Allele KL: 21.56, Base KL: 5352.45, Functional KL: 0.00
Global Pooled JS: 0.000000
Seed 123, Step 2500: Loss = 118.43 (Recon: 68.83, Allele KL: 20.82, Base KL: 5367.50, Functional KL: 0.00

Top Variants with Coverage Mismatches:
Rank   Variant                        Expected     Observed     Diff       |Div|       
------------------------------------------------------------------------------------------
New best model with final loss: 118.34

=== Running VAE with seed 456 ===
Global Pooled JS: 0.000000
Seed 456, Step    0: Loss = 238.33 (Recon: 193.98, Allele KL: 15.32, Base KL: 1588.17, Functional KL: 0.00
Global Pooled JS: 0.000000
Seed 456, Step  500: Loss = 115.47 (Recon: 70.49, Allele KL: 16.04, Base KL: 5372.11, Functional KL: 0.00
Global Pooled JS: 0.000000
Seed 456, Step 1000: Loss = 120.28 (Recon: 73.19, Allele KL: 17.92, Base KL: 5428.24, Functional KL: 0.00
Global Pooled JS: 0.000000
Seed 456, Step 1500: Loss = 125.71 (Recon: 75.92, Allele KL: 20.53, Base KL: 5371.36, Functional KL: 0.00
Global Pooled JS: 0.000000
Seed 456, Step 2000: Loss = 121.71 (Recon: 77.95, Allele KL: 14.43, Base KL: 5357.02, Functional KL: 0.00
Global Pooled JS: 0.000000
Seed 456, Step 2500: Loss = 125.24 (Recon: 78.93, Allele KL: 17.16, Base KL: 5184.44, Functional KL: 0.00

Top Variants with Coverage Mismatches:
Rank   Variant                        Expected     Observed     Diff       |Div|       
------------------------------------------------------------------------------------------

=== Multi-Seed VAE Results ===
Best model had seed 123 with final loss: 118.34
All seeds final losses:
  Seed 42: Total=121.23 (Recon=75.64, A_KL=16.31, B_KL=5320.11)
  Seed 123: Total=118.34 (Recon=73.79, A_KL=15.19, B_KL=5534.67) <- Best
  Seed 456: Total=129.78 (Recon=80.63, A_KL=19.67, B_KL=5292.06)

[Raw]:
CYP2C8*1: Normalized=1.0000, Unnormalized=1.00

[Alleles]
CYP2C8*1
CYP2C8*1
	Command being timed: "python /home/qinghuiz/aidy/push/Neretva/neretva/cyp.py CYP2C8 /project/shared/aldy-data/wgs/NA18540.wgs.cram"
	User time (seconds): 147.19
	System time (seconds): 31.29
	Percent of CPU this job got: 99%
	Elapsed (wall clock) time (h:mm:ss or m:ss): 2:59.04
	Average shared text size (kbytes): 0
	Average unshared data size (kbytes): 0
	Average stack size (kbytes): 0
	Average total size (kbytes): 0
	Maximum resident set size (kbytes): 2658872
	Average resident set size (kbytes): 0
	Major (requiring I/O) page faults: 0
	Minor (reclaiming a frame) page faults: 788846
	Voluntary context switches: 23199
	Involuntary context switches: 113
	Swaps: 0
	File system inputs: 0
	File system outputs: 40
	Socket messages sent: 0
	Socket messages received: 0
	Signals delivered: 0
	Page size (bytes): 4096
	Exit status: 0
