2026-03-11 04:08:54.198339: I tensorflow/core/util/port.cc:111] oneDNN custom operations are on. You may see slightly different numerical results due to floating-point round-off errors from different computation orders. To turn them off, set the environment variable `TF_ENABLE_ONEDNN_OPTS=0`.
2026-03-11 04:08:54.235806: E tensorflow/compiler/xla/stream_executor/cuda/cuda_dnn.cc:9342] Unable to register cuDNN factory: Attempting to register factory for plugin cuDNN when one has already been registered
2026-03-11 04:08:54.235972: E tensorflow/compiler/xla/stream_executor/cuda/cuda_fft.cc:609] Unable to register cuFFT factory: Attempting to register factory for plugin cuFFT when one has already been registered
2026-03-11 04:08:54.236107: E tensorflow/compiler/xla/stream_executor/cuda/cuda_blas.cc:1518] Unable to register cuBLAS factory: Attempting to register factory for plugin cuBLAS when one has already been registered
2026-03-11 04:08:54.244966: I tensorflow/core/platform/cpu_feature_guard.cc:182] This TensorFlow binary is optimized to use available CPU instructions in performance-critical operations.
To enable the following instructions: AVX2 AVX512F AVX512_VNNI FMA, in other operations, rebuild TensorFlow with the appropriate compiler flags.
AttributeError: 'MessageFactory' object has no attribute 'GetPrototype'
2026-03-11 04:08:55.294394: W tensorflow/compiler/tf2tensorrt/utils/py_utils.cc:38] TF-TRT Warning: Could not find TensorRT
AttributeError: 'MessageFactory' object has no attribute 'GetPrototype'
[info] total indices 224
[info] total variants 224
2.001 was filtered out as 96818105 T>A needs A but not covered
2.002 was filtered out as 96818105 T>A needs A but not covered
3.001 was filtered out as 96827029 C>T needs T but not covered
3.002 was filtered out as 96827029 C>T needs T but not covered
4.001 was filtered out as 96818118 G>C needs C but not covered
4.002 was filtered out as 96818118 G>C needs C but not covered
5.001 was filtered out as 96826970 delT needs N but not covered
6.001 was filtered out as 96824687 C>T needs T but not covered
7.001 was filtered out as 96824642 G>A needs A but not covered
8.001 was filtered out as 96824642 G>C needs C but not covered
9.001 was filtered out as 96818170 T>C needs C but not covered
10.001 was filtered out as 96802646 C>A needs A but not covered
11.001 was filtered out as 96805707 C>A needs A but not covered
12.001 was filtered out as 96796973 delCAA needs N but not covered
13.001 was filtered out as 96818241 A>C needs C but not covered
14.001 was filtered out as 96818198 C>G needs G but not covered
15.001 was filtered out as 96824657 C>T needs T but not covered
16.001 was filtered out as 96802803 A>G needs G but not covered
17.001 was filtered out as 96818180 T>C needs C but not covered
18.001 was filtered out as 96802714 G>A needs A but not covered
[filter] CYP2C8 1.001 => 1.001; 1.002; 1.003; 1.004; 1.005; 1.006; 1.007; 1.008; 1.009; 1.010; 1.011; 1.012; 1.013; 1.014; 1.015; 1.016; 1.017; 1.018
[filter] valid_alleles=18
CYP2C8:96796795 → A:0, C:0, G*:49, M:0, N:0, P:0, T:0
CYP2C8:96796830 → A:0, C:0, G:0, M:0, N:0, P:0, T*:43
CYP2C8:96796860 → A:18, C:0, G*:24, M:0, N:0, P:0, T:0
CYP2C8:96798714 → A:0, C:0, G*:83, M:0, N:0, P:0, T:0
CYP2C8:96802736 → A:0, C:0, G*:42, M:0, N:0, P:0, T:0
CYP2C8:96805591 → A:0, C:0, G*:30, M:0, N:0, P:0, T:0
CYP2C8:96826965 → A:0, C*:50, G:0, M:0, N:0, P:0, T:0
CYP2C8:96829244 → A:0, C:0, G:0, M:0, N:0, P:0, T*:53
CYP2C8:96829280 → A:0, C:0, G:0, M:0, N:0, P:0, T*:47
CYP2C8:96829291 → A:0, C:0, G:0, M:0, N:0, P:0, T*:46
CYP2C8:96829405 → A*:43, C:0, G:0, M:0, N:0, P:0, T:0
CYP2C8:96829429 → A:0, C:0, G*:49, M:0, N:0, P:0, T:0
CYP2C8:96829528 → A*:24, C:22, G:0, M:0, N:0, P:0, T:0
CYP2C8:96829569 → A:22, C:0, G*:19, M:0, N:0, P:0, T:0
Step 0: Loss=0.0539, CN=[2.0999167]
Step 100: Loss=0.0506, CN=[2.0859869]
Step 200: Loss=0.0506, CN=[2.0863698]
Step 300: Loss=0.0506, CN=[2.0863693]
Step 400: Loss=0.0506, CN=[2.0863693]

=== Fit ===
Region 0: obs=2.185, exp=2.086, diff=+0.099 
Region 1: obs=2.193, exp=2.086, diff=+0.107 
Region 2: obs=1.673, exp=2.086, diff=-0.413 
Region 3: obs=2.034, exp=2.086, diff=-0.052 
Region 4: obs=2.438, exp=2.086, diff=+0.352 
Region 5: obs=1.896, exp=2.086, diff=-0.191 
Region 6: obs=2.404, exp=2.086, diff=+0.318 
Region 7: obs=2.152, exp=2.086, diff=+0.066 
Region 8: obs=1.791, exp=2.086, diff=-0.296 
Region 9: obs=2.085, exp=2.086, diff=-0.001 
Region 10: obs=2.242, exp=2.086, diff=+0.156 
Region 11: obs=2.066, exp=2.086, diff=-0.020 
Region 12: obs=1.459, exp=2.086, diff=-0.627 *
Region 13: obs=2.012, exp=2.086, diff=-0.075 
Region 14: obs=1.801, exp=2.086, diff=-0.285 
Region 15: obs=2.104, exp=2.086, diff=+0.017 
Region 16: obs=3.329, exp=2.086, diff=+1.243 *
Region 17: obs=2.277, exp=2.086, diff=+0.191 
Region 18: obs=2.033, exp=2.086, diff=-0.053 
Region 19: obs=2.287, exp=2.086, diff=+0.200 
Region 20: obs=1.967, exp=2.086, diff=-0.120 

[Gene CN Results]
  CYP2C8: 2.09 → 2.086369752883911
Using device: cuda
num_sparse_entries: 252
max sparse_flat_index: 1763
expected max: 1763

=== Running VAE with seed 42 ===
Global Pooled JS: 0.000000
Seed 42, Step    0: Loss = 219.09 (Recon: 173.18, Allele KL: 17.37, Base KL: 1563.99, Functional KL: 0.00
Global Pooled JS: 0.000000
Seed 42, Step  500: Loss = 144.95 (Recon: 98.63, Allele KL: 18.03, Base KL: 3514.18, Functional KL: 0.00
Global Pooled JS: 0.000000
Seed 42, Step 1000: Loss = 132.45 (Recon: 84.94, Allele KL: 19.04, Base KL: 3603.45, Functional KL: 0.00
Global Pooled JS: 0.000000
Seed 42, Step 1500: Loss = 133.92 (Recon: 86.71, Allele KL: 18.85, Base KL: 3540.23, Functional KL: 0.00
Global Pooled JS: 0.000000
Seed 42, Step 2000: Loss = 136.53 (Recon: 89.62, Allele KL: 18.23, Base KL: 3609.56, Functional KL: 0.00
Global Pooled JS: 0.000000
Seed 42, Step 2500: Loss = 134.85 (Recon: 87.95, Allele KL: 18.38, Base KL: 3637.44, Functional KL: 0.00

Top Variants with Coverage Mismatches:
Rank   Variant                        Expected     Observed     Diff       |Div|       
------------------------------------------------------------------------------------------
New best model with final loss: 138.91

=== Running VAE with seed 123 ===
Global Pooled JS: 0.000000
Seed 123, Step    0: Loss = 177.67 (Recon: 131.25, Allele KL: 17.21, Base KL: 1542.16, Functional KL: 0.00
Global Pooled JS: 0.000000
Seed 123, Step  500: Loss = 148.16 (Recon: 93.08, Allele KL: 27.23, Base KL: 3394.60, Functional KL: 0.00
Global Pooled JS: 0.000000
Seed 123, Step 1000: Loss = 133.24 (Recon: 91.19, Allele KL: 13.22, Base KL: 3523.76, Functional KL: 0.00
Global Pooled JS: 0.000000
Seed 123, Step 1500: Loss = 141.71 (Recon: 98.59, Allele KL: 14.04, Base KL: 3561.73, Functional KL: 0.00
Global Pooled JS: 0.000000
Seed 123, Step 2000: Loss = 133.56 (Recon: 86.95, Allele KL: 17.96, Base KL: 3676.59, Functional KL: 0.00
Global Pooled JS: 0.000000
Seed 123, Step 2500: Loss = 133.84 (Recon: 89.16, Allele KL: 16.03, Base KL: 3446.68, Functional KL: 0.00

Top Variants with Coverage Mismatches:
Rank   Variant                        Expected     Observed     Diff       |Div|       
------------------------------------------------------------------------------------------
New best model with final loss: 135.54

=== Running VAE with seed 456 ===
Global Pooled JS: 0.000000
Seed 456, Step    0: Loss = 209.47 (Recon: 160.58, Allele KL: 19.83, Base KL: 1903.41, Functional KL: 0.00
Global Pooled JS: 0.000000
Seed 456, Step  500: Loss = 141.25 (Recon: 96.79, Allele KL: 15.72, Base KL: 3505.84, Functional KL: 0.00
Global Pooled JS: 0.000000
Seed 456, Step 1000: Loss = 138.67 (Recon: 96.90, Allele KL: 12.71, Base KL: 3520.28, Functional KL: 0.00
Global Pooled JS: 0.000000
Seed 456, Step 1500: Loss = 139.28 (Recon: 94.40, Allele KL: 16.24, Base KL: 3556.29, Functional KL: 0.00
Global Pooled JS: 0.000000
Seed 456, Step 2000: Loss = 135.33 (Recon: 89.07, Allele KL: 17.72, Base KL: 3597.73, Functional KL: 0.00
Global Pooled JS: 0.000000
Seed 456, Step 2500: Loss = 136.35 (Recon: 86.39, Allele KL: 21.74, Base KL: 3513.87, Functional KL: 0.00

Top Variants with Coverage Mismatches:
Rank   Variant                        Expected     Observed     Diff       |Div|       
------------------------------------------------------------------------------------------
New best model with final loss: 133.15

=== Multi-Seed VAE Results ===
Best model had seed 456 with final loss: 133.15
All seeds final losses:
  Seed 42: Total=138.91 (Recon=92.31, A_KL=17.53, B_KL=3658.43)
  Seed 123: Total=135.54 (Recon=88.58, A_KL=18.21, B_KL=3715.69)
  Seed 456: Total=133.15 (Recon=85.32, A_KL=19.59, B_KL=3483.98) <- Best

[Raw]:
CYP2C8*1: Normalized=1.0000, Unnormalized=1.00

[Alleles]
CYP2C8*1
CYP2C8*1
	Command being timed: "python /home/qinghuiz/aidy/push/Neretva/neretva/cyp.py CYP2C8 /project/shared/aldy-data/wgs/NA18952.wgs.cram"
	User time (seconds): 150.71
	System time (seconds): 29.44
	Percent of CPU this job got: 99%
	Elapsed (wall clock) time (h:mm:ss or m:ss): 3:01.55
	Average shared text size (kbytes): 0
	Average unshared data size (kbytes): 0
	Average stack size (kbytes): 0
	Average total size (kbytes): 0
	Maximum resident set size (kbytes): 2692580
	Average resident set size (kbytes): 0
	Major (requiring I/O) page faults: 0
	Minor (reclaiming a frame) page faults: 782606
	Voluntary context switches: 24607
	Involuntary context switches: 4177
	Swaps: 0
	File system inputs: 0
	File system outputs: 40
	Socket messages sent: 0
	Socket messages received: 0
	Signals delivered: 0
	Page size (bytes): 4096
	Exit status: 0
