2026-03-11 04:02:56.576052: I tensorflow/core/util/port.cc:111] oneDNN custom operations are on. You may see slightly different numerical results due to floating-point round-off errors from different computation orders. To turn them off, set the environment variable `TF_ENABLE_ONEDNN_OPTS=0`.
2026-03-11 04:02:56.640297: E tensorflow/compiler/xla/stream_executor/cuda/cuda_dnn.cc:9342] Unable to register cuDNN factory: Attempting to register factory for plugin cuDNN when one has already been registered
2026-03-11 04:02:56.640458: E tensorflow/compiler/xla/stream_executor/cuda/cuda_fft.cc:609] Unable to register cuFFT factory: Attempting to register factory for plugin cuFFT when one has already been registered
2026-03-11 04:02:56.640607: E tensorflow/compiler/xla/stream_executor/cuda/cuda_blas.cc:1518] Unable to register cuBLAS factory: Attempting to register factory for plugin cuBLAS when one has already been registered
2026-03-11 04:02:56.652841: I tensorflow/core/platform/cpu_feature_guard.cc:182] This TensorFlow binary is optimized to use available CPU instructions in performance-critical operations.
To enable the following instructions: AVX2 AVX512F AVX512_VNNI FMA, in other operations, rebuild TensorFlow with the appropriate compiler flags.
AttributeError: 'MessageFactory' object has no attribute 'GetPrototype'
2026-03-11 04:02:57.934959: W tensorflow/compiler/tf2tensorrt/utils/py_utils.cc:38] TF-TRT Warning: Could not find TensorRT
AttributeError: 'MessageFactory' object has no attribute 'GetPrototype'
[info] total indices 224
[info] total variants 224
2.001 was filtered out as 96818105 T>A needs A but not covered
2.002 was filtered out as 96818105 T>A needs A but not covered
3.001 was filtered out as 96827029 C>T needs T but not covered
3.002 was filtered out as 96827029 C>T needs T but not covered
4.001 was filtered out as 96818118 G>C needs C but not covered
4.002 was filtered out as 96818118 G>C needs C but not covered
5.001 was filtered out as 96826970 delT needs N but not covered
6.001 was filtered out as 96824687 C>T needs T but not covered
7.001 was filtered out as 96824642 G>A needs A but not covered
8.001 was filtered out as 96824642 G>C needs C but not covered
9.001 was filtered out as 96818170 T>C needs C but not covered
10.001 was filtered out as 96802646 C>A needs A but not covered
11.001 was filtered out as 96805707 C>A needs A but not covered
12.001 was filtered out as 96796973 delCAA needs N but not covered
13.001 was filtered out as 96818241 A>C needs C but not covered
14.001 was filtered out as 96818198 C>G needs G but not covered
15.001 was filtered out as 96824657 C>T needs T but not covered
16.001 was filtered out as 96802803 A>G needs G but not covered
17.001 was filtered out as 96818180 T>C needs C but not covered
18.001 was filtered out as 96802714 G>A needs A but not covered
[filter] CYP2C8 1.001 => 1.001; 1.002; 1.003; 1.004; 1.005; 1.006; 1.007; 1.008; 1.009; 1.010; 1.011; 1.012; 1.013; 1.014; 1.015; 1.016; 1.017; 1.018
[filter] valid_alleles=18
CYP2C8:96796795 → A:0, C:0, G*:45, M:0, N:0, P:0, T:0
CYP2C8:96796830 → A:0, C:0, G:0, M:0, N:0, P:0, T*:37
CYP2C8:96796860 → A:0, C:0, G*:38, M:0, N:0, P:0, T:0
CYP2C8:96798714 → A:0, C:0, G*:39, M:0, N:0, P:0, T:0
CYP2C8:96802736 → A:0, C:0, G*:43, M:0, N:0, P:0, T:0
CYP2C8:96805591 → A:0, C:0, G*:54, M:0, N:0, P:0, T:0
CYP2C8:96826965 → A:0, C*:44, G:0, M:0, N:0, P:0, T:0
CYP2C8:96829244 → A:0, C:0, G:0, M:0, N:0, P:0, T*:57
CYP2C8:96829280 → A:0, C:0, G:0, M:0, N:0, P:0, T*:54
CYP2C8:96829291 → A:0, C:0, G:0, M:0, N:0, P:0, T*:54
CYP2C8:96829405 → A*:56, C:0, G:0, M:0, N:0, P:0, T:0
CYP2C8:96829429 → A:0, C:0, G*:56, M:0, N:0, P:0, T:0
CYP2C8:96829528 → A*:52, C:0, G:0, M:0, N:0, P:0, T:0
CYP2C8:96829569 → A:25, C:0, G*:29, M:0, N:0, P:0, T:0
Step 0: Loss=0.3590, CN=[2.0999167]
Step 100: Loss=0.0420, CN=[2.95562]
Step 200: Loss=0.0420, CN=[2.9549577]
Step 300: Loss=0.0420, CN=[2.9549372]
Step 400: Loss=0.0420, CN=[2.9549372]

=== Fit ===
Region 0: obs=2.977, exp=2.955, diff=+0.023 
Region 1: obs=3.295, exp=2.955, diff=+0.340 
Region 2: obs=3.083, exp=2.955, diff=+0.128 
Region 3: obs=3.128, exp=2.955, diff=+0.173 
Region 4: obs=2.652, exp=2.955, diff=-0.303 
Region 5: obs=2.820, exp=2.955, diff=-0.135 
Region 6: obs=2.821, exp=2.955, diff=-0.134 
Region 7: obs=3.197, exp=2.955, diff=+0.242 
Region 8: obs=3.632, exp=2.955, diff=+0.677 *
Region 9: obs=2.823, exp=2.955, diff=-0.132 
Region 10: obs=3.553, exp=2.955, diff=+0.598 *
Region 11: obs=2.865, exp=2.955, diff=-0.090 
Region 12: obs=3.291, exp=2.955, diff=+0.336 
Region 13: obs=2.637, exp=2.955, diff=-0.318 
Region 14: obs=2.581, exp=2.955, diff=-0.374 
Region 15: obs=2.808, exp=2.955, diff=-0.147 
Region 16: obs=2.536, exp=2.955, diff=-0.419 
Region 17: obs=2.905, exp=2.955, diff=-0.050 
Region 18: obs=2.753, exp=2.955, diff=-0.202 
Region 19: obs=2.889, exp=2.955, diff=-0.066 
Region 20: obs=3.084, exp=2.955, diff=+0.129 

[Gene CN Results]
  CYP2C8: 2.95 → 2.954937219619751
Using device: cuda
num_sparse_entries: 252
max sparse_flat_index: 1763
expected max: 1763

=== Running VAE with seed 42 ===
Global Pooled JS: 0.000000
Seed 42, Step    0: Loss = 158.70 (Recon: 111.21, Allele KL: 18.97, Base KL: 1558.60, Functional KL: 0.00
Global Pooled JS: 0.000000
Seed 42, Step  500: Loss = 147.75 (Recon: 106.88, Allele KL: 10.47, Base KL: 4276.66, Functional KL: 0.00
Global Pooled JS: 0.000000
Seed 42, Step 1000: Loss = 127.36 (Recon: 71.85, Allele KL: 27.12, Base KL: 4157.14, Functional KL: 0.00
Global Pooled JS: 0.000000
Seed 42, Step 1500: Loss = 123.26 (Recon: 78.59, Allele KL: 16.10, Base KL: 4228.25, Functional KL: 0.00
Global Pooled JS: 0.000000
Seed 42, Step 2000: Loss = 127.42 (Recon: 78.63, Allele KL: 20.23, Base KL: 4057.54, Functional KL: 0.00
Global Pooled JS: 0.000000
Seed 42, Step 2500: Loss = 130.70 (Recon: 82.03, Allele KL: 19.79, Base KL: 4228.27, Functional KL: 0.00

Top Variants with Coverage Mismatches:
Rank   Variant                        Expected     Observed     Diff       |Div|       
------------------------------------------------------------------------------------------
New best model with final loss: 125.97

=== Running VAE with seed 123 ===
Global Pooled JS: 0.000000
Seed 123, Step    0: Loss = 248.29 (Recon: 200.62, Allele KL: 18.68, Base KL: 1702.27, Functional KL: 0.00
Global Pooled JS: 0.000000
Seed 123, Step  500: Loss = 124.02 (Recon: 76.08, Allele KL: 19.05, Base KL: 4294.42, Functional KL: 0.00
Global Pooled JS: 0.000000
Seed 123, Step 1000: Loss = 122.28 (Recon: 79.31, Allele KL: 13.78, Base KL: 4327.82, Functional KL: 0.00
Global Pooled JS: 0.000000
Seed 123, Step 1500: Loss = 130.39 (Recon: 82.62, Allele KL: 18.40, Base KL: 4212.59, Functional KL: 0.00
Global Pooled JS: 0.000000
Seed 123, Step 2000: Loss = 127.42 (Recon: 78.89, Allele KL: 19.90, Base KL: 4096.33, Functional KL: 0.00
Global Pooled JS: 0.000000
Seed 123, Step 2500: Loss = 124.75 (Recon: 76.94, Allele KL: 19.24, Base KL: 3924.35, Functional KL: 0.00

Top Variants with Coverage Mismatches:
Rank   Variant                        Expected     Observed     Diff       |Div|       
------------------------------------------------------------------------------------------

=== Running VAE with seed 456 ===
Global Pooled JS: 0.000000
Seed 456, Step    0: Loss = 179.51 (Recon: 130.00, Allele KL: 20.36, Base KL: 1849.63, Functional KL: 0.00
Global Pooled JS: 0.000000
Seed 456, Step  500: Loss = 122.23 (Recon: 78.53, Allele KL: 14.67, Base KL: 4201.81, Functional KL: 0.00
Global Pooled JS: 0.000000
Seed 456, Step 1000: Loss = 127.20 (Recon: 80.04, Allele KL: 18.03, Base KL: 4250.00, Functional KL: 0.00
Global Pooled JS: 0.000000
Seed 456, Step 1500: Loss = 132.41 (Recon: 82.78, Allele KL: 20.50, Base KL: 4146.64, Functional KL: 0.00
Global Pooled JS: 0.000000
Seed 456, Step 2000: Loss = 126.13 (Recon: 78.45, Allele KL: 18.54, Base KL: 4382.61, Functional KL: 0.00
Global Pooled JS: 0.000000
Seed 456, Step 2500: Loss = 128.55 (Recon: 80.26, Allele KL: 19.10, Base KL: 4266.22, Functional KL: 0.00

Top Variants with Coverage Mismatches:
Rank   Variant                        Expected     Observed     Diff       |Div|       
------------------------------------------------------------------------------------------

=== Multi-Seed VAE Results ===
Best model had seed 42 with final loss: 125.97
All seeds final losses:
  Seed 42: Total=125.97 (Recon=77.61, A_KL=19.37, B_KL=4309.09) <- Best
  Seed 123: Total=128.30 (Recon=79.39, A_KL=19.83, B_KL=4260.52)
  Seed 456: Total=129.06 (Recon=81.07, A_KL=19.19, B_KL=4246.00)

[Raw]:
CYP2C8*1: Normalized=1.0000, Unnormalized=1.00

[Alleles]
CYP2C8*1
CYP2C8*1
	Command being timed: "python /home/qinghuiz/aidy/push/Neretva/neretva/cyp.py CYP2C8 /project/shared/aldy-data/wgs/NA18524.wgs.cram"
	User time (seconds): 149.66
	System time (seconds): 30.31
	Percent of CPU this job got: 99%
	Elapsed (wall clock) time (h:mm:ss or m:ss): 3:01.46
	Average shared text size (kbytes): 0
	Average unshared data size (kbytes): 0
	Average stack size (kbytes): 0
	Average total size (kbytes): 0
	Maximum resident set size (kbytes): 2673804
	Average resident set size (kbytes): 0
	Major (requiring I/O) page faults: 0
	Minor (reclaiming a frame) page faults: 880444
	Voluntary context switches: 25002
	Involuntary context switches: 3327
	Swaps: 0
	File system inputs: 0
	File system outputs: 40
	Socket messages sent: 0
	Socket messages received: 0
	Signals delivered: 0
	Page size (bytes): 4096
	Exit status: 0
