2026-03-11 04:02:57.840532: I tensorflow/core/util/port.cc:111] oneDNN custom operations are on. You may see slightly different numerical results due to floating-point round-off errors from different computation orders. To turn them off, set the environment variable `TF_ENABLE_ONEDNN_OPTS=0`.
2026-03-11 04:02:57.879486: E tensorflow/compiler/xla/stream_executor/cuda/cuda_dnn.cc:9342] Unable to register cuDNN factory: Attempting to register factory for plugin cuDNN when one has already been registered
2026-03-11 04:02:57.879578: E tensorflow/compiler/xla/stream_executor/cuda/cuda_fft.cc:609] Unable to register cuFFT factory: Attempting to register factory for plugin cuFFT when one has already been registered
2026-03-11 04:02:57.879635: E tensorflow/compiler/xla/stream_executor/cuda/cuda_blas.cc:1518] Unable to register cuBLAS factory: Attempting to register factory for plugin cuBLAS when one has already been registered
2026-03-11 04:02:57.888694: I tensorflow/core/platform/cpu_feature_guard.cc:182] This TensorFlow binary is optimized to use available CPU instructions in performance-critical operations.
To enable the following instructions: AVX2 AVX512F AVX512_VNNI FMA, in other operations, rebuild TensorFlow with the appropriate compiler flags.
AttributeError: 'MessageFactory' object has no attribute 'GetPrototype'
2026-03-11 04:02:59.179099: W tensorflow/compiler/tf2tensorrt/utils/py_utils.cc:38] TF-TRT Warning: Could not find TensorRT
AttributeError: 'MessageFactory' object has no attribute 'GetPrototype'
[info] total indices 224
[info] total variants 224
2.001 was filtered out as 96818105 T>A needs A but not covered
2.002 was filtered out as 96818105 T>A needs A but not covered
3.001 was filtered out as 96827029 C>T needs T but not covered
3.002 was filtered out as 96827029 C>T needs T but not covered
4.001 was filtered out as 96818118 G>C needs C but not covered
4.002 was filtered out as 96818118 G>C needs C but not covered
5.001 was filtered out as 96826970 delT needs N but not covered
6.001 was filtered out as 96824687 C>T needs T but not covered
7.001 was filtered out as 96824642 G>A needs A but not covered
8.001 was filtered out as 96824642 G>C needs C but not covered
9.001 was filtered out as 96818170 T>C needs C but not covered
10.001 was filtered out as 96802646 C>A needs A but not covered
11.001 was filtered out as 96805707 C>A needs A but not covered
12.001 was filtered out as 96796973 delCAA needs N but not covered
13.001 was filtered out as 96818241 A>C needs C but not covered
14.001 was filtered out as 96818198 C>G needs G but not covered
15.001 was filtered out as 96824657 C>T needs T but not covered
16.001 was filtered out as 96802803 A>G needs G but not covered
17.001 was filtered out as 96818180 T>C needs C but not covered
18.001 was filtered out as 96802714 G>A needs A but not covered
[filter] CYP2C8 1.001 => 1.001; 1.002; 1.003; 1.004; 1.005; 1.006; 1.007; 1.008; 1.009; 1.010; 1.011; 1.012; 1.013; 1.014; 1.015; 1.016; 1.017; 1.018
[filter] valid_alleles=18
CYP2C8:96796795 → A:0, C:0, G*:41, M:0, N:0, P:0, T:0
CYP2C8:96796830 → A:0, C:0, G:0, M:0, N:0, P:0, T*:35
CYP2C8:96796860 → A:22, C:0, G*:17, M:0, N:0, P:0, T:0
CYP2C8:96798714 → A:0, C:0, G*:38, M:0, N:0, P:0, T:0
CYP2C8:96802736 → A:0, C:0, G*:59, M:0, N:0, P:0, T:0
CYP2C8:96805591 → A:0, C:0, G*:52, M:0, N:0, P:0, T:0
CYP2C8:96826965 → A:0, C*:57, G:0, M:0, N:0, P:0, T:0
CYP2C8:96829244 → A:0, C:0, G:0, M:0, N:0, P:0, T*:36
CYP2C8:96829280 → A:0, C:0, G:0, M:0, N:0, P:0, T*:37
CYP2C8:96829291 → A:0, C:0, G:0, M:0, N:0, P:0, T*:39
CYP2C8:96829405 → A*:52, C:0, G:0, M:0, N:0, P:0, T:0
CYP2C8:96829429 → A:0, C:0, G*:56, M:0, N:0, P:0, T:0
CYP2C8:96829528 → A*:25, C:25, G:0, M:0, N:0, P:0, T:0
CYP2C8:96829569 → A:35, C:0, G*:27, M:0, N:0, P:0, T:0
Step 0: Loss=0.1701, CN=[2.0999167]
Step 100: Loss=0.0509, CN=[2.5337641]
Step 200: Loss=0.0509, CN=[2.5343769]
Step 300: Loss=0.0509, CN=[2.5343738]
Step 400: Loss=0.0509, CN=[2.5343735]

=== Fit ===
Region 0: obs=2.609, exp=2.534, diff=+0.075 
Region 1: obs=2.397, exp=2.534, diff=-0.137 
Region 2: obs=2.425, exp=2.534, diff=-0.109 
Region 3: obs=2.550, exp=2.534, diff=+0.015 
Region 4: obs=2.860, exp=2.534, diff=+0.326 
Region 5: obs=3.417, exp=2.534, diff=+0.882 *
Region 6: obs=2.715, exp=2.534, diff=+0.180 
Region 7: obs=2.607, exp=2.534, diff=+0.073 
Region 8: obs=2.546, exp=2.534, diff=+0.012 
Region 9: obs=2.570, exp=2.534, diff=+0.036 
Region 10: obs=2.698, exp=2.534, diff=+0.163 
Region 11: obs=2.484, exp=2.534, diff=-0.050 
Region 12: obs=2.515, exp=2.534, diff=-0.019 
Region 13: obs=2.541, exp=2.534, diff=+0.007 
Region 14: obs=3.334, exp=2.534, diff=+0.800 *
Region 15: obs=2.551, exp=2.534, diff=+0.017 
Region 16: obs=1.847, exp=2.534, diff=-0.688 *
Region 17: obs=2.293, exp=2.534, diff=-0.241 
Region 18: obs=2.177, exp=2.534, diff=-0.358 
Region 19: obs=2.274, exp=2.534, diff=-0.261 
Region 20: obs=2.307, exp=2.534, diff=-0.227 

[Gene CN Results]
  CYP2C8: 2.53 → 2.5343737602233887
Using device: cuda
num_sparse_entries: 252
max sparse_flat_index: 1763
expected max: 1763

=== Running VAE with seed 42 ===
Global Pooled JS: 0.000000
Seed 42, Step    0: Loss = 265.65 (Recon: 217.21, Allele KL: 20.08, Base KL: 1452.73, Functional KL: 0.00
Global Pooled JS: 0.000000
Seed 42, Step  500: Loss = 136.38 (Recon: 87.18, Allele KL: 21.19, Base KL: 3296.42, Functional KL: 0.00
Global Pooled JS: 0.000000
Seed 42, Step 1000: Loss = 130.58 (Recon: 81.04, Allele KL: 21.53, Base KL: 3360.11, Functional KL: 0.00
Global Pooled JS: 0.000000
Seed 42, Step 1500: Loss = 130.22 (Recon: 85.12, Allele KL: 16.61, Base KL: 3480.78, Functional KL: 0.00
Global Pooled JS: 0.000000
Seed 42, Step 2000: Loss = 132.87 (Recon: 85.50, Allele KL: 18.84, Base KL: 3453.01, Functional KL: 0.00
Global Pooled JS: 0.000000
Seed 42, Step 2500: Loss = 130.02 (Recon: 83.20, Allele KL: 18.48, Base KL: 3431.96, Functional KL: 0.00

Top Variants with Coverage Mismatches:
Rank   Variant                        Expected     Observed     Diff       |Div|       
------------------------------------------------------------------------------------------
New best model with final loss: 134.65

=== Running VAE with seed 123 ===
Global Pooled JS: 0.000000
Seed 123, Step    0: Loss = 175.46 (Recon: 131.78, Allele KL: 14.84, Base KL: 1713.61, Functional KL: 0.00
Global Pooled JS: 0.000000
Seed 123, Step  500: Loss = 138.53 (Recon: 89.53, Allele KL: 20.87, Base KL: 3290.87, Functional KL: 0.00
Global Pooled JS: 0.000000
Seed 123, Step 1000: Loss = 129.58 (Recon: 82.91, Allele KL: 18.32, Base KL: 3351.50, Functional KL: 0.00
Global Pooled JS: 0.000000
Seed 123, Step 1500: Loss = 135.55 (Recon: 89.14, Allele KL: 18.02, Base KL: 3288.55, Functional KL: 0.00
Global Pooled JS: 0.000000
Seed 123, Step 2000: Loss = 130.18 (Recon: 83.07, Allele KL: 18.74, Base KL: 3396.87, Functional KL: 0.00
Global Pooled JS: 0.000000
Seed 123, Step 2500: Loss = 131.49 (Recon: 82.56, Allele KL: 20.63, Base KL: 3424.94, Functional KL: 0.00

Top Variants with Coverage Mismatches:
Rank   Variant                        Expected     Observed     Diff       |Div|       
------------------------------------------------------------------------------------------
New best model with final loss: 132.26

=== Running VAE with seed 456 ===
Global Pooled JS: 0.000000
Seed 456, Step    0: Loss = 234.92 (Recon: 188.37, Allele KL: 17.00, Base KL: 1861.48, Functional KL: 0.00
Global Pooled JS: 0.000000
Seed 456, Step  500: Loss = 137.34 (Recon: 89.90, Allele KL: 19.13, Base KL: 3342.52, Functional KL: 0.00
Global Pooled JS: 0.000000
Seed 456, Step 1000: Loss = 135.58 (Recon: 93.65, Allele KL: 13.11, Base KL: 3274.71, Functional KL: 0.00
Global Pooled JS: 0.000000
Seed 456, Step 1500: Loss = 135.28 (Recon: 86.16, Allele KL: 20.81, Base KL: 3422.17, Functional KL: 0.00
Global Pooled JS: 0.000000
Seed 456, Step 2000: Loss = 131.37 (Recon: 85.10, Allele KL: 17.80, Base KL: 3423.00, Functional KL: 0.00
Global Pooled JS: 0.000000
Seed 456, Step 2500: Loss = 132.04 (Recon: 88.00, Allele KL: 15.40, Base KL: 3318.70, Functional KL: 0.00

Top Variants with Coverage Mismatches:
Rank   Variant                        Expected     Observed     Diff       |Div|       
------------------------------------------------------------------------------------------
New best model with final loss: 129.48

=== Multi-Seed VAE Results ===
Best model had seed 456 with final loss: 129.48
All seeds final losses:
  Seed 42: Total=134.65 (Recon=87.91, A_KL=17.84, B_KL=3434.45)
  Seed 123: Total=132.26 (Recon=84.58, A_KL=19.13, B_KL=3437.06)
  Seed 456: Total=129.48 (Recon=82.30, A_KL=19.07, B_KL=3283.44) <- Best

[Raw]:
CYP2C8*1: Normalized=1.0000, Unnormalized=1.00

[Alleles]
CYP2C8*1
CYP2C8*1
	Command being timed: "python /home/qinghuiz/aidy/push/Neretva/neretva/cyp.py CYP2C8 /project/shared/aldy-data/wgs/NA18544.wgs.cram"
	User time (seconds): 146.60
	System time (seconds): 30.53
	Percent of CPU this job got: 99%
	Elapsed (wall clock) time (h:mm:ss or m:ss): 2:57.82
	Average shared text size (kbytes): 0
	Average unshared data size (kbytes): 0
	Average stack size (kbytes): 0
	Average total size (kbytes): 0
	Maximum resident set size (kbytes): 2663428
	Average resident set size (kbytes): 0
	Major (requiring I/O) page faults: 0
	Minor (reclaiming a frame) page faults: 723095
	Voluntary context switches: 23064
	Involuntary context switches: 485
	Swaps: 0
	File system inputs: 0
	File system outputs: 40
	Socket messages sent: 0
	Socket messages received: 0
	Signals delivered: 0
	Page size (bytes): 4096
	Exit status: 0
