2026-05-15 22:04:25.438411: I tensorflow/core/util/port.cc:111] oneDNN custom operations are on. You may see slightly different numerical results due to floating-point round-off errors from different computation orders. To turn them off, set the environment variable `TF_ENABLE_ONEDNN_OPTS=0`.
2026-05-15 22:04:25.492854: E tensorflow/compiler/xla/stream_executor/cuda/cuda_dnn.cc:9342] Unable to register cuDNN factory: Attempting to register factory for plugin cuDNN when one has already been registered
2026-05-15 22:04:25.493019: E tensorflow/compiler/xla/stream_executor/cuda/cuda_fft.cc:609] Unable to register cuFFT factory: Attempting to register factory for plugin cuFFT when one has already been registered
2026-05-15 22:04:25.493192: E tensorflow/compiler/xla/stream_executor/cuda/cuda_blas.cc:1518] Unable to register cuBLAS factory: Attempting to register factory for plugin cuBLAS when one has already been registered
2026-05-15 22:04:25.504151: I tensorflow/core/platform/cpu_feature_guard.cc:182] This TensorFlow binary is optimized to use available CPU instructions in performance-critical operations.
To enable the following instructions: AVX2 AVX512F AVX512_VNNI FMA, in other operations, rebuild TensorFlow with the appropriate compiler flags.
AttributeError: 'MessageFactory' object has no attribute 'GetPrototype'
2026-05-15 22:04:26.552355: W tensorflow/compiler/tf2tensorrt/utils/py_utils.cc:38] TF-TRT Warning: Could not find TensorRT
AttributeError: 'MessageFactory' object has no attribute 'GetPrototype'
[info] total indices 224
[info] total variants 224
2.001 was filtered out as 96818105 T>A needs A but not covered
2.002 was filtered out as 96818105 T>A needs A but not covered
3.001 was filtered out as 96827029 C>T needs T but not covered
3.002 was filtered out as 96827029 C>T needs T but not covered
4.001 was filtered out as 96818118 G>C needs C but not covered
4.002 was filtered out as 96818118 G>C needs C but not covered
5.001 was filtered out as 96826970 delT needs N but not covered
6.001 was filtered out as 96824687 C>T needs T but not covered
7.001 was filtered out as 96824642 G>A needs A but not covered
8.001 was filtered out as 96824642 G>C needs C but not covered
9.001 was filtered out as 96818170 T>C needs C but not covered
10.001 was filtered out as 96802646 C>A needs A but not covered
11.001 was filtered out as 96805707 C>A needs A but not covered
12.001 was filtered out as 96796973 delCAA needs N but not covered
13.001 was filtered out as 96818241 A>C needs C but not covered
14.001 was filtered out as 96818198 C>G needs G but not covered
15.001 was filtered out as 96824657 C>T needs T but not covered
16.001 was filtered out as 96802803 A>G needs G but not covered
17.001 was filtered out as 96818180 T>C needs C but not covered
18.001 was filtered out as 96802714 G>A needs A but not covered
[filter] CYP2C8 1.001 => 1.001; 1.002; 1.003; 1.004; 1.005; 1.006; 1.007; 1.008; 1.009; 1.010; 1.011; 1.012; 1.013; 1.014; 1.015; 1.016; 1.017; 1.018
[filter] valid_alleles=18
Step 0: Loss=0.0924, CN=[2.0999167]
Step 100: Loss=0.0407, CN=[2.346838]
Step 200: Loss=0.0407, CN=[2.3458188]
Step 300: Loss=0.0407, CN=[2.3458257]
Step 400: Loss=0.0407, CN=[2.3458254]

=== Fit ===
Region 0: obs=2.403, exp=2.346, diff=+0.057 
Region 1: obs=2.421, exp=2.346, diff=+0.076 
Region 2: obs=1.913, exp=2.346, diff=-0.432 
Region 3: obs=2.127, exp=2.346, diff=-0.219 
Region 4: obs=2.112, exp=2.346, diff=-0.234 
Region 5: obs=2.123, exp=2.346, diff=-0.223 
Region 6: obs=2.050, exp=2.346, diff=-0.296 
Region 7: obs=2.309, exp=2.346, diff=-0.037 
Region 8: obs=3.046, exp=2.346, diff=+0.700 *
Region 9: obs=2.381, exp=2.346, diff=+0.036 
Region 10: obs=1.900, exp=2.346, diff=-0.445 
Region 11: obs=2.341, exp=2.346, diff=-0.005 
Region 12: obs=2.447, exp=2.346, diff=+0.101 
Region 13: obs=2.470, exp=2.346, diff=+0.124 
Region 14: obs=2.347, exp=2.346, diff=+0.001 
Region 15: obs=2.520, exp=2.346, diff=+0.174 
Region 16: obs=2.885, exp=2.346, diff=+0.539 *
Region 17: obs=2.462, exp=2.346, diff=+0.116 
Region 18: obs=2.143, exp=2.346, diff=-0.203 
Region 19: obs=2.814, exp=2.346, diff=+0.468 
Region 20: obs=2.287, exp=2.346, diff=-0.059 

[Gene CN Results]
  CYP2C8: 2.35 → 2.345825672149658
Using device: cuda

=== Running VAE with seed 42 ===
Global Pooled JS: 0.000000
Seed 42, Step    0: Loss = 176.41 (Recon: 128.60, Allele KL: 19.40, Base KL: 1682.75, Functional KL: 0.00
Global Pooled JS: 0.000000
Seed 42, Step  500: Loss = 153.39 (Recon: 108.87, Allele KL: 12.98, Base KL: 6421.91, Functional KL: 0.00
Global Pooled JS: 0.000000
Seed 42, Step 1000: Loss = 120.94 (Recon: 62.81, Allele KL: 28.64, Base KL: 6380.06, Functional KL: 0.00
Global Pooled JS: 0.000000
Seed 42, Step 1500: Loss = 113.44 (Recon: 62.88, Allele KL: 21.07, Base KL: 6386.53, Functional KL: 0.00
Global Pooled JS: 0.000000
Seed 42, Step 2000: Loss = 115.19 (Recon: 62.09, Allele KL: 23.78, Base KL: 6263.65, Functional KL: 0.00
Global Pooled JS: 0.000000
Seed 42, Step 2500: Loss = 117.93 (Recon: 65.28, Allele KL: 22.84, Base KL: 6504.27, Functional KL: 0.00

Top Variants with Coverage Mismatches:
Rank   Variant                        Expected     Observed     Diff       |Div|       
------------------------------------------------------------------------------------------
New best model with final loss: 121.98

=== Running VAE with seed 123 ===
Global Pooled JS: 0.000000
Seed 123, Step    0: Loss = 323.10 (Recon: 270.05, Allele KL: 23.33, Base KL: 1991.32, Functional KL: 0.00
Global Pooled JS: 0.000000
Seed 123, Step  500: Loss = 116.73 (Recon: 65.69, Allele KL: 21.29, Base KL: 6415.36, Functional KL: 0.00
Global Pooled JS: 0.000000
Seed 123, Step 1000: Loss = 110.96 (Recon: 63.91, Allele KL: 17.26, Base KL: 6534.84, Functional KL: 0.00
Global Pooled JS: 0.000000
Seed 123, Step 1500: Loss = 126.60 (Recon: 79.31, Allele KL: 16.86, Base KL: 6402.66, Functional KL: 0.00
Global Pooled JS: 0.000000
Seed 123, Step 2000: Loss = 119.64 (Recon: 63.15, Allele KL: 26.89, Base KL: 6438.99, Functional KL: 0.00
Global Pooled JS: 0.000000
Seed 123, Step 2500: Loss = 117.79 (Recon: 64.56, Allele KL: 23.59, Base KL: 6371.41, Functional KL: 0.00

Top Variants with Coverage Mismatches:
Rank   Variant                        Expected     Observed     Diff       |Div|       
------------------------------------------------------------------------------------------
New best model with final loss: 116.49

=== Running VAE with seed 456 ===
Global Pooled JS: 0.000000
Seed 456, Step    0: Loss = 250.12 (Recon: 197.18, Allele KL: 23.55, Base KL: 2114.89, Functional KL: 0.00
Global Pooled JS: 0.000000
Seed 456, Step  500: Loss = 115.64 (Recon: 64.25, Allele KL: 21.76, Base KL: 6386.09, Functional KL: 0.00
Global Pooled JS: 0.000000
Seed 456, Step 1000: Loss = 119.31 (Recon: 70.23, Allele KL: 19.01, Base KL: 6463.99, Functional KL: 0.00
Global Pooled JS: 0.000000
Seed 456, Step 1500: Loss = 124.57 (Recon: 72.08, Allele KL: 22.38, Base KL: 6406.03, Functional KL: 0.00
Global Pooled JS: 0.000000
Seed 456, Step 2000: Loss = 121.76 (Recon: 76.89, Allele KL: 14.51, Base KL: 6438.10, Functional KL: 0.00
Global Pooled JS: 0.000000
Seed 456, Step 2500: Loss = 121.03 (Recon: 66.56, Allele KL: 24.63, Base KL: 6488.19, Functional KL: 0.00

Top Variants with Coverage Mismatches:
Rank   Variant                        Expected     Observed     Diff       |Div|       
------------------------------------------------------------------------------------------

=== Multi-Seed VAE Results ===
Best model had seed 123 with final loss: 116.49
All seeds final losses:
  Seed 42: Total=121.98 (Recon=75.79, A_KL=15.73, B_KL=6474.24)
  Seed 123: Total=116.49 (Recon=71.01, A_KL=15.23, B_KL=6525.92) <- Best
  Seed 456: Total=129.24 (Recon=77.62, A_KL=21.11, B_KL=6447.83)
[time] run_vae took 112.90s (2,617.74609375 MB; 2,617.74609375 MB)

[Raw]:
CYP2C8*1: Normalized=1.0000, Unnormalized=1.00

[Alleles]
CYP2C8*1
CYP2C8*1
	Command being timed: "python cyp.py CYP2C8 /project/shared/aldy-data/wgs/NA18992.wgs.cram"
	User time (seconds): 107.23
	System time (seconds): 15.10
	Percent of CPU this job got: 99%
	Elapsed (wall clock) time (h:mm:ss or m:ss): 2:03.15
	Average shared text size (kbytes): 0
	Average unshared data size (kbytes): 0
	Average stack size (kbytes): 0
	Average total size (kbytes): 0
	Maximum resident set size (kbytes): 2680584
	Average resident set size (kbytes): 0
	Major (requiring I/O) page faults: 0
	Minor (reclaiming a frame) page faults: 766441
	Voluntary context switches: 24277
	Involuntary context switches: 138
	Swaps: 0
	File system inputs: 0
	File system outputs: 32
	Socket messages sent: 0
	Socket messages received: 0
	Signals delivered: 0
	Page size (bytes): 4096
	Exit status: 0
