2026-03-11 04:02:59.674200: I tensorflow/core/util/port.cc:111] oneDNN custom operations are on. You may see slightly different numerical results due to floating-point round-off errors from different computation orders. To turn them off, set the environment variable `TF_ENABLE_ONEDNN_OPTS=0`.
2026-03-11 04:02:59.714181: E tensorflow/compiler/xla/stream_executor/cuda/cuda_dnn.cc:9342] Unable to register cuDNN factory: Attempting to register factory for plugin cuDNN when one has already been registered
2026-03-11 04:02:59.714379: E tensorflow/compiler/xla/stream_executor/cuda/cuda_fft.cc:609] Unable to register cuFFT factory: Attempting to register factory for plugin cuFFT when one has already been registered
2026-03-11 04:02:59.714444: E tensorflow/compiler/xla/stream_executor/cuda/cuda_blas.cc:1518] Unable to register cuBLAS factory: Attempting to register factory for plugin cuBLAS when one has already been registered
2026-03-11 04:02:59.723407: I tensorflow/core/platform/cpu_feature_guard.cc:182] This TensorFlow binary is optimized to use available CPU instructions in performance-critical operations.
To enable the following instructions: AVX2 AVX512F AVX512_VNNI FMA, in other operations, rebuild TensorFlow with the appropriate compiler flags.
AttributeError: 'MessageFactory' object has no attribute 'GetPrototype'
2026-03-11 04:03:01.021812: W tensorflow/compiler/tf2tensorrt/utils/py_utils.cc:38] TF-TRT Warning: Could not find TensorRT
AttributeError: 'MessageFactory' object has no attribute 'GetPrototype'
[info] total indices 224
[info] total variants 224
2.001 was filtered out as 96818105 T>A needs A but not covered
2.002 was filtered out as 96818105 T>A needs A but not covered
3.001 was filtered out as 96827029 C>T needs T but not covered
3.002 was filtered out as 96827029 C>T needs T but not covered
4.001 was filtered out as 96818118 G>C needs C but not covered
4.002 was filtered out as 96818118 G>C needs C but not covered
5.001 was filtered out as 96826970 delT needs N but not covered
6.001 was filtered out as 96824687 C>T needs T but not covered
7.001 was filtered out as 96824642 G>A needs A but not covered
8.001 was filtered out as 96824642 G>C needs C but not covered
9.001 was filtered out as 96818170 T>C needs C but not covered
10.001 was filtered out as 96802646 C>A needs A but not covered
11.001 was filtered out as 96805707 C>A needs A but not covered
12.001 was filtered out as 96796973 delCAA needs N but not covered
13.001 was filtered out as 96818241 A>C needs C but not covered
14.001 was filtered out as 96818198 C>G needs G but not covered
15.001 was filtered out as 96824657 C>T needs T but not covered
16.001 was filtered out as 96802803 A>G needs G but not covered
17.001 was filtered out as 96818180 T>C needs C but not covered
18.001 was filtered out as 96802714 G>A needs A but not covered
[filter] CYP2C8 1.001 => 1.001; 1.002; 1.003; 1.004; 1.005; 1.006; 1.007; 1.008; 1.009; 1.010; 1.011; 1.012; 1.013; 1.014; 1.015; 1.016; 1.017; 1.018
[filter] valid_alleles=18
CYP2C8:96796795 → A:0, C:0, G*:34, M:0, N:0, P:0, T:0
CYP2C8:96796830 → A:0, C:0, G:0, M:0, N:0, P:0, T*:36
CYP2C8:96796860 → A:0, C:0, G*:39, M:0, N:0, P:0, T:0
CYP2C8:96798714 → A:0, C:0, G*:56, M:0, N:0, P:0, T:0
CYP2C8:96802736 → A:0, C:0, G*:51, M:0, N:0, P:0, T:0
CYP2C8:96805591 → A:0, C:0, G*:50, M:0, N:0, P:0, T:0
CYP2C8:96826965 → A:0, C*:44, G:0, M:0, N:0, P:0, T:0
CYP2C8:96829244 → A:0, C:0, G:0, M:0, N:0, P:0, T*:52
CYP2C8:96829280 → A:0, C:0, G:0, M:0, N:0, P:0, T*:54
CYP2C8:96829291 → A:0, C:0, G:0, M:0, N:0, P:0, T*:51
CYP2C8:96829405 → A*:45, C:0, G:0, M:0, N:0, P:0, T:0
CYP2C8:96829429 → A:0, C:0, G*:21, M:0, N:0, P:0, T:22
CYP2C8:96829528 → A*:54, C:0, G:0, M:0, N:0, P:0, T:0
CYP2C8:96829569 → A:24, C:0, G*:20, M:0, N:0, P:0, T:0
Step 0: Loss=0.0255, CN=[2.0999167]
Step 100: Loss=0.0178, CN=[2.1260123]
Step 200: Loss=0.0178, CN=[2.125457]
Step 300: Loss=0.0178, CN=[2.1254554]
Step 400: Loss=0.0178, CN=[2.1254554]

=== Fit ===
Region 0: obs=2.114, exp=2.125, diff=-0.012 
Region 1: obs=2.048, exp=2.125, diff=-0.077 
Region 2: obs=1.899, exp=2.125, diff=-0.226 
Region 3: obs=2.273, exp=2.125, diff=+0.147 
Region 4: obs=2.058, exp=2.125, diff=-0.068 
Region 5: obs=1.995, exp=2.125, diff=-0.130 
Region 6: obs=1.728, exp=2.125, diff=-0.397 
Region 7: obs=1.946, exp=2.125, diff=-0.180 
Region 8: obs=2.050, exp=2.125, diff=-0.075 
Region 9: obs=2.211, exp=2.125, diff=+0.086 
Region 10: obs=1.973, exp=2.125, diff=-0.153 
Region 11: obs=2.174, exp=2.125, diff=+0.049 
Region 12: obs=2.509, exp=2.125, diff=+0.384 
Region 13: obs=2.244, exp=2.125, diff=+0.118 
Region 14: obs=2.167, exp=2.125, diff=+0.042 
Region 15: obs=2.213, exp=2.125, diff=+0.088 
Region 16: obs=2.576, exp=2.125, diff=+0.451 
Region 17: obs=2.275, exp=2.125, diff=+0.150 
Region 18: obs=2.016, exp=2.125, diff=-0.109 
Region 19: obs=2.034, exp=2.125, diff=-0.092 
Region 20: obs=2.129, exp=2.125, diff=+0.004 

[Gene CN Results]
  CYP2C8: 2.13 → 2.125455856323242
Using device: cuda
num_sparse_entries: 252
max sparse_flat_index: 1763
expected max: 1763

=== Running VAE with seed 42 ===
Global Pooled JS: 0.000000
Seed 42, Step    0: Loss = 178.69 (Recon: 134.36, Allele KL: 15.56, Base KL: 1419.76, Functional KL: 0.00
Global Pooled JS: 0.000000
Seed 42, Step  500: Loss = 142.62 (Recon: 93.24, Allele KL: 21.54, Base KL: 3667.56, Functional KL: 0.00
Global Pooled JS: 0.000000
Seed 42, Step 1000: Loss = 123.49 (Recon: 78.76, Allele KL: 16.26, Base KL: 3548.05, Functional KL: 0.00
Global Pooled JS: 0.000000
Seed 42, Step 1500: Loss = 143.36 (Recon: 97.77, Allele KL: 16.57, Base KL: 3709.84, Functional KL: 0.00
Global Pooled JS: 0.000000
Seed 42, Step 2000: Loss = 126.55 (Recon: 78.59, Allele KL: 19.35, Base KL: 3305.15, Functional KL: 0.00
Global Pooled JS: 0.000000
Seed 42, Step 2500: Loss = 128.04 (Recon: 80.87, Allele KL: 18.66, Base KL: 3629.53, Functional KL: 0.00

Top Variants with Coverage Mismatches:
Rank   Variant                        Expected     Observed     Diff       |Div|       
------------------------------------------------------------------------------------------
New best model with final loss: 126.70

=== Running VAE with seed 123 ===
Global Pooled JS: 0.000000
Seed 123, Step    0: Loss = 278.26 (Recon: 232.77, Allele KL: 16.55, Base KL: 1610.19, Functional KL: 0.00
Global Pooled JS: 0.000000
Seed 123, Step  500: Loss = 125.63 (Recon: 76.18, Allele KL: 20.87, Base KL: 3639.90, Functional KL: 0.00
Global Pooled JS: 0.000000
Seed 123, Step 1000: Loss = 129.85 (Recon: 81.91, Allele KL: 19.24, Base KL: 3776.55, Functional KL: 0.00
Global Pooled JS: 0.000000
Seed 123, Step 1500: Loss = 127.17 (Recon: 80.51, Allele KL: 17.93, Base KL: 3716.58, Functional KL: 0.00
Global Pooled JS: 0.000000
Seed 123, Step 2000: Loss = 134.35 (Recon: 87.80, Allele KL: 17.76, Base KL: 3823.39, Functional KL: 0.00
Global Pooled JS: 0.000000
Seed 123, Step 2500: Loss = 127.30 (Recon: 78.33, Allele KL: 20.42, Base KL: 3549.14, Functional KL: 0.00

Top Variants with Coverage Mismatches:
Rank   Variant                        Expected     Observed     Diff       |Div|       
------------------------------------------------------------------------------------------
New best model with final loss: 124.21

=== Running VAE with seed 456 ===
Global Pooled JS: 0.000000
Seed 456, Step    0: Loss = 174.99 (Recon: 124.37, Allele KL: 21.48, Base KL: 1854.29, Functional KL: 0.00
Global Pooled JS: 0.000000
Seed 456, Step  500: Loss = 121.11 (Recon: 78.99, Allele KL: 13.16, Base KL: 3554.12, Functional KL: 0.00
Global Pooled JS: 0.000000
Seed 456, Step 1000: Loss = 124.83 (Recon: 80.94, Allele KL: 14.87, Base KL: 3714.95, Functional KL: 0.00
Global Pooled JS: 0.000000
Seed 456, Step 1500: Loss = 128.61 (Recon: 84.23, Allele KL: 15.55, Base KL: 3609.29, Functional KL: 0.00
Global Pooled JS: 0.000000
Seed 456, Step 2000: Loss = 123.60 (Recon: 76.78, Allele KL: 18.52, Base KL: 3580.29, Functional KL: 0.00
Global Pooled JS: 0.000000
Seed 456, Step 2500: Loss = 127.75 (Recon: 74.91, Allele KL: 24.60, Base KL: 3528.49, Functional KL: 0.00

Top Variants with Coverage Mismatches:
Rank   Variant                        Expected     Observed     Diff       |Div|       
------------------------------------------------------------------------------------------
New best model with final loss: 123.62

=== Multi-Seed VAE Results ===
Best model had seed 456 with final loss: 123.62
All seeds final losses:
  Seed 42: Total=126.70 (Recon=80.54, A_KL=17.80, B_KL=3602.12)
  Seed 123: Total=124.21 (Recon=79.87, A_KL=15.72, B_KL=3592.09)
  Seed 456: Total=123.62 (Recon=79.25, A_KL=16.16, B_KL=3474.63) <- Best

[Raw]:
CYP2C8*1: Normalized=1.0000, Unnormalized=1.00

[Alleles]
CYP2C8*1
CYP2C8*1
	Command being timed: "python /home/qinghuiz/aidy/push/Neretva/neretva/cyp.py CYP2C8 /project/shared/aldy-data/wgs/NA18552.wgs.cram"
	User time (seconds): 149.90
	System time (seconds): 28.94
	Percent of CPU this job got: 99%
	Elapsed (wall clock) time (h:mm:ss or m:ss): 2:59.99
	Average shared text size (kbytes): 0
	Average unshared data size (kbytes): 0
	Average stack size (kbytes): 0
	Average total size (kbytes): 0
	Maximum resident set size (kbytes): 2682068
	Average resident set size (kbytes): 0
	Major (requiring I/O) page faults: 0
	Minor (reclaiming a frame) page faults: 875201
	Voluntary context switches: 22743
	Involuntary context switches: 211
	Swaps: 0
	File system inputs: 0
	File system outputs: 40
	Socket messages sent: 0
	Socket messages received: 0
	Signals delivered: 0
	Page size (bytes): 4096
	Exit status: 0
