2026-03-11 04:05:56.594074: I tensorflow/core/util/port.cc:111] oneDNN custom operations are on. You may see slightly different numerical results due to floating-point round-off errors from different computation orders. To turn them off, set the environment variable `TF_ENABLE_ONEDNN_OPTS=0`.
2026-03-11 04:05:56.631941: E tensorflow/compiler/xla/stream_executor/cuda/cuda_dnn.cc:9342] Unable to register cuDNN factory: Attempting to register factory for plugin cuDNN when one has already been registered
2026-03-11 04:05:56.632160: E tensorflow/compiler/xla/stream_executor/cuda/cuda_fft.cc:609] Unable to register cuFFT factory: Attempting to register factory for plugin cuFFT when one has already been registered
2026-03-11 04:05:56.632385: E tensorflow/compiler/xla/stream_executor/cuda/cuda_blas.cc:1518] Unable to register cuBLAS factory: Attempting to register factory for plugin cuBLAS when one has already been registered
2026-03-11 04:05:56.641137: I tensorflow/core/platform/cpu_feature_guard.cc:182] This TensorFlow binary is optimized to use available CPU instructions in performance-critical operations.
To enable the following instructions: AVX2 AVX512F AVX512_VNNI FMA, in other operations, rebuild TensorFlow with the appropriate compiler flags.
AttributeError: 'MessageFactory' object has no attribute 'GetPrototype'
2026-03-11 04:05:58.003006: W tensorflow/compiler/tf2tensorrt/utils/py_utils.cc:38] TF-TRT Warning: Could not find TensorRT
AttributeError: 'MessageFactory' object has no attribute 'GetPrototype'
[info] total indices 224
[info] total variants 224
2.001 was filtered out as 96818105 T>A needs A but not covered
2.002 was filtered out as 96818105 T>A needs A but not covered
3.001 was filtered out as 96827029 C>T needs T but not covered
3.002 was filtered out as 96827029 C>T needs T but not covered
4.001 was filtered out as 96818118 G>C needs C but not covered
4.002 was filtered out as 96818118 G>C needs C but not covered
5.001 was filtered out as 96826970 delT needs N but not covered
6.001 was filtered out as 96824687 C>T needs T but not covered
7.001 was filtered out as 96824642 G>A needs A but not covered
8.001 was filtered out as 96824642 G>C needs C but not covered
9.001 was filtered out as 96818170 T>C needs C but not covered
10.001 was filtered out as 96802646 C>A needs A but not covered
11.001 was filtered out as 96805707 C>A needs A but not covered
12.001 was filtered out as 96796973 delCAA needs N but not covered
13.001 was filtered out as 96818241 A>C needs C but not covered
14.001 was filtered out as 96818198 C>G needs G but not covered
15.001 was filtered out as 96824657 C>T needs T but not covered
16.001 was filtered out as 96802803 A>G needs G but not covered
17.001 was filtered out as 96818180 T>C needs C but not covered
18.001 was filtered out as 96802714 G>A needs A but not covered
[filter] CYP2C8 1.001 => 1.001; 1.002; 1.003; 1.004; 1.005; 1.006; 1.007; 1.008; 1.009; 1.010; 1.011; 1.012; 1.013; 1.014; 1.015; 1.016; 1.017; 1.018
[filter] valid_alleles=18
CYP2C8:96796795 → A:27, C:0, G*:36, M:0, N:0, P:0, T:0
CYP2C8:96796830 → A:0, C:0, G:0, M:0, N:0, P:0, T*:55
CYP2C8:96796860 → A:29, C:0, G*:24, M:0, N:0, P:0, T:0
CYP2C8:96798714 → A:0, C:0, G*:62, M:0, N:0, P:0, T:0
CYP2C8:96802736 → A:0, C:0, G*:43, M:0, N:0, P:0, T:0
CYP2C8:96805591 → A:0, C:0, G*:55, M:0, N:0, P:0, T:0
CYP2C8:96826965 → A:0, C*:51, G:0, M:0, N:0, P:0, T:0
CYP2C8:96829244 → A:0, C:0, G:0, M:0, N:0, P:0, T*:59
CYP2C8:96829280 → A:0, C:0, G:0, M:0, N:0, P:0, T*:62
CYP2C8:96829291 → A:0, C:0, G:0, M:0, N:0, P:0, T*:66
CYP2C8:96829405 → A*:49, C:0, G:0, M:0, N:0, P:45, T:0
CYP2C8:96829429 → A:0, C:0, G*:52, M:0, N:0, P:0, T:0
CYP2C8:96829528 → A*:56, C:0, G:0, M:0, N:0, P:0, T:0
CYP2C8:96829569 → A:51, C:0, G*:0, M:0, N:0, P:0, T:0
Step 0: Loss=0.0174, CN=[1.9000832]
Step 100: Loss=0.0154, CN=[1.9373318]
Step 200: Loss=0.0154, CN=[1.9375081]
Step 300: Loss=0.0154, CN=[1.9375068]
Step 400: Loss=0.0154, CN=[1.9375058]

=== Fit ===
Region 0: obs=2.008, exp=1.938, diff=+0.070 
Region 1: obs=2.037, exp=1.938, diff=+0.099 
Region 2: obs=1.790, exp=1.938, diff=-0.148 
Region 3: obs=1.905, exp=1.938, diff=-0.032 
Region 4: obs=1.725, exp=1.938, diff=-0.213 
Region 5: obs=1.942, exp=1.938, diff=+0.005 
Region 6: obs=2.002, exp=1.938, diff=+0.064 
Region 7: obs=1.891, exp=1.938, diff=-0.047 
Region 8: obs=1.982, exp=1.938, diff=+0.045 
Region 9: obs=1.864, exp=1.938, diff=-0.074 
Region 10: obs=1.750, exp=1.938, diff=-0.188 
Region 11: obs=1.863, exp=1.938, diff=-0.074 
Region 12: obs=2.279, exp=1.938, diff=+0.342 
Region 13: obs=1.754, exp=1.938, diff=-0.183 
Region 14: obs=1.642, exp=1.938, diff=-0.295 
Region 15: obs=2.002, exp=1.938, diff=+0.064 
Region 16: obs=2.364, exp=1.938, diff=+0.426 
Region 17: obs=1.848, exp=1.938, diff=-0.089 
Region 18: obs=1.931, exp=1.938, diff=-0.006 
Region 19: obs=2.217, exp=1.938, diff=+0.279 
Region 20: obs=1.894, exp=1.938, diff=-0.043 

[Gene CN Results]
  CYP2C8: 1.94 → 1.9375054836273193
Using device: cuda
num_sparse_entries: 252
max sparse_flat_index: 1763
expected max: 1763

=== Running VAE with seed 42 ===
Global Pooled JS: 0.000000
Seed 42, Step    0: Loss = 370.65 (Recon: 309.22, Allele KL: 32.72, Base KL: 2178.01, Functional KL: 0.00
Global Pooled JS: 0.000000
Seed 42, Step  500: Loss = 142.70 (Recon: 94.68, Allele KL: 18.87, Base KL: 4227.71, Functional KL: 0.00
Global Pooled JS: 0.000000
Seed 42, Step 1000: Loss = 139.09 (Recon: 93.42, Allele KL: 16.16, Base KL: 4292.57, Functional KL: 0.00
Global Pooled JS: 0.000000
Seed 42, Step 1500: Loss = 139.10 (Recon: 89.80, Allele KL: 20.16, Base KL: 4366.91, Functional KL: 0.00
Global Pooled JS: 0.000000
Seed 42, Step 2000: Loss = 155.55 (Recon: 105.94, Allele KL: 19.98, Base KL: 4376.74, Functional KL: 0.00
Global Pooled JS: 0.000000
Seed 42, Step 2500: Loss = 138.09 (Recon: 86.95, Allele KL: 22.33, Base KL: 4284.88, Functional KL: 0.00

Top Variants with Coverage Mismatches:
Rank   Variant                        Expected     Observed     Diff       |Div|       
------------------------------------------------------------------------------------------
New best model with final loss: 144.70

=== Running VAE with seed 123 ===
Global Pooled JS: 0.000000
Seed 123, Step    0: Loss = 326.25 (Recon: 277.75, Allele KL: 19.83, Base KL: 2233.63, Functional KL: 0.00
Global Pooled JS: 0.000000
Seed 123, Step  500: Loss = 136.72 (Recon: 87.48, Allele KL: 20.32, Base KL: 4268.93, Functional KL: 0.00
Global Pooled JS: 0.000000
Seed 123, Step 1000: Loss = 146.32 (Recon: 98.08, Allele KL: 18.97, Base KL: 4189.58, Functional KL: 0.00
Global Pooled JS: 0.000000
Seed 123, Step 1500: Loss = 139.05 (Recon: 89.07, Allele KL: 20.93, Base KL: 4239.23, Functional KL: 0.00
Global Pooled JS: 0.000000
Seed 123, Step 2000: Loss = 138.06 (Recon: 87.49, Allele KL: 21.26, Base KL: 4435.70, Functional KL: 0.00
Global Pooled JS: 0.000000
Seed 123, Step 2500: Loss = 138.43 (Recon: 89.71, Allele KL: 19.26, Base KL: 4365.49, Functional KL: 0.00

Top Variants with Coverage Mismatches:
Rank   Variant                        Expected     Observed     Diff       |Div|       
------------------------------------------------------------------------------------------

=== Running VAE with seed 456 ===
Global Pooled JS: 0.000000
Seed 456, Step    0: Loss = 348.24 (Recon: 289.40, Allele KL: 29.16, Base KL: 2304.70, Functional KL: 0.00
Global Pooled JS: 0.000000
Seed 456, Step  500: Loss = 140.27 (Recon: 92.19, Allele KL: 18.94, Base KL: 4242.20, Functional KL: 0.00
Global Pooled JS: 0.000000
Seed 456, Step 1000: Loss = 137.47 (Recon: 88.47, Allele KL: 19.98, Base KL: 4208.39, Functional KL: 0.00
Global Pooled JS: 0.000000
Seed 456, Step 1500: Loss = 141.86 (Recon: 88.95, Allele KL: 23.85, Base KL: 4193.43, Functional KL: 0.00
Global Pooled JS: 0.000000
Seed 456, Step 2000: Loss = 141.35 (Recon: 87.09, Allele KL: 25.22, Base KL: 4348.12, Functional KL: 0.00
Global Pooled JS: 0.000000
Seed 456, Step 2500: Loss = 139.03 (Recon: 89.25, Allele KL: 20.82, Base KL: 4312.18, Functional KL: 0.00

Top Variants with Coverage Mismatches:
Rank   Variant                        Expected     Observed     Diff       |Div|       
------------------------------------------------------------------------------------------
New best model with final loss: 138.25

=== Multi-Seed VAE Results ===
Best model had seed 456 with final loss: 138.25
All seeds final losses:
  Seed 42: Total=144.70 (Recon=92.98, A_KL=22.61, B_KL=4192.10)
  Seed 123: Total=146.68 (Recon=97.20, A_KL=20.03, B_KL=4230.07)
  Seed 456: Total=138.25 (Recon=87.74, A_KL=21.41, B_KL=4381.09) <- Best

[Raw]:
CYP2C8*1: Normalized=1.0000, Unnormalized=1.00

[Alleles]
CYP2C8*1
CYP2C8*1
	Command being timed: "python /home/qinghuiz/aidy/push/Neretva/neretva/cyp.py CYP2C8 /project/shared/aldy-data/wgs/NA18855.wgs.cram"
	User time (seconds): 149.15
	System time (seconds): 28.79
	Percent of CPU this job got: 99%
	Elapsed (wall clock) time (h:mm:ss or m:ss): 2:59.12
	Average shared text size (kbytes): 0
	Average unshared data size (kbytes): 0
	Average stack size (kbytes): 0
	Average total size (kbytes): 0
	Maximum resident set size (kbytes): 2657236
	Average resident set size (kbytes): 0
	Major (requiring I/O) page faults: 0
	Minor (reclaiming a frame) page faults: 788462
	Voluntary context switches: 22825
	Involuntary context switches: 119
	Swaps: 0
	File system inputs: 0
	File system outputs: 40
	Socket messages sent: 0
	Socket messages received: 0
	Signals delivered: 0
	Page size (bytes): 4096
	Exit status: 0
