2026-05-15 21:45:18.538730: I tensorflow/core/util/port.cc:111] oneDNN custom operations are on. You may see slightly different numerical results due to floating-point round-off errors from different computation orders. To turn them off, set the environment variable `TF_ENABLE_ONEDNN_OPTS=0`.
2026-05-15 21:45:18.575642: E tensorflow/compiler/xla/stream_executor/cuda/cuda_dnn.cc:9342] Unable to register cuDNN factory: Attempting to register factory for plugin cuDNN when one has already been registered
2026-05-15 21:45:18.575805: E tensorflow/compiler/xla/stream_executor/cuda/cuda_fft.cc:609] Unable to register cuFFT factory: Attempting to register factory for plugin cuFFT when one has already been registered
2026-05-15 21:45:18.575936: E tensorflow/compiler/xla/stream_executor/cuda/cuda_blas.cc:1518] Unable to register cuBLAS factory: Attempting to register factory for plugin cuBLAS when one has already been registered
2026-05-15 21:45:18.584024: I tensorflow/core/platform/cpu_feature_guard.cc:182] This TensorFlow binary is optimized to use available CPU instructions in performance-critical operations.
To enable the following instructions: AVX2 AVX512F AVX512_VNNI FMA, in other operations, rebuild TensorFlow with the appropriate compiler flags.
AttributeError: 'MessageFactory' object has no attribute 'GetPrototype'
2026-05-15 21:45:19.639291: W tensorflow/compiler/tf2tensorrt/utils/py_utils.cc:38] TF-TRT Warning: Could not find TensorRT
AttributeError: 'MessageFactory' object has no attribute 'GetPrototype'
[info] total indices 224
[info] total variants 224
3.001 was filtered out as 96827029 C>T needs T but not covered
3.002 was filtered out as 96827029 C>T needs T but not covered
4.001 was filtered out as 96818118 G>C needs C but not covered
4.002 was filtered out as 96818118 G>C needs C but not covered
5.001 was filtered out as 96826970 delT needs N but not covered
6.001 was filtered out as 96824687 C>T needs T but not covered
7.001 was filtered out as 96824642 G>A needs A but not covered
8.001 was filtered out as 96824642 G>C needs C but not covered
9.001 was filtered out as 96818170 T>C needs C but not covered
10.001 was filtered out as 96802646 C>A needs A but not covered
11.001 was filtered out as 96805707 C>A needs A but not covered
12.001 was filtered out as 96796973 delCAA needs N but not covered
13.001 was filtered out as 96818241 A>C needs C but not covered
14.001 was filtered out as 96818198 C>G needs G but not covered
15.001 was filtered out as 96824657 C>T needs T but not covered
16.001 was filtered out as 96802803 A>G needs G but not covered
17.001 was filtered out as 96818180 T>C needs C but not covered
18.001 was filtered out as 96802714 G>A needs A but not covered
[filter] CYP2C8 1.001 => 1.001; 1.002; 1.003; 1.004; 1.005; 1.006; 1.007; 1.008; 1.009; 1.010; 1.011; 1.012; 1.013; 1.014; 1.015; 1.016; 1.017; 1.018
[filter] CYP2C8 2.001 => 2.001; 2.002
[filter] valid_alleles=20
Step 0: Loss=0.0616, CN=[2.0999167]
Step 100: Loss=0.0329, CN=[2.2525826]
Step 200: Loss=0.0329, CN=[2.2527697]
Step 300: Loss=0.0329, CN=[2.2527635]
Step 400: Loss=0.0329, CN=[2.252764]

=== Fit ===
Region 0: obs=2.271, exp=2.253, diff=+0.018 
Region 1: obs=2.331, exp=2.253, diff=+0.079 
Region 2: obs=2.708, exp=2.253, diff=+0.455 
Region 3: obs=2.248, exp=2.253, diff=-0.005 
Region 4: obs=2.231, exp=2.253, diff=-0.021 
Region 5: obs=1.601, exp=2.253, diff=-0.652 *
Region 6: obs=2.174, exp=2.253, diff=-0.079 
Region 7: obs=1.923, exp=2.253, diff=-0.330 
Region 8: obs=2.039, exp=2.253, diff=-0.214 
Region 9: obs=2.350, exp=2.253, diff=+0.097 
Region 10: obs=2.653, exp=2.253, diff=+0.401 
Region 11: obs=2.270, exp=2.253, diff=+0.017 
Region 12: obs=2.346, exp=2.253, diff=+0.093 
Region 13: obs=2.375, exp=2.253, diff=+0.123 
Region 14: obs=2.095, exp=2.253, diff=-0.158 
Region 15: obs=2.193, exp=2.253, diff=-0.060 
Region 16: obs=1.873, exp=2.253, diff=-0.380 
Region 17: obs=2.462, exp=2.253, diff=+0.209 
Region 18: obs=2.032, exp=2.253, diff=-0.220 
Region 19: obs=2.362, exp=2.253, diff=+0.109 
Region 20: obs=2.619, exp=2.253, diff=+0.366 

[Gene CN Results]
  CYP2C8: 2.25 → 2.2527637481689453
Using device: cuda

=== Running VAE with seed 42 ===
Global Pooled JS: 0.127265
Seed 42, Step    0: Loss = 228.36 (Recon: 190.87, Allele KL: 9.08, Base KL: 1754.54, Functional KL: 0.13
Global Pooled JS: 0.051215
Seed 42, Step  500: Loss = 125.19 (Recon: 80.43, Allele KL: 18.64, Base KL: 2994.90, Functional KL: 0.05
Global Pooled JS: 0.028437
Seed 42, Step 1000: Loss = 126.17 (Recon: 80.42, Allele KL: 19.11, Base KL: 3042.52, Functional KL: 0.03
Global Pooled JS: 0.016166
Seed 42, Step 1500: Loss = 125.01 (Recon: 81.82, Allele KL: 15.98, Base KL: 3018.33, Functional KL: 0.02
Global Pooled JS: 0.013985
Seed 42, Step 2000: Loss = 124.33 (Recon: 82.26, Allele KL: 15.08, Base KL: 3112.38, Functional KL: 0.01
Global Pooled JS: 0.022748
Seed 42, Step 2500: Loss = 122.07 (Recon: 77.29, Allele KL: 18.09, Base KL: 3085.65, Functional KL: 0.02

Top Variants with Coverage Mismatches:
Rank   Variant                        Expected     Observed     Diff       |Div|       
------------------------------------------------------------------------------------------
1      CYP2C8:96818105→T              11.79        16.00        -4.21      0.005437    
2      CYP2C8:96818105→A              25.86        21.00        4.86       0.002167    
3      CYP2C8:96818105→G              0.18         0.00         0.18       0.001604    
4      CYP2C8:96818105→C              0.18         0.00         0.18       0.001602    
5      CYP2C8:96818105→M              0.18         0.00         0.18       0.001600    
6      CYP2C8:96818105→P              0.18         0.00         0.18       0.001581    
7      CYP2C8:96818105→N              0.17         0.00         0.17       0.001537    
New best model with final loss: 127.87

=== Running VAE with seed 123 ===
Global Pooled JS: 0.169273
Seed 123, Step    0: Loss = 228.94 (Recon: 186.80, Allele KL: 13.93, Base KL: 2125.17, Functional KL: 0.17
Global Pooled JS: 0.015140
Seed 123, Step  500: Loss = 117.67 (Recon: 77.67, Allele KL: 12.95, Base KL: 3094.83, Functional KL: 0.02
Global Pooled JS: 0.006750
Seed 123, Step 1000: Loss = 124.10 (Recon: 79.31, Allele KL: 17.65, Base KL: 3020.04, Functional KL: 0.01
Global Pooled JS: 0.062932
Seed 123, Step 1500: Loss = 124.41 (Recon: 79.58, Allele KL: 18.94, Base KL: 2922.05, Functional KL: 0.06
Global Pooled JS: 0.024505
Seed 123, Step 2000: Loss = 123.06 (Recon: 79.80, Allele KL: 16.53, Base KL: 3017.20, Functional KL: 0.02
Global Pooled JS: 0.009834
Seed 123, Step 2500: Loss = 120.43 (Recon: 75.43, Allele KL: 18.33, Base KL: 2976.50, Functional KL: 0.01

Top Variants with Coverage Mismatches:
Rank   Variant                        Expected     Observed     Diff       |Div|       
------------------------------------------------------------------------------------------
1      CYP2C8:96818105→T              10.57        16.00        -5.43      0.008926    
2      CYP2C8:96818105→A              27.07        21.00        6.07       0.003589    
3      CYP2C8:96818105→G              0.18         0.00         0.18       0.001650    
4      CYP2C8:96818105→N              0.18         0.00         0.18       0.001624    
5      CYP2C8:96818105→P              0.18         0.00         0.18       0.001612    
6      CYP2C8:96818105→C              0.18         0.00         0.18       0.001603    
7      CYP2C8:96818105→M              0.18         0.00         0.18       0.001574    
New best model with final loss: 127.70

=== Running VAE with seed 456 ===
Global Pooled JS: 0.244033
Seed 456, Step    0: Loss = 364.27 (Recon: 319.42, Allele KL: 17.54, Base KL: 1631.32, Functional KL: 0.24
Global Pooled JS: 0.011182
Seed 456, Step  500: Loss = 120.12 (Recon: 80.11, Allele KL: 12.98, Base KL: 3078.45, Functional KL: 0.01
Global Pooled JS: 0.018936
Seed 456, Step 1000: Loss = 121.66 (Recon: 72.09, Allele KL: 23.24, Base KL: 3000.11, Functional KL: 0.02
Global Pooled JS: 0.009940
Seed 456, Step 1500: Loss = 128.96 (Recon: 84.01, Allele KL: 17.76, Base KL: 3004.50, Functional KL: 0.01
Global Pooled JS: 0.049874
Seed 456, Step 2000: Loss = 125.38 (Recon: 78.49, Allele KL: 20.70, Base KL: 3071.59, Functional KL: 0.05
Global Pooled JS: 0.054858
Seed 456, Step 2500: Loss = 121.35 (Recon: 79.34, Allele KL: 15.94, Base KL: 3043.22, Functional KL: 0.05

Top Variants with Coverage Mismatches:
Rank   Variant                        Expected     Observed     Diff       |Div|       
------------------------------------------------------------------------------------------
1      CYP2C8:96818105→T              10.19        16.00        -5.81      0.010238    
2      CYP2C8:96818105→A              27.44        21.00        6.44       0.004092    
3      CYP2C8:96818105→P              0.18         0.00         0.18       0.001654    
4      CYP2C8:96818105→M              0.18         0.00         0.18       0.001640    
5      CYP2C8:96818105→N              0.18         0.00         0.18       0.001626    
6      CYP2C8:96818105→G              0.18         0.00         0.18       0.001620    
7      CYP2C8:96818105→C              0.18         0.00         0.18       0.001610    
New best model with final loss: 121.21

=== Multi-Seed VAE Results ===
Best model had seed 456 with final loss: 121.21
All seeds final losses:
  Seed 42: Total=127.87 (Recon=85.02, A_KL=15.20, B_KL=3144.77)
  Seed 123: Total=127.70 (Recon=83.42, A_KL=16.95, B_KL=3026.93)
  Seed 456: Total=121.21 (Recon=76.77, A_KL=17.47, B_KL=3030.25) <- Best
[time] run_vae took 110.99s (2,578.1640625 MB; 2,578.1640625 MB)

[Raw]:
CYP2C8*2: Normalized=0.7410, Unnormalized=0.74
CYP2C8*1: Normalized=0.2590, Unnormalized=0.26

[Alleles]
CYP2C8*2
CYP2C8*1
	Command being timed: "python cyp.py CYP2C8 /project/shared/aldy-data/wgs/NA18518.wgs.cram"
	User time (seconds): 104.94
	System time (seconds): 14.94
	Percent of CPU this job got: 99%
	Elapsed (wall clock) time (h:mm:ss or m:ss): 2:00.35
	Average shared text size (kbytes): 0
	Average unshared data size (kbytes): 0
	Average stack size (kbytes): 0
	Average total size (kbytes): 0
	Maximum resident set size (kbytes): 2640072
	Average resident set size (kbytes): 0
	Major (requiring I/O) page faults: 0
	Minor (reclaiming a frame) page faults: 765099
	Voluntary context switches: 24406
	Involuntary context switches: 4041
	Swaps: 0
	File system inputs: 0
	File system outputs: 112
	Socket messages sent: 0
	Socket messages received: 0
	Signals delivered: 0
	Page size (bytes): 4096
	Exit status: 0
