2026-03-11 04:03:00.847423: I tensorflow/core/util/port.cc:111] oneDNN custom operations are on. You may see slightly different numerical results due to floating-point round-off errors from different computation orders. To turn them off, set the environment variable `TF_ENABLE_ONEDNN_OPTS=0`.
2026-03-11 04:03:00.883750: E tensorflow/compiler/xla/stream_executor/cuda/cuda_dnn.cc:9342] Unable to register cuDNN factory: Attempting to register factory for plugin cuDNN when one has already been registered
2026-03-11 04:03:00.883862: E tensorflow/compiler/xla/stream_executor/cuda/cuda_fft.cc:609] Unable to register cuFFT factory: Attempting to register factory for plugin cuFFT when one has already been registered
2026-03-11 04:03:00.883922: E tensorflow/compiler/xla/stream_executor/cuda/cuda_blas.cc:1518] Unable to register cuBLAS factory: Attempting to register factory for plugin cuBLAS when one has already been registered
2026-03-11 04:03:00.891901: I tensorflow/core/platform/cpu_feature_guard.cc:182] This TensorFlow binary is optimized to use available CPU instructions in performance-critical operations.
To enable the following instructions: AVX2 AVX512F AVX512_VNNI FMA, in other operations, rebuild TensorFlow with the appropriate compiler flags.
AttributeError: 'MessageFactory' object has no attribute 'GetPrototype'
2026-03-11 04:03:02.254113: W tensorflow/compiler/tf2tensorrt/utils/py_utils.cc:38] TF-TRT Warning: Could not find TensorRT
AttributeError: 'MessageFactory' object has no attribute 'GetPrototype'
[info] total indices 224
[info] total variants 224
2.001 was filtered out as 96818105 T>A needs A but not covered
2.002 was filtered out as 96818105 T>A needs A but not covered
3.001 was filtered out as 96827029 C>T needs T but not covered
3.002 was filtered out as 96827029 C>T needs T but not covered
4.001 was filtered out as 96818118 G>C needs C but not covered
4.002 was filtered out as 96818118 G>C needs C but not covered
5.001 was filtered out as 96826970 delT needs N but not covered
6.001 was filtered out as 96824687 C>T needs T but not covered
7.001 was filtered out as 96824642 G>A needs A but not covered
8.001 was filtered out as 96824642 G>C needs C but not covered
9.001 was filtered out as 96818170 T>C needs C but not covered
10.001 was filtered out as 96802646 C>A needs A but not covered
11.001 was filtered out as 96805707 C>A needs A but not covered
12.001 was filtered out as 96796973 delCAA needs N but not covered
13.001 was filtered out as 96818241 A>C needs C but not covered
14.001 was filtered out as 96818198 C>G needs G but not covered
15.001 was filtered out as 96824657 C>T needs T but not covered
16.001 was filtered out as 96802803 A>G needs G but not covered
17.001 was filtered out as 96818180 T>C needs C but not covered
18.001 was filtered out as 96802714 G>A needs A but not covered
[filter] CYP2C8 1.001 => 1.001; 1.002; 1.003; 1.004; 1.005; 1.006; 1.007; 1.008; 1.009; 1.010; 1.011; 1.012; 1.013; 1.014; 1.015; 1.016; 1.017; 1.018
[filter] valid_alleles=18
CYP2C8:96796795 → A:0, C:0, G*:34, M:0, N:0, P:0, T:0
CYP2C8:96796830 → A:0, C:0, G:0, M:0, N:0, P:0, T*:37
CYP2C8:96796860 → A:37, C:0, G*:0, M:0, N:0, P:0, T:0
CYP2C8:96798714 → A:0, C:0, G*:45, M:0, N:0, P:0, T:0
CYP2C8:96802736 → A:0, C:0, G*:40, M:0, N:0, P:0, T:0
CYP2C8:96805591 → A:0, C:0, G*:44, M:0, N:0, P:0, T:0
CYP2C8:96826965 → A:0, C*:41, G:0, M:0, N:0, P:0, T:0
CYP2C8:96829244 → A:0, C:0, G:0, M:0, N:0, P:0, T*:48
CYP2C8:96829280 → A:0, C:0, G:0, M:0, N:0, P:0, T*:40
CYP2C8:96829291 → A:0, C:0, G:0, M:0, N:0, P:0, T*:41
CYP2C8:96829405 → A*:48, C:0, G:0, M:0, N:0, P:0, T:0
CYP2C8:96829429 → A:0, C:0, G*:50, M:0, N:0, P:0, T:0
CYP2C8:96829528 → A*:20, C:29, G:0, M:0, N:0, P:0, T:0
CYP2C8:96829569 → A:46, C:0, G*:0, M:0, N:0, P:0, T:0
Step 0: Loss=0.0727, CN=[2.0999167]
Step 100: Loss=0.0326, CN=[2.2925758]
Step 200: Loss=0.0326, CN=[2.2931736]
Step 300: Loss=0.0326, CN=[2.2931778]
Step 400: Loss=0.0326, CN=[2.2931776]

=== Fit ===
Region 0: obs=2.361, exp=2.293, diff=+0.068 
Region 1: obs=2.519, exp=2.293, diff=+0.226 
Region 2: obs=1.839, exp=2.293, diff=-0.454 
Region 3: obs=2.527, exp=2.293, diff=+0.234 
Region 4: obs=1.883, exp=2.293, diff=-0.411 
Region 5: obs=2.407, exp=2.293, diff=+0.114 
Region 6: obs=2.369, exp=2.293, diff=+0.076 
Region 7: obs=2.683, exp=2.293, diff=+0.390 
Region 8: obs=2.206, exp=2.293, diff=-0.088 
Region 9: obs=2.285, exp=2.293, diff=-0.008 
Region 10: obs=2.928, exp=2.293, diff=+0.634 *
Region 11: obs=2.279, exp=2.293, diff=-0.014 
Region 12: obs=2.124, exp=2.293, diff=-0.169 
Region 13: obs=2.405, exp=2.293, diff=+0.112 
Region 14: obs=2.178, exp=2.293, diff=-0.115 
Region 15: obs=2.472, exp=2.293, diff=+0.179 
Region 16: obs=2.276, exp=2.293, diff=-0.017 
Region 17: obs=2.269, exp=2.293, diff=-0.024 
Region 18: obs=2.147, exp=2.293, diff=-0.147 
Region 19: obs=1.832, exp=2.293, diff=-0.461 
Region 20: obs=2.303, exp=2.293, diff=+0.010 

[Gene CN Results]
  CYP2C8: 2.29 → 2.293177604675293
Using device: cuda
num_sparse_entries: 252
max sparse_flat_index: 1763
expected max: 1763

=== Running VAE with seed 42 ===
Global Pooled JS: 0.000000
Seed 42, Step    0: Loss = 325.95 (Recon: 277.25, Allele KL: 19.83, Base KL: 1421.70, Functional KL: 0.00
Global Pooled JS: 0.000000
Seed 42, Step  500: Loss = 118.80 (Recon: 71.18, Allele KL: 20.25, Base KL: 3136.87, Functional KL: 0.00
Global Pooled JS: 0.000000
Seed 42, Step 1000: Loss = 126.18 (Recon: 69.75, Allele KL: 29.29, Base KL: 3152.62, Functional KL: 0.00
Global Pooled JS: 0.000000
Seed 42, Step 1500: Loss = 114.69 (Recon: 67.46, Allele KL: 19.34, Base KL: 3184.05, Functional KL: 0.00
Global Pooled JS: 0.000000
Seed 42, Step 2000: Loss = 122.84 (Recon: 76.94, Allele KL: 17.59, Base KL: 3184.91, Functional KL: 0.00
Global Pooled JS: 0.000000
Seed 42, Step 2500: Loss = 119.35 (Recon: 65.40, Allele KL: 26.49, Base KL: 3206.55, Functional KL: 0.00

Top Variants with Coverage Mismatches:
Rank   Variant                        Expected     Observed     Diff       |Div|       
------------------------------------------------------------------------------------------
New best model with final loss: 123.97

=== Running VAE with seed 123 ===
Global Pooled JS: 0.000000
Seed 123, Step    0: Loss = 132.60 (Recon: 91.60, Allele KL: 13.77, Base KL: 1499.47, Functional KL: 0.00
Global Pooled JS: 0.000000
Seed 123, Step  500: Loss = 116.87 (Recon: 62.84, Allele KL: 26.28, Base KL: 3317.55, Functional KL: 0.00
Global Pooled JS: 0.000000
Seed 123, Step 1000: Loss = 116.34 (Recon: 70.57, Allele KL: 17.62, Base KL: 3267.83, Functional KL: 0.00
Global Pooled JS: 0.000000
Seed 123, Step 1500: Loss = 120.57 (Recon: 65.47, Allele KL: 27.42, Base KL: 3048.99, Functional KL: 0.00
Global Pooled JS: 0.000000
Seed 123, Step 2000: Loss = 116.68 (Recon: 69.43, Allele KL: 19.27, Base KL: 3239.81, Functional KL: 0.00
Global Pooled JS: 0.000000
Seed 123, Step 2500: Loss = 116.61 (Recon: 68.25, Allele KL: 20.44, Base KL: 3115.99, Functional KL: 0.00

Top Variants with Coverage Mismatches:
Rank   Variant                        Expected     Observed     Diff       |Div|       
------------------------------------------------------------------------------------------
New best model with final loss: 116.82

=== Running VAE with seed 456 ===
Global Pooled JS: 0.000000
Seed 456, Step    0: Loss = 302.36 (Recon: 256.86, Allele KL: 16.15, Base KL: 1676.22, Functional KL: 0.00
Global Pooled JS: 0.000000
Seed 456, Step  500: Loss = 117.23 (Recon: 64.92, Allele KL: 24.54, Base KL: 3190.23, Functional KL: 0.00
Global Pooled JS: 0.000000
Seed 456, Step 1000: Loss = 118.98 (Recon: 69.87, Allele KL: 21.05, Base KL: 3120.42, Functional KL: 0.00
Global Pooled JS: 0.000000
Seed 456, Step 1500: Loss = 122.33 (Recon: 73.14, Allele KL: 20.90, Base KL: 3165.55, Functional KL: 0.00
Global Pooled JS: 0.000000
Seed 456, Step 2000: Loss = 120.65 (Recon: 74.47, Allele KL: 17.82, Base KL: 3200.37, Functional KL: 0.00
Global Pooled JS: 0.000000
Seed 456, Step 2500: Loss = 116.48 (Recon: 69.21, Allele KL: 19.31, Base KL: 3244.89, Functional KL: 0.00

Top Variants with Coverage Mismatches:
Rank   Variant                        Expected     Observed     Diff       |Div|       
------------------------------------------------------------------------------------------
New best model with final loss: 116.49

=== Multi-Seed VAE Results ===
Best model had seed 456 with final loss: 116.49
All seeds final losses:
  Seed 42: Total=123.97 (Recon=78.81, A_KL=16.53, B_KL=3209.11)
  Seed 123: Total=116.82 (Recon=68.90, A_KL=20.16, B_KL=3286.45)
  Seed 456: Total=116.49 (Recon=68.82, A_KL=19.78, B_KL=3134.81) <- Best

[Raw]:
CYP2C8*1: Normalized=1.0000, Unnormalized=1.00

[Alleles]
CYP2C8*1
CYP2C8*1
	Command being timed: "python /home/qinghuiz/aidy/push/Neretva/neretva/cyp.py CYP2C8 /project/shared/aldy-data/wgs/NA18564.wgs.cram"
	User time (seconds): 145.60
	System time (seconds): 31.14
	Percent of CPU this job got: 99%
	Elapsed (wall clock) time (h:mm:ss or m:ss): 2:57.38
	Average shared text size (kbytes): 0
	Average unshared data size (kbytes): 0
	Average stack size (kbytes): 0
	Average total size (kbytes): 0
	Maximum resident set size (kbytes): 2664828
	Average resident set size (kbytes): 0
	Major (requiring I/O) page faults: 0
	Minor (reclaiming a frame) page faults: 756380
	Voluntary context switches: 22691
	Involuntary context switches: 116
	Swaps: 0
	File system inputs: 0
	File system outputs: 40
	Socket messages sent: 0
	Socket messages received: 0
	Signals delivered: 0
	Page size (bytes): 4096
	Exit status: 0
