2026-05-15 22:09:31.769074: I tensorflow/core/util/port.cc:111] oneDNN custom operations are on. You may see slightly different numerical results due to floating-point round-off errors from different computation orders. To turn them off, set the environment variable `TF_ENABLE_ONEDNN_OPTS=0`.
2026-05-15 22:09:31.808913: E tensorflow/compiler/xla/stream_executor/cuda/cuda_dnn.cc:9342] Unable to register cuDNN factory: Attempting to register factory for plugin cuDNN when one has already been registered
2026-05-15 22:09:31.809096: E tensorflow/compiler/xla/stream_executor/cuda/cuda_fft.cc:609] Unable to register cuFFT factory: Attempting to register factory for plugin cuFFT when one has already been registered
2026-05-15 22:09:31.809254: E tensorflow/compiler/xla/stream_executor/cuda/cuda_blas.cc:1518] Unable to register cuBLAS factory: Attempting to register factory for plugin cuBLAS when one has already been registered
2026-05-15 22:09:31.818684: I tensorflow/core/platform/cpu_feature_guard.cc:182] This TensorFlow binary is optimized to use available CPU instructions in performance-critical operations.
To enable the following instructions: AVX2 AVX512F AVX512_VNNI FMA, in other operations, rebuild TensorFlow with the appropriate compiler flags.
AttributeError: 'MessageFactory' object has no attribute 'GetPrototype'
2026-05-15 22:09:33.050953: W tensorflow/compiler/tf2tensorrt/utils/py_utils.cc:38] TF-TRT Warning: Could not find TensorRT
AttributeError: 'MessageFactory' object has no attribute 'GetPrototype'
[info] total indices 224
[info] total variants 224
2.001 was filtered out as 96818105 T>A needs A but not covered
2.002 was filtered out as 96818105 T>A needs A but not covered
3.001 was filtered out as 96827029 C>T needs T but not covered
3.002 was filtered out as 96827029 C>T needs T but not covered
4.001 was filtered out as 96818118 G>C needs C but not covered
4.002 was filtered out as 96818118 G>C needs C but not covered
5.001 was filtered out as 96826970 delT needs N but not covered
6.001 was filtered out as 96824687 C>T needs T but not covered
7.001 was filtered out as 96824642 G>A needs A but not covered
8.001 was filtered out as 96824642 G>C needs C but not covered
9.001 was filtered out as 96818170 T>C needs C but not covered
10.001 was filtered out as 96802646 C>A needs A but not covered
11.001 was filtered out as 96805707 C>A needs A but not covered
12.001 was filtered out as 96796973 delCAA needs N but not covered
13.001 was filtered out as 96818241 A>C needs C but not covered
14.001 was filtered out as 96818198 C>G needs G but not covered
15.001 was filtered out as 96824657 C>T needs T but not covered
16.001 was filtered out as 96802803 A>G needs G but not covered
17.001 was filtered out as 96818180 T>C needs C but not covered
18.001 was filtered out as 96802714 G>A needs A but not covered
[filter] CYP2C8 1.001 => 1.001; 1.002; 1.003; 1.004; 1.005; 1.006; 1.007; 1.008; 1.009; 1.010; 1.011; 1.012; 1.013; 1.014; 1.015; 1.016; 1.017; 1.018
[filter] valid_alleles=18
Step 0: Loss=0.0833, CN=[2.0999167]
Step 100: Loss=0.0571, CN=[2.2563243]
Step 200: Loss=0.0571, CN=[2.2554433]
Step 300: Loss=0.0571, CN=[2.2554486]
Step 400: Loss=0.0571, CN=[2.2554486]

=== Fit ===
Region 0: obs=2.549, exp=2.255, diff=+0.294 
Region 1: obs=2.329, exp=2.255, diff=+0.074 
Region 2: obs=2.058, exp=2.255, diff=-0.197 
Region 3: obs=2.165, exp=2.255, diff=-0.090 
Region 4: obs=1.539, exp=2.255, diff=-0.717 *
Region 5: obs=2.242, exp=2.255, diff=-0.013 
Region 6: obs=1.517, exp=2.255, diff=-0.739 *
Region 7: obs=2.457, exp=2.255, diff=+0.202 
Region 8: obs=1.675, exp=2.255, diff=-0.581 *
Region 9: obs=2.209, exp=2.255, diff=-0.046 
Region 10: obs=2.123, exp=2.255, diff=-0.133 
Region 11: obs=2.400, exp=2.255, diff=+0.144 
Region 12: obs=1.615, exp=2.255, diff=-0.640 *
Region 13: obs=2.361, exp=2.255, diff=+0.106 
Region 14: obs=2.366, exp=2.255, diff=+0.111 
Region 15: obs=2.414, exp=2.255, diff=+0.159 
Region 16: obs=2.599, exp=2.255, diff=+0.344 
Region 17: obs=2.534, exp=2.255, diff=+0.279 
Region 18: obs=2.470, exp=2.255, diff=+0.215 
Region 19: obs=2.702, exp=2.255, diff=+0.447 
Region 20: obs=2.361, exp=2.255, diff=+0.106 

[Gene CN Results]
  CYP2C8: 2.26 → 2.255448579788208
Using device: cuda

=== Running VAE with seed 42 ===
Global Pooled JS: 0.000000
Seed 42, Step    0: Loss = 209.26 (Recon: 164.25, Allele KL: 16.63, Base KL: 1390.64, Functional KL: 0.00
Global Pooled JS: 0.000000
Seed 42, Step  500: Loss = 122.90 (Recon: 81.92, Allele KL: 12.30, Base KL: 3026.27, Functional KL: 0.00
Global Pooled JS: 0.000000
Seed 42, Step 1000: Loss = 117.21 (Recon: 68.58, Allele KL: 21.00, Base KL: 3013.01, Functional KL: 0.00
Global Pooled JS: 0.000000
Seed 42, Step 1500: Loss = 116.89 (Recon: 70.53, Allele KL: 18.39, Base KL: 3103.53, Functional KL: 0.00
Global Pooled JS: 0.000000
Seed 42, Step 2000: Loss = 130.98 (Recon: 80.68, Allele KL: 22.42, Base KL: 3076.00, Functional KL: 0.00
Global Pooled JS: 0.000000
Seed 42, Step 2500: Loss = 117.26 (Recon: 71.35, Allele KL: 18.00, Base KL: 2961.20, Functional KL: 0.00

Top Variants with Coverage Mismatches:
Rank   Variant                        Expected     Observed     Diff       |Div|       
------------------------------------------------------------------------------------------
New best model with final loss: 114.72

=== Running VAE with seed 123 ===
Global Pooled JS: 0.000000
Seed 123, Step    0: Loss = 199.26 (Recon: 157.74, Allele KL: 13.62, Base KL: 1366.09, Functional KL: 0.00
Global Pooled JS: 0.000000
Seed 123, Step  500: Loss = 123.53 (Recon: 80.84, Allele KL: 14.42, Base KL: 2895.05, Functional KL: 0.00
Global Pooled JS: 0.000000
Seed 123, Step 1000: Loss = 122.78 (Recon: 80.37, Allele KL: 14.07, Base KL: 2989.75, Functional KL: 0.00
Global Pooled JS: 0.000000
Seed 123, Step 1500: Loss = 121.58 (Recon: 78.11, Allele KL: 15.00, Base KL: 2982.70, Functional KL: 0.00
Global Pooled JS: 0.000000
Seed 123, Step 2000: Loss = 120.03 (Recon: 75.23, Allele KL: 16.50, Base KL: 2953.23, Functional KL: 0.00
Global Pooled JS: 0.000000
Seed 123, Step 2500: Loss = 118.44 (Recon: 73.06, Allele KL: 17.18, Base KL: 2902.20, Functional KL: 0.00

Top Variants with Coverage Mismatches:
Rank   Variant                        Expected     Observed     Diff       |Div|       
------------------------------------------------------------------------------------------

=== Running VAE with seed 456 ===
Global Pooled JS: 0.000000
Seed 456, Step    0: Loss = 207.99 (Recon: 160.70, Allele KL: 18.31, Base KL: 1476.75, Functional KL: 0.00
Global Pooled JS: 0.000000
Seed 456, Step  500: Loss = 120.91 (Recon: 70.13, Allele KL: 23.17, Base KL: 2833.32, Functional KL: 0.00
Global Pooled JS: 0.000000
Seed 456, Step 1000: Loss = 118.13 (Recon: 71.01, Allele KL: 19.38, Base KL: 2817.33, Functional KL: 0.00
Global Pooled JS: 0.000000
Seed 456, Step 1500: Loss = 120.12 (Recon: 76.42, Allele KL: 15.41, Base KL: 3044.61, Functional KL: 0.00
Global Pooled JS: 0.000000
Seed 456, Step 2000: Loss = 120.69 (Recon: 78.04, Allele KL: 14.81, Base KL: 3012.63, Functional KL: 0.00
Global Pooled JS: 0.000000
Seed 456, Step 2500: Loss = 121.50 (Recon: 71.41, Allele KL: 22.48, Base KL: 2720.43, Functional KL: 0.00

Top Variants with Coverage Mismatches:
Rank   Variant                        Expected     Observed     Diff       |Div|       
------------------------------------------------------------------------------------------

=== Multi-Seed VAE Results ===
Best model had seed 42 with final loss: 114.72
All seeds final losses:
  Seed 42: Total=114.72 (Recon=69.42, A_KL=17.34, B_KL=2968.72) <- Best
  Seed 123: Total=127.84 (Recon=81.72, A_KL=17.67, B_KL=2968.78)
  Seed 456: Total=116.35 (Recon=71.41, A_KL=17.04, B_KL=3028.91)
[time] run_vae took 111.35s (2,583.91015625 MB; 2,583.91015625 MB)

[Raw]:
CYP2C8*1: Normalized=1.0000, Unnormalized=1.00

[Alleles]
CYP2C8*1
CYP2C8*1
	Command being timed: "python cyp.py CYP2C8 /project/shared/aldy-data/wgs/NA19122.wgs.cram"
	User time (seconds): 106.25
	System time (seconds): 15.04
	Percent of CPU this job got: 99%
	Elapsed (wall clock) time (h:mm:ss or m:ss): 2:01.74
	Average shared text size (kbytes): 0
	Average unshared data size (kbytes): 0
	Average stack size (kbytes): 0
	Average total size (kbytes): 0
	Maximum resident set size (kbytes): 2645936
	Average resident set size (kbytes): 0
	Major (requiring I/O) page faults: 0
	Minor (reclaiming a frame) page faults: 803786
	Voluntary context switches: 24221
	Involuntary context switches: 150
	Swaps: 0
	File system inputs: 0
	File system outputs: 40
	Socket messages sent: 0
	Socket messages received: 0
	Signals delivered: 0
	Page size (bytes): 4096
	Exit status: 0
