2026-03-11 04:14:55.671767: I tensorflow/core/util/port.cc:111] oneDNN custom operations are on. You may see slightly different numerical results due to floating-point round-off errors from different computation orders. To turn them off, set the environment variable `TF_ENABLE_ONEDNN_OPTS=0`.
2026-03-11 04:14:55.711677: E tensorflow/compiler/xla/stream_executor/cuda/cuda_dnn.cc:9342] Unable to register cuDNN factory: Attempting to register factory for plugin cuDNN when one has already been registered
2026-03-11 04:14:55.711840: E tensorflow/compiler/xla/stream_executor/cuda/cuda_fft.cc:609] Unable to register cuFFT factory: Attempting to register factory for plugin cuFFT when one has already been registered
2026-03-11 04:14:55.711912: E tensorflow/compiler/xla/stream_executor/cuda/cuda_blas.cc:1518] Unable to register cuBLAS factory: Attempting to register factory for plugin cuBLAS when one has already been registered
2026-03-11 04:14:55.721576: I tensorflow/core/platform/cpu_feature_guard.cc:182] This TensorFlow binary is optimized to use available CPU instructions in performance-critical operations.
To enable the following instructions: AVX2 AVX512F AVX512_VNNI FMA, in other operations, rebuild TensorFlow with the appropriate compiler flags.
AttributeError: 'MessageFactory' object has no attribute 'GetPrototype'
2026-03-11 04:14:57.111751: W tensorflow/compiler/tf2tensorrt/utils/py_utils.cc:38] TF-TRT Warning: Could not find TensorRT
AttributeError: 'MessageFactory' object has no attribute 'GetPrototype'
[info] total indices 224
[info] total variants 224
2.001 was filtered out as 96818105 T>A needs A but not covered
2.002 was filtered out as 96818105 T>A needs A but not covered
3.001 was filtered out as 96827029 C>T needs T but not covered
3.002 was filtered out as 96827029 C>T needs T but not covered
4.001 was filtered out as 96818118 G>C needs C but not covered
4.002 was filtered out as 96818118 G>C needs C but not covered
5.001 was filtered out as 96826970 delT needs N but not covered
6.001 was filtered out as 96824687 C>T needs T but not covered
7.001 was filtered out as 96824642 G>A needs A but not covered
8.001 was filtered out as 96824642 G>C needs C but not covered
9.001 was filtered out as 96818170 T>C needs C but not covered
10.001 was filtered out as 96802646 C>A needs A but not covered
11.001 was filtered out as 96805707 C>A needs A but not covered
12.001 was filtered out as 96796973 delCAA needs N but not covered
13.001 was filtered out as 96818241 A>C needs C but not covered
14.001 was filtered out as 96818198 C>G needs G but not covered
15.001 was filtered out as 96824657 C>T needs T but not covered
16.001 was filtered out as 96802803 A>G needs G but not covered
17.001 was filtered out as 96818180 T>C needs C but not covered
18.001 was filtered out as 96802714 G>A needs A but not covered
[filter] CYP2C8 1.001 => 1.001; 1.002; 1.003; 1.004; 1.005; 1.006; 1.007; 1.008; 1.009; 1.010; 1.011; 1.012; 1.013; 1.014; 1.015; 1.016; 1.017; 1.018
[filter] valid_alleles=18
CYP2C8:96796795 → A:32, C:0, G*:26, M:0, N:0, P:0, T:0
CYP2C8:96796830 → A:0, C:0, G:0, M:0, N:0, P:0, T*:56
CYP2C8:96796860 → A:0, C:0, G*:51, M:0, N:0, P:0, T:0
CYP2C8:96798714 → A:0, C:0, G*:59, M:0, N:0, P:0, T:0
CYP2C8:96802736 → A:0, C:0, G*:54, M:0, N:0, P:0, T:0
CYP2C8:96805591 → A:0, C:0, G*:47, M:0, N:0, P:0, T:0
CYP2C8:96826965 → A:0, C*:43, G:0, M:0, N:0, P:0, T:0
CYP2C8:96829244 → A:0, C:0, G:0, M:0, N:0, P:0, T*:38
CYP2C8:96829280 → A:0, C:0, G:0, M:0, N:0, P:0, T*:40
CYP2C8:96829291 → A:0, C:0, G:19, M:0, N:0, P:0, T*:17
CYP2C8:96829405 → A*:63, C:0, G:0, M:0, N:0, P:23, T:0
CYP2C8:96829429 → A:0, C:0, G*:65, M:0, N:0, P:0, T:0
CYP2C8:96829528 → A*:57, C:0, G:0, M:0, N:0, P:0, T:0
CYP2C8:96829569 → A:52, C:0, G*:0, M:0, N:0, P:0, T:0
Step 0: Loss=0.0696, CN=[2.0999167]
Step 100: Loss=0.0265, CN=[2.2973697]
Step 200: Loss=0.0265, CN=[2.2981138]
Step 300: Loss=0.0265, CN=[2.2981198]
Step 400: Loss=0.0265, CN=[2.2981198]

=== Fit ===
Region 0: obs=2.461, exp=2.298, diff=+0.163 
Region 1: obs=1.942, exp=2.298, diff=-0.356 
Region 2: obs=2.255, exp=2.298, diff=-0.043 
Region 3: obs=2.116, exp=2.298, diff=-0.182 
Region 4: obs=2.060, exp=2.298, diff=-0.239 
Region 5: obs=2.403, exp=2.298, diff=+0.104 
Region 6: obs=1.840, exp=2.298, diff=-0.458 
Region 7: obs=2.301, exp=2.298, diff=+0.002 
Region 8: obs=2.075, exp=2.298, diff=-0.223 
Region 9: obs=2.371, exp=2.298, diff=+0.073 
Region 10: obs=1.995, exp=2.298, diff=-0.303 
Region 11: obs=2.295, exp=2.298, diff=-0.003 
Region 12: obs=2.555, exp=2.298, diff=+0.257 
Region 13: obs=2.538, exp=2.298, diff=+0.240 
Region 14: obs=2.446, exp=2.298, diff=+0.148 
Region 15: obs=2.353, exp=2.298, diff=+0.055 
Region 16: obs=2.562, exp=2.298, diff=+0.264 
Region 17: obs=2.243, exp=2.298, diff=-0.056 
Region 18: obs=2.144, exp=2.298, diff=-0.154 
Region 19: obs=2.675, exp=2.298, diff=+0.377 
Region 20: obs=2.632, exp=2.298, diff=+0.333 

[Gene CN Results]
  CYP2C8: 2.30 → 2.29811954498291
Using device: cuda
num_sparse_entries: 252
max sparse_flat_index: 1763
expected max: 1763

=== Running VAE with seed 42 ===
Global Pooled JS: 0.000000
Seed 42, Step    0: Loss = 333.52 (Recon: 284.00, Allele KL: 20.82, Base KL: 1673.08, Functional KL: 0.00
Global Pooled JS: 0.000000
Seed 42, Step  500: Loss = 149.79 (Recon: 94.83, Allele KL: 26.55, Base KL: 3970.68, Functional KL: 0.00
Global Pooled JS: 0.000000
Seed 42, Step 1000: Loss = 145.07 (Recon: 98.51, Allele KL: 17.68, Base KL: 4006.25, Functional KL: 0.00
Global Pooled JS: 0.000000
Seed 42, Step 1500: Loss = 145.92 (Recon: 100.39, Allele KL: 16.55, Base KL: 4045.55, Functional KL: 0.00
Global Pooled JS: 0.000000
Seed 42, Step 2000: Loss = 159.77 (Recon: 108.59, Allele KL: 22.04, Base KL: 3998.69, Functional KL: 0.00
Global Pooled JS: 0.000000
Seed 42, Step 2500: Loss = 153.92 (Recon: 104.50, Allele KL: 20.71, Base KL: 4044.87, Functional KL: 0.00

Top Variants with Coverage Mismatches:
Rank   Variant                        Expected     Observed     Diff       |Div|       
------------------------------------------------------------------------------------------
New best model with final loss: 156.65

=== Running VAE with seed 123 ===
Global Pooled JS: 0.000000
Seed 123, Step    0: Loss = 320.52 (Recon: 271.64, Allele KL: 19.46, Base KL: 2321.80, Functional KL: 0.00
Global Pooled JS: 0.000000
Seed 123, Step  500: Loss = 149.75 (Recon: 102.35, Allele KL: 18.26, Base KL: 4013.31, Functional KL: 0.00
Global Pooled JS: 0.000000
Seed 123, Step 1000: Loss = 153.80 (Recon: 100.56, Allele KL: 24.34, Base KL: 4053.71, Functional KL: 0.00
Global Pooled JS: 0.000000
Seed 123, Step 1500: Loss = 151.06 (Recon: 95.37, Allele KL: 27.23, Base KL: 3929.22, Functional KL: 0.00
Global Pooled JS: 0.000000
Seed 123, Step 2000: Loss = 152.98 (Recon: 101.30, Allele KL: 22.71, Base KL: 4047.40, Functional KL: 0.00
Global Pooled JS: 0.000000
Seed 123, Step 2500: Loss = 147.97 (Recon: 98.73, Allele KL: 20.28, Base KL: 4099.10, Functional KL: 0.00

Top Variants with Coverage Mismatches:
Rank   Variant                        Expected     Observed     Diff       |Div|       
------------------------------------------------------------------------------------------
New best model with final loss: 152.12

=== Running VAE with seed 456 ===
Global Pooled JS: 0.000000
Seed 456, Step    0: Loss = 277.20 (Recon: 230.75, Allele KL: 17.11, Base KL: 1618.90, Functional KL: 0.00
Global Pooled JS: 0.000000
Seed 456, Step  500: Loss = 154.33 (Recon: 110.36, Allele KL: 14.39, Base KL: 3938.49, Functional KL: 0.00
Global Pooled JS: 0.000000
Seed 456, Step 1000: Loss = 146.38 (Recon: 99.88, Allele KL: 17.52, Base KL: 4040.64, Functional KL: 0.00
Global Pooled JS: 0.000000
Seed 456, Step 1500: Loss = 151.95 (Recon: 100.41, Allele KL: 22.54, Base KL: 4065.32, Functional KL: 0.00
Global Pooled JS: 0.000000
Seed 456, Step 2000: Loss = 150.69 (Recon: 96.23, Allele KL: 25.90, Base KL: 3963.79, Functional KL: 0.00
Global Pooled JS: 0.000000
Seed 456, Step 2500: Loss = 148.19 (Recon: 98.56, Allele KL: 20.87, Base KL: 4028.69, Functional KL: 0.00

Top Variants with Coverage Mismatches:
Rank   Variant                        Expected     Observed     Diff       |Div|       
------------------------------------------------------------------------------------------
New best model with final loss: 148.73

=== Multi-Seed VAE Results ===
Best model had seed 456 with final loss: 148.73
All seeds final losses:
  Seed 42: Total=156.65 (Recon=110.48, A_KL=17.08, B_KL=3983.93)
  Seed 123: Total=152.12 (Recon=98.90, A_KL=24.58, B_KL=3964.45)
  Seed 456: Total=148.73 (Recon=98.88, A_KL=21.09, B_KL=3859.50) <- Best

[Raw]:
CYP2C8*1: Normalized=1.0000, Unnormalized=1.00

[Alleles]
CYP2C8*1
CYP2C8*1
	Command being timed: "python /home/qinghuiz/aidy/push/Neretva/neretva/cyp.py CYP2C8 /project/shared/aldy-data/wgs/NA19178.wgs.cram"
	User time (seconds): 146.32
	System time (seconds): 31.28
	Percent of CPU this job got: 99%
	Elapsed (wall clock) time (h:mm:ss or m:ss): 2:58.46
	Average shared text size (kbytes): 0
	Average unshared data size (kbytes): 0
	Average stack size (kbytes): 0
	Average total size (kbytes): 0
	Maximum resident set size (kbytes): 2677072
	Average resident set size (kbytes): 0
	Major (requiring I/O) page faults: 0
	Minor (reclaiming a frame) page faults: 841210
	Voluntary context switches: 22993
	Involuntary context switches: 221
	Swaps: 0
	File system inputs: 0
	File system outputs: 40
	Socket messages sent: 0
	Socket messages received: 0
	Signals delivered: 0
	Page size (bytes): 4096
	Exit status: 0
