2026-03-11 04:58:48.786958: I tensorflow/core/util/port.cc:111] oneDNN custom operations are on. You may see slightly different numerical results due to floating-point round-off errors from different computation orders. To turn them off, set the environment variable `TF_ENABLE_ONEDNN_OPTS=0`.
2026-03-11 04:58:48.845329: E tensorflow/compiler/xla/stream_executor/cuda/cuda_dnn.cc:9342] Unable to register cuDNN factory: Attempting to register factory for plugin cuDNN when one has already been registered
2026-03-11 04:58:48.845490: E tensorflow/compiler/xla/stream_executor/cuda/cuda_fft.cc:609] Unable to register cuFFT factory: Attempting to register factory for plugin cuFFT when one has already been registered
2026-03-11 04:58:48.845633: E tensorflow/compiler/xla/stream_executor/cuda/cuda_blas.cc:1518] Unable to register cuBLAS factory: Attempting to register factory for plugin cuBLAS when one has already been registered
2026-03-11 04:58:48.858380: I tensorflow/core/platform/cpu_feature_guard.cc:182] This TensorFlow binary is optimized to use available CPU instructions in performance-critical operations.
To enable the following instructions: AVX2 AVX512F AVX512_VNNI FMA, in other operations, rebuild TensorFlow with the appropriate compiler flags.
AttributeError: 'MessageFactory' object has no attribute 'GetPrototype'
2026-03-11 04:58:50.177099: W tensorflow/compiler/tf2tensorrt/utils/py_utils.cc:38] TF-TRT Warning: Could not find TensorRT
AttributeError: 'MessageFactory' object has no attribute 'GetPrototype'
[info] total indices 497
[info] total variants 497
2.001 was filtered out as 96535123 A>G needs G but not covered
2.004 was filtered out as 96535123 A>G needs G but not covered
2.005 was filtered out as 96535123 A>G needs G but not covered
2.006 was filtered out as 96535123 A>G needs G but not covered
2.007 was filtered out as 96535123 A>G needs G but not covered
2.008 was filtered out as 96535123 A>G needs G but not covered
2.009 was filtered out as 96535123 A>G needs G but not covered
2.011 was filtered out as 96535123 A>G needs G but not covered
2.002 was filtered out as 96535123 A>G needs G but not covered
2.003 was filtered out as 96535123 A>G needs G but not covered
2.010 was filtered out as 96535123 A>G needs G but not covered
3.001 was filtered out as 96540409 G>A needs A but not covered
3.004 was filtered out as 96540409 G>A needs A but not covered
3.002 was filtered out as 96540409 G>A needs A but not covered
3.003 was filtered out as 96540409 G>A needs A but not covered
4.001 was filtered out as 96522462 A>G needs G but not covered
4.002 was filtered out as 96522462 A>G needs G but not covered
5.001 was filtered out as 96602622 A>G needs A but not covered
5.002 was filtered out as 96612494 C>T needs T but not covered
6.001 was filtered out as 96535209 G>A needs A but not covered
7.001 was filtered out as 96602622 A>G needs A but not covered
8.001 was filtered out as 96602622 A>G needs A but not covered
8.002 was filtered out as 96535172 T>C needs C but not covered
9.001 was filtered out as 96535245 G>A needs A but not covered
9.002 was filtered out as 96535245 G>A needs A but not covered
10.001 was filtered out as 96541614 C>T needs T but not covered
11.001 was filtered out as 96535263 G>A needs A but not covered
12.001 was filtered out as 96612670 A>C needs C but not covered
13.001 was filtered out as 96609751 C>T needs T but not covered
13.002 was filtered out as 96609751 C>T needs T but not covered
14.001 was filtered out as 96522511 T>C needs C but not covered
15.001 was filtered out as 96522516 A>C needs C but not covered
15.002 was filtered out as 96522516 A>C needs C but not covered
16.001 was filtered out as 96602622 A>G needs A but not covered
17.001 was filtered out as 96521656 C>T needs T but not covered
18.001 was filtered out as 96602617 G>A needs A but not covered
19.001 was filtered out as 96522612 A>G needs G but not covered
22.001 was filtered out as 96540330 G>C needs C but not covered
23.001 was filtered out as 96534916 G>C needs C but not covered
24.001 was filtered out as 96602635 G>A needs A but not covered
25.001 was filtered out as 96612541 C>G needs G but not covered
26.001 was filtered out as 96541700 G>A needs A but not covered
28.001 was filtered out as 96522516 A>C needs C but not covered
29.001 was filtered out as 96522544 A>T needs T but not covered
30.001 was filtered out as 96602622 A>G needs A but not covered
31.001 was filtered out as 96534877 C>T needs T but not covered
32.001 was filtered out as 96534941 A>G needs G but not covered
33.001 was filtered out as 96540335 G>A needs A but not covered
34.001 was filtered out as 96602622 A>G needs A but not covered
35.001 was filtered out as 96535123 A>G needs G but not covered
35.002 was filtered out as 96535123 A>G needs G but not covered
38.001 was filtered out as 96602622 A>G needs A but not covered
38.002 was filtered out as 96602622 A>G needs A but not covered
38.003 was filtered out as 96602622 A>G needs A but not covered
39.001 was filtered out as 96522516 A>C needs C but not covered
[filter] CYP2C19 1.002 => 1.002; 1.003; 1.004; 1.005; 1.006; 1.007; 1.008; 1.009; 1.010
[filter] valid_alleles=9
CYP2C19:96520534 → A:0, C:0, G*:55, M:0, N:0, P:0, T:0
CYP2C19:96521044 → A:0, C*:49, G:0, M:0, N:0, P:0, T:0
CYP2C19:96521071 → A:0, C:0, G:0, M:0, N:0, P:0, T*:48
CYP2C19:96521290 → A:0, C:0, G:0, M:0, N:0, P:0, T*:65
CYP2C19:96521421 → A:0, C:0, G*:45, M:0, N:0, P:0, T:0
CYP2C19:96521573 → A:0, C:0, G:0, M:0, N:0, P:0, T*:51
CYP2C19:96521687 → A:0, C:0, G:0, M:0, N:0, P:0, T*:48
CYP2C19:96522560 → A:0, C*:0, G:0, M:0, N:0, P:0, T:65
CYP2C19:96602622^ → A*:0, C:0, G^:24, M:0, N:0, P:0, T:0
CYP2C19:96602690 → A:0, C*:27, G:0, M:0, N:0, P:0, T:0
CYP2C19:96609774 → A*:54, C:0, G:0, M:0, N:0, P:0, T:0
Step 0: Loss=0.0475, CN=[1.9000832]
Step 100: Loss=0.0448, CN=[1.924436]
Step 200: Loss=0.0448, CN=[1.9246727]
Step 300: Loss=0.0448, CN=[1.9246716]
Step 400: Loss=0.0448, CN=[1.9246714]

=== Fit ===
Region 0: obs=2.110, exp=1.925, diff=+0.186 
Region 1: obs=1.534, exp=1.925, diff=-0.391 
Region 2: obs=2.434, exp=1.925, diff=+0.510 *
Region 3: obs=1.778, exp=1.925, diff=-0.147 
Region 4: obs=1.593, exp=1.925, diff=-0.332 
Region 5: obs=1.987, exp=1.925, diff=+0.062 
Region 6: obs=1.699, exp=1.925, diff=-0.226 
Region 7: obs=1.830, exp=1.925, diff=-0.095 
Region 8: obs=2.245, exp=1.925, diff=+0.320 
Region 9: obs=1.915, exp=1.925, diff=-0.010 
Region 10: obs=2.023, exp=1.925, diff=+0.098 
Region 11: obs=1.758, exp=1.925, diff=-0.167 
Region 12: obs=2.428, exp=1.925, diff=+0.503 *
Region 13: obs=1.749, exp=1.925, diff=-0.176 
Region 14: obs=1.231, exp=1.925, diff=-0.694 *
Region 15: obs=2.127, exp=1.925, diff=+0.203 
Region 16: obs=2.060, exp=1.925, diff=+0.136 
Region 17: obs=1.500, exp=1.925, diff=-0.425 
Region 18: obs=2.218, exp=1.925, diff=+0.293 
Region 19: obs=2.137, exp=1.925, diff=+0.213 
Region 20: obs=1.881, exp=1.925, diff=-0.043 

[Gene CN Results]
  CYP2C19: 1.92 → 1.924670696258545
Using device: cuda
num_sparse_entries: 99
max sparse_flat_index: 692
expected max: 692

=== Running VAE with seed 42 ===
Global Pooled JS: 0.017523
Seed 42, Step    0: Loss = 293.06 (Recon: 250.31, Allele KL: 17.15, Base KL: 534.85, Functional KL: 0.02
Global Pooled JS: 0.013391
Seed 42, Step  500: Loss = 125.81 (Recon: 89.90, Allele KL: 8.76, Base KL: 4751.13, Functional KL: 0.01
Global Pooled JS: 0.012514
Seed 42, Step 1000: Loss = 110.37 (Recon: 75.74, Allele KL: 8.40, Base KL: 4814.25, Functional KL: 0.01
Global Pooled JS: 0.011953
Seed 42, Step 1500: Loss = 97.53 (Recon: 61.71, Allele KL: 10.39, Base KL: 4714.73, Functional KL: 0.01
Global Pooled JS: 0.012174
Seed 42, Step 2000: Loss = 103.02 (Recon: 60.12, Allele KL: 17.67, Base KL: 4610.21, Functional KL: 0.01
Global Pooled JS: 0.011904
Seed 42, Step 2500: Loss = 105.83 (Recon: 61.43, Allele KL: 18.79, Base KL: 4833.40, Functional KL: 0.01

Top Variants with Coverage Mismatches:
Rank   Variant                        Expected     Observed     Diff       |Div|       
------------------------------------------------------------------------------------------
1      CYP2C19:96602622→T             0.28         0.00         0.28       0.002014    
2      CYP2C19:96602622→M             0.28         0.00         0.28       0.002011    
3      CYP2C19:96602622→P             0.28         0.00         0.28       0.002006    
4      CYP2C19:96602622→A             0.27         0.00         0.27       0.001965    
5      CYP2C19:96602622→N             0.27         0.00         0.27       0.001963    
6      CYP2C19:96602622→C             0.27         0.00         0.27       0.001954    
7      CYP2C19:96602622→G             46.61        24.00        22.61      0.000150    
New best model with final loss: 108.22

=== Running VAE with seed 123 ===
Global Pooled JS: 0.017040
Seed 123, Step    0: Loss = 444.04 (Recon: 411.07, Allele KL: 7.11, Base KL: 845.52, Functional KL: 0.02
Global Pooled JS: 0.011943
Seed 123, Step  500: Loss = 101.83 (Recon: 63.45, Allele KL: 12.73, Base KL: 4708.02, Functional KL: 0.01
Global Pooled JS: 0.012422
Seed 123, Step 1000: Loss = 103.65 (Recon: 67.00, Allele KL: 10.72, Base KL: 4685.95, Functional KL: 0.01
Global Pooled JS: 0.012498
Seed 123, Step 1500: Loss = 105.16 (Recon: 66.87, Allele KL: 12.27, Base KL: 4724.48, Functional KL: 0.01
Global Pooled JS: 0.012542
Seed 123, Step 2000: Loss = 108.41 (Recon: 60.59, Allele KL: 22.48, Base KL: 4682.31, Functional KL: 0.01
Global Pooled JS: 0.011962
Seed 123, Step 2500: Loss = 103.87 (Recon: 61.80, Allele KL: 16.52, Base KL: 4686.27, Functional KL: 0.01

Top Variants with Coverage Mismatches:
Rank   Variant                        Expected     Observed     Diff       |Div|       
------------------------------------------------------------------------------------------
1      CYP2C19:96602622→C             0.28         0.00         0.28       0.002023    
2      CYP2C19:96602622→T             0.28         0.00         0.28       0.002006    
3      CYP2C19:96602622→N             0.28         0.00         0.28       0.001995    
4      CYP2C19:96602622→A             0.28         0.00         0.28       0.001992    
5      CYP2C19:96602622→P             0.28         0.00         0.28       0.001987    
6      CYP2C19:96602622→M             0.27         0.00         0.27       0.001962    
7      CYP2C19:96602622→G             46.61        24.00        22.61      0.000152    
New best model with final loss: 107.27

=== Running VAE with seed 456 ===
Global Pooled JS: 0.016592
Seed 456, Step    0: Loss = 618.62 (Recon: 574.52, Allele KL: 19.31, Base KL: 690.32, Functional KL: 0.02
Global Pooled JS: 0.012246
Seed 456, Step  500: Loss = 101.04 (Recon: 62.98, Allele KL: 12.43, Base KL: 4694.18, Functional KL: 0.01
Global Pooled JS: 0.012071
Seed 456, Step 1000: Loss = 106.01 (Recon: 61.78, Allele KL: 18.68, Base KL: 4690.12, Functional KL: 0.01
Global Pooled JS: 0.012872
Seed 456, Step 1500: Loss = 114.02 (Recon: 74.41, Allele KL: 13.21, Base KL: 4696.05, Functional KL: 0.01
Global Pooled JS: 0.012439
Seed 456, Step 2000: Loss = 104.81 (Recon: 68.83, Allele KL: 10.02, Base KL: 4695.82, Functional KL: 0.01
Global Pooled JS: 0.012273
Seed 456, Step 2500: Loss = 107.17 (Recon: 68.24, Allele KL: 12.88, Base KL: 4705.86, Functional KL: 0.01

Top Variants with Coverage Mismatches:
Rank   Variant                        Expected     Observed     Diff       |Div|       
------------------------------------------------------------------------------------------
1      CYP2C19:96602622→M             0.29         0.00         0.29       0.002099    
2      CYP2C19:96602622→P             0.29         0.00         0.29       0.002065    
3      CYP2C19:96602622→C             0.29         0.00         0.29       0.002065    
4      CYP2C19:96602622→T             0.29         0.00         0.29       0.002061    
5      CYP2C19:96602622→A             0.29         0.00         0.29       0.002056    
6      CYP2C19:96602622→N             0.29         0.00         0.29       0.002047    
7      CYP2C19:96602622→G             46.55        24.00        22.55      0.000163    

=== Multi-Seed VAE Results ===
Best model had seed 123 with final loss: 107.27
All seeds final losses:
  Seed 42: Total=108.22 (Recon=71.61, A_KL=10.55, B_KL=4714.02)
  Seed 123: Total=107.27 (Recon=70.29, A_KL=10.86, B_KL=4801.56) <- Best
  Seed 456: Total=110.98 (Recon=69.10, A_KL=16.02, B_KL=4674.64)

[Raw]:
CYP2C19*1: Normalized=1.0000, Unnormalized=1.00

[Alleles]
CYP2C19*1
CYP2C19*1
	Command being timed: "python /home/qinghuiz/aidy/push/Neretva/neretva/cyp.py CYP2C19 /project/shared/aldy-data/wgs/HG00276.wgs.cram"
	User time (seconds): 153.78
	System time (seconds): 33.90
	Percent of CPU this job got: 99%
	Elapsed (wall clock) time (h:mm:ss or m:ss): 3:08.51
	Average shared text size (kbytes): 0
	Average unshared data size (kbytes): 0
	Average stack size (kbytes): 0
	Average total size (kbytes): 0
	Maximum resident set size (kbytes): 2945396
	Average resident set size (kbytes): 0
	Major (requiring I/O) page faults: 0
	Minor (reclaiming a frame) page faults: 990932
	Voluntary context switches: 25216
	Involuntary context switches: 397
	Swaps: 0
	File system inputs: 0
	File system outputs: 48
	Socket messages sent: 0
	Socket messages received: 0
	Signals delivered: 0
	Page size (bytes): 4096
	Exit status: 0
