2026-03-11 04:58:48.610464: I tensorflow/core/util/port.cc:111] oneDNN custom operations are on. You may see slightly different numerical results due to floating-point round-off errors from different computation orders. To turn them off, set the environment variable `TF_ENABLE_ONEDNN_OPTS=0`.
2026-03-11 04:58:48.654134: E tensorflow/compiler/xla/stream_executor/cuda/cuda_dnn.cc:9342] Unable to register cuDNN factory: Attempting to register factory for plugin cuDNN when one has already been registered
2026-03-11 04:58:48.654286: E tensorflow/compiler/xla/stream_executor/cuda/cuda_fft.cc:609] Unable to register cuFFT factory: Attempting to register factory for plugin cuFFT when one has already been registered
2026-03-11 04:58:48.654457: E tensorflow/compiler/xla/stream_executor/cuda/cuda_blas.cc:1518] Unable to register cuBLAS factory: Attempting to register factory for plugin cuBLAS when one has already been registered
2026-03-11 04:58:48.671097: I tensorflow/core/platform/cpu_feature_guard.cc:182] This TensorFlow binary is optimized to use available CPU instructions in performance-critical operations.
To enable the following instructions: AVX2 AVX512F AVX512_VNNI FMA, in other operations, rebuild TensorFlow with the appropriate compiler flags.
AttributeError: 'MessageFactory' object has no attribute 'GetPrototype'
2026-03-11 04:58:49.927426: W tensorflow/compiler/tf2tensorrt/utils/py_utils.cc:38] TF-TRT Warning: Could not find TensorRT
AttributeError: 'MessageFactory' object has no attribute 'GetPrototype'
[info] total indices 497
[info] total variants 497
2.001 was filtered out as 96535123 A>G needs G but not covered
2.004 was filtered out as 96535123 A>G needs G but not covered
2.005 was filtered out as 96535123 A>G needs G but not covered
2.006 was filtered out as 96535123 A>G needs G but not covered
2.007 was filtered out as 96535123 A>G needs G but not covered
2.008 was filtered out as 96535123 A>G needs G but not covered
2.009 was filtered out as 96535123 A>G needs G but not covered
2.011 was filtered out as 96535123 A>G needs G but not covered
2.002 was filtered out as 96535123 A>G needs G but not covered
2.003 was filtered out as 96535123 A>G needs G but not covered
2.010 was filtered out as 96535123 A>G needs G but not covered
3.001 was filtered out as 96540409 G>A needs A but not covered
3.004 was filtered out as 96540409 G>A needs A but not covered
3.002 was filtered out as 96540409 G>A needs A but not covered
3.003 was filtered out as 96540409 G>A needs A but not covered
4.001 was filtered out as 96522462 A>G needs G but not covered
4.002 was filtered out as 96522462 A>G needs G but not covered
5.001 was filtered out as 96602622 A>G needs A but not covered
5.002 was filtered out as 96612494 C>T needs T but not covered
6.001 was filtered out as 96535209 G>A needs A but not covered
7.001 was filtered out as 96602622 A>G needs A but not covered
8.001 was filtered out as 96602622 A>G needs A but not covered
8.002 was filtered out as 96535172 T>C needs C but not covered
9.001 was filtered out as 96535245 G>A needs A but not covered
9.002 was filtered out as 96535245 G>A needs A but not covered
10.001 was filtered out as 96541614 C>T needs T but not covered
11.001 was filtered out as 96535263 G>A needs A but not covered
12.001 was filtered out as 96612670 A>C needs C but not covered
13.001 was filtered out as 96609751 C>T needs T but not covered
13.002 was filtered out as 96609751 C>T needs T but not covered
14.001 was filtered out as 96522511 T>C needs C but not covered
15.001 was filtered out as 96522516 A>C needs C but not covered
15.002 was filtered out as 96522516 A>C needs C but not covered
16.001 was filtered out as 96602622 A>G needs A but not covered
17.001 was filtered out as 96521656 C>T needs T but not covered
18.001 was filtered out as 96602617 G>A needs A but not covered
19.001 was filtered out as 96522612 A>G needs G but not covered
22.001 was filtered out as 96540330 G>C needs C but not covered
23.001 was filtered out as 96534916 G>C needs C but not covered
24.001 was filtered out as 96602635 G>A needs A but not covered
25.001 was filtered out as 96612541 C>G needs G but not covered
26.001 was filtered out as 96541700 G>A needs A but not covered
28.001 was filtered out as 96522516 A>C needs C but not covered
29.001 was filtered out as 96522544 A>T needs T but not covered
30.001 was filtered out as 96602622 A>G needs A but not covered
31.001 was filtered out as 96534877 C>T needs T but not covered
32.001 was filtered out as 96534941 A>G needs G but not covered
33.001 was filtered out as 96540335 G>A needs A but not covered
34.001 was filtered out as 96602622 A>G needs A but not covered
35.001 was filtered out as 96535123 A>G needs G but not covered
35.002 was filtered out as 96535123 A>G needs G but not covered
38.001 was filtered out as 96602622 A>G needs A but not covered
38.002 was filtered out as 96602622 A>G needs A but not covered
38.003 was filtered out as 96602622 A>G needs A but not covered
39.001 was filtered out as 96522516 A>C needs C but not covered
[filter] CYP2C19 1.002 => 1.002; 1.003; 1.004; 1.005; 1.006; 1.007; 1.008; 1.009; 1.010
[filter] valid_alleles=9
CYP2C19:96520534 → A:0, C:0, G*:56, M:0, N:0, P:0, T:0
CYP2C19:96521044 → A:0, C*:51, G:0, M:0, N:0, P:0, T:0
CYP2C19:96521071 → A:0, C:0, G:0, M:0, N:0, P:0, T*:48
CYP2C19:96521290 → A:0, C:0, G:0, M:0, N:0, P:0, T*:41
CYP2C19:96521421 → A:0, C:0, G*:41, M:0, N:0, P:0, T:0
CYP2C19:96521573 → A:0, C:0, G:0, M:0, N:0, P:0, T*:49
CYP2C19:96521687 → A:0, C:0, G:0, M:0, N:0, P:0, T*:46
CYP2C19:96522560 → A:0, C*:0, G:0, M:0, N:0, P:0, T:44
CYP2C19:96602622^ → A*:0, C:0, G^:38, M:0, N:0, P:0, T:0
CYP2C19:96602690 → A:0, C*:41, G:0, M:0, N:0, P:0, T:0
CYP2C19:96609774 → A*:47, C:0, G:0, M:0, N:0, P:0, T:0
Step 0: Loss=0.0420, CN=[2.0999167]
Step 100: Loss=0.0200, CN=[2.2102666]
Step 200: Loss=0.0200, CN=[2.2098331]
Step 300: Loss=0.0200, CN=[2.2098334]
Step 400: Loss=0.0200, CN=[2.2098334]

=== Fit ===
Region 0: obs=2.323, exp=2.210, diff=+0.113 
Region 1: obs=2.032, exp=2.210, diff=-0.178 
Region 2: obs=1.945, exp=2.210, diff=-0.265 
Region 3: obs=2.131, exp=2.210, diff=-0.078 
Region 4: obs=2.107, exp=2.210, diff=-0.103 
Region 5: obs=2.254, exp=2.210, diff=+0.044 
Region 6: obs=2.510, exp=2.210, diff=+0.300 
Region 7: obs=2.401, exp=2.210, diff=+0.191 
Region 8: obs=2.219, exp=2.210, diff=+0.010 
Region 9: obs=2.232, exp=2.210, diff=+0.022 
Region 10: obs=2.254, exp=2.210, diff=+0.044 
Region 11: obs=2.195, exp=2.210, diff=-0.015 
Region 12: obs=2.499, exp=2.210, diff=+0.290 
Region 13: obs=2.100, exp=2.210, diff=-0.110 
Region 14: obs=1.809, exp=2.210, diff=-0.401 
Region 15: obs=2.305, exp=2.210, diff=+0.095 
Region 16: obs=2.377, exp=2.210, diff=+0.167 
Region 17: obs=2.239, exp=2.210, diff=+0.029 
Region 18: obs=1.733, exp=2.210, diff=-0.477 
Region 19: obs=2.417, exp=2.210, diff=+0.208 
Region 20: obs=2.322, exp=2.210, diff=+0.112 

[Gene CN Results]
  CYP2C19: 2.21 → 2.2098336219787598
Using device: cuda
num_sparse_entries: 99
max sparse_flat_index: 692
expected max: 692

=== Running VAE with seed 42 ===
Global Pooled JS: 0.017456
Seed 42, Step    0: Loss = 294.50 (Recon: 253.40, Allele KL: 15.68, Base KL: 463.29, Functional KL: 0.02
Global Pooled JS: 0.011916
Seed 42, Step  500: Loss = 97.47 (Recon: 60.80, Allele KL: 10.05, Base KL: 4608.48, Functional KL: 0.01
Global Pooled JS: 0.011263
Seed 42, Step 1000: Loss = 89.63 (Recon: 54.41, Allele KL: 9.38, Base KL: 4602.38, Functional KL: 0.01
Global Pooled JS: 0.010682
Seed 42, Step 1500: Loss = 81.19 (Recon: 44.97, Allele KL: 10.98, Base KL: 4546.98, Functional KL: 0.01
Global Pooled JS: 0.011072
Seed 42, Step 2000: Loss = 83.70 (Recon: 44.62, Allele KL: 14.08, Base KL: 4373.55, Functional KL: 0.01
Global Pooled JS: 0.010859
Seed 42, Step 2500: Loss = 86.66 (Recon: 47.10, Allele KL: 14.01, Base KL: 4580.00, Functional KL: 0.01

Top Variants with Coverage Mismatches:
Rank   Variant                        Expected     Observed     Diff       |Div|       
------------------------------------------------------------------------------------------
1      CYP2C19:96602622→T             0.23         0.00         0.23       0.001770    
2      CYP2C19:96602622→M             0.23         0.00         0.23       0.001769    
3      CYP2C19:96602622→P             0.23         0.00         0.23       0.001763    
4      CYP2C19:96602622→A             0.23         0.00         0.23       0.001726    
5      CYP2C19:96602622→N             0.23         0.00         0.23       0.001724    
6      CYP2C19:96602622→C             0.23         0.00         0.23       0.001717    
7      CYP2C19:96602622→G             44.26        38.00        6.26       0.000116    
New best model with final loss: 88.16

=== Running VAE with seed 123 ===
Global Pooled JS: 0.016940
Seed 123, Step    0: Loss = 425.32 (Recon: 393.36, Allele KL: 6.24, Base KL: 781.08, Functional KL: 0.02
Global Pooled JS: 0.010689
Seed 123, Step  500: Loss = 84.71 (Recon: 46.76, Allele KL: 12.40, Base KL: 4616.66, Functional KL: 0.01
Global Pooled JS: 0.011090
Seed 123, Step 1000: Loss = 86.26 (Recon: 48.14, Allele KL: 12.38, Base KL: 4607.00, Functional KL: 0.01
Global Pooled JS: 0.011286
Seed 123, Step 1500: Loss = 87.95 (Recon: 50.41, Allele KL: 11.58, Base KL: 4586.99, Functional KL: 0.01
Global Pooled JS: 0.011228
Seed 123, Step 2000: Loss = 87.08 (Recon: 45.30, Allele KL: 16.43, Base KL: 4582.85, Functional KL: 0.01
Global Pooled JS: 0.010702
Seed 123, Step 2500: Loss = 87.66 (Recon: 45.09, Allele KL: 17.17, Base KL: 4552.78, Functional KL: 0.01

Top Variants with Coverage Mismatches:
Rank   Variant                        Expected     Observed     Diff       |Div|       
------------------------------------------------------------------------------------------
1      CYP2C19:96602622→C             0.24         0.00         0.24       0.001817    
2      CYP2C19:96602622→T             0.24         0.00         0.24       0.001801    
3      CYP2C19:96602622→N             0.24         0.00         0.24       0.001792    
4      CYP2C19:96602622→A             0.24         0.00         0.24       0.001789    
5      CYP2C19:96602622→P             0.24         0.00         0.24       0.001787    
6      CYP2C19:96602622→M             0.23         0.00         0.23       0.001764    
7      CYP2C19:96602622→G             44.22        38.00        6.22       0.000122    

=== Running VAE with seed 456 ===
Global Pooled JS: 0.016675
Seed 456, Step    0: Loss = 539.52 (Recon: 496.86, Allele KL: 17.81, Base KL: 673.00, Functional KL: 0.02
Global Pooled JS: 0.011020
Seed 456, Step  500: Loss = 84.30 (Recon: 46.87, Allele KL: 11.77, Base KL: 4667.14, Functional KL: 0.01
Global Pooled JS: 0.010958
Seed 456, Step 1000: Loss = 87.22 (Recon: 46.32, Allele KL: 15.37, Base KL: 4542.53, Functional KL: 0.01
Global Pooled JS: 0.011991
Seed 456, Step 1500: Loss = 99.14 (Recon: 60.38, Allele KL: 12.25, Base KL: 4606.98, Functional KL: 0.01
Global Pooled JS: 0.011097
Seed 456, Step 2000: Loss = 86.36 (Recon: 49.32, Allele KL: 11.28, Base KL: 4636.50, Functional KL: 0.01
Global Pooled JS: 0.011266
Seed 456, Step 2500: Loss = 92.05 (Recon: 53.14, Allele KL: 12.82, Base KL: 4591.47, Functional KL: 0.01

Top Variants with Coverage Mismatches:
Rank   Variant                        Expected     Observed     Diff       |Div|       
------------------------------------------------------------------------------------------
1      CYP2C19:96602622→M             0.25         0.00         0.25       0.001878    
2      CYP2C19:96602622→C             0.24         0.00         0.24       0.001858    
3      CYP2C19:96602622→P             0.24         0.00         0.24       0.001854    
4      CYP2C19:96602622→T             0.24         0.00         0.24       0.001853    
5      CYP2C19:96602622→A             0.24         0.00         0.24       0.001851    
6      CYP2C19:96602622→N             0.24         0.00         0.24       0.001832    
7      CYP2C19:96602622→G             44.17        38.00        6.17       0.000131    

=== Multi-Seed VAE Results ===
Best model had seed 42 with final loss: 88.16
All seeds final losses:
  Seed 42: Total=88.16 (Recon=48.89, A_KL=13.48, B_KL=4743.98) <- Best
  Seed 123: Total=89.87 (Recon=52.94, A_KL=10.88, B_KL=4715.08)
  Seed 456: Total=96.45 (Recon=56.49, A_KL=13.91, B_KL=4663.70)

[Raw]:
CYP2C19*1: Normalized=1.0000, Unnormalized=1.00

[Alleles]
CYP2C19*1
CYP2C19*1
	Command being timed: "python /home/qinghuiz/aidy/push/Neretva/neretva/cyp.py CYP2C19 /project/shared/aldy-data/wgs/HG00436.wgs.cram"
	User time (seconds): 157.58
	System time (seconds): 31.91
	Percent of CPU this job got: 99%
	Elapsed (wall clock) time (h:mm:ss or m:ss): 3:10.36
	Average shared text size (kbytes): 0
	Average unshared data size (kbytes): 0
	Average stack size (kbytes): 0
	Average total size (kbytes): 0
	Maximum resident set size (kbytes): 2988440
	Average resident set size (kbytes): 0
	Major (requiring I/O) page faults: 0
	Minor (reclaiming a frame) page faults: 982727
	Voluntary context switches: 24212
	Involuntary context switches: 332
	Swaps: 0
	File system inputs: 0
	File system outputs: 48
	Socket messages sent: 0
	Socket messages received: 0
	Signals delivered: 0
	Page size (bytes): 4096
	Exit status: 0
