2026-03-11 05:01:56.756285: I tensorflow/core/util/port.cc:111] oneDNN custom operations are on. You may see slightly different numerical results due to floating-point round-off errors from different computation orders. To turn them off, set the environment variable `TF_ENABLE_ONEDNN_OPTS=0`.
2026-03-11 05:01:56.796100: E tensorflow/compiler/xla/stream_executor/cuda/cuda_dnn.cc:9342] Unable to register cuDNN factory: Attempting to register factory for plugin cuDNN when one has already been registered
2026-03-11 05:01:56.796190: E tensorflow/compiler/xla/stream_executor/cuda/cuda_fft.cc:609] Unable to register cuFFT factory: Attempting to register factory for plugin cuFFT when one has already been registered
2026-03-11 05:01:56.796253: E tensorflow/compiler/xla/stream_executor/cuda/cuda_blas.cc:1518] Unable to register cuBLAS factory: Attempting to register factory for plugin cuBLAS when one has already been registered
2026-03-11 05:01:56.805288: I tensorflow/core/platform/cpu_feature_guard.cc:182] This TensorFlow binary is optimized to use available CPU instructions in performance-critical operations.
To enable the following instructions: AVX2 AVX512F AVX512_VNNI FMA, in other operations, rebuild TensorFlow with the appropriate compiler flags.
AttributeError: 'MessageFactory' object has no attribute 'GetPrototype'
2026-03-11 05:01:58.122354: W tensorflow/compiler/tf2tensorrt/utils/py_utils.cc:38] TF-TRT Warning: Could not find TensorRT
AttributeError: 'MessageFactory' object has no attribute 'GetPrototype'
[info] total indices 497
[info] total variants 497
2.001 was filtered out as 96535123 A>G needs G but not covered
2.004 was filtered out as 96535123 A>G needs G but not covered
2.005 was filtered out as 96535123 A>G needs G but not covered
2.006 was filtered out as 96535123 A>G needs G but not covered
2.007 was filtered out as 96535123 A>G needs G but not covered
2.008 was filtered out as 96535123 A>G needs G but not covered
2.009 was filtered out as 96535123 A>G needs G but not covered
2.011 was filtered out as 96535123 A>G needs G but not covered
2.002 was filtered out as 96535123 A>G needs G but not covered
2.003 was filtered out as 96535123 A>G needs G but not covered
2.010 was filtered out as 96535123 A>G needs G but not covered
3.001 was filtered out as 96540409 G>A needs A but not covered
3.004 was filtered out as 96540409 G>A needs A but not covered
3.002 was filtered out as 96540409 G>A needs A but not covered
3.003 was filtered out as 96540409 G>A needs A but not covered
4.001 was filtered out as 96522462 A>G needs G but not covered
4.002 was filtered out as 96522462 A>G needs G but not covered
5.001 was filtered out as 96602622 A>G needs A but not covered
5.002 was filtered out as 96612494 C>T needs T but not covered
6.001 was filtered out as 96535209 G>A needs A but not covered
7.001 was filtered out as 96602622 A>G needs A but not covered
8.001 was filtered out as 96602622 A>G needs A but not covered
8.002 was filtered out as 96535172 T>C needs C but not covered
9.001 was filtered out as 96535245 G>A needs A but not covered
9.002 was filtered out as 96535245 G>A needs A but not covered
10.001 was filtered out as 96541614 C>T needs T but not covered
11.001 was filtered out as 96535263 G>A needs A but not covered
12.001 was filtered out as 96612670 A>C needs C but not covered
13.001 was filtered out as 96609751 C>T needs T but not covered
13.002 was filtered out as 96609751 C>T needs T but not covered
14.001 was filtered out as 96522511 T>C needs C but not covered
15.001 was filtered out as 96522516 A>C needs C but not covered
15.002 was filtered out as 96522516 A>C needs C but not covered
16.001 was filtered out as 96602622 A>G needs A but not covered
18.001 was filtered out as 96602617 G>A needs A but not covered
19.001 was filtered out as 96522612 A>G needs G but not covered
22.001 was filtered out as 96540330 G>C needs C but not covered
23.001 was filtered out as 96534916 G>C needs C but not covered
24.001 was filtered out as 96602635 G>A needs A but not covered
25.001 was filtered out as 96612541 C>G needs G but not covered
26.001 was filtered out as 96541700 G>A needs A but not covered
28.001 was filtered out as 96522516 A>C needs C but not covered
29.001 was filtered out as 96522544 A>T needs T but not covered
30.001 was filtered out as 96602622 A>G needs A but not covered
31.001 was filtered out as 96534877 C>T needs T but not covered
32.001 was filtered out as 96534941 A>G needs G but not covered
33.001 was filtered out as 96540335 G>A needs A but not covered
34.001 was filtered out as 96602622 A>G needs A but not covered
35.001 was filtered out as 96535123 A>G needs G but not covered
35.002 was filtered out as 96535123 A>G needs G but not covered
38.001 was filtered out as 96602622 A>G needs A but not covered
38.002 was filtered out as 96602622 A>G needs A but not covered
38.003 was filtered out as 96602622 A>G needs A but not covered
39.001 was filtered out as 96522516 A>C needs C but not covered
[filter] CYP2C19 1.002 => 1.002; 1.003; 1.004; 1.005; 1.006; 1.007; 1.008; 1.009; 1.010
[filter] CYP2C19 17.001 => 17.001
[filter] valid_alleles=10
CYP2C19:96520534 → A:0, C:0, G*:56, M:0, N:0, P:0, T:0
CYP2C19:96521044 → A:0, C*:46, G:0, M:0, N:0, P:0, T:0
CYP2C19:96521071 → A:0, C:0, G:0, M:0, N:0, P:0, T*:45
CYP2C19:96521290 → A:0, C:0, G:0, M:0, N:0, P:0, T*:50
CYP2C19:96521421 → A:0, C:0, G*:43, M:0, N:0, P:0, T:0
CYP2C19:96521573 → A:0, C:0, G:0, M:0, N:0, P:0, T*:41
CYP2C19:96521656^ → A:0, C*:21, G:0, M:0, N:0, P:0, T^:14
CYP2C19:96521687 → A:0, C:0, G:0, M:0, N:0, P:0, T*:44
CYP2C19:96522560 → A:0, C*:0, G:0, M:0, N:0, P:0, T:64
CYP2C19:96602622^ → A*:0, C:0, G^:46, M:0, N:0, P:0, T:0
CYP2C19:96602690 → A:0, C*:43, G:0, M:0, N:0, P:0, T:0
CYP2C19:96609774 → A*:54, C:0, G:0, M:0, N:0, P:0, T:0
Step 0: Loss=0.1029, CN=[2.0999167]
Step 100: Loss=0.0313, CN=[2.404265]
Step 200: Loss=0.0313, CN=[2.4055712]
Step 300: Loss=0.0313, CN=[2.4055672]
Step 400: Loss=0.0313, CN=[2.4055672]

=== Fit ===
Region 0: obs=2.620, exp=2.406, diff=+0.214 
Region 1: obs=2.507, exp=2.406, diff=+0.102 
Region 2: obs=2.941, exp=2.406, diff=+0.535 *
Region 3: obs=2.225, exp=2.406, diff=-0.181 
Region 4: obs=2.035, exp=2.406, diff=-0.370 
Region 5: obs=2.468, exp=2.406, diff=+0.063 
Region 6: obs=2.117, exp=2.406, diff=-0.288 
Region 7: obs=2.350, exp=2.406, diff=-0.056 
Region 8: obs=2.260, exp=2.406, diff=-0.146 
Region 9: obs=2.363, exp=2.406, diff=-0.042 
Region 10: obs=2.913, exp=2.406, diff=+0.507 *
Region 11: obs=2.217, exp=2.406, diff=-0.189 
Region 12: obs=2.400, exp=2.406, diff=-0.005 
Region 13: obs=2.255, exp=2.406, diff=-0.150 
Region 14: obs=2.041, exp=2.406, diff=-0.365 
Region 15: obs=2.345, exp=2.406, diff=-0.061 
Region 16: obs=2.719, exp=2.406, diff=+0.314 
Region 17: obs=2.308, exp=2.406, diff=-0.097 
Region 18: obs=2.466, exp=2.406, diff=+0.060 
Region 19: obs=2.734, exp=2.406, diff=+0.328 
Region 20: obs=2.274, exp=2.406, diff=-0.132 

[Gene CN Results]
  CYP2C19: 2.41 → 2.405566930770874
Using device: cuda
num_sparse_entries: 120
max sparse_flat_index: 839
expected max: 839

=== Running VAE with seed 42 ===
Global Pooled JS: 0.082398
Seed 42, Step    0: Loss = 157.51 (Recon: 118.86, Allele KL: 15.48, Base KL: 906.19, Functional KL: 0.08
Global Pooled JS: 0.011764
Seed 42, Step  500: Loss = 110.81 (Recon: 74.18, Allele KL: 11.18, Base KL: 3939.82, Functional KL: 0.01
Global Pooled JS: 0.013904
Seed 42, Step 1000: Loss = 105.24 (Recon: 65.81, Allele KL: 14.71, Base KL: 3851.00, Functional KL: 0.01
Global Pooled JS: 0.012297
Seed 42, Step 1500: Loss = 98.18 (Recon: 61.85, Allele KL: 11.68, Base KL: 3873.07, Functional KL: 0.01
Global Pooled JS: 0.022259
Seed 42, Step 2000: Loss = 106.10 (Recon: 61.63, Allele KL: 20.34, Base KL: 3793.21, Functional KL: 0.02
Global Pooled JS: 0.011124
Seed 42, Step 2500: Loss = 103.04 (Recon: 60.39, Allele KL: 17.75, Base KL: 3979.61, Functional KL: 0.01

Top Variants with Coverage Mismatches:
Rank   Variant                        Expected     Observed     Diff       |Div|       
------------------------------------------------------------------------------------------
1      CYP2C19:96602622→G             45.61        46.00        -0.39      0.001733    
2      CYP2C19:96521656→C             29.27        21.00        8.27       0.001122    
3      CYP2C19:96602622→N             0.28         0.00         0.28       0.001012    
4      CYP2C19:96602622→M             0.27         0.00         0.27       0.001008    
5      CYP2C19:96602622→T             0.27         0.00         0.27       0.001006    
6      CYP2C19:96602622→C             0.27         0.00         0.27       0.001003    
7      CYP2C19:96602622→A             0.27         0.00         0.27       0.000996    
8      CYP2C19:96602622→P             0.27         0.00         0.27       0.000996    
9      CYP2C19:96521656→P             0.12         0.00         0.12       0.000433    
10     CYP2C19:96521656→G             0.12         0.00         0.12       0.000432    
11     CYP2C19:96521656→N             0.12         0.00         0.12       0.000427    
12     CYP2C19:96521656→M             0.12         0.00         0.12       0.000423    
13     CYP2C19:96521656→A             0.11         0.00         0.11       0.000421    
14     CYP2C19:96521656→T             17.39        14.00        3.39       0.000088    
New best model with final loss: 103.51

=== Running VAE with seed 123 ===
Global Pooled JS: 0.070321
Seed 123, Step    0: Loss = 421.58 (Recon: 392.30, Allele KL: 4.85, Base KL: 701.16, Functional KL: 0.07
Global Pooled JS: 0.013326
Seed 123, Step  500: Loss = 101.17 (Recon: 61.30, Allele KL: 15.23, Base KL: 3857.76, Functional KL: 0.01
Global Pooled JS: 0.014561
Seed 123, Step 1000: Loss = 105.38 (Recon: 66.77, Allele KL: 13.75, Base KL: 3843.83, Functional KL: 0.01
Global Pooled JS: 0.012651
Seed 123, Step 1500: Loss = 103.11 (Recon: 60.82, Allele KL: 17.42, Base KL: 3907.29, Functional KL: 0.01
Global Pooled JS: 0.013131
Seed 123, Step 2000: Loss = 103.56 (Recon: 59.76, Allele KL: 19.39, Base KL: 3812.78, Functional KL: 0.01
Global Pooled JS: 0.012585
Seed 123, Step 2500: Loss = 101.80 (Recon: 62.07, Allele KL: 15.04, Base KL: 3885.55, Functional KL: 0.01

Top Variants with Coverage Mismatches:
Rank   Variant                        Expected     Observed     Diff       |Div|       
------------------------------------------------------------------------------------------
1      CYP2C19:96602622→G             45.54        46.00        -0.46      0.001763    
2      CYP2C19:96602622→P             0.29         0.00         0.29       0.001049    
3      CYP2C19:96602622→N             0.29         0.00         0.29       0.001049    
4      CYP2C19:96602622→C             0.29         0.00         0.29       0.001048    
5      CYP2C19:96602622→M             0.29         0.00         0.29       0.001047    
6      CYP2C19:96602622→A             0.29         0.00         0.29       0.001047    
7      CYP2C19:96602622→T             0.28         0.00         0.28       0.001035    
8      CYP2C19:96521656→C             28.29        21.00        7.29       0.000722    
9      CYP2C19:96521656→P             0.12         0.00         0.12       0.000442    
10     CYP2C19:96521656→G             0.12         0.00         0.12       0.000440    
11     CYP2C19:96521656→A             0.12         0.00         0.12       0.000435    
12     CYP2C19:96521656→N             0.12         0.00         0.12       0.000434    
13     CYP2C19:96521656→M             0.12         0.00         0.12       0.000426    
14     CYP2C19:96521656→T             18.36        14.00        4.36       0.000314    

=== Running VAE with seed 456 ===
Global Pooled JS: 0.021668
Seed 456, Step    0: Loss = 133.97 (Recon: 91.96, Allele KL: 18.20, Base KL: 928.75, Functional KL: 0.02
Global Pooled JS: 0.013961
Seed 456, Step  500: Loss = 101.67 (Recon: 61.51, Allele KL: 15.45, Base KL: 3845.11, Functional KL: 0.01
Global Pooled JS: 0.011638
Seed 456, Step 1000: Loss = 101.21 (Recon: 60.59, Allele KL: 15.98, Base KL: 3826.72, Functional KL: 0.01
Global Pooled JS: 0.015899
Seed 456, Step 1500: Loss = 116.11 (Recon: 77.68, Allele KL: 12.86, Base KL: 3838.02, Functional KL: 0.02
Global Pooled JS: 0.011520
Seed 456, Step 2000: Loss = 102.85 (Recon: 60.33, Allele KL: 17.94, Base KL: 3814.59, Functional KL: 0.01
Global Pooled JS: 0.011291
Seed 456, Step 2500: Loss = 105.04 (Recon: 60.92, Allele KL: 19.43, Base KL: 3837.57, Functional KL: 0.01

Top Variants with Coverage Mismatches:
Rank   Variant                        Expected     Observed     Diff       |Div|       
------------------------------------------------------------------------------------------
1      CYP2C19:96602622→G             45.59        46.00        -0.41      0.001741    
2      CYP2C19:96521656→C             30.49        21.00        9.49       0.001730    
3      CYP2C19:96602622→T             0.28         0.00         0.28       0.001026    
4      CYP2C19:96602622→N             0.28         0.00         0.28       0.001024    
5      CYP2C19:96602622→A             0.28         0.00         0.28       0.001023    
6      CYP2C19:96602622→C             0.28         0.00         0.28       0.001012    
7      CYP2C19:96602622→M             0.27         0.00         0.27       0.001006    
8      CYP2C19:96602622→P             0.27         0.00         0.27       0.000999    
9      CYP2C19:96521656→N             0.11         0.00         0.11       0.000413    
10     CYP2C19:96521656→A             0.11         0.00         0.11       0.000408    
11     CYP2C19:96521656→P             0.11         0.00         0.11       0.000404    
12     CYP2C19:96521656→M             0.11         0.00         0.11       0.000404    
13     CYP2C19:96521656→G             0.11         0.00         0.11       0.000403    
14     CYP2C19:96521656→T             16.20        14.00        2.20       0.000001    

=== Multi-Seed VAE Results ===
Best model had seed 42 with final loss: 103.51
All seeds final losses:
  Seed 42: Total=103.51 (Recon=62.72, A_KL=15.96, B_KL=3916.39) <- Best
  Seed 123: Total=108.25 (Recon=69.64, A_KL=13.66, B_KL=3838.00)
  Seed 456: Total=108.41 (Recon=62.99, A_KL=20.77, B_KL=3910.66)

[Raw]:
CYP2C19*1: Normalized=0.6170, Unnormalized=0.62
CYP2C19*17: Normalized=0.3830, Unnormalized=0.38

[Alleles]
CYP2C19*1
CYP2C19*17
	Command being timed: "python /home/qinghuiz/aidy/push/Neretva/neretva/cyp.py CYP2C19 /project/shared/aldy-data/wgs/NA07019.wgs.cram"
	User time (seconds): 157.36
	System time (seconds): 32.14
	Percent of CPU this job got: 99%
	Elapsed (wall clock) time (h:mm:ss or m:ss): 3:10.57
	Average shared text size (kbytes): 0
	Average unshared data size (kbytes): 0
	Average stack size (kbytes): 0
	Average total size (kbytes): 0
	Maximum resident set size (kbytes): 2968904
	Average resident set size (kbytes): 0
	Major (requiring I/O) page faults: 0
	Minor (reclaiming a frame) page faults: 1037007
	Voluntary context switches: 24663
	Involuntary context switches: 2099
	Swaps: 0
	File system inputs: 0
	File system outputs: 56
	Socket messages sent: 0
	Socket messages received: 0
	Signals delivered: 0
	Page size (bytes): 4096
	Exit status: 0
