2026-03-11 05:01:57.489401: I tensorflow/core/util/port.cc:111] oneDNN custom operations are on. You may see slightly different numerical results due to floating-point round-off errors from different computation orders. To turn them off, set the environment variable `TF_ENABLE_ONEDNN_OPTS=0`.
2026-03-11 05:01:57.526157: E tensorflow/compiler/xla/stream_executor/cuda/cuda_dnn.cc:9342] Unable to register cuDNN factory: Attempting to register factory for plugin cuDNN when one has already been registered
2026-03-11 05:01:57.526327: E tensorflow/compiler/xla/stream_executor/cuda/cuda_fft.cc:609] Unable to register cuFFT factory: Attempting to register factory for plugin cuFFT when one has already been registered
2026-03-11 05:01:57.526457: E tensorflow/compiler/xla/stream_executor/cuda/cuda_blas.cc:1518] Unable to register cuBLAS factory: Attempting to register factory for plugin cuBLAS when one has already been registered
2026-03-11 05:01:57.534873: I tensorflow/core/platform/cpu_feature_guard.cc:182] This TensorFlow binary is optimized to use available CPU instructions in performance-critical operations.
To enable the following instructions: AVX2 AVX512F AVX512_VNNI FMA, in other operations, rebuild TensorFlow with the appropriate compiler flags.
AttributeError: 'MessageFactory' object has no attribute 'GetPrototype'
2026-03-11 05:01:58.677038: W tensorflow/compiler/tf2tensorrt/utils/py_utils.cc:38] TF-TRT Warning: Could not find TensorRT
AttributeError: 'MessageFactory' object has no attribute 'GetPrototype'
[info] total indices 497
[info] total variants 497
2.001 was filtered out as 96535123 A>G needs G but not covered
2.004 was filtered out as 96535123 A>G needs G but not covered
2.005 was filtered out as 96535123 A>G needs G but not covered
2.006 was filtered out as 96535123 A>G needs G but not covered
2.007 was filtered out as 96535123 A>G needs G but not covered
2.008 was filtered out as 96535123 A>G needs G but not covered
2.009 was filtered out as 96535123 A>G needs G but not covered
2.011 was filtered out as 96535123 A>G needs G but not covered
2.002 was filtered out as 96535123 A>G needs G but not covered
2.003 was filtered out as 96535123 A>G needs G but not covered
2.010 was filtered out as 96535123 A>G needs G but not covered
3.001 was filtered out as 96540409 G>A needs A but not covered
3.004 was filtered out as 96540409 G>A needs A but not covered
3.002 was filtered out as 96540409 G>A needs A but not covered
3.003 was filtered out as 96540409 G>A needs A but not covered
4.001 was filtered out as 96522462 A>G needs G but not covered
4.002 was filtered out as 96522462 A>G needs G but not covered
5.001 was filtered out as 96602622 A>G needs A but not covered
5.002 was filtered out as 96612494 C>T needs T but not covered
6.001 was filtered out as 96535209 G>A needs A but not covered
7.001 was filtered out as 96602622 A>G needs A but not covered
8.001 was filtered out as 96602622 A>G needs A but not covered
8.002 was filtered out as 96535172 T>C needs C but not covered
9.001 was filtered out as 96535245 G>A needs A but not covered
9.002 was filtered out as 96535245 G>A needs A but not covered
10.001 was filtered out as 96541614 C>T needs T but not covered
11.001 was filtered out as 96535263 G>A needs A but not covered
12.001 was filtered out as 96612670 A>C needs C but not covered
13.001 was filtered out as 96609751 C>T needs T but not covered
13.002 was filtered out as 96609751 C>T needs T but not covered
14.001 was filtered out as 96522511 T>C needs C but not covered
15.001 was filtered out as 96522516 A>C needs C but not covered
15.002 was filtered out as 96522516 A>C needs C but not covered
16.001 was filtered out as 96602622 A>G needs A but not covered
17.001 was filtered out as 96521656 C>T needs T but not covered
18.001 was filtered out as 96602617 G>A needs A but not covered
19.001 was filtered out as 96522612 A>G needs G but not covered
22.001 was filtered out as 96540330 G>C needs C but not covered
23.001 was filtered out as 96534916 G>C needs C but not covered
24.001 was filtered out as 96602635 G>A needs A but not covered
25.001 was filtered out as 96612541 C>G needs G but not covered
26.001 was filtered out as 96541700 G>A needs A but not covered
28.001 was filtered out as 96522516 A>C needs C but not covered
29.001 was filtered out as 96522544 A>T needs T but not covered
30.001 was filtered out as 96602622 A>G needs A but not covered
31.001 was filtered out as 96534877 C>T needs T but not covered
32.001 was filtered out as 96534941 A>G needs G but not covered
33.001 was filtered out as 96540335 G>A needs A but not covered
34.001 was filtered out as 96602622 A>G needs A but not covered
35.001 was filtered out as 96535123 A>G needs G but not covered
35.002 was filtered out as 96535123 A>G needs G but not covered
38.001 was filtered out as 96602622 A>G needs A but not covered
38.002 was filtered out as 96602622 A>G needs A but not covered
38.003 was filtered out as 96602622 A>G needs A but not covered
39.001 was filtered out as 96522516 A>C needs C but not covered
[filter] CYP2C19 1.002 => 1.002; 1.003; 1.004; 1.005; 1.006; 1.007; 1.008; 1.009; 1.010
[filter] valid_alleles=9
CYP2C19:96520534 → A:0, C:0, G*:52, M:0, N:0, P:0, T:0
CYP2C19:96521044 → A:0, C*:52, G:0, M:0, N:0, P:0, T:0
CYP2C19:96521071 → A:0, C:0, G:0, M:0, N:0, P:0, T*:53
CYP2C19:96521290 → A:0, C:0, G:0, M:0, N:0, P:0, T*:48
CYP2C19:96521421 → A:0, C:0, G*:43, M:0, N:0, P:0, T:0
CYP2C19:96521573 → A:0, C:0, G:0, M:0, N:0, P:0, T*:41
CYP2C19:96521687 → A:0, C:0, G:0, M:0, N:0, P:0, T*:39
CYP2C19:96522560 → A:0, C*:0, G:0, M:0, N:0, P:0, T:42
CYP2C19:96602622^ → A*:0, C:0, G^:56, M:0, N:0, P:0, T:0
CYP2C19:96602690 → A:0, C*:46, G:0, M:0, N:0, P:0, T:0
CYP2C19:96609774 → A*:45, C:0, G:0, M:0, N:0, P:0, T:0
Step 0: Loss=0.0336, CN=[1.9000832]
Step 100: Loss=0.0179, CN=[1.8236628]
Step 200: Loss=0.0179, CN=[1.8228991]
Step 300: Loss=0.0179, CN=[1.8228993]
Step 400: Loss=0.0179, CN=[1.8228993]

=== Fit ===
Region 0: obs=1.889, exp=1.823, diff=+0.066 
Region 1: obs=1.479, exp=1.823, diff=-0.344 
Region 2: obs=1.712, exp=1.823, diff=-0.111 
Region 3: obs=1.811, exp=1.823, diff=-0.012 
Region 4: obs=1.571, exp=1.823, diff=-0.251 
Region 5: obs=1.590, exp=1.823, diff=-0.233 
Region 6: obs=1.828, exp=1.823, diff=+0.005 
Region 7: obs=1.920, exp=1.823, diff=+0.097 
Region 8: obs=1.782, exp=1.823, diff=-0.041 
Region 9: obs=1.938, exp=1.823, diff=+0.115 
Region 10: obs=1.654, exp=1.823, diff=-0.169 
Region 11: obs=1.793, exp=1.823, diff=-0.030 
Region 12: obs=2.144, exp=1.823, diff=+0.321 
Region 13: obs=1.828, exp=1.823, diff=+0.005 
Region 14: obs=2.024, exp=1.823, diff=+0.201 
Region 15: obs=1.842, exp=1.823, diff=+0.019 
Region 16: obs=1.967, exp=1.823, diff=+0.144 
Region 17: obs=1.819, exp=1.823, diff=-0.004 
Region 18: obs=1.536, exp=1.823, diff=-0.287 
Region 19: obs=2.264, exp=1.823, diff=+0.441 
Region 20: obs=1.890, exp=1.823, diff=+0.067 

[Gene CN Results]
  CYP2C19: 1.82 → 1.822899341583252
Using device: cuda
num_sparse_entries: 99
max sparse_flat_index: 692
expected max: 692

=== Running VAE with seed 42 ===
Global Pooled JS: 0.017325
Seed 42, Step    0: Loss = 332.39 (Recon: 288.83, Allele KL: 18.31, Base KL: 513.68, Functional KL: 0.02
Global Pooled JS: 0.011407
Seed 42, Step  500: Loss = 101.87 (Recon: 66.40, Allele KL: 8.42, Base KL: 4798.42, Functional KL: 0.01
Global Pooled JS: 0.010121
Seed 42, Step 1000: Loss = 90.95 (Recon: 55.79, Allele KL: 9.13, Base KL: 4771.49, Functional KL: 0.01
Global Pooled JS: 0.009438
Seed 42, Step 1500: Loss = 82.31 (Recon: 45.97, Allele KL: 10.83, Base KL: 4834.25, Functional KL: 0.01
Global Pooled JS: 0.009644
Seed 42, Step 2000: Loss = 86.84 (Recon: 44.57, Allele KL: 17.05, Base KL: 4636.09, Functional KL: 0.01
Global Pooled JS: 0.009385
Seed 42, Step 2500: Loss = 91.06 (Recon: 45.33, Allele KL: 20.10, Base KL: 4911.31, Functional KL: 0.01

Top Variants with Coverage Mismatches:
Rank   Variant                        Expected     Observed     Diff       |Div|       
------------------------------------------------------------------------------------------
1      CYP2C19:96602622→T             0.22         0.00         0.22       0.001630    
2      CYP2C19:96602622→M             0.22         0.00         0.22       0.001628    
3      CYP2C19:96602622→P             0.22         0.00         0.22       0.001623    
4      CYP2C19:96602622→A             0.22         0.00         0.22       0.001594    
5      CYP2C19:96602622→N             0.22         0.00         0.22       0.001593    
6      CYP2C19:96602622→C             0.21         0.00         0.21       0.001582    
7      CYP2C19:96602622→G             45.69        56.00        -10.31     0.000098    
New best model with final loss: 91.39

=== Running VAE with seed 123 ===
Global Pooled JS: 0.016933
Seed 123, Step    0: Loss = 432.47 (Recon: 399.47, Allele KL: 7.23, Base KL: 858.22, Functional KL: 0.02
Global Pooled JS: 0.009559
Seed 123, Step  500: Loss = 85.91 (Recon: 47.85, Allele KL: 12.33, Base KL: 4807.46, Functional KL: 0.01
Global Pooled JS: 0.009950
Seed 123, Step 1000: Loss = 86.78 (Recon: 49.43, Allele KL: 11.46, Base KL: 4741.79, Functional KL: 0.01
Global Pooled JS: 0.010222
Seed 123, Step 1500: Loss = 88.94 (Recon: 51.26, Allele KL: 11.66, Base KL: 4637.52, Functional KL: 0.01
Global Pooled JS: 0.009928
Seed 123, Step 2000: Loss = 87.55 (Recon: 46.45, Allele KL: 15.50, Base KL: 4821.24, Functional KL: 0.01
Global Pooled JS: 0.009484
Seed 123, Step 2500: Loss = 88.00 (Recon: 46.03, Allele KL: 16.41, Base KL: 4719.98, Functional KL: 0.01

Top Variants with Coverage Mismatches:
Rank   Variant                        Expected     Observed     Diff       |Div|       
------------------------------------------------------------------------------------------
1      CYP2C19:96602622→C             0.22         0.00         0.22       0.001620    
2      CYP2C19:96602622→T             0.22         0.00         0.22       0.001605    
3      CYP2C19:96602622→N             0.22         0.00         0.22       0.001602    
4      CYP2C19:96602622→A             0.22         0.00         0.22       0.001599    
5      CYP2C19:96602622→P             0.22         0.00         0.22       0.001597    
6      CYP2C19:96602622→M             0.21         0.00         0.21       0.001573    
7      CYP2C19:96602622→G             45.70        56.00        -10.30     0.000097    
New best model with final loss: 89.85

=== Running VAE with seed 456 ===
Global Pooled JS: 0.016616
Seed 456, Step    0: Loss = 553.15 (Recon: 510.69, Allele KL: 17.68, Base KL: 714.38, Functional KL: 0.02
Global Pooled JS: 0.009810
Seed 456, Step  500: Loss = 85.27 (Recon: 47.44, Allele KL: 12.11, Base KL: 4761.39, Functional KL: 0.01
Global Pooled JS: 0.009746
Seed 456, Step 1000: Loss = 88.05 (Recon: 47.00, Allele KL: 15.36, Base KL: 4732.10, Functional KL: 0.01
Global Pooled JS: 0.011343
Seed 456, Step 1500: Loss = 102.53 (Recon: 64.56, Allele KL: 11.07, Base KL: 4778.06, Functional KL: 0.01
Global Pooled JS: 0.009914
Seed 456, Step 2000: Loss = 86.87 (Recon: 48.51, Allele KL: 12.75, Base KL: 4599.75, Functional KL: 0.01
Global Pooled JS: 0.010138
Seed 456, Step 2500: Loss = 91.43 (Recon: 53.13, Allele KL: 12.09, Base KL: 4780.70, Functional KL: 0.01

Top Variants with Coverage Mismatches:
Rank   Variant                        Expected     Observed     Diff       |Div|       
------------------------------------------------------------------------------------------
1      CYP2C19:96602622→M             0.23         0.00         0.23       0.001675    
2      CYP2C19:96602622→P             0.22         0.00         0.22       0.001652    
3      CYP2C19:96602622→C             0.22         0.00         0.22       0.001651    
4      CYP2C19:96602622→T             0.22         0.00         0.22       0.001648    
5      CYP2C19:96602622→A             0.22         0.00         0.22       0.001645    
6      CYP2C19:96602622→N             0.22         0.00         0.22       0.001634    
7      CYP2C19:96602622→G             45.66        56.00        -10.34     0.000104    

=== Multi-Seed VAE Results ===
Best model had seed 123 with final loss: 89.85
All seeds final losses:
  Seed 42: Total=91.39 (Recon=55.20, A_KL=10.04, B_KL=4781.08)
  Seed 123: Total=89.85 (Recon=52.32, A_KL=11.43, B_KL=4854.69) <- Best
  Seed 456: Total=94.80 (Recon=53.40, A_KL=15.42, B_KL=4728.29)

[Raw]:
CYP2C19*1: Normalized=1.0000, Unnormalized=1.00

[Alleles]
CYP2C19*1
CYP2C19*1
	Command being timed: "python /home/qinghuiz/aidy/push/Neretva/neretva/cyp.py CYP2C19 /project/shared/aldy-data/wgs/NA07056.wgs.cram"
	User time (seconds): 160.17
	System time (seconds): 30.31
	Percent of CPU this job got: 99%
	Elapsed (wall clock) time (h:mm:ss or m:ss): 3:11.09
	Average shared text size (kbytes): 0
	Average unshared data size (kbytes): 0
	Average stack size (kbytes): 0
	Average total size (kbytes): 0
	Maximum resident set size (kbytes): 2941628
	Average resident set size (kbytes): 0
	Major (requiring I/O) page faults: 0
	Minor (reclaiming a frame) page faults: 1353487
	Voluntary context switches: 22821
	Involuntary context switches: 308
	Swaps: 0
	File system inputs: 0
	File system outputs: 56
	Socket messages sent: 0
	Socket messages received: 0
	Signals delivered: 0
	Page size (bytes): 4096
	Exit status: 0
