2026-03-11 05:01:56.815101: I tensorflow/core/util/port.cc:111] oneDNN custom operations are on. You may see slightly different numerical results due to floating-point round-off errors from different computation orders. To turn them off, set the environment variable `TF_ENABLE_ONEDNN_OPTS=0`.
2026-03-11 05:01:56.853343: E tensorflow/compiler/xla/stream_executor/cuda/cuda_dnn.cc:9342] Unable to register cuDNN factory: Attempting to register factory for plugin cuDNN when one has already been registered
2026-03-11 05:01:56.853434: E tensorflow/compiler/xla/stream_executor/cuda/cuda_fft.cc:609] Unable to register cuFFT factory: Attempting to register factory for plugin cuFFT when one has already been registered
2026-03-11 05:01:56.853490: E tensorflow/compiler/xla/stream_executor/cuda/cuda_blas.cc:1518] Unable to register cuBLAS factory: Attempting to register factory for plugin cuBLAS when one has already been registered
2026-03-11 05:01:56.861739: I tensorflow/core/platform/cpu_feature_guard.cc:182] This TensorFlow binary is optimized to use available CPU instructions in performance-critical operations.
To enable the following instructions: AVX2 AVX512F AVX512_VNNI FMA, in other operations, rebuild TensorFlow with the appropriate compiler flags.
AttributeError: 'MessageFactory' object has no attribute 'GetPrototype'
2026-03-11 05:01:57.963997: W tensorflow/compiler/tf2tensorrt/utils/py_utils.cc:38] TF-TRT Warning: Could not find TensorRT
AttributeError: 'MessageFactory' object has no attribute 'GetPrototype'
[info] total indices 497
[info] total variants 497
2.001 was filtered out as 96535123 A>G needs G but not covered
2.004 was filtered out as 96535123 A>G needs G but not covered
2.005 was filtered out as 96535123 A>G needs G but not covered
2.006 was filtered out as 96535123 A>G needs G but not covered
2.007 was filtered out as 96535123 A>G needs G but not covered
2.008 was filtered out as 96535123 A>G needs G but not covered
2.009 was filtered out as 96535123 A>G needs G but not covered
2.011 was filtered out as 96535123 A>G needs G but not covered
2.002 was filtered out as 96535123 A>G needs G but not covered
2.003 was filtered out as 96535123 A>G needs G but not covered
2.010 was filtered out as 96535123 A>G needs G but not covered
3.001 was filtered out as 96540409 G>A needs A but not covered
3.004 was filtered out as 96540409 G>A needs A but not covered
3.002 was filtered out as 96540409 G>A needs A but not covered
3.003 was filtered out as 96540409 G>A needs A but not covered
4.001 was filtered out as 96522462 A>G needs G but not covered
4.002 was filtered out as 96522462 A>G needs G but not covered
5.001 was filtered out as 96602622 A>G needs A but not covered
5.002 was filtered out as 96612494 C>T needs T but not covered
6.001 was filtered out as 96535209 G>A needs A but not covered
7.001 was filtered out as 96602622 A>G needs A but not covered
8.001 was filtered out as 96602622 A>G needs A but not covered
9.001 was filtered out as 96535245 G>A needs A but not covered
9.002 was filtered out as 96535245 G>A needs A but not covered
10.001 was filtered out as 96541614 C>T needs T but not covered
11.001 was filtered out as 96535263 G>A needs A but not covered
12.001 was filtered out as 96612670 A>C needs C but not covered
13.001 was filtered out as 96609751 C>T needs T but not covered
13.002 was filtered out as 96609751 C>T needs T but not covered
14.001 was filtered out as 96522511 T>C needs C but not covered
15.001 was filtered out as 96522516 A>C needs C but not covered
15.002 was filtered out as 96522516 A>C needs C but not covered
16.001 was filtered out as 96602622 A>G needs A but not covered
18.001 was filtered out as 96602617 G>A needs A but not covered
19.001 was filtered out as 96522612 A>G needs G but not covered
22.001 was filtered out as 96540330 G>C needs C but not covered
23.001 was filtered out as 96534916 G>C needs C but not covered
24.001 was filtered out as 96602635 G>A needs A but not covered
25.001 was filtered out as 96612541 C>G needs G but not covered
26.001 was filtered out as 96541700 G>A needs A but not covered
28.001 was filtered out as 96522516 A>C needs C but not covered
29.001 was filtered out as 96522544 A>T needs T but not covered
30.001 was filtered out as 96602622 A>G needs A but not covered
31.001 was filtered out as 96534877 C>T needs T but not covered
32.001 was filtered out as 96534941 A>G needs G but not covered
33.001 was filtered out as 96540335 G>A needs A but not covered
34.001 was filtered out as 96602622 A>G needs A but not covered
35.001 was filtered out as 96535123 A>G needs G but not covered
35.002 was filtered out as 96535123 A>G needs G but not covered
38.001 was filtered out as 96602622 A>G needs A but not covered
38.002 was filtered out as 96602622 A>G needs A but not covered
38.003 was filtered out as 96602622 A>G needs A but not covered
39.001 was filtered out as 96522516 A>C needs C but not covered
[filter] CYP2C19 1.002 => 1.002; 1.003; 1.004; 1.005; 1.006; 1.007; 1.008; 1.009; 1.010
[filter] CYP2C19 8.002 => 8.002
[filter] CYP2C19 17.001 => 17.001
[filter] valid_alleles=11
CYP2C19:96520477 → A:0, C*:20, G:0, M:0, N:0, P:0, T:15
CYP2C19:96520534 → A:0, C:0, G*:51, M:0, N:0, P:0, T:0
CYP2C19:96521044 → A:0, C*:24, G:0, M:0, N:0, P:0, T:28
CYP2C19:96521071 → A:0, C:0, G:0, M:0, N:0, P:0, T*:52
CYP2C19:96521290 → A:0, C:0, G:0, M:0, N:0, P:0, T*:48
CYP2C19:96521421 → A:0, C:0, G*:50, M:0, N:0, P:0, T:0
CYP2C19:96521556 → A*:25, C:0, G:16, M:0, N:0, P:0, T:0
CYP2C19:96521573 → A:0, C:0, G:0, M:0, N:0, P:0, T*:42
CYP2C19:96521656^ → A:0, C*:25, G:0, M:0, N:0, P:0, T^:25
CYP2C19:96521687 → A:0, C:0, G:0, M:0, N:0, P:0, T*:56
CYP2C19:96522560 → A:0, C*:22, G:0, M:0, N:0, P:0, T:33
CYP2C19:96535172^ → A:0, C^:17, G:0, M:0, N:0, P:0, T*:19
CYP2C19:96602622^ → A*:0, C:0, G^:42, M:0, N:0, P:0, T:0
CYP2C19:96602690 → A:0, C*:31, G:0, M:0, N:0, P:0, T:0
CYP2C19:96609774 → A*:55, C:0, G:0, M:0, N:0, P:0, T:0
Step 0: Loss=0.0566, CN=[2.0999167]
Step 100: Loss=0.0354, CN=[2.221698]
Step 200: Loss=0.0354, CN=[2.2224655]
Step 300: Loss=0.0354, CN=[2.2224686]
Step 400: Loss=0.0354, CN=[2.2224686]

=== Fit ===
Region 0: obs=2.265, exp=2.222, diff=+0.042 
Region 1: obs=2.777, exp=2.222, diff=+0.554 *
Region 2: obs=2.726, exp=2.222, diff=+0.503 *
Region 3: obs=2.230, exp=2.222, diff=+0.008 
Region 4: obs=2.259, exp=2.222, diff=+0.037 
Region 5: obs=2.263, exp=2.222, diff=+0.040 
Region 6: obs=1.873, exp=2.222, diff=-0.350 
Region 7: obs=2.388, exp=2.222, diff=+0.165 
Region 8: obs=2.091, exp=2.222, diff=-0.131 
Region 9: obs=2.211, exp=2.222, diff=-0.011 
Region 10: obs=1.993, exp=2.222, diff=-0.230 
Region 11: obs=2.155, exp=2.222, diff=-0.068 
Region 12: obs=1.916, exp=2.222, diff=-0.306 
Region 13: obs=2.142, exp=2.222, diff=-0.080 
Region 14: obs=1.731, exp=2.222, diff=-0.491 
Region 15: obs=2.325, exp=2.222, diff=+0.102 
Region 16: obs=2.733, exp=2.222, diff=+0.511 *
Region 17: obs=2.277, exp=2.222, diff=+0.054 
Region 18: obs=1.953, exp=2.222, diff=-0.269 
Region 19: obs=2.288, exp=2.222, diff=+0.066 
Region 20: obs=2.145, exp=2.222, diff=-0.077 

[Gene CN Results]
  CYP2C19: 2.22 → 2.222468614578247
Using device: cuda
num_sparse_entries: 165
max sparse_flat_index: 1154
expected max: 1154

=== Running VAE with seed 42 ===
Global Pooled JS: 0.102516
Seed 42, Step    0: Loss = 318.38 (Recon: 287.91, Allele KL: 5.87, Base KL: 661.64, Functional KL: 0.10
Global Pooled JS: 0.015872
Seed 42, Step  500: Loss = 135.12 (Recon: 99.48, Allele KL: 10.38, Base KL: 3669.97, Functional KL: 0.02
Global Pooled JS: 0.010588
Seed 42, Step 1000: Loss = 128.04 (Recon: 87.42, Allele KL: 16.00, Base KL: 3681.93, Functional KL: 0.01
Global Pooled JS: 0.011527
Seed 42, Step 1500: Loss = 127.25 (Recon: 88.04, Allele KL: 14.41, Base KL: 3743.02, Functional KL: 0.01
Global Pooled JS: 0.011364
Seed 42, Step 2000: Loss = 129.50 (Recon: 89.04, Allele KL: 15.50, Base KL: 3804.88, Functional KL: 0.01
Global Pooled JS: 0.010631
Seed 42, Step 2500: Loss = 127.89 (Recon: 87.31, Allele KL: 15.79, Base KL: 3803.22, Functional KL: 0.01

Top Variants with Coverage Mismatches:
Rank   Variant                        Expected     Observed     Diff       |Div|       
------------------------------------------------------------------------------------------
1      CYP2C19:96535172→T             26.19        19.00        7.19       0.001175    
2      CYP2C19:96521656→T             22.57        25.00        -2.43      0.000769    
3      CYP2C19:96602622→P             0.30         0.00         0.30       0.000741    
4      CYP2C19:96602622→T             0.30         0.00         0.30       0.000739    
5      CYP2C19:96602622→M             0.29         0.00         0.29       0.000734    
6      CYP2C19:96602622→N             0.29         0.00         0.29       0.000733    
7      CYP2C19:96602622→A             0.29         0.00         0.29       0.000726    
8      CYP2C19:96602622→C             0.29         0.00         0.29       0.000717    
9      CYP2C19:96521656→C             23.12        25.00        -1.88      0.000590    
10     CYP2C19:96521656→P             0.14         0.00         0.14       0.000355    
11     CYP2C19:96521656→A             0.14         0.00         0.14       0.000352    
12     CYP2C19:96521656→M             0.14         0.00         0.14       0.000351    
13     CYP2C19:96521656→N             0.14         0.00         0.14       0.000344    
14     CYP2C19:96521656→G             0.14         0.00         0.14       0.000342    
15     CYP2C19:96535172→P             0.13         0.00         0.13       0.000335    
16     CYP2C19:96535172→N             0.13         0.00         0.13       0.000322    
17     CYP2C19:96535172→G             0.13         0.00         0.13       0.000318    
18     CYP2C19:96535172→M             0.13         0.00         0.13       0.000318    
19     CYP2C19:96535172→A             0.12         0.00         0.12       0.000311    
20     CYP2C19:96535172→C             19.56        17.00        2.56       0.000055    
21     CYP2C19:96602622→G             44.64        42.00        2.64       0.000021    
New best model with final loss: 128.49

=== Running VAE with seed 123 ===
Global Pooled JS: 0.095228
Seed 123, Step    0: Loss = 348.54 (Recon: 316.51, Allele KL: 7.07, Base KL: 1210.86, Functional KL: 0.10
Global Pooled JS: 0.011247
Seed 123, Step  500: Loss = 130.58 (Recon: 88.01, Allele KL: 17.99, Base KL: 3702.81, Functional KL: 0.01
Global Pooled JS: 0.011418
Seed 123, Step 1000: Loss = 131.27 (Recon: 89.99, Allele KL: 16.26, Base KL: 3749.20, Functional KL: 0.01
Global Pooled JS: 0.014482
Seed 123, Step 1500: Loss = 131.27 (Recon: 91.75, Allele KL: 14.90, Base KL: 3751.08, Functional KL: 0.01
Global Pooled JS: 0.010804
Seed 123, Step 2000: Loss = 127.27 (Recon: 86.83, Allele KL: 15.74, Base KL: 3800.68, Functional KL: 0.01
Global Pooled JS: 0.011263
Seed 123, Step 2500: Loss = 127.30 (Recon: 89.47, Allele KL: 12.92, Base KL: 3714.19, Functional KL: 0.01

Top Variants with Coverage Mismatches:
Rank   Variant                        Expected     Observed     Diff       |Div|       
------------------------------------------------------------------------------------------
1      CYP2C19:96535172→T             26.46        19.00        7.46       0.001282    
2      CYP2C19:96521656→T             21.79        25.00        -3.21      0.001068    
3      CYP2C19:96602622→M             0.29         0.00         0.29       0.000725    
4      CYP2C19:96602622→A             0.29         0.00         0.29       0.000723    
5      CYP2C19:96602622→N             0.29         0.00         0.29       0.000718    
6      CYP2C19:96602622→T             0.29         0.00         0.29       0.000715    
7      CYP2C19:96602622→C             0.29         0.00         0.29       0.000711    
8      CYP2C19:96602622→P             0.28         0.00         0.28       0.000702    
9      CYP2C19:96521656→C             23.95        25.00        -1.05      0.000369    
10     CYP2C19:96535172→P             0.13         0.00         0.13       0.000332    
11     CYP2C19:96521656→A             0.13         0.00         0.13       0.000332    
12     CYP2C19:96535172→M             0.13         0.00         0.13       0.000332    
13     CYP2C19:96521656→P             0.13         0.00         0.13       0.000331    
14     CYP2C19:96535172→A             0.13         0.00         0.13       0.000329    
15     CYP2C19:96521656→N             0.13         0.00         0.13       0.000329    
16     CYP2C19:96535172→N             0.13         0.00         0.13       0.000327    
17     CYP2C19:96535172→G             0.13         0.00         0.13       0.000327    
18     CYP2C19:96521656→G             0.13         0.00         0.13       0.000327    
19     CYP2C19:96521656→M             0.13         0.00         0.13       0.000320    
20     CYP2C19:96535172→C             19.28        17.00        2.28       0.000030    
21     CYP2C19:96602622→G             44.68        42.00        2.68       0.000020    

=== Running VAE with seed 456 ===
Global Pooled JS: 0.072478
Seed 456, Step    0: Loss = 238.02 (Recon: 205.74, Allele KL: 7.75, Base KL: 873.84, Functional KL: 0.07
Global Pooled JS: 0.012001
Seed 456, Step  500: Loss = 131.04 (Recon: 86.71, Allele KL: 19.85, Base KL: 3743.08, Functional KL: 0.01
Global Pooled JS: 0.016148
Seed 456, Step 1000: Loss = 135.28 (Recon: 92.57, Allele KL: 18.34, Base KL: 3690.68, Functional KL: 0.02
Global Pooled JS: 0.014122
Seed 456, Step 1500: Loss = 139.34 (Recon: 100.42, Allele KL: 13.61, Base KL: 3765.57, Functional KL: 0.01
Global Pooled JS: 0.010605
Seed 456, Step 2000: Loss = 125.82 (Recon: 86.62, Allele KL: 14.45, Base KL: 3756.36, Functional KL: 0.01
Global Pooled JS: 0.011090
Seed 456, Step 2500: Loss = 129.79 (Recon: 88.31, Allele KL: 16.98, Base KL: 3635.00, Functional KL: 0.01

Top Variants with Coverage Mismatches:
Rank   Variant                        Expected     Observed     Diff       |Div|       
------------------------------------------------------------------------------------------
1      CYP2C19:96535172→T             26.34        19.00        7.34       0.001234    
2      CYP2C19:96521656→T             21.43        25.00        -3.57      0.001228    
3      CYP2C19:96602622→N             0.30         0.00         0.30       0.000754    
4      CYP2C19:96602622→M             0.29         0.00         0.29       0.000734    
5      CYP2C19:96602622→T             0.29         0.00         0.29       0.000733    
6      CYP2C19:96602622→P             0.29         0.00         0.29       0.000730    
7      CYP2C19:96602622→C             0.29         0.00         0.29       0.000729    
8      CYP2C19:96602622→A             0.29         0.00         0.29       0.000728    
9      CYP2C19:96521656→N             0.13         0.00         0.13       0.000335    
10     CYP2C19:96521656→A             0.13         0.00         0.13       0.000333    
11     CYP2C19:96521656→G             0.13         0.00         0.13       0.000330    
12     CYP2C19:96521656→M             0.13         0.00         0.13       0.000325    
13     CYP2C19:96521656→P             0.13         0.00         0.13       0.000323    
14     CYP2C19:96535172→M             0.13         0.00         0.13       0.000316    
15     CYP2C19:96535172→N             0.13         0.00         0.13       0.000312    
16     CYP2C19:96535172→A             0.13         0.00         0.13       0.000311    
17     CYP2C19:96535172→G             0.12         0.00         0.12       0.000305    
18     CYP2C19:96535172→P             0.12         0.00         0.12       0.000301    
19     CYP2C19:96521656→C             24.31        25.00        -0.69      0.000289    
20     CYP2C19:96535172→C             19.44        17.00        2.44       0.000043    
21     CYP2C19:96602622→G             44.63        42.00        2.63       0.000022    

=== Multi-Seed VAE Results ===
Best model had seed 42 with final loss: 128.49
All seeds final losses:
  Seed 42: Total=128.49 (Recon=86.26, A_KL=17.66, B_KL=3788.12) <- Best
  Seed 123: Total=132.34 (Recon=92.04, A_KL=15.36, B_KL=3770.57)
  Seed 456: Total=132.13 (Recon=90.52, A_KL=16.97, B_KL=3684.00)

[Raw]:
CYP2C19*17: Normalized=0.5048, Unnormalized=0.50
CYP2C19*8: Normalized=0.4384, Unnormalized=0.44

[Alleles]
CYP2C19*17
CYP2C19*8
	Command being timed: "python /home/qinghuiz/aidy/push/Neretva/neretva/cyp.py CYP2C19 /project/shared/aldy-data/wgs/NA07029.wgs.cram"
	User time (seconds): 155.01
	System time (seconds): 32.14
	Percent of CPU this job got: 99%
	Elapsed (wall clock) time (h:mm:ss or m:ss): 3:08.19
	Average shared text size (kbytes): 0
	Average unshared data size (kbytes): 0
	Average stack size (kbytes): 0
	Average total size (kbytes): 0
	Maximum resident set size (kbytes): 2949928
	Average resident set size (kbytes): 0
	Major (requiring I/O) page faults: 0
	Minor (reclaiming a frame) page faults: 945520
	Voluntary context switches: 22997
	Involuntary context switches: 2468
	Swaps: 0
	File system inputs: 0
	File system outputs: 64
	Socket messages sent: 0
	Socket messages received: 0
	Signals delivered: 0
	Page size (bytes): 4096
	Exit status: 0
