2026-05-16 00:03:23.719288: I tensorflow/core/util/port.cc:111] oneDNN custom operations are on. You may see slightly different numerical results due to floating-point round-off errors from different computation orders. To turn them off, set the environment variable `TF_ENABLE_ONEDNN_OPTS=0`.
2026-05-16 00:03:23.757932: E tensorflow/compiler/xla/stream_executor/cuda/cuda_dnn.cc:9342] Unable to register cuDNN factory: Attempting to register factory for plugin cuDNN when one has already been registered
2026-05-16 00:03:23.758101: E tensorflow/compiler/xla/stream_executor/cuda/cuda_fft.cc:609] Unable to register cuFFT factory: Attempting to register factory for plugin cuFFT when one has already been registered
2026-05-16 00:03:23.758245: E tensorflow/compiler/xla/stream_executor/cuda/cuda_blas.cc:1518] Unable to register cuBLAS factory: Attempting to register factory for plugin cuBLAS when one has already been registered
2026-05-16 00:03:23.766614: I tensorflow/core/platform/cpu_feature_guard.cc:182] This TensorFlow binary is optimized to use available CPU instructions in performance-critical operations.
To enable the following instructions: AVX2 AVX512F AVX512_VNNI FMA, in other operations, rebuild TensorFlow with the appropriate compiler flags.
AttributeError: 'MessageFactory' object has no attribute 'GetPrototype'
2026-05-16 00:03:25.046221: W tensorflow/compiler/tf2tensorrt/utils/py_utils.cc:38] TF-TRT Warning: Could not find TensorRT
AttributeError: 'MessageFactory' object has no attribute 'GetPrototype'
[info] total indices 497
[info] total variants 497
2.001 was filtered out as 96535123 A>G needs G but not covered
2.004 was filtered out as 96535123 A>G needs G but not covered
2.005 was filtered out as 96535123 A>G needs G but not covered
2.006 was filtered out as 96535123 A>G needs G but not covered
2.007 was filtered out as 96535123 A>G needs G but not covered
2.008 was filtered out as 96535123 A>G needs G but not covered
2.009 was filtered out as 96535123 A>G needs G but not covered
2.011 was filtered out as 96535123 A>G needs G but not covered
2.002 was filtered out as 96535123 A>G needs G but not covered
2.003 was filtered out as 96535123 A>G needs G but not covered
2.010 was filtered out as 96535123 A>G needs G but not covered
3.001 was filtered out as 96540409 G>A needs A but not covered
3.004 was filtered out as 96540409 G>A needs A but not covered
3.002 was filtered out as 96540409 G>A needs A but not covered
3.003 was filtered out as 96540409 G>A needs A but not covered
4.001 was filtered out as 96522462 A>G needs G but not covered
4.002 was filtered out as 96522462 A>G needs G but not covered
5.001 was filtered out as 96602622 A>G needs A but not covered
5.002 was filtered out as 96612494 C>T needs T but not covered
6.001 was filtered out as 96535209 G>A needs A but not covered
7.001 was filtered out as 96602622 A>G needs A but not covered
8.001 was filtered out as 96602622 A>G needs A but not covered
8.002 was filtered out as 96535172 T>C needs C but not covered
9.001 was filtered out as 96535245 G>A needs A but not covered
9.002 was filtered out as 96535245 G>A needs A but not covered
10.001 was filtered out as 96541614 C>T needs T but not covered
11.001 was filtered out as 96535263 G>A needs A but not covered
12.001 was filtered out as 96612670 A>C needs C but not covered
13.001 was filtered out as 96609751 C>T needs T but not covered
13.002 was filtered out as 96609751 C>T needs T but not covered
14.001 was filtered out as 96522511 T>C needs C but not covered
15.001 was filtered out as 96522516 A>C needs C but not covered
15.002 was filtered out as 96522516 A>C needs C but not covered
16.001 was filtered out as 96602622 A>G needs A but not covered
17.001 was filtered out as 96521656 C>T needs T but not covered
18.001 was filtered out as 96602617 G>A needs A but not covered
19.001 was filtered out as 96522612 A>G needs G but not covered
22.001 was filtered out as 96540330 G>C needs C but not covered
23.001 was filtered out as 96534916 G>C needs C but not covered
24.001 was filtered out as 96602635 G>A needs A but not covered
25.001 was filtered out as 96612541 C>G needs G but not covered
26.001 was filtered out as 96541700 G>A needs A but not covered
28.001 was filtered out as 96522516 A>C needs C but not covered
29.001 was filtered out as 96522544 A>T needs T but not covered
30.001 was filtered out as 96602622 A>G needs A but not covered
31.001 was filtered out as 96534877 C>T needs T but not covered
32.001 was filtered out as 96534941 A>G needs G but not covered
33.001 was filtered out as 96540335 G>A needs A but not covered
34.001 was filtered out as 96602622 A>G needs A but not covered
35.001 was filtered out as 96535123 A>G needs G but not covered
35.002 was filtered out as 96535123 A>G needs G but not covered
38.001 was filtered out as 96602622 A>G needs A but not covered
38.002 was filtered out as 96602622 A>G needs A but not covered
38.003 was filtered out as 96602622 A>G needs A but not covered
39.001 was filtered out as 96522516 A>C needs C but not covered
[filter] CYP2C19 1.002 => 1.002; 1.003; 1.004; 1.005; 1.006; 1.007; 1.008; 1.009; 1.010
[filter] valid_alleles=9
Step 0: Loss=0.0404, CN=[2.0999167]
Step 100: Loss=0.0282, CN=[2.1637068]
Step 200: Loss=0.0282, CN=[2.1636841]
Step 300: Loss=0.0282, CN=[2.1636863]
Step 400: Loss=0.0282, CN=[2.1636865]

=== Fit ===
Region 0: obs=2.423, exp=2.164, diff=+0.260 
Region 1: obs=1.834, exp=2.164, diff=-0.330 
Region 2: obs=2.151, exp=2.164, diff=-0.013 
Region 3: obs=2.108, exp=2.164, diff=-0.055 
Region 4: obs=2.051, exp=2.164, diff=-0.113 
Region 5: obs=1.554, exp=2.164, diff=-0.610 *
Region 6: obs=2.293, exp=2.164, diff=+0.129 
Region 7: obs=2.316, exp=2.164, diff=+0.152 
Region 8: obs=2.713, exp=2.164, diff=+0.549 *
Region 9: obs=2.165, exp=2.164, diff=+0.001 
Region 10: obs=2.219, exp=2.164, diff=+0.055 
Region 11: obs=2.112, exp=2.164, diff=-0.051 
Region 12: obs=2.160, exp=2.164, diff=-0.004 
Region 13: obs=2.107, exp=2.164, diff=-0.057 
Region 14: obs=2.196, exp=2.164, diff=+0.032 
Region 15: obs=2.341, exp=2.164, diff=+0.177 
Region 16: obs=2.189, exp=2.164, diff=+0.025 
Region 17: obs=1.895, exp=2.164, diff=-0.268 
Region 18: obs=1.860, exp=2.164, diff=-0.304 
Region 19: obs=2.446, exp=2.164, diff=+0.282 
Region 20: obs=2.243, exp=2.164, diff=+0.080 

[Gene CN Results]
  CYP2C19: 2.16 → 2.1636862754821777
Using device: cuda

=== Running VAE with seed 42 ===
Global Pooled JS: 0.017297
Seed 42, Step    0: Loss = 389.63 (Recon: 343.70, Allele KL: 20.72, Base KL: 583.30, Functional KL: 0.02
Global Pooled JS: 0.011400
Seed 42, Step  500: Loss = 101.50 (Recon: 64.33, Allele KL: 10.02, Base KL: 5272.87, Functional KL: 0.01
Global Pooled JS: 0.010609
Seed 42, Step 1000: Loss = 92.18 (Recon: 54.79, Allele KL: 11.14, Base KL: 5239.57, Functional KL: 0.01
Global Pooled JS: 0.010141
Seed 42, Step 1500: Loss = 86.77 (Recon: 47.21, Allele KL: 13.83, Base KL: 5160.39, Functional KL: 0.01
Global Pooled JS: 0.010261
Seed 42, Step 2000: Loss = 89.44 (Recon: 46.62, Allele KL: 17.10, Base KL: 5153.31, Functional KL: 0.01
Global Pooled JS: 0.010010
Seed 42, Step 2500: Loss = 97.50 (Recon: 46.74, Allele KL: 24.74, Base KL: 5398.04, Functional KL: 0.01

Top Variants with Coverage Mismatches:
Rank   Variant                        Expected     Observed     Diff       |Div|       
------------------------------------------------------------------------------------------
1      CYP2C19:96602622→T             0.26         0.00         0.26       0.001734    
2      CYP2C19:96602622→M             0.26         0.00         0.26       0.001732    
3      CYP2C19:96602622→P             0.26         0.00         0.26       0.001724    
4      CYP2C19:96602622→A             0.25         0.00         0.25       0.001695    
5      CYP2C19:96602622→N             0.25         0.00         0.25       0.001694    
6      CYP2C19:96602622→C             0.25         0.00         0.25       0.001683    
7      CYP2C19:96602622→G             50.46        45.00        5.46       0.000111    
New best model with final loss: 95.81

=== Running VAE with seed 123 ===
Global Pooled JS: 0.016917
Seed 123, Step    0: Loss = 490.27 (Recon: 455.96, Allele KL: 8.45, Base KL: 979.59, Functional KL: 0.02
Global Pooled JS: 0.010129
Seed 123, Step  500: Loss = 89.16 (Recon: 49.69, Allele KL: 13.32, Base KL: 5291.53, Functional KL: 0.01
Global Pooled JS: 0.010529
Seed 123, Step 1000: Loss = 89.79 (Recon: 51.10, Allele KL: 12.39, Base KL: 5261.36, Functional KL: 0.01
Global Pooled JS: 0.010499
Seed 123, Step 1500: Loss = 91.89 (Recon: 50.37, Allele KL: 15.17, Base KL: 5348.32, Functional KL: 0.01
Global Pooled JS: 0.010627
Seed 123, Step 2000: Loss = 94.44 (Recon: 47.17, Allele KL: 21.46, Base KL: 5207.92, Functional KL: 0.01
Global Pooled JS: 0.010162
Seed 123, Step 2500: Loss = 91.25 (Recon: 47.93, Allele KL: 17.35, Base KL: 5197.40, Functional KL: 0.01

Top Variants with Coverage Mismatches:
Rank   Variant                        Expected     Observed     Diff       |Div|       
------------------------------------------------------------------------------------------
1      CYP2C19:96602622→C             0.26         0.00         0.26       0.001740    
2      CYP2C19:96602622→T             0.26         0.00         0.26       0.001726    
3      CYP2C19:96602622→N             0.26         0.00         0.26       0.001716    
4      CYP2C19:96602622→A             0.26         0.00         0.26       0.001714    
5      CYP2C19:96602622→P             0.26         0.00         0.26       0.001710    
6      CYP2C19:96602622→M             0.25         0.00         0.25       0.001688    
7      CYP2C19:96602622→G             50.46        45.00        5.46       0.000112    
New best model with final loss: 94.45

=== Running VAE with seed 456 ===
Global Pooled JS: 0.016456
Seed 456, Step    0: Loss = 721.65 (Recon: 674.13, Allele KL: 22.90, Base KL: 821.17, Functional KL: 0.02
Global Pooled JS: 0.010440
Seed 456, Step  500: Loss = 88.47 (Recon: 49.40, Allele KL: 12.96, Base KL: 5251.83, Functional KL: 0.01
Global Pooled JS: 0.010290
Seed 456, Step 1000: Loss = 93.05 (Recon: 48.09, Allele KL: 19.03, Base KL: 5147.52, Functional KL: 0.01
Global Pooled JS: 0.011468
Seed 456, Step 1500: Loss = 103.72 (Recon: 63.93, Allele KL: 12.77, Base KL: 5259.71, Functional KL: 0.01
Global Pooled JS: 0.010803
Seed 456, Step 2000: Loss = 92.34 (Recon: 56.37, Allele KL: 9.51, Base KL: 5196.03, Functional KL: 0.01
Global Pooled JS: 0.010600
Seed 456, Step 2500: Loss = 94.07 (Recon: 54.70, Allele KL: 12.86, Base KL: 5277.35, Functional KL: 0.01

Top Variants with Coverage Mismatches:
Rank   Variant                        Expected     Observed     Diff       |Div|       
------------------------------------------------------------------------------------------
1      CYP2C19:96602622→M             0.27         0.00         0.27       0.001785    
2      CYP2C19:96602622→P             0.26         0.00         0.26       0.001759    
3      CYP2C19:96602622→C             0.26         0.00         0.26       0.001758    
4      CYP2C19:96602622→T             0.26         0.00         0.26       0.001754    
5      CYP2C19:96602622→A             0.26         0.00         0.26       0.001750    
6      CYP2C19:96602622→N             0.26         0.00         0.26       0.001741    
7      CYP2C19:96602622→G             50.42        45.00        5.42       0.000118    

=== Multi-Seed VAE Results ===
Best model had seed 123 with final loss: 94.45
All seeds final losses:
  Seed 42: Total=95.81 (Recon=58.99, A_KL=10.26, B_KL=5246.56)
  Seed 123: Total=94.45 (Recon=57.06, A_KL=10.76, B_KL=5375.25) <- Best
  Seed 456: Total=97.99 (Recon=55.65, A_KL=16.00, B_KL=5215.26)
[time] run_vae took 143.70s (2,889.05078125 MB; 2,889.05078125 MB)

[Raw]:
CYP2C19*1: Normalized=1.0000, Unnormalized=1.00

[Alleles]
CYP2C19*1
CYP2C19*1
	Command being timed: "python cyp.py CYP2C19 /project/shared/aldy-data/wgs/NA10854.wgs.cram"
	User time (seconds): 134.14
	System time (seconds): 23.86
	Percent of CPU this job got: 99%
	Elapsed (wall clock) time (h:mm:ss or m:ss): 2:38.61
	Average shared text size (kbytes): 0
	Average unshared data size (kbytes): 0
	Average stack size (kbytes): 0
	Average total size (kbytes): 0
	Maximum resident set size (kbytes): 2958408
	Average resident set size (kbytes): 0
	Major (requiring I/O) page faults: 0
	Minor (reclaiming a frame) page faults: 1095433
	Voluntary context switches: 22660
	Involuntary context switches: 173
	Swaps: 0
	File system inputs: 0
	File system outputs: 40
	Socket messages sent: 0
	Socket messages received: 0
	Signals delivered: 0
	Page size (bytes): 4096
	Exit status: 0
