2026-05-16 00:03:20.160550: I tensorflow/core/util/port.cc:111] oneDNN custom operations are on. You may see slightly different numerical results due to floating-point round-off errors from different computation orders. To turn them off, set the environment variable `TF_ENABLE_ONEDNN_OPTS=0`.
2026-05-16 00:03:20.199939: E tensorflow/compiler/xla/stream_executor/cuda/cuda_dnn.cc:9342] Unable to register cuDNN factory: Attempting to register factory for plugin cuDNN when one has already been registered
2026-05-16 00:03:20.200020: E tensorflow/compiler/xla/stream_executor/cuda/cuda_fft.cc:609] Unable to register cuFFT factory: Attempting to register factory for plugin cuFFT when one has already been registered
2026-05-16 00:03:20.200161: E tensorflow/compiler/xla/stream_executor/cuda/cuda_blas.cc:1518] Unable to register cuBLAS factory: Attempting to register factory for plugin cuBLAS when one has already been registered
2026-05-16 00:03:20.209182: I tensorflow/core/platform/cpu_feature_guard.cc:182] This TensorFlow binary is optimized to use available CPU instructions in performance-critical operations.
To enable the following instructions: AVX2 AVX512F AVX512_VNNI FMA, in other operations, rebuild TensorFlow with the appropriate compiler flags.
AttributeError: 'MessageFactory' object has no attribute 'GetPrototype'
2026-05-16 00:03:21.296951: W tensorflow/compiler/tf2tensorrt/utils/py_utils.cc:38] TF-TRT Warning: Could not find TensorRT
AttributeError: 'MessageFactory' object has no attribute 'GetPrototype'
[info] total indices 497
[info] total variants 497
2.001 was filtered out as 96535123 A>G needs G but not covered
2.004 was filtered out as 96535123 A>G needs G but not covered
2.005 was filtered out as 96535123 A>G needs G but not covered
2.006 was filtered out as 96535123 A>G needs G but not covered
2.007 was filtered out as 96535123 A>G needs G but not covered
2.008 was filtered out as 96535123 A>G needs G but not covered
2.009 was filtered out as 96535123 A>G needs G but not covered
2.011 was filtered out as 96535123 A>G needs G but not covered
2.002 was filtered out as 96535123 A>G needs G but not covered
2.003 was filtered out as 96535123 A>G needs G but not covered
2.010 was filtered out as 96535123 A>G needs G but not covered
3.001 was filtered out as 96540409 G>A needs A but not covered
3.004 was filtered out as 96540409 G>A needs A but not covered
3.002 was filtered out as 96540409 G>A needs A but not covered
3.003 was filtered out as 96540409 G>A needs A but not covered
4.001 was filtered out as 96522462 A>G needs G but not covered
4.002 was filtered out as 96522462 A>G needs G but not covered
5.001 was filtered out as 96602622 A>G needs A but not covered
5.002 was filtered out as 96612494 C>T needs T but not covered
6.001 was filtered out as 96535209 G>A needs A but not covered
7.001 was filtered out as 96602622 A>G needs A but not covered
8.001 was filtered out as 96602622 A>G needs A but not covered
8.002 was filtered out as 96535172 T>C needs C but not covered
9.001 was filtered out as 96535245 G>A needs A but not covered
9.002 was filtered out as 96535245 G>A needs A but not covered
10.001 was filtered out as 96541614 C>T needs T but not covered
11.001 was filtered out as 96535263 G>A needs A but not covered
12.001 was filtered out as 96612670 A>C needs C but not covered
13.001 was filtered out as 96609751 C>T needs T but not covered
13.002 was filtered out as 96609751 C>T needs T but not covered
14.001 was filtered out as 96522511 T>C needs C but not covered
15.001 was filtered out as 96522516 A>C needs C but not covered
15.002 was filtered out as 96522516 A>C needs C but not covered
16.001 was filtered out as 96602622 A>G needs A but not covered
18.001 was filtered out as 96602617 G>A needs A but not covered
19.001 was filtered out as 96522612 A>G needs G but not covered
22.001 was filtered out as 96540330 G>C needs C but not covered
23.001 was filtered out as 96534916 G>C needs C but not covered
24.001 was filtered out as 96602635 G>A needs A but not covered
25.001 was filtered out as 96612541 C>G needs G but not covered
26.001 was filtered out as 96541700 G>A needs A but not covered
28.001 was filtered out as 96522516 A>C needs C but not covered
29.001 was filtered out as 96522544 A>T needs T but not covered
30.001 was filtered out as 96602622 A>G needs A but not covered
31.001 was filtered out as 96534877 C>T needs T but not covered
32.001 was filtered out as 96534941 A>G needs G but not covered
33.001 was filtered out as 96540335 G>A needs A but not covered
34.001 was filtered out as 96602622 A>G needs A but not covered
35.001 was filtered out as 96535123 A>G needs G but not covered
35.002 was filtered out as 96535123 A>G needs G but not covered
38.001 was filtered out as 96602622 A>G needs A but not covered
38.002 was filtered out as 96602622 A>G needs A but not covered
38.003 was filtered out as 96602622 A>G needs A but not covered
39.001 was filtered out as 96522516 A>C needs C but not covered
[filter] CYP2C19 1.002 => 1.002; 1.003; 1.004; 1.005; 1.006; 1.007; 1.008; 1.009; 1.010
[filter] CYP2C19 17.001 => 17.001
[filter] valid_alleles=10
Step 0: Loss=0.1784, CN=[2.0999167]
Step 100: Loss=0.0434, CN=[2.5836203]
Step 200: Loss=0.0434, CN=[2.5855353]
Step 300: Loss=0.0434, CN=[2.5855217]
Step 400: Loss=0.0434, CN=[2.5855217]

=== Fit ===
Region 0: obs=2.636, exp=2.586, diff=+0.051 
Region 1: obs=2.627, exp=2.586, diff=+0.042 
Region 2: obs=2.488, exp=2.586, diff=-0.098 
Region 3: obs=2.535, exp=2.586, diff=-0.051 
Region 4: obs=2.607, exp=2.586, diff=+0.022 
Region 5: obs=2.769, exp=2.586, diff=+0.184 
Region 6: obs=1.939, exp=2.586, diff=-0.647 *
Region 7: obs=2.640, exp=2.586, diff=+0.055 
Region 8: obs=2.404, exp=2.586, diff=-0.182 
Region 9: obs=2.584, exp=2.586, diff=-0.002 
Region 10: obs=2.251, exp=2.586, diff=-0.335 
Region 11: obs=2.423, exp=2.586, diff=-0.163 
Region 12: obs=2.780, exp=2.586, diff=+0.194 
Region 13: obs=2.394, exp=2.586, diff=-0.192 
Region 14: obs=3.041, exp=2.586, diff=+0.455 
Region 15: obs=2.608, exp=2.586, diff=+0.022 
Region 16: obs=1.841, exp=2.586, diff=-0.744 *
Region 17: obs=2.567, exp=2.586, diff=-0.018 
Region 18: obs=3.030, exp=2.586, diff=+0.445 
Region 19: obs=3.048, exp=2.586, diff=+0.463 
Region 20: obs=2.692, exp=2.586, diff=+0.106 

[Gene CN Results]
  CYP2C19: 2.59 → 2.585521936416626
Using device: cuda

=== Running VAE with seed 42 ===
Global Pooled JS: 0.077153
Seed 42, Step    0: Loss = 161.49 (Recon: 124.30, Allele KL: 14.13, Base KL: 800.35, Functional KL: 0.08
Global Pooled JS: 0.011534
Seed 42, Step  500: Loss = 108.13 (Recon: 71.83, Allele KL: 10.97, Base KL: 3795.71, Functional KL: 0.01
Global Pooled JS: 0.012802
Seed 42, Step 1000: Loss = 103.26 (Recon: 60.38, Allele KL: 18.53, Base KL: 3656.23, Functional KL: 0.01
Global Pooled JS: 0.011444
Seed 42, Step 1500: Loss = 96.73 (Recon: 61.07, Allele KL: 11.09, Base KL: 3722.75, Functional KL: 0.01
Global Pooled JS: 0.019377
Seed 42, Step 2000: Loss = 104.21 (Recon: 60.96, Allele KL: 19.20, Base KL: 3654.06, Functional KL: 0.02
Global Pooled JS: 0.011382
Seed 42, Step 2500: Loss = 104.55 (Recon: 57.41, Allele KL: 22.60, Base KL: 3844.11, Functional KL: 0.01

Top Variants with Coverage Mismatches:
Rank   Variant                        Expected     Observed     Diff       |Div|       
------------------------------------------------------------------------------------------
1      CYP2C19:96602622→G             43.67        57.00        -13.33     0.001780    
2      CYP2C19:96521656→C             29.78        27.00        2.78       0.001488    
3      CYP2C19:96602622→N             0.25         0.00         0.25       0.000963    
4      CYP2C19:96602622→M             0.25         0.00         0.25       0.000961    
5      CYP2C19:96602622→T             0.25         0.00         0.25       0.000958    
6      CYP2C19:96602622→C             0.25         0.00         0.25       0.000956    
7      CYP2C19:96602622→P             0.25         0.00         0.25       0.000950    
8      CYP2C19:96602622→A             0.25         0.00         0.25       0.000949    
9      CYP2C19:96521656→P             0.10         0.00         0.10       0.000380    
10     CYP2C19:96521656→G             0.10         0.00         0.10       0.000379    
11     CYP2C19:96521656→N             0.10         0.00         0.10       0.000375    
12     CYP2C19:96521656→M             0.10         0.00         0.10       0.000371    
13     CYP2C19:96521656→A             0.10         0.00         0.10       0.000369    
14     CYP2C19:96521656→T             14.90        16.00        -1.10      0.000019    
New best model with final loss: 101.84

=== Running VAE with seed 123 ===
Global Pooled JS: 0.067286
Seed 123, Step    0: Loss = 404.67 (Recon: 376.02, Allele KL: 4.34, Base KL: 626.51, Functional KL: 0.07
Global Pooled JS: 0.012442
Seed 123, Step  500: Loss = 99.70 (Recon: 62.17, Allele KL: 12.87, Base KL: 3718.12, Functional KL: 0.01
Global Pooled JS: 0.014035
Seed 123, Step 1000: Loss = 104.15 (Recon: 66.16, Allele KL: 13.21, Base KL: 3718.80, Functional KL: 0.01
Global Pooled JS: 0.012330
Seed 123, Step 1500: Loss = 101.95 (Recon: 59.68, Allele KL: 17.50, Base KL: 3773.03, Functional KL: 0.01
Global Pooled JS: 0.012243
Seed 123, Step 2000: Loss = 101.70 (Recon: 59.12, Allele KL: 18.27, Base KL: 3669.36, Functional KL: 0.01
Global Pooled JS: 0.012423
Seed 123, Step 2500: Loss = 100.29 (Recon: 61.40, Allele KL: 14.29, Base KL: 3749.32, Functional KL: 0.01

Top Variants with Coverage Mismatches:
Rank   Variant                        Expected     Observed     Diff       |Div|       
------------------------------------------------------------------------------------------
1      CYP2C19:96602622→G             43.60        57.00        -13.40     0.001813    
2      CYP2C19:96602622→P             0.26         0.00         0.26       0.001004    
3      CYP2C19:96602622→N             0.26         0.00         0.26       0.001003    
4      CYP2C19:96602622→C             0.26         0.00         0.26       0.001003    
5      CYP2C19:96602622→M             0.26         0.00         0.26       0.001003    
6      CYP2C19:96602622→A             0.26         0.00         0.26       0.001002    
7      CYP2C19:96602622→T             0.26         0.00         0.26       0.000991    
8      CYP2C19:96521656→C             28.08        27.00        1.08       0.000720    
9      CYP2C19:96521656→P             0.11         0.00         0.11       0.000408    
10     CYP2C19:96521656→G             0.11         0.00         0.11       0.000407    
11     CYP2C19:96521656→A             0.10         0.00         0.10       0.000402    
12     CYP2C19:96521656→N             0.10         0.00         0.10       0.000401    
13     CYP2C19:96521656→T             16.56        16.00        0.56       0.000396    
14     CYP2C19:96521656→M             0.10         0.00         0.10       0.000393    

=== Running VAE with seed 456 ===
Global Pooled JS: 0.018986
Seed 456, Step    0: Loss = 130.06 (Recon: 89.26, Allele KL: 16.98, Base KL: 833.44, Functional KL: 0.02
Global Pooled JS: 0.012754
Seed 456, Step  500: Loss = 99.56 (Recon: 60.80, Allele KL: 14.08, Base KL: 3746.31, Functional KL: 0.01
Global Pooled JS: 0.011264
Seed 456, Step 1000: Loss = 99.55 (Recon: 59.89, Allele KL: 15.09, Base KL: 3702.67, Functional KL: 0.01
Global Pooled JS: 0.012532
Seed 456, Step 1500: Loss = 113.97 (Recon: 74.90, Allele KL: 13.64, Base KL: 3676.49, Functional KL: 0.01
Global Pooled JS: 0.011772
Seed 456, Step 2000: Loss = 100.49 (Recon: 61.42, Allele KL: 14.43, Base KL: 3733.74, Functional KL: 0.01
Global Pooled JS: 0.011162
Seed 456, Step 2500: Loss = 103.90 (Recon: 64.27, Allele KL: 14.76, Base KL: 3700.43, Functional KL: 0.01

Top Variants with Coverage Mismatches:
Rank   Variant                        Expected     Observed     Diff       |Div|       
------------------------------------------------------------------------------------------
1      CYP2C19:96602622→G             43.64        57.00        -13.36     0.001796    
2      CYP2C19:96521656→C             29.64        27.00        2.64       0.001416    
3      CYP2C19:96602622→T             0.26         0.00         0.26       0.000987    
4      CYP2C19:96602622→N             0.26         0.00         0.26       0.000985    
5      CYP2C19:96602622→A             0.26         0.00         0.26       0.000984    
6      CYP2C19:96602622→C             0.25         0.00         0.25       0.000975    
7      CYP2C19:96602622→M             0.25         0.00         0.25       0.000969    
8      CYP2C19:96602622→P             0.25         0.00         0.25       0.000962    
9      CYP2C19:96521656→N             0.10         0.00         0.10       0.000392    
10     CYP2C19:96521656→A             0.10         0.00         0.10       0.000386    
11     CYP2C19:96521656→P             0.10         0.00         0.10       0.000383    
12     CYP2C19:96521656→M             0.10         0.00         0.10       0.000383    
13     CYP2C19:96521656→G             0.10         0.00         0.10       0.000382    
14     CYP2C19:96521656→T             15.02        16.00        -0.98      0.000030    

=== Multi-Seed VAE Results ===
Best model had seed 42 with final loss: 101.84
All seeds final losses:
  Seed 42: Total=101.84 (Recon=61.75, A_KL=15.31, B_KL=3824.92) <- Best
  Seed 123: Total=105.51 (Recon=67.17, A_KL=13.48, B_KL=3716.32)
  Seed 456: Total=108.04 (Recon=66.09, A_KL=17.33, B_KL=3713.28)
[time] run_vae took 143.28s (2,848.0078125 MB; 2,848.0078125 MB)

[Raw]:
CYP2C19*1: Normalized=0.6572, Unnormalized=0.66
CYP2C19*17: Normalized=0.3428, Unnormalized=0.34

[Alleles]
CYP2C19*1
CYP2C19*17
	Command being timed: "python cyp.py CYP2C19 /project/shared/aldy-data/wgs/NA10851.wgs.cram"
	User time (seconds): 131.32
	System time (seconds): 24.66
	Percent of CPU this job got: 99%
	Elapsed (wall clock) time (h:mm:ss or m:ss): 2:36.46
	Average shared text size (kbytes): 0
	Average unshared data size (kbytes): 0
	Average stack size (kbytes): 0
	Average total size (kbytes): 0
	Maximum resident set size (kbytes): 2916392
	Average resident set size (kbytes): 0
	Major (requiring I/O) page faults: 0
	Minor (reclaiming a frame) page faults: 909834
	Voluntary context switches: 24726
	Involuntary context switches: 156
	Swaps: 0
	File system inputs: 0
	File system outputs: 56
	Socket messages sent: 0
	Socket messages received: 0
	Signals delivered: 0
	Page size (bytes): 4096
	Exit status: 0
