2026-03-11 05:05:08.616543: I tensorflow/core/util/port.cc:111] oneDNN custom operations are on. You may see slightly different numerical results due to floating-point round-off errors from different computation orders. To turn them off, set the environment variable `TF_ENABLE_ONEDNN_OPTS=0`.
2026-03-11 05:05:08.654430: E tensorflow/compiler/xla/stream_executor/cuda/cuda_dnn.cc:9342] Unable to register cuDNN factory: Attempting to register factory for plugin cuDNN when one has already been registered
2026-03-11 05:05:08.654593: E tensorflow/compiler/xla/stream_executor/cuda/cuda_fft.cc:609] Unable to register cuFFT factory: Attempting to register factory for plugin cuFFT when one has already been registered
2026-03-11 05:05:08.654751: E tensorflow/compiler/xla/stream_executor/cuda/cuda_blas.cc:1518] Unable to register cuBLAS factory: Attempting to register factory for plugin cuBLAS when one has already been registered
2026-03-11 05:05:08.662906: I tensorflow/core/platform/cpu_feature_guard.cc:182] This TensorFlow binary is optimized to use available CPU instructions in performance-critical operations.
To enable the following instructions: AVX2 AVX512F AVX512_VNNI FMA, in other operations, rebuild TensorFlow with the appropriate compiler flags.
AttributeError: 'MessageFactory' object has no attribute 'GetPrototype'
2026-03-11 05:05:09.748620: W tensorflow/compiler/tf2tensorrt/utils/py_utils.cc:38] TF-TRT Warning: Could not find TensorRT
AttributeError: 'MessageFactory' object has no attribute 'GetPrototype'
[info] total indices 497
[info] total variants 497
2.001 was filtered out as 96535123 A>G needs G but not covered
2.004 was filtered out as 96535123 A>G needs G but not covered
2.005 was filtered out as 96535123 A>G needs G but not covered
2.006 was filtered out as 96535123 A>G needs G but not covered
2.007 was filtered out as 96535123 A>G needs G but not covered
2.008 was filtered out as 96535123 A>G needs G but not covered
2.009 was filtered out as 96535123 A>G needs G but not covered
2.011 was filtered out as 96535123 A>G needs G but not covered
2.002 was filtered out as 96535123 A>G needs G but not covered
2.003 was filtered out as 96535123 A>G needs G but not covered
2.010 was filtered out as 96535123 A>G needs G but not covered
3.001 was filtered out as 96540409 G>A needs A but not covered
3.004 was filtered out as 96540409 G>A needs A but not covered
3.002 was filtered out as 96540409 G>A needs A but not covered
3.003 was filtered out as 96540409 G>A needs A but not covered
4.001 was filtered out as 96522462 A>G needs G but not covered
4.002 was filtered out as 96522462 A>G needs G but not covered
5.001 was filtered out as 96612494 C>T needs T but not covered
5.002 was filtered out as 96612494 C>T needs T but not covered
6.001 was filtered out as 96535209 G>A needs A but not covered
7.001 was filtered out as 96541755 T>A needs A but not covered
8.001 was filtered out as 96535172 T>C needs C but not covered
8.002 was filtered out as 96535172 T>C needs C but not covered
9.001 was filtered out as 96535245 G>A needs A but not covered
9.002 was filtered out as 96535245 G>A needs A but not covered
10.001 was filtered out as 96541614 C>T needs T but not covered
11.001 was filtered out as 96535263 G>A needs A but not covered
12.001 was filtered out as 96612670 A>C needs C but not covered
13.001 was filtered out as 96609751 C>T needs T but not covered
13.002 was filtered out as 96609751 C>T needs T but not covered
14.001 was filtered out as 96522511 T>C needs C but not covered
15.001 was filtered out as 96522516 A>C needs C but not covered
15.002 was filtered out as 96522516 A>C needs C but not covered
16.001 was filtered out as 96612521 C>T needs T but not covered
17.001 was filtered out as 96521656 C>T needs T but not covered
18.001 was filtered out as 96602617 G>A needs A but not covered
19.001 was filtered out as 96522612 A>G needs G but not covered
22.001 was filtered out as 96540330 G>C needs C but not covered
23.001 was filtered out as 96534916 G>C needs C but not covered
24.001 was filtered out as 96602635 G>A needs A but not covered
25.001 was filtered out as 96612541 C>G needs G but not covered
26.001 was filtered out as 96541700 G>A needs A but not covered
28.001 was filtered out as 96522516 A>C needs C but not covered
29.001 was filtered out as 96522544 A>T needs T but not covered
30.001 was filtered out as 96534862 C>T needs T but not covered
31.001 was filtered out as 96534877 C>T needs T but not covered
32.001 was filtered out as 96534941 A>G needs G but not covered
33.001 was filtered out as 96540335 G>A needs A but not covered
34.001 was filtered out as 96522468 C>T needs T but not covered
35.001 was filtered out as 96535123 A>G needs G but not covered
35.002 was filtered out as 96535123 A>G needs G but not covered
39.001 was filtered out as 96522516 A>C needs C but not covered
[filter] CYP2C19 1.002 => 1.002; 1.003; 1.004; 1.005; 1.006; 1.007; 1.008; 1.009; 1.010
[filter] CYP2C19 38.001 => 38.001; 38.002; 38.003
[filter] valid_alleles=12
CYP2C19:96520534 → A:0, C:0, G*:61, M:0, N:0, P:0, T:0
CYP2C19:96521044 → A:0, C*:21, G:0, M:0, N:0, P:0, T:29
CYP2C19:96521071 → A:0, C:0, G:0, M:0, N:0, P:0, T*:51
CYP2C19:96521290 → A:0, C:0, G:0, M:0, N:0, P:0, T*:50
CYP2C19:96521421 → A:0, C:0, G*:45, M:0, N:0, P:0, T:0
CYP2C19:96521573 → A:0, C:0, G:26, M:0, N:0, P:0, T*:33
CYP2C19:96521687 → A:0, C:0, G:0, M:0, N:0, P:0, T*:49
CYP2C19:96522392 → A:0, C:0, G:0, M:0, N:0, P:0, T*:38
CYP2C19:96522560 → A:0, C*:37, G:0, M:0, N:0, P:0, T:25
CYP2C19:96602622^ → A*:17, C:0, G^:24, M:0, N:0, P:0, T:0
CYP2C19:96602690 → A:0, C*:51, G:0, M:0, N:0, P:0, T:0
CYP2C19:96609774 → A*:44, C:0, G:0, M:0, N:0, P:0, T:0
Step 0: Loss=0.0984, CN=[2.0999167]
Step 100: Loss=0.0439, CN=[2.3587422]
Step 200: Loss=0.0439, CN=[2.3581402]
Step 300: Loss=0.0439, CN=[2.3581443]
Step 400: Loss=0.0439, CN=[2.3581443]

=== Fit ===
Region 0: obs=2.631, exp=2.358, diff=+0.272 
Region 1: obs=1.975, exp=2.358, diff=-0.383 
Region 2: obs=2.976, exp=2.358, diff=+0.618 *
Region 3: obs=2.383, exp=2.358, diff=+0.024 
Region 4: obs=2.934, exp=2.358, diff=+0.576 *
Region 5: obs=1.762, exp=2.358, diff=-0.596 *
Region 6: obs=2.094, exp=2.358, diff=-0.264 
Region 7: obs=2.549, exp=2.358, diff=+0.191 
Region 8: obs=2.302, exp=2.358, diff=-0.056 
Region 9: obs=2.333, exp=2.358, diff=-0.025 
Region 10: obs=2.429, exp=2.358, diff=+0.070 
Region 11: obs=2.373, exp=2.358, diff=+0.015 
Region 12: obs=1.759, exp=2.358, diff=-0.600 *
Region 13: obs=2.380, exp=2.358, diff=+0.022 
Region 14: obs=2.382, exp=2.358, diff=+0.024 
Region 15: obs=2.580, exp=2.358, diff=+0.222 
Region 16: obs=2.358, exp=2.358, diff=-0.000 
Region 17: obs=2.288, exp=2.358, diff=-0.070 
Region 18: obs=2.211, exp=2.358, diff=-0.147 
Region 19: obs=2.279, exp=2.358, diff=-0.079 
Region 20: obs=2.541, exp=2.358, diff=+0.183 

[Gene CN Results]
  CYP2C19: 2.36 → 2.3581442832946777
Using device: cuda
num_sparse_entries: 144
max sparse_flat_index: 1007
expected max: 1007

=== Running VAE with seed 42 ===
Global Pooled JS: 0.067086
Seed 42, Step    0: Loss = 185.33 (Recon: 143.10, Allele KL: 15.87, Base KL: 993.21, Functional KL: 0.07
Global Pooled JS: 0.008965
Seed 42, Step  500: Loss = 111.91 (Recon: 76.02, Allele KL: 9.06, Base KL: 3288.40, Functional KL: 0.01
Global Pooled JS: 0.007133
Seed 42, Step 1000: Loss = 110.84 (Recon: 71.22, Allele KL: 13.13, Base KL: 3348.06, Functional KL: 0.01
Global Pooled JS: 0.009604
Seed 42, Step 1500: Loss = 110.10 (Recon: 71.98, Allele KL: 11.39, Base KL: 3453.20, Functional KL: 0.01
Global Pooled JS: 0.008956
Seed 42, Step 2000: Loss = 116.42 (Recon: 76.76, Allele KL: 12.93, Base KL: 3381.15, Functional KL: 0.01
Global Pooled JS: 0.018252
Seed 42, Step 2500: Loss = 111.56 (Recon: 72.94, Allele KL: 12.23, Base KL: 3339.47, Functional KL: 0.02

Top Variants with Coverage Mismatches:
Rank   Variant                        Expected     Observed     Diff       |Div|       
------------------------------------------------------------------------------------------
1      CYP2C19:96602622→G             24.91        24.00        0.91       0.001789    
2      CYP2C19:96602622→A             24.32        17.00        7.32       0.001401    
3      CYP2C19:96602622→N             0.17         0.00         0.17       0.001187    
4      CYP2C19:96602622→P             0.17         0.00         0.17       0.001178    
5      CYP2C19:96602622→C             0.17         0.00         0.17       0.001175    
6      CYP2C19:96602622→M             0.17         0.00         0.17       0.001173    
7      CYP2C19:96602622→T             0.17         0.00         0.17       0.001171    
New best model with final loss: 112.65

=== Running VAE with seed 123 ===
Global Pooled JS: 0.044438
Seed 123, Step    0: Loss = 268.29 (Recon: 234.70, Allele KL: 7.47, Base KL: 1200.37, Functional KL: 0.04
Global Pooled JS: 0.015850
Seed 123, Step  500: Loss = 111.89 (Recon: 71.46, Allele KL: 13.79, Base KL: 3346.34, Functional KL: 0.02
Global Pooled JS: 0.012001
Seed 123, Step 1000: Loss = 118.50 (Recon: 80.31, Allele KL: 11.01, Base KL: 3414.67, Functional KL: 0.01
Global Pooled JS: 0.021362
Seed 123, Step 1500: Loss = 116.89 (Recon: 72.37, Allele KL: 18.23, Base KL: 3385.62, Functional KL: 0.02
Global Pooled JS: 0.006951
Seed 123, Step 2000: Loss = 114.52 (Recon: 74.54, Allele KL: 13.69, Base KL: 3185.62, Functional KL: 0.01
Global Pooled JS: 0.007029
Seed 123, Step 2500: Loss = 111.27 (Recon: 71.96, Allele KL: 12.65, Base KL: 3305.61, Functional KL: 0.01

Top Variants with Coverage Mismatches:
Rank   Variant                        Expected     Observed     Diff       |Div|       
------------------------------------------------------------------------------------------
1      CYP2C19:96602622→G             22.43        24.00        -1.57      0.004587    
2      CYP2C19:96602622→A             26.86        17.00        9.86       0.003899    
3      CYP2C19:96602622→C             0.16         0.00         0.16       0.001109    
4      CYP2C19:96602622→P             0.16         0.00         0.16       0.001108    
5      CYP2C19:96602622→M             0.16         0.00         0.16       0.001104    
6      CYP2C19:96602622→T             0.16         0.00         0.16       0.001094    
7      CYP2C19:96602622→N             0.16         0.00         0.16       0.001091    

=== Running VAE with seed 456 ===
Global Pooled JS: 0.008804
Seed 456, Step    0: Loss = 201.18 (Recon: 156.05, Allele KL: 18.68, Base KL: 1090.00, Functional KL: 0.01
Global Pooled JS: 0.007087
Seed 456, Step  500: Loss = 115.59 (Recon: 74.23, Allele KL: 14.95, Base KL: 3144.13, Functional KL: 0.01
Global Pooled JS: 0.009765
Seed 456, Step 1000: Loss = 109.75 (Recon: 70.91, Allele KL: 12.32, Base KL: 3298.65, Functional KL: 0.01
Global Pooled JS: 0.007367
Seed 456, Step 1500: Loss = 117.92 (Recon: 79.48, Allele KL: 11.22, Base KL: 3419.29, Functional KL: 0.01
Global Pooled JS: 0.006857
Seed 456, Step 2000: Loss = 110.78 (Recon: 71.12, Allele KL: 13.09, Base KL: 3380.69, Functional KL: 0.01
Global Pooled JS: 0.021553
Seed 456, Step 2500: Loss = 115.73 (Recon: 75.50, Allele KL: 13.79, Base KL: 3497.67, Functional KL: 0.02

Top Variants with Coverage Mismatches:
Rank   Variant                        Expected     Observed     Diff       |Div|       
------------------------------------------------------------------------------------------
1      CYP2C19:96602622→T             0.18         0.00         0.18       0.001280    
2      CYP2C19:96602622→N             0.18         0.00         0.18       0.001274    
3      CYP2C19:96602622→C             0.18         0.00         0.18       0.001272    
4      CYP2C19:96602622→M             0.18         0.00         0.18       0.001256    
5      CYP2C19:96602622→P             0.18         0.00         0.18       0.001236    
6      CYP2C19:96602622→G             26.48        24.00        2.48       0.000722    
7      CYP2C19:96602622→A             22.69        17.00        5.69       0.000427    

=== Multi-Seed VAE Results ===
Best model had seed 42 with final loss: 112.65
All seeds final losses:
  Seed 42: Total=112.65 (Recon=72.74, A_KL=12.71, B_KL=3578.81) <- Best
  Seed 123: Total=117.16 (Recon=77.03, A_KL=13.40, B_KL=3285.19)
  Seed 456: Total=115.03 (Recon=75.05, A_KL=13.22, B_KL=3199.54)

[Raw]:
CYP2C19*1: Normalized=0.5178, Unnormalized=0.52
CYP2C19*38: Normalized=0.4822, Unnormalized=0.48

[Alleles]
CYP2C19*1
CYP2C19*38
	Command being timed: "python /home/qinghuiz/aidy/push/Neretva/neretva/cyp.py CYP2C19 /project/shared/aldy-data/wgs/NA11839.wgs.cram"
	User time (seconds): 154.60
	System time (seconds): 30.31
	Percent of CPU this job got: 99%
	Elapsed (wall clock) time (h:mm:ss or m:ss): 3:05.34
	Average shared text size (kbytes): 0
	Average unshared data size (kbytes): 0
	Average stack size (kbytes): 0
	Average total size (kbytes): 0
	Maximum resident set size (kbytes): 2947644
	Average resident set size (kbytes): 0
	Major (requiring I/O) page faults: 0
	Minor (reclaiming a frame) page faults: 995747
	Voluntary context switches: 22736
	Involuntary context switches: 219
	Swaps: 0
	File system inputs: 0
	File system outputs: 56
	Socket messages sent: 0
	Socket messages received: 0
	Signals delivered: 0
	Page size (bytes): 4096
	Exit status: 0
