2026-03-11 05:08:10.636441: I tensorflow/core/util/port.cc:111] oneDNN custom operations are on. You may see slightly different numerical results due to floating-point round-off errors from different computation orders. To turn them off, set the environment variable `TF_ENABLE_ONEDNN_OPTS=0`.
2026-03-11 05:08:10.674659: E tensorflow/compiler/xla/stream_executor/cuda/cuda_dnn.cc:9342] Unable to register cuDNN factory: Attempting to register factory for plugin cuDNN when one has already been registered
2026-03-11 05:08:10.674814: E tensorflow/compiler/xla/stream_executor/cuda/cuda_fft.cc:609] Unable to register cuFFT factory: Attempting to register factory for plugin cuFFT when one has already been registered
2026-03-11 05:08:10.674903: E tensorflow/compiler/xla/stream_executor/cuda/cuda_blas.cc:1518] Unable to register cuBLAS factory: Attempting to register factory for plugin cuBLAS when one has already been registered
2026-03-11 05:08:10.683470: I tensorflow/core/platform/cpu_feature_guard.cc:182] This TensorFlow binary is optimized to use available CPU instructions in performance-critical operations.
To enable the following instructions: AVX2 AVX512F AVX512_VNNI FMA, in other operations, rebuild TensorFlow with the appropriate compiler flags.
AttributeError: 'MessageFactory' object has no attribute 'GetPrototype'
2026-03-11 05:08:11.976159: W tensorflow/compiler/tf2tensorrt/utils/py_utils.cc:38] TF-TRT Warning: Could not find TensorRT
AttributeError: 'MessageFactory' object has no attribute 'GetPrototype'
[info] total indices 497
[info] total variants 497
2.001 was filtered out as 96535123 A>G needs G but not covered
2.004 was filtered out as 96535123 A>G needs G but not covered
2.005 was filtered out as 96535123 A>G needs G but not covered
2.006 was filtered out as 96535123 A>G needs G but not covered
2.007 was filtered out as 96535123 A>G needs G but not covered
2.008 was filtered out as 96535123 A>G needs G but not covered
2.009 was filtered out as 96535123 A>G needs G but not covered
2.011 was filtered out as 96535123 A>G needs G but not covered
2.002 was filtered out as 96535123 A>G needs G but not covered
2.003 was filtered out as 96535123 A>G needs G but not covered
2.010 was filtered out as 96535123 A>G needs G but not covered
3.001 was filtered out as 96540409 G>A needs A but not covered
3.004 was filtered out as 96540409 G>A needs A but not covered
3.002 was filtered out as 96540409 G>A needs A but not covered
3.003 was filtered out as 96540409 G>A needs A but not covered
4.001 was filtered out as 96522462 A>G needs G but not covered
4.002 was filtered out as 96522462 A>G needs G but not covered
5.001 was filtered out as 96602622 A>G needs A but not covered
5.002 was filtered out as 96612494 C>T needs T but not covered
6.001 was filtered out as 96535209 G>A needs A but not covered
7.001 was filtered out as 96602622 A>G needs A but not covered
8.001 was filtered out as 96602622 A>G needs A but not covered
8.002 was filtered out as 96535172 T>C needs C but not covered
9.001 was filtered out as 96535245 G>A needs A but not covered
9.002 was filtered out as 96535245 G>A needs A but not covered
10.001 was filtered out as 96541614 C>T needs T but not covered
11.001 was filtered out as 96535263 G>A needs A but not covered
12.001 was filtered out as 96612670 A>C needs C but not covered
13.001 was filtered out as 96609751 C>T needs T but not covered
13.002 was filtered out as 96609751 C>T needs T but not covered
14.001 was filtered out as 96522511 T>C needs C but not covered
15.001 was filtered out as 96522516 A>C needs C but not covered
15.002 was filtered out as 96522516 A>C needs C but not covered
16.001 was filtered out as 96602622 A>G needs A but not covered
17.001 was filtered out as 96521656 C>T needs T but not covered
18.001 was filtered out as 96602617 G>A needs A but not covered
19.001 was filtered out as 96522612 A>G needs G but not covered
22.001 was filtered out as 96540330 G>C needs C but not covered
23.001 was filtered out as 96534916 G>C needs C but not covered
24.001 was filtered out as 96602635 G>A needs A but not covered
25.001 was filtered out as 96612541 C>G needs G but not covered
26.001 was filtered out as 96541700 G>A needs A but not covered
28.001 was filtered out as 96522516 A>C needs C but not covered
29.001 was filtered out as 96522544 A>T needs T but not covered
30.001 was filtered out as 96602622 A>G needs A but not covered
31.001 was filtered out as 96534877 C>T needs T but not covered
32.001 was filtered out as 96534941 A>G needs G but not covered
33.001 was filtered out as 96540335 G>A needs A but not covered
34.001 was filtered out as 96602622 A>G needs A but not covered
35.001 was filtered out as 96535123 A>G needs G but not covered
35.002 was filtered out as 96535123 A>G needs G but not covered
38.001 was filtered out as 96602622 A>G needs A but not covered
38.002 was filtered out as 96602622 A>G needs A but not covered
38.003 was filtered out as 96602622 A>G needs A but not covered
39.001 was filtered out as 96522516 A>C needs C but not covered
[filter] CYP2C19 1.002 => 1.002; 1.003; 1.004; 1.005; 1.006; 1.007; 1.008; 1.009; 1.010
[filter] valid_alleles=9
CYP2C19:96520534 → A:0, C:0, G*:53, M:0, N:0, P:0, T:0
CYP2C19:96521044 → A:0, C*:58, G:0, M:0, N:0, P:0, T:0
CYP2C19:96521071 → A:0, C:0, G:0, M:0, N:0, P:0, T*:49
CYP2C19:96521290 → A:0, C:0, G:0, M:0, N:0, P:0, T*:40
CYP2C19:96521421 → A:0, C:0, G*:56, M:0, N:0, P:0, T:0
CYP2C19:96521573 → A:0, C:0, G:0, M:0, N:0, P:0, T*:50
CYP2C19:96521687 → A:0, C:0, G:0, M:0, N:0, P:0, T*:71
CYP2C19:96522560 → A:0, C*:0, G:0, M:0, N:0, P:0, T:59
CYP2C19:96602622^ → A*:0, C:0, G^:44, M:0, N:0, P:0, T:0
CYP2C19:96602690 → A:0, C*:40, G:0, M:0, N:0, P:0, T:0
CYP2C19:96609774 → A*:49, C:0, G:0, M:0, N:0, P:0, T:0
Step 0: Loss=0.0578, CN=[2.0999167]
Step 100: Loss=0.0317, CN=[2.2350266]
Step 200: Loss=0.0317, CN=[2.2355857]
Step 300: Loss=0.0317, CN=[2.2355804]
Step 400: Loss=0.0317, CN=[2.2355804]

=== Fit ===
Region 0: obs=2.386, exp=2.236, diff=+0.150 
Region 1: obs=2.269, exp=2.236, diff=+0.034 
Region 2: obs=2.563, exp=2.236, diff=+0.327 
Region 3: obs=2.181, exp=2.236, diff=-0.055 
Region 4: obs=1.812, exp=2.236, diff=-0.423 
Region 5: obs=1.940, exp=2.236, diff=-0.296 
Region 6: obs=1.734, exp=2.236, diff=-0.502 *
Region 7: obs=2.364, exp=2.236, diff=+0.128 
Region 8: obs=2.792, exp=2.236, diff=+0.556 *
Region 9: obs=2.323, exp=2.236, diff=+0.087 
Region 10: obs=2.204, exp=2.236, diff=-0.031 
Region 11: obs=2.188, exp=2.236, diff=-0.048 
Region 12: obs=2.605, exp=2.236, diff=+0.369 
Region 13: obs=2.194, exp=2.236, diff=-0.042 
Region 14: obs=1.995, exp=2.236, diff=-0.240 
Region 15: obs=2.334, exp=2.236, diff=+0.099 
Region 16: obs=2.408, exp=2.236, diff=+0.173 
Region 17: obs=2.163, exp=2.236, diff=-0.073 
Region 18: obs=2.271, exp=2.236, diff=+0.035 
Region 19: obs=1.932, exp=2.236, diff=-0.303 
Region 20: obs=2.344, exp=2.236, diff=+0.108 

[Gene CN Results]
  CYP2C19: 2.24 → 2.2355804443359375
Using device: cuda
num_sparse_entries: 99
max sparse_flat_index: 692
expected max: 692

=== Running VAE with seed 42 ===
Global Pooled JS: 0.017488
Seed 42, Step    0: Loss = 330.57 (Recon: 284.87, Allele KL: 20.25, Base KL: 554.65, Functional KL: 0.02
Global Pooled JS: 0.012159
Seed 42, Step  500: Loss = 116.83 (Recon: 80.97, Allele KL: 8.31, Base KL: 5193.30, Functional KL: 0.01
Global Pooled JS: 0.010757
Seed 42, Step 1000: Loss = 95.21 (Recon: 57.31, Allele KL: 11.95, Base KL: 4989.31, Functional KL: 0.01
Global Pooled JS: 0.010228
Seed 42, Step 1500: Loss = 91.32 (Recon: 50.84, Allele KL: 14.78, Base KL: 5116.44, Functional KL: 0.01
Global Pooled JS: 0.010299
Seed 42, Step 2000: Loss = 93.68 (Recon: 50.41, Allele KL: 17.52, Base KL: 5172.19, Functional KL: 0.01
Global Pooled JS: 0.010355
Seed 42, Step 2500: Loss = 94.37 (Recon: 53.61, Allele KL: 14.73, Base KL: 5155.23, Functional KL: 0.01

Top Variants with Coverage Mismatches:
Rank   Variant                        Expected     Observed     Diff       |Div|       
------------------------------------------------------------------------------------------
1      CYP2C19:96602622→T             0.25         0.00         0.25       0.001693    
2      CYP2C19:96602622→M             0.25         0.00         0.25       0.001691    
3      CYP2C19:96602622→P             0.25         0.00         0.25       0.001686    
4      CYP2C19:96602622→A             0.25         0.00         0.25       0.001651    
5      CYP2C19:96602622→N             0.25         0.00         0.25       0.001648    
6      CYP2C19:96602622→C             0.24         0.00         0.24       0.001641    
7      CYP2C19:96602622→G             50.23        44.00        6.23       0.000106    
New best model with final loss: 95.82

=== Running VAE with seed 123 ===
Global Pooled JS: 0.017020
Seed 123, Step    0: Loss = 423.68 (Recon: 388.20, Allele KL: 9.34, Base KL: 967.17, Functional KL: 0.02
Global Pooled JS: 0.010301
Seed 123, Step  500: Loss = 92.40 (Recon: 55.13, Allele KL: 11.11, Base KL: 5210.88, Functional KL: 0.01
Global Pooled JS: 0.010549
Seed 123, Step 1000: Loss = 93.17 (Recon: 54.00, Allele KL: 13.06, Base KL: 5149.56, Functional KL: 0.01
Global Pooled JS: 0.010581
Seed 123, Step 1500: Loss = 95.46 (Recon: 53.61, Allele KL: 15.71, Base KL: 5149.47, Functional KL: 0.01
Global Pooled JS: 0.010764
Seed 123, Step 2000: Loss = 94.21 (Recon: 52.20, Allele KL: 16.17, Base KL: 5105.22, Functional KL: 0.01
Global Pooled JS: 0.010262
Seed 123, Step 2500: Loss = 94.03 (Recon: 52.24, Allele KL: 15.82, Base KL: 5119.38, Functional KL: 0.01

Top Variants with Coverage Mismatches:
Rank   Variant                        Expected     Observed     Diff       |Div|       
------------------------------------------------------------------------------------------
1      CYP2C19:96602622→C             0.26         0.00         0.26       0.001740    
2      CYP2C19:96602622→T             0.26         0.00         0.26       0.001726    
3      CYP2C19:96602622→N             0.26         0.00         0.26       0.001718    
4      CYP2C19:96602622→A             0.26         0.00         0.26       0.001715    
5      CYP2C19:96602622→P             0.26         0.00         0.26       0.001711    
6      CYP2C19:96602622→M             0.25         0.00         0.25       0.001688    
7      CYP2C19:96602622→G             50.19        44.00        6.19       0.000112    

=== Running VAE with seed 456 ===
Global Pooled JS: 0.016613
Seed 456, Step    0: Loss = 609.38 (Recon: 559.91, Allele KL: 24.58, Base KL: 775.70, Functional KL: 0.02
Global Pooled JS: 0.010594
Seed 456, Step  500: Loss = 91.40 (Recon: 54.25, Allele KL: 11.00, Base KL: 5177.86, Functional KL: 0.01
Global Pooled JS: 0.010386
Seed 456, Step 1000: Loss = 95.27 (Recon: 52.54, Allele KL: 16.71, Base KL: 5135.68, Functional KL: 0.01
Global Pooled JS: 0.011336
Seed 456, Step 1500: Loss = 106.35 (Recon: 66.32, Allele KL: 13.22, Base KL: 5163.54, Functional KL: 0.01
Global Pooled JS: 0.010707
Seed 456, Step 2000: Loss = 94.54 (Recon: 57.26, Allele KL: 11.09, Base KL: 5108.26, Functional KL: 0.01
Global Pooled JS: 0.010800
Seed 456, Step 2500: Loss = 100.60 (Recon: 61.13, Allele KL: 12.85, Base KL: 5226.49, Functional KL: 0.01

Top Variants with Coverage Mismatches:
Rank   Variant                        Expected     Observed     Diff       |Div|       
------------------------------------------------------------------------------------------
1      CYP2C19:96602622→M             0.27         0.00         0.27       0.001792    
2      CYP2C19:96602622→P             0.26         0.00         0.26       0.001766    
3      CYP2C19:96602622→C             0.26         0.00         0.26       0.001764    
4      CYP2C19:96602622→T             0.26         0.00         0.26       0.001762    
5      CYP2C19:96602622→A             0.26         0.00         0.26       0.001760    
6      CYP2C19:96602622→N             0.26         0.00         0.26       0.001752    
7      CYP2C19:96602622→G             50.15        44.00        6.15       0.000119    

=== Multi-Seed VAE Results ===
Best model had seed 42 with final loss: 95.82
All seeds final losses:
  Seed 42: Total=95.82 (Recon=55.34, A_KL=14.25, B_KL=5287.04) <- Best
  Seed 123: Total=97.65 (Recon=59.85, A_KL=11.29, B_KL=5251.62)
  Seed 456: Total=106.13 (Recon=65.00, A_KL=14.63, B_KL=5174.64)

[Raw]:
CYP2C19*1: Normalized=1.0000, Unnormalized=1.00

[Alleles]
CYP2C19*1
CYP2C19*1
	Command being timed: "python /home/qinghuiz/aidy/push/Neretva/neretva/cyp.py CYP2C19 /project/shared/aldy-data/wgs/NA12003.wgs.cram"
	User time (seconds): 154.80
	System time (seconds): 30.25
	Percent of CPU this job got: 99%
	Elapsed (wall clock) time (h:mm:ss or m:ss): 3:05.73
	Average shared text size (kbytes): 0
	Average unshared data size (kbytes): 0
	Average stack size (kbytes): 0
	Average total size (kbytes): 0
	Maximum resident set size (kbytes): 2964996
	Average resident set size (kbytes): 0
	Major (requiring I/O) page faults: 0
	Minor (reclaiming a frame) page faults: 1070129
	Voluntary context switches: 22870
	Involuntary context switches: 705
	Swaps: 0
	File system inputs: 0
	File system outputs: 56
	Socket messages sent: 0
	Socket messages received: 0
	Signals delivered: 0
	Page size (bytes): 4096
	Exit status: 0
