2026-03-11 05:14:30.213755: I tensorflow/core/util/port.cc:111] oneDNN custom operations are on. You may see slightly different numerical results due to floating-point round-off errors from different computation orders. To turn them off, set the environment variable `TF_ENABLE_ONEDNN_OPTS=0`.
2026-03-11 05:14:30.300909: E tensorflow/compiler/xla/stream_executor/cuda/cuda_dnn.cc:9342] Unable to register cuDNN factory: Attempting to register factory for plugin cuDNN when one has already been registered
2026-03-11 05:14:30.301167: E tensorflow/compiler/xla/stream_executor/cuda/cuda_fft.cc:609] Unable to register cuFFT factory: Attempting to register factory for plugin cuFFT when one has already been registered
2026-03-11 05:14:30.301392: E tensorflow/compiler/xla/stream_executor/cuda/cuda_blas.cc:1518] Unable to register cuBLAS factory: Attempting to register factory for plugin cuBLAS when one has already been registered
2026-03-11 05:14:30.317523: I tensorflow/core/platform/cpu_feature_guard.cc:182] This TensorFlow binary is optimized to use available CPU instructions in performance-critical operations.
To enable the following instructions: AVX2 AVX512F AVX512_VNNI FMA, in other operations, rebuild TensorFlow with the appropriate compiler flags.
AttributeError: 'MessageFactory' object has no attribute 'GetPrototype'
2026-03-11 05:14:31.770590: W tensorflow/compiler/tf2tensorrt/utils/py_utils.cc:38] TF-TRT Warning: Could not find TensorRT
AttributeError: 'MessageFactory' object has no attribute 'GetPrototype'
[info] total indices 497
[info] total variants 497
2.002 was filtered out as 96534921 G>C needs C but not covered
2.003 was filtered out as 96535295 G>C needs C but not covered
2.010 was filtered out as 96534921 G>C needs C but not covered
3.002 was filtered out as 96602709 G>A needs A but not covered
3.003 was filtered out as 96535221 T>A needs A but not covered
4.001 was filtered out as 96522462 A>G needs G but not covered
4.002 was filtered out as 96522462 A>G needs G but not covered
5.001 was filtered out as 96602622 A>G needs A but not covered
5.002 was filtered out as 96612494 C>T needs T but not covered
6.001 was filtered out as 96535209 G>A needs A but not covered
7.001 was filtered out as 96602622 A>G needs A but not covered
8.001 was filtered out as 96602622 A>G needs A but not covered
8.002 was filtered out as 96535172 T>C needs C but not covered
9.001 was filtered out as 96535245 G>A needs A but not covered
9.002 was filtered out as 96535245 G>A needs A but not covered
10.001 was filtered out as 96541614 C>T needs T but not covered
11.001 was filtered out as 96535263 G>A needs A but not covered
12.001 was filtered out as 96612670 A>C needs C but not covered
13.001 was filtered out as 96609751 C>T needs T but not covered
13.002 was filtered out as 96609751 C>T needs T but not covered
14.001 was filtered out as 96522511 T>C needs C but not covered
15.001 was filtered out as 96522516 A>C needs C but not covered
15.002 was filtered out as 96522516 A>C needs C but not covered
16.001 was filtered out as 96602622 A>G needs A but not covered
17.001 was filtered out as 96521656 C>T needs T but not covered
18.001 was filtered out as 96602617 G>A needs A but not covered
19.001 was filtered out as 96522612 A>G needs G but not covered
22.001 was filtered out as 96540330 G>C needs C but not covered
23.001 was filtered out as 96534916 G>C needs C but not covered
24.001 was filtered out as 96602635 G>A needs A but not covered
25.001 was filtered out as 96612541 C>G needs G but not covered
26.001 was filtered out as 96541700 G>A needs A but not covered
28.001 was filtered out as 96522516 A>C needs C but not covered
29.001 was filtered out as 96522544 A>T needs T but not covered
30.001 was filtered out as 96602622 A>G needs A but not covered
31.001 was filtered out as 96534877 C>T needs T but not covered
32.001 was filtered out as 96534941 A>G needs G but not covered
33.001 was filtered out as 96540335 G>A needs A but not covered
34.001 was filtered out as 96602622 A>G needs A but not covered
35.002 was filtered out as 96522516 A>C needs C but not covered
38.001 was filtered out as 96602622 A>G needs A but not covered
38.002 was filtered out as 96602622 A>G needs A but not covered
38.003 was filtered out as 96602622 A>G needs A but not covered
39.001 was filtered out as 96522516 A>C needs C but not covered
[filter] CYP2C19 1.002 => 1.002; 1.003; 1.004; 1.005; 1.006; 1.007; 1.008; 1.009; 1.010
[filter] CYP2C19 2.001 => 2.001; 2.004; 2.005; 2.006; 2.007; 2.008; 2.009; 2.011
[filter] CYP2C19 3.001 => 3.001; 3.004
[filter] CYP2C19 35.001 => 35.001
[filter] valid_alleles=20
CYP2C19:96520534 → A:0, C:0, G*:66, M:0, N:0, P:0, T:0
CYP2C19:96521044 → A:0, C*:30, G:0, M:0, N:0, P:0, T:32
CYP2C19:96521071 → A:0, C:0, G:0, M:0, N:0, P:0, T*:60
CYP2C19:96521290 → A:0, C:0, G:0, M:0, N:0, P:0, T*:48
CYP2C19:96521421 → A:0, C:0, G*:39, M:0, N:0, P:0, T:0
CYP2C19:96521549 → A:0, C:0, G*:43, M:0, N:0, P:0, T:0
CYP2C19:96521573 → A:0, C:0, G:17, M:0, N:0, P:0, T*:19
CYP2C19:96521687 → A:0, C:0, G:0, M:0, N:0, P:0, T*:40
CYP2C19:96522364 → A:0, C:16, G:0, M:0, N:0, P:0, T*:19
CYP2C19:96522560 → A:0, C*:17, G:0, M:0, N:0, P:0, T:26
CYP2C19:96535123^ → A*:20, C:0, G^:21, M:0, N:0, P:0, T:0
CYP2C19:96540409^ → A^:19, C:0, G*:28, M:0, N:0, P:0, T:0
CYP2C19:96541615^ → A^:27, C:0, G*:23, M:0, N:0, P:0, T:0
CYP2C19:96541747 → A:0, C:0, G*:45, M:0, N:0, P:0, T:0
CYP2C19:96602621 → A:0, C*:17, G:0, M:0, N:0, P:0, T:26
CYP2C19:96602622^ → A*:0, C:0, G^:46, M:0, N:0, P:0, T:0
CYP2C19:96602652 → A:0, C:0, G*:48, M:0, N:0, P:0, T:0
CYP2C19:96602690 → A:0, C*:48, G:0, M:0, N:0, P:0, T:0
CYP2C19:96602710 → A*:50, C:0, G:0, M:0, N:0, P:0, T:0
CYP2C19:96609709 → A:0, C*:46, G:0, M:0, N:0, P:0, T:0
CYP2C19:96609736 → A:0, C:0, G*:45, M:0, N:0, P:0, T:0
CYP2C19:96609774 → A*:17, C:23, G:0, M:0, N:0, P:0, T:0
CYP2C19:96609784 → A*:37, C:0, G:0, M:0, N:0, P:0, T:0
Step 0: Loss=0.0746, CN=[2.0999167]
Step 100: Loss=0.0214, CN=[2.3369546]
Step 200: Loss=0.0214, CN=[2.336171]
Step 300: Loss=0.0214, CN=[2.3361788]
Step 400: Loss=0.0214, CN=[2.3361788]

=== Fit ===
Region 0: obs=2.424, exp=2.336, diff=+0.088 
Region 1: obs=2.122, exp=2.336, diff=-0.214 
Region 2: obs=2.327, exp=2.336, diff=-0.009 
Region 3: obs=2.222, exp=2.336, diff=-0.115 
Region 4: obs=2.340, exp=2.336, diff=+0.004 
Region 5: obs=2.376, exp=2.336, diff=+0.040 
Region 6: obs=2.114, exp=2.336, diff=-0.222 
Region 7: obs=2.278, exp=2.336, diff=-0.058 
Region 8: obs=2.951, exp=2.336, diff=+0.614 *
Region 9: obs=2.520, exp=2.336, diff=+0.184 
Region 10: obs=2.544, exp=2.336, diff=+0.208 
Region 11: obs=2.193, exp=2.336, diff=-0.143 
Region 12: obs=2.468, exp=2.336, diff=+0.132 
Region 13: obs=2.154, exp=2.336, diff=-0.182 
Region 14: obs=2.646, exp=2.336, diff=+0.310 
Region 15: obs=2.428, exp=2.336, diff=+0.092 
Region 16: obs=2.167, exp=2.336, diff=-0.169 
Region 17: obs=2.241, exp=2.336, diff=-0.095 
Region 18: obs=1.991, exp=2.336, diff=-0.346 
Region 19: obs=2.295, exp=2.336, diff=-0.041 
Region 20: obs=2.371, exp=2.336, diff=+0.035 

[Gene CN Results]
  CYP2C19: 2.34 → 2.336178779602051
Using device: cuda
num_sparse_entries: 460
max sparse_flat_index: 3219
expected max: 3219

=== Running VAE with seed 42 ===
Global Pooled JS: 0.078319
Seed 42, Step    0: Loss = 364.07 (Recon: 316.30, Allele KL: 18.63, Base KL: 3355.52, Functional KL: 0.08
Global Pooled JS: 0.013022
Seed 42, Step  500: Loss = 195.47 (Recon: 149.12, Allele KL: 17.74, Base KL: 4168.91, Functional KL: 0.01
Global Pooled JS: 0.009027
Seed 42, Step 1000: Loss = 186.28 (Recon: 138.53, Allele KL: 19.39, Base KL: 4264.35, Functional KL: 0.01
Global Pooled JS: 0.008434
Seed 42, Step 1500: Loss = 187.57 (Recon: 137.08, Allele KL: 22.29, Base KL: 4130.81, Functional KL: 0.01
Global Pooled JS: 0.008444
Seed 42, Step 2000: Loss = 186.87 (Recon: 134.55, Allele KL: 24.04, Base KL: 4256.77, Functional KL: 0.01
Global Pooled JS: 0.008228
Seed 42, Step 2500: Loss = 181.91 (Recon: 133.16, Allele KL: 20.65, Base KL: 4235.29, Functional KL: 0.01

Top Variants with Coverage Mismatches:
Rank   Variant                        Expected     Observed     Diff       |Div|       
------------------------------------------------------------------------------------------
1      CYP2C19:96541615→A             22.35        27.00        -4.65      0.000597    
2      CYP2C19:96602622→P             0.30         0.00         0.30       0.000557    
3      CYP2C19:96602622→T             0.29         0.00         0.29       0.000553    
4      CYP2C19:96602622→M             0.29         0.00         0.29       0.000553    
5      CYP2C19:96602622→N             0.29         0.00         0.29       0.000553    
6      CYP2C19:96602622→C             0.29         0.00         0.29       0.000546    
7      CYP2C19:96602622→A             0.29         0.00         0.29       0.000541    
8      CYP2C19:96535123→N             0.16         0.00         0.16       0.000303    
9      CYP2C19:96535123→M             0.16         0.00         0.16       0.000299    
10     CYP2C19:96535123→P             0.16         0.00         0.16       0.000298    
11     CYP2C19:96535123→T             0.16         0.00         0.16       0.000295    
12     CYP2C19:96535123→C             0.16         0.00         0.16       0.000294    
13     CYP2C19:96541615→T             0.15         0.00         0.15       0.000273    
14     CYP2C19:96541615→N             0.14         0.00         0.14       0.000273    
15     CYP2C19:96541615→P             0.14         0.00         0.14       0.000272    
16     CYP2C19:96541615→C             0.14         0.00         0.14       0.000268    
17     CYP2C19:96541615→M             0.14         0.00         0.14       0.000261    
18     CYP2C19:96540409→C             0.14         0.00         0.14       0.000260    
19     CYP2C19:96540409→M             0.14         0.00         0.14       0.000255    
20     CYP2C19:96540409→N             0.13         0.00         0.13       0.000253    
21     CYP2C19:96540409→P             0.13         0.00         0.13       0.000247    
22     CYP2C19:96540409→T             0.13         0.00         0.13       0.000246    
23     CYP2C19:96535123→A             22.67        20.00        2.67       0.000226    
24     CYP2C19:96540409→G             26.08        28.00        -1.92      0.000093    
25     CYP2C19:96535123→G             22.54        21.00        1.54       0.000074    
26     CYP2C19:96602622→G             44.25        46.00        -1.75      0.000046    
27     CYP2C19:96540409→A             19.25        19.00        0.25       0.000002    
28     CYP2C19:96541615→G             22.94        23.00        -0.06      0.000000    
New best model with final loss: 183.95

=== Running VAE with seed 123 ===
Global Pooled JS: 0.038337
Seed 123, Step    0: Loss = 291.59 (Recon: 227.09, Allele KL: 36.44, Base KL: 2181.04, Functional KL: 0.04
Global Pooled JS: 0.008813
Seed 123, Step  500: Loss = 187.41 (Recon: 134.55, Allele KL: 24.92, Base KL: 4147.88, Functional KL: 0.01
Global Pooled JS: 0.008268
Seed 123, Step 1000: Loss = 181.93 (Recon: 133.32, Allele KL: 20.37, Base KL: 4297.77, Functional KL: 0.01
Global Pooled JS: 0.009491
Seed 123, Step 1500: Loss = 192.38 (Recon: 138.38, Allele KL: 26.00, Base KL: 4007.74, Functional KL: 0.01
Global Pooled JS: 0.009403
Seed 123, Step 2000: Loss = 189.00 (Recon: 137.45, Allele KL: 23.50, Base KL: 4153.69, Functional KL: 0.01
Global Pooled JS: 0.009175
Seed 123, Step 2500: Loss = 188.77 (Recon: 145.13, Allele KL: 14.24, Base KL: 4392.73, Functional KL: 0.01

Top Variants with Coverage Mismatches:
Rank   Variant                        Expected     Observed     Diff       |Div|       
------------------------------------------------------------------------------------------
1      CYP2C19:96541615→A             19.77        27.00        -7.23      0.001523    
2      CYP2C19:96535123→A             25.30        20.00        5.30       0.000843    
3      CYP2C19:96602622→T             0.30         0.00         0.30       0.000563    
4      CYP2C19:96602622→P             0.30         0.00         0.30       0.000562    
5      CYP2C19:96602622→M             0.30         0.00         0.30       0.000558    
6      CYP2C19:96602622→A             0.30         0.00         0.30       0.000556    
7      CYP2C19:96602622→N             0.29         0.00         0.29       0.000554    
8      CYP2C19:96602622→C             0.29         0.00         0.29       0.000545    
9      CYP2C19:96540409→G             23.66        28.00        -4.34      0.000495    
10     CYP2C19:96540409→C             0.15         0.00         0.15       0.000278    
11     CYP2C19:96540409→N             0.14         0.00         0.14       0.000271    
12     CYP2C19:96540409→T             0.14         0.00         0.14       0.000270    
13     CYP2C19:96540409→P             0.14         0.00         0.14       0.000266    
14     CYP2C19:96540409→M             0.14         0.00         0.14       0.000264    
15     CYP2C19:96535123→C             0.14         0.00         0.14       0.000258    
16     CYP2C19:96535123→N             0.14         0.00         0.14       0.000256    
17     CYP2C19:96535123→T             0.13         0.00         0.13       0.000253    
18     CYP2C19:96535123→M             0.13         0.00         0.13       0.000250    
19     CYP2C19:96535123→P             0.13         0.00         0.13       0.000249    
20     CYP2C19:96541615→P             0.13         0.00         0.13       0.000242    
21     CYP2C19:96541615→N             0.13         0.00         0.13       0.000242    
22     CYP2C19:96541615→M             0.13         0.00         0.13       0.000239    
23     CYP2C19:96541615→T             0.13         0.00         0.13       0.000238    
24     CYP2C19:96541615→C             0.13         0.00         0.13       0.000236    
25     CYP2C19:96540409→A             21.62        19.00        2.62       0.000230    
26     CYP2C19:96541615→G             25.59        23.00        2.59       0.000188    
27     CYP2C19:96602622→G             44.23        46.00        -1.77      0.000047    
28     CYP2C19:96535123→G             20.03        21.00        -0.97      0.000031    

=== Running VAE with seed 456 ===
Global Pooled JS: 0.074346
Seed 456, Step    0: Loss = 373.67 (Recon: 318.73, Allele KL: 23.76, Base KL: 4708.08, Functional KL: 0.07
Global Pooled JS: 0.008757
Seed 456, Step  500: Loss = 186.36 (Recon: 137.61, Allele KL: 20.41, Base KL: 4187.24, Functional KL: 0.01
Global Pooled JS: 0.008618
Seed 456, Step 1000: Loss = 183.71 (Recon: 132.99, Allele KL: 22.66, Base KL: 4162.56, Functional KL: 0.01
Global Pooled JS: 0.008531
Seed 456, Step 1500: Loss = 184.86 (Recon: 136.73, Allele KL: 19.63, Base KL: 4343.71, Functional KL: 0.01
Global Pooled JS: 0.009658
Seed 456, Step 2000: Loss = 188.87 (Recon: 139.47, Allele KL: 21.21, Base KL: 4176.93, Functional KL: 0.01
Global Pooled JS: 0.008261
Seed 456, Step 2500: Loss = 181.80 (Recon: 132.67, Allele KL: 20.90, Base KL: 4287.76, Functional KL: 0.01

Top Variants with Coverage Mismatches:
Rank   Variant                        Expected     Observed     Diff       |Div|       
------------------------------------------------------------------------------------------
1      CYP2C19:96602622→N             0.30         0.00         0.30       0.000557    
2      CYP2C19:96602622→T             0.29         0.00         0.29       0.000551    
3      CYP2C19:96602622→C             0.29         0.00         0.29       0.000549    
4      CYP2C19:96602622→M             0.29         0.00         0.29       0.000546    
5      CYP2C19:96602622→A             0.29         0.00         0.29       0.000544    
6      CYP2C19:96602622→P             0.29         0.00         0.29       0.000543    
7      CYP2C19:96541615→A             22.75        27.00        -4.25      0.000493    
8      CYP2C19:96535123→T             0.16         0.00         0.16       0.000304    
9      CYP2C19:96535123→M             0.16         0.00         0.16       0.000302    
10     CYP2C19:96535123→N             0.16         0.00         0.16       0.000301    
11     CYP2C19:96535123→C             0.16         0.00         0.16       0.000300    
12     CYP2C19:96535123→P             0.16         0.00         0.16       0.000294    
13     CYP2C19:96541615→N             0.15         0.00         0.15       0.000282    
14     CYP2C19:96541615→T             0.15         0.00         0.15       0.000280    
15     CYP2C19:96541615→P             0.15         0.00         0.15       0.000277    
16     CYP2C19:96541615→M             0.15         0.00         0.15       0.000277    
17     CYP2C19:96541615→C             0.15         0.00         0.15       0.000274    
18     CYP2C19:96540409→M             0.13         0.00         0.13       0.000242    
19     CYP2C19:96540409→N             0.13         0.00         0.13       0.000241    
20     CYP2C19:96540409→T             0.13         0.00         0.13       0.000237    
21     CYP2C19:96540409→C             0.13         0.00         0.13       0.000236    
22     CYP2C19:96540409→P             0.12         0.00         0.12       0.000234    
23     CYP2C19:96535123→A             22.34        20.00        2.34       0.000176    
24     CYP2C19:96535123→G             22.86        21.00        1.86       0.000107    
25     CYP2C19:96540409→G             26.16        28.00        -1.84      0.000085    
26     CYP2C19:96602622→G             44.25        46.00        -1.75      0.000046    
27     CYP2C19:96541615→G             22.51        23.00        -0.49      0.000007    
28     CYP2C19:96540409→A             19.21        19.00        0.21       0.000002    

=== Multi-Seed VAE Results ===
Best model had seed 42 with final loss: 183.95
All seeds final losses:
  Seed 42: Total=183.95 (Recon=137.42, A_KL=17.93, B_KL=4249.96) <- Best
  Seed 123: Total=186.50 (Recon=137.31, A_KL=20.96, B_KL=4185.21)
  Seed 456: Total=189.62 (Recon=141.05, A_KL=19.75, B_KL=4165.06)

[Raw]:
CYP2C19*2: Normalized=0.5046, Unnormalized=0.50
CYP2C19*3: Normalized=0.4361, Unnormalized=0.44

[Alleles]
CYP2C19*2
CYP2C19*3
	Command being timed: "python /home/qinghuiz/aidy/push/Neretva/neretva/cyp.py CYP2C19 /project/shared/aldy-data/wgs/NA18564.wgs.cram"
	User time (seconds): 156.51
	System time (seconds): 30.20
	Percent of CPU this job got: 99%
	Elapsed (wall clock) time (h:mm:ss or m:ss): 3:07.25
	Average shared text size (kbytes): 0
	Average unshared data size (kbytes): 0
	Average stack size (kbytes): 0
	Average total size (kbytes): 0
	Maximum resident set size (kbytes): 2926076
	Average resident set size (kbytes): 0
	Major (requiring I/O) page faults: 0
	Minor (reclaiming a frame) page faults: 1208789
	Voluntary context switches: 22763
	Involuntary context switches: 244
	Swaps: 0
	File system inputs: 0
	File system outputs: 56
	Socket messages sent: 0
	Socket messages received: 0
	Signals delivered: 0
	Page size (bytes): 4096
	Exit status: 0
