2026-05-16 00:25:02.089311: I tensorflow/core/util/port.cc:111] oneDNN custom operations are on. You may see slightly different numerical results due to floating-point round-off errors from different computation orders. To turn them off, set the environment variable `TF_ENABLE_ONEDNN_OPTS=0`.
2026-05-16 00:25:02.128387: E tensorflow/compiler/xla/stream_executor/cuda/cuda_dnn.cc:9342] Unable to register cuDNN factory: Attempting to register factory for plugin cuDNN when one has already been registered
2026-05-16 00:25:02.128582: E tensorflow/compiler/xla/stream_executor/cuda/cuda_fft.cc:609] Unable to register cuFFT factory: Attempting to register factory for plugin cuFFT when one has already been registered
2026-05-16 00:25:02.128729: E tensorflow/compiler/xla/stream_executor/cuda/cuda_blas.cc:1518] Unable to register cuBLAS factory: Attempting to register factory for plugin cuBLAS when one has already been registered
2026-05-16 00:25:02.143689: I tensorflow/core/platform/cpu_feature_guard.cc:182] This TensorFlow binary is optimized to use available CPU instructions in performance-critical operations.
To enable the following instructions: AVX2 AVX512F AVX512_VNNI FMA, in other operations, rebuild TensorFlow with the appropriate compiler flags.
AttributeError: 'MessageFactory' object has no attribute 'GetPrototype'
2026-05-16 00:25:03.235821: W tensorflow/compiler/tf2tensorrt/utils/py_utils.cc:38] TF-TRT Warning: Could not find TensorRT
AttributeError: 'MessageFactory' object has no attribute 'GetPrototype'
[info] total indices 497
[info] total variants 497
2.001 was filtered out as 96535123 A>G needs G but not covered
2.004 was filtered out as 96535123 A>G needs G but not covered
2.005 was filtered out as 96535123 A>G needs G but not covered
2.006 was filtered out as 96535123 A>G needs G but not covered
2.007 was filtered out as 96535123 A>G needs G but not covered
2.008 was filtered out as 96535123 A>G needs G but not covered
2.009 was filtered out as 96535123 A>G needs G but not covered
2.011 was filtered out as 96535123 A>G needs G but not covered
2.002 was filtered out as 96535123 A>G needs G but not covered
2.003 was filtered out as 96535123 A>G needs G but not covered
2.010 was filtered out as 96535123 A>G needs G but not covered
3.001 was filtered out as 96540409 G>A needs A but not covered
3.004 was filtered out as 96540409 G>A needs A but not covered
3.002 was filtered out as 96540409 G>A needs A but not covered
3.003 was filtered out as 96540409 G>A needs A but not covered
4.001 was filtered out as 96522462 A>G needs G but not covered
4.002 was filtered out as 96522462 A>G needs G but not covered
5.001 was filtered out as 96602622 A>G needs A but not covered
5.002 was filtered out as 96612494 C>T needs T but not covered
6.001 was filtered out as 96535209 G>A needs A but not covered
7.001 was filtered out as 96602622 A>G needs A but not covered
8.001 was filtered out as 96602622 A>G needs A but not covered
8.002 was filtered out as 96535172 T>C needs C but not covered
9.001 was filtered out as 96535245 G>A needs A but not covered
9.002 was filtered out as 96535245 G>A needs A but not covered
10.001 was filtered out as 96541614 C>T needs T but not covered
11.001 was filtered out as 96535263 G>A needs A but not covered
12.001 was filtered out as 96612670 A>C needs C but not covered
13.001 was filtered out as 96609751 C>T needs T but not covered
13.002 was filtered out as 96609751 C>T needs T but not covered
14.001 was filtered out as 96522511 T>C needs C but not covered
15.001 was filtered out as 96522516 A>C needs C but not covered
15.002 was filtered out as 96522516 A>C needs C but not covered
16.001 was filtered out as 96602622 A>G needs A but not covered
18.001 was filtered out as 96602617 G>A needs A but not covered
19.001 was filtered out as 96522612 A>G needs G but not covered
22.001 was filtered out as 96540330 G>C needs C but not covered
23.001 was filtered out as 96534916 G>C needs C but not covered
24.001 was filtered out as 96602635 G>A needs A but not covered
25.001 was filtered out as 96612541 C>G needs G but not covered
26.001 was filtered out as 96541700 G>A needs A but not covered
28.001 was filtered out as 96522516 A>C needs C but not covered
29.001 was filtered out as 96522544 A>T needs T but not covered
30.001 was filtered out as 96602622 A>G needs A but not covered
31.001 was filtered out as 96534877 C>T needs T but not covered
32.001 was filtered out as 96534941 A>G needs G but not covered
33.001 was filtered out as 96540335 G>A needs A but not covered
34.001 was filtered out as 96602622 A>G needs A but not covered
35.001 was filtered out as 96535123 A>G needs G but not covered
35.002 was filtered out as 96535123 A>G needs G but not covered
38.001 was filtered out as 96602622 A>G needs A but not covered
38.002 was filtered out as 96602622 A>G needs A but not covered
38.003 was filtered out as 96602622 A>G needs A but not covered
39.001 was filtered out as 96522516 A>C needs C but not covered
[filter] CYP2C19 1.002 => 1.002; 1.003; 1.004; 1.005; 1.006; 1.007; 1.008; 1.009; 1.010
[filter] CYP2C19 17.001 => 17.001
[filter] valid_alleles=10
Step 0: Loss=0.1931, CN=[2.0999167]
Step 100: Loss=0.0561, CN=[2.5970664]
Step 200: Loss=0.0561, CN=[2.5991583]
Step 300: Loss=0.0561, CN=[2.5991445]
Step 400: Loss=0.0561, CN=[2.5991445]

=== Fit ===
Region 0: obs=2.511, exp=2.599, diff=-0.088 
Region 1: obs=2.164, exp=2.599, diff=-0.435 
Region 2: obs=2.311, exp=2.599, diff=-0.289 
Region 3: obs=2.409, exp=2.599, diff=-0.190 
Region 4: obs=2.587, exp=2.599, diff=-0.012 
Region 5: obs=2.357, exp=2.599, diff=-0.242 
Region 6: obs=2.239, exp=2.599, diff=-0.360 
Region 7: obs=2.458, exp=2.599, diff=-0.142 
Region 8: obs=2.275, exp=2.599, diff=-0.324 
Region 9: obs=3.446, exp=2.599, diff=+0.847 *
Region 10: obs=2.849, exp=2.599, diff=+0.250 
Region 11: obs=2.425, exp=2.599, diff=-0.175 
Region 12: obs=3.207, exp=2.599, diff=+0.608 *
Region 13: obs=2.381, exp=2.599, diff=-0.218 
Region 14: obs=2.989, exp=2.599, diff=+0.390 
Region 15: obs=2.601, exp=2.599, diff=+0.002 
Region 16: obs=2.931, exp=2.599, diff=+0.332 
Region 17: obs=2.457, exp=2.599, diff=-0.143 
Region 18: obs=2.973, exp=2.599, diff=+0.374 
Region 19: obs=3.026, exp=2.599, diff=+0.427 
Region 20: obs=2.441, exp=2.599, diff=-0.158 

[Gene CN Results]
  CYP2C19: 2.60 → 2.599144458770752
Using device: cuda

=== Running VAE with seed 42 ===
Global Pooled JS: 0.100657
Seed 42, Step    0: Loss = 198.97 (Recon: 158.40, Allele KL: 17.46, Base KL: 971.22, Functional KL: 0.10
Global Pooled JS: 0.012314
Seed 42, Step  500: Loss = 111.09 (Recon: 73.97, Allele KL: 11.54, Base KL: 4270.54, Functional KL: 0.01
Global Pooled JS: 0.012707
Seed 42, Step 1000: Loss = 107.44 (Recon: 67.89, Allele KL: 14.44, Base KL: 4202.46, Functional KL: 0.01
Global Pooled JS: 0.010940
Seed 42, Step 1500: Loss = 102.51 (Recon: 60.90, Allele KL: 16.79, Base KL: 4202.77, Functional KL: 0.01
Global Pooled JS: 0.014383
Seed 42, Step 2000: Loss = 107.40 (Recon: 62.01, Allele KL: 20.72, Base KL: 4159.11, Functional KL: 0.01
Global Pooled JS: 0.010955
Seed 42, Step 2500: Loss = 106.46 (Recon: 60.98, Allele KL: 20.45, Base KL: 4265.35, Functional KL: 0.01

Top Variants with Coverage Mismatches:
Rank   Variant                        Expected     Observed     Diff       |Div|       
------------------------------------------------------------------------------------------
1      CYP2C19:96602622→G             48.20        62.00        -13.80     0.001725    
2      CYP2C19:96602622→N             0.27         0.00         0.27       0.000952    
3      CYP2C19:96602622→M             0.27         0.00         0.27       0.000951    
4      CYP2C19:96602622→T             0.27         0.00         0.27       0.000949    
5      CYP2C19:96602622→C             0.27         0.00         0.27       0.000945    
6      CYP2C19:96602622→A             0.27         0.00         0.27       0.000938    
7      CYP2C19:96602622→P             0.27         0.00         0.27       0.000937    
8      CYP2C19:96521656→T             23.51        22.00        1.51       0.000662    
9      CYP2C19:96521656→P             0.15         0.00         0.15       0.000518    
10     CYP2C19:96521656→G             0.15         0.00         0.15       0.000517    
11     CYP2C19:96521656→N             0.15         0.00         0.15       0.000511    
12     CYP2C19:96521656→M             0.15         0.00         0.15       0.000506    
13     CYP2C19:96521656→A             0.15         0.00         0.15       0.000505    
14     CYP2C19:96521656→C             25.59        25.00        0.59       0.000386    
New best model with final loss: 106.15

=== Running VAE with seed 123 ===
Global Pooled JS: 0.088849
Seed 123, Step    0: Loss = 463.88 (Recon: 434.49, Allele KL: 4.92, Base KL: 805.87, Functional KL: 0.09
Global Pooled JS: 0.017380
Seed 123, Step  500: Loss = 104.33 (Recon: 65.08, Allele KL: 14.39, Base KL: 4209.80, Functional KL: 0.02
Global Pooled JS: 0.012958
Seed 123, Step 1000: Loss = 106.93 (Recon: 67.55, Allele KL: 14.14, Base KL: 4253.95, Functional KL: 0.01
Global Pooled JS: 0.013158
Seed 123, Step 1500: Loss = 104.78 (Recon: 63.22, Allele KL: 16.39, Base KL: 4265.93, Functional KL: 0.01
Global Pooled JS: 0.011855
Seed 123, Step 2000: Loss = 105.78 (Recon: 61.45, Allele KL: 19.45, Base KL: 4270.49, Functional KL: 0.01
Global Pooled JS: 0.011510
Seed 123, Step 2500: Loss = 104.42 (Recon: 62.90, Allele KL: 16.58, Base KL: 4146.07, Functional KL: 0.01

Top Variants with Coverage Mismatches:
Rank   Variant                        Expected     Observed     Diff       |Div|       
------------------------------------------------------------------------------------------
1      CYP2C19:96602622→G             48.14        62.00        -13.86     0.001753    
2      CYP2C19:96521656→T             24.82        22.00        2.82       0.001235    
3      CYP2C19:96602622→N             0.28         0.00         0.28       0.000988    
4      CYP2C19:96602622→P             0.28         0.00         0.28       0.000986    
5      CYP2C19:96602622→C             0.28         0.00         0.28       0.000985    
6      CYP2C19:96602622→M             0.28         0.00         0.28       0.000985    
7      CYP2C19:96602622→A             0.28         0.00         0.28       0.000984    
8      CYP2C19:96602622→T             0.28         0.00         0.28       0.000974    
9      CYP2C19:96521656→P             0.15         0.00         0.15       0.000523    
10     CYP2C19:96521656→G             0.15         0.00         0.15       0.000522    
11     CYP2C19:96521656→A             0.15         0.00         0.15       0.000515    
12     CYP2C19:96521656→N             0.15         0.00         0.15       0.000513    
13     CYP2C19:96521656→M             0.14         0.00         0.14       0.000503    
14     CYP2C19:96521656→C             24.28        25.00        -0.72      0.000107    

=== Running VAE with seed 456 ===
Global Pooled JS: 0.022162
Seed 456, Step    0: Loss = 132.81 (Recon: 87.63, Allele KL: 21.41, Base KL: 965.50, Functional KL: 0.02
Global Pooled JS: 0.012393
Seed 456, Step  500: Loss = 104.28 (Recon: 62.63, Allele KL: 16.57, Base KL: 4208.23, Functional KL: 0.01
Global Pooled JS: 0.013562
Seed 456, Step 1000: Loss = 104.02 (Recon: 62.82, Allele KL: 16.29, Base KL: 4228.32, Functional KL: 0.01
Global Pooled JS: 0.014811
Seed 456, Step 1500: Loss = 119.82 (Recon: 81.52, Allele KL: 12.31, Base KL: 4215.53, Functional KL: 0.01
Global Pooled JS: 0.011149
Seed 456, Step 2000: Loss = 104.34 (Recon: 62.93, Allele KL: 16.42, Base KL: 4174.69, Functional KL: 0.01
Global Pooled JS: 0.011173
Seed 456, Step 2500: Loss = 107.13 (Recon: 62.74, Allele KL: 19.44, Base KL: 4152.94, Functional KL: 0.01

Top Variants with Coverage Mismatches:
Rank   Variant                        Expected     Observed     Diff       |Div|       
------------------------------------------------------------------------------------------
1      CYP2C19:96602622→G             48.16        62.00        -13.84     0.001741    
2      CYP2C19:96602622→T             0.28         0.00         0.28       0.000977    
3      CYP2C19:96602622→N             0.28         0.00         0.28       0.000975    
4      CYP2C19:96602622→A             0.28         0.00         0.28       0.000974    
5      CYP2C19:96602622→C             0.28         0.00         0.28       0.000964    
6      CYP2C19:96602622→M             0.28         0.00         0.28       0.000960    
7      CYP2C19:96602622→P             0.27         0.00         0.27       0.000956    
8      CYP2C19:96521656→T             23.51        22.00        1.51       0.000663    
9      CYP2C19:96521656→N             0.15         0.00         0.15       0.000528    
10     CYP2C19:96521656→A             0.15         0.00         0.15       0.000521    
11     CYP2C19:96521656→P             0.15         0.00         0.15       0.000517    
12     CYP2C19:96521656→M             0.15         0.00         0.15       0.000515    
13     CYP2C19:96521656→G             0.15         0.00         0.15       0.000515    
14     CYP2C19:96521656→C             25.58        25.00        0.58       0.000383    

=== Multi-Seed VAE Results ===
Best model had seed 42 with final loss: 106.15
All seeds final losses:
  Seed 42: Total=106.15 (Recon=63.66, A_KL=17.51, B_KL=4217.66) <- Best
  Seed 123: Total=110.68 (Recon=71.71, A_KL=13.63, B_KL=4223.17)
  Seed 456: Total=111.35 (Recon=66.38, A_KL=20.20, B_KL=4184.83)
[time] run_vae took 161.85s (2,847.88671875 MB; 2,847.88671875 MB)

[Raw]:
CYP2C19*1: Normalized=0.5104, Unnormalized=0.51
CYP2C19*17: Normalized=0.4896, Unnormalized=0.49

[Alleles]
CYP2C19*1
CYP2C19*17
	Command being timed: "python cyp.py CYP2C19 /project/shared/aldy-data/wgs/NA18519.wgs.cram"
	User time (seconds): 147.09
	System time (seconds): 28.42
	Percent of CPU this job got: 99%
	Elapsed (wall clock) time (h:mm:ss or m:ss): 2:56.02
	Average shared text size (kbytes): 0
	Average unshared data size (kbytes): 0
	Average stack size (kbytes): 0
	Average total size (kbytes): 0
	Maximum resident set size (kbytes): 2916268
	Average resident set size (kbytes): 0
	Major (requiring I/O) page faults: 0
	Minor (reclaiming a frame) page faults: 931691
	Voluntary context switches: 22839
	Involuntary context switches: 181
	Swaps: 0
	File system inputs: 0
	File system outputs: 48
	Socket messages sent: 0
	Socket messages received: 0
	Signals delivered: 0
	Page size (bytes): 4096
	Exit status: 0
