2026-05-16 00:30:50.809946: I tensorflow/core/util/port.cc:111] oneDNN custom operations are on. You may see slightly different numerical results due to floating-point round-off errors from different computation orders. To turn them off, set the environment variable `TF_ENABLE_ONEDNN_OPTS=0`.
2026-05-16 00:30:50.875766: E tensorflow/compiler/xla/stream_executor/cuda/cuda_dnn.cc:9342] Unable to register cuDNN factory: Attempting to register factory for plugin cuDNN when one has already been registered
2026-05-16 00:30:50.875869: E tensorflow/compiler/xla/stream_executor/cuda/cuda_fft.cc:609] Unable to register cuFFT factory: Attempting to register factory for plugin cuFFT when one has already been registered
2026-05-16 00:30:50.875948: E tensorflow/compiler/xla/stream_executor/cuda/cuda_blas.cc:1518] Unable to register cuBLAS factory: Attempting to register factory for plugin cuBLAS when one has already been registered
2026-05-16 00:30:50.887820: I tensorflow/core/platform/cpu_feature_guard.cc:182] This TensorFlow binary is optimized to use available CPU instructions in performance-critical operations.
To enable the following instructions: AVX2 AVX512F AVX512_VNNI FMA, in other operations, rebuild TensorFlow with the appropriate compiler flags.
AttributeError: 'MessageFactory' object has no attribute 'GetPrototype'
2026-05-16 00:30:52.359883: W tensorflow/compiler/tf2tensorrt/utils/py_utils.cc:38] TF-TRT Warning: Could not find TensorRT
AttributeError: 'MessageFactory' object has no attribute 'GetPrototype'
[info] total indices 497
[info] total variants 497
2.002 was filtered out as 96534921 G>C needs C but not covered
2.003 was filtered out as 96535295 G>C needs C but not covered
2.010 was filtered out as 96534921 G>C needs C but not covered
3.001 was filtered out as 96540409 G>A needs A but not covered
3.004 was filtered out as 96540409 G>A needs A but not covered
3.002 was filtered out as 96540409 G>A needs A but not covered
3.003 was filtered out as 96540409 G>A needs A but not covered
4.001 was filtered out as 96522462 A>G needs G but not covered
4.002 was filtered out as 96522462 A>G needs G but not covered
5.001 was filtered out as 96602622 A>G needs A but not covered
5.002 was filtered out as 96612494 C>T needs T but not covered
6.001 was filtered out as 96535209 G>A needs A but not covered
7.001 was filtered out as 96602622 A>G needs A but not covered
8.001 was filtered out as 96602622 A>G needs A but not covered
8.002 was filtered out as 96535172 T>C needs C but not covered
9.001 was filtered out as 96535245 G>A needs A but not covered
9.002 was filtered out as 96535245 G>A needs A but not covered
10.001 was filtered out as 96541614 C>T needs T but not covered
11.001 was filtered out as 96535263 G>A needs A but not covered
12.001 was filtered out as 96612670 A>C needs C but not covered
13.001 was filtered out as 96609751 C>T needs T but not covered
13.002 was filtered out as 96609751 C>T needs T but not covered
14.001 was filtered out as 96522511 T>C needs C but not covered
15.001 was filtered out as 96522516 A>C needs C but not covered
15.002 was filtered out as 96522516 A>C needs C but not covered
16.001 was filtered out as 96602622 A>G needs A but not covered
17.001 was filtered out as 96521656 C>T needs T but not covered
18.001 was filtered out as 96602617 G>A needs A but not covered
19.001 was filtered out as 96522612 A>G needs G but not covered
22.001 was filtered out as 96540330 G>C needs C but not covered
23.001 was filtered out as 96534916 G>C needs C but not covered
24.001 was filtered out as 96602635 G>A needs A but not covered
25.001 was filtered out as 96612541 C>G needs G but not covered
26.001 was filtered out as 96541700 G>A needs A but not covered
28.001 was filtered out as 96522516 A>C needs C but not covered
29.001 was filtered out as 96522544 A>T needs T but not covered
30.001 was filtered out as 96602622 A>G needs A but not covered
31.001 was filtered out as 96534877 C>T needs T but not covered
32.001 was filtered out as 96534941 A>G needs G but not covered
33.001 was filtered out as 96540335 G>A needs A but not covered
34.001 was filtered out as 96602622 A>G needs A but not covered
35.002 was filtered out as 96522516 A>C needs C but not covered
38.001 was filtered out as 96602622 A>G needs A but not covered
38.002 was filtered out as 96602622 A>G needs A but not covered
38.003 was filtered out as 96602622 A>G needs A but not covered
39.001 was filtered out as 96522516 A>C needs C but not covered
[filter] CYP2C19 1.002 => 1.002; 1.003; 1.004; 1.005; 1.006; 1.007; 1.008; 1.009; 1.010
[filter] CYP2C19 2.001 => 2.001; 2.004; 2.005; 2.006; 2.007; 2.008; 2.009; 2.011
[filter] CYP2C19 35.001 => 35.001
[filter] valid_alleles=18
Step 0: Loss=0.1441, CN=[2.0999167]
Step 100: Loss=0.0553, CN=[2.4687288]
Step 200: Loss=0.0553, CN=[2.4679317]
Step 300: Loss=0.0553, CN=[2.4679341]
Step 400: Loss=0.0553, CN=[2.467934]

=== Fit ===
Region 0: obs=2.393, exp=2.468, diff=-0.075 
Region 1: obs=2.686, exp=2.468, diff=+0.218 
Region 2: obs=2.761, exp=2.468, diff=+0.293 
Region 3: obs=2.246, exp=2.468, diff=-0.222 
Region 4: obs=2.605, exp=2.468, diff=+0.137 
Region 5: obs=2.868, exp=2.468, diff=+0.400 
Region 6: obs=2.153, exp=2.468, diff=-0.315 
Region 7: obs=2.564, exp=2.468, diff=+0.097 
Region 8: obs=3.149, exp=2.468, diff=+0.681 *
Region 9: obs=2.736, exp=2.468, diff=+0.268 
Region 10: obs=2.498, exp=2.468, diff=+0.030 
Region 11: obs=2.300, exp=2.468, diff=-0.168 
Region 12: obs=1.360, exp=2.468, diff=-1.108 *
Region 13: obs=2.341, exp=2.468, diff=-0.127 
Region 14: obs=1.823, exp=2.468, diff=-0.645 *
Region 15: obs=2.391, exp=2.468, diff=-0.077 
Region 16: obs=2.602, exp=2.468, diff=+0.134 
Region 17: obs=2.509, exp=2.468, diff=+0.041 
Region 18: obs=2.329, exp=2.468, diff=-0.139 
Region 19: obs=2.436, exp=2.468, diff=-0.032 
Region 20: obs=2.505, exp=2.468, diff=+0.037 

[Gene CN Results]
  CYP2C19: 2.47 → 2.4679338932037354
Using device: cuda

=== Running VAE with seed 42 ===
Global Pooled JS: 0.066846
Seed 42, Step    0: Loss = 309.83 (Recon: 269.10, Allele KL: 12.19, Base KL: 2533.41, Functional KL: 0.07
Global Pooled JS: 0.011538
Seed 42, Step  500: Loss = 176.34 (Recon: 127.87, Allele KL: 19.13, Base KL: 4079.71, Functional KL: 0.01
Global Pooled JS: 0.011871
Seed 42, Step 1000: Loss = 167.68 (Recon: 118.17, Allele KL: 21.09, Base KL: 3900.50, Functional KL: 0.01
Global Pooled JS: 0.016446
Seed 42, Step 1500: Loss = 178.66 (Recon: 131.84, Allele KL: 17.56, Base KL: 4082.84, Functional KL: 0.02
Global Pooled JS: 0.016004
Seed 42, Step 2000: Loss = 173.59 (Recon: 124.50, Allele KL: 20.40, Base KL: 4040.74, Functional KL: 0.02
Global Pooled JS: 0.013440
Seed 42, Step 2500: Loss = 168.42 (Recon: 118.27, Allele KL: 21.53, Base KL: 4199.57, Functional KL: 0.01

Top Variants with Coverage Mismatches:
Rank   Variant                        Expected     Observed     Diff       |Div|       
------------------------------------------------------------------------------------------
1      CYP2C19:96602622→G             40.41        38.00        2.41       0.001559    
2      CYP2C19:96535123→G             16.15        24.00        -7.85      0.001131    
3      CYP2C19:96535123→A             25.33        35.00        -9.67      0.000859    
4      CYP2C19:96602622→P             0.28         0.00         0.28       0.000757    
5      CYP2C19:96602622→N             0.27         0.00         0.27       0.000750    
6      CYP2C19:96602622→M             0.27         0.00         0.27       0.000750    
7      CYP2C19:96602622→A             0.27         0.00         0.27       0.000747    
8      CYP2C19:96602622→T             0.27         0.00         0.27       0.000741    
9      CYP2C19:96602622→C             0.27         0.00         0.27       0.000740    
10     CYP2C19:96535123→T             0.11         0.00         0.11       0.000312    
11     CYP2C19:96535123→N             0.11         0.00         0.11       0.000311    
12     CYP2C19:96535123→C             0.11         0.00         0.11       0.000306    
13     CYP2C19:96541615→T             0.11         0.00         0.11       0.000306    
14     CYP2C19:96535123→P             0.11         0.00         0.11       0.000306    
15     CYP2C19:96541615→N             0.11         0.00         0.11       0.000302    
16     CYP2C19:96535123→M             0.11         0.00         0.11       0.000302    
17     CYP2C19:96541615→C             0.11         0.00         0.11       0.000301    
18     CYP2C19:96541615→M             0.11         0.00         0.11       0.000300    
19     CYP2C19:96541615→P             0.11         0.00         0.11       0.000297    
20     CYP2C19:96541615→A             15.89        20.00        -4.11      0.000115    
21     CYP2C19:96541615→G             25.60        29.00        -3.40      0.000012    
New best model with final loss: 171.28

=== Running VAE with seed 123 ===
Global Pooled JS: 0.030612
Seed 123, Step    0: Loss = 269.31 (Recon: 223.39, Allele KL: 16.19, Base KL: 2333.88, Functional KL: 0.03
Global Pooled JS: 0.012105
Seed 123, Step  500: Loss = 170.62 (Recon: 123.94, Allele KL: 17.66, Base KL: 4128.97, Functional KL: 0.01
Global Pooled JS: 0.011146
Seed 123, Step 1000: Loss = 171.58 (Recon: 118.45, Allele KL: 24.80, Base KL: 3908.58, Functional KL: 0.01
Global Pooled JS: 0.013086
Seed 123, Step 1500: Loss = 176.38 (Recon: 126.99, Allele KL: 20.21, Base KL: 4118.56, Functional KL: 0.01
Global Pooled JS: 0.012194
Seed 123, Step 2000: Loss = 168.72 (Recon: 118.16, Allele KL: 21.77, Base KL: 4253.88, Functional KL: 0.01
Global Pooled JS: 0.012288
Seed 123, Step 2500: Loss = 170.99 (Recon: 126.25, Allele KL: 15.43, Base KL: 4139.81, Functional KL: 0.01

Top Variants with Coverage Mismatches:
Rank   Variant                        Expected     Observed     Diff       |Div|       
------------------------------------------------------------------------------------------
1      CYP2C19:96602622→G             40.41        38.00        2.41       0.001556    
2      CYP2C19:96535123→G             16.21        24.00        -7.79      0.001103    
3      CYP2C19:96535123→A             25.28        35.00        -9.72      0.000878    
4      CYP2C19:96602622→M             0.27         0.00         0.27       0.000755    
5      CYP2C19:96602622→T             0.27         0.00         0.27       0.000755    
6      CYP2C19:96602622→N             0.27         0.00         0.27       0.000754    
7      CYP2C19:96602622→A             0.27         0.00         0.27       0.000752    
8      CYP2C19:96602622→P             0.27         0.00         0.27       0.000748    
9      CYP2C19:96602622→C             0.27         0.00         0.27       0.000742    
10     CYP2C19:96535123→C             0.11         0.00         0.11       0.000313    
11     CYP2C19:96541615→T             0.11         0.00         0.11       0.000312    
12     CYP2C19:96541615→P             0.11         0.00         0.11       0.000309    
13     CYP2C19:96535123→T             0.11         0.00         0.11       0.000306    
14     CYP2C19:96535123→P             0.11         0.00         0.11       0.000306    
15     CYP2C19:96535123→M             0.11         0.00         0.11       0.000304    
16     CYP2C19:96541615→M             0.11         0.00         0.11       0.000304    
17     CYP2C19:96535123→N             0.11         0.00         0.11       0.000304    
18     CYP2C19:96541615→N             0.11         0.00         0.11       0.000302    
19     CYP2C19:96541615→C             0.11         0.00         0.11       0.000298    
20     CYP2C19:96541615→A             15.84        20.00        -4.16      0.000124    
21     CYP2C19:96541615→G             25.65        29.00        -3.35      0.000014    
New best model with final loss: 170.39

=== Running VAE with seed 456 ===
Global Pooled JS: 0.034942
Seed 456, Step    0: Loss = 294.65 (Recon: 245.35, Allele KL: 20.16, Base KL: 3749.24, Functional KL: 0.03
Global Pooled JS: 0.011487
Seed 456, Step  500: Loss = 168.45 (Recon: 121.61, Allele KL: 17.93, Base KL: 4129.57, Functional KL: 0.01
Global Pooled JS: 0.011395
Seed 456, Step 1000: Loss = 171.07 (Recon: 122.67, Allele KL: 19.49, Base KL: 4019.65, Functional KL: 0.01
Global Pooled JS: 0.011398
Seed 456, Step 1500: Loss = 169.07 (Recon: 122.43, Allele KL: 17.72, Base KL: 4083.02, Functional KL: 0.01
Global Pooled JS: 0.011278
Seed 456, Step 2000: Loss = 167.66 (Recon: 117.67, Allele KL: 21.32, Base KL: 4052.41, Functional KL: 0.01
Global Pooled JS: 0.011212
Seed 456, Step 2500: Loss = 165.63 (Recon: 117.45, Allele KL: 19.55, Base KL: 4082.89, Functional KL: 0.01

Top Variants with Coverage Mismatches:
Rank   Variant                        Expected     Observed     Diff       |Div|       
------------------------------------------------------------------------------------------
1      CYP2C19:96535123→G             14.37        24.00        -9.63      0.002300    
2      CYP2C19:96602622→G             40.46        38.00        2.46       0.001576    
3      CYP2C19:96602622→A             0.27         0.00         0.27       0.000742    
4      CYP2C19:96602622→T             0.27         0.00         0.27       0.000735    
5      CYP2C19:96602622→M             0.27         0.00         0.27       0.000733    
6      CYP2C19:96602622→N             0.26         0.00         0.26       0.000723    
7      CYP2C19:96602622→C             0.26         0.00         0.26       0.000720    
8      CYP2C19:96602622→P             0.26         0.00         0.26       0.000713    
9      CYP2C19:96541615→A             14.19        20.00        -5.81      0.000602    
10     CYP2C19:96535123→A             27.16        35.00        -7.84      0.000326    
11     CYP2C19:96535123→P             0.10         0.00         0.10       0.000287    
12     CYP2C19:96535123→N             0.10         0.00         0.10       0.000283    
13     CYP2C19:96535123→T             0.10         0.00         0.10       0.000283    
14     CYP2C19:96535123→M             0.10         0.00         0.10       0.000281    
15     CYP2C19:96535123→C             0.10         0.00         0.10       0.000270    
16     CYP2C19:96541615→C             0.10         0.00         0.10       0.000270    
17     CYP2C19:96541615→T             0.10         0.00         0.10       0.000267    
18     CYP2C19:96541615→P             0.10         0.00         0.10       0.000266    
19     CYP2C19:96541615→M             0.10         0.00         0.10       0.000265    
20     CYP2C19:96541615→N             0.09         0.00         0.09       0.000258    
21     CYP2C19:96541615→G             27.37        29.00        -1.63      0.000203    

=== Multi-Seed VAE Results ===
Best model had seed 123 with final loss: 170.39
All seeds final losses:
  Seed 42: Total=171.28 (Recon=124.69, A_KL=17.46, B_KL=4102.40)
  Seed 123: Total=170.39 (Recon=124.70, A_KL=16.38, B_KL=4240.63) <- Best
  Seed 456: Total=180.29 (Recon=130.68, A_KL=21.07, B_KL=4109.16)
[time] run_vae took 156.85s (2,855.94921875 MB; 2,855.94921875 MB)

[Raw]:
CYP2C19*1: Normalized=0.5985, Unnormalized=0.60
CYP2C19*2: Normalized=0.3926, Unnormalized=0.39

[Alleles]
CYP2C19*1
CYP2C19*2
	Command being timed: "python cyp.py CYP2C19 /project/shared/aldy-data/wgs/NA18544.wgs.cram"
	User time (seconds): 143.41
	System time (seconds): 27.56
	Percent of CPU this job got: 99%
	Elapsed (wall clock) time (h:mm:ss or m:ss): 2:51.47
	Average shared text size (kbytes): 0
	Average unshared data size (kbytes): 0
	Average stack size (kbytes): 0
	Average total size (kbytes): 0
	Maximum resident set size (kbytes): 2924524
	Average resident set size (kbytes): 0
	Major (requiring I/O) page faults: 0
	Minor (reclaiming a frame) page faults: 1001420
	Voluntary context switches: 22790
	Involuntary context switches: 925
	Swaps: 0
	File system inputs: 0
	File system outputs: 48
	Socket messages sent: 0
	Socket messages received: 0
	Signals delivered: 0
	Page size (bytes): 4096
	Exit status: 0
