2026-03-11 05:14:20.966800: I tensorflow/core/util/port.cc:111] oneDNN custom operations are on. You may see slightly different numerical results due to floating-point round-off errors from different computation orders. To turn them off, set the environment variable `TF_ENABLE_ONEDNN_OPTS=0`.
2026-03-11 05:14:21.005018: E tensorflow/compiler/xla/stream_executor/cuda/cuda_dnn.cc:9342] Unable to register cuDNN factory: Attempting to register factory for plugin cuDNN when one has already been registered
2026-03-11 05:14:21.005121: E tensorflow/compiler/xla/stream_executor/cuda/cuda_fft.cc:609] Unable to register cuFFT factory: Attempting to register factory for plugin cuFFT when one has already been registered
2026-03-11 05:14:21.005296: E tensorflow/compiler/xla/stream_executor/cuda/cuda_blas.cc:1518] Unable to register cuBLAS factory: Attempting to register factory for plugin cuBLAS when one has already been registered
2026-03-11 05:14:21.013893: I tensorflow/core/platform/cpu_feature_guard.cc:182] This TensorFlow binary is optimized to use available CPU instructions in performance-critical operations.
To enable the following instructions: AVX2 AVX512F AVX512_VNNI FMA, in other operations, rebuild TensorFlow with the appropriate compiler flags.
AttributeError: 'MessageFactory' object has no attribute 'GetPrototype'
2026-03-11 05:14:22.285923: W tensorflow/compiler/tf2tensorrt/utils/py_utils.cc:38] TF-TRT Warning: Could not find TensorRT
AttributeError: 'MessageFactory' object has no attribute 'GetPrototype'
[info] total indices 497
[info] total variants 497
2.002 was filtered out as 96534921 G>C needs C but not covered
2.003 was filtered out as 96535295 G>C needs C but not covered
2.010 was filtered out as 96534921 G>C needs C but not covered
3.001 was filtered out as 96540409 G>A needs A but not covered
3.004 was filtered out as 96540409 G>A needs A but not covered
3.002 was filtered out as 96540409 G>A needs A but not covered
3.003 was filtered out as 96540409 G>A needs A but not covered
4.001 was filtered out as 96522462 A>G needs G but not covered
4.002 was filtered out as 96522462 A>G needs G but not covered
5.001 was filtered out as 96612494 C>T needs T but not covered
5.002 was filtered out as 96612494 C>T needs T but not covered
6.001 was filtered out as 96535209 G>A needs A but not covered
7.001 was filtered out as 96541755 T>A needs A but not covered
8.001 was filtered out as 96535172 T>C needs C but not covered
8.002 was filtered out as 96535172 T>C needs C but not covered
9.001 was filtered out as 96535245 G>A needs A but not covered
9.002 was filtered out as 96535245 G>A needs A but not covered
10.001 was filtered out as 96541614 C>T needs T but not covered
11.001 was filtered out as 96535263 G>A needs A but not covered
12.001 was filtered out as 96612670 A>C needs C but not covered
13.001 was filtered out as 96609751 C>T needs T but not covered
13.002 was filtered out as 96609751 C>T needs T but not covered
14.001 was filtered out as 96522511 T>C needs C but not covered
15.001 was filtered out as 96522516 A>C needs C but not covered
15.002 was filtered out as 96522516 A>C needs C but not covered
16.001 was filtered out as 96612521 C>T needs T but not covered
17.001 was filtered out as 96521656 C>T needs T but not covered
18.001 was filtered out as 96602617 G>A needs A but not covered
19.001 was filtered out as 96522612 A>G needs G but not covered
22.001 was filtered out as 96540330 G>C needs C but not covered
23.001 was filtered out as 96534916 G>C needs C but not covered
24.001 was filtered out as 96602635 G>A needs A but not covered
25.001 was filtered out as 96612541 C>G needs G but not covered
26.001 was filtered out as 96541700 G>A needs A but not covered
28.001 was filtered out as 96522516 A>C needs C but not covered
29.001 was filtered out as 96522544 A>T needs T but not covered
30.001 was filtered out as 96534862 C>T needs T but not covered
31.001 was filtered out as 96534877 C>T needs T but not covered
32.001 was filtered out as 96534941 A>G needs G but not covered
33.001 was filtered out as 96540335 G>A needs A but not covered
34.001 was filtered out as 96522468 C>T needs T but not covered
35.002 was filtered out as 96522516 A>C needs C but not covered
39.001 was filtered out as 96522516 A>C needs C but not covered
[filter] CYP2C19 1.002 => 1.002; 1.003; 1.004; 1.005; 1.006; 1.007; 1.008; 1.009; 1.010
[filter] CYP2C19 2.001 => 2.001; 2.004; 2.005; 2.006; 2.007; 2.008; 2.009; 2.011
[filter] CYP2C19 35.001 => 35.001
[filter] CYP2C19 38.001 => 38.001; 38.002; 38.003
[filter] valid_alleles=21
CYP2C19:96520534 → A:0, C:0, G*:60, M:0, N:0, P:0, T:0
CYP2C19:96521044 → A:0, C*:31, G:0, M:0, N:0, P:0, T:19
CYP2C19:96521071 → A:0, C:0, G:0, M:0, N:0, P:0, T*:55
CYP2C19:96521290 → A:0, C:0, G:0, M:0, N:0, P:0, T*:42
CYP2C19:96521421 → A:0, C:0, G*:46, M:0, N:0, P:0, T:0
CYP2C19:96521549 → A:0, C:0, G*:52, M:0, N:0, P:0, T:0
CYP2C19:96521573 → A:0, C:0, G:27, M:0, N:0, P:0, T*:22
CYP2C19:96521687 → A:0, C:0, G:0, M:0, N:0, P:0, T*:50
CYP2C19:96522364 → A:0, C:15, G:0, M:0, N:0, P:0, T*:25
CYP2C19:96522392 → A:0, C:0, G:0, M:0, N:0, P:0, T*:35
CYP2C19:96522560 → A:0, C*:23, G:0, M:0, N:0, P:0, T:30
CYP2C19:96535123^ → A*:28, C:0, G^:19, M:0, N:0, P:0, T:0
CYP2C19:96541615^ → A^:27, C:0, G*:25, M:0, N:0, P:0, T:0
CYP2C19:96541747 → A:0, C:0, G*:51, M:0, N:0, P:0, T:0
CYP2C19:96602621 → A:0, C*:35, G:0, M:0, N:0, P:0, T:19
CYP2C19:96602622^ → A*:35, C:0, G^:22, M:0, N:0, P:0, T:0
CYP2C19:96602652 → A:0, C:0, G*:58, M:0, N:0, P:0, T:0
CYP2C19:96602690 → A:0, C*:58, G:0, M:0, N:0, P:0, T:0
CYP2C19:96602710 → A*:56, C:0, G:0, M:0, N:0, P:0, T:0
CYP2C19:96609709 → A:0, C*:54, G:0, M:0, N:0, P:0, T:0
CYP2C19:96609736 → A:0, C:0, G*:54, M:0, N:0, P:0, T:0
CYP2C19:96609774 → A*:54, C:0, G:0, M:0, N:0, P:0, T:0
CYP2C19:96609784 → A*:53, C:0, G:0, M:0, N:0, P:0, T:0
Step 0: Loss=0.3848, CN=[2.0999167]
Step 100: Loss=0.0633, CN=[2.971382]
Step 200: Loss=0.0633, CN=[2.9697013]
Step 300: Loss=0.0633, CN=[2.9696867]
Step 400: Loss=0.0633, CN=[2.969687]

=== Fit ===
Region 0: obs=2.903, exp=2.970, diff=-0.067 
Region 1: obs=2.526, exp=2.970, diff=-0.443 
Region 2: obs=3.077, exp=2.970, diff=+0.108 
Region 3: obs=2.724, exp=2.970, diff=-0.245 
Region 4: obs=2.883, exp=2.970, diff=-0.087 
Region 5: obs=2.594, exp=2.970, diff=-0.376 
Region 6: obs=2.604, exp=2.970, diff=-0.366 
Region 7: obs=2.990, exp=2.970, diff=+0.020 
Region 8: obs=3.083, exp=2.970, diff=+0.114 
Region 9: obs=3.206, exp=2.970, diff=+0.236 
Region 10: obs=3.005, exp=2.970, diff=+0.036 
Region 11: obs=2.690, exp=2.970, diff=-0.279 
Region 12: obs=4.443, exp=2.970, diff=+1.473 *
Region 13: obs=2.618, exp=2.970, diff=-0.352 
Region 14: obs=3.329, exp=2.970, diff=+0.359 
Region 15: obs=3.017, exp=2.970, diff=+0.048 
Region 16: obs=3.227, exp=2.970, diff=+0.257 
Region 17: obs=3.075, exp=2.970, diff=+0.105 
Region 18: obs=3.122, exp=2.970, diff=+0.152 
Region 19: obs=3.546, exp=2.970, diff=+0.576 *
Region 20: obs=2.751, exp=2.970, diff=-0.219 

[Gene CN Results]
  CYP2C19: 2.97 → 2.969686985015869
Using device: cuda
num_sparse_entries: 483
max sparse_flat_index: 3380
expected max: 3380

=== Running VAE with seed 42 ===
Global Pooled JS: 0.098308
Seed 42, Step    0: Loss = 350.49 (Recon: 302.00, Allele KL: 16.66, Base KL: 4556.98, Functional KL: 0.10
Global Pooled JS: 0.010956
Seed 42, Step  500: Loss = 192.57 (Recon: 140.34, Allele KL: 22.06, Base KL: 4823.06, Functional KL: 0.01
Global Pooled JS: 0.010823
Seed 42, Step 1000: Loss = 186.07 (Recon: 138.78, Allele KL: 17.14, Base KL: 5038.76, Functional KL: 0.01
Global Pooled JS: 0.012811
Seed 42, Step 1500: Loss = 194.49 (Recon: 146.63, Allele KL: 17.06, Base KL: 5300.51, Functional KL: 0.01
Global Pooled JS: 0.013858
Seed 42, Step 2000: Loss = 193.42 (Recon: 140.37, Allele KL: 22.86, Base KL: 5070.16, Functional KL: 0.01
Global Pooled JS: 0.008557
Seed 42, Step 2500: Loss = 188.11 (Recon: 132.67, Allele KL: 25.87, Base KL: 5010.87, Functional KL: 0.01

Top Variants with Coverage Mismatches:
Rank   Variant                        Expected     Observed     Diff       |Div|       
------------------------------------------------------------------------------------------
1      CYP2C19:96602622→A             26.75        35.00        -8.25      0.001609    
2      CYP2C19:96541615→A             20.73        27.00        -6.27      0.001202    
3      CYP2C19:96541615→G             29.92        25.00        4.92       0.000822    
4      CYP2C19:96602622→M             0.17         0.00         0.17       0.000388    
5      CYP2C19:96602622→P             0.17         0.00         0.17       0.000388    
6      CYP2C19:96602622→T             0.17         0.00         0.17       0.000384    
7      CYP2C19:96602622→N             0.17         0.00         0.17       0.000381    
8      CYP2C19:96602622→C             0.17         0.00         0.17       0.000379    
9      CYP2C19:96535123→M             0.15         0.00         0.15       0.000344    
10     CYP2C19:96535123→C             0.15         0.00         0.15       0.000338    
11     CYP2C19:96535123→N             0.15         0.00         0.15       0.000335    
12     CYP2C19:96535123→P             0.15         0.00         0.15       0.000334    
13     CYP2C19:96535123→T             0.14         0.00         0.14       0.000323    
14     CYP2C19:96541615→T             0.13         0.00         0.13       0.000302    
15     CYP2C19:96541615→N             0.13         0.00         0.13       0.000301    
16     CYP2C19:96541615→P             0.13         0.00         0.13       0.000300    
17     CYP2C19:96541615→C             0.13         0.00         0.13       0.000296    
18     CYP2C19:96541615→M             0.13         0.00         0.13       0.000288    
19     CYP2C19:96535123→G             20.83        19.00        1.83       0.000178    
20     CYP2C19:96602622→G             23.70        22.00        1.70       0.000142    
21     CYP2C19:96535123→A             29.73        28.00        1.73       0.000126    
New best model with final loss: 190.60

=== Running VAE with seed 123 ===
Global Pooled JS: 0.100031
Seed 123, Step    0: Loss = 396.50 (Recon: 330.72, Allele KL: 36.84, Base KL: 2713.95, Functional KL: 0.10
Global Pooled JS: 0.010232
Seed 123, Step  500: Loss = 192.98 (Recon: 133.34, Allele KL: 30.19, Base KL: 4971.31, Functional KL: 0.01
Global Pooled JS: 0.009277
Seed 123, Step 1000: Loss = 189.37 (Recon: 134.27, Allele KL: 25.41, Base KL: 5007.06, Functional KL: 0.01
Global Pooled JS: 0.012641
Seed 123, Step 1500: Loss = 193.32 (Recon: 144.03, Allele KL: 19.23, Base KL: 4646.76, Functional KL: 0.01
Global Pooled JS: 0.009521
Seed 123, Step 2000: Loss = 188.78 (Recon: 136.31, Allele KL: 22.78, Base KL: 4929.56, Functional KL: 0.01
Global Pooled JS: 0.011324
Seed 123, Step 2500: Loss = 188.18 (Recon: 137.10, Allele KL: 20.58, Base KL: 5166.71, Functional KL: 0.01

Top Variants with Coverage Mismatches:
Rank   Variant                        Expected     Observed     Diff       |Div|       
------------------------------------------------------------------------------------------
1      CYP2C19:96602622→A             24.87        35.00        -10.13     0.002562    
2      CYP2C19:96541615→A             21.40        27.00        -5.60      0.000929    
3      CYP2C19:96541615→G             29.21        25.00        4.21       0.000623    
4      CYP2C19:96602622→G             25.49        22.00        3.49       0.000492    
5      CYP2C19:96602622→P             0.19         0.00         0.19       0.000432    
6      CYP2C19:96602622→M             0.19         0.00         0.19       0.000431    
7      CYP2C19:96602622→T             0.19         0.00         0.19       0.000423    
8      CYP2C19:96602622→C             0.19         0.00         0.19       0.000423    
9      CYP2C19:96602622→N             0.19         0.00         0.19       0.000419    
10     CYP2C19:96535123→N             0.16         0.00         0.16       0.000356    
11     CYP2C19:96535123→G             21.70        19.00        2.70       0.000352    
12     CYP2C19:96535123→M             0.15         0.00         0.15       0.000347    
13     CYP2C19:96535123→P             0.15         0.00         0.15       0.000346    
14     CYP2C19:96535123→T             0.15         0.00         0.15       0.000345    
15     CYP2C19:96535123→C             0.15         0.00         0.15       0.000339    
16     CYP2C19:96541615→P             0.14         0.00         0.14       0.000316    
17     CYP2C19:96541615→N             0.14         0.00         0.14       0.000315    
18     CYP2C19:96541615→M             0.14         0.00         0.14       0.000312    
19     CYP2C19:96541615→T             0.14         0.00         0.14       0.000311    
20     CYP2C19:96541615→C             0.14         0.00         0.14       0.000308    
21     CYP2C19:96535123→A             28.83        28.00        0.83       0.000042    
New best model with final loss: 189.04

=== Running VAE with seed 456 ===
Global Pooled JS: 0.127835
Seed 456, Step    0: Loss = 399.72 (Recon: 343.89, Allele KL: 23.77, Base KL: 5315.73, Functional KL: 0.13
Global Pooled JS: 0.022476
Seed 456, Step  500: Loss = 200.55 (Recon: 154.51, Allele KL: 14.95, Base KL: 5162.52, Functional KL: 0.02
Global Pooled JS: 0.011944
Seed 456, Step 1000: Loss = 187.93 (Recon: 136.36, Allele KL: 21.66, Base KL: 4938.60, Functional KL: 0.01
Global Pooled JS: 0.010373
Seed 456, Step 1500: Loss = 188.83 (Recon: 136.43, Allele KL: 22.48, Base KL: 4864.58, Functional KL: 0.01
Global Pooled JS: 0.010867
Seed 456, Step 2000: Loss = 187.11 (Recon: 137.16, Allele KL: 20.25, Base KL: 4611.83, Functional KL: 0.01
Global Pooled JS: 0.014817
Seed 456, Step 2500: Loss = 189.79 (Recon: 139.79, Allele KL: 19.84, Base KL: 5219.50, Functional KL: 0.01

Top Variants with Coverage Mismatches:
Rank   Variant                        Expected     Observed     Diff       |Div|       
------------------------------------------------------------------------------------------
1      CYP2C19:96541615→A             19.68        27.00        -7.32      0.001703    
2      CYP2C19:96602622→A             27.81        35.00        -7.19      0.001180    
3      CYP2C19:96541615→G             30.97        25.00        5.97       0.001164    
4      CYP2C19:96602622→T             0.17         0.00         0.17       0.000376    
5      CYP2C19:96602622→N             0.17         0.00         0.17       0.000374    
6      CYP2C19:96602622→M             0.16         0.00         0.16       0.000370    
7      CYP2C19:96602622→C             0.16         0.00         0.16       0.000369    
8      CYP2C19:96602622→P             0.16         0.00         0.16       0.000363    
9      CYP2C19:96535123→N             0.15         0.00         0.15       0.000329    
10     CYP2C19:96535123→M             0.14         0.00         0.14       0.000323    
11     CYP2C19:96535123→C             0.14         0.00         0.14       0.000321    
12     CYP2C19:96535123→P             0.14         0.00         0.14       0.000320    
13     CYP2C19:96535123→T             0.14         0.00         0.14       0.000313    
14     CYP2C19:96541615→N             0.13         0.00         0.13       0.000296    
15     CYP2C19:96541615→T             0.13         0.00         0.13       0.000293    
16     CYP2C19:96541615→P             0.13         0.00         0.13       0.000291    
17     CYP2C19:96541615→M             0.13         0.00         0.13       0.000290    
18     CYP2C19:96541615→C             0.13         0.00         0.13       0.000287    
19     CYP2C19:96535123→A             30.71        28.00        2.71       0.000265    
20     CYP2C19:96535123→G             19.88        19.00        0.88       0.000054    
21     CYP2C19:96602622→G             22.67        22.00        0.67       0.000034    

=== Multi-Seed VAE Results ===
Best model had seed 123 with final loss: 189.04
All seeds final losses:
  Seed 42: Total=190.60 (Recon=139.43, A_KL=20.45, B_KL=5431.76)
  Seed 123: Total=189.04 (Recon=142.38, A_KL=16.19, B_KL=5241.34) <- Best
  Seed 456: Total=194.01 (Recon=144.43, A_KL=19.57, B_KL=4762.07)

[Raw]:
CYP2C19*38: Normalized=0.4809, Unnormalized=0.48
CYP2C19*2: Normalized=0.4334, Unnormalized=0.43

[Alleles]
CYP2C19*38
CYP2C19*2
	Command being timed: "python /home/qinghuiz/aidy/push/Neretva/neretva/cyp.py CYP2C19 /project/shared/aldy-data/wgs/NA18524.wgs.cram"
	User time (seconds): 154.47
	System time (seconds): 32.97
	Percent of CPU this job got: 99%
	Elapsed (wall clock) time (h:mm:ss or m:ss): 3:08.05
	Average shared text size (kbytes): 0
	Average unshared data size (kbytes): 0
	Average stack size (kbytes): 0
	Average total size (kbytes): 0
	Maximum resident set size (kbytes): 2976524
	Average resident set size (kbytes): 0
	Major (requiring I/O) page faults: 0
	Minor (reclaiming a frame) page faults: 965478
	Voluntary context switches: 24665
	Involuntary context switches: 4256
	Swaps: 0
	File system inputs: 0
	File system outputs: 72
	Socket messages sent: 0
	Socket messages received: 0
	Signals delivered: 0
	Page size (bytes): 4096
	Exit status: 0
