2026-05-16 00:39:11.632304: I tensorflow/core/util/port.cc:111] oneDNN custom operations are on. You may see slightly different numerical results due to floating-point round-off errors from different computation orders. To turn them off, set the environment variable `TF_ENABLE_ONEDNN_OPTS=0`.
2026-05-16 00:39:11.698197: E tensorflow/compiler/xla/stream_executor/cuda/cuda_dnn.cc:9342] Unable to register cuDNN factory: Attempting to register factory for plugin cuDNN when one has already been registered
2026-05-16 00:39:11.698399: E tensorflow/compiler/xla/stream_executor/cuda/cuda_fft.cc:609] Unable to register cuFFT factory: Attempting to register factory for plugin cuFFT when one has already been registered
2026-05-16 00:39:11.698568: E tensorflow/compiler/xla/stream_executor/cuda/cuda_blas.cc:1518] Unable to register cuBLAS factory: Attempting to register factory for plugin cuBLAS when one has already been registered
2026-05-16 00:39:11.711245: I tensorflow/core/platform/cpu_feature_guard.cc:182] This TensorFlow binary is optimized to use available CPU instructions in performance-critical operations.
To enable the following instructions: AVX2 AVX512F AVX512_VNNI FMA, in other operations, rebuild TensorFlow with the appropriate compiler flags.
AttributeError: 'MessageFactory' object has no attribute 'GetPrototype'
2026-05-16 00:39:13.181809: W tensorflow/compiler/tf2tensorrt/utils/py_utils.cc:38] TF-TRT Warning: Could not find TensorRT
AttributeError: 'MessageFactory' object has no attribute 'GetPrototype'
[info] total indices 497
[info] total variants 497
2.001 was filtered out as 96535123 A>G needs G but not covered
2.004 was filtered out as 96535123 A>G needs G but not covered
2.005 was filtered out as 96535123 A>G needs G but not covered
2.006 was filtered out as 96535123 A>G needs G but not covered
2.007 was filtered out as 96535123 A>G needs G but not covered
2.008 was filtered out as 96535123 A>G needs G but not covered
2.009 was filtered out as 96535123 A>G needs G but not covered
2.011 was filtered out as 96535123 A>G needs G but not covered
2.002 was filtered out as 96535123 A>G needs G but not covered
2.003 was filtered out as 96535123 A>G needs G but not covered
2.010 was filtered out as 96535123 A>G needs G but not covered
3.001 was filtered out as 96540409 G>A needs A but not covered
3.004 was filtered out as 96540409 G>A needs A but not covered
3.002 was filtered out as 96540409 G>A needs A but not covered
3.003 was filtered out as 96540409 G>A needs A but not covered
4.001 was filtered out as 96522462 A>G needs G but not covered
4.002 was filtered out as 96522462 A>G needs G but not covered
5.001 was filtered out as 96602622 A>G needs A but not covered
5.002 was filtered out as 96612494 C>T needs T but not covered
6.001 was filtered out as 96535209 G>A needs A but not covered
7.001 was filtered out as 96602622 A>G needs A but not covered
8.001 was filtered out as 96602622 A>G needs A but not covered
8.002 was filtered out as 96535172 T>C needs C but not covered
9.001 was filtered out as 96535245 G>A needs A but not covered
9.002 was filtered out as 96535245 G>A needs A but not covered
10.001 was filtered out as 96541614 C>T needs T but not covered
11.001 was filtered out as 96535263 G>A needs A but not covered
12.001 was filtered out as 96612670 A>C needs C but not covered
13.001 was filtered out as 96609751 C>T needs T but not covered
13.002 was filtered out as 96609751 C>T needs T but not covered
14.001 was filtered out as 96522511 T>C needs C but not covered
15.001 was filtered out as 96522516 A>C needs C but not covered
15.002 was filtered out as 96522516 A>C needs C but not covered
16.001 was filtered out as 96602622 A>G needs A but not covered
17.001 was filtered out as 96521656 C>T needs T but not covered
18.001 was filtered out as 96602617 G>A needs A but not covered
19.001 was filtered out as 96522612 A>G needs G but not covered
22.001 was filtered out as 96540330 G>C needs C but not covered
23.001 was filtered out as 96534916 G>C needs C but not covered
24.001 was filtered out as 96602635 G>A needs A but not covered
25.001 was filtered out as 96612541 C>G needs G but not covered
26.001 was filtered out as 96541700 G>A needs A but not covered
28.001 was filtered out as 96522516 A>C needs C but not covered
29.001 was filtered out as 96522544 A>T needs T but not covered
30.001 was filtered out as 96602622 A>G needs A but not covered
31.001 was filtered out as 96534877 C>T needs T but not covered
32.001 was filtered out as 96534941 A>G needs G but not covered
33.001 was filtered out as 96540335 G>A needs A but not covered
34.001 was filtered out as 96602622 A>G needs A but not covered
35.001 was filtered out as 96535123 A>G needs G but not covered
35.002 was filtered out as 96535123 A>G needs G but not covered
38.001 was filtered out as 96602622 A>G needs A but not covered
38.002 was filtered out as 96602622 A>G needs A but not covered
38.003 was filtered out as 96602622 A>G needs A but not covered
39.001 was filtered out as 96522516 A>C needs C but not covered
[filter] CYP2C19 1.002 => 1.002; 1.003; 1.004; 1.005; 1.006; 1.007; 1.008; 1.009; 1.010
[filter] valid_alleles=9
Step 0: Loss=0.1248, CN=[2.0999167]
Step 100: Loss=0.0236, CN=[2.4787943]
Step 200: Loss=0.0236, CN=[2.4775124]
Step 300: Loss=0.0236, CN=[2.4775066]
Step 400: Loss=0.0236, CN=[2.4775069]

=== Fit ===
Region 0: obs=2.286, exp=2.478, diff=-0.192 
Region 1: obs=2.623, exp=2.478, diff=+0.146 
Region 2: obs=2.927, exp=2.478, diff=+0.450 
Region 3: obs=2.328, exp=2.478, diff=-0.149 
Region 4: obs=2.375, exp=2.478, diff=-0.103 
Region 5: obs=2.551, exp=2.478, diff=+0.073 
Region 6: obs=2.631, exp=2.478, diff=+0.153 
Region 7: obs=2.320, exp=2.478, diff=-0.158 
Region 8: obs=2.794, exp=2.478, diff=+0.316 
Region 9: obs=3.007, exp=2.478, diff=+0.530 *
Region 10: obs=2.545, exp=2.478, diff=+0.068 
Region 11: obs=2.329, exp=2.478, diff=-0.148 
Region 12: obs=2.292, exp=2.478, diff=-0.186 
Region 13: obs=2.295, exp=2.478, diff=-0.183 
Region 14: obs=2.315, exp=2.478, diff=-0.162 
Region 15: obs=2.504, exp=2.478, diff=+0.026 
Region 16: obs=2.476, exp=2.478, diff=-0.001 
Region 17: obs=2.331, exp=2.478, diff=-0.147 
Region 18: obs=2.150, exp=2.478, diff=-0.328 
Region 19: obs=2.570, exp=2.478, diff=+0.092 
Region 20: obs=2.410, exp=2.478, diff=-0.068 

[Gene CN Results]
  CYP2C19: 2.48 → 2.4775068759918213
Using device: cuda

=== Running VAE with seed 42 ===
Global Pooled JS: 0.017445
Seed 42, Step    0: Loss = 199.89 (Recon: 162.78, Allele KL: 11.64, Base KL: 368.74, Functional KL: 0.02
Global Pooled JS: 0.012921
Seed 42, Step  500: Loss = 102.21 (Recon: 63.82, Allele KL: 13.18, Base KL: 2875.56, Functional KL: 0.01
Global Pooled JS: 0.012805
Seed 42, Step 1000: Loss = 99.09 (Recon: 63.19, Allele KL: 10.71, Base KL: 2871.29, Functional KL: 0.01
Global Pooled JS: 0.012833
Seed 42, Step 1500: Loss = 99.03 (Recon: 63.19, Allele KL: 10.79, Base KL: 2867.58, Functional KL: 0.01
Global Pooled JS: 0.012928
Seed 42, Step 2000: Loss = 101.17 (Recon: 65.26, Allele KL: 10.62, Base KL: 2876.35, Functional KL: 0.01
Global Pooled JS: 0.013039
Seed 42, Step 2500: Loss = 100.00 (Recon: 64.04, Allele KL: 10.83, Base KL: 2732.32, Functional KL: 0.01

Top Variants with Coverage Mismatches:
Rank   Variant                        Expected     Observed     Diff       |Div|       
------------------------------------------------------------------------------------------
1      CYP2C19:96602622→P             0.27         0.00         0.27       0.002144    
2      CYP2C19:96602622→N             0.27         0.00         0.27       0.002137    
3      CYP2C19:96602622→T             0.27         0.00         0.27       0.002130    
4      CYP2C19:96602622→M             0.27         0.00         0.27       0.002120    
5      CYP2C19:96602622→A             0.27         0.00         0.27       0.002102    
6      CYP2C19:96602622→C             0.27         0.00         0.27       0.002074    
7      CYP2C19:96602622→G             42.74        45.00        -2.26      0.000171    
New best model with final loss: 104.61

=== Running VAE with seed 123 ===
Global Pooled JS: 0.017146
Seed 123, Step    0: Loss = 174.65 (Recon: 144.09, Allele KL: 5.18, Base KL: 566.94, Functional KL: 0.02
Global Pooled JS: 0.012805
Seed 123, Step  500: Loss = 99.14 (Recon: 62.19, Allele KL: 11.74, Base KL: 2876.59, Functional KL: 0.01
Global Pooled JS: 0.013394
Seed 123, Step 1000: Loss = 104.61 (Recon: 67.40, Allele KL: 11.65, Base KL: 2867.49, Functional KL: 0.01
Global Pooled JS: 0.012955
Seed 123, Step 1500: Loss = 102.18 (Recon: 61.76, Allele KL: 15.48, Base KL: 2756.42, Functional KL: 0.01
Global Pooled JS: 0.012931
Seed 123, Step 2000: Loss = 98.40 (Recon: 63.37, Allele KL: 9.79, Base KL: 2948.08, Functional KL: 0.01
Global Pooled JS: 0.012934
Seed 123, Step 2500: Loss = 100.15 (Recon: 64.92, Allele KL: 9.65, Base KL: 2969.89, Functional KL: 0.01

Top Variants with Coverage Mismatches:
Rank   Variant                        Expected     Observed     Diff       |Div|       
------------------------------------------------------------------------------------------
1      CYP2C19:96602622→P             0.28         0.00         0.28       0.002151    
2      CYP2C19:96602622→T             0.27         0.00         0.27       0.002148    
3      CYP2C19:96602622→C             0.27         0.00         0.27       0.002127    
4      CYP2C19:96602622→A             0.27         0.00         0.27       0.002110    
5      CYP2C19:96602622→N             0.27         0.00         0.27       0.002106    
6      CYP2C19:96602622→M             0.27         0.00         0.27       0.002083    
7      CYP2C19:96602622→G             42.73        45.00        -2.27      0.000172    
New best model with final loss: 103.43

=== Running VAE with seed 456 ===
Global Pooled JS: 0.016842
Seed 456, Step    0: Loss = 202.68 (Recon: 167.07, Allele KL: 10.10, Base KL: 548.99, Functional KL: 0.02
Global Pooled JS: 0.012957
Seed 456, Step  500: Loss = 105.82 (Recon: 68.93, Allele KL: 11.66, Base KL: 2857.59, Functional KL: 0.01
Global Pooled JS: 0.013348
Seed 456, Step 1000: Loss = 103.49 (Recon: 67.72, Allele KL: 10.32, Base KL: 2875.63, Functional KL: 0.01
Global Pooled JS: 0.013097
Seed 456, Step 1500: Loss = 105.48 (Recon: 64.66, Allele KL: 15.47, Base KL: 2815.24, Functional KL: 0.01
Global Pooled JS: 0.013154
Seed 456, Step 2000: Loss = 99.67 (Recon: 62.73, Allele KL: 11.75, Base KL: 2828.42, Functional KL: 0.01
Global Pooled JS: 0.013176
Seed 456, Step 2500: Loss = 101.98 (Recon: 67.15, Allele KL: 9.25, Base KL: 2897.55, Functional KL: 0.01

Top Variants with Coverage Mismatches:
Rank   Variant                        Expected     Observed     Diff       |Div|       
------------------------------------------------------------------------------------------
1      CYP2C19:96602622→M             0.27         0.00         0.27       0.002144    
2      CYP2C19:96602622→A             0.27         0.00         0.27       0.002142    
3      CYP2C19:96602622→C             0.27         0.00         0.27       0.002133    
4      CYP2C19:96602622→T             0.27         0.00         0.27       0.002133    
5      CYP2C19:96602622→P             0.27         0.00         0.27       0.002109    
6      CYP2C19:96602622→N             0.27         0.00         0.27       0.002104    
7      CYP2C19:96602622→G             42.73        45.00        -2.27      0.000173    
New best model with final loss: 102.36

=== Multi-Seed VAE Results ===
Best model had seed 456 with final loss: 102.36
All seeds final losses:
  Seed 42: Total=104.61 (Recon=70.57, A_KL=8.27, B_KL=2941.51)
  Seed 123: Total=103.43 (Recon=68.66, A_KL=9.23, B_KL=2948.52)
  Seed 456: Total=102.36 (Recon=65.10, A_KL=11.83, B_KL=2857.70) <- Best
[time] run_vae took 141.88s (2,865.8828125 MB; 2,865.8828125 MB)

[Raw]:
CYP2C19*1: Normalized=1.0000, Unnormalized=1.00

[Alleles]
CYP2C19*1
CYP2C19*1
	Command being timed: "python cyp.py CYP2C19 /project/shared/aldy-data/wgs/NA18861.wgs.cram"
	User time (seconds): 132.91
	System time (seconds): 22.87
	Percent of CPU this job got: 99%
	Elapsed (wall clock) time (h:mm:ss or m:ss): 2:36.16
	Average shared text size (kbytes): 0
	Average unshared data size (kbytes): 0
	Average stack size (kbytes): 0
	Average total size (kbytes): 0
	Maximum resident set size (kbytes): 2934944
	Average resident set size (kbytes): 0
	Major (requiring I/O) page faults: 0
	Minor (reclaiming a frame) page faults: 930322
	Voluntary context switches: 22669
	Involuntary context switches: 147
	Swaps: 0
	File system inputs: 0
	File system outputs: 40
	Socket messages sent: 0
	Socket messages received: 0
	Signals delivered: 0
	Page size (bytes): 4096
	Exit status: 0
