2026-03-11 05:20:45.335013: I tensorflow/core/util/port.cc:111] oneDNN custom operations are on. You may see slightly different numerical results due to floating-point round-off errors from different computation orders. To turn them off, set the environment variable `TF_ENABLE_ONEDNN_OPTS=0`.
2026-03-11 05:20:45.373509: E tensorflow/compiler/xla/stream_executor/cuda/cuda_dnn.cc:9342] Unable to register cuDNN factory: Attempting to register factory for plugin cuDNN when one has already been registered
2026-03-11 05:20:45.373712: E tensorflow/compiler/xla/stream_executor/cuda/cuda_fft.cc:609] Unable to register cuFFT factory: Attempting to register factory for plugin cuFFT when one has already been registered
2026-03-11 05:20:45.373855: E tensorflow/compiler/xla/stream_executor/cuda/cuda_blas.cc:1518] Unable to register cuBLAS factory: Attempting to register factory for plugin cuBLAS when one has already been registered
2026-03-11 05:20:45.383640: I tensorflow/core/platform/cpu_feature_guard.cc:182] This TensorFlow binary is optimized to use available CPU instructions in performance-critical operations.
To enable the following instructions: AVX2 AVX512F AVX512_VNNI FMA, in other operations, rebuild TensorFlow with the appropriate compiler flags.
AttributeError: 'MessageFactory' object has no attribute 'GetPrototype'
2026-03-11 05:20:46.796425: W tensorflow/compiler/tf2tensorrt/utils/py_utils.cc:38] TF-TRT Warning: Could not find TensorRT
AttributeError: 'MessageFactory' object has no attribute 'GetPrototype'
[info] total indices 497
[info] total variants 497
2.001 was filtered out as 96535123 A>G needs G but not covered
2.004 was filtered out as 96535123 A>G needs G but not covered
2.005 was filtered out as 96535123 A>G needs G but not covered
2.006 was filtered out as 96535123 A>G needs G but not covered
2.007 was filtered out as 96535123 A>G needs G but not covered
2.008 was filtered out as 96535123 A>G needs G but not covered
2.009 was filtered out as 96535123 A>G needs G but not covered
2.011 was filtered out as 96535123 A>G needs G but not covered
2.002 was filtered out as 96535123 A>G needs G but not covered
2.003 was filtered out as 96535123 A>G needs G but not covered
2.010 was filtered out as 96535123 A>G needs G but not covered
3.001 was filtered out as 96540409 G>A needs A but not covered
3.004 was filtered out as 96540409 G>A needs A but not covered
3.002 was filtered out as 96540409 G>A needs A but not covered
3.003 was filtered out as 96540409 G>A needs A but not covered
4.001 was filtered out as 96522462 A>G needs G but not covered
4.002 was filtered out as 96522462 A>G needs G but not covered
5.001 was filtered out as 96602622 A>G needs A but not covered
5.002 was filtered out as 96612494 C>T needs T but not covered
6.001 was filtered out as 96535209 G>A needs A but not covered
7.001 was filtered out as 96602622 A>G needs A but not covered
8.001 was filtered out as 96602622 A>G needs A but not covered
8.002 was filtered out as 96535172 T>C needs C but not covered
9.001 was filtered out as 96535245 G>A needs A but not covered
9.002 was filtered out as 96535245 G>A needs A but not covered
10.001 was filtered out as 96541614 C>T needs T but not covered
11.001 was filtered out as 96535263 G>A needs A but not covered
12.001 was filtered out as 96612670 A>C needs C but not covered
13.001 was filtered out as 96609751 C>T needs T but not covered
13.002 was filtered out as 96609751 C>T needs T but not covered
14.001 was filtered out as 96522511 T>C needs C but not covered
16.001 was filtered out as 96602622 A>G needs A but not covered
17.001 was filtered out as 96521656 C>T needs T but not covered
18.001 was filtered out as 96602617 G>A needs A but not covered
19.001 was filtered out as 96522612 A>G needs G but not covered
22.001 was filtered out as 96540330 G>C needs C but not covered
23.001 was filtered out as 96534916 G>C needs C but not covered
24.001 was filtered out as 96602635 G>A needs A but not covered
25.001 was filtered out as 96612541 C>G needs G but not covered
26.001 was filtered out as 96541700 G>A needs A but not covered
28.001 was filtered out as 96602751 G>A needs A but not covered
29.001 was filtered out as 96522544 A>T needs T but not covered
30.001 was filtered out as 96602622 A>G needs A but not covered
31.001 was filtered out as 96534877 C>T needs T but not covered
32.001 was filtered out as 96534941 A>G needs G but not covered
33.001 was filtered out as 96540335 G>A needs A but not covered
34.001 was filtered out as 96602622 A>G needs A but not covered
35.001 was filtered out as 96535123 A>G needs G but not covered
35.002 was filtered out as 96535123 A>G needs G but not covered
38.001 was filtered out as 96602622 A>G needs A but not covered
38.002 was filtered out as 96602622 A>G needs A but not covered
38.003 was filtered out as 96602622 A>G needs A but not covered
39.001 was filtered out as 96535179 A>C needs C but not covered
[filter] CYP2C19 1.002 => 1.002; 1.003; 1.004; 1.005; 1.006; 1.007; 1.008; 1.009; 1.010
[filter] CYP2C19 15.001 => 15.001; 15.002
[filter] valid_alleles=11
CYP2C19:96520534 → A:0, C:0, G*:42, M:0, N:0, P:0, T:0
CYP2C19:96520559 → A:0, C:0, G*:41, M:0, N:0, P:0, T:0
CYP2C19:96521023 → A:0, C:0, G:0, M:0, N:0, P:0, T*:54
CYP2C19:96521044 → A:0, C*:55, G:0, M:0, N:0, P:0, T:0
CYP2C19:96521071 → A:0, C:0, G:0, M:0, N:0, P:0, T*:55
CYP2C19:96521290 → A:0, C:0, G:0, M:0, N:0, P:0, T*:42
CYP2C19:96521354 → A:0, C:0, G*:44, M:0, N:0, P:0, T:0
CYP2C19:96521421 → A:0, C:0, G*:56, M:0, N:0, P:0, T:0
CYP2C19:96521573 → A:0, C:0, G:0, M:0, N:0, P:0, T*:61
CYP2C19:96521629 → A:0, C:0, G:0, M:0, N:0, P:0, T*:55
CYP2C19:96521679 → A:0, C*:39, G:0, M:0, N:0, P:0, T:0
CYP2C19:96521687 → A:0, C:0, G:0, M:0, N:0, P:0, T*:36
CYP2C19:96522516^ → A*:32, C^:0, G:0, M:0, N:0, P:0, T:0
CYP2C19:96522560 → A:0, C*:0, G:0, M:0, N:0, P:0, T:45
CYP2C19:96602622^ → A*:0, C:0, G^:60, M:0, N:0, P:0, T:0
CYP2C19:96602690 → A:0, C*:53, G:0, M:0, N:0, P:0, T:0
CYP2C19:96609774 → A*:39, C:0, G:0, M:0, N:0, P:0, T:0
Step 0: Loss=0.1854, CN=[2.0999167]
Step 100: Loss=0.0342, CN=[2.600142]
Step 200: Loss=0.0342, CN=[2.602499]
Step 300: Loss=0.0342, CN=[2.6025097]
Step 400: Loss=0.0342, CN=[2.6025095]

=== Fit ===
Region 0: obs=2.634, exp=2.603, diff=+0.032 
Region 1: obs=2.261, exp=2.603, diff=-0.342 
Region 2: obs=2.405, exp=2.603, diff=-0.198 
Region 3: obs=2.353, exp=2.603, diff=-0.249 
Region 4: obs=2.338, exp=2.603, diff=-0.265 
Region 5: obs=2.234, exp=2.603, diff=-0.368 
Region 6: obs=2.409, exp=2.603, diff=-0.193 
Region 7: obs=2.893, exp=2.603, diff=+0.290 
Region 8: obs=3.181, exp=2.603, diff=+0.579 *
Region 9: obs=2.970, exp=2.603, diff=+0.368 
Region 10: obs=2.495, exp=2.603, diff=-0.108 
Region 11: obs=2.613, exp=2.603, diff=+0.010 
Region 12: obs=2.589, exp=2.603, diff=-0.014 
Region 13: obs=2.634, exp=2.603, diff=+0.031 
Region 14: obs=3.200, exp=2.603, diff=+0.597 *
Region 15: obs=2.635, exp=2.603, diff=+0.033 
Region 16: obs=2.379, exp=2.603, diff=-0.223 
Region 17: obs=2.629, exp=2.603, diff=+0.026 
Region 18: obs=2.719, exp=2.603, diff=+0.117 
Region 19: obs=2.614, exp=2.603, diff=+0.012 
Region 20: obs=2.643, exp=2.603, diff=+0.041 

[Gene CN Results]
  CYP2C19: 2.60 → 2.6025094985961914
Using device: cuda
num_sparse_entries: 187
max sparse_flat_index: 1308
expected max: 1308

=== Running VAE with seed 42 ===
Global Pooled JS: 0.046834
Seed 42, Step    0: Loss = 208.10 (Recon: 169.34, Allele KL: 12.36, Base KL: 1315.32, Functional KL: 0.05
Global Pooled JS: 0.020154
Seed 42, Step  500: Loss = 137.17 (Recon: 96.60, Allele KL: 11.56, Base KL: 6416.42, Functional KL: 0.02
Global Pooled JS: 0.018234
Seed 42, Step 1000: Loss = 128.32 (Recon: 86.35, Allele KL: 13.92, Base KL: 6367.75, Functional KL: 0.02
Global Pooled JS: 0.018136
Seed 42, Step 1500: Loss = 123.60 (Recon: 81.58, Allele KL: 13.99, Base KL: 6460.02, Functional KL: 0.02
Global Pooled JS: 0.017503
Seed 42, Step 2000: Loss = 131.43 (Recon: 79.14, Allele KL: 24.70, Base KL: 6240.73, Functional KL: 0.02
Global Pooled JS: 0.018121
Seed 42, Step 2500: Loss = 127.42 (Recon: 82.30, Allele KL: 17.02, Base KL: 6412.52, Functional KL: 0.02

Top Variants with Coverage Mismatches:
Rank   Variant                        Expected     Observed     Diff       |Div|       
------------------------------------------------------------------------------------------
1      CYP2C19:96522516→A             47.36        32.00        15.36      0.006669    
2      CYP2C19:96602622→G             46.25        60.00        -13.75     0.006094    
3      CYP2C19:96602622→N             0.23         0.00         0.23       0.000838    
4      CYP2C19:96602622→P             0.23         0.00         0.23       0.000824    
5      CYP2C19:96602622→M             0.23         0.00         0.23       0.000820    
6      CYP2C19:96602622→T             0.22         0.00         0.22       0.000811    
7      CYP2C19:96602622→C             0.22         0.00         0.22       0.000801    
8      CYP2C19:96522516→C             0.22         0.00         0.22       0.000797    
9      CYP2C19:96602622→A             0.22         0.00         0.22       0.000790    
10     CYP2C19:96522516→P             0.00         0.00         0.00       0.000007    
11     CYP2C19:96522516→N             0.00         0.00         0.00       0.000007    
12     CYP2C19:96522516→G             0.00         0.00         0.00       0.000007    
13     CYP2C19:96522516→T             0.00         0.00         0.00       0.000007    
14     CYP2C19:96522516→M             0.00         0.00         0.00       0.000006    
New best model with final loss: 133.08

=== Running VAE with seed 123 ===
Global Pooled JS: 0.154425
Seed 123, Step    0: Loss = 812.74 (Recon: 779.61, Allele KL: 7.28, Base KL: 1662.06, Functional KL: 0.15
Global Pooled JS: 0.019172
Seed 123, Step  500: Loss = 129.42 (Recon: 84.27, Allele KL: 17.06, Base KL: 6435.45, Functional KL: 0.02
Global Pooled JS: 0.018204
Seed 123, Step 1000: Loss = 127.46 (Recon: 84.63, Allele KL: 14.59, Base KL: 6431.18, Functional KL: 0.02
Global Pooled JS: 0.021255
Seed 123, Step 1500: Loss = 135.59 (Recon: 90.92, Allele KL: 16.28, Base KL: 6467.97, Functional KL: 0.02
Global Pooled JS: 0.017748
Seed 123, Step 2000: Loss = 129.84 (Recon: 80.80, Allele KL: 21.05, Base KL: 6482.02, Functional KL: 0.02
Global Pooled JS: 0.017584
Seed 123, Step 2500: Loss = 131.34 (Recon: 79.91, Allele KL: 23.60, Base KL: 6370.64, Functional KL: 0.02

Top Variants with Coverage Mismatches:
Rank   Variant                        Expected     Observed     Diff       |Div|       
------------------------------------------------------------------------------------------
1      CYP2C19:96522516→A             47.28        32.00        15.28      0.006597    
2      CYP2C19:96602622→G             46.29        60.00        -13.71     0.006060    
3      CYP2C19:96522516→C             0.30         0.00         0.30       0.001092    
4      CYP2C19:96602622→T             0.22         0.00         0.22       0.000806    
5      CYP2C19:96602622→C             0.22         0.00         0.22       0.000796    
6      CYP2C19:96602622→M             0.22         0.00         0.22       0.000793    
7      CYP2C19:96602622→N             0.22         0.00         0.22       0.000792    
8      CYP2C19:96602622→P             0.21         0.00         0.21       0.000779    
9      CYP2C19:96602622→A             0.21         0.00         0.21       0.000769    
10     CYP2C19:96522516→P             0.00         0.00         0.00       0.000009    
11     CYP2C19:96522516→T             0.00         0.00         0.00       0.000009    
12     CYP2C19:96522516→N             0.00         0.00         0.00       0.000009    
13     CYP2C19:96522516→G             0.00         0.00         0.00       0.000009    
14     CYP2C19:96522516→M             0.00         0.00         0.00       0.000009    
New best model with final loss: 129.85

=== Running VAE with seed 456 ===
Global Pooled JS: 0.026255
Seed 456, Step    0: Loss = 326.26 (Recon: 270.81, Allele KL: 27.78, Base KL: 1712.91, Functional KL: 0.03
Global Pooled JS: 0.018469
Seed 456, Step  500: Loss = 126.56 (Recon: 82.68, Allele KL: 15.77, Base KL: 6462.45, Functional KL: 0.02
Global Pooled JS: 0.019366
Seed 456, Step 1000: Loss = 129.70 (Recon: 86.38, Allele KL: 14.96, Base KL: 6472.31, Functional KL: 0.02
Global Pooled JS: 0.019018
Seed 456, Step 1500: Loss = 139.53 (Recon: 95.95, Allele KL: 14.48, Base KL: 6472.83, Functional KL: 0.02
Global Pooled JS: 0.019762
Seed 456, Step 2000: Loss = 130.90 (Recon: 91.57, Allele KL: 10.86, Base KL: 6361.63, Functional KL: 0.02
Global Pooled JS: 0.018709
Seed 456, Step 2500: Loss = 131.89 (Recon: 85.70, Allele KL: 17.76, Base KL: 6524.70, Functional KL: 0.02

Top Variants with Coverage Mismatches:
Rank   Variant                        Expected     Observed     Diff       |Div|       
------------------------------------------------------------------------------------------
1      CYP2C19:96522516→A             47.46        32.00        15.46      0.006753    
2      CYP2C19:96602622→G             46.29        60.00        -13.71     0.006057    
3      CYP2C19:96602622→T             0.22         0.00         0.22       0.000806    
4      CYP2C19:96602622→A             0.22         0.00         0.22       0.000789    
5      CYP2C19:96602622→M             0.22         0.00         0.22       0.000789    
6      CYP2C19:96602622→P             0.22         0.00         0.22       0.000786    
7      CYP2C19:96602622→N             0.21         0.00         0.21       0.000780    
8      CYP2C19:96602622→C             0.21         0.00         0.21       0.000769    
9      CYP2C19:96522516→C             0.12         0.00         0.12       0.000453    
10     CYP2C19:96522516→P             0.00         0.00         0.00       0.000004    
11     CYP2C19:96522516→T             0.00         0.00         0.00       0.000004    
12     CYP2C19:96522516→M             0.00         0.00         0.00       0.000004    
13     CYP2C19:96522516→G             0.00         0.00         0.00       0.000004    
14     CYP2C19:96522516→N             0.00         0.00         0.00       0.000004    

=== Multi-Seed VAE Results ===
Best model had seed 123 with final loss: 129.85
All seeds final losses:
  Seed 42: Total=133.08 (Recon=88.65, A_KL=15.99, B_KL=6550.79)
  Seed 123: Total=129.85 (Recon=87.37, A_KL=14.07, B_KL=6524.85) <- Best
  Seed 456: Total=139.40 (Recon=91.84, A_KL=19.18, B_KL=6356.42)

[Raw]:
CYP2C19*1: Normalized=0.9934, Unnormalized=0.99

[Alleles]
CYP2C19*1
CYP2C19*1
	Command being timed: "python /home/qinghuiz/aidy/push/Neretva/neretva/cyp.py CYP2C19 /project/shared/aldy-data/wgs/NA18980.wgs.cram"
	User time (seconds): 149.64
	System time (seconds): 29.29
	Percent of CPU this job got: 99%
	Elapsed (wall clock) time (h:mm:ss or m:ss): 2:59.34
	Average shared text size (kbytes): 0
	Average unshared data size (kbytes): 0
	Average stack size (kbytes): 0
	Average total size (kbytes): 0
	Maximum resident set size (kbytes): 2942824
	Average resident set size (kbytes): 0
	Major (requiring I/O) page faults: 0
	Minor (reclaiming a frame) page faults: 1025774
	Voluntary context switches: 22688
	Involuntary context switches: 128
	Swaps: 0
	File system inputs: 0
	File system outputs: 48
	Socket messages sent: 0
	Socket messages received: 0
	Signals delivered: 0
	Page size (bytes): 4096
	Exit status: 0
