2026-03-11 05:29:50.569660: I tensorflow/core/util/port.cc:111] oneDNN custom operations are on. You may see slightly different numerical results due to floating-point round-off errors from different computation orders. To turn them off, set the environment variable `TF_ENABLE_ONEDNN_OPTS=0`.
2026-03-11 05:29:50.611092: E tensorflow/compiler/xla/stream_executor/cuda/cuda_dnn.cc:9342] Unable to register cuDNN factory: Attempting to register factory for plugin cuDNN when one has already been registered
2026-03-11 05:29:50.611300: E tensorflow/compiler/xla/stream_executor/cuda/cuda_fft.cc:609] Unable to register cuFFT factory: Attempting to register factory for plugin cuFFT when one has already been registered
2026-03-11 05:29:50.611453: E tensorflow/compiler/xla/stream_executor/cuda/cuda_blas.cc:1518] Unable to register cuBLAS factory: Attempting to register factory for plugin cuBLAS when one has already been registered
2026-03-11 05:29:50.621148: I tensorflow/core/platform/cpu_feature_guard.cc:182] This TensorFlow binary is optimized to use available CPU instructions in performance-critical operations.
To enable the following instructions: AVX2 AVX512F AVX512_VNNI FMA, in other operations, rebuild TensorFlow with the appropriate compiler flags.
AttributeError: 'MessageFactory' object has no attribute 'GetPrototype'
2026-03-11 05:29:51.919619: W tensorflow/compiler/tf2tensorrt/utils/py_utils.cc:38] TF-TRT Warning: Could not find TensorRT
AttributeError: 'MessageFactory' object has no attribute 'GetPrototype'
[info] total indices 497
[info] total variants 497
2.001 was filtered out as 96535123 A>G needs G but not covered
2.004 was filtered out as 96535123 A>G needs G but not covered
2.005 was filtered out as 96535123 A>G needs G but not covered
2.006 was filtered out as 96535123 A>G needs G but not covered
2.007 was filtered out as 96535123 A>G needs G but not covered
2.008 was filtered out as 96535123 A>G needs G but not covered
2.009 was filtered out as 96535123 A>G needs G but not covered
2.011 was filtered out as 96535123 A>G needs G but not covered
2.002 was filtered out as 96535123 A>G needs G but not covered
2.003 was filtered out as 96535123 A>G needs G but not covered
2.010 was filtered out as 96535123 A>G needs G but not covered
3.001 was filtered out as 96540409 G>A needs A but not covered
3.004 was filtered out as 96540409 G>A needs A but not covered
3.002 was filtered out as 96540409 G>A needs A but not covered
3.003 was filtered out as 96540409 G>A needs A but not covered
4.001 was filtered out as 96522462 A>G needs G but not covered
4.002 was filtered out as 96522462 A>G needs G but not covered
5.001 was filtered out as 96602622 A>G needs A but not covered
5.002 was filtered out as 96612494 C>T needs T but not covered
6.001 was filtered out as 96535209 G>A needs A but not covered
7.001 was filtered out as 96602622 A>G needs A but not covered
8.001 was filtered out as 96602622 A>G needs A but not covered
8.002 was filtered out as 96535172 T>C needs C but not covered
9.001 was filtered out as 96535245 G>A needs A but not covered
9.002 was filtered out as 96535245 G>A needs A but not covered
10.001 was filtered out as 96541614 C>T needs T but not covered
11.001 was filtered out as 96535263 G>A needs A but not covered
12.001 was filtered out as 96612670 A>C needs C but not covered
13.001 was filtered out as 96609751 C>T needs T but not covered
13.002 was filtered out as 96609751 C>T needs T but not covered
14.001 was filtered out as 96522511 T>C needs C but not covered
15.001 was filtered out as 96522516 A>C needs C but not covered
15.002 was filtered out as 96522516 A>C needs C but not covered
16.001 was filtered out as 96602622 A>G needs A but not covered
18.001 was filtered out as 96602617 G>A needs A but not covered
19.001 was filtered out as 96522612 A>G needs G but not covered
22.001 was filtered out as 96540330 G>C needs C but not covered
23.001 was filtered out as 96534916 G>C needs C but not covered
24.001 was filtered out as 96602635 G>A needs A but not covered
25.001 was filtered out as 96612541 C>G needs G but not covered
26.001 was filtered out as 96541700 G>A needs A but not covered
28.001 was filtered out as 96522516 A>C needs C but not covered
29.001 was filtered out as 96522544 A>T needs T but not covered
30.001 was filtered out as 96602622 A>G needs A but not covered
31.001 was filtered out as 96534877 C>T needs T but not covered
32.001 was filtered out as 96534941 A>G needs G but not covered
33.001 was filtered out as 96540335 G>A needs A but not covered
34.001 was filtered out as 96602622 A>G needs A but not covered
35.001 was filtered out as 96535123 A>G needs G but not covered
35.002 was filtered out as 96535123 A>G needs G but not covered
38.001 was filtered out as 96602622 A>G needs A but not covered
38.002 was filtered out as 96602622 A>G needs A but not covered
38.003 was filtered out as 96602622 A>G needs A but not covered
39.001 was filtered out as 96522516 A>C needs C but not covered
[filter] CYP2C19 1.002 => 1.002; 1.003; 1.004; 1.005; 1.006; 1.007; 1.008; 1.009; 1.010
[filter] CYP2C19 17.001 => 17.001
[filter] valid_alleles=10
CYP2C19:96520534 → A:23, C:0, G*:31, M:0, N:0, P:0, T:0
CYP2C19:96521044 → A:0, C*:60, G:0, M:0, N:0, P:0, T:0
CYP2C19:96521071 → A:0, C:0, G:0, M:0, N:0, P:0, T*:59
CYP2C19:96521290 → A:0, C:0, G:0, M:0, N:0, P:0, T*:46
CYP2C19:96521421 → A:0, C:0, G*:62, M:0, N:0, P:0, T:0
CYP2C19:96521573 → A:0, C:0, G:0, M:0, N:0, P:0, T*:55
CYP2C19:96521656^ → A:0, C*:28, G:0, M:0, N:0, P:0, T^:20
CYP2C19:96521687 → A:0, C:0, G:0, M:0, N:0, P:0, T*:58
CYP2C19:96522560 → A:0, C*:0, G:0, M:0, N:0, P:0, T:61
CYP2C19:96602622^ → A*:0, C:0, G^:39, M:0, N:0, P:0, T:0
CYP2C19:96602690 → A:0, C*:36, G:0, M:0, N:0, P:0, T:0
CYP2C19:96609774 → A*:59, C:0, G:0, M:0, N:0, P:0, T:0
Step 0: Loss=0.1087, CN=[2.0999167]
Step 100: Loss=0.0464, CN=[2.3823497]
Step 200: Loss=0.0464, CN=[2.382324]
Step 300: Loss=0.0464, CN=[2.382333]
Step 400: Loss=0.0464, CN=[2.3823333]

=== Fit ===
Region 0: obs=2.536, exp=2.382, diff=+0.154 
Region 1: obs=1.921, exp=2.382, diff=-0.461 
Region 2: obs=2.571, exp=2.382, diff=+0.189 
Region 3: obs=2.211, exp=2.382, diff=-0.171 
Region 4: obs=2.623, exp=2.382, diff=+0.240 
Region 5: obs=2.697, exp=2.382, diff=+0.315 
Region 6: obs=2.772, exp=2.382, diff=+0.390 
Region 7: obs=2.504, exp=2.382, diff=+0.122 
Region 8: obs=2.185, exp=2.382, diff=-0.197 
Region 9: obs=2.427, exp=2.382, diff=+0.044 
Region 10: obs=2.907, exp=2.382, diff=+0.524 *
Region 11: obs=2.280, exp=2.382, diff=-0.103 
Region 12: obs=2.526, exp=2.382, diff=+0.144 
Region 13: obs=2.188, exp=2.382, diff=-0.194 
Region 14: obs=1.867, exp=2.382, diff=-0.515 *
Region 15: obs=2.515, exp=2.382, diff=+0.132 
Region 16: obs=2.779, exp=2.382, diff=+0.397 
Region 17: obs=2.205, exp=2.382, diff=-0.177 
Region 18: obs=1.752, exp=2.382, diff=-0.630 *
Region 19: obs=2.083, exp=2.382, diff=-0.299 
Region 20: obs=2.358, exp=2.382, diff=-0.024 

[Gene CN Results]
  CYP2C19: 2.38 → 2.382333278656006
Using device: cuda
num_sparse_entries: 120
max sparse_flat_index: 839
expected max: 839

=== Running VAE with seed 42 ===
Global Pooled JS: 0.090706
Seed 42, Step    0: Loss = 242.89 (Recon: 204.12, Allele KL: 15.49, Base KL: 1040.03, Functional KL: 0.09
Global Pooled JS: 0.010190
Seed 42, Step  500: Loss = 114.86 (Recon: 66.38, Allele KL: 23.69, Base KL: 4075.28, Functional KL: 0.01
Global Pooled JS: 0.011114
Seed 42, Step 1000: Loss = 113.14 (Recon: 71.67, Allele KL: 16.49, Base KL: 3974.94, Functional KL: 0.01
Global Pooled JS: 0.010988
Seed 42, Step 1500: Loss = 110.46 (Recon: 72.59, Allele KL: 12.46, Base KL: 4134.77, Functional KL: 0.01
Global Pooled JS: 0.017008
Seed 42, Step 2000: Loss = 117.28 (Recon: 70.70, Allele KL: 21.65, Base KL: 4089.24, Functional KL: 0.02
Global Pooled JS: 0.009910
Seed 42, Step 2500: Loss = 108.76 (Recon: 68.99, Allele KL: 14.61, Base KL: 4157.13, Functional KL: 0.01

Top Variants with Coverage Mismatches:
Rank   Variant                        Expected     Observed     Diff       |Div|       
------------------------------------------------------------------------------------------
1      CYP2C19:96521656→C             25.62        28.00        -2.38      0.002887    
2      CYP2C19:96602622→C             0.33         0.00         0.33       0.001069    
3      CYP2C19:96602622→M             0.33         0.00         0.33       0.001066    
4      CYP2C19:96602622→T             0.33         0.00         0.33       0.001066    
5      CYP2C19:96602622→N             0.32         0.00         0.32       0.001054    
6      CYP2C19:96602622→P             0.32         0.00         0.32       0.001050    
7      CYP2C19:96602622→A             0.32         0.00         0.32       0.001045    
8      CYP2C19:96521656→P             0.17         0.00         0.17       0.000561    
9      CYP2C19:96521656→G             0.17         0.00         0.17       0.000560    
10     CYP2C19:96521656→N             0.17         0.00         0.17       0.000554    
11     CYP2C19:96521656→M             0.17         0.00         0.17       0.000549    
12     CYP2C19:96521656→A             0.17         0.00         0.17       0.000547    
13     CYP2C19:96602622→G             51.14        39.00        12.14      0.000300    
14     CYP2C19:96521656→T             26.61        20.00        6.61       0.000225    
New best model with final loss: 122.05

=== Running VAE with seed 123 ===
Global Pooled JS: 0.079982
Seed 123, Step    0: Loss = 521.80 (Recon: 492.84, Allele KL: 4.48, Base KL: 685.55, Functional KL: 0.08
Global Pooled JS: 0.013023
Seed 123, Step  500: Loss = 110.05 (Recon: 70.88, Allele KL: 14.11, Base KL: 4092.10, Functional KL: 0.01
Global Pooled JS: 0.012950
Seed 123, Step 1000: Loss = 118.63 (Recon: 66.78, Allele KL: 26.90, Base KL: 4187.24, Functional KL: 0.01
Global Pooled JS: 0.010268
Seed 123, Step 1500: Loss = 109.32 (Recon: 68.17, Allele KL: 16.18, Base KL: 4136.84, Functional KL: 0.01
Global Pooled JS: 0.012651
Seed 123, Step 2000: Loss = 110.60 (Recon: 68.09, Allele KL: 17.54, Base KL: 4132.62, Functional KL: 0.01
Global Pooled JS: 0.010438
Seed 123, Step 2500: Loss = 110.57 (Recon: 66.66, Allele KL: 18.93, Base KL: 4136.87, Functional KL: 0.01

Top Variants with Coverage Mismatches:
Rank   Variant                        Expected     Observed     Diff       |Div|       
------------------------------------------------------------------------------------------
1      CYP2C19:96521656→C             28.62        28.00        0.62       0.001154    
2      CYP2C19:96602622→M             0.33         0.00         0.33       0.001080    
3      CYP2C19:96602622→A             0.33         0.00         0.33       0.001068    
4      CYP2C19:96602622→C             0.33         0.00         0.33       0.001067    
5      CYP2C19:96602622→T             0.33         0.00         0.33       0.001064    
6      CYP2C19:96602622→P             0.33         0.00         0.33       0.001063    
7      CYP2C19:96602622→N             0.32         0.00         0.32       0.001060    
8      CYP2C19:96521656→P             0.15         0.00         0.15       0.000484    
9      CYP2C19:96521656→G             0.15         0.00         0.15       0.000482    
10     CYP2C19:96521656→A             0.15         0.00         0.15       0.000476    
11     CYP2C19:96521656→N             0.15         0.00         0.15       0.000475    
12     CYP2C19:96521656→M             0.14         0.00         0.14       0.000466    
13     CYP2C19:96602622→G             51.12        39.00        12.12      0.000297    
14     CYP2C19:96521656→T             23.73        20.00        3.73       0.000022    
New best model with final loss: 114.25

=== Running VAE with seed 456 ===
Global Pooled JS: 0.012931
Seed 456, Step    0: Loss = 217.22 (Recon: 177.30, Allele KL: 15.87, Base KL: 998.61, Functional KL: 0.01
Global Pooled JS: 0.010581
Seed 456, Step  500: Loss = 111.10 (Recon: 67.34, Allele KL: 18.52, Base KL: 4147.37, Functional KL: 0.01
Global Pooled JS: 0.011435
Seed 456, Step 1000: Loss = 109.29 (Recon: 67.12, Allele KL: 17.14, Base KL: 4227.54, Functional KL: 0.01
Global Pooled JS: 0.014376
Seed 456, Step 1500: Loss = 126.99 (Recon: 90.67, Allele KL: 10.28, Base KL: 4184.42, Functional KL: 0.01
Global Pooled JS: 0.010330
Seed 456, Step 2000: Loss = 109.34 (Recon: 67.41, Allele KL: 16.99, Base KL: 4097.22, Functional KL: 0.01
Global Pooled JS: 0.010547
Seed 456, Step 2500: Loss = 112.46 (Recon: 71.32, Allele KL: 15.97, Base KL: 4142.57, Functional KL: 0.01

Top Variants with Coverage Mismatches:
Rank   Variant                        Expected     Observed     Diff       |Div|       
------------------------------------------------------------------------------------------
1      CYP2C19:96521656→C             27.39        28.00        -0.61      0.001760    
2      CYP2C19:96602622→N             0.34         0.00         0.34       0.001101    
3      CYP2C19:96602622→A             0.34         0.00         0.34       0.001099    
4      CYP2C19:96602622→M             0.33         0.00         0.33       0.001091    
5      CYP2C19:96602622→T             0.33         0.00         0.33       0.001090    
6      CYP2C19:96602622→C             0.33         0.00         0.33       0.001081    
7      CYP2C19:96602622→P             0.33         0.00         0.33       0.001080    
8      CYP2C19:96521656→N             0.16         0.00         0.16       0.000534    
9      CYP2C19:96521656→A             0.16         0.00         0.16       0.000527    
10     CYP2C19:96521656→P             0.16         0.00         0.16       0.000522    
11     CYP2C19:96521656→M             0.16         0.00         0.16       0.000521    
12     CYP2C19:96521656→G             0.16         0.00         0.16       0.000521    
13     CYP2C19:96602622→G             51.08        39.00        12.08      0.000290    
14     CYP2C19:96521656→T             24.89        20.00        4.89       0.000011    

=== Multi-Seed VAE Results ===
Best model had seed 123 with final loss: 114.25
All seeds final losses:
  Seed 42: Total=122.05 (Recon=76.62, A_KL=20.57, B_KL=4158.41)
  Seed 123: Total=114.25 (Recon=73.33, A_KL=16.04, B_KL=4048.66) <- Best
  Seed 456: Total=115.21 (Recon=72.58, A_KL=17.74, B_KL=4171.35)

[Raw]:
CYP2C19*1: Normalized=0.5364, Unnormalized=0.54
CYP2C19*17: Normalized=0.4636, Unnormalized=0.46

[Alleles]
CYP2C19*1
CYP2C19*17
	Command being timed: "python /home/qinghuiz/aidy/push/Neretva/neretva/cyp.py CYP2C19 /project/shared/aldy-data/wgs/NA19908.wgs.cram"
	User time (seconds): 153.20
	System time (seconds): 29.71
	Percent of CPU this job got: 99%
	Elapsed (wall clock) time (h:mm:ss or m:ss): 3:03.50
	Average shared text size (kbytes): 0
	Average unshared data size (kbytes): 0
	Average stack size (kbytes): 0
	Average total size (kbytes): 0
	Maximum resident set size (kbytes): 2950580
	Average resident set size (kbytes): 0
	Major (requiring I/O) page faults: 0
	Minor (reclaiming a frame) page faults: 1209449
	Voluntary context switches: 22697
	Involuntary context switches: 303
	Swaps: 0
	File system inputs: 0
	File system outputs: 56
	Socket messages sent: 0
	Socket messages received: 0
	Signals delivered: 0
	Page size (bytes): 4096
	Exit status: 0
