2026-03-11 05:26:44.451728: I tensorflow/core/util/port.cc:111] oneDNN custom operations are on. You may see slightly different numerical results due to floating-point round-off errors from different computation orders. To turn them off, set the environment variable `TF_ENABLE_ONEDNN_OPTS=0`.
2026-03-11 05:26:44.509249: E tensorflow/compiler/xla/stream_executor/cuda/cuda_dnn.cc:9342] Unable to register cuDNN factory: Attempting to register factory for plugin cuDNN when one has already been registered
2026-03-11 05:26:44.509412: E tensorflow/compiler/xla/stream_executor/cuda/cuda_fft.cc:609] Unable to register cuFFT factory: Attempting to register factory for plugin cuFFT when one has already been registered
2026-03-11 05:26:44.509481: E tensorflow/compiler/xla/stream_executor/cuda/cuda_blas.cc:1518] Unable to register cuBLAS factory: Attempting to register factory for plugin cuBLAS when one has already been registered
2026-03-11 05:26:44.520675: I tensorflow/core/platform/cpu_feature_guard.cc:182] This TensorFlow binary is optimized to use available CPU instructions in performance-critical operations.
To enable the following instructions: AVX2 AVX512F AVX512_VNNI FMA, in other operations, rebuild TensorFlow with the appropriate compiler flags.
AttributeError: 'MessageFactory' object has no attribute 'GetPrototype'
2026-03-11 05:26:45.709922: W tensorflow/compiler/tf2tensorrt/utils/py_utils.cc:38] TF-TRT Warning: Could not find TensorRT
AttributeError: 'MessageFactory' object has no attribute 'GetPrototype'
[info] total indices 497
[info] total variants 497
2.001 was filtered out as 96535123 A>G needs G but not covered
2.004 was filtered out as 96535123 A>G needs G but not covered
2.005 was filtered out as 96535123 A>G needs G but not covered
2.006 was filtered out as 96535123 A>G needs G but not covered
2.007 was filtered out as 96535123 A>G needs G but not covered
2.008 was filtered out as 96535123 A>G needs G but not covered
2.009 was filtered out as 96535123 A>G needs G but not covered
2.011 was filtered out as 96535123 A>G needs G but not covered
2.002 was filtered out as 96535123 A>G needs G but not covered
2.003 was filtered out as 96535123 A>G needs G but not covered
2.010 was filtered out as 96535123 A>G needs G but not covered
3.001 was filtered out as 96540409 G>A needs A but not covered
3.004 was filtered out as 96540409 G>A needs A but not covered
3.002 was filtered out as 96540409 G>A needs A but not covered
3.003 was filtered out as 96540409 G>A needs A but not covered
4.001 was filtered out as 96522462 A>G needs G but not covered
4.002 was filtered out as 96522462 A>G needs G but not covered
5.001 was filtered out as 96602622 A>G needs A but not covered
5.002 was filtered out as 96612494 C>T needs T but not covered
7.001 was filtered out as 96602622 A>G needs A but not covered
8.001 was filtered out as 96602622 A>G needs A but not covered
8.002 was filtered out as 96535172 T>C needs C but not covered
9.001 was filtered out as 96535245 G>A needs A but not covered
9.002 was filtered out as 96535245 G>A needs A but not covered
10.001 was filtered out as 96541614 C>T needs T but not covered
11.001 was filtered out as 96535263 G>A needs A but not covered
12.001 was filtered out as 96612670 A>C needs C but not covered
13.001 was filtered out as 96609751 C>T needs T but not covered
13.002 was filtered out as 96609751 C>T needs T but not covered
14.001 was filtered out as 96522511 T>C needs C but not covered
15.001 was filtered out as 96522516 A>C needs C but not covered
15.002 was filtered out as 96522516 A>C needs C but not covered
16.001 was filtered out as 96602622 A>G needs A but not covered
17.001 was filtered out as 96521656 C>T needs T but not covered
18.001 was filtered out as 96602617 G>A needs A but not covered
19.001 was filtered out as 96522612 A>G needs G but not covered
22.001 was filtered out as 96540330 G>C needs C but not covered
23.001 was filtered out as 96534916 G>C needs C but not covered
24.001 was filtered out as 96602635 G>A needs A but not covered
25.001 was filtered out as 96612541 C>G needs G but not covered
26.001 was filtered out as 96541700 G>A needs A but not covered
28.001 was filtered out as 96522516 A>C needs C but not covered
29.001 was filtered out as 96522544 A>T needs T but not covered
30.001 was filtered out as 96602622 A>G needs A but not covered
31.001 was filtered out as 96534877 C>T needs T but not covered
32.001 was filtered out as 96534941 A>G needs G but not covered
33.001 was filtered out as 96540335 G>A needs A but not covered
34.001 was filtered out as 96602622 A>G needs A but not covered
35.001 was filtered out as 96535123 A>G needs G but not covered
35.002 was filtered out as 96535123 A>G needs G but not covered
38.001 was filtered out as 96602622 A>G needs A but not covered
38.002 was filtered out as 96602622 A>G needs A but not covered
38.003 was filtered out as 96602622 A>G needs A but not covered
39.001 was filtered out as 96522516 A>C needs C but not covered
[filter] CYP2C19 1.002 => 1.002; 1.003; 1.004; 1.005; 1.006; 1.007; 1.008; 1.009; 1.010
[filter] CYP2C19 6.001 => 6.001
[filter] valid_alleles=10
CYP2C19:96520534 → A:0, C:0, G*:56, M:0, N:0, P:0, T:0
CYP2C19:96521044 → A:0, C*:51, G:0, M:0, N:0, P:0, T:0
CYP2C19:96521071 → A:0, C:0, G:0, M:0, N:0, P:0, T*:41
CYP2C19:96521290 → A:0, C:0, G:0, M:0, N:0, P:0, T*:54
CYP2C19:96521421 → A:23, C:0, G*:24, M:0, N:0, P:0, T:0
CYP2C19:96521573 → A:0, C:0, G:0, M:0, N:0, P:0, T*:47
CYP2C19:96521687 → A:0, C:0, G:0, M:0, N:0, P:0, T*:52
CYP2C19:96522560 → A:0, C*:0, G:0, M:0, N:0, P:0, T:42
CYP2C19:96535209^ → A^:24, C:0, G*:25, M:0, N:0, P:0, T:0
CYP2C19:96602622^ → A*:0, C:0, G^:36, M:0, N:0, P:0, T:0
CYP2C19:96602690 → A:0, C*:45, G:0, M:0, N:0, P:0, T:0
CYP2C19:96609774 → A*:52, C:0, G:0, M:0, N:0, P:0, T:0
Step 0: Loss=0.0444, CN=[2.0999167]
Step 100: Loss=0.0210, CN=[2.216766]
Step 200: Loss=0.0210, CN=[2.2169065]
Step 300: Loss=0.0210, CN=[2.2169013]
Step 400: Loss=0.0210, CN=[2.2169013]

=== Fit ===
Region 0: obs=2.364, exp=2.217, diff=+0.147 
Region 1: obs=2.347, exp=2.217, diff=+0.131 
Region 2: obs=1.949, exp=2.217, diff=-0.268 
Region 3: obs=2.163, exp=2.217, diff=-0.053 
Region 4: obs=2.046, exp=2.217, diff=-0.171 
Region 5: obs=2.363, exp=2.217, diff=+0.146 
Region 6: obs=2.181, exp=2.217, diff=-0.036 
Region 7: obs=2.381, exp=2.217, diff=+0.164 
Region 8: obs=2.559, exp=2.217, diff=+0.342 
Region 9: obs=2.399, exp=2.217, diff=+0.182 
Region 10: obs=2.521, exp=2.217, diff=+0.304 
Region 11: obs=2.231, exp=2.217, diff=+0.014 
Region 12: obs=2.060, exp=2.217, diff=-0.157 
Region 13: obs=2.154, exp=2.217, diff=-0.063 
Region 14: obs=1.971, exp=2.217, diff=-0.246 
Region 15: obs=2.312, exp=2.217, diff=+0.095 
Region 16: obs=2.421, exp=2.217, diff=+0.204 
Region 17: obs=2.175, exp=2.217, diff=-0.042 
Region 18: obs=1.747, exp=2.217, diff=-0.470 
Region 19: obs=1.932, exp=2.217, diff=-0.285 
Region 20: obs=2.279, exp=2.217, diff=+0.062 

[Gene CN Results]
  CYP2C19: 2.22 → 2.2169017791748047
Using device: cuda
num_sparse_entries: 120
max sparse_flat_index: 839
expected max: 839

=== Running VAE with seed 42 ===
Global Pooled JS: 0.106496
Seed 42, Step    0: Loss = 260.94 (Recon: 224.55, Allele KL: 12.78, Base KL: 811.91, Functional KL: 0.11
Global Pooled JS: 0.014581
Seed 42, Step  500: Loss = 105.36 (Recon: 63.30, Allele KL: 17.20, Base KL: 3817.86, Functional KL: 0.01
Global Pooled JS: 0.022205
Seed 42, Step 1000: Loss = 110.15 (Recon: 73.24, Allele KL: 12.08, Base KL: 3804.24, Functional KL: 0.02
Global Pooled JS: 0.015515
Seed 42, Step 1500: Loss = 107.34 (Recon: 68.07, Allele KL: 14.48, Base KL: 3768.66, Functional KL: 0.02
Global Pooled JS: 0.012284
Seed 42, Step 2000: Loss = 107.37 (Recon: 65.57, Allele KL: 16.87, Base KL: 3824.53, Functional KL: 0.01
Global Pooled JS: 0.011861
Seed 42, Step 2500: Loss = 103.37 (Recon: 60.56, Allele KL: 18.09, Base KL: 3781.26, Functional KL: 0.01

Top Variants with Coverage Mismatches:
Rank   Variant                        Expected     Observed     Diff       |Div|       
------------------------------------------------------------------------------------------
1      CYP2C19:96602622→A             0.30         0.00         0.30       0.001083    
2      CYP2C19:96602622→M             0.30         0.00         0.30       0.001079    
3      CYP2C19:96602622→T             0.30         0.00         0.30       0.001073    
4      CYP2C19:96602622→C             0.30         0.00         0.30       0.001073    
5      CYP2C19:96602622→N             0.29         0.00         0.29       0.001070    
6      CYP2C19:96602622→P             0.29         0.00         0.29       0.001058    
7      CYP2C19:96535209→G             23.53        25.00        -1.47      0.001037    
8      CYP2C19:96602622→G             45.90        36.00        9.90       0.000927    
9      CYP2C19:96535209→A             23.42        24.00        -0.58      0.000638    
10     CYP2C19:96535209→C             0.15         0.00         0.15       0.000550    
11     CYP2C19:96535209→N             0.14         0.00         0.14       0.000524    
12     CYP2C19:96535209→T             0.14         0.00         0.14       0.000521    
13     CYP2C19:96535209→P             0.14         0.00         0.14       0.000521    
14     CYP2C19:96535209→M             0.14         0.00         0.14       0.000501    
New best model with final loss: 103.89

=== Running VAE with seed 123 ===
Global Pooled JS: 0.103034
Seed 123, Step    0: Loss = 478.62 (Recon: 446.45, Allele KL: 7.47, Base KL: 897.92, Functional KL: 0.10
Global Pooled JS: 0.022052
Seed 123, Step  500: Loss = 111.58 (Recon: 68.66, Allele KL: 18.52, Base KL: 3753.85, Functional KL: 0.02
Global Pooled JS: 0.017120
Seed 123, Step 1000: Loss = 103.72 (Recon: 64.35, Allele KL: 14.58, Base KL: 3852.84, Functional KL: 0.02
Global Pooled JS: 0.012646
Seed 123, Step 1500: Loss = 101.47 (Recon: 59.15, Allele KL: 17.71, Base KL: 3779.29, Functional KL: 0.01
Global Pooled JS: 0.015929
Seed 123, Step 2000: Loss = 102.94 (Recon: 63.74, Allele KL: 14.42, Base KL: 3885.53, Functional KL: 0.02
Global Pooled JS: 0.011616
Seed 123, Step 2500: Loss = 103.94 (Recon: 63.24, Allele KL: 15.78, Base KL: 3800.91, Functional KL: 0.01

Top Variants with Coverage Mismatches:
Rank   Variant                        Expected     Observed     Diff       |Div|       
------------------------------------------------------------------------------------------
1      CYP2C19:96602622→M             0.30         0.00         0.30       0.001105    
2      CYP2C19:96602622→N             0.30         0.00         0.30       0.001100    
3      CYP2C19:96535209→A             22.40        24.00        -1.60      0.001084    
4      CYP2C19:96602622→A             0.30         0.00         0.30       0.001081    
5      CYP2C19:96602622→C             0.30         0.00         0.30       0.001080    
6      CYP2C19:96602622→T             0.30         0.00         0.30       0.001077    
7      CYP2C19:96602622→P             0.29         0.00         0.29       0.001072    
8      CYP2C19:96602622→G             45.87        36.00        9.87       0.000920    
9      CYP2C19:96535209→G             24.61        25.00        -0.39      0.000587    
10     CYP2C19:96535209→N             0.13         0.00         0.13       0.000490    
11     CYP2C19:96535209→C             0.13         0.00         0.13       0.000483    
12     CYP2C19:96535209→M             0.13         0.00         0.13       0.000475    
13     CYP2C19:96535209→P             0.13         0.00         0.13       0.000470    
14     CYP2C19:96535209→T             0.13         0.00         0.13       0.000458    

=== Running VAE with seed 456 ===
Global Pooled JS: 0.020827
Seed 456, Step    0: Loss = 197.51 (Recon: 160.19, Allele KL: 13.78, Base KL: 636.68, Functional KL: 0.02
Global Pooled JS: 0.016238
Seed 456, Step  500: Loss = 100.95 (Recon: 62.30, Allele KL: 13.85, Base KL: 3794.71, Functional KL: 0.02
Global Pooled JS: 0.013892
Seed 456, Step 1000: Loss = 104.41 (Recon: 62.46, Allele KL: 17.28, Base KL: 3817.08, Functional KL: 0.01
Global Pooled JS: 0.020622
Seed 456, Step 1500: Loss = 110.90 (Recon: 72.64, Allele KL: 13.08, Base KL: 3779.74, Functional KL: 0.02
Global Pooled JS: 0.013257
Seed 456, Step 2000: Loss = 104.92 (Recon: 64.59, Allele KL: 15.49, Base KL: 3819.10, Functional KL: 0.01
Global Pooled JS: 0.017426
Seed 456, Step 2500: Loss = 103.24 (Recon: 63.49, Allele KL: 15.28, Base KL: 3737.96, Functional KL: 0.02

Top Variants with Coverage Mismatches:
Rank   Variant                        Expected     Observed     Diff       |Div|       
------------------------------------------------------------------------------------------
1      CYP2C19:96602622→M             0.30         0.00         0.30       0.001103    
2      CYP2C19:96602622→A             0.30         0.00         0.30       0.001093    
3      CYP2C19:96602622→P             0.30         0.00         0.30       0.001083    
4      CYP2C19:96602622→C             0.30         0.00         0.30       0.001080    
5      CYP2C19:96602622→T             0.30         0.00         0.30       0.001080    
6      CYP2C19:96602622→N             0.30         0.00         0.30       0.001074    
7      CYP2C19:96535209→A             22.63        24.00        -1.37      0.000975    
8      CYP2C19:96602622→G             45.87        36.00        9.87       0.000920    
9      CYP2C19:96535209→G             24.34        25.00        -0.66      0.000687    
10     CYP2C19:96535209→M             0.14         0.00         0.14       0.000521    
11     CYP2C19:96535209→T             0.14         0.00         0.14       0.000517    
12     CYP2C19:96535209→C             0.14         0.00         0.14       0.000516    
13     CYP2C19:96535209→N             0.14         0.00         0.14       0.000500    
14     CYP2C19:96535209→P             0.14         0.00         0.14       0.000500    

=== Multi-Seed VAE Results ===
Best model had seed 42 with final loss: 103.89
All seeds final losses:
  Seed 42: Total=103.89 (Recon=58.94, A_KL=20.42, B_KL=3765.23) <- Best
  Seed 123: Total=110.82 (Recon=68.82, A_KL=17.19, B_KL=3718.01)
  Seed 456: Total=104.51 (Recon=62.71, A_KL=17.23, B_KL=3767.52)

[Raw]:
CYP2C19*6: Normalized=0.5096, Unnormalized=0.51
CYP2C19*1: Normalized=0.4904, Unnormalized=0.49

[Alleles]
CYP2C19*6
CYP2C19*1
	Command being timed: "python /home/qinghuiz/aidy/push/Neretva/neretva/cyp.py CYP2C19 /project/shared/aldy-data/wgs/NA19178.wgs.cram"
	User time (seconds): 151.56
	System time (seconds): 31.52
	Percent of CPU this job got: 99%
	Elapsed (wall clock) time (h:mm:ss or m:ss): 3:03.56
	Average shared text size (kbytes): 0
	Average unshared data size (kbytes): 0
	Average stack size (kbytes): 0
	Average total size (kbytes): 0
	Maximum resident set size (kbytes): 2963304
	Average resident set size (kbytes): 0
	Major (requiring I/O) page faults: 0
	Minor (reclaiming a frame) page faults: 1067150
	Voluntary context switches: 22709
	Involuntary context switches: 123
	Swaps: 0
	File system inputs: 0
	File system outputs: 48
	Socket messages sent: 0
	Socket messages received: 0
	Signals delivered: 0
	Page size (bytes): 4096
	Exit status: 0
