2026-03-11 05:23:47.653183: I tensorflow/core/util/port.cc:111] oneDNN custom operations are on. You may see slightly different numerical results due to floating-point round-off errors from different computation orders. To turn them off, set the environment variable `TF_ENABLE_ONEDNN_OPTS=0`.
2026-03-11 05:23:47.692023: E tensorflow/compiler/xla/stream_executor/cuda/cuda_dnn.cc:9342] Unable to register cuDNN factory: Attempting to register factory for plugin cuDNN when one has already been registered
2026-03-11 05:23:47.692183: E tensorflow/compiler/xla/stream_executor/cuda/cuda_fft.cc:609] Unable to register cuFFT factory: Attempting to register factory for plugin cuFFT when one has already been registered
2026-03-11 05:23:47.692326: E tensorflow/compiler/xla/stream_executor/cuda/cuda_blas.cc:1518] Unable to register cuBLAS factory: Attempting to register factory for plugin cuBLAS when one has already been registered
2026-03-11 05:23:47.701514: I tensorflow/core/platform/cpu_feature_guard.cc:182] This TensorFlow binary is optimized to use available CPU instructions in performance-critical operations.
To enable the following instructions: AVX2 AVX512F AVX512_VNNI FMA, in other operations, rebuild TensorFlow with the appropriate compiler flags.
AttributeError: 'MessageFactory' object has no attribute 'GetPrototype'
2026-03-11 05:23:49.086682: W tensorflow/compiler/tf2tensorrt/utils/py_utils.cc:38] TF-TRT Warning: Could not find TensorRT
AttributeError: 'MessageFactory' object has no attribute 'GetPrototype'
[info] total indices 497
[info] total variants 497
2.001 was filtered out as 96535123 A>G needs G but not covered
2.004 was filtered out as 96535123 A>G needs G but not covered
2.005 was filtered out as 96535123 A>G needs G but not covered
2.006 was filtered out as 96535123 A>G needs G but not covered
2.007 was filtered out as 96535123 A>G needs G but not covered
2.008 was filtered out as 96535123 A>G needs G but not covered
2.009 was filtered out as 96535123 A>G needs G but not covered
2.011 was filtered out as 96535123 A>G needs G but not covered
2.002 was filtered out as 96535123 A>G needs G but not covered
2.003 was filtered out as 96535123 A>G needs G but not covered
2.010 was filtered out as 96535123 A>G needs G but not covered
3.001 was filtered out as 96540409 G>A needs A but not covered
3.004 was filtered out as 96540409 G>A needs A but not covered
3.002 was filtered out as 96540409 G>A needs A but not covered
3.003 was filtered out as 96540409 G>A needs A but not covered
4.001 was filtered out as 96522462 A>G needs G but not covered
4.002 was filtered out as 96522462 A>G needs G but not covered
5.001 was filtered out as 96602622 A>G needs A but not covered
5.002 was filtered out as 96612494 C>T needs T but not covered
6.001 was filtered out as 96535209 G>A needs A but not covered
7.001 was filtered out as 96602622 A>G needs A but not covered
8.001 was filtered out as 96602622 A>G needs A but not covered
8.002 was filtered out as 96535172 T>C needs C but not covered
9.001 was filtered out as 96535245 G>A needs A but not covered
9.002 was filtered out as 96535245 G>A needs A but not covered
10.001 was filtered out as 96541614 C>T needs T but not covered
11.001 was filtered out as 96535263 G>A needs A but not covered
12.001 was filtered out as 96612670 A>C needs C but not covered
13.001 was filtered out as 96609751 C>T needs T but not covered
13.002 was filtered out as 96609751 C>T needs T but not covered
14.001 was filtered out as 96522511 T>C needs C but not covered
16.001 was filtered out as 96602622 A>G needs A but not covered
17.001 was filtered out as 96521656 C>T needs T but not covered
18.001 was filtered out as 96602617 G>A needs A but not covered
19.001 was filtered out as 96522612 A>G needs G but not covered
22.001 was filtered out as 96540330 G>C needs C but not covered
23.001 was filtered out as 96534916 G>C needs C but not covered
24.001 was filtered out as 96602635 G>A needs A but not covered
25.001 was filtered out as 96612541 C>G needs G but not covered
26.001 was filtered out as 96541700 G>A needs A but not covered
28.001 was filtered out as 96602751 G>A needs A but not covered
29.001 was filtered out as 96522544 A>T needs T but not covered
30.001 was filtered out as 96602622 A>G needs A but not covered
31.001 was filtered out as 96534877 C>T needs T but not covered
32.001 was filtered out as 96534941 A>G needs G but not covered
33.001 was filtered out as 96540335 G>A needs A but not covered
34.001 was filtered out as 96602622 A>G needs A but not covered
35.001 was filtered out as 96535123 A>G needs G but not covered
35.002 was filtered out as 96535123 A>G needs G but not covered
38.001 was filtered out as 96602622 A>G needs A but not covered
38.002 was filtered out as 96602622 A>G needs A but not covered
38.003 was filtered out as 96602622 A>G needs A but not covered
[filter] CYP2C19 1.002 => 1.002; 1.003; 1.004; 1.005; 1.006; 1.007; 1.008; 1.009; 1.010
[filter] CYP2C19 15.001 => 15.001; 15.002
[filter] CYP2C19 39.001 => 39.001
[filter] valid_alleles=12
CYP2C19:96520534 → A:0, C:0, G*:54, M:0, N:0, P:0, T:0
CYP2C19:96520559 → A:0, C:0, G*:54, M:0, N:0, P:0, T:0
CYP2C19:96521023 → A:0, C:14, G:0, M:0, N:0, P:0, T*:25
CYP2C19:96521044 → A:0, C*:22, G:0, M:0, N:0, P:0, T:15
CYP2C19:96521071 → A:0, C:0, G:0, M:0, N:0, P:0, T*:36
CYP2C19:96521290 → A:0, C:0, G:0, M:0, N:0, P:0, T*:44
CYP2C19:96521354 → A:0, C:0, G*:32, M:0, N:0, P:0, T:0
CYP2C19:96521421 → A:0, C:0, G*:47, M:0, N:0, P:0, T:0
CYP2C19:96521573 → A:0, C:0, G:0, M:0, N:0, P:0, T*:38
CYP2C19:96521629 → A:0, C:0, G:0, M:0, N:15, P:0, T*:43
CYP2C19:96521679 → A:0, C*:47, G:0, M:0, N:0, P:0, T:0
CYP2C19:96521687 → A:0, C:0, G:0, M:0, N:0, P:0, T*:47
CYP2C19:96522516^ → A*:16, C^:23, G:0, M:0, N:0, P:0, T:0
CYP2C19:96522560 → A:0, C*:28, G:0, M:0, N:0, P:0, T:12
CYP2C19:96535179^ → A*:25, C^:20, G:0, M:0, N:0, P:0, T:0
CYP2C19:96535204 → A:0, C:0, G*:27, M:0, N:0, P:0, T:21
CYP2C19:96580335 → A*:32, C:0, G:33, M:0, N:0, P:0, T:0
CYP2C19:96602622^ → A*:0, C:0, G^:44, M:0, N:0, P:0, T:0
CYP2C19:96602690 → A:0, C*:21, G:0, M:0, N:0, P:0, T:20
CYP2C19:96609774 → A*:46, C:0, G:0, M:0, N:0, P:0, T:0
CYP2C19:96612752 → A:0, C:21, G:0, M:0, N:0, P:0, T*:24
Step 0: Loss=0.2002, CN=[2.0999167]
Step 100: Loss=0.0614, CN=[2.5997899]
Step 200: Loss=0.0614, CN=[2.602306]
Step 300: Loss=0.0614, CN=[2.6023073]
Step 400: Loss=0.0614, CN=[2.6023073]

=== Fit ===
Region 0: obs=2.591, exp=2.602, diff=-0.012 
Region 1: obs=3.221, exp=2.602, diff=+0.618 *
Region 2: obs=2.785, exp=2.602, diff=+0.183 
Region 3: obs=2.356, exp=2.602, diff=-0.246 
Region 4: obs=1.774, exp=2.602, diff=-0.828 *
Region 5: obs=2.438, exp=2.602, diff=-0.165 
Region 6: obs=2.714, exp=2.602, diff=+0.111 
Region 7: obs=2.528, exp=2.602, diff=-0.074 
Region 8: obs=2.417, exp=2.602, diff=-0.185 
Region 9: obs=2.692, exp=2.602, diff=+0.089 
Region 10: obs=2.854, exp=2.602, diff=+0.252 
Region 11: obs=2.414, exp=2.602, diff=-0.188 
Region 12: obs=3.581, exp=2.602, diff=+0.978 *
Region 13: obs=2.198, exp=2.602, diff=-0.405 
Region 14: obs=2.438, exp=2.602, diff=-0.165 
Region 15: obs=2.599, exp=2.602, diff=-0.003 
Region 16: obs=3.057, exp=2.602, diff=+0.454 
Region 17: obs=2.492, exp=2.602, diff=-0.110 
Region 18: obs=2.215, exp=2.602, diff=-0.388 
Region 19: obs=2.820, exp=2.602, diff=+0.217 
Region 20: obs=2.736, exp=2.602, diff=+0.133 

[Gene CN Results]
  CYP2C19: 2.60 → 2.6023073196411133
Using device: cuda
num_sparse_entries: 252
max sparse_flat_index: 1763
expected max: 1763

=== Running VAE with seed 42 ===
Global Pooled JS: 0.103149
Seed 42, Step    0: Loss = 450.09 (Recon: 411.55, Allele KL: 12.86, Base KL: 1564.24, Functional KL: 0.10
Global Pooled JS: 0.013328
Seed 42, Step  500: Loss = 172.06 (Recon: 133.88, Allele KL: 11.19, Base KL: 3750.28, Functional KL: 0.01
Global Pooled JS: 0.011911
Seed 42, Step 1000: Loss = 176.98 (Recon: 138.64, Allele KL: 10.90, Base KL: 4328.42, Functional KL: 0.01
Global Pooled JS: 0.011633
Seed 42, Step 1500: Loss = 177.04 (Recon: 136.19, Allele KL: 14.27, Base KL: 3741.05, Functional KL: 0.01
Global Pooled JS: 0.023179
Seed 42, Step 2000: Loss = 193.16 (Recon: 153.65, Allele KL: 12.42, Base KL: 3925.89, Functional KL: 0.02
Global Pooled JS: 0.010787
Seed 42, Step 2500: Loss = 180.75 (Recon: 130.37, Allele KL: 24.12, Base KL: 3862.76, Functional KL: 0.01

Top Variants with Coverage Mismatches:
Rank   Variant                        Expected     Observed     Diff       |Div|       
------------------------------------------------------------------------------------------
1      CYP2C19:96522516→A             23.52        16.00        7.52       0.002021    
2      CYP2C19:96602622→A             0.30         0.00         0.30       0.000769    
3      CYP2C19:96602622→P             0.30         0.00         0.30       0.000769    
4      CYP2C19:96602622→T             0.30         0.00         0.30       0.000768    
5      CYP2C19:96602622→N             0.30         0.00         0.30       0.000768    
6      CYP2C19:96602622→M             0.30         0.00         0.30       0.000763    
7      CYP2C19:96602622→C             0.30         0.00         0.30       0.000759    
8      CYP2C19:96522516→C             20.85        23.00        -2.15      0.000482    
9      CYP2C19:96522516→M             0.14         0.00         0.14       0.000352    
10     CYP2C19:96522516→G             0.14         0.00         0.14       0.000348    
11     CYP2C19:96522516→P             0.13         0.00         0.13       0.000342    
12     CYP2C19:96522516→N             0.13         0.00         0.13       0.000338    
13     CYP2C19:96522516→T             0.13         0.00         0.13       0.000337    
14     CYP2C19:96535179→T             0.13         0.00         0.13       0.000330    
15     CYP2C19:96535179→N             0.13         0.00         0.13       0.000322    
16     CYP2C19:96535179→P             0.12         0.00         0.12       0.000318    
17     CYP2C19:96535179→G             0.12         0.00         0.12       0.000312    
18     CYP2C19:96535179→M             0.12         0.00         0.12       0.000303    
19     CYP2C19:96602622→G             43.26        44.00        -0.74      0.000211    
20     CYP2C19:96535179→C             19.11        20.00        -0.89      0.000186    
21     CYP2C19:96535179→A             25.32        25.00        0.32       0.000041    
New best model with final loss: 193.02

=== Running VAE with seed 123 ===
Global Pooled JS: 0.093326
Seed 123, Step    0: Loss = 583.96 (Recon: 544.35, Allele KL: 12.46, Base KL: 2174.10, Functional KL: 0.09
Global Pooled JS: 0.009592
Seed 123, Step  500: Loss = 179.59 (Recon: 133.63, Allele KL: 19.15, Base KL: 4017.84, Functional KL: 0.01
Global Pooled JS: 0.022162
Seed 123, Step 1000: Loss = 192.36 (Recon: 150.79, Allele KL: 14.06, Base KL: 4071.73, Functional KL: 0.02
Global Pooled JS: 0.010007
Seed 123, Step 1500: Loss = 184.16 (Recon: 136.35, Allele KL: 21.19, Base KL: 4008.63, Functional KL: 0.01
Global Pooled JS: 0.015479
Seed 123, Step 2000: Loss = 180.58 (Recon: 135.55, Allele KL: 18.63, Base KL: 3725.10, Functional KL: 0.02
Global Pooled JS: 0.013730
Seed 123, Step 2500: Loss = 177.79 (Recon: 136.12, Allele KL: 14.65, Base KL: 3962.38, Functional KL: 0.01

Top Variants with Coverage Mismatches:
Rank   Variant                        Expected     Observed     Diff       |Div|       
------------------------------------------------------------------------------------------
1      CYP2C19:96522516→A             22.08        16.00        6.08       0.001279    
2      CYP2C19:96602622→T             0.30         0.00         0.30       0.000770    
3      CYP2C19:96602622→A             0.30         0.00         0.30       0.000768    
4      CYP2C19:96602622→M             0.30         0.00         0.30       0.000764    
5      CYP2C19:96602622→P             0.30         0.00         0.30       0.000758    
6      CYP2C19:96602622→C             0.29         0.00         0.29       0.000756    
7      CYP2C19:96602622→N             0.29         0.00         0.29       0.000756    
8      CYP2C19:96535179→A             23.19        25.00        -1.81      0.000383    
9      CYP2C19:96522516→G             0.15         0.00         0.15       0.000373    
10     CYP2C19:96522516→T             0.14         0.00         0.14       0.000371    
11     CYP2C19:96522516→P             0.14         0.00         0.14       0.000370    
12     CYP2C19:96522516→M             0.14         0.00         0.14       0.000367    
13     CYP2C19:96522516→N             0.14         0.00         0.14       0.000366    
14     CYP2C19:96535179→N             0.14         0.00         0.14       0.000357    
15     CYP2C19:96535179→P             0.14         0.00         0.14       0.000353    
16     CYP2C19:96535179→M             0.14         0.00         0.14       0.000352    
17     CYP2C19:96535179→T             0.14         0.00         0.14       0.000349    
18     CYP2C19:96535179→G             0.13         0.00         0.13       0.000345    
19     CYP2C19:96602622→G             43.26        44.00        -0.74      0.000210    
20     CYP2C19:96522516→C             22.25        23.00        -0.75      0.000164    
21     CYP2C19:96535179→C             21.17        20.00        1.17       0.000000    
New best model with final loss: 182.33

=== Running VAE with seed 456 ===
Global Pooled JS: 0.068008
Seed 456, Step    0: Loss = 492.41 (Recon: 455.54, Allele KL: 9.96, Base KL: 1480.41, Functional KL: 0.07
Global Pooled JS: 0.014261
Seed 456, Step  500: Loss = 179.10 (Recon: 138.85, Allele KL: 13.23, Base KL: 3789.43, Functional KL: 0.01
Global Pooled JS: 0.010880
Seed 456, Step 1000: Loss = 175.16 (Recon: 131.05, Allele KL: 17.53, Base KL: 3728.69, Functional KL: 0.01
Global Pooled JS: 0.014030
Seed 456, Step 1500: Loss = 180.31 (Recon: 138.90, Allele KL: 14.28, Base KL: 3803.25, Functional KL: 0.01
Global Pooled JS: 0.011468
Seed 456, Step 2000: Loss = 175.14 (Recon: 131.06, Allele KL: 17.20, Base KL: 4101.18, Functional KL: 0.01
Global Pooled JS: 0.010292
Seed 456, Step 2500: Loss = 184.84 (Recon: 141.07, Allele KL: 17.00, Base KL: 4149.55, Functional KL: 0.01

Top Variants with Coverage Mismatches:
Rank   Variant                        Expected     Observed     Diff       |Div|       
------------------------------------------------------------------------------------------
1      CYP2C19:96522516→A             23.03        16.00        7.03       0.001755    
2      CYP2C19:96602622→A             0.29         0.00         0.29       0.000744    
3      CYP2C19:96602622→C             0.29         0.00         0.29       0.000744    
4      CYP2C19:96602622→P             0.29         0.00         0.29       0.000741    
5      CYP2C19:96602622→N             0.29         0.00         0.29       0.000740    
6      CYP2C19:96602622→M             0.29         0.00         0.29       0.000735    
7      CYP2C19:96602622→T             0.28         0.00         0.28       0.000725    
8      CYP2C19:96522516→T             0.14         0.00         0.14       0.000363    
9      CYP2C19:96522516→M             0.14         0.00         0.14       0.000362    
10     CYP2C19:96522516→G             0.14         0.00         0.14       0.000359    
11     CYP2C19:96522516→C             21.31        23.00        -1.69      0.000358    
12     CYP2C19:96522516→P             0.14         0.00         0.14       0.000358    
13     CYP2C19:96522516→N             0.14         0.00         0.14       0.000356    
14     CYP2C19:96535179→N             0.13         0.00         0.13       0.000331    
15     CYP2C19:96535179→M             0.13         0.00         0.13       0.000329    
16     CYP2C19:96535179→T             0.13         0.00         0.13       0.000325    
17     CYP2C19:96535179→G             0.13         0.00         0.13       0.000325    
18     CYP2C19:96535179→P             0.12         0.00         0.12       0.000320    
19     CYP2C19:96602622→G             43.32        44.00        -0.68      0.000203    
20     CYP2C19:96535179→A             24.56        25.00        -0.44      0.000122    
21     CYP2C19:96535179→C             19.85        20.00        -0.15      0.000073    
New best model with final loss: 180.21

=== Multi-Seed VAE Results ===
Best model had seed 456 with final loss: 180.21
All seeds final losses:
  Seed 42: Total=193.02 (Recon=153.37, A_KL=12.13, B_KL=3986.75)
  Seed 123: Total=182.33 (Recon=139.21, A_KL=16.16, B_KL=3880.85)
  Seed 456: Total=180.21 (Recon=136.31, A_KL=16.63, B_KL=4155.08) <- Best

[Raw]:
CYP2C19*1: Normalized=0.5081, Unnormalized=0.51
CYP2C19*39: Normalized=0.4577, Unnormalized=0.46

[Alleles]
CYP2C19*1
CYP2C19*39
	Command being timed: "python /home/qinghuiz/aidy/push/Neretva/neretva/cyp.py CYP2C19 /project/shared/aldy-data/wgs/NA19143.wgs.cram"
	User time (seconds): 148.49
	System time (seconds): 29.84
	Percent of CPU this job got: 99%
	Elapsed (wall clock) time (h:mm:ss or m:ss): 2:58.80
	Average shared text size (kbytes): 0
	Average unshared data size (kbytes): 0
	Average stack size (kbytes): 0
	Average total size (kbytes): 0
	Maximum resident set size (kbytes): 2883720
	Average resident set size (kbytes): 0
	Major (requiring I/O) page faults: 0
	Minor (reclaiming a frame) page faults: 1040677
	Voluntary context switches: 22671
	Involuntary context switches: 190
	Swaps: 0
	File system inputs: 0
	File system outputs: 56
	Socket messages sent: 0
	Socket messages received: 0
	Signals delivered: 0
	Page size (bytes): 4096
	Exit status: 0
