2026-03-11 05:23:45.463541: I tensorflow/core/util/port.cc:111] oneDNN custom operations are on. You may see slightly different numerical results due to floating-point round-off errors from different computation orders. To turn them off, set the environment variable `TF_ENABLE_ONEDNN_OPTS=0`.
2026-03-11 05:23:45.512314: E tensorflow/compiler/xla/stream_executor/cuda/cuda_dnn.cc:9342] Unable to register cuDNN factory: Attempting to register factory for plugin cuDNN when one has already been registered
2026-03-11 05:23:45.512518: E tensorflow/compiler/xla/stream_executor/cuda/cuda_fft.cc:609] Unable to register cuFFT factory: Attempting to register factory for plugin cuFFT when one has already been registered
2026-03-11 05:23:45.512665: E tensorflow/compiler/xla/stream_executor/cuda/cuda_blas.cc:1518] Unable to register cuBLAS factory: Attempting to register factory for plugin cuBLAS when one has already been registered
2026-03-11 05:23:45.524986: I tensorflow/core/platform/cpu_feature_guard.cc:182] This TensorFlow binary is optimized to use available CPU instructions in performance-critical operations.
To enable the following instructions: AVX2 AVX512F AVX512_VNNI FMA, in other operations, rebuild TensorFlow with the appropriate compiler flags.
AttributeError: 'MessageFactory' object has no attribute 'GetPrototype'
2026-03-11 05:23:46.682951: W tensorflow/compiler/tf2tensorrt/utils/py_utils.cc:38] TF-TRT Warning: Could not find TensorRT
AttributeError: 'MessageFactory' object has no attribute 'GetPrototype'
[info] total indices 497
[info] total variants 497
1.002 was filtered out as 96535123 A>G needs A but not covered
1.003 was filtered out as 96535123 A>G needs A but not covered
1.004 was filtered out as 96535123 A>G needs A but not covered
1.005 was filtered out as 96535123 A>G needs A but not covered
1.006 was filtered out as 96535123 A>G needs A but not covered
1.007 was filtered out as 96535123 A>G needs A but not covered
1.008 was filtered out as 96535123 A>G needs A but not covered
1.009 was filtered out as 96535123 A>G needs A but not covered
1.010 was filtered out as 96535123 A>G needs A but not covered
2.002 was filtered out as 96534921 G>C needs C but not covered
2.003 was filtered out as 96535295 G>C needs C but not covered
2.010 was filtered out as 96534921 G>C needs C but not covered
3.001 was filtered out as 96535123 A>G needs A but not covered
3.004 was filtered out as 96535123 A>G needs A but not covered
3.002 was filtered out as 96535123 A>G needs A but not covered
3.003 was filtered out as 96535123 A>G needs A but not covered
4.001 was filtered out as 96535123 A>G needs A but not covered
4.002 was filtered out as 96535123 A>G needs A but not covered
5.001 was filtered out as 96602622 A>G needs A but not covered
5.002 was filtered out as 96535123 A>G needs A but not covered
6.001 was filtered out as 96535123 A>G needs A but not covered
7.001 was filtered out as 96602622 A>G needs A but not covered
8.001 was filtered out as 96602622 A>G needs A but not covered
8.002 was filtered out as 96535123 A>G needs A but not covered
9.001 was filtered out as 96535123 A>G needs A but not covered
9.002 was filtered out as 96535123 A>G needs A but not covered
10.001 was filtered out as 96535123 A>G needs A but not covered
11.001 was filtered out as 96535123 A>G needs A but not covered
12.001 was filtered out as 96535123 A>G needs A but not covered
13.001 was filtered out as 96535123 A>G needs A but not covered
13.002 was filtered out as 96535123 A>G needs A but not covered
14.001 was filtered out as 96535123 A>G needs A but not covered
15.001 was filtered out as 96535123 A>G needs A but not covered
15.002 was filtered out as 96535123 A>G needs A but not covered
16.001 was filtered out as 96602622 A>G needs A but not covered
17.001 was filtered out as 96535123 A>G needs A but not covered
18.001 was filtered out as 96535123 A>G needs A but not covered
19.001 was filtered out as 96535123 A>G needs A but not covered
22.001 was filtered out as 96535123 A>G needs A but not covered
23.001 was filtered out as 96535123 A>G needs A but not covered
24.001 was filtered out as 96535123 A>G needs A but not covered
25.001 was filtered out as 96535123 A>G needs A but not covered
26.001 was filtered out as 96535123 A>G needs A but not covered
28.001 was filtered out as 96535123 A>G needs A but not covered
29.001 was filtered out as 96535123 A>G needs A but not covered
30.001 was filtered out as 96602622 A>G needs A but not covered
31.001 was filtered out as 96535123 A>G needs A but not covered
32.001 was filtered out as 96535123 A>G needs A but not covered
33.001 was filtered out as 96535123 A>G needs A but not covered
34.001 was filtered out as 96602622 A>G needs A but not covered
38.001 was filtered out as 96602622 A>G needs A but not covered
38.002 was filtered out as 96602622 A>G needs A but not covered
38.003 was filtered out as 96602622 A>G needs A but not covered
39.001 was filtered out as 96535123 A>G needs A but not covered
[filter] CYP2C19 2.001 => 2.001; 2.004; 2.005; 2.006; 2.007; 2.008; 2.009; 2.011
[filter] CYP2C19 35.001 => 35.001
[filter] CYP2C19 35.002 => 35.002
[filter] valid_alleles=10
CYP2C19:96521549 → A:17, C:0, G*:23, M:0, N:0, P:0, T:0
CYP2C19:96522364 → A:0, C:15, G:0, M:0, N:0, P:0, T*:20
CYP2C19:96522516^ → A*:23, C^:18, G:0, M:0, N:0, P:0, T:0
CYP2C19:96522560 → A:0, C*:0, G:0, M:0, N:0, P:0, T:40
CYP2C19:96535123^ → A*:0, C:0, G^:40, M:0, N:0, P:0, T:0
CYP2C19:96541615^ → A^:28, C:0, G*:23, M:0, N:0, P:0, T:0
CYP2C19:96541747 → A:0, C:0, G*:40, M:0, N:0, P:0, T:0
CYP2C19:96602621 → A:0, C*:12, G:0, M:0, N:0, P:0, T:11
CYP2C19:96602622^ → A*:0, C:0, G^:25, M:0, N:0, P:0, T:0
CYP2C19:96602652 → A:0, C:0, G*:26, M:0, N:0, P:0, T:0
CYP2C19:96602710 → A*:32, C:0, G:0, M:0, N:0, P:0, T:0
CYP2C19:96609709 → A:0, C*:38, G:0, M:0, N:0, P:0, T:0
CYP2C19:96609736 → A:0, C:0, G*:50, M:0, N:0, P:0, T:0
CYP2C19:96609784 → A*:49, C:0, G:0, M:0, N:0, P:0, T:0
Step 0: Loss=0.0869, CN=[2.0999167]
Step 100: Loss=0.0346, CN=[2.3464644]
Step 200: Loss=0.0346, CN=[2.3454204]
Step 300: Loss=0.0346, CN=[2.3454256]
Step 400: Loss=0.0346, CN=[2.3454256]

=== Fit ===
Region 0: obs=2.209, exp=2.345, diff=-0.136 
Region 1: obs=2.189, exp=2.345, diff=-0.157 
Region 2: obs=2.335, exp=2.345, diff=-0.010 
Region 3: obs=2.296, exp=2.345, diff=-0.050 
Region 4: obs=2.167, exp=2.345, diff=-0.178 
Region 5: obs=2.374, exp=2.345, diff=+0.029 
Region 6: obs=2.114, exp=2.345, diff=-0.232 
Region 7: obs=2.433, exp=2.345, diff=+0.088 
Region 8: obs=2.887, exp=2.345, diff=+0.542 *
Region 9: obs=2.675, exp=2.345, diff=+0.329 
Region 10: obs=2.593, exp=2.345, diff=+0.248 
Region 11: obs=2.182, exp=2.345, diff=-0.164 
Region 12: obs=2.149, exp=2.345, diff=-0.196 
Region 13: obs=2.114, exp=2.345, diff=-0.231 
Region 14: obs=1.621, exp=2.345, diff=-0.725 *
Region 15: obs=2.408, exp=2.345, diff=+0.063 
Region 16: obs=2.640, exp=2.345, diff=+0.295 
Region 17: obs=2.222, exp=2.345, diff=-0.123 
Region 18: obs=2.623, exp=2.345, diff=+0.278 
Region 19: obs=2.599, exp=2.345, diff=+0.254 
Region 20: obs=2.239, exp=2.345, diff=-0.106 

[Gene CN Results]
  CYP2C19: 2.35 → 2.345425605773926
Using device: cuda
num_sparse_entries: 140
max sparse_flat_index: 979
expected max: 979

=== Running VAE with seed 42 ===
Global Pooled JS: 0.080208
Seed 42, Step    0: Loss = 243.76 (Recon: 214.11, Allele KL: 5.72, Base KL: 490.75, Functional KL: 0.08
Global Pooled JS: 0.021970
Seed 42, Step  500: Loss = 123.97 (Recon: 86.29, Allele KL: 14.06, Base KL: 2356.00, Functional KL: 0.02
Global Pooled JS: 0.024250
Seed 42, Step 1000: Loss = 122.54 (Recon: 89.49, Allele KL: 9.24, Base KL: 2418.47, Functional KL: 0.02
Global Pooled JS: 0.019315
Seed 42, Step 1500: Loss = 119.85 (Recon: 84.99, Allele KL: 11.15, Base KL: 2403.99, Functional KL: 0.02
Global Pooled JS: 0.019766
Seed 42, Step 2000: Loss = 124.33 (Recon: 85.25, Allele KL: 15.41, Base KL: 2373.17, Functional KL: 0.02
Global Pooled JS: 0.020800
Seed 42, Step 2500: Loss = 123.11 (Recon: 82.03, Allele KL: 17.77, Base KL: 2422.65, Functional KL: 0.02

Top Variants with Coverage Mismatches:
Rank   Variant                        Expected     Observed     Diff       |Div|       
------------------------------------------------------------------------------------------
1      CYP2C19:96541615→A             16.21        28.00        -11.79     0.004503    
2      CYP2C19:96602622→G             36.24        25.00        11.24      0.004051    
3      CYP2C19:96522516→C             11.13        18.00        -6.87      0.002269    
4      CYP2C19:96602622→N             0.27         0.00         0.27       0.000622    
5      CYP2C19:96602622→M             0.27         0.00         0.27       0.000621    
6      CYP2C19:96602622→A             0.27         0.00         0.27       0.000619    
7      CYP2C19:96602622→C             0.27         0.00         0.27       0.000614    
8      CYP2C19:96602622→T             0.27         0.00         0.27       0.000613    
9      CYP2C19:96602622→P             0.27         0.00         0.27       0.000611    
10     CYP2C19:96522516→A             26.37        23.00        3.37       0.000597    
11     CYP2C19:96535123→C             0.26         0.00         0.26       0.000591    
12     CYP2C19:96535123→N             0.26         0.00         0.26       0.000586    
13     CYP2C19:96535123→P             0.26         0.00         0.26       0.000584    
14     CYP2C19:96535123→A             0.26         0.00         0.26       0.000584    
15     CYP2C19:96535123→T             0.25         0.00         0.25       0.000581    
16     CYP2C19:96535123→M             0.25         0.00         0.25       0.000570    
17     CYP2C19:96541615→N             0.11         0.00         0.11       0.000256    
18     CYP2C19:96541615→C             0.11         0.00         0.11       0.000256    
19     CYP2C19:96541615→T             0.11         0.00         0.11       0.000255    
20     CYP2C19:96541615→P             0.11         0.00         0.11       0.000251    
21     CYP2C19:96541615→M             0.11         0.00         0.11       0.000251    
22     CYP2C19:96522516→M             0.07         0.00         0.07       0.000166    
23     CYP2C19:96522516→N             0.07         0.00         0.07       0.000165    
24     CYP2C19:96522516→T             0.07         0.00         0.07       0.000164    
25     CYP2C19:96522516→G             0.07         0.00         0.07       0.000163    
26     CYP2C19:96522516→P             0.07         0.00         0.07       0.000163    
27     CYP2C19:96535123→G             36.33        40.00        -3.67      0.000112    
28     CYP2C19:96541615→G             21.09        23.00        -1.91      0.000045    
New best model with final loss: 128.39

=== Running VAE with seed 123 ===
Global Pooled JS: 0.098614
Seed 123, Step    0: Loss = 328.58 (Recon: 297.89, Allele KL: 7.02, Base KL: 766.98, Functional KL: 0.10
Global Pooled JS: 0.021217
Seed 123, Step  500: Loss = 123.23 (Recon: 88.39, Allele KL: 11.13, Base KL: 2358.67, Functional KL: 0.02
Global Pooled JS: 0.019994
Seed 123, Step 1000: Loss = 129.54 (Recon: 93.95, Allele KL: 11.39, Base KL: 2484.25, Functional KL: 0.02
Global Pooled JS: 0.023047
Seed 123, Step 1500: Loss = 117.95 (Recon: 83.32, Allele KL: 11.14, Base KL: 2344.79, Functional KL: 0.02
Global Pooled JS: 0.021237
Seed 123, Step 2000: Loss = 121.08 (Recon: 85.89, Allele KL: 11.36, Base KL: 2406.05, Functional KL: 0.02
Global Pooled JS: 0.021488
Seed 123, Step 2500: Loss = 118.30 (Recon: 84.00, Allele KL: 10.65, Base KL: 2405.35, Functional KL: 0.02

Top Variants with Coverage Mismatches:
Rank   Variant                        Expected     Observed     Diff       |Div|       
------------------------------------------------------------------------------------------
1      CYP2C19:96541615→A             15.51        28.00        -12.49     0.005202    
2      CYP2C19:96602622→G             36.25        25.00        11.25      0.004059    
3      CYP2C19:96522516→C             11.00        18.00        -7.00      0.002380    
4      CYP2C19:96522516→A             26.50        23.00        3.50       0.000633    
5      CYP2C19:96602622→M             0.27         0.00         0.27       0.000615    
6      CYP2C19:96602622→N             0.27         0.00         0.27       0.000614    
7      CYP2C19:96602622→A             0.27         0.00         0.27       0.000612    
8      CYP2C19:96602622→C             0.27         0.00         0.27       0.000611    
9      CYP2C19:96602622→P             0.27         0.00         0.27       0.000610    
10     CYP2C19:96602622→T             0.27         0.00         0.27       0.000607    
11     CYP2C19:96535123→A             0.26         0.00         0.26       0.000592    
12     CYP2C19:96535123→N             0.26         0.00         0.26       0.000590    
13     CYP2C19:96535123→C             0.25         0.00         0.25       0.000578    
14     CYP2C19:96535123→M             0.25         0.00         0.25       0.000578    
15     CYP2C19:96535123→P             0.25         0.00         0.25       0.000575    
16     CYP2C19:96535123→T             0.25         0.00         0.25       0.000567    
17     CYP2C19:96541615→P             0.11         0.00         0.11       0.000246    
18     CYP2C19:96541615→T             0.11         0.00         0.11       0.000243    
19     CYP2C19:96541615→M             0.11         0.00         0.11       0.000243    
20     CYP2C19:96541615→C             0.11         0.00         0.11       0.000243    
21     CYP2C19:96541615→N             0.11         0.00         0.11       0.000241    
22     CYP2C19:96522516→G             0.07         0.00         0.07       0.000170    
23     CYP2C19:96522516→M             0.07         0.00         0.07       0.000167    
24     CYP2C19:96522516→N             0.07         0.00         0.07       0.000165    
25     CYP2C19:96522516→T             0.07         0.00         0.07       0.000164    
26     CYP2C19:96522516→P             0.07         0.00         0.07       0.000159    
27     CYP2C19:96535123→G             36.34        40.00        -3.66      0.000111    
28     CYP2C19:96541615→G             21.82        23.00        -1.18      0.000005    
New best model with final loss: 121.58

=== Running VAE with seed 456 ===
Global Pooled JS: 0.028638
Seed 456, Step    0: Loss = 178.22 (Recon: 147.43, Allele KL: 7.61, Base KL: 604.30, Functional KL: 0.03
Global Pooled JS: 0.021359
Seed 456, Step  500: Loss = 125.19 (Recon: 82.06, Allele KL: 19.94, Base KL: 2372.84, Functional KL: 0.02
Global Pooled JS: 0.020640
Seed 456, Step 1000: Loss = 119.09 (Recon: 84.30, Allele KL: 11.39, Base KL: 2398.33, Functional KL: 0.02
Global Pooled JS: 0.030525
Seed 456, Step 1500: Loss = 134.93 (Recon: 102.08, Allele KL: 8.97, Base KL: 2464.04, Functional KL: 0.03
Global Pooled JS: 0.021919
Seed 456, Step 2000: Loss = 120.65 (Recon: 84.75, Allele KL: 12.27, Base KL: 2326.97, Functional KL: 0.02
Global Pooled JS: 0.022248
Seed 456, Step 2500: Loss = 123.64 (Recon: 86.97, Allele KL: 13.08, Base KL: 2398.15, Functional KL: 0.02

Top Variants with Coverage Mismatches:
Rank   Variant                        Expected     Observed     Diff       |Div|       
------------------------------------------------------------------------------------------
1      CYP2C19:96541615→A             15.87        28.00        -12.13     0.004834    
2      CYP2C19:96602622→G             36.26        25.00        11.26      0.004061    
3      CYP2C19:96522516→C             11.93        18.00        -6.07      0.001671    
4      CYP2C19:96602622→N             0.27         0.00         0.27       0.000616    
5      CYP2C19:96602622→P             0.27         0.00         0.27       0.000615    
6      CYP2C19:96602622→C             0.27         0.00         0.27       0.000611    
7      CYP2C19:96602622→A             0.27         0.00         0.27       0.000610    
8      CYP2C19:96602622→M             0.27         0.00         0.27       0.000609    
9      CYP2C19:96602622→T             0.26         0.00         0.26       0.000603    
10     CYP2C19:96535123→A             0.25         0.00         0.25       0.000583    
11     CYP2C19:96535123→C             0.25         0.00         0.25       0.000582    
12     CYP2C19:96535123→N             0.25         0.00         0.25       0.000580    
13     CYP2C19:96535123→P             0.25         0.00         0.25       0.000579    
14     CYP2C19:96535123→M             0.25         0.00         0.25       0.000578    
15     CYP2C19:96535123→T             0.25         0.00         0.25       0.000575    
16     CYP2C19:96522516→A             25.54        23.00        2.54       0.000390    
17     CYP2C19:96541615→M             0.11         0.00         0.11       0.000249    
18     CYP2C19:96541615→N             0.11         0.00         0.11       0.000249    
19     CYP2C19:96541615→P             0.11         0.00         0.11       0.000246    
20     CYP2C19:96541615→C             0.11         0.00         0.11       0.000245    
21     CYP2C19:96541615→T             0.11         0.00         0.11       0.000245    
22     CYP2C19:96522516→M             0.08         0.00         0.08       0.000181    
23     CYP2C19:96522516→P             0.08         0.00         0.08       0.000179    
24     CYP2C19:96522516→G             0.08         0.00         0.08       0.000177    
25     CYP2C19:96522516→T             0.07         0.00         0.07       0.000171    
26     CYP2C19:96522516→N             0.07         0.00         0.07       0.000171    
27     CYP2C19:96535123→G             36.34        40.00        -3.66      0.000111    
28     CYP2C19:96541615→G             21.45        23.00        -1.55      0.000020    

=== Multi-Seed VAE Results ===
Best model had seed 123 with final loss: 121.58
All seeds final losses:
  Seed 42: Total=128.39 (Recon=93.90, A_KL=10.63, B_KL=2366.09)
  Seed 123: Total=121.58 (Recon=85.36, A_KL=12.62, B_KL=2385.81) <- Best
  Seed 456: Total=124.76 (Recon=88.19, A_KL=13.07, B_KL=2353.22)

[Raw]:
CYP2C19*35: Normalized=0.5735, Unnormalized=0.57
CYP2C19*2: Normalized=0.4265, Unnormalized=0.43

[Alleles]
CYP2C19*35
CYP2C19*2
	Command being timed: "python /home/qinghuiz/aidy/push/Neretva/neretva/cyp.py CYP2C19 /project/shared/aldy-data/wgs/NA19122.wgs.cram"
	User time (seconds): 151.81
	System time (seconds): 28.98
	Percent of CPU this job got: 99%
	Elapsed (wall clock) time (h:mm:ss or m:ss): 3:01.42
	Average shared text size (kbytes): 0
	Average unshared data size (kbytes): 0
	Average stack size (kbytes): 0
	Average total size (kbytes): 0
	Maximum resident set size (kbytes): 2902924
	Average resident set size (kbytes): 0
	Major (requiring I/O) page faults: 0
	Minor (reclaiming a frame) page faults: 1069023
	Voluntary context switches: 22690
	Involuntary context switches: 213
	Swaps: 0
	File system inputs: 0
	File system outputs: 64
	Socket messages sent: 0
	Socket messages received: 0
	Signals delivered: 0
	Page size (bytes): 4096
	Exit status: 0
