2026-05-16 01:05:13.722604: I tensorflow/core/util/port.cc:111] oneDNN custom operations are on. You may see slightly different numerical results due to floating-point round-off errors from different computation orders. To turn them off, set the environment variable `TF_ENABLE_ONEDNN_OPTS=0`.
2026-05-16 01:05:13.761739: E tensorflow/compiler/xla/stream_executor/cuda/cuda_dnn.cc:9342] Unable to register cuDNN factory: Attempting to register factory for plugin cuDNN when one has already been registered
2026-05-16 01:05:13.761904: E tensorflow/compiler/xla/stream_executor/cuda/cuda_fft.cc:609] Unable to register cuFFT factory: Attempting to register factory for plugin cuFFT when one has already been registered
2026-05-16 01:05:13.762042: E tensorflow/compiler/xla/stream_executor/cuda/cuda_blas.cc:1518] Unable to register cuBLAS factory: Attempting to register factory for plugin cuBLAS when one has already been registered
2026-05-16 01:05:13.770946: I tensorflow/core/platform/cpu_feature_guard.cc:182] This TensorFlow binary is optimized to use available CPU instructions in performance-critical operations.
To enable the following instructions: AVX2 AVX512F AVX512_VNNI FMA, in other operations, rebuild TensorFlow with the appropriate compiler flags.
AttributeError: 'MessageFactory' object has no attribute 'GetPrototype'
2026-05-16 01:05:27.437450: W tensorflow/compiler/tf2tensorrt/utils/py_utils.cc:38] TF-TRT Warning: Could not find TensorRT
AttributeError: 'MessageFactory' object has no attribute 'GetPrototype'
[info] total indices 497
[info] total variants 497
2.001 was filtered out as 96535123 A>G needs G but not covered
2.004 was filtered out as 96535123 A>G needs G but not covered
2.005 was filtered out as 96535123 A>G needs G but not covered
2.006 was filtered out as 96535123 A>G needs G but not covered
2.007 was filtered out as 96535123 A>G needs G but not covered
2.008 was filtered out as 96535123 A>G needs G but not covered
2.009 was filtered out as 96535123 A>G needs G but not covered
2.011 was filtered out as 96535123 A>G needs G but not covered
2.002 was filtered out as 96535123 A>G needs G but not covered
2.003 was filtered out as 96535123 A>G needs G but not covered
2.010 was filtered out as 96535123 A>G needs G but not covered
3.001 was filtered out as 96540409 G>A needs A but not covered
3.004 was filtered out as 96540409 G>A needs A but not covered
3.002 was filtered out as 96540409 G>A needs A but not covered
3.003 was filtered out as 96540409 G>A needs A but not covered
4.001 was filtered out as 96522462 A>G needs G but not covered
4.002 was filtered out as 96522462 A>G needs G but not covered
5.001 was filtered out as 96602622 A>G needs A but not covered
5.002 was filtered out as 96612494 C>T needs T but not covered
6.001 was filtered out as 96535209 G>A needs A but not covered
7.001 was filtered out as 96602622 A>G needs A but not covered
8.001 was filtered out as 96602622 A>G needs A but not covered
8.002 was filtered out as 96535172 T>C needs C but not covered
9.001 was filtered out as 96535245 G>A needs A but not covered
9.002 was filtered out as 96535245 G>A needs A but not covered
10.001 was filtered out as 96541614 C>T needs T but not covered
11.001 was filtered out as 96535263 G>A needs A but not covered
12.001 was filtered out as 96612670 A>C needs C but not covered
13.001 was filtered out as 96609751 C>T needs T but not covered
13.002 was filtered out as 96609751 C>T needs T but not covered
14.001 was filtered out as 96522511 T>C needs C but not covered
16.001 was filtered out as 96602622 A>G needs A but not covered
17.001 was filtered out as 96521656 C>T needs T but not covered
18.001 was filtered out as 96602617 G>A needs A but not covered
19.001 was filtered out as 96522612 A>G needs G but not covered
22.001 was filtered out as 96540330 G>C needs C but not covered
23.001 was filtered out as 96534916 G>C needs C but not covered
24.001 was filtered out as 96602635 G>A needs A but not covered
25.001 was filtered out as 96612541 C>G needs G but not covered
26.001 was filtered out as 96541700 G>A needs A but not covered
28.001 was filtered out as 96602751 G>A needs A but not covered
29.001 was filtered out as 96522544 A>T needs T but not covered
30.001 was filtered out as 96602622 A>G needs A but not covered
31.001 was filtered out as 96534877 C>T needs T but not covered
32.001 was filtered out as 96534941 A>G needs G but not covered
33.001 was filtered out as 96540335 G>A needs A but not covered
34.001 was filtered out as 96602622 A>G needs A but not covered
35.001 was filtered out as 96535123 A>G needs G but not covered
35.002 was filtered out as 96535123 A>G needs G but not covered
38.001 was filtered out as 96602622 A>G needs A but not covered
38.002 was filtered out as 96602622 A>G needs A but not covered
38.003 was filtered out as 96602622 A>G needs A but not covered
[filter] CYP2C19 1.002 => 1.002; 1.003; 1.004; 1.005; 1.006; 1.007; 1.008; 1.009; 1.010
[filter] CYP2C19 15.001 => 15.001; 15.002
[filter] CYP2C19 39.001 => 39.001
[filter] valid_alleles=12
Step 0: Loss=0.0978, CN=[2.0999167]
Step 100: Loss=0.0232, CN=[2.3993597]
Step 200: Loss=0.0232, CN=[2.4006073]
Step 300: Loss=0.0232, CN=[2.4006069]
Step 400: Loss=0.0232, CN=[2.4006069]

=== Fit ===
Region 0: obs=2.438, exp=2.401, diff=+0.037 
Region 1: obs=2.219, exp=2.401, diff=-0.182 
Region 2: obs=2.378, exp=2.401, diff=-0.023 
Region 3: obs=2.319, exp=2.401, diff=-0.082 
Region 4: obs=2.579, exp=2.401, diff=+0.178 
Region 5: obs=2.267, exp=2.401, diff=-0.133 
Region 6: obs=2.097, exp=2.401, diff=-0.304 
Region 7: obs=2.591, exp=2.401, diff=+0.190 
Region 8: obs=2.980, exp=2.401, diff=+0.579 *
Region 9: obs=2.398, exp=2.401, diff=-0.003 
Region 10: obs=2.660, exp=2.401, diff=+0.260 
Region 11: obs=2.238, exp=2.401, diff=-0.163 
Region 12: obs=2.644, exp=2.401, diff=+0.244 
Region 13: obs=2.163, exp=2.401, diff=-0.237 
Region 14: obs=2.461, exp=2.401, diff=+0.060 
Region 15: obs=2.418, exp=2.401, diff=+0.017 
Region 16: obs=2.626, exp=2.401, diff=+0.225 
Region 17: obs=2.267, exp=2.401, diff=-0.134 
Region 18: obs=2.205, exp=2.401, diff=-0.196 
Region 19: obs=2.082, exp=2.401, diff=-0.319 
Region 20: obs=2.463, exp=2.401, diff=+0.063 

[Gene CN Results]
  CYP2C19: 2.40 → 2.400607109069824
Using device: cuda

=== Running VAE with seed 42 ===
Global Pooled JS: 0.087766
Seed 42, Step    0: Loss = 419.79 (Recon: 377.43, Allele KL: 16.69, Base KL: 1831.93, Functional KL: 0.09
Global Pooled JS: 0.010237
Seed 42, Step  500: Loss = 186.95 (Recon: 135.04, Allele KL: 24.44, Base KL: 5042.53, Functional KL: 0.01
Global Pooled JS: 0.011012
Seed 42, Step 1000: Loss = 173.68 (Recon: 128.53, Allele KL: 17.40, Base KL: 5295.32, Functional KL: 0.01
Global Pooled JS: 0.011527
Seed 42, Step 1500: Loss = 174.59 (Recon: 130.91, Allele KL: 15.74, Base KL: 5322.26, Functional KL: 0.01
Global Pooled JS: 0.020558
Seed 42, Step 2000: Loss = 189.07 (Recon: 145.24, Allele KL: 16.06, Base KL: 5221.15, Functional KL: 0.02
Global Pooled JS: 0.009675
Seed 42, Step 2500: Loss = 173.80 (Recon: 129.97, Allele KL: 16.29, Base KL: 5008.80, Functional KL: 0.01

Top Variants with Coverage Mismatches:
Rank   Variant                        Expected     Observed     Diff       |Div|       
------------------------------------------------------------------------------------------
1      CYP2C19:96522516→A             29.43        23.00        6.43       0.001509    
2      CYP2C19:96522516→C             21.12        27.00        -5.88      0.000962    
3      CYP2C19:96602622→G             49.35        58.00        -8.65      0.000838    
4      CYP2C19:96602622→A             0.31         0.00         0.31       0.000699    
5      CYP2C19:96602622→T             0.31         0.00         0.31       0.000696    
6      CYP2C19:96602622→N             0.31         0.00         0.31       0.000695    
7      CYP2C19:96602622→P             0.31         0.00         0.31       0.000692    
8      CYP2C19:96602622→M             0.31         0.00         0.31       0.000690    
9      CYP2C19:96602622→C             0.30         0.00         0.30       0.000687    
10     CYP2C19:96522516→M             0.13         0.00         0.13       0.000300    
11     CYP2C19:96535179→T             0.13         0.00         0.13       0.000299    
12     CYP2C19:96522516→G             0.13         0.00         0.13       0.000297    
13     CYP2C19:96522516→P             0.13         0.00         0.13       0.000291    
14     CYP2C19:96535179→N             0.13         0.00         0.13       0.000291    
15     CYP2C19:96522516→N             0.13         0.00         0.13       0.000288    
16     CYP2C19:96535179→P             0.13         0.00         0.13       0.000288    
17     CYP2C19:96522516→T             0.13         0.00         0.13       0.000287    
18     CYP2C19:96535179→G             0.13         0.00         0.13       0.000282    
19     CYP2C19:96535179→M             0.12         0.00         0.12       0.000273    
20     CYP2C19:96535179→A             30.92        29.00        1.92       0.000179    
21     CYP2C19:96535179→C             19.64        20.00        -0.36      0.000000    
New best model with final loss: 181.26

=== Running VAE with seed 123 ===
Global Pooled JS: 0.079452
Seed 123, Step    0: Loss = 617.51 (Recon: 572.74, Allele KL: 17.15, Base KL: 2736.70, Functional KL: 0.08
Global Pooled JS: 0.008814
Seed 123, Step  500: Loss = 177.68 (Recon: 131.63, Allele KL: 17.97, Base KL: 5277.02, Functional KL: 0.01
Global Pooled JS: 0.016294
Seed 123, Step 1000: Loss = 182.68 (Recon: 138.74, Allele KL: 15.64, Base KL: 5293.09, Functional KL: 0.02
Global Pooled JS: 0.009253
Seed 123, Step 1500: Loss = 182.04 (Recon: 135.69, Allele KL: 18.48, Base KL: 5236.42, Functional KL: 0.01
Global Pooled JS: 0.014812
Seed 123, Step 2000: Loss = 178.81 (Recon: 131.23, Allele KL: 20.19, Base KL: 5017.62, Functional KL: 0.01
Global Pooled JS: 0.013286
Seed 123, Step 2500: Loss = 176.43 (Recon: 130.67, Allele KL: 17.96, Base KL: 5170.38, Functional KL: 0.01

Top Variants with Coverage Mismatches:
Rank   Variant                        Expected     Observed     Diff       |Div|       
------------------------------------------------------------------------------------------
1      CYP2C19:96602622→G             49.34        58.00        -8.66      0.000840    
2      CYP2C19:96602622→A             0.31         0.00         0.31       0.000704    
3      CYP2C19:96602622→T             0.31         0.00         0.31       0.000704    
4      CYP2C19:96602622→M             0.31         0.00         0.31       0.000697    
5      CYP2C19:96602622→P             0.31         0.00         0.31       0.000694    
6      CYP2C19:96602622→N             0.31         0.00         0.31       0.000693    
7      CYP2C19:96602622→C             0.31         0.00         0.31       0.000690    
8      CYP2C19:96522516→A             26.93        23.00        3.93       0.000647    
9      CYP2C19:96522516→G             0.15         0.00         0.15       0.000335    
10     CYP2C19:96522516→T             0.15         0.00         0.15       0.000333    
11     CYP2C19:96522516→P             0.15         0.00         0.15       0.000333    
12     CYP2C19:96535179→N             0.15         0.00         0.15       0.000332    
13     CYP2C19:96535179→C             22.48        20.00        2.48       0.000330    
14     CYP2C19:96522516→M             0.15         0.00         0.15       0.000329    
15     CYP2C19:96522516→N             0.15         0.00         0.15       0.000329    
16     CYP2C19:96535179→P             0.15         0.00         0.15       0.000328    
17     CYP2C19:96535179→M             0.15         0.00         0.15       0.000328    
18     CYP2C19:96535179→T             0.14         0.00         0.14       0.000325    
19     CYP2C19:96535179→G             0.14         0.00         0.14       0.000321    
20     CYP2C19:96522516→C             23.53        27.00        -3.47      0.000271    
21     CYP2C19:96535179→A             27.98        29.00        -1.02      0.000004    
New best model with final loss: 179.30

=== Running VAE with seed 456 ===
Global Pooled JS: 0.060184
Seed 456, Step    0: Loss = 486.94 (Recon: 447.46, Allele KL: 12.39, Base KL: 1812.12, Functional KL: 0.06
Global Pooled JS: 0.011785
Seed 456, Step  500: Loss = 175.77 (Recon: 132.12, Allele KL: 15.75, Base KL: 5029.91, Functional KL: 0.01
Global Pooled JS: 0.009485
Seed 456, Step 1000: Loss = 173.21 (Recon: 132.02, Allele KL: 13.21, Base KL: 5106.45, Functional KL: 0.01
Global Pooled JS: 0.014232
Seed 456, Step 1500: Loss = 182.24 (Recon: 140.26, Allele KL: 13.68, Base KL: 5086.45, Functional KL: 0.01
Global Pooled JS: 0.011031
Seed 456, Step 2000: Loss = 172.85 (Recon: 127.07, Allele KL: 18.16, Base KL: 5093.19, Functional KL: 0.01
Global Pooled JS: 0.009521
Seed 456, Step 2500: Loss = 178.07 (Recon: 131.10, Allele KL: 19.23, Base KL: 5292.51, Functional KL: 0.01

Top Variants with Coverage Mismatches:
Rank   Variant                        Expected     Observed     Diff       |Div|       
------------------------------------------------------------------------------------------
1      CYP2C19:96602622→G             49.38        58.00        -8.62      0.000830    
2      CYP2C19:96602622→C             0.31         0.00         0.31       0.000688    
3      CYP2C19:96602622→A             0.30         0.00         0.30       0.000688    
4      CYP2C19:96602622→P             0.30         0.00         0.30       0.000684    
5      CYP2C19:96602622→N             0.30         0.00         0.30       0.000682    
6      CYP2C19:96602622→M             0.30         0.00         0.30       0.000677    
7      CYP2C19:96602622→T             0.30         0.00         0.30       0.000668    
8      CYP2C19:96522516→A             26.68        23.00        3.68       0.000580    
9      CYP2C19:96535179→C             22.55        20.00        2.55       0.000346    
10     CYP2C19:96522516→T             0.15         0.00         0.15       0.000345    
11     CYP2C19:96522516→M             0.15         0.00         0.15       0.000344    
12     CYP2C19:96522516→G             0.15         0.00         0.15       0.000341    
13     CYP2C19:96522516→P             0.15         0.00         0.15       0.000340    
14     CYP2C19:96522516→N             0.15         0.00         0.15       0.000338    
15     CYP2C19:96535179→N             0.15         0.00         0.15       0.000333    
16     CYP2C19:96535179→M             0.15         0.00         0.15       0.000331    
17     CYP2C19:96535179→T             0.14         0.00         0.14       0.000327    
18     CYP2C19:96535179→G             0.14         0.00         0.14       0.000327    
19     CYP2C19:96535179→P             0.14         0.00         0.14       0.000322    
20     CYP2C19:96522516→C             23.75        27.00        -3.25      0.000229    
21     CYP2C19:96535179→A             27.91        29.00        -1.09      0.000006    

=== Multi-Seed VAE Results ===
Best model had seed 123 with final loss: 179.30
All seeds final losses:
  Seed 42: Total=181.26 (Recon=136.24, A_KL=16.73, B_KL=5458.95)
  Seed 123: Total=179.30 (Recon=133.50, A_KL=17.84, B_KL=5240.05) <- Best
  Seed 456: Total=183.36 (Recon=135.29, A_KL=20.15, B_KL=5179.73)
[time] run_vae took 140.79s (2,881.98828125 MB; 2,881.98828125 MB)

[Raw]:
CYP2C19*1: Normalized=0.5231, Unnormalized=0.52
CYP2C19*39: Normalized=0.4563, Unnormalized=0.46

[Alleles]
CYP2C19*1
CYP2C19*39
	Command being timed: "python cyp.py CYP2C19 /project/shared/aldy-data/wgs/NA19213.wgs.cram"
	User time (seconds): 132.61
	System time (seconds): 25.26
	Percent of CPU this job got: 82%
	Elapsed (wall clock) time (h:mm:ss or m:ss): 3:11.18
	Average shared text size (kbytes): 0
	Average unshared data size (kbytes): 0
	Average stack size (kbytes): 0
	Average total size (kbytes): 0
	Maximum resident set size (kbytes): 2951188
	Average resident set size (kbytes): 0
	Major (requiring I/O) page faults: 0
	Minor (reclaiming a frame) page faults: 1042853
	Voluntary context switches: 28287
	Involuntary context switches: 1393
	Swaps: 0
	File system inputs: 0
	File system outputs: 64
	Socket messages sent: 0
	Socket messages received: 0
	Signals delivered: 0
	Page size (bytes): 4096
	Exit status: 0
