2026-05-16 01:01:59.586561: I tensorflow/core/util/port.cc:111] oneDNN custom operations are on. You may see slightly different numerical results due to floating-point round-off errors from different computation orders. To turn them off, set the environment variable `TF_ENABLE_ONEDNN_OPTS=0`.
2026-05-16 01:01:59.625000: E tensorflow/compiler/xla/stream_executor/cuda/cuda_dnn.cc:9342] Unable to register cuDNN factory: Attempting to register factory for plugin cuDNN when one has already been registered
2026-05-16 01:01:59.625165: E tensorflow/compiler/xla/stream_executor/cuda/cuda_fft.cc:609] Unable to register cuFFT factory: Attempting to register factory for plugin cuFFT when one has already been registered
2026-05-16 01:01:59.625224: E tensorflow/compiler/xla/stream_executor/cuda/cuda_blas.cc:1518] Unable to register cuBLAS factory: Attempting to register factory for plugin cuBLAS when one has already been registered
2026-05-16 01:01:59.634220: I tensorflow/core/platform/cpu_feature_guard.cc:182] This TensorFlow binary is optimized to use available CPU instructions in performance-critical operations.
To enable the following instructions: AVX2 AVX512F AVX512_VNNI FMA, in other operations, rebuild TensorFlow with the appropriate compiler flags.
AttributeError: 'MessageFactory' object has no attribute 'GetPrototype'
2026-05-16 01:02:00.692087: W tensorflow/compiler/tf2tensorrt/utils/py_utils.cc:38] TF-TRT Warning: Could not find TensorRT
AttributeError: 'MessageFactory' object has no attribute 'GetPrototype'
[info] total indices 497
[info] total variants 497
2.002 was filtered out as 96534921 G>C needs C but not covered
2.003 was filtered out as 96535295 G>C needs C but not covered
2.010 was filtered out as 96534921 G>C needs C but not covered
3.001 was filtered out as 96540409 G>A needs A but not covered
3.004 was filtered out as 96540409 G>A needs A but not covered
3.002 was filtered out as 96540409 G>A needs A but not covered
3.003 was filtered out as 96540409 G>A needs A but not covered
4.001 was filtered out as 96522462 A>G needs G but not covered
4.002 was filtered out as 96522462 A>G needs G but not covered
5.001 was filtered out as 96602622 A>G needs A but not covered
5.002 was filtered out as 96612494 C>T needs T but not covered
6.001 was filtered out as 96535209 G>A needs A but not covered
7.001 was filtered out as 96602622 A>G needs A but not covered
8.001 was filtered out as 96602622 A>G needs A but not covered
8.002 was filtered out as 96535172 T>C needs C but not covered
9.001 was filtered out as 96535245 G>A needs A but not covered
9.002 was filtered out as 96535245 G>A needs A but not covered
10.001 was filtered out as 96541614 C>T needs T but not covered
11.001 was filtered out as 96535263 G>A needs A but not covered
12.001 was filtered out as 96612670 A>C needs C but not covered
13.001 was filtered out as 96609751 C>T needs T but not covered
13.002 was filtered out as 96609751 C>T needs T but not covered
14.001 was filtered out as 96522511 T>C needs C but not covered
15.001 was filtered out as 96522516 A>C needs C but not covered
15.002 was filtered out as 96522516 A>C needs C but not covered
16.001 was filtered out as 96602622 A>G needs A but not covered
18.001 was filtered out as 96602617 G>A needs A but not covered
19.001 was filtered out as 96522612 A>G needs G but not covered
22.001 was filtered out as 96540330 G>C needs C but not covered
23.001 was filtered out as 96534916 G>C needs C but not covered
24.001 was filtered out as 96602635 G>A needs A but not covered
25.001 was filtered out as 96612541 C>G needs G but not covered
26.001 was filtered out as 96541700 G>A needs A but not covered
28.001 was filtered out as 96522516 A>C needs C but not covered
29.001 was filtered out as 96522544 A>T needs T but not covered
30.001 was filtered out as 96602622 A>G needs A but not covered
31.001 was filtered out as 96534877 C>T needs T but not covered
32.001 was filtered out as 96534941 A>G needs G but not covered
33.001 was filtered out as 96540335 G>A needs A but not covered
34.001 was filtered out as 96602622 A>G needs A but not covered
35.002 was filtered out as 96522516 A>C needs C but not covered
38.001 was filtered out as 96602622 A>G needs A but not covered
38.002 was filtered out as 96602622 A>G needs A but not covered
38.003 was filtered out as 96602622 A>G needs A but not covered
39.001 was filtered out as 96522516 A>C needs C but not covered
[filter] CYP2C19 1.002 => 1.002; 1.003; 1.004; 1.005; 1.006; 1.007; 1.008; 1.009; 1.010
[filter] CYP2C19 2.001 => 2.001; 2.004; 2.005; 2.006; 2.007; 2.008; 2.009; 2.011
[filter] CYP2C19 17.001 => 17.001
[filter] CYP2C19 35.001 => 35.001
[filter] valid_alleles=19
Step 0: Loss=0.0166, CN=[2.0999167]
Step 100: Loss=0.0151, CN=[2.0538716]
Step 200: Loss=0.0151, CN=[2.0538824]
Step 300: Loss=0.0151, CN=[2.0538824]
Step 400: Loss=0.0151, CN=[2.0538821]

=== Fit ===
Region 0: obs=1.909, exp=2.054, diff=-0.145 
Region 1: obs=1.984, exp=2.054, diff=-0.070 
Region 2: obs=2.065, exp=2.054, diff=+0.011 
Region 3: obs=2.005, exp=2.054, diff=-0.049 
Region 4: obs=1.900, exp=2.054, diff=-0.154 
Region 5: obs=1.729, exp=2.054, diff=-0.325 
Region 6: obs=2.369, exp=2.054, diff=+0.315 
Region 7: obs=2.147, exp=2.054, diff=+0.093 
Region 8: obs=2.474, exp=2.054, diff=+0.420 
Region 9: obs=2.167, exp=2.054, diff=+0.113 
Region 10: obs=2.268, exp=2.054, diff=+0.214 
Region 11: obs=1.930, exp=2.054, diff=-0.124 
Region 12: obs=1.958, exp=2.054, diff=-0.096 
Region 13: obs=1.918, exp=2.054, diff=-0.136 
Region 14: obs=2.216, exp=2.054, diff=+0.162 
Region 15: obs=2.124, exp=2.054, diff=+0.070 
Region 16: obs=1.986, exp=2.054, diff=-0.068 
Region 17: obs=2.004, exp=2.054, diff=-0.049 
Region 18: obs=1.826, exp=2.054, diff=-0.228 
Region 19: obs=2.072, exp=2.054, diff=+0.018 
Region 20: obs=2.083, exp=2.054, diff=+0.029 

[Gene CN Results]
  CYP2C19: 2.05 → 2.053882122039795
Using device: cuda

=== Running VAE with seed 42 ===
Global Pooled JS: 0.110514
Seed 42, Step    0: Loss = 496.07 (Recon: 451.13, Allele KL: 16.36, Base KL: 3577.79, Functional KL: 0.11
Global Pooled JS: 0.016779
Seed 42, Step  500: Loss = 187.52 (Recon: 137.72, Allele KL: 20.48, Base KL: 4811.12, Functional KL: 0.02
Global Pooled JS: 0.015990
Seed 42, Step 1000: Loss = 178.56 (Recon: 127.37, Allele KL: 23.02, Base KL: 4454.23, Functional KL: 0.02
Global Pooled JS: 0.017441
Seed 42, Step 1500: Loss = 184.11 (Recon: 135.03, Allele KL: 20.07, Base KL: 4754.20, Functional KL: 0.02
Global Pooled JS: 0.013530
Seed 42, Step 2000: Loss = 179.19 (Recon: 125.97, Allele KL: 24.38, Base KL: 4935.10, Functional KL: 0.01
Global Pooled JS: 0.022381
Seed 42, Step 2500: Loss = 183.38 (Recon: 136.37, Allele KL: 17.96, Base KL: 4952.41, Functional KL: 0.02

Top Variants with Coverage Mismatches:
Rank   Variant                        Expected     Observed     Diff       |Div|       
------------------------------------------------------------------------------------------
1      CYP2C19:96535123→G             21.97        12.00        9.97       0.002799    
2      CYP2C19:96602622→G             43.67        48.00        -4.33      0.001532    
3      CYP2C19:96541615→G             22.71        16.00        6.71       0.000743    
4      CYP2C19:96602622→P             0.28         0.00         0.28       0.000543    
5      CYP2C19:96602622→M             0.28         0.00         0.28       0.000541    
6      CYP2C19:96602622→N             0.28         0.00         0.28       0.000538    
7      CYP2C19:96602622→T             0.28         0.00         0.28       0.000535    
8      CYP2C19:96602622→C             0.28         0.00         0.28       0.000529    
9      CYP2C19:96602622→A             0.28         0.00         0.28       0.000527    
10     CYP2C19:96541615→A             21.93        23.00        -1.07      0.000458    
11     CYP2C19:96535123→M             0.17         0.00         0.17       0.000328    
12     CYP2C19:96535123→C             0.17         0.00         0.17       0.000320    
13     CYP2C19:96535123→N             0.17         0.00         0.17       0.000318    
14     CYP2C19:96535123→P             0.17         0.00         0.17       0.000317    
15     CYP2C19:96535123→T             0.16         0.00         0.16       0.000306    
16     CYP2C19:96541615→T             0.14         0.00         0.14       0.000276    
17     CYP2C19:96541615→N             0.14         0.00         0.14       0.000276    
18     CYP2C19:96541615→P             0.14         0.00         0.14       0.000275    
19     CYP2C19:96541615→C             0.14         0.00         0.14       0.000271    
20     CYP2C19:96541615→M             0.14         0.00         0.14       0.000263    
21     CYP2C19:96521656→M             0.13         0.00         0.13       0.000253    
22     CYP2C19:96521656→G             0.13         0.00         0.13       0.000253    
23     CYP2C19:96521656→A             0.13         0.00         0.13       0.000249    
24     CYP2C19:96521656→N             0.13         0.00         0.13       0.000246    
25     CYP2C19:96521656→P             0.13         0.00         0.13       0.000241    
26     CYP2C19:96521656→T             19.94        20.00        -0.06      0.000219    
27     CYP2C19:96521656→C             24.76        22.00        2.76       0.000000    
28     CYP2C19:96535123→A             22.55        20.00        2.55       0.000000    
New best model with final loss: 179.32

=== Running VAE with seed 123 ===
Global Pooled JS: 0.048184
Seed 123, Step    0: Loss = 409.45 (Recon: 343.17, Allele KL: 38.38, Base KL: 2366.39, Functional KL: 0.05
Global Pooled JS: 0.014310
Seed 123, Step  500: Loss = 178.44 (Recon: 125.06, Allele KL: 25.02, Base KL: 4756.07, Functional KL: 0.01
Global Pooled JS: 0.013271
Seed 123, Step 1000: Loss = 177.78 (Recon: 123.60, Allele KL: 25.99, Base KL: 4673.66, Functional KL: 0.01
Global Pooled JS: 0.013363
Seed 123, Step 1500: Loss = 177.57 (Recon: 128.10, Allele KL: 20.61, Base KL: 4864.42, Functional KL: 0.01
Global Pooled JS: 0.013674
Seed 123, Step 2000: Loss = 175.62 (Recon: 131.06, Allele KL: 15.37, Base KL: 4844.48, Functional KL: 0.01
Global Pooled JS: 0.013469
Seed 123, Step 2500: Loss = 176.80 (Recon: 126.35, Allele KL: 21.57, Base KL: 4814.27, Functional KL: 0.01

Top Variants with Coverage Mismatches:
Rank   Variant                        Expected     Observed     Diff       |Div|       
------------------------------------------------------------------------------------------
1      CYP2C19:96535123→G             20.17        12.00        8.17       0.001819    
2      CYP2C19:96602622→G             43.66        48.00        -4.34      0.001534    
3      CYP2C19:96541615→G             24.63        16.00        8.63       0.001416    
4      CYP2C19:96541615→A             20.06        23.00        -2.94      0.001030    
5      CYP2C19:96602622→P             0.28         0.00         0.28       0.000543    
6      CYP2C19:96602622→M             0.28         0.00         0.28       0.000542    
7      CYP2C19:96602622→T             0.28         0.00         0.28       0.000540    
8      CYP2C19:96602622→A             0.28         0.00         0.28       0.000535    
9      CYP2C19:96602622→N             0.28         0.00         0.28       0.000533    
10     CYP2C19:96602622→C             0.28         0.00         0.28       0.000533    
11     CYP2C19:96535123→N             0.16         0.00         0.16       0.000297    
12     CYP2C19:96535123→M             0.15         0.00         0.15       0.000289    
13     CYP2C19:96535123→P             0.15         0.00         0.15       0.000289    
14     CYP2C19:96535123→T             0.15         0.00         0.15       0.000287    
15     CYP2C19:96535123→C             0.15         0.00         0.15       0.000282    
16     CYP2C19:96521656→M             0.14         0.00         0.14       0.000268    
17     CYP2C19:96521656→A             0.14         0.00         0.14       0.000266    
18     CYP2C19:96521656→N             0.14         0.00         0.14       0.000262    
19     CYP2C19:96521656→G             0.14         0.00         0.14       0.000260    
20     CYP2C19:96521656→P             0.14         0.00         0.14       0.000259    
21     CYP2C19:96541615→P             0.13         0.00         0.13       0.000253    
22     CYP2C19:96541615→N             0.13         0.00         0.13       0.000253    
23     CYP2C19:96541615→M             0.13         0.00         0.13       0.000249    
24     CYP2C19:96541615→T             0.13         0.00         0.13       0.000248    
25     CYP2C19:96541615→C             0.13         0.00         0.13       0.000246    
26     CYP2C19:96535123→A             24.43        20.00        4.43       0.000105    
27     CYP2C19:96521656→C             22.99        22.00        0.99       0.000093    
28     CYP2C19:96521656→T             21.67        20.00        1.67       0.000023    
New best model with final loss: 177.46

=== Running VAE with seed 456 ===
Global Pooled JS: 0.070978
Seed 456, Step    0: Loss = 453.42 (Recon: 395.24, Allele KL: 27.40, Base KL: 4351.64, Functional KL: 0.07
Global Pooled JS: 0.022825
Seed 456, Step  500: Loss = 188.97 (Recon: 137.16, Allele KL: 23.23, Base KL: 4708.75, Functional KL: 0.02
Global Pooled JS: 0.013542
Seed 456, Step 1000: Loss = 175.82 (Recon: 124.32, Allele KL: 22.97, Base KL: 4857.23, Functional KL: 0.01
Global Pooled JS: 0.015342
Seed 456, Step 1500: Loss = 180.13 (Recon: 128.68, Allele KL: 22.59, Base KL: 4911.74, Functional KL: 0.02
Global Pooled JS: 0.013586
Seed 456, Step 2000: Loss = 177.58 (Recon: 122.85, Allele KL: 26.38, Base KL: 4723.43, Functional KL: 0.01
Global Pooled JS: 0.018015
Seed 456, Step 2500: Loss = 178.01 (Recon: 129.94, Allele KL: 19.15, Base KL: 4986.03, Functional KL: 0.02

Top Variants with Coverage Mismatches:
Rank   Variant                        Expected     Observed     Diff       |Div|       
------------------------------------------------------------------------------------------
1      CYP2C19:96535123→G             21.57        12.00        9.57       0.002566    
2      CYP2C19:96602622→G             43.69        48.00        -4.31      0.001524    
3      CYP2C19:96541615→G             23.16        16.00        7.16       0.000886    
4      CYP2C19:96541615→A             21.47        23.00        -1.53      0.000575    
5      CYP2C19:96602622→T             0.28         0.00         0.28       0.000533    
6      CYP2C19:96602622→N             0.28         0.00         0.28       0.000531    
7      CYP2C19:96602622→M             0.28         0.00         0.28       0.000529    
8      CYP2C19:96602622→P             0.28         0.00         0.28       0.000526    
9      CYP2C19:96602622→C             0.27         0.00         0.27       0.000524    
10     CYP2C19:96602622→A             0.27         0.00         0.27       0.000522    
11     CYP2C19:96535123→N             0.17         0.00         0.17       0.000318    
12     CYP2C19:96535123→M             0.16         0.00         0.16       0.000312    
13     CYP2C19:96535123→C             0.16         0.00         0.16       0.000311    
14     CYP2C19:96535123→P             0.16         0.00         0.16       0.000309    
15     CYP2C19:96535123→T             0.16         0.00         0.16       0.000303    
16     CYP2C19:96541615→N             0.14         0.00         0.14       0.000276    
17     CYP2C19:96541615→T             0.14         0.00         0.14       0.000274    
18     CYP2C19:96541615→P             0.14         0.00         0.14       0.000272    
19     CYP2C19:96541615→M             0.14         0.00         0.14       0.000271    
20     CYP2C19:96541615→C             0.14         0.00         0.14       0.000268    
21     CYP2C19:96521656→N             0.13         0.00         0.13       0.000254    
22     CYP2C19:96521656→A             0.13         0.00         0.13       0.000253    
23     CYP2C19:96521656→P             0.13         0.00         0.13       0.000252    
24     CYP2C19:96521656→G             0.13         0.00         0.13       0.000251    
25     CYP2C19:96521656→M             0.13         0.00         0.13       0.000249    
26     CYP2C19:96521656→T             20.13        20.00        0.13       0.000187    
27     CYP2C19:96535123→A             22.97        20.00        2.97       0.000006    
28     CYP2C19:96521656→C             24.56        22.00        2.56       0.000001    

=== Multi-Seed VAE Results ===
Best model had seed 123 with final loss: 177.46
All seeds final losses:
  Seed 42: Total=179.32 (Recon=129.18, A_KL=21.28, B_KL=4826.21)
  Seed 123: Total=177.46 (Recon=126.49, A_KL=22.36, B_KL=4853.23) <- Best
  Seed 456: Total=180.68 (Recon=129.58, A_KL=22.15, B_KL=4901.21)
[time] run_vae took 163.90s (2,852.1953125 MB; 2,852.1953125 MB)

[Raw]:
CYP2C19*17: Normalized=0.4961, Unnormalized=0.50
CYP2C19*2: Normalized=0.4597, Unnormalized=0.46

[Alleles]
CYP2C19*17
CYP2C19*2
	Command being timed: "python cyp.py CYP2C19 /project/shared/aldy-data/wgs/NA19176.wgs.cram"
	User time (seconds): 149.56
	System time (seconds): 27.39
	Percent of CPU this job got: 99%
	Elapsed (wall clock) time (h:mm:ss or m:ss): 2:57.36
	Average shared text size (kbytes): 0
	Average unshared data size (kbytes): 0
	Average stack size (kbytes): 0
	Average total size (kbytes): 0
	Maximum resident set size (kbytes): 2920676
	Average resident set size (kbytes): 0
	Major (requiring I/O) page faults: 0
	Minor (reclaiming a frame) page faults: 947650
	Voluntary context switches: 22862
	Involuntary context switches: 145
	Swaps: 0
	File system inputs: 0
	File system outputs: 64
	Socket messages sent: 0
	Socket messages received: 0
	Signals delivered: 0
	Page size (bytes): 4096
	Exit status: 0
