[M::bam2fq_mainloop] discarded 0 singletons
[M::bam2fq_mainloop] processed 8167 reads
[M::mm_idx_gen::0.248*1.02] collected minimizers
[M::mm_idx_gen::0.270*1.78] sorted minimizers
[M::main::0.271*1.78] loaded/built the index for 553 target sequence(s)
[M::mm_mapopt_update::0.271*1.78] mid_occ = 2213
[M::mm_idx_stat] kmer size: 15; skip: 10; is_hpc: 0; #seq: 553
[M::mm_idx_stat::0.272*1.78] distinct minimizers: 3211 (13.77% are singletons); average occurrences: 357.246; average spacing: 5.453; total length: 6255536
[M::main] Version: 2.24-r1122
[M::main] CMD: minimap2 -t 12 -x map-ont -E 8,4 -p 0.1 -N 100000 -a /project/home/pouria/opt/src/SpecImmune/scripts/../db//CYP/CYP2D6/CYP2D6.fasta /project/home/pouria/opt/src/SpecImmune/runs/ont_chr22/20230818_PAQ27050_HG00276/20230818_PAQ27050_HG00276/Reads//CYP2D6.long_read.sub.fq
[M::main] Real time: 0.278 sec; CPU: 0.489 sec; Peak RSS: 0.052 GB
[M::mm_idx_gen::0.035*1.15] collected minimizers
[M::mm_idx_gen::0.041*2.28] sorted minimizers
[M::main::0.041*2.28] loaded/built the index for 31 target sequence(s)
[M::mm_mapopt_update::0.041*2.26] mid_occ = 838
[M::mm_idx_stat] kmer size: 15; skip: 10; is_hpc: 0; #seq: 31
[M::mm_idx_stat::0.042*2.24] distinct minimizers: 2845 (1.51% are singletons); average occurrences: 30.637; average spacing: 5.240; total length: 456698
[M::main] Version: 2.24-r1122
[M::main] CMD: minimap2 -t 12 -x map-ont -E 8,4 -p 0.1 -N 100000 -a /project/home/pouria/opt/src/SpecImmune/scripts/../db//CYP/CYP2A13/CYP2A13.fasta /project/home/pouria/opt/src/SpecImmune/runs/ont_chr22/20230818_PAQ27050_HG00276/20230818_PAQ27050_HG00276/Reads//CYP2A13.long_read.sub.fq
[M::main] Real time: 0.044 sec; CPU: 0.096 sec; Peak RSS: 0.005 GB
[M::mm_idx_gen::0.121*1.04] collected minimizers
[M::mm_idx_gen::0.137*1.96] sorted minimizers
[M::main::0.137*1.96] loaded/built the index for 56 target sequence(s)
[M::mm_mapopt_update::0.139*1.95] mid_occ = 785
[M::mm_idx_stat] kmer size: 15; skip: 10; is_hpc: 0; #seq: 56
[M::mm_idx_stat::0.139*1.95] distinct minimizers: 7510 (0.36% are singletons); average occurrences: 55.735; average spacing: 5.315; total length: 2224652
[M::main] Version: 2.24-r1122
[M::main] CMD: minimap2 -t 12 -x map-ont -E 8,4 -p 0.1 -N 100000 -a /project/home/pouria/opt/src/SpecImmune/scripts/../db//CYP/CYP2C8/CYP2C8.fasta /project/home/pouria/opt/src/SpecImmune/runs/ont_chr22/20230818_PAQ27050_HG00276/20230818_PAQ27050_HG00276/Reads//CYP2C8.long_read.sub.fq
[M::main] Real time: 0.143 sec; CPU: 0.275 sec; Peak RSS: 0.018 GB
[M::mm_idx_gen::0.393*1.01] collected minimizers
[M::mm_idx_gen::0.467*2.63] sorted minimizers
[M::main::0.467*2.63] loaded/built the index for 120 target sequence(s)
[M::mm_mapopt_update::0.469*2.62] mid_occ = 721
[M::mm_idx_stat] kmer size: 15; skip: 10; is_hpc: 0; #seq: 120
[M::mm_idx_stat::0.471*2.61] distinct minimizers: 17310 (0.78% are singletons); average occurrences: 131.008; average spacing: 5.285; total length: 11984512
[M::main] Version: 2.24-r1122
[M::main] CMD: minimap2 -t 12 -x map-ont -E 8,4 -p 0.1 -N 100000 -a /project/home/pouria/opt/src/SpecImmune/scripts/../db//CYP/CYP2C19/CYP2C19.fasta /project/home/pouria/opt/src/SpecImmune/runs/ont_chr22/20230818_PAQ27050_HG00276/20230818_PAQ27050_HG00276/Reads//CYP2C19.long_read.sub.fq
[M::main] Real time: 0.478 sec; CPU: 1.237 sec; Peak RSS: 0.087 GB
[M::mm_idx_gen::0.205*1.01] collected minimizers
[M::mm_idx_gen::0.242*2.56] sorted minimizers
[M::main::0.242*2.56] loaded/built the index for 158 target sequence(s)
[M::mm_mapopt_update::0.243*2.55] mid_occ = 1581
[M::mm_idx_stat] kmer size: 15; skip: 10; is_hpc: 0; #seq: 158
[M::mm_idx_stat::0.244*2.54] distinct minimizers: 6595 (1.24% are singletons); average occurrences: 155.282; average spacing: 5.261; total length: 5387484
[M::main] Version: 2.24-r1122
[M::main] CMD: minimap2 -t 12 -x map-ont -E 8,4 -p 0.1 -N 100000 -a /project/home/pouria/opt/src/SpecImmune/scripts/../db//CYP/CYP2B6/CYP2B6.fasta /project/home/pouria/opt/src/SpecImmune/runs/ont_chr22/20230818_PAQ27050_HG00276/20230818_PAQ27050_HG00276/Reads//CYP2B6.long_read.sub.fq
[M::main] Real time: 0.248 sec; CPU: 0.625 sec; Peak RSS: 0.046 GB
[M::mm_idx_gen::0.101*1.05] collected minimizers
[M::mm_idx_gen::0.117*2.49] sorted minimizers
[M::main::0.117*2.49] loaded/built the index for 125 target sequence(s)
[M::mm_mapopt_update::0.118*2.48] mid_occ = 1251
[M::mm_idx_stat] kmer size: 15; skip: 10; is_hpc: 0; #seq: 125
[M::mm_idx_stat::0.118*2.47] distinct minimizers: 2883 (3.12% are singletons); average occurrences: 120.729; average spacing: 5.302; total length: 1845372
[M::main] Version: 2.24-r1122
[M::main] CMD: minimap2 -t 12 -x map-ont -E 8,4 -p 0.1 -N 100000 -a /project/home/pouria/opt/src/SpecImmune/scripts/../db//CYP/CYP1A2/CYP1A2.fasta /project/home/pouria/opt/src/SpecImmune/runs/ont_chr22/20230818_PAQ27050_HG00276/20230818_PAQ27050_HG00276/Reads//CYP1A2.long_read.sub.fq
[M::main] Real time: 0.120 sec; CPU: 0.295 sec; Peak RSS: 0.014 GB
[M::mm_idx_gen::0.056*1.08] collected minimizers
[M::mm_idx_gen::0.067*2.27] sorted minimizers
[M::main::0.067*2.27] loaded/built the index for 52 target sequence(s)
[M::mm_mapopt_update::0.068*2.25] mid_occ = 573
[M::mm_idx_stat] kmer size: 15; skip: 10; is_hpc: 0; #seq: 52
[M::mm_idx_stat::0.068*2.24] distinct minimizers: 4151 (0.63% are singletons); average occurrences: 52.199; average spacing: 5.322; total length: 1153172
[M::main] Version: 2.24-r1122
[M::main] CMD: minimap2 -t 12 -x map-ont -E 8,4 -p 0.1 -N 100000 -a /project/home/pouria/opt/src/SpecImmune/scripts/../db//CYP/NUDT15/NUDT15.fasta /project/home/pouria/opt/src/SpecImmune/runs/ont_chr22/20230818_PAQ27050_HG00276/20230818_PAQ27050_HG00276/Reads//NUDT15.long_read.sub.fq
[M::main] Real time: 0.071 sec; CPU: 0.156 sec; Peak RSS: 0.011 GB
[M::mm_idx_gen::0.176*1.02] collected minimizers
[M::mm_idx_gen::0.207*2.57] sorted minimizers
[M::main::0.207*2.57] loaded/built the index for 106 target sequence(s)
[M::mm_mapopt_update::0.208*2.56] mid_occ = 319
[M::mm_idx_stat] kmer size: 15; skip: 10; is_hpc: 0; #seq: 106
[M::mm_idx_stat::0.209*2.56] distinct minimizers: 6552 (0.60% are singletons); average occurrences: 103.899; average spacing: 5.326; total length: 3625734
[M::main] Version: 2.24-r1122
[M::main] CMD: minimap2 -t 12 -x map-ont -E 8,4 -p 0.1 -N 100000 -a /project/home/pouria/opt/src/SpecImmune/scripts/../db//CYP/CYP3A4/CYP3A4.fasta /project/home/pouria/opt/src/SpecImmune/runs/ont_chr22/20230818_PAQ27050_HG00276/20230818_PAQ27050_HG00276/Reads//CYP3A4.long_read.sub.fq
[M::main] Real time: 0.213 sec; CPU: 0.539 sec; Peak RSS: 0.028 GB
[M::mm_idx_gen::0.103*1.03] collected minimizers
[M::mm_idx_gen::0.118*2.21] sorted minimizers
[M::main::0.118*2.21] loaded/built the index for 128 target sequence(s)
[M::mm_mapopt_update::0.118*2.20] mid_occ = 4093
[M::mm_idx_stat] kmer size: 15; skip: 10; is_hpc: 0; #seq: 128
[M::mm_idx_stat::0.119*2.20] distinct minimizers: 3051 (4.65% are singletons); average occurrences: 110.183; average spacing: 5.296; total length: 1780337
[M::main] Version: 2.24-r1122
[M::main] CMD: minimap2 -t 12 -x map-ont -E 8,4 -p 0.1 -N 100000 -a /project/home/pouria/opt/src/SpecImmune/scripts/../db//CYP/CYP2A6/CYP2A6.fasta /project/home/pouria/opt/src/SpecImmune/runs/ont_chr22/20230818_PAQ27050_HG00276/20230818_PAQ27050_HG00276/Reads//CYP2A6.long_read.sub.fq
[M::main] Real time: 0.120 sec; CPU: 0.263 sec; Peak RSS: 0.013 GB
[M::mm_idx_gen::0.415*1.01] collected minimizers
[M::mm_idx_gen::0.480*2.35] sorted minimizers
[M::main::0.480*2.35] loaded/built the index for 204 target sequence(s)
[M::mm_mapopt_update::0.482*2.35] mid_occ = 1225
[M::mm_idx_stat] kmer size: 15; skip: 10; is_hpc: 0; #seq: 204
[M::mm_idx_stat::0.483*2.34] distinct minimizers: 11099 (0.52% are singletons); average occurrences: 202.367; average spacing: 5.353; total length: 12022511
[M::main] Version: 2.24-r1122
[M::main] CMD: minimap2 -t 12 -x map-ont -E 8,4 -p 0.1 -N 100000 -a /project/home/pouria/opt/src/SpecImmune/scripts/../db//CYP/CYP2C9/CYP2C9.fasta /project/home/pouria/opt/src/SpecImmune/runs/ont_chr22/20230818_PAQ27050_HG00276/20230818_PAQ27050_HG00276/Reads//CYP2C9.long_read.sub.fq
[M::main] Real time: 0.493 sec; CPU: 1.141 sec; Peak RSS: 0.090 GB
[M::mm_idx_gen::0.461*1.00] collected minimizers
[M::mm_idx_gen::0.536*2.44] sorted minimizers
[M::main::0.536*2.44] loaded/built the index for 122 target sequence(s)
[M::mm_mapopt_update::0.538*2.43] mid_occ = 855
[M::mm_idx_stat] kmer size: 15; skip: 10; is_hpc: 0; #seq: 122
[M::mm_idx_stat::0.540*2.43] distinct minimizers: 21086 (0.10% are singletons); average occurrences: 125.608; average spacing: 5.325; total length: 14103566
[M::main] Version: 2.24-r1122
[M::main] CMD: minimap2 -t 12 -x map-ont -E 8,4 -p 0.1 -N 100000 -a /project/home/pouria/opt/src/SpecImmune/scripts/../db//CYP/SLCO1B1/SLCO1B1.fasta /project/home/pouria/opt/src/SpecImmune/runs/ont_chr22/20230818_PAQ27050_HG00276/20230818_PAQ27050_HG00276/Reads//SLCO1B1.long_read.sub.fq
[M::main] Real time: 0.547 sec; CPU: 1.317 sec; Peak RSS: 0.099 GB
[M::mm_idx_gen::0.136*1.04] collected minimizers
[M::mm_idx_gen::0.157*2.37] sorted minimizers
[M::main::0.157*2.37] loaded/built the index for 156 target sequence(s)
[M::mm_mapopt_update::0.158*2.36] mid_occ = 313
[M::mm_idx_stat] kmer size: 15; skip: 10; is_hpc: 0; #seq: 156
[M::mm_idx_stat::0.158*2.36] distinct minimizers: 3476 (2.22% are singletons); average occurrences: 146.167; average spacing: 5.210; total length: 2647164
[M::main] Version: 2.24-r1122
[M::main] CMD: minimap2 -t 12 -x map-ont -E 8,4 -p 0.1 -N 100000 -a /project/home/pouria/opt/src/SpecImmune/scripts/../db//CYP/NAT2/NAT2.fasta /project/home/pouria/opt/src/SpecImmune/runs/ont_chr22/20230818_PAQ27050_HG00276/20230818_PAQ27050_HG00276/Reads//NAT2.long_read.sub.fq
[M::main] Real time: 0.161 sec; CPU: 0.376 sec; Peak RSS: 0.024 GB
[M::mm_idx_gen::0.111*1.04] collected minimizers
[M::mm_idx_gen::0.136*2.88] sorted minimizers
[M::main::0.136*2.88] loaded/built the index for 66 target sequence(s)
[M::mm_mapopt_update::0.137*2.86] mid_occ = 925
[M::mm_idx_stat] kmer size: 15; skip: 10; is_hpc: 0; #seq: 66
[M::mm_idx_stat::0.138*2.85] distinct minimizers: 5004 (0.56% are singletons); average occurrences: 67.959; average spacing: 5.250; total length: 1785366
[M::main] Version: 2.24-r1122
[M::main] CMD: minimap2 -t 12 -x map-ont -E 8,4 -p 0.1 -N 100000 -a /project/home/pouria/opt/src/SpecImmune/scripts/../db//CYP/CYP4F2/CYP4F2.fasta /project/home/pouria/opt/src/SpecImmune/runs/ont_chr22/20230818_PAQ27050_HG00276/20230818_PAQ27050_HG00276/Reads//CYP4F2.long_read.sub.fq
[M::main] Real time: 0.140 sec; CPU: 0.396 sec; Peak RSS: 0.019 GB
[M::mm_idx_gen::0.091*1.05] collected minimizers
[M::mm_idx_gen::0.105*2.15] sorted minimizers
[M::main::0.105*2.15] loaded/built the index for 37 target sequence(s)
[M::mm_mapopt_update::0.106*2.14] mid_occ = 630
[M::mm_idx_stat] kmer size: 15; skip: 10; is_hpc: 0; #seq: 37
[M::mm_idx_stat::0.107*2.13] distinct minimizers: 7283 (0.96% are singletons); average occurrences: 37.011; average spacing: 5.327; total length: 1435788
[M::main] Version: 2.24-r1122
[M::main] CMD: minimap2 -t 12 -x map-ont -E 8,4 -p 0.1 -N 100000 -a /project/home/pouria/opt/src/SpecImmune/scripts/../db//CYP/CYP3A5/CYP3A5.fasta /project/home/pouria/opt/src/SpecImmune/runs/ont_chr22/20230818_PAQ27050_HG00276/20230818_PAQ27050_HG00276/Reads//CYP3A5.long_read.sub.fq
[M::main] Real time: 0.110 sec; CPU: 0.231 sec; Peak RSS: 0.017 GB
[M::mm_idx_gen::50.170*1.73] collected minimizers
[M::mm_idx_gen::56.775*2.65] sorted minimizers
[M::main::56.775*2.65] loaded/built the index for 25 target sequence(s)
[M::mm_mapopt_update::59.530*2.58] mid_occ = 702
[M::mm_idx_stat] kmer size: 15; skip: 10; is_hpc: 0; #seq: 25
[M::mm_idx_stat::60.764*2.54] distinct minimizers: 100128857 (38.82% are singletons); average occurrences: 5.521; average spacing: 5.586; total length: 3088286401
[M::worker_pipeline::70.571*3.34] mapped 8167 sequences
[M::main] Version: 2.24-r1122
[M::main] CMD: minimap2 -R @RG\tID:20230818_PAQ27050_HG00276\tSM:20230818_PAQ27050_HG00276 -t 12 -a /project/shared/inumanag-aldy-ont/GRCh38_no_alts.fa /project/home/pouria/opt/src/SpecImmune/runs/ont_chr22/20230818_PAQ27050_HG00276/20230818_PAQ27050_HG00276.fastq.gz
[M::main] Real time: 70.794 sec; CPU: 235.644 sec; Peak RSS: 11.342 GB
