read binning...
start read binning...
WARNING: hg38 not provided, cannot type CYP genes
/project/home/pouria/opt/src/SpecImmune/runs/ont_chr22/20230807_PAQ20071_barcode10/20230807_PAQ20071_barcode10/20230807_PAQ20071_barcode10.db.bam is detected, skip the alignment.
reads-binning done.
Finished.
alignment done.
alignment done.
alignment done.
alignment done.
alignment done.
alignment done.
alignment done.
alignment done.
alignment done.
alignment done.
alignment done.
alignment done.
alignment done.
alignment done.
WARNING: hg38 not provided, cannot type CYP genes
start type CYP2D6 for 20230807_PAQ20071_barcode10...

finish matrix construction
CYP2D6 read num: 0 mapped allele num: 0
support read number is too low or the mapped allele num is too low for CYP2D6, skip typing
start type CYP2A13 for 20230807_PAQ20071_barcode10...

finish matrix construction
CYP2A13 read num: 0 mapped allele num: 0
support read number is too low or the mapped allele num is too low for CYP2A13, skip typing
start type CYP2C8 for 20230807_PAQ20071_barcode10...

finish matrix construction
CYP2C8 read num: 0 mapped allele num: 0
support read number is too low or the mapped allele num is too low for CYP2C8, skip typing
start type CYP2C19 for 20230807_PAQ20071_barcode10...

finish matrix construction
CYP2C19 read num: 0 mapped allele num: 0
support read number is too low or the mapped allele num is too low for CYP2C19, skip typing
start type CYP2B6 for 20230807_PAQ20071_barcode10...

finish matrix construction
CYP2B6 read num: 0 mapped allele num: 0
support read number is too low or the mapped allele num is too low for CYP2B6, skip typing
start type CYP1A2 for 20230807_PAQ20071_barcode10...

finish matrix construction
CYP1A2 read num: 0 mapped allele num: 0
support read number is too low or the mapped allele num is too low for CYP1A2, skip typing
start type NUDT15 for 20230807_PAQ20071_barcode10...

finish matrix construction
NUDT15 read num: 0 mapped allele num: 0
support read number is too low or the mapped allele num is too low for NUDT15, skip typing
start type CYP3A4 for 20230807_PAQ20071_barcode10...

finish matrix construction
CYP3A4 read num: 0 mapped allele num: 0
support read number is too low or the mapped allele num is too low for CYP3A4, skip typing
start type CYP2A6 for 20230807_PAQ20071_barcode10...

finish matrix construction
CYP2A6 read num: 0 mapped allele num: 0
support read number is too low or the mapped allele num is too low for CYP2A6, skip typing
start type CYP2C9 for 20230807_PAQ20071_barcode10...

finish matrix construction
CYP2C9 read num: 0 mapped allele num: 0
support read number is too low or the mapped allele num is too low for CYP2C9, skip typing
start type SLCO1B1 for 20230807_PAQ20071_barcode10...

finish matrix construction
SLCO1B1 read num: 0 mapped allele num: 0
support read number is too low or the mapped allele num is too low for SLCO1B1, skip typing
start type NAT2 for 20230807_PAQ20071_barcode10...

finish matrix construction
NAT2 read num: 0 mapped allele num: 0
support read number is too low or the mapped allele num is too low for NAT2, skip typing
start type CYP4F2 for 20230807_PAQ20071_barcode10...

finish matrix construction
CYP4F2 read num: 0 mapped allele num: 0
support read number is too low or the mapped allele num is too low for CYP4F2, skip typing
start type CYP3A5 for 20230807_PAQ20071_barcode10...

finish matrix construction
CYP3A5 read num: 0 mapped allele num: 0
support read number is too low or the mapped allele num is too low for CYP3A5, skip typing
CYP2D6 hete - **** - 


CYP2A13 hete - **** - 


CYP2C8 hete - **** - 


CYP2C19 hete - **** - 


CYP2B6 hete - **** - 


CYP1A2 hete - **** - 


NUDT15 hete - **** - 


CYP3A4 hete - **** - 


CYP2A6 hete - **** - 


CYP2C9 hete - **** - 


SLCO1B1 hete - **** - 


NAT2 hete - **** - 


CYP4F2 hete - **** - 


CYP3A5 hete - **** - 


result is /project/home/pouria/opt/src/SpecImmune/runs/ont_chr22/20230807_PAQ20071_barcode10/20230807_PAQ20071_barcode10/20230807_PAQ20071_barcode10.CYP.type.result.txt
{'r': '/project/home/pouria/opt/src/SpecImmune/runs/ont_chr22/20230807_PAQ20071_barcode10/20230807_PAQ20071_barcode10.fastq.gz', 'n': '20230807_PAQ20071_barcode10', 'o': '/project/home/pouria/opt/src/SpecImmune/runs/ont_chr22/20230807_PAQ20071_barcode10', 'i': 'CYP', 'j': 12, 'k': 5, 'y': 'nanopore', 'db': '/project/home/pouria/opt/src/SpecImmune/scripts/../db/', 'hg38': '/project/shared/inumanag-aldy-ont/GRCh38_no_alts.fa', 'first_run': True, 'min_identity': 0.85, 'hete_p': 0.3, 'candidate_allele_num': 200, 'min_read_num': 2, 'max_read_num': 500, 'RNA_type': 'traditional', 'seq_tech': 'wgs', 'align_method_1': 'bwa', 'align_method_2': 'minimap2', 'iteration': 1, 'dv_sif': None, 'snv_tool': 'longshot', 'drug_recommendation': False, 'visualization': True, 'version': False}
iteration 1
WARNING: hg38 not provided, cannot type CYP genes
start variant pipeline ...
Processing homo CYP2D6
/project/home/pouria/opt/src/SpecImmune/runs/ont_chr22/20230807_PAQ20071_barcode10/20230807_PAQ20071_barcode10/Genes_step2//CYP2D6.bam does not exist
Processing homo CYP2A13
/project/home/pouria/opt/src/SpecImmune/runs/ont_chr22/20230807_PAQ20071_barcode10/20230807_PAQ20071_barcode10/Genes_step2//CYP2A13.bam does not exist
Processing homo CYP2C8
/project/home/pouria/opt/src/SpecImmune/runs/ont_chr22/20230807_PAQ20071_barcode10/20230807_PAQ20071_barcode10/Genes_step2//CYP2C8.bam does not exist
Processing homo CYP2C19
/project/home/pouria/opt/src/SpecImmune/runs/ont_chr22/20230807_PAQ20071_barcode10/20230807_PAQ20071_barcode10/Genes_step2//CYP2C19.bam does not exist
Processing homo CYP2B6
/project/home/pouria/opt/src/SpecImmune/runs/ont_chr22/20230807_PAQ20071_barcode10/20230807_PAQ20071_barcode10/Genes_step2//CYP2B6.bam does not exist
Processing homo CYP1A2
/project/home/pouria/opt/src/SpecImmune/runs/ont_chr22/20230807_PAQ20071_barcode10/20230807_PAQ20071_barcode10/Genes_step2//CYP1A2.bam does not exist
Processing homo NUDT15
/project/home/pouria/opt/src/SpecImmune/runs/ont_chr22/20230807_PAQ20071_barcode10/20230807_PAQ20071_barcode10/Genes_step2//NUDT15.bam does not exist
Processing homo CYP3A4
/project/home/pouria/opt/src/SpecImmune/runs/ont_chr22/20230807_PAQ20071_barcode10/20230807_PAQ20071_barcode10/Genes_step2//CYP3A4.bam does not exist
Processing homo CYP2A6
/project/home/pouria/opt/src/SpecImmune/runs/ont_chr22/20230807_PAQ20071_barcode10/20230807_PAQ20071_barcode10/Genes_step2//CYP2A6.bam does not exist
Processing homo CYP2C9
/project/home/pouria/opt/src/SpecImmune/runs/ont_chr22/20230807_PAQ20071_barcode10/20230807_PAQ20071_barcode10/Genes_step2//CYP2C9.bam does not exist
Processing homo SLCO1B1
/project/home/pouria/opt/src/SpecImmune/runs/ont_chr22/20230807_PAQ20071_barcode10/20230807_PAQ20071_barcode10/Genes_step2//SLCO1B1.bam does not exist
Processing homo NAT2
/project/home/pouria/opt/src/SpecImmune/runs/ont_chr22/20230807_PAQ20071_barcode10/20230807_PAQ20071_barcode10/Genes_step2//NAT2.bam does not exist
Processing homo CYP4F2
/project/home/pouria/opt/src/SpecImmune/runs/ont_chr22/20230807_PAQ20071_barcode10/20230807_PAQ20071_barcode10/Genes_step2//CYP4F2.bam does not exist
Processing homo CYP3A5
/project/home/pouria/opt/src/SpecImmune/runs/ont_chr22/20230807_PAQ20071_barcode10/20230807_PAQ20071_barcode10/Genes_step2//CYP3A5.bam does not exist
parameter:	sample:20230807_PAQ20071_barcode10	dir:/project/home/pouria/opt/src/SpecImmune/runs/ont_chr22/20230807_PAQ20071_barcode10/20230807_PAQ20071_barcode10/Sequences/	pop:Unknown	wxs:tgs	G_nom:0
/project/home/pouria/opt/src/SpecImmune/runs/ont_chr22/20230807_PAQ20071_barcode10/20230807_PAQ20071_barcode10/Sequences//CYP.allele.1.CYP2A13.fasta
/project/home/pouria/opt/src/SpecImmune/runs/ont_chr22/20230807_PAQ20071_barcode10/20230807_PAQ20071_barcode10/Sequences//CYP.allele.2.CYP2A13.fasta
/project/home/pouria/opt/src/SpecImmune/runs/ont_chr22/20230807_PAQ20071_barcode10/20230807_PAQ20071_barcode10/Sequences//CYP.allele.1.CYP2A6.fasta
/project/home/pouria/opt/src/SpecImmune/runs/ont_chr22/20230807_PAQ20071_barcode10/20230807_PAQ20071_barcode10/Sequences//CYP.allele.2.CYP2A6.fasta
/project/home/pouria/opt/src/SpecImmune/runs/ont_chr22/20230807_PAQ20071_barcode10/20230807_PAQ20071_barcode10/Sequences//CYP.allele.1.CYP2B6.fasta
/project/home/pouria/opt/src/SpecImmune/runs/ont_chr22/20230807_PAQ20071_barcode10/20230807_PAQ20071_barcode10/Sequences//CYP.allele.2.CYP2B6.fasta
/project/home/pouria/opt/src/SpecImmune/runs/ont_chr22/20230807_PAQ20071_barcode10/20230807_PAQ20071_barcode10/Sequences//CYP.allele.1.CYP2C19.fasta
/project/home/pouria/opt/src/SpecImmune/runs/ont_chr22/20230807_PAQ20071_barcode10/20230807_PAQ20071_barcode10/Sequences//CYP.allele.2.CYP2C19.fasta
/project/home/pouria/opt/src/SpecImmune/runs/ont_chr22/20230807_PAQ20071_barcode10/20230807_PAQ20071_barcode10/Sequences//CYP.allele.1.CYP2C8.fasta
/project/home/pouria/opt/src/SpecImmune/runs/ont_chr22/20230807_PAQ20071_barcode10/20230807_PAQ20071_barcode10/Sequences//CYP.allele.2.CYP2C8.fasta
/project/home/pouria/opt/src/SpecImmune/runs/ont_chr22/20230807_PAQ20071_barcode10/20230807_PAQ20071_barcode10/Sequences//CYP.allele.1.CYP2C9.fasta
/project/home/pouria/opt/src/SpecImmune/runs/ont_chr22/20230807_PAQ20071_barcode10/20230807_PAQ20071_barcode10/Sequences//CYP.allele.2.CYP2C9.fasta
/project/home/pouria/opt/src/SpecImmune/runs/ont_chr22/20230807_PAQ20071_barcode10/20230807_PAQ20071_barcode10/Sequences//CYP.allele.1.CYP2D6.fasta
/project/home/pouria/opt/src/SpecImmune/runs/ont_chr22/20230807_PAQ20071_barcode10/20230807_PAQ20071_barcode10/Sequences//CYP.allele.2.CYP2D6.fasta
/project/home/pouria/opt/src/SpecImmune/runs/ont_chr22/20230807_PAQ20071_barcode10/20230807_PAQ20071_barcode10/Sequences//CYP.allele.1.CYP3A4.fasta
/project/home/pouria/opt/src/SpecImmune/runs/ont_chr22/20230807_PAQ20071_barcode10/20230807_PAQ20071_barcode10/Sequences//CYP.allele.2.CYP3A4.fasta
/project/home/pouria/opt/src/SpecImmune/runs/ont_chr22/20230807_PAQ20071_barcode10/20230807_PAQ20071_barcode10/Sequences//CYP.allele.1.CYP3A5.fasta
/project/home/pouria/opt/src/SpecImmune/runs/ont_chr22/20230807_PAQ20071_barcode10/20230807_PAQ20071_barcode10/Sequences//CYP.allele.2.CYP3A5.fasta
/project/home/pouria/opt/src/SpecImmune/runs/ont_chr22/20230807_PAQ20071_barcode10/20230807_PAQ20071_barcode10/Sequences//CYP.allele.1.CYP4F2.fasta
/project/home/pouria/opt/src/SpecImmune/runs/ont_chr22/20230807_PAQ20071_barcode10/20230807_PAQ20071_barcode10/Sequences//CYP.allele.2.CYP4F2.fasta
/project/home/pouria/opt/src/SpecImmune/runs/ont_chr22/20230807_PAQ20071_barcode10/20230807_PAQ20071_barcode10/Sequences//CYP.allele.1.NAT2.fasta
/project/home/pouria/opt/src/SpecImmune/runs/ont_chr22/20230807_PAQ20071_barcode10/20230807_PAQ20071_barcode10/Sequences//CYP.allele.2.NAT2.fasta
/project/home/pouria/opt/src/SpecImmune/runs/ont_chr22/20230807_PAQ20071_barcode10/20230807_PAQ20071_barcode10/Sequences//CYP.allele.1.NUDT15.fasta
/project/home/pouria/opt/src/SpecImmune/runs/ont_chr22/20230807_PAQ20071_barcode10/20230807_PAQ20071_barcode10/Sequences//CYP.allele.2.NUDT15.fasta
/project/home/pouria/opt/src/SpecImmune/runs/ont_chr22/20230807_PAQ20071_barcode10/20230807_PAQ20071_barcode10/Sequences//CYP.allele.1.SLCO1B1.fasta
/project/home/pouria/opt/src/SpecImmune/runs/ont_chr22/20230807_PAQ20071_barcode10/20230807_PAQ20071_barcode10/Sequences//CYP.allele.2.SLCO1B1.fasta
WARNING: hg38 not provided, cannot type CYP genes
optimize typing results by balancing alignment length and identity 
The refined typing results is in /project/home/pouria/opt/src/SpecImmune/runs/ont_chr22/20230807_PAQ20071_barcode10/20230807_PAQ20071_barcode10/20230807_PAQ20071_barcode10.CYP.final.type.result.formatted.txt
Sequence is reconstructed, start annotation...
Finished.

            python3 /project/home/pouria/opt/src/SpecImmune/scripts/remap.py 20230807_PAQ20071_barcode10 CYP /project/home/pouria/opt/src/SpecImmune/runs/ont_chr22/20230807_PAQ20071_barcode10 nanopore wgs traditional 12 /project/home/pouria/opt/src/SpecImmune/scripts/../db//CYP/CYP.full.fasta
            
CYP2D6	1	-	0	False	NA	-
alleles_str ['-']
result : CYP2D6 -
CYP2D6	2	-	0	False	NA	-
alleles_str ['-']
result : CYP2D6 -
CYP2A13	1	-	0	False	NA	-
alleles_str ['-']
result : CYP2A13 -
CYP2A13	2	-	0	False	NA	-
alleles_str ['-']
result : CYP2A13 -
CYP2C8	1	-	0	False	NA	-
alleles_str ['-']
result : CYP2C8 -
CYP2C8	2	-	0	False	NA	-
alleles_str ['-']
result : CYP2C8 -
CYP2C19	1	-	0	False	NA	-
alleles_str ['-']
result : CYP2C19 -
CYP2C19	2	-	0	False	NA	-
alleles_str ['-']
result : CYP2C19 -
CYP2B6	1	-	0	False	NA	-
alleles_str ['-']
result : CYP2B6 -
CYP2B6	2	-	0	False	NA	-
alleles_str ['-']
result : CYP2B6 -
CYP1A2	1	-	0	False	NA	-
alleles_str ['-']
result : CYP1A2 -
CYP1A2	2	-	0	False	NA	-
alleles_str ['-']
result : CYP1A2 -
NUDT15	1	-	0	False	NA	-
alleles_str ['-']
result : NUDT15 -
NUDT15	2	-	0	False	NA	-
alleles_str ['-']
result : NUDT15 -
CYP3A4	1	-	0	False	NA	-
alleles_str ['-']
result : CYP3A4 -
CYP3A4	2	-	0	False	NA	-
alleles_str ['-']
result : CYP3A4 -
CYP2A6	1	-	0	False	NA	-
alleles_str ['-']
result : CYP2A6 -
CYP2A6	2	-	0	False	NA	-
alleles_str ['-']
result : CYP2A6 -
CYP2C9	1	-	0	False	NA	-
alleles_str ['-']
result : CYP2C9 -
CYP2C9	2	-	0	False	NA	-
alleles_str ['-']
result : CYP2C9 -
SLCO1B1	1	-	0	False	NA	-
alleles_str ['-']
result : SLCO1B1 -
SLCO1B1	2	-	0	False	NA	-
alleles_str ['-']
result : SLCO1B1 -
NAT2	1	-	0	False	NA	-
alleles_str ['-']
result : NAT2 -
NAT2	2	-	0	False	NA	-
alleles_str ['-']
result : NAT2 -
CYP4F2	1	-	0	False	NA	-
alleles_str ['-']
result : CYP4F2 -
CYP4F2	2	-	0	False	NA	-
alleles_str ['-']
result : CYP4F2 -
CYP3A5	1	-	0	False	NA	-
alleles_str ['-']
result : CYP3A5 -
CYP3A5	2	-	0	False	NA	-
alleles_str ['-']
result : CYP3A5 -
CYP2D6	1	NA	NA	0	-	NA
alleles_str ['NA']
result : CYP2D6 NA
CYP2D6	2	NA	NA	0	-	NA
alleles_str ['NA']
result : CYP2D6 NA
CYP2A13	1	NA	NA	0	-	NA
alleles_str ['NA']
result : CYP2A13 NA
CYP2A13	2	NA	NA	0	-	NA
alleles_str ['NA']
result : CYP2A13 NA
CYP2C8	1	NA	NA	0	-	NA
alleles_str ['NA']
result : CYP2C8 NA
CYP2C8	2	NA	NA	0	-	NA
alleles_str ['NA']
result : CYP2C8 NA
CYP2C19	1	NA	NA	0	-	NA
alleles_str ['NA']
result : CYP2C19 NA
CYP2C19	2	NA	NA	0	-	NA
alleles_str ['NA']
result : CYP2C19 NA
CYP2B6	1	NA	NA	0	-	NA
alleles_str ['NA']
result : CYP2B6 NA
CYP2B6	2	NA	NA	0	-	NA
alleles_str ['NA']
result : CYP2B6 NA
CYP1A2	1	NA	NA	0	-	NA
alleles_str ['NA']
result : CYP1A2 NA
CYP1A2	2	NA	NA	0	-	NA
alleles_str ['NA']
result : CYP1A2 NA
NUDT15	1	NA	NA	0	-	NA
alleles_str ['NA']
result : NUDT15 NA
NUDT15	2	NA	NA	0	-	NA
alleles_str ['NA']
result : NUDT15 NA
CYP3A4	1	NA	NA	0	-	NA
alleles_str ['NA']
result : CYP3A4 NA
CYP3A4	2	NA	NA	0	-	NA
alleles_str ['NA']
result : CYP3A4 NA
CYP2A6	1	NA	NA	0	-	NA
alleles_str ['NA']
result : CYP2A6 NA
CYP2A6	2	NA	NA	0	-	NA
alleles_str ['NA']
result : CYP2A6 NA
CYP2C9	1	NA	NA	0	-	NA
alleles_str ['NA']
result : CYP2C9 NA
CYP2C9	2	NA	NA	0	-	NA
alleles_str ['NA']
result : CYP2C9 NA
SLCO1B1	1	NA	NA	0	-	NA
alleles_str ['NA']
result : SLCO1B1 NA
SLCO1B1	2	NA	NA	0	-	NA
alleles_str ['NA']
result : SLCO1B1 NA
NAT2	1	NA	NA	0	-	NA
alleles_str ['NA']
result : NAT2 NA
NAT2	2	NA	NA	0	-	NA
alleles_str ['NA']
result : NAT2 NA
CYP4F2	1	NA	NA	0	-	NA
alleles_str ['NA']
result : CYP4F2 NA
CYP4F2	2	NA	NA	0	-	NA
alleles_str ['NA']
result : CYP4F2 NA
CYP3A5	1	NA	NA	0	-	NA
alleles_str ['NA']
result : CYP3A5 NA
CYP3A5	2	NA	NA	0	-	NA
alleles_str ['NA']
result : CYP3A5 NA

            python3 /project/home/pouria/opt/src/SpecImmune/scripts/remap_allele.py 20230807_PAQ20071_barcode10 CYP /project/home/pouria/opt/src/SpecImmune/runs/ont_chr22/20230807_PAQ20071_barcode10 nanopore wgs traditional 12 /project/home/pouria/opt/src/SpecImmune/scripts/../db//CYP/CYP.full.fasta
            

            python3 /project/home/pouria/opt/src/SpecImmune/scripts/visualization.py 20230807_PAQ20071_barcode10 CYP /project/home/pouria/opt/src/SpecImmune/runs/ont_chr22/20230807_PAQ20071_barcode10 nanopore wgs traditional 12 /project/home/pouria/opt/src/SpecImmune/scripts/../db//CYP/CYP.full.fasta
            
alleles_str ['-']
result : CYP2D6 -
alleles_str ['-']
result : CYP2D6 -
alleles_str ['-']
result : CYP2A13 -
alleles_str ['-']
result : CYP2A13 -
alleles_str ['-']
result : CYP2C8 -
alleles_str ['-']
result : CYP2C8 -
alleles_str ['-']
result : CYP2C19 -
alleles_str ['-']
result : CYP2C19 -
alleles_str ['-']
result : CYP2B6 -
alleles_str ['-']
result : CYP2B6 -
alleles_str ['-']
result : CYP1A2 -
alleles_str ['-']
result : CYP1A2 -
alleles_str ['-']
result : NUDT15 -
alleles_str ['-']
result : NUDT15 -
alleles_str ['-']
result : CYP3A4 -
alleles_str ['-']
result : CYP3A4 -
alleles_str ['-']
result : CYP2A6 -
alleles_str ['-']
result : CYP2A6 -
alleles_str ['-']
result : CYP2C9 -
alleles_str ['-']
result : CYP2C9 -
alleles_str ['-']
result : SLCO1B1 -
alleles_str ['-']
result : SLCO1B1 -
alleles_str ['-']
result : NAT2 -
alleles_str ['-']
result : NAT2 -
alleles_str ['-']
result : CYP4F2 -
alleles_str ['-']
result : CYP4F2 -
alleles_str ['-']
result : CYP3A5 -
alleles_str ['-']
result : CYP3A5 -
alleles_str ['NA']
result : CYP2D6 NA
alleles_str ['NA']
result : CYP2D6 NA
alleles_str ['NA']
result : CYP2A13 NA
alleles_str ['NA']
result : CYP2A13 NA
alleles_str ['NA']
result : CYP2C8 NA
alleles_str ['NA']
result : CYP2C8 NA
alleles_str ['NA']
result : CYP2C19 NA
alleles_str ['NA']
result : CYP2C19 NA
alleles_str ['NA']
result : CYP2B6 NA
alleles_str ['NA']
result : CYP2B6 NA
alleles_str ['NA']
result : CYP1A2 NA
alleles_str ['NA']
result : CYP1A2 NA
alleles_str ['NA']
result : NUDT15 NA
alleles_str ['NA']
result : NUDT15 NA
alleles_str ['NA']
result : CYP3A4 NA
alleles_str ['NA']
result : CYP3A4 NA
alleles_str ['NA']
result : CYP2A6 NA
alleles_str ['NA']
result : CYP2A6 NA
alleles_str ['NA']
result : CYP2C9 NA
alleles_str ['NA']
result : CYP2C9 NA
alleles_str ['NA']
result : SLCO1B1 NA
alleles_str ['NA']
result : SLCO1B1 NA
alleles_str ['NA']
result : NAT2 NA
alleles_str ['NA']
result : NAT2 NA
alleles_str ['NA']
result : CYP4F2 NA
alleles_str ['NA']
result : CYP4F2 NA
alleles_str ['NA']
result : CYP3A5 NA
alleles_str ['NA']
result : CYP3A5 NA
CYP2D6	1	NA	NA	0	-	NA
alleles_str ['NA']
result : CYP2D6 NA
CYP2D6	2	NA	NA	0	-	NA
alleles_str ['NA']
result : CYP2D6 NA
CYP2A13	1	NA	NA	0	-	NA
alleles_str ['NA']
result : CYP2A13 NA
CYP2A13	2	NA	NA	0	-	NA
alleles_str ['NA']
result : CYP2A13 NA
CYP2C8	1	NA	NA	0	-	NA
alleles_str ['NA']
result : CYP2C8 NA
CYP2C8	2	NA	NA	0	-	NA
alleles_str ['NA']
result : CYP2C8 NA
CYP2C19	1	NA	NA	0	-	NA
alleles_str ['NA']
result : CYP2C19 NA
CYP2C19	2	NA	NA	0	-	NA
alleles_str ['NA']
result : CYP2C19 NA
CYP2B6	1	NA	NA	0	-	NA
alleles_str ['NA']
result : CYP2B6 NA
CYP2B6	2	NA	NA	0	-	NA
alleles_str ['NA']
result : CYP2B6 NA
CYP1A2	1	NA	NA	0	-	NA
alleles_str ['NA']
result : CYP1A2 NA
CYP1A2	2	NA	NA	0	-	NA
alleles_str ['NA']
result : CYP1A2 NA
NUDT15	1	NA	NA	0	-	NA
alleles_str ['NA']
result : NUDT15 NA
NUDT15	2	NA	NA	0	-	NA
alleles_str ['NA']
result : NUDT15 NA
CYP3A4	1	NA	NA	0	-	NA
alleles_str ['NA']
result : CYP3A4 NA
CYP3A4	2	NA	NA	0	-	NA
alleles_str ['NA']
result : CYP3A4 NA
CYP2A6	1	NA	NA	0	-	NA
alleles_str ['NA']
result : CYP2A6 NA
CYP2A6	2	NA	NA	0	-	NA
alleles_str ['NA']
result : CYP2A6 NA
CYP2C9	1	NA	NA	0	-	NA
alleles_str ['NA']
result : CYP2C9 NA
CYP2C9	2	NA	NA	0	-	NA
alleles_str ['NA']
result : CYP2C9 NA
SLCO1B1	1	NA	NA	0	-	NA
alleles_str ['NA']
result : SLCO1B1 NA
SLCO1B1	2	NA	NA	0	-	NA
alleles_str ['NA']
result : SLCO1B1 NA
NAT2	1	NA	NA	0	-	NA
alleles_str ['NA']
result : NAT2 NA
NAT2	2	NA	NA	0	-	NA
alleles_str ['NA']
result : NAT2 NA
CYP4F2	1	NA	NA	0	-	NA
alleles_str ['NA']
result : CYP4F2 NA
CYP4F2	2	NA	NA	0	-	NA
alleles_str ['NA']
result : CYP4F2 NA
CYP3A5	1	NA	NA	0	-	NA
alleles_str ['NA']
result : CYP3A5 NA
CYP3A5	2	NA	NA	0	-	NA
alleles_str ['NA']
result : CYP3A5 NA
refine bam...
2026-01-07 19:37:05,148 | INFO | Processing /project/home/pouria/opt/src/SpecImmune/runs/ont_chr22/20230807_PAQ20071_barcode10/20230807_PAQ20071_barcode10/20230807_PAQ20071_barcode10.refined.sorted.bam
2026-01-07 19:37:17,702 | WARNING | Query names do not look like HiFi reads -- use "consensus" mode for consensus
2026-01-07 19:37:17,702 | INFO | Identifying SV signatures
2026-01-07 19:37:23,293 | INFO | Phasing and Calling Alleles
2026-01-07 19:37:23,294 | DEBUG | Calling noSV
2026-01-07 19:37:23,294 | INFO | Calling noSV
2026-01-07 19:37:23,295 | INFO | Attempting to phase 139 noSV reads
2026-01-07 19:37:23,295 | DEBUG | Reseting HP for 139 noSV  reads
2026-01-07 19:37:25,730 | DEBUG | Positions used for read clustering: [42120601, 42121451, 42121466, 42121487, 42121684, 42121917, 42122057, 42122248, 42122403, 42122421, 42123210, 42123218, 42123225, 42123235, 42123236, 42123237, 42123238, 42123242, 42123243, 42123251, 42123253, 42123299, 42123307, 42123310, 42123311, 42123538, 42123552, 42123630, 42123662, 42123948, 42124105, 42124155, 42124225, 42124226, 42124230, 42124320, 42124321, 42124588, 42124797, 42124954, 42124963, 42125124, 42125138, 42125172, 42125192, 42125200, 42125204, 42125360, 42125559, 42125580, 42125629, 42125639, 42125774, 42125850, 42125856, 42125969, 42125979, 42126037, 42126054, 42126055, 42126068, 42126117, 42126131, 42126180, 42126195, 42126196, 42126211, 42126269, 42126309, 42126342, 42126361, 42126379, 42126389, 42126464, 42126472, 42126528, 42126559, 42126560, 42126561, 42126612, 42126666, 42126675, 42126809, 42126818, 42126983, 42127000, 42127101, 42127102, 42127105, 42127108, 42127206, 42127208, 42127238, 42127267, 42127290, 42127355, 42127490, 42127497, 42127679, 42127680, 42127683, 42127688, 42127691, 42127720, 42127726, 42127727, 42127745, 42127746, 42127800, 42127940, 42127955, 42127956, 42127995, 42128013, 42128095, 42128216, 42128276, 42128279, 42128332, 42128342, 42128376, 42128523, 42128527, 42128530, 42128557, 42128558, 42128564, 42128574, 42128619, 42128623, 42128672, 42128693, 42128705, 42128745, 42128746, 42128772, 42128859, 42128860, 42128882, 42128894, 42128896, 42128897, 42128900, 42128924, 42128935, 42128940, 42128944, 42128946, 42128955, 42128971, 42128994, 42129007, 42129008, 42129015, 42129051, 42129054, 42129056, 42129057, 42129066, 42129129, 42129145, 42129168, 42129170, 42129172, 42129196, 42129204, 42129263, 42129356, 42129405, 42129408, 42129453, 42129482, 42129493, 42129496, 42129507, 42129531, 42129551, 42129553, 42129571, 42129603, 42129609, 42129658, 42129679, 42129708, 42129742, 42129745, 42129746, 42129757, 42129795, 42129803, 42129806, 42129807, 42129808, 42129818, 42129938, 42129947, 42129949, 42129972, 42129976, 42129978, 42129983, 42129986, 42129989, 42129991, 42130021, 42130053, 42130089, 42130100, 42130134, 42130138, 42130140, 42130221, 42130231, 42130250, 42130264, 42130283, 42130285, 42130289, 42130301, 42130326, 42130360, 42130439, 42130503, 42130536, 42130546, 42130558, 42130559, 42130564, 42130568, 42130570, 42130577, 42130582, 42130587, 42130592, 42130617, 42130628, 42130633, 42130676, 42130691, 42130711, 42130747, 42130870, 42130997, 42131043, 42131064, 42131074, 42131075, 42131082, 42131143, 42131152, 42131183, 42131267, 42131268, 42131270, 42131289, 42131291, 42131292, 42131307, 42131325, 42131384, 42131405, 42131406, 42131468, 42131497, 42131530, 42131790, 42131842, 42131975, 42131976, 42131979, 42132094, 42132131, 42132216, 42132374, 42132379, 42132380, 42132546, 42132559, 42132560, 42132563, 42132566, 42132680, 42132706, 42132903, 42132907, 42132915, 42132968, 42133105, 42133169, 42133209, 42133211, 42133313, 42133322, 42133380, 42133532, 42133859, 42133949, 42133969, 42133970, 42134275, 42134478, 42134750, 42134999, 42135054, 42135690, 42135782, 42136026, 42136257]
clusters hifi_read                             is_primary
3b58a10a-b7a6-49cc-af8d-93169dcbc1be  True          0
5e0a1d76-d2a6-4700-a2ce-350f1cc3cfbd  True          0
fdfe9cc5-7744-447e-97f2-f5c38f08053e  True          0
730f47e4-03f2-4b0a-a1cd-13c19270b3d9  True          1
03ce9df6-a4ba-4b31-82c6-83e24afe3943  True          1
                                                   ..
b0fa4961-2e92-4ab9-8be2-ebcbecc684e5  True          1
bac62658-e9fd-492f-ab7e-f0b77746fd10  True          1
a90d46d7-69b6-438b-bc64-ae0dc3087143  True          1
40af59d0-46bb-4b94-81bf-8406d035b759  True          1
7d9961f2-8d70-4b94-9eb3-13baa51c8cf3  True          1
Name: HP, Length: 139, dtype: int64
2026-01-07 19:37:28,964 | DEBUG | Alleles Identified: {'noSV': {'noSV_0': ('*10', '*39', '*74'), 'noSV_1': ('*4', '*10', '*39', '*74')}}
2026-01-07 19:37:28,964 | INFO | Calling Diplotype
2026-01-07 19:37:28,964 | DEBUG | Hybrid calls: Counter() self.haplotypes []
2026-01-07 19:37:28,964 | DEBUG | self.haplotypes []
2026-01-07 19:37:28,965 | INFO | Diplotype called: CYP2D6 *4/*10
2026-01-07 19:37:31,737 | INFO | Exporting /project/home/pouria/opt/src/SpecImmune/runs/ont_chr22/20230807_PAQ20071_barcode10/20230807_PAQ20071_barcode10/20230807_PAQ20071_barcode10_labeledReads.bam
{'CYP2D6', 'haplotype_2_10', 'haplotype_1_4', 'No_Label'}
{'noSV_0', 'noHap', 'noSV_1'}
filtered diplotype *10/*4 {'*4', '*10'} CYP2D6 *10/*4
cnv detected, use pangu result
*10/*4 NA
[OK] Finished 20230807_PAQ20071_barcode10
