[M::bam2fq_mainloop] discarded 0 singletons
[M::bam2fq_mainloop] processed 13477 reads
[M::mm_idx_gen::0.296*1.02] collected minimizers
[M::mm_idx_gen::0.327*1.90] sorted minimizers
[M::main::0.327*1.90] loaded/built the index for 553 target sequence(s)
[M::mm_mapopt_update::0.328*1.90] mid_occ = 2213
[M::mm_idx_stat] kmer size: 15; skip: 10; is_hpc: 0; #seq: 553
[M::mm_idx_stat::0.328*1.90] distinct minimizers: 3211 (13.77% are singletons); average occurrences: 357.246; average spacing: 5.453; total length: 6255536
[M::main] Version: 2.24-r1122
[M::main] CMD: minimap2 -t 12 -x map-ont -E 8,4 -p 0.1 -N 100000 -a /project/home/pouria/opt/src/SpecImmune/scripts/../db//CYP/CYP2D6/CYP2D6.fasta /project/home/pouria/opt/src/SpecImmune/runs/ont_chr22/20230829_PAQ96827_NA19239/20230829_PAQ96827_NA19239/Reads//CYP2D6.long_read.sub.fq
[M::main] Real time: 0.334 sec; CPU: 0.629 sec; Peak RSS: 0.052 GB
[M::mm_idx_gen::0.035*1.13] collected minimizers
[M::mm_idx_gen::0.042*2.13] sorted minimizers
[M::main::0.042*2.13] loaded/built the index for 31 target sequence(s)
[M::mm_mapopt_update::0.042*2.11] mid_occ = 838
[M::mm_idx_stat] kmer size: 15; skip: 10; is_hpc: 0; #seq: 31
[M::mm_idx_stat::0.043*2.10] distinct minimizers: 2845 (1.51% are singletons); average occurrences: 30.637; average spacing: 5.240; total length: 456698
[M::main] Version: 2.24-r1122
[M::main] CMD: minimap2 -t 12 -x map-ont -E 8,4 -p 0.1 -N 100000 -a /project/home/pouria/opt/src/SpecImmune/scripts/../db//CYP/CYP2A13/CYP2A13.fasta /project/home/pouria/opt/src/SpecImmune/runs/ont_chr22/20230829_PAQ96827_NA19239/20230829_PAQ96827_NA19239/Reads//CYP2A13.long_read.sub.fq
[M::main] Real time: 0.045 sec; CPU: 0.092 sec; Peak RSS: 0.009 GB
[M::mm_idx_gen::0.106*1.05] collected minimizers
[M::mm_idx_gen::0.120*2.07] sorted minimizers
[M::main::0.120*2.07] loaded/built the index for 56 target sequence(s)
[M::mm_mapopt_update::0.122*2.06] mid_occ = 785
[M::mm_idx_stat] kmer size: 15; skip: 10; is_hpc: 0; #seq: 56
[M::mm_idx_stat::0.122*2.05] distinct minimizers: 7510 (0.36% are singletons); average occurrences: 55.735; average spacing: 5.315; total length: 2224652
[M::main] Version: 2.24-r1122
[M::main] CMD: minimap2 -t 12 -x map-ont -E 8,4 -p 0.1 -N 100000 -a /project/home/pouria/opt/src/SpecImmune/scripts/../db//CYP/CYP2C8/CYP2C8.fasta /project/home/pouria/opt/src/SpecImmune/runs/ont_chr22/20230829_PAQ96827_NA19239/20230829_PAQ96827_NA19239/Reads//CYP2C8.long_read.sub.fq
[M::main] Real time: 0.126 sec; CPU: 0.254 sec; Peak RSS: 0.019 GB
[M::mm_idx_gen::0.354*1.01] collected minimizers
[M::mm_idx_gen::0.428*2.78] sorted minimizers
[M::main::0.428*2.78] loaded/built the index for 120 target sequence(s)
[M::mm_mapopt_update::0.430*2.77] mid_occ = 721
[M::mm_idx_stat] kmer size: 15; skip: 10; is_hpc: 0; #seq: 120
[M::mm_idx_stat::0.432*2.76] distinct minimizers: 17310 (0.78% are singletons); average occurrences: 131.008; average spacing: 5.285; total length: 11984512
[M::main] Version: 2.24-r1122
[M::main] CMD: minimap2 -t 12 -x map-ont -E 8,4 -p 0.1 -N 100000 -a /project/home/pouria/opt/src/SpecImmune/scripts/../db//CYP/CYP2C19/CYP2C19.fasta /project/home/pouria/opt/src/SpecImmune/runs/ont_chr22/20230829_PAQ96827_NA19239/20230829_PAQ96827_NA19239/Reads//CYP2C19.long_read.sub.fq
[M::main] Real time: 0.439 sec; CPU: 1.199 sec; Peak RSS: 0.087 GB
[M::mm_idx_gen::0.229*1.02] collected minimizers
[M::mm_idx_gen::0.263*2.32] sorted minimizers
[M::main::0.263*2.32] loaded/built the index for 158 target sequence(s)
[M::mm_mapopt_update::0.264*2.32] mid_occ = 1581
[M::mm_idx_stat] kmer size: 15; skip: 10; is_hpc: 0; #seq: 158
[M::mm_idx_stat::0.265*2.31] distinct minimizers: 6595 (1.24% are singletons); average occurrences: 155.282; average spacing: 5.261; total length: 5387484
[M::main] Version: 2.24-r1122
[M::main] CMD: minimap2 -t 12 -x map-ont -E 8,4 -p 0.1 -N 100000 -a /project/home/pouria/opt/src/SpecImmune/scripts/../db//CYP/CYP2B6/CYP2B6.fasta /project/home/pouria/opt/src/SpecImmune/runs/ont_chr22/20230829_PAQ96827_NA19239/20230829_PAQ96827_NA19239/Reads//CYP2B6.long_read.sub.fq
[M::main] Real time: 0.269 sec; CPU: 0.617 sec; Peak RSS: 0.046 GB
[M::mm_idx_gen::0.102*1.04] collected minimizers
[M::mm_idx_gen::0.120*2.43] sorted minimizers
[M::main::0.120*2.43] loaded/built the index for 125 target sequence(s)
[M::mm_mapopt_update::0.121*2.42] mid_occ = 1251
[M::mm_idx_stat] kmer size: 15; skip: 10; is_hpc: 0; #seq: 125
[M::mm_idx_stat::0.121*2.42] distinct minimizers: 2883 (3.12% are singletons); average occurrences: 120.729; average spacing: 5.302; total length: 1845372
[M::main] Version: 2.24-r1122
[M::main] CMD: minimap2 -t 12 -x map-ont -E 8,4 -p 0.1 -N 100000 -a /project/home/pouria/opt/src/SpecImmune/scripts/../db//CYP/CYP1A2/CYP1A2.fasta /project/home/pouria/opt/src/SpecImmune/runs/ont_chr22/20230829_PAQ96827_NA19239/20230829_PAQ96827_NA19239/Reads//CYP1A2.long_read.sub.fq
[M::main] Real time: 0.123 sec; CPU: 0.295 sec; Peak RSS: 0.015 GB
[M::mm_idx_gen::0.077*1.06] collected minimizers
[M::mm_idx_gen::0.088*1.92] sorted minimizers
[M::main::0.088*1.92] loaded/built the index for 52 target sequence(s)
[M::mm_mapopt_update::0.089*1.91] mid_occ = 573
[M::mm_idx_stat] kmer size: 15; skip: 10; is_hpc: 0; #seq: 52
[M::mm_idx_stat::0.089*1.91] distinct minimizers: 4151 (0.63% are singletons); average occurrences: 52.199; average spacing: 5.322; total length: 1153172
[M::main] Version: 2.24-r1122
[M::main] CMD: minimap2 -t 12 -x map-ont -E 8,4 -p 0.1 -N 100000 -a /project/home/pouria/opt/src/SpecImmune/scripts/../db//CYP/NUDT15/NUDT15.fasta /project/home/pouria/opt/src/SpecImmune/runs/ont_chr22/20230829_PAQ96827_NA19239/20230829_PAQ96827_NA19239/Reads//NUDT15.long_read.sub.fq
[M::main] Real time: 0.092 sec; CPU: 0.172 sec; Peak RSS: 0.013 GB
[M::mm_idx_gen::0.175*1.03] collected minimizers
[M::mm_idx_gen::0.208*2.63] sorted minimizers
[M::main::0.208*2.63] loaded/built the index for 106 target sequence(s)
[M::mm_mapopt_update::0.209*2.62] mid_occ = 319
[M::mm_idx_stat] kmer size: 15; skip: 10; is_hpc: 0; #seq: 106
[M::mm_idx_stat::0.210*2.62] distinct minimizers: 6552 (0.60% are singletons); average occurrences: 103.899; average spacing: 5.326; total length: 3625734
[M::main] Version: 2.24-r1122
[M::main] CMD: minimap2 -t 12 -x map-ont -E 8,4 -p 0.1 -N 100000 -a /project/home/pouria/opt/src/SpecImmune/scripts/../db//CYP/CYP3A4/CYP3A4.fasta /project/home/pouria/opt/src/SpecImmune/runs/ont_chr22/20230829_PAQ96827_NA19239/20230829_PAQ96827_NA19239/Reads//CYP3A4.long_read.sub.fq
[M::main] Real time: 0.213 sec; CPU: 0.552 sec; Peak RSS: 0.028 GB
[M::mm_idx_gen::0.089*1.05] collected minimizers
[M::mm_idx_gen::0.106*2.66] sorted minimizers
[M::main::0.106*2.65] loaded/built the index for 128 target sequence(s)
[M::mm_mapopt_update::0.107*2.65] mid_occ = 4093
[M::mm_idx_stat] kmer size: 15; skip: 10; is_hpc: 0; #seq: 128
[M::mm_idx_stat::0.107*2.64] distinct minimizers: 3051 (4.65% are singletons); average occurrences: 110.183; average spacing: 5.296; total length: 1780337
[M::main] Version: 2.24-r1122
[M::main] CMD: minimap2 -t 12 -x map-ont -E 8,4 -p 0.1 -N 100000 -a /project/home/pouria/opt/src/SpecImmune/scripts/../db//CYP/CYP2A6/CYP2A6.fasta /project/home/pouria/opt/src/SpecImmune/runs/ont_chr22/20230829_PAQ96827_NA19239/20230829_PAQ96827_NA19239/Reads//CYP2A6.long_read.sub.fq
[M::main] Real time: 0.109 sec; CPU: 0.284 sec; Peak RSS: 0.016 GB
[M::mm_idx_gen::0.400*1.01] collected minimizers
[M::mm_idx_gen::0.456*2.23] sorted minimizers
[M::main::0.456*2.22] loaded/built the index for 204 target sequence(s)
[M::mm_mapopt_update::0.457*2.22] mid_occ = 1225
[M::mm_idx_stat] kmer size: 15; skip: 10; is_hpc: 0; #seq: 204
[M::mm_idx_stat::0.459*2.22] distinct minimizers: 11099 (0.52% are singletons); average occurrences: 202.367; average spacing: 5.353; total length: 12022511
[M::main] Version: 2.24-r1122
[M::main] CMD: minimap2 -t 12 -x map-ont -E 8,4 -p 0.1 -N 100000 -a /project/home/pouria/opt/src/SpecImmune/scripts/../db//CYP/CYP2C9/CYP2C9.fasta /project/home/pouria/opt/src/SpecImmune/runs/ont_chr22/20230829_PAQ96827_NA19239/20230829_PAQ96827_NA19239/Reads//CYP2C9.long_read.sub.fq
[M::main] Real time: 0.470 sec; CPU: 1.028 sec; Peak RSS: 0.090 GB
[M::mm_idx_gen::0.430*1.01] collected minimizers
[M::mm_idx_gen::0.514*2.69] sorted minimizers
[M::main::0.514*2.69] loaded/built the index for 122 target sequence(s)
[M::mm_mapopt_update::0.517*2.69] mid_occ = 855
[M::mm_idx_stat] kmer size: 15; skip: 10; is_hpc: 0; #seq: 122
[M::mm_idx_stat::0.519*2.68] distinct minimizers: 21086 (0.10% are singletons); average occurrences: 125.608; average spacing: 5.325; total length: 14103566
[M::main] Version: 2.24-r1122
[M::main] CMD: minimap2 -t 12 -x map-ont -E 8,4 -p 0.1 -N 100000 -a /project/home/pouria/opt/src/SpecImmune/scripts/../db//CYP/SLCO1B1/SLCO1B1.fasta /project/home/pouria/opt/src/SpecImmune/runs/ont_chr22/20230829_PAQ96827_NA19239/20230829_PAQ96827_NA19239/Reads//SLCO1B1.long_read.sub.fq
[M::main] Real time: 0.528 sec; CPU: 1.400 sec; Peak RSS: 0.099 GB
[M::mm_idx_gen::0.142*1.03] collected minimizers
[M::mm_idx_gen::0.164*2.37] sorted minimizers
[M::main::0.164*2.37] loaded/built the index for 156 target sequence(s)
[M::mm_mapopt_update::0.165*2.36] mid_occ = 313
[M::mm_idx_stat] kmer size: 15; skip: 10; is_hpc: 0; #seq: 156
[M::mm_idx_stat::0.165*2.36] distinct minimizers: 3476 (2.22% are singletons); average occurrences: 146.167; average spacing: 5.210; total length: 2647164
[M::main] Version: 2.24-r1122
[M::main] CMD: minimap2 -t 12 -x map-ont -E 8,4 -p 0.1 -N 100000 -a /project/home/pouria/opt/src/SpecImmune/scripts/../db//CYP/NAT2/NAT2.fasta /project/home/pouria/opt/src/SpecImmune/runs/ont_chr22/20230829_PAQ96827_NA19239/20230829_PAQ96827_NA19239/Reads//NAT2.long_read.sub.fq
[M::main] Real time: 0.168 sec; CPU: 0.392 sec; Peak RSS: 0.024 GB
[M::mm_idx_gen::0.078*1.06] collected minimizers
[M::mm_idx_gen::0.102*3.40] sorted minimizers
[M::main::0.102*3.40] loaded/built the index for 66 target sequence(s)
[M::mm_mapopt_update::0.103*3.38] mid_occ = 925
[M::mm_idx_stat] kmer size: 15; skip: 10; is_hpc: 0; #seq: 66
[M::mm_idx_stat::0.104*3.36] distinct minimizers: 5004 (0.56% are singletons); average occurrences: 67.959; average spacing: 5.250; total length: 1785366
[M::main] Version: 2.24-r1122
[M::main] CMD: minimap2 -t 12 -x map-ont -E 8,4 -p 0.1 -N 100000 -a /project/home/pouria/opt/src/SpecImmune/scripts/../db//CYP/CYP4F2/CYP4F2.fasta /project/home/pouria/opt/src/SpecImmune/runs/ont_chr22/20230829_PAQ96827_NA19239/20230829_PAQ96827_NA19239/Reads//CYP4F2.long_read.sub.fq
[M::main] Real time: 0.107 sec; CPU: 0.352 sec; Peak RSS: 0.019 GB
[M::mm_idx_gen::0.095*1.05] collected minimizers
[M::mm_idx_gen::0.109*2.14] sorted minimizers
[M::main::0.109*2.14] loaded/built the index for 37 target sequence(s)
[M::mm_mapopt_update::0.110*2.13] mid_occ = 630
[M::mm_idx_stat] kmer size: 15; skip: 10; is_hpc: 0; #seq: 37
[M::mm_idx_stat::0.111*2.12] distinct minimizers: 7283 (0.96% are singletons); average occurrences: 37.011; average spacing: 5.327; total length: 1435788
[M::main] Version: 2.24-r1122
[M::main] CMD: minimap2 -t 12 -x map-ont -E 8,4 -p 0.1 -N 100000 -a /project/home/pouria/opt/src/SpecImmune/scripts/../db//CYP/CYP3A5/CYP3A5.fasta /project/home/pouria/opt/src/SpecImmune/runs/ont_chr22/20230829_PAQ96827_NA19239/20230829_PAQ96827_NA19239/Reads//CYP3A5.long_read.sub.fq
[M::main] Real time: 0.114 sec; CPU: 0.238 sec; Peak RSS: 0.015 GB
[M::mm_idx_gen::51.547*1.77] collected minimizers
[M::mm_idx_gen::58.410*2.67] sorted minimizers
[M::main::58.410*2.67] loaded/built the index for 25 target sequence(s)
[M::mm_mapopt_update::60.865*2.60] mid_occ = 702
[M::mm_idx_stat] kmer size: 15; skip: 10; is_hpc: 0; #seq: 25
[M::mm_idx_stat::62.049*2.57] distinct minimizers: 100128857 (38.82% are singletons); average occurrences: 5.521; average spacing: 5.586; total length: 3088286401
[M::worker_pipeline::69.425*3.16] mapped 13477 sequences
[M::main] Version: 2.24-r1122
[M::main] CMD: minimap2 -R @RG\tID:20230829_PAQ96827_NA19239\tSM:20230829_PAQ96827_NA19239 -t 12 -a /project/shared/inumanag-aldy-ont/GRCh38_no_alts.fa /project/home/pouria/opt/src/SpecImmune/runs/ont_chr22/20230829_PAQ96827_NA19239/20230829_PAQ96827_NA19239.fastq.gz
[M::main] Real time: 69.687 sec; CPU: 219.988 sec; Peak RSS: 11.340 GB
