[M::bam2fq_mainloop] discarded 0 singletons
[M::bam2fq_mainloop] processed 41310 reads
[M::mm_idx_gen::0.243*1.01] collected minimizers
[M::mm_idx_gen::0.270*1.94] sorted minimizers
[M::main::0.270*1.94] loaded/built the index for 553 target sequence(s)
[M::mm_mapopt_update::0.271*1.94] mid_occ = 2213
[M::mm_idx_stat] kmer size: 15; skip: 10; is_hpc: 0; #seq: 553
[M::mm_idx_stat::0.272*1.94] distinct minimizers: 3211 (13.77% are singletons); average occurrences: 357.246; average spacing: 5.453; total length: 6255536
[M::main] Version: 2.24-r1122
[M::main] CMD: minimap2 -t 12 -x map-ont -E 8,4 -p 0.1 -N 100000 -a /project/home/pouria/opt/src/SpecImmune/scripts/../db//CYP/CYP2D6/CYP2D6.fasta /project/home/pouria/opt/src/SpecImmune/runs/ont_chr22/20230807_PAQ20071_barcode19/20230807_PAQ20071_barcode19/Reads//CYP2D6.long_read.sub.fq
[M::main] Real time: 0.280 sec; CPU: 0.535 sec; Peak RSS: 0.052 GB
[M::mm_idx_gen::0.033*1.12] collected minimizers
[M::mm_idx_gen::0.040*2.29] sorted minimizers
[M::main::0.040*2.29] loaded/built the index for 31 target sequence(s)
[M::mm_mapopt_update::0.041*2.27] mid_occ = 838
[M::mm_idx_stat] kmer size: 15; skip: 10; is_hpc: 0; #seq: 31
[M::mm_idx_stat::0.041*2.25] distinct minimizers: 2845 (1.51% are singletons); average occurrences: 30.637; average spacing: 5.240; total length: 456698
[M::main] Version: 2.24-r1122
[M::main] CMD: minimap2 -t 12 -x map-ont -E 8,4 -p 0.1 -N 100000 -a /project/home/pouria/opt/src/SpecImmune/scripts/../db//CYP/CYP2A13/CYP2A13.fasta /project/home/pouria/opt/src/SpecImmune/runs/ont_chr22/20230807_PAQ20071_barcode19/20230807_PAQ20071_barcode19/Reads//CYP2A13.long_read.sub.fq
[M::main] Real time: 0.043 sec; CPU: 0.095 sec; Peak RSS: 0.007 GB
[M::mm_idx_gen::0.120*1.04] collected minimizers
[M::mm_idx_gen::0.136*1.97] sorted minimizers
[M::main::0.136*1.97] loaded/built the index for 56 target sequence(s)
[M::mm_mapopt_update::0.137*1.96] mid_occ = 785
[M::mm_idx_stat] kmer size: 15; skip: 10; is_hpc: 0; #seq: 56
[M::mm_idx_stat::0.138*1.96] distinct minimizers: 7510 (0.36% are singletons); average occurrences: 55.735; average spacing: 5.315; total length: 2224652
[M::main] Version: 2.24-r1122
[M::main] CMD: minimap2 -t 12 -x map-ont -E 8,4 -p 0.1 -N 100000 -a /project/home/pouria/opt/src/SpecImmune/scripts/../db//CYP/CYP2C8/CYP2C8.fasta /project/home/pouria/opt/src/SpecImmune/runs/ont_chr22/20230807_PAQ20071_barcode19/20230807_PAQ20071_barcode19/Reads//CYP2C8.long_read.sub.fq
[M::main] Real time: 0.141 sec; CPU: 0.273 sec; Peak RSS: 0.018 GB
[M::mm_idx_gen::0.385*1.01] collected minimizers
[M::mm_idx_gen::0.461*2.69] sorted minimizers
[M::main::0.461*2.69] loaded/built the index for 120 target sequence(s)
[M::mm_mapopt_update::0.463*2.68] mid_occ = 721
[M::mm_idx_stat] kmer size: 15; skip: 10; is_hpc: 0; #seq: 120
[M::mm_idx_stat::0.465*2.68] distinct minimizers: 17310 (0.78% are singletons); average occurrences: 131.008; average spacing: 5.285; total length: 11984512
[M::main] Version: 2.24-r1122
[M::main] CMD: minimap2 -t 12 -x map-ont -E 8,4 -p 0.1 -N 100000 -a /project/home/pouria/opt/src/SpecImmune/scripts/../db//CYP/CYP2C19/CYP2C19.fasta /project/home/pouria/opt/src/SpecImmune/runs/ont_chr22/20230807_PAQ20071_barcode19/20230807_PAQ20071_barcode19/Reads//CYP2C19.long_read.sub.fq
[M::main] Real time: 0.471 sec; CPU: 1.251 sec; Peak RSS: 0.087 GB
[M::mm_idx_gen::0.227*1.02] collected minimizers
[M::mm_idx_gen::0.262*2.38] sorted minimizers
[M::main::0.262*2.38] loaded/built the index for 158 target sequence(s)
[M::mm_mapopt_update::0.263*2.37] mid_occ = 1581
[M::mm_idx_stat] kmer size: 15; skip: 10; is_hpc: 0; #seq: 158
[M::mm_idx_stat::0.264*2.37] distinct minimizers: 6595 (1.24% are singletons); average occurrences: 155.282; average spacing: 5.261; total length: 5387484
[M::main] Version: 2.24-r1122
[M::main] CMD: minimap2 -t 12 -x map-ont -E 8,4 -p 0.1 -N 100000 -a /project/home/pouria/opt/src/SpecImmune/scripts/../db//CYP/CYP2B6/CYP2B6.fasta /project/home/pouria/opt/src/SpecImmune/runs/ont_chr22/20230807_PAQ20071_barcode19/20230807_PAQ20071_barcode19/Reads//CYP2B6.long_read.sub.fq
[M::main] Real time: 0.267 sec; CPU: 0.627 sec; Peak RSS: 0.046 GB
[M::mm_idx_gen::0.090*1.06] collected minimizers
[M::mm_idx_gen::0.106*2.54] sorted minimizers
[M::main::0.106*2.54] loaded/built the index for 125 target sequence(s)
[M::mm_mapopt_update::0.107*2.53] mid_occ = 1251
[M::mm_idx_stat] kmer size: 15; skip: 10; is_hpc: 0; #seq: 125
[M::mm_idx_stat::0.107*2.52] distinct minimizers: 2883 (3.12% are singletons); average occurrences: 120.729; average spacing: 5.302; total length: 1845372
[M::main] Version: 2.24-r1122
[M::main] CMD: minimap2 -t 12 -x map-ont -E 8,4 -p 0.1 -N 100000 -a /project/home/pouria/opt/src/SpecImmune/scripts/../db//CYP/CYP1A2/CYP1A2.fasta /project/home/pouria/opt/src/SpecImmune/runs/ont_chr22/20230807_PAQ20071_barcode19/20230807_PAQ20071_barcode19/Reads//CYP1A2.long_read.sub.fq
[M::main] Real time: 0.109 sec; CPU: 0.273 sec; Peak RSS: 0.014 GB
[M::mm_idx_gen::0.077*1.06] collected minimizers
[M::mm_idx_gen::0.087*1.94] sorted minimizers
[M::main::0.087*1.94] loaded/built the index for 52 target sequence(s)
[M::mm_mapopt_update::0.088*1.93] mid_occ = 573
[M::mm_idx_stat] kmer size: 15; skip: 10; is_hpc: 0; #seq: 52
[M::mm_idx_stat::0.088*1.92] distinct minimizers: 4151 (0.63% are singletons); average occurrences: 52.199; average spacing: 5.322; total length: 1153172
[M::main] Version: 2.24-r1122
[M::main] CMD: minimap2 -t 12 -x map-ont -E 8,4 -p 0.1 -N 100000 -a /project/home/pouria/opt/src/SpecImmune/scripts/../db//CYP/NUDT15/NUDT15.fasta /project/home/pouria/opt/src/SpecImmune/runs/ont_chr22/20230807_PAQ20071_barcode19/20230807_PAQ20071_barcode19/Reads//NUDT15.long_read.sub.fq
[M::main] Real time: 0.090 sec; CPU: 0.172 sec; Peak RSS: 0.011 GB
[M::mm_idx_gen::0.146*1.03] collected minimizers
[M::mm_idx_gen::0.183*3.04] sorted minimizers
[M::main::0.183*3.04] loaded/built the index for 106 target sequence(s)
[M::mm_mapopt_update::0.184*3.03] mid_occ = 319
[M::mm_idx_stat] kmer size: 15; skip: 10; is_hpc: 0; #seq: 106
[M::mm_idx_stat::0.185*3.02] distinct minimizers: 6552 (0.60% are singletons); average occurrences: 103.899; average spacing: 5.326; total length: 3625734
[M::main] Version: 2.24-r1122
[M::main] CMD: minimap2 -t 12 -x map-ont -E 8,4 -p 0.1 -N 100000 -a /project/home/pouria/opt/src/SpecImmune/scripts/../db//CYP/CYP3A4/CYP3A4.fasta /project/home/pouria/opt/src/SpecImmune/runs/ont_chr22/20230807_PAQ20071_barcode19/20230807_PAQ20071_barcode19/Reads//CYP3A4.long_read.sub.fq
[M::main] Real time: 0.189 sec; CPU: 0.562 sec; Peak RSS: 0.028 GB
[M::mm_idx_gen::0.102*1.04] collected minimizers
[M::mm_idx_gen::0.118*2.30] sorted minimizers
[M::main::0.118*2.30] loaded/built the index for 128 target sequence(s)
[M::mm_mapopt_update::0.118*2.29] mid_occ = 4093
[M::mm_idx_stat] kmer size: 15; skip: 10; is_hpc: 0; #seq: 128
[M::mm_idx_stat::0.119*2.28] distinct minimizers: 3051 (4.65% are singletons); average occurrences: 110.183; average spacing: 5.296; total length: 1780337
[M::main] Version: 2.24-r1122
[M::main] CMD: minimap2 -t 12 -x map-ont -E 8,4 -p 0.1 -N 100000 -a /project/home/pouria/opt/src/SpecImmune/scripts/../db//CYP/CYP2A6/CYP2A6.fasta /project/home/pouria/opt/src/SpecImmune/runs/ont_chr22/20230807_PAQ20071_barcode19/20230807_PAQ20071_barcode19/Reads//CYP2A6.long_read.sub.fq
[M::main] Real time: 0.121 sec; CPU: 0.273 sec; Peak RSS: 0.015 GB
[M::mm_idx_gen::0.440*1.01] collected minimizers
[M::mm_idx_gen::0.501*2.23] sorted minimizers
[M::main::0.501*2.23] loaded/built the index for 204 target sequence(s)
[M::mm_mapopt_update::0.503*2.22] mid_occ = 1225
[M::mm_idx_stat] kmer size: 15; skip: 10; is_hpc: 0; #seq: 204
[M::mm_idx_stat::0.504*2.22] distinct minimizers: 11099 (0.52% are singletons); average occurrences: 202.367; average spacing: 5.353; total length: 12022511
[M::main] Version: 2.24-r1122
[M::main] CMD: minimap2 -t 12 -x map-ont -E 8,4 -p 0.1 -N 100000 -a /project/home/pouria/opt/src/SpecImmune/scripts/../db//CYP/CYP2C9/CYP2C9.fasta /project/home/pouria/opt/src/SpecImmune/runs/ont_chr22/20230807_PAQ20071_barcode19/20230807_PAQ20071_barcode19/Reads//CYP2C9.long_read.sub.fq
[M::main] Real time: 0.513 sec; CPU: 1.128 sec; Peak RSS: 0.090 GB
[M::mm_idx_gen::0.451*1.01] collected minimizers
[M::mm_idx_gen::0.531*2.56] sorted minimizers
[M::main::0.531*2.56] loaded/built the index for 122 target sequence(s)
[M::mm_mapopt_update::0.533*2.55] mid_occ = 855
[M::mm_idx_stat] kmer size: 15; skip: 10; is_hpc: 0; #seq: 122
[M::mm_idx_stat::0.534*2.55] distinct minimizers: 21086 (0.10% are singletons); average occurrences: 125.608; average spacing: 5.325; total length: 14103566
[M::main] Version: 2.24-r1122
[M::main] CMD: minimap2 -t 12 -x map-ont -E 8,4 -p 0.1 -N 100000 -a /project/home/pouria/opt/src/SpecImmune/scripts/../db//CYP/SLCO1B1/SLCO1B1.fasta /project/home/pouria/opt/src/SpecImmune/runs/ont_chr22/20230807_PAQ20071_barcode19/20230807_PAQ20071_barcode19/Reads//SLCO1B1.long_read.sub.fq
[M::main] Real time: 0.542 sec; CPU: 1.369 sec; Peak RSS: 0.099 GB
[M::mm_idx_gen::0.069*1.04] collected minimizers
[M::mm_idx_gen::0.088*3.16] sorted minimizers
[M::main::0.088*3.16] loaded/built the index for 156 target sequence(s)
[M::mm_mapopt_update::0.089*3.15] mid_occ = 313
[M::mm_idx_stat] kmer size: 15; skip: 10; is_hpc: 0; #seq: 156
[M::mm_idx_stat::0.089*3.14] distinct minimizers: 3476 (2.22% are singletons); average occurrences: 146.167; average spacing: 5.210; total length: 2647164
[M::main] Version: 2.24-r1122
[M::main] CMD: minimap2 -t 12 -x map-ont -E 8,4 -p 0.1 -N 100000 -a /project/home/pouria/opt/src/SpecImmune/scripts/../db//CYP/NAT2/NAT2.fasta /project/home/pouria/opt/src/SpecImmune/runs/ont_chr22/20230807_PAQ20071_barcode19/20230807_PAQ20071_barcode19/Reads//NAT2.long_read.sub.fq
[M::main] Real time: 0.090 sec; CPU: 0.281 sec; Peak RSS: 0.024 GB
[M::mm_idx_gen::0.102*1.05] collected minimizers
[M::mm_idx_gen::0.127*3.08] sorted minimizers
[M::main::0.128*3.08] loaded/built the index for 66 target sequence(s)
[M::mm_mapopt_update::0.128*3.06] mid_occ = 925
[M::mm_idx_stat] kmer size: 15; skip: 10; is_hpc: 0; #seq: 66
[M::mm_idx_stat::0.129*3.05] distinct minimizers: 5004 (0.56% are singletons); average occurrences: 67.959; average spacing: 5.250; total length: 1785366
[M::main] Version: 2.24-r1122
[M::main] CMD: minimap2 -t 12 -x map-ont -E 8,4 -p 0.1 -N 100000 -a /project/home/pouria/opt/src/SpecImmune/scripts/../db//CYP/CYP4F2/CYP4F2.fasta /project/home/pouria/opt/src/SpecImmune/runs/ont_chr22/20230807_PAQ20071_barcode19/20230807_PAQ20071_barcode19/Reads//CYP4F2.long_read.sub.fq
[M::main] Real time: 0.132 sec; CPU: 0.397 sec; Peak RSS: 0.020 GB
[M::mm_idx_gen::0.096*1.05] collected minimizers
[M::mm_idx_gen::0.111*2.05] sorted minimizers
[M::main::0.111*2.05] loaded/built the index for 37 target sequence(s)
[M::mm_mapopt_update::0.112*2.04] mid_occ = 630
[M::mm_idx_stat] kmer size: 15; skip: 10; is_hpc: 0; #seq: 37
[M::mm_idx_stat::0.113*2.03] distinct minimizers: 7283 (0.96% are singletons); average occurrences: 37.011; average spacing: 5.327; total length: 1435788
[M::main] Version: 2.24-r1122
[M::main] CMD: minimap2 -t 12 -x map-ont -E 8,4 -p 0.1 -N 100000 -a /project/home/pouria/opt/src/SpecImmune/scripts/../db//CYP/CYP3A5/CYP3A5.fasta /project/home/pouria/opt/src/SpecImmune/runs/ont_chr22/20230807_PAQ20071_barcode19/20230807_PAQ20071_barcode19/Reads//CYP3A5.long_read.sub.fq
[M::main] Real time: 0.116 sec; CPU: 0.232 sec; Peak RSS: 0.015 GB
[M::mm_idx_gen::51.632*1.74] collected minimizers
[M::mm_idx_gen::58.775*2.70] sorted minimizers
[M::main::58.775*2.70] loaded/built the index for 25 target sequence(s)
[M::mm_mapopt_update::61.454*2.62] mid_occ = 702
[M::mm_idx_stat] kmer size: 15; skip: 10; is_hpc: 0; #seq: 25
[M::mm_idx_stat::62.724*2.59] distinct minimizers: 100128857 (38.82% are singletons); average occurrences: 5.521; average spacing: 5.586; total length: 3088286401
[M::worker_pipeline::71.686*3.25] mapped 41310 sequences
[M::main] Version: 2.24-r1122
[M::main] CMD: minimap2 -R @RG\tID:20230807_PAQ20071_barcode19\tSM:20230807_PAQ20071_barcode19 -t 12 -a /project/shared/inumanag-aldy-ont/GRCh38_no_alts.fa /project/home/pouria/opt/src/SpecImmune/runs/ont_chr22/20230807_PAQ20071_barcode19/20230807_PAQ20071_barcode19.fastq.gz
[M::main] Real time: 71.941 sec; CPU: 232.944 sec; Peak RSS: 11.342 GB
