[M::bam2fq_mainloop] discarded 0 singletons
[M::bam2fq_mainloop] processed 19804 reads
[M::mm_idx_gen::0.166*1.02] collected minimizers
[M::mm_idx_gen::0.196*2.44] sorted minimizers
[M::main::0.197*2.44] loaded/built the index for 553 target sequence(s)
[M::mm_mapopt_update::0.198*2.43] mid_occ = 2213
[M::mm_idx_stat] kmer size: 15; skip: 10; is_hpc: 0; #seq: 553
[M::mm_idx_stat::0.199*2.42] distinct minimizers: 3211 (13.77% are singletons); average occurrences: 357.246; average spacing: 5.453; total length: 6255536
[M::main] Version: 2.24-r1122
[M::main] CMD: minimap2 -t 12 -x map-ont -E 8,4 -p 0.1 -N 100000 -a /project/home/pouria/opt/src/SpecImmune/scripts/../db//CYP/CYP2D6/CYP2D6.fasta /project/home/pouria/opt/src/SpecImmune/runs/ont_chr22/20230728_PAQ19152_NA19174/20230728_PAQ19152_NA19174/Reads//CYP2D6.long_read.sub.fq
[M::main] Real time: 0.206 sec; CPU: 0.489 sec; Peak RSS: 0.052 GB
[M::mm_idx_gen::0.014*1.33] collected minimizers
[M::mm_idx_gen::0.019*3.20] sorted minimizers
[M::main::0.019*3.19] loaded/built the index for 31 target sequence(s)
[M::mm_mapopt_update::0.020*3.13] mid_occ = 838
[M::mm_idx_stat] kmer size: 15; skip: 10; is_hpc: 0; #seq: 31
[M::mm_idx_stat::0.020*3.08] distinct minimizers: 2845 (1.51% are singletons); average occurrences: 30.637; average spacing: 5.240; total length: 456698
[M::main] Version: 2.24-r1122
[M::main] CMD: minimap2 -t 12 -x map-ont -E 8,4 -p 0.1 -N 100000 -a /project/home/pouria/opt/src/SpecImmune/scripts/../db//CYP/CYP2A13/CYP2A13.fasta /project/home/pouria/opt/src/SpecImmune/runs/ont_chr22/20230728_PAQ19152_NA19174/20230728_PAQ19152_NA19174/Reads//CYP2A13.long_read.sub.fq
[M::main] Real time: 0.022 sec; CPU: 0.063 sec; Peak RSS: 0.006 GB
[M::mm_idx_gen::0.126*1.04] collected minimizers
[M::mm_idx_gen::0.139*1.84] sorted minimizers
[M::main::0.139*1.84] loaded/built the index for 56 target sequence(s)
[M::mm_mapopt_update::0.141*1.83] mid_occ = 785
[M::mm_idx_stat] kmer size: 15; skip: 10; is_hpc: 0; #seq: 56
[M::mm_idx_stat::0.141*1.83] distinct minimizers: 7510 (0.36% are singletons); average occurrences: 55.735; average spacing: 5.315; total length: 2224652
[M::main] Version: 2.24-r1122
[M::main] CMD: minimap2 -t 12 -x map-ont -E 8,4 -p 0.1 -N 100000 -a /project/home/pouria/opt/src/SpecImmune/scripts/../db//CYP/CYP2C8/CYP2C8.fasta /project/home/pouria/opt/src/SpecImmune/runs/ont_chr22/20230728_PAQ19152_NA19174/20230728_PAQ19152_NA19174/Reads//CYP2C8.long_read.sub.fq
[M::main] Real time: 0.144 sec; CPU: 0.262 sec; Peak RSS: 0.018 GB
[M::mm_idx_gen::0.466*1.01] collected minimizers
[M::mm_idx_gen::0.539*2.40] sorted minimizers
[M::main::0.539*2.40] loaded/built the index for 120 target sequence(s)
[M::mm_mapopt_update::0.541*2.39] mid_occ = 721
[M::mm_idx_stat] kmer size: 15; skip: 10; is_hpc: 0; #seq: 120
[M::mm_idx_stat::0.543*2.39] distinct minimizers: 17310 (0.78% are singletons); average occurrences: 131.008; average spacing: 5.285; total length: 11984512
[M::main] Version: 2.24-r1122
[M::main] CMD: minimap2 -t 12 -x map-ont -E 8,4 -p 0.1 -N 100000 -a /project/home/pouria/opt/src/SpecImmune/scripts/../db//CYP/CYP2C19/CYP2C19.fasta /project/home/pouria/opt/src/SpecImmune/runs/ont_chr22/20230728_PAQ19152_NA19174/20230728_PAQ19152_NA19174/Reads//CYP2C19.long_read.sub.fq
[M::main] Real time: 0.551 sec; CPU: 1.304 sec; Peak RSS: 0.087 GB
[M::mm_idx_gen::0.202*1.02] collected minimizers
[M::mm_idx_gen::0.236*2.48] sorted minimizers
[M::main::0.236*2.48] loaded/built the index for 158 target sequence(s)
[M::mm_mapopt_update::0.237*2.47] mid_occ = 1581
[M::mm_idx_stat] kmer size: 15; skip: 10; is_hpc: 0; #seq: 158
[M::mm_idx_stat::0.238*2.47] distinct minimizers: 6595 (1.24% are singletons); average occurrences: 155.282; average spacing: 5.261; total length: 5387484
[M::main] Version: 2.24-r1122
[M::main] CMD: minimap2 -t 12 -x map-ont -E 8,4 -p 0.1 -N 100000 -a /project/home/pouria/opt/src/SpecImmune/scripts/../db//CYP/CYP2B6/CYP2B6.fasta /project/home/pouria/opt/src/SpecImmune/runs/ont_chr22/20230728_PAQ19152_NA19174/20230728_PAQ19152_NA19174/Reads//CYP2B6.long_read.sub.fq
[M::main] Real time: 0.242 sec; CPU: 0.591 sec; Peak RSS: 0.048 GB
[M::mm_idx_gen::0.044*1.10] collected minimizers
[M::mm_idx_gen::0.058*3.46] sorted minimizers
[M::main::0.058*3.46] loaded/built the index for 125 target sequence(s)
[M::mm_mapopt_update::0.059*3.43] mid_occ = 1251
[M::mm_idx_stat] kmer size: 15; skip: 10; is_hpc: 0; #seq: 125
[M::mm_idx_stat::0.059*3.42] distinct minimizers: 2883 (3.12% are singletons); average occurrences: 120.729; average spacing: 5.302; total length: 1845372
[M::main] Version: 2.24-r1122
[M::main] CMD: minimap2 -t 12 -x map-ont -E 8,4 -p 0.1 -N 100000 -a /project/home/pouria/opt/src/SpecImmune/scripts/../db//CYP/CYP1A2/CYP1A2.fasta /project/home/pouria/opt/src/SpecImmune/runs/ont_chr22/20230728_PAQ19152_NA19174/20230728_PAQ19152_NA19174/Reads//CYP1A2.long_read.sub.fq
[M::main] Real time: 0.061 sec; CPU: 0.205 sec; Peak RSS: 0.014 GB
[M::mm_idx_gen::0.030*1.07] collected minimizers
[M::mm_idx_gen::0.039*2.86] sorted minimizers
[M::main::0.039*2.86] loaded/built the index for 52 target sequence(s)
[M::mm_mapopt_update::0.040*2.84] mid_occ = 573
[M::mm_idx_stat] kmer size: 15; skip: 10; is_hpc: 0; #seq: 52
[M::mm_idx_stat::0.040*2.82] distinct minimizers: 4151 (0.63% are singletons); average occurrences: 52.199; average spacing: 5.322; total length: 1153172
[M::main] Version: 2.24-r1122
[M::main] CMD: minimap2 -t 12 -x map-ont -E 8,4 -p 0.1 -N 100000 -a /project/home/pouria/opt/src/SpecImmune/scripts/../db//CYP/NUDT15/NUDT15.fasta /project/home/pouria/opt/src/SpecImmune/runs/ont_chr22/20230728_PAQ19152_NA19174/20230728_PAQ19152_NA19174/Reads//NUDT15.long_read.sub.fq
[M::main] Real time: 0.041 sec; CPU: 0.114 sec; Peak RSS: 0.011 GB
[M::mm_idx_gen::0.116*1.04] collected minimizers
[M::mm_idx_gen::0.150*3.33] sorted minimizers
[M::main::0.150*3.33] loaded/built the index for 106 target sequence(s)
[M::mm_mapopt_update::0.151*3.31] mid_occ = 319
[M::mm_idx_stat] kmer size: 15; skip: 10; is_hpc: 0; #seq: 106
[M::mm_idx_stat::0.152*3.29] distinct minimizers: 6552 (0.60% are singletons); average occurrences: 103.899; average spacing: 5.326; total length: 3625734
[M::main] Version: 2.24-r1122
[M::main] CMD: minimap2 -t 12 -x map-ont -E 8,4 -p 0.1 -N 100000 -a /project/home/pouria/opt/src/SpecImmune/scripts/../db//CYP/CYP3A4/CYP3A4.fasta /project/home/pouria/opt/src/SpecImmune/runs/ont_chr22/20230728_PAQ19152_NA19174/20230728_PAQ19152_NA19174/Reads//CYP3A4.long_read.sub.fq
[M::main] Real time: 0.156 sec; CPU: 0.506 sec; Peak RSS: 0.028 GB
[M::mm_idx_gen::0.096*1.03] collected minimizers
[M::mm_idx_gen::0.111*2.34] sorted minimizers
[M::main::0.111*2.34] loaded/built the index for 128 target sequence(s)
[M::mm_mapopt_update::0.112*2.33] mid_occ = 4093
[M::mm_idx_stat] kmer size: 15; skip: 10; is_hpc: 0; #seq: 128
[M::mm_idx_stat::0.112*2.33] distinct minimizers: 3051 (4.65% are singletons); average occurrences: 110.183; average spacing: 5.296; total length: 1780337
[M::main] Version: 2.24-r1122
[M::main] CMD: minimap2 -t 12 -x map-ont -E 8,4 -p 0.1 -N 100000 -a /project/home/pouria/opt/src/SpecImmune/scripts/../db//CYP/CYP2A6/CYP2A6.fasta /project/home/pouria/opt/src/SpecImmune/runs/ont_chr22/20230728_PAQ19152_NA19174/20230728_PAQ19152_NA19174/Reads//CYP2A6.long_read.sub.fq
[M::main] Real time: 0.113 sec; CPU: 0.263 sec; Peak RSS: 0.016 GB
[M::mm_idx_gen::0.374*1.01] collected minimizers
[M::mm_idx_gen::0.424*2.16] sorted minimizers
[M::main::0.424*2.16] loaded/built the index for 204 target sequence(s)
[M::mm_mapopt_update::0.424*2.16] mid_occ = 1225
[M::mm_idx_stat] kmer size: 15; skip: 10; is_hpc: 0; #seq: 204
[M::mm_idx_stat::0.425*2.15] distinct minimizers: 11099 (0.52% are singletons); average occurrences: 202.367; average spacing: 5.353; total length: 12022511
[M::main] Version: 2.24-r1122
[M::main] CMD: minimap2 -t 12 -x map-ont -E 8,4 -p 0.1 -N 100000 -a /project/home/pouria/opt/src/SpecImmune/scripts/../db//CYP/CYP2C9/CYP2C9.fasta /project/home/pouria/opt/src/SpecImmune/runs/ont_chr22/20230728_PAQ19152_NA19174/20230728_PAQ19152_NA19174/Reads//CYP2C9.long_read.sub.fq
[M::main] Real time: 0.430 sec; CPU: 0.920 sec; Peak RSS: 0.090 GB
[M::mm_idx_gen::0.438*1.01] collected minimizers
[M::mm_idx_gen::0.512*2.49] sorted minimizers
[M::main::0.512*2.49] loaded/built the index for 122 target sequence(s)
[M::mm_mapopt_update::0.515*2.48] mid_occ = 855
[M::mm_idx_stat] kmer size: 15; skip: 10; is_hpc: 0; #seq: 122
[M::mm_idx_stat::0.517*2.47] distinct minimizers: 21086 (0.10% are singletons); average occurrences: 125.608; average spacing: 5.325; total length: 14103566
[M::main] Version: 2.24-r1122
[M::main] CMD: minimap2 -t 12 -x map-ont -E 8,4 -p 0.1 -N 100000 -a /project/home/pouria/opt/src/SpecImmune/scripts/../db//CYP/SLCO1B1/SLCO1B1.fasta /project/home/pouria/opt/src/SpecImmune/runs/ont_chr22/20230728_PAQ19152_NA19174/20230728_PAQ19152_NA19174/Reads//SLCO1B1.long_read.sub.fq
[M::main] Real time: 0.528 sec; CPU: 1.290 sec; Peak RSS: 0.099 GB
[M::mm_idx_gen::0.123*1.04] collected minimizers
[M::mm_idx_gen::0.145*2.53] sorted minimizers
[M::main::0.145*2.53] loaded/built the index for 156 target sequence(s)
[M::mm_mapopt_update::0.145*2.52] mid_occ = 313
[M::mm_idx_stat] kmer size: 15; skip: 10; is_hpc: 0; #seq: 156
[M::mm_idx_stat::0.146*2.52] distinct minimizers: 3476 (2.22% are singletons); average occurrences: 146.167; average spacing: 5.210; total length: 2647164
[M::main] Version: 2.24-r1122
[M::main] CMD: minimap2 -t 12 -x map-ont -E 8,4 -p 0.1 -N 100000 -a /project/home/pouria/opt/src/SpecImmune/scripts/../db//CYP/NAT2/NAT2.fasta /project/home/pouria/opt/src/SpecImmune/runs/ont_chr22/20230728_PAQ19152_NA19174/20230728_PAQ19152_NA19174/Reads//NAT2.long_read.sub.fq
[M::main] Real time: 0.148 sec; CPU: 0.370 sec; Peak RSS: 0.024 GB
[M::mm_idx_gen::0.107*1.03] collected minimizers
[M::mm_idx_gen::0.132*2.93] sorted minimizers
[M::main::0.132*2.93] loaded/built the index for 66 target sequence(s)
[M::mm_mapopt_update::0.133*2.91] mid_occ = 925
[M::mm_idx_stat] kmer size: 15; skip: 10; is_hpc: 0; #seq: 66
[M::mm_idx_stat::0.134*2.90] distinct minimizers: 5004 (0.56% are singletons); average occurrences: 67.959; average spacing: 5.250; total length: 1785366
[M::main] Version: 2.24-r1122
[M::main] CMD: minimap2 -t 12 -x map-ont -E 8,4 -p 0.1 -N 100000 -a /project/home/pouria/opt/src/SpecImmune/scripts/../db//CYP/CYP4F2/CYP4F2.fasta /project/home/pouria/opt/src/SpecImmune/runs/ont_chr22/20230728_PAQ19152_NA19174/20230728_PAQ19152_NA19174/Reads//CYP4F2.long_read.sub.fq
[M::main] Real time: 0.136 sec; CPU: 0.391 sec; Peak RSS: 0.020 GB
[M::mm_idx_gen::0.092*1.05] collected minimizers
[M::mm_idx_gen::0.107*2.22] sorted minimizers
[M::main::0.107*2.22] loaded/built the index for 37 target sequence(s)
[M::mm_mapopt_update::0.109*2.20] mid_occ = 630
[M::mm_idx_stat] kmer size: 15; skip: 10; is_hpc: 0; #seq: 37
[M::mm_idx_stat::0.109*2.20] distinct minimizers: 7283 (0.96% are singletons); average occurrences: 37.011; average spacing: 5.327; total length: 1435788
[M::main] Version: 2.24-r1122
[M::main] CMD: minimap2 -t 12 -x map-ont -E 8,4 -p 0.1 -N 100000 -a /project/home/pouria/opt/src/SpecImmune/scripts/../db//CYP/CYP3A5/CYP3A5.fasta /project/home/pouria/opt/src/SpecImmune/runs/ont_chr22/20230728_PAQ19152_NA19174/20230728_PAQ19152_NA19174/Reads//CYP3A5.long_read.sub.fq
[M::main] Real time: 0.112 sec; CPU: 0.243 sec; Peak RSS: 0.015 GB
[M::mm_idx_gen::50.310*1.74] collected minimizers
[M::mm_idx_gen::57.331*2.70] sorted minimizers
[M::main::57.331*2.70] loaded/built the index for 25 target sequence(s)
[M::mm_mapopt_update::60.087*2.62] mid_occ = 702
[M::mm_idx_stat] kmer size: 15; skip: 10; is_hpc: 0; #seq: 25
[M::mm_idx_stat::61.277*2.59] distinct minimizers: 100128857 (38.82% are singletons); average occurrences: 5.521; average spacing: 5.586; total length: 3088286401
[M::worker_pipeline::74.261*3.53] mapped 19804 sequences
[M::main] Version: 2.24-r1122
[M::main] CMD: minimap2 -R @RG\tID:20230728_PAQ19152_NA19174\tSM:20230728_PAQ19152_NA19174 -t 12 -a /project/shared/inumanag-aldy-ont/GRCh38_no_alts.fa /project/home/pouria/opt/src/SpecImmune/runs/ont_chr22/20230728_PAQ19152_NA19174/20230728_PAQ19152_NA19174.fastq.gz
[M::main] Real time: 74.456 sec; CPU: 262.155 sec; Peak RSS: 11.337 GB
