read binning...
start read binning...
WARNING: hg38 not provided, cannot type CYP genes
/project/home/pouria/opt/src/SpecImmune/runs/ont_chr22/20230815_PAS02078_barcode11/20230815_PAS02078_barcode11/20230815_PAS02078_barcode11.db.bam is detected, skip the alignment.
reads-binning done.
Finished.
alignment done.
alignment done.
alignment done.
alignment done.
alignment done.
alignment done.
alignment done.
alignment done.
alignment done.
alignment done.
alignment done.
alignment done.
alignment done.
alignment done.
WARNING: hg38 not provided, cannot type CYP genes
start type CYP2D6 for 20230815_PAS02078_barcode11...

finish matrix construction
CYP2D6 read num: 0 mapped allele num: 0
support read number is too low or the mapped allele num is too low for CYP2D6, skip typing
start type CYP2A13 for 20230815_PAS02078_barcode11...

finish matrix construction
CYP2A13 read num: 0 mapped allele num: 0
support read number is too low or the mapped allele num is too low for CYP2A13, skip typing
start type CYP2C8 for 20230815_PAS02078_barcode11...

finish matrix construction
CYP2C8 read num: 0 mapped allele num: 0
support read number is too low or the mapped allele num is too low for CYP2C8, skip typing
start type CYP2C19 for 20230815_PAS02078_barcode11...

finish matrix construction
CYP2C19 read num: 0 mapped allele num: 0
support read number is too low or the mapped allele num is too low for CYP2C19, skip typing
start type CYP2B6 for 20230815_PAS02078_barcode11...

finish matrix construction
CYP2B6 read num: 0 mapped allele num: 0
support read number is too low or the mapped allele num is too low for CYP2B6, skip typing
start type CYP1A2 for 20230815_PAS02078_barcode11...

finish matrix construction
CYP1A2 read num: 0 mapped allele num: 0
support read number is too low or the mapped allele num is too low for CYP1A2, skip typing
start type NUDT15 for 20230815_PAS02078_barcode11...

finish matrix construction
NUDT15 read num: 0 mapped allele num: 0
support read number is too low or the mapped allele num is too low for NUDT15, skip typing
start type CYP3A4 for 20230815_PAS02078_barcode11...

finish matrix construction
CYP3A4 read num: 0 mapped allele num: 0
support read number is too low or the mapped allele num is too low for CYP3A4, skip typing
start type CYP2A6 for 20230815_PAS02078_barcode11...

finish matrix construction
CYP2A6 read num: 0 mapped allele num: 0
support read number is too low or the mapped allele num is too low for CYP2A6, skip typing
start type CYP2C9 for 20230815_PAS02078_barcode11...

finish matrix construction
CYP2C9 read num: 0 mapped allele num: 0
support read number is too low or the mapped allele num is too low for CYP2C9, skip typing
start type SLCO1B1 for 20230815_PAS02078_barcode11...

finish matrix construction
SLCO1B1 read num: 0 mapped allele num: 0
support read number is too low or the mapped allele num is too low for SLCO1B1, skip typing
start type NAT2 for 20230815_PAS02078_barcode11...

finish matrix construction
NAT2 read num: 0 mapped allele num: 0
support read number is too low or the mapped allele num is too low for NAT2, skip typing
start type CYP4F2 for 20230815_PAS02078_barcode11...

finish matrix construction
CYP4F2 read num: 0 mapped allele num: 0
support read number is too low or the mapped allele num is too low for CYP4F2, skip typing
start type CYP3A5 for 20230815_PAS02078_barcode11...

finish matrix construction
CYP3A5 read num: 0 mapped allele num: 0
support read number is too low or the mapped allele num is too low for CYP3A5, skip typing
CYP2D6 hete - **** - 


CYP2A13 hete - **** - 


CYP2C8 hete - **** - 


CYP2C19 hete - **** - 


CYP2B6 hete - **** - 


CYP1A2 hete - **** - 


NUDT15 hete - **** - 


CYP3A4 hete - **** - 


CYP2A6 hete - **** - 


CYP2C9 hete - **** - 


SLCO1B1 hete - **** - 


NAT2 hete - **** - 


CYP4F2 hete - **** - 


CYP3A5 hete - **** - 


result is /project/home/pouria/opt/src/SpecImmune/runs/ont_chr22/20230815_PAS02078_barcode11/20230815_PAS02078_barcode11/20230815_PAS02078_barcode11.CYP.type.result.txt
{'r': '/project/home/pouria/opt/src/SpecImmune/runs/ont_chr22/20230815_PAS02078_barcode11/20230815_PAS02078_barcode11.fastq.gz', 'n': '20230815_PAS02078_barcode11', 'o': '/project/home/pouria/opt/src/SpecImmune/runs/ont_chr22/20230815_PAS02078_barcode11', 'i': 'CYP', 'j': 12, 'k': 5, 'y': 'nanopore', 'db': '/project/home/pouria/opt/src/SpecImmune/scripts/../db/', 'hg38': '/project/shared/inumanag-aldy-ont/GRCh38_no_alts.fa', 'first_run': True, 'min_identity': 0.85, 'hete_p': 0.3, 'candidate_allele_num': 200, 'min_read_num': 2, 'max_read_num': 500, 'RNA_type': 'traditional', 'seq_tech': 'wgs', 'align_method_1': 'bwa', 'align_method_2': 'minimap2', 'iteration': 1, 'dv_sif': None, 'snv_tool': 'longshot', 'drug_recommendation': False, 'visualization': True, 'version': False}
iteration 1
WARNING: hg38 not provided, cannot type CYP genes
start variant pipeline ...
Processing homo CYP2D6
/project/home/pouria/opt/src/SpecImmune/runs/ont_chr22/20230815_PAS02078_barcode11/20230815_PAS02078_barcode11/Genes_step2//CYP2D6.bam does not exist
Processing homo CYP2A13
/project/home/pouria/opt/src/SpecImmune/runs/ont_chr22/20230815_PAS02078_barcode11/20230815_PAS02078_barcode11/Genes_step2//CYP2A13.bam does not exist
Processing homo CYP2C8
/project/home/pouria/opt/src/SpecImmune/runs/ont_chr22/20230815_PAS02078_barcode11/20230815_PAS02078_barcode11/Genes_step2//CYP2C8.bam does not exist
Processing homo CYP2C19
/project/home/pouria/opt/src/SpecImmune/runs/ont_chr22/20230815_PAS02078_barcode11/20230815_PAS02078_barcode11/Genes_step2//CYP2C19.bam does not exist
Processing homo CYP2B6
/project/home/pouria/opt/src/SpecImmune/runs/ont_chr22/20230815_PAS02078_barcode11/20230815_PAS02078_barcode11/Genes_step2//CYP2B6.bam does not exist
Processing homo CYP1A2
/project/home/pouria/opt/src/SpecImmune/runs/ont_chr22/20230815_PAS02078_barcode11/20230815_PAS02078_barcode11/Genes_step2//CYP1A2.bam does not exist
Processing homo NUDT15
/project/home/pouria/opt/src/SpecImmune/runs/ont_chr22/20230815_PAS02078_barcode11/20230815_PAS02078_barcode11/Genes_step2//NUDT15.bam does not exist
Processing homo CYP3A4
/project/home/pouria/opt/src/SpecImmune/runs/ont_chr22/20230815_PAS02078_barcode11/20230815_PAS02078_barcode11/Genes_step2//CYP3A4.bam does not exist
Processing homo CYP2A6
/project/home/pouria/opt/src/SpecImmune/runs/ont_chr22/20230815_PAS02078_barcode11/20230815_PAS02078_barcode11/Genes_step2//CYP2A6.bam does not exist
Processing homo CYP2C9
/project/home/pouria/opt/src/SpecImmune/runs/ont_chr22/20230815_PAS02078_barcode11/20230815_PAS02078_barcode11/Genes_step2//CYP2C9.bam does not exist
Processing homo SLCO1B1
/project/home/pouria/opt/src/SpecImmune/runs/ont_chr22/20230815_PAS02078_barcode11/20230815_PAS02078_barcode11/Genes_step2//SLCO1B1.bam does not exist
Processing homo NAT2
/project/home/pouria/opt/src/SpecImmune/runs/ont_chr22/20230815_PAS02078_barcode11/20230815_PAS02078_barcode11/Genes_step2//NAT2.bam does not exist
Processing homo CYP4F2
/project/home/pouria/opt/src/SpecImmune/runs/ont_chr22/20230815_PAS02078_barcode11/20230815_PAS02078_barcode11/Genes_step2//CYP4F2.bam does not exist
Processing homo CYP3A5
/project/home/pouria/opt/src/SpecImmune/runs/ont_chr22/20230815_PAS02078_barcode11/20230815_PAS02078_barcode11/Genes_step2//CYP3A5.bam does not exist
parameter:	sample:20230815_PAS02078_barcode11	dir:/project/home/pouria/opt/src/SpecImmune/runs/ont_chr22/20230815_PAS02078_barcode11/20230815_PAS02078_barcode11/Sequences/	pop:Unknown	wxs:tgs	G_nom:0
/project/home/pouria/opt/src/SpecImmune/runs/ont_chr22/20230815_PAS02078_barcode11/20230815_PAS02078_barcode11/Sequences//CYP.allele.1.CYP2A13.fasta
/project/home/pouria/opt/src/SpecImmune/runs/ont_chr22/20230815_PAS02078_barcode11/20230815_PAS02078_barcode11/Sequences//CYP.allele.2.CYP2A13.fasta
/project/home/pouria/opt/src/SpecImmune/runs/ont_chr22/20230815_PAS02078_barcode11/20230815_PAS02078_barcode11/Sequences//CYP.allele.1.CYP2A6.fasta
/project/home/pouria/opt/src/SpecImmune/runs/ont_chr22/20230815_PAS02078_barcode11/20230815_PAS02078_barcode11/Sequences//CYP.allele.2.CYP2A6.fasta
/project/home/pouria/opt/src/SpecImmune/runs/ont_chr22/20230815_PAS02078_barcode11/20230815_PAS02078_barcode11/Sequences//CYP.allele.1.CYP2B6.fasta
/project/home/pouria/opt/src/SpecImmune/runs/ont_chr22/20230815_PAS02078_barcode11/20230815_PAS02078_barcode11/Sequences//CYP.allele.2.CYP2B6.fasta
/project/home/pouria/opt/src/SpecImmune/runs/ont_chr22/20230815_PAS02078_barcode11/20230815_PAS02078_barcode11/Sequences//CYP.allele.1.CYP2C19.fasta
/project/home/pouria/opt/src/SpecImmune/runs/ont_chr22/20230815_PAS02078_barcode11/20230815_PAS02078_barcode11/Sequences//CYP.allele.2.CYP2C19.fasta
/project/home/pouria/opt/src/SpecImmune/runs/ont_chr22/20230815_PAS02078_barcode11/20230815_PAS02078_barcode11/Sequences//CYP.allele.1.CYP2C8.fasta
/project/home/pouria/opt/src/SpecImmune/runs/ont_chr22/20230815_PAS02078_barcode11/20230815_PAS02078_barcode11/Sequences//CYP.allele.2.CYP2C8.fasta
/project/home/pouria/opt/src/SpecImmune/runs/ont_chr22/20230815_PAS02078_barcode11/20230815_PAS02078_barcode11/Sequences//CYP.allele.1.CYP2C9.fasta
/project/home/pouria/opt/src/SpecImmune/runs/ont_chr22/20230815_PAS02078_barcode11/20230815_PAS02078_barcode11/Sequences//CYP.allele.2.CYP2C9.fasta
/project/home/pouria/opt/src/SpecImmune/runs/ont_chr22/20230815_PAS02078_barcode11/20230815_PAS02078_barcode11/Sequences//CYP.allele.1.CYP2D6.fasta
/project/home/pouria/opt/src/SpecImmune/runs/ont_chr22/20230815_PAS02078_barcode11/20230815_PAS02078_barcode11/Sequences//CYP.allele.2.CYP2D6.fasta
/project/home/pouria/opt/src/SpecImmune/runs/ont_chr22/20230815_PAS02078_barcode11/20230815_PAS02078_barcode11/Sequences//CYP.allele.1.CYP3A4.fasta
/project/home/pouria/opt/src/SpecImmune/runs/ont_chr22/20230815_PAS02078_barcode11/20230815_PAS02078_barcode11/Sequences//CYP.allele.2.CYP3A4.fasta
/project/home/pouria/opt/src/SpecImmune/runs/ont_chr22/20230815_PAS02078_barcode11/20230815_PAS02078_barcode11/Sequences//CYP.allele.1.CYP3A5.fasta
/project/home/pouria/opt/src/SpecImmune/runs/ont_chr22/20230815_PAS02078_barcode11/20230815_PAS02078_barcode11/Sequences//CYP.allele.2.CYP3A5.fasta
/project/home/pouria/opt/src/SpecImmune/runs/ont_chr22/20230815_PAS02078_barcode11/20230815_PAS02078_barcode11/Sequences//CYP.allele.1.CYP4F2.fasta
/project/home/pouria/opt/src/SpecImmune/runs/ont_chr22/20230815_PAS02078_barcode11/20230815_PAS02078_barcode11/Sequences//CYP.allele.2.CYP4F2.fasta
/project/home/pouria/opt/src/SpecImmune/runs/ont_chr22/20230815_PAS02078_barcode11/20230815_PAS02078_barcode11/Sequences//CYP.allele.1.NAT2.fasta
/project/home/pouria/opt/src/SpecImmune/runs/ont_chr22/20230815_PAS02078_barcode11/20230815_PAS02078_barcode11/Sequences//CYP.allele.2.NAT2.fasta
/project/home/pouria/opt/src/SpecImmune/runs/ont_chr22/20230815_PAS02078_barcode11/20230815_PAS02078_barcode11/Sequences//CYP.allele.1.NUDT15.fasta
/project/home/pouria/opt/src/SpecImmune/runs/ont_chr22/20230815_PAS02078_barcode11/20230815_PAS02078_barcode11/Sequences//CYP.allele.2.NUDT15.fasta
/project/home/pouria/opt/src/SpecImmune/runs/ont_chr22/20230815_PAS02078_barcode11/20230815_PAS02078_barcode11/Sequences//CYP.allele.1.SLCO1B1.fasta
/project/home/pouria/opt/src/SpecImmune/runs/ont_chr22/20230815_PAS02078_barcode11/20230815_PAS02078_barcode11/Sequences//CYP.allele.2.SLCO1B1.fasta
WARNING: hg38 not provided, cannot type CYP genes
optimize typing results by balancing alignment length and identity 
The refined typing results is in /project/home/pouria/opt/src/SpecImmune/runs/ont_chr22/20230815_PAS02078_barcode11/20230815_PAS02078_barcode11/20230815_PAS02078_barcode11.CYP.final.type.result.formatted.txt
Sequence is reconstructed, start annotation...
Finished.

            python3 /project/home/pouria/opt/src/SpecImmune/scripts/remap.py 20230815_PAS02078_barcode11 CYP /project/home/pouria/opt/src/SpecImmune/runs/ont_chr22/20230815_PAS02078_barcode11 nanopore wgs traditional 12 /project/home/pouria/opt/src/SpecImmune/scripts/../db//CYP/CYP.full.fasta
            
CYP2D6	1	-	0	False	NA	-
alleles_str ['-']
result : CYP2D6 -
CYP2D6	2	-	0	False	NA	-
alleles_str ['-']
result : CYP2D6 -
CYP2A13	1	-	0	False	NA	-
alleles_str ['-']
result : CYP2A13 -
CYP2A13	2	-	0	False	NA	-
alleles_str ['-']
result : CYP2A13 -
CYP2C8	1	-	0	False	NA	-
alleles_str ['-']
result : CYP2C8 -
CYP2C8	2	-	0	False	NA	-
alleles_str ['-']
result : CYP2C8 -
CYP2C19	1	-	0	False	NA	-
alleles_str ['-']
result : CYP2C19 -
CYP2C19	2	-	0	False	NA	-
alleles_str ['-']
result : CYP2C19 -
CYP2B6	1	-	0	False	NA	-
alleles_str ['-']
result : CYP2B6 -
CYP2B6	2	-	0	False	NA	-
alleles_str ['-']
result : CYP2B6 -
CYP1A2	1	-	0	False	NA	-
alleles_str ['-']
result : CYP1A2 -
CYP1A2	2	-	0	False	NA	-
alleles_str ['-']
result : CYP1A2 -
NUDT15	1	-	0	False	NA	-
alleles_str ['-']
result : NUDT15 -
NUDT15	2	-	0	False	NA	-
alleles_str ['-']
result : NUDT15 -
CYP3A4	1	-	0	False	NA	-
alleles_str ['-']
result : CYP3A4 -
CYP3A4	2	-	0	False	NA	-
alleles_str ['-']
result : CYP3A4 -
CYP2A6	1	-	0	False	NA	-
alleles_str ['-']
result : CYP2A6 -
CYP2A6	2	-	0	False	NA	-
alleles_str ['-']
result : CYP2A6 -
CYP2C9	1	-	0	False	NA	-
alleles_str ['-']
result : CYP2C9 -
CYP2C9	2	-	0	False	NA	-
alleles_str ['-']
result : CYP2C9 -
SLCO1B1	1	-	0	False	NA	-
alleles_str ['-']
result : SLCO1B1 -
SLCO1B1	2	-	0	False	NA	-
alleles_str ['-']
result : SLCO1B1 -
NAT2	1	-	0	False	NA	-
alleles_str ['-']
result : NAT2 -
NAT2	2	-	0	False	NA	-
alleles_str ['-']
result : NAT2 -
CYP4F2	1	-	0	False	NA	-
alleles_str ['-']
result : CYP4F2 -
CYP4F2	2	-	0	False	NA	-
alleles_str ['-']
result : CYP4F2 -
CYP3A5	1	-	0	False	NA	-
alleles_str ['-']
result : CYP3A5 -
CYP3A5	2	-	0	False	NA	-
alleles_str ['-']
result : CYP3A5 -
CYP2D6	1	NA	NA	0	-	NA
alleles_str ['NA']
result : CYP2D6 NA
CYP2D6	2	NA	NA	0	-	NA
alleles_str ['NA']
result : CYP2D6 NA
CYP2A13	1	NA	NA	0	-	NA
alleles_str ['NA']
result : CYP2A13 NA
CYP2A13	2	NA	NA	0	-	NA
alleles_str ['NA']
result : CYP2A13 NA
CYP2C8	1	NA	NA	0	-	NA
alleles_str ['NA']
result : CYP2C8 NA
CYP2C8	2	NA	NA	0	-	NA
alleles_str ['NA']
result : CYP2C8 NA
CYP2C19	1	NA	NA	0	-	NA
alleles_str ['NA']
result : CYP2C19 NA
CYP2C19	2	NA	NA	0	-	NA
alleles_str ['NA']
result : CYP2C19 NA
CYP2B6	1	NA	NA	0	-	NA
alleles_str ['NA']
result : CYP2B6 NA
CYP2B6	2	NA	NA	0	-	NA
alleles_str ['NA']
result : CYP2B6 NA
CYP1A2	1	NA	NA	0	-	NA
alleles_str ['NA']
result : CYP1A2 NA
CYP1A2	2	NA	NA	0	-	NA
alleles_str ['NA']
result : CYP1A2 NA
NUDT15	1	NA	NA	0	-	NA
alleles_str ['NA']
result : NUDT15 NA
NUDT15	2	NA	NA	0	-	NA
alleles_str ['NA']
result : NUDT15 NA
CYP3A4	1	NA	NA	0	-	NA
alleles_str ['NA']
result : CYP3A4 NA
CYP3A4	2	NA	NA	0	-	NA
alleles_str ['NA']
result : CYP3A4 NA
CYP2A6	1	NA	NA	0	-	NA
alleles_str ['NA']
result : CYP2A6 NA
CYP2A6	2	NA	NA	0	-	NA
alleles_str ['NA']
result : CYP2A6 NA
CYP2C9	1	NA	NA	0	-	NA
alleles_str ['NA']
result : CYP2C9 NA
CYP2C9	2	NA	NA	0	-	NA
alleles_str ['NA']
result : CYP2C9 NA
SLCO1B1	1	NA	NA	0	-	NA
alleles_str ['NA']
result : SLCO1B1 NA
SLCO1B1	2	NA	NA	0	-	NA
alleles_str ['NA']
result : SLCO1B1 NA
NAT2	1	NA	NA	0	-	NA
alleles_str ['NA']
result : NAT2 NA
NAT2	2	NA	NA	0	-	NA
alleles_str ['NA']
result : NAT2 NA
CYP4F2	1	NA	NA	0	-	NA
alleles_str ['NA']
result : CYP4F2 NA
CYP4F2	2	NA	NA	0	-	NA
alleles_str ['NA']
result : CYP4F2 NA
CYP3A5	1	NA	NA	0	-	NA
alleles_str ['NA']
result : CYP3A5 NA
CYP3A5	2	NA	NA	0	-	NA
alleles_str ['NA']
result : CYP3A5 NA

            python3 /project/home/pouria/opt/src/SpecImmune/scripts/remap_allele.py 20230815_PAS02078_barcode11 CYP /project/home/pouria/opt/src/SpecImmune/runs/ont_chr22/20230815_PAS02078_barcode11 nanopore wgs traditional 12 /project/home/pouria/opt/src/SpecImmune/scripts/../db//CYP/CYP.full.fasta
            

            python3 /project/home/pouria/opt/src/SpecImmune/scripts/visualization.py 20230815_PAS02078_barcode11 CYP /project/home/pouria/opt/src/SpecImmune/runs/ont_chr22/20230815_PAS02078_barcode11 nanopore wgs traditional 12 /project/home/pouria/opt/src/SpecImmune/scripts/../db//CYP/CYP.full.fasta
            
alleles_str ['-']
result : CYP2D6 -
alleles_str ['-']
result : CYP2D6 -
alleles_str ['-']
result : CYP2A13 -
alleles_str ['-']
result : CYP2A13 -
alleles_str ['-']
result : CYP2C8 -
alleles_str ['-']
result : CYP2C8 -
alleles_str ['-']
result : CYP2C19 -
alleles_str ['-']
result : CYP2C19 -
alleles_str ['-']
result : CYP2B6 -
alleles_str ['-']
result : CYP2B6 -
alleles_str ['-']
result : CYP1A2 -
alleles_str ['-']
result : CYP1A2 -
alleles_str ['-']
result : NUDT15 -
alleles_str ['-']
result : NUDT15 -
alleles_str ['-']
result : CYP3A4 -
alleles_str ['-']
result : CYP3A4 -
alleles_str ['-']
result : CYP2A6 -
alleles_str ['-']
result : CYP2A6 -
alleles_str ['-']
result : CYP2C9 -
alleles_str ['-']
result : CYP2C9 -
alleles_str ['-']
result : SLCO1B1 -
alleles_str ['-']
result : SLCO1B1 -
alleles_str ['-']
result : NAT2 -
alleles_str ['-']
result : NAT2 -
alleles_str ['-']
result : CYP4F2 -
alleles_str ['-']
result : CYP4F2 -
alleles_str ['-']
result : CYP3A5 -
alleles_str ['-']
result : CYP3A5 -
alleles_str ['NA']
result : CYP2D6 NA
alleles_str ['NA']
result : CYP2D6 NA
alleles_str ['NA']
result : CYP2A13 NA
alleles_str ['NA']
result : CYP2A13 NA
alleles_str ['NA']
result : CYP2C8 NA
alleles_str ['NA']
result : CYP2C8 NA
alleles_str ['NA']
result : CYP2C19 NA
alleles_str ['NA']
result : CYP2C19 NA
alleles_str ['NA']
result : CYP2B6 NA
alleles_str ['NA']
result : CYP2B6 NA
alleles_str ['NA']
result : CYP1A2 NA
alleles_str ['NA']
result : CYP1A2 NA
alleles_str ['NA']
result : NUDT15 NA
alleles_str ['NA']
result : NUDT15 NA
alleles_str ['NA']
result : CYP3A4 NA
alleles_str ['NA']
result : CYP3A4 NA
alleles_str ['NA']
result : CYP2A6 NA
alleles_str ['NA']
result : CYP2A6 NA
alleles_str ['NA']
result : CYP2C9 NA
alleles_str ['NA']
result : CYP2C9 NA
alleles_str ['NA']
result : SLCO1B1 NA
alleles_str ['NA']
result : SLCO1B1 NA
alleles_str ['NA']
result : NAT2 NA
alleles_str ['NA']
result : NAT2 NA
alleles_str ['NA']
result : CYP4F2 NA
alleles_str ['NA']
result : CYP4F2 NA
alleles_str ['NA']
result : CYP3A5 NA
alleles_str ['NA']
result : CYP3A5 NA
CYP2D6	1	NA	NA	0	-	NA
alleles_str ['NA']
result : CYP2D6 NA
CYP2D6	2	NA	NA	0	-	NA
alleles_str ['NA']
result : CYP2D6 NA
CYP2A13	1	NA	NA	0	-	NA
alleles_str ['NA']
result : CYP2A13 NA
CYP2A13	2	NA	NA	0	-	NA
alleles_str ['NA']
result : CYP2A13 NA
CYP2C8	1	NA	NA	0	-	NA
alleles_str ['NA']
result : CYP2C8 NA
CYP2C8	2	NA	NA	0	-	NA
alleles_str ['NA']
result : CYP2C8 NA
CYP2C19	1	NA	NA	0	-	NA
alleles_str ['NA']
result : CYP2C19 NA
CYP2C19	2	NA	NA	0	-	NA
alleles_str ['NA']
result : CYP2C19 NA
CYP2B6	1	NA	NA	0	-	NA
alleles_str ['NA']
result : CYP2B6 NA
CYP2B6	2	NA	NA	0	-	NA
alleles_str ['NA']
result : CYP2B6 NA
CYP1A2	1	NA	NA	0	-	NA
alleles_str ['NA']
result : CYP1A2 NA
CYP1A2	2	NA	NA	0	-	NA
alleles_str ['NA']
result : CYP1A2 NA
NUDT15	1	NA	NA	0	-	NA
alleles_str ['NA']
result : NUDT15 NA
NUDT15	2	NA	NA	0	-	NA
alleles_str ['NA']
result : NUDT15 NA
CYP3A4	1	NA	NA	0	-	NA
alleles_str ['NA']
result : CYP3A4 NA
CYP3A4	2	NA	NA	0	-	NA
alleles_str ['NA']
result : CYP3A4 NA
CYP2A6	1	NA	NA	0	-	NA
alleles_str ['NA']
result : CYP2A6 NA
CYP2A6	2	NA	NA	0	-	NA
alleles_str ['NA']
result : CYP2A6 NA
CYP2C9	1	NA	NA	0	-	NA
alleles_str ['NA']
result : CYP2C9 NA
CYP2C9	2	NA	NA	0	-	NA
alleles_str ['NA']
result : CYP2C9 NA
SLCO1B1	1	NA	NA	0	-	NA
alleles_str ['NA']
result : SLCO1B1 NA
SLCO1B1	2	NA	NA	0	-	NA
alleles_str ['NA']
result : SLCO1B1 NA
NAT2	1	NA	NA	0	-	NA
alleles_str ['NA']
result : NAT2 NA
NAT2	2	NA	NA	0	-	NA
alleles_str ['NA']
result : NAT2 NA
CYP4F2	1	NA	NA	0	-	NA
alleles_str ['NA']
result : CYP4F2 NA
CYP4F2	2	NA	NA	0	-	NA
alleles_str ['NA']
result : CYP4F2 NA
CYP3A5	1	NA	NA	0	-	NA
alleles_str ['NA']
result : CYP3A5 NA
CYP3A5	2	NA	NA	0	-	NA
alleles_str ['NA']
result : CYP3A5 NA
refine bam...
2026-01-07 19:43:16,461 | INFO | Processing /project/home/pouria/opt/src/SpecImmune/runs/ont_chr22/20230815_PAS02078_barcode11/20230815_PAS02078_barcode11/20230815_PAS02078_barcode11.refined.sorted.bam
2026-01-07 19:43:25,567 | WARNING | Query names do not look like HiFi reads -- use "consensus" mode for consensus
2026-01-07 19:43:25,568 | INFO | Identifying SV signatures
lbl 2D6_2D7 patt re.compile('222222111111') xxxxxxxxxxxxxxxxxxxxxxxxxxxxxxxxxxxxxx222122222212222222222222222221222222222111111111111111111111
lbl 2D6_2D7 patt re.compile('222222111111') xx222222222222112222222222222222222222222222222222222222222222222221222222222111111xx111111111x111
lbl 2D6_2D7 patt re.compile('222222111111') xxxxxxxxxxxxxxxxxxxxxxxxxxxxxxxxxxxxxxxxxxxxxxxxxxxxxxxxxxxxx2222221222222222111111111111111111111
lbl 2D6_2D7 patt re.compile('22222211111x') xxxxxxxxxxxxxxxxxxxxxxxxxxxxxxxxxxxxxx2222222222222222222222222222211x122222211111x111111111111111
lbl 2D6_2D7 patt re.compile('x22222111111') xxxxxxxxxxxxxxxxxxxxxxxxxxxxxxxxxxxxxx222222222222222122222212222221xx1x22222111111x1111111111x111
lbl 2D6_2D7 patt re.compile('222222111111') xxxx222222222222222222222222222222222222222222222222222222222222222122222222211111111111111111111x
lbl 2D6_2D7 patt re.compile('222222111111') xxxxxxxxxxxxxxxxxxxxxxxxxxxxxxxxxxxxxxxxxxxxx22222222222222222222221222222222111111111111111111112
lbl 2D6_2D7 patt re.compile('222222111111') xxxxxxxxxxxxxxxxxxxxxxxxxxxxxxxxxxxxxx2222x2222x22222212222x222222212222222221111111111111111111x1
lbl 2D6_2D7 patt re.compile('222222111111') xxxxxxxxxxxxxxxxxxxxxxxxxxxxxxxxxxxxxxxxxxxxxxx2222222222222222222212222222221111111111x1111111111
lbl 2D6_2D7 patt re.compile('222222111111') xxxxxxxxxxxx122x22222222222222222222222222222222222222222222222222212222222221111111111111x1111111
lbl 2D6_2D7 patt re.compile('22211x') xxxxxxxxxxxx221x22222222222222222222222222222222222222222222222222x222222222211xxxxxxxxxxxxxxxxxxx
lbl 2D6_2D7 patt re.compile('2222111x') xxxx222222222222222222222222222222222222222222222222222222222222222x222222222111xxxxxxxxxxxxxxxxxx
lbl 2D6_2D7 patt re.compile('2222211111') xxxxxxxxxxxx2222222222222222222222222222222xx22222222222222222222222222222222111112111xxxxxxxxxxxx
lbl 2D6_2D7 patt re.compile('222222111111') xxxxxxxxxxxxxxxxxxxxxxxxxxxxxxxxxxxxxxxxxxx222x222222222222222222222222222222111111111111111111111
lbl 2D6_2D7 patt re.compile('222222111111') 222222222x22222222222222x222222222222222x222222222222222222222222222222222222111111111111111111111
lbl 2D6_2D7 patt re.compile('222222111111') 22222222x2222222222222222222222222222222222222222222222222222222222222222222211111111111111112x111
lbl 2D6_2D7 patt re.compile('222222111111') 2222222122222222x222222222222222222222222222222222222222222222222222222222222111111111111111111111
2026-01-07 19:43:29,592 | WARNING | Unlabeled Clipped Reads
43d452e2-65f5-4eec-8af4-39252f02eec7
59bb70a6-4948-4af1-8f63-0af8734e3285
2026-01-07 19:43:29,592 | INFO | Phasing and Calling Alleles
2026-01-07 19:43:29,593 | DEBUG | Calling noSV
2026-01-07 19:43:29,593 | INFO | Calling noSV
2026-01-07 19:43:29,593 | INFO | Attempting to phase 52 noSV reads
2026-01-07 19:43:29,593 | DEBUG | Reseting HP for 52 noSV  reads
2026-01-07 19:43:30,015 | DEBUG | Positions used for read clustering: [42123598, 42125420, 42125987, 42126211, 42127140, 42127290, 42127422, 42127720, 42127985, 42128210, 42128611, 42128746, 42128859, 42129015, 42129439, 42129531, 42130776, 42130782, 42131083, 42131974, 42131977, 42132549, 42132628, 42132706, 42134071]
clusters hifi_read                             is_primary
d7792142-bf1a-402d-bbba-ee3f237abecd  True          0
0aeb87c7-3d50-47db-9a55-e4238acedbee  True          0
5d201908-045e-44a7-a634-708b87e189ac  True          0
381b8432-9bc4-4a2d-accc-33a95f6cbc64  True          0
b85406d1-70a8-4af6-bf1e-5d125a930361  True          0
73078861-fb84-4c54-bbc1-7119eef45733  True          0
608b5482-406a-4de0-811f-79c39c999afa  True          1
2627e1e8-4695-4d1b-9838-270b194d1537  True          0
6ef02c08-4007-463f-bc98-9664a8da1bb5  True          0
46a9bd11-bb59-4cc7-8a97-a775c48d4f60  True          0
0f77b7b1-3276-4b7e-a013-6bd910632d1b  True          1
955eefcc-ce73-41f6-b3a3-c17aeb7e8767  True          0
40711fb7-f2f5-4ac8-9b9c-9ce98f7e1b60  True          1
b5147048-a6f7-488b-b317-46bd83ce232d  True          1
57a51247-c158-47a2-b41b-ce45d128fe2e  True          0
d1932267-f4d6-4533-8bf5-feb84c5030a9  True          0
841583f6-8b8c-45fc-b7f0-67733704f575  True          1
03da561f-378c-47a5-ba5d-2fce71427c9f  True          1
beacbf49-04f2-42d9-9fee-f8b862548b5d  True          1
d166abec-a12d-4fe9-ac3d-847c76f585f6  True          0
9b3fa48c-d474-444c-a4a8-e78a22ae3f6e  True          0
12ad70ac-a525-4bb6-a091-b065eb74effe  True          1
51ce215d-e6d3-40e1-953f-21015f59c084  True          1
4e3a28a3-d116-4f6d-90f6-74d192a54435  True          0
49725ab9-e6c1-4b35-a2f4-b57fcedd5f78  True          1
7fffa0a4-ee7b-43ed-957e-1ef1672e62d8  True          1
f37be236-60fa-4f6f-8128-47305988e79a  True          1
bab82c73-8439-4b86-88eb-4d4f17f4f78e  True          0
37aa027a-ccfb-4955-a576-b91a2e86017c  True          0
24d3435b-e5ab-4647-9489-8ff0530aee37  True          1
0633708e-d744-4cbc-b01b-4ab9c287b24d  True          1
f987c65d-9dbb-4bdd-b466-44953d8096aa  True          1
55d7d9b4-a86e-44e8-95fb-8debc88f5bbf  True          0
496a11b4-1b38-46b0-a51b-538882d56b70  True          1
907241d8-ae94-4a9d-aa03-944a0866bf87  True          1
873dc5b5-5fd5-45d8-8d9a-bc6e15111c5e  True          1
d8a164ff-17b6-415f-8c4f-c12794db1eb3  True          1
2c625f5f-f5c2-4c68-9bcb-d8f7dc384e6a  True          1
692cf8ac-e17b-47a4-b670-187702822eee  True          1
1f0fb40a-e25b-4ffe-ab2c-4dfbe54a1c58  True          1
ab978ca2-1f83-4412-8fd3-20a6a989a387  True          1
37bd5f75-f10f-4c8b-9906-432206a69d22  True          1
3fb833ee-f930-4c99-89dd-353e7fdffe0b  True          1
e87bca4b-7841-4922-8627-e8cec54aabea  True          0
620707ba-3a77-4d56-843c-920af243c5cd  True          1
55133275-f8dd-4ce4-b1e6-3834f60acbab  True          1
e86cbb18-4b5c-4189-8aa4-77305c9a5c69  True          0
208bb53c-713d-4c5c-bc44-eef662404d80  True          1
cf1b1aba-9ab4-4e38-8c76-70316cb83605  True          0
d1daf5df-b9d9-42c4-910f-7ed24be70eca  True          1
12cadd0c-879e-42f1-8a97-df28a0a889ff  True          0
9c5bc049-072b-48e2-8750-b3c2d3868245  True          1
Name: HP, dtype: int64
2026-01-07 19:43:33,004 | DEBUG | Calling deletion
2026-01-07 19:43:33,004 | INFO | Calling deletion
2026-01-07 19:43:33,004 | INFO | Attempting to phase 9 deletion reads
2026-01-07 19:43:33,005 | DEBUG | Reseting HP for 9 deletion  reads
2026-01-07 19:43:33,041 | DEBUG | No variable positions found for 9 deletion reads. Exiting updateHaplotypes
clusters None
2026-01-07 19:43:33,042 | DEBUG | Calling hybrid
2026-01-07 19:43:33,042 | INFO | Calling hybrid
2026-01-07 19:43:33,043 | INFO | Attempting to phase 17 hybrid reads
2026-01-07 19:43:33,043 | DEBUG | Reseting HP for 17 hybrid  reads
clusters hifi_read                             is_primary
5592530b-f2f0-4fa5-aeeb-6c132e69d62c  True          0
b5d25040-a51a-411d-889d-1c736440ac5e  True          0
f862c5f8-4718-4da8-9989-03b892521dfa  True          0
d48c8b78-c3fa-4302-b818-005902122a9b  True          0
b00ba7cb-4cba-4ad2-97e8-8625f140add4  True          0
00e62760-0bc6-4a71-8740-40d8fdaa3af9  True          0
590c88d8-7ebe-4f9e-919b-435601b27875  True          0
d09e72d9-b2e1-402e-a29b-fe42b6a803b0  True          0
db7596e3-9717-4798-89f0-57cb7998370e  True          0
586ad488-667a-44d8-9ca9-b5b2f1fe8482  True          0
d836a5a9-e9a6-4338-9de1-ebd08b5eac06  True          0
f41bb717-3aa4-4707-b54b-459995c1c4f9  True          0
e723abd6-82a6-4d47-9914-e929f04fd6a1  True          0
65fcfe96-4878-4958-82f7-45535e56c5ab  True          0
092e29a7-b09b-4c2b-b69b-35fa3fa3467b  True          0
6bccecca-eb72-436d-987c-b50bc7d57db4  True          0
7689e78a-a5d6-4fac-868c-14f128603d46  True          0
Name: HP, dtype: int64
2026-01-07 19:43:33,049 | DEBUG | Alleles Identified: {'noSV': {'noSV_0': ('*4', '*10', '*39', '*74'), 'noSV_1': ('*4', '*10', '*39', '*74')}, 'deletion': {'deletion_0': ('*5',)}, 'hybrid': {'hybrid_0': ('*68',)}}
2026-01-07 19:43:33,049 | INFO | Calling Diplotype
2026-01-07 19:43:33,050 | DEBUG | Hybrid calls: Counter({('*68',): 1}) self.haplotypes []
2026-01-07 19:43:33,050 | DEBUG | self.haplotypes [('*68+*4', ['noSV_0', 'hybrid_0'])]
2026-01-07 19:43:33,050 | ERROR | Extra haplotypes called: [('*4', ['noSV_1']), ('*5', ['deletion_0']), ('*68+*4', ['noSV_0', 'hybrid_0'])]
2026-01-07 19:43:33,050 | INFO | Diplotype called: CYP2D6 *4/*5/*68+*4
2026-01-07 19:43:35,331 | WARNING | 1044 bases in variant region with coverage < 3
2026-01-07 19:43:37,913 | INFO | Exporting /project/home/pouria/opt/src/SpecImmune/runs/ont_chr22/20230815_PAS02078_barcode11/20230815_PAS02078_barcode11/20230815_PAS02078_barcode11_labeledReads.bam
{'No_Label', 'haplotype_1_4', 'haplotype_3b_68', 'CYP2D6', 'haplotype_3a_4', 'haplotype_2_5'}
{'deletion_0', 'noSV_1', 'hybrid_0', 'noSV_0', 'noHap'}
filtered diplotype *68+*4/*4 {'*4', '*68'} CYP2D6 *68+*4/*4
cnv detected, use pangu result
*68+*4/*4 NA
[OK] Finished 20230815_PAS02078_barcode11
