[M::bam2fq_mainloop] discarded 0 singletons
[M::bam2fq_mainloop] processed 15347 reads
[M::mm_idx_gen::0.273*1.02] collected minimizers
[M::mm_idx_gen::0.294*1.57] sorted minimizers
[M::main::0.294*1.57] loaded/built the index for 553 target sequence(s)
[M::mm_mapopt_update::0.295*1.57] mid_occ = 2213
[M::mm_idx_stat] kmer size: 15; skip: 10; is_hpc: 0; #seq: 553
[M::mm_idx_stat::0.296*1.57] distinct minimizers: 3211 (13.77% are singletons); average occurrences: 357.246; average spacing: 5.453; total length: 6255536
[M::main] Version: 2.24-r1122
[M::main] CMD: minimap2 -t 12 -x map-ont -E 8,4 -p 0.1 -N 100000 -a /project/home/pouria/opt/src/SpecImmune/scripts/../db//CYP/CYP2D6/CYP2D6.fasta /project/home/pouria/opt/src/SpecImmune/runs/ont_chr22/20230829_PAS12643_NA24027/20230829_PAS12643_NA24027/Reads//CYP2D6.long_read.sub.fq
[M::main] Real time: 0.300 sec; CPU: 0.468 sec; Peak RSS: 0.052 GB
[M::mm_idx_gen::0.035*1.15] collected minimizers
[M::mm_idx_gen::0.042*2.25] sorted minimizers
[M::main::0.042*2.24] loaded/built the index for 31 target sequence(s)
[M::mm_mapopt_update::0.043*2.23] mid_occ = 838
[M::mm_idx_stat] kmer size: 15; skip: 10; is_hpc: 0; #seq: 31
[M::mm_idx_stat::0.043*2.21] distinct minimizers: 2845 (1.51% are singletons); average occurrences: 30.637; average spacing: 5.240; total length: 456698
[M::main] Version: 2.24-r1122
[M::main] CMD: minimap2 -t 12 -x map-ont -E 8,4 -p 0.1 -N 100000 -a /project/home/pouria/opt/src/SpecImmune/scripts/../db//CYP/CYP2A13/CYP2A13.fasta /project/home/pouria/opt/src/SpecImmune/runs/ont_chr22/20230829_PAS12643_NA24027/20230829_PAS12643_NA24027/Reads//CYP2A13.long_read.sub.fq
[M::main] Real time: 0.045 sec; CPU: 0.098 sec; Peak RSS: 0.007 GB
[M::mm_idx_gen::0.110*1.04] collected minimizers
[M::mm_idx_gen::0.126*2.02] sorted minimizers
[M::main::0.126*2.02] loaded/built the index for 56 target sequence(s)
[M::mm_mapopt_update::0.127*2.01] mid_occ = 785
[M::mm_idx_stat] kmer size: 15; skip: 10; is_hpc: 0; #seq: 56
[M::mm_idx_stat::0.128*2.00] distinct minimizers: 7510 (0.36% are singletons); average occurrences: 55.735; average spacing: 5.315; total length: 2224652
[M::main] Version: 2.24-r1122
[M::main] CMD: minimap2 -t 12 -x map-ont -E 8,4 -p 0.1 -N 100000 -a /project/home/pouria/opt/src/SpecImmune/scripts/../db//CYP/CYP2C8/CYP2C8.fasta /project/home/pouria/opt/src/SpecImmune/runs/ont_chr22/20230829_PAS12643_NA24027/20230829_PAS12643_NA24027/Reads//CYP2C8.long_read.sub.fq
[M::main] Real time: 0.131 sec; CPU: 0.259 sec; Peak RSS: 0.018 GB
[M::mm_idx_gen::0.507*1.01] collected minimizers
[M::mm_idx_gen::0.589*2.44] sorted minimizers
[M::main::0.589*2.44] loaded/built the index for 120 target sequence(s)
[M::mm_mapopt_update::0.591*2.43] mid_occ = 721
[M::mm_idx_stat] kmer size: 15; skip: 10; is_hpc: 0; #seq: 120
[M::mm_idx_stat::0.593*2.43] distinct minimizers: 17310 (0.78% are singletons); average occurrences: 131.008; average spacing: 5.285; total length: 11984512
[M::main] Version: 2.24-r1122
[M::main] CMD: minimap2 -t 12 -x map-ont -E 8,4 -p 0.1 -N 100000 -a /project/home/pouria/opt/src/SpecImmune/scripts/../db//CYP/CYP2C19/CYP2C19.fasta /project/home/pouria/opt/src/SpecImmune/runs/ont_chr22/20230829_PAS12643_NA24027/20230829_PAS12643_NA24027/Reads//CYP2C19.long_read.sub.fq
[M::main] Real time: 0.599 sec; CPU: 1.445 sec; Peak RSS: 0.087 GB
[M::mm_idx_gen::0.241*1.02] collected minimizers
[M::mm_idx_gen::0.278*2.37] sorted minimizers
[M::main::0.278*2.37] loaded/built the index for 158 target sequence(s)
[M::mm_mapopt_update::0.280*2.36] mid_occ = 1581
[M::mm_idx_stat] kmer size: 15; skip: 10; is_hpc: 0; #seq: 158
[M::mm_idx_stat::0.281*2.36] distinct minimizers: 6595 (1.24% are singletons); average occurrences: 155.282; average spacing: 5.261; total length: 5387484
[M::main] Version: 2.24-r1122
[M::main] CMD: minimap2 -t 12 -x map-ont -E 8,4 -p 0.1 -N 100000 -a /project/home/pouria/opt/src/SpecImmune/scripts/../db//CYP/CYP2B6/CYP2B6.fasta /project/home/pouria/opt/src/SpecImmune/runs/ont_chr22/20230829_PAS12643_NA24027/20230829_PAS12643_NA24027/Reads//CYP2B6.long_read.sub.fq
[M::main] Real time: 0.285 sec; CPU: 0.666 sec; Peak RSS: 0.046 GB
[M::mm_idx_gen::0.080*1.06] collected minimizers
[M::mm_idx_gen::0.095*2.58] sorted minimizers
[M::main::0.095*2.58] loaded/built the index for 125 target sequence(s)
[M::mm_mapopt_update::0.095*2.57] mid_occ = 1251
[M::mm_idx_stat] kmer size: 15; skip: 10; is_hpc: 0; #seq: 125
[M::mm_idx_stat::0.096*2.57] distinct minimizers: 2883 (3.12% are singletons); average occurrences: 120.729; average spacing: 5.302; total length: 1845372
[M::main] Version: 2.24-r1122
[M::main] CMD: minimap2 -t 12 -x map-ont -E 8,4 -p 0.1 -N 100000 -a /project/home/pouria/opt/src/SpecImmune/scripts/../db//CYP/CYP1A2/CYP1A2.fasta /project/home/pouria/opt/src/SpecImmune/runs/ont_chr22/20230829_PAS12643_NA24027/20230829_PAS12643_NA24027/Reads//CYP1A2.long_read.sub.fq
[M::main] Real time: 0.098 sec; CPU: 0.248 sec; Peak RSS: 0.015 GB
[M::mm_idx_gen::0.078*1.06] collected minimizers
[M::mm_idx_gen::0.089*1.88] sorted minimizers
[M::main::0.089*1.88] loaded/built the index for 52 target sequence(s)
[M::mm_mapopt_update::0.089*1.87] mid_occ = 573
[M::mm_idx_stat] kmer size: 15; skip: 10; is_hpc: 0; #seq: 52
[M::mm_idx_stat::0.090*1.87] distinct minimizers: 4151 (0.63% are singletons); average occurrences: 52.199; average spacing: 5.322; total length: 1153172
[M::main] Version: 2.24-r1122
[M::main] CMD: minimap2 -t 12 -x map-ont -E 8,4 -p 0.1 -N 100000 -a /project/home/pouria/opt/src/SpecImmune/scripts/../db//CYP/NUDT15/NUDT15.fasta /project/home/pouria/opt/src/SpecImmune/runs/ont_chr22/20230829_PAS12643_NA24027/20230829_PAS12643_NA24027/Reads//NUDT15.long_read.sub.fq
[M::main] Real time: 0.092 sec; CPU: 0.171 sec; Peak RSS: 0.013 GB
[M::mm_idx_gen::0.179*1.01] collected minimizers
[M::mm_idx_gen::0.212*2.61] sorted minimizers
[M::main::0.212*2.61] loaded/built the index for 106 target sequence(s)
[M::mm_mapopt_update::0.213*2.60] mid_occ = 319
[M::mm_idx_stat] kmer size: 15; skip: 10; is_hpc: 0; #seq: 106
[M::mm_idx_stat::0.214*2.59] distinct minimizers: 6552 (0.60% are singletons); average occurrences: 103.899; average spacing: 5.326; total length: 3625734
[M::main] Version: 2.24-r1122
[M::main] CMD: minimap2 -t 12 -x map-ont -E 8,4 -p 0.1 -N 100000 -a /project/home/pouria/opt/src/SpecImmune/scripts/../db//CYP/CYP3A4/CYP3A4.fasta /project/home/pouria/opt/src/SpecImmune/runs/ont_chr22/20230829_PAS12643_NA24027/20230829_PAS12643_NA24027/Reads//CYP3A4.long_read.sub.fq
[M::main] Real time: 0.218 sec; CPU: 0.559 sec; Peak RSS: 0.028 GB
[M::mm_idx_gen::0.104*1.04] collected minimizers
[M::mm_idx_gen::0.123*2.52] sorted minimizers
[M::main::0.123*2.52] loaded/built the index for 128 target sequence(s)
[M::mm_mapopt_update::0.124*2.51] mid_occ = 4093
[M::mm_idx_stat] kmer size: 15; skip: 10; is_hpc: 0; #seq: 128
[M::mm_idx_stat::0.124*2.50] distinct minimizers: 3051 (4.65% are singletons); average occurrences: 110.183; average spacing: 5.296; total length: 1780337
[M::main] Version: 2.24-r1122
[M::main] CMD: minimap2 -t 12 -x map-ont -E 8,4 -p 0.1 -N 100000 -a /project/home/pouria/opt/src/SpecImmune/scripts/../db//CYP/CYP2A6/CYP2A6.fasta /project/home/pouria/opt/src/SpecImmune/runs/ont_chr22/20230829_PAS12643_NA24027/20230829_PAS12643_NA24027/Reads//CYP2A6.long_read.sub.fq
[M::main] Real time: 0.126 sec; CPU: 0.313 sec; Peak RSS: 0.015 GB
[M::mm_idx_gen::0.505*1.01] collected minimizers
[M::mm_idx_gen::0.567*2.10] sorted minimizers
[M::main::0.567*2.10] loaded/built the index for 204 target sequence(s)
[M::mm_mapopt_update::0.569*2.09] mid_occ = 1225
[M::mm_idx_stat] kmer size: 15; skip: 10; is_hpc: 0; #seq: 204
[M::mm_idx_stat::0.570*2.09] distinct minimizers: 11099 (0.52% are singletons); average occurrences: 202.367; average spacing: 5.353; total length: 12022511
[M::main] Version: 2.24-r1122
[M::main] CMD: minimap2 -t 12 -x map-ont -E 8,4 -p 0.1 -N 100000 -a /project/home/pouria/opt/src/SpecImmune/scripts/../db//CYP/CYP2C9/CYP2C9.fasta /project/home/pouria/opt/src/SpecImmune/runs/ont_chr22/20230829_PAS12643_NA24027/20230829_PAS12643_NA24027/Reads//CYP2C9.long_read.sub.fq
[M::main] Real time: 0.580 sec; CPU: 1.201 sec; Peak RSS: 0.090 GB
[M::mm_idx_gen::0.395*1.01] collected minimizers
[M::mm_idx_gen::0.482*2.88] sorted minimizers
[M::main::0.482*2.88] loaded/built the index for 122 target sequence(s)
[M::mm_mapopt_update::0.484*2.87] mid_occ = 855
[M::mm_idx_stat] kmer size: 15; skip: 10; is_hpc: 0; #seq: 122
[M::mm_idx_stat::0.486*2.86] distinct minimizers: 21086 (0.10% are singletons); average occurrences: 125.608; average spacing: 5.325; total length: 14103566
[M::main] Version: 2.24-r1122
[M::main] CMD: minimap2 -t 12 -x map-ont -E 8,4 -p 0.1 -N 100000 -a /project/home/pouria/opt/src/SpecImmune/scripts/../db//CYP/SLCO1B1/SLCO1B1.fasta /project/home/pouria/opt/src/SpecImmune/runs/ont_chr22/20230829_PAS12643_NA24027/20230829_PAS12643_NA24027/Reads//SLCO1B1.long_read.sub.fq
[M::main] Real time: 0.494 sec; CPU: 1.398 sec; Peak RSS: 0.099 GB
[M::mm_idx_gen::0.145*1.03] collected minimizers
[M::mm_idx_gen::0.163*2.11] sorted minimizers
[M::main::0.163*2.11] loaded/built the index for 156 target sequence(s)
[M::mm_mapopt_update::0.164*2.11] mid_occ = 313
[M::mm_idx_stat] kmer size: 15; skip: 10; is_hpc: 0; #seq: 156
[M::mm_idx_stat::0.164*2.10] distinct minimizers: 3476 (2.22% are singletons); average occurrences: 146.167; average spacing: 5.210; total length: 2647164
[M::main] Version: 2.24-r1122
[M::main] CMD: minimap2 -t 12 -x map-ont -E 8,4 -p 0.1 -N 100000 -a /project/home/pouria/opt/src/SpecImmune/scripts/../db//CYP/NAT2/NAT2.fasta /project/home/pouria/opt/src/SpecImmune/runs/ont_chr22/20230829_PAS12643_NA24027/20230829_PAS12643_NA24027/Reads//NAT2.long_read.sub.fq
[M::main] Real time: 0.167 sec; CPU: 0.348 sec; Peak RSS: 0.026 GB
[M::mm_idx_gen::0.102*1.04] collected minimizers
[M::mm_idx_gen::0.123*2.74] sorted minimizers
[M::main::0.123*2.74] loaded/built the index for 66 target sequence(s)
[M::mm_mapopt_update::0.124*2.73] mid_occ = 925
[M::mm_idx_stat] kmer size: 15; skip: 10; is_hpc: 0; #seq: 66
[M::mm_idx_stat::0.124*2.72] distinct minimizers: 5004 (0.56% are singletons); average occurrences: 67.959; average spacing: 5.250; total length: 1785366
[M::main] Version: 2.24-r1122
[M::main] CMD: minimap2 -t 12 -x map-ont -E 8,4 -p 0.1 -N 100000 -a /project/home/pouria/opt/src/SpecImmune/scripts/../db//CYP/CYP4F2/CYP4F2.fasta /project/home/pouria/opt/src/SpecImmune/runs/ont_chr22/20230829_PAS12643_NA24027/20230829_PAS12643_NA24027/Reads//CYP4F2.long_read.sub.fq
[M::main] Real time: 0.127 sec; CPU: 0.341 sec; Peak RSS: 0.018 GB
[M::mm_idx_gen::0.083*1.05] collected minimizers
[M::mm_idx_gen::0.096*2.25] sorted minimizers
[M::main::0.096*2.25] loaded/built the index for 37 target sequence(s)
[M::mm_mapopt_update::0.097*2.23] mid_occ = 630
[M::mm_idx_stat] kmer size: 15; skip: 10; is_hpc: 0; #seq: 37
[M::mm_idx_stat::0.098*2.22] distinct minimizers: 7283 (0.96% are singletons); average occurrences: 37.011; average spacing: 5.327; total length: 1435788
[M::main] Version: 2.24-r1122
[M::main] CMD: minimap2 -t 12 -x map-ont -E 8,4 -p 0.1 -N 100000 -a /project/home/pouria/opt/src/SpecImmune/scripts/../db//CYP/CYP3A5/CYP3A5.fasta /project/home/pouria/opt/src/SpecImmune/runs/ont_chr22/20230829_PAS12643_NA24027/20230829_PAS12643_NA24027/Reads//CYP3A5.long_read.sub.fq
[M::main] Real time: 0.101 sec; CPU: 0.222 sec; Peak RSS: 0.014 GB
[M::mm_idx_gen::52.531*1.72] collected minimizers
[M::mm_idx_gen::59.471*2.64] sorted minimizers
[M::main::59.471*2.64] loaded/built the index for 25 target sequence(s)
[M::mm_mapopt_update::61.985*2.57] mid_occ = 702
[M::mm_idx_stat] kmer size: 15; skip: 10; is_hpc: 0; #seq: 25
[M::mm_idx_stat::63.013*2.54] distinct minimizers: 100128857 (38.82% are singletons); average occurrences: 5.521; average spacing: 5.586; total length: 3088286401
[M::worker_pipeline::73.970*3.35] mapped 15347 sequences
[M::main] Version: 2.24-r1122
[M::main] CMD: minimap2 -R @RG\tID:20230829_PAS12643_NA24027\tSM:20230829_PAS12643_NA24027 -t 12 -a /project/shared/inumanag-aldy-ont/GRCh38_no_alts.fa /project/home/pouria/opt/src/SpecImmune/runs/ont_chr22/20230829_PAS12643_NA24027/20230829_PAS12643_NA24027.fastq.gz
[M::main] Real time: 74.180 sec; CPU: 248.183 sec; Peak RSS: 11.341 GB
