[M::bam2fq_mainloop] discarded 0 singletons
[M::bam2fq_mainloop] processed 14773 reads
[M::mm_idx_gen::0.256*1.02] collected minimizers
[M::mm_idx_gen::0.285*1.95] sorted minimizers
[M::main::0.286*1.95] loaded/built the index for 553 target sequence(s)
[M::mm_mapopt_update::0.286*1.95] mid_occ = 2213
[M::mm_idx_stat] kmer size: 15; skip: 10; is_hpc: 0; #seq: 553
[M::mm_idx_stat::0.287*1.95] distinct minimizers: 3211 (13.77% are singletons); average occurrences: 357.246; average spacing: 5.453; total length: 6255536
[M::main] Version: 2.24-r1122
[M::main] CMD: minimap2 -t 12 -x map-ont -E 8,4 -p 0.1 -N 100000 -a /project/home/pouria/opt/src/SpecImmune/scripts/../db//CYP/CYP2D6/CYP2D6.fasta /project/home/pouria/opt/src/SpecImmune/runs/ont_chr22/20230829_PAQ82283_NA10846/20230829_PAQ82283_NA10846/Reads//CYP2D6.long_read.sub.fq
[M::main] Real time: 0.293 sec; CPU: 0.565 sec; Peak RSS: 0.054 GB
[M::mm_idx_gen::0.013*1.33] collected minimizers
[M::mm_idx_gen::0.020*3.60] sorted minimizers
[M::main::0.020*3.59] loaded/built the index for 31 target sequence(s)
[M::mm_mapopt_update::0.020*3.53] mid_occ = 838
[M::mm_idx_stat] kmer size: 15; skip: 10; is_hpc: 0; #seq: 31
[M::mm_idx_stat::0.021*3.48] distinct minimizers: 2845 (1.51% are singletons); average occurrences: 30.637; average spacing: 5.240; total length: 456698
[M::main] Version: 2.24-r1122
[M::main] CMD: minimap2 -t 12 -x map-ont -E 8,4 -p 0.1 -N 100000 -a /project/home/pouria/opt/src/SpecImmune/scripts/../db//CYP/CYP2A13/CYP2A13.fasta /project/home/pouria/opt/src/SpecImmune/runs/ont_chr22/20230829_PAQ82283_NA10846/20230829_PAQ82283_NA10846/Reads//CYP2A13.long_read.sub.fq
[M::main] Real time: 0.022 sec; CPU: 0.073 sec; Peak RSS: 0.006 GB
[M::mm_idx_gen::0.122*1.04] collected minimizers
[M::mm_idx_gen::0.137*1.97] sorted minimizers
[M::main::0.137*1.97] loaded/built the index for 56 target sequence(s)
[M::mm_mapopt_update::0.138*1.96] mid_occ = 785
[M::mm_idx_stat] kmer size: 15; skip: 10; is_hpc: 0; #seq: 56
[M::mm_idx_stat::0.138*1.96] distinct minimizers: 7510 (0.36% are singletons); average occurrences: 55.735; average spacing: 5.315; total length: 2224652
[M::main] Version: 2.24-r1122
[M::main] CMD: minimap2 -t 12 -x map-ont -E 8,4 -p 0.1 -N 100000 -a /project/home/pouria/opt/src/SpecImmune/scripts/../db//CYP/CYP2C8/CYP2C8.fasta /project/home/pouria/opt/src/SpecImmune/runs/ont_chr22/20230829_PAQ82283_NA10846/20230829_PAQ82283_NA10846/Reads//CYP2C8.long_read.sub.fq
[M::main] Real time: 0.141 sec; CPU: 0.274 sec; Peak RSS: 0.018 GB
[M::mm_idx_gen::0.392*1.01] collected minimizers
[M::mm_idx_gen::0.470*2.72] sorted minimizers
[M::main::0.470*2.72] loaded/built the index for 120 target sequence(s)
[M::mm_mapopt_update::0.472*2.71] mid_occ = 721
[M::mm_idx_stat] kmer size: 15; skip: 10; is_hpc: 0; #seq: 120
[M::mm_idx_stat::0.473*2.71] distinct minimizers: 17310 (0.78% are singletons); average occurrences: 131.008; average spacing: 5.285; total length: 11984512
[M::main] Version: 2.24-r1122
[M::main] CMD: minimap2 -t 12 -x map-ont -E 8,4 -p 0.1 -N 100000 -a /project/home/pouria/opt/src/SpecImmune/scripts/../db//CYP/CYP2C19/CYP2C19.fasta /project/home/pouria/opt/src/SpecImmune/runs/ont_chr22/20230829_PAQ82283_NA10846/20230829_PAQ82283_NA10846/Reads//CYP2C19.long_read.sub.fq
[M::main] Real time: 0.481 sec; CPU: 1.290 sec; Peak RSS: 0.087 GB
[M::mm_idx_gen::0.237*1.02] collected minimizers
[M::mm_idx_gen::0.272*2.34] sorted minimizers
[M::main::0.272*2.34] loaded/built the index for 158 target sequence(s)
[M::mm_mapopt_update::0.274*2.33] mid_occ = 1581
[M::mm_idx_stat] kmer size: 15; skip: 10; is_hpc: 0; #seq: 158
[M::mm_idx_stat::0.275*2.33] distinct minimizers: 6595 (1.24% are singletons); average occurrences: 155.282; average spacing: 5.261; total length: 5387484
[M::main] Version: 2.24-r1122
[M::main] CMD: minimap2 -t 12 -x map-ont -E 8,4 -p 0.1 -N 100000 -a /project/home/pouria/opt/src/SpecImmune/scripts/../db//CYP/CYP2B6/CYP2B6.fasta /project/home/pouria/opt/src/SpecImmune/runs/ont_chr22/20230829_PAQ82283_NA10846/20230829_PAQ82283_NA10846/Reads//CYP2B6.long_read.sub.fq
[M::main] Real time: 0.278 sec; CPU: 0.643 sec; Peak RSS: 0.046 GB
[M::mm_idx_gen::0.106*1.04] collected minimizers
[M::mm_idx_gen::0.124*2.46] sorted minimizers
[M::main::0.124*2.46] loaded/built the index for 125 target sequence(s)
[M::mm_mapopt_update::0.125*2.46] mid_occ = 1251
[M::mm_idx_stat] kmer size: 15; skip: 10; is_hpc: 0; #seq: 125
[M::mm_idx_stat::0.125*2.45] distinct minimizers: 2883 (3.12% are singletons); average occurrences: 120.729; average spacing: 5.302; total length: 1845372
[M::main] Version: 2.24-r1122
[M::main] CMD: minimap2 -t 12 -x map-ont -E 8,4 -p 0.1 -N 100000 -a /project/home/pouria/opt/src/SpecImmune/scripts/../db//CYP/CYP1A2/CYP1A2.fasta /project/home/pouria/opt/src/SpecImmune/runs/ont_chr22/20230829_PAQ82283_NA10846/20230829_PAQ82283_NA10846/Reads//CYP1A2.long_read.sub.fq
[M::main] Real time: 0.127 sec; CPU: 0.309 sec; Peak RSS: 0.017 GB
[M::mm_idx_gen::0.070*1.07] collected minimizers
[M::mm_idx_gen::0.079*1.97] sorted minimizers
[M::main::0.079*1.97] loaded/built the index for 52 target sequence(s)
[M::mm_mapopt_update::0.080*1.96] mid_occ = 573
[M::mm_idx_stat] kmer size: 15; skip: 10; is_hpc: 0; #seq: 52
[M::mm_idx_stat::0.081*1.95] distinct minimizers: 4151 (0.63% are singletons); average occurrences: 52.199; average spacing: 5.322; total length: 1153172
[M::main] Version: 2.24-r1122
[M::main] CMD: minimap2 -t 12 -x map-ont -E 8,4 -p 0.1 -N 100000 -a /project/home/pouria/opt/src/SpecImmune/scripts/../db//CYP/NUDT15/NUDT15.fasta /project/home/pouria/opt/src/SpecImmune/runs/ont_chr22/20230829_PAQ82283_NA10846/20230829_PAQ82283_NA10846/Reads//NUDT15.long_read.sub.fq
[M::main] Real time: 0.083 sec; CPU: 0.160 sec; Peak RSS: 0.010 GB
[M::mm_idx_gen::0.144*1.03] collected minimizers
[M::mm_idx_gen::0.176*2.89] sorted minimizers
[M::main::0.176*2.89] loaded/built the index for 106 target sequence(s)
[M::mm_mapopt_update::0.178*2.88] mid_occ = 319
[M::mm_idx_stat] kmer size: 15; skip: 10; is_hpc: 0; #seq: 106
[M::mm_idx_stat::0.178*2.87] distinct minimizers: 6552 (0.60% are singletons); average occurrences: 103.899; average spacing: 5.326; total length: 3625734
[M::main] Version: 2.24-r1122
[M::main] CMD: minimap2 -t 12 -x map-ont -E 8,4 -p 0.1 -N 100000 -a /project/home/pouria/opt/src/SpecImmune/scripts/../db//CYP/CYP3A4/CYP3A4.fasta /project/home/pouria/opt/src/SpecImmune/runs/ont_chr22/20230829_PAQ82283_NA10846/20230829_PAQ82283_NA10846/Reads//CYP3A4.long_read.sub.fq
[M::main] Real time: 0.182 sec; CPU: 0.516 sec; Peak RSS: 0.028 GB
[M::mm_idx_gen::0.094*1.03] collected minimizers
[M::mm_idx_gen::0.110*2.37] sorted minimizers
[M::main::0.110*2.37] loaded/built the index for 128 target sequence(s)
[M::mm_mapopt_update::0.111*2.36] mid_occ = 4093
[M::mm_idx_stat] kmer size: 15; skip: 10; is_hpc: 0; #seq: 128
[M::mm_idx_stat::0.112*2.35] distinct minimizers: 3051 (4.65% are singletons); average occurrences: 110.183; average spacing: 5.296; total length: 1780337
[M::main] Version: 2.24-r1122
[M::main] CMD: minimap2 -t 12 -x map-ont -E 8,4 -p 0.1 -N 100000 -a /project/home/pouria/opt/src/SpecImmune/scripts/../db//CYP/CYP2A6/CYP2A6.fasta /project/home/pouria/opt/src/SpecImmune/runs/ont_chr22/20230829_PAQ82283_NA10846/20230829_PAQ82283_NA10846/Reads//CYP2A6.long_read.sub.fq
[M::main] Real time: 0.114 sec; CPU: 0.265 sec; Peak RSS: 0.015 GB
[M::mm_idx_gen::0.385*1.01] collected minimizers
[M::mm_idx_gen::0.439*2.26] sorted minimizers
[M::main::0.439*2.26] loaded/built the index for 204 target sequence(s)
[M::mm_mapopt_update::0.440*2.25] mid_occ = 1225
[M::mm_idx_stat] kmer size: 15; skip: 10; is_hpc: 0; #seq: 204
[M::mm_idx_stat::0.442*2.25] distinct minimizers: 11099 (0.52% are singletons); average occurrences: 202.367; average spacing: 5.353; total length: 12022511
[M::main] Version: 2.24-r1122
[M::main] CMD: minimap2 -t 12 -x map-ont -E 8,4 -p 0.1 -N 100000 -a /project/home/pouria/opt/src/SpecImmune/scripts/../db//CYP/CYP2C9/CYP2C9.fasta /project/home/pouria/opt/src/SpecImmune/runs/ont_chr22/20230829_PAQ82283_NA10846/20230829_PAQ82283_NA10846/Reads//CYP2C9.long_read.sub.fq
[M::main] Real time: 0.451 sec; CPU: 1.002 sec; Peak RSS: 0.090 GB
[M::mm_idx_gen::0.441*1.01] collected minimizers
[M::mm_idx_gen::0.523*2.62] sorted minimizers
[M::main::0.523*2.62] loaded/built the index for 122 target sequence(s)
[M::mm_mapopt_update::0.525*2.61] mid_occ = 855
[M::mm_idx_stat] kmer size: 15; skip: 10; is_hpc: 0; #seq: 122
[M::mm_idx_stat::0.528*2.61] distinct minimizers: 21086 (0.10% are singletons); average occurrences: 125.608; average spacing: 5.325; total length: 14103566
[M::main] Version: 2.24-r1122
[M::main] CMD: minimap2 -t 12 -x map-ont -E 8,4 -p 0.1 -N 100000 -a /project/home/pouria/opt/src/SpecImmune/scripts/../db//CYP/SLCO1B1/SLCO1B1.fasta /project/home/pouria/opt/src/SpecImmune/runs/ont_chr22/20230829_PAQ82283_NA10846/20230829_PAQ82283_NA10846/Reads//SLCO1B1.long_read.sub.fq
[M::main] Real time: 0.538 sec; CPU: 1.385 sec; Peak RSS: 0.099 GB
[M::mm_idx_gen::0.139*1.02] collected minimizers
[M::mm_idx_gen::0.160*2.31] sorted minimizers
[M::main::0.160*2.31] loaded/built the index for 156 target sequence(s)
[M::mm_mapopt_update::0.161*2.30] mid_occ = 313
[M::mm_idx_stat] kmer size: 15; skip: 10; is_hpc: 0; #seq: 156
[M::mm_idx_stat::0.161*2.30] distinct minimizers: 3476 (2.22% are singletons); average occurrences: 146.167; average spacing: 5.210; total length: 2647164
[M::main] Version: 2.24-r1122
[M::main] CMD: minimap2 -t 12 -x map-ont -E 8,4 -p 0.1 -N 100000 -a /project/home/pouria/opt/src/SpecImmune/scripts/../db//CYP/NAT2/NAT2.fasta /project/home/pouria/opt/src/SpecImmune/runs/ont_chr22/20230829_PAQ82283_NA10846/20230829_PAQ82283_NA10846/Reads//NAT2.long_read.sub.fq
[M::main] Real time: 0.164 sec; CPU: 0.373 sec; Peak RSS: 0.027 GB
[M::mm_idx_gen::0.105*1.04] collected minimizers
[M::mm_idx_gen::0.130*2.95] sorted minimizers
[M::main::0.130*2.95] loaded/built the index for 66 target sequence(s)
[M::mm_mapopt_update::0.131*2.94] mid_occ = 925
[M::mm_idx_stat] kmer size: 15; skip: 10; is_hpc: 0; #seq: 66
[M::mm_idx_stat::0.132*2.93] distinct minimizers: 5004 (0.56% are singletons); average occurrences: 67.959; average spacing: 5.250; total length: 1785366
[M::main] Version: 2.24-r1122
[M::main] CMD: minimap2 -t 12 -x map-ont -E 8,4 -p 0.1 -N 100000 -a /project/home/pouria/opt/src/SpecImmune/scripts/../db//CYP/CYP4F2/CYP4F2.fasta /project/home/pouria/opt/src/SpecImmune/runs/ont_chr22/20230829_PAQ82283_NA10846/20230829_PAQ82283_NA10846/Reads//CYP4F2.long_read.sub.fq
[M::main] Real time: 0.135 sec; CPU: 0.389 sec; Peak RSS: 0.019 GB
[M::mm_idx_gen::0.091*1.05] collected minimizers
[M::mm_idx_gen::0.106*2.16] sorted minimizers
[M::main::0.106*2.16] loaded/built the index for 37 target sequence(s)
[M::mm_mapopt_update::0.107*2.15] mid_occ = 630
[M::mm_idx_stat] kmer size: 15; skip: 10; is_hpc: 0; #seq: 37
[M::mm_idx_stat::0.108*2.14] distinct minimizers: 7283 (0.96% are singletons); average occurrences: 37.011; average spacing: 5.327; total length: 1435788
[M::main] Version: 2.24-r1122
[M::main] CMD: minimap2 -t 12 -x map-ont -E 8,4 -p 0.1 -N 100000 -a /project/home/pouria/opt/src/SpecImmune/scripts/../db//CYP/CYP3A5/CYP3A5.fasta /project/home/pouria/opt/src/SpecImmune/runs/ont_chr22/20230829_PAQ82283_NA10846/20230829_PAQ82283_NA10846/Reads//CYP3A5.long_read.sub.fq
[M::main] Real time: 0.111 sec; CPU: 0.234 sec; Peak RSS: 0.015 GB
[M::mm_idx_gen::50.572*1.71] collected minimizers
[M::mm_idx_gen::56.717*2.56] sorted minimizers
[M::main::56.717*2.56] loaded/built the index for 25 target sequence(s)
[M::mm_mapopt_update::59.248*2.49] mid_occ = 702
[M::mm_idx_stat] kmer size: 15; skip: 10; is_hpc: 0; #seq: 25
[M::mm_idx_stat::60.687*2.46] distinct minimizers: 100128857 (38.82% are singletons); average occurrences: 5.521; average spacing: 5.586; total length: 3088286401
[M::worker_pipeline::69.378*3.16] mapped 14773 sequences
[M::main] Version: 2.24-r1122
[M::main] CMD: minimap2 -R @RG\tID:20230829_PAQ82283_NA10846\tSM:20230829_PAQ82283_NA10846 -t 12 -a /project/shared/inumanag-aldy-ont/GRCh38_no_alts.fa /project/home/pouria/opt/src/SpecImmune/runs/ont_chr22/20230829_PAQ82283_NA10846/20230829_PAQ82283_NA10846.fastq.gz
[M::main] Real time: 69.605 sec; CPU: 219.665 sec; Peak RSS: 11.348 GB
