[M::bam2fq_mainloop] discarded 0 singletons
[M::bam2fq_mainloop] processed 29294 reads
[M::mm_idx_gen::0.285*1.01] collected minimizers
[M::mm_idx_gen::0.312*1.76] sorted minimizers
[M::main::0.312*1.76] loaded/built the index for 553 target sequence(s)
[M::mm_mapopt_update::0.313*1.76] mid_occ = 2213
[M::mm_idx_stat] kmer size: 15; skip: 10; is_hpc: 0; #seq: 553
[M::mm_idx_stat::0.313*1.76] distinct minimizers: 3211 (13.77% are singletons); average occurrences: 357.246; average spacing: 5.453; total length: 6255536
[M::main] Version: 2.24-r1122
[M::main] CMD: minimap2 -t 12 -x map-ont -E 8,4 -p 0.1 -N 100000 -a /project/home/pouria/opt/src/SpecImmune/scripts/../db//CYP/CYP2D6/CYP2D6.fasta /project/home/pouria/opt/src/SpecImmune/runs/ont_chr22/20230726_PAQ25595_barcode18/20230726_PAQ25595_barcode18/Reads//CYP2D6.long_read.sub.fq
[M::main] Real time: 0.317 sec; CPU: 0.556 sec; Peak RSS: 0.052 GB
[M::mm_idx_gen::0.037*1.13] collected minimizers
[M::mm_idx_gen::0.043*2.08] sorted minimizers
[M::main::0.043*2.08] loaded/built the index for 31 target sequence(s)
[M::mm_mapopt_update::0.043*2.06] mid_occ = 838
[M::mm_idx_stat] kmer size: 15; skip: 10; is_hpc: 0; #seq: 31
[M::mm_idx_stat::0.044*2.05] distinct minimizers: 2845 (1.51% are singletons); average occurrences: 30.637; average spacing: 5.240; total length: 456698
[M::main] Version: 2.24-r1122
[M::main] CMD: minimap2 -t 12 -x map-ont -E 8,4 -p 0.1 -N 100000 -a /project/home/pouria/opt/src/SpecImmune/scripts/../db//CYP/CYP2A13/CYP2A13.fasta /project/home/pouria/opt/src/SpecImmune/runs/ont_chr22/20230726_PAQ25595_barcode18/20230726_PAQ25595_barcode18/Reads//CYP2A13.long_read.sub.fq
[M::main] Real time: 0.046 sec; CPU: 0.092 sec; Peak RSS: 0.008 GB
[M::mm_idx_gen::0.105*1.04] collected minimizers
[M::mm_idx_gen::0.119*2.07] sorted minimizers
[M::main::0.119*2.07] loaded/built the index for 56 target sequence(s)
[M::mm_mapopt_update::0.120*2.06] mid_occ = 785
[M::mm_idx_stat] kmer size: 15; skip: 10; is_hpc: 0; #seq: 56
[M::mm_idx_stat::0.121*2.05] distinct minimizers: 7510 (0.36% are singletons); average occurrences: 55.735; average spacing: 5.315; total length: 2224652
[M::main] Version: 2.24-r1122
[M::main] CMD: minimap2 -t 12 -x map-ont -E 8,4 -p 0.1 -N 100000 -a /project/home/pouria/opt/src/SpecImmune/scripts/../db//CYP/CYP2C8/CYP2C8.fasta /project/home/pouria/opt/src/SpecImmune/runs/ont_chr22/20230726_PAQ25595_barcode18/20230726_PAQ25595_barcode18/Reads//CYP2C8.long_read.sub.fq
[M::main] Real time: 0.124 sec; CPU: 0.252 sec; Peak RSS: 0.019 GB
[M::mm_idx_gen::0.374*1.01] collected minimizers
[M::mm_idx_gen::0.438*2.48] sorted minimizers
[M::main::0.438*2.48] loaded/built the index for 120 target sequence(s)
[M::mm_mapopt_update::0.440*2.48] mid_occ = 721
[M::mm_idx_stat] kmer size: 15; skip: 10; is_hpc: 0; #seq: 120
[M::mm_idx_stat::0.442*2.47] distinct minimizers: 17310 (0.78% are singletons); average occurrences: 131.008; average spacing: 5.285; total length: 11984512
[M::main] Version: 2.24-r1122
[M::main] CMD: minimap2 -t 12 -x map-ont -E 8,4 -p 0.1 -N 100000 -a /project/home/pouria/opt/src/SpecImmune/scripts/../db//CYP/CYP2C19/CYP2C19.fasta /project/home/pouria/opt/src/SpecImmune/runs/ont_chr22/20230726_PAQ25595_barcode18/20230726_PAQ25595_barcode18/Reads//CYP2C19.long_read.sub.fq
[M::main] Real time: 0.449 sec; CPU: 1.098 sec; Peak RSS: 0.087 GB
[M::mm_idx_gen::0.236*1.02] collected minimizers
[M::mm_idx_gen::0.271*2.36] sorted minimizers
[M::main::0.271*2.36] loaded/built the index for 158 target sequence(s)
[M::mm_mapopt_update::0.273*2.35] mid_occ = 1581
[M::mm_idx_stat] kmer size: 15; skip: 10; is_hpc: 0; #seq: 158
[M::mm_idx_stat::0.274*2.35] distinct minimizers: 6595 (1.24% are singletons); average occurrences: 155.282; average spacing: 5.261; total length: 5387484
[M::main] Version: 2.24-r1122
[M::main] CMD: minimap2 -t 12 -x map-ont -E 8,4 -p 0.1 -N 100000 -a /project/home/pouria/opt/src/SpecImmune/scripts/../db//CYP/CYP2B6/CYP2B6.fasta /project/home/pouria/opt/src/SpecImmune/runs/ont_chr22/20230726_PAQ25595_barcode18/20230726_PAQ25595_barcode18/Reads//CYP2B6.long_read.sub.fq
[M::main] Real time: 0.277 sec; CPU: 0.646 sec; Peak RSS: 0.046 GB
[M::mm_idx_gen::0.105*1.04] collected minimizers
[M::mm_idx_gen::0.122*2.35] sorted minimizers
[M::main::0.122*2.35] loaded/built the index for 125 target sequence(s)
[M::mm_mapopt_update::0.123*2.34] mid_occ = 1251
[M::mm_idx_stat] kmer size: 15; skip: 10; is_hpc: 0; #seq: 125
[M::mm_idx_stat::0.123*2.34] distinct minimizers: 2883 (3.12% are singletons); average occurrences: 120.729; average spacing: 5.302; total length: 1845372
[M::main] Version: 2.24-r1122
[M::main] CMD: minimap2 -t 12 -x map-ont -E 8,4 -p 0.1 -N 100000 -a /project/home/pouria/opt/src/SpecImmune/scripts/../db//CYP/CYP1A2/CYP1A2.fasta /project/home/pouria/opt/src/SpecImmune/runs/ont_chr22/20230726_PAQ25595_barcode18/20230726_PAQ25595_barcode18/Reads//CYP1A2.long_read.sub.fq
[M::main] Real time: 0.125 sec; CPU: 0.290 sec; Peak RSS: 0.015 GB
[M::mm_idx_gen::0.032*1.13] collected minimizers
[M::mm_idx_gen::0.041*2.71] sorted minimizers
[M::main::0.041*2.70] loaded/built the index for 52 target sequence(s)
[M::mm_mapopt_update::0.042*2.67] mid_occ = 573
[M::mm_idx_stat] kmer size: 15; skip: 10; is_hpc: 0; #seq: 52
[M::mm_idx_stat::0.042*2.64] distinct minimizers: 4151 (0.63% are singletons); average occurrences: 52.199; average spacing: 5.322; total length: 1153172
[M::main] Version: 2.24-r1122
[M::main] CMD: minimap2 -t 12 -x map-ont -E 8,4 -p 0.1 -N 100000 -a /project/home/pouria/opt/src/SpecImmune/scripts/../db//CYP/NUDT15/NUDT15.fasta /project/home/pouria/opt/src/SpecImmune/runs/ont_chr22/20230726_PAQ25595_barcode18/20230726_PAQ25595_barcode18/Reads//NUDT15.long_read.sub.fq
[M::main] Real time: 0.045 sec; CPU: 0.114 sec; Peak RSS: 0.011 GB
[M::mm_idx_gen::0.137*1.04] collected minimizers
[M::mm_idx_gen::0.172*3.15] sorted minimizers
[M::main::0.172*3.15] loaded/built the index for 106 target sequence(s)
[M::mm_mapopt_update::0.173*3.13] mid_occ = 319
[M::mm_idx_stat] kmer size: 15; skip: 10; is_hpc: 0; #seq: 106
[M::mm_idx_stat::0.174*3.12] distinct minimizers: 6552 (0.60% are singletons); average occurrences: 103.899; average spacing: 5.326; total length: 3625734
[M::main] Version: 2.24-r1122
[M::main] CMD: minimap2 -t 12 -x map-ont -E 8,4 -p 0.1 -N 100000 -a /project/home/pouria/opt/src/SpecImmune/scripts/../db//CYP/CYP3A4/CYP3A4.fasta /project/home/pouria/opt/src/SpecImmune/runs/ont_chr22/20230726_PAQ25595_barcode18/20230726_PAQ25595_barcode18/Reads//CYP3A4.long_read.sub.fq
[M::main] Real time: 0.178 sec; CPU: 0.548 sec; Peak RSS: 0.028 GB
[M::mm_idx_gen::0.104*1.04] collected minimizers
[M::mm_idx_gen::0.118*2.17] sorted minimizers
[M::main::0.118*2.17] loaded/built the index for 128 target sequence(s)
[M::mm_mapopt_update::0.119*2.17] mid_occ = 4093
[M::mm_idx_stat] kmer size: 15; skip: 10; is_hpc: 0; #seq: 128
[M::mm_idx_stat::0.119*2.16] distinct minimizers: 3051 (4.65% are singletons); average occurrences: 110.183; average spacing: 5.296; total length: 1780337
[M::main] Version: 2.24-r1122
[M::main] CMD: minimap2 -t 12 -x map-ont -E 8,4 -p 0.1 -N 100000 -a /project/home/pouria/opt/src/SpecImmune/scripts/../db//CYP/CYP2A6/CYP2A6.fasta /project/home/pouria/opt/src/SpecImmune/runs/ont_chr22/20230726_PAQ25595_barcode18/20230726_PAQ25595_barcode18/Reads//CYP2A6.long_read.sub.fq
[M::main] Real time: 0.121 sec; CPU: 0.260 sec; Peak RSS: 0.013 GB
[M::mm_idx_gen::0.403*1.01] collected minimizers
[M::mm_idx_gen::0.463*2.35] sorted minimizers
[M::main::0.464*2.35] loaded/built the index for 204 target sequence(s)
[M::mm_mapopt_update::0.465*2.34] mid_occ = 1225
[M::mm_idx_stat] kmer size: 15; skip: 10; is_hpc: 0; #seq: 204
[M::mm_idx_stat::0.467*2.34] distinct minimizers: 11099 (0.52% are singletons); average occurrences: 202.367; average spacing: 5.353; total length: 12022511
[M::main] Version: 2.24-r1122
[M::main] CMD: minimap2 -t 12 -x map-ont -E 8,4 -p 0.1 -N 100000 -a /project/home/pouria/opt/src/SpecImmune/scripts/../db//CYP/CYP2C9/CYP2C9.fasta /project/home/pouria/opt/src/SpecImmune/runs/ont_chr22/20230726_PAQ25595_barcode18/20230726_PAQ25595_barcode18/Reads//CYP2C9.long_read.sub.fq
[M::main] Real time: 0.475 sec; CPU: 1.101 sec; Peak RSS: 0.092 GB
[M::mm_idx_gen::0.468*1.01] collected minimizers
[M::mm_idx_gen::0.556*2.63] sorted minimizers
[M::main::0.556*2.63] loaded/built the index for 122 target sequence(s)
[M::mm_mapopt_update::0.558*2.62] mid_occ = 855
[M::mm_idx_stat] kmer size: 15; skip: 10; is_hpc: 0; #seq: 122
[M::mm_idx_stat::0.560*2.62] distinct minimizers: 21086 (0.10% are singletons); average occurrences: 125.608; average spacing: 5.325; total length: 14103566
[M::main] Version: 2.24-r1122
[M::main] CMD: minimap2 -t 12 -x map-ont -E 8,4 -p 0.1 -N 100000 -a /project/home/pouria/opt/src/SpecImmune/scripts/../db//CYP/SLCO1B1/SLCO1B1.fasta /project/home/pouria/opt/src/SpecImmune/runs/ont_chr22/20230726_PAQ25595_barcode18/20230726_PAQ25595_barcode18/Reads//SLCO1B1.long_read.sub.fq
[M::main] Real time: 0.568 sec; CPU: 1.474 sec; Peak RSS: 0.099 GB
[M::mm_idx_gen::0.144*1.03] collected minimizers
[M::mm_idx_gen::0.164*2.24] sorted minimizers
[M::main::0.164*2.23] loaded/built the index for 156 target sequence(s)
[M::mm_mapopt_update::0.165*2.23] mid_occ = 313
[M::mm_idx_stat] kmer size: 15; skip: 10; is_hpc: 0; #seq: 156
[M::mm_idx_stat::0.166*2.23] distinct minimizers: 3476 (2.22% are singletons); average occurrences: 146.167; average spacing: 5.210; total length: 2647164
[M::main] Version: 2.24-r1122
[M::main] CMD: minimap2 -t 12 -x map-ont -E 8,4 -p 0.1 -N 100000 -a /project/home/pouria/opt/src/SpecImmune/scripts/../db//CYP/NAT2/NAT2.fasta /project/home/pouria/opt/src/SpecImmune/runs/ont_chr22/20230726_PAQ25595_barcode18/20230726_PAQ25595_barcode18/Reads//NAT2.long_read.sub.fq
[M::main] Real time: 0.168 sec; CPU: 0.371 sec; Peak RSS: 0.026 GB
[M::mm_idx_gen::0.096*1.05] collected minimizers
[M::mm_idx_gen::0.109*2.26] sorted minimizers
[M::main::0.109*2.26] loaded/built the index for 66 target sequence(s)
[M::mm_mapopt_update::0.110*2.25] mid_occ = 925
[M::mm_idx_stat] kmer size: 15; skip: 10; is_hpc: 0; #seq: 66
[M::mm_idx_stat::0.111*2.24] distinct minimizers: 5004 (0.56% are singletons); average occurrences: 67.959; average spacing: 5.250; total length: 1785366
[M::main] Version: 2.24-r1122
[M::main] CMD: minimap2 -t 12 -x map-ont -E 8,4 -p 0.1 -N 100000 -a /project/home/pouria/opt/src/SpecImmune/scripts/../db//CYP/CYP4F2/CYP4F2.fasta /project/home/pouria/opt/src/SpecImmune/runs/ont_chr22/20230726_PAQ25595_barcode18/20230726_PAQ25595_barcode18/Reads//CYP4F2.long_read.sub.fq
[M::main] Real time: 0.113 sec; CPU: 0.251 sec; Peak RSS: 0.019 GB
[M::mm_idx_gen::0.091*1.04] collected minimizers
[M::mm_idx_gen::0.106*2.18] sorted minimizers
[M::main::0.106*2.18] loaded/built the index for 37 target sequence(s)
[M::mm_mapopt_update::0.107*2.17] mid_occ = 630
[M::mm_idx_stat] kmer size: 15; skip: 10; is_hpc: 0; #seq: 37
[M::mm_idx_stat::0.108*2.16] distinct minimizers: 7283 (0.96% are singletons); average occurrences: 37.011; average spacing: 5.327; total length: 1435788
[M::main] Version: 2.24-r1122
[M::main] CMD: minimap2 -t 12 -x map-ont -E 8,4 -p 0.1 -N 100000 -a /project/home/pouria/opt/src/SpecImmune/scripts/../db//CYP/CYP3A5/CYP3A5.fasta /project/home/pouria/opt/src/SpecImmune/runs/ont_chr22/20230726_PAQ25595_barcode18/20230726_PAQ25595_barcode18/Reads//CYP3A5.long_read.sub.fq
[M::main] Real time: 0.111 sec; CPU: 0.237 sec; Peak RSS: 0.016 GB
[M::mm_idx_gen::50.906*1.74] collected minimizers
[M::mm_idx_gen::57.271*2.61] sorted minimizers
[M::main::57.271*2.61] loaded/built the index for 25 target sequence(s)
[M::mm_mapopt_update::59.974*2.54] mid_occ = 702
[M::mm_idx_stat] kmer size: 15; skip: 10; is_hpc: 0; #seq: 25
[M::mm_idx_stat::61.258*2.50] distinct minimizers: 100128857 (38.82% are singletons); average occurrences: 5.521; average spacing: 5.586; total length: 3088286401
[M::worker_pipeline::68.734*3.04] mapped 29294 sequences
[M::main] Version: 2.24-r1122
[M::main] CMD: minimap2 -R @RG\tID:20230726_PAQ25595_barcode18\tSM:20230726_PAQ25595_barcode18 -t 12 -a /project/shared/inumanag-aldy-ont/GRCh38_no_alts.fa /project/home/pouria/opt/src/SpecImmune/runs/ont_chr22/20230726_PAQ25595_barcode18/20230726_PAQ25595_barcode18.fastq.gz
[M::main] Real time: 68.955 sec; CPU: 209.238 sec; Peak RSS: 11.345 GB
