[M::bam2fq_mainloop] discarded 0 singletons
[M::bam2fq_mainloop] processed 17012 reads
[M::bwa_idx_load_from_disk] read 0 ALT contigs
[M::process] read 17012 sequences (32293141 bp)...
[M::mem_process_seqs] Processed 17012 reads in 3346.964 CPU sec, 282.891 real sec
[main] Version: 0.7.17-r1188
[main] CMD: bwa mem -t 12 /project/home/pouria/opt/src/SpecImmune/scripts/../db//CYP/CYP.full.fasta /project/home/pouria/opt/src/SpecImmune/runs/ont_chr22/20230501_PAO22333_barcode13.original_ref/20230501_PAO22333_barcode13.original_ref.fastq.gz
[main] Real time: 284.939 sec; CPU: 3347.901 sec
sh: line 1: seqtk: command not found
[M::mm_idx_gen::0.249*1.02] collected minimizers
[M::mm_idx_gen::0.274*1.89] sorted minimizers
[M::main::0.274*1.89] loaded/built the index for 553 target sequence(s)
[M::mm_mapopt_update::0.275*1.89] mid_occ = 2213
[M::mm_idx_stat] kmer size: 15; skip: 10; is_hpc: 0; #seq: 553
[M::mm_idx_stat::0.275*1.89] distinct minimizers: 3211 (13.77% are singletons); average occurrences: 357.246; average spacing: 5.453; total length: 6255536
[M::main] Version: 2.24-r1122
[M::main] CMD: minimap2 -t 12 -x map-ont -E 8,4 -p 0.1 -N 100000 -a /project/home/pouria/opt/src/SpecImmune/scripts/../db//CYP/CYP2D6/CYP2D6.fasta /project/home/pouria/opt/src/SpecImmune/runs/ont_chr22/20230501_PAO22333_barcode13.original_ref/20230501_PAO22333_barcode13.original_ref/Reads//CYP2D6.long_read.sub.fq
[M::main] Real time: 0.283 sec; CPU: 0.527 sec; Peak RSS: 0.052 GB
[M::mm_idx_gen::0.035*1.13] collected minimizers
[M::mm_idx_gen::0.042*2.12] sorted minimizers
[M::main::0.042*2.11] loaded/built the index for 31 target sequence(s)
[M::mm_mapopt_update::0.042*2.10] mid_occ = 838
[M::mm_idx_stat] kmer size: 15; skip: 10; is_hpc: 0; #seq: 31
[M::mm_idx_stat::0.043*2.08] distinct minimizers: 2845 (1.51% are singletons); average occurrences: 30.637; average spacing: 5.240; total length: 456698
[M::main] Version: 2.24-r1122
[M::main] CMD: minimap2 -t 12 -x map-ont -E 8,4 -p 0.1 -N 100000 -a /project/home/pouria/opt/src/SpecImmune/scripts/../db//CYP/CYP2A13/CYP2A13.fasta /project/home/pouria/opt/src/SpecImmune/runs/ont_chr22/20230501_PAO22333_barcode13.original_ref/20230501_PAO22333_barcode13.original_ref/Reads//CYP2A13.long_read.sub.fq
[M::main] Real time: 0.045 sec; CPU: 0.091 sec; Peak RSS: 0.008 GB
[M::mm_idx_gen::0.121*1.04] collected minimizers
[M::mm_idx_gen::0.136*1.88] sorted minimizers
[M::main::0.136*1.88] loaded/built the index for 56 target sequence(s)
[M::mm_mapopt_update::0.137*1.87] mid_occ = 785
[M::mm_idx_stat] kmer size: 15; skip: 10; is_hpc: 0; #seq: 56
[M::mm_idx_stat::0.138*1.87] distinct minimizers: 7510 (0.36% are singletons); average occurrences: 55.735; average spacing: 5.315; total length: 2224652
[M::worker_pipeline::0.341*3.44] mapped 16 sequences
[M::main] Version: 2.24-r1122
[M::main] CMD: minimap2 -t 12 -x map-ont -E 8,4 -p 0.1 -N 100000 -a /project/home/pouria/opt/src/SpecImmune/scripts/../db//CYP/CYP2C8/CYP2C8.fasta /project/home/pouria/opt/src/SpecImmune/runs/ont_chr22/20230501_PAO22333_barcode13.original_ref/20230501_PAO22333_barcode13.original_ref/Reads//CYP2C8.long_read.sub.fq
[M::main] Real time: 0.345 sec; CPU: 1.175 sec; Peak RSS: 0.048 GB
[M::mm_idx_gen::0.361*1.01] collected minimizers
[M::mm_idx_gen::0.434*2.74] sorted minimizers
[M::main::0.434*2.74] loaded/built the index for 120 target sequence(s)
[M::mm_mapopt_update::0.436*2.73] mid_occ = 721
[M::mm_idx_stat] kmer size: 15; skip: 10; is_hpc: 0; #seq: 120
[M::mm_idx_stat::0.438*2.73] distinct minimizers: 17310 (0.78% are singletons); average occurrences: 131.008; average spacing: 5.285; total length: 11984512
[M::worker_pipeline::3.700*10.05] mapped 92 sequences
[M::main] Version: 2.24-r1122
[M::main] CMD: minimap2 -t 12 -x map-ont -E 8,4 -p 0.1 -N 100000 -a /project/home/pouria/opt/src/SpecImmune/scripts/../db//CYP/CYP2C19/CYP2C19.fasta /project/home/pouria/opt/src/SpecImmune/runs/ont_chr22/20230501_PAO22333_barcode13.original_ref/20230501_PAO22333_barcode13.original_ref/Reads//CYP2C19.long_read.sub.fq
[M::main] Real time: 3.724 sec; CPU: 37.226 sec; Peak RSS: 0.245 GB
[M::mm_idx_gen::0.224*1.02] collected minimizers
[M::mm_idx_gen::0.260*2.37] sorted minimizers
[M::main::0.260*2.37] loaded/built the index for 158 target sequence(s)
[M::mm_mapopt_update::0.261*2.36] mid_occ = 1581
[M::mm_idx_stat] kmer size: 15; skip: 10; is_hpc: 0; #seq: 158
[M::mm_idx_stat::0.262*2.36] distinct minimizers: 6595 (1.24% are singletons); average occurrences: 155.282; average spacing: 5.261; total length: 5387484
[M::worker_pipeline::4.287*2.10] mapped 7 sequences
[M::main] Version: 2.24-r1122
[M::main] CMD: minimap2 -t 12 -x map-ont -E 8,4 -p 0.1 -N 100000 -a /project/home/pouria/opt/src/SpecImmune/scripts/../db//CYP/CYP2B6/CYP2B6.fasta /project/home/pouria/opt/src/SpecImmune/runs/ont_chr22/20230501_PAO22333_barcode13.original_ref/20230501_PAO22333_barcode13.original_ref/Reads//CYP2B6.long_read.sub.fq
[M::main] Real time: 4.316 sec; CPU: 9.043 sec; Peak RSS: 0.169 GB
[M::mm_idx_gen::0.102*1.04] collected minimizers
[M::mm_idx_gen::0.118*2.40] sorted minimizers
[M::main::0.118*2.39] loaded/built the index for 125 target sequence(s)
[M::mm_mapopt_update::0.119*2.39] mid_occ = 1251
[M::mm_idx_stat] kmer size: 15; skip: 10; is_hpc: 0; #seq: 125
[M::mm_idx_stat::0.119*2.38] distinct minimizers: 2883 (3.12% are singletons); average occurrences: 120.729; average spacing: 5.302; total length: 1845372
[M::main] Version: 2.24-r1122
[M::main] CMD: minimap2 -t 12 -x map-ont -E 8,4 -p 0.1 -N 100000 -a /project/home/pouria/opt/src/SpecImmune/scripts/../db//CYP/CYP1A2/CYP1A2.fasta /project/home/pouria/opt/src/SpecImmune/runs/ont_chr22/20230501_PAO22333_barcode13.original_ref/20230501_PAO22333_barcode13.original_ref/Reads//CYP1A2.long_read.sub.fq
[M::main] Real time: 0.121 sec; CPU: 0.286 sec; Peak RSS: 0.015 GB
[M::mm_idx_gen::0.072*1.06] collected minimizers
[M::mm_idx_gen::0.082*2.00] sorted minimizers
[M::main::0.082*2.00] loaded/built the index for 52 target sequence(s)
[M::mm_mapopt_update::0.083*1.99] mid_occ = 573
[M::mm_idx_stat] kmer size: 15; skip: 10; is_hpc: 0; #seq: 52
[M::mm_idx_stat::0.084*1.98] distinct minimizers: 4151 (0.63% are singletons); average occurrences: 52.199; average spacing: 5.322; total length: 1153172
[M::main] Version: 2.24-r1122
[M::main] CMD: minimap2 -t 12 -x map-ont -E 8,4 -p 0.1 -N 100000 -a /project/home/pouria/opt/src/SpecImmune/scripts/../db//CYP/NUDT15/NUDT15.fasta /project/home/pouria/opt/src/SpecImmune/runs/ont_chr22/20230501_PAO22333_barcode13.original_ref/20230501_PAO22333_barcode13.original_ref/Reads//NUDT15.long_read.sub.fq
[M::main] Real time: 0.086 sec; CPU: 0.168 sec; Peak RSS: 0.010 GB
[M::mm_idx_gen::0.159*1.02] collected minimizers
[M::mm_idx_gen::0.190*2.67] sorted minimizers
[M::main::0.190*2.67] loaded/built the index for 106 target sequence(s)
[M::mm_mapopt_update::0.192*2.66] mid_occ = 319
[M::mm_idx_stat] kmer size: 15; skip: 10; is_hpc: 0; #seq: 106
[M::mm_idx_stat::0.192*2.65] distinct minimizers: 6552 (0.60% are singletons); average occurrences: 103.899; average spacing: 5.326; total length: 3625734
[M::worker_pipeline::0.542*3.04] mapped 14 sequences
[M::main] Version: 2.24-r1122
[M::main] CMD: minimap2 -t 12 -x map-ont -E 8,4 -p 0.1 -N 100000 -a /project/home/pouria/opt/src/SpecImmune/scripts/../db//CYP/CYP3A4/CYP3A4.fasta /project/home/pouria/opt/src/SpecImmune/runs/ont_chr22/20230501_PAO22333_barcode13.original_ref/20230501_PAO22333_barcode13.original_ref/Reads//CYP3A4.long_read.sub.fq
[M::main] Real time: 0.546 sec; CPU: 1.650 sec; Peak RSS: 0.067 GB
[M::mm_idx_gen::0.090*1.05] collected minimizers
[M::mm_idx_gen::0.107*2.60] sorted minimizers
[M::main::0.108*2.60] loaded/built the index for 128 target sequence(s)
[M::mm_mapopt_update::0.108*2.59] mid_occ = 4093
[M::mm_idx_stat] kmer size: 15; skip: 10; is_hpc: 0; #seq: 128
[M::mm_idx_stat::0.109*2.58] distinct minimizers: 3051 (4.65% are singletons); average occurrences: 110.183; average spacing: 5.296; total length: 1780337
[M::main] Version: 2.24-r1122
[M::main] CMD: minimap2 -t 12 -x map-ont -E 8,4 -p 0.1 -N 100000 -a /project/home/pouria/opt/src/SpecImmune/scripts/../db//CYP/CYP2A6/CYP2A6.fasta /project/home/pouria/opt/src/SpecImmune/runs/ont_chr22/20230501_PAO22333_barcode13.original_ref/20230501_PAO22333_barcode13.original_ref/Reads//CYP2A6.long_read.sub.fq
[M::main] Real time: 0.111 sec; CPU: 0.283 sec; Peak RSS: 0.014 GB
[M::mm_idx_gen::0.401*1.01] collected minimizers
[M::mm_idx_gen::0.462*2.35] sorted minimizers
[M::main::0.462*2.35] loaded/built the index for 204 target sequence(s)
[M::mm_mapopt_update::0.464*2.34] mid_occ = 1225
[M::mm_idx_stat] kmer size: 15; skip: 10; is_hpc: 0; #seq: 204
[M::mm_idx_stat::0.465*2.34] distinct minimizers: 11099 (0.52% are singletons); average occurrences: 202.367; average spacing: 5.353; total length: 12022511
[M::worker_pipeline::0.784*4.49] mapped 12 sequences
[M::main] Version: 2.24-r1122
[M::main] CMD: minimap2 -t 12 -x map-ont -E 8,4 -p 0.1 -N 100000 -a /project/home/pouria/opt/src/SpecImmune/scripts/../db//CYP/CYP2C9/CYP2C9.fasta /project/home/pouria/opt/src/SpecImmune/runs/ont_chr22/20230501_PAO22333_barcode13.original_ref/20230501_PAO22333_barcode13.original_ref/Reads//CYP2C9.long_read.sub.fq
[M::main] Real time: 0.792 sec; CPU: 3.528 sec; Peak RSS: 0.099 GB
[M::mm_idx_gen::0.446*1.01] collected minimizers
[M::mm_idx_gen::0.529*2.62] sorted minimizers
[M::main::0.529*2.62] loaded/built the index for 122 target sequence(s)
[M::mm_mapopt_update::0.531*2.62] mid_occ = 855
[M::mm_idx_stat] kmer size: 15; skip: 10; is_hpc: 0; #seq: 122
[M::mm_idx_stat::0.533*2.61] distinct minimizers: 21086 (0.10% are singletons); average occurrences: 125.608; average spacing: 5.325; total length: 14103566
[M::worker_pipeline::2.374*3.50] mapped 27 sequences
[M::main] Version: 2.24-r1122
[M::main] CMD: minimap2 -t 12 -x map-ont -E 8,4 -p 0.1 -N 100000 -a /project/home/pouria/opt/src/SpecImmune/scripts/../db//CYP/SLCO1B1/SLCO1B1.fasta /project/home/pouria/opt/src/SpecImmune/runs/ont_chr22/20230501_PAO22333_barcode13.original_ref/20230501_PAO22333_barcode13.original_ref/Reads//SLCO1B1.long_read.sub.fq
[M::main] Real time: 2.423 sec; CPU: 8.359 sec; Peak RSS: 0.135 GB
[M::mm_idx_gen::0.128*1.04] collected minimizers
[M::mm_idx_gen::0.147*2.31] sorted minimizers
[M::main::0.147*2.31] loaded/built the index for 156 target sequence(s)
[M::mm_mapopt_update::0.148*2.30] mid_occ = 313
[M::mm_idx_stat] kmer size: 15; skip: 10; is_hpc: 0; #seq: 156
[M::mm_idx_stat::0.148*2.30] distinct minimizers: 3476 (2.22% are singletons); average occurrences: 146.167; average spacing: 5.210; total length: 2647164
[M::main] Version: 2.24-r1122
[M::main] CMD: minimap2 -t 12 -x map-ont -E 8,4 -p 0.1 -N 100000 -a /project/home/pouria/opt/src/SpecImmune/scripts/../db//CYP/NAT2/NAT2.fasta /project/home/pouria/opt/src/SpecImmune/runs/ont_chr22/20230501_PAO22333_barcode13.original_ref/20230501_PAO22333_barcode13.original_ref/Reads//NAT2.long_read.sub.fq
[M::main] Real time: 0.150 sec; CPU: 0.343 sec; Peak RSS: 0.024 GB
[M::mm_idx_gen::0.047*1.09] collected minimizers
[M::mm_idx_gen::0.070*4.34] sorted minimizers
[M::main::0.070*4.34] loaded/built the index for 66 target sequence(s)
[M::mm_mapopt_update::0.071*4.29] mid_occ = 925
[M::mm_idx_stat] kmer size: 15; skip: 10; is_hpc: 0; #seq: 66
[M::mm_idx_stat::0.072*4.26] distinct minimizers: 5004 (0.56% are singletons); average occurrences: 67.959; average spacing: 5.250; total length: 1785366
[M::main] Version: 2.24-r1122
[M::main] CMD: minimap2 -t 12 -x map-ont -E 8,4 -p 0.1 -N 100000 -a /project/home/pouria/opt/src/SpecImmune/scripts/../db//CYP/CYP4F2/CYP4F2.fasta /project/home/pouria/opt/src/SpecImmune/runs/ont_chr22/20230501_PAO22333_barcode13.original_ref/20230501_PAO22333_barcode13.original_ref/Reads//CYP4F2.long_read.sub.fq
[M::main] Real time: 0.075 sec; CPU: 0.310 sec; Peak RSS: 0.019 GB
[M::mm_idx_gen::0.095*1.05] collected minimizers
[M::mm_idx_gen::0.110*2.12] sorted minimizers
[M::main::0.110*2.12] loaded/built the index for 37 target sequence(s)
[M::mm_mapopt_update::0.111*2.11] mid_occ = 630
[M::mm_idx_stat] kmer size: 15; skip: 10; is_hpc: 0; #seq: 37
[M::mm_idx_stat::0.112*2.10] distinct minimizers: 7283 (0.96% are singletons); average occurrences: 37.011; average spacing: 5.327; total length: 1435788
[M::worker_pipeline::0.519*7.41] mapped 50 sequences
[M::main] Version: 2.24-r1122
[M::main] CMD: minimap2 -t 12 -x map-ont -E 8,4 -p 0.1 -N 100000 -a /project/home/pouria/opt/src/SpecImmune/scripts/../db//CYP/CYP3A5/CYP3A5.fasta /project/home/pouria/opt/src/SpecImmune/runs/ont_chr22/20230501_PAO22333_barcode13.original_ref/20230501_PAO22333_barcode13.original_ref/Reads//CYP3A5.long_read.sub.fq
[M::main] Real time: 0.524 sec; CPU: 3.851 sec; Peak RSS: 0.095 GB
[bwa_index] Pack FASTA... 0.00 sec
[bwa_index] Construct BWT for the packed sequence...
[bwa_index] 0.01 seconds elapse.
[bwa_index] Update BWT... 0.00 sec
[bwa_index] Pack forward-only FASTA... 0.00 sec
[bwa_index] Construct SA from BWT and Occ... 0.00 sec
[main] Version: 0.7.17-r1188
[main] CMD: bwa index /project/home/pouria/opt/src/SpecImmune/runs/ont_chr22/20230501_PAO22333_barcode13.original_ref/20230501_PAO22333_barcode13.original_ref/individual_ref/CYP2C8/CYP2C8.1.fasta
[main] Real time: 0.061 sec; CPU: 0.017 sec
sh: line 4: makeblastdb: command not found
[bwa_index] Pack FASTA... 0.00 sec
[bwa_index] Construct BWT for the packed sequence...
[bwa_index] 0.02 seconds elapse.
[bwa_index] Update BWT... 0.00 sec
[bwa_index] Pack forward-only FASTA... 0.00 sec
[bwa_index] Construct SA from BWT and Occ... 0.01 sec
[main] Version: 0.7.17-r1188
[main] CMD: bwa index /project/home/pouria/opt/src/SpecImmune/runs/ont_chr22/20230501_PAO22333_barcode13.original_ref/20230501_PAO22333_barcode13.original_ref/individual_ref/CYP2C8/CYP2C8.2.fasta
[main] Real time: 0.219 sec; CPU: 0.030 sec
sh: line 4: makeblastdb: command not found
[bwa_index] Pack FASTA... 0.00 sec
[bwa_index] Construct BWT for the packed sequence...
[bwa_index] 0.05 seconds elapse.
[bwa_index] Update BWT... 0.00 sec
[bwa_index] Pack forward-only FASTA... 0.00 sec
[bwa_index] Construct SA from BWT and Occ... 0.02 sec
[main] Version: 0.7.17-r1188
[main] CMD: bwa index /project/home/pouria/opt/src/SpecImmune/runs/ont_chr22/20230501_PAO22333_barcode13.original_ref/20230501_PAO22333_barcode13.original_ref/individual_ref/CYP2C19/CYP2C19.1.fasta
[main] Real time: 0.729 sec; CPU: 0.079 sec
sh: line 4: makeblastdb: command not found
[bwa_index] Pack FASTA... 0.00 sec
[bwa_index] Construct BWT for the packed sequence...
[bwa_index] 0.04 seconds elapse.
[bwa_index] Update BWT... 0.00 sec
[bwa_index] Pack forward-only FASTA... 0.00 sec
[bwa_index] Construct SA from BWT and Occ... 0.02 sec
[main] Version: 0.7.17-r1188
[main] CMD: bwa index /project/home/pouria/opt/src/SpecImmune/runs/ont_chr22/20230501_PAO22333_barcode13.original_ref/20230501_PAO22333_barcode13.original_ref/individual_ref/CYP2C19/CYP2C19.2.fasta
[main] Real time: 0.285 sec; CPU: 0.076 sec
sh: line 4: makeblastdb: command not found
[bwa_index] Pack FASTA... 0.00 sec
[bwa_index] Construct BWT for the packed sequence...
[bwa_index] 0.02 seconds elapse.
[bwa_index] Update BWT... 0.00 sec
[bwa_index] Pack forward-only FASTA... 0.00 sec
[bwa_index] Construct SA from BWT and Occ... 0.01 sec
[main] Version: 0.7.17-r1188
[main] CMD: bwa index /project/home/pouria/opt/src/SpecImmune/runs/ont_chr22/20230501_PAO22333_barcode13.original_ref/20230501_PAO22333_barcode13.original_ref/individual_ref/CYP2B6/CYP2B6.1.fasta
[main] Real time: 0.555 sec; CPU: 0.035 sec
sh: line 4: makeblastdb: command not found
[bwa_index] Pack FASTA... 0.00 sec
[bwa_index] Construct BWT for the packed sequence...
[bwa_index] 0.01 seconds elapse.
[bwa_index] Update BWT... 0.00 sec
[bwa_index] Pack forward-only FASTA... 0.00 sec
[bwa_index] Construct SA from BWT and Occ... 0.01 sec
[main] Version: 0.7.17-r1188
[main] CMD: bwa index /project/home/pouria/opt/src/SpecImmune/runs/ont_chr22/20230501_PAO22333_barcode13.original_ref/20230501_PAO22333_barcode13.original_ref/individual_ref/CYP2B6/CYP2B6.2.fasta
[main] Real time: 0.263 sec; CPU: 0.024 sec
sh: line 4: makeblastdb: command not found
[bwa_index] Pack FASTA... 0.00 sec
[bwa_index] Construct BWT for the packed sequence...
[bwa_index] 0.01 seconds elapse.
[bwa_index] Update BWT... 0.00 sec
[bwa_index] Pack forward-only FASTA... 0.00 sec
[bwa_index] Construct SA from BWT and Occ... 0.00 sec
[main] Version: 0.7.17-r1188
[main] CMD: bwa index /project/home/pouria/opt/src/SpecImmune/runs/ont_chr22/20230501_PAO22333_barcode13.original_ref/20230501_PAO22333_barcode13.original_ref/individual_ref/CYP3A4/CYP3A4.1.fasta
[main] Real time: 0.048 sec; CPU: 0.011 sec
sh: line 4: makeblastdb: command not found
[bwa_index] Pack FASTA... 0.00 sec
[bwa_index] Construct BWT for the packed sequence...
[bwa_index] 0.01 seconds elapse.
[bwa_index] Update BWT... 0.00 sec
[bwa_index] Pack forward-only FASTA... 0.00 sec
[bwa_index] Construct SA from BWT and Occ... 0.01 sec
[main] Version: 0.7.17-r1188
[main] CMD: bwa index /project/home/pouria/opt/src/SpecImmune/runs/ont_chr22/20230501_PAO22333_barcode13.original_ref/20230501_PAO22333_barcode13.original_ref/individual_ref/CYP3A4/CYP3A4.2.fasta
[main] Real time: 0.098 sec; CPU: 0.018 sec
sh: line 4: makeblastdb: command not found
[bwa_index] Pack FASTA... 0.00 sec
[bwa_index] Construct BWT for the packed sequence...
[bwa_index] 0.03 seconds elapse.
[bwa_index] Update BWT... 0.00 sec
[bwa_index] Pack forward-only FASTA... 0.00 sec
[bwa_index] Construct SA from BWT and Occ... 0.01 sec
[main] Version: 0.7.17-r1188
[main] CMD: bwa index /project/home/pouria/opt/src/SpecImmune/runs/ont_chr22/20230501_PAO22333_barcode13.original_ref/20230501_PAO22333_barcode13.original_ref/individual_ref/CYP2C9/CYP2C9.1.fasta
[main] Real time: 0.219 sec; CPU: 0.049 sec
sh: line 4: makeblastdb: command not found
[bwa_index] Pack FASTA... 0.00 sec
[bwa_index] Construct BWT for the packed sequence...
[bwa_index] 0.02 seconds elapse.
[bwa_index] Update BWT... 0.00 sec
[bwa_index] Pack forward-only FASTA... 0.00 sec
[bwa_index] Construct SA from BWT and Occ... 0.01 sec
[main] Version: 0.7.17-r1188
[main] CMD: bwa index /project/home/pouria/opt/src/SpecImmune/runs/ont_chr22/20230501_PAO22333_barcode13.original_ref/20230501_PAO22333_barcode13.original_ref/individual_ref/CYP2C9/CYP2C9.2.fasta
[main] Real time: 0.309 sec; CPU: 0.046 sec
sh: line 4: makeblastdb: command not found
[bwa_index] Pack FASTA... 0.00 sec
[bwa_index] Construct BWT for the packed sequence...
[bwa_index] 0.03 seconds elapse.
[bwa_index] Update BWT... 0.00 sec
[bwa_index] Pack forward-only FASTA... 0.00 sec
[bwa_index] Construct SA from BWT and Occ... 0.02 sec
[main] Version: 0.7.17-r1188
[main] CMD: bwa index /project/home/pouria/opt/src/SpecImmune/runs/ont_chr22/20230501_PAO22333_barcode13.original_ref/20230501_PAO22333_barcode13.original_ref/individual_ref/SLCO1B1/SLCO1B1.1.fasta
[main] Real time: 0.096 sec; CPU: 0.060 sec
sh: line 4: makeblastdb: command not found
[bwa_index] Pack FASTA... 0.00 sec
[bwa_index] Construct BWT for the packed sequence...
[bwa_index] 0.04 seconds elapse.
[bwa_index] Update BWT... 0.00 sec
[bwa_index] Pack forward-only FASTA... 0.00 sec
[bwa_index] Construct SA from BWT and Occ... 0.01 sec
[main] Version: 0.7.17-r1188
[main] CMD: bwa index /project/home/pouria/opt/src/SpecImmune/runs/ont_chr22/20230501_PAO22333_barcode13.original_ref/20230501_PAO22333_barcode13.original_ref/individual_ref/SLCO1B1/SLCO1B1.2.fasta
[main] Real time: 0.097 sec; CPU: 0.058 sec
sh: line 4: makeblastdb: command not found
[bwa_index] Pack FASTA... 0.00 sec
[bwa_index] Construct BWT for the packed sequence...
[bwa_index] 0.02 seconds elapse.
[bwa_index] Update BWT... 0.00 sec
[bwa_index] Pack forward-only FASTA... 0.00 sec
[bwa_index] Construct SA from BWT and Occ... 0.01 sec
[main] Version: 0.7.17-r1188
[main] CMD: bwa index /project/home/pouria/opt/src/SpecImmune/runs/ont_chr22/20230501_PAO22333_barcode13.original_ref/20230501_PAO22333_barcode13.original_ref/individual_ref/CYP3A5/CYP3A5.1.fasta
[main] Real time: 0.071 sec; CPU: 0.028 sec
sh: line 4: makeblastdb: command not found
[bwa_index] Pack FASTA... 0.00 sec
[bwa_index] Construct BWT for the packed sequence...
[bwa_index] 0.02 seconds elapse.
[bwa_index] Update BWT... 0.00 sec
[bwa_index] Pack forward-only FASTA... 0.00 sec
[bwa_index] Construct SA from BWT and Occ... 0.01 sec
[main] Version: 0.7.17-r1188
[main] CMD: bwa index /project/home/pouria/opt/src/SpecImmune/runs/ont_chr22/20230501_PAO22333_barcode13.original_ref/20230501_PAO22333_barcode13.original_ref/individual_ref/CYP3A5/CYP3A5.2.fasta
[main] Real time: 0.117 sec; CPU: 0.035 sec
sh: line 4: makeblastdb: command not found
[M::mm_idx_gen::0.006*1.91] collected minimizers
[M::mm_idx_gen::0.011*3.77] sorted minimizers
[M::main::0.011*3.76] loaded/built the index for 1 target sequence(s)
[M::mm_mapopt_update::0.012*3.48] mid_occ = 15
[M::mm_idx_stat] kmer size: 15; skip: 10; is_hpc: 0; #seq: 1
[M::mm_idx_stat::0.013*3.33] distinct minimizers: 7407 (99.53% are singletons); average occurrences: 1.009; average spacing: 5.314; total length: 39726
[M::worker_pipeline::0.035*2.84] mapped 10 sequences
[M::main] Version: 2.24-r1122
[M::main] CMD: minimap2 -R @RG\tID:CYP2C8\tSM:CYP2C8 -t 12 -a -x map-ont /project/home/pouria/opt/src/SpecImmune/runs/ont_chr22/20230501_PAO22333_barcode13.original_ref/20230501_PAO22333_barcode13.original_ref/individual_ref/CYP2C8/CYP2C8.1.fasta /project/home/pouria/opt/src/SpecImmune/runs/ont_chr22/20230501_PAO22333_barcode13.original_ref/20230501_PAO22333_barcode13.original_ref/Reads//CYP2C8*1.009.fq.gz
[M::main] Real time: 0.038 sec; CPU: 0.102 sec; Peak RSS: 0.024 GB
[M::mm_idx_gen::0.006*1.71] collected minimizers
[M::mm_idx_gen::0.010*3.79] sorted minimizers
[M::main::0.010*3.77] loaded/built the index for 1 target sequence(s)
[M::mm_mapopt_update::0.011*3.50] mid_occ = 15
[M::mm_idx_stat] kmer size: 15; skip: 10; is_hpc: 0; #seq: 1
[M::mm_idx_stat::0.012*3.35] distinct minimizers: 7407 (99.53% are singletons); average occurrences: 1.009; average spacing: 5.314; total length: 39726
[M::worker_pipeline::0.027*2.24] mapped 6 sequences
[M::main] Version: 2.24-r1122
[M::main] CMD: minimap2 -R @RG\tID:CYP2C8\tSM:CYP2C8 -t 12 -a -x map-ont /project/home/pouria/opt/src/SpecImmune/runs/ont_chr22/20230501_PAO22333_barcode13.original_ref/20230501_PAO22333_barcode13.original_ref/individual_ref/CYP2C8/CYP2C8.2.fasta /project/home/pouria/opt/src/SpecImmune/runs/ont_chr22/20230501_PAO22333_barcode13.original_ref/20230501_PAO22333_barcode13.original_ref/Reads//CYP2C8*15.fq.gz
[M::main] Real time: 0.030 sec; CPU: 0.063 sec; Peak RSS: 0.013 GB
[M::mm_idx_gen::0.012*1.50] collected minimizers
[M::mm_idx_gen::0.016*3.18] sorted minimizers
[M::main::0.016*3.17] loaded/built the index for 1 target sequence(s)
[M::mm_mapopt_update::0.018*2.93] mid_occ = 10
[M::mm_idx_stat] kmer size: 15; skip: 10; is_hpc: 0; #seq: 1
[M::mm_idx_stat::0.020*2.80] distinct minimizers: 17030 (93.70% are singletons); average occurrences: 1.110; average spacing: 5.285; total length: 99871
[M::worker_pipeline::0.059*4.17] mapped 46 sequences
[M::main] Version: 2.24-r1122
[M::main] CMD: minimap2 -R @RG\tID:CYP2C19\tSM:CYP2C19 -t 12 -a -x map-ont /project/home/pouria/opt/src/SpecImmune/runs/ont_chr22/20230501_PAO22333_barcode13.original_ref/20230501_PAO22333_barcode13.original_ref/individual_ref/CYP2C19/CYP2C19.1.fasta /project/home/pouria/opt/src/SpecImmune/runs/ont_chr22/20230501_PAO22333_barcode13.original_ref/20230501_PAO22333_barcode13.original_ref/Reads//CYP2C19*2.fq.gz
[M::main] Real time: 0.066 sec; CPU: 0.254 sec; Peak RSS: 0.044 GB
[M::mm_idx_gen::0.011*1.60] collected minimizers
[M::mm_idx_gen::0.016*3.38] sorted minimizers
[M::main::0.016*3.37] loaded/built the index for 1 target sequence(s)
[M::mm_mapopt_update::0.018*3.10] mid_occ = 10
[M::mm_idx_stat] kmer size: 15; skip: 10; is_hpc: 0; #seq: 1
[M::mm_idx_stat::0.019*2.95] distinct minimizers: 17028 (93.70% are singletons); average occurrences: 1.110; average spacing: 5.285; total length: 99871
[M::worker_pipeline::0.076*4.68] mapped 46 sequences
[M::main] Version: 2.24-r1122
[M::main] CMD: minimap2 -R @RG\tID:CYP2C19\tSM:CYP2C19 -t 12 -a -x map-ont /project/home/pouria/opt/src/SpecImmune/runs/ont_chr22/20230501_PAO22333_barcode13.original_ref/20230501_PAO22333_barcode13.original_ref/individual_ref/CYP2C19/CYP2C19.2.fasta /project/home/pouria/opt/src/SpecImmune/runs/ont_chr22/20230501_PAO22333_barcode13.original_ref/20230501_PAO22333_barcode13.original_ref/Reads//CYP2C19*1.016.fq.gz
[M::main] Real time: 0.083 sec; CPU: 0.361 sec; Peak RSS: 0.094 GB
[M::mm_idx_gen::0.006*2.11] collected minimizers
[M::mm_idx_gen::0.009*3.84] sorted minimizers
[M::main::0.009*3.82] loaded/built the index for 1 target sequence(s)
[M::mm_mapopt_update::0.010*3.50] mid_occ = 11
[M::mm_idx_stat] kmer size: 15; skip: 10; is_hpc: 0; #seq: 1
[M::mm_idx_stat::0.011*3.31] distinct minimizers: 6308 (98.62% are singletons); average occurrences: 1.028; average spacing: 5.260; total length: 34098
[M::worker_pipeline::0.053*1.53] mapped 4 sequences
[M::main] Version: 2.24-r1122
[M::main] CMD: minimap2 -R @RG\tID:CYP2B6\tSM:CYP2B6 -t 12 -a -x map-ont /project/home/pouria/opt/src/SpecImmune/runs/ont_chr22/20230501_PAO22333_barcode13.original_ref/20230501_PAO22333_barcode13.original_ref/individual_ref/CYP2B6/CYP2B6.1.fasta /project/home/pouria/opt/src/SpecImmune/runs/ont_chr22/20230501_PAO22333_barcode13.original_ref/20230501_PAO22333_barcode13.original_ref/Reads//CYP2B6*9.001.fq.gz
[M::main] Real time: 0.054 sec; CPU: 0.082 sec; Peak RSS: 0.058 GB
[M::mm_idx_gen::0.003*2.22] collected minimizers
[M::mm_idx_gen::0.006*4.70] sorted minimizers
[M::main::0.006*4.68] loaded/built the index for 1 target sequence(s)
[M::mm_mapopt_update::0.007*4.29] mid_occ = 11
[M::mm_idx_stat] kmer size: 15; skip: 10; is_hpc: 0; #seq: 1
[M::mm_idx_stat::0.008*4.11] distinct minimizers: 6308 (98.65% are singletons); average occurrences: 1.027; average spacing: 5.262; total length: 34098
[M::worker_pipeline::0.061*1.67] mapped 3 sequences
[M::main] Version: 2.24-r1122
[M::main] CMD: minimap2 -R @RG\tID:CYP2B6\tSM:CYP2B6 -t 12 -a -x map-ont /project/home/pouria/opt/src/SpecImmune/runs/ont_chr22/20230501_PAO22333_barcode13.original_ref/20230501_PAO22333_barcode13.original_ref/individual_ref/CYP2B6/CYP2B6.2.fasta /project/home/pouria/opt/src/SpecImmune/runs/ont_chr22/20230501_PAO22333_barcode13.original_ref/20230501_PAO22333_barcode13.original_ref/Reads//CYP2B6*6.008.fq.gz
[M::main] Real time: 0.063 sec; CPU: 0.104 sec; Peak RSS: 0.062 GB
[M::mm_idx_gen::0.005*1.72] collected minimizers
[M::mm_idx_gen::0.008*3.87] sorted minimizers
[M::main::0.008*3.86] loaded/built the index for 1 target sequence(s)
[M::mm_mapopt_update::0.009*3.64] mid_occ = 10
[M::mm_idx_stat] kmer size: 15; skip: 10; is_hpc: 0; #seq: 1
[M::mm_idx_stat::0.009*3.55] distinct minimizers: 6362 (99.29% are singletons); average occurrences: 1.009; average spacing: 5.327; total length: 34205
[M::worker_pipeline::0.017*2.91] mapped 8 sequences
[M::main] Version: 2.24-r1122
[M::main] CMD: minimap2 -R @RG\tID:CYP3A4\tSM:CYP3A4 -t 12 -a -x map-ont /project/home/pouria/opt/src/SpecImmune/runs/ont_chr22/20230501_PAO22333_barcode13.original_ref/20230501_PAO22333_barcode13.original_ref/individual_ref/CYP3A4/CYP3A4.1.fasta /project/home/pouria/opt/src/SpecImmune/runs/ont_chr22/20230501_PAO22333_barcode13.original_ref/20230501_PAO22333_barcode13.original_ref/Reads//CYP3A4*13.fq.gz
[M::main] Real time: 0.019 sec; CPU: 0.052 sec; Peak RSS: 0.022 GB
[M::mm_idx_gen::0.003*1.86] collected minimizers
[M::mm_idx_gen::0.006*5.00] sorted minimizers
[M::main::0.006*4.99] loaded/built the index for 1 target sequence(s)
[M::mm_mapopt_update::0.007*4.58] mid_occ = 10
[M::mm_idx_stat] kmer size: 15; skip: 10; is_hpc: 0; #seq: 1
[M::mm_idx_stat::0.007*4.44] distinct minimizers: 6364 (99.29% are singletons); average occurrences: 1.009; average spacing: 5.325; total length: 34205
[M::worker_pipeline::0.020*2.61] mapped 6 sequences
[M::main] Version: 2.24-r1122
[M::main] CMD: minimap2 -R @RG\tID:CYP3A4\tSM:CYP3A4 -t 12 -a -x map-ont /project/home/pouria/opt/src/SpecImmune/runs/ont_chr22/20230501_PAO22333_barcode13.original_ref/20230501_PAO22333_barcode13.original_ref/individual_ref/CYP3A4/CYP3A4.2.fasta /project/home/pouria/opt/src/SpecImmune/runs/ont_chr22/20230501_PAO22333_barcode13.original_ref/20230501_PAO22333_barcode13.original_ref/Reads//CYP3A4*47.fq.gz
[M::main] Real time: 0.022 sec; CPU: 0.054 sec; Peak RSS: 0.015 GB
[M::mm_idx_gen::0.005*1.61] collected minimizers
[M::mm_idx_gen::0.009*4.35] sorted minimizers
[M::main::0.009*4.33] loaded/built the index for 1 target sequence(s)
[M::mm_mapopt_update::0.010*3.95] mid_occ = 10
[M::mm_idx_stat] kmer size: 15; skip: 10; is_hpc: 0; #seq: 1
[M::mm_idx_stat::0.011*3.78] distinct minimizers: 10743 (98.24% are singletons); average occurrences: 1.025; average spacing: 5.352; total length: 58934
[M::worker_pipeline::0.016*3.33] mapped 6 sequences
[M::main] Version: 2.24-r1122
[M::main] CMD: minimap2 -R @RG\tID:CYP2C9\tSM:CYP2C9 -t 12 -a -x map-ont /project/home/pouria/opt/src/SpecImmune/runs/ont_chr22/20230501_PAO22333_barcode13.original_ref/20230501_PAO22333_barcode13.original_ref/individual_ref/CYP2C9/CYP2C9.1.fasta /project/home/pouria/opt/src/SpecImmune/runs/ont_chr22/20230501_PAO22333_barcode13.original_ref/20230501_PAO22333_barcode13.original_ref/Reads//CYP2C9*19.001.fq.gz
[M::main] Real time: 0.018 sec; CPU: 0.055 sec; Peak RSS: 0.007 GB
[M::mm_idx_gen::0.008*1.41] collected minimizers
[M::mm_idx_gen::0.012*3.31] sorted minimizers
[M::main::0.012*3.30] loaded/built the index for 1 target sequence(s)
[M::mm_mapopt_update::0.013*3.13] mid_occ = 10
[M::mm_idx_stat] kmer size: 15; skip: 10; is_hpc: 0; #seq: 1
[M::mm_idx_stat::0.014*3.07] distinct minimizers: 10742 (98.24% are singletons); average occurrences: 1.025; average spacing: 5.352; total length: 58934
[M::worker_pipeline::0.017*2.90] mapped 6 sequences
[M::main] Version: 2.24-r1122
[M::main] CMD: minimap2 -R @RG\tID:CYP2C9\tSM:CYP2C9 -t 12 -a -x map-ont /project/home/pouria/opt/src/SpecImmune/runs/ont_chr22/20230501_PAO22333_barcode13.original_ref/20230501_PAO22333_barcode13.original_ref/individual_ref/CYP2C9/CYP2C9.2.fasta /project/home/pouria/opt/src/SpecImmune/runs/ont_chr22/20230501_PAO22333_barcode13.original_ref/20230501_PAO22333_barcode13.original_ref/Reads//CYP2C9*1.002.fq.gz
[M::main] Real time: 0.019 sec; CPU: 0.051 sec; Peak RSS: 0.009 GB
[M::mm_idx_gen::0.009*1.37] collected minimizers
[M::mm_idx_gen::0.014*3.66] sorted minimizers
[M::main::0.014*3.66] loaded/built the index for 1 target sequence(s)
[M::mm_mapopt_update::0.016*3.40] mid_occ = 10
[M::mm_idx_stat] kmer size: 15; skip: 10; is_hpc: 0; #seq: 1
[M::mm_idx_stat::0.016*3.31] distinct minimizers: 20926 (96.99% are singletons); average occurrences: 1.038; average spacing: 5.324; total length: 115603
[M::worker_pipeline::0.045*2.33] mapped 16 sequences
[M::main] Version: 2.24-r1122
[M::main] CMD: minimap2 -R @RG\tID:SLCO1B1\tSM:SLCO1B1 -t 12 -a -x map-ont /project/home/pouria/opt/src/SpecImmune/runs/ont_chr22/20230501_PAO22333_barcode13.original_ref/20230501_PAO22333_barcode13.original_ref/individual_ref/SLCO1B1/SLCO1B1.1.fasta /project/home/pouria/opt/src/SpecImmune/runs/ont_chr22/20230501_PAO22333_barcode13.original_ref/20230501_PAO22333_barcode13.original_ref/Reads//SLCO1B1*43.002.fq.gz
[M::main] Real time: 0.049 sec; CPU: 0.109 sec; Peak RSS: 0.019 GB
[M::mm_idx_gen::0.014*1.44] collected minimizers
[M::mm_idx_gen::0.019*3.18] sorted minimizers
[M::main::0.019*3.18] loaded/built the index for 1 target sequence(s)
[M::mm_mapopt_update::0.021*2.96] mid_occ = 10
[M::mm_idx_stat] kmer size: 15; skip: 10; is_hpc: 0; #seq: 1
[M::mm_idx_stat::0.023*2.83] distinct minimizers: 20921 (96.99% are singletons); average occurrences: 1.038; average spacing: 5.325; total length: 115603
[M::worker_pipeline::0.060*2.47] mapped 11 sequences
[M::main] Version: 2.24-r1122
[M::main] CMD: minimap2 -R @RG\tID:SLCO1B1\tSM:SLCO1B1 -t 12 -a -x map-ont /project/home/pouria/opt/src/SpecImmune/runs/ont_chr22/20230501_PAO22333_barcode13.original_ref/20230501_PAO22333_barcode13.original_ref/individual_ref/SLCO1B1/SLCO1B1.2.fasta /project/home/pouria/opt/src/SpecImmune/runs/ont_chr22/20230501_PAO22333_barcode13.original_ref/20230501_PAO22333_barcode13.original_ref/Reads//SLCO1B1*31.001.fq.gz
[M::main] Real time: 0.066 sec; CPU: 0.155 sec; Peak RSS: 0.023 GB
[M::mm_idx_gen::0.006*1.97] collected minimizers
[M::mm_idx_gen::0.010*3.96] sorted minimizers
[M::main::0.010*3.94] loaded/built the index for 1 target sequence(s)
[M::mm_mapopt_update::0.011*3.64] mid_occ = 18
[M::mm_idx_stat] kmer size: 15; skip: 10; is_hpc: 0; #seq: 1
[M::mm_idx_stat::0.012*3.45] distinct minimizers: 7194 (99.46% are singletons); average occurrences: 1.013; average spacing: 5.327; total length: 38805
[M::worker_pipeline::0.063*3.39] mapped 20 sequences
[M::main] Version: 2.24-r1122
[M::main] CMD: minimap2 -R @RG\tID:CYP3A5\tSM:CYP3A5 -t 12 -a -x map-ont /project/home/pouria/opt/src/SpecImmune/runs/ont_chr22/20230501_PAO22333_barcode13.original_ref/20230501_PAO22333_barcode13.original_ref/individual_ref/CYP3A5/CYP3A5.1.fasta /project/home/pouria/opt/src/SpecImmune/runs/ont_chr22/20230501_PAO22333_barcode13.original_ref/20230501_PAO22333_barcode13.original_ref/Reads//CYP3A5*1.002.fq.gz
[M::main] Real time: 0.067 sec; CPU: 0.216 sec; Peak RSS: 0.053 GB
[M::mm_idx_gen::0.007*1.63] collected minimizers
[M::mm_idx_gen::0.011*3.62] sorted minimizers
[M::main::0.011*3.61] loaded/built the index for 1 target sequence(s)
[M::mm_mapopt_update::0.012*3.41] mid_occ = 18
[M::mm_idx_stat] kmer size: 15; skip: 10; is_hpc: 0; #seq: 1
[M::mm_idx_stat::0.012*3.30] distinct minimizers: 7195 (99.46% are singletons); average occurrences: 1.013; average spacing: 5.326; total length: 38805
[M::worker_pipeline::0.056*4.26] mapped 30 sequences
[M::main] Version: 2.24-r1122
[M::main] CMD: minimap2 -R @RG\tID:CYP3A5\tSM:CYP3A5 -t 12 -a -x map-ont /project/home/pouria/opt/src/SpecImmune/runs/ont_chr22/20230501_PAO22333_barcode13.original_ref/20230501_PAO22333_barcode13.original_ref/individual_ref/CYP3A5/CYP3A5.2.fasta /project/home/pouria/opt/src/SpecImmune/runs/ont_chr22/20230501_PAO22333_barcode13.original_ref/20230501_PAO22333_barcode13.original_ref/Reads//CYP3A5*3.006.fq.gz
[M::main] Real time: 0.060 sec; CPU: 0.243 sec; Peak RSS: 0.072 GB

2026-01-07 19:32:32 Min read coverage set to 1.
2026-01-07 19:32:32 Max read coverage set to 100000.
2026-01-07 19:32:32 Estimating alignment parameters...
2026-01-07 19:32:32 Done estimating alignment parameters.

                    Transition Probabilities:
                    match -> match:          0.996
                    match -> insertion:      0.002
                    match -> deletion:       0.002
                    deletion -> match:       0.483
                    deletion -> deletion:    0.517
                    insertion -> match:      0.571
                    insertion -> insertion:  0.429

                    Emission Probabilities:
                    match (equal):           0.929
                    match (not equal):       0.024
                    insertion:               1.000
                    deletion:                1.000

2026-01-07 19:32:32 Calling potential SNVs using pileup...
2026-01-07 19:32:32 52 potential variants identified.
2026-01-07 19:32:32 Generating haplotype fragments from reads...
2026-01-07 19:32:32    10% of variants processed...
2026-01-07 19:32:32    100% of variants processed.
2026-01-07 19:32:32 Calling initial genotypes using pair-HMM realignment...
2026-01-07 19:32:32 Iteratively assembling haplotypes and refining genotypes...
2026-01-07 19:32:32    Round 1 of haplotype assembly...
2026-01-07 19:32:32    (Before HapCUT2) Total phased heterozygous SNVs: 10  Total likelihood (phred): 3868.21
2026-01-07 19:32:32    (After HapCUT2)  Total phased heterozygous SNVs: 10  Total likelihood (phred): 2378.62
2026-01-07 19:32:32    (After Greedy)   Total phased heterozygous SNVs: 10  Total likelihood (phred): 2335.00
2026-01-07 19:32:32    Round 2 of haplotype assembly...
2026-01-07 19:32:32    (Before HapCUT2) Total phased heterozygous SNVs: 9  Total likelihood (phred): 2335.00
2026-01-07 19:32:32    (After HapCUT2)  Total phased heterozygous SNVs: 9  Total likelihood (phred): 2335.00
2026-01-07 19:32:32    (After Greedy)   Total phased heterozygous SNVs: 9  Total likelihood (phred): 2335.00
2026-01-07 19:32:32 Printing VCF file...
/bin/bash: line 5: bgzip: command not found
/bin/bash: line 6: tabix: command not found
gzip: /project/home/pouria/opt/src/SpecImmune/runs/ont_chr22/20230501_PAO22333_barcode13.original_ref/20230501_PAO22333_barcode13.original_ref/Genes_step2//20230501_PAO22333_barcode13.original_ref.CYP2C8.0.longshot.vcf.gz: No such file or directory
/bin/bash: line 15: bgzip: command not found
/bin/bash: line 16: tabix: command not found
Traceback (most recent call last):
  File "/project/home/pouria/opt/src/SpecImmune/scripts/long_read_typing.py", line 599, in <module>
    fa.get_fasta()
  File "/project/home/pouria/opt/src/SpecImmune/scripts/long_read_typing.py", line 394, in get_fasta
    self.vcf2fasta2ref(gene)
  File "/project/home/pouria/opt/src/SpecImmune/scripts/long_read_typing.py", line 386, in vcf2fasta2ref
    self.process_gene(gene, hla_ref, interval, bam, depth_file, mask_bed, set_dp, min_cov, args, parameter, awk_script, index)
  File "/project/home/pouria/opt/src/SpecImmune/scripts/long_read_typing.py", line 296, in process_gene
    mask_bed = self.process_phase(gene, bam, depth_file, mask_bed, hla_ref, interval, set_dp, min_cov, args, parameter, index)
               ^^^^^^^^^^^^^^^^^^^^^^^^^^^^^^^^^^^^^^^^^^^^^^^^^^^^^^^^^^^^^^^^^^^^^^^^^^^^^^^^^^^^^^^^^^^^^^^^^^^^^^^^^^^^^^^
  File "/project/home/pouria/opt/src/SpecImmune/scripts/long_read_typing.py", line 266, in process_phase
    self.run_command(call_phase_longshot_cmd, f"call phase for {gene}{suffix}")
  File "/project/home/pouria/opt/src/SpecImmune/scripts/long_read_typing.py", line 179, in run_command
    subprocess.run(cmd, shell=True, check=True, executable='/bin/bash')
  File "/cvmfs/soft.computecanada.ca/gentoo/2023/x86-64-v3/usr/lib/python3.11/subprocess.py", line 571, in run
    raise CalledProcessError(retcode, process.args,
subprocess.CalledProcessError: Command '
        samtools index /project/home/pouria/opt/src/SpecImmune/runs/ont_chr22/20230501_PAO22333_barcode13.original_ref/20230501_PAO22333_barcode13.original_ref/Genes_step2//CYP2C8.0.bam
        python3 /project/home/pouria/opt/src/SpecImmune/scripts/mask_low_depth_region.py -f False -c /project/home/pouria/opt/src/SpecImmune/runs/ont_chr22/20230501_PAO22333_barcode13.original_ref/20230501_PAO22333_barcode13.original_ref/Genes_step2//CYP2C8.0.depth -b /project/home/pouria/opt/src/SpecImmune/runs/ont_chr22/20230501_PAO22333_barcode13.original_ref/20230501_PAO22333_barcode13.original_ref/Genes_step2//CYP2C8.0.low_depth.bed -w 10 -d 1
        
        longshot -F -c 1 -C 100000 -P 0.01 -r CYP2C8_ref1 --bam /project/home/pouria/opt/src/SpecImmune/runs/ont_chr22/20230501_PAO22333_barcode13.original_ref/20230501_PAO22333_barcode13.original_ref/Genes_step2//CYP2C8.0.bam --ref /project/home/pouria/opt/src/SpecImmune/runs/ont_chr22/20230501_PAO22333_barcode13.original_ref/20230501_PAO22333_barcode13.original_ref/individual_ref/CYP2C8/CYP2C8.1.fasta --out /project/home/pouria/opt/src/SpecImmune/runs/ont_chr22/20230501_PAO22333_barcode13.original_ref/20230501_PAO22333_barcode13.original_ref/Genes_step2//20230501_PAO22333_barcode13.original_ref.CYP2C8.0.longshot.vcf
        bgzip -f /project/home/pouria/opt/src/SpecImmune/runs/ont_chr22/20230501_PAO22333_barcode13.original_ref/20230501_PAO22333_barcode13.original_ref/Genes_step2//20230501_PAO22333_barcode13.original_ref.CYP2C8.0.longshot.vcf
        tabix -f /project/home/pouria/opt/src/SpecImmune/runs/ont_chr22/20230501_PAO22333_barcode13.original_ref/20230501_PAO22333_barcode13.original_ref/Genes_step2//20230501_PAO22333_barcode13.original_ref.CYP2C8.0.longshot.vcf.gz

        # samtools dict /project/home/pouria/opt/src/SpecImmune/runs/ont_chr22/20230501_PAO22333_barcode13.original_ref/20230501_PAO22333_barcode13.original_ref/individual_ref/CYP2C8/CYP2C8.1.fasta > /project/home/pouria/opt/src/SpecImmune/runs/ont_chr22/20230501_PAO22333_barcode13.original_ref/20230501_PAO22333_barcode13.original_ref/individual_ref/CYP2C8/CYP2C8.1.dict
        # java -Xmx5g -jar /project/home/pouria/opt/src/SpecImmune/scripts/../packages/GenomeAnalysisTK.jar -T HaplotypeCaller -R /project/home/pouria/opt/src/SpecImmune/runs/ont_chr22/20230501_PAO22333_barcode13.original_ref/20230501_PAO22333_barcode13.original_ref/individual_ref/CYP2C8/CYP2C8.1.fasta -I /project/home/pouria/opt/src/SpecImmune/runs/ont_chr22/20230501_PAO22333_barcode13.original_ref/20230501_PAO22333_barcode13.original_ref/Genes_step2//CYP2C8.0.bam -o /project/home/pouria/opt/src/SpecImmune/runs/ont_chr22/20230501_PAO22333_barcode13.original_ref/20230501_PAO22333_barcode13.original_ref/Genes_step2//20230501_PAO22333_barcode13.original_ref.CYP2C8.0.longshot.raw.vcf.gz  -L CYP2C8_ref1
        # whatshap phase -o /project/home/pouria/opt/src/SpecImmune/runs/ont_chr22/20230501_PAO22333_barcode13.original_ref/20230501_PAO22333_barcode13.original_ref/Genes_step2//20230501_PAO22333_barcode13.original_ref.CYP2C8.0.longshot.vcf.gz -r /project/home/pouria/opt/src/SpecImmune/runs/ont_chr22/20230501_PAO22333_barcode13.original_ref/20230501_PAO22333_barcode13.original_ref/individual_ref/CYP2C8/CYP2C8.1.fasta --indels /project/home/pouria/opt/src/SpecImmune/runs/ont_chr22/20230501_PAO22333_barcode13.original_ref/20230501_PAO22333_barcode13.original_ref/Genes_step2//20230501_PAO22333_barcode13.original_ref.CYP2C8.0.longshot.raw.vcf.gz /project/home/pouria/opt/src/SpecImmune/runs/ont_chr22/20230501_PAO22333_barcode13.original_ref/20230501_PAO22333_barcode13.original_ref/Genes_step2//CYP2C8.0.bam
        # tabix -f /project/home/pouria/opt/src/SpecImmune/runs/ont_chr22/20230501_PAO22333_barcode13.original_ref/20230501_PAO22333_barcode13.original_ref/Genes_step2//20230501_PAO22333_barcode13.original_ref.CYP2C8.0.longshot.vcf.gz
        

        zcat /project/home/pouria/opt/src/SpecImmune/runs/ont_chr22/20230501_PAO22333_barcode13.original_ref/20230501_PAO22333_barcode13.original_ref/Genes_step2//20230501_PAO22333_barcode13.original_ref.CYP2C8.0.longshot.vcf.gz > /project/home/pouria/opt/src/SpecImmune/runs/ont_chr22/20230501_PAO22333_barcode13.original_ref/20230501_PAO22333_barcode13.original_ref/Genes_step2//20230501_PAO22333_barcode13.original_ref.CYP2C8.0.phased.vcf
        bgzip -f /project/home/pouria/opt/src/SpecImmune/runs/ont_chr22/20230501_PAO22333_barcode13.original_ref/20230501_PAO22333_barcode13.original_ref/Genes_step2//20230501_PAO22333_barcode13.original_ref.CYP2C8.0.phased.vcf
        tabix -f /project/home/pouria/opt/src/SpecImmune/runs/ont_chr22/20230501_PAO22333_barcode13.original_ref/20230501_PAO22333_barcode13.original_ref/Genes_step2//20230501_PAO22333_barcode13.original_ref.CYP2C8.0.phased.vcf.gz
        ' returned non-zero exit status 127.
Traceback (most recent call last):
  File "/project/home/pouria/opt/src/SpecImmune/scripts/format_result.py", line 45, in <module>
    format_hla_file(args.input_file, args.output_file)
  File "/project/home/pouria/opt/src/SpecImmune/scripts/format_result.py", line 5, in format_hla_file
    with open(input_file, 'r') as infile:
         ^^^^^^^^^^^^^^^^^^^^^
FileNotFoundError: [Errno 2] No such file or directory: '/project/home/pouria/opt/src/SpecImmune/runs/ont_chr22/20230501_PAO22333_barcode13.original_ref/20230501_PAO22333_barcode13.original_ref/20230501_PAO22333_barcode13.original_ref.CYP.final.type.1.result.txt'
Traceback (most recent call last):
  File "/project/home/pouria/opt/src/SpecImmune/scripts/remap.py", line 191, in <module>
    main()
  File "/project/home/pouria/opt/src/SpecImmune/scripts/remap.py", line 156, in main
    read_hla_file(step2_result, step2_res_dict)
  File "/project/home/pouria/opt/src/SpecImmune/scripts/remap.py", line 25, in read_hla_file
    with open(filename, 'r') as file:
         ^^^^^^^^^^^^^^^^^^^
FileNotFoundError: [Errno 2] No such file or directory: '/project/home/pouria/opt/src/SpecImmune/runs/ont_chr22/20230501_PAO22333_barcode13.original_ref/20230501_PAO22333_barcode13.original_ref/20230501_PAO22333_barcode13.original_ref.CYP.final.type.result.formatted.txt'
Traceback (most recent call last):
  File "/project/home/pouria/opt/src/SpecImmune/scripts/remap_allele.py", line 242, in <module>
    main()
  File "/project/home/pouria/opt/src/SpecImmune/scripts/remap_allele.py", line 199, in main
    read_hla_file(step2_result, step2_res_dict)
  File "/project/home/pouria/opt/src/SpecImmune/scripts/remap_allele.py", line 32, in read_hla_file
    with open(filename, 'r') as file:
         ^^^^^^^^^^^^^^^^^^^
FileNotFoundError: [Errno 2] No such file or directory: '/project/home/pouria/opt/src/SpecImmune/runs/ont_chr22/20230501_PAO22333_barcode13.original_ref/20230501_PAO22333_barcode13.original_ref/20230501_PAO22333_barcode13.original_ref.CYP.final.type.result.formatted.txt'
Traceback (most recent call last):
  File "/project/home/pouria/opt/src/SpecImmune/scripts/visualization.py", line 382, in <module>
    main()
  File "/project/home/pouria/opt/src/SpecImmune/scripts/visualization.py", line 338, in main
    read_hla_file(step2_result, step2_res_dict)
  File "/project/home/pouria/opt/src/SpecImmune/scripts/visualization.py", line 140, in read_hla_file
    with open(filename, 'r') as file:
         ^^^^^^^^^^^^^^^^^^^
FileNotFoundError: [Errno 2] No such file or directory: '/project/home/pouria/opt/src/SpecImmune/runs/ont_chr22/20230501_PAO22333_barcode13.original_ref/20230501_PAO22333_barcode13.original_ref/20230501_PAO22333_barcode13.original_ref.CYP.final.type.result.formatted.txt'
[M::mm_idx_gen::51.536*1.72] collected minimizers
[M::mm_idx_gen::58.158*2.61] sorted minimizers
[M::main::58.158*2.61] loaded/built the index for 25 target sequence(s)
[M::mm_mapopt_update::61.026*2.53] mid_occ = 702
[M::mm_idx_stat] kmer size: 15; skip: 10; is_hpc: 0; #seq: 25
[M::mm_idx_stat::62.206*2.50] distinct minimizers: 100128857 (38.82% are singletons); average occurrences: 5.521; average spacing: 5.586; total length: 3088286401
[M::worker_pipeline::66.440*2.85] mapped 17012 sequences
[M::main] Version: 2.24-r1122
[M::main] CMD: minimap2 -R @RG\tID:20230501_PAO22333_barcode13.original_ref\tSM:20230501_PAO22333_barcode13.original_ref -t 12 -a /project/shared/inumanag-aldy-ont/GRCh38_no_alts.fa /project/home/pouria/opt/src/SpecImmune/runs/ont_chr22/20230501_PAO22333_barcode13.original_ref/20230501_PAO22333_barcode13.original_ref.fastq.gz
[M::main] Real time: 66.606 sec; CPU: 189.238 sec; Peak RSS: 11.340 GB
Traceback (most recent call last):
  File "/project/home/pouria/opt/src/SpecImmune/scripts/get_cyp_output.py", line 286, in <module>
    spec_result, all_spec_result = read_spec_result(spec_result_file)
                                   ^^^^^^^^^^^^^^^^^^^^^^^^^^^^^^^^^^
  File "/project/home/pouria/opt/src/SpecImmune/scripts/get_cyp_output.py", line 36, in read_spec_result
    raise FileNotFoundError(f"{spec_result_file} does not exist")
FileNotFoundError: /project/home/pouria/opt/src/SpecImmune/runs/ont_chr22/20230501_PAO22333_barcode13.original_ref/20230501_PAO22333_barcode13.original_ref/20230501_PAO22333_barcode13.original_ref.CYP.final.type.result.formatted.txt does not exist
