read binning...
start read binning...
WARNING: hg38 not provided, cannot type CYP genes
/project/home/pouria/opt/src/SpecImmune/runs/ont_chr22/20230818_PAQ27050_HG00276/20230818_PAQ27050_HG00276/20230818_PAQ27050_HG00276.db.bam is detected, skip the alignment.
reads-binning done.
Finished.
alignment done.
alignment done.
alignment done.
alignment done.
alignment done.
alignment done.
alignment done.
alignment done.
alignment done.
alignment done.
alignment done.
alignment done.
alignment done.
alignment done.
WARNING: hg38 not provided, cannot type CYP genes
start type CYP2D6 for 20230818_PAQ27050_HG00276...

finish matrix construction
CYP2D6 read num: 0 mapped allele num: 0
support read number is too low or the mapped allele num is too low for CYP2D6, skip typing
start type CYP2A13 for 20230818_PAQ27050_HG00276...

finish matrix construction
CYP2A13 read num: 0 mapped allele num: 0
support read number is too low or the mapped allele num is too low for CYP2A13, skip typing
start type CYP2C8 for 20230818_PAQ27050_HG00276...

finish matrix construction
CYP2C8 read num: 0 mapped allele num: 0
support read number is too low or the mapped allele num is too low for CYP2C8, skip typing
start type CYP2C19 for 20230818_PAQ27050_HG00276...

finish matrix construction
CYP2C19 read num: 0 mapped allele num: 0
support read number is too low or the mapped allele num is too low for CYP2C19, skip typing
start type CYP2B6 for 20230818_PAQ27050_HG00276...

finish matrix construction
CYP2B6 read num: 0 mapped allele num: 0
support read number is too low or the mapped allele num is too low for CYP2B6, skip typing
start type CYP1A2 for 20230818_PAQ27050_HG00276...

finish matrix construction
CYP1A2 read num: 0 mapped allele num: 0
support read number is too low or the mapped allele num is too low for CYP1A2, skip typing
start type NUDT15 for 20230818_PAQ27050_HG00276...

finish matrix construction
NUDT15 read num: 0 mapped allele num: 0
support read number is too low or the mapped allele num is too low for NUDT15, skip typing
start type CYP3A4 for 20230818_PAQ27050_HG00276...

finish matrix construction
CYP3A4 read num: 0 mapped allele num: 0
support read number is too low or the mapped allele num is too low for CYP3A4, skip typing
start type CYP2A6 for 20230818_PAQ27050_HG00276...

finish matrix construction
CYP2A6 read num: 0 mapped allele num: 0
support read number is too low or the mapped allele num is too low for CYP2A6, skip typing
start type CYP2C9 for 20230818_PAQ27050_HG00276...

finish matrix construction
CYP2C9 read num: 0 mapped allele num: 0
support read number is too low or the mapped allele num is too low for CYP2C9, skip typing
start type SLCO1B1 for 20230818_PAQ27050_HG00276...

finish matrix construction
SLCO1B1 read num: 0 mapped allele num: 0
support read number is too low or the mapped allele num is too low for SLCO1B1, skip typing
start type NAT2 for 20230818_PAQ27050_HG00276...

finish matrix construction
NAT2 read num: 0 mapped allele num: 0
support read number is too low or the mapped allele num is too low for NAT2, skip typing
start type CYP4F2 for 20230818_PAQ27050_HG00276...

finish matrix construction
CYP4F2 read num: 0 mapped allele num: 0
support read number is too low or the mapped allele num is too low for CYP4F2, skip typing
start type CYP3A5 for 20230818_PAQ27050_HG00276...

finish matrix construction
CYP3A5 read num: 0 mapped allele num: 0
support read number is too low or the mapped allele num is too low for CYP3A5, skip typing
CYP2D6 hete - **** - 


CYP2A13 hete - **** - 


CYP2C8 hete - **** - 


CYP2C19 hete - **** - 


CYP2B6 hete - **** - 


CYP1A2 hete - **** - 


NUDT15 hete - **** - 


CYP3A4 hete - **** - 


CYP2A6 hete - **** - 


CYP2C9 hete - **** - 


SLCO1B1 hete - **** - 


NAT2 hete - **** - 


CYP4F2 hete - **** - 


CYP3A5 hete - **** - 


result is /project/home/pouria/opt/src/SpecImmune/runs/ont_chr22/20230818_PAQ27050_HG00276/20230818_PAQ27050_HG00276/20230818_PAQ27050_HG00276.CYP.type.result.txt
{'r': '/project/home/pouria/opt/src/SpecImmune/runs/ont_chr22/20230818_PAQ27050_HG00276/20230818_PAQ27050_HG00276.fastq.gz', 'n': '20230818_PAQ27050_HG00276', 'o': '/project/home/pouria/opt/src/SpecImmune/runs/ont_chr22/20230818_PAQ27050_HG00276', 'i': 'CYP', 'j': 12, 'k': 5, 'y': 'nanopore', 'db': '/project/home/pouria/opt/src/SpecImmune/scripts/../db/', 'hg38': '/project/shared/inumanag-aldy-ont/GRCh38_no_alts.fa', 'first_run': True, 'min_identity': 0.85, 'hete_p': 0.3, 'candidate_allele_num': 200, 'min_read_num': 2, 'max_read_num': 500, 'RNA_type': 'traditional', 'seq_tech': 'wgs', 'align_method_1': 'bwa', 'align_method_2': 'minimap2', 'iteration': 1, 'dv_sif': None, 'snv_tool': 'longshot', 'drug_recommendation': False, 'visualization': True, 'version': False}
iteration 1
WARNING: hg38 not provided, cannot type CYP genes
start variant pipeline ...
Processing homo CYP2D6
/project/home/pouria/opt/src/SpecImmune/runs/ont_chr22/20230818_PAQ27050_HG00276/20230818_PAQ27050_HG00276/Genes_step2//CYP2D6.bam does not exist
Processing homo CYP2A13
/project/home/pouria/opt/src/SpecImmune/runs/ont_chr22/20230818_PAQ27050_HG00276/20230818_PAQ27050_HG00276/Genes_step2//CYP2A13.bam does not exist
Processing homo CYP2C8
/project/home/pouria/opt/src/SpecImmune/runs/ont_chr22/20230818_PAQ27050_HG00276/20230818_PAQ27050_HG00276/Genes_step2//CYP2C8.bam does not exist
Processing homo CYP2C19
/project/home/pouria/opt/src/SpecImmune/runs/ont_chr22/20230818_PAQ27050_HG00276/20230818_PAQ27050_HG00276/Genes_step2//CYP2C19.bam does not exist
Processing homo CYP2B6
/project/home/pouria/opt/src/SpecImmune/runs/ont_chr22/20230818_PAQ27050_HG00276/20230818_PAQ27050_HG00276/Genes_step2//CYP2B6.bam does not exist
Processing homo CYP1A2
/project/home/pouria/opt/src/SpecImmune/runs/ont_chr22/20230818_PAQ27050_HG00276/20230818_PAQ27050_HG00276/Genes_step2//CYP1A2.bam does not exist
Processing homo NUDT15
/project/home/pouria/opt/src/SpecImmune/runs/ont_chr22/20230818_PAQ27050_HG00276/20230818_PAQ27050_HG00276/Genes_step2//NUDT15.bam does not exist
Processing homo CYP3A4
/project/home/pouria/opt/src/SpecImmune/runs/ont_chr22/20230818_PAQ27050_HG00276/20230818_PAQ27050_HG00276/Genes_step2//CYP3A4.bam does not exist
Processing homo CYP2A6
/project/home/pouria/opt/src/SpecImmune/runs/ont_chr22/20230818_PAQ27050_HG00276/20230818_PAQ27050_HG00276/Genes_step2//CYP2A6.bam does not exist
Processing homo CYP2C9
/project/home/pouria/opt/src/SpecImmune/runs/ont_chr22/20230818_PAQ27050_HG00276/20230818_PAQ27050_HG00276/Genes_step2//CYP2C9.bam does not exist
Processing homo SLCO1B1
/project/home/pouria/opt/src/SpecImmune/runs/ont_chr22/20230818_PAQ27050_HG00276/20230818_PAQ27050_HG00276/Genes_step2//SLCO1B1.bam does not exist
Processing homo NAT2
/project/home/pouria/opt/src/SpecImmune/runs/ont_chr22/20230818_PAQ27050_HG00276/20230818_PAQ27050_HG00276/Genes_step2//NAT2.bam does not exist
Processing homo CYP4F2
/project/home/pouria/opt/src/SpecImmune/runs/ont_chr22/20230818_PAQ27050_HG00276/20230818_PAQ27050_HG00276/Genes_step2//CYP4F2.bam does not exist
Processing homo CYP3A5
/project/home/pouria/opt/src/SpecImmune/runs/ont_chr22/20230818_PAQ27050_HG00276/20230818_PAQ27050_HG00276/Genes_step2//CYP3A5.bam does not exist
parameter:	sample:20230818_PAQ27050_HG00276	dir:/project/home/pouria/opt/src/SpecImmune/runs/ont_chr22/20230818_PAQ27050_HG00276/20230818_PAQ27050_HG00276/Sequences/	pop:Unknown	wxs:tgs	G_nom:0
/project/home/pouria/opt/src/SpecImmune/runs/ont_chr22/20230818_PAQ27050_HG00276/20230818_PAQ27050_HG00276/Sequences//CYP.allele.1.CYP2A13.fasta
/project/home/pouria/opt/src/SpecImmune/runs/ont_chr22/20230818_PAQ27050_HG00276/20230818_PAQ27050_HG00276/Sequences//CYP.allele.2.CYP2A13.fasta
/project/home/pouria/opt/src/SpecImmune/runs/ont_chr22/20230818_PAQ27050_HG00276/20230818_PAQ27050_HG00276/Sequences//CYP.allele.1.CYP2A6.fasta
/project/home/pouria/opt/src/SpecImmune/runs/ont_chr22/20230818_PAQ27050_HG00276/20230818_PAQ27050_HG00276/Sequences//CYP.allele.2.CYP2A6.fasta
/project/home/pouria/opt/src/SpecImmune/runs/ont_chr22/20230818_PAQ27050_HG00276/20230818_PAQ27050_HG00276/Sequences//CYP.allele.1.CYP2B6.fasta
/project/home/pouria/opt/src/SpecImmune/runs/ont_chr22/20230818_PAQ27050_HG00276/20230818_PAQ27050_HG00276/Sequences//CYP.allele.2.CYP2B6.fasta
/project/home/pouria/opt/src/SpecImmune/runs/ont_chr22/20230818_PAQ27050_HG00276/20230818_PAQ27050_HG00276/Sequences//CYP.allele.1.CYP2C19.fasta
/project/home/pouria/opt/src/SpecImmune/runs/ont_chr22/20230818_PAQ27050_HG00276/20230818_PAQ27050_HG00276/Sequences//CYP.allele.2.CYP2C19.fasta
/project/home/pouria/opt/src/SpecImmune/runs/ont_chr22/20230818_PAQ27050_HG00276/20230818_PAQ27050_HG00276/Sequences//CYP.allele.1.CYP2C8.fasta
/project/home/pouria/opt/src/SpecImmune/runs/ont_chr22/20230818_PAQ27050_HG00276/20230818_PAQ27050_HG00276/Sequences//CYP.allele.2.CYP2C8.fasta
/project/home/pouria/opt/src/SpecImmune/runs/ont_chr22/20230818_PAQ27050_HG00276/20230818_PAQ27050_HG00276/Sequences//CYP.allele.1.CYP2C9.fasta
/project/home/pouria/opt/src/SpecImmune/runs/ont_chr22/20230818_PAQ27050_HG00276/20230818_PAQ27050_HG00276/Sequences//CYP.allele.2.CYP2C9.fasta
/project/home/pouria/opt/src/SpecImmune/runs/ont_chr22/20230818_PAQ27050_HG00276/20230818_PAQ27050_HG00276/Sequences//CYP.allele.1.CYP2D6.fasta
/project/home/pouria/opt/src/SpecImmune/runs/ont_chr22/20230818_PAQ27050_HG00276/20230818_PAQ27050_HG00276/Sequences//CYP.allele.2.CYP2D6.fasta
/project/home/pouria/opt/src/SpecImmune/runs/ont_chr22/20230818_PAQ27050_HG00276/20230818_PAQ27050_HG00276/Sequences//CYP.allele.1.CYP3A4.fasta
/project/home/pouria/opt/src/SpecImmune/runs/ont_chr22/20230818_PAQ27050_HG00276/20230818_PAQ27050_HG00276/Sequences//CYP.allele.2.CYP3A4.fasta
/project/home/pouria/opt/src/SpecImmune/runs/ont_chr22/20230818_PAQ27050_HG00276/20230818_PAQ27050_HG00276/Sequences//CYP.allele.1.CYP3A5.fasta
/project/home/pouria/opt/src/SpecImmune/runs/ont_chr22/20230818_PAQ27050_HG00276/20230818_PAQ27050_HG00276/Sequences//CYP.allele.2.CYP3A5.fasta
/project/home/pouria/opt/src/SpecImmune/runs/ont_chr22/20230818_PAQ27050_HG00276/20230818_PAQ27050_HG00276/Sequences//CYP.allele.1.CYP4F2.fasta
/project/home/pouria/opt/src/SpecImmune/runs/ont_chr22/20230818_PAQ27050_HG00276/20230818_PAQ27050_HG00276/Sequences//CYP.allele.2.CYP4F2.fasta
/project/home/pouria/opt/src/SpecImmune/runs/ont_chr22/20230818_PAQ27050_HG00276/20230818_PAQ27050_HG00276/Sequences//CYP.allele.1.NAT2.fasta
/project/home/pouria/opt/src/SpecImmune/runs/ont_chr22/20230818_PAQ27050_HG00276/20230818_PAQ27050_HG00276/Sequences//CYP.allele.2.NAT2.fasta
/project/home/pouria/opt/src/SpecImmune/runs/ont_chr22/20230818_PAQ27050_HG00276/20230818_PAQ27050_HG00276/Sequences//CYP.allele.1.NUDT15.fasta
/project/home/pouria/opt/src/SpecImmune/runs/ont_chr22/20230818_PAQ27050_HG00276/20230818_PAQ27050_HG00276/Sequences//CYP.allele.2.NUDT15.fasta
/project/home/pouria/opt/src/SpecImmune/runs/ont_chr22/20230818_PAQ27050_HG00276/20230818_PAQ27050_HG00276/Sequences//CYP.allele.1.SLCO1B1.fasta
/project/home/pouria/opt/src/SpecImmune/runs/ont_chr22/20230818_PAQ27050_HG00276/20230818_PAQ27050_HG00276/Sequences//CYP.allele.2.SLCO1B1.fasta
WARNING: hg38 not provided, cannot type CYP genes
optimize typing results by balancing alignment length and identity 
The refined typing results is in /project/home/pouria/opt/src/SpecImmune/runs/ont_chr22/20230818_PAQ27050_HG00276/20230818_PAQ27050_HG00276/20230818_PAQ27050_HG00276.CYP.final.type.result.formatted.txt
Sequence is reconstructed, start annotation...
Finished.

            python3 /project/home/pouria/opt/src/SpecImmune/scripts/remap.py 20230818_PAQ27050_HG00276 CYP /project/home/pouria/opt/src/SpecImmune/runs/ont_chr22/20230818_PAQ27050_HG00276 nanopore wgs traditional 12 /project/home/pouria/opt/src/SpecImmune/scripts/../db//CYP/CYP.full.fasta
            
CYP2D6	1	-	0	False	NA	-
alleles_str ['-']
result : CYP2D6 -
CYP2D6	2	-	0	False	NA	-
alleles_str ['-']
result : CYP2D6 -
CYP2A13	1	-	0	False	NA	-
alleles_str ['-']
result : CYP2A13 -
CYP2A13	2	-	0	False	NA	-
alleles_str ['-']
result : CYP2A13 -
CYP2C8	1	-	0	False	NA	-
alleles_str ['-']
result : CYP2C8 -
CYP2C8	2	-	0	False	NA	-
alleles_str ['-']
result : CYP2C8 -
CYP2C19	1	-	0	False	NA	-
alleles_str ['-']
result : CYP2C19 -
CYP2C19	2	-	0	False	NA	-
alleles_str ['-']
result : CYP2C19 -
CYP2B6	1	-	0	False	NA	-
alleles_str ['-']
result : CYP2B6 -
CYP2B6	2	-	0	False	NA	-
alleles_str ['-']
result : CYP2B6 -
CYP1A2	1	-	0	False	NA	-
alleles_str ['-']
result : CYP1A2 -
CYP1A2	2	-	0	False	NA	-
alleles_str ['-']
result : CYP1A2 -
NUDT15	1	-	0	False	NA	-
alleles_str ['-']
result : NUDT15 -
NUDT15	2	-	0	False	NA	-
alleles_str ['-']
result : NUDT15 -
CYP3A4	1	-	0	False	NA	-
alleles_str ['-']
result : CYP3A4 -
CYP3A4	2	-	0	False	NA	-
alleles_str ['-']
result : CYP3A4 -
CYP2A6	1	-	0	False	NA	-
alleles_str ['-']
result : CYP2A6 -
CYP2A6	2	-	0	False	NA	-
alleles_str ['-']
result : CYP2A6 -
CYP2C9	1	-	0	False	NA	-
alleles_str ['-']
result : CYP2C9 -
CYP2C9	2	-	0	False	NA	-
alleles_str ['-']
result : CYP2C9 -
SLCO1B1	1	-	0	False	NA	-
alleles_str ['-']
result : SLCO1B1 -
SLCO1B1	2	-	0	False	NA	-
alleles_str ['-']
result : SLCO1B1 -
NAT2	1	-	0	False	NA	-
alleles_str ['-']
result : NAT2 -
NAT2	2	-	0	False	NA	-
alleles_str ['-']
result : NAT2 -
CYP4F2	1	-	0	False	NA	-
alleles_str ['-']
result : CYP4F2 -
CYP4F2	2	-	0	False	NA	-
alleles_str ['-']
result : CYP4F2 -
CYP3A5	1	-	0	False	NA	-
alleles_str ['-']
result : CYP3A5 -
CYP3A5	2	-	0	False	NA	-
alleles_str ['-']
result : CYP3A5 -
CYP2D6	1	NA	NA	0	-	NA
alleles_str ['NA']
result : CYP2D6 NA
CYP2D6	2	NA	NA	0	-	NA
alleles_str ['NA']
result : CYP2D6 NA
CYP2A13	1	NA	NA	0	-	NA
alleles_str ['NA']
result : CYP2A13 NA
CYP2A13	2	NA	NA	0	-	NA
alleles_str ['NA']
result : CYP2A13 NA
CYP2C8	1	NA	NA	0	-	NA
alleles_str ['NA']
result : CYP2C8 NA
CYP2C8	2	NA	NA	0	-	NA
alleles_str ['NA']
result : CYP2C8 NA
CYP2C19	1	NA	NA	0	-	NA
alleles_str ['NA']
result : CYP2C19 NA
CYP2C19	2	NA	NA	0	-	NA
alleles_str ['NA']
result : CYP2C19 NA
CYP2B6	1	NA	NA	0	-	NA
alleles_str ['NA']
result : CYP2B6 NA
CYP2B6	2	NA	NA	0	-	NA
alleles_str ['NA']
result : CYP2B6 NA
CYP1A2	1	NA	NA	0	-	NA
alleles_str ['NA']
result : CYP1A2 NA
CYP1A2	2	NA	NA	0	-	NA
alleles_str ['NA']
result : CYP1A2 NA
NUDT15	1	NA	NA	0	-	NA
alleles_str ['NA']
result : NUDT15 NA
NUDT15	2	NA	NA	0	-	NA
alleles_str ['NA']
result : NUDT15 NA
CYP3A4	1	NA	NA	0	-	NA
alleles_str ['NA']
result : CYP3A4 NA
CYP3A4	2	NA	NA	0	-	NA
alleles_str ['NA']
result : CYP3A4 NA
CYP2A6	1	NA	NA	0	-	NA
alleles_str ['NA']
result : CYP2A6 NA
CYP2A6	2	NA	NA	0	-	NA
alleles_str ['NA']
result : CYP2A6 NA
CYP2C9	1	NA	NA	0	-	NA
alleles_str ['NA']
result : CYP2C9 NA
CYP2C9	2	NA	NA	0	-	NA
alleles_str ['NA']
result : CYP2C9 NA
SLCO1B1	1	NA	NA	0	-	NA
alleles_str ['NA']
result : SLCO1B1 NA
SLCO1B1	2	NA	NA	0	-	NA
alleles_str ['NA']
result : SLCO1B1 NA
NAT2	1	NA	NA	0	-	NA
alleles_str ['NA']
result : NAT2 NA
NAT2	2	NA	NA	0	-	NA
alleles_str ['NA']
result : NAT2 NA
CYP4F2	1	NA	NA	0	-	NA
alleles_str ['NA']
result : CYP4F2 NA
CYP4F2	2	NA	NA	0	-	NA
alleles_str ['NA']
result : CYP4F2 NA
CYP3A5	1	NA	NA	0	-	NA
alleles_str ['NA']
result : CYP3A5 NA
CYP3A5	2	NA	NA	0	-	NA
alleles_str ['NA']
result : CYP3A5 NA

            python3 /project/home/pouria/opt/src/SpecImmune/scripts/remap_allele.py 20230818_PAQ27050_HG00276 CYP /project/home/pouria/opt/src/SpecImmune/runs/ont_chr22/20230818_PAQ27050_HG00276 nanopore wgs traditional 12 /project/home/pouria/opt/src/SpecImmune/scripts/../db//CYP/CYP.full.fasta
            

            python3 /project/home/pouria/opt/src/SpecImmune/scripts/visualization.py 20230818_PAQ27050_HG00276 CYP /project/home/pouria/opt/src/SpecImmune/runs/ont_chr22/20230818_PAQ27050_HG00276 nanopore wgs traditional 12 /project/home/pouria/opt/src/SpecImmune/scripts/../db//CYP/CYP.full.fasta
            
alleles_str ['-']
result : CYP2D6 -
alleles_str ['-']
result : CYP2D6 -
alleles_str ['-']
result : CYP2A13 -
alleles_str ['-']
result : CYP2A13 -
alleles_str ['-']
result : CYP2C8 -
alleles_str ['-']
result : CYP2C8 -
alleles_str ['-']
result : CYP2C19 -
alleles_str ['-']
result : CYP2C19 -
alleles_str ['-']
result : CYP2B6 -
alleles_str ['-']
result : CYP2B6 -
alleles_str ['-']
result : CYP1A2 -
alleles_str ['-']
result : CYP1A2 -
alleles_str ['-']
result : NUDT15 -
alleles_str ['-']
result : NUDT15 -
alleles_str ['-']
result : CYP3A4 -
alleles_str ['-']
result : CYP3A4 -
alleles_str ['-']
result : CYP2A6 -
alleles_str ['-']
result : CYP2A6 -
alleles_str ['-']
result : CYP2C9 -
alleles_str ['-']
result : CYP2C9 -
alleles_str ['-']
result : SLCO1B1 -
alleles_str ['-']
result : SLCO1B1 -
alleles_str ['-']
result : NAT2 -
alleles_str ['-']
result : NAT2 -
alleles_str ['-']
result : CYP4F2 -
alleles_str ['-']
result : CYP4F2 -
alleles_str ['-']
result : CYP3A5 -
alleles_str ['-']
result : CYP3A5 -
alleles_str ['NA']
result : CYP2D6 NA
alleles_str ['NA']
result : CYP2D6 NA
alleles_str ['NA']
result : CYP2A13 NA
alleles_str ['NA']
result : CYP2A13 NA
alleles_str ['NA']
result : CYP2C8 NA
alleles_str ['NA']
result : CYP2C8 NA
alleles_str ['NA']
result : CYP2C19 NA
alleles_str ['NA']
result : CYP2C19 NA
alleles_str ['NA']
result : CYP2B6 NA
alleles_str ['NA']
result : CYP2B6 NA
alleles_str ['NA']
result : CYP1A2 NA
alleles_str ['NA']
result : CYP1A2 NA
alleles_str ['NA']
result : NUDT15 NA
alleles_str ['NA']
result : NUDT15 NA
alleles_str ['NA']
result : CYP3A4 NA
alleles_str ['NA']
result : CYP3A4 NA
alleles_str ['NA']
result : CYP2A6 NA
alleles_str ['NA']
result : CYP2A6 NA
alleles_str ['NA']
result : CYP2C9 NA
alleles_str ['NA']
result : CYP2C9 NA
alleles_str ['NA']
result : SLCO1B1 NA
alleles_str ['NA']
result : SLCO1B1 NA
alleles_str ['NA']
result : NAT2 NA
alleles_str ['NA']
result : NAT2 NA
alleles_str ['NA']
result : CYP4F2 NA
alleles_str ['NA']
result : CYP4F2 NA
alleles_str ['NA']
result : CYP3A5 NA
alleles_str ['NA']
result : CYP3A5 NA
CYP2D6	1	NA	NA	0	-	NA
alleles_str ['NA']
result : CYP2D6 NA
CYP2D6	2	NA	NA	0	-	NA
alleles_str ['NA']
result : CYP2D6 NA
CYP2A13	1	NA	NA	0	-	NA
alleles_str ['NA']
result : CYP2A13 NA
CYP2A13	2	NA	NA	0	-	NA
alleles_str ['NA']
result : CYP2A13 NA
CYP2C8	1	NA	NA	0	-	NA
alleles_str ['NA']
result : CYP2C8 NA
CYP2C8	2	NA	NA	0	-	NA
alleles_str ['NA']
result : CYP2C8 NA
CYP2C19	1	NA	NA	0	-	NA
alleles_str ['NA']
result : CYP2C19 NA
CYP2C19	2	NA	NA	0	-	NA
alleles_str ['NA']
result : CYP2C19 NA
CYP2B6	1	NA	NA	0	-	NA
alleles_str ['NA']
result : CYP2B6 NA
CYP2B6	2	NA	NA	0	-	NA
alleles_str ['NA']
result : CYP2B6 NA
CYP1A2	1	NA	NA	0	-	NA
alleles_str ['NA']
result : CYP1A2 NA
CYP1A2	2	NA	NA	0	-	NA
alleles_str ['NA']
result : CYP1A2 NA
NUDT15	1	NA	NA	0	-	NA
alleles_str ['NA']
result : NUDT15 NA
NUDT15	2	NA	NA	0	-	NA
alleles_str ['NA']
result : NUDT15 NA
CYP3A4	1	NA	NA	0	-	NA
alleles_str ['NA']
result : CYP3A4 NA
CYP3A4	2	NA	NA	0	-	NA
alleles_str ['NA']
result : CYP3A4 NA
CYP2A6	1	NA	NA	0	-	NA
alleles_str ['NA']
result : CYP2A6 NA
CYP2A6	2	NA	NA	0	-	NA
alleles_str ['NA']
result : CYP2A6 NA
CYP2C9	1	NA	NA	0	-	NA
alleles_str ['NA']
result : CYP2C9 NA
CYP2C9	2	NA	NA	0	-	NA
alleles_str ['NA']
result : CYP2C9 NA
SLCO1B1	1	NA	NA	0	-	NA
alleles_str ['NA']
result : SLCO1B1 NA
SLCO1B1	2	NA	NA	0	-	NA
alleles_str ['NA']
result : SLCO1B1 NA
NAT2	1	NA	NA	0	-	NA
alleles_str ['NA']
result : NAT2 NA
NAT2	2	NA	NA	0	-	NA
alleles_str ['NA']
result : NAT2 NA
CYP4F2	1	NA	NA	0	-	NA
alleles_str ['NA']
result : CYP4F2 NA
CYP4F2	2	NA	NA	0	-	NA
alleles_str ['NA']
result : CYP4F2 NA
CYP3A5	1	NA	NA	0	-	NA
alleles_str ['NA']
result : CYP3A5 NA
CYP3A5	2	NA	NA	0	-	NA
alleles_str ['NA']
result : CYP3A5 NA
refine bam...
2026-01-07 19:50:25,440 | INFO | Processing /project/home/pouria/opt/src/SpecImmune/runs/ont_chr22/20230818_PAQ27050_HG00276/20230818_PAQ27050_HG00276/20230818_PAQ27050_HG00276.refined.sorted.bam
2026-01-07 19:50:28,605 | WARNING | Query names do not look like HiFi reads -- use "consensus" mode for consensus
2026-01-07 19:50:28,605 | INFO | Identifying SV signatures
2026-01-07 19:50:29,676 | WARNING | Unlabeled Clipped Reads
214fc2d4-d182-4989-bda7-3e05c36118b6
be4e8941-da96-4cc4-95cf-6e0e5d4d49db
2026-01-07 19:50:29,676 | INFO | Phasing and Calling Alleles
2026-01-07 19:50:29,676 | DEBUG | Calling noSV
2026-01-07 19:50:29,676 | INFO | Calling noSV
2026-01-07 19:50:29,677 | INFO | Attempting to phase 17 noSV reads
2026-01-07 19:50:29,677 | DEBUG | Reseting HP for 17 noSV  reads
2026-01-07 19:50:29,790 | DEBUG | Positions used for read clustering: [42120601, 42127437, 42128767, 42134715, 42135023]
clusters hifi_read                             is_primary
04c917eb-3c48-4b1f-aeff-72b47059b328  True          0
ecbd096e-106b-4e95-ab13-c9aa7edeaf0a  True          0
12a15149-f152-4b4b-9678-5ec465093845  True          1
9427bd97-5f67-493a-8501-e68d48d1ddaf  True          1
dbc9b55d-00a6-4842-aff7-38a46ebccdaf  True          0
f747fc8a-cd55-4e49-839d-7eadd42bd86c  True          1
0542605a-6c21-4ff8-ad77-94a08b154030  True          0
7779ff36-3b81-47b8-b378-14fa740c64e8  True          1
b6c82d31-dd8f-4fc0-8165-4e0fb2cd0635  True          1
a1ab1192-89c4-48fe-b17e-eef4c95136f1  True          0
368b4971-8d8a-462f-9709-cdac3d2e04fc  True          1
d218a284-44b3-4314-8b5c-620a2a68f021  True          1
30db8af5-9241-491a-b9aa-f69f19224468  True          1
9dfb962b-f773-440a-ad65-1626d2033b6e  True          0
64a088ea-99da-434e-b85d-b8ae9392d928  True          0
189ff225-1d27-4c18-900f-e47cf3de9e68  True          1
294a64af-510f-4fa1-8e2f-46d66ad2a30b  True          1
Name: HP, dtype: int64
2026-01-07 19:50:32,373 | DEBUG | Calling deletion
2026-01-07 19:50:32,373 | INFO | Calling deletion
2026-01-07 19:50:32,373 | INFO | Attempting to phase 15 deletion reads
2026-01-07 19:50:32,373 | DEBUG | Reseting HP for 15 deletion  reads
2026-01-07 19:50:32,429 | DEBUG | Positions used for read clustering: [42122403]
clusters hifi_read                             is_primary
cf97dff4-2e93-4b0a-8c19-f3a0631aeb00  True          1
09bbfabc-5a3a-4700-8b7e-1069d262392b  True          1
750d21a8-755c-42cc-9a79-120f2ecf8920  True          0
b21c8ed2-ebe5-4250-b530-ed9eb2ff957b  True          0
f6cb6b45-d45e-47aa-b3c6-2a49254710e5  True          1
5a470a25-66d5-498a-9f21-3d2fd393e8fe  True          0
5607ee97-2e47-47c2-8972-f3ee9343ed07  True          0
7d8d002b-1781-4a6e-a1d0-fb78bfa8f34c  True          0
7bf78b99-5926-4a08-97cc-19e2d0e18014  True          0
0de50723-087c-4e2a-8f71-2c118471c556  True          0
d6cbb8dd-fe0f-46c8-823e-cee8e87ec902  True          0
d94a2dff-b817-4211-946e-d67db9933d6e  True          0
d8249e24-1e08-4982-a210-f4aa3adb5c2a  True          0
518c0c5e-9d39-4f2a-8411-74a9524f0d9f  True          0
ea4780d8-d655-4db3-9672-c70348ead12c  True          0
Name: HP, dtype: int64
2026-01-07 19:50:32,452 | DEBUG | Alleles Identified: {'noSV': {'noSV_0': ('*4', '*10', '*39', '*74'), 'noSV_1': ('*4', '*10', '*39', '*74')}, 'deletion': {'deletion_1': ('*5',), 'deletion_0': ('*5',)}}
2026-01-07 19:50:32,452 | INFO | Calling Diplotype
2026-01-07 19:50:32,453 | DEBUG | Hybrid calls: Counter() self.haplotypes []
2026-01-07 19:50:32,453 | DEBUG | self.haplotypes []
2026-01-07 19:50:32,453 | ERROR | Extra haplotypes called: [('*4', ['noSV_0']), ('*4', ['noSV_1']), ('*5', ['deletion_1']), ('*5', ['deletion_0'])]
2026-01-07 19:50:32,453 | INFO | Diplotype called: CYP2D6 *4/*4/*5/*5
2026-01-07 19:50:36,534 | INFO | Exporting /project/home/pouria/opt/src/SpecImmune/runs/ont_chr22/20230818_PAQ27050_HG00276/20230818_PAQ27050_HG00276/20230818_PAQ27050_HG00276_labeledReads.bam
{'haplotype_3_5', 'haplotype_1_4', 'CYP2D6', 'No_Label', 'haplotype_4_5', 'haplotype_2_4'}
{'noSV_1', 'deletion_0', 'deletion_1', 'noHap', 'noSV_0'}
filtered diplotype *5/*4 {'*5', '*4'} CYP2D6 *5/*4
cnv detected, use pangu result
*5/*4 NA
[OK] Finished 20230818_PAQ27050_HG00276
