[M::bam2fq_mainloop] discarded 0 singletons
[M::bam2fq_mainloop] processed 11310 reads
[M::mm_idx_gen::0.249*1.01] collected minimizers
[M::mm_idx_gen::0.276*1.93] sorted minimizers
[M::main::0.276*1.93] loaded/built the index for 553 target sequence(s)
[M::mm_mapopt_update::0.277*1.93] mid_occ = 2213
[M::mm_idx_stat] kmer size: 15; skip: 10; is_hpc: 0; #seq: 553
[M::mm_idx_stat::0.277*1.93] distinct minimizers: 3211 (13.77% are singletons); average occurrences: 357.246; average spacing: 5.453; total length: 6255536
[M::main] Version: 2.24-r1122
[M::main] CMD: minimap2 -t 12 -x map-ont -E 8,4 -p 0.1 -N 100000 -a /project/home/pouria/opt/src/SpecImmune/scripts/../db//CYP/CYP2D6/CYP2D6.fasta /project/home/pouria/opt/src/SpecImmune/runs/ont_chr22/20230728_PAQ47560_NA11832/20230728_PAQ47560_NA11832/Reads//CYP2D6.long_read.sub.fq
[M::main] Real time: 0.284 sec; CPU: 0.541 sec; Peak RSS: 0.052 GB
[M::mm_idx_gen::0.034*1.08] collected minimizers
[M::mm_idx_gen::0.040*2.20] sorted minimizers
[M::main::0.040*2.20] loaded/built the index for 31 target sequence(s)
[M::mm_mapopt_update::0.040*2.18] mid_occ = 838
[M::mm_idx_stat] kmer size: 15; skip: 10; is_hpc: 0; #seq: 31
[M::mm_idx_stat::0.041*2.18] distinct minimizers: 2845 (1.51% are singletons); average occurrences: 30.637; average spacing: 5.240; total length: 456698
[M::main] Version: 2.24-r1122
[M::main] CMD: minimap2 -t 12 -x map-ont -E 8,4 -p 0.1 -N 100000 -a /project/home/pouria/opt/src/SpecImmune/scripts/../db//CYP/CYP2A13/CYP2A13.fasta /project/home/pouria/opt/src/SpecImmune/runs/ont_chr22/20230728_PAQ47560_NA11832/20230728_PAQ47560_NA11832/Reads//CYP2A13.long_read.sub.fq
[M::main] Real time: 0.042 sec; CPU: 0.090 sec; Peak RSS: 0.008 GB
[M::mm_idx_gen::0.123*1.03] collected minimizers
[M::mm_idx_gen::0.137*1.80] sorted minimizers
[M::main::0.137*1.80] loaded/built the index for 56 target sequence(s)
[M::mm_mapopt_update::0.138*1.79] mid_occ = 785
[M::mm_idx_stat] kmer size: 15; skip: 10; is_hpc: 0; #seq: 56
[M::mm_idx_stat::0.139*1.79] distinct minimizers: 7510 (0.36% are singletons); average occurrences: 55.735; average spacing: 5.315; total length: 2224652
[M::main] Version: 2.24-r1122
[M::main] CMD: minimap2 -t 12 -x map-ont -E 8,4 -p 0.1 -N 100000 -a /project/home/pouria/opt/src/SpecImmune/scripts/../db//CYP/CYP2C8/CYP2C8.fasta /project/home/pouria/opt/src/SpecImmune/runs/ont_chr22/20230728_PAQ47560_NA11832/20230728_PAQ47560_NA11832/Reads//CYP2C8.long_read.sub.fq
[M::main] Real time: 0.143 sec; CPU: 0.253 sec; Peak RSS: 0.019 GB
[M::mm_idx_gen::0.393*1.01] collected minimizers
[M::mm_idx_gen::0.463*2.56] sorted minimizers
[M::main::0.464*2.56] loaded/built the index for 120 target sequence(s)
[M::mm_mapopt_update::0.465*2.55] mid_occ = 721
[M::mm_idx_stat] kmer size: 15; skip: 10; is_hpc: 0; #seq: 120
[M::mm_idx_stat::0.467*2.55] distinct minimizers: 17310 (0.78% are singletons); average occurrences: 131.008; average spacing: 5.285; total length: 11984512
[M::main] Version: 2.24-r1122
[M::main] CMD: minimap2 -t 12 -x map-ont -E 8,4 -p 0.1 -N 100000 -a /project/home/pouria/opt/src/SpecImmune/scripts/../db//CYP/CYP2C19/CYP2C19.fasta /project/home/pouria/opt/src/SpecImmune/runs/ont_chr22/20230728_PAQ47560_NA11832/20230728_PAQ47560_NA11832/Reads//CYP2C19.long_read.sub.fq
[M::main] Real time: 0.473 sec; CPU: 1.197 sec; Peak RSS: 0.087 GB
[M::mm_idx_gen::0.227*1.02] collected minimizers
[M::mm_idx_gen::0.263*2.39] sorted minimizers
[M::main::0.263*2.39] loaded/built the index for 158 target sequence(s)
[M::mm_mapopt_update::0.264*2.38] mid_occ = 1581
[M::mm_idx_stat] kmer size: 15; skip: 10; is_hpc: 0; #seq: 158
[M::mm_idx_stat::0.265*2.37] distinct minimizers: 6595 (1.24% are singletons); average occurrences: 155.282; average spacing: 5.261; total length: 5387484
[M::main] Version: 2.24-r1122
[M::main] CMD: minimap2 -t 12 -x map-ont -E 8,4 -p 0.1 -N 100000 -a /project/home/pouria/opt/src/SpecImmune/scripts/../db//CYP/CYP2B6/CYP2B6.fasta /project/home/pouria/opt/src/SpecImmune/runs/ont_chr22/20230728_PAQ47560_NA11832/20230728_PAQ47560_NA11832/Reads//CYP2B6.long_read.sub.fq
[M::main] Real time: 0.269 sec; CPU: 0.633 sec; Peak RSS: 0.046 GB
[M::mm_idx_gen::0.100*1.04] collected minimizers
[M::mm_idx_gen::0.117*2.47] sorted minimizers
[M::main::0.117*2.47] loaded/built the index for 125 target sequence(s)
[M::mm_mapopt_update::0.118*2.46] mid_occ = 1251
[M::mm_idx_stat] kmer size: 15; skip: 10; is_hpc: 0; #seq: 125
[M::mm_idx_stat::0.118*2.46] distinct minimizers: 2883 (3.12% are singletons); average occurrences: 120.729; average spacing: 5.302; total length: 1845372
[M::main] Version: 2.24-r1122
[M::main] CMD: minimap2 -t 12 -x map-ont -E 8,4 -p 0.1 -N 100000 -a /project/home/pouria/opt/src/SpecImmune/scripts/../db//CYP/CYP1A2/CYP1A2.fasta /project/home/pouria/opt/src/SpecImmune/runs/ont_chr22/20230728_PAQ47560_NA11832/20230728_PAQ47560_NA11832/Reads//CYP1A2.long_read.sub.fq
[M::main] Real time: 0.120 sec; CPU: 0.292 sec; Peak RSS: 0.014 GB
[M::mm_idx_gen::0.043*1.08] collected minimizers
[M::mm_idx_gen::0.052*2.47] sorted minimizers
[M::main::0.052*2.46] loaded/built the index for 52 target sequence(s)
[M::mm_mapopt_update::0.053*2.44] mid_occ = 573
[M::mm_idx_stat] kmer size: 15; skip: 10; is_hpc: 0; #seq: 52
[M::mm_idx_stat::0.054*2.43] distinct minimizers: 4151 (0.63% are singletons); average occurrences: 52.199; average spacing: 5.322; total length: 1153172
[M::main] Version: 2.24-r1122
[M::main] CMD: minimap2 -t 12 -x map-ont -E 8,4 -p 0.1 -N 100000 -a /project/home/pouria/opt/src/SpecImmune/scripts/../db//CYP/NUDT15/NUDT15.fasta /project/home/pouria/opt/src/SpecImmune/runs/ont_chr22/20230728_PAQ47560_NA11832/20230728_PAQ47560_NA11832/Reads//NUDT15.long_read.sub.fq
[M::main] Real time: 0.055 sec; CPU: 0.132 sec; Peak RSS: 0.013 GB
[M::mm_idx_gen::0.163*1.03] collected minimizers
[M::mm_idx_gen::0.195*2.74] sorted minimizers
[M::main::0.195*2.74] loaded/built the index for 106 target sequence(s)
[M::mm_mapopt_update::0.196*2.73] mid_occ = 319
[M::mm_idx_stat] kmer size: 15; skip: 10; is_hpc: 0; #seq: 106
[M::mm_idx_stat::0.197*2.72] distinct minimizers: 6552 (0.60% are singletons); average occurrences: 103.899; average spacing: 5.326; total length: 3625734
[M::main] Version: 2.24-r1122
[M::main] CMD: minimap2 -t 12 -x map-ont -E 8,4 -p 0.1 -N 100000 -a /project/home/pouria/opt/src/SpecImmune/scripts/../db//CYP/CYP3A4/CYP3A4.fasta /project/home/pouria/opt/src/SpecImmune/runs/ont_chr22/20230728_PAQ47560_NA11832/20230728_PAQ47560_NA11832/Reads//CYP3A4.long_read.sub.fq
[M::main] Real time: 0.201 sec; CPU: 0.540 sec; Peak RSS: 0.029 GB
[M::mm_idx_gen::0.098*1.05] collected minimizers
[M::mm_idx_gen::0.117*2.50] sorted minimizers
[M::main::0.117*2.50] loaded/built the index for 128 target sequence(s)
[M::mm_mapopt_update::0.117*2.49] mid_occ = 4093
[M::mm_idx_stat] kmer size: 15; skip: 10; is_hpc: 0; #seq: 128
[M::mm_idx_stat::0.118*2.49] distinct minimizers: 3051 (4.65% are singletons); average occurrences: 110.183; average spacing: 5.296; total length: 1780337
[M::main] Version: 2.24-r1122
[M::main] CMD: minimap2 -t 12 -x map-ont -E 8,4 -p 0.1 -N 100000 -a /project/home/pouria/opt/src/SpecImmune/scripts/../db//CYP/CYP2A6/CYP2A6.fasta /project/home/pouria/opt/src/SpecImmune/runs/ont_chr22/20230728_PAQ47560_NA11832/20230728_PAQ47560_NA11832/Reads//CYP2A6.long_read.sub.fq
[M::main] Real time: 0.120 sec; CPU: 0.295 sec; Peak RSS: 0.014 GB
[M::mm_idx_gen::0.396*1.01] collected minimizers
[M::mm_idx_gen::0.455*2.34] sorted minimizers
[M::main::0.455*2.33] loaded/built the index for 204 target sequence(s)
[M::mm_mapopt_update::0.457*2.33] mid_occ = 1225
[M::mm_idx_stat] kmer size: 15; skip: 10; is_hpc: 0; #seq: 204
[M::mm_idx_stat::0.458*2.33] distinct minimizers: 11099 (0.52% are singletons); average occurrences: 202.367; average spacing: 5.353; total length: 12022511
[M::main] Version: 2.24-r1122
[M::main] CMD: minimap2 -t 12 -x map-ont -E 8,4 -p 0.1 -N 100000 -a /project/home/pouria/opt/src/SpecImmune/scripts/../db//CYP/CYP2C9/CYP2C9.fasta /project/home/pouria/opt/src/SpecImmune/runs/ont_chr22/20230728_PAQ47560_NA11832/20230728_PAQ47560_NA11832/Reads//CYP2C9.long_read.sub.fq
[M::main] Real time: 0.467 sec; CPU: 1.074 sec; Peak RSS: 0.090 GB
[M::mm_idx_gen::0.442*1.01] collected minimizers
[M::mm_idx_gen::0.521*2.56] sorted minimizers
[M::main::0.521*2.56] loaded/built the index for 122 target sequence(s)
[M::mm_mapopt_update::0.522*2.55] mid_occ = 855
[M::mm_idx_stat] kmer size: 15; skip: 10; is_hpc: 0; #seq: 122
[M::mm_idx_stat::0.523*2.55] distinct minimizers: 21086 (0.10% are singletons); average occurrences: 125.608; average spacing: 5.325; total length: 14103566
[M::main] Version: 2.24-r1122
[M::main] CMD: minimap2 -t 12 -x map-ont -E 8,4 -p 0.1 -N 100000 -a /project/home/pouria/opt/src/SpecImmune/scripts/../db//CYP/SLCO1B1/SLCO1B1.fasta /project/home/pouria/opt/src/SpecImmune/runs/ont_chr22/20230728_PAQ47560_NA11832/20230728_PAQ47560_NA11832/Reads//SLCO1B1.long_read.sub.fq
[M::main] Real time: 0.527 sec; CPU: 1.338 sec; Peak RSS: 0.100 GB
[M::mm_idx_gen::0.070*1.05] collected minimizers
[M::mm_idx_gen::0.086*2.85] sorted minimizers
[M::main::0.086*2.85] loaded/built the index for 156 target sequence(s)
[M::mm_mapopt_update::0.087*2.84] mid_occ = 313
[M::mm_idx_stat] kmer size: 15; skip: 10; is_hpc: 0; #seq: 156
[M::mm_idx_stat::0.088*2.82] distinct minimizers: 3476 (2.22% are singletons); average occurrences: 146.167; average spacing: 5.210; total length: 2647164
[M::main] Version: 2.24-r1122
[M::main] CMD: minimap2 -t 12 -x map-ont -E 8,4 -p 0.1 -N 100000 -a /project/home/pouria/opt/src/SpecImmune/scripts/../db//CYP/NAT2/NAT2.fasta /project/home/pouria/opt/src/SpecImmune/runs/ont_chr22/20230728_PAQ47560_NA11832/20230728_PAQ47560_NA11832/Reads//NAT2.long_read.sub.fq
[M::main] Real time: 0.090 sec; CPU: 0.250 sec; Peak RSS: 0.024 GB
[M::mm_idx_gen::0.067*1.06] collected minimizers
[M::mm_idx_gen::0.089*3.46] sorted minimizers
[M::main::0.089*3.46] loaded/built the index for 66 target sequence(s)
[M::mm_mapopt_update::0.090*3.44] mid_occ = 925
[M::mm_idx_stat] kmer size: 15; skip: 10; is_hpc: 0; #seq: 66
[M::mm_idx_stat::0.091*3.42] distinct minimizers: 5004 (0.56% are singletons); average occurrences: 67.959; average spacing: 5.250; total length: 1785366
[M::main] Version: 2.24-r1122
[M::main] CMD: minimap2 -t 12 -x map-ont -E 8,4 -p 0.1 -N 100000 -a /project/home/pouria/opt/src/SpecImmune/scripts/../db//CYP/CYP4F2/CYP4F2.fasta /project/home/pouria/opt/src/SpecImmune/runs/ont_chr22/20230728_PAQ47560_NA11832/20230728_PAQ47560_NA11832/Reads//CYP4F2.long_read.sub.fq
[M::main] Real time: 0.093 sec; CPU: 0.312 sec; Peak RSS: 0.019 GB
[M::mm_idx_gen::0.091*1.04] collected minimizers
[M::mm_idx_gen::0.107*2.16] sorted minimizers
[M::main::0.107*2.16] loaded/built the index for 37 target sequence(s)
[M::mm_mapopt_update::0.107*2.15] mid_occ = 630
[M::mm_idx_stat] kmer size: 15; skip: 10; is_hpc: 0; #seq: 37
[M::mm_idx_stat::0.108*2.15] distinct minimizers: 7283 (0.96% are singletons); average occurrences: 37.011; average spacing: 5.327; total length: 1435788
[M::main] Version: 2.24-r1122
[M::main] CMD: minimap2 -t 12 -x map-ont -E 8,4 -p 0.1 -N 100000 -a /project/home/pouria/opt/src/SpecImmune/scripts/../db//CYP/CYP3A5/CYP3A5.fasta /project/home/pouria/opt/src/SpecImmune/runs/ont_chr22/20230728_PAQ47560_NA11832/20230728_PAQ47560_NA11832/Reads//CYP3A5.long_read.sub.fq
[M::main] Real time: 0.109 sec; CPU: 0.233 sec; Peak RSS: 0.019 GB
[M::mm_idx_gen::50.749*1.71] collected minimizers
[M::mm_idx_gen::57.679*2.67] sorted minimizers
[M::main::57.679*2.67] loaded/built the index for 25 target sequence(s)
[M::mm_mapopt_update::60.736*2.59] mid_occ = 702
[M::mm_idx_stat] kmer size: 15; skip: 10; is_hpc: 0; #seq: 25
[M::mm_idx_stat::61.841*2.56] distinct minimizers: 100128857 (38.82% are singletons); average occurrences: 5.521; average spacing: 5.586; total length: 3088286401
[M::worker_pipeline::77.427*3.71] mapped 11310 sequences
[M::main] Version: 2.24-r1122
[M::main] CMD: minimap2 -R @RG\tID:20230728_PAQ47560_NA11832\tSM:20230728_PAQ47560_NA11832 -t 12 -a /project/shared/inumanag-aldy-ont/GRCh38_no_alts.fa /project/home/pouria/opt/src/SpecImmune/runs/ont_chr22/20230728_PAQ47560_NA11832/20230728_PAQ47560_NA11832.fastq.gz
[M::main] Real time: 77.665 sec; CPU: 287.815 sec; Peak RSS: 11.343 GB
