[M::bam2fq_mainloop] discarded 0 singletons
[M::bam2fq_mainloop] processed 10346 reads
[M::mm_idx_gen::0.256*1.02] collected minimizers
[M::mm_idx_gen::0.282*1.87] sorted minimizers
[M::main::0.282*1.87] loaded/built the index for 553 target sequence(s)
[M::mm_mapopt_update::0.283*1.87] mid_occ = 2213
[M::mm_idx_stat] kmer size: 15; skip: 10; is_hpc: 0; #seq: 553
[M::mm_idx_stat::0.283*1.87] distinct minimizers: 3211 (13.77% are singletons); average occurrences: 357.246; average spacing: 5.453; total length: 6255536
[M::main] Version: 2.24-r1122
[M::main] CMD: minimap2 -t 12 -x map-ont -E 8,4 -p 0.1 -N 100000 -a /project/home/pouria/opt/src/SpecImmune/scripts/../db//CYP/CYP2D6/CYP2D6.fasta /project/home/pouria/opt/src/SpecImmune/runs/ont_chr22/20230728_PAQ46357_NA19207/20230728_PAQ46357_NA19207/Reads//CYP2D6.long_read.sub.fq
[M::main] Real time: 0.289 sec; CPU: 0.535 sec; Peak RSS: 0.053 GB
[M::mm_idx_gen::0.037*1.12] collected minimizers
[M::mm_idx_gen::0.043*2.11] sorted minimizers
[M::main::0.043*2.10] loaded/built the index for 31 target sequence(s)
[M::mm_mapopt_update::0.044*2.09] mid_occ = 838
[M::mm_idx_stat] kmer size: 15; skip: 10; is_hpc: 0; #seq: 31
[M::mm_idx_stat::0.044*2.08] distinct minimizers: 2845 (1.51% are singletons); average occurrences: 30.637; average spacing: 5.240; total length: 456698
[M::main] Version: 2.24-r1122
[M::main] CMD: minimap2 -t 12 -x map-ont -E 8,4 -p 0.1 -N 100000 -a /project/home/pouria/opt/src/SpecImmune/scripts/../db//CYP/CYP2A13/CYP2A13.fasta /project/home/pouria/opt/src/SpecImmune/runs/ont_chr22/20230728_PAQ46357_NA19207/20230728_PAQ46357_NA19207/Reads//CYP2A13.long_read.sub.fq
[M::main] Real time: 0.046 sec; CPU: 0.094 sec; Peak RSS: 0.007 GB
[M::mm_idx_gen::0.112*1.04] collected minimizers
[M::mm_idx_gen::0.127*2.03] sorted minimizers
[M::main::0.127*2.03] loaded/built the index for 56 target sequence(s)
[M::mm_mapopt_update::0.129*2.02] mid_occ = 785
[M::mm_idx_stat] kmer size: 15; skip: 10; is_hpc: 0; #seq: 56
[M::mm_idx_stat::0.129*2.01] distinct minimizers: 7510 (0.36% are singletons); average occurrences: 55.735; average spacing: 5.315; total length: 2224652
[M::main] Version: 2.24-r1122
[M::main] CMD: minimap2 -t 12 -x map-ont -E 8,4 -p 0.1 -N 100000 -a /project/home/pouria/opt/src/SpecImmune/scripts/../db//CYP/CYP2C8/CYP2C8.fasta /project/home/pouria/opt/src/SpecImmune/runs/ont_chr22/20230728_PAQ46357_NA19207/20230728_PAQ46357_NA19207/Reads//CYP2C8.long_read.sub.fq
[M::main] Real time: 0.132 sec; CPU: 0.263 sec; Peak RSS: 0.019 GB
[M::mm_idx_gen::0.390*1.01] collected minimizers
[M::mm_idx_gen::0.463*2.64] sorted minimizers
[M::main::0.463*2.64] loaded/built the index for 120 target sequence(s)
[M::mm_mapopt_update::0.465*2.63] mid_occ = 721
[M::mm_idx_stat] kmer size: 15; skip: 10; is_hpc: 0; #seq: 120
[M::mm_idx_stat::0.467*2.63] distinct minimizers: 17310 (0.78% are singletons); average occurrences: 131.008; average spacing: 5.285; total length: 11984512
[M::main] Version: 2.24-r1122
[M::main] CMD: minimap2 -t 12 -x map-ont -E 8,4 -p 0.1 -N 100000 -a /project/home/pouria/opt/src/SpecImmune/scripts/../db//CYP/CYP2C19/CYP2C19.fasta /project/home/pouria/opt/src/SpecImmune/runs/ont_chr22/20230728_PAQ46357_NA19207/20230728_PAQ46357_NA19207/Reads//CYP2C19.long_read.sub.fq
[M::main] Real time: 0.476 sec; CPU: 1.235 sec; Peak RSS: 0.087 GB
[M::mm_idx_gen::0.220*1.01] collected minimizers
[M::mm_idx_gen::0.254*2.37] sorted minimizers
[M::main::0.254*2.37] loaded/built the index for 158 target sequence(s)
[M::mm_mapopt_update::0.255*2.36] mid_occ = 1581
[M::mm_idx_stat] kmer size: 15; skip: 10; is_hpc: 0; #seq: 158
[M::mm_idx_stat::0.255*2.36] distinct minimizers: 6595 (1.24% are singletons); average occurrences: 155.282; average spacing: 5.261; total length: 5387484
[M::main] Version: 2.24-r1122
[M::main] CMD: minimap2 -t 12 -x map-ont -E 8,4 -p 0.1 -N 100000 -a /project/home/pouria/opt/src/SpecImmune/scripts/../db//CYP/CYP2B6/CYP2B6.fasta /project/home/pouria/opt/src/SpecImmune/runs/ont_chr22/20230728_PAQ46357_NA19207/20230728_PAQ46357_NA19207/Reads//CYP2B6.long_read.sub.fq
[M::main] Real time: 0.258 sec; CPU: 0.606 sec; Peak RSS: 0.046 GB
[M::mm_idx_gen::0.093*1.04] collected minimizers
[M::mm_idx_gen::0.109*2.44] sorted minimizers
[M::main::0.109*2.44] loaded/built the index for 125 target sequence(s)
[M::mm_mapopt_update::0.109*2.43] mid_occ = 1251
[M::mm_idx_stat] kmer size: 15; skip: 10; is_hpc: 0; #seq: 125
[M::mm_idx_stat::0.110*2.42] distinct minimizers: 2883 (3.12% are singletons); average occurrences: 120.729; average spacing: 5.302; total length: 1845372
[M::main] Version: 2.24-r1122
[M::main] CMD: minimap2 -t 12 -x map-ont -E 8,4 -p 0.1 -N 100000 -a /project/home/pouria/opt/src/SpecImmune/scripts/../db//CYP/CYP1A2/CYP1A2.fasta /project/home/pouria/opt/src/SpecImmune/runs/ont_chr22/20230728_PAQ46357_NA19207/20230728_PAQ46357_NA19207/Reads//CYP1A2.long_read.sub.fq
[M::main] Real time: 0.112 sec; CPU: 0.268 sec; Peak RSS: 0.015 GB
[M::mm_idx_gen::0.077*1.06] collected minimizers
[M::mm_idx_gen::0.087*1.93] sorted minimizers
[M::main::0.087*1.93] loaded/built the index for 52 target sequence(s)
[M::mm_mapopt_update::0.088*1.92] mid_occ = 573
[M::mm_idx_stat] kmer size: 15; skip: 10; is_hpc: 0; #seq: 52
[M::mm_idx_stat::0.088*1.91] distinct minimizers: 4151 (0.63% are singletons); average occurrences: 52.199; average spacing: 5.322; total length: 1153172
[M::main] Version: 2.24-r1122
[M::main] CMD: minimap2 -t 12 -x map-ont -E 8,4 -p 0.1 -N 100000 -a /project/home/pouria/opt/src/SpecImmune/scripts/../db//CYP/NUDT15/NUDT15.fasta /project/home/pouria/opt/src/SpecImmune/runs/ont_chr22/20230728_PAQ46357_NA19207/20230728_PAQ46357_NA19207/Reads//NUDT15.long_read.sub.fq
[M::main] Real time: 0.091 sec; CPU: 0.171 sec; Peak RSS: 0.011 GB
[M::mm_idx_gen::0.176*1.02] collected minimizers
[M::mm_idx_gen::0.209*2.62] sorted minimizers
[M::main::0.209*2.62] loaded/built the index for 106 target sequence(s)
[M::mm_mapopt_update::0.210*2.61] mid_occ = 319
[M::mm_idx_stat] kmer size: 15; skip: 10; is_hpc: 0; #seq: 106
[M::mm_idx_stat::0.211*2.61] distinct minimizers: 6552 (0.60% are singletons); average occurrences: 103.899; average spacing: 5.326; total length: 3625734
[M::main] Version: 2.24-r1122
[M::main] CMD: minimap2 -t 12 -x map-ont -E 8,4 -p 0.1 -N 100000 -a /project/home/pouria/opt/src/SpecImmune/scripts/../db//CYP/CYP3A4/CYP3A4.fasta /project/home/pouria/opt/src/SpecImmune/runs/ont_chr22/20230728_PAQ46357_NA19207/20230728_PAQ46357_NA19207/Reads//CYP3A4.long_read.sub.fq
[M::main] Real time: 0.214 sec; CPU: 0.552 sec; Peak RSS: 0.027 GB
[M::mm_idx_gen::0.104*1.03] collected minimizers
[M::mm_idx_gen::0.120*2.37] sorted minimizers
[M::main::0.120*2.37] loaded/built the index for 128 target sequence(s)
[M::mm_mapopt_update::0.121*2.36] mid_occ = 4093
[M::mm_idx_stat] kmer size: 15; skip: 10; is_hpc: 0; #seq: 128
[M::mm_idx_stat::0.121*2.36] distinct minimizers: 3051 (4.65% are singletons); average occurrences: 110.183; average spacing: 5.296; total length: 1780337
[M::main] Version: 2.24-r1122
[M::main] CMD: minimap2 -t 12 -x map-ont -E 8,4 -p 0.1 -N 100000 -a /project/home/pouria/opt/src/SpecImmune/scripts/../db//CYP/CYP2A6/CYP2A6.fasta /project/home/pouria/opt/src/SpecImmune/runs/ont_chr22/20230728_PAQ46357_NA19207/20230728_PAQ46357_NA19207/Reads//CYP2A6.long_read.sub.fq
[M::main] Real time: 0.123 sec; CPU: 0.287 sec; Peak RSS: 0.014 GB
[M::mm_idx_gen::0.390*1.01] collected minimizers
[M::mm_idx_gen::0.456*2.43] sorted minimizers
[M::main::0.456*2.43] loaded/built the index for 204 target sequence(s)
[M::mm_mapopt_update::0.457*2.43] mid_occ = 1225
[M::mm_idx_stat] kmer size: 15; skip: 10; is_hpc: 0; #seq: 204
[M::mm_idx_stat::0.459*2.42] distinct minimizers: 11099 (0.52% are singletons); average occurrences: 202.367; average spacing: 5.353; total length: 12022511
[M::main] Version: 2.24-r1122
[M::main] CMD: minimap2 -t 12 -x map-ont -E 8,4 -p 0.1 -N 100000 -a /project/home/pouria/opt/src/SpecImmune/scripts/../db//CYP/CYP2C9/CYP2C9.fasta /project/home/pouria/opt/src/SpecImmune/runs/ont_chr22/20230728_PAQ46357_NA19207/20230728_PAQ46357_NA19207/Reads//CYP2C9.long_read.sub.fq
[M::main] Real time: 0.469 sec; CPU: 1.122 sec; Peak RSS: 0.090 GB
[M::mm_idx_gen::0.458*1.01] collected minimizers
[M::mm_idx_gen::0.542*2.59] sorted minimizers
[M::main::0.542*2.59] loaded/built the index for 122 target sequence(s)
[M::mm_mapopt_update::0.545*2.58] mid_occ = 855
[M::mm_idx_stat] kmer size: 15; skip: 10; is_hpc: 0; #seq: 122
[M::mm_idx_stat::0.546*2.57] distinct minimizers: 21086 (0.10% are singletons); average occurrences: 125.608; average spacing: 5.325; total length: 14103566
[M::main] Version: 2.24-r1122
[M::main] CMD: minimap2 -t 12 -x map-ont -E 8,4 -p 0.1 -N 100000 -a /project/home/pouria/opt/src/SpecImmune/scripts/../db//CYP/SLCO1B1/SLCO1B1.fasta /project/home/pouria/opt/src/SpecImmune/runs/ont_chr22/20230728_PAQ46357_NA19207/20230728_PAQ46357_NA19207/Reads//SLCO1B1.long_read.sub.fq
[M::main] Real time: 0.558 sec; CPU: 1.417 sec; Peak RSS: 0.099 GB
[M::mm_idx_gen::0.133*1.02] collected minimizers
[M::mm_idx_gen::0.152*2.22] sorted minimizers
[M::main::0.152*2.22] loaded/built the index for 156 target sequence(s)
[M::mm_mapopt_update::0.153*2.22] mid_occ = 313
[M::mm_idx_stat] kmer size: 15; skip: 10; is_hpc: 0; #seq: 156
[M::mm_idx_stat::0.153*2.22] distinct minimizers: 3476 (2.22% are singletons); average occurrences: 146.167; average spacing: 5.210; total length: 2647164
[M::main] Version: 2.24-r1122
[M::main] CMD: minimap2 -t 12 -x map-ont -E 8,4 -p 0.1 -N 100000 -a /project/home/pouria/opt/src/SpecImmune/scripts/../db//CYP/NAT2/NAT2.fasta /project/home/pouria/opt/src/SpecImmune/runs/ont_chr22/20230728_PAQ46357_NA19207/20230728_PAQ46357_NA19207/Reads//NAT2.long_read.sub.fq
[M::main] Real time: 0.155 sec; CPU: 0.341 sec; Peak RSS: 0.024 GB
[M::mm_idx_gen::0.058*1.07] collected minimizers
[M::mm_idx_gen::0.082*4.01] sorted minimizers
[M::main::0.082*4.01] loaded/built the index for 66 target sequence(s)
[M::mm_mapopt_update::0.082*3.99] mid_occ = 925
[M::mm_idx_stat] kmer size: 15; skip: 10; is_hpc: 0; #seq: 66
[M::mm_idx_stat::0.083*3.97] distinct minimizers: 5004 (0.56% are singletons); average occurrences: 67.959; average spacing: 5.250; total length: 1785366
[M::main] Version: 2.24-r1122
[M::main] CMD: minimap2 -t 12 -x map-ont -E 8,4 -p 0.1 -N 100000 -a /project/home/pouria/opt/src/SpecImmune/scripts/../db//CYP/CYP4F2/CYP4F2.fasta /project/home/pouria/opt/src/SpecImmune/runs/ont_chr22/20230728_PAQ46357_NA19207/20230728_PAQ46357_NA19207/Reads//CYP4F2.long_read.sub.fq
[M::main] Real time: 0.085 sec; CPU: 0.331 sec; Peak RSS: 0.020 GB
[M::mm_idx_gen::0.075*1.03] collected minimizers
[M::mm_idx_gen::0.088*2.23] sorted minimizers
[M::main::0.088*2.23] loaded/built the index for 37 target sequence(s)
[M::mm_mapopt_update::0.088*2.22] mid_occ = 630
[M::mm_idx_stat] kmer size: 15; skip: 10; is_hpc: 0; #seq: 37
[M::mm_idx_stat::0.089*2.21] distinct minimizers: 7283 (0.96% are singletons); average occurrences: 37.011; average spacing: 5.327; total length: 1435788
[M::main] Version: 2.24-r1122
[M::main] CMD: minimap2 -t 12 -x map-ont -E 8,4 -p 0.1 -N 100000 -a /project/home/pouria/opt/src/SpecImmune/scripts/../db//CYP/CYP3A5/CYP3A5.fasta /project/home/pouria/opt/src/SpecImmune/runs/ont_chr22/20230728_PAQ46357_NA19207/20230728_PAQ46357_NA19207/Reads//CYP3A5.long_read.sub.fq
[M::main] Real time: 0.091 sec; CPU: 0.198 sec; Peak RSS: 0.015 GB
[M::mm_idx_gen::50.530*1.71] collected minimizers
[M::mm_idx_gen::56.712*2.58] sorted minimizers
[M::main::56.712*2.58] loaded/built the index for 25 target sequence(s)
[M::mm_mapopt_update::59.532*2.51] mid_occ = 702
[M::mm_idx_stat] kmer size: 15; skip: 10; is_hpc: 0; #seq: 25
[M::mm_idx_stat::61.024*2.47] distinct minimizers: 100128857 (38.82% are singletons); average occurrences: 5.521; average spacing: 5.586; total length: 3088286401
[M::worker_pipeline::73.697*3.43] mapped 10346 sequences
[M::main] Version: 2.24-r1122
[M::main] CMD: minimap2 -R @RG\tID:20230728_PAQ46357_NA19207\tSM:20230728_PAQ46357_NA19207 -t 12 -a /project/shared/inumanag-aldy-ont/GRCh38_no_alts.fa /project/home/pouria/opt/src/SpecImmune/runs/ont_chr22/20230728_PAQ46357_NA19207/20230728_PAQ46357_NA19207.fastq.gz
[M::main] Real time: 73.940 sec; CPU: 253.231 sec; Peak RSS: 11.342 GB
