[M::bam2fq_mainloop] discarded 0 singletons
[M::bam2fq_mainloop] processed 7219 reads
[M::mm_idx_gen::0.151*1.03] collected minimizers
[M::mm_idx_gen::0.176*2.34] sorted minimizers
[M::main::0.176*2.34] loaded/built the index for 553 target sequence(s)
[M::mm_mapopt_update::0.177*2.33] mid_occ = 2213
[M::mm_idx_stat] kmer size: 15; skip: 10; is_hpc: 0; #seq: 553
[M::mm_idx_stat::0.177*2.33] distinct minimizers: 3211 (13.77% are singletons); average occurrences: 357.246; average spacing: 5.453; total length: 6255536
[M::main] Version: 2.24-r1122
[M::main] CMD: minimap2 -t 12 -x map-ont -E 8,4 -p 0.1 -N 100000 -a /project/home/pouria/opt/src/SpecImmune/scripts/../db//CYP/CYP2D6/CYP2D6.fasta /project/home/pouria/opt/src/SpecImmune/runs/ont_chr22/20230822_PAS24288_NA18540/20230822_PAS24288_NA18540/Reads//CYP2D6.long_read.sub.fq
[M::main] Real time: 0.181 sec; CPU: 0.417 sec; Peak RSS: 0.052 GB
[M::mm_idx_gen::0.034*1.13] collected minimizers
[M::mm_idx_gen::0.041*2.20] sorted minimizers
[M::main::0.041*2.20] loaded/built the index for 31 target sequence(s)
[M::mm_mapopt_update::0.041*2.18] mid_occ = 838
[M::mm_idx_stat] kmer size: 15; skip: 10; is_hpc: 0; #seq: 31
[M::mm_idx_stat::0.042*2.17] distinct minimizers: 2845 (1.51% are singletons); average occurrences: 30.637; average spacing: 5.240; total length: 456698
[M::main] Version: 2.24-r1122
[M::main] CMD: minimap2 -t 12 -x map-ont -E 8,4 -p 0.1 -N 100000 -a /project/home/pouria/opt/src/SpecImmune/scripts/../db//CYP/CYP2A13/CYP2A13.fasta /project/home/pouria/opt/src/SpecImmune/runs/ont_chr22/20230822_PAS24288_NA18540/20230822_PAS24288_NA18540/Reads//CYP2A13.long_read.sub.fq
[M::main] Real time: 0.044 sec; CPU: 0.093 sec; Peak RSS: 0.008 GB
[M::mm_idx_gen::0.122*1.03] collected minimizers
[M::mm_idx_gen::0.137*1.94] sorted minimizers
[M::main::0.137*1.94] loaded/built the index for 56 target sequence(s)
[M::mm_mapopt_update::0.138*1.93] mid_occ = 785
[M::mm_idx_stat] kmer size: 15; skip: 10; is_hpc: 0; #seq: 56
[M::mm_idx_stat::0.139*1.93] distinct minimizers: 7510 (0.36% are singletons); average occurrences: 55.735; average spacing: 5.315; total length: 2224652
[M::main] Version: 2.24-r1122
[M::main] CMD: minimap2 -t 12 -x map-ont -E 8,4 -p 0.1 -N 100000 -a /project/home/pouria/opt/src/SpecImmune/scripts/../db//CYP/CYP2C8/CYP2C8.fasta /project/home/pouria/opt/src/SpecImmune/runs/ont_chr22/20230822_PAS24288_NA18540/20230822_PAS24288_NA18540/Reads//CYP2C8.long_read.sub.fq
[M::main] Real time: 0.142 sec; CPU: 0.271 sec; Peak RSS: 0.018 GB
[M::mm_idx_gen::0.403*1.01] collected minimizers
[M::mm_idx_gen::0.485*2.75] sorted minimizers
[M::main::0.486*2.75] loaded/built the index for 120 target sequence(s)
[M::mm_mapopt_update::0.488*2.74] mid_occ = 721
[M::mm_idx_stat] kmer size: 15; skip: 10; is_hpc: 0; #seq: 120
[M::mm_idx_stat::0.490*2.74] distinct minimizers: 17310 (0.78% are singletons); average occurrences: 131.008; average spacing: 5.285; total length: 11984512
[M::main] Version: 2.24-r1122
[M::main] CMD: minimap2 -t 12 -x map-ont -E 8,4 -p 0.1 -N 100000 -a /project/home/pouria/opt/src/SpecImmune/scripts/../db//CYP/CYP2C19/CYP2C19.fasta /project/home/pouria/opt/src/SpecImmune/runs/ont_chr22/20230822_PAS24288_NA18540/20230822_PAS24288_NA18540/Reads//CYP2C19.long_read.sub.fq
[M::main] Real time: 0.500 sec; CPU: 1.351 sec; Peak RSS: 0.087 GB
[M::mm_idx_gen::0.235*1.02] collected minimizers
[M::mm_idx_gen::0.271*2.36] sorted minimizers
[M::main::0.271*2.36] loaded/built the index for 158 target sequence(s)
[M::mm_mapopt_update::0.272*2.35] mid_occ = 1581
[M::mm_idx_stat] kmer size: 15; skip: 10; is_hpc: 0; #seq: 158
[M::mm_idx_stat::0.273*2.35] distinct minimizers: 6595 (1.24% are singletons); average occurrences: 155.282; average spacing: 5.261; total length: 5387484
[M::main] Version: 2.24-r1122
[M::main] CMD: minimap2 -t 12 -x map-ont -E 8,4 -p 0.1 -N 100000 -a /project/home/pouria/opt/src/SpecImmune/scripts/../db//CYP/CYP2B6/CYP2B6.fasta /project/home/pouria/opt/src/SpecImmune/runs/ont_chr22/20230822_PAS24288_NA18540/20230822_PAS24288_NA18540/Reads//CYP2B6.long_read.sub.fq
[M::main] Real time: 0.277 sec; CPU: 0.645 sec; Peak RSS: 0.046 GB
[M::mm_idx_gen::0.101*1.04] collected minimizers
[M::mm_idx_gen::0.119*2.46] sorted minimizers
[M::main::0.119*2.46] loaded/built the index for 125 target sequence(s)
[M::mm_mapopt_update::0.119*2.46] mid_occ = 1251
[M::mm_idx_stat] kmer size: 15; skip: 10; is_hpc: 0; #seq: 125
[M::mm_idx_stat::0.120*2.45] distinct minimizers: 2883 (3.12% are singletons); average occurrences: 120.729; average spacing: 5.302; total length: 1845372
[M::main] Version: 2.24-r1122
[M::main] CMD: minimap2 -t 12 -x map-ont -E 8,4 -p 0.1 -N 100000 -a /project/home/pouria/opt/src/SpecImmune/scripts/../db//CYP/CYP1A2/CYP1A2.fasta /project/home/pouria/opt/src/SpecImmune/runs/ont_chr22/20230822_PAS24288_NA18540/20230822_PAS24288_NA18540/Reads//CYP1A2.long_read.sub.fq
[M::main] Real time: 0.121 sec; CPU: 0.295 sec; Peak RSS: 0.015 GB
[M::mm_idx_gen::0.074*1.06] collected minimizers
[M::mm_idx_gen::0.084*1.92] sorted minimizers
[M::main::0.084*1.92] loaded/built the index for 52 target sequence(s)
[M::mm_mapopt_update::0.085*1.91] mid_occ = 573
[M::mm_idx_stat] kmer size: 15; skip: 10; is_hpc: 0; #seq: 52
[M::mm_idx_stat::0.085*1.90] distinct minimizers: 4151 (0.63% are singletons); average occurrences: 52.199; average spacing: 5.322; total length: 1153172
[M::main] Version: 2.24-r1122
[M::main] CMD: minimap2 -t 12 -x map-ont -E 8,4 -p 0.1 -N 100000 -a /project/home/pouria/opt/src/SpecImmune/scripts/../db//CYP/NUDT15/NUDT15.fasta /project/home/pouria/opt/src/SpecImmune/runs/ont_chr22/20230822_PAS24288_NA18540/20230822_PAS24288_NA18540/Reads//NUDT15.long_read.sub.fq
[M::main] Real time: 0.088 sec; CPU: 0.164 sec; Peak RSS: 0.011 GB
[M::mm_idx_gen::0.162*1.03] collected minimizers
[M::mm_idx_gen::0.200*2.97] sorted minimizers
[M::main::0.200*2.97] loaded/built the index for 106 target sequence(s)
[M::mm_mapopt_update::0.201*2.96] mid_occ = 319
[M::mm_idx_stat] kmer size: 15; skip: 10; is_hpc: 0; #seq: 106
[M::mm_idx_stat::0.202*2.95] distinct minimizers: 6552 (0.60% are singletons); average occurrences: 103.899; average spacing: 5.326; total length: 3625734
[M::main] Version: 2.24-r1122
[M::main] CMD: minimap2 -t 12 -x map-ont -E 8,4 -p 0.1 -N 100000 -a /project/home/pouria/opt/src/SpecImmune/scripts/../db//CYP/CYP3A4/CYP3A4.fasta /project/home/pouria/opt/src/SpecImmune/runs/ont_chr22/20230822_PAS24288_NA18540/20230822_PAS24288_NA18540/Reads//CYP3A4.long_read.sub.fq
[M::main] Real time: 0.206 sec; CPU: 0.600 sec; Peak RSS: 0.028 GB
[M::mm_idx_gen::0.098*1.05] collected minimizers
[M::mm_idx_gen::0.115*2.53] sorted minimizers
[M::main::0.115*2.53] loaded/built the index for 128 target sequence(s)
[M::mm_mapopt_update::0.116*2.52] mid_occ = 4093
[M::mm_idx_stat] kmer size: 15; skip: 10; is_hpc: 0; #seq: 128
[M::mm_idx_stat::0.116*2.52] distinct minimizers: 3051 (4.65% are singletons); average occurrences: 110.183; average spacing: 5.296; total length: 1780337
[M::main] Version: 2.24-r1122
[M::main] CMD: minimap2 -t 12 -x map-ont -E 8,4 -p 0.1 -N 100000 -a /project/home/pouria/opt/src/SpecImmune/scripts/../db//CYP/CYP2A6/CYP2A6.fasta /project/home/pouria/opt/src/SpecImmune/runs/ont_chr22/20230822_PAS24288_NA18540/20230822_PAS24288_NA18540/Reads//CYP2A6.long_read.sub.fq
[M::main] Real time: 0.118 sec; CPU: 0.295 sec; Peak RSS: 0.015 GB
[M::mm_idx_gen::0.393*1.01] collected minimizers
[M::mm_idx_gen::0.454*2.38] sorted minimizers
[M::main::0.454*2.38] loaded/built the index for 204 target sequence(s)
[M::mm_mapopt_update::0.456*2.37] mid_occ = 1225
[M::mm_idx_stat] kmer size: 15; skip: 10; is_hpc: 0; #seq: 204
[M::mm_idx_stat::0.457*2.37] distinct minimizers: 11099 (0.52% are singletons); average occurrences: 202.367; average spacing: 5.353; total length: 12022511
[M::main] Version: 2.24-r1122
[M::main] CMD: minimap2 -t 12 -x map-ont -E 8,4 -p 0.1 -N 100000 -a /project/home/pouria/opt/src/SpecImmune/scripts/../db//CYP/CYP2C9/CYP2C9.fasta /project/home/pouria/opt/src/SpecImmune/runs/ont_chr22/20230822_PAS24288_NA18540/20230822_PAS24288_NA18540/Reads//CYP2C9.long_read.sub.fq
[M::main] Real time: 0.468 sec; CPU: 1.095 sec; Peak RSS: 0.090 GB
[M::mm_idx_gen::0.351*1.01] collected minimizers
[M::mm_idx_gen::0.434*3.01] sorted minimizers
[M::main::0.434*3.01] loaded/built the index for 122 target sequence(s)
[M::mm_mapopt_update::0.437*3.00] mid_occ = 855
[M::mm_idx_stat] kmer size: 15; skip: 10; is_hpc: 0; #seq: 122
[M::mm_idx_stat::0.439*2.99] distinct minimizers: 21086 (0.10% are singletons); average occurrences: 125.608; average spacing: 5.325; total length: 14103566
[M::main] Version: 2.24-r1122
[M::main] CMD: minimap2 -t 12 -x map-ont -E 8,4 -p 0.1 -N 100000 -a /project/home/pouria/opt/src/SpecImmune/scripts/../db//CYP/SLCO1B1/SLCO1B1.fasta /project/home/pouria/opt/src/SpecImmune/runs/ont_chr22/20230822_PAS24288_NA18540/20230822_PAS24288_NA18540/Reads//SLCO1B1.long_read.sub.fq
[M::main] Real time: 0.448 sec; CPU: 1.322 sec; Peak RSS: 0.099 GB
[M::mm_idx_gen::0.138*1.03] collected minimizers
[M::mm_idx_gen::0.158*2.35] sorted minimizers
[M::main::0.158*2.35] loaded/built the index for 156 target sequence(s)
[M::mm_mapopt_update::0.159*2.34] mid_occ = 313
[M::mm_idx_stat] kmer size: 15; skip: 10; is_hpc: 0; #seq: 156
[M::mm_idx_stat::0.159*2.34] distinct minimizers: 3476 (2.22% are singletons); average occurrences: 146.167; average spacing: 5.210; total length: 2647164
[M::main] Version: 2.24-r1122
[M::main] CMD: minimap2 -t 12 -x map-ont -E 8,4 -p 0.1 -N 100000 -a /project/home/pouria/opt/src/SpecImmune/scripts/../db//CYP/NAT2/NAT2.fasta /project/home/pouria/opt/src/SpecImmune/runs/ont_chr22/20230822_PAS24288_NA18540/20230822_PAS24288_NA18540/Reads//NAT2.long_read.sub.fq
[M::main] Real time: 0.162 sec; CPU: 0.375 sec; Peak RSS: 0.024 GB
[M::mm_idx_gen::0.111*1.04] collected minimizers
[M::mm_idx_gen::0.135*2.89] sorted minimizers
[M::main::0.135*2.88] loaded/built the index for 66 target sequence(s)
[M::mm_mapopt_update::0.136*2.87] mid_occ = 925
[M::mm_idx_stat] kmer size: 15; skip: 10; is_hpc: 0; #seq: 66
[M::mm_idx_stat::0.137*2.86] distinct minimizers: 5004 (0.56% are singletons); average occurrences: 67.959; average spacing: 5.250; total length: 1785366
[M::main] Version: 2.24-r1122
[M::main] CMD: minimap2 -t 12 -x map-ont -E 8,4 -p 0.1 -N 100000 -a /project/home/pouria/opt/src/SpecImmune/scripts/../db//CYP/CYP4F2/CYP4F2.fasta /project/home/pouria/opt/src/SpecImmune/runs/ont_chr22/20230822_PAS24288_NA18540/20230822_PAS24288_NA18540/Reads//CYP4F2.long_read.sub.fq
[M::main] Real time: 0.139 sec; CPU: 0.394 sec; Peak RSS: 0.020 GB
[M::mm_idx_gen::0.081*1.03] collected minimizers
[M::mm_idx_gen::0.096*2.29] sorted minimizers
[M::main::0.096*2.29] loaded/built the index for 37 target sequence(s)
[M::mm_mapopt_update::0.096*2.28] mid_occ = 630
[M::mm_idx_stat] kmer size: 15; skip: 10; is_hpc: 0; #seq: 37
[M::mm_idx_stat::0.097*2.28] distinct minimizers: 7283 (0.96% are singletons); average occurrences: 37.011; average spacing: 5.327; total length: 1435788
[M::main] Version: 2.24-r1122
[M::main] CMD: minimap2 -t 12 -x map-ont -E 8,4 -p 0.1 -N 100000 -a /project/home/pouria/opt/src/SpecImmune/scripts/../db//CYP/CYP3A5/CYP3A5.fasta /project/home/pouria/opt/src/SpecImmune/runs/ont_chr22/20230822_PAS24288_NA18540/20230822_PAS24288_NA18540/Reads//CYP3A5.long_read.sub.fq
[M::main] Real time: 0.098 sec; CPU: 0.222 sec; Peak RSS: 0.017 GB
[M::mm_idx_gen::52.622*1.73] collected minimizers
[M::mm_idx_gen::58.778*2.55] sorted minimizers
[M::main::58.778*2.55] loaded/built the index for 25 target sequence(s)
[M::mm_mapopt_update::61.467*2.48] mid_occ = 702
[M::mm_idx_stat] kmer size: 15; skip: 10; is_hpc: 0; #seq: 25
[M::mm_idx_stat::62.802*2.45] distinct minimizers: 100128857 (38.82% are singletons); average occurrences: 5.521; average spacing: 5.586; total length: 3088286401
[M::worker_pipeline::76.321*3.41] mapped 7219 sequences
[M::main] Version: 2.24-r1122
[M::main] CMD: minimap2 -R @RG\tID:20230822_PAS24288_NA18540\tSM:20230822_PAS24288_NA18540 -t 12 -a /project/shared/inumanag-aldy-ont/GRCh38_no_alts.fa /project/home/pouria/opt/src/SpecImmune/runs/ont_chr22/20230822_PAS24288_NA18540/20230822_PAS24288_NA18540.fastq.gz
[M::main] Real time: 76.537 sec; CPU: 260.593 sec; Peak RSS: 11.343 GB
