2026-05-16 01:22:57.497609: I tensorflow/core/util/port.cc:111] oneDNN custom operations are on. You may see slightly different numerical results due to floating-point round-off errors from different computation orders. To turn them off, set the environment variable `TF_ENABLE_ONEDNN_OPTS=0`.
2026-05-16 01:22:57.536661: E tensorflow/compiler/xla/stream_executor/cuda/cuda_dnn.cc:9342] Unable to register cuDNN factory: Attempting to register factory for plugin cuDNN when one has already been registered
2026-05-16 01:22:57.536775: E tensorflow/compiler/xla/stream_executor/cuda/cuda_fft.cc:609] Unable to register cuFFT factory: Attempting to register factory for plugin cuFFT when one has already been registered
2026-05-16 01:22:57.536911: E tensorflow/compiler/xla/stream_executor/cuda/cuda_blas.cc:1518] Unable to register cuBLAS factory: Attempting to register factory for plugin cuBLAS when one has already been registered
2026-05-16 01:22:57.545228: I tensorflow/core/platform/cpu_feature_guard.cc:182] This TensorFlow binary is optimized to use available CPU instructions in performance-critical operations.
To enable the following instructions: AVX2 AVX512F AVX512_VNNI FMA, in other operations, rebuild TensorFlow with the appropriate compiler flags.
AttributeError: 'MessageFactory' object has no attribute 'GetPrototype'
2026-05-16 01:22:58.746609: W tensorflow/compiler/tf2tensorrt/utils/py_utils.cc:38] TF-TRT Warning: Could not find TensorRT
AttributeError: 'MessageFactory' object has no attribute 'GetPrototype'
[info] total indices 2506
[info] total variants 2506
1.001 was filtered out as 42522612 C>G needs C but not covered
1.002 was filtered out as 42522612 C>G needs C but not covered
1.003 was filtered out as 42522612 C>G needs C but not covered
1.004 was filtered out as 42522612 C>G needs C but not covered
1.005 was filtered out as 42522612 C>G needs C but not covered
1.006 was filtered out as 42522612 C>G needs C but not covered
1.007 was filtered out as 42522612 C>G needs C but not covered
1.008 was filtered out as 42522612 C>G needs C but not covered
1.009 was filtered out as 42522612 C>G needs C but not covered
1.010 was filtered out as 42522612 C>G needs C but not covered
1.011 was filtered out as 42522612 C>G needs C but not covered
1.012 was filtered out as 42522612 C>G needs C but not covered
1.013 was filtered out as 42522612 C>G needs C but not covered
1.014 was filtered out as 42522612 C>G needs C but not covered
1.015 was filtered out as 42522612 C>G needs C but not covered
1.016 was filtered out as 42522612 C>G needs C but not covered
1.017 was filtered out as 42522612 C>G needs C but not covered
1.018 was filtered out as 42522612 C>G needs C but not covered
1.019 was filtered out as 42522612 C>G needs C but not covered
1.020 was filtered out as 42522612 C>G needs C but not covered
1.021 was filtered out as 42522612 C>G needs C but not covered
1.022 was filtered out as 42522612 C>G needs C but not covered
1.023 was filtered out as 42522612 C>G needs C but not covered
1.024 was filtered out as 42522612 C>G needs C but not covered
1.025 was filtered out as 42522612 C>G needs C but not covered
1.026 was filtered out as 42522612 C>G needs C but not covered
1.027 was filtered out as 42522612 C>G needs C but not covered
1.028 was filtered out as 42522612 C>G needs C but not covered
1.029 was filtered out as 42522612 C>G needs C but not covered
1.030 was filtered out as 42522612 C>G needs C but not covered
1.031 was filtered out as 42522612 C>G needs C but not covered
1.032 was filtered out as 42522612 C>G needs C but not covered
1.033 was filtered out as 42522612 C>G needs C but not covered
1.034 was filtered out as 42522612 C>G needs C but not covered
1.035 was filtered out as 42522612 C>G needs C but not covered
1.036 was filtered out as 42522612 C>G needs C but not covered
1.037 was filtered out as 42522612 C>G needs C but not covered
1.038 was filtered out as 42522612 C>G needs C but not covered
1.039 was filtered out as 42522612 C>G needs C but not covered
1.040 was filtered out as 42522612 C>G needs C but not covered
1.041 was filtered out as 42522612 C>G needs C but not covered
1.042 was filtered out as 42522612 C>G needs C but not covered
1.043 was filtered out as 42522612 C>G needs C but not covered
1.044 was filtered out as 42522612 C>G needs C but not covered
1.045 was filtered out as 42522612 C>G needs C but not covered
1.046 was filtered out as 42522612 C>G needs C but not covered
1.047 was filtered out as 42522612 C>G needs C but not covered
1.048 was filtered out as 42522612 C>G needs C but not covered
1.049 was filtered out as 42522612 C>G needs C but not covered
2.001 was filtered out as 42523942 G>A needs A but not covered
2.002 was filtered out as 42523942 G>A needs A but not covered
2.003 was filtered out as 42523942 G>A needs A but not covered
2.004 was filtered out as 42523942 G>A needs A but not covered
2.005 was filtered out as 42523942 G>A needs A but not covered
2.006 was filtered out as 42523942 G>A needs A but not covered
2.007 was filtered out as 42523942 G>A needs A but not covered
2.008 was filtered out as 42523942 G>A needs A but not covered
2.009 was filtered out as 42523942 G>A needs A but not covered
2.010 was filtered out as 42523942 G>A needs A but not covered
2.011 was filtered out as 42523942 G>A needs A but not covered
2.012 was filtered out as 42523942 G>A needs A but not covered
2.013 was filtered out as 42523942 G>A needs A but not covered
2.014 was filtered out as 42523942 G>A needs A but not covered
2.015 was filtered out as 42523942 G>A needs A but not covered
2.016 was filtered out as 42523942 G>A needs A but not covered
2.017 was filtered out as 42523942 G>A needs A but not covered
2.018 was filtered out as 42523942 G>A needs A but not covered
2.019 was filtered out as 42523942 G>A needs A but not covered
2.020 was filtered out as 42523942 G>A needs A but not covered
2.021 was filtered out as 42523942 G>A needs A but not covered
2.022 was filtered out as 42523942 G>A needs A but not covered
2.023 was filtered out as 42523942 G>A needs A but not covered
2.024 was filtered out as 42523942 G>A needs A but not covered
2.025 was filtered out as 42523942 G>A needs A but not covered
2.026 was filtered out as 42523942 G>A needs A but not covered
2.027 was filtered out as 42523942 G>A needs A but not covered
2.028 was filtered out as 42523942 G>A needs A but not covered
2.030 was filtered out as 42523942 G>A needs A but not covered
3.001 was filtered out as 42522612 C>G needs C but not covered
3.002 was filtered out as 42522612 C>G needs C but not covered
4.002 was filtered out as 42525131 C.C>G.T needs C but not covered
4.003 was filtered out as 42525820 G>T needs G but not covered
4.004 was filtered out as 42525820 G>T needs G but not covered
4.005 was filtered out as 42525820 G>T needs G but not covered
4.011 was filtered out as 42525820 G>T needs G but not covered
4.019 was filtered out as 42525820 G>T needs G but not covered
4.007 was filtered out as 42523854 G>A needs A but not covered
4.009 was filtered out as 42522612 C>G needs C but not covered
4.010 was filtered out as 42523942 G>A needs A but not covered
4.012 was filtered out as 42522612 C>G needs C but not covered
4.013 was filtered out as 42522664 G>C needs C but not covered
4.027 was filtered out as 42522612 C>G needs C but not covered
4.028 was filtered out as 42525820 G>T needs G but not covered
4.1013 was filtered out as 42522612 C>G needs C but not covered
4.1021 was filtered out as 42522612 C>G needs C but not covered
4.2021 was filtered out as 42525820 G>T needs G but not covered
5.001 was filtered out as 42522612 C>G needs C but not covered
6.001 was filtered out as 42522612 C>G needs C but not covered
6.002 was filtered out as 42522612 C>G needs C but not covered
6.005 was filtered out as 42522612 C>G needs C but not covered
6.006 was filtered out as 42522612 C>G needs C but not covered
6.003 was filtered out as 42526693 G>A needs G but not covered
6.004 was filtered out as 42522612 C>G needs C but not covered
7.001 was filtered out as 42522612 C>G needs C but not covered
8.001 was filtered out as 42523942 G>A needs A but not covered
9.001 was filtered out as 42522612 C>G needs C but not covered
9.002 was filtered out as 42522612 C>G needs C but not covered
10.001 was filtered out as 42525820 G>T needs G but not covered
10.002 was filtered out as 42525820 G>T needs G but not covered
10.003 was filtered out as 42525820 G>T needs G but not covered
10.004 was filtered out as 42525820 G>T needs G but not covered
10.005 was filtered out as 42525820 G>T needs G but not covered
10.006 was filtered out as 42525820 G>T needs G but not covered
10.007 was filtered out as 42525820 G>T needs G but not covered
10.1004 was filtered out as 42525820 G>T needs G but not covered
11.001 was filtered out as 42523942 G>A needs A but not covered
12.001 was filtered out as 42523942 G>A needs A but not covered
12.002 was filtered out as 42523942 G>A needs A but not covered
14.001 was filtered out as 42523942 G>A needs A but not covered
15.001 was filtered out as 42522612 C>G needs C but not covered
15.002 was filtered out as 42522612 C>G needs C but not covered
15.003 was filtered out as 42522612 C>G needs C but not covered
17.001 was filtered out as 42523942 G>A needs A but not covered
17.002 was filtered out as 42523942 G>A needs A but not covered
17.003 was filtered out as 42523942 G>A needs A but not covered
17.004 was filtered out as 42523942 G>A needs A but not covered
17.005 was filtered out as 42523942 G>A needs A but not covered
17.006 was filtered out as 42523942 G>A needs A but not covered
18.001 was filtered out as 42522612 C>G needs C but not covered
19.001 was filtered out as 42523942 G>A needs A but not covered
20.001 was filtered out as 42523942 G>A needs A but not covered
21.001 was filtered out as 42523942 G>A needs A but not covered
21.002 was filtered out as 42523942 G>A needs A but not covered
22.001 was filtered out as 42522612 C>G needs C but not covered
23.001 was filtered out as 42522612 C>G needs C but not covered
24.001 was filtered out as 42522612 C>G needs C but not covered
25.001 was filtered out as 42522612 C>G needs C but not covered
26.001 was filtered out as 42522612 C>G needs C but not covered
27.001 was filtered out as 42522612 C>G needs C but not covered
28.001 was filtered out as 42523942 G>A needs A but not covered
28.002 was filtered out as 42523942 G>A needs A but not covered
29.001 was filtered out as 42523942 G>A needs A but not covered
30.001 was filtered out as 42523942 G>A needs A but not covered
31.001 was filtered out as 42523942 G>A needs A but not covered
32.001 was filtered out as 42523942 G>A needs A but not covered
33.001 was filtered out as 42522612 C>G needs C but not covered
33.002 was filtered out as 42522612 C>G needs C but not covered
34.001 was filtered out as 42523942 G>A needs A but not covered
35.001 was filtered out as 42523942 G>A needs A but not covered
35.002 was filtered out as 42523942 G>A needs A but not covered
35.003 was filtered out as 42523942 G>A needs A but not covered
35.004 was filtered out as 42523942 G>A needs A but not covered
35.005 was filtered out as 42523942 G>A needs A but not covered
35.006 was filtered out as 42523942 G>A needs A but not covered
35.007 was filtered out as 42523942 G>A needs A but not covered
36.001 was filtered out as 42525820 G>T needs G but not covered
36.002 was filtered out as 42525820 G>T needs G but not covered
36.003 was filtered out as 42525820 G>T needs G but not covered
36.004 was filtered out as 42525820 G>T needs G but not covered
36.1001 was filtered out as 42522612 C>G needs C but not covered
37.001 was filtered out as 42525820 G>T needs G but not covered
38.001 was filtered out as 42522612 C>G needs C but not covered
39.001 was filtered out as 42526693 G>A needs G but not covered
39.002 was filtered out as 42526693 G>A needs G but not covered
40.001 was filtered out as 42523942 G>A needs A but not covered
41.001 was filtered out as 42523942 G>A needs A but not covered
41.002 was filtered out as 42523942 G>A needs A but not covered
41.003 was filtered out as 42523942 G>A needs A but not covered
41.004 was filtered out as 42523942 G>A needs A but not covered
41.005 was filtered out as 42523942 G>A needs A but not covered
42.001 was filtered out as 42523942 G>A needs A but not covered
43.001 was filtered out as 42522612 C>G needs C but not covered
43.002 was filtered out as 42522612 C>G needs C but not covered
44.001 was filtered out as 42522612 C>G needs C but not covered
45.001 was filtered out as 42523942 G>A needs A but not covered
45.002 was filtered out as 42523942 G>A needs A but not covered
45.003 was filtered out as 42523942 G>A needs A but not covered
45.004 was filtered out as 42523942 G>A needs A but not covered
46.001 was filtered out as 42523942 G>A needs A but not covered
46.002 was filtered out as 42523942 G>A needs A but not covered
46.003 was filtered out as 42523942 G>A needs A but not covered
47.001 was filtered out as 42525820 G>T needs G but not covered
48.001 was filtered out as 42522612 C>G needs C but not covered
49.001 was filtered out as 42525820 G>T needs G but not covered
50.001 was filtered out as 42522612 C>G needs C but not covered
51.001 was filtered out as 42523942 G>A needs A but not covered
52.001 was filtered out as 42525820 G>T needs G but not covered
52.002 was filtered out as 42525820 G>T needs G but not covered
53.001 was filtered out as 42522612 C>G needs C but not covered
54.001 was filtered out as 42525820 G>T needs G but not covered
55.001 was filtered out as 42523942 G>A needs A but not covered
56.001 was filtered out as 42523942 G>A needs A but not covered
56.002 was filtered out as 42525820 G>T needs G but not covered
56.003 was filtered out as 42525820 G>T needs G but not covered
57.001 was filtered out as 42525820 G>T needs G but not covered
57.1001 was filtered out as 42522612 C>G needs C but not covered
58.001 was filtered out as 42523942 G>A needs A but not covered
59.001 was filtered out as 42523942 G>A needs A but not covered
60.001 was filtered out as 42522612 C>G needs C but not covered
61.001 was filtered out as 42522612 C>G needs C but not covered
62.001 was filtered out as 42522612 C>G needs C but not covered
63.001 was filtered out as 42523942 G>A needs A but not covered
64.001 was filtered out as 42525820 G>T needs G but not covered
65.001 was filtered out as 42523942 G>A needs A but not covered
68.001 was filtered out as 42522612 C>G needs C but not covered
68.002 was filtered out as 42522612 C>G needs C but not covered
69.001 was filtered out as 42523942 G>A needs A but not covered
70.001 was filtered out as 42526693 G>A needs G but not covered
71.001 was filtered out as 42522612 C>G needs C but not covered
71.002 was filtered out as 42522612 C>G needs C but not covered
71.003 was filtered out as 42522612 C>G needs C but not covered
72.001 was filtered out as 42525820 G>T needs G but not covered
73.001 was filtered out as 42523942 G>A needs A but not covered
74.001 was filtered out as 42522612 C>G needs C but not covered
75.001 was filtered out as 42522612 C>G needs C but not covered
75.002 was filtered out as 42522612 C>G needs C but not covered
81.001 was filtered out as 42522612 C>G needs C but not covered
82.001 was filtered out as 42522612 C>G needs C but not covered
83.001 was filtered out as 42526693 G>A needs G but not covered
83.002 was filtered out as 42526693 G>A needs G but not covered
83.003 was filtered out as 42526693 G>A needs G but not covered
83.1003 was filtered out as 42522612 C>G needs C but not covered
84.001 was filtered out as 42523942 G>A needs A but not covered
84.002 was filtered out as 42523942 G>A needs A but not covered
85.001 was filtered out as 42523942 G>A needs A but not covered
86.001 was filtered out as 42522612 C>G needs C but not covered
87.001 was filtered out as 42525820 G>T needs G but not covered
88.001 was filtered out as 42526693 G>A needs G but not covered
89.001 was filtered out as 42522612 C>G needs C but not covered
90.001 was filtered out as 42522612 C>G needs C but not covered
91.001 was filtered out as 42523942 G>A needs A but not covered
92.001 was filtered out as 42522612 C>G needs C but not covered
93.001 was filtered out as 42522612 C>G needs C but not covered
94.001 was filtered out as 42525820 G>T needs G but not covered
94.002 was filtered out as 42525820 G>T needs G but not covered
95.001 was filtered out as 42525820 G>T needs G but not covered
96.001 was filtered out as 42522612 C>G needs C but not covered
97.001 was filtered out as 42522612 C>G needs C but not covered
98.001 was filtered out as 42523942 G>A needs A but not covered
99.001 was filtered out as 42525820 G>T needs G but not covered
100.001 was filtered out as 42525820 G>T needs G but not covered
101.001 was filtered out as 42525820 G>T needs G but not covered
102.001 was filtered out as 42523942 G>A needs A but not covered
103.001 was filtered out as 42523942 G>A needs A but not covered
104.001 was filtered out as 42523942 G>A needs A but not covered
105.001 was filtered out as 42523942 G>A needs A but not covered
106.001 was filtered out as 42522612 C>G needs C but not covered
106.002 was filtered out as 42522612 C>G needs C but not covered
106.003 was filtered out as 42522612 C>G needs C but not covered
107.001 was filtered out as 42522612 C>G needs C but not covered
108.001 was filtered out as 42522612 C>G needs C but not covered
109.001 was filtered out as 42522612 C>G needs C but not covered
110.001 was filtered out as 42522612 C>G needs C but not covered
111.001 was filtered out as 42523942 G>A needs A but not covered
111.002 was filtered out as 42523942 G>A needs A but not covered
112.001 was filtered out as 42522612 C>G needs C but not covered
113.001 was filtered out as 42522612 C>G needs C but not covered
114.001 was filtered out as 42523942 G>A needs A but not covered
115.001 was filtered out as 42522612 C>G needs C but not covered
116.001 was filtered out as 42522612 C>G needs C but not covered
117.001 was filtered out as 42523942 G>A needs A but not covered
118.001 was filtered out as 42522612 C>G needs C but not covered
119.001 was filtered out as 42522612 C>G needs C but not covered
120.001 was filtered out as 42522612 C>G needs C but not covered
121.001 was filtered out as 42523942 G>A needs A but not covered
122.001 was filtered out as 42522612 C>G needs C but not covered
123.001 was filtered out as 42523942 G>A needs A but not covered
124.001 was filtered out as 42522612 C>G needs C but not covered
124.002 was filtered out as 42522612 C>G needs C but not covered
125.001 was filtered out as 42523942 G>A needs A but not covered
126.001 was filtered out as 42523942 G>A needs A but not covered
127.001 was filtered out as 42522612 C>G needs C but not covered
128.001 was filtered out as 42523942 G>A needs A but not covered
129.001 was filtered out as 42523942 G>A needs A but not covered
130.001 was filtered out as 42522612 C>G needs C but not covered
131.001 was filtered out as 42522612 C>G needs C but not covered
132.001 was filtered out as 42525820 G>T needs G but not covered
133.001 was filtered out as 42523942 G>A needs A but not covered
134.001 was filtered out as 42522612 C>G needs C but not covered
135.001 was filtered out as 42523942 G>A needs A but not covered
136.001 was filtered out as 42523942 G>A needs A but not covered
137.001 was filtered out as 42522612 C>G needs C but not covered
138.001 was filtered out as 42523942 G>A needs A but not covered
139.001 was filtered out as 42522612 C>G needs C but not covered
140.001 was filtered out as 42522612 C>G needs C but not covered
141.001 was filtered out as 42523942 G>A needs A but not covered
141.1001 was filtered out as 42523942 G>A needs A but not covered
142.001 was filtered out as 42525820 G>T needs G but not covered
143.001 was filtered out as 42522612 C>G needs C but not covered
144.001 was filtered out as 42522612 C>G needs C but not covered
145.001 was filtered out as 42522612 C>G needs C but not covered
146.001 was filtered out as 42523942 G>A needs A but not covered
147.001 was filtered out as 42525820 G>T needs G but not covered
148.001 was filtered out as 42523942 G>A needs A but not covered
149.001 was filtered out as 42523942 G>A needs A but not covered
152.001 was filtered out as 42522612 C>G needs C but not covered
153.001 was filtered out as 42522612 C>G needs C but not covered
154.001 was filtered out as 42523942 G>A needs A but not covered
155.001 was filtered out as 42523942 G>A needs A but not covered
156.001 was filtered out as 42523942 G>A needs A but not covered
157.001 was filtered out as 42523942 G>A needs A but not covered
158.001 was filtered out as 42523942 G>A needs A but not covered
159.001 was filtered out as 42523942 G>A needs A but not covered
160.001 was filtered out as 42523942 G>A needs A but not covered
161.001 was filtered out as 42523942 G>A needs A but not covered
162.001 was filtered out as 42523942 G>A needs A but not covered
163.001 was filtered out as 42523942 G>A needs A but not covered
[filter] CYP2D6 4.001 => 4.001; 4.006; 4.008; 4.014; 4.015; 4.016; 4.017; 4.018; 4.020; 4.022; 4.023; 4.024; 4.025; 4.026; 4.029; 4.030
[filter] CYP2D6 4.021 => 4.021
[filter] valid_alleles=17
Step 0: Loss=0.3252, CN=[1.9000832]
Step 100: Loss=0.0653, CN=[1.1192003]
Step 200: Loss=0.0653, CN=[1.1155084]
Step 300: Loss=0.0653, CN=[1.1154884]
Step 400: Loss=0.0653, CN=[1.1154884]

=== Fit ===
Region 0: obs=1.199, exp=1.115, diff=+0.084 
Region 1: obs=0.850, exp=1.115, diff=-0.265 
Region 2: obs=0.830, exp=1.115, diff=-0.285 
Region 3: obs=1.106, exp=1.115, diff=-0.009 
Region 4: obs=1.071, exp=1.115, diff=-0.044 
Region 5: obs=0.943, exp=1.115, diff=-0.173 
Region 6: obs=1.265, exp=1.115, diff=+0.149 
Region 7: obs=1.363, exp=1.115, diff=+0.248 
Region 8: obs=1.109, exp=1.115, diff=-0.007 
Region 9: obs=0.988, exp=1.115, diff=-0.128 
Region 10: obs=0.997, exp=1.115, diff=-0.119 
Region 11: obs=0.750, exp=1.115, diff=-0.365 
Region 12: obs=1.276, exp=1.115, diff=+0.161 
Region 13: obs=0.962, exp=1.115, diff=-0.154 
Region 14: obs=2.070, exp=1.115, diff=+0.955 *
Region 15: obs=1.907, exp=1.115, diff=+0.791 *
Region 16: obs=1.556, exp=1.115, diff=+0.440 
Region 17: obs=1.105, exp=1.115, diff=-0.011 
Region 18: obs=0.746, exp=1.115, diff=-0.369 
Region 19: obs=1.200, exp=1.115, diff=+0.085 
Region 20: obs=1.115, exp=1.115, diff=-0.000 
Region 21: obs=0.000, exp=1.115, diff=-1.115 *
Region 22: obs=1.378, exp=1.115, diff=+0.262 

[Gene CN Results]
  CYP2D6: 1.12 → 1.1154884099960327

=== CYP2D6 Fusion Template CN Estimation ===

Using CN configs: ['1', '68.001', '141.1001']

Region coverage:
  up: 1.2
  utr5: 0.9
  e1: 0.8
  i1: 1.1
  e2: 1.1
  i2: 0.9
  e3: 1.3
  i3: 1.4
  e4: 1.1
  i4: 1.0
  e5: 1.0
  i5: 0.8
  e6: 1.3
  i6: 1.0
  e7: 2.1
  i7: 1.9
  e8: 1.6
  i8: 1.1
  e9: 0.7
  utr3: 1.2
  ins: 1.1
  pce: 0.0
  rep: 1.4
  e1_2d7: 0.1
  e2_2d7: 0.4
  e3_2d7: 0.3
  e5_2d7: 0.0
  e6_2d7: 0.0
  e9_2d7: 0.0
  pce_2d7: 0.0

CN configs: ['1', '68.001', '141.1001']
PCE contributions: {'1': tensor(0.), '68.001': tensor(1.), '141.1001': tensor(1.)}
Gene CN: 1.12 → required total: 1
Respect gene CN constraint: True
Enumerating configurations that sum to 1...
Evaluated 3 configurations

Top 5 configurations:
  1. loss=2.20: 1:1
  2. loss=7.38: 141.1001:1
  3. loss=24.44: 68.001:1

Best CN assignment (loss=2.20):
  1: 1
  Total: 1

Fit comparison:
  up: obs=1.2, exp=1.0, diff=+0.2
  utr5: obs=0.9, exp=1.0, diff=-0.1
  e1: obs=0.8, exp=1.0, diff=-0.2
  i1: obs=1.1, exp=1.0, diff=+0.1
  e2: obs=1.1, exp=1.0, diff=+0.1
  i2: obs=0.9, exp=1.0, diff=-0.1
  e3: obs=1.3, exp=1.0, diff=+0.3
  i3: obs=1.4, exp=1.0, diff=+0.4
  e4: obs=1.1, exp=1.0, diff=+0.1
  i4: obs=1.0, exp=1.0, diff=-0.0
  e5: obs=1.0, exp=1.0, diff=-0.0
  i5: obs=0.8, exp=1.0, diff=-0.2
  e6: obs=1.3, exp=1.0, diff=+0.3
  i6: obs=1.0, exp=1.0, diff=-0.0
  e7: obs=2.1, exp=1.0, diff=+1.1
  i7: obs=1.9, exp=1.0, diff=+0.9
  e8: obs=1.6, exp=1.0, diff=+0.6
  i8: obs=1.1, exp=1.0, diff=+0.1
  e9: obs=0.7, exp=1.0, diff=-0.3
  utr3: obs=1.2, exp=1.0, diff=+0.2
  ins: obs=1.1, exp=1.0, diff=+0.1
  pce: obs=0.0, exp=0.0, diff=+0.0
  rep: obs=1.4, exp=1.0, diff=+0.4
  e1_2d7: obs=0.1, exp=0.0, diff=+0.1
  e2_2d7: obs=0.4, exp=0.0, diff=+0.4
  e3_2d7: obs=0.3, exp=0.0, diff=+0.3
  e5_2d7: obs=0.0, exp=0.0, diff=+0.0
  e6_2d7: obs=0.0, exp=0.0, diff=+0.0
  e9_2d7: obs=0.0, exp=0.0, diff=+0.0
  pce_2d7: obs=0.0, exp=0.0, diff=+0.0

[Selected CN Configs] 1:1
  Total CYP2D6 CN: 1

[Filtering alleles by cn_config]

Kept alleles by cn_config:
  1: 2 major alleles
    *4.001, *4.021

  Filtered: 0 alleles
  Kept: 17 alleles

[Updating N variant counts for deleted regions]
  Total updated: 0 positions

[Rebuilding allele vectors for fusion cn_configs]
Using device: cuda

=== Running VAE with seed 42 ===
Global Pooled JS: 0.065487
Seed 42, Step    0: Loss = 508.43 (Recon: 414.85, Allele KL: 8.67, Base KL: 3321.75, Functional KL: 0.07
Global Pooled JS: 0.031151
Seed 42, Step  500: Loss = 271.98 (Recon: 190.92, Allele KL: 33.05, Base KL: 2961.05, Functional KL: 0.03
Global Pooled JS: 0.030088
Seed 42, Step 1000: Loss = 264.08 (Recon: 193.59, Allele KL: 16.81, Base KL: 3170.47, Functional KL: 0.03
Global Pooled JS: 0.031285
Seed 42, Step 1500: Loss = 267.60 (Recon: 193.41, Allele KL: 22.22, Base KL: 2977.40, Functional KL: 0.03
Global Pooled JS: 0.030522
Seed 42, Step 2000: Loss = 266.81 (Recon: 191.40, Allele KL: 26.87, Base KL: 2976.17, Functional KL: 0.03
Global Pooled JS: 0.030120
Seed 42, Step 2500: Loss = 260.07 (Recon: 189.57, Allele KL: 21.81, Base KL: 3049.58, Functional KL: 0.03

Top Variants with Coverage Mismatches:
Rank   Variant                        Expected     Observed     Diff       |Div|       
------------------------------------------------------------------------------------------
1      CYP2D6:42523527→C              10.88        28.00        -17.12     0.008708    
2      CYP2D6:42523527→T              18.18        31.00        -12.82     0.003910    
3      CYP2D6:42525820→T              28.43        18.00        10.43      0.002276    
4      CYP2D6:42522915→C              29.58        40.00        -10.42     0.001926    
5      CYP2D6:42526693→A              28.38        19.00        9.38       0.001776    
6      CYP2D6:42522612→G              28.42        20.00        8.42       0.001373    
7      CYP2D6:42525810→C              28.43        22.00        6.43       0.000729    
8      CYP2D6:42526693→C              0.22         0.00         0.22       0.000315    
9      CYP2D6:42526693→N              0.21         0.00         0.21       0.000313    
10     CYP2D6:42526693→T              0.21         0.00         0.21       0.000312    
11     CYP2D6:42526693→G              0.21         0.00         0.21       0.000310    
12     CYP2D6:42526693→M              0.21         0.00         0.21       0.000310    
13     CYP2D6:42522612→P              0.21         0.00         0.21       0.000306    
14     CYP2D6:42525810→M              0.21         0.00         0.21       0.000305    
15     CYP2D6:42526693→P              0.21         0.00         0.21       0.000304    
16     CYP2D6:42525820→G              0.21         0.00         0.21       0.000304    
17     CYP2D6:42522612→M              0.21         0.00         0.21       0.000303    
18     CYP2D6:42522612→C              0.21         0.00         0.21       0.000302    
19     CYP2D6:42525810→G              0.21         0.00         0.21       0.000302    
20     CYP2D6:42525810→N              0.21         0.00         0.21       0.000302    
21     CYP2D6:42522612→N              0.21         0.00         0.21       0.000302    
22     CYP2D6:42522612→T              0.21         0.00         0.21       0.000301    
23     CYP2D6:42525820→A              0.21         0.00         0.21       0.000301    
24     CYP2D6:42525820→P              0.21         0.00         0.21       0.000301    
25     CYP2D6:42525820→C              0.21         0.00         0.21       0.000300    
26     CYP2D6:42522612→A              0.20         0.00         0.20       0.000297    
27     CYP2D6:42525810→A              0.20         0.00         0.20       0.000297    
28     CYP2D6:42524946→P              0.20         0.00         0.20       0.000296    
29     CYP2D6:42525820→N              0.20         0.00         0.20       0.000296    
30     CYP2D6:42525810→P              0.20         0.00         0.20       0.000296    
31     CYP2D6:42524946→C              0.20         0.00         0.20       0.000296    
32     CYP2D6:42525810→T              0.20         0.00         0.20       0.000295    
33     CYP2D6:42525820→M              0.20         0.00         0.20       0.000294    
34     CYP2D6:42524946→G              0.20         0.00         0.20       0.000292    
35     CYP2D6:42524946→N              0.20         0.00         0.20       0.000291    
36     CYP2D6:42524946→M              0.20         0.00         0.20       0.000291    
37     CYP2D6:42524946→A              0.20         0.00         0.20       0.000289    
38     CYP2D6:42523527→M              0.12         0.00         0.12       0.000174    
39     CYP2D6:42523527→G              0.12         0.00         0.12       0.000173    
40     CYP2D6:42523527→P              0.12         0.00         0.12       0.000173    
41     CYP2D6:42523527→N              0.12         0.00         0.12       0.000172    
42     CYP2D6:42523527→A              0.12         0.00         0.12       0.000169    
43     CYP2D6:42524946→T              28.46        25.00        3.46       0.000163    
44     CYP2D6:42522915→G              0.08         0.00         0.08       0.000113    
45     CYP2D6:42525131→G              29.66        29.00        0.66       0.000000    
46     CYP2D6:42522915→A              0.00         0.00         0.00       0.000000    
47     CYP2D6:42522915→M              0.00         0.00         0.00       0.000000    
48     CYP2D6:42522915→N              0.00         0.00         0.00       0.000000    
49     CYP2D6:42522915→P              0.00         0.00         0.00       0.000000    
50     CYP2D6:42522915→T              0.00         0.00         0.00       0.000000    
51     CYP2D6:42525131→A              0.00         0.00         0.00       0.000000    
52     CYP2D6:42525131→C              0.00         0.00         0.00       0.000000    
53     CYP2D6:42525131→M              0.00         0.00         0.00       0.000000    
54     CYP2D6:42525131→N              0.00         0.00         0.00       0.000000    
55     CYP2D6:42525131→P              0.00         0.00         0.00       0.000000    
56     CYP2D6:42525131→T              0.00         0.00         0.00       0.000000    
New best model with final loss: 270.65

=== Running VAE with seed 123 ===
Global Pooled JS: 0.074763
Seed 123, Step    0: Loss = 515.92 (Recon: 416.10, Allele KL: 22.18, Base KL: 3101.13, Functional KL: 0.07
Global Pooled JS: 0.041876
Seed 123, Step  500: Loss = 260.43 (Recon: 202.57, Allele KL: 25.75, Base KL: 12016.67, Functional KL: 0.04
Global Pooled JS: 0.034216
Seed 123, Step 1000: Loss = 254.10 (Recon: 190.87, Allele KL: 20.99, Base KL: 18394.30, Functional KL: 0.03
Global Pooled JS: 0.034782
Seed 123, Step 1500: Loss = 255.84 (Recon: 189.44, Allele KL: 29.36, Base KL: 17835.71, Functional KL: 0.03
Global Pooled JS: 0.034164
Seed 123, Step 2000: Loss = 254.00 (Recon: 189.81, Allele KL: 21.62, Base KL: 18344.56, Functional KL: 0.03
Global Pooled JS: 0.033291
Seed 123, Step 2500: Loss = 257.85 (Recon: 192.02, Allele KL: 16.90, Base KL: 18663.30, Functional KL: 0.03

Top Variants with Coverage Mismatches:
Rank   Variant                        Expected     Observed     Diff       |Div|       
------------------------------------------------------------------------------------------
1      CYP2D6:42523527→C              9.66         28.00        -18.34     0.010352    
2      CYP2D6:42523527→T              17.85        31.00        -13.15     0.004132    
3      CYP2D6:42525820→T              28.54        18.00        10.54      0.002322    
4      CYP2D6:42522915→C              29.61        40.00        -10.39     0.001913    
5      CYP2D6:42526693→A              28.54        19.00        9.54       0.001834    
6      CYP2D6:42522612→G              28.54        20.00        8.54       0.001413    
7      CYP2D6:42525810→C              28.56        22.00        6.56       0.000761    
8      CYP2D6:42523527→M              0.43         0.00         0.43       0.000629    
9      CYP2D6:42523527→P              0.43         0.00         0.43       0.000628    
10     CYP2D6:42523527→N              0.43         0.00         0.43       0.000626    
11     CYP2D6:42523527→A              0.43         0.00         0.43       0.000624    
12     CYP2D6:42523527→G              0.42         0.00         0.42       0.000616    
13     CYP2D6:42526693→C              0.20         0.00         0.20       0.000286    
14     CYP2D6:42525820→N              0.19         0.00         0.19       0.000279    
15     CYP2D6:42522612→A              0.19         0.00         0.19       0.000279    
16     CYP2D6:42522612→N              0.19         0.00         0.19       0.000278    
17     CYP2D6:42525820→P              0.19         0.00         0.19       0.000274    
18     CYP2D6:42526693→G              0.19         0.00         0.19       0.000273    
19     CYP2D6:42525820→M              0.19         0.00         0.19       0.000273    
20     CYP2D6:42522612→C              0.19         0.00         0.19       0.000273    
21     CYP2D6:42526693→T              0.19         0.00         0.19       0.000272    
22     CYP2D6:42525810→P              0.19         0.00         0.19       0.000272    
23     CYP2D6:42525820→G              0.19         0.00         0.19       0.000271    
24     CYP2D6:42526693→P              0.18         0.00         0.18       0.000270    
25     CYP2D6:42525810→A              0.18         0.00         0.18       0.000270    
26     CYP2D6:42522612→M              0.18         0.00         0.18       0.000270    
27     CYP2D6:42525810→M              0.18         0.00         0.18       0.000269    
28     CYP2D6:42526693→N              0.18         0.00         0.18       0.000269    
29     CYP2D6:42525820→A              0.18         0.00         0.18       0.000269    
30     CYP2D6:42525820→C              0.18         0.00         0.18       0.000266    
31     CYP2D6:42522612→P              0.18         0.00         0.18       0.000266    
32     CYP2D6:42522612→T              0.18         0.00         0.18       0.000265    
33     CYP2D6:42525810→G              0.18         0.00         0.18       0.000263    
34     CYP2D6:42525810→N              0.18         0.00         0.18       0.000262    
35     CYP2D6:42526693→M              0.18         0.00         0.18       0.000262    
36     CYP2D6:42525810→T              0.18         0.00         0.18       0.000261    
37     CYP2D6:42524946→G              0.18         0.00         0.18       0.000257    
38     CYP2D6:42524946→M              0.17         0.00         0.17       0.000253    
39     CYP2D6:42524946→N              0.17         0.00         0.17       0.000251    
40     CYP2D6:42524946→P              0.17         0.00         0.17       0.000251    
41     CYP2D6:42524946→C              0.17         0.00         0.17       0.000251    
42     CYP2D6:42524946→A              0.17         0.00         0.17       0.000245    
43     CYP2D6:42524946→T              28.62        25.00        3.62       0.000182    
44     CYP2D6:42522915→G              0.04         0.00         0.04       0.000062    
45     CYP2D6:42522915→A              0.00         0.00         0.00       0.000000    
46     CYP2D6:42522915→M              0.00         0.00         0.00       0.000000    
47     CYP2D6:42522915→N              0.00         0.00         0.00       0.000000    
48     CYP2D6:42522915→P              0.00         0.00         0.00       0.000000    
49     CYP2D6:42522915→T              0.00         0.00         0.00       0.000000    
50     CYP2D6:42525131→A              0.00         0.00         0.00       0.000000    
51     CYP2D6:42525131→C              0.00         0.00         0.00       0.000000    
52     CYP2D6:42525131→G              29.66        29.00        0.66       0.000000    
53     CYP2D6:42525131→M              0.00         0.00         0.00       0.000000    
54     CYP2D6:42525131→N              0.00         0.00         0.00       0.000000    
55     CYP2D6:42525131→P              0.00         0.00         0.00       0.000000    
56     CYP2D6:42525131→T              0.00         0.00         0.00       0.000000    
New best model with final loss: 252.28

=== Running VAE with seed 456 ===
Global Pooled JS: 0.057735
Seed 456, Step    0: Loss = 410.44 (Recon: 311.06, Allele KL: 21.89, Base KL: 3822.02, Functional KL: 0.06
Global Pooled JS: 0.029845
Seed 456, Step  500: Loss = 272.69 (Recon: 186.46, Allele KL: 43.93, Base KL: 3045.47, Functional KL: 0.03
Global Pooled JS: 0.036648
Seed 456, Step 1000: Loss = 266.45 (Recon: 199.29, Allele KL: 26.36, Base KL: 3072.52, Functional KL: 0.04
Global Pooled JS: 0.029886
Seed 456, Step 1500: Loss = 262.34 (Recon: 190.30, Allele KL: 22.19, Base KL: 3025.87, Functional KL: 0.03
Global Pooled JS: 0.029801
Seed 456, Step 2000: Loss = 260.54 (Recon: 188.60, Allele KL: 23.91, Base KL: 2909.69, Functional KL: 0.03
Global Pooled JS: 0.035279
Seed 456, Step 2500: Loss = 259.41 (Recon: 195.02, Allele KL: 24.87, Base KL: 3092.86, Functional KL: 0.04

Top Variants with Coverage Mismatches:
Rank   Variant                        Expected     Observed     Diff       |Div|       
------------------------------------------------------------------------------------------
1      CYP2D6:42523527→C              10.32        28.00        -17.68     0.009434    
2      CYP2D6:42523527→T              18.74        31.00        -12.26     0.003548    
3      CYP2D6:42525820→T              28.41        18.00        10.41      0.002268    
4      CYP2D6:42522915→C              29.60        40.00        -10.40     0.001917    
5      CYP2D6:42526693→A              28.40        19.00        9.40       0.001784    
6      CYP2D6:42522612→G              28.44        20.00        8.44       0.001380    
7      CYP2D6:42525810→C              28.46        22.00        6.46       0.000736    
8      CYP2D6:42525820→P              0.21         0.00         0.21       0.000312    
9      CYP2D6:42526693→N              0.21         0.00         0.21       0.000307    
10     CYP2D6:42526693→T              0.21         0.00         0.21       0.000307    
11     CYP2D6:42526693→C              0.21         0.00         0.21       0.000306    
12     CYP2D6:42526693→P              0.21         0.00         0.21       0.000306    
13     CYP2D6:42525820→A              0.21         0.00         0.21       0.000306    
14     CYP2D6:42526693→G              0.21         0.00         0.21       0.000304    
15     CYP2D6:42526693→M              0.21         0.00         0.21       0.000304    
16     CYP2D6:42525820→N              0.21         0.00         0.21       0.000303    
17     CYP2D6:42525820→C              0.21         0.00         0.21       0.000303    
18     CYP2D6:42522612→T              0.21         0.00         0.21       0.000302    
19     CYP2D6:42525810→G              0.21         0.00         0.21       0.000301    
20     CYP2D6:42525820→G              0.21         0.00         0.21       0.000301    
21     CYP2D6:42525820→M              0.21         0.00         0.21       0.000301    
22     CYP2D6:42522612→N              0.20         0.00         0.20       0.000297    
23     CYP2D6:42522612→P              0.20         0.00         0.20       0.000297    
24     CYP2D6:42522612→M              0.20         0.00         0.20       0.000296    
25     CYP2D6:42522612→A              0.20         0.00         0.20       0.000296    
26     CYP2D6:42522612→C              0.20         0.00         0.20       0.000294    
27     CYP2D6:42524946→C              0.20         0.00         0.20       0.000294    
28     CYP2D6:42525810→N              0.20         0.00         0.20       0.000293    
29     CYP2D6:42525810→T              0.20         0.00         0.20       0.000293    
30     CYP2D6:42524946→N              0.20         0.00         0.20       0.000293    
31     CYP2D6:42524946→G              0.20         0.00         0.20       0.000292    
32     CYP2D6:42525810→M              0.20         0.00         0.20       0.000292    
33     CYP2D6:42524946→M              0.20         0.00         0.20       0.000290    
34     CYP2D6:42524946→A              0.20         0.00         0.20       0.000289    
35     CYP2D6:42524946→P              0.20         0.00         0.20       0.000288    
36     CYP2D6:42525810→P              0.20         0.00         0.20       0.000287    
37     CYP2D6:42525810→A              0.19         0.00         0.19       0.000285    
38     CYP2D6:42523527→M              0.12         0.00         0.12       0.000174    
39     CYP2D6:42523527→N              0.12         0.00         0.12       0.000172    
40     CYP2D6:42523527→P              0.12         0.00         0.12       0.000172    
41     CYP2D6:42523527→G              0.12         0.00         0.12       0.000172    
42     CYP2D6:42523527→A              0.12         0.00         0.12       0.000172    
43     CYP2D6:42524946→T              28.46        25.00        3.46       0.000164    
44     CYP2D6:42522915→G              0.05         0.00         0.05       0.000077    
45     CYP2D6:42525131→G              29.66        29.00        0.66       0.000000    
46     CYP2D6:42522915→A              0.00         0.00         0.00       0.000000    
47     CYP2D6:42522915→M              0.00         0.00         0.00       0.000000    
48     CYP2D6:42522915→N              0.00         0.00         0.00       0.000000    
49     CYP2D6:42522915→P              0.00         0.00         0.00       0.000000    
50     CYP2D6:42522915→T              0.00         0.00         0.00       0.000000    
51     CYP2D6:42525131→A              0.00         0.00         0.00       0.000000    
52     CYP2D6:42525131→C              0.00         0.00         0.00       0.000000    
53     CYP2D6:42525131→M              0.00         0.00         0.00       0.000000    
54     CYP2D6:42525131→N              0.00         0.00         0.00       0.000000    
55     CYP2D6:42525131→P              0.00         0.00         0.00       0.000000    
56     CYP2D6:42525131→T              0.00         0.00         0.00       0.000000    

=== Multi-Seed VAE Results ===
Best model had seed 123 with final loss: 252.28
All seeds final losses:
  Seed 42: Total=270.65 (Recon=192.77, A_KL=21.40, B_KL=2857.15)
  Seed 123: Total=252.28 (Recon=190.55, A_KL=19.28, B_KL=18183.38) <- Best
  Seed 456: Total=270.71 (Recon=201.23, A_KL=23.77, B_KL=3105.63)
[time] run_vae took 292.92s (2,632.015625 MB; 2,632.015625 MB)

[Raw]:
CYP2D6*4: Normalized=1.0000, Unnormalized=1.00

Allocating by cn_config:

[Alleles]
CYP2D6*4
	Command being timed: "python cyp.py CYP2D6 /project/shared/aldy-data/wgs/HG00276.wgs.cram"
	User time (seconds): 256.15
	System time (seconds): 47.83
	Percent of CPU this job got: 99%
	Elapsed (wall clock) time (h:mm:ss or m:ss): 5:04.58
	Average shared text size (kbytes): 0
	Average unshared data size (kbytes): 0
	Average stack size (kbytes): 0
	Average total size (kbytes): 0
	Maximum resident set size (kbytes): 2695196
	Average resident set size (kbytes): 0
	Major (requiring I/O) page faults: 0
	Minor (reclaiming a frame) page faults: 847610
	Voluntary context switches: 24153
	Involuntary context switches: 247
	Swaps: 0
	File system inputs: 0
	File system outputs: 104
	Socket messages sent: 0
	Socket messages received: 0
	Signals delivered: 0
	Page size (bytes): 4096
	Exit status: 0
