2026-05-16 01:40:22.808183: I tensorflow/core/util/port.cc:111] oneDNN custom operations are on. You may see slightly different numerical results due to floating-point round-off errors from different computation orders. To turn them off, set the environment variable `TF_ENABLE_ONEDNN_OPTS=0`.
2026-05-16 01:40:22.848582: E tensorflow/compiler/xla/stream_executor/cuda/cuda_dnn.cc:9342] Unable to register cuDNN factory: Attempting to register factory for plugin cuDNN when one has already been registered
2026-05-16 01:40:22.848809: E tensorflow/compiler/xla/stream_executor/cuda/cuda_fft.cc:609] Unable to register cuFFT factory: Attempting to register factory for plugin cuFFT when one has already been registered
2026-05-16 01:40:22.849021: E tensorflow/compiler/xla/stream_executor/cuda/cuda_blas.cc:1518] Unable to register cuBLAS factory: Attempting to register factory for plugin cuBLAS when one has already been registered
2026-05-16 01:40:22.858890: I tensorflow/core/platform/cpu_feature_guard.cc:182] This TensorFlow binary is optimized to use available CPU instructions in performance-critical operations.
To enable the following instructions: AVX2 AVX512F AVX512_VNNI FMA, in other operations, rebuild TensorFlow with the appropriate compiler flags.
AttributeError: 'MessageFactory' object has no attribute 'GetPrototype'
2026-05-16 01:40:24.138371: W tensorflow/compiler/tf2tensorrt/utils/py_utils.cc:38] TF-TRT Warning: Could not find TensorRT
AttributeError: 'MessageFactory' object has no attribute 'GetPrototype'
[info] total indices 2506
[info] total variants 2506
1.001 was filtered out as 42522612 C>G needs C but not covered
1.002 was filtered out as 42522612 C>G needs C but not covered
1.003 was filtered out as 42522612 C>G needs C but not covered
1.004 was filtered out as 42522612 C>G needs C but not covered
1.005 was filtered out as 42522612 C>G needs C but not covered
1.006 was filtered out as 42522612 C>G needs C but not covered
1.007 was filtered out as 42522612 C>G needs C but not covered
1.008 was filtered out as 42522612 C>G needs C but not covered
1.009 was filtered out as 42522612 C>G needs C but not covered
1.010 was filtered out as 42522612 C>G needs C but not covered
1.011 was filtered out as 42522612 C>G needs C but not covered
1.012 was filtered out as 42522612 C>G needs C but not covered
1.013 was filtered out as 42522612 C>G needs C but not covered
1.014 was filtered out as 42522612 C>G needs C but not covered
1.015 was filtered out as 42522612 C>G needs C but not covered
1.016 was filtered out as 42522612 C>G needs C but not covered
1.017 was filtered out as 42522612 C>G needs C but not covered
1.018 was filtered out as 42522612 C>G needs C but not covered
1.019 was filtered out as 42522612 C>G needs C but not covered
1.020 was filtered out as 42522612 C>G needs C but not covered
1.021 was filtered out as 42522612 C>G needs C but not covered
1.022 was filtered out as 42522612 C>G needs C but not covered
1.023 was filtered out as 42522612 C>G needs C but not covered
1.024 was filtered out as 42522612 C>G needs C but not covered
1.025 was filtered out as 42522612 C>G needs C but not covered
1.026 was filtered out as 42522612 C>G needs C but not covered
1.027 was filtered out as 42522612 C>G needs C but not covered
1.028 was filtered out as 42522612 C>G needs C but not covered
1.029 was filtered out as 42522612 C>G needs C but not covered
1.030 was filtered out as 42522612 C>G needs C but not covered
1.031 was filtered out as 42522612 C>G needs C but not covered
1.032 was filtered out as 42522612 C>G needs C but not covered
1.033 was filtered out as 42522612 C>G needs C but not covered
1.034 was filtered out as 42522612 C>G needs C but not covered
1.035 was filtered out as 42522612 C>G needs C but not covered
1.036 was filtered out as 42522612 C>G needs C but not covered
1.037 was filtered out as 42522612 C>G needs C but not covered
1.038 was filtered out as 42522612 C>G needs C but not covered
1.039 was filtered out as 42522612 C>G needs C but not covered
1.040 was filtered out as 42522612 C>G needs C but not covered
1.041 was filtered out as 42522612 C>G needs C but not covered
1.042 was filtered out as 42522612 C>G needs C but not covered
1.043 was filtered out as 42522612 C>G needs C but not covered
1.044 was filtered out as 42522612 C>G needs C but not covered
1.045 was filtered out as 42522612 C>G needs C but not covered
1.046 was filtered out as 42522612 C>G needs C but not covered
1.047 was filtered out as 42522612 C>G needs C but not covered
1.048 was filtered out as 42522612 C>G needs C but not covered
1.049 was filtered out as 42522612 C>G needs C but not covered
2.001 was filtered out as 42523942 G>A needs A but not covered
2.002 was filtered out as 42523942 G>A needs A but not covered
2.003 was filtered out as 42523942 G>A needs A but not covered
2.004 was filtered out as 42523942 G>A needs A but not covered
2.005 was filtered out as 42523942 G>A needs A but not covered
2.006 was filtered out as 42523942 G>A needs A but not covered
2.007 was filtered out as 42523942 G>A needs A but not covered
2.008 was filtered out as 42523942 G>A needs A but not covered
2.009 was filtered out as 42523942 G>A needs A but not covered
2.010 was filtered out as 42523942 G>A needs A but not covered
2.011 was filtered out as 42523942 G>A needs A but not covered
2.012 was filtered out as 42523942 G>A needs A but not covered
2.013 was filtered out as 42523942 G>A needs A but not covered
2.014 was filtered out as 42523942 G>A needs A but not covered
2.015 was filtered out as 42523942 G>A needs A but not covered
2.016 was filtered out as 42523942 G>A needs A but not covered
2.017 was filtered out as 42523942 G>A needs A but not covered
2.018 was filtered out as 42523942 G>A needs A but not covered
2.019 was filtered out as 42523942 G>A needs A but not covered
2.020 was filtered out as 42523942 G>A needs A but not covered
2.021 was filtered out as 42523942 G>A needs A but not covered
2.022 was filtered out as 42523942 G>A needs A but not covered
2.023 was filtered out as 42523942 G>A needs A but not covered
2.024 was filtered out as 42523942 G>A needs A but not covered
2.025 was filtered out as 42523942 G>A needs A but not covered
2.026 was filtered out as 42523942 G>A needs A but not covered
2.027 was filtered out as 42523942 G>A needs A but not covered
2.028 was filtered out as 42523942 G>A needs A but not covered
2.030 was filtered out as 42523942 G>A needs A but not covered
3.001 was filtered out as 42522612 C>G needs C but not covered
3.002 was filtered out as 42522612 C>G needs C but not covered
4.002 was filtered out as 42525131 C.C>G.T needs C but not covered
4.003 was filtered out as 42525820 G>T needs G but not covered
4.004 was filtered out as 42525820 G>T needs G but not covered
4.005 was filtered out as 42525820 G>T needs G but not covered
4.011 was filtered out as 42525820 G>T needs G but not covered
4.019 was filtered out as 42525820 G>T needs G but not covered
4.007 was filtered out as 42523854 G>A needs A but not covered
4.009 was filtered out as 42522612 C>G needs C but not covered
4.010 was filtered out as 42523942 G>A needs A but not covered
4.012 was filtered out as 42522612 C>G needs C but not covered
4.013 was filtered out as 42522664 G>C needs C but not covered
4.027 was filtered out as 42522612 C>G needs C but not covered
4.028 was filtered out as 42525820 G>T needs G but not covered
4.1013 was filtered out as 42522612 C>G needs C but not covered
4.1021 was filtered out as 42522612 C>G needs C but not covered
4.2021 was filtered out as 42525820 G>T needs G but not covered
5.001 was filtered out as 42522612 C>G needs C but not covered
6.001 was filtered out as 42522612 C>G needs C but not covered
6.002 was filtered out as 42522612 C>G needs C but not covered
6.005 was filtered out as 42522612 C>G needs C but not covered
6.006 was filtered out as 42522612 C>G needs C but not covered
6.003 was filtered out as 42526693 G>A needs G but not covered
6.004 was filtered out as 42522612 C>G needs C but not covered
7.001 was filtered out as 42522612 C>G needs C but not covered
8.001 was filtered out as 42523942 G>A needs A but not covered
9.001 was filtered out as 42522612 C>G needs C but not covered
9.002 was filtered out as 42522612 C>G needs C but not covered
10.001 was filtered out as 42525820 G>T needs G but not covered
10.002 was filtered out as 42525820 G>T needs G but not covered
10.003 was filtered out as 42525820 G>T needs G but not covered
10.004 was filtered out as 42525820 G>T needs G but not covered
10.005 was filtered out as 42525820 G>T needs G but not covered
10.006 was filtered out as 42525820 G>T needs G but not covered
10.007 was filtered out as 42525820 G>T needs G but not covered
10.1004 was filtered out as 42525820 G>T needs G but not covered
11.001 was filtered out as 42523942 G>A needs A but not covered
12.001 was filtered out as 42523942 G>A needs A but not covered
12.002 was filtered out as 42523942 G>A needs A but not covered
14.001 was filtered out as 42523942 G>A needs A but not covered
15.001 was filtered out as 42522612 C>G needs C but not covered
15.002 was filtered out as 42522612 C>G needs C but not covered
15.003 was filtered out as 42522612 C>G needs C but not covered
17.001 was filtered out as 42523942 G>A needs A but not covered
17.002 was filtered out as 42523942 G>A needs A but not covered
17.003 was filtered out as 42523942 G>A needs A but not covered
17.004 was filtered out as 42523942 G>A needs A but not covered
17.005 was filtered out as 42523942 G>A needs A but not covered
17.006 was filtered out as 42523942 G>A needs A but not covered
18.001 was filtered out as 42522612 C>G needs C but not covered
19.001 was filtered out as 42523942 G>A needs A but not covered
20.001 was filtered out as 42523942 G>A needs A but not covered
21.001 was filtered out as 42523942 G>A needs A but not covered
21.002 was filtered out as 42523942 G>A needs A but not covered
22.001 was filtered out as 42522612 C>G needs C but not covered
23.001 was filtered out as 42522612 C>G needs C but not covered
24.001 was filtered out as 42522612 C>G needs C but not covered
25.001 was filtered out as 42522612 C>G needs C but not covered
26.001 was filtered out as 42522612 C>G needs C but not covered
27.001 was filtered out as 42522612 C>G needs C but not covered
28.001 was filtered out as 42523942 G>A needs A but not covered
28.002 was filtered out as 42523942 G>A needs A but not covered
29.001 was filtered out as 42523942 G>A needs A but not covered
30.001 was filtered out as 42523942 G>A needs A but not covered
31.001 was filtered out as 42523942 G>A needs A but not covered
32.001 was filtered out as 42523942 G>A needs A but not covered
33.001 was filtered out as 42522612 C>G needs C but not covered
33.002 was filtered out as 42522612 C>G needs C but not covered
34.001 was filtered out as 42523942 G>A needs A but not covered
35.001 was filtered out as 42523942 G>A needs A but not covered
35.002 was filtered out as 42523942 G>A needs A but not covered
35.003 was filtered out as 42523942 G>A needs A but not covered
35.004 was filtered out as 42523942 G>A needs A but not covered
35.005 was filtered out as 42523942 G>A needs A but not covered
35.006 was filtered out as 42523942 G>A needs A but not covered
35.007 was filtered out as 42523942 G>A needs A but not covered
36.001 was filtered out as 42525820 G>T needs G but not covered
36.002 was filtered out as 42525820 G>T needs G but not covered
36.003 was filtered out as 42525820 G>T needs G but not covered
36.004 was filtered out as 42525820 G>T needs G but not covered
36.1001 was filtered out as 42522612 C>G needs C but not covered
37.001 was filtered out as 42525820 G>T needs G but not covered
38.001 was filtered out as 42522612 C>G needs C but not covered
39.001 was filtered out as 42526693 G>A needs G but not covered
39.002 was filtered out as 42526693 G>A needs G but not covered
40.001 was filtered out as 42523942 G>A needs A but not covered
41.001 was filtered out as 42523942 G>A needs A but not covered
41.002 was filtered out as 42523942 G>A needs A but not covered
41.003 was filtered out as 42523942 G>A needs A but not covered
41.004 was filtered out as 42523942 G>A needs A but not covered
41.005 was filtered out as 42523942 G>A needs A but not covered
42.001 was filtered out as 42523942 G>A needs A but not covered
43.001 was filtered out as 42522612 C>G needs C but not covered
43.002 was filtered out as 42522612 C>G needs C but not covered
44.001 was filtered out as 42522612 C>G needs C but not covered
45.001 was filtered out as 42523942 G>A needs A but not covered
45.002 was filtered out as 42523942 G>A needs A but not covered
45.003 was filtered out as 42523942 G>A needs A but not covered
45.004 was filtered out as 42523942 G>A needs A but not covered
46.001 was filtered out as 42523942 G>A needs A but not covered
46.002 was filtered out as 42523942 G>A needs A but not covered
46.003 was filtered out as 42523942 G>A needs A but not covered
47.001 was filtered out as 42525820 G>T needs G but not covered
48.001 was filtered out as 42522612 C>G needs C but not covered
49.001 was filtered out as 42525820 G>T needs G but not covered
50.001 was filtered out as 42522612 C>G needs C but not covered
51.001 was filtered out as 42523942 G>A needs A but not covered
52.001 was filtered out as 42525820 G>T needs G but not covered
52.002 was filtered out as 42525820 G>T needs G but not covered
53.001 was filtered out as 42522612 C>G needs C but not covered
54.001 was filtered out as 42525820 G>T needs G but not covered
55.001 was filtered out as 42523942 G>A needs A but not covered
56.001 was filtered out as 42523942 G>A needs A but not covered
56.002 was filtered out as 42525820 G>T needs G but not covered
56.003 was filtered out as 42525820 G>T needs G but not covered
57.001 was filtered out as 42525820 G>T needs G but not covered
57.1001 was filtered out as 42522612 C>G needs C but not covered
58.001 was filtered out as 42523942 G>A needs A but not covered
59.001 was filtered out as 42523942 G>A needs A but not covered
60.001 was filtered out as 42522612 C>G needs C but not covered
61.001 was filtered out as 42522612 C>G needs C but not covered
62.001 was filtered out as 42522612 C>G needs C but not covered
63.001 was filtered out as 42523942 G>A needs A but not covered
64.001 was filtered out as 42525820 G>T needs G but not covered
65.001 was filtered out as 42523942 G>A needs A but not covered
68.001 was filtered out as 42522612 C>G needs C but not covered
68.002 was filtered out as 42522612 C>G needs C but not covered
69.001 was filtered out as 42523942 G>A needs A but not covered
70.001 was filtered out as 42526693 G>A needs G but not covered
71.001 was filtered out as 42522612 C>G needs C but not covered
71.002 was filtered out as 42522612 C>G needs C but not covered
71.003 was filtered out as 42522612 C>G needs C but not covered
72.001 was filtered out as 42525820 G>T needs G but not covered
73.001 was filtered out as 42523942 G>A needs A but not covered
74.001 was filtered out as 42522612 C>G needs C but not covered
75.001 was filtered out as 42522612 C>G needs C but not covered
75.002 was filtered out as 42522612 C>G needs C but not covered
81.001 was filtered out as 42522612 C>G needs C but not covered
82.001 was filtered out as 42522612 C>G needs C but not covered
83.001 was filtered out as 42526693 G>A needs G but not covered
83.002 was filtered out as 42526693 G>A needs G but not covered
83.003 was filtered out as 42526693 G>A needs G but not covered
83.1003 was filtered out as 42522612 C>G needs C but not covered
84.001 was filtered out as 42523942 G>A needs A but not covered
84.002 was filtered out as 42523942 G>A needs A but not covered
85.001 was filtered out as 42523942 G>A needs A but not covered
86.001 was filtered out as 42522612 C>G needs C but not covered
87.001 was filtered out as 42525820 G>T needs G but not covered
88.001 was filtered out as 42526693 G>A needs G but not covered
89.001 was filtered out as 42522612 C>G needs C but not covered
90.001 was filtered out as 42522612 C>G needs C but not covered
91.001 was filtered out as 42523942 G>A needs A but not covered
92.001 was filtered out as 42522612 C>G needs C but not covered
93.001 was filtered out as 42522612 C>G needs C but not covered
94.001 was filtered out as 42525820 G>T needs G but not covered
94.002 was filtered out as 42525820 G>T needs G but not covered
95.001 was filtered out as 42525820 G>T needs G but not covered
96.001 was filtered out as 42522612 C>G needs C but not covered
97.001 was filtered out as 42522612 C>G needs C but not covered
98.001 was filtered out as 42523942 G>A needs A but not covered
99.001 was filtered out as 42525820 G>T needs G but not covered
100.001 was filtered out as 42525820 G>T needs G but not covered
101.001 was filtered out as 42525820 G>T needs G but not covered
102.001 was filtered out as 42523942 G>A needs A but not covered
103.001 was filtered out as 42523942 G>A needs A but not covered
104.001 was filtered out as 42523942 G>A needs A but not covered
105.001 was filtered out as 42523942 G>A needs A but not covered
106.001 was filtered out as 42522612 C>G needs C but not covered
106.002 was filtered out as 42522612 C>G needs C but not covered
106.003 was filtered out as 42522612 C>G needs C but not covered
107.001 was filtered out as 42522612 C>G needs C but not covered
108.001 was filtered out as 42522612 C>G needs C but not covered
109.001 was filtered out as 42522612 C>G needs C but not covered
110.001 was filtered out as 42522612 C>G needs C but not covered
111.001 was filtered out as 42523942 G>A needs A but not covered
111.002 was filtered out as 42523942 G>A needs A but not covered
112.001 was filtered out as 42522612 C>G needs C but not covered
113.001 was filtered out as 42522612 C>G needs C but not covered
114.001 was filtered out as 42523942 G>A needs A but not covered
115.001 was filtered out as 42522612 C>G needs C but not covered
116.001 was filtered out as 42522612 C>G needs C but not covered
117.001 was filtered out as 42523942 G>A needs A but not covered
118.001 was filtered out as 42522612 C>G needs C but not covered
119.001 was filtered out as 42522612 C>G needs C but not covered
120.001 was filtered out as 42522612 C>G needs C but not covered
121.001 was filtered out as 42523942 G>A needs A but not covered
122.001 was filtered out as 42522612 C>G needs C but not covered
123.001 was filtered out as 42523942 G>A needs A but not covered
124.001 was filtered out as 42522612 C>G needs C but not covered
124.002 was filtered out as 42522612 C>G needs C but not covered
125.001 was filtered out as 42523942 G>A needs A but not covered
126.001 was filtered out as 42523942 G>A needs A but not covered
127.001 was filtered out as 42522612 C>G needs C but not covered
128.001 was filtered out as 42523942 G>A needs A but not covered
129.001 was filtered out as 42523942 G>A needs A but not covered
130.001 was filtered out as 42522612 C>G needs C but not covered
131.001 was filtered out as 42522612 C>G needs C but not covered
132.001 was filtered out as 42525820 G>T needs G but not covered
133.001 was filtered out as 42523942 G>A needs A but not covered
134.001 was filtered out as 42522612 C>G needs C but not covered
135.001 was filtered out as 42523942 G>A needs A but not covered
136.001 was filtered out as 42523942 G>A needs A but not covered
137.001 was filtered out as 42522612 C>G needs C but not covered
138.001 was filtered out as 42523942 G>A needs A but not covered
139.001 was filtered out as 42522612 C>G needs C but not covered
140.001 was filtered out as 42522612 C>G needs C but not covered
141.001 was filtered out as 42523942 G>A needs A but not covered
141.1001 was filtered out as 42523942 G>A needs A but not covered
142.001 was filtered out as 42525820 G>T needs G but not covered
143.001 was filtered out as 42522612 C>G needs C but not covered
144.001 was filtered out as 42522612 C>G needs C but not covered
145.001 was filtered out as 42522612 C>G needs C but not covered
146.001 was filtered out as 42523942 G>A needs A but not covered
147.001 was filtered out as 42525820 G>T needs G but not covered
148.001 was filtered out as 42523942 G>A needs A but not covered
149.001 was filtered out as 42523942 G>A needs A but not covered
152.001 was filtered out as 42522612 C>G needs C but not covered
153.001 was filtered out as 42522612 C>G needs C but not covered
154.001 was filtered out as 42523942 G>A needs A but not covered
155.001 was filtered out as 42523942 G>A needs A but not covered
156.001 was filtered out as 42523942 G>A needs A but not covered
157.001 was filtered out as 42523942 G>A needs A but not covered
158.001 was filtered out as 42523942 G>A needs A but not covered
159.001 was filtered out as 42523942 G>A needs A but not covered
160.001 was filtered out as 42523942 G>A needs A but not covered
161.001 was filtered out as 42523942 G>A needs A but not covered
162.001 was filtered out as 42523942 G>A needs A but not covered
163.001 was filtered out as 42523942 G>A needs A but not covered
[filter] CYP2D6 4.001 => 4.001; 4.006; 4.008; 4.014; 4.015; 4.016; 4.017; 4.018; 4.020; 4.022; 4.023; 4.024; 4.025; 4.026; 4.029; 4.030
[filter] CYP2D6 4.021 => 4.021
[filter] valid_alleles=17
Step 0: Loss=0.1100, CN=[2.0999167]
Step 100: Loss=0.1073, CN=[2.0850892]
Step 200: Loss=0.1073, CN=[2.0854735]
Step 300: Loss=0.1073, CN=[2.085476]
Step 400: Loss=0.1073, CN=[2.085476]

=== Fit ===
Region 0: obs=2.772, exp=2.085, diff=+0.687 *
Region 1: obs=2.275, exp=2.085, diff=+0.190 
Region 2: obs=1.920, exp=2.085, diff=-0.165 
Region 3: obs=2.111, exp=2.085, diff=+0.025 
Region 4: obs=1.650, exp=2.085, diff=-0.435 
Region 5: obs=1.975, exp=2.085, diff=-0.110 
Region 6: obs=1.993, exp=2.085, diff=-0.093 
Region 7: obs=2.231, exp=2.085, diff=+0.146 
Region 8: obs=1.819, exp=2.085, diff=-0.266 
Region 9: obs=1.695, exp=2.085, diff=-0.390 
Region 10: obs=1.548, exp=2.085, diff=-0.537 *
Region 11: obs=2.237, exp=2.085, diff=+0.151 
Region 12: obs=1.826, exp=2.085, diff=-0.259 
Region 13: obs=2.059, exp=2.085, diff=-0.027 
Region 14: obs=3.388, exp=2.085, diff=+1.303 *
Region 15: obs=2.627, exp=2.085, diff=+0.542 *
Region 16: obs=2.028, exp=2.085, diff=-0.057 
Region 17: obs=2.433, exp=2.085, diff=+0.348 
Region 18: obs=2.207, exp=2.085, diff=+0.122 
Region 19: obs=2.601, exp=2.085, diff=+0.515 *
Region 20: obs=2.007, exp=2.085, diff=-0.078 
Region 21: obs=0.000, exp=2.085, diff=-2.085 *
Region 22: obs=1.986, exp=2.085, diff=-0.100 

[Gene CN Results]
  CYP2D6: 2.09 → 2.0854759216308594

=== CYP2D6 Fusion Template CN Estimation ===

Using CN configs: ['1', '68.001', '141.1001']

Region coverage:
  up: 2.8
  utr5: 2.3
  e1: 1.9
  i1: 2.1
  e2: 1.7
  i2: 2.0
  e3: 2.0
  i3: 2.2
  e4: 1.8
  i4: 1.7
  e5: 1.5
  i5: 2.2
  e6: 1.8
  i6: 2.1
  e7: 3.4
  i7: 2.6
  e8: 2.0
  i8: 2.4
  e9: 2.2
  utr3: 2.6
  ins: 2.0
  pce: 0.0
  rep: 2.0
  e1_2d7: 0.2
  e2_2d7: 0.5
  e3_2d7: 0.4
  e5_2d7: 0.0
  e6_2d7: 0.3
  e9_2d7: 0.0
  pce_2d7: 0.1

CN configs: ['1', '68.001', '141.1001']
PCE contributions: {'1': tensor(0.), '68.001': tensor(1.), '141.1001': tensor(1.)}
Gene CN: 2.09 → required total: 2
Respect gene CN constraint: True
Enumerating configurations that sum to 2...
Evaluated 6 configurations

Top 5 configurations:
  1. loss=3.15: 1:2
  2. loss=9.42: 1:1, 141.1001:1
  3. loss=22.88: 1:1, 68.001:1
  4. loss=26.20: 141.1001:2
  5. loss=39.66: 68.001:1, 141.1001:1

Best CN assignment (loss=3.15):
  1: 2
  Total: 2

Fit comparison:
  up: obs=2.8, exp=2.0, diff=+0.8
  utr5: obs=2.3, exp=2.0, diff=+0.3
  e1: obs=1.9, exp=2.0, diff=-0.1
  i1: obs=2.1, exp=2.0, diff=+0.1
  e2: obs=1.7, exp=2.0, diff=-0.3
  i2: obs=2.0, exp=2.0, diff=-0.0
  e3: obs=2.0, exp=2.0, diff=-0.0
  i3: obs=2.2, exp=2.0, diff=+0.2
  e4: obs=1.8, exp=2.0, diff=-0.2
  i4: obs=1.7, exp=2.0, diff=-0.3
  e5: obs=1.5, exp=2.0, diff=-0.5
  i5: obs=2.2, exp=2.0, diff=+0.2
  e6: obs=1.8, exp=2.0, diff=-0.2
  i6: obs=2.1, exp=2.0, diff=+0.1
  e7: obs=3.4, exp=2.0, diff=+1.4
  i7: obs=2.6, exp=2.0, diff=+0.6
  e8: obs=2.0, exp=2.0, diff=+0.0
  i8: obs=2.4, exp=2.0, diff=+0.4
  e9: obs=2.2, exp=2.0, diff=+0.2
  utr3: obs=2.6, exp=2.0, diff=+0.6
  ins: obs=2.0, exp=2.0, diff=+0.0
  pce: obs=0.0, exp=0.0, diff=+0.0
  rep: obs=2.0, exp=2.0, diff=-0.0
  e1_2d7: obs=0.2, exp=0.0, diff=+0.2
  e2_2d7: obs=0.5, exp=0.0, diff=+0.5
  e3_2d7: obs=0.4, exp=0.0, diff=+0.4
  e5_2d7: obs=0.0, exp=0.0, diff=+0.0
  e6_2d7: obs=0.3, exp=0.0, diff=+0.3
  e9_2d7: obs=0.0, exp=0.0, diff=+0.0
  pce_2d7: obs=0.1, exp=0.0, diff=+0.1

[Selected CN Configs] 1:2
  Total CYP2D6 CN: 2

[Filtering alleles by cn_config]

Kept alleles by cn_config:
  1: 2 major alleles
    *4.001, *4.021

  Filtered: 0 alleles
  Kept: 17 alleles

[Updating N variant counts for deleted regions]
  Total updated: 0 positions

[Rebuilding allele vectors for fusion cn_configs]
Using device: cuda

=== Running VAE with seed 42 ===
Global Pooled JS: 0.042616
Seed 42, Step    0: Loss = 477.33 (Recon: 379.44, Allele KL: 15.30, Base KL: 6477.54, Functional KL: 0.04
Global Pooled JS: 0.019738
Seed 42, Step  500: Loss = 266.57 (Recon: 187.86, Allele KL: 29.57, Base KL: 4244.03, Functional KL: 0.02
Global Pooled JS: 0.019162
Seed 42, Step 1000: Loss = 258.32 (Recon: 183.49, Allele KL: 29.57, Base KL: 4118.08, Functional KL: 0.02
Global Pooled JS: 0.021544
Seed 42, Step 1500: Loss = 274.52 (Recon: 194.26, Allele KL: 23.46, Base KL: 4275.35, Functional KL: 0.02
Global Pooled JS: 0.019423
Seed 42, Step 2000: Loss = 263.47 (Recon: 185.62, Allele KL: 32.06, Base KL: 4370.17, Functional KL: 0.02
Global Pooled JS: 0.019486
Seed 42, Step 2500: Loss = 258.77 (Recon: 184.99, Allele KL: 28.01, Base KL: 4253.85, Functional KL: 0.02

Top Variants with Coverage Mismatches:
Rank   Variant                        Expected     Observed     Diff       |Div|       
------------------------------------------------------------------------------------------
1      CYP2D6:42523527→C              24.22        42.00        -17.78     0.003830    
2      CYP2D6:42523527→T              16.12        26.00        -9.88      0.001863    
3      CYP2D6:42525820→T              39.23        28.00        11.23      0.001373    
4      CYP2D6:42525810→C              39.23        29.00        10.23      0.001114    
5      CYP2D6:42522612→G              39.41        50.00        -10.59     0.001039    
6      CYP2D6:42526693→A              39.24        31.00        8.24       0.000690    
7      CYP2D6:42525810→M              0.28         0.00         0.28       0.000296    
8      CYP2D6:42525820→C              0.28         0.00         0.28       0.000292    
9      CYP2D6:42525820→G              0.27         0.00         0.27       0.000290    
10     CYP2D6:42525810→T              0.27         0.00         0.27       0.000290    
11     CYP2D6:42526693→N              0.27         0.00         0.27       0.000289    
12     CYP2D6:42525810→G              0.27         0.00         0.27       0.000289    
13     CYP2D6:42526693→C              0.27         0.00         0.27       0.000288    
14     CYP2D6:42525820→M              0.27         0.00         0.27       0.000288    
15     CYP2D6:42525820→N              0.27         0.00         0.27       0.000287    
16     CYP2D6:42526693→G              0.27         0.00         0.27       0.000286    
17     CYP2D6:42525820→A              0.27         0.00         0.27       0.000286    
18     CYP2D6:42525820→P              0.27         0.00         0.27       0.000286    
19     CYP2D6:42525810→P              0.27         0.00         0.27       0.000285    
20     CYP2D6:42525810→A              0.27         0.00         0.27       0.000285    
21     CYP2D6:42525810→N              0.27         0.00         0.27       0.000285    
22     CYP2D6:42526693→P              0.27         0.00         0.27       0.000283    
23     CYP2D6:42526693→T              0.27         0.00         0.27       0.000283    
24     CYP2D6:42526693→M              0.27         0.00         0.27       0.000282    
25     CYP2D6:42524946→N              0.26         0.00         0.26       0.000277    
26     CYP2D6:42524946→G              0.26         0.00         0.26       0.000276    
27     CYP2D6:42524946→P              0.26         0.00         0.26       0.000276    
28     CYP2D6:42524946→C              0.26         0.00         0.26       0.000275    
29     CYP2D6:42524946→A              0.26         0.00         0.26       0.000272    
30     CYP2D6:42524946→M              0.25         0.00         0.25       0.000270    
31     CYP2D6:42522612→A              0.24         0.00         0.24       0.000260    
32     CYP2D6:42522612→C              0.24         0.00         0.24       0.000259    
33     CYP2D6:42522612→N              0.24         0.00         0.24       0.000255    
34     CYP2D6:42522612→P              0.24         0.00         0.24       0.000255    
35     CYP2D6:42522612→M              0.24         0.00         0.24       0.000255    
36     CYP2D6:42522612→T              0.24         0.00         0.24       0.000254    
37     CYP2D6:42525131→G              40.86        36.00        4.86       0.000204    
38     CYP2D6:42523527→M              0.10         0.00         0.10       0.000110    
39     CYP2D6:42523527→G              0.10         0.00         0.10       0.000109    
40     CYP2D6:42523527→P              0.10         0.00         0.10       0.000109    
41     CYP2D6:42523527→N              0.10         0.00         0.10       0.000108    
42     CYP2D6:42523527→A              0.10         0.00         0.10       0.000107    
43     CYP2D6:42524946→T              39.31        42.00        -2.69      0.000088    
44     CYP2D6:42522915→G              0.06         0.00         0.06       0.000067    
45     CYP2D6:42522915→C              40.79        40.00        0.79       0.000002    
46     CYP2D6:42522915→A              0.00         0.00         0.00       0.000000    
47     CYP2D6:42522915→M              0.00         0.00         0.00       0.000000    
48     CYP2D6:42522915→N              0.00         0.00         0.00       0.000000    
49     CYP2D6:42522915→P              0.00         0.00         0.00       0.000000    
50     CYP2D6:42522915→T              0.00         0.00         0.00       0.000000    
51     CYP2D6:42525131→A              0.00         0.00         0.00       0.000000    
52     CYP2D6:42525131→C              0.00         0.00         0.00       0.000000    
53     CYP2D6:42525131→M              0.00         0.00         0.00       0.000000    
54     CYP2D6:42525131→N              0.00         0.00         0.00       0.000000    
55     CYP2D6:42525131→P              0.00         0.00         0.00       0.000000    
56     CYP2D6:42525131→T              0.00         0.00         0.00       0.000000    
New best model with final loss: 263.88

=== Running VAE with seed 123 ===
Global Pooled JS: 0.057507
Seed 123, Step    0: Loss = 693.92 (Recon: 590.35, Allele KL: 23.42, Base KL: 4870.69, Functional KL: 0.06
Global Pooled JS: 0.020405
Seed 123, Step  500: Loss = 262.53 (Recon: 183.62, Allele KL: 31.96, Base KL: 4335.86, Functional KL: 0.02
Global Pooled JS: 0.020177
Seed 123, Step 1000: Loss = 262.89 (Recon: 184.73, Allele KL: 27.98, Base KL: 4302.15, Functional KL: 0.02
Global Pooled JS: 0.019713
Seed 123, Step 1500: Loss = 267.70 (Recon: 186.14, Allele KL: 25.27, Base KL: 4329.19, Functional KL: 0.02
Global Pooled JS: 0.019459
Seed 123, Step 2000: Loss = 265.67 (Recon: 185.64, Allele KL: 23.92, Base KL: 4361.86, Functional KL: 0.02
Global Pooled JS: 0.019513
Seed 123, Step 2500: Loss = 264.43 (Recon: 186.15, Allele KL: 29.92, Base KL: 4159.35, Functional KL: 0.02

Top Variants with Coverage Mismatches:
Rank   Variant                        Expected     Observed     Diff       |Div|       
------------------------------------------------------------------------------------------
1      CYP2D6:42523527→C              26.33        42.00        -15.67     0.002892    
2      CYP2D6:42523527→T              14.09        26.00        -11.91     0.002841    
3      CYP2D6:42525820→T              39.24        28.00        11.24      0.001375    
4      CYP2D6:42525810→C              39.22        29.00        10.22      0.001113    
5      CYP2D6:42522612→G              39.40        50.00        -10.60     0.001040    
6      CYP2D6:42526693→A              39.24        31.00        8.24       0.000690    
7      CYP2D6:42525820→G              0.27         0.00         0.27       0.000291    
8      CYP2D6:42525810→N              0.27         0.00         0.27       0.000291    
9      CYP2D6:42525810→G              0.27         0.00         0.27       0.000291    
10     CYP2D6:42526693→C              0.27         0.00         0.27       0.000291    
11     CYP2D6:42525810→M              0.27         0.00         0.27       0.000291    
12     CYP2D6:42525810→P              0.27         0.00         0.27       0.000290    
13     CYP2D6:42525820→M              0.27         0.00         0.27       0.000289    
14     CYP2D6:42525810→T              0.27         0.00         0.27       0.000288    
15     CYP2D6:42525820→N              0.27         0.00         0.27       0.000287    
16     CYP2D6:42525820→A              0.27         0.00         0.27       0.000287    
17     CYP2D6:42525810→A              0.27         0.00         0.27       0.000287    
18     CYP2D6:42526693→P              0.27         0.00         0.27       0.000285    
19     CYP2D6:42526693→T              0.27         0.00         0.27       0.000285    
20     CYP2D6:42526693→N              0.27         0.00         0.27       0.000284    
21     CYP2D6:42526693→G              0.27         0.00         0.27       0.000284    
22     CYP2D6:42526693→M              0.27         0.00         0.27       0.000283    
23     CYP2D6:42525820→P              0.27         0.00         0.27       0.000283    
24     CYP2D6:42525820→C              0.26         0.00         0.26       0.000280    
25     CYP2D6:42524946→C              0.26         0.00         0.26       0.000278    
26     CYP2D6:42524946→G              0.26         0.00         0.26       0.000274    
27     CYP2D6:42524946→P              0.26         0.00         0.26       0.000273    
28     CYP2D6:42524946→M              0.26         0.00         0.26       0.000273    
29     CYP2D6:42524946→N              0.26         0.00         0.26       0.000271    
30     CYP2D6:42524946→A              0.25         0.00         0.25       0.000264    
31     CYP2D6:42522612→C              0.25         0.00         0.25       0.000261    
32     CYP2D6:42522612→N              0.24         0.00         0.24       0.000259    
33     CYP2D6:42522612→A              0.24         0.00         0.24       0.000258    
34     CYP2D6:42522612→P              0.24         0.00         0.24       0.000256    
35     CYP2D6:42522612→T              0.24         0.00         0.24       0.000255    
36     CYP2D6:42522612→M              0.24         0.00         0.24       0.000254    
37     CYP2D6:42525131→G              40.86        36.00        4.86       0.000204    
38     CYP2D6:42523527→M              0.09         0.00         0.09       0.000095    
39     CYP2D6:42523527→P              0.09         0.00         0.09       0.000094    
40     CYP2D6:42523527→N              0.09         0.00         0.09       0.000094    
41     CYP2D6:42523527→A              0.09         0.00         0.09       0.000094    
42     CYP2D6:42523527→G              0.09         0.00         0.09       0.000093    
43     CYP2D6:42524946→T              39.32        42.00        -2.68      0.000087    
44     CYP2D6:42522915→G              0.06         0.00         0.06       0.000063    
45     CYP2D6:42522915→C              40.80        40.00        0.80       0.000002    
46     CYP2D6:42522915→A              0.00         0.00         0.00       0.000000    
47     CYP2D6:42522915→M              0.00         0.00         0.00       0.000000    
48     CYP2D6:42522915→N              0.00         0.00         0.00       0.000000    
49     CYP2D6:42522915→P              0.00         0.00         0.00       0.000000    
50     CYP2D6:42522915→T              0.00         0.00         0.00       0.000000    
51     CYP2D6:42525131→A              0.00         0.00         0.00       0.000000    
52     CYP2D6:42525131→C              0.00         0.00         0.00       0.000000    
53     CYP2D6:42525131→M              0.00         0.00         0.00       0.000000    
54     CYP2D6:42525131→N              0.00         0.00         0.00       0.000000    
55     CYP2D6:42525131→P              0.00         0.00         0.00       0.000000    
56     CYP2D6:42525131→T              0.00         0.00         0.00       0.000000    
New best model with final loss: 261.40

=== Running VAE with seed 456 ===
Global Pooled JS: 0.038279
Seed 456, Step    0: Loss = 480.49 (Recon: 364.93, Allele KL: 33.52, Base KL: 7016.74, Functional KL: 0.04
Global Pooled JS: 0.020060
Seed 456, Step  500: Loss = 264.09 (Recon: 184.39, Allele KL: 25.99, Base KL: 4435.18, Functional KL: 0.02
Global Pooled JS: 0.019036
Seed 456, Step 1000: Loss = 259.70 (Recon: 183.44, Allele KL: 28.64, Base KL: 4247.63, Functional KL: 0.02
Global Pooled JS: 0.019378
Seed 456, Step 1500: Loss = 265.41 (Recon: 180.73, Allele KL: 37.59, Base KL: 4342.30, Functional KL: 0.02
Global Pooled JS: 0.020183
Seed 456, Step 2000: Loss = 264.19 (Recon: 186.36, Allele KL: 22.97, Base KL: 4368.58, Functional KL: 0.02
Global Pooled JS: 0.019101
Seed 456, Step 2500: Loss = 258.15 (Recon: 180.86, Allele KL: 31.19, Base KL: 4312.16, Functional KL: 0.02

Top Variants with Coverage Mismatches:
Rank   Variant                        Expected     Observed     Diff       |Div|       
------------------------------------------------------------------------------------------
1      CYP2D6:42523527→C              26.17        42.00        -15.83     0.002955    
2      CYP2D6:42523527→T              14.25        26.00        -11.75     0.002753    
3      CYP2D6:42525820→T              39.24        28.00        11.24      0.001375    
4      CYP2D6:42525810→C              39.28        29.00        10.28      0.001126    
5      CYP2D6:42522612→G              39.39        50.00        -10.61     0.001041    
6      CYP2D6:42526693→A              39.25        31.00        8.25       0.000691    
7      CYP2D6:42525820→G              0.28         0.00         0.28       0.000294    
8      CYP2D6:42525820→N              0.27         0.00         0.27       0.000291    
9      CYP2D6:42526693→N              0.27         0.00         0.27       0.000290    
10     CYP2D6:42526693→T              0.27         0.00         0.27       0.000287    
11     CYP2D6:42526693→M              0.27         0.00         0.27       0.000286    
12     CYP2D6:42525820→P              0.27         0.00         0.27       0.000286    
13     CYP2D6:42525820→A              0.27         0.00         0.27       0.000285    
14     CYP2D6:42526693→P              0.27         0.00         0.27       0.000282    
15     CYP2D6:42526693→C              0.27         0.00         0.27       0.000282    
16     CYP2D6:42525810→G              0.27         0.00         0.27       0.000282    
17     CYP2D6:42525820→C              0.27         0.00         0.27       0.000282    
18     CYP2D6:42525820→M              0.27         0.00         0.27       0.000282    
19     CYP2D6:42525810→T              0.27         0.00         0.27       0.000281    
20     CYP2D6:42525810→N              0.26         0.00         0.26       0.000279    
21     CYP2D6:42526693→G              0.26         0.00         0.26       0.000278    
22     CYP2D6:42525810→M              0.26         0.00         0.26       0.000278    
23     CYP2D6:42525810→A              0.26         0.00         0.26       0.000275    
24     CYP2D6:42525810→P              0.26         0.00         0.26       0.000274    
25     CYP2D6:42524946→P              0.26         0.00         0.26       0.000271    
26     CYP2D6:42524946→A              0.26         0.00         0.26       0.000271    
27     CYP2D6:42524946→C              0.25         0.00         0.25       0.000269    
28     CYP2D6:42524946→M              0.25         0.00         0.25       0.000268    
29     CYP2D6:42524946→G              0.25         0.00         0.25       0.000267    
30     CYP2D6:42524946→N              0.25         0.00         0.25       0.000267    
31     CYP2D6:42522612→T              0.25         0.00         0.25       0.000261    
32     CYP2D6:42522612→C              0.25         0.00         0.25       0.000261    
33     CYP2D6:42522612→P              0.25         0.00         0.25       0.000260    
34     CYP2D6:42522612→N              0.24         0.00         0.24       0.000258    
35     CYP2D6:42522612→M              0.24         0.00         0.24       0.000256    
36     CYP2D6:42522612→A              0.24         0.00         0.24       0.000255    
37     CYP2D6:42525131→G              40.86        36.00        4.86       0.000204    
38     CYP2D6:42523527→M              0.09         0.00         0.09       0.000093    
39     CYP2D6:42523527→G              0.09         0.00         0.09       0.000092    
40     CYP2D6:42523527→N              0.09         0.00         0.09       0.000092    
41     CYP2D6:42523527→P              0.09         0.00         0.09       0.000092    
42     CYP2D6:42523527→A              0.09         0.00         0.09       0.000091    
43     CYP2D6:42524946→T              39.34        42.00        -2.66      0.000086    
44     CYP2D6:42522915→G              0.06         0.00         0.06       0.000062    
45     CYP2D6:42522915→C              40.80        40.00        0.80       0.000002    
46     CYP2D6:42522915→A              0.00         0.00         0.00       0.000000    
47     CYP2D6:42522915→M              0.00         0.00         0.00       0.000000    
48     CYP2D6:42522915→N              0.00         0.00         0.00       0.000000    
49     CYP2D6:42522915→P              0.00         0.00         0.00       0.000000    
50     CYP2D6:42522915→T              0.00         0.00         0.00       0.000000    
51     CYP2D6:42525131→A              0.00         0.00         0.00       0.000000    
52     CYP2D6:42525131→C              0.00         0.00         0.00       0.000000    
53     CYP2D6:42525131→M              0.00         0.00         0.00       0.000000    
54     CYP2D6:42525131→N              0.00         0.00         0.00       0.000000    
55     CYP2D6:42525131→P              0.00         0.00         0.00       0.000000    
56     CYP2D6:42525131→T              0.00         0.00         0.00       0.000000    

=== Multi-Seed VAE Results ===
Best model had seed 123 with final loss: 261.40
All seeds final losses:
  Seed 42: Total=263.88 (Recon=182.69, A_KL=28.74, B_KL=4209.98)
  Seed 123: Total=261.40 (Recon=188.71, A_KL=29.51, B_KL=4262.90) <- Best
  Seed 456: Total=268.26 (Recon=191.38, A_KL=28.42, B_KL=4462.95)
[time] run_vae took 109.84s (2,642.4765625 MB; 2,642.4765625 MB)

[Raw]:
CYP2D6*4: Normalized=1.0000, Unnormalized=1.00

Allocating by cn_config:

[Alleles]
CYP2D6*4
CYP2D6*4
	Command being timed: "python cyp.py CYP2D6 /project/shared/aldy-data/wgs/NA07055.wgs.cram"
	User time (seconds): 111.26
	System time (seconds): 11.07
	Percent of CPU this job got: 98%
	Elapsed (wall clock) time (h:mm:ss or m:ss): 2:03.73
	Average shared text size (kbytes): 0
	Average unshared data size (kbytes): 0
	Average stack size (kbytes): 0
	Average total size (kbytes): 0
	Maximum resident set size (kbytes): 2705920
	Average resident set size (kbytes): 0
	Major (requiring I/O) page faults: 0
	Minor (reclaiming a frame) page faults: 823711
	Voluntary context switches: 24417
	Involuntary context switches: 4093
	Swaps: 0
	File system inputs: 0
	File system outputs: 112
	Socket messages sent: 0
	Socket messages received: 0
	Signals delivered: 0
	Page size (bytes): 4096
	Exit status: 0
