2026-05-16 01:44:23.407704: I tensorflow/core/util/port.cc:111] oneDNN custom operations are on. You may see slightly different numerical results due to floating-point round-off errors from different computation orders. To turn them off, set the environment variable `TF_ENABLE_ONEDNN_OPTS=0`.
2026-05-16 01:44:23.444647: E tensorflow/compiler/xla/stream_executor/cuda/cuda_dnn.cc:9342] Unable to register cuDNN factory: Attempting to register factory for plugin cuDNN when one has already been registered
2026-05-16 01:44:23.444798: E tensorflow/compiler/xla/stream_executor/cuda/cuda_fft.cc:609] Unable to register cuFFT factory: Attempting to register factory for plugin cuFFT when one has already been registered
2026-05-16 01:44:23.444933: E tensorflow/compiler/xla/stream_executor/cuda/cuda_blas.cc:1518] Unable to register cuBLAS factory: Attempting to register factory for plugin cuBLAS when one has already been registered
2026-05-16 01:44:23.453255: I tensorflow/core/platform/cpu_feature_guard.cc:182] This TensorFlow binary is optimized to use available CPU instructions in performance-critical operations.
To enable the following instructions: AVX2 AVX512F AVX512_VNNI FMA, in other operations, rebuild TensorFlow with the appropriate compiler flags.
AttributeError: 'MessageFactory' object has no attribute 'GetPrototype'
2026-05-16 01:44:24.463183: W tensorflow/compiler/tf2tensorrt/utils/py_utils.cc:38] TF-TRT Warning: Could not find TensorRT
AttributeError: 'MessageFactory' object has no attribute 'GetPrototype'
[info] total indices 2506
[info] total variants 2506
1.001 was filtered out as 42522612 C>G needs C but not covered
1.002 was filtered out as 42522612 C>G needs C but not covered
1.003 was filtered out as 42522612 C>G needs C but not covered
1.004 was filtered out as 42522612 C>G needs C but not covered
1.005 was filtered out as 42522612 C>G needs C but not covered
1.006 was filtered out as 42522612 C>G needs C but not covered
1.007 was filtered out as 42522612 C>G needs C but not covered
1.008 was filtered out as 42522612 C>G needs C but not covered
1.009 was filtered out as 42522612 C>G needs C but not covered
1.010 was filtered out as 42522612 C>G needs C but not covered
1.011 was filtered out as 42522612 C>G needs C but not covered
1.012 was filtered out as 42522612 C>G needs C but not covered
1.013 was filtered out as 42522612 C>G needs C but not covered
1.014 was filtered out as 42522612 C>G needs C but not covered
1.015 was filtered out as 42522612 C>G needs C but not covered
1.016 was filtered out as 42522612 C>G needs C but not covered
1.017 was filtered out as 42522612 C>G needs C but not covered
1.018 was filtered out as 42522612 C>G needs C but not covered
1.019 was filtered out as 42522612 C>G needs C but not covered
1.020 was filtered out as 42522612 C>G needs C but not covered
1.021 was filtered out as 42522612 C>G needs C but not covered
1.022 was filtered out as 42522612 C>G needs C but not covered
1.023 was filtered out as 42522612 C>G needs C but not covered
1.024 was filtered out as 42522612 C>G needs C but not covered
1.025 was filtered out as 42522612 C>G needs C but not covered
1.026 was filtered out as 42522612 C>G needs C but not covered
1.027 was filtered out as 42522612 C>G needs C but not covered
1.028 was filtered out as 42522612 C>G needs C but not covered
1.029 was filtered out as 42522612 C>G needs C but not covered
1.030 was filtered out as 42522612 C>G needs C but not covered
1.031 was filtered out as 42522612 C>G needs C but not covered
1.032 was filtered out as 42522612 C>G needs C but not covered
1.033 was filtered out as 42522612 C>G needs C but not covered
1.034 was filtered out as 42522612 C>G needs C but not covered
1.035 was filtered out as 42522612 C>G needs C but not covered
1.036 was filtered out as 42522612 C>G needs C but not covered
1.037 was filtered out as 42522612 C>G needs C but not covered
1.038 was filtered out as 42522612 C>G needs C but not covered
1.039 was filtered out as 42522612 C>G needs C but not covered
1.040 was filtered out as 42522612 C>G needs C but not covered
1.041 was filtered out as 42522612 C>G needs C but not covered
1.042 was filtered out as 42522612 C>G needs C but not covered
1.043 was filtered out as 42522612 C>G needs C but not covered
1.044 was filtered out as 42522612 C>G needs C but not covered
1.045 was filtered out as 42522612 C>G needs C but not covered
1.046 was filtered out as 42522612 C>G needs C but not covered
1.047 was filtered out as 42522612 C>G needs C but not covered
1.048 was filtered out as 42522612 C>G needs C but not covered
1.049 was filtered out as 42522612 C>G needs C but not covered
2.001 was filtered out as 42523942 G>A needs A but not covered
2.002 was filtered out as 42523942 G>A needs A but not covered
2.003 was filtered out as 42523942 G>A needs A but not covered
2.004 was filtered out as 42523942 G>A needs A but not covered
2.005 was filtered out as 42523942 G>A needs A but not covered
2.006 was filtered out as 42523942 G>A needs A but not covered
2.007 was filtered out as 42523942 G>A needs A but not covered
2.008 was filtered out as 42523942 G>A needs A but not covered
2.009 was filtered out as 42523942 G>A needs A but not covered
2.010 was filtered out as 42523942 G>A needs A but not covered
2.011 was filtered out as 42523942 G>A needs A but not covered
2.012 was filtered out as 42523942 G>A needs A but not covered
2.013 was filtered out as 42523942 G>A needs A but not covered
2.014 was filtered out as 42523942 G>A needs A but not covered
2.015 was filtered out as 42523942 G>A needs A but not covered
2.016 was filtered out as 42523942 G>A needs A but not covered
2.017 was filtered out as 42523942 G>A needs A but not covered
2.018 was filtered out as 42523942 G>A needs A but not covered
2.019 was filtered out as 42523942 G>A needs A but not covered
2.020 was filtered out as 42523942 G>A needs A but not covered
2.021 was filtered out as 42523942 G>A needs A but not covered
2.022 was filtered out as 42523942 G>A needs A but not covered
2.023 was filtered out as 42523942 G>A needs A but not covered
2.024 was filtered out as 42523942 G>A needs A but not covered
2.025 was filtered out as 42523942 G>A needs A but not covered
2.026 was filtered out as 42523942 G>A needs A but not covered
2.027 was filtered out as 42523942 G>A needs A but not covered
2.028 was filtered out as 42523942 G>A needs A but not covered
2.030 was filtered out as 42523942 G>A needs A but not covered
3.001 was filtered out as 42522612 C>G needs C but not covered
3.002 was filtered out as 42522612 C>G needs C but not covered
4.002 was filtered out as 42525131 C.C>G.T needs C but not covered
4.003 was filtered out as 42525820 G>T needs G but not covered
4.004 was filtered out as 42525820 G>T needs G but not covered
4.005 was filtered out as 42525820 G>T needs G but not covered
4.011 was filtered out as 42525820 G>T needs G but not covered
4.019 was filtered out as 42525820 G>T needs G but not covered
4.007 was filtered out as 42523854 G>A needs A but not covered
4.009 was filtered out as 42522612 C>G needs C but not covered
4.010 was filtered out as 42523942 G>A needs A but not covered
4.012 was filtered out as 42522612 C>G needs C but not covered
4.013 was filtered out as 42522664 G>C needs C but not covered
4.027 was filtered out as 42522612 C>G needs C but not covered
4.028 was filtered out as 42525820 G>T needs G but not covered
4.1013 was filtered out as 42522612 C>G needs C but not covered
4.1021 was filtered out as 42522612 C>G needs C but not covered
4.2021 was filtered out as 42525820 G>T needs G but not covered
5.001 was filtered out as 42522612 C>G needs C but not covered
6.001 was filtered out as 42522612 C>G needs C but not covered
6.002 was filtered out as 42522612 C>G needs C but not covered
6.005 was filtered out as 42522612 C>G needs C but not covered
6.006 was filtered out as 42522612 C>G needs C but not covered
6.003 was filtered out as 42526693 G>A needs G but not covered
6.004 was filtered out as 42522612 C>G needs C but not covered
7.001 was filtered out as 42522612 C>G needs C but not covered
8.001 was filtered out as 42523942 G>A needs A but not covered
9.001 was filtered out as 42522612 C>G needs C but not covered
9.002 was filtered out as 42522612 C>G needs C but not covered
10.001 was filtered out as 42525820 G>T needs G but not covered
10.002 was filtered out as 42525820 G>T needs G but not covered
10.003 was filtered out as 42525820 G>T needs G but not covered
10.004 was filtered out as 42525820 G>T needs G but not covered
10.005 was filtered out as 42525820 G>T needs G but not covered
10.006 was filtered out as 42525820 G>T needs G but not covered
10.007 was filtered out as 42525820 G>T needs G but not covered
10.1004 was filtered out as 42525820 G>T needs G but not covered
11.001 was filtered out as 42523942 G>A needs A but not covered
12.001 was filtered out as 42523942 G>A needs A but not covered
12.002 was filtered out as 42523942 G>A needs A but not covered
14.001 was filtered out as 42523942 G>A needs A but not covered
15.001 was filtered out as 42522612 C>G needs C but not covered
15.002 was filtered out as 42522612 C>G needs C but not covered
15.003 was filtered out as 42522612 C>G needs C but not covered
17.001 was filtered out as 42523942 G>A needs A but not covered
17.002 was filtered out as 42523942 G>A needs A but not covered
17.003 was filtered out as 42523942 G>A needs A but not covered
17.004 was filtered out as 42523942 G>A needs A but not covered
17.005 was filtered out as 42523942 G>A needs A but not covered
17.006 was filtered out as 42523942 G>A needs A but not covered
18.001 was filtered out as 42522612 C>G needs C but not covered
19.001 was filtered out as 42523942 G>A needs A but not covered
20.001 was filtered out as 42523942 G>A needs A but not covered
21.001 was filtered out as 42523942 G>A needs A but not covered
21.002 was filtered out as 42523942 G>A needs A but not covered
22.001 was filtered out as 42522612 C>G needs C but not covered
23.001 was filtered out as 42522612 C>G needs C but not covered
24.001 was filtered out as 42522612 C>G needs C but not covered
25.001 was filtered out as 42522612 C>G needs C but not covered
26.001 was filtered out as 42522612 C>G needs C but not covered
27.001 was filtered out as 42522612 C>G needs C but not covered
28.001 was filtered out as 42523942 G>A needs A but not covered
28.002 was filtered out as 42523942 G>A needs A but not covered
29.001 was filtered out as 42523942 G>A needs A but not covered
30.001 was filtered out as 42523942 G>A needs A but not covered
31.001 was filtered out as 42523942 G>A needs A but not covered
32.001 was filtered out as 42523942 G>A needs A but not covered
33.001 was filtered out as 42522612 C>G needs C but not covered
33.002 was filtered out as 42522612 C>G needs C but not covered
34.001 was filtered out as 42523942 G>A needs A but not covered
35.001 was filtered out as 42523942 G>A needs A but not covered
35.002 was filtered out as 42523942 G>A needs A but not covered
35.003 was filtered out as 42523942 G>A needs A but not covered
35.004 was filtered out as 42523942 G>A needs A but not covered
35.005 was filtered out as 42523942 G>A needs A but not covered
35.006 was filtered out as 42523942 G>A needs A but not covered
35.007 was filtered out as 42523942 G>A needs A but not covered
36.001 was filtered out as 42525820 G>T needs G but not covered
36.002 was filtered out as 42525820 G>T needs G but not covered
36.003 was filtered out as 42525820 G>T needs G but not covered
36.004 was filtered out as 42525820 G>T needs G but not covered
36.1001 was filtered out as 42522612 C>G needs C but not covered
37.001 was filtered out as 42525820 G>T needs G but not covered
38.001 was filtered out as 42522612 C>G needs C but not covered
39.001 was filtered out as 42526693 G>A needs G but not covered
39.002 was filtered out as 42526693 G>A needs G but not covered
40.001 was filtered out as 42523942 G>A needs A but not covered
41.001 was filtered out as 42523942 G>A needs A but not covered
41.002 was filtered out as 42523942 G>A needs A but not covered
41.003 was filtered out as 42523942 G>A needs A but not covered
41.004 was filtered out as 42523942 G>A needs A but not covered
41.005 was filtered out as 42523942 G>A needs A but not covered
42.001 was filtered out as 42523942 G>A needs A but not covered
43.001 was filtered out as 42522612 C>G needs C but not covered
43.002 was filtered out as 42522612 C>G needs C but not covered
44.001 was filtered out as 42522612 C>G needs C but not covered
45.001 was filtered out as 42523942 G>A needs A but not covered
45.002 was filtered out as 42523942 G>A needs A but not covered
45.003 was filtered out as 42523942 G>A needs A but not covered
45.004 was filtered out as 42523942 G>A needs A but not covered
46.001 was filtered out as 42523942 G>A needs A but not covered
46.002 was filtered out as 42523942 G>A needs A but not covered
46.003 was filtered out as 42523942 G>A needs A but not covered
47.001 was filtered out as 42525820 G>T needs G but not covered
48.001 was filtered out as 42522612 C>G needs C but not covered
49.001 was filtered out as 42525820 G>T needs G but not covered
50.001 was filtered out as 42522612 C>G needs C but not covered
51.001 was filtered out as 42523942 G>A needs A but not covered
52.001 was filtered out as 42525820 G>T needs G but not covered
52.002 was filtered out as 42525820 G>T needs G but not covered
53.001 was filtered out as 42522612 C>G needs C but not covered
54.001 was filtered out as 42525820 G>T needs G but not covered
55.001 was filtered out as 42523942 G>A needs A but not covered
56.001 was filtered out as 42523942 G>A needs A but not covered
56.002 was filtered out as 42525820 G>T needs G but not covered
56.003 was filtered out as 42525820 G>T needs G but not covered
57.001 was filtered out as 42525820 G>T needs G but not covered
57.1001 was filtered out as 42522612 C>G needs C but not covered
58.001 was filtered out as 42523942 G>A needs A but not covered
59.001 was filtered out as 42523942 G>A needs A but not covered
60.001 was filtered out as 42522612 C>G needs C but not covered
61.001 was filtered out as 42522612 C>G needs C but not covered
62.001 was filtered out as 42522612 C>G needs C but not covered
63.001 was filtered out as 42523942 G>A needs A but not covered
64.001 was filtered out as 42525820 G>T needs G but not covered
65.001 was filtered out as 42523942 G>A needs A but not covered
68.001 was filtered out as 42522612 C>G needs C but not covered
68.002 was filtered out as 42522612 C>G needs C but not covered
69.001 was filtered out as 42523942 G>A needs A but not covered
70.001 was filtered out as 42526693 G>A needs G but not covered
71.001 was filtered out as 42522612 C>G needs C but not covered
71.002 was filtered out as 42522612 C>G needs C but not covered
71.003 was filtered out as 42522612 C>G needs C but not covered
72.001 was filtered out as 42525820 G>T needs G but not covered
73.001 was filtered out as 42523942 G>A needs A but not covered
74.001 was filtered out as 42522612 C>G needs C but not covered
75.001 was filtered out as 42522612 C>G needs C but not covered
75.002 was filtered out as 42522612 C>G needs C but not covered
81.001 was filtered out as 42522612 C>G needs C but not covered
82.001 was filtered out as 42522612 C>G needs C but not covered
83.001 was filtered out as 42526693 G>A needs G but not covered
83.002 was filtered out as 42526693 G>A needs G but not covered
83.003 was filtered out as 42526693 G>A needs G but not covered
83.1003 was filtered out as 42522612 C>G needs C but not covered
84.001 was filtered out as 42523942 G>A needs A but not covered
84.002 was filtered out as 42523942 G>A needs A but not covered
85.001 was filtered out as 42523942 G>A needs A but not covered
86.001 was filtered out as 42522612 C>G needs C but not covered
87.001 was filtered out as 42525820 G>T needs G but not covered
88.001 was filtered out as 42526693 G>A needs G but not covered
89.001 was filtered out as 42522612 C>G needs C but not covered
90.001 was filtered out as 42522612 C>G needs C but not covered
91.001 was filtered out as 42523942 G>A needs A but not covered
92.001 was filtered out as 42522612 C>G needs C but not covered
93.001 was filtered out as 42522612 C>G needs C but not covered
94.001 was filtered out as 42525820 G>T needs G but not covered
94.002 was filtered out as 42525820 G>T needs G but not covered
95.001 was filtered out as 42525820 G>T needs G but not covered
96.001 was filtered out as 42522612 C>G needs C but not covered
97.001 was filtered out as 42522612 C>G needs C but not covered
98.001 was filtered out as 42523942 G>A needs A but not covered
99.001 was filtered out as 42525820 G>T needs G but not covered
100.001 was filtered out as 42525820 G>T needs G but not covered
101.001 was filtered out as 42525820 G>T needs G but not covered
102.001 was filtered out as 42523942 G>A needs A but not covered
103.001 was filtered out as 42523942 G>A needs A but not covered
104.001 was filtered out as 42523942 G>A needs A but not covered
105.001 was filtered out as 42523942 G>A needs A but not covered
106.001 was filtered out as 42522612 C>G needs C but not covered
106.002 was filtered out as 42522612 C>G needs C but not covered
106.003 was filtered out as 42522612 C>G needs C but not covered
107.001 was filtered out as 42522612 C>G needs C but not covered
108.001 was filtered out as 42522612 C>G needs C but not covered
109.001 was filtered out as 42522612 C>G needs C but not covered
110.001 was filtered out as 42522612 C>G needs C but not covered
111.001 was filtered out as 42523942 G>A needs A but not covered
111.002 was filtered out as 42523942 G>A needs A but not covered
112.001 was filtered out as 42522612 C>G needs C but not covered
113.001 was filtered out as 42522612 C>G needs C but not covered
114.001 was filtered out as 42523942 G>A needs A but not covered
115.001 was filtered out as 42522612 C>G needs C but not covered
116.001 was filtered out as 42522612 C>G needs C but not covered
117.001 was filtered out as 42523942 G>A needs A but not covered
118.001 was filtered out as 42522612 C>G needs C but not covered
119.001 was filtered out as 42522612 C>G needs C but not covered
120.001 was filtered out as 42522612 C>G needs C but not covered
121.001 was filtered out as 42523942 G>A needs A but not covered
122.001 was filtered out as 42522612 C>G needs C but not covered
123.001 was filtered out as 42523942 G>A needs A but not covered
124.001 was filtered out as 42522612 C>G needs C but not covered
124.002 was filtered out as 42522612 C>G needs C but not covered
125.001 was filtered out as 42523942 G>A needs A but not covered
126.001 was filtered out as 42523942 G>A needs A but not covered
127.001 was filtered out as 42522612 C>G needs C but not covered
128.001 was filtered out as 42523942 G>A needs A but not covered
129.001 was filtered out as 42523942 G>A needs A but not covered
130.001 was filtered out as 42522612 C>G needs C but not covered
131.001 was filtered out as 42522612 C>G needs C but not covered
132.001 was filtered out as 42525820 G>T needs G but not covered
133.001 was filtered out as 42523942 G>A needs A but not covered
134.001 was filtered out as 42522612 C>G needs C but not covered
135.001 was filtered out as 42523942 G>A needs A but not covered
136.001 was filtered out as 42523942 G>A needs A but not covered
137.001 was filtered out as 42522612 C>G needs C but not covered
138.001 was filtered out as 42523942 G>A needs A but not covered
139.001 was filtered out as 42522612 C>G needs C but not covered
140.001 was filtered out as 42522612 C>G needs C but not covered
141.001 was filtered out as 42523942 G>A needs A but not covered
141.1001 was filtered out as 42523942 G>A needs A but not covered
142.001 was filtered out as 42525820 G>T needs G but not covered
143.001 was filtered out as 42522612 C>G needs C but not covered
144.001 was filtered out as 42522612 C>G needs C but not covered
145.001 was filtered out as 42522612 C>G needs C but not covered
146.001 was filtered out as 42523942 G>A needs A but not covered
147.001 was filtered out as 42525820 G>T needs G but not covered
148.001 was filtered out as 42523942 G>A needs A but not covered
149.001 was filtered out as 42523942 G>A needs A but not covered
152.001 was filtered out as 42522612 C>G needs C but not covered
153.001 was filtered out as 42522612 C>G needs C but not covered
154.001 was filtered out as 42523942 G>A needs A but not covered
155.001 was filtered out as 42523942 G>A needs A but not covered
156.001 was filtered out as 42523942 G>A needs A but not covered
157.001 was filtered out as 42523942 G>A needs A but not covered
158.001 was filtered out as 42523942 G>A needs A but not covered
159.001 was filtered out as 42523942 G>A needs A but not covered
160.001 was filtered out as 42523942 G>A needs A but not covered
161.001 was filtered out as 42523942 G>A needs A but not covered
162.001 was filtered out as 42523942 G>A needs A but not covered
163.001 was filtered out as 42523942 G>A needs A but not covered
[filter] CYP2D6 4.001 => 4.001; 4.006; 4.008; 4.014; 4.015; 4.016; 4.017; 4.018; 4.020; 4.022; 4.023; 4.024; 4.025; 4.026; 4.029; 4.030
[filter] CYP2D6 4.021 => 4.021
[filter] valid_alleles=17
Step 0: Loss=0.2732, CN=[1.9000832]
Step 100: Loss=0.0873, CN=[1.2487833]
Step 200: Loss=0.0873, CN=[1.249166]
Step 300: Loss=0.0873, CN=[1.2491784]
Step 400: Loss=0.0873, CN=[1.2491785]

=== Fit ===
Region 0: obs=1.457, exp=1.249, diff=+0.208 
Region 1: obs=1.327, exp=1.249, diff=+0.078 
Region 2: obs=0.756, exp=1.249, diff=-0.493 
Region 3: obs=1.026, exp=1.249, diff=-0.223 
Region 4: obs=1.037, exp=1.249, diff=-0.212 
Region 5: obs=1.303, exp=1.249, diff=+0.054 
Region 6: obs=1.492, exp=1.249, diff=+0.243 
Region 7: obs=1.369, exp=1.249, diff=+0.120 
Region 8: obs=1.303, exp=1.249, diff=+0.054 
Region 9: obs=1.306, exp=1.249, diff=+0.057 
Region 10: obs=1.496, exp=1.249, diff=+0.247 
Region 11: obs=1.649, exp=1.249, diff=+0.399 
Region 12: obs=0.914, exp=1.249, diff=-0.335 
Region 13: obs=1.731, exp=1.249, diff=+0.482 
Region 14: obs=2.000, exp=1.249, diff=+0.751 *
Region 15: obs=1.965, exp=1.249, diff=+0.716 *
Region 16: obs=1.299, exp=1.249, diff=+0.050 
Region 17: obs=0.714, exp=1.249, diff=-0.535 *
Region 18: obs=0.570, exp=1.249, diff=-0.679 *
Region 19: obs=0.738, exp=1.249, diff=-0.511 *
Region 20: obs=1.363, exp=1.249, diff=+0.114 
Region 21: obs=0.000, exp=1.249, diff=-1.249 *
Region 22: obs=1.406, exp=1.249, diff=+0.156 

[Gene CN Results]
  CYP2D6: 1.25 → 1.2491785287857056

=== CYP2D6 Fusion Template CN Estimation ===

Using CN configs: ['1', '68.001', '141.1001']

Region coverage:
  up: 1.5
  utr5: 1.3
  e1: 0.8
  i1: 1.0
  e2: 1.0
  i2: 1.3
  e3: 1.5
  i3: 1.4
  e4: 1.3
  i4: 1.3
  e5: 1.5
  i5: 1.6
  e6: 0.9
  i6: 1.7
  e7: 2.0
  i7: 2.0
  e8: 1.3
  i8: 0.7
  e9: 0.6
  utr3: 0.7
  ins: 1.4
  pce: 0.0
  rep: 1.4
  e1_2d7: 0.4
  e2_2d7: 0.2
  e3_2d7: 0.8
  e5_2d7: 0.5
  e6_2d7: 0.0
  e9_2d7: 0.0
  pce_2d7: 0.2

CN configs: ['1', '68.001', '141.1001']
PCE contributions: {'1': tensor(0.), '68.001': tensor(1.), '141.1001': tensor(1.)}
Gene CN: 1.25 → required total: 1
Respect gene CN constraint: True
Enumerating configurations that sum to 1...
Evaluated 3 configurations

Top 5 configurations:
  1. loss=4.00: 1:1
  2. loss=7.97: 141.1001:1
  3. loss=25.91: 68.001:1

Best CN assignment (loss=4.00):
  1: 1
  Total: 1

Fit comparison:
  up: obs=1.5, exp=1.0, diff=+0.5
  utr5: obs=1.3, exp=1.0, diff=+0.3
  e1: obs=0.8, exp=1.0, diff=-0.2
  i1: obs=1.0, exp=1.0, diff=+0.0
  e2: obs=1.0, exp=1.0, diff=+0.0
  i2: obs=1.3, exp=1.0, diff=+0.3
  e3: obs=1.5, exp=1.0, diff=+0.5
  i3: obs=1.4, exp=1.0, diff=+0.4
  e4: obs=1.3, exp=1.0, diff=+0.3
  i4: obs=1.3, exp=1.0, diff=+0.3
  e5: obs=1.5, exp=1.0, diff=+0.5
  i5: obs=1.6, exp=1.0, diff=+0.6
  e6: obs=0.9, exp=1.0, diff=-0.1
  i6: obs=1.7, exp=1.0, diff=+0.7
  e7: obs=2.0, exp=1.0, diff=+1.0
  i7: obs=2.0, exp=1.0, diff=+1.0
  e8: obs=1.3, exp=1.0, diff=+0.3
  i8: obs=0.7, exp=1.0, diff=-0.3
  e9: obs=0.6, exp=1.0, diff=-0.4
  utr3: obs=0.7, exp=1.0, diff=-0.3
  ins: obs=1.4, exp=1.0, diff=+0.4
  pce: obs=0.0, exp=0.0, diff=+0.0
  rep: obs=1.4, exp=1.0, diff=+0.4
  e1_2d7: obs=0.4, exp=0.0, diff=+0.4
  e2_2d7: obs=0.2, exp=0.0, diff=+0.2
  e3_2d7: obs=0.8, exp=0.0, diff=+0.8
  e5_2d7: obs=0.5, exp=0.0, diff=+0.5
  e6_2d7: obs=0.0, exp=0.0, diff=+0.0
  e9_2d7: obs=0.0, exp=0.0, diff=+0.0
  pce_2d7: obs=0.2, exp=0.0, diff=+0.2

[Selected CN Configs] 1:1
  Total CYP2D6 CN: 1

[Filtering alleles by cn_config]

Kept alleles by cn_config:
  1: 2 major alleles
    *4.001, *4.021

  Filtered: 0 alleles
  Kept: 17 alleles

[Updating N variant counts for deleted regions]
  Total updated: 0 positions

[Rebuilding allele vectors for fusion cn_configs]
Using device: cuda

=== Running VAE with seed 42 ===
Global Pooled JS: 0.064089
Seed 42, Step    0: Loss = 495.30 (Recon: 399.57, Allele KL: 6.26, Base KL: 2851.22, Functional KL: 0.06
Global Pooled JS: 0.043482
Seed 42, Step  500: Loss = 312.51 (Recon: 234.51, Allele KL: 28.68, Base KL: 2981.75, Functional KL: 0.04
Global Pooled JS: 0.043891
Seed 42, Step 1000: Loss = 303.01 (Recon: 231.54, Allele KL: 27.39, Base KL: 2923.28, Functional KL: 0.04
Global Pooled JS: 0.043077
Seed 42, Step 1500: Loss = 312.08 (Recon: 234.63, Allele KL: 24.02, Base KL: 3007.47, Functional KL: 0.04
Global Pooled JS: 0.047150
Seed 42, Step 2000: Loss = 309.64 (Recon: 238.14, Allele KL: 34.78, Base KL: 2886.35, Functional KL: 0.05
Global Pooled JS: 0.046241
Seed 42, Step 2500: Loss = 301.52 (Recon: 237.79, Allele KL: 23.66, Base KL: 2778.91, Functional KL: 0.05

Top Variants with Coverage Mismatches:
Rank   Variant                        Expected     Observed     Diff       |Div|       
------------------------------------------------------------------------------------------
1      CYP2D6:42523527→T              2.89         15.00        -12.11     0.016783    
2      CYP2D6:42522612→G              24.87        9.00         15.87      0.005753    
3      CYP2D6:42526693→A              24.85        10.00        14.85      0.004459    
4      CYP2D6:42525820→T              24.91        12.00        12.91      0.002534    
5      CYP2D6:42522915→C              25.78        28.00        -2.22      0.002279    
6      CYP2D6:42525131→G              26.00        28.00        -2.00      0.002179    
7      CYP2D6:42525810→C              24.86        14.00        10.86      0.001198    
8      CYP2D6:42524946→T              24.99        24.00        0.99       0.000877    
9      CYP2D6:42522915→G              0.22         0.00         0.22       0.000371    
10     CYP2D6:42526693→T              0.19         0.00         0.19       0.000325    
11     CYP2D6:42526693→M              0.19         0.00         0.19       0.000324    
12     CYP2D6:42525810→M              0.19         0.00         0.19       0.000323    
13     CYP2D6:42526693→C              0.19         0.00         0.19       0.000321    
14     CYP2D6:42526693→G              0.19         0.00         0.19       0.000320    
15     CYP2D6:42525810→T              0.19         0.00         0.19       0.000318    
16     CYP2D6:42522612→P              0.19         0.00         0.19       0.000318    
17     CYP2D6:42522612→N              0.19         0.00         0.19       0.000318    
18     CYP2D6:42526693→N              0.19         0.00         0.19       0.000317    
19     CYP2D6:42525810→G              0.19         0.00         0.19       0.000317    
20     CYP2D6:42526693→P              0.19         0.00         0.19       0.000317    
21     CYP2D6:42525810→N              0.19         0.00         0.19       0.000315    
22     CYP2D6:42522612→T              0.19         0.00         0.19       0.000314    
23     CYP2D6:42522612→A              0.19         0.00         0.19       0.000313    
24     CYP2D6:42525810→P              0.19         0.00         0.19       0.000312    
25     CYP2D6:42525810→A              0.19         0.00         0.19       0.000312    
26     CYP2D6:42522612→C              0.19         0.00         0.19       0.000311    
27     CYP2D6:42522612→M              0.18         0.00         0.18       0.000307    
28     CYP2D6:42525820→A              0.18         0.00         0.18       0.000305    
29     CYP2D6:42525820→N              0.18         0.00         0.18       0.000305    
30     CYP2D6:42525820→M              0.18         0.00         0.18       0.000303    
31     CYP2D6:42525820→C              0.18         0.00         0.18       0.000302    
32     CYP2D6:42525820→P              0.18         0.00         0.18       0.000301    
33     CYP2D6:42525820→G              0.18         0.00         0.18       0.000299    
34     CYP2D6:42524946→P              0.17         0.00         0.17       0.000286    
35     CYP2D6:42524946→C              0.17         0.00         0.17       0.000283    
36     CYP2D6:42524946→A              0.17         0.00         0.17       0.000282    
37     CYP2D6:42524946→G              0.17         0.00         0.17       0.000282    
38     CYP2D6:42524946→N              0.17         0.00         0.17       0.000277    
39     CYP2D6:42524946→M              0.17         0.00         0.17       0.000275    
40     CYP2D6:42523527→C              23.01        19.00        4.01       0.000085    
41     CYP2D6:42523527→M              0.02         0.00         0.02       0.000034    
42     CYP2D6:42523527→G              0.02         0.00         0.02       0.000033    
43     CYP2D6:42523527→P              0.02         0.00         0.02       0.000033    
44     CYP2D6:42523527→N              0.02         0.00         0.02       0.000033    
45     CYP2D6:42523527→A              0.02         0.00         0.02       0.000033    
46     CYP2D6:42522915→A              0.00         0.00         0.00       0.000000    
47     CYP2D6:42522915→M              0.00         0.00         0.00       0.000000    
48     CYP2D6:42522915→N              0.00         0.00         0.00       0.000000    
49     CYP2D6:42522915→P              0.00         0.00         0.00       0.000000    
50     CYP2D6:42522915→T              0.00         0.00         0.00       0.000000    
51     CYP2D6:42525131→A              0.00         0.00         0.00       0.000000    
52     CYP2D6:42525131→C              0.00         0.00         0.00       0.000000    
53     CYP2D6:42525131→M              0.00         0.00         0.00       0.000000    
54     CYP2D6:42525131→N              0.00         0.00         0.00       0.000000    
55     CYP2D6:42525131→P              0.00         0.00         0.00       0.000000    
56     CYP2D6:42525131→T              0.00         0.00         0.00       0.000000    
New best model with final loss: 307.27

=== Running VAE with seed 123 ===
Global Pooled JS: 0.072793
Seed 123, Step    0: Loss = 509.35 (Recon: 409.76, Allele KL: 19.63, Base KL: 2569.06, Functional KL: 0.07
Global Pooled JS: 0.042433
Seed 123, Step  500: Loss = 308.85 (Recon: 234.73, Allele KL: 20.37, Base KL: 3065.39, Functional KL: 0.04
Global Pooled JS: 0.046310
Seed 123, Step 1000: Loss = 304.65 (Recon: 234.49, Allele KL: 21.43, Base KL: 3082.94, Functional KL: 0.05
Global Pooled JS: 0.040241
Seed 123, Step 1500: Loss = 321.09 (Recon: 236.84, Allele KL: 21.86, Base KL: 2886.52, Functional KL: 0.04
Global Pooled JS: 0.047148
Seed 123, Step 2000: Loss = 302.97 (Recon: 236.94, Allele KL: 27.08, Base KL: 2953.49, Functional KL: 0.05
Global Pooled JS: 0.051213
Seed 123, Step 2500: Loss = 301.95 (Recon: 245.50, Allele KL: 22.97, Base KL: 2763.75, Functional KL: 0.05

Top Variants with Coverage Mismatches:
Rank   Variant                        Expected     Observed     Diff       |Div|       
------------------------------------------------------------------------------------------
1      CYP2D6:42523527→T              3.60         15.00        -11.40     0.014605    
2      CYP2D6:42522612→G              24.86        9.00         15.86      0.005743    
3      CYP2D6:42526693→A              24.88        10.00        14.88      0.004483    
4      CYP2D6:42525820→T              24.87        12.00        12.87      0.002514    
5      CYP2D6:42522915→C              25.65        28.00        -2.35      0.002340    
6      CYP2D6:42525131→G              26.00        28.00        -2.00      0.002179    
7      CYP2D6:42525810→C              24.90        14.00        10.90      0.001212    
8      CYP2D6:42524946→T              24.96        24.00        0.96       0.000884    
9      CYP2D6:42522915→G              0.35         0.00         0.35       0.000589    
10     CYP2D6:42522612→A              0.20         0.00         0.20       0.000325    
11     CYP2D6:42522612→M              0.19         0.00         0.19       0.000322    
12     CYP2D6:42525820→N              0.19         0.00         0.19       0.000320    
13     CYP2D6:42522612→C              0.19         0.00         0.19       0.000319    
14     CYP2D6:42525820→C              0.19         0.00         0.19       0.000317    
15     CYP2D6:42522612→N              0.19         0.00         0.19       0.000317    
16     CYP2D6:42525820→G              0.19         0.00         0.19       0.000316    
17     CYP2D6:42526693→G              0.19         0.00         0.19       0.000314    
18     CYP2D6:42522612→T              0.19         0.00         0.19       0.000313    
19     CYP2D6:42526693→M              0.19         0.00         0.19       0.000313    
20     CYP2D6:42525820→A              0.19         0.00         0.19       0.000311    
21     CYP2D6:42525820→M              0.19         0.00         0.19       0.000311    
22     CYP2D6:42526693→T              0.19         0.00         0.19       0.000310    
23     CYP2D6:42526693→N              0.19         0.00         0.19       0.000310    
24     CYP2D6:42525820→P              0.19         0.00         0.19       0.000309    
25     CYP2D6:42525810→P              0.19         0.00         0.19       0.000308    
26     CYP2D6:42525810→G              0.18         0.00         0.18       0.000308    
27     CYP2D6:42522612→P              0.18         0.00         0.18       0.000308    
28     CYP2D6:42526693→P              0.18         0.00         0.18       0.000307    
29     CYP2D6:42526693→C              0.18         0.00         0.18       0.000306    
30     CYP2D6:42525810→N              0.18         0.00         0.18       0.000306    
31     CYP2D6:42525810→A              0.18         0.00         0.18       0.000304    
32     CYP2D6:42525810→M              0.18         0.00         0.18       0.000303    
33     CYP2D6:42525810→T              0.18         0.00         0.18       0.000300    
34     CYP2D6:42524946→P              0.18         0.00         0.18       0.000292    
35     CYP2D6:42524946→A              0.17         0.00         0.17       0.000290    
36     CYP2D6:42524946→M              0.17         0.00         0.17       0.000289    
37     CYP2D6:42524946→N              0.17         0.00         0.17       0.000286    
38     CYP2D6:42524946→C              0.17         0.00         0.17       0.000285    
39     CYP2D6:42524946→G              0.17         0.00         0.17       0.000283    
40     CYP2D6:42523527→C              22.27        19.00        3.27       0.000170    
41     CYP2D6:42523527→M              0.02         0.00         0.02       0.000041    
42     CYP2D6:42523527→P              0.02         0.00         0.02       0.000041    
43     CYP2D6:42523527→N              0.02         0.00         0.02       0.000041    
44     CYP2D6:42523527→A              0.02         0.00         0.02       0.000041    
45     CYP2D6:42523527→G              0.02         0.00         0.02       0.000040    
46     CYP2D6:42522915→A              0.00         0.00         0.00       0.000000    
47     CYP2D6:42522915→M              0.00         0.00         0.00       0.000000    
48     CYP2D6:42522915→N              0.00         0.00         0.00       0.000000    
49     CYP2D6:42522915→P              0.00         0.00         0.00       0.000000    
50     CYP2D6:42522915→T              0.00         0.00         0.00       0.000000    
51     CYP2D6:42525131→A              0.00         0.00         0.00       0.000000    
52     CYP2D6:42525131→C              0.00         0.00         0.00       0.000000    
53     CYP2D6:42525131→M              0.00         0.00         0.00       0.000000    
54     CYP2D6:42525131→N              0.00         0.00         0.00       0.000000    
55     CYP2D6:42525131→P              0.00         0.00         0.00       0.000000    
56     CYP2D6:42525131→T              0.00         0.00         0.00       0.000000    

=== Running VAE with seed 456 ===
Global Pooled JS: 0.058942
Seed 456, Step    0: Loss = 470.38 (Recon: 384.00, Allele KL: 19.75, Base KL: 3461.21, Functional KL: 0.06
Global Pooled JS: 0.042188
Seed 456, Step  500: Loss = 307.62 (Recon: 234.40, Allele KL: 20.83, Base KL: 2901.98, Functional KL: 0.04
Global Pooled JS: 0.040150
Seed 456, Step 1000: Loss = 305.44 (Recon: 229.95, Allele KL: 27.00, Base KL: 3035.32, Functional KL: 0.04
Global Pooled JS: 0.045700
Seed 456, Step 1500: Loss = 306.97 (Recon: 235.73, Allele KL: 22.56, Base KL: 2968.10, Functional KL: 0.05
Global Pooled JS: 0.049428
Seed 456, Step 2000: Loss = 303.33 (Recon: 243.55, Allele KL: 24.76, Base KL: 3101.05, Functional KL: 0.05
Global Pooled JS: 0.046807
Seed 456, Step 2500: Loss = 307.64 (Recon: 242.42, Allele KL: 31.80, Base KL: 2718.61, Functional KL: 0.05

Top Variants with Coverage Mismatches:
Rank   Variant                        Expected     Observed     Diff       |Div|       
------------------------------------------------------------------------------------------
1      CYP2D6:42523527→T              2.41         15.00        -12.59     0.018426    
2      CYP2D6:42522612→G              24.87        9.00         15.87      0.005753    
3      CYP2D6:42526693→A              24.90        10.00        14.90      0.004497    
4      CYP2D6:42525820→T              24.88        12.00        12.88      0.002517    
5      CYP2D6:42522915→C              25.85        28.00        -2.15      0.002245    
6      CYP2D6:42525131→G              26.00        28.00        -2.00      0.002179    
7      CYP2D6:42525810→C              24.94        14.00        10.94      0.001226    
8      CYP2D6:42524946→T              24.98        24.00        0.98       0.000880    
9      CYP2D6:42522612→T              0.19         0.00         0.19       0.000320    
10     CYP2D6:42525820→N              0.19         0.00         0.19       0.000320    
11     CYP2D6:42522612→N              0.19         0.00         0.19       0.000318    
12     CYP2D6:42525820→C              0.19         0.00         0.19       0.000315    
13     CYP2D6:42522612→C              0.19         0.00         0.19       0.000313    
14     CYP2D6:42525820→M              0.19         0.00         0.19       0.000313    
15     CYP2D6:42522612→M              0.19         0.00         0.19       0.000313    
16     CYP2D6:42522612→A              0.19         0.00         0.19       0.000313    
17     CYP2D6:42525820→P              0.19         0.00         0.19       0.000311    
18     CYP2D6:42525820→A              0.19         0.00         0.19       0.000310    
19     CYP2D6:42526693→P              0.18         0.00         0.18       0.000308    
20     CYP2D6:42526693→N              0.18         0.00         0.18       0.000307    
21     CYP2D6:42522612→P              0.18         0.00         0.18       0.000305    
22     CYP2D6:42526693→G              0.18         0.00         0.18       0.000305    
23     CYP2D6:42526693→C              0.18         0.00         0.18       0.000303    
24     CYP2D6:42525820→G              0.18         0.00         0.18       0.000303    
25     CYP2D6:42526693→T              0.18         0.00         0.18       0.000302    
26     CYP2D6:42526693→M              0.18         0.00         0.18       0.000300    
27     CYP2D6:42525810→A              0.18         0.00         0.18       0.000297    
28     CYP2D6:42525810→G              0.18         0.00         0.18       0.000295    
29     CYP2D6:42525810→T              0.18         0.00         0.18       0.000295    
30     CYP2D6:42525810→P              0.18         0.00         0.18       0.000293    
31     CYP2D6:42525810→M              0.17         0.00         0.17       0.000291    
32     CYP2D6:42524946→P              0.17         0.00         0.17       0.000290    
33     CYP2D6:42524946→G              0.17         0.00         0.17       0.000290    
34     CYP2D6:42525810→N              0.17         0.00         0.17       0.000288    
35     CYP2D6:42524946→N              0.17         0.00         0.17       0.000286    
36     CYP2D6:42524946→C              0.17         0.00         0.17       0.000281    
37     CYP2D6:42524946→M              0.17         0.00         0.17       0.000279    
38     CYP2D6:42524946→A              0.17         0.00         0.17       0.000278    
39     CYP2D6:42522915→G              0.15         0.00         0.15       0.000246    
40     CYP2D6:42523527→C              23.51        19.00        4.51       0.000045    
41     CYP2D6:42523527→M              0.02         0.00         0.02       0.000027    
42     CYP2D6:42523527→G              0.02         0.00         0.02       0.000027    
43     CYP2D6:42523527→N              0.02         0.00         0.02       0.000027    
44     CYP2D6:42523527→P              0.02         0.00         0.02       0.000027    
45     CYP2D6:42523527→A              0.02         0.00         0.02       0.000027    
46     CYP2D6:42522915→A              0.00         0.00         0.00       0.000000    
47     CYP2D6:42522915→M              0.00         0.00         0.00       0.000000    
48     CYP2D6:42522915→N              0.00         0.00         0.00       0.000000    
49     CYP2D6:42522915→P              0.00         0.00         0.00       0.000000    
50     CYP2D6:42522915→T              0.00         0.00         0.00       0.000000    
51     CYP2D6:42525131→A              0.00         0.00         0.00       0.000000    
52     CYP2D6:42525131→C              0.00         0.00         0.00       0.000000    
53     CYP2D6:42525131→M              0.00         0.00         0.00       0.000000    
54     CYP2D6:42525131→N              0.00         0.00         0.00       0.000000    
55     CYP2D6:42525131→P              0.00         0.00         0.00       0.000000    
56     CYP2D6:42525131→T              0.00         0.00         0.00       0.000000    

=== Multi-Seed VAE Results ===
Best model had seed 42 with final loss: 307.27
All seeds final losses:
  Seed 42: Total=307.27 (Recon=240.49, A_KL=22.92, B_KL=3044.84) <- Best
  Seed 123: Total=322.55 (Recon=241.43, A_KL=17.20, B_KL=3113.77)
  Seed 456: Total=311.24 (Recon=252.47, A_KL=25.95, B_KL=3071.11)
[time] run_vae took 105.48s (2,619.63671875 MB; 2,619.63671875 MB)

[Raw]:
CYP2D6*4: Normalized=1.0000, Unnormalized=1.00

Allocating by cn_config:

[Alleles]
CYP2D6*4
	Command being timed: "python cyp.py CYP2D6 /project/shared/aldy-data/wgs/NA10831.wgs.cram"
	User time (seconds): 105.02
	System time (seconds): 12.30
	Percent of CPU this job got: 99%
	Elapsed (wall clock) time (h:mm:ss or m:ss): 1:58.24
	Average shared text size (kbytes): 0
	Average unshared data size (kbytes): 0
	Average stack size (kbytes): 0
	Average total size (kbytes): 0
	Maximum resident set size (kbytes): 2682520
	Average resident set size (kbytes): 0
	Major (requiring I/O) page faults: 0
	Minor (reclaiming a frame) page faults: 726538
	Voluntary context switches: 24362
	Involuntary context switches: 3993
	Swaps: 0
	File system inputs: 0
	File system outputs: 104
	Socket messages sent: 0
	Socket messages received: 0
	Signals delivered: 0
	Page size (bytes): 4096
	Exit status: 0
