2026-05-16 02:23:46.116898: I tensorflow/core/util/port.cc:111] oneDNN custom operations are on. You may see slightly different numerical results due to floating-point round-off errors from different computation orders. To turn them off, set the environment variable `TF_ENABLE_ONEDNN_OPTS=0`.
2026-05-16 02:23:46.154070: E tensorflow/compiler/xla/stream_executor/cuda/cuda_dnn.cc:9342] Unable to register cuDNN factory: Attempting to register factory for plugin cuDNN when one has already been registered
2026-05-16 02:23:46.154223: E tensorflow/compiler/xla/stream_executor/cuda/cuda_fft.cc:609] Unable to register cuFFT factory: Attempting to register factory for plugin cuFFT when one has already been registered
2026-05-16 02:23:46.154355: E tensorflow/compiler/xla/stream_executor/cuda/cuda_blas.cc:1518] Unable to register cuBLAS factory: Attempting to register factory for plugin cuBLAS when one has already been registered
2026-05-16 02:23:46.162443: I tensorflow/core/platform/cpu_feature_guard.cc:182] This TensorFlow binary is optimized to use available CPU instructions in performance-critical operations.
To enable the following instructions: AVX2 AVX512F AVX512_VNNI FMA, in other operations, rebuild TensorFlow with the appropriate compiler flags.
AttributeError: 'MessageFactory' object has no attribute 'GetPrototype'
2026-05-16 02:23:47.222585: W tensorflow/compiler/tf2tensorrt/utils/py_utils.cc:38] TF-TRT Warning: Could not find TensorRT
AttributeError: 'MessageFactory' object has no attribute 'GetPrototype'
[info] total indices 2506
[info] total variants 2506
2.001 was filtered out as 42523942 G>A needs A but not covered
2.002 was filtered out as 42523942 G>A needs A but not covered
2.003 was filtered out as 42523942 G>A needs A but not covered
2.004 was filtered out as 42523942 G>A needs A but not covered
2.005 was filtered out as 42523942 G>A needs A but not covered
2.006 was filtered out as 42523942 G>A needs A but not covered
2.007 was filtered out as 42523942 G>A needs A but not covered
2.008 was filtered out as 42523942 G>A needs A but not covered
2.009 was filtered out as 42523942 G>A needs A but not covered
2.010 was filtered out as 42523942 G>A needs A but not covered
2.011 was filtered out as 42523942 G>A needs A but not covered
2.012 was filtered out as 42523942 G>A needs A but not covered
2.013 was filtered out as 42523942 G>A needs A but not covered
2.014 was filtered out as 42523942 G>A needs A but not covered
2.015 was filtered out as 42523942 G>A needs A but not covered
2.016 was filtered out as 42523942 G>A needs A but not covered
2.017 was filtered out as 42523942 G>A needs A but not covered
2.018 was filtered out as 42523942 G>A needs A but not covered
2.019 was filtered out as 42523942 G>A needs A but not covered
2.020 was filtered out as 42523942 G>A needs A but not covered
2.021 was filtered out as 42523942 G>A needs A but not covered
2.022 was filtered out as 42523942 G>A needs A but not covered
2.023 was filtered out as 42523942 G>A needs A but not covered
2.024 was filtered out as 42523942 G>A needs A but not covered
2.025 was filtered out as 42523942 G>A needs A but not covered
2.026 was filtered out as 42523942 G>A needs A but not covered
2.027 was filtered out as 42523942 G>A needs A but not covered
2.028 was filtered out as 42523942 G>A needs A but not covered
2.030 was filtered out as 42523942 G>A needs A but not covered
3.001 was filtered out as 42524243 delT needs N but not covered
3.002 was filtered out as 42524243 delT needs N but not covered
4.001 was filtered out as 42522612 C>G needs G but not covered
4.002 was filtered out as 42522612 C>G needs G but not covered
4.006 was filtered out as 42522612 C>G needs G but not covered
4.008 was filtered out as 42522612 C>G needs G but not covered
4.014 was filtered out as 42522612 C>G needs G but not covered
4.015 was filtered out as 42522612 C>G needs G but not covered
4.016 was filtered out as 42522612 C>G needs G but not covered
4.017 was filtered out as 42522612 C>G needs G but not covered
4.018 was filtered out as 42522612 C>G needs G but not covered
4.020 was filtered out as 42522612 C>G needs G but not covered
4.022 was filtered out as 42522612 C>G needs G but not covered
4.023 was filtered out as 42522612 C>G needs G but not covered
4.024 was filtered out as 42522612 C>G needs G but not covered
4.025 was filtered out as 42522612 C>G needs G but not covered
4.026 was filtered out as 42522612 C>G needs G but not covered
4.029 was filtered out as 42522612 C>G needs G but not covered
4.030 was filtered out as 42522612 C>G needs G but not covered
4.003 was filtered out as 42522612 C>G needs G but not covered
4.004 was filtered out as 42522612 C>G needs G but not covered
4.005 was filtered out as 42522612 C>G needs G but not covered
4.011 was filtered out as 42522612 C>G needs G but not covered
4.019 was filtered out as 42522612 C>G needs G but not covered
4.007 was filtered out as 42522612 C>G needs G but not covered
4.009 was filtered out as 42526693 G>A needs A but not covered
4.010 was filtered out as 42523942 G>A needs A but not covered
4.012 was filtered out as 42525820 G>T needs T but not covered
4.013 was filtered out as 42522612 C>G needs G but not covered
4.021 was filtered out as 42522612 C>G needs G but not covered
4.027 was filtered out as 42526693 G>A needs A but not covered
4.028 was filtered out as 42522612 C>G needs G but not covered
4.1013 was filtered out as 42526693 G>A needs A but not covered
4.1021 was filtered out as 42526693 G>A needs A but not covered
4.2021 was filtered out as 42522612 C>G needs G but not covered
6.001 was filtered out as 42525085 delA needs N but not covered
6.002 was filtered out as 42525085 delA needs N but not covered
6.005 was filtered out as 42525085 delA needs N but not covered
6.006 was filtered out as 42525085 delA needs N but not covered
6.003 was filtered out as 42522612 C>G needs G but not covered
6.004 was filtered out as 42525085 delA needs N but not covered
7.001 was filtered out as 42523857 T>G needs G but not covered
8.001 was filtered out as 42523942 G>A needs A but not covered
9.001 was filtered out as 42524175 delCTT needs N but not covered
9.002 was filtered out as 42524175 delCTT needs N but not covered
10.001 was filtered out as 42522612 C>G needs G but not covered
10.002 was filtered out as 42522612 C>G needs G but not covered
10.003 was filtered out as 42522612 C>G needs G but not covered
10.004 was filtered out as 42522612 C>G needs G but not covered
10.005 was filtered out as 42522612 C>G needs G but not covered
10.006 was filtered out as 42522612 C>G needs G but not covered
10.007 was filtered out as 42522612 C>G needs G but not covered
10.1004 was filtered out as 42522612 C>G needs G but not covered
11.001 was filtered out as 42523942 G>A needs A but not covered
12.001 was filtered out as 42523942 G>A needs A but not covered
12.002 was filtered out as 42523942 G>A needs A but not covered
14.001 was filtered out as 42523942 G>A needs A but not covered
15.001 was filtered out as 42526655 insA needs P but not covered
15.002 was filtered out as 42526655 insA needs P but not covered
15.003 was filtered out as 42526655 insA needs P but not covered
17.001 was filtered out as 42523942 G>A needs A but not covered
17.002 was filtered out as 42523942 G>A needs A but not covered
17.003 was filtered out as 42523942 G>A needs A but not covered
17.004 was filtered out as 42523942 G>A needs A but not covered
17.005 was filtered out as 42523942 G>A needs A but not covered
17.006 was filtered out as 42523942 G>A needs A but not covered
18.001 was filtered out as 42522657 insCAGTGGGCA needs P but not covered
19.001 was filtered out as 42523942 G>A needs A but not covered
20.001 was filtered out as 42523942 G>A needs A but not covered
21.001 was filtered out as 42523942 G>A needs A but not covered
21.002 was filtered out as 42523942 G>A needs A but not covered
22.001 was filtered out as 42526711 G>A needs A but not covered
23.001 was filtered out as 42525837 G>A needs A but not covered
24.001 was filtered out as 42523939 T>G needs G but not covered
25.001 was filtered out as 42523594 G>C needs C but not covered
26.001 was filtered out as 42523515 A>G needs G but not covered
27.001 was filtered out as 42522939 C>T needs T but not covered
28.001 was filtered out as 42523942 G>A needs A but not covered
28.002 was filtered out as 42523942 G>A needs A but not covered
29.001 was filtered out as 42523942 G>A needs A but not covered
30.001 was filtered out as 42523942 G>A needs A but not covered
31.001 was filtered out as 42523942 G>A needs A but not covered
32.001 was filtered out as 42523942 G>A needs A but not covered
33.001 was filtered out as 42524309 C>A needs A but not covered
33.002 was filtered out as 42524309 C>A needs A but not covered
34.001 was filtered out as 42523942 G>A needs A but not covered
35.001 was filtered out as 42523942 G>A needs A but not covered
35.002 was filtered out as 42523942 G>A needs A but not covered
35.003 was filtered out as 42523942 G>A needs A but not covered
35.004 was filtered out as 42523942 G>A needs A but not covered
35.005 was filtered out as 42523942 G>A needs A but not covered
35.006 was filtered out as 42523942 G>A needs A but not covered
35.007 was filtered out as 42523942 G>A needs A but not covered
36.001 was filtered out as 42522612 C>G needs G but not covered
36.002 was filtered out as 42522612 C>G needs G but not covered
36.003 was filtered out as 42522612 C>G needs G but not covered
36.004 was filtered out as 42522612 C>G needs G but not covered
36.1001 was filtered out as 42526693 G>A needs A but not covered
37.001 was filtered out as 42522612 C>G needs G but not covered
38.001 was filtered out as 42524200 delTCAG needs N but not covered
39.001 was filtered out as 42522612 C>G needs G but not covered
39.002 was filtered out as 42522612 C>G needs G but not covered
40.001 was filtered out as 42523942 G>A needs A but not covered
41.001 was filtered out as 42523942 G>A needs A but not covered
41.002 was filtered out as 42523942 G>A needs A but not covered
41.003 was filtered out as 42523942 G>A needs A but not covered
41.004 was filtered out as 42523942 G>A needs A but not covered
41.005 was filtered out as 42523942 G>A needs A but not covered
42.001 was filtered out as 42523942 G>A needs A but not covered
43.001 was filtered out as 42526716 C>T needs T but not covered
43.002 was filtered out as 42526716 C>T needs T but not covered
44.001 was filtered out as 42526711 G>A needs A but not covered
45.001 was filtered out as 42523942 G>A needs A but not covered
45.002 was filtered out as 42523942 G>A needs A but not covered
45.003 was filtered out as 42523942 G>A needs A but not covered
45.004 was filtered out as 42523942 G>A needs A but not covered
46.001 was filtered out as 42523942 G>A needs A but not covered
46.002 was filtered out as 42523942 G>A needs A but not covered
46.003 was filtered out as 42523942 G>A needs A but not covered
47.001 was filtered out as 42522612 C>G needs G but not covered
48.001 was filtered out as 42525822 G>A needs A but not covered
49.001 was filtered out as 42522612 C>G needs G but not covered
50.001 was filtered out as 42525072 T>G needs G but not covered
51.001 was filtered out as 42523942 G>A needs A but not covered
52.001 was filtered out as 42522612 C>G needs G but not covered
52.002 was filtered out as 42522612 C>G needs G but not covered
53.001 was filtered out as 42525181 A>T needs T but not covered
54.001 was filtered out as 42522612 C>G needs G but not covered
55.001 was filtered out as 42523942 G>A needs A but not covered
56.001 was filtered out as 42523942 G>A needs A but not covered
56.002 was filtered out as 42522612 C>G needs G but not covered
56.003 was filtered out as 42522612 C>G needs G but not covered
57.001 was filtered out as 42522612 C>G needs G but not covered
57.1001 was filtered out as 42526693 G>A needs A but not covered
58.001 was filtered out as 42523942 G>A needs A but not covered
59.001 was filtered out as 42523942 G>A needs A but not covered
60.001 was filtered out as 42524904 insTA needs P but not covered
62.001 was filtered out as 42522748 G>A needs A but not covered
63.001 was filtered out as 42523942 G>A needs A but not covered
64.001 was filtered out as 42522612 C>G needs G but not covered
65.001 was filtered out as 42523942 G>A needs A but not covered
68.001 was filtered out as 42526693 G>A needs A but not covered
69.001 was filtered out as 42523942 G>A needs A but not covered
70.001 was filtered out as 42522612 C>G needs G but not covered
71.001 was filtered out as 42526668 C>T needs T but not covered
71.002 was filtered out as 42526668 C>T needs T but not covered
71.003 was filtered out as 42526668 C>T needs T but not covered
72.001 was filtered out as 42522612 C>G needs G but not covered
73.001 was filtered out as 42523942 G>A needs A but not covered
74.001 was filtered out as 42525820 G>T needs T but not covered
75.001 was filtered out as 42522747 C>T needs T but not covered
75.002 was filtered out as 42522747 C>T needs T but not covered
81.001 was filtered out as 42524213 G>A needs A but not covered
82.001 was filtered out as 42525820 G>T needs T but not covered
83.001 was filtered out as 42522612 C>G needs G but not covered
83.002 was filtered out as 42522612 C>G needs G but not covered
83.003 was filtered out as 42522612 C>G needs G but not covered
84.001 was filtered out as 42523942 G>A needs A but not covered
84.002 was filtered out as 42523942 G>A needs A but not covered
85.001 was filtered out as 42523942 G>A needs A but not covered
86.001 was filtered out as 42524186 C>T needs T but not covered
87.001 was filtered out as 42522612 C>G needs G but not covered
88.001 was filtered out as 42522612 C>G needs G but not covered
89.001 was filtered out as 42525114 A>G needs G but not covered
90.001 was filtered out as 42525099 T>C needs C but not covered
91.001 was filtered out as 42523942 G>A needs A but not covered
92.001 was filtered out as 42524797 delG needs N but not covered
93.001 was filtered out as 42524273 T>G needs G but not covered
94.001 was filtered out as 42522612 C>G needs G but not covered
94.002 was filtered out as 42522612 C>G needs G but not covered
95.001 was filtered out as 42522612 C>G needs G but not covered
96.001 was filtered out as 42522897 G>A needs A but not covered
97.001 was filtered out as 42522698 G>T needs T but not covered
98.001 was filtered out as 42523942 G>A needs A but not covered
99.001 was filtered out as 42522612 C>G needs G but not covered
100.001 was filtered out as 42522612 C>G needs G but not covered
101.001 was filtered out as 42522612 C>G needs G but not covered
102.001 was filtered out as 42523942 G>A needs A but not covered
103.001 was filtered out as 42523942 G>A needs A but not covered
104.001 was filtered out as 42523942 G>A needs A but not covered
105.001 was filtered out as 42523942 G>A needs A but not covered
106.001 was filtered out as 42522915 C>T needs T but not covered
106.002 was filtered out as 42522915 C>T needs T but not covered
106.003 was filtered out as 42522915 C>T needs T but not covered
107.001 was filtered out as 42525133 C>T needs T but not covered
108.001 was filtered out as 42523566 T>C needs C but not covered
109.001 was filtered out as 42524175 delCTT needs N but not covered
110.001 was filtered out as 42522736 C>T needs T but not covered
111.001 was filtered out as 42523942 G>A needs A but not covered
111.002 was filtered out as 42523942 G>A needs A but not covered
112.001 was filtered out as 42522606 G>A needs A but not covered
113.001 was filtered out as 42522753 C>T needs T but not covered
114.001 was filtered out as 42523942 G>A needs A but not covered
115.001 was filtered out as 42524175 delCTT needs N but not covered
116.001 was filtered out as 42523632 C>G needs G but not covered
117.001 was filtered out as 42523942 G>A needs A but not covered
118.001 was filtered out as 42523900 T>C needs C but not covered
119.001 was filtered out as 42523804 C>T needs T but not covered
120.001 was filtered out as 42526729 delG needs N but not covered
121.001 was filtered out as 42523942 G>A needs A but not covered
122.001 was filtered out as 42523513 C>T needs T but not covered
123.001 was filtered out as 42523942 G>A needs A but not covered
124.001 was filtered out as 42522982 delGA needs N but not covered
124.002 was filtered out as 42522982 delGA needs N but not covered
125.001 was filtered out as 42523942 G>A needs A but not covered
126.001 was filtered out as 42523942 G>A needs A but not covered
127.001 was filtered out as 42523527 C>T needs T but not covered
128.001 was filtered out as 42523942 G>A needs A but not covered
129.001 was filtered out as 42523942 G>A needs A but not covered
130.001 was filtered out as 42524879 CA>AG needs A but not covered
131.001 was filtered out as 42524326 A>G needs G but not covered
132.001 was filtered out as 42522612 C>G needs G but not covered
133.001 was filtered out as 42523942 G>A needs A but not covered
134.001 was filtered out as 42523590 C>T needs T but not covered
135.001 was filtered out as 42523942 G>A needs A but not covered
136.001 was filtered out as 42523942 G>A needs A but not covered
137.001 was filtered out as 42522579 C>T needs T but not covered
138.001 was filtered out as 42523942 G>A needs A but not covered
139.001 was filtered out as 42523527 C>T needs T but not covered
140.001 was filtered out as 42524330 G>A needs A but not covered
141.001 was filtered out as 42523942 G>A needs A but not covered
141.1001 was filtered out as 42523942 G>A needs A but not covered
142.001 was filtered out as 42522612 C>G needs G but not covered
143.001 was filtered out as 42526762 C>T needs T but not covered
144.001 was filtered out as 42524352 C>T needs T but not covered
145.001 was filtered out as 42524928 insGGGGCGAAA not covered (cov=0)
146.001 was filtered out as 42523942 G>A needs A but not covered
147.001 was filtered out as 42522612 C>G needs G but not covered
148.001 was filtered out as 42523942 G>A needs A but not covered
149.001 was filtered out as 42523942 G>A needs A but not covered
152.001 was filtered out as 42524341 G>A needs A but not covered
153.001 was filtered out as 42524808 C>T needs T but not covered
154.001 was filtered out as 42523942 G>A needs A but not covered
155.001 was filtered out as 42523942 G>A needs A but not covered
156.001 was filtered out as 42523942 G>A needs A but not covered
157.001 was filtered out as 42523942 G>A needs A but not covered
158.001 was filtered out as 42523942 G>A needs A but not covered
159.001 was filtered out as 42523942 G>A needs A but not covered
160.001 was filtered out as 42523942 G>A needs A but not covered
161.001 was filtered out as 42523942 G>A needs A but not covered
162.001 was filtered out as 42523942 G>A needs A but not covered
163.001 was filtered out as 42523942 G>A needs A but not covered
[filter] CYP2D6 1.001 => 1.001; 1.002; 1.003; 1.004; 1.005; 1.006; 1.007; 1.008; 1.009; 1.010; 1.011; 1.012; 1.013; 1.014; 1.015; 1.016; 1.017; 1.018; 1.019; 1.020; 1.021; 1.022; 1.023; 1.024; 1.025; 1.026; 1.027; 1.028; 1.029; 1.030; 1.031; 1.032; 1.033; 1.034; 1.035; 1.036; 1.037; 1.038; 1.039; 1.040; 1.041; 1.042; 1.043; 1.044; 1.045; 1.046; 1.047; 1.048; 1.049
[filter] CYP2D6 5.001 => 5.001
[filter] CYP2D6 61.001 => 61.001
[filter] CYP2D6 68.002 => 68.002
[filter] CYP2D6 83.1003 => 83.1003
[filter] valid_alleles=53
Step 0: Loss=0.1411, CN=[2.0999167]
Step 100: Loss=0.1058, CN=[2.2935703]
Step 200: Loss=0.1058, CN=[2.2943401]
Step 300: Loss=0.1058, CN=[2.2943466]
Step 400: Loss=0.1058, CN=[2.2943468]

=== Fit ===
Region 0: obs=2.682, exp=2.294, diff=+0.388 
Region 1: obs=2.235, exp=2.294, diff=-0.059 
Region 2: obs=2.287, exp=2.294, diff=-0.007 
Region 3: obs=2.180, exp=2.294, diff=-0.115 
Region 4: obs=2.058, exp=2.294, diff=-0.236 
Region 5: obs=2.534, exp=2.294, diff=+0.240 
Region 6: obs=2.571, exp=2.294, diff=+0.277 
Region 7: obs=2.124, exp=2.294, diff=-0.171 
Region 8: obs=3.301, exp=2.294, diff=+1.007 *
Region 9: obs=2.538, exp=2.294, diff=+0.243 
Region 10: obs=3.217, exp=2.294, diff=+0.923 *
Region 11: obs=2.444, exp=2.294, diff=+0.150 
Region 12: obs=2.448, exp=2.294, diff=+0.153 
Region 13: obs=2.340, exp=2.294, diff=+0.045 
Region 14: obs=2.649, exp=2.294, diff=+0.354 
Region 15: obs=2.307, exp=2.294, diff=+0.013 
Region 16: obs=1.974, exp=2.294, diff=-0.320 
Region 17: obs=1.889, exp=2.294, diff=-0.406 
Region 18: obs=2.219, exp=2.294, diff=-0.076 
Region 19: obs=1.895, exp=2.294, diff=-0.399 
Region 20: obs=1.709, exp=2.294, diff=-0.585 *
Region 21: obs=0.000, exp=2.294, diff=-2.294 *
Region 22: obs=2.219, exp=2.294, diff=-0.075 

[Gene CN Results]
  CYP2D6: 2.29 → 2.294346570968628

=== CYP2D6 Fusion Template CN Estimation ===

Using CN configs: ['1', '68.001', '141.1001']

Region coverage:
  up: 2.7
  utr5: 2.2
  e1: 2.3
  i1: 2.2
  e2: 2.1
  i2: 2.5
  e3: 2.6
  i3: 2.1
  e4: 3.3
  i4: 2.5
  e5: 3.2
  i5: 2.4
  e6: 2.4
  i6: 2.3
  e7: 2.6
  i7: 2.3
  e8: 2.0
  i8: 1.9
  e9: 2.2
  utr3: 1.9
  ins: 1.7
  pce: 0.0
  rep: 2.2
  e1_2d7: 0.7
  e2_2d7: 0.1
  e3_2d7: 1.1
  e5_2d7: 0.8
  e6_2d7: 0.4
  e9_2d7: 0.8
  pce_2d7: 0.2

CN configs: ['1', '68.001', '141.1001']
PCE contributions: {'1': tensor(0.), '68.001': tensor(1.), '141.1001': tensor(1.)}
Gene CN: 2.29 → required total: 2
Respect gene CN constraint: True
Enumerating configurations that sum to 2...
Evaluated 6 configurations

Top 5 configurations:
  1. loss=6.66: 1:2
  2. loss=10.40: 1:1, 141.1001:1
  3. loss=24.65: 141.1001:2
  4. loss=29.18: 1:1, 68.001:1
  5. loss=43.42: 68.001:1, 141.1001:1

Best CN assignment (loss=6.66):
  1: 2
  Total: 2

Fit comparison:
  up: obs=2.7, exp=2.0, diff=+0.7
  utr5: obs=2.2, exp=2.0, diff=+0.2
  e1: obs=2.3, exp=2.0, diff=+0.3
  i1: obs=2.2, exp=2.0, diff=+0.2
  e2: obs=2.1, exp=2.0, diff=+0.1
  i2: obs=2.5, exp=2.0, diff=+0.5
  e3: obs=2.6, exp=2.0, diff=+0.6
  i3: obs=2.1, exp=2.0, diff=+0.1
  e4: obs=3.3, exp=2.0, diff=+1.3
  i4: obs=2.5, exp=2.0, diff=+0.5
  e5: obs=3.2, exp=2.0, diff=+1.2
  i5: obs=2.4, exp=2.0, diff=+0.4
  e6: obs=2.4, exp=2.0, diff=+0.4
  i6: obs=2.3, exp=2.0, diff=+0.3
  e7: obs=2.6, exp=2.0, diff=+0.6
  i7: obs=2.3, exp=2.0, diff=+0.3
  e8: obs=2.0, exp=2.0, diff=-0.0
  i8: obs=1.9, exp=2.0, diff=-0.1
  e9: obs=2.2, exp=2.0, diff=+0.2
  utr3: obs=1.9, exp=2.0, diff=-0.1
  ins: obs=1.7, exp=2.0, diff=-0.3
  pce: obs=0.0, exp=0.0, diff=+0.0
  rep: obs=2.2, exp=2.0, diff=+0.2
  e1_2d7: obs=0.7, exp=0.0, diff=+0.7
  e2_2d7: obs=0.1, exp=0.0, diff=+0.1
  e3_2d7: obs=1.1, exp=0.0, diff=+1.1
  e5_2d7: obs=0.8, exp=0.0, diff=+0.8
  e6_2d7: obs=0.4, exp=0.0, diff=+0.4
  e9_2d7: obs=0.8, exp=0.0, diff=+0.8
  pce_2d7: obs=0.2, exp=0.0, diff=+0.2

[Selected CN Configs] 1:2
  Total CYP2D6 CN: 2

[Filtering alleles by cn_config]

Kept alleles by cn_config:
  1: 1 major alleles
    *1.001

  Filtered: 4 alleles
  Kept: 49 alleles

[Updating N variant counts for deleted regions]
  Total updated: 0 positions

[Rebuilding allele vectors for fusion cn_configs]
Using device: cuda

=== Running VAE with seed 42 ===
Global Pooled JS: 0.027906
Seed 42, Step    0: Loss = 871.33 (Recon: 583.19, Allele KL: 129.72, Base KL: 60511.32, Functional KL: 0.03
Global Pooled JS: 0.000371
Seed 42, Step  500: Loss = 544.01 (Recon: 448.94, Allele KL: 36.09, Base KL: 14456.15, Functional KL: 0.00
Global Pooled JS: 0.000113
Seed 42, Step 1000: Loss = 488.78 (Recon: 375.72, Allele KL: 46.93, Base KL: 15627.98, Functional KL: 0.00
Global Pooled JS: 0.000025
Seed 42, Step 1500: Loss = 492.73 (Recon: 365.49, Allele KL: 61.05, Base KL: 15078.98, Functional KL: 0.00
Global Pooled JS: 0.000039
Seed 42, Step 2000: Loss = 491.64 (Recon: 371.83, Allele KL: 49.63, Base KL: 15486.66, Functional KL: 0.00
Global Pooled JS: 0.000068
Seed 42, Step 2500: Loss = 484.50 (Recon: 366.83, Allele KL: 49.06, Base KL: 14953.71, Functional KL: 0.00

Top Variants with Coverage Mismatches:
Rank   Variant                        Expected     Observed     Diff       |Div|       
------------------------------------------------------------------------------------------
1      CYP2D6:42525131→G              0.02         0.00         0.02       0.000132    
2      CYP2D6:42525131→C              44.26        52.00        -7.74      0.000000    
3      CYP2D6:42525131→A              0.00         0.00         0.00       0.000000    
4      CYP2D6:42525131→M              0.00         0.00         0.00       0.000000    
5      CYP2D6:42525131→N              0.00         0.00         0.00       0.000000    
6      CYP2D6:42525131→P              0.00         0.00         0.00       0.000000    
7      CYP2D6:42525131→T              0.00         0.00         0.00       0.000000    
New best model with final loss: 485.09

=== Running VAE with seed 123 ===
Global Pooled JS: 0.003696
Seed 123, Step    0: Loss = 890.31 (Recon: 657.53, Allele KL: 137.18, Base KL: 51850.02, Functional KL: 0.00
Global Pooled JS: 0.000318
Seed 123, Step  500: Loss = 493.63 (Recon: 370.06, Allele KL: 54.14, Base KL: 15686.33, Functional KL: 0.00
Global Pooled JS: 0.000362
Seed 123, Step 1000: Loss = 482.27 (Recon: 369.90, Allele KL: 42.25, Base KL: 15258.11, Functional KL: 0.00
Global Pooled JS: 0.000105
Seed 123, Step 1500: Loss = 486.82 (Recon: 370.20, Allele KL: 48.80, Base KL: 15427.67, Functional KL: 0.00
Global Pooled JS: 0.000111
Seed 123, Step 2000: Loss = 484.94 (Recon: 369.45, Allele KL: 48.19, Base KL: 14881.41, Functional KL: 0.00
Global Pooled JS: 0.000380
Seed 123, Step 2500: Loss = 485.52 (Recon: 374.14, Allele KL: 30.81, Base KL: 15448.98, Functional KL: 0.00

Top Variants with Coverage Mismatches:
Rank   Variant                        Expected     Observed     Diff       |Div|       
------------------------------------------------------------------------------------------
1      CYP2D6:42525131→G              0.03         0.00         0.03       0.000245    
2      CYP2D6:42525131→C              44.24        52.00        -7.76      0.000000    
3      CYP2D6:42525131→A              0.00         0.00         0.00       0.000000    
4      CYP2D6:42525131→M              0.00         0.00         0.00       0.000000    
5      CYP2D6:42525131→N              0.00         0.00         0.00       0.000000    
6      CYP2D6:42525131→P              0.00         0.00         0.00       0.000000    
7      CYP2D6:42525131→T              0.00         0.00         0.00       0.000000    

=== Running VAE with seed 456 ===
Global Pooled JS: 0.000014
Seed 456, Step    0: Loss = 985.66 (Recon: 772.82, Allele KL: 111.31, Base KL: 56708.57, Functional KL: 0.00
Global Pooled JS: 0.000580
Seed 456, Step  500: Loss = 482.74 (Recon: 369.52, Allele KL: 47.57, Base KL: 15361.17, Functional KL: 0.00
Global Pooled JS: 0.000045
Seed 456, Step 1000: Loss = 487.50 (Recon: 367.65, Allele KL: 48.37, Base KL: 15603.50, Functional KL: 0.00
Global Pooled JS: 0.000118
Seed 456, Step 1500: Loss = 484.25 (Recon: 368.30, Allele KL: 44.58, Base KL: 15201.30, Functional KL: 0.00
Global Pooled JS: 0.000649
Seed 456, Step 2000: Loss = 481.93 (Recon: 371.04, Allele KL: 35.03, Base KL: 15238.16, Functional KL: 0.00
Global Pooled JS: 0.000057
Seed 456, Step 2500: Loss = 489.18 (Recon: 370.62, Allele KL: 43.33, Base KL: 16319.67, Functional KL: 0.00

Top Variants with Coverage Mismatches:
Rank   Variant                        Expected     Observed     Diff       |Div|       
------------------------------------------------------------------------------------------
1      CYP2D6:42525131→G              0.06         0.00         0.06       0.000447    
2      CYP2D6:42525131→C              44.22        52.00        -7.78      0.000000    
3      CYP2D6:42525131→A              0.00         0.00         0.00       0.000000    
4      CYP2D6:42525131→M              0.00         0.00         0.00       0.000000    
5      CYP2D6:42525131→N              0.00         0.00         0.00       0.000000    
6      CYP2D6:42525131→P              0.00         0.00         0.00       0.000000    
7      CYP2D6:42525131→T              0.00         0.00         0.00       0.000000    

=== Multi-Seed VAE Results ===
Best model had seed 42 with final loss: 485.09
All seeds final losses:
  Seed 42: Total=485.09 (Recon=365.42, A_KL=53.01, B_KL=15291.86) <- Best
  Seed 123: Total=486.13 (Recon=376.96, A_KL=46.42, B_KL=15441.07)
  Seed 456: Total=506.09 (Recon=384.02, A_KL=31.05, B_KL=15572.49)
[time] run_vae took 94.87s (2,642.890625 MB; 2,686.8359375 MB)

[Raw]:
CYP2D6*1: Normalized=1.0000, Unnormalized=1.00

Allocating by cn_config:

[Alleles]
CYP2D6*1
CYP2D6*1
	Command being timed: "python cyp.py CYP2D6 /project/shared/aldy-data/wgs/NA19003.wgs.cram"
	User time (seconds): 98.04
	System time (seconds): 10.26
	Percent of CPU this job got: 99%
	Elapsed (wall clock) time (h:mm:ss or m:ss): 1:49.35
	Average shared text size (kbytes): 0
	Average unshared data size (kbytes): 0
	Average stack size (kbytes): 0
	Average total size (kbytes): 0
	Maximum resident set size (kbytes): 2751320
	Average resident set size (kbytes): 0
	Major (requiring I/O) page faults: 0
	Minor (reclaiming a frame) page faults: 817411
	Voluntary context switches: 22202
	Involuntary context switches: 135
	Swaps: 0
	File system inputs: 0
	File system outputs: 80
	Socket messages sent: 0
	Socket messages received: 0
	Signals delivered: 0
	Page size (bytes): 4096
	Exit status: 0
