2026-05-16 02:46:14.793057: I tensorflow/core/util/port.cc:111] oneDNN custom operations are on. You may see slightly different numerical results due to floating-point round-off errors from different computation orders. To turn them off, set the environment variable `TF_ENABLE_ONEDNN_OPTS=0`.
2026-05-16 02:46:14.829379: E tensorflow/compiler/xla/stream_executor/cuda/cuda_dnn.cc:9342] Unable to register cuDNN factory: Attempting to register factory for plugin cuDNN when one has already been registered
2026-05-16 02:46:14.829557: E tensorflow/compiler/xla/stream_executor/cuda/cuda_fft.cc:609] Unable to register cuFFT factory: Attempting to register factory for plugin cuFFT when one has already been registered
2026-05-16 02:46:14.829761: E tensorflow/compiler/xla/stream_executor/cuda/cuda_blas.cc:1518] Unable to register cuBLAS factory: Attempting to register factory for plugin cuBLAS when one has already been registered
2026-05-16 02:46:14.838557: I tensorflow/core/platform/cpu_feature_guard.cc:182] This TensorFlow binary is optimized to use available CPU instructions in performance-critical operations.
To enable the following instructions: AVX2 AVX512F AVX512_VNNI FMA, in other operations, rebuild TensorFlow with the appropriate compiler flags.
AttributeError: 'MessageFactory' object has no attribute 'GetPrototype'
2026-05-16 02:46:15.971837: W tensorflow/compiler/tf2tensorrt/utils/py_utils.cc:38] TF-TRT Warning: Could not find TensorRT
AttributeError: 'MessageFactory' object has no attribute 'GetPrototype'
[info] total indices 2506
[info] total variants 2506
3.001 was filtered out as 42524243 delT needs N but not covered
3.002 was filtered out as 42524243 delT needs N but not covered
4.001 was filtered out as 42526693 G>A needs A but not covered
4.002 was filtered out as 42526693 G>A needs A but not covered
4.006 was filtered out as 42526693 G>A needs A but not covered
4.008 was filtered out as 42526693 G>A needs A but not covered
4.014 was filtered out as 42526693 G>A needs A but not covered
4.015 was filtered out as 42526693 G>A needs A but not covered
4.016 was filtered out as 42526693 G>A needs A but not covered
4.017 was filtered out as 42526693 G>A needs A but not covered
4.018 was filtered out as 42526693 G>A needs A but not covered
4.020 was filtered out as 42526693 G>A needs A but not covered
4.022 was filtered out as 42526693 G>A needs A but not covered
4.023 was filtered out as 42526693 G>A needs A but not covered
4.024 was filtered out as 42526693 G>A needs A but not covered
4.025 was filtered out as 42526693 G>A needs A but not covered
4.026 was filtered out as 42526693 G>A needs A but not covered
4.029 was filtered out as 42526693 G>A needs A but not covered
4.030 was filtered out as 42526693 G>A needs A but not covered
4.003 was filtered out as 42526693 G>A needs A but not covered
4.004 was filtered out as 42526693 G>A needs A but not covered
4.005 was filtered out as 42526693 G>A needs A but not covered
4.011 was filtered out as 42526693 G>A needs A but not covered
4.019 was filtered out as 42526693 G>A needs A but not covered
4.007 was filtered out as 42526693 G>A needs A but not covered
4.009 was filtered out as 42526693 G>A needs A but not covered
4.010 was filtered out as 42526693 G>A needs A but not covered
4.012 was filtered out as 42525820 G>T needs T but not covered
4.013 was filtered out as 42526693 G>A needs A but not covered
4.021 was filtered out as 42526693 G>A needs A but not covered
4.027 was filtered out as 42526693 G>A needs A but not covered
4.028 was filtered out as 42526693 G>A needs A but not covered
4.1013 was filtered out as 42526693 G>A needs A but not covered
4.1021 was filtered out as 42526693 G>A needs A but not covered
4.2021 was filtered out as 42526693 G>A needs A but not covered
6.001 was filtered out as 42525085 delA needs N but not covered
6.002 was filtered out as 42525085 delA needs N but not covered
6.005 was filtered out as 42525085 delA needs N but not covered
6.006 was filtered out as 42525085 delA needs N but not covered
6.003 was filtered out as 42525085 delA needs N but not covered
6.004 was filtered out as 42525085 delA needs N but not covered
7.001 was filtered out as 42523857 T>G needs G but not covered
8.001 was filtered out as 42525034 C>A needs A but not covered
9.001 was filtered out as 42524175 delCTT needs N but not covered
9.002 was filtered out as 42524175 delCTT needs N but not covered
10.001 was filtered out as 42526693 G>A needs A but not covered
10.002 was filtered out as 42526693 G>A needs A but not covered
10.003 was filtered out as 42526693 G>A needs A but not covered
10.004 was filtered out as 42526693 G>A needs A but not covered
10.005 was filtered out as 42526693 G>A needs A but not covered
10.006 was filtered out as 42526693 G>A needs A but not covered
10.007 was filtered out as 42526693 G>A needs A but not covered
10.1004 was filtered out as 42526693 G>A needs A but not covered
11.001 was filtered out as 42525911 C>G needs G but not covered
12.001 was filtered out as 42526669 C>T needs T but not covered
12.002 was filtered out as 42526669 C>T needs T but not covered
14.001 was filtered out as 42525034 C>T needs T but not covered
15.001 was filtered out as 42526655 insA needs P but not covered
15.002 was filtered out as 42526655 insA needs P but not covered
15.003 was filtered out as 42526655 insA needs P but not covered
17.001 was filtered out as 42525771 G>A needs A but not covered
17.002 was filtered out as 42525771 G>A needs A but not covered
17.003 was filtered out as 42525771 G>A needs A but not covered
17.004 was filtered out as 42525771 G>A needs A but not covered
17.005 was filtered out as 42525771 G>A needs A but not covered
17.006 was filtered out as 42525771 G>A needs A but not covered
18.001 was filtered out as 42522657 insCAGTGGGCA needs P but not covered
19.001 was filtered out as 42524250 delAGTT needs N but not covered
20.001 was filtered out as 42524815 insC needs P but not covered
21.001 was filtered out as 42524212 insG needs P but not covered
21.002 was filtered out as 42524212 insG needs P but not covered
22.001 was filtered out as 42526711 G>A needs A but not covered
23.001 was filtered out as 42525837 G>A needs A but not covered
24.001 was filtered out as 42523939 T>G needs G but not covered
25.001 was filtered out as 42523594 G>C needs C but not covered
26.001 was filtered out as 42523515 A>G needs G but not covered
27.001 was filtered out as 42522939 C>T needs T but not covered
28.001 was filtered out as 42526774 C>T needs T but not covered
28.002 was filtered out as 42526774 C>T needs T but not covered
29.001 was filtered out as 42525131 C.C>G.T needs M but not covered
30.001 was filtered out as 42524928 insGGGGCGAAA not covered (cov=0)
31.001 was filtered out as 42522750 C>T needs T but not covered
32.001 was filtered out as 42522939 C>T needs T but not covered
33.001 was filtered out as 42524309 C>A needs A but not covered
33.002 was filtered out as 42524309 C>A needs A but not covered
35.001 was filtered out as 42526762 C>T needs T but not covered
35.002 was filtered out as 42526762 C>T needs T but not covered
35.003 was filtered out as 42526762 C>T needs T but not covered
35.004 was filtered out as 42526762 C>T needs T but not covered
35.005 was filtered out as 42526762 C>T needs T but not covered
35.006 was filtered out as 42526762 C>T needs T but not covered
35.007 was filtered out as 42526762 C>T needs T but not covered
36.001 was filtered out as 42526693 G>A needs A but not covered
36.002 was filtered out as 42526693 G>A needs A but not covered
36.003 was filtered out as 42526693 G>A needs A but not covered
36.004 was filtered out as 42526693 G>A needs A but not covered
36.1001 was filtered out as 42526693 G>A needs A but not covered
37.001 was filtered out as 42526693 G>A needs A but not covered
38.001 was filtered out as 42524200 delTCAG needs N but not covered
40.001 was filtered out as 42525771 G>A needs A but not covered
41.001 was filtered out as 42523804 C>T needs T but not covered
41.002 was filtered out as 42523804 C>T needs T but not covered
41.003 was filtered out as 42523804 C>T needs T but not covered
41.004 was filtered out as 42523804 C>T needs T but not covered
41.005 was filtered out as 42523804 C>T needs T but not covered
42.001 was filtered out as 42523531 insAC needs P but not covered
43.001 was filtered out as 42526716 C>T needs T but not covered
43.002 was filtered out as 42526716 C>T needs T but not covered
44.001 was filtered out as 42526711 G>A needs A but not covered
45.001 was filtered out as 42525076 C>T needs T but not covered
45.002 was filtered out as 42525076 C>T needs T but not covered
45.003 was filtered out as 42525076 C>T needs T but not covered
45.004 was filtered out as 42525076 C>T needs T but not covered
46.001 was filtered out as 42525076 C>T needs T but not covered
46.002 was filtered out as 42525076 C>T needs T but not covered
46.003 was filtered out as 42525076 C>T needs T but not covered
47.001 was filtered out as 42526693 G>A needs A but not covered
48.001 was filtered out as 42525822 G>A needs A but not covered
49.001 was filtered out as 42526693 G>A needs A but not covered
50.001 was filtered out as 42525072 T>G needs G but not covered
51.001 was filtered out as 42523620 T>G needs G but not covered
52.001 was filtered out as 42526693 G>A needs A but not covered
52.002 was filtered out as 42526693 G>A needs A but not covered
53.001 was filtered out as 42525181 A>T needs T but not covered
54.001 was filtered out as 42526693 G>A needs A but not covered
55.001 was filtered out as 42522957 T>G needs G but not covered
56.001 was filtered out as 42523591 G>A needs A but not covered
56.002 was filtered out as 42526693 G>A needs A but not covered
56.003 was filtered out as 42526693 G>A needs A but not covered
57.001 was filtered out as 42526693 G>A needs A but not covered
57.1001 was filtered out as 42526693 G>A needs A but not covered
58.001 was filtered out as 42525771 G>A needs A but not covered
59.001 was filtered out as 42523853 C>T needs T but not covered
60.001 was filtered out as 42524904 insTA needs P but not covered
62.001 was filtered out as 42522748 G>A needs A but not covered
64.001 was filtered out as 42526693 G>A needs A but not covered
65.001 was filtered out as 42526693 G>A needs A but not covered
68.001 was filtered out as 42526693 G>A needs A but not covered
69.001 was filtered out as 42526693 G>A needs A but not covered
70.001 was filtered out as 42525131 C.C>G.T needs M but not covered
71.001 was filtered out as 42526668 C>T needs T but not covered
71.002 was filtered out as 42526668 C>T needs T but not covered
71.003 was filtered out as 42526668 C>T needs T but not covered
72.001 was filtered out as 42526693 G>A needs A but not covered
73.001 was filtered out as 42525781 C>T needs T but not covered
74.001 was filtered out as 42525820 G>T needs T but not covered
75.001 was filtered out as 42522747 C>T needs T but not covered
75.002 was filtered out as 42522747 C>T needs T but not covered
81.001 was filtered out as 42524213 G>A needs A but not covered
82.001 was filtered out as 42525820 G>T needs T but not covered
83.001 was filtered out as 42522664 G>C needs C but not covered
83.002 was filtered out as 42522664 G>C needs C but not covered
83.003 was filtered out as 42522664 G>C needs C but not covered
84.001 was filtered out as 42524218 G>T needs T but not covered
84.002 was filtered out as 42524218 G>T needs T but not covered
85.001 was filtered out as 42522635 A>C needs C but not covered
86.001 was filtered out as 42524186 C>T needs T but not covered
87.001 was filtered out as 42526693 G>A needs A but not covered
88.001 was filtered out as 42525780 A>G needs G but not covered
89.001 was filtered out as 42525114 A>G needs G but not covered
90.001 was filtered out as 42525099 T>C needs C but not covered
91.001 was filtered out as 42523804 C>T needs T but not covered
92.001 was filtered out as 42524797 delG needs N but not covered
93.001 was filtered out as 42524273 T>G needs G but not covered
94.001 was filtered out as 42526693 G>A needs A but not covered
94.002 was filtered out as 42526693 G>A needs A but not covered
95.001 was filtered out as 42526693 G>A needs A but not covered
96.001 was filtered out as 42522897 G>A needs A but not covered
97.001 was filtered out as 42522698 G>T needs T but not covered
98.001 was filtered out as 42522682 G>C needs C but not covered
99.001 was filtered out as 42526693 G>A needs A but not covered
100.001 was filtered out as 42526693 G>A needs A but not covered
101.001 was filtered out as 42526693 G>A needs A but not covered
102.001 was filtered out as 42525822 G>A needs A but not covered
103.001 was filtered out as 42525043 T>C needs C but not covered
104.001 was filtered out as 42525072 T>A needs A but not covered
105.001 was filtered out as 42523524 A>G needs G but not covered
106.001 was filtered out as 42522915 C>T needs T but not covered
106.002 was filtered out as 42522915 C>T needs T but not covered
106.003 was filtered out as 42522915 C>T needs T but not covered
107.001 was filtered out as 42525133 C>T needs T but not covered
108.001 was filtered out as 42523566 T>C needs C but not covered
109.001 was filtered out as 42524175 delCTT needs N but not covered
110.001 was filtered out as 42522736 C>T needs T but not covered
111.001 was filtered out as 42525760 C>T needs T but not covered
111.002 was filtered out as 42525760 C>T needs T but not covered
112.001 was filtered out as 42522606 G>A needs A but not covered
113.001 was filtered out as 42522753 C>T needs T but not covered
114.001 was filtered out as 42526693 G>A needs A but not covered
115.001 was filtered out as 42524175 delCTT needs N but not covered
116.001 was filtered out as 42523632 C>G needs G but not covered
117.001 was filtered out as 42523612 C>T needs T but not covered
118.001 was filtered out as 42523900 T>C needs C but not covered
119.001 was filtered out as 42523804 C>T needs T but not covered
120.001 was filtered out as 42526729 delG needs N but not covered
121.001 was filtered out as 42525043 T>C needs C but not covered
122.001 was filtered out as 42523513 C>T needs T but not covered
123.001 was filtered out as 42523804 C>T needs T but not covered
124.001 was filtered out as 42522982 delGA needs N but not covered
124.002 was filtered out as 42522982 delGA needs N but not covered
125.001 was filtered out as 42522720 C>T needs T but not covered
126.001 was filtered out as 42525135 G>A needs A but not covered
127.001 was filtered out as 42523527 C>T needs T but not covered
128.001 was filtered out as 42525888 A>C needs C but not covered
129.001 was filtered out as 42525156 C>T needs T but not covered
130.001 was filtered out as 42524879 CA>AG needs A but not covered
131.001 was filtered out as 42524326 A>G needs G but not covered
132.001 was filtered out as 42526693 G>A needs A but not covered
133.001 was filtered out as 42523603 C>T needs T but not covered
134.001 was filtered out as 42523590 C>T needs T but not covered
135.001 was filtered out as 42522927 G>A needs A but not covered
136.001 was filtered out as 42522878 G>A needs A but not covered
137.001 was filtered out as 42522579 C>T needs T but not covered
138.001 was filtered out as 42523804 C>T needs T but not covered
139.001 was filtered out as 42523527 C>T needs T but not covered
140.001 was filtered out as 42524330 G>A needs A but not covered
141.001 was filtered out as 42522664 G>C needs C but not covered
141.1001 was filtered out as 42525771 G>A needs A but not covered
142.001 was filtered out as 42526693 G>A needs A but not covered
143.001 was filtered out as 42526762 C>T needs T but not covered
144.001 was filtered out as 42524352 C>T needs T but not covered
145.001 was filtered out as 42524928 insGGGGCGAAA not covered (cov=0)
146.001 was filtered out as 42526716 C>T needs T but not covered
147.001 was filtered out as 42526693 G>A needs A but not covered
148.001 was filtered out as 42526716 C>T needs T but not covered
149.001 was filtered out as 42525131 C.C>G.T needs M but not covered
152.001 was filtered out as 42524341 G>A needs A but not covered
153.001 was filtered out as 42524808 C>T needs T but not covered
154.001 was filtered out as 42525771 G>A needs A but not covered
155.001 was filtered out as 42525131 C.C>G.T needs M but not covered
156.001 was filtered out as 42525131 C.C>G.T needs M but not covered
157.001 was filtered out as 42525131 C.C>G.T needs M but not covered
158.001 was filtered out as 42523804 C>T needs T but not covered
159.001 was filtered out as 42526671 G>A needs A but not covered
160.001 was filtered out as 42525820 G>T needs T but not covered
161.001 was filtered out as 42525184 C>A needs A but not covered
162.001 was filtered out as 42522939 C>T needs T but not covered
163.001 was filtered out as 42525157 A>G needs G but not covered
[filter] CYP2D6 1.001 => 1.001; 1.002; 1.003; 1.004; 1.005; 1.006; 1.007; 1.008; 1.009; 1.010; 1.011; 1.012; 1.013; 1.014; 1.015; 1.016; 1.017; 1.018; 1.019; 1.020; 1.021; 1.022; 1.023; 1.024; 1.025; 1.026; 1.027; 1.028; 1.029; 1.030; 1.031; 1.032; 1.033; 1.034; 1.035; 1.036; 1.037; 1.038; 1.039; 1.040; 1.041; 1.042; 1.043; 1.044; 1.045; 1.046; 1.047; 1.048; 1.049
[filter] CYP2D6 2.001 => 2.001; 2.002; 2.003; 2.004; 2.005; 2.006; 2.007; 2.008; 2.009; 2.010; 2.011; 2.012; 2.013; 2.014; 2.015; 2.016; 2.017; 2.018; 2.019; 2.020; 2.021; 2.022; 2.023; 2.024; 2.025; 2.026; 2.027; 2.028; 2.030
[filter] CYP2D6 5.001 => 5.001
[filter] CYP2D6 34.001 => 34.001
[filter] CYP2D6 39.001 => 39.001; 39.002
[filter] CYP2D6 61.001 => 61.001
[filter] CYP2D6 63.001 => 63.001
[filter] CYP2D6 68.002 => 68.002
[filter] CYP2D6 83.1003 => 83.1003
[filter] valid_alleles=86
Step 0: Loss=0.1565, CN=[2.0999167]
Step 100: Loss=0.1390, CN=[2.2390468]
Step 200: Loss=0.1390, CN=[2.240018]
Step 300: Loss=0.1390, CN=[2.2400227]
Step 400: Loss=0.1390, CN=[2.240023]

=== Fit ===
Region 0: obs=2.841, exp=2.240, diff=+0.601 *
Region 1: obs=1.565, exp=2.240, diff=-0.675 *
Region 2: obs=1.990, exp=2.240, diff=-0.250 
Region 3: obs=1.966, exp=2.240, diff=-0.274 
Region 4: obs=1.810, exp=2.240, diff=-0.430 
Region 5: obs=2.174, exp=2.240, diff=-0.066 
Region 6: obs=2.725, exp=2.240, diff=+0.485 
Region 7: obs=2.525, exp=2.240, diff=+0.285 
Region 8: obs=1.995, exp=2.240, diff=-0.245 
Region 9: obs=2.544, exp=2.240, diff=+0.304 
Region 10: obs=2.746, exp=2.240, diff=+0.506 *
Region 11: obs=2.806, exp=2.240, diff=+0.566 *
Region 12: obs=2.761, exp=2.240, diff=+0.521 *
Region 13: obs=1.988, exp=2.240, diff=-0.252 
Region 14: obs=3.338, exp=2.240, diff=+1.098 *
Region 15: obs=2.687, exp=2.240, diff=+0.447 
Region 16: obs=2.516, exp=2.240, diff=+0.276 
Region 17: obs=2.120, exp=2.240, diff=-0.120 
Region 18: obs=1.801, exp=2.240, diff=-0.439 
Region 19: obs=1.838, exp=2.240, diff=-0.402 
Region 20: obs=1.659, exp=2.240, diff=-0.582 *
Region 21: obs=0.000, exp=2.240, diff=-2.240 *
Region 22: obs=1.923, exp=2.240, diff=-0.317 

[Gene CN Results]
  CYP2D6: 2.24 → 2.240022897720337

=== CYP2D6 Fusion Template CN Estimation ===

Using CN configs: ['1', '68.001', '141.1001']

Region coverage:
  up: 2.8
  utr5: 1.6
  e1: 2.0
  i1: 2.0
  e2: 1.8
  i2: 2.2
  e3: 2.7
  i3: 2.5
  e4: 2.0
  i4: 2.5
  e5: 2.7
  i5: 2.8
  e6: 2.8
  i6: 2.0
  e7: 3.3
  i7: 2.7
  e8: 2.5
  i8: 2.1
  e9: 1.8
  utr3: 1.8
  ins: 1.7
  pce: 0.0
  rep: 1.9
  e1_2d7: 0.0
  e2_2d7: 0.7
  e3_2d7: 0.8
  e5_2d7: 0.0
  e6_2d7: 0.0
  e9_2d7: 0.5
  pce_2d7: 0.0

CN configs: ['1', '68.001', '141.1001']
PCE contributions: {'1': tensor(0.), '68.001': tensor(1.), '141.1001': tensor(1.)}
Gene CN: 2.24 → required total: 2
Respect gene CN constraint: True
Enumerating configurations that sum to 2...
Evaluated 6 configurations

Top 5 configurations:
  1. loss=5.25: 1:2
  2. loss=8.47: 1:1, 141.1001:1
  3. loss=22.18: 141.1001:2
  4. loss=28.14: 1:1, 68.001:1
  5. loss=41.85: 68.001:1, 141.1001:1

Best CN assignment (loss=5.25):
  1: 2
  Total: 2

Fit comparison:
  up: obs=2.8, exp=2.0, diff=+0.8
  utr5: obs=1.6, exp=2.0, diff=-0.4
  e1: obs=2.0, exp=2.0, diff=-0.0
  i1: obs=2.0, exp=2.0, diff=-0.0
  e2: obs=1.8, exp=2.0, diff=-0.2
  i2: obs=2.2, exp=2.0, diff=+0.2
  e3: obs=2.7, exp=2.0, diff=+0.7
  i3: obs=2.5, exp=2.0, diff=+0.5
  e4: obs=2.0, exp=2.0, diff=-0.0
  i4: obs=2.5, exp=2.0, diff=+0.5
  e5: obs=2.7, exp=2.0, diff=+0.7
  i5: obs=2.8, exp=2.0, diff=+0.8
  e6: obs=2.8, exp=2.0, diff=+0.8
  i6: obs=2.0, exp=2.0, diff=-0.0
  e7: obs=3.3, exp=2.0, diff=+1.3
  i7: obs=2.7, exp=2.0, diff=+0.7
  e8: obs=2.5, exp=2.0, diff=+0.5
  i8: obs=2.1, exp=2.0, diff=+0.1
  e9: obs=1.8, exp=2.0, diff=-0.2
  utr3: obs=1.8, exp=2.0, diff=-0.2
  ins: obs=1.7, exp=2.0, diff=-0.3
  pce: obs=0.0, exp=0.0, diff=+0.0
  rep: obs=1.9, exp=2.0, diff=-0.1
  e1_2d7: obs=0.0, exp=0.0, diff=+0.0
  e2_2d7: obs=0.7, exp=0.0, diff=+0.7
  e3_2d7: obs=0.8, exp=0.0, diff=+0.8
  e5_2d7: obs=0.0, exp=0.0, diff=+0.0
  e6_2d7: obs=0.0, exp=0.0, diff=+0.0
  e9_2d7: obs=0.5, exp=0.0, diff=+0.5
  pce_2d7: obs=0.0, exp=0.0, diff=+0.0

[Selected CN Configs] 1:2
  Total CYP2D6 CN: 2

[Filtering alleles by cn_config]

Kept alleles by cn_config:
  1: 4 major alleles
    *1.001, *2.001, *34.001, *39.001

  Filtered: 5 alleles
  Kept: 81 alleles

[Updating N variant counts for deleted regions]
  Total updated: 0 positions

[Rebuilding allele vectors for fusion cn_configs]
Using device: cuda

=== Running VAE with seed 42 ===
Global Pooled JS: 0.074255
Seed 42, Step    0: Loss = 2541.34 (Recon: 1996.84, Allele KL: 312.04, Base KL: 149023.12, Functional KL: 0.07
Global Pooled JS: 0.100146
Seed 42, Step  500: Loss = 878.47 (Recon: 729.57, Allele KL: 54.76, Base KL: 35156.66, Functional KL: 0.10
Global Pooled JS: 0.108305
Seed 42, Step 1000: Loss = 879.71 (Recon: 726.77, Allele KL: 61.95, Base KL: 35518.19, Functional KL: 0.11
Global Pooled JS: 0.106514
Seed 42, Step 1500: Loss = 877.72 (Recon: 731.70, Allele KL: 48.38, Base KL: 35866.77, Functional KL: 0.11
Global Pooled JS: 0.107217
Seed 42, Step 2000: Loss = 877.61 (Recon: 725.53, Allele KL: 61.95, Base KL: 35843.84, Functional KL: 0.11
Global Pooled JS: 0.090726
Seed 42, Step 2500: Loss = 883.21 (Recon: 735.66, Allele KL: 49.90, Base KL: 35278.73, Functional KL: 0.09

Top Variants with Coverage Mismatches:
Rank   Variant                        Expected     Observed     Diff       |Div|       
------------------------------------------------------------------------------------------
1      CYP2D6:42525131→G              26.14        0.00         26.14      0.062560     ⚠️HALLUC
2      CYP2D6:42525131→C              22.13        56.00        -33.87     0.023833    
3      CYP2D6:42522612→G              25.08        14.00        11.08      0.006073    
4      CYP2D6:42523942→G              22.30        31.00        -8.70      0.001932    
5      CYP2D6:42522612→M              0.18         0.00         0.18       0.000432    
6      CYP2D6:42522612→P              0.18         0.00         0.18       0.000432    
7      CYP2D6:42522612→N              0.18         0.00         0.18       0.000427    
8      CYP2D6:42522612→T              0.17         0.00         0.17       0.000417    
9      CYP2D6:42522612→A              0.17         0.00         0.17       0.000417    
10     CYP2D6:42523942→T              0.17         0.00         0.17       0.000401    
11     CYP2D6:42523942→C              0.17         0.00         0.17       0.000396    
12     CYP2D6:42523942→P              0.17         0.00         0.17       0.000396    
13     CYP2D6:42523942→M              0.17         0.00         0.17       0.000396    
14     CYP2D6:42523942→N              0.16         0.00         0.16       0.000384    
15     CYP2D6:42522612→C              22.30        23.00        -0.70      0.000000    
16     CYP2D6:42523942→A              25.15        26.00        -0.85      0.000000    
17     CYP2D6:42525131→A              0.00         0.00         0.00       0.000000    
18     CYP2D6:42525131→M              0.00         0.00         0.00       0.000000    
19     CYP2D6:42525131→N              0.00         0.00         0.00       0.000000    
20     CYP2D6:42525131→P              0.00         0.00         0.00       0.000000    
21     CYP2D6:42525131→T              0.00         0.00         0.00       0.000000    
New best model with final loss: 878.10

=== Running VAE with seed 123 ===
Global Pooled JS: 0.051928
Seed 123, Step    0: Loss = 2648.56 (Recon: 1833.80, Allele KL: 319.10, Base KL: 397704.62, Functional KL: 0.05
Global Pooled JS: 0.110445
Seed 123, Step  500: Loss = 880.22 (Recon: 731.79, Allele KL: 51.01, Base KL: 36437.63, Functional KL: 0.11
Global Pooled JS: 0.094311
Seed 123, Step 1000: Loss = 875.10 (Recon: 725.03, Allele KL: 60.33, Base KL: 35641.69, Functional KL: 0.09
Global Pooled JS: 0.095170
Seed 123, Step 1500: Loss = 878.43 (Recon: 726.19, Allele KL: 62.21, Base KL: 36095.58, Functional KL: 0.10
Global Pooled JS: 0.099063
Seed 123, Step 2000: Loss = 874.28 (Recon: 728.08, Allele KL: 52.06, Base KL: 35671.09, Functional KL: 0.10
Global Pooled JS: 0.097210
Seed 123, Step 2500: Loss = 875.41 (Recon: 728.83, Allele KL: 52.21, Base KL: 36422.92, Functional KL: 0.10

Top Variants with Coverage Mismatches:
Rank   Variant                        Expected     Observed     Diff       |Div|       
------------------------------------------------------------------------------------------
1      CYP2D6:42525131→G              27.50        0.00         27.50      0.065804     ⚠️HALLUC
2      CYP2D6:42525131→C              20.78        56.00        -35.22     0.026479    
3      CYP2D6:42522612→G              26.36        14.00        12.36      0.007274    
4      CYP2D6:42523942→G              20.96        31.00        -10.04     0.002741    
5      CYP2D6:42522612→N              0.19         0.00         0.19       0.000458    
6      CYP2D6:42522612→T              0.19         0.00         0.19       0.000454    
7      CYP2D6:42522612→P              0.19         0.00         0.19       0.000454    
8      CYP2D6:42522612→M              0.19         0.00         0.19       0.000452    
9      CYP2D6:42522612→A              0.18         0.00         0.18       0.000441    
10     CYP2D6:42523942→M              0.18         0.00         0.18       0.000423    
11     CYP2D6:42523942→P              0.18         0.00         0.18       0.000420    
12     CYP2D6:42523942→C              0.17         0.00         0.17       0.000418    
13     CYP2D6:42523942→N              0.17         0.00         0.17       0.000416    
14     CYP2D6:42523942→T              0.17         0.00         0.17       0.000413    
15     CYP2D6:42522612→C              20.96        23.00        -2.04      0.000062    
16     CYP2D6:42523942→A              26.43        26.00        0.43       0.000060    
17     CYP2D6:42525131→A              0.00         0.00         0.00       0.000000    
18     CYP2D6:42525131→M              0.00         0.00         0.00       0.000000    
19     CYP2D6:42525131→N              0.00         0.00         0.00       0.000000    
20     CYP2D6:42525131→P              0.00         0.00         0.00       0.000000    
21     CYP2D6:42525131→T              0.00         0.00         0.00       0.000000    

=== Running VAE with seed 456 ===
Global Pooled JS: 0.037619
Seed 456, Step    0: Loss = 2113.04 (Recon: 1490.39, Allele KL: 390.20, Base KL: 160359.23, Functional KL: 0.04
Global Pooled JS: 0.099070
Seed 456, Step  500: Loss = 909.45 (Recon: 754.07, Allele KL: 67.73, Base KL: 35946.29, Functional KL: 0.10
Global Pooled JS: 0.096103
Seed 456, Step 1000: Loss = 902.56 (Recon: 757.57, Allele KL: 51.07, Base KL: 36216.42, Functional KL: 0.10
Global Pooled JS: 0.096547
Seed 456, Step 1500: Loss = 906.33 (Recon: 757.87, Allele KL: 54.23, Base KL: 35934.79, Functional KL: 0.10
Global Pooled JS: 0.084091
Seed 456, Step 2000: Loss = 911.05 (Recon: 764.09, Allele KL: 49.70, Base KL: 35503.84, Functional KL: 0.08
Global Pooled JS: 0.092150
Seed 456, Step 2500: Loss = 909.90 (Recon: 762.27, Allele KL: 46.16, Base KL: 36064.66, Functional KL: 0.09

Top Variants with Coverage Mismatches:
Rank   Variant                        Expected     Observed     Diff       |Div|       
------------------------------------------------------------------------------------------
1      CYP2D6:42525131→G              25.88        0.00         25.88      0.061947     ⚠️HALLUC
2      CYP2D6:42525131→C              22.39        56.00        -33.61     0.023356    
3      CYP2D6:42522612→G              24.80        14.00        10.80      0.005822    
4      CYP2D6:42523942→G              22.57        31.00        -8.43      0.001788    
5      CYP2D6:42522612→M              0.19         0.00         0.19       0.000448    
6      CYP2D6:42522612→A              0.18         0.00         0.18       0.000441    
7      CYP2D6:42522612→N              0.18         0.00         0.18       0.000439    
8      CYP2D6:42522612→P              0.18         0.00         0.18       0.000431    
9      CYP2D6:42522612→T              0.18         0.00         0.18       0.000430    
10     CYP2D6:42523942→M              0.16         0.00         0.16       0.000394    
11     CYP2D6:42523942→N              0.16         0.00         0.16       0.000383    
12     CYP2D6:42523942→C              0.16         0.00         0.16       0.000382    
13     CYP2D6:42523942→P              0.16         0.00         0.16       0.000380    
14     CYP2D6:42523942→T              0.16         0.00         0.16       0.000378    
15     CYP2D6:42522612→C              22.56        23.00        -0.44      0.000005    
16     CYP2D6:42523942→A              24.90        26.00        -1.10      0.000001    
17     CYP2D6:42525131→A              0.00         0.00         0.00       0.000000    
18     CYP2D6:42525131→M              0.00         0.00         0.00       0.000000    
19     CYP2D6:42525131→N              0.00         0.00         0.00       0.000000    
20     CYP2D6:42525131→P              0.00         0.00         0.00       0.000000    
21     CYP2D6:42525131→T              0.00         0.00         0.00       0.000000    

=== Multi-Seed VAE Results ===
Best model had seed 42 with final loss: 878.10
All seeds final losses:
  Seed 42: Total=878.10 (Recon=727.50, A_KL=58.01, B_KL=35797.12) <- Best
  Seed 123: Total=881.55 (Recon=731.25, A_KL=61.86, B_KL=35635.80)
  Seed 456: Total=903.29 (Recon=757.29, A_KL=53.91, B_KL=35511.98)
[time] run_vae took 157.70s (2,670.92578125 MB; 2,784.3671875 MB)

[Raw]:
CYP2D6*2: Normalized=0.5413, Unnormalized=0.54
CYP2D6*1: Normalized=0.4579, Unnormalized=0.46

Allocating by cn_config:

[Alleles]
CYP2D6*2
CYP2D6*1
	Command being timed: "python cyp.py CYP2D6 /project/shared/aldy-data/wgs/NA20296.wgs.cram"
	User time (seconds): 153.44
	System time (seconds): 25.04
	Percent of CPU this job got: 103%
	Elapsed (wall clock) time (h:mm:ss or m:ss): 2:52.52
	Average shared text size (kbytes): 0
	Average unshared data size (kbytes): 0
	Average stack size (kbytes): 0
	Average total size (kbytes): 0
	Maximum resident set size (kbytes): 2851192
	Average resident set size (kbytes): 0
	Major (requiring I/O) page faults: 0
	Minor (reclaiming a frame) page faults: 832116
	Voluntary context switches: 25299
	Involuntary context switches: 4350
	Swaps: 0
	File system inputs: 0
	File system outputs: 80
	Socket messages sent: 0
	Socket messages received: 0
	Signals delivered: 0
	Page size (bytes): 4096
	Exit status: 0
